Logging to file /mta_fs/UserFiles/37258710/amosbatch/2025-10-07_11-07-01_53697/CS0AL.log
                        __  __  ____   _____
                  /\   |  \/  |/ __ \ / ____|
                 /  \  | \  / | |  | | (___  
                / /\ \ | |\/| | |  | |\___ \ 
               / ____ \| |  | | |__| |____) |
              /_/    \_\_|  |_|\____/|_____/
              OSS Framework for MoShell-25.0h 
  Copyright (c) Ericsson AB 2001-2025 - All Rights Reserved
              
           
[1;31mWARNING: [0mthe AMOS version currently running is more than 22 weeks old and is unsupported.
Please upgrade as soon as possible to the latest released version, available from your local Ericsson support.

$amosrb_pid = 656092

Checking ip contact...OK

HELP MENU            : h
BASIC MO COMMANDS    : m
OTHER MO COMMANDS    : n
OTHER COMMANDS       : o
PM COMMANDS          : p
QUIT                 : q

CS0AL> lt all

251007-11:10:14+0200 19.31.2.166 25.0h  stopfile=/tmp/655652
Looking up temporary_amos account... OK.
Trying temporary_amos_t20251007_37258710_53697_313's password from amos lookupAccount ... OK

$ssh_pid = 657475

Connected to 19.31.2.166 (SubNetwork=BBMM_rckomc_R,MeContext=CS0AL,ManagedElement=CS0AL)

Checking MOM version...MSRBS_NODE_MODEL_25.Q1_693.28324.131_62ac
Parsing MOM (cached): /ericsson/log/amos/moshell_logfiles/t20251007_37258710_53697/logs_moshell/tempfiles/scp-2-amos_20251007-111006_655516/MSRBS_NODE_MODEL_25.Q1_693.28324.131_62ac.xml.cache.gz ..................................................................................................................................................................................................................................Done.
Using paramfile /opt/ericsson/amos/moshell/commonjars/pm/PARAM_MSRBS_25.Q1.txt
Parsing file /opt/ericsson/amos/moshell/commonjars/pm/PARAM_MSRBS_25.Q1.txt .......................................................................................Done.
Using imomdfile /opt/ericsson/amos/moshell/commonjars/pm/IMOMD_MSRBS_22.Q4.txt
Using imomfile /opt/ericsson/amos/moshell/commonjars/pm/IMOM_MSRBS_25.Q1.txt
Connected to 19.31.2.166 (SubNetwork=BBMM_rckomc_R,MeContext=CS0AL,ManagedElement=CS0AL)

Last MO: 16797. Loaded 16797 MOs. Total: 16798 MOs.

CS0AL> hget EUtranCellFDD ^cellid

251007-11:10:27+0200 19.31.2.166 25.0h MSRBS_NODE_MODEL_25.Q1_693.28324.131_62ac stopfile=/tmp/655652

=================================================================================================================
MO                   cellId
=================================================================================================================
EUtranCellFDD=CS0AL1 21    
EUtranCellFDD=CS0AL2 22    
=================================================================================================================
Total: 2 MOs

Added 2 MOs to group: hget_group

CS0AL> hget NbIotCell ^cellid

251007-11:10:28+0200 19.31.2.166 25.0h MSRBS_NODE_MODEL_25.Q1_693.28324.131_62ac stopfile=/tmp/655652
Total: 0 MOs

CS0AL> hget NRCellDU ^cellLocalId

251007-11:10:28+0200 19.31.2.166 25.0h MSRBS_NODE_MODEL_25.Q1_693.28324.131_62ac stopfile=/tmp/655652
Total: 0 MOs

CS0AL> lgdc -m 30d

251007-11:10:28+0200 19.31.2.166 25.0h MSRBS_NODE_MODEL_25.Q1_693.28324.131_62ac stopfile=/tmp/655652

Startdate=20250907.091028, Enddate=20251008.091028
INFO: Using amos lookupAccount credentials for the export login

Executing action LogM.exportAvailabilityLog()
...LogM=1,exportAvailabilityLog    actionId=39609
...
=================================================================================================================
MO     actionId result      resultInfo
=================================================================================================================
LogM=1 39609    1 (SUCCESS)           
cp /ericsson/log/amos/moshell_logfiles/t20251007_37258710_53697/logs_moshell/tempfiles/scp-2-amos_20251007-111006_655516/rcslogs/RBS_CS_AVAILABILITY_LOG_20251007091030.xml /ericsson/log/amos/moshell_logfiles/t20251007_37258710_53697/logs_moshell/tempfiles/scp-2-amos_20251007-111006_655516/availabilityLog655652.xml
Parsing availabilityLog....Done.
.
Date;Time;RestartType;SwVersion;SwRelease;RCSDowntime;ApplicationDowntime;TNDowntime;RATsDowntime;ExtraInfo;ExtraInfo2
2025-09-08;04:53:02;PartialOutage(Manual);50% Lrat Cell 22; ();10s;;;;;
2025-09-08;04:53:20;PartialOutage(Manual);50% Lrat Cell 21; ();9s;;;;;
2025-09-09;14:32:08;PartialOutage(System);100% Lrat Cell 21 22; ();12s;;;;;
2025-09-09;14:32:20;PartialOutage(System);100% Lrat Cell 22; ();1s;;;;;
2025-09-11;06:38:38;PartialOutage(Transmission);100% Lrat Cell 21 22; ();38s;;;;;
2025-09-11;06:39:16;PartialOutage(Transmission);100% Lrat Cell 22; ();1s;;;;;
2025-09-11;06:40:07;PartialOutage(Transmission);100% Lrat Cell 21 22; ();370s (6m10s);;;;;
2025-10-01;06:56:25;SpontaneousCold(Other:PowerReset);; ();;12599s (3h29m);;L=12607s G=12599s ;Requested: RankCold Other PowerReset Performed: RankCold Other PowerReset;Grat GRAT Traffic Control active, Lrat LRAT Traffic Control active
2025-10-01;10:29:55;PartialOutage(System);100% Lrat Cell 21 22; ();14s;;;;;
2025-10-01;10:30:09;PartialOutage(System);100% Lrat Cell 22; ();1s;;;;;
2025-10-05;15:57:17;PartialOutage(Transmission);100% Lrat Cell 21 22; ();244s (4m4s);;;;;
2025-10-05;16:01:21;PartialOutage(Transmission);100% Lrat Cell 21; ();1s;;;;;

Node uptime since last restart: 513852 seconds (5 days, 22 hours, 44 minutes, 12 seconds)
------------------------------------------------------------------------------------------------------
Period=30 days       NodeUpgrade      NodeManual       NodeSpontaneous  AllNodeRestarts  PartialOutages  
------------------------------------------------------------------------------------------------------
Number Of outages    0                0                1                1                11              
Total downtime       0s               0s               12599s (3h29m)   12599s (3h29m)   701s (11m41s)   
Downtime per day     0s               0s               420s (7m0s)      420s (7m0s)      23s             
Downtime per outage  0s               0s               12599s (3h29m)   12599s (3h29m)   64s (1m4s)      

CS0AL> lgac -m 30d

251007-11:10:36+0200 19.31.2.166 25.0h MSRBS_NODE_MODEL_25.Q1_693.28324.131_62ac stopfile=/tmp/655652

Startdate=20250907.091037, Enddate=20251008.091037
Date;Time;Log;Severity;Object;Event;Cause;AdditionalText;AckState;Id;NotificationId;CorrelatedAlarms
Executing action Log.export()
..
Log=AlarmLog                    actionId=39610
...
=================================================================================================================
MO                  actionId result      resultInfo
=================================================================================================================
LogM=1,Log=AlarmLog 39610    1 (SUCCESS)           
cat  /ericsson/log/amos/moshell_logfiles/t20251007_37258710_53697/logs_moshell/tempfiles/scp-2-amos_20251007-111006_655516/rcslogs/saLogAlarm_20240321__073930_20250224__233743.log /ericsson/log/amos/moshell_logfiles/t20251007_37258710_53697/logs_moshell/tempfiles/scp-2-amos_20251007-111006_655516/rcslogs/saLogAlarm_20250224__233743.log > /ericsson/log/amos/moshell_logfiles/t20251007_37258710_53697/logs_moshell/tempfiles/scp-2-amos_20251007-111006_655516/alarmLog655652.xml
2025-09-08;22:33:59;AL  ;Minor ;EUtraNetwork=1,ExternalENodeBFunction=2221-213157;Inter Node Feature Incompatibility;Elastic RAN feature is not activated in remote eNodeB
2025-09-08;23:36:34;AL  ;Cleared;EUtraNetwork=1,ExternalENodeBFunction=2221-213157;Inter Node Feature Incompatibility;Elastic RAN feature is not activated in remote eNodeB
2025-09-09;13:49:02;AL  ;Warning;ENodeBFunction=1;PLMN Service Redundancy Lost;S1 connection failure for PLMN connected with link represented by MO listed in Additional Information. AI: PLMN = ["2221"],DN1=ManagedElement=1,ENodeBFunction=1,TermPointToMme=5,
2025-09-09;13:49:32;AL  ;Cleared;ENodeBFunction=1;PLMN Service Redundancy Lost;S1 connection failure for PLMN connected with link represented by MO listed in Additional Information. AI: PLMN = ["2221"],DN1=ManagedElement=1,ENodeBFunction=1,TermPointToMme=5,
2025-09-09;14:31:56;AL  ;Minor ;ENodeBFunction=1;Sync Time and Phase Accuracy Too Low;Time and phase sync accuracy crossed the threshold for features interworking with NR.
2025-09-09;14:31:56;AL  ;Minor ;EUtranCellFDD=CS0AL1;Service Degraded;This is a secondary alarm, use alarm correlation information in Additional Information to find primary alarm.
2025-09-09;14:31:56;AL  ;Minor ;EUtranCellFDD=CS0AL2;Service Degraded;This is a secondary alarm, use alarm correlation information in Additional Information to find primary alarm.
2025-09-09;14:32:08;AL  ;Cleared;EUtranCellFDD=CS0AL1;Service Degraded;This is a secondary alarm, use alarm correlation information in Additional Information to find primary alarm.
2025-09-09;14:32:08;AL  ;Cleared;EUtranCellFDD=CS0AL2;Service Degraded;This is a secondary alarm, use alarm correlation information in Additional Information to find primary alarm.
2025-09-09;14:32:08;AL  ;Cleared;ENodeBFunction=1;Sync Time and Phase Accuracy Too Low;Time and phase sync accuracy crossed the threshold for features interworking with NR.
2025-09-09;14:47:14;AL  ;Minor ;EUtraNetwork=1,ExternalENodeBFunction=2221-650784;Inter Node Carrier Aggregation Service Unavailable;Elastic RAN tunnel link latency exceeds maximum allowed value.
2025-09-09;14:48:14;AL  ;Cleared;EUtraNetwork=1,ExternalENodeBFunction=2221-650784;Inter Node Carrier Aggregation Service Unavailable;Elastic RAN tunnel link latency exceeds maximum allowed value.
2025-09-11;06:13:39;AL  ;Minor ;ENodeBFunction=1;External Link Failure;X2 link problem to one or several neighbouring eNodeBs. AI: PLMN ID-eNB ID 1 = 2221-209523
2025-09-11;06:27:56;AL  ;Minor ;ENodeBFunction=1;External Link Failure;X2 link problem to one or several neighbouring eNodeBs. AI: PLMN ID-eNB ID 1 = 2221-209523 PLMN ID-eNB ID 2 = 2221-650497
2025-09-11;06:38:33;AL  ;Warning;ENodeBFunction=1;PLMN Service Redundancy Lost;S1 connection failure for PLMN connected with link represented by MO listed in Additional Information. AI: PLMN = ["2221"],DN1=ManagedElement=1,ENodeBFunction=1,TermPointToMme=5,DN2=ManagedElement=1,ENodeBFunction=1,TermPointToMme=4,
2025-09-11;06:38:38;AL  ;Cleared;ENodeBFunction=1;PLMN Service Redundancy Lost;S1 connection failure for PLMN connected with link represented by MO listed in Additional Information. AI: PLMN = ["2221"],DN1=ManagedElement=1,ENodeBFunction=1,TermPointToMme=5,DN2=ManagedElement=1,ENodeBFunction=1,TermPointToMme=4,DN3=ManagedElement=1,ENodeBFunction=1,TermPointToMme=3,DN4=ManagedElement=1,ENodeBFunction=1,TermPointToMme=1,
2025-09-11;06:38:38;AL  ;Minor ;ENodeBFunction=1;PLMN Service Unavailable;S1 Connection Failure for PLMNs listed in Additional Information. AI: PLMN = ["2221"],
2025-09-11;06:38:38;AL  ;Major ;EUtranCellFDD=CS0AL2;Service Unavailable;This is a secondary alarm, use alarm correlation information in Additional Information to find primary alarm.
2025-09-11;06:38:38;AL  ;Major ;EUtranCellFDD=CS0AL1;Service Unavailable;This is a secondary alarm, use alarm correlation information in Additional Information to find primary alarm.
2025-09-11;06:38:38;AL  ;Cleared;EUtraNetwork=1,ExternalENodeBFunction=2221-650186;Inter Node Feature Incompatibility;Elastic RAN feature is not activated in remote eNodeB
2025-09-11;06:39:14;AL  ;Warning;ENodeBFunction=1;PLMN Service Redundancy Lost;S1 connection failure for PLMN connected with link represented by MO listed in Additional Information. AI: PLMN = ["2221"],DN1=ManagedElement=1,ENodeBFunction=1,TermPointToMme=5,DN2=ManagedElement=1,ENodeBFunction=1,TermPointToMme=4,
2025-09-11;06:39:15;AL  ;Cleared;ENodeBFunction=1;PLMN Service Unavailable;S1 Connection Failure for PLMNs listed in Additional Information. AI: PLMN = ["2221"],
2025-09-11;06:39:15;AL  ;Cleared;EUtranCellFDD=CS0AL2;Service Unavailable;This is a secondary alarm, use alarm correlation information in Additional Information to find primary alarm.
2025-09-11;06:39:15;AL  ;Cleared;EUtranCellFDD=CS0AL1;Service Unavailable;This is a secondary alarm, use alarm correlation information in Additional Information to find primary alarm.
2025-09-11;06:39:41;AL  ;Cleared;ENodeBFunction=1;PLMN Service Redundancy Lost;S1 connection failure for PLMN connected with link represented by MO listed in Additional Information. AI: PLMN = ["2221"],DN1=ManagedElement=1,ENodeBFunction=1,TermPointToMme=5,
2025-09-11;06:40:00;AL  ;Warning;ENodeBFunction=1;PLMN Service Redundancy Lost;S1 connection failure for PLMN connected with link represented by MO listed in Additional Information. AI: PLMN = ["2221"],DN1=ManagedElement=1,ENodeBFunction=1,TermPointToMme=5,DN2=ManagedElement=1,ENodeBFunction=1,TermPointToMme=3,DN3=ManagedElement=1,ENodeBFunction=1,TermPointToMme=2,DN4=ManagedElement=1,ENodeBFunction=1,TermPointToMme=1,
2025-09-11;06:40:07;AL  ;Cleared;ENodeBFunction=1;PLMN Service Redundancy Lost;S1 connection failure for PLMN connected with link represented by MO listed in Additional Information. AI: PLMN = ["2221"],DN1=ManagedElement=1,ENodeBFunction=1,TermPointToMme=5,DN2=ManagedElement=1,ENodeBFunction=1,TermPointToMme=3,DN3=ManagedElement=1,ENodeBFunction=1,TermPointToMme=2,DN4=ManagedElement=1,ENodeBFunction=1,TermPointToMme=1,
2025-09-11;06:40:07;AL  ;Minor ;ENodeBFunction=1;PLMN Service Unavailable;S1 Connection Failure for PLMNs listed in Additional Information. AI: PLMN = ["2221"],
2025-09-11;06:40:07;AL  ;Major ;EUtranCellFDD=CS0AL2;Service Unavailable;This is a secondary alarm, use alarm correlation information in Additional Information to find primary alarm.
2025-09-11;06:40:07;AL  ;Major ;EUtranCellFDD=CS0AL1;Service Unavailable;This is a secondary alarm, use alarm correlation information in Additional Information to find primary alarm.
2025-09-11;06:40:27;AL  ;Major ;Synchronization=1,RadioEquipmentClock=1,RadioEquipmentClockReference=PTP8275_2;Sync PTP Time Reachability Fault;No PTP messages
2025-09-11;06:41:08;AL  ;Major ;GsmSector=CS0AD2,AbisIp=1;BSC Connection Failure;Connection timeout, there is no connection towards the BSC for the GSM Sector.
2025-09-11;06:41:09;AL  ;Major ;GsmSector=CS0AD1,AbisIp=1;BSC Connection Failure;Connection timeout, there is no connection towards the BSC for the GSM Sector.
2025-09-11;06:46:15;AL  ;Warning;ENodeBFunction=1;PLMN Service Redundancy Lost;S1 connection failure for PLMN connected with link represented by MO listed in Additional Information. AI: PLMN = ["2221"],DN1=ManagedElement=1,ENodeBFunction=1,TermPointToMme=5,DN2=ManagedElement=1,ENodeBFunction=1,TermPointToMme=3,DN3=ManagedElement=1,ENodeBFunction=1,TermPointToMme=2,DN4=ManagedElement=1,ENodeBFunction=1,TermPointToMme=1,
2025-09-11;06:46:15;AL  ;Cleared;ENodeBFunction=1;PLMN Service Unavailable;S1 Connection Failure for PLMNs listed in Additional Information. AI: PLMN = ["2221"],
2025-09-11;06:46:15;AL  ;Cleared;EUtranCellFDD=CS0AL2;Service Unavailable;This is a secondary alarm, use alarm correlation information in Additional Information to find primary alarm.
2025-09-11;06:46:15;AL  ;Cleared;EUtranCellFDD=CS0AL1;Service Unavailable;This is a secondary alarm, use alarm correlation information in Additional Information to find primary alarm.
2025-09-11;06:46:18;AL  ;Cleared;GsmSector=CS0AD2,AbisIp=1;BSC Connection Failure;Connection timeout, there is no connection towards the BSC for the GSM Sector.
2025-09-11;06:46:18;AL  ;Cleared;GsmSector=CS0AD1,AbisIp=1;BSC Connection Failure;Connection timeout, there is no connection towards the BSC for the GSM Sector.
2025-09-11;06:46:41;AL  ;Cleared;ENodeBFunction=1;PLMN Service Redundancy Lost;S1 connection failure for PLMN connected with link represented by MO listed in Additional Information. AI: PLMN = ["2221"],DN1=ManagedElement=1,ENodeBFunction=1,TermPointToMme=2,
2025-09-11;06:48:16;AL  ;Cleared;Synchronization=1,RadioEquipmentClock=1,RadioEquipmentClockReference=PTP8275_2;Sync PTP Time Reachability Fault;No PTP messages
2025-09-11;06:54:41;AL  ;Minor ;ENodeBFunction=1;External Link Failure;X2 link problem to one or several neighbouring eNodeBs. AI: PLMN ID-eNB ID 1 = 2221-209523 PLMN ID-eNB ID 2 = 2221-650497 PLMN ID-eNB ID 3 = 2221-650066 PLMN ID-eNB ID 4 = 2221-650242 PLMN ID-eNB ID 5 = 2221-208897
2025-09-11;06:57:06;AL  ;Minor ;ENodeBFunction=1;External Link Failure;X2 link problem to one or several neighbouring eNodeBs. AI: PLMN ID-eNB ID 1 = 2221-209523 PLMN ID-eNB ID 2 = 2221-650066 PLMN ID-eNB ID 3 = 2221-650242 PLMN ID-eNB ID 4 = 2221-208897
2025-09-11;07:15:28;AL  ;Minor ;ENodeBFunction=1;External Link Failure;X2 link problem to one or several neighbouring eNodeBs. AI: PLMN ID-eNB ID 1 = 2221-650242 PLMN ID-eNB ID 2 = 2221-208897
2025-09-11;07:45:53;AL  ;Minor ;ENodeBFunction=1;External Link Failure;X2 link problem to one or several neighbouring eNodeBs. AI: PLMN ID-eNB ID 1 = 2221-650242
2025-09-11;07:46:26;AL  ;Cleared;ENodeBFunction=1;External Link Failure;X2 link problem to one or several neighbouring eNodeBs. AI: PLMN ID-eNB ID 1 = 2221-650242
2025-09-11;21:48:59;AL  ;Minor ;EUtraNetwork=1,ExternalENodeBFunction=2221-650186;Inter Node Feature Incompatibility;Elastic RAN feature is not activated in remote eNodeB
2025-09-15;13:32:00;AL  ;Minor ;ENodeBFunction=1;External Link Failure;X2 link problem to one or several neighbouring eNodeBs. AI: PLMN ID-eNB ID 1 = 2221-211078
2025-09-15;15:39:39;AL  ;Cleared;ENodeBFunction=1;External Link Failure;X2 link problem to one or several neighbouring eNodeBs. AI: PLMN ID-eNB ID 1 = 2221-211078
2025-09-16;09:56:10;AL  ;Warning;ENodeBFunction=1;PLMN Service Redundancy Lost;S1 connection failure for PLMN connected with link represented by MO listed in Additional Information. AI: PLMN = ["2221"],DN1=ManagedElement=1,ENodeBFunction=1,TermPointToMme=5,
2025-09-16;09:56:41;AL  ;Cleared;ENodeBFunction=1;PLMN Service Redundancy Lost;S1 connection failure for PLMN connected with link represented by MO listed in Additional Information. AI: PLMN = ["2221"],DN1=ManagedElement=1,ENodeBFunction=1,TermPointToMme=5,
2025-09-16;10:04:48;AL  ;Warning;ENodeBFunction=1;PLMN Service Redundancy Lost;S1 connection failure for PLMN connected with link represented by MO listed in Additional Information. AI: PLMN = ["2221"],DN1=ManagedElement=1,ENodeBFunction=1,TermPointToMme=5,
2025-09-16;10:06:18;AL  ;Cleared;ENodeBFunction=1;PLMN Service Redundancy Lost;S1 connection failure for PLMN connected with link represented by MO listed in Additional Information. AI: PLMN = ["2221"],DN1=ManagedElement=1,ENodeBFunction=1,TermPointToMme=5,
2025-09-24;15:21:16;AL  ;Minor ;ENodeBFunction=1;External Link Failure;X2 link problem to one or several neighbouring eNodeBs. AI: PLMN ID-eNB ID 1 = 2221-211115
2025-09-25;12:14:00;AL  ;Cleared;ENodeBFunction=1;External Link Failure;X2 link problem to one or several neighbouring eNodeBs. AI: PLMN ID-eNB ID 1 = 2221-211115
2025-09-26;13:27:42;AL  ;Minor ;ENodeBFunction=1;External Link Failure;X2 link problem to one or several neighbouring eNodeBs. AI: PLMN ID-eNB ID 1 = 2221-204753 PLMN ID-eNB ID 2 = 2221-204754
2025-09-26;18:48:09;AL  ;Cleared;ENodeBFunction=1;External Link Failure;X2 link problem to one or several neighbouring eNodeBs. AI: PLMN ID-eNB ID 1 = 2221-204753 PLMN ID-eNB ID 2 = 2221-204754
2025-09-30;08:45:33;AL  ;Warning;ENodeBFunction=1;PLMN Service Redundancy Lost;S1 connection failure for PLMN connected with link represented by MO listed in Additional Information. AI: PLMN = ["2221"],DN1=ManagedElement=1,ENodeBFunction=1,TermPointToMme=5,
2025-09-30;08:46:03;AL  ;Cleared;ENodeBFunction=1;PLMN Service Redundancy Lost;S1 connection failure for PLMN connected with link represented by MO listed in Additional Information. AI: PLMN = ["2221"],DN1=ManagedElement=1,ENodeBFunction=1,TermPointToMme=5,
2025-10-01;06:56:15;AL  ;Minor ;Synchronization=1,RadioEquipmentClock=1,RadioEquipmentClockReference=SyncE;Sync Reference Quality Level Too Low;
2025-10-01;06:56:49;AL  ;Major ;GsmSector=CS0AD1,AbisIp=1;BSC Connection Failure;Connection timeout, there is no connection towards the BSC for the GSM Sector.
2025-10-01;06:57:03;AL  ;Major ;GsmSector=CS0AD2,AbisIp=1;BSC Connection Failure;Connection timeout, there is no connection towards the BSC for the GSM Sector.
2025-10-01;06:57:18;AL  ;Major ;Synchronization=1,RadioEquipmentClock=1,RadioEquipmentClockReference=PTP8275_2;Sync PTP Time Reachability Fault;No PTP messages, No granted service from PTP grandmaster
2025-10-01;06:57:50;AL  ;Cleared;GsmSector=CS0AD1,AbisIp=1;BSC Connection Failure;Connection timeout, there is no connection towards the BSC for the GSM Sector.
2025-10-01;06:57:50;AL  ;Cleared;GsmSector=CS0AD2,AbisIp=1;BSC Connection Failure;Connection timeout, there is no connection towards the BSC for the GSM Sector.
2025-10-01;10:26:06;AL  ;Cleared;Synchronization=1,RadioEquipmentClock=1,RadioEquipmentClockReference=SyncE;Sync Reference Quality Level Too Low;
2025-10-01;10:26:32;AL  ;Minor ;ENodeBFunction=1;Sync Time and Phase Accuracy Too Low;Time and phase sync accuracy crossed the threshold for features interworking with NR.
2025-10-01;10:26:32;AL  ;Minor ;EUtranCellFDD=CS0AL1;Service Degraded;This is a secondary alarm, use alarm correlation information in Additional Information to find primary alarm.
2025-10-01;10:26:32;AL  ;Minor ;EUtranCellFDD=CS0AL2;Service Degraded;This is a secondary alarm, use alarm correlation information in Additional Information to find primary alarm.
2025-10-01;10:26:47;AL  ;Cleared;Synchronization=1,RadioEquipmentClock=1,RadioEquipmentClockReference=PTP8275_2;Sync PTP Time Reachability Fault;No granted service from PTP grandmaster
2025-10-01;10:29:55;AL  ;Cleared;EUtranCellFDD=CS0AL2;Service Degraded;This is a secondary alarm, use alarm correlation information in Additional Information to find primary alarm.
2025-10-01;10:29:55;AL  ;Minor ;EUtraNetwork=1,ExternalENodeBFunction=2221-650186;Inter Node Feature Incompatibility;Elastic RAN feature is not activated in remote eNodeB
2025-10-01;10:29:55;AL  ;Cleared;EUtranCellFDD=CS0AL1;Service Degraded;This is a secondary alarm, use alarm correlation information in Additional Information to find primary alarm.
2025-10-01;10:29:55;AL  ;Cleared;ENodeBFunction=1;Sync Time and Phase Accuracy Too Low;Time and phase sync accuracy crossed the threshold for features interworking with NR.
2025-10-02;09:55:00;AL  ;Minor ;ENodeBFunction=1;External Link Failure;X2 link problem to one or several neighbouring eNodeBs. AI: PLMN ID-eNB ID 1 = 2221-650756
2025-10-02;10:02:50;AL  ;Cleared;ENodeBFunction=1;External Link Failure;X2 link problem to one or several neighbouring eNodeBs. AI: PLMN ID-eNB ID 1 = 2221-650756
2025-10-02;21:32:59;AL  ;Minor ;EUtraNetwork=1,ExternalENodeBFunction=2221-650066;Inter Node Feature Incompatibility;Elastic RAN feature is not activated in remote eNodeB
2025-10-05;15:46:33;AL  ;Minor ;ENodeBFunction=1;External Link Failure;X2 link problem to one or several neighbouring eNodeBs. AI: PLMN ID-eNB ID 1 = 2221-209523
2025-10-05;15:56:47;AL  ;Cleared;EUtraNetwork=1,ExternalENodeBFunction=2221-650066;Inter Node Feature Incompatibility;Elastic RAN feature is not activated in remote eNodeB
2025-10-05;15:57:08;AL  ;Warning;ENodeBFunction=1;PLMN Service Redundancy Lost;S1 connection failure for PLMN connected with link represented by MO listed in Additional Information. AI: PLMN = ["2221"],DN1=ManagedElement=1,ENodeBFunction=1,TermPointToMme=5,DN2=ManagedElement=1,ENodeBFunction=1,TermPointToMme=3,DN3=ManagedElement=1,ENodeBFunction=1,TermPointToMme=1,
2025-10-05;15:57:10;AL  ;Cleared;EUtraNetwork=1,ExternalENodeBFunction=2221-650186;Inter Node Feature Incompatibility;Elastic RAN feature is not activated in remote eNodeB
2025-10-05;15:57:17;AL  ;Cleared;ENodeBFunction=1;PLMN Service Redundancy Lost;S1 connection failure for PLMN connected with link represented by MO listed in Additional Information. AI: PLMN = ["2221"],DN1=ManagedElement=1,ENodeBFunction=1,TermPointToMme=5,DN2=ManagedElement=1,ENodeBFunction=1,TermPointToMme=4,DN3=ManagedElement=1,ENodeBFunction=1,TermPointToMme=3,DN4=ManagedElement=1,ENodeBFunction=1,TermPointToMme=1,
2025-10-05;15:57:17;AL  ;Minor ;ENodeBFunction=1;PLMN Service Unavailable;S1 Connection Failure for PLMNs listed in Additional Information. AI: PLMN = ["2221"],
2025-10-05;15:57:17;AL  ;Major ;EUtranCellFDD=CS0AL2;Service Unavailable;This is a secondary alarm, use alarm correlation information in Additional Information to find primary alarm.
2025-10-05;15:57:17;AL  ;Major ;EUtranCellFDD=CS0AL1;Service Unavailable;This is a secondary alarm, use alarm correlation information in Additional Information to find primary alarm.
2025-10-05;15:58:03;AL  ;Major ;Synchronization=1,RadioEquipmentClock=1,RadioEquipmentClockReference=PTP8275_2;Sync PTP Time Reachability Fault;No PTP messages
2025-10-05;15:58:15;AL  ;Major ;GsmSector=CS0AD2,AbisIp=1;BSC Connection Failure;Connection timeout, there is no connection towards the BSC for the GSM Sector.
2025-10-05;15:58:16;AL  ;Major ;GsmSector=CS0AD1,AbisIp=1;BSC Connection Failure;Connection timeout, there is no connection towards the BSC for the GSM Sector.
2025-10-05;16:01:19;AL  ;Warning;ENodeBFunction=1;PLMN Service Redundancy Lost;S1 connection failure for PLMN connected with link represented by MO listed in Additional Information. AI: PLMN = ["2221"],DN1=ManagedElement=1,ENodeBFunction=1,TermPointToMme=4,DN2=ManagedElement=1,ENodeBFunction=1,TermPointToMme=2,
2025-10-05;16:01:19;AL  ;Cleared;ENodeBFunction=1;PLMN Service Unavailable;S1 Connection Failure for PLMNs listed in Additional Information. AI: PLMN = ["2221"],
2025-10-05;16:01:19;AL  ;Cleared;EUtranCellFDD=CS0AL2;Service Unavailable;This is a secondary alarm, use alarm correlation information in Additional Information to find primary alarm.
2025-10-05;16:01:19;AL  ;Cleared;EUtranCellFDD=CS0AL1;Service Unavailable;This is a secondary alarm, use alarm correlation information in Additional Information to find primary alarm.
2025-10-05;16:01:19;AL  ;Cleared;GsmSector=CS0AD2,AbisIp=1;BSC Connection Failure;Connection timeout, there is no connection towards the BSC for the GSM Sector.
2025-10-05;16:01:20;AL  ;Cleared;GsmSector=CS0AD1,AbisIp=1;BSC Connection Failure;Connection timeout, there is no connection towards the BSC for the GSM Sector.
2025-10-05;16:01:27;AL  ;Cleared;ENodeBFunction=1;PLMN Service Redundancy Lost;S1 connection failure for PLMN connected with link represented by MO listed in Additional Information. AI: PLMN = ["2221"],DN1=ManagedElement=1,ENodeBFunction=1,TermPointToMme=2,
2025-10-05;16:03:21;AL  ;Cleared;Synchronization=1,RadioEquipmentClock=1,RadioEquipmentClockReference=PTP8275_2;Sync PTP Time Reachability Fault;No PTP messages
2025-10-05;16:09:46;AL  ;Minor ;ENodeBFunction=1;External Link Failure;X2 link problem to one or several neighbouring eNodeBs. AI: PLMN ID-eNB ID 1 = 2221-650415 PLMN ID-eNB ID 2 = 2221-650242 PLMN ID-eNB ID 3 = 2221-208897
2025-10-05;16:11:27;AL  ;Minor ;ENodeBFunction=1;External Link Failure;X2 link problem to one or several neighbouring eNodeBs. AI: PLMN ID-eNB ID 1 = 2221-650415 PLMN ID-eNB ID 2 = 2221-650242 PLMN ID-eNB ID 3 = 2221-650066
2025-10-05;16:14:10;AL  ;Minor ;ENodeBFunction=1;External Link Failure;X2 link problem to one or several neighbouring eNodeBs. AI: PLMN ID-eNB ID 1 = 2221-650415 PLMN ID-eNB ID 2 = 2221-650066 PLMN ID-eNB ID 3 = 2221-212115
2025-10-05;16:18:10;AL  ;Cleared;ENodeBFunction=1;External Link Failure;X2 link problem to one or several neighbouring eNodeBs. AI: PLMN ID-eNB ID 1 = 2221-650415 PLMN ID-eNB ID 2 = 2221-650066 PLMN ID-eNB ID 3 = 2221-212115
2025-10-05;16:47:07;AL  ;Minor ;ENodeBFunction=1;External Link Failure;X2 link problem to one or several neighbouring eNodeBs. AI: PLMN ID-eNB ID 1 = 2221-650066
2025-10-05;16:54:23;AL  ;Cleared;ENodeBFunction=1;External Link Failure;X2 link problem to one or several neighbouring eNodeBs. AI: PLMN ID-eNB ID 1 = 2221-650066
2025-10-05;17:12:29;AL  ;Minor ;ENodeBFunction=1;External Link Failure;X2 link problem to one or several neighbouring eNodeBs. AI: PLMN ID-eNB ID 1 = 2221-650066
2025-10-05;17:20:19;AL  ;Cleared;ENodeBFunction=1;External Link Failure;X2 link problem to one or several neighbouring eNodeBs. AI: PLMN ID-eNB ID 1 = 2221-650066
2025-10-05;20:45:59;AL  ;Minor ;EUtraNetwork=1,ExternalENodeBFunction=2221-650066;Inter Node Feature Incompatibility;Elastic RAN feature is not activated in remote eNodeB
2025-10-05;20:45:59;AL  ;Minor ;EUtraNetwork=1,ExternalENodeBFunction=2221-650186;Inter Node Feature Incompatibility;Elastic RAN feature is not activated in remote eNodeB
2025-10-06;03:22:24;AL  ;Cleared;EUtraNetwork=1,ExternalENodeBFunction=2221-650066;Inter Node Feature Incompatibility;Elastic RAN feature is not activated in remote eNodeB
2025-10-06;03:24:50;AL  ;Minor ;EUtraNetwork=1,ExternalENodeBFunction=2221-650066;Inter Node Feature Incompatibility;Elastic RAN feature is not activated in remote eNodeB
2025-10-06;09:46:05;AL  ;Cleared;EUtraNetwork=1,ExternalENodeBFunction=2221-650066;Inter Node Feature Incompatibility;Elastic RAN feature is not activated in remote eNodeB
2025-10-06;22:22:59;AL  ;Minor ;EUtraNetwork=1,ExternalENodeBFunction=2221-650066;Inter Node Feature Incompatibility;Elastic RAN feature is not activated in remote eNodeB


CS0AL> lgec -m 30d

251007-11:10:42+0200 19.31.2.166 25.0h MSRBS_NODE_MODEL_25.Q1_693.28324.131_62ac stopfile=/tmp/655652

Startdate=20250907.091042, Enddate=20251008.091042
Date;Time;Log;Severity;Object;Event;Cause;AdditionalText;AckState;Id;NotificationId;CorrelatedAlarms
Executing action Log.export()
..
Log=AlertLog                    actionId=39611
...
=================================================================================================================
MO                  actionId result      resultInfo
=================================================================================================================
LogM=1,Log=AlertLog 39611    1 (SUCCESS)           
cat  /ericsson/log/amos/moshell_logfiles/t20251007_37258710_53697/logs_moshell/tempfiles/scp-2-amos_20251007-111006_655516/rcslogs/AlertLog_20240321__073948_20250224__233815.log /ericsson/log/amos/moshell_logfiles/t20251007_37258710_53697/logs_moshell/tempfiles/scp-2-amos_20251007-111006_655516/rcslogs/AlertLog_20250224__233815.log > /ericsson/log/amos/moshell_logfiles/t20251007_37258710_53697/logs_moshell/tempfiles/scp-2-amos_20251007-111006_655516/eventLog655652.xml
2025-09-09;14:32:12;EV  ;Warning;EUtranCellFDD=CS0AL1;Cell Service Unavailable Auto Recovery Initiated Alert;
2025-09-09;14:32:12;EV  ;Warning;EUtranCellFDD=CS0AL2;Cell Service Unavailable Auto Recovery Initiated Alert;
2025-09-09;14:32:15;EV  ;Warning;RiLink=S180-1;Radio Interface Connectivity Disturbance Alert;Near end port:FieldReplaceableUnit=BB-1,RiPort=D (transportType=NOT_SET) (Mixed Mode with other ME). SUPPRESSED
2025-09-09;14:32:15;EV  ;Warning;RiLink=S11-1;Radio Interface Connectivity Disturbance Alert;Near end port:FieldReplaceableUnit=BB-1,RiPort=B (transportType=NOT_SET). SUPPRESSED
2025-09-09;14:32:15;EV  ;Warning;RiLink=S10-1;Radio Interface Connectivity Disturbance Alert;Near end port:FieldReplaceableUnit=BB-1,RiPort=A (transportType=NOT_SET). SUPPRESSED
2025-09-09;14:32:20;EV  ;Warning;EUtranCellFDD=CS0AL1;Cell Service Available Auto Recovery Successful Alert;
2025-09-09;14:32:21;EV  ;Warning;EUtranCellFDD=CS0AL2;Cell Service Available Auto Recovery Successful Alert;
2025-10-01;06:56:54;EV  ;Warning;FieldReplaceableUnit=Radio-S180-1;Radio Restart Alert;Restart details are listed in Additional Information (Mixed Mode with other ME). AI: Restartdetails=[{"RC":"Other","RT":"Power On","ERI":"FALSE"}] UI=[{"PN":Radio 4415 B7,"PNR":KRC 161 495/1,"PR":R5FE,"SN":DH80207540,"SR":R101LX,"SW":CXP9013268/15}] :SUPPRESSED
2025-10-01;06:57:02;EV  ;Warning;ManagedElement=CS0AL;System Restart Alert;Requested Restart Category: Other, Requested Restart Type: Power, Performed Restart Category: Other, Performed Restart Type: Power. AI: SystemRestart=[{"RRC":"Other","RRT":"Power","PRC":"Other","PRT":"Power"}] UI=[{"PN":"Baseband 6631","PNR":"KDU1370071/11","PR":"R3F","SN":"E23E975991","SR":"R27J08","SW":"CXP2010174_2"}]
2025-10-01;06:58:00;EV  ;Warning;RiLink=S180-1;Radio Interface Connectivity Disturbance Alert;Near end port:FieldReplaceableUnit=BB-1,RiPort=D (transportType=NOT_SET) (Mixed Mode with other ME). SUPPRESSED
2025-10-01;10:26:04;EV  ;Warning;RiLink=S180-1;Radio Interface Connectivity Disturbance Alert;Near end port:FieldReplaceableUnit=BB-1,RiPort=D (transportType=NOT_SET) (Mixed Mode with other ME). SUPPRESSED
2025-10-01;10:26:05;EV  ;Warning;RiLink=S11-1;Radio Interface Connectivity Disturbance Alert;Near end port:FieldReplaceableUnit=BB-1,RiPort=B (transportType=NOT_SET). SUPPRESSED
2025-10-01;10:26:05;EV  ;Warning;RiLink=S10-1;Radio Interface Connectivity Disturbance Alert;Near end port:FieldReplaceableUnit=BB-1,RiPort=A (transportType=NOT_SET). SUPPRESSED
2025-10-01;10:30:04;EV  ;Warning;RiLink=S180-1;Radio Interface Connectivity Disturbance Alert;Near end port:FieldReplaceableUnit=BB-1,RiPort=D (transportType=NOT_SET) (Mixed Mode with other ME). SUPPRESSED
2025-10-01;10:30:04;EV  ;Warning;RiLink=S11-1;Radio Interface Connectivity Disturbance Alert;Near end port:FieldReplaceableUnit=BB-1,RiPort=B (transportType=NOT_SET). SUPPRESSED
2025-10-01;10:30:04;EV  ;Warning;RiLink=S10-1;Radio Interface Connectivity Disturbance Alert;Near end port:FieldReplaceableUnit=BB-1,RiPort=A (transportType=NOT_SET). SUPPRESSED

Bye...
Output has been logged to file /mta_fs/UserFiles/37258710/amosbatch/2025-10-07_11-07-01_53697/CS0AL.log
