Logging to file /mta_fs/UserFiles/37258710/amosbatch/2025-10-07_11-07-01_53697/CS0DL.log
                        __  __  ____   _____
                  /\   |  \/  |/ __ \ / ____|
                 /  \  | \  / | |  | | (___  
                / /\ \ | |\/| | |  | |\___ \ 
               / ____ \| |  | | |__| |____) |
              /_/    \_\_|  |_|\____/|_____/
              OSS Framework for MoShell-25.0h 
  Copyright (c) Ericsson AB 2001-2025 - All Rights Reserved
              
           
[1;31mWARNING: [0mthe AMOS version currently running is more than 22 weeks old and is unsupported.
Please upgrade as soon as possible to the latest released version, available from your local Ericsson support.

$amosrb_pid = 918976

Checking ip contact...OK

HELP MENU            : h
BASIC MO COMMANDS    : m
OTHER MO COMMANDS    : n
OTHER COMMANDS       : o
PM COMMANDS          : p
QUIT                 : q

CS0DL> lt all

251007-11:40:57+0200 19.31.7.217 25.0h  stopfile=/tmp/918551
Looking up temporary_amos account... OK.
Trying temporary_amos_t20251007_37258710_53697_313's password from amos lookupAccount ... OK

$ssh_pid = 920693

Connected to 19.31.7.217 (SubNetwork=BBMM_rckomc_R,MeContext=CS0DL,ManagedElement=CS0DL)

Checking MOM version...MSRBS_NODE_MODEL_25.Q1_693.28324.131_62ac
Parsing MOM (cached): /ericsson/log/amos/moshell_logfiles/t20251007_37258710_53697/logs_moshell/tempfiles/scp-2-amos_20251007-114050_918482/MSRBS_NODE_MODEL_25.Q1_693.28324.131_62ac.xml.cache.gz ..................................................................................................................................................................................................................................Done.
Using paramfile /opt/ericsson/amos/moshell/commonjars/pm/PARAM_MSRBS_25.Q1.txt
Parsing file /opt/ericsson/amos/moshell/commonjars/pm/PARAM_MSRBS_25.Q1.txt .......................................................................................Done.
Using imomdfile /opt/ericsson/amos/moshell/commonjars/pm/IMOMD_MSRBS_22.Q4.txt
Using imomfile /opt/ericsson/amos/moshell/commonjars/pm/IMOM_MSRBS_25.Q1.txt
Connected to 19.31.7.217 (SubNetwork=BBMM_rckomc_R,MeContext=CS0DL,ManagedElement=CS0DL)

Last MO: 17133. Loaded 17133 MOs. Total: 17134 MOs.

CS0DL> hget EUtranCellFDD ^cellid

251007-11:41:11+0200 19.31.7.217 25.0h MSRBS_NODE_MODEL_25.Q1_693.28324.131_62ac stopfile=/tmp/918551

=================================================================================================================
MO                   cellId
=================================================================================================================
EUtranCellFDD=CS0DL1 21    
EUtranCellFDD=CS0DL2 22    
EUtranCellFDD=CS0DL3 23    
=================================================================================================================
Total: 3 MOs

Added 3 MOs to group: hget_group

CS0DL> hget NbIotCell ^cellid

251007-11:41:11+0200 19.31.7.217 25.0h MSRBS_NODE_MODEL_25.Q1_693.28324.131_62ac stopfile=/tmp/918551
Total: 0 MOs

CS0DL> hget NRCellDU ^cellLocalId

251007-11:41:12+0200 19.31.7.217 25.0h MSRBS_NODE_MODEL_25.Q1_693.28324.131_62ac stopfile=/tmp/918551
Total: 0 MOs

CS0DL> lgdc -m 30d

251007-11:41:12+0200 19.31.7.217 25.0h MSRBS_NODE_MODEL_25.Q1_693.28324.131_62ac stopfile=/tmp/918551

Startdate=20250907.094112, Enddate=20251008.094112
INFO: Using amos lookupAccount credentials for the export login

Executing action LogM.exportAvailabilityLog()
...LogM=1,exportAvailabilityLog    actionId=8412
...
=================================================================================================================
MO     actionId result      resultInfo
=================================================================================================================
LogM=1 8412     1 (SUCCESS)           
cp /ericsson/log/amos/moshell_logfiles/t20251007_37258710_53697/logs_moshell/tempfiles/scp-2-amos_20251007-114050_918482/rcslogs/RBS_CS_AVAILABILITY_LOG_20251007094114.xml /ericsson/log/amos/moshell_logfiles/t20251007_37258710_53697/logs_moshell/tempfiles/scp-2-amos_20251007-114050_918482/availabilityLog918551.xml
Parsing availabilityLog.....Done.
..
Date;Time;RestartType;SwVersion;SwRelease;RCSDowntime;ApplicationDowntime;TNDowntime;RATsDowntime;ExtraInfo;ExtraInfo2
2025-09-08;00:10:46;PartialOutage(Manual);67% Lrat Cell 21 22; ();1s;;;;;
2025-09-08;00:10:47;PartialOutage(Manual);100% Lrat Cell 21 22 23; ();15s;;;;;
2025-09-08;00:11:02;PartialOutage(Manual);100% Lrat Cell 21; ();1s;;;;;
2025-09-30;23:32:39;PartialOutage(Manual);100% Lrat Cell 21 22 23; ();16s;;;;;
2025-09-30;23:32:55;PartialOutage(Manual);100% Lrat Cell 21 22; ();1s;;;;;
2025-10-06;23:30:13;PartialOutage(Manual);100% Lrat Cell 21 22 23; ();13s;;;;;

Node uptime since last restart: 36654 seconds (10 hours, 10 minutes, 54 seconds)
------------------------------------------------------------------------------------------------------
Period=30 days       NodeUpgrade      NodeManual       NodeSpontaneous  AllNodeRestarts  PartialOutages  
------------------------------------------------------------------------------------------------------
Number Of outages    0                0                0                0                6               
Total downtime       0s               0s               0s               0s               47s             
Downtime per day     0s               0s               0s               0s               2s              
Downtime per outage  0s               0s               0s               0s               8s              

CS0DL> lgac -m 30d

251007-11:41:21+0200 19.31.7.217 25.0h MSRBS_NODE_MODEL_25.Q1_693.28324.131_62ac stopfile=/tmp/918551

Startdate=20250907.094121, Enddate=20251008.094121
Date;Time;Log;Severity;Object;Event;Cause;AdditionalText;AckState;Id;NotificationId;CorrelatedAlarms
Executing action Log.export()
..
Log=AlarmLog                    actionId=8413
......
=================================================================================================================
MO                  actionId result      resultInfo
=================================================================================================================
LogM=1,Log=AlarmLog 8413     1 (SUCCESS)           
cat  /ericsson/log/amos/moshell_logfiles/t20251007_37258710_53697/logs_moshell/tempfiles/scp-2-amos_20251007-114050_918482/rcslogs/saLogAlarm_20230609__073503_20250224__233254.log /ericsson/log/amos/moshell_logfiles/t20251007_37258710_53697/logs_moshell/tempfiles/scp-2-amos_20251007-114050_918482/rcslogs/saLogAlarm_20250224__233254.log > /ericsson/log/amos/moshell_logfiles/t20251007_37258710_53697/logs_moshell/tempfiles/scp-2-amos_20251007-114050_918482/alarmLog918551.xml
2025-09-09;05:28:18;AL  ;Cleared;EUtraNetwork=1,ExternalENodeBFunction=2221-650646;Inter Node Carrier Aggregation Service Unavailable;Elastic RAN Carrier Aggregation is not available towards remote eNodeB.
2025-09-09;13:25:00;AL  ;Minor ;EUtraNetwork=1,ExternalENodeBFunction=2221-650204;Inter Node Carrier Aggregation Service Unavailable;Elastic RAN Carrier Aggregation is not available towards remote eNodeB.
2025-09-09;13:47:45;AL  ;Warning;ENodeBFunction=1;PLMN Service Redundancy Lost;S1 connection failure for PLMN connected with link represented by MO listed in Additional Information. AI: PLMN = ["2221"],DN1=ManagedElement=1,ENodeBFunction=1,TermPointToMme=3,DN2=ManagedElement=1,ENodeBFunction=1,TermPointToMme=1,
2025-09-09;13:48:16;AL  ;Cleared;ENodeBFunction=1;PLMN Service Redundancy Lost;S1 connection failure for PLMN connected with link represented by MO listed in Additional Information. AI: PLMN = ["2221"],DN1=ManagedElement=1,ENodeBFunction=1,TermPointToMme=3,
2025-09-09;18:01:03;AL  ;Minor ;EUtraNetwork=1,ExternalENodeBFunction=2221-650409;Inter Node Carrier Aggregation Service Unavailable;Elastic RAN Carrier Aggregation is not available towards remote eNodeB.
2025-09-09;23:01:50;AL  ;Minor ;EUtraNetwork=1,ExternalENodeBFunction=2221-650498;Inter Node Carrier Aggregation Service Unavailable;Elastic RAN Carrier Aggregation is not available towards remote eNodeB.
2025-09-11;06:09:08;AL  ;Minor ;ENodeBFunction=1;External Link Failure;X2 link problem to one or several neighbouring eNodeBs. AI: PLMN ID-eNB ID 1 = 2221-205087
2025-09-11;06:17:32;AL  ;Cleared;ENodeBFunction=1;External Link Failure;X2 link problem to one or several neighbouring eNodeBs. AI: PLMN ID-eNB ID 1 = 2221-205087
2025-09-11;10:32:27;AL  ;Minor ;ENodeBFunction=1;External Link Failure;X2 link problem to one or several neighbouring eNodeBs. AI: PLMN ID-eNB ID 1 = 2221-650474
2025-09-11;10:33:41;AL  ;Minor ;ENodeBFunction=1;External Link Failure;X2 link problem to one or several neighbouring eNodeBs. AI: PLMN ID-eNB ID 1 = 2221-650474 PLMN ID-eNB ID 2 = 2221-207194
2025-09-11;13:27:38;AL  ;Minor ;ENodeBFunction=1;External Link Failure;X2 link problem to one or several neighbouring eNodeBs. AI: PLMN ID-eNB ID 1 = 2221-650474
2025-09-11;13:28:44;AL  ;Cleared;ENodeBFunction=1;External Link Failure;X2 link problem to one or several neighbouring eNodeBs. AI: PLMN ID-eNB ID 1 = 2221-650474
2025-09-11;20:39:44;AL  ;Cleared;EUtraNetwork=1,ExternalENodeBFunction=2221-650166;Inter Node Feature Incompatibility;Elastic RAN feature is not activated in remote eNodeB. SUPPRESSED
2025-09-11;20:48:28;AL  ;Minor ;ENodeBFunction=1;External Link Failure;X2 link problem to one or several neighbouring eNodeBs. AI: PLMN ID-eNB ID 1 = 2221-650166
2025-09-12;16:18:48;AL  ;Cleared;ENodeBFunction=1;External Link Failure;X2 link problem to one or several neighbouring eNodeBs. AI: PLMN ID-eNB ID 1 = 2221-650166
2025-09-12;21:20:59;AL  ;Minor ;EUtraNetwork=1,ExternalENodeBFunction=2221-650166;Inter Node Feature Incompatibility;Elastic RAN feature is not activated in remote eNodeB. SUPPRESSED
2025-09-14;07:02:42;AL  ;Cleared;EUtraNetwork=1,ExternalENodeBFunction=2221-650526;Inter Node Carrier Aggregation Service Unavailable;Elastic RAN Carrier Aggregation is not available towards remote eNodeB.
2025-09-14;07:02:45;AL  ;Cleared;EUtraNetwork=1,ExternalENodeBFunction=2221-650498;Inter Node Carrier Aggregation Service Unavailable;Elastic RAN Carrier Aggregation is not available towards remote eNodeB.
2025-09-14;07:02:49;AL  ;Cleared;EUtraNetwork=1,ExternalENodeBFunction=2221-650204;Inter Node Carrier Aggregation Service Unavailable;Elastic RAN Carrier Aggregation is not available towards remote eNodeB.
2025-09-14;07:02:53;AL  ;Cleared;EUtraNetwork=1,ExternalENodeBFunction=2221-650409;Inter Node Carrier Aggregation Service Unavailable;Elastic RAN Carrier Aggregation is not available towards remote eNodeB.
2025-09-14;07:03:19;AL  ;Minor ;EUtraNetwork=1,ExternalENodeBFunction=2221-650526;Inter Node Carrier Aggregation Service Unavailable;Elastic RAN Carrier Aggregation is not available towards remote eNodeB.
2025-09-14;07:03:47;AL  ;Minor ;EUtraNetwork=1,ExternalENodeBFunction=2221-650498;Inter Node Carrier Aggregation Service Unavailable;Elastic RAN Carrier Aggregation is not available towards remote eNodeB.
2025-09-14;07:03:50;AL  ;Minor ;EUtraNetwork=1,ExternalENodeBFunction=2221-650204;Inter Node Carrier Aggregation Service Unavailable;Elastic RAN Carrier Aggregation is not available towards remote eNodeB.
2025-09-14;07:03:55;AL  ;Minor ;EUtraNetwork=1,ExternalENodeBFunction=2221-650409;Inter Node Carrier Aggregation Service Unavailable;Elastic RAN Carrier Aggregation is not available towards remote eNodeB.
2025-09-14;07:24:38;AL  ;Cleared;EUtraNetwork=1,ExternalENodeBFunction=2221-650409;Inter Node Carrier Aggregation Service Unavailable;Elastic RAN Carrier Aggregation is not available towards remote eNodeB.
2025-09-14;08:06:55;AL  ;Cleared;EUtraNetwork=1,ExternalENodeBFunction=2221-650526;Inter Node Carrier Aggregation Service Unavailable;Elastic RAN Carrier Aggregation is not available towards remote eNodeB.
2025-09-14;08:24:38;AL  ;Minor ;EUtraNetwork=1,ExternalENodeBFunction=2221-209045;Inter Node Carrier Aggregation Service Unavailable;Elastic RAN Carrier Aggregation is not available towards remote eNodeB.
2025-09-14;08:25:14;AL  ;Minor ;EUtraNetwork=1,ExternalENodeBFunction=2221-650646;Inter Node Carrier Aggregation Service Unavailable;Elastic RAN Carrier Aggregation is not available towards remote eNodeB.
2025-09-14;09:34:01;AL  ;Cleared;EUtraNetwork=1,ExternalENodeBFunction=2221-650498;Inter Node Carrier Aggregation Service Unavailable;Elastic RAN Carrier Aggregation is not available towards remote eNodeB.
2025-09-14;09:35:43;AL  ;Cleared;EUtraNetwork=1,ExternalENodeBFunction=2221-650204;Inter Node Carrier Aggregation Service Unavailable;Elastic RAN Carrier Aggregation is not available towards remote eNodeB.
2025-09-15;19:24:43;AL  ;Minor ;EUtraNetwork=1,ExternalENodeBFunction=2221-650204;Inter Node Carrier Aggregation Service Unavailable;Elastic RAN Carrier Aggregation is not available towards remote eNodeB.
2025-09-16;09:59:29;AL  ;Warning;ENodeBFunction=1;PLMN Service Redundancy Lost;S1 connection failure for PLMN connected with link represented by MO listed in Additional Information. AI: PLMN = ["2221"],DN1=ManagedElement=1,ENodeBFunction=1,TermPointToMme=5,
2025-09-16;09:59:59;AL  ;Cleared;ENodeBFunction=1;PLMN Service Redundancy Lost;S1 connection failure for PLMN connected with link represented by MO listed in Additional Information. AI: PLMN = ["2221"],DN1=ManagedElement=1,ENodeBFunction=1,TermPointToMme=5,
2025-09-17;09:04:02;AL  ;Minor ;EUtraNetwork=1,ExternalENodeBFunction=2221-650498;Inter Node Carrier Aggregation Service Unavailable;Elastic RAN Carrier Aggregation is not available towards remote eNodeB.
2025-09-17;19:01:03;AL  ;Minor ;EUtraNetwork=1,ExternalENodeBFunction=2221-650409;Inter Node Carrier Aggregation Service Unavailable;Elastic RAN Carrier Aggregation is not available towards remote eNodeB.
2025-09-19;08:10:09;AL  ;Minor ;ENodeBFunction=1;External Link Failure;X2 link problem to one or several neighbouring eNodeBs. AI: PLMN ID-eNB ID 1 = 2221-650133 PLMN ID-eNB ID 2 = 2221-206063
2025-09-19;09:08:28;AL  ;Minor ;ENodeBFunction=1;External Link Failure;X2 link problem to one or several neighbouring eNodeBs. AI: PLMN ID-eNB ID 1 = 2221-650133
2025-09-19;09:09:33;AL  ;Cleared;ENodeBFunction=1;External Link Failure;X2 link problem to one or several neighbouring eNodeBs. AI: PLMN ID-eNB ID 1 = 2221-650133
2025-09-21;07:02:38;AL  ;Cleared;EUtraNetwork=1,ExternalENodeBFunction=2221-650646;Inter Node Carrier Aggregation Service Unavailable;Elastic RAN Carrier Aggregation is not available towards remote eNodeB.
2025-09-21;07:02:41;AL  ;Cleared;EUtraNetwork=1,ExternalENodeBFunction=2221-650498;Inter Node Carrier Aggregation Service Unavailable;Elastic RAN Carrier Aggregation is not available towards remote eNodeB.
2025-09-21;07:02:45;AL  ;Cleared;EUtraNetwork=1,ExternalENodeBFunction=2221-209045;Inter Node Carrier Aggregation Service Unavailable;Elastic RAN Carrier Aggregation is not available towards remote eNodeB.
2025-09-21;07:02:49;AL  ;Cleared;EUtraNetwork=1,ExternalENodeBFunction=2221-650204;Inter Node Carrier Aggregation Service Unavailable;Elastic RAN Carrier Aggregation is not available towards remote eNodeB.
2025-09-21;07:02:52;AL  ;Cleared;EUtraNetwork=1,ExternalENodeBFunction=2221-650409;Inter Node Carrier Aggregation Service Unavailable;Elastic RAN Carrier Aggregation is not available towards remote eNodeB.
2025-09-21;07:03:19;AL  ;Minor ;EUtraNetwork=1,ExternalENodeBFunction=2221-650646;Inter Node Carrier Aggregation Service Unavailable;Elastic RAN Carrier Aggregation is not available towards remote eNodeB.
2025-09-21;07:03:35;AL  ;Minor ;EUtraNetwork=1,ExternalENodeBFunction=2221-209045;Inter Node Carrier Aggregation Service Unavailable;Elastic RAN Carrier Aggregation is not available towards remote eNodeB.
2025-09-21;07:03:44;AL  ;Minor ;EUtraNetwork=1,ExternalENodeBFunction=2221-650498;Inter Node Carrier Aggregation Service Unavailable;Elastic RAN Carrier Aggregation is not available towards remote eNodeB.
2025-09-21;07:03:48;AL  ;Minor ;EUtraNetwork=1,ExternalENodeBFunction=2221-650204;Inter Node Carrier Aggregation Service Unavailable;Elastic RAN Carrier Aggregation is not available towards remote eNodeB.
2025-09-21;08:17:43;AL  ;Cleared;EUtraNetwork=1,ExternalENodeBFunction=2221-209045;Inter Node Carrier Aggregation Service Unavailable;Elastic RAN Carrier Aggregation is not available towards remote eNodeB.
2025-09-21;08:18:14;AL  ;Cleared;EUtraNetwork=1,ExternalENodeBFunction=2221-650646;Inter Node Carrier Aggregation Service Unavailable;Elastic RAN Carrier Aggregation is not available towards remote eNodeB.
2025-09-21;09:21:57;AL  ;Cleared;EUtraNetwork=1,ExternalENodeBFunction=2221-650498;Inter Node Carrier Aggregation Service Unavailable;Elastic RAN Carrier Aggregation is not available towards remote eNodeB.
2025-09-21;09:23:49;AL  ;Cleared;EUtraNetwork=1,ExternalENodeBFunction=2221-650204;Inter Node Carrier Aggregation Service Unavailable;Elastic RAN Carrier Aggregation is not available towards remote eNodeB.
2025-09-21;13:34:56;AL  ;Cleared;EUtraNetwork=1,ExternalENodeBFunction=2221-650166;Inter Node Feature Incompatibility;Elastic RAN feature is not activated in remote eNodeB. SUPPRESSED
2025-09-21;22:35:59;AL  ;Minor ;EUtraNetwork=1,ExternalENodeBFunction=2221-650166;Inter Node Feature Incompatibility;Elastic RAN feature is not activated in remote eNodeB. SUPPRESSED
2025-09-22;09:24:43;AL  ;Minor ;EUtraNetwork=1,ExternalENodeBFunction=2221-650204;Inter Node Carrier Aggregation Service Unavailable;Elastic RAN Carrier Aggregation is not available towards remote eNodeB.
2025-09-24;15:33:55;AL  ;Minor ;EUtraNetwork=1,ExternalENodeBFunction=2221-650474;Inter Node Carrier Aggregation Service Unavailable;Elastic RAN Carrier Aggregation is not available towards remote eNodeB.
2025-09-28;07:02:43;AL  ;Cleared;EUtraNetwork=1,ExternalENodeBFunction=2221-650474;Inter Node Carrier Aggregation Service Unavailable;Elastic RAN Carrier Aggregation is not available towards remote eNodeB.
2025-09-28;07:02:46;AL  ;Cleared;EUtraNetwork=1,ExternalENodeBFunction=2221-650204;Inter Node Carrier Aggregation Service Unavailable;Elastic RAN Carrier Aggregation is not available towards remote eNodeB.
2025-09-28;07:03:41;AL  ;Minor ;EUtraNetwork=1,ExternalENodeBFunction=2221-650204;Inter Node Carrier Aggregation Service Unavailable;Elastic RAN Carrier Aggregation is not available towards remote eNodeB.
2025-09-28;07:03:45;AL  ;Minor ;EUtraNetwork=1,ExternalENodeBFunction=2221-650474;Inter Node Carrier Aggregation Service Unavailable;Elastic RAN Carrier Aggregation is not available towards remote eNodeB.
2025-09-28;08:10:53;AL  ;Cleared;EUtraNetwork=1,ExternalENodeBFunction=2221-650474;Inter Node Carrier Aggregation Service Unavailable;Elastic RAN Carrier Aggregation is not available towards remote eNodeB.
2025-09-28;09:24:51;AL  ;Cleared;EUtraNetwork=1,ExternalENodeBFunction=2221-650204;Inter Node Carrier Aggregation Service Unavailable;Elastic RAN Carrier Aggregation is not available towards remote eNodeB.
2025-09-29;20:25:01;AL  ;Minor ;EUtraNetwork=1,ExternalENodeBFunction=2221-650204;Inter Node Carrier Aggregation Service Unavailable;Elastic RAN Carrier Aggregation is not available towards remote eNodeB.
2025-09-30;08:45:33;AL  ;Warning;ENodeBFunction=1;PLMN Service Redundancy Lost;S1 connection failure for PLMN connected with link represented by MO listed in Additional Information. AI: PLMN = ["2221"],DN1=ManagedElement=1,ENodeBFunction=1,TermPointToMme=5,
2025-09-30;08:46:03;AL  ;Cleared;ENodeBFunction=1;PLMN Service Redundancy Lost;S1 connection failure for PLMN connected with link represented by MO listed in Additional Information. AI: PLMN = ["2221"],DN1=ManagedElement=1,ENodeBFunction=1,TermPointToMme=5,
2025-10-02;13:33:56;AL  ;Minor ;EUtraNetwork=1,ExternalENodeBFunction=2221-650474;Inter Node Carrier Aggregation Service Unavailable;Elastic RAN Carrier Aggregation is not available towards remote eNodeB.
2025-10-03;07:28:38;AL  ;Minor ;EUtraNetwork=1,ExternalENodeBFunction=2221-650637;Inter Node Carrier Aggregation Service Unavailable;Elastic RAN Carrier Aggregation is not available towards remote eNodeB.
2025-10-04;17:16:03;AL  ;Minor ;AntennaUnitGroup=10;RX Branch Imbalance Fault;Antenna diagram mismatch. The RF Branches are listed in Additional Information. AI: DN1=RfBranch=2 RAT1=G
2025-10-04;18:01:03;AL  ;Cleared;AntennaUnitGroup=10;RX Branch Imbalance Fault;Antenna diagram mismatch. The RF Branches are listed in Additional Information. AI: DN1=RfBranch=2 RAT1=G
2025-10-04;18:01:03;AL  ;Minor ;AntennaUnitGroup=10;RX Diversity Lost;Unexpected low signal level for uplink path related to RF Branches listed in additional info compared to other branches in its Sector Equipment Function. AI: DN1=RfBranch=2 RAT1=G
2025-10-04;23:34:31;AL  ;Cleared;EUtraNetwork=1,ExternalENodeBFunction=2221-650637;Inter Node Carrier Aggregation Service Unavailable;Elastic RAN Carrier Aggregation is not available towards remote eNodeB.
2025-10-05;07:02:36;AL  ;Cleared;EUtraNetwork=1,ExternalENodeBFunction=2221-650474;Inter Node Carrier Aggregation Service Unavailable;Elastic RAN Carrier Aggregation is not available towards remote eNodeB.
2025-10-05;07:02:39;AL  ;Cleared;EUtraNetwork=1,ExternalENodeBFunction=2221-650204;Inter Node Carrier Aggregation Service Unavailable;Elastic RAN Carrier Aggregation is not available towards remote eNodeB.
2025-10-05;07:03:20;AL  ;Minor ;EUtraNetwork=1,ExternalENodeBFunction=2221-650204;Inter Node Carrier Aggregation Service Unavailable;Elastic RAN Carrier Aggregation is not available towards remote eNodeB.
2025-10-05;07:03:38;AL  ;Minor ;EUtraNetwork=1,ExternalENodeBFunction=2221-650474;Inter Node Carrier Aggregation Service Unavailable;Elastic RAN Carrier Aggregation is not available towards remote eNodeB.
2025-10-05;08:04:03;AL  ;Cleared;EUtraNetwork=1,ExternalENodeBFunction=2221-650474;Inter Node Carrier Aggregation Service Unavailable;Elastic RAN Carrier Aggregation is not available towards remote eNodeB.
2025-10-05;09:15:56;AL  ;Cleared;EUtraNetwork=1,ExternalENodeBFunction=2221-650204;Inter Node Carrier Aggregation Service Unavailable;Elastic RAN Carrier Aggregation is not available towards remote eNodeB.
2025-10-06;07:51:58;AL  ;Minor ;ENodeBFunction=1;External Link Failure;X2 link problem to one or several neighbouring eNodeBs. AI: PLMN ID-eNB ID 1 = 2221-208417
2025-10-06;08:43:08;AL  ;Cleared;ENodeBFunction=1;External Link Failure;X2 link problem to one or several neighbouring eNodeBs. AI: PLMN ID-eNB ID 1 = 2221-208417


CS0DL> lgec -m 30d

251007-11:41:28+0200 19.31.7.217 25.0h MSRBS_NODE_MODEL_25.Q1_693.28324.131_62ac stopfile=/tmp/918551

Startdate=20250907.094128, Enddate=20251008.094128
Date;Time;Log;Severity;Object;Event;Cause;AdditionalText;AckState;Id;NotificationId;CorrelatedAlarms
Executing action Log.export()
..
Log=AlertLog                    actionId=8414
...
=================================================================================================================
MO                  actionId result      resultInfo
=================================================================================================================
LogM=1,Log=AlertLog 8414     1 (SUCCESS)           
cat  /ericsson/log/amos/moshell_logfiles/t20251007_37258710_53697/logs_moshell/tempfiles/scp-2-amos_20251007-114050_918482/rcslogs/AlertLog_20230609__073525_20250224__233328.log /ericsson/log/amos/moshell_logfiles/t20251007_37258710_53697/logs_moshell/tempfiles/scp-2-amos_20251007-114050_918482/rcslogs/AlertLog_20250224__233328.log > /ericsson/log/amos/moshell_logfiles/t20251007_37258710_53697/logs_moshell/tempfiles/scp-2-amos_20251007-114050_918482/eventLog918551.xml

Bye...
Output has been logged to file /mta_fs/UserFiles/37258710/amosbatch/2025-10-07_11-07-01_53697/CS0DL.log
