Logging to file /mta_fs/UserFiles/37258710/amosbatch/2025-10-07_11-07-01_53697/CS0DT.log
                        __  __  ____   _____
                  /\   |  \/  |/ __ \ / ____|
                 /  \  | \  / | |  | | (___  
                / /\ \ | |\/| | |  | |\___ \ 
               / ____ \| |  | | |__| |____) |
              /_/    \_\_|  |_|\____/|_____/
              OSS Framework for MoShell-25.0h 
  Copyright (c) Ericsson AB 2001-2025 - All Rights Reserved
              
           
[1;31mWARNING: [0mthe AMOS version currently running is more than 22 weeks old and is unsupported.
Please upgrade as soon as possible to the latest released version, available from your local Ericsson support.

$amosrb_pid = 919648

Checking ip contact...OK

HELP MENU            : h
BASIC MO COMMANDS    : m
OTHER MO COMMANDS    : n
OTHER COMMANDS       : o
PM COMMANDS          : p
QUIT                 : q

CS0DT> lt all

251007-11:40:59+0200 19.31.7.218 25.0h  stopfile=/tmp/919099
Looking up temporary_amos account... OK.
Trying temporary_amos_t20251007_37258710_53697_313's password from amos lookupAccount ... OK

$ssh_pid = 921005

Connected to 19.31.7.218 (SubNetwork=BBMM_rckomc_R,MeContext=CS0DT,ManagedElement=CS0DT)

Checking MOM version...MSRBS_NODE_MODEL_25.Q1_693.28324.131_62ac
Parsing MOM (cached): /ericsson/log/amos/moshell_logfiles/t20251007_37258710_53697/logs_moshell/tempfiles/scp-2-amos_20251007-114052_918938/MSRBS_NODE_MODEL_25.Q1_693.28324.131_62ac.xml.cache.gz ..................................................................................................................................................................................................................................Done.
Using paramfile /opt/ericsson/amos/moshell/commonjars/pm/PARAM_MSRBS_25.Q1.txt
Parsing file /opt/ericsson/amos/moshell/commonjars/pm/PARAM_MSRBS_25.Q1.txt .......................................................................................Done.
Using imomdfile /opt/ericsson/amos/moshell/commonjars/pm/IMOMD_MSRBS_22.Q4.txt
Using imomfile /opt/ericsson/amos/moshell/commonjars/pm/IMOM_MSRBS_25.Q1.txt
Connected to 19.31.7.218 (SubNetwork=BBMM_rckomc_R,MeContext=CS0DT,ManagedElement=CS0DT)

Last MO: 19330. Loaded 19330 MOs. Total: 19331 MOs.

CS0DT> hget EUtranCellFDD ^cellid

251007-11:41:14+0200 19.31.7.218 25.0h MSRBS_NODE_MODEL_25.Q1_693.28324.131_62ac stopfile=/tmp/919099
.
=================================================================================================================
MO                   cellId
=================================================================================================================
EUtranCellFDD=CS0DE1 61    
EUtranCellFDD=CS0DE2 62    
EUtranCellFDD=CS0DE3 63    
EUtranCellFDD=CS0DM1 31    
EUtranCellFDD=CS0DM2 32    
EUtranCellFDD=CS0DM3 33    
EUtranCellFDD=CS0DT1 41    
EUtranCellFDD=CS0DT2 42    
EUtranCellFDD=CS0DT3 43    
=================================================================================================================
Total: 9 MOs

Added 9 MOs to group: hget_group

CS0DT> hget NbIotCell ^cellid

251007-11:41:15+0200 19.31.7.218 25.0h MSRBS_NODE_MODEL_25.Q1_693.28324.131_62ac stopfile=/tmp/919099
.
=================================================================================================================
MO               cellId
=================================================================================================================
NbIotCell=CS0DN1 161   
NbIotCell=CS0DN2 162   
NbIotCell=CS0DN3 163   
=================================================================================================================
Total: 3 MOs

Added 3 MOs to group: hget_group

CS0DT> hget NRCellDU ^cellLocalId

251007-11:41:15+0200 19.31.7.218 25.0h MSRBS_NODE_MODEL_25.Q1_693.28324.131_62ac stopfile=/tmp/919099
Total: 0 MOs

CS0DT> lgdc -m 30d

251007-11:41:15+0200 19.31.7.218 25.0h MSRBS_NODE_MODEL_25.Q1_693.28324.131_62ac stopfile=/tmp/919099

Startdate=20250907.094115, Enddate=20251008.094115
INFO: Using amos lookupAccount credentials for the export login

Executing action LogM.exportAvailabilityLog()
...LogM=1,exportAvailabilityLog    actionId=32371
...
=================================================================================================================
MO     actionId result      resultInfo
=================================================================================================================
LogM=1 32371    1 (SUCCESS)           
cp /ericsson/log/amos/moshell_logfiles/t20251007_37258710_53697/logs_moshell/tempfiles/scp-2-amos_20251007-114052_918938/rcslogs/RBS_CS_AVAILABILITY_LOG_20251007094118.xml /ericsson/log/amos/moshell_logfiles/t20251007_37258710_53697/logs_moshell/tempfiles/scp-2-amos_20251007-114052_918938/availabilityLog919099.xml
Parsing availabilityLog.......Done.
....
Date;Time;RestartType;SwVersion;SwRelease;RCSDowntime;ApplicationDowntime;TNDowntime;RATsDowntime;ExtraInfo;ExtraInfo2
2025-09-08;07:49:25;PartialOutage(Manual);33% Lrat Cell 163; ();1s;;;;;
2025-09-08;07:49:26;PartialOutage(Manual);11% Lrat Cell 63; ();10s;;;;;
2025-09-08;07:49:38;PartialOutage(Manual);33% Lrat Cell 161 163; ();4s;;;;;
2025-09-08;07:49:42;PartialOutage(Manual);11% Lrat Cell 61; ();10s;;;;;
2025-09-08;07:49:52;PartialOutage(Manual);11% Lrat Cell 62; ();5s;;;;;
2025-09-08;07:49:57;PartialOutage(Manual);44% Lrat Cell 161 162; ();7s;;;;;
2025-09-08;07:50:10;PartialOutage(Manual);8% Lrat Cell 33; ();2s;;;;;
2025-09-08;07:50:12;PartialOutage(Manual);53% Lrat Cell 162; ();7s;;;;;
2025-09-08;07:50:24;PartialOutage(Manual);9% Lrat Cell 31; ();7s;;;;;
2025-09-08;07:50:42;PartialOutage(Manual);11% Lrat Cell 32; ();10s;;;;;
2025-09-08;07:50:55;PartialOutage(Manual);11% Lrat Cell 42; ();15s;;;;;
2025-09-08;07:51:15;PartialOutage(Manual);11% Lrat Cell 43; ();10s;;;;;
2025-09-08;07:51:28;PartialOutage(Manual);11% Lrat Cell 41; ();12s;;;;;

Node uptime since last restart: 2512185 seconds (29 days, 1 hours, 49 minutes, 45 seconds)
------------------------------------------------------------------------------------------------------
Period=30 days       NodeUpgrade      NodeManual       NodeSpontaneous  AllNodeRestarts  PartialOutages  
------------------------------------------------------------------------------------------------------
Number Of outages    0                0                0                0                13              
Total downtime       0s               0s               0s               0s               100s (1m40s)    
Downtime per day     0s               0s               0s               0s               3s              
Downtime per outage  0s               0s               0s               0s               8s              

CS0DT> lgac -m 30d

251007-11:41:25+0200 19.31.7.218 25.0h MSRBS_NODE_MODEL_25.Q1_693.28324.131_62ac stopfile=/tmp/919099

Startdate=20250907.094125, Enddate=20251008.094125
Date;Time;Log;Severity;Object;Event;Cause;AdditionalText;AckState;Id;NotificationId;CorrelatedAlarms
Executing action Log.export()
..
Log=AlarmLog                    actionId=32372
.............
=================================================================================================================
MO                  actionId result      resultInfo
=================================================================================================================
LogM=1,Log=AlarmLog 32372    1 (SUCCESS)           
cat  /ericsson/log/amos/moshell_logfiles/t20251007_37258710_53697/logs_moshell/tempfiles/scp-2-amos_20251007-114052_918938/rcslogs/saLogAlarm_20250131__142352_20250224__233216.log /ericsson/log/amos/moshell_logfiles/t20251007_37258710_53697/logs_moshell/tempfiles/scp-2-amos_20251007-114052_918938/rcslogs/saLogAlarm_20250224__233216_20250912__110929.log /ericsson/log/amos/moshell_logfiles/t20251007_37258710_53697/logs_moshell/tempfiles/scp-2-amos_20251007-114052_918938/rcslogs/saLogAlarm_20250912__110929.log > /ericsson/log/amos/moshell_logfiles/t20251007_37258710_53697/logs_moshell/tempfiles/scp-2-amos_20251007-114052_918938/alarmLog919099.xml
2025-09-07;12:02:20;AL  ;Cleared;EUtraNetwork=1,ExternalENodeBFunction=2221-650605;Inter Node Carrier Aggregation Service Unavailable;Elastic RAN Carrier Aggregation is not available towards remote eNodeB.
2025-09-07;12:28:39;AL  ;Cleared;EUtraNetwork=1,ExternalENodeBFunction=2221-650638;Inter Node Carrier Aggregation Service Unavailable;Elastic RAN Carrier Aggregation is not available towards remote eNodeB.
2025-09-07;12:34:22;AL  ;Minor ;EUtraNetwork=1,ExternalENodeBFunction=2221-212517;Inter Node Carrier Aggregation Service Unavailable;Elastic RAN Carrier Aggregation is not available towards remote eNodeB.
2025-09-07;15:04:12;AL  ;Minor ;EUtraNetwork=1,ExternalENodeBFunction=2221-650204;Inter Node Carrier Aggregation Service Unavailable;Elastic RAN Carrier Aggregation is not available towards remote eNodeB.
2025-09-08;00:34:22;AL  ;Minor ;EUtraNetwork=1,ExternalENodeBFunction=2221-650409;Inter Node Carrier Aggregation Service Unavailable;Elastic RAN Carrier Aggregation is not available towards remote eNodeB.
2025-09-08;03:59:54;AL  ;Minor ;EUtraNetwork=1,ExternalENodeBFunction=2221-650638;Inter Node Carrier Aggregation Service Unavailable;Elastic RAN Carrier Aggregation is not available towards remote eNodeB.
2025-09-08;04:50:17;AL  ;Minor ;EUtraNetwork=1,ExternalENodeBFunction=2221-207301;Inter Node Carrier Aggregation Service Unavailable;Elastic RAN Carrier Aggregation is not available towards remote eNodeB.
2025-09-08;19:29:31;AL  ;Minor ;EUtraNetwork=1,ExternalENodeBFunction=2221-650474;Inter Node Carrier Aggregation Service Unavailable;Elastic RAN Carrier Aggregation is not available towards remote eNodeB.
2025-09-09;05:29:15;AL  ;Minor ;EUtraNetwork=1,ExternalENodeBFunction=2221-650646;Inter Node Carrier Aggregation Service Unavailable;Elastic RAN Carrier Aggregation is not available towards remote eNodeB.
2025-09-09;06:01:10;AL  ;Minor ;EUtraNetwork=1,ExternalENodeBFunction=2221-600255;Inconsistent Configuration;Elastic RAN cannot be activated towards remote eNodeB. VLAN IDs do not match. Expected Vlan Id: 3908, Please check the eRAN Vlan Id at the remote eNodeB
2025-09-09;13:47:45;AL  ;Warning;ENodeBFunction=1;PLMN Service Redundancy Lost;S1 connection failure for PLMN connected with link represented by MO listed in Additional Information. AI: PLMN = ["2221"],DN1=ManagedElement=1,ENodeBFunction=1,TermPointToMme=4,DN2=ManagedElement=1,ENodeBFunction=1,TermPointToMme=2,
2025-09-09;13:48:16;AL  ;Cleared;ENodeBFunction=1;PLMN Service Redundancy Lost;S1 connection failure for PLMN connected with link represented by MO listed in Additional Information. AI: PLMN = ["2221"],DN1=ManagedElement=1,ENodeBFunction=1,TermPointToMme=2,
2025-09-11;06:09:26;AL  ;Minor ;ENodeBFunction=1;External Link Failure;X2 link problem to one or several neighbouring eNodeBs. AI: PLMN ID-eNB ID 1 = 2221-650509 PLMN ID-eNB ID 2 = 2221-205087
2025-09-11;06:13:16;AL  ;Minor ;ENodeBFunction=1;External Link Failure;X2 link problem to one or several neighbouring eNodeBs. AI: PLMN ID-eNB ID 1 = 2221-205087 PLMN ID-eNB ID 2 = 2221-650270 PLMN ID-eNB ID 3 = 2221-650463
2025-09-11;06:17:51;AL  ;Minor ;ENodeBFunction=1;External Link Failure;X2 link problem to one or several neighbouring eNodeBs. AI: PLMN ID-eNB ID 1 = 2221-650270 PLMN ID-eNB ID 2 = 2221-650463
2025-09-11;06:26:21;AL  ;Minor ;ENodeBFunction=1;External Link Failure;X2 link problem to one or several neighbouring eNodeBs. AI: PLMN ID-eNB ID 1 = 2221-650463
2025-09-11;06:27:30;AL  ;Minor ;ENodeBFunction=1;External Link Failure;X2 link problem to one or several neighbouring eNodeBs. AI: PLMN ID-eNB ID 1 = 2221-650463 PLMN ID-eNB ID 2 = 2221-650397
2025-09-11;06:37:05;AL  ;Minor ;ENodeBFunction=1;External Link Failure;X2 link problem to one or several neighbouring eNodeBs. AI: PLMN ID-eNB ID 1 = 2221-650463 PLMN ID-eNB ID 2 = 2221-650397 PLMN ID-eNB ID 3 = 2221-650270
2025-09-11;06:38:49;AL  ;Minor ;ENodeBFunction=1;External Link Failure;X2 link problem to one or several neighbouring eNodeBs. AI: PLMN ID-eNB ID 1 = 2221-650463 PLMN ID-eNB ID 2 = 2221-650397
2025-09-11;06:57:05;AL  ;Minor ;ENodeBFunction=1;External Link Failure;X2 link problem to one or several neighbouring eNodeBs. AI: PLMN ID-eNB ID 1 = 2221-650463
2025-09-11;07:15:29;AL  ;Cleared;ENodeBFunction=1;External Link Failure;X2 link problem to one or several neighbouring eNodeBs. AI: PLMN ID-eNB ID 1 = 2221-650463
2025-09-11;10:23:22;AL  ;Cleared;EUtraNetwork=1,ExternalENodeBFunction=2221-650474;Inter Node Carrier Aggregation Service Unavailable;Elastic RAN Carrier Aggregation is not available towards remote eNodeB.
2025-09-11;10:32:42;AL  ;Minor ;ENodeBFunction=1;External Link Failure;X2 link problem to one or several neighbouring eNodeBs. AI: PLMN ID-eNB ID 1 = 2221-650474
2025-09-11;11:28:07;AL  ;Cleared;EUtraNetwork=1,ExternalENodeBFunction=2221-650638;Inter Node Carrier Aggregation Service Unavailable;Elastic RAN Carrier Aggregation is not available towards remote eNodeB.
2025-09-11;11:33:23;AL  ;Minor ;EUtraNetwork=1,ExternalENodeBFunction=2221-650638;Inter Node Carrier Aggregation Service Unavailable;Elastic RAN Carrier Aggregation is not available towards remote eNodeB.
2025-09-11;11:55:49;AL  ;Minor ;ENodeBFunction=1;External Link Failure;X2 link problem to one or several neighbouring eNodeBs. AI: PLMN ID-eNB ID 1 = 2221-650474 PLMN ID-eNB ID 2 = 2221-650693
2025-09-11;12:47:24;AL  ;Minor ;ENodeBFunction=1;External Link Failure;X2 link problem to one or several neighbouring eNodeBs. AI: PLMN ID-eNB ID 1 = 2221-650474
2025-09-11;12:57:52;AL  ;Minor ;ENodeBFunction=1;External Link Failure;X2 link problem to one or several neighbouring eNodeBs. AI: PLMN ID-eNB ID 1 = 2221-650474 PLMN ID-eNB ID 2 = 2221-650693
2025-09-11;13:27:56;AL  ;Minor ;ENodeBFunction=1;External Link Failure;X2 link problem to one or several neighbouring eNodeBs. AI: PLMN ID-eNB ID 1 = 2221-650693
2025-09-11;13:31:08;AL  ;Minor ;EUtraNetwork=1,ExternalENodeBFunction=2221-650474;Inter Node Carrier Aggregation Service Unavailable;Elastic RAN Carrier Aggregation is not available towards remote eNodeB.
2025-09-11;14:14:24;AL  ;Cleared;ENodeBFunction=1;External Link Failure;X2 link problem to one or several neighbouring eNodeBs. AI: PLMN ID-eNB ID 1 = 2221-650693
2025-09-11;20:39:32;AL  ;Cleared;EUtraNetwork=1,ExternalENodeBFunction=2221-650166;Inter Node Feature Incompatibility;Elastic RAN feature is not activated in remote eNodeB. SUPPRESSED
2025-09-11;20:48:41;AL  ;Minor ;ENodeBFunction=1;External Link Failure;X2 link problem to one or several neighbouring eNodeBs. AI: PLMN ID-eNB ID 1 = 2221-650166
2025-09-12;09:46:30;AL  ;Minor ;ENodeBFunction=1;External Link Failure;X2 link problem to one or several neighbouring eNodeBs. AI: PLMN ID-eNB ID 1 = 2221-650166 PLMN ID-eNB ID 2 = 2221-650639
2025-09-12;11:04:11;AL  ;Cleared;EUtraNetwork=1,ExternalENodeBFunction=2221-650638;Inter Node Carrier Aggregation Service Unavailable;Elastic RAN Carrier Aggregation is not available towards remote eNodeB.
2025-09-12;11:09:25;AL  ;Minor ;EUtraNetwork=1,ExternalENodeBFunction=2221-650638;Inter Node Carrier Aggregation Service Unavailable;Elastic RAN Carrier Aggregation is not available towards remote eNodeB.
2025-09-12;12:28:01;AL  ;Minor ;ENodeBFunction=1;External Link Failure;X2 link problem to one or several neighbouring eNodeBs. AI: PLMN ID-eNB ID 1 = 2221-650166
2025-09-12;16:18:21;AL  ;Cleared;ENodeBFunction=1;External Link Failure;X2 link problem to one or several neighbouring eNodeBs. AI: PLMN ID-eNB ID 1 = 2221-650166
2025-09-12;20:55:07;AL  ;Minor ;ENodeBFunction=1;External Link Failure;X2 link problem to one or several neighbouring eNodeBs. AI: PLMN ID-eNB ID 1 = 2221-650562
2025-09-12;21:33:17;AL  ;Minor ;EUtraNetwork=1,ExternalENodeBFunction=2221-650166;Inter Node Feature Incompatibility;Elastic RAN feature is not activated in remote eNodeB. SUPPRESSED
2025-09-13;00:08:29;AL  ;Minor ;EUtraNetwork=1,ExternalENodeBFunction=2221-600255;Inconsistent Configuration;Elastic RAN cannot be activated towards remote eNodeB. VLAN IDs do not match. Expected Vlan Id: 3908, Please check the eRAN Vlan Id at the remote eNodeB
2025-09-13;09:20:46;AL  ;Cleared;ENodeBFunction=1;External Link Failure;X2 link problem to one or several neighbouring eNodeBs. AI: PLMN ID-eNB ID 1 = 2221-650562
2025-09-13;10:54:31;AL  ;Cleared;EUtraNetwork=1,ExternalENodeBFunction=2221-650638;Inter Node Carrier Aggregation Service Unavailable;Elastic RAN Carrier Aggregation is not available towards remote eNodeB.
2025-09-13;10:56:49;AL  ;Minor ;ENodeBFunction=1;External Link Failure;X2 link problem to one or several neighbouring eNodeBs. AI: PLMN ID-eNB ID 1 = 2221-211431
2025-09-13;10:59:48;AL  ;Minor ;EUtraNetwork=1,ExternalENodeBFunction=2221-650638;Inter Node Carrier Aggregation Service Unavailable;Elastic RAN Carrier Aggregation is not available towards remote eNodeB.
2025-09-13;12:51:07;AL  ;Cleared;ENodeBFunction=1;External Link Failure;X2 link problem to one or several neighbouring eNodeBs. AI: PLMN ID-eNB ID 1 = 2221-211431
2025-09-13;23:31:06;AL  ;Minor ;EUtraNetwork=1,ExternalENodeBFunction=2221-650562;Inter Node Carrier Aggregation Service Unavailable;Elastic RAN Carrier Aggregation is not available towards remote eNodeB.
2025-09-14;07:04:44;AL  ;Cleared;EUtraNetwork=1,ExternalENodeBFunction=2221-650646;Inter Node Carrier Aggregation Service Unavailable;Elastic RAN Carrier Aggregation is not available towards remote eNodeB.
2025-09-14;07:04:51;AL  ;Cleared;EUtraNetwork=1,ExternalENodeBFunction=2221-650562;Inter Node Carrier Aggregation Service Unavailable;Elastic RAN Carrier Aggregation is not available towards remote eNodeB.
2025-09-14;07:04:55;AL  ;Cleared;EUtraNetwork=1,ExternalENodeBFunction=2221-212517;Inter Node Carrier Aggregation Service Unavailable;Elastic RAN Carrier Aggregation is not available towards remote eNodeB.
2025-09-14;07:05:00;AL  ;Cleared;EUtraNetwork=1,ExternalENodeBFunction=2221-650474;Inter Node Carrier Aggregation Service Unavailable;Elastic RAN Carrier Aggregation is not available towards remote eNodeB.
2025-09-14;07:05:06;AL  ;Minor ;EUtraNetwork=1,ExternalENodeBFunction=2221-650646;Inter Node Carrier Aggregation Service Unavailable;Elastic RAN Carrier Aggregation is not available towards remote eNodeB.
2025-09-14;07:05:06;AL  ;Cleared;EUtraNetwork=1,ExternalENodeBFunction=2221-650204;Inter Node Carrier Aggregation Service Unavailable;Elastic RAN Carrier Aggregation is not available towards remote eNodeB.
2025-09-14;07:05:15;AL  ;Cleared;EUtraNetwork=1,ExternalENodeBFunction=2221-650638;Inter Node Carrier Aggregation Service Unavailable;Elastic RAN Carrier Aggregation is not available towards remote eNodeB.
2025-09-14;07:05:22;AL  ;Cleared;EUtraNetwork=1,ExternalENodeBFunction=2221-650409;Inter Node Carrier Aggregation Service Unavailable;Elastic RAN Carrier Aggregation is not available towards remote eNodeB.
2025-09-14;07:05:23;AL  ;Minor ;EUtraNetwork=1,ExternalENodeBFunction=2221-650638;Inter Node Carrier Aggregation Service Unavailable;Elastic RAN Carrier Aggregation is not available towards remote eNodeB.
2025-09-14;07:05:27;AL  ;Cleared;EUtraNetwork=1,ExternalENodeBFunction=2221-207301;Inter Node Carrier Aggregation Service Unavailable;Elastic RAN Carrier Aggregation is not available towards remote eNodeB.
2025-09-14;07:05:53;AL  ;Minor ;EUtraNetwork=1,ExternalENodeBFunction=2221-650562;Inter Node Carrier Aggregation Service Unavailable;Elastic RAN Carrier Aggregation is not available towards remote eNodeB.
2025-09-14;07:06:01;AL  ;Minor ;EUtraNetwork=1,ExternalENodeBFunction=2221-650204;Inter Node Carrier Aggregation Service Unavailable;Elastic RAN Carrier Aggregation is not available towards remote eNodeB.
2025-09-14;07:06:03;AL  ;Minor ;EUtraNetwork=1,ExternalENodeBFunction=2221-650474;Inter Node Carrier Aggregation Service Unavailable;Elastic RAN Carrier Aggregation is not available towards remote eNodeB.
2025-09-14;07:06:24;AL  ;Minor ;EUtraNetwork=1,ExternalENodeBFunction=2221-650409;Inter Node Carrier Aggregation Service Unavailable;Elastic RAN Carrier Aggregation is not available towards remote eNodeB.
2025-09-14;07:06:29;AL  ;Minor ;EUtraNetwork=1,ExternalENodeBFunction=2221-207301;Inter Node Carrier Aggregation Service Unavailable;Elastic RAN Carrier Aggregation is not available towards remote eNodeB.
2025-09-14;07:23:29;AL  ;Cleared;EUtraNetwork=1,ExternalENodeBFunction=2221-207301;Inter Node Carrier Aggregation Service Unavailable;Elastic RAN Carrier Aggregation is not available towards remote eNodeB.
2025-09-14;07:24:10;AL  ;Cleared;EUtraNetwork=1,ExternalENodeBFunction=2221-650409;Inter Node Carrier Aggregation Service Unavailable;Elastic RAN Carrier Aggregation is not available towards remote eNodeB.
2025-09-14;08:06:48;AL  ;Minor ;EUtraNetwork=1,ExternalENodeBFunction=2221-650526;Inter Node Carrier Aggregation Service Unavailable;Elastic RAN Carrier Aggregation is not available towards remote eNodeB.
2025-09-14;08:06:50;AL  ;Minor ;EUtraNetwork=1,ExternalENodeBFunction=2221-650740;Inter Node Carrier Aggregation Service Unavailable;Elastic RAN Carrier Aggregation is not available towards remote eNodeB.
2025-09-14;08:15:27;AL  ;Cleared;EUtraNetwork=1,ExternalENodeBFunction=2221-650474;Inter Node Carrier Aggregation Service Unavailable;Elastic RAN Carrier Aggregation is not available towards remote eNodeB.
2025-09-14;08:24:50;AL  ;Cleared;EUtraNetwork=1,ExternalENodeBFunction=2221-650646;Inter Node Carrier Aggregation Service Unavailable;Elastic RAN Carrier Aggregation is not available towards remote eNodeB.
2025-09-14;09:27:08;AL  ;Cleared;EUtraNetwork=1,ExternalENodeBFunction=2221-650562;Inter Node Carrier Aggregation Service Unavailable;Elastic RAN Carrier Aggregation is not available towards remote eNodeB.
2025-09-14;09:35:18;AL  ;Cleared;EUtraNetwork=1,ExternalENodeBFunction=2221-650204;Inter Node Carrier Aggregation Service Unavailable;Elastic RAN Carrier Aggregation is not available towards remote eNodeB.
2025-09-14;10:58:39;AL  ;Cleared;EUtraNetwork=1,ExternalENodeBFunction=2221-650638;Inter Node Carrier Aggregation Service Unavailable;Elastic RAN Carrier Aggregation is not available towards remote eNodeB.
2025-09-14;11:03:55;AL  ;Minor ;EUtraNetwork=1,ExternalENodeBFunction=2221-650638;Inter Node Carrier Aggregation Service Unavailable;Elastic RAN Carrier Aggregation is not available towards remote eNodeB.
2025-09-14;12:38:03;AL  ;Cleared;EUtraNetwork=1,ExternalENodeBFunction=2221-650638;Inter Node Carrier Aggregation Service Unavailable;Elastic RAN Carrier Aggregation is not available towards remote eNodeB.
2025-09-14;13:25:00;AL  ;Minor ;EUtraNetwork=1,ExternalENodeBFunction=2221-650204;Inter Node Carrier Aggregation Service Unavailable;Elastic RAN Carrier Aggregation is not available towards remote eNodeB.
2025-09-15;06:01:54;AL  ;Minor ;EUtraNetwork=1,ExternalENodeBFunction=2221-650638;Inter Node Carrier Aggregation Service Unavailable;Elastic RAN Carrier Aggregation is not available towards remote eNodeB.
2025-09-15;10:59:59;AL  ;Cleared;EUtraNetwork=1,ExternalENodeBFunction=2221-650638;Inter Node Carrier Aggregation Service Unavailable;Elastic RAN Carrier Aggregation is not available towards remote eNodeB.
2025-09-15;11:05:14;AL  ;Minor ;EUtraNetwork=1,ExternalENodeBFunction=2221-650638;Inter Node Carrier Aggregation Service Unavailable;Elastic RAN Carrier Aggregation is not available towards remote eNodeB.
2025-09-15;15:51:39;AL  ;Minor ;EUtraNetwork=1,ExternalENodeBFunction=2221-207301;Inter Node Carrier Aggregation Service Unavailable;Elastic RAN Carrier Aggregation is not available towards remote eNodeB.
2025-09-16;03:10:27;AL  ;Minor ;EUtraNetwork=1,ExternalENodeBFunction=2221-650409;Inter Node Carrier Aggregation Service Unavailable;Elastic RAN Carrier Aggregation is not available towards remote eNodeB.
2025-09-16;08:50:45;AL  ;Minor ;ENodeBFunction=1;External Link Failure;X2 link problem to one or several neighbouring eNodeBs. AI: PLMN ID-eNB ID 1 = 2221-650727
2025-09-16;09:56:04;AL  ;Warning;ENodeBFunction=1;PLMN Service Redundancy Lost;S1 connection failure for PLMN connected with link represented by MO listed in Additional Information. AI: PLMN = ["2221"],DN1=ManagedElement=1,ENodeBFunction=1,TermPointToMme=5,
2025-09-16;09:56:34;AL  ;Cleared;ENodeBFunction=1;PLMN Service Redundancy Lost;S1 connection failure for PLMN connected with link represented by MO listed in Additional Information. AI: PLMN = ["2221"],DN1=ManagedElement=1,ENodeBFunction=1,TermPointToMme=5,
2025-09-16;10:07:09;AL  ;Warning;ENodeBFunction=1;PLMN Service Redundancy Lost;S1 connection failure for PLMN connected with link represented by MO listed in Additional Information. AI: PLMN = ["2221"],DN1=ManagedElement=1,ENodeBFunction=1,TermPointToMme=5,
2025-09-16;10:07:39;AL  ;Cleared;ENodeBFunction=1;PLMN Service Redundancy Lost;S1 connection failure for PLMN connected with link represented by MO listed in Additional Information. AI: PLMN = ["2221"],DN1=ManagedElement=1,ENodeBFunction=1,TermPointToMme=5,
2025-09-16;11:04:43;AL  ;Cleared;EUtraNetwork=1,ExternalENodeBFunction=2221-650638;Inter Node Carrier Aggregation Service Unavailable;Elastic RAN Carrier Aggregation is not available towards remote eNodeB.
2025-09-16;11:09:58;AL  ;Minor ;EUtraNetwork=1,ExternalENodeBFunction=2221-650638;Inter Node Carrier Aggregation Service Unavailable;Elastic RAN Carrier Aggregation is not available towards remote eNodeB.
2025-09-16;14:59:19;AL  ;Cleared;ENodeBFunction=1;External Link Failure;X2 link problem to one or several neighbouring eNodeBs. AI: PLMN ID-eNB ID 1 = 2221-650727
2025-09-16;18:33:56;AL  ;Minor ;EUtraNetwork=1,ExternalENodeBFunction=2221-650474;Inter Node Carrier Aggregation Service Unavailable;Elastic RAN Carrier Aggregation is not available towards remote eNodeB.
2025-09-17;06:52:14;AL  ;Minor ;ENodeBFunction=1;External Link Failure;X2 link problem to one or several neighbouring eNodeBs. AI: PLMN ID-eNB ID 1 = 2221-600808
2025-09-17;09:45:37;AL  ;Cleared;ENodeBFunction=1;External Link Failure;X2 link problem to one or several neighbouring eNodeBs. AI: PLMN ID-eNB ID 1 = 2221-600808
2025-09-17;11:41:04;AL  ;Cleared;EUtraNetwork=1,ExternalENodeBFunction=2221-650638;Inter Node Carrier Aggregation Service Unavailable;Elastic RAN Carrier Aggregation is not available towards remote eNodeB.
2025-09-17;11:46:19;AL  ;Minor ;EUtraNetwork=1,ExternalENodeBFunction=2221-650638;Inter Node Carrier Aggregation Service Unavailable;Elastic RAN Carrier Aggregation is not available towards remote eNodeB.
2025-09-17;13:06:11;AL  ;Minor ;EUtraNetwork=1,ExternalENodeBFunction=2221-650637;Inter Node Carrier Aggregation Service Unavailable;Elastic RAN Carrier Aggregation is not available towards remote eNodeB.
2025-09-18;11:04:38;AL  ;Cleared;EUtraNetwork=1,ExternalENodeBFunction=2221-650638;Inter Node Carrier Aggregation Service Unavailable;Elastic RAN Carrier Aggregation is not available towards remote eNodeB.
2025-09-18;11:09:51;AL  ;Minor ;EUtraNetwork=1,ExternalENodeBFunction=2221-650638;Inter Node Carrier Aggregation Service Unavailable;Elastic RAN Carrier Aggregation is not available towards remote eNodeB.
2025-09-18;20:11:25;AL  ;Minor ;ENodeBFunction=1;External Link Failure;X2 link problem to one or several neighbouring eNodeBs. AI: PLMN ID-eNB ID 1 = 2221-650824
2025-09-18;21:43:56;AL  ;Cleared;EUtraNetwork=1,ExternalENodeBFunction=2221-650740;Inter Node Carrier Aggregation Service Unavailable;Elastic RAN Carrier Aggregation is not available towards remote eNodeB.
2025-09-18;21:58:33;AL  ;Minor ;EUtraNetwork=1,ExternalENodeBFunction=2221-650740;Inter Node Carrier Aggregation Service Unavailable;Elastic RAN Carrier Aggregation is not available towards remote eNodeB.
2025-09-18;23:03:35;AL  ;Minor ;ENodeBFunction=1;External Link Failure;X2 link problem to one or several neighbouring eNodeBs. AI: PLMN ID-eNB ID 1 = 2221-650824 PLMN ID-eNB ID 2 = 2221-210525
2025-09-18;23:03:50;AL  ;Minor ;ENodeBFunction=1;External Link to GNodeB Failure;X2 link problem to one or several neighbouring gNodeBs. AI: PLMN ID-gNB ID 1 = 2221-1057136
2025-09-18;23:12:31;AL  ;Cleared;ENodeBFunction=1;External Link to GNodeB Failure;X2 link problem to one or several neighbouring gNodeBs. AI: PLMN ID-gNB ID 1 = 2221-1057136
2025-09-18;23:12:53;AL  ;Minor ;ENodeBFunction=1;External Link Failure;X2 link problem to one or several neighbouring eNodeBs. AI: PLMN ID-eNB ID 1 = 2221-650824
2025-09-19;08:09:23;AL  ;Minor ;ENodeBFunction=1;External Link Failure;X2 link problem to one or several neighbouring eNodeBs. AI: PLMN ID-eNB ID 1 = 2221-650824 PLMN ID-eNB ID 2 = 2221-650133
2025-09-19;09:08:21;AL  ;Minor ;ENodeBFunction=1;External Link Failure;X2 link problem to one or several neighbouring eNodeBs. AI: PLMN ID-eNB ID 1 = 2221-650824
2025-09-19;10:54:08;AL  ;Cleared;EUtraNetwork=1,ExternalENodeBFunction=2221-650638;Inter Node Carrier Aggregation Service Unavailable;Elastic RAN Carrier Aggregation is not available towards remote eNodeB.
2025-09-19;10:59:23;AL  ;Minor ;EUtraNetwork=1,ExternalENodeBFunction=2221-650638;Inter Node Carrier Aggregation Service Unavailable;Elastic RAN Carrier Aggregation is not available towards remote eNodeB.
2025-09-19;15:48:53;AL  ;Cleared;ENodeBFunction=1;External Link Failure;X2 link problem to one or several neighbouring eNodeBs. AI: PLMN ID-eNB ID 1 = 2221-650824
2025-09-20;10:54:28;AL  ;Cleared;EUtraNetwork=1,ExternalENodeBFunction=2221-650638;Inter Node Carrier Aggregation Service Unavailable;Elastic RAN Carrier Aggregation is not available towards remote eNodeB.
2025-09-20;10:59:41;AL  ;Minor ;EUtraNetwork=1,ExternalENodeBFunction=2221-650638;Inter Node Carrier Aggregation Service Unavailable;Elastic RAN Carrier Aggregation is not available towards remote eNodeB.
2025-09-21;07:04:42;AL  ;Cleared;EUtraNetwork=1,ExternalENodeBFunction=2221-650740;Inter Node Carrier Aggregation Service Unavailable;Elastic RAN Carrier Aggregation is not available towards remote eNodeB.
2025-09-21;07:04:47;AL  ;Cleared;EUtraNetwork=1,ExternalENodeBFunction=2221-650526;Inter Node Carrier Aggregation Service Unavailable;Elastic RAN Carrier Aggregation is not available towards remote eNodeB.
2025-09-21;07:04:52;AL  ;Cleared;EUtraNetwork=1,ExternalENodeBFunction=2221-650637;Inter Node Carrier Aggregation Service Unavailable;Elastic RAN Carrier Aggregation is not available towards remote eNodeB.
2025-09-21;07:04:57;AL  ;Cleared;EUtraNetwork=1,ExternalENodeBFunction=2221-650474;Inter Node Carrier Aggregation Service Unavailable;Elastic RAN Carrier Aggregation is not available towards remote eNodeB.
2025-09-21;07:05:03;AL  ;Cleared;EUtraNetwork=1,ExternalENodeBFunction=2221-650204;Inter Node Carrier Aggregation Service Unavailable;Elastic RAN Carrier Aggregation is not available towards remote eNodeB.
2025-09-21;07:05:11;AL  ;Cleared;EUtraNetwork=1,ExternalENodeBFunction=2221-650638;Inter Node Carrier Aggregation Service Unavailable;Elastic RAN Carrier Aggregation is not available towards remote eNodeB.
2025-09-21;07:05:18;AL  ;Cleared;EUtraNetwork=1,ExternalENodeBFunction=2221-650409;Inter Node Carrier Aggregation Service Unavailable;Elastic RAN Carrier Aggregation is not available towards remote eNodeB.
2025-09-21;07:05:20;AL  ;Minor ;EUtraNetwork=1,ExternalENodeBFunction=2221-650204;Inter Node Carrier Aggregation Service Unavailable;Elastic RAN Carrier Aggregation is not available towards remote eNodeB.
2025-09-21;07:05:23;AL  ;Cleared;EUtraNetwork=1,ExternalENodeBFunction=2221-207301;Inter Node Carrier Aggregation Service Unavailable;Elastic RAN Carrier Aggregation is not available towards remote eNodeB.
2025-09-21;07:05:33;AL  ;Minor ;EUtraNetwork=1,ExternalENodeBFunction=2221-650409;Inter Node Carrier Aggregation Service Unavailable;Elastic RAN Carrier Aggregation is not available towards remote eNodeB.
2025-09-21;07:05:44;AL  ;Minor ;EUtraNetwork=1,ExternalENodeBFunction=2221-650740;Inter Node Carrier Aggregation Service Unavailable;Elastic RAN Carrier Aggregation is not available towards remote eNodeB.
2025-09-21;07:05:47;AL  ;Minor ;EUtraNetwork=1,ExternalENodeBFunction=2221-650526;Inter Node Carrier Aggregation Service Unavailable;Elastic RAN Carrier Aggregation is not available towards remote eNodeB.
2025-09-21;07:05:59;AL  ;Minor ;EUtraNetwork=1,ExternalENodeBFunction=2221-650474;Inter Node Carrier Aggregation Service Unavailable;Elastic RAN Carrier Aggregation is not available towards remote eNodeB.
2025-09-21;07:22:38;AL  ;Cleared;EUtraNetwork=1,ExternalENodeBFunction=2221-650409;Inter Node Carrier Aggregation Service Unavailable;Elastic RAN Carrier Aggregation is not available towards remote eNodeB.
2025-09-21;08:01:16;AL  ;Cleared;EUtraNetwork=1,ExternalENodeBFunction=2221-650526;Inter Node Carrier Aggregation Service Unavailable;Elastic RAN Carrier Aggregation is not available towards remote eNodeB.
2025-09-21;08:01:28;AL  ;Cleared;EUtraNetwork=1,ExternalENodeBFunction=2221-650740;Inter Node Carrier Aggregation Service Unavailable;Elastic RAN Carrier Aggregation is not available towards remote eNodeB.
2025-09-21;08:08:29;AL  ;Cleared;EUtraNetwork=1,ExternalENodeBFunction=2221-650474;Inter Node Carrier Aggregation Service Unavailable;Elastic RAN Carrier Aggregation is not available towards remote eNodeB.
2025-09-21;09:23:25;AL  ;Cleared;EUtraNetwork=1,ExternalENodeBFunction=2221-650204;Inter Node Carrier Aggregation Service Unavailable;Elastic RAN Carrier Aggregation is not available towards remote eNodeB.
2025-09-21;12:06:17;AL  ;Minor ;ENodeBFunction=1;External Link Failure;X2 link problem to one or several neighbouring eNodeBs. AI: PLMN ID-eNB ID 1 = 2221-400802
2025-09-21;13:34:56;AL  ;Cleared;EUtraNetwork=1,ExternalENodeBFunction=2221-650166;Inter Node Feature Incompatibility;Elastic RAN feature is not activated in remote eNodeB. SUPPRESSED
2025-09-21;17:54:01;AL  ;Minor ;EUtraNetwork=1,ExternalENodeBFunction=2221-650148;Inter Node Carrier Aggregation Service Unavailable;Elastic RAN Carrier Aggregation is not available towards remote eNodeB.
2025-09-21;22:36:59;AL  ;Minor ;EUtraNetwork=1,ExternalENodeBFunction=2221-650166;Inter Node Feature Incompatibility;Elastic RAN feature is not activated in remote eNodeB. SUPPRESSED
2025-09-21;22:43:25;AL  ;Cleared;EUtraNetwork=1,ExternalENodeBFunction=2221-650148;Inter Node Carrier Aggregation Service Unavailable;Elastic RAN Carrier Aggregation is not available towards remote eNodeB.
2025-09-22;00:55:33;AL  ;Minor ;ENodeBFunction=1;External Link Failure;X2 link problem to one or several neighbouring eNodeBs. AI: PLMN ID-eNB ID 1 = 2221-400802 PLMN ID-eNB ID 2 = 2221-650148
2025-09-22;00:57:47;AL  ;Minor ;ENodeBFunction=1;External Link Failure;X2 link problem to one or several neighbouring eNodeBs. AI: PLMN ID-eNB ID 1 = 2221-400802
2025-09-22;05:44:03;AL  ;Minor ;EUtraNetwork=1,ExternalENodeBFunction=2221-650204;Inter Node Carrier Aggregation Service Unavailable;Elastic RAN Carrier Aggregation is not available towards remote eNodeB.
2025-09-22;06:41:51;AL  ;Cleared;ENodeBFunction=1;External Link Failure;X2 link problem to one or several neighbouring eNodeBs. AI: PLMN ID-eNB ID 1 = 2221-400802
2025-09-22;11:51:39;AL  ;Minor ;EUtraNetwork=1,ExternalENodeBFunction=2221-207301;Inter Node Carrier Aggregation Service Unavailable;Elastic RAN Carrier Aggregation is not available towards remote eNodeB.
2025-09-22;19:07:02;AL  ;Minor ;EUtraNetwork=1,ExternalENodeBFunction=2221-650409;Inter Node Carrier Aggregation Service Unavailable;Elastic RAN Carrier Aggregation is not available towards remote eNodeB.
2025-09-22;19:07:03;AL  ;Minor ;EUtraNetwork=1,ExternalENodeBFunction=2221-650638;Inter Node Carrier Aggregation Service Unavailable;Elastic RAN Carrier Aggregation is not available towards remote eNodeB.
2025-09-23;10:00:50;AL  ;Minor ;ENodeBFunction=1;External Link Failure;X2 link problem to one or several neighbouring eNodeBs. AI: PLMN ID-eNB ID 1 = 2221-650482
2025-09-23;10:09:19;AL  ;Cleared;ENodeBFunction=1;External Link Failure;X2 link problem to one or several neighbouring eNodeBs. AI: PLMN ID-eNB ID 1 = 2221-650482
2025-09-23;10:48:48;AL  ;Cleared;EUtraNetwork=1,ExternalENodeBFunction=2221-650638;Inter Node Carrier Aggregation Service Unavailable;Elastic RAN Carrier Aggregation is not available towards remote eNodeB.
2025-09-23;10:54:01;AL  ;Minor ;EUtraNetwork=1,ExternalENodeBFunction=2221-650638;Inter Node Carrier Aggregation Service Unavailable;Elastic RAN Carrier Aggregation is not available towards remote eNodeB.
2025-09-23;14:30:05;AL  ;Minor ;EUtraNetwork=1,ExternalENodeBFunction=2221-650637;Inter Node Carrier Aggregation Service Unavailable;Elastic RAN Carrier Aggregation is not available towards remote eNodeB.
2025-09-23;16:17:14;AL  ;Minor ;ENodeBFunction=1;External Link Failure;X2 link problem to one or several neighbouring eNodeBs. AI: PLMN ID-eNB ID 1 = 2221-650148
2025-09-23;20:26:12;AL  ;Cleared;ENodeBFunction=1;External Link Failure;X2 link problem to one or several neighbouring eNodeBs. AI: PLMN ID-eNB ID 1 = 2221-650148
2025-09-23;20:28:59;AL  ;Minor ;EUtraNetwork=1,ExternalENodeBFunction=2221-650148;Inter Node Carrier Aggregation Service Unavailable;Elastic RAN Carrier Aggregation is not available towards remote eNodeB.
2025-09-24;11:12:26;AL  ;Cleared;EUtraNetwork=1,ExternalENodeBFunction=2221-650638;Inter Node Carrier Aggregation Service Unavailable;Elastic RAN Carrier Aggregation is not available towards remote eNodeB.
2025-09-24;11:17:43;AL  ;Minor ;EUtraNetwork=1,ExternalENodeBFunction=2221-650638;Inter Node Carrier Aggregation Service Unavailable;Elastic RAN Carrier Aggregation is not available towards remote eNodeB.
2025-09-24;22:15:54;AL  ;Minor ;EUtraNetwork=1,ExternalENodeBFunction=2221-650646;Inter Node Carrier Aggregation Service Unavailable;Elastic RAN Carrier Aggregation is not available towards remote eNodeB.
2025-09-25;10:37:29;AL  ;Cleared;EUtraNetwork=1,ExternalENodeBFunction=2221-650646;Inter Node Carrier Aggregation Service Unavailable;Elastic RAN Carrier Aggregation is not available towards remote eNodeB.
2025-09-25;10:58:46;AL  ;Cleared;EUtraNetwork=1,ExternalENodeBFunction=2221-650638;Inter Node Carrier Aggregation Service Unavailable;Elastic RAN Carrier Aggregation is not available towards remote eNodeB.
2025-09-25;11:03:59;AL  ;Minor ;EUtraNetwork=1,ExternalENodeBFunction=2221-650638;Inter Node Carrier Aggregation Service Unavailable;Elastic RAN Carrier Aggregation is not available towards remote eNodeB.
2025-09-26;11:01:17;AL  ;Cleared;EUtraNetwork=1,ExternalENodeBFunction=2221-650638;Inter Node Carrier Aggregation Service Unavailable;Elastic RAN Carrier Aggregation is not available towards remote eNodeB.
2025-09-26;21:28:23;AL  ;Minor ;EUtraNetwork=1,ExternalENodeBFunction=2221-650474;Inter Node Carrier Aggregation Service Unavailable;Elastic RAN Carrier Aggregation is not available towards remote eNodeB.
2025-09-27;08:05:14;AL  ;Minor ;ENodeBFunction=1;External Link Failure;X2 link problem to one or several neighbouring eNodeBs. AI: PLMN ID-eNB ID 1 = 2221-600315
2025-09-27;08:09:40;AL  ;Minor ;ENodeBFunction=1;External Link Failure;X2 link problem to one or several neighbouring eNodeBs. AI: PLMN ID-eNB ID 1 = 2221-600718
2025-09-27;08:10:28;AL  ;Cleared;ENodeBFunction=1;External Link Failure;X2 link problem to one or several neighbouring eNodeBs. AI: PLMN ID-eNB ID 1 = 2221-600718
2025-09-28;07:04:36;AL  ;Cleared;EUtraNetwork=1,ExternalENodeBFunction=2221-650637;Inter Node Carrier Aggregation Service Unavailable;Elastic RAN Carrier Aggregation is not available towards remote eNodeB.
2025-09-28;07:04:40;AL  ;Cleared;EUtraNetwork=1,ExternalENodeBFunction=2221-650474;Inter Node Carrier Aggregation Service Unavailable;Elastic RAN Carrier Aggregation is not available towards remote eNodeB.
2025-09-28;07:04:45;AL  ;Cleared;EUtraNetwork=1,ExternalENodeBFunction=2221-650204;Inter Node Carrier Aggregation Service Unavailable;Elastic RAN Carrier Aggregation is not available towards remote eNodeB.
2025-09-28;07:04:54;AL  ;Cleared;EUtraNetwork=1,ExternalENodeBFunction=2221-650148;Inter Node Carrier Aggregation Service Unavailable;Elastic RAN Carrier Aggregation is not available towards remote eNodeB.
2025-09-28;07:04:58;AL  ;Cleared;EUtraNetwork=1,ExternalENodeBFunction=2221-650409;Inter Node Carrier Aggregation Service Unavailable;Elastic RAN Carrier Aggregation is not available towards remote eNodeB.
2025-09-28;07:05:03;AL  ;Minor ;EUtraNetwork=1,ExternalENodeBFunction=2221-650204;Inter Node Carrier Aggregation Service Unavailable;Elastic RAN Carrier Aggregation is not available towards remote eNodeB.
2025-09-28;07:05:03;AL  ;Cleared;EUtraNetwork=1,ExternalENodeBFunction=2221-207301;Inter Node Carrier Aggregation Service Unavailable;Elastic RAN Carrier Aggregation is not available towards remote eNodeB.
2025-09-28;07:05:46;AL  ;Minor ;EUtraNetwork=1,ExternalENodeBFunction=2221-650474;Inter Node Carrier Aggregation Service Unavailable;Elastic RAN Carrier Aggregation is not available towards remote eNodeB.
2025-09-28;07:05:56;AL  ;Minor ;EUtraNetwork=1,ExternalENodeBFunction=2221-650148;Inter Node Carrier Aggregation Service Unavailable;Elastic RAN Carrier Aggregation is not available towards remote eNodeB.
2025-09-28;07:06:00;AL  ;Minor ;EUtraNetwork=1,ExternalENodeBFunction=2221-650409;Inter Node Carrier Aggregation Service Unavailable;Elastic RAN Carrier Aggregation is not available towards remote eNodeB.
2025-09-28;07:15:56;AL  ;Cleared;EUtraNetwork=1,ExternalENodeBFunction=2221-650148;Inter Node Carrier Aggregation Service Unavailable;Elastic RAN Carrier Aggregation is not available towards remote eNodeB.
2025-09-28;07:23:11;AL  ;Cleared;EUtraNetwork=1,ExternalENodeBFunction=2221-650409;Inter Node Carrier Aggregation Service Unavailable;Elastic RAN Carrier Aggregation is not available towards remote eNodeB.
2025-09-28;07:23:13;AL  ;Minor ;EUtraNetwork=1,ExternalENodeBFunction=2221-650646;Inter Node Carrier Aggregation Service Unavailable;Elastic RAN Carrier Aggregation is not available towards remote eNodeB.
2025-09-28;08:10:15;AL  ;Cleared;EUtraNetwork=1,ExternalENodeBFunction=2221-650474;Inter Node Carrier Aggregation Service Unavailable;Elastic RAN Carrier Aggregation is not available towards remote eNodeB.
2025-09-28;08:19:12;AL  ;Cleared;EUtraNetwork=1,ExternalENodeBFunction=2221-650646;Inter Node Carrier Aggregation Service Unavailable;Elastic RAN Carrier Aggregation is not available towards remote eNodeB.
2025-09-28;08:20:10;AL  ;Minor ;EUtraNetwork=1,ExternalENodeBFunction=2221-650646;Inter Node Carrier Aggregation Service Unavailable;Elastic RAN Carrier Aggregation is not available towards remote eNodeB.
2025-09-28;08:42:13;AL  ;Minor ;EUtraNetwork=1,ExternalENodeBFunction=2221-650241;Inter Node Carrier Aggregation Service Unavailable;Elastic RAN Carrier Aggregation is not available towards remote eNodeB.
2025-09-28;08:50:18;AL  ;Minor ;EUtraNetwork=1,ExternalENodeBFunction=2221-650638;Inter Node Carrier Aggregation Service Unavailable;Elastic RAN Carrier Aggregation is not available towards remote eNodeB.
2025-09-28;09:24:43;AL  ;Cleared;EUtraNetwork=1,ExternalENodeBFunction=2221-650204;Inter Node Carrier Aggregation Service Unavailable;Elastic RAN Carrier Aggregation is not available towards remote eNodeB.
2025-09-28;12:14:17;AL  ;Cleared;EUtraNetwork=1,ExternalENodeBFunction=2221-650638;Inter Node Carrier Aggregation Service Unavailable;Elastic RAN Carrier Aggregation is not available towards remote eNodeB.
2025-09-29;06:01:20;AL  ;Minor ;EUtraNetwork=1,ExternalENodeBFunction=2221-650204;Inter Node Carrier Aggregation Service Unavailable;Elastic RAN Carrier Aggregation is not available towards remote eNodeB.
2025-09-29;08:45:46;AL  ;Minor ;ENodeBFunction=1;External Link Failure;X2 link problem to one or several neighbouring eNodeBs. AI: PLMN ID-eNB ID 1 = 2221-214277
2025-09-29;10:43:51;AL  ;Cleared;ENodeBFunction=1;External Link Failure;X2 link problem to one or several neighbouring eNodeBs. AI: PLMN ID-eNB ID 1 = 2221-214277
2025-09-29;12:47:11;AL  ;Minor ;EUtraNetwork=1,ExternalENodeBFunction=2221-650526;Inter Node Carrier Aggregation Service Unavailable;Elastic RAN Carrier Aggregation is not available towards remote eNodeB.
2025-09-29;15:05:36;AL  ;Minor ;ENodeBFunction=1;External Link Failure;X2 link problem to one or several neighbouring eNodeBs. AI: PLMN ID-eNB ID 1 = 2221-650172
2025-09-29;15:14:00;AL  ;Cleared;ENodeBFunction=1;External Link Failure;X2 link problem to one or several neighbouring eNodeBs. AI: PLMN ID-eNB ID 1 = 2221-650172
2025-09-29;16:33:57;AL  ;Minor ;EUtraNetwork=1,ExternalENodeBFunction=2221-650474;Inter Node Carrier Aggregation Service Unavailable;Elastic RAN Carrier Aggregation is not available towards remote eNodeB.
2025-09-29;18:35:15;AL  ;Minor ;EUtraNetwork=1,ExternalENodeBFunction=2221-207301;Inter Node Carrier Aggregation Service Unavailable;Elastic RAN Carrier Aggregation is not available towards remote eNodeB.
2025-09-29;19:24:09;AL  ;Minor ;EUtraNetwork=1,ExternalENodeBFunction=2221-650409;Inter Node Carrier Aggregation Service Unavailable;Elastic RAN Carrier Aggregation is not available towards remote eNodeB.
2025-10-01;09:23:12;AL  ;Minor ;ENodeBFunction=1;External Link Failure;X2 link problem to one or several neighbouring eNodeBs. AI: PLMN ID-eNB ID 1 = 2221-212847
2025-10-01;09:52:11;AL  ;Cleared;EUtraNetwork=1,ExternalENodeBFunction=2221-650526;Inter Node Carrier Aggregation Service Unavailable;Elastic RAN Carrier Aggregation is not available towards remote eNodeB.
2025-10-01;09:55:44;AL  ;Minor ;EUtraNetwork=1,ExternalENodeBFunction=2221-650526;Inter Node Carrier Aggregation Service Unavailable;Elastic RAN Carrier Aggregation is not available towards remote eNodeB.
2025-10-01;09:58:29;AL  ;Cleared;EUtraNetwork=1,ExternalENodeBFunction=2221-650526;Inter Node Carrier Aggregation Service Unavailable;Elastic RAN Carrier Aggregation is not available towards remote eNodeB.
2025-10-01;09:59:56;AL  ;Minor ;EUtraNetwork=1,ExternalENodeBFunction=2221-650526;Inter Node Carrier Aggregation Service Unavailable;Elastic RAN Carrier Aggregation is not available towards remote eNodeB.
2025-10-01;10:00:59;AL  ;Cleared;EUtraNetwork=1,ExternalENodeBFunction=2221-650526;Inter Node Carrier Aggregation Service Unavailable;Elastic RAN Carrier Aggregation is not available towards remote eNodeB.
2025-10-01;10:02:54;AL  ;Minor ;EUtraNetwork=1,ExternalENodeBFunction=2221-650526;Inter Node Carrier Aggregation Service Unavailable;Elastic RAN Carrier Aggregation is not available towards remote eNodeB.
2025-10-02;03:23:15;AL  ;Minor ;ENodeBFunction=1;External Link Failure;X2 link problem to one or several neighbouring eNodeBs. AI: PLMN ID-eNB ID 1 = 2221-212847 PLMN ID-eNB ID 2 = 2221-650826
2025-10-02;03:24:15;AL  ;Minor ;ENodeBFunction=1;External Link Failure;X2 link problem to one or several neighbouring eNodeBs. AI: PLMN ID-eNB ID 1 = 2221-212847 PLMN ID-eNB ID 2 = 2221-650826 PLMN ID-eNB ID 3 = 2221-650726
2025-10-02;03:42:54;AL  ;Minor ;ENodeBFunction=1;External Link Failure;X2 link problem to one or several neighbouring eNodeBs. AI: PLMN ID-eNB ID 1 = 2221-212847
2025-10-02;04:00:15;AL  ;Minor ;ENodeBFunction=1;External Link Failure;X2 link problem to one or several neighbouring eNodeBs. AI: PLMN ID-eNB ID 1 = 2221-212847 PLMN ID-eNB ID 2 = 2221-650279
2025-10-02;04:04:07;AL  ;Minor ;ENodeBFunction=1;External Link Failure;X2 link problem to one or several neighbouring eNodeBs. AI: PLMN ID-eNB ID 1 = 2221-212847
2025-10-02;06:25:45;AL  ;Minor ;ENodeBFunction=1;External Link Failure;X2 link problem to one or several neighbouring eNodeBs. AI: PLMN ID-eNB ID 1 = 2221-212847 PLMN ID-eNB ID 2 = 2221-600674
2025-10-02;09:29:37;AL  ;Minor ;ENodeBFunction=1;External Link Failure;X2 link problem to one or several neighbouring eNodeBs. AI: PLMN ID-eNB ID 1 = 2221-212847 PLMN ID-eNB ID 2 = 2221-600674 PLMN ID-eNB ID 3 = 2221-400802
2025-10-02;17:54:39;AL  ;Minor ;ENodeBFunction=1;External Link Failure;X2 link problem to one or several neighbouring eNodeBs. AI: PLMN ID-eNB ID 1 = 2221-212847 PLMN ID-eNB ID 2 = 2221-600674
2025-10-03;07:37:52;AL  ;Minor ;ENodeBFunction=1;External Link Failure;X2 link problem to one or several neighbouring eNodeBs. AI: PLMN ID-eNB ID 1 = 2221-212847 PLMN ID-eNB ID 2 = 2221-600674 PLMN ID-eNB ID 3 = 2221-650254
2025-10-03;07:42:19;AL  ;Minor ;ENodeBFunction=1;External Link Failure;X2 link problem to one or several neighbouring eNodeBs. AI: PLMN ID-eNB ID 1 = 2221-212847 PLMN ID-eNB ID 2 = 2221-650254
2025-10-03;10:23:44;AL  ;Minor ;ENodeBFunction=1;External Link Failure;X2 link problem to one or several neighbouring eNodeBs. AI: PLMN ID-eNB ID 1 = 2221-212847
2025-10-05;07:04:44;AL  ;Cleared;EUtraNetwork=1,ExternalENodeBFunction=2221-650526;Inter Node Carrier Aggregation Service Unavailable;Elastic RAN Carrier Aggregation is not available towards remote eNodeB.
2025-10-05;07:04:49;AL  ;Cleared;EUtraNetwork=1,ExternalENodeBFunction=2221-650646;Inter Node Carrier Aggregation Service Unavailable;Elastic RAN Carrier Aggregation is not available towards remote eNodeB.
2025-10-05;07:04:54;AL  ;Cleared;EUtraNetwork=1,ExternalENodeBFunction=2221-650241;Inter Node Carrier Aggregation Service Unavailable;Elastic RAN Carrier Aggregation is not available towards remote eNodeB.
2025-10-05;07:04:55;AL  ;Cleared;ENodeBFunction=1;External Link Failure;X2 link problem to one or several neighbouring eNodeBs. AI: PLMN ID-eNB ID 1 = 2221-212847
2025-10-05;07:04:58;AL  ;Cleared;EUtraNetwork=1,ExternalENodeBFunction=2221-650474;Inter Node Carrier Aggregation Service Unavailable;Elastic RAN Carrier Aggregation is not available towards remote eNodeB.
2025-10-05;07:05:03;AL  ;Cleared;EUtraNetwork=1,ExternalENodeBFunction=2221-650204;Inter Node Carrier Aggregation Service Unavailable;Elastic RAN Carrier Aggregation is not available towards remote eNodeB.
2025-10-05;07:05:11;AL  ;Cleared;EUtraNetwork=1,ExternalENodeBFunction=2221-650409;Inter Node Carrier Aggregation Service Unavailable;Elastic RAN Carrier Aggregation is not available towards remote eNodeB.
2025-10-05;07:05:16;AL  ;Cleared;EUtraNetwork=1,ExternalENodeBFunction=2221-207301;Inter Node Carrier Aggregation Service Unavailable;Elastic RAN Carrier Aggregation is not available towards remote eNodeB.
2025-10-05;07:05:22;AL  ;Minor ;EUtraNetwork=1,ExternalENodeBFunction=2221-650526;Inter Node Carrier Aggregation Service Unavailable;Elastic RAN Carrier Aggregation is not available towards remote eNodeB.
2025-10-05;07:05:30;AL  ;Minor ;EUtraNetwork=1,ExternalENodeBFunction=2221-650241;Inter Node Carrier Aggregation Service Unavailable;Elastic RAN Carrier Aggregation is not available towards remote eNodeB.
2025-10-05;07:05:39;AL  ;Minor ;EUtraNetwork=1,ExternalENodeBFunction=2221-650204;Inter Node Carrier Aggregation Service Unavailable;Elastic RAN Carrier Aggregation is not available towards remote eNodeB.
2025-10-05;07:06:00;AL  ;Minor ;EUtraNetwork=1,ExternalENodeBFunction=2221-650474;Inter Node Carrier Aggregation Service Unavailable;Elastic RAN Carrier Aggregation is not available towards remote eNodeB.
2025-10-05;07:06:13;AL  ;Minor ;EUtraNetwork=1,ExternalENodeBFunction=2221-650409;Inter Node Carrier Aggregation Service Unavailable;Elastic RAN Carrier Aggregation is not available towards remote eNodeB.
2025-10-05;07:20:19;AL  ;Cleared;EUtraNetwork=1,ExternalENodeBFunction=2221-650409;Inter Node Carrier Aggregation Service Unavailable;Elastic RAN Carrier Aggregation is not available towards remote eNodeB.
2025-10-05;07:56:42;AL  ;Cleared;EUtraNetwork=1,ExternalENodeBFunction=2221-650526;Inter Node Carrier Aggregation Service Unavailable;Elastic RAN Carrier Aggregation is not available towards remote eNodeB.
2025-10-05;08:03:30;AL  ;Cleared;EUtraNetwork=1,ExternalENodeBFunction=2221-650474;Inter Node Carrier Aggregation Service Unavailable;Elastic RAN Carrier Aggregation is not available towards remote eNodeB.
2025-10-05;08:34:44;AL  ;Cleared;EUtraNetwork=1,ExternalENodeBFunction=2221-650241;Inter Node Carrier Aggregation Service Unavailable;Elastic RAN Carrier Aggregation is not available towards remote eNodeB.
2025-10-05;09:15:27;AL  ;Cleared;EUtraNetwork=1,ExternalENodeBFunction=2221-650204;Inter Node Carrier Aggregation Service Unavailable;Elastic RAN Carrier Aggregation is not available towards remote eNodeB.
2025-10-05;15:45:38;AL  ;Minor ;ENodeBFunction=1;External Link Failure;X2 link problem to one or several neighbouring eNodeBs. AI: PLMN ID-eNB ID 1 = 2221-650463
2025-10-05;15:49:54;AL  ;Minor ;EUtraNetwork=1,ExternalENodeBFunction=2221-209218;Inter Node Carrier Aggregation Service Unavailable;Elastic RAN Carrier Aggregation is not available towards remote eNodeB.
2025-10-05;16:05:22;AL  ;Minor ;ENodeBFunction=1;External Link Failure;X2 link problem to one or several neighbouring eNodeBs. AI: PLMN ID-eNB ID 1 = 2221-650463 PLMN ID-eNB ID 2 = 2221-650397
2025-10-05;16:09:36;AL  ;Minor ;ENodeBFunction=1;External Link Failure;X2 link problem to one or several neighbouring eNodeBs. AI: PLMN ID-eNB ID 1 = 2221-650397
2025-10-05;16:17:48;AL  ;Cleared;ENodeBFunction=1;External Link Failure;X2 link problem to one or several neighbouring eNodeBs. AI: PLMN ID-eNB ID 1 = 2221-650397
2025-10-05;17:05:00;AL  ;Minor ;ENodeBFunction=1;External Link Failure;X2 link problem to one or several neighbouring eNodeBs. AI: PLMN ID-eNB ID 1 = 2221-650397
2025-10-05;17:05:15;AL  ;Cleared;ENodeBFunction=1;External Link Failure;X2 link problem to one or several neighbouring eNodeBs. AI: PLMN ID-eNB ID 1 = 2221-650397
2025-10-05;19:59:58;AL  ;Minor ;ENodeBFunction=1;External Link Failure;X2 link problem to one or several neighbouring eNodeBs. AI: PLMN ID-eNB ID 1 = 2221-650605
2025-10-05;20:00:16;AL  ;Cleared;ENodeBFunction=1;External Link Failure;X2 link problem to one or several neighbouring eNodeBs. AI: PLMN ID-eNB ID 1 = 2221-650605
2025-10-05;20:00:44;AL  ;Minor ;EUtraNetwork=1,ExternalENodeBFunction=2221-209045;Inter Node Carrier Aggregation Service Unavailable;Elastic RAN Carrier Aggregation is not available towards remote eNodeB.
2025-10-05;23:14:05;AL  ;Minor ;EUtraNetwork=1,ExternalENodeBFunction=2221-650409;Inter Node Carrier Aggregation Service Unavailable;Elastic RAN Carrier Aggregation is not available towards remote eNodeB.
2025-10-06;02:03:16;AL  ;Minor ;ENodeBFunction=1;External Link Failure;X2 link problem to one or several neighbouring eNodeBs. AI: PLMN ID-eNB ID 1 = 2221-650746
2025-10-06;06:01:41;AL  ;Minor ;EUtraNetwork=1,ExternalENodeBFunction=2221-650605;Inter Node Carrier Aggregation Service Unavailable;Elastic RAN Carrier Aggregation is not available towards remote eNodeB.
2025-10-06;07:51:41;AL  ;Minor ;ENodeBFunction=1;External Link Failure;X2 link problem to one or several neighbouring eNodeBs. AI: PLMN ID-eNB ID 1 = 2221-650746 PLMN ID-eNB ID 2 = 2221-650526
2025-10-06;07:51:47;AL  ;Minor ;ENodeBFunction=1;External Link to GNodeB Failure;X2 link problem to one or several neighbouring gNodeBs. AI: PLMN ID-gNB ID 1 = 2221-1055492
2025-10-06;08:02:56;AL  ;Minor ;ENodeBFunction=1;External Link Failure;X2 link problem to one or several neighbouring eNodeBs. AI: PLMN ID-eNB ID 1 = 2221-650746 PLMN ID-eNB ID 2 = 2221-650526 PLMN ID-eNB ID 3 = 2221-208417 PLMN ID-eNB ID 4 = 2221-650238
2025-10-06;08:23:13;AL  ;Minor ;ENodeBFunction=1;External Link Failure;X2 link problem to one or several neighbouring eNodeBs. AI: PLMN ID-eNB ID 1 = 2221-650746 PLMN ID-eNB ID 2 = 2221-650526 PLMN ID-eNB ID 3 = 2221-208417 PLMN ID-eNB ID 4 = 2221-650238 PLMN ID-eNB ID 5 = 2221-213328
2025-10-06;08:43:03;AL  ;Minor ;ENodeBFunction=1;External Link Failure;X2 link problem to one or several neighbouring eNodeBs. AI: PLMN ID-eNB ID 1 = 2221-650746 PLMN ID-eNB ID 2 = 2221-650526 PLMN ID-eNB ID 3 = 2221-650238 PLMN ID-eNB ID 4 = 2221-213328
2025-10-06;08:43:48;AL  ;Cleared;ENodeBFunction=1;External Link to GNodeB Failure;X2 link problem to one or several neighbouring gNodeBs. AI: PLMN ID-gNB ID 1 = 2221-1055492
2025-10-06;09:14:30;AL  ;Minor ;ENodeBFunction=1;External Link Failure;X2 link problem to one or several neighbouring eNodeBs. AI: PLMN ID-eNB ID 1 = 2221-650746
2025-10-06;09:32:13;AL  ;Cleared;ENodeBFunction=1;External Link Failure;X2 link problem to one or several neighbouring eNodeBs. AI: PLMN ID-eNB ID 1 = 2221-650746
2025-10-06;10:33:57;AL  ;Minor ;EUtraNetwork=1,ExternalENodeBFunction=2221-650474;Inter Node Carrier Aggregation Service Unavailable;Elastic RAN Carrier Aggregation is not available towards remote eNodeB.


CS0DT> lgec -m 30d

251007-11:41:35+0200 19.31.7.218 25.0h MSRBS_NODE_MODEL_25.Q1_693.28324.131_62ac stopfile=/tmp/919099

Startdate=20250907.094135, Enddate=20251008.094135
Date;Time;Log;Severity;Object;Event;Cause;AdditionalText;AckState;Id;NotificationId;CorrelatedAlarms
Executing action Log.export()
..
Log=AlertLog                    actionId=32373
...
=================================================================================================================
MO                  actionId result      resultInfo
=================================================================================================================
LogM=1,Log=AlertLog 32373    1 (SUCCESS)           
cat  /ericsson/log/amos/moshell_logfiles/t20251007_37258710_53697/logs_moshell/tempfiles/scp-2-amos_20251007-114052_918938/rcslogs/AlertLog_20230609__071621_20250224__233246.log /ericsson/log/amos/moshell_logfiles/t20251007_37258710_53697/logs_moshell/tempfiles/scp-2-amos_20251007-114052_918938/rcslogs/AlertLog_20250224__233246.log > /ericsson/log/amos/moshell_logfiles/t20251007_37258710_53697/logs_moshell/tempfiles/scp-2-amos_20251007-114052_918938/eventLog919099.xml

Bye...
Output has been logged to file /mta_fs/UserFiles/37258710/amosbatch/2025-10-07_11-07-01_53697/CS0DT.log
