Logging to file /mta_fs/UserFiles/37258710/amosbatch/2025-10-07_11-07-01_53697/CS19L.log
                        __  __  ____   _____
                  /\   |  \/  |/ __ \ / ____|
                 /  \  | \  / | |  | | (___  
                / /\ \ | |\/| | |  | |\___ \ 
               / ____ \| |  | | |__| |____) |
              /_/    \_\_|  |_|\____/|_____/
              OSS Framework for MoShell-25.0h 
  Copyright (c) Ericsson AB 2001-2025 - All Rights Reserved
              
           
[1;31mWARNING: [0mthe AMOS version currently running is more than 22 weeks old and is unsupported.
Please upgrade as soon as possible to the latest released version, available from your local Ericsson support.

$amosrb_pid = 1054979

Checking ip contact...OK

HELP MENU            : h
BASIC MO COMMANDS    : m
OTHER MO COMMANDS    : n
OTHER COMMANDS       : o
PM COMMANDS          : p
QUIT                 : q

CS19L> lt all

251007-11:57:23+0200 19.31.2.198 25.0h  stopfile=/tmp/1054729
Looking up temporary_amos account... OK.
Trying temporary_amos_t20251007_37258710_53697_313's password from amos lookupAccount ... OK

$ssh_pid = 1056808

Connected to 19.31.2.198 (SubNetwork=BBMM_rckomc_R,MeContext=CS19L,ManagedElement=CS19L)

Checking MOM version...MSRBS_NODE_MODEL_25.Q1_198665.224.73_bf81
Parsing MOM (cached): /ericsson/log/amos/moshell_logfiles/t20251007_37258710_53697/logs_moshell/tempfiles/scp-2-amos_20251007-115716_1054629/MSRBS_NODE_MODEL_25.Q1_198665.224.73_bf81.xml.cache.gz ......................................................................................................................................................................................................................Done.
Using paramfile /opt/ericsson/amos/moshell/commonjars/pm/PARAM_MSRBSG2_25.Q1.txt
Parsing file /opt/ericsson/amos/moshell/commonjars/pm/PARAM_MSRBSG2_25.Q1.txt ......................................................................................Done.
Using imomdfile /opt/ericsson/amos/moshell/commonjars/pm/IMOMD_MSRBS_22.Q4.txt
Using imomfile /opt/ericsson/amos/moshell/commonjars/pm/IMOM_MSRBS_25.Q1.txt
Connected to 19.31.2.198 (SubNetwork=BBMM_rckomc_R,MeContext=CS19L,ManagedElement=CS19L)

Last MO: 16442. Loaded 16442 MOs. Total: 16443 MOs.

CS19L> hget EUtranCellFDD ^cellid

251007-11:57:42+0200 19.31.2.198 25.0h MSRBS_NODE_MODEL_25.Q1_198665.224.73_bf81 stopfile=/tmp/1054729

=================================================================================================================
MO                   cellId
=================================================================================================================
EUtranCellFDD=CS19L1 21    
EUtranCellFDD=CS19L2 22    
=================================================================================================================
Total: 2 MOs

Added 2 MOs to group: hget_group

CS19L> hget NbIotCell ^cellid

251007-11:57:43+0200 19.31.2.198 25.0h MSRBS_NODE_MODEL_25.Q1_198665.224.73_bf81 stopfile=/tmp/1054729
Total: 0 MOs

CS19L> hget NRCellDU ^cellLocalId

251007-11:57:43+0200 19.31.2.198 25.0h MSRBS_NODE_MODEL_25.Q1_198665.224.73_bf81 stopfile=/tmp/1054729
Total: 0 MOs

CS19L> lgdc -m 30d

251007-11:57:43+0200 19.31.2.198 25.0h MSRBS_NODE_MODEL_25.Q1_198665.224.73_bf81 stopfile=/tmp/1054729

Startdate=20250907.095744, Enddate=20251008.095744
INFO: Using amos lookupAccount credentials for the export login

Executing action LogM.exportAvailabilityLog()
...LogM=1,exportAvailabilityLog    actionId=1521
...
=================================================================================================================
MO     actionId result      resultInfo
=================================================================================================================
LogM=1 1521     1 (SUCCESS)           
cp /ericsson/log/amos/moshell_logfiles/t20251007_37258710_53697/logs_moshell/tempfiles/scp-2-amos_20251007-115716_1054629/rcslogs/RBS_CS_AVAILABILITY_LOG_20251007095747.xml /ericsson/log/amos/moshell_logfiles/t20251007_37258710_53697/logs_moshell/tempfiles/scp-2-amos_20251007-115716_1054629/availabilityLog1054729.xml
Parsing availabilityLog....Done.
.
Date;Time;RestartType;SwVersion;SwRelease;RCSDowntime;ApplicationDowntime;TNDowntime;RATsDowntime;ExtraInfo;ExtraInfo2
2025-09-08;06:23:12;PartialOutage(Manual);50% Lrat Cell 22; ();8s;;;;;
2025-09-08;06:23:25;PartialOutage(Manual);50% Lrat Cell 21; ();9s;;;;;
2025-09-22;07:22:08;SpontaneousCold(Other:PowerReset);CXP9024418/16_R8D21;CXP9024418/16_R8D21 (RCG123.3-3);24196s (6h43m);24453s (6h47m);24207s (6h43m);L=24453s G=24455s ;Requested: RankCold Other PowerReset Performed: RankCold Other PowerReset;Lrat LRAT Traffic Control active, Grat GRAT Traffic Control active
2025-09-22;14:09:41;PartialOutage(System);100% Lrat Cell 22;CXP9024418/16_R8D21 (RCG123.3-3);1s;;;;;
2025-09-26;15:01:43;PartialOutage(System);100% Lrat Cell 21 22;CXP9024418/16_R8D21 (RCG123.3-3);12s;;;;;

Node uptime since last restart: 1280892 seconds (14 days, 19 hours, 48 minutes, 12 seconds)
------------------------------------------------------------------------------------------------------
Period=30 days       NodeUpgrade      NodeManual       NodeSpontaneous  AllNodeRestarts  PartialOutages  
------------------------------------------------------------------------------------------------------
Number Of outages    0                0                1                1                4               
Total downtime       0s               0s               24453s (6h47m)   24453s (6h47m)   30s             
Downtime per day     0s               0s               815s (13m35s)    815s (13m35s)    1s              
Downtime per outage  0s               0s               24453s (6h47m)   24453s (6h47m)   8s              

CS19L> lgac -m 30d

251007-11:57:53+0200 19.31.2.198 25.0h MSRBS_NODE_MODEL_25.Q1_198665.224.73_bf81 stopfile=/tmp/1054729

Startdate=20250907.095753, Enddate=20251008.095753
Date;Time;Log;Severity;Object;Event;Cause;AdditionalText;AckState;Id;NotificationId;CorrelatedAlarms
Executing action Log.export()
..
Log=AlarmLog                    actionId=1522
...
=================================================================================================================
MO                  actionId result      resultInfo
=================================================================================================================
LogM=1,Log=AlarmLog 1522     1 (SUCCESS)           
cat  /ericsson/log/amos/moshell_logfiles/t20251007_37258710_53697/logs_moshell/tempfiles/scp-2-amos_20251007-115716_1054629/rcslogs/saLogAlarm_20221228__093014.log > /ericsson/log/amos/moshell_logfiles/t20251007_37258710_53697/logs_moshell/tempfiles/scp-2-amos_20251007-115716_1054629/alarmLog1054729.xml
2025-09-09;01:19:17;AL  ;Cleared;EUtraNetwork=1,ExternalENodeBFunction=2221-650270;Inter Node Feature Incompatibility;Inter eNodeB CA feature is not activated in remote eNodeB. SUPPRESSED
2025-09-10;10:01:32;AL  ;Minor ;EUtraNetwork=1,ExternalENodeBFunction=2221-650270;Inter Node Feature Incompatibility;Inter eNodeB CA feature is not activated in remote eNodeB. SUPPRESSED
2025-09-11;06:01:42;AL  ;Cleared;EUtraNetwork=1,ExternalENodeBFunction=2221-650270;Inter Node Feature Incompatibility;Inter eNodeB CA feature is not activated in remote eNodeB. SUPPRESSED
2025-09-11;06:11:10;AL  ;Minor ;ENodeBFunction=1;External Link to GNodeB Failure;X2 link problem to one or several neighbouring gNodeBs. AI: PLMN ID-gNB ID 1 = 2221-1053439
2025-09-11;06:11:15;AL  ;Minor ;ENodeBFunction=1;External Link Failure;X2 link problem to one or several neighbouring eNodeBs. AI: PLMN ID-eNB ID 1 = 2221-209583 PLMN ID-eNB ID 2 = 2221-650270
2025-09-11;06:13:46;AL  ;Minor ;ENodeBFunction=1;External Link Failure;X2 link problem to one or several neighbouring eNodeBs. AI: PLMN ID-eNB ID 1 = 2221-209583 PLMN ID-eNB ID 2 = 2221-650270 PLMN ID-eNB ID 3 = 2221-209523 PLMN ID-eNB ID 4 = 2221-650569
2025-09-11;06:26:00;AL  ;Minor ;ENodeBFunction=1;External Link Failure;X2 link problem to one or several neighbouring eNodeBs. AI: PLMN ID-eNB ID 1 = 2221-650270 PLMN ID-eNB ID 2 = 2221-209523 PLMN ID-eNB ID 3 = 2221-650569
2025-09-11;06:26:02;AL  ;Minor ;EUtraNetwork=1,ExternalENodeBFunction=2221-650270;Inter Node Feature Incompatibility;Inter eNodeB CA feature is not activated in remote eNodeB. SUPPRESSED
2025-09-11;06:26:13;AL  ;Cleared;ENodeBFunction=1;External Link to GNodeB Failure;X2 link problem to one or several neighbouring gNodeBs. AI: PLMN ID-gNB ID 1 = 2221-1053439
2025-09-11;06:27:58;AL  ;Cleared;EUtraNetwork=1,ExternalENodeBFunction=2221-650270;Inter Node Feature Incompatibility;Inter eNodeB CA feature is not activated in remote eNodeB. SUPPRESSED
2025-09-11;06:37:26;AL  ;Minor ;ENodeBFunction=1;External Link to GNodeB Failure;X2 link problem to one or several neighbouring gNodeBs. AI: PLMN ID-gNB ID 1 = 2221-1053439
2025-09-11;06:37:32;AL  ;Minor ;ENodeBFunction=1;External Link Failure;X2 link problem to one or several neighbouring eNodeBs. AI: PLMN ID-eNB ID 1 = 2221-209523 PLMN ID-eNB ID 2 = 2221-650569 PLMN ID-eNB ID 3 = 2221-650270
2025-09-11;06:38:44;AL  ;Minor ;ENodeBFunction=1;External Link Failure;X2 link problem to one or several neighbouring eNodeBs. AI: PLMN ID-eNB ID 1 = 2221-209523 PLMN ID-eNB ID 2 = 2221-650569
2025-09-11;06:38:45;AL  ;Cleared;ENodeBFunction=1;External Link to GNodeB Failure;X2 link problem to one or several neighbouring gNodeBs. AI: PLMN ID-gNB ID 1 = 2221-1053439
2025-09-11;06:38:59;AL  ;Minor ;EUtraNetwork=1,ExternalENodeBFunction=2221-650270;Inter Node Feature Incompatibility;Inter eNodeB CA feature is not activated in remote eNodeB. SUPPRESSED
2025-09-11;06:41:01;AL  ;Cleared;EUtraNetwork=1,ExternalENodeBFunction=2221-650270;Inter Node Feature Incompatibility;Inter eNodeB CA feature is not activated in remote eNodeB. SUPPRESSED
2025-09-11;06:42:22;AL  ;Minor ;EUtraNetwork=1,ExternalENodeBFunction=2221-650270;Inter Node Feature Incompatibility;Inter eNodeB CA feature is not activated in remote eNodeB. SUPPRESSED
2025-09-11;07:15:33;AL  ;Minor ;ENodeBFunction=1;External Link Failure;X2 link problem to one or several neighbouring eNodeBs. AI: PLMN ID-eNB ID 1 = 2221-650569
2025-09-11;07:16:19;AL  ;Cleared;ENodeBFunction=1;External Link Failure;X2 link problem to one or several neighbouring eNodeBs. AI: PLMN ID-eNB ID 1 = 2221-650569
2025-09-13;01:19:18;AL  ;Cleared;EUtraNetwork=1,ExternalENodeBFunction=2221-650270;Inter Node Feature Incompatibility;Inter eNodeB CA feature is not activated in remote eNodeB. SUPPRESSED
2025-09-16;09:58:54;AL  ;Warning;ENodeBFunction=1;PLMN Service Redundancy Lost;S1 connection failure for PLMN connected with link represented by MO listed in Additional Information. AI: PLMN = ["2221"],DN1=ManagedElement=1,ENodeBFunction=1,TermPointToMme=5,
2025-09-16;09:59:24;AL  ;Cleared;ENodeBFunction=1;PLMN Service Redundancy Lost;S1 connection failure for PLMN connected with link represented by MO listed in Additional Information. AI: PLMN = ["2221"],DN1=ManagedElement=1,ENodeBFunction=1,TermPointToMme=5,
2025-09-16;09:59:29;AL  ;Warning;ENodeBFunction=1;PLMN Service Redundancy Lost;S1 connection failure for PLMN connected with link represented by MO listed in Additional Information. AI: PLMN = ["2221"],DN1=ManagedElement=1,ENodeBFunction=1,TermPointToMme=5,
2025-09-16;09:59:59;AL  ;Cleared;ENodeBFunction=1;PLMN Service Redundancy Lost;S1 connection failure for PLMN connected with link represented by MO listed in Additional Information. AI: PLMN = ["2221"],DN1=ManagedElement=1,ENodeBFunction=1,TermPointToMme=5,
2025-09-17;18:01:32;AL  ;Minor ;EUtraNetwork=1,ExternalENodeBFunction=2221-650270;Inter Node Feature Incompatibility;Inter eNodeB CA feature is not activated in remote eNodeB. SUPPRESSED
2025-09-19;03:18:03;AL  ;Warning;ENodeBFunction=1;PLMN Service Redundancy Lost;S1 connection failure for PLMN connected with link represented by MO listed in Additional Information. AI: PLMN = ["2221"],DN1=ManagedElement=1,ENodeBFunction=1,TermPointToMme=5,
2025-09-19;03:18:33;AL  ;Cleared;ENodeBFunction=1;PLMN Service Redundancy Lost;S1 connection failure for PLMN connected with link represented by MO listed in Additional Information. AI: PLMN = ["2221"],DN1=ManagedElement=1,ENodeBFunction=1,TermPointToMme=5,
2025-09-22;14:06:48;AL  ;Major ;Synchronization=1,RadioEquipmentClock=1,RadioEquipmentClockReference=PTP;Sync PTP Time Reliability Fault;Master clock class problem, Master clock accuracy problem, Master time not traceable, Master timescale not PTP
2025-09-22;14:09:41;AL  ;Minor ;EUtraNetwork=1,ExternalENodeBFunction=2221-650270;Inter Node Feature Incompatibility;Inter eNodeB CA feature is not activated in remote eNodeB. SUPPRESSED
2025-09-22;14:11:31;AL  ;Cleared;Synchronization=1,RadioEquipmentClock=1,RadioEquipmentClockReference=PTP;Sync PTP Time Reliability Fault;Master time not traceable
2025-09-22;15:05:40;AL  ;Cleared;EUtraNetwork=1,ExternalENodeBFunction=2221-650270;Inter Node Feature Incompatibility;Inter eNodeB CA feature is not activated in remote eNodeB. SUPPRESSED
2025-09-23;18:01:39;AL  ;Minor ;EUtraNetwork=1,ExternalENodeBFunction=2221-650270;Inter Node Feature Incompatibility;Inter eNodeB CA feature is not activated in remote eNodeB. SUPPRESSED
2025-09-26;13:35:55;AL  ;Major ;Synchronization=1,RadioEquipmentClock=1,RadioEquipmentClockReference=PTP;Sync PTP Time Reliability Fault;Master time not traceable, Master timescale not PTP
2025-09-26;13:48:47;AL  ;Warning;ENodeBFunction=1;PLMN Service Redundancy Lost;S1 connection failure for PLMN connected with link represented by MO listed in Additional Information. AI: PLMN = ["2221"],DN1=ManagedElement=1,ENodeBFunction=1,TermPointToMme=5,
2025-09-26;13:49:18;AL  ;Cleared;ENodeBFunction=1;PLMN Service Redundancy Lost;S1 connection failure for PLMN connected with link represented by MO listed in Additional Information. AI: PLMN = ["2221"],DN1=ManagedElement=1,ENodeBFunction=1,TermPointToMme=5,
2025-09-26;13:55:54;AL  ;Cleared;Synchronization=1,RadioEquipmentClock=1,RadioEquipmentClockReference=PTP;Sync PTP Time Reliability Fault;Master time not traceable
2025-09-26;14:32:51;AL  ;Warning;ENodeBFunction=1;PLMN Service Redundancy Lost;S1 connection failure for PLMN connected with link represented by MO listed in Additional Information. AI: PLMN = ["2221"],DN1=ManagedElement=1,ENodeBFunction=1,TermPointToMme=5,
2025-09-26;14:33:21;AL  ;Cleared;ENodeBFunction=1;PLMN Service Redundancy Lost;S1 connection failure for PLMN connected with link represented by MO listed in Additional Information. AI: PLMN = ["2221"],DN1=ManagedElement=1,ENodeBFunction=1,TermPointToMme=5,
2025-09-26;14:56:21;AL  ;Major ;Synchronization=1,RadioEquipmentClock=1,RadioEquipmentClockReference=PTP;Sync PTP Time Reliability Fault;Master clock class problem, Master clock accuracy problem
2025-09-26;14:58:28;AL  ;Cleared;Synchronization=1,RadioEquipmentClock=1,RadioEquipmentClockReference=PTP;Sync PTP Time Reliability Fault;Master clock accuracy problem
2025-09-26;15:01:31;AL  ;Minor ;ENodeBFunction=1;Sync Time and Phase Accuracy Too Low;Time and phase sync accuracy crossed the threshold for features interworking with NR.
2025-09-26;15:01:31;AL  ;Minor ;EUtranCellFDD=CS19L1;Service Degraded;This is a secondary alarm, use alarm correlation information in Additional Information to find primary alarm.
2025-09-26;15:01:31;AL  ;Minor ;EUtranCellFDD=CS19L2;Service Degraded;This is a secondary alarm, use alarm correlation information in Additional Information to find primary alarm.
2025-09-26;15:01:43;AL  ;Cleared;EUtranCellFDD=CS19L1;Service Degraded;This is a secondary alarm, use alarm correlation information in Additional Information to find primary alarm.
2025-09-26;15:01:43;AL  ;Cleared;EUtranCellFDD=CS19L2;Service Degraded;This is a secondary alarm, use alarm correlation information in Additional Information to find primary alarm.
2025-09-26;15:01:43;AL  ;Cleared;ENodeBFunction=1;Sync Time and Phase Accuracy Too Low;Time and phase sync accuracy crossed the threshold for features interworking with NR.
2025-09-26;15:05:41;AL  ;Cleared;EUtraNetwork=1,ExternalENodeBFunction=2221-650270;Inter Node Feature Incompatibility;Inter eNodeB CA feature is not activated in remote eNodeB. SUPPRESSED
2025-09-27;14:01:53;AL  ;Minor ;EUtraNetwork=1,ExternalENodeBFunction=2221-650270;Inter Node Feature Incompatibility;Inter eNodeB CA feature is not activated in remote eNodeB. SUPPRESSED
2025-09-29;15:05:41;AL  ;Cleared;EUtraNetwork=1,ExternalENodeBFunction=2221-650270;Inter Node Feature Incompatibility;Inter eNodeB CA feature is not activated in remote eNodeB. SUPPRESSED
2025-09-30;14:12:01;AL  ;Major ;Synchronization=1,RadioEquipmentClock=1,RadioEquipmentClockReference=PTP;Sync PTP Time Reliability Fault;Master clock class problem, Master clock accuracy problem, Master time not traceable
2025-09-30;14:27:00;AL  ;Cleared;Synchronization=1,RadioEquipmentClock=1,RadioEquipmentClockReference=PTP;Sync PTP Time Reliability Fault;Master time not traceable
2025-10-03;07:41:39;AL  ;Warning;ENodeBFunction=1;PLMN Service Redundancy Lost;S1 connection failure for PLMN connected with link represented by MO listed in Additional Information. AI: PLMN = ["2221"],DN1=ManagedElement=1,ENodeBFunction=1,TermPointToMme=5,
2025-10-03;07:42:09;AL  ;Cleared;ENodeBFunction=1;PLMN Service Redundancy Lost;S1 connection failure for PLMN connected with link represented by MO listed in Additional Information. AI: PLMN = ["2221"],DN1=ManagedElement=1,ENodeBFunction=1,TermPointToMme=5,
2025-10-05;15:44:04;AL  ;Minor ;ENodeBFunction=1;External Link to GNodeB Failure;X2 link problem to one or several neighbouring gNodeBs. AI: PLMN ID-gNB ID 1 = 2221-1053439
2025-10-05;15:46:36;AL  ;Minor ;ENodeBFunction=1;External Link Failure;X2 link problem to one or several neighbouring eNodeBs. AI: PLMN ID-eNB ID 1 = 2221-209523 PLMN ID-eNB ID 2 = 2221-650569
2025-10-05;15:59:06;AL  ;Cleared;ENodeBFunction=1;External Link to GNodeB Failure;X2 link problem to one or several neighbouring gNodeBs. AI: PLMN ID-gNB ID 1 = 2221-1053439
2025-10-05;16:09:50;AL  ;Minor ;ENodeBFunction=1;External Link Failure;X2 link problem to one or several neighbouring eNodeBs. AI: PLMN ID-eNB ID 1 = 2221-650569
2025-10-05;16:10:31;AL  ;Cleared;ENodeBFunction=1;External Link Failure;X2 link problem to one or several neighbouring eNodeBs. AI: PLMN ID-eNB ID 1 = 2221-650569
2025-10-06;07:01:53;AL  ;Minor ;EUtraNetwork=1,ExternalENodeBFunction=2221-650270;Inter Node Feature Incompatibility;Inter eNodeB CA feature is not activated in remote eNodeB. SUPPRESSED


CS19L> lgec -m 30d

251007-11:57:59+0200 19.31.2.198 25.0h MSRBS_NODE_MODEL_25.Q1_198665.224.73_bf81 stopfile=/tmp/1054729

Startdate=20250907.095759, Enddate=20251008.095759
Date;Time;Log;Severity;Object;Event;Cause;AdditionalText;AckState;Id;NotificationId;CorrelatedAlarms
Executing action Log.export()
..
Log=AlertLog                    actionId=1523
...
=================================================================================================================
MO                  actionId result      resultInfo
=================================================================================================================
LogM=1,Log=AlertLog 1523     1 (SUCCESS)           
cat  /ericsson/log/amos/moshell_logfiles/t20251007_37258710_53697/logs_moshell/tempfiles/scp-2-amos_20251007-115716_1054629/rcslogs/AlertLog_20221228__093059.log > /ericsson/log/amos/moshell_logfiles/t20251007_37258710_53697/logs_moshell/tempfiles/scp-2-amos_20251007-115716_1054629/eventLog1054729.xml
2025-09-22;14:06:16;EV  ;Warning;FieldReplaceableUnit=Radio-S180-1;Radio Restart Alert;Restart details are listed in Additional Information AI: Restartdetails=[{"RC":"Other","RT":"Power On","ERI":"FALSE"}] :SUPPRESSED
2025-09-22;14:06:35;EV  ;Warning;ManagedElement=CS19L;System Restart Alert;Requested Restart Category: Other, Requested Restart Type: Power, Performed Restart Category: Other, Performed Restart Type: Power. AI: SystemRestart=[{"RRC":"Other","RRT":"Power","PRC":"Other","PRT":"Power"}]
2025-09-22;14:06:46;EV  ;Warning;FieldReplaceableUnit=Radio-S211-1;Radio Restart Alert;Restart details are listed in Additional Information (Mixed Mode with other ME). AI: Restartdetails=[{"RC":"Other","RT":"Power On","ERI":"FALSE"}] :SUPPRESSED
2025-09-22;14:06:49;EV  ;Warning;FieldReplaceableUnit=Radio-S210-1;Radio Restart Alert;Restart details are listed in Additional Information (Mixed Mode with other ME). AI: Restartdetails=[{"RC":"Other","RT":"Power On","ERI":"FALSE"}] :SUPPRESSED
2025-09-22;14:09:27;EV  ;Warning;RiLink=S180-1;Radio Interface Connectivity Disturbance Alert;Near end port:FieldReplaceableUnit=BB-1,RiPort=D (transportType=NOT_SET). SUPPRESSED
2025-09-26;15:01:47;EV  ;Warning;EUtranCellFDD=CS19L1;Cell Service Unavailable Auto Recovery Initiated Alert;
2025-09-26;15:01:47;EV  ;Warning;EUtranCellFDD=CS19L2;Cell Service Unavailable Auto Recovery Initiated Alert;
2025-09-26;15:01:52;EV  ;Warning;RiLink=S210-1;Radio Interface Connectivity Disturbance Alert;Near end port:FieldReplaceableUnit=BB-1,RiPort=A (transportType=NOT_SET) (Mixed Mode with other ME). SUPPRESSED
2025-09-26;15:01:52;EV  ;Warning;RiLink=S211-1;Radio Interface Connectivity Disturbance Alert;Near end port:FieldReplaceableUnit=BB-1,RiPort=B (transportType=NOT_SET) (Mixed Mode with other ME). SUPPRESSED
2025-09-26;15:01:52;EV  ;Warning;RiLink=S180-1;Radio Interface Connectivity Disturbance Alert;Near end port:FieldReplaceableUnit=BB-1,RiPort=D (transportType=NOT_SET). SUPPRESSED
2025-09-26;15:01:55;EV  ;Warning;EUtranCellFDD=CS19L1;Cell Service Available Auto Recovery Successful Alert;
2025-09-26;15:01:55;EV  ;Warning;EUtranCellFDD=CS19L2;Cell Service Available Auto Recovery Successful Alert;

Bye...
Output has been logged to file /mta_fs/UserFiles/37258710/amosbatch/2025-10-07_11-07-01_53697/CS19L.log
