Logging to file /mta_fs/UserFiles/37258710/amosbatch/2025-10-07_11-07-01_53697/CS1BT.log
                        __  __  ____   _____
                  /\   |  \/  |/ __ \ / ____|
                 /  \  | \  / | |  | | (___  
                / /\ \ | |\/| | |  | |\___ \ 
               / ____ \| |  | | |__| |____) |
              /_/    \_\_|  |_|\____/|_____/
              OSS Framework for MoShell-25.0h 
  Copyright (c) Ericsson AB 2001-2025 - All Rights Reserved
              
           
[1;31mWARNING: [0mthe AMOS version currently running is more than 22 weeks old and is unsupported.
Please upgrade as soon as possible to the latest released version, available from your local Ericsson support.

$amosrb_pid = 956949

Checking ip contact...OK

HELP MENU            : h
BASIC MO COMMANDS    : m
OTHER MO COMMANDS    : n
OTHER COMMANDS       : o
PM COMMANDS          : p
QUIT                 : q

CS1BT> lt all

251007-11:45:22+0200 19.31.8.243 25.0h  stopfile=/tmp/956643
Looking up temporary_amos account... OK.
Trying temporary_amos_t20251007_37258710_53697_313's password from amos lookupAccount ... OK

$ssh_pid = 958147

Connected to 19.31.8.243 (SubNetwork=BBMM_rckomc_R,MeContext=CS1BT,ManagedElement=CS1BT)

Checking MOM version...MSRBS_NODE_MODEL_25.Q1_693.28324.131_62ac
Parsing MOM (cached): /ericsson/log/amos/moshell_logfiles/t20251007_37258710_53697/logs_moshell/tempfiles/scp-2-amos_20251007-114515_956563/MSRBS_NODE_MODEL_25.Q1_693.28324.131_62ac.xml.cache.gz ..................................................................................................................................................................................................................................Done.
Using paramfile /opt/ericsson/amos/moshell/commonjars/pm/PARAM_MSRBS_25.Q1.txt
Parsing file /opt/ericsson/amos/moshell/commonjars/pm/PARAM_MSRBS_25.Q1.txt .......................................................................................Done.
Using imomdfile /opt/ericsson/amos/moshell/commonjars/pm/IMOMD_MSRBS_22.Q4.txt
Using imomfile /opt/ericsson/amos/moshell/commonjars/pm/IMOM_MSRBS_25.Q1.txt
Connected to 19.31.8.243 (SubNetwork=BBMM_rckomc_R,MeContext=CS1BT,ManagedElement=CS1BT)

Last MO: 18368. Loaded 18368 MOs. Total: 18369 MOs.

CS1BT> hget EUtranCellFDD ^cellid

251007-11:45:36+0200 19.31.8.243 25.0h MSRBS_NODE_MODEL_25.Q1_693.28324.131_62ac stopfile=/tmp/956643
.
=================================================================================================================
MO                   cellId
=================================================================================================================
EUtranCellFDD=CS1BE1 61    
EUtranCellFDD=CS1BE2 62    
EUtranCellFDD=CS1BE3 63    
EUtranCellFDD=CS1BM1 31    
EUtranCellFDD=CS1BM2 32    
EUtranCellFDD=CS1BM3 33    
EUtranCellFDD=CS1BT1 41    
EUtranCellFDD=CS1BT2 42    
EUtranCellFDD=CS1BT3 43    
=================================================================================================================
Total: 9 MOs

Added 9 MOs to group: hget_group

CS1BT> hget NbIotCell ^cellid

251007-11:45:37+0200 19.31.8.243 25.0h MSRBS_NODE_MODEL_25.Q1_693.28324.131_62ac stopfile=/tmp/956643
.
=================================================================================================================
MO               cellId
=================================================================================================================
NbIotCell=CS1BN1 161   
NbIotCell=CS1BN2 162   
NbIotCell=CS1BN3 163   
=================================================================================================================
Total: 3 MOs

Added 3 MOs to group: hget_group

CS1BT> hget NRCellDU ^cellLocalId

251007-11:45:37+0200 19.31.8.243 25.0h MSRBS_NODE_MODEL_25.Q1_693.28324.131_62ac stopfile=/tmp/956643
Total: 0 MOs

CS1BT> lgdc -m 30d

251007-11:45:37+0200 19.31.8.243 25.0h MSRBS_NODE_MODEL_25.Q1_693.28324.131_62ac stopfile=/tmp/956643

Startdate=20250907.094537, Enddate=20251008.094537
INFO: Using amos lookupAccount credentials for the export login

Executing action LogM.exportAvailabilityLog()
...LogM=1,exportAvailabilityLog    actionId=16874
...
=================================================================================================================
MO     actionId result      resultInfo
=================================================================================================================
LogM=1 16874    1 (SUCCESS)           
cp /ericsson/log/amos/moshell_logfiles/t20251007_37258710_53697/logs_moshell/tempfiles/scp-2-amos_20251007-114515_956563/rcslogs/RBS_CS_AVAILABILITY_LOG_20251007094540.xml /ericsson/log/amos/moshell_logfiles/t20251007_37258710_53697/logs_moshell/tempfiles/scp-2-amos_20251007-114515_956563/availabilityLog956643.xml
Parsing availabilityLog........Done.
.....
Date;Time;RestartType;SwVersion;SwRelease;RCSDowntime;ApplicationDowntime;TNDowntime;RATsDowntime;ExtraInfo;ExtraInfo2
2025-09-08;06:50:48;PartialOutage(Manual);33% Lrat Cell 161; ();3s;;;;;
2025-09-08;06:50:51;PartialOutage(Manual);11% Lrat Cell 61; ();9s;;;;;
2025-09-08;06:51:02;PartialOutage(Manual);33% Lrat Cell 161 163; ();5s;;;;;
2025-09-08;06:51:07;PartialOutage(Manual);5% Lrat Cell 63; ();8s;;;;;
2025-09-08;06:51:16;PartialOutage(Manual);55% Lrat Cell 161 162 163; ();9s;;;;;
2025-09-08;06:51:25;PartialOutage(Manual);66% Lrat Cell 162 163; ();10s;;;;;
2025-09-08;06:51:36;PartialOutage(Manual);66% Lrat Cell 162; ();12s;;;;;
2025-09-08;06:51:52;PartialOutage(Manual);8% Lrat Cell 41; ();1s;;;;;
2025-09-08;06:52:07;PartialOutage(Manual);11% Lrat Cell 43; ();6s;;;;;
2025-09-08;06:52:18;PartialOutage(Manual);11% Lrat Cell 31; ();11s;;;;;
2025-09-08;06:52:33;PartialOutage(Manual);11% Lrat Cell 33; ();19s;;;;;
2025-09-08;06:52:57;PartialOutage(Manual);11% Lrat Cell 32; ();10s;;;;;
2025-09-10;09:10:37;PartialOutage(System);100% Lrat Cell 161 162 163; ();31s;;;;;
2025-09-10;09:11:08;PartialOutage(System);100% Lrat Cell 61 62 63 41 42; ();1s;;;;;
2025-09-10;09:11:09;PartialOutage(System);100% Lrat Cell 61 62 63; ();1s;;;;;
2025-09-10;09:11:10;PartialOutage(System);100% Lrat Cell 162; ();2s;;;;;

Node uptime since last restart: 2334875 seconds (27 days, 0 hours, 34 minutes, 35 seconds)
------------------------------------------------------------------------------------------------------
Period=30 days       NodeUpgrade      NodeManual       NodeSpontaneous  AllNodeRestarts  PartialOutages  
------------------------------------------------------------------------------------------------------
Number Of outages    0                0                0                0                16              
Total downtime       0s               0s               0s               0s               138s (2m18s)    
Downtime per day     0s               0s               0s               0s               5s              
Downtime per outage  0s               0s               0s               0s               9s              

CS1BT> lgac -m 30d

251007-11:45:47+0200 19.31.8.243 25.0h MSRBS_NODE_MODEL_25.Q1_693.28324.131_62ac stopfile=/tmp/956643

Startdate=20250907.094547, Enddate=20251008.094548
Date;Time;Log;Severity;Object;Event;Cause;AdditionalText;AckState;Id;NotificationId;CorrelatedAlarms
Executing action Log.export()
..
Log=AlarmLog                    actionId=16875
.............
=================================================================================================================
MO                  actionId result      resultInfo
=================================================================================================================
LogM=1,Log=AlarmLog 16875    1 (SUCCESS)           
cat  /ericsson/log/amos/moshell_logfiles/t20251007_37258710_53697/logs_moshell/tempfiles/scp-2-amos_20251007-114515_956563/rcslogs/saLogAlarm_20241227__211118_20250224__231436.log /ericsson/log/amos/moshell_logfiles/t20251007_37258710_53697/logs_moshell/tempfiles/scp-2-amos_20251007-114515_956563/rcslogs/saLogAlarm_20250224__231436_20250814__162432.log /ericsson/log/amos/moshell_logfiles/t20251007_37258710_53697/logs_moshell/tempfiles/scp-2-amos_20251007-114515_956563/rcslogs/saLogAlarm_20250814__162432.log > /ericsson/log/amos/moshell_logfiles/t20251007_37258710_53697/logs_moshell/tempfiles/scp-2-amos_20251007-114515_956563/alarmLog956643.xml
2025-09-07;12:46:22;AL  ;Warning;Synchronization=1,RadioEquipmentClock=1,RadioEquipmentClockReference=NTP1;Sync Frequency PDV Problem;High PDV detected on IP packets towards NTP server
2025-09-07;16:19:56;AL  ;Cleared;Synchronization=1,RadioEquipmentClock=1,RadioEquipmentClockReference=NTP1;Sync Frequency PDV Problem;High PDV detected on IP packets towards NTP server
2025-09-07;16:21:38;AL  ;Warning;Synchronization=1,RadioEquipmentClock=1,RadioEquipmentClockReference=NTP1;Sync Frequency PDV Problem;High PDV detected on IP packets towards NTP server
2025-09-07;16:45:19;AL  ;Cleared;Synchronization=1,RadioEquipmentClock=1,RadioEquipmentClockReference=NTP1;Sync Frequency PDV Problem;High PDV detected on IP packets towards NTP server
2025-09-07;16:50:16;AL  ;Warning;Synchronization=1,RadioEquipmentClock=1,RadioEquipmentClockReference=NTP1;Sync Frequency PDV Problem;High PDV detected on IP packets towards NTP server
2025-09-07;22:23:54;AL  ;Cleared;Synchronization=1,RadioEquipmentClock=1,RadioEquipmentClockReference=NTP1;Sync Frequency PDV Problem;High PDV detected on IP packets towards NTP server
2025-09-08;01:11:14;AL  ;Cleared;Synchronization=1,RadioEquipmentClock=1,RadioEquipmentClockReference=PTP8275_2;Sync PTP Time PDV Problem;High PDV detected on PTP messages
2025-09-08;06:50:51;AL  ;Minor ;EUtraNetwork=1,ExternalENodeBFunction=2221-650395;Inter Node Feature Incompatibility;Elastic RAN feature is not activated in remote eNodeB. SUPPRESSED
2025-09-08;06:50:51;AL  ;Minor ;EUtraNetwork=1,ExternalENodeBFunction=2221-650377;Inter Node Feature Incompatibility;Elastic RAN feature is not activated in remote eNodeB. SUPPRESSED
2025-09-08;06:50:51;AL  ;Minor ;EUtraNetwork=1,ExternalENodeBFunction=2221-650511;Inter Node Feature Incompatibility;Elastic RAN feature is not activated in remote eNodeB. SUPPRESSED
2025-09-08;06:51:25;AL  ;Minor ;EUtraNetwork=1,ExternalENodeBFunction=2221-650456;Inter Node Feature Incompatibility;Elastic RAN feature is not activated in remote eNodeB. SUPPRESSED
2025-09-08;06:52:07;AL  ;Minor ;EUtraNetwork=1,ExternalENodeBFunction=2221-650720;Inter Node Feature Incompatibility;Elastic RAN feature is not activated in remote eNodeB. SUPPRESSED
2025-09-08;07:00:16;AL  ;Major ;Synchronization=1,RadioEquipmentClock=1,RadioEquipmentClockReference=PTP8275_2;Sync PTP Time PDV Problem;High PDV detected on PTP messages
2025-09-08;19:39:38;AL  ;Warning;Synchronization=1,RadioEquipmentClock=1,RadioEquipmentClockReference=NTP1;Sync Frequency PDV Problem;High PDV detected on IP packets towards NTP server
2025-09-08;22:06:31;AL  ;Cleared;Synchronization=1,RadioEquipmentClock=1,RadioEquipmentClockReference=NTP1;Sync Frequency PDV Problem;High PDV detected on IP packets towards NTP server
2025-09-08;22:07:25;AL  ;Warning;Synchronization=1,RadioEquipmentClock=1,RadioEquipmentClockReference=NTP1;Sync Frequency PDV Problem;High PDV detected on IP packets towards NTP server
2025-09-08;22:19:21;AL  ;Warning;Synchronization=1,RadioEquipmentClock=1,RadioEquipmentClockReference=NTP1;Sync Frequency PDV Problem;High PDV detected on IP packets towards NTP server
2025-09-08;22:39:39;AL  ;Cleared;Synchronization=1,RadioEquipmentClock=1,RadioEquipmentClockReference=NTP1;Sync Frequency PDV Problem;High PDV detected on IP packets towards NTP server
2025-09-09;00:13:24;AL  ;Cleared;Synchronization=1,RadioEquipmentClock=1,RadioEquipmentClockReference=PTP8275_2;Sync PTP Time PDV Problem;High PDV detected on PTP messages
2025-09-09;09:24:49;AL  ;Major ;Synchronization=1,RadioEquipmentClock=1,RadioEquipmentClockReference=PTP8275_2;Sync PTP Time PDV Problem;High PDV detected on PTP messages
2025-09-09;20:03:12;AL  ;Warning;Synchronization=1,RadioEquipmentClock=1,RadioEquipmentClockReference=NTP1;Sync Frequency PDV Problem;High PDV detected on IP packets towards NTP server
2025-09-09;21:36:02;AL  ;Cleared;Synchronization=1,RadioEquipmentClock=1,RadioEquipmentClockReference=NTP1;Sync Frequency PDV Problem;High PDV detected on IP packets towards NTP server
2025-09-09;21:37:31;AL  ;Warning;Synchronization=1,RadioEquipmentClock=1,RadioEquipmentClockReference=NTP1;Sync Frequency PDV Problem;High PDV detected on IP packets towards NTP server
2025-09-09;22:06:07;AL  ;Cleared;Synchronization=1,RadioEquipmentClock=1,RadioEquipmentClockReference=NTP1;Sync Frequency PDV Problem;High PDV detected on IP packets towards NTP server
2025-09-09;22:12:47;AL  ;Warning;Synchronization=1,RadioEquipmentClock=1,RadioEquipmentClockReference=NTP1;Sync Frequency PDV Problem;High PDV detected on IP packets towards NTP server
2025-09-09;22:29:12;AL  ;Cleared;Synchronization=1,RadioEquipmentClock=1,RadioEquipmentClockReference=NTP1;Sync Frequency PDV Problem;High PDV detected on IP packets towards NTP server
2025-09-10;00:15:16;AL  ;Cleared;Synchronization=1,RadioEquipmentClock=1,RadioEquipmentClockReference=PTP8275_2;Sync PTP Time PDV Problem;High PDV detected on PTP messages
2025-09-10;08:25:35;AL  ;Major ;Synchronization=1,RadioEquipmentClock=1,RadioEquipmentClockReference=PTP8275_2;Sync PTP Time PDV Problem;High PDV detected on PTP messages
2025-09-10;09:10:37;AL  ;Minor ;ENodeBFunction=1;PLMN Service Unavailable;S1 Connection Failure for PLMNs listed in Additional Information. AI: PLMN = ["2221"],
2025-09-10;09:10:37;AL  ;Major ;EUtranCellFDD=CS1BT3;Service Unavailable;This is a secondary alarm, use alarm correlation information in Additional Information to find primary alarm.
2025-09-10;09:10:37;AL  ;Major ;EUtranCellFDD=CS1BT2;Service Unavailable;This is a secondary alarm, use alarm correlation information in Additional Information to find primary alarm.
2025-09-10;09:10:37;AL  ;Major ;EUtranCellFDD=CS1BT1;Service Unavailable;This is a secondary alarm, use alarm correlation information in Additional Information to find primary alarm.
2025-09-10;09:10:37;AL  ;Major ;EUtranCellFDD=CS1BM3;Service Unavailable;This is a secondary alarm, use alarm correlation information in Additional Information to find primary alarm.
2025-09-10;09:10:37;AL  ;Major ;EUtranCellFDD=CS1BM2;Service Unavailable;This is a secondary alarm, use alarm correlation information in Additional Information to find primary alarm.
2025-09-10;09:10:37;AL  ;Major ;EUtranCellFDD=CS1BM1;Service Unavailable;This is a secondary alarm, use alarm correlation information in Additional Information to find primary alarm.
2025-09-10;09:10:37;AL  ;Major ;EUtranCellFDD=CS1BE3;Service Unavailable;This is a secondary alarm, use alarm correlation information in Additional Information to find primary alarm.
2025-09-10;09:10:37;AL  ;Major ;EUtranCellFDD=CS1BE2;Service Unavailable;This is a secondary alarm, use alarm correlation information in Additional Information to find primary alarm.
2025-09-10;09:10:37;AL  ;Major ;EUtranCellFDD=CS1BE1;Service Unavailable;This is a secondary alarm, use alarm correlation information in Additional Information to find primary alarm.
2025-09-10;09:10:37;AL  ;Major ;NbIotCell=CS1BN3;Service Unavailable;This is a secondary alarm, use alarm correlation information in Additional Information to find primary alarm.
2025-09-10;09:10:37;AL  ;Major ;NbIotCell=CS1BN2;Service Unavailable;This is a secondary alarm, use alarm correlation information in Additional Information to find primary alarm.
2025-09-10;09:10:37;AL  ;Major ;NbIotCell=CS1BN1;Service Unavailable;This is a secondary alarm, use alarm correlation information in Additional Information to find primary alarm.
2025-09-10;09:10:39;AL  ;Cleared;EUtraNetwork=1,ExternalENodeBFunction=2221-650456;Inter Node Feature Incompatibility;Elastic RAN feature is not activated in remote eNodeB. SUPPRESSED
2025-09-10;09:10:41;AL  ;Cleared;EUtraNetwork=1,ExternalENodeBFunction=2221-650377;Inter Node Feature Incompatibility;Elastic RAN feature is not activated in remote eNodeB. SUPPRESSED
2025-09-10;09:10:43;AL  ;Cleared;EUtraNetwork=1,ExternalENodeBFunction=2221-650511;Inter Node Feature Incompatibility;Elastic RAN feature is not activated in remote eNodeB. SUPPRESSED
2025-09-10;09:10:43;AL  ;Cleared;EUtraNetwork=1,ExternalENodeBFunction=2221-650543;Inter Node Feature Incompatibility;Elastic RAN feature is not activated in remote eNodeB. SUPPRESSED
2025-09-10;09:10:44;AL  ;Cleared;EUtraNetwork=1,ExternalENodeBFunction=2221-650395;Inter Node Feature Incompatibility;Elastic RAN feature is not activated in remote eNodeB. SUPPRESSED
2025-09-10;09:10:44;AL  ;Cleared;EUtraNetwork=1,ExternalENodeBFunction=2221-650720;Inter Node Feature Incompatibility;Elastic RAN feature is not activated in remote eNodeB. SUPPRESSED
2025-09-10;09:11:06;AL  ;Cleared;ENodeBFunction=1;PLMN Service Unavailable;S1 Connection Failure for PLMNs listed in Additional Information. AI: PLMN = ["2221"],
2025-09-10;09:11:06;AL  ;Cleared;EUtranCellFDD=CS1BT3;Service Unavailable;This is a secondary alarm, use alarm correlation information in Additional Information to find primary alarm.
2025-09-10;09:11:06;AL  ;Cleared;EUtranCellFDD=CS1BT2;Service Unavailable;This is a secondary alarm, use alarm correlation information in Additional Information to find primary alarm.
2025-09-10;09:11:06;AL  ;Cleared;EUtranCellFDD=CS1BT1;Service Unavailable;This is a secondary alarm, use alarm correlation information in Additional Information to find primary alarm.
2025-09-10;09:11:06;AL  ;Cleared;EUtranCellFDD=CS1BM3;Service Unavailable;This is a secondary alarm, use alarm correlation information in Additional Information to find primary alarm.
2025-09-10;09:11:06;AL  ;Cleared;EUtranCellFDD=CS1BM2;Service Unavailable;This is a secondary alarm, use alarm correlation information in Additional Information to find primary alarm.
2025-09-10;09:11:06;AL  ;Cleared;EUtranCellFDD=CS1BM1;Service Unavailable;This is a secondary alarm, use alarm correlation information in Additional Information to find primary alarm.
2025-09-10;09:11:06;AL  ;Cleared;EUtranCellFDD=CS1BE3;Service Unavailable;This is a secondary alarm, use alarm correlation information in Additional Information to find primary alarm.
2025-09-10;09:11:06;AL  ;Cleared;EUtranCellFDD=CS1BE2;Service Unavailable;This is a secondary alarm, use alarm correlation information in Additional Information to find primary alarm.
2025-09-10;09:11:06;AL  ;Cleared;EUtranCellFDD=CS1BE1;Service Unavailable;This is a secondary alarm, use alarm correlation information in Additional Information to find primary alarm.
2025-09-10;09:11:06;AL  ;Cleared;NbIotCell=CS1BN3;Service Unavailable;This is a secondary alarm, use alarm correlation information in Additional Information to find primary alarm.
2025-09-10;09:11:06;AL  ;Cleared;NbIotCell=CS1BN2;Service Unavailable;This is a secondary alarm, use alarm correlation information in Additional Information to find primary alarm.
2025-09-10;09:11:06;AL  ;Cleared;NbIotCell=CS1BN1;Service Unavailable;This is a secondary alarm, use alarm correlation information in Additional Information to find primary alarm.
2025-09-10;09:11:06;AL  ;Minor ;EUtraNetwork=1,ExternalENodeBFunction=2221-650543;Inter Node Feature Incompatibility;Elastic RAN feature is not activated in remote eNodeB. SUPPRESSED
2025-09-10;09:11:07;AL  ;Minor ;EUtraNetwork=1,ExternalENodeBFunction=2221-650456;Inter Node Feature Incompatibility;Elastic RAN feature is not activated in remote eNodeB. SUPPRESSED
2025-09-10;09:11:08;AL  ;Minor ;EUtraNetwork=1,ExternalENodeBFunction=2221-650377;Inter Node Feature Incompatibility;Elastic RAN feature is not activated in remote eNodeB. SUPPRESSED
2025-09-10;09:11:09;AL  ;Minor ;EUtraNetwork=1,ExternalENodeBFunction=2221-650511;Inter Node Feature Incompatibility;Elastic RAN feature is not activated in remote eNodeB. SUPPRESSED
2025-09-10;13:58:39;AL  ;Warning;Synchronization=1,RadioEquipmentClock=1,RadioEquipmentClockReference=NTP1;Sync Frequency PDV Problem;High PDV detected on IP packets towards NTP server
2025-09-10;17:16:11;AL  ;Cleared;Synchronization=1,RadioEquipmentClock=1,RadioEquipmentClockReference=NTP1;Sync Frequency PDV Problem;High PDV detected on IP packets towards NTP server
2025-09-10;17:20:48;AL  ;Warning;Synchronization=1,RadioEquipmentClock=1,RadioEquipmentClockReference=NTP1;Sync Frequency PDV Problem;High PDV detected on IP packets towards NTP server
2025-09-10;17:31:06;AL  ;Cleared;Synchronization=1,RadioEquipmentClock=1,RadioEquipmentClockReference=NTP1;Sync Frequency PDV Problem;High PDV detected on IP packets towards NTP server
2025-09-10;17:34:43;AL  ;Warning;Synchronization=1,RadioEquipmentClock=1,RadioEquipmentClockReference=NTP1;Sync Frequency PDV Problem;High PDV detected on IP packets towards NTP server
2025-09-10;17:44:37;AL  ;Cleared;Synchronization=1,RadioEquipmentClock=1,RadioEquipmentClockReference=NTP1;Sync Frequency PDV Problem;High PDV detected on IP packets towards NTP server
2025-09-10;18:32:15;AL  ;Warning;Synchronization=1,RadioEquipmentClock=1,RadioEquipmentClockReference=NTP1;Sync Frequency PDV Problem;High PDV detected on IP packets towards NTP server
2025-09-10;19:41:05;AL  ;Cleared;Synchronization=1,RadioEquipmentClock=1,RadioEquipmentClockReference=NTP1;Sync Frequency PDV Problem;High PDV detected on IP packets towards NTP server
2025-09-10;19:42:06;AL  ;Warning;Synchronization=1,RadioEquipmentClock=1,RadioEquipmentClockReference=NTP1;Sync Frequency PDV Problem;High PDV detected on IP packets towards NTP server
2025-09-10;21:52:07;AL  ;Cleared;Synchronization=1,RadioEquipmentClock=1,RadioEquipmentClockReference=NTP1;Sync Frequency PDV Problem;High PDV detected on IP packets towards NTP server
2025-09-10;21:52:57;AL  ;Warning;Synchronization=1,RadioEquipmentClock=1,RadioEquipmentClockReference=NTP1;Sync Frequency PDV Problem;High PDV detected on IP packets towards NTP server
2025-09-10;22:07:34;AL  ;Cleared;Synchronization=1,RadioEquipmentClock=1,RadioEquipmentClockReference=NTP1;Sync Frequency PDV Problem;High PDV detected on IP packets towards NTP server
2025-09-10;22:25:30;AL  ;Warning;Synchronization=1,RadioEquipmentClock=1,RadioEquipmentClockReference=NTP1;Sync Frequency PDV Problem;High PDV detected on IP packets towards NTP server
2025-09-10;22:54:32;AL  ;Cleared;Synchronization=1,RadioEquipmentClock=1,RadioEquipmentClockReference=NTP1;Sync Frequency PDV Problem;High PDV detected on IP packets towards NTP server
2025-09-11;00:07:47;AL  ;Cleared;Synchronization=1,RadioEquipmentClock=1,RadioEquipmentClockReference=PTP8275_2;Sync PTP Time PDV Problem;High PDV detected on PTP messages
2025-09-11;06:10:25;AL  ;Minor ;ENodeBFunction=1;External Link Failure;X2 link problem to one or several neighbouring eNodeBs. AI: PLMN ID-eNB ID 1 = 2221-650270
2025-09-11;06:13:17;AL  ;Minor ;ENodeBFunction=1;External Link Failure;X2 link problem to one or several neighbouring eNodeBs. AI: PLMN ID-eNB ID 1 = 2221-650270 PLMN ID-eNB ID 2 = 2221-650569
2025-09-11;06:25:42;AL  ;Minor ;EUtraNetwork=1,ExternalENodeBFunction=2221-650270;Inter Node Carrier Aggregation Service Unavailable;Elastic RAN Carrier Aggregation is not available towards remote eNodeB.
2025-09-11;06:25:53;AL  ;Minor ;ENodeBFunction=1;External Link Failure;X2 link problem to one or several neighbouring eNodeBs. AI: PLMN ID-eNB ID 1 = 2221-650569
2025-09-11;06:27:59;AL  ;Cleared;EUtraNetwork=1,ExternalENodeBFunction=2221-650270;Inter Node Carrier Aggregation Service Unavailable;Elastic RAN Carrier Aggregation is not available towards remote eNodeB.
2025-09-11;06:28:13;AL  ;Minor ;EUtraNetwork=1,ExternalENodeBFunction=2221-650270;Inter Node Carrier Aggregation Service Unavailable;Elastic RAN Carrier Aggregation is not available towards remote eNodeB.
2025-09-11;06:29:08;AL  ;Cleared;EUtraNetwork=1,ExternalENodeBFunction=2221-650270;Inter Node Carrier Aggregation Service Unavailable;Elastic RAN Carrier Aggregation is not available towards remote eNodeB.
2025-09-11;06:38:09;AL  ;Minor ;EUtraNetwork=1,ExternalENodeBFunction=2221-650270;Inter Node Carrier Aggregation Service Unavailable;Elastic RAN Carrier Aggregation is not available towards remote eNodeB.
2025-09-11;06:38:47;AL  ;Cleared;EUtraNetwork=1,ExternalENodeBFunction=2221-650377;Inter Node Feature Incompatibility;Elastic RAN feature is not activated in remote eNodeB. SUPPRESSED
2025-09-11;06:40:53;AL  ;Minor ;ENodeBFunction=1;External Link Failure;X2 link problem to one or several neighbouring eNodeBs. AI: PLMN ID-eNB ID 1 = 2221-650569 PLMN ID-eNB ID 2 = 2221-650324
2025-09-11;06:41:01;AL  ;Cleared;EUtraNetwork=1,ExternalENodeBFunction=2221-650270;Inter Node Carrier Aggregation Service Unavailable;Elastic RAN Carrier Aggregation is not available towards remote eNodeB.
2025-09-11;06:41:33;AL  ;Minor ;EUtraNetwork=1,ExternalENodeBFunction=2221-650270;Inter Node Carrier Aggregation Service Unavailable;Elastic RAN Carrier Aggregation is not available towards remote eNodeB.
2025-09-11;06:41:45;AL  ;Minor ;ENodeBFunction=1;External Link to GNodeB Failure;X2 link problem to one or several neighbouring gNodeBs. AI: PLMN ID-gNB ID 1 = 2221-1056184
2025-09-11;06:47:02;AL  ;Minor ;ENodeBFunction=1;External Link Failure;X2 link problem to one or several neighbouring eNodeBs. AI: PLMN ID-eNB ID 1 = 2221-650569
2025-09-11;06:47:17;AL  ;Cleared;ENodeBFunction=1;External Link to GNodeB Failure;X2 link problem to one or several neighbouring gNodeBs. AI: PLMN ID-gNB ID 1 = 2221-1056184
2025-09-11;06:49:27;AL  ;Minor ;ENodeBFunction=1;External Link Failure;X2 link problem to one or several neighbouring eNodeBs. AI: PLMN ID-eNB ID 1 = 2221-650569 PLMN ID-eNB ID 2 = 2221-650395
2025-09-11;07:02:44;AL  ;Cleared;EUtraNetwork=1,ExternalENodeBFunction=2221-650511;Inter Node Feature Incompatibility;Elastic RAN feature is not activated in remote eNodeB. SUPPRESSED
2025-09-11;07:05:15;AL  ;Cleared;EUtraNetwork=1,ExternalENodeBFunction=2221-650543;Inter Node Feature Incompatibility;Elastic RAN feature is not activated in remote eNodeB. SUPPRESSED
2025-09-11;07:15:20;AL  ;Minor ;ENodeBFunction=1;External Link Failure;X2 link problem to one or several neighbouring eNodeBs. AI: PLMN ID-eNB ID 1 = 2221-650395
2025-09-11;07:45:39;AL  ;Cleared;ENodeBFunction=1;External Link Failure;X2 link problem to one or several neighbouring eNodeBs. AI: PLMN ID-eNB ID 1 = 2221-650395
2025-09-11;07:50:12;AL  ;Major ;Synchronization=1,RadioEquipmentClock=1,RadioEquipmentClockReference=PTP8275_2;Sync PTP Time PDV Problem;High PDV detected on PTP messages
2025-09-11;12:15:55;AL  ;Warning;Synchronization=1,RadioEquipmentClock=1,RadioEquipmentClockReference=NTP1;Sync Frequency PDV Problem;High PDV detected on IP packets towards NTP server
2025-09-11;12:48:59;AL  ;Cleared;Synchronization=1,RadioEquipmentClock=1,RadioEquipmentClockReference=NTP1;Sync Frequency PDV Problem;High PDV detected on IP packets towards NTP server
2025-09-11;13:01:32;AL  ;Warning;Synchronization=1,RadioEquipmentClock=1,RadioEquipmentClockReference=NTP1;Sync Frequency PDV Problem;High PDV detected on IP packets towards NTP server
2025-09-11;13:07:41;AL  ;Cleared;Synchronization=1,RadioEquipmentClock=1,RadioEquipmentClockReference=NTP1;Sync Frequency PDV Problem;High PDV detected on IP packets towards NTP server
2025-09-11;13:08:32;AL  ;Warning;Synchronization=1,RadioEquipmentClock=1,RadioEquipmentClockReference=NTP1;Sync Frequency PDV Problem;High PDV detected on IP packets towards NTP server
2025-09-11;13:48:43;AL  ;Cleared;Synchronization=1,RadioEquipmentClock=1,RadioEquipmentClockReference=NTP1;Sync Frequency PDV Problem;High PDV detected on IP packets towards NTP server
2025-09-11;13:48:51;AL  ;Warning;Synchronization=1,RadioEquipmentClock=1,RadioEquipmentClockReference=NTP1;Sync Frequency PDV Problem;High PDV detected on IP packets towards NTP server
2025-09-11;13:58:18;AL  ;Cleared;Synchronization=1,RadioEquipmentClock=1,RadioEquipmentClockReference=NTP1;Sync Frequency PDV Problem;High PDV detected on IP packets towards NTP server
2025-09-11;13:59:07;AL  ;Warning;Synchronization=1,RadioEquipmentClock=1,RadioEquipmentClockReference=NTP1;Sync Frequency PDV Problem;High PDV detected on IP packets towards NTP server
2025-09-11;15:42:46;AL  ;Cleared;Synchronization=1,RadioEquipmentClock=1,RadioEquipmentClockReference=NTP1;Sync Frequency PDV Problem;High PDV detected on IP packets towards NTP server
2025-09-11;16:13:40;AL  ;Warning;Synchronization=1,RadioEquipmentClock=1,RadioEquipmentClockReference=NTP1;Sync Frequency PDV Problem;High PDV detected on IP packets towards NTP server
2025-09-11;16:22:38;AL  ;Cleared;Synchronization=1,RadioEquipmentClock=1,RadioEquipmentClockReference=NTP1;Sync Frequency PDV Problem;High PDV detected on IP packets towards NTP server
2025-09-11;16:24:43;AL  ;Warning;Synchronization=1,RadioEquipmentClock=1,RadioEquipmentClockReference=NTP1;Sync Frequency PDV Problem;High PDV detected on IP packets towards NTP server
2025-09-11;17:19:49;AL  ;Cleared;Synchronization=1,RadioEquipmentClock=1,RadioEquipmentClockReference=NTP1;Sync Frequency PDV Problem;High PDV detected on IP packets towards NTP server
2025-09-11;17:21:02;AL  ;Warning;Synchronization=1,RadioEquipmentClock=1,RadioEquipmentClockReference=NTP1;Sync Frequency PDV Problem;High PDV detected on IP packets towards NTP server
2025-09-11;17:47:02;AL  ;Cleared;Synchronization=1,RadioEquipmentClock=1,RadioEquipmentClockReference=NTP1;Sync Frequency PDV Problem;High PDV detected on IP packets towards NTP server
2025-09-11;17:47:44;AL  ;Warning;Synchronization=1,RadioEquipmentClock=1,RadioEquipmentClockReference=NTP1;Sync Frequency PDV Problem;High PDV detected on IP packets towards NTP server
2025-09-11;21:10:59;AL  ;Minor ;EUtraNetwork=1,ExternalENodeBFunction=2221-650543;Inter Node Feature Incompatibility;Elastic RAN feature is not activated in remote eNodeB. SUPPRESSED
2025-09-11;22:08:52;AL  ;Cleared;Synchronization=1,RadioEquipmentClock=1,RadioEquipmentClockReference=NTP1;Sync Frequency PDV Problem;High PDV detected on IP packets towards NTP server
2025-09-11;22:28:35;AL  ;Warning;Synchronization=1,RadioEquipmentClock=1,RadioEquipmentClockReference=NTP1;Sync Frequency PDV Problem;High PDV detected on IP packets towards NTP server
2025-09-11;22:40:37;AL  ;Cleared;Synchronization=1,RadioEquipmentClock=1,RadioEquipmentClockReference=NTP1;Sync Frequency PDV Problem;High PDV detected on IP packets towards NTP server
2025-09-11;23:43:54;AL  ;Cleared;Synchronization=1,RadioEquipmentClock=1,RadioEquipmentClockReference=PTP8275_2;Sync PTP Time PDV Problem;High PDV detected on PTP messages
2025-09-12;00:00:10;AL  ;Warning;Synchronization=1,RadioEquipmentClock=1,RadioEquipmentClockReference=NTP1;Sync Frequency PDV Problem;High PDV detected on IP packets towards NTP server
2025-09-12;00:07:54;AL  ;Cleared;Synchronization=1,RadioEquipmentClock=1,RadioEquipmentClockReference=NTP1;Sync Frequency PDV Problem;High PDV detected on IP packets towards NTP server
2025-09-12;00:11:58;AL  ;Warning;Synchronization=1,RadioEquipmentClock=1,RadioEquipmentClockReference=NTP1;Sync Frequency PDV Problem;High PDV detected on IP packets towards NTP server
2025-09-12;00:23:20;AL  ;Cleared;Synchronization=1,RadioEquipmentClock=1,RadioEquipmentClockReference=NTP1;Sync Frequency PDV Problem;High PDV detected on IP packets towards NTP server
2025-09-12;10:07:50;AL  ;Major ;Synchronization=1,RadioEquipmentClock=1,RadioEquipmentClockReference=PTP8275_2;Sync PTP Time PDV Problem;High PDV detected on PTP messages
2025-09-12;18:40:06;AL  ;Warning;Synchronization=1,RadioEquipmentClock=1,RadioEquipmentClockReference=NTP1;Sync Frequency PDV Problem;High PDV detected on IP packets towards NTP server
2025-09-12;19:39:44;AL  ;Warning;Synchronization=1,RadioEquipmentClock=1;Clock Reference Missing For Long Time;Reference failure
2025-09-12;22:14:43;AL  ;Cleared;Synchronization=1,RadioEquipmentClock=1,RadioEquipmentClockReference=NTP1;Sync Frequency PDV Problem;High PDV detected on IP packets towards NTP server
2025-09-12;22:57:15;AL  ;Cleared;Synchronization=1,RadioEquipmentClock=1;Clock Reference Missing For Long Time;Reference failure
2025-09-12;23:46:15;AL  ;Cleared;Synchronization=1,RadioEquipmentClock=1,RadioEquipmentClockReference=PTP8275_2;Sync PTP Time PDV Problem;High PDV detected on PTP messages
2025-09-13;07:25:27;AL  ;Major ;Synchronization=1,RadioEquipmentClock=1,RadioEquipmentClockReference=PTP8275_2;Sync PTP Time PDV Problem;High PDV detected on PTP messages
2025-09-13;11:22:21;AL  ;Warning;Synchronization=1,RadioEquipmentClock=1;Clock Reference Missing For Long Time;Reference failure
2025-09-13;16:12:01;AL  ;Warning;Synchronization=1,RadioEquipmentClock=1,RadioEquipmentClockReference=NTP1;Sync Frequency PDV Problem;High PDV detected on IP packets towards NTP server
2025-09-13;18:09:20;AL  ;Cleared;Synchronization=1,RadioEquipmentClock=1,RadioEquipmentClockReference=NTP1;Sync Frequency PDV Problem;High PDV detected on IP packets towards NTP server
2025-09-13;18:11:09;AL  ;Warning;Synchronization=1,RadioEquipmentClock=1,RadioEquipmentClockReference=NTP1;Sync Frequency PDV Problem;High PDV detected on IP packets towards NTP server
2025-09-13;21:04:08;AL  ;Cleared;Synchronization=1,RadioEquipmentClock=1,RadioEquipmentClockReference=NTP1;Sync Frequency PDV Problem;High PDV detected on IP packets towards NTP server
2025-09-13;21:04:18;AL  ;Warning;Synchronization=1,RadioEquipmentClock=1,RadioEquipmentClockReference=NTP1;Sync Frequency PDV Problem;High PDV detected on IP packets towards NTP server
2025-09-13;21:38:58;AL  ;Cleared;Synchronization=1,RadioEquipmentClock=1,RadioEquipmentClockReference=NTP1;Sync Frequency PDV Problem;High PDV detected on IP packets towards NTP server
2025-09-13;21:39:09;AL  ;Warning;Synchronization=1,RadioEquipmentClock=1,RadioEquipmentClockReference=NTP1;Sync Frequency PDV Problem;High PDV detected on IP packets towards NTP server
2025-09-13;21:48:14;AL  ;Cleared;Synchronization=1,RadioEquipmentClock=1,RadioEquipmentClockReference=NTP1;Sync Frequency PDV Problem;High PDV detected on IP packets towards NTP server
2025-09-13;21:55:33;AL  ;Warning;Synchronization=1,RadioEquipmentClock=1,RadioEquipmentClockReference=NTP1;Sync Frequency PDV Problem;High PDV detected on IP packets towards NTP server
2025-09-13;22:03:55;AL  ;Cleared;Synchronization=1,RadioEquipmentClock=1,RadioEquipmentClockReference=NTP1;Sync Frequency PDV Problem;High PDV detected on IP packets towards NTP server
2025-09-13;22:04:34;AL  ;Warning;Synchronization=1,RadioEquipmentClock=1,RadioEquipmentClockReference=NTP1;Sync Frequency PDV Problem;High PDV detected on IP packets towards NTP server
2025-09-13;22:17:17;AL  ;Cleared;Synchronization=1,RadioEquipmentClock=1,RadioEquipmentClockReference=NTP1;Sync Frequency PDV Problem;High PDV detected on IP packets towards NTP server
2025-09-13;22:48:17;AL  ;Warning;Synchronization=1,RadioEquipmentClock=1,RadioEquipmentClockReference=NTP1;Sync Frequency PDV Problem;High PDV detected on IP packets towards NTP server
2025-09-13;22:58:11;AL  ;Cleared;Synchronization=1,RadioEquipmentClock=1,RadioEquipmentClockReference=NTP1;Sync Frequency PDV Problem;High PDV detected on IP packets towards NTP server
2025-09-13;23:10:09;AL  ;Warning;Synchronization=1,RadioEquipmentClock=1,RadioEquipmentClockReference=NTP1;Sync Frequency PDV Problem;High PDV detected on IP packets towards NTP server
2025-09-13;23:18:58;AL  ;Cleared;Synchronization=1,RadioEquipmentClock=1,RadioEquipmentClockReference=NTP1;Sync Frequency PDV Problem;High PDV detected on IP packets towards NTP server
2025-09-14;00:09:07;AL  ;Cleared;Synchronization=1,RadioEquipmentClock=1;Clock Reference Missing For Long Time;Reference failure
2025-09-14;00:58:07;AL  ;Cleared;Synchronization=1,RadioEquipmentClock=1,RadioEquipmentClockReference=PTP8275_2;Sync PTP Time PDV Problem;High PDV detected on PTP messages
2025-09-14;07:01:35;AL  ;Major ;Synchronization=1,RadioEquipmentClock=1,RadioEquipmentClockReference=PTP8275_2;Sync PTP Time PDV Problem;High PDV detected on PTP messages
2025-09-14;07:09:29;AL  ;Cleared;EUtraNetwork=1,ExternalENodeBFunction=2221-650270;Inter Node Carrier Aggregation Service Unavailable;Elastic RAN Carrier Aggregation is not available towards remote eNodeB.
2025-09-14;07:09:58;AL  ;Minor ;EUtraNetwork=1,ExternalENodeBFunction=2221-650270;Inter Node Carrier Aggregation Service Unavailable;Elastic RAN Carrier Aggregation is not available towards remote eNodeB.
2025-09-14;07:59:59;AL  ;Cleared;EUtraNetwork=1,ExternalENodeBFunction=2221-650270;Inter Node Carrier Aggregation Service Unavailable;Elastic RAN Carrier Aggregation is not available towards remote eNodeB.
2025-09-14;10:12:44;AL  ;Warning;Synchronization=1,RadioEquipmentClock=1;Clock Reference Missing For Long Time;Reference failure
2025-09-14;12:32:56;AL  ;Warning;Synchronization=1,RadioEquipmentClock=1,RadioEquipmentClockReference=NTP1;Sync Frequency PDV Problem;High PDV detected on IP packets towards NTP server
2025-09-14;15:10:30;AL  ;Cleared;Synchronization=1,RadioEquipmentClock=1,RadioEquipmentClockReference=NTP1;Sync Frequency PDV Problem;High PDV detected on IP packets towards NTP server
2025-09-14;15:10:54;AL  ;Warning;Synchronization=1,RadioEquipmentClock=1,RadioEquipmentClockReference=NTP1;Sync Frequency PDV Problem;High PDV detected on IP packets towards NTP server
2025-09-14;15:19:01;AL  ;Cleared;Synchronization=1,RadioEquipmentClock=1,RadioEquipmentClockReference=NTP1;Sync Frequency PDV Problem;High PDV detected on IP packets towards NTP server
2025-09-14;15:24:52;AL  ;Warning;Synchronization=1,RadioEquipmentClock=1,RadioEquipmentClockReference=NTP1;Sync Frequency PDV Problem;High PDV detected on IP packets towards NTP server
2025-09-14;17:48:20;AL  ;Cleared;Synchronization=1,RadioEquipmentClock=1,RadioEquipmentClockReference=NTP1;Sync Frequency PDV Problem;High PDV detected on IP packets towards NTP server
2025-09-14;17:54:10;AL  ;Warning;Synchronization=1,RadioEquipmentClock=1,RadioEquipmentClockReference=NTP1;Sync Frequency PDV Problem;High PDV detected on IP packets towards NTP server
2025-09-14;22:10:11;AL  ;Cleared;Synchronization=1,RadioEquipmentClock=1,RadioEquipmentClockReference=NTP1;Sync Frequency PDV Problem;High PDV detected on IP packets towards NTP server
2025-09-14;23:11:19;AL  ;Cleared;Synchronization=1,RadioEquipmentClock=1;Clock Reference Missing For Long Time;Reference failure
2025-09-15;00:00:19;AL  ;Cleared;Synchronization=1,RadioEquipmentClock=1,RadioEquipmentClockReference=PTP8275_2;Sync PTP Time PDV Problem;High PDV detected on PTP messages
2025-09-15;09:04:55;AL  ;Major ;Synchronization=1,RadioEquipmentClock=1,RadioEquipmentClockReference=PTP8275_2;Sync PTP Time PDV Problem;High PDV detected on PTP messages
2025-09-15;13:27:14;AL  ;Warning;Synchronization=1,RadioEquipmentClock=1;Clock Reference Missing For Long Time;Reference failure
2025-09-15;19:20:47;AL  ;Warning;Synchronization=1,RadioEquipmentClock=1,RadioEquipmentClockReference=NTP1;Sync Frequency PDV Problem;High PDV detected on IP packets towards NTP server
2025-09-15;21:38:50;AL  ;Cleared;Synchronization=1,RadioEquipmentClock=1,RadioEquipmentClockReference=NTP1;Sync Frequency PDV Problem;High PDV detected on IP packets towards NTP server
2025-09-15;21:39:22;AL  ;Warning;Synchronization=1,RadioEquipmentClock=1,RadioEquipmentClockReference=NTP1;Sync Frequency PDV Problem;High PDV detected on IP packets towards NTP server
2025-09-15;21:44:56;AL  ;Cleared;Synchronization=1,RadioEquipmentClock=1,RadioEquipmentClockReference=NTP1;Sync Frequency PDV Problem;High PDV detected on IP packets towards NTP server
2025-09-15;21:47:25;AL  ;Warning;Synchronization=1,RadioEquipmentClock=1,RadioEquipmentClockReference=NTP1;Sync Frequency PDV Problem;High PDV detected on IP packets towards NTP server
2025-09-15;21:56:41;AL  ;Cleared;Synchronization=1,RadioEquipmentClock=1,RadioEquipmentClockReference=NTP1;Sync Frequency PDV Problem;High PDV detected on IP packets towards NTP server
2025-09-15;23:42:46;AL  ;Cleared;Synchronization=1,RadioEquipmentClock=1;Clock Reference Missing For Long Time;Reference failure
2025-09-16;00:31:46;AL  ;Cleared;Synchronization=1,RadioEquipmentClock=1,RadioEquipmentClockReference=PTP8275_2;Sync PTP Time PDV Problem;High PDV detected on PTP messages
2025-09-16;02:29:55;AL  ;Minor ;ENodeBFunction=1;External Link Failure;X2 link problem to one or several neighbouring eNodeBs. AI: PLMN ID-eNB ID 1 = 2221-650773
2025-09-16;02:39:41;AL  ;Cleared;ENodeBFunction=1;External Link Failure;X2 link problem to one or several neighbouring eNodeBs. AI: PLMN ID-eNB ID 1 = 2221-650773
2025-09-16;09:57:43;AL  ;Warning;ENodeBFunction=1;PLMN Service Redundancy Lost;S1 connection failure for PLMN connected with link represented by MO listed in Additional Information. AI: PLMN = ["2221"],DN1=ManagedElement=1,ENodeBFunction=1,TermPointToMme=5,
2025-09-16;09:58:13;AL  ;Cleared;ENodeBFunction=1;PLMN Service Redundancy Lost;S1 connection failure for PLMN connected with link represented by MO listed in Additional Information. AI: PLMN = ["2221"],DN1=ManagedElement=1,ENodeBFunction=1,TermPointToMme=5,
2025-09-16;10:24:58;AL  ;Major ;Synchronization=1,RadioEquipmentClock=1,RadioEquipmentClockReference=PTP8275_2;Sync PTP Time PDV Problem;High PDV detected on PTP messages
2025-09-16;14:05:01;AL  ;Warning;Synchronization=1,RadioEquipmentClock=1;Clock Reference Missing For Long Time;Reference failure
2025-09-16;20:20:12;AL  ;Warning;Synchronization=1,RadioEquipmentClock=1,RadioEquipmentClockReference=NTP1;Sync Frequency PDV Problem;High PDV detected on IP packets towards NTP server
2025-09-16;21:23:15;AL  ;Cleared;Synchronization=1,RadioEquipmentClock=1,RadioEquipmentClockReference=NTP1;Sync Frequency PDV Problem;High PDV detected on IP packets towards NTP server
2025-09-16;21:37:29;AL  ;Warning;Synchronization=1,RadioEquipmentClock=1,RadioEquipmentClockReference=NTP1;Sync Frequency PDV Problem;High PDV detected on IP packets towards NTP server
2025-09-16;21:45:50;AL  ;Cleared;Synchronization=1,RadioEquipmentClock=1,RadioEquipmentClockReference=NTP1;Sync Frequency PDV Problem;High PDV detected on IP packets towards NTP server
2025-09-16;21:56:05;AL  ;Warning;Synchronization=1,RadioEquipmentClock=1,RadioEquipmentClockReference=NTP1;Sync Frequency PDV Problem;High PDV detected on IP packets towards NTP server
2025-09-16;22:03:23;AL  ;Cleared;Synchronization=1,RadioEquipmentClock=1,RadioEquipmentClockReference=NTP1;Sync Frequency PDV Problem;High PDV detected on IP packets towards NTP server
2025-09-16;22:13:07;AL  ;Cleared;Synchronization=1,RadioEquipmentClock=1;Clock Reference Missing For Long Time;Reference failure
2025-09-16;23:30:44;AL  ;Cleared;Synchronization=1,RadioEquipmentClock=1,RadioEquipmentClockReference=PTP8275_2;Sync PTP Time PDV Problem;High PDV detected on PTP messages
2025-09-17;05:11:41;AL  ;Major ;Synchronization=1,RadioEquipmentClock=1,RadioEquipmentClockReference=PTP8275_2;Sync PTP Time PDV Problem;High PDV detected on PTP messages
2025-09-17;08:56:03;AL  ;Cleared;Synchronization=1,RadioEquipmentClock=1,RadioEquipmentClockReference=PTP8275_2;Sync PTP Time PDV Problem;High PDV detected on PTP messages
2025-09-17;09:33:55;AL  ;Major ;Synchronization=1,RadioEquipmentClock=1,RadioEquipmentClockReference=PTP8275_2;Sync PTP Time PDV Problem;High PDV detected on PTP messages
2025-09-17;10:34:35;AL  ;Cleared;Synchronization=1,RadioEquipmentClock=1,RadioEquipmentClockReference=PTP8275_2;Sync PTP Time PDV Problem;High PDV detected on PTP messages
2025-09-17;10:49:55;AL  ;Major ;Synchronization=1,RadioEquipmentClock=1,RadioEquipmentClockReference=PTP8275_2;Sync PTP Time PDV Problem;High PDV detected on PTP messages
2025-09-17;11:36:53;AL  ;Warning;Synchronization=1,RadioEquipmentClock=1;Clock Reference Missing For Long Time;Reference failure
2025-09-17;16:30:07;AL  ;Minor ;ENodeBFunction=1;External Link Failure;X2 link problem to one or several neighbouring eNodeBs. AI: PLMN ID-eNB ID 1 = 2221-205313
2025-09-17;17:03:50;AL  ;Cleared;ENodeBFunction=1;External Link Failure;X2 link problem to one or several neighbouring eNodeBs. AI: PLMN ID-eNB ID 1 = 2221-205313
2025-09-17;17:04:08;AL  ;Minor ;EUtraNetwork=1,ExternalENodeBFunction=2221-650270;Inter Node Carrier Aggregation Service Unavailable;Elastic RAN Carrier Aggregation is not available towards remote eNodeB.
2025-09-17;18:40:02;AL  ;Warning;Synchronization=1,RadioEquipmentClock=1,RadioEquipmentClockReference=NTP1;Sync Frequency PDV Problem;High PDV detected on IP packets towards NTP server
2025-09-17;21:29:43;AL  ;Cleared;Synchronization=1,RadioEquipmentClock=1,RadioEquipmentClockReference=NTP1;Sync Frequency PDV Problem;High PDV detected on IP packets towards NTP server
2025-09-17;21:34:34;AL  ;Warning;Synchronization=1,RadioEquipmentClock=1,RadioEquipmentClockReference=NTP1;Sync Frequency PDV Problem;High PDV detected on IP packets towards NTP server
2025-09-17;21:52:31;AL  ;Cleared;Synchronization=1,RadioEquipmentClock=1,RadioEquipmentClockReference=NTP1;Sync Frequency PDV Problem;High PDV detected on IP packets towards NTP server
2025-09-17;22:37:33;AL  ;Cleared;Synchronization=1,RadioEquipmentClock=1;Clock Reference Missing For Long Time;Reference failure
2025-09-17;23:26:33;AL  ;Cleared;Synchronization=1,RadioEquipmentClock=1,RadioEquipmentClockReference=PTP8275_2;Sync PTP Time PDV Problem;High PDV detected on PTP messages
2025-09-18;09:51:09;AL  ;Major ;Synchronization=1,RadioEquipmentClock=1,RadioEquipmentClockReference=PTP8275_2;Sync PTP Time PDV Problem;High PDV detected on PTP messages
2025-09-18;14:10:26;AL  ;Warning;Synchronization=1,RadioEquipmentClock=1;Clock Reference Missing For Long Time;Reference failure
2025-09-18;19:18:20;AL  ;Warning;Synchronization=1,RadioEquipmentClock=1,RadioEquipmentClockReference=NTP1;Sync Frequency PDV Problem;High PDV detected on IP packets towards NTP server
2025-09-18;22:12:51;AL  ;Cleared;Synchronization=1,RadioEquipmentClock=1,RadioEquipmentClockReference=NTP1;Sync Frequency PDV Problem;High PDV detected on IP packets towards NTP server
2025-09-18;22:14:27;AL  ;Warning;Synchronization=1,RadioEquipmentClock=1,RadioEquipmentClockReference=NTP1;Sync Frequency PDV Problem;High PDV detected on IP packets towards NTP server
2025-09-18;22:41:41;AL  ;Cleared;Synchronization=1,RadioEquipmentClock=1;Clock Reference Missing For Long Time;Reference failure
2025-09-18;22:46:50;AL  ;Cleared;Synchronization=1,RadioEquipmentClock=1,RadioEquipmentClockReference=NTP1;Sync Frequency PDV Problem;High PDV detected on IP packets towards NTP server
2025-09-18;23:30:41;AL  ;Cleared;Synchronization=1,RadioEquipmentClock=1,RadioEquipmentClockReference=PTP8275_2;Sync PTP Time PDV Problem;High PDV detected on PTP messages
2025-09-19;09:52:31;AL  ;Major ;Synchronization=1,RadioEquipmentClock=1,RadioEquipmentClockReference=PTP8275_2;Sync PTP Time PDV Problem;High PDV detected on PTP messages
2025-09-19;14:27:14;AL  ;Warning;Synchronization=1,RadioEquipmentClock=1;Clock Reference Missing For Long Time;Reference failure
2025-09-19;17:11:08;AL  ;Minor ;EUtraNetwork=1,ExternalENodeBFunction=2221-650812;Inter Node Carrier Aggregation Service Unavailable;Elastic RAN Carrier Aggregation is not available towards remote eNodeB.
2025-09-19;20:33:39;AL  ;Warning;Synchronization=1,RadioEquipmentClock=1,RadioEquipmentClockReference=NTP1;Sync Frequency PDV Problem;High PDV detected on IP packets towards NTP server
2025-09-19;20:59:38;AL  ;Cleared;Synchronization=1,RadioEquipmentClock=1,RadioEquipmentClockReference=NTP1;Sync Frequency PDV Problem;High PDV detected on IP packets towards NTP server
2025-09-19;21:04:46;AL  ;Warning;Synchronization=1,RadioEquipmentClock=1,RadioEquipmentClockReference=NTP1;Sync Frequency PDV Problem;High PDV detected on IP packets towards NTP server
2025-09-19;21:15:26;AL  ;Cleared;Synchronization=1,RadioEquipmentClock=1,RadioEquipmentClockReference=NTP1;Sync Frequency PDV Problem;High PDV detected on IP packets towards NTP server
2025-09-19;22:46:27;AL  ;Cleared;Synchronization=1,RadioEquipmentClock=1;Clock Reference Missing For Long Time;Reference failure
2025-09-19;23:35:27;AL  ;Cleared;Synchronization=1,RadioEquipmentClock=1,RadioEquipmentClockReference=PTP8275_2;Sync PTP Time PDV Problem;High PDV detected on PTP messages
2025-09-20;07:39:00;AL  ;Major ;Synchronization=1,RadioEquipmentClock=1,RadioEquipmentClockReference=PTP8275_2;Sync PTP Time PDV Problem;High PDV detected on PTP messages
2025-09-20;12:00:44;AL  ;Warning;Synchronization=1,RadioEquipmentClock=1;Clock Reference Missing For Long Time;Reference failure
2025-09-20;14:28:49;AL  ;Warning;Synchronization=1,RadioEquipmentClock=1,RadioEquipmentClockReference=NTP1;Sync Frequency PDV Problem;High PDV detected on IP packets towards NTP server
2025-09-20;19:46:02;AL  ;Cleared;Synchronization=1,RadioEquipmentClock=1,RadioEquipmentClockReference=NTP1;Sync Frequency PDV Problem;High PDV detected on IP packets towards NTP server
2025-09-20;19:47:04;AL  ;Warning;Synchronization=1,RadioEquipmentClock=1,RadioEquipmentClockReference=NTP1;Sync Frequency PDV Problem;High PDV detected on IP packets towards NTP server
2025-09-20;21:12:51;AL  ;Cleared;Synchronization=1,RadioEquipmentClock=1,RadioEquipmentClockReference=NTP1;Sync Frequency PDV Problem;High PDV detected on IP packets towards NTP server
2025-09-20;21:13:33;AL  ;Warning;Synchronization=1,RadioEquipmentClock=1,RadioEquipmentClockReference=NTP1;Sync Frequency PDV Problem;High PDV detected on IP packets towards NTP server
2025-09-20;21:32:26;AL  ;Cleared;Synchronization=1,RadioEquipmentClock=1,RadioEquipmentClockReference=NTP1;Sync Frequency PDV Problem;High PDV detected on IP packets towards NTP server
2025-09-20;21:55:20;AL  ;Warning;Synchronization=1,RadioEquipmentClock=1,RadioEquipmentClockReference=NTP1;Sync Frequency PDV Problem;High PDV detected on IP packets towards NTP server
2025-09-20;22:09:11;AL  ;Cleared;Synchronization=1,RadioEquipmentClock=1,RadioEquipmentClockReference=NTP1;Sync Frequency PDV Problem;High PDV detected on IP packets towards NTP server
2025-09-20;22:09:27;AL  ;Warning;Synchronization=1,RadioEquipmentClock=1,RadioEquipmentClockReference=NTP1;Sync Frequency PDV Problem;High PDV detected on IP packets towards NTP server
2025-09-20;22:13:23;AL  ;Cleared;Synchronization=1,RadioEquipmentClock=1;Clock Reference Missing For Long Time;Reference failure
2025-09-20;22:21:27;AL  ;Cleared;Synchronization=1,RadioEquipmentClock=1,RadioEquipmentClockReference=NTP1;Sync Frequency PDV Problem;High PDV detected on IP packets towards NTP server
2025-09-20;23:02:23;AL  ;Cleared;Synchronization=1,RadioEquipmentClock=1,RadioEquipmentClockReference=PTP8275_2;Sync PTP Time PDV Problem;High PDV detected on PTP messages
2025-09-21;06:55:51;AL  ;Major ;Synchronization=1,RadioEquipmentClock=1,RadioEquipmentClockReference=PTP8275_2;Sync PTP Time PDV Problem;High PDV detected on PTP messages
2025-09-21;07:08:50;AL  ;Cleared;EUtraNetwork=1,ExternalENodeBFunction=2221-650812;Inter Node Carrier Aggregation Service Unavailable;Elastic RAN Carrier Aggregation is not available towards remote eNodeB.
2025-09-21;07:08:55;AL  ;Cleared;EUtraNetwork=1,ExternalENodeBFunction=2221-650270;Inter Node Carrier Aggregation Service Unavailable;Elastic RAN Carrier Aggregation is not available towards remote eNodeB.
2025-09-21;07:09:22;AL  ;Minor ;EUtraNetwork=1,ExternalENodeBFunction=2221-650270;Inter Node Carrier Aggregation Service Unavailable;Elastic RAN Carrier Aggregation is not available towards remote eNodeB.
2025-09-21;07:55:36;AL  ;Cleared;EUtraNetwork=1,ExternalENodeBFunction=2221-650270;Inter Node Carrier Aggregation Service Unavailable;Elastic RAN Carrier Aggregation is not available towards remote eNodeB.
2025-09-21;10:22:03;AL  ;Warning;Synchronization=1,RadioEquipmentClock=1;Clock Reference Missing For Long Time;Reference failure
2025-09-21;11:59:56;AL  ;Warning;Synchronization=1,RadioEquipmentClock=1,RadioEquipmentClockReference=NTP1;Sync Frequency PDV Problem;High PDV detected on IP packets towards NTP server
2025-09-21;14:25:02;AL  ;Cleared;Synchronization=1,RadioEquipmentClock=1,RadioEquipmentClockReference=NTP1;Sync Frequency PDV Problem;High PDV detected on IP packets towards NTP server
2025-09-21;14:57:49;AL  ;Warning;Synchronization=1,RadioEquipmentClock=1,RadioEquipmentClockReference=NTP1;Sync Frequency PDV Problem;High PDV detected on IP packets towards NTP server
2025-09-21;15:04:39;AL  ;Cleared;Synchronization=1,RadioEquipmentClock=1,RadioEquipmentClockReference=NTP1;Sync Frequency PDV Problem;High PDV detected on IP packets towards NTP server
2025-09-21;15:06:36;AL  ;Warning;Synchronization=1,RadioEquipmentClock=1,RadioEquipmentClockReference=NTP1;Sync Frequency PDV Problem;High PDV detected on IP packets towards NTP server
2025-09-21;15:24:32;AL  ;Cleared;Synchronization=1,RadioEquipmentClock=1,RadioEquipmentClockReference=NTP1;Sync Frequency PDV Problem;High PDV detected on IP packets towards NTP server
2025-09-21;15:24:37;AL  ;Warning;Synchronization=1,RadioEquipmentClock=1,RadioEquipmentClockReference=NTP1;Sync Frequency PDV Problem;High PDV detected on IP packets towards NTP server
2025-09-21;15:37:34;AL  ;Cleared;Synchronization=1,RadioEquipmentClock=1,RadioEquipmentClockReference=NTP1;Sync Frequency PDV Problem;High PDV detected on IP packets towards NTP server
2025-09-21;15:52:10;AL  ;Warning;Synchronization=1,RadioEquipmentClock=1,RadioEquipmentClockReference=NTP1;Sync Frequency PDV Problem;High PDV detected on IP packets towards NTP server
2025-09-21;16:37:16;AL  ;Cleared;Synchronization=1,RadioEquipmentClock=1,RadioEquipmentClockReference=NTP1;Sync Frequency PDV Problem;High PDV detected on IP packets towards NTP server
2025-09-21;16:37:24;AL  ;Warning;Synchronization=1,RadioEquipmentClock=1,RadioEquipmentClockReference=NTP1;Sync Frequency PDV Problem;High PDV detected on IP packets towards NTP server
2025-09-21;17:44:12;AL  ;Cleared;Synchronization=1,RadioEquipmentClock=1,RadioEquipmentClockReference=NTP1;Sync Frequency PDV Problem;High PDV detected on IP packets towards NTP server
2025-09-21;17:48:33;AL  ;Warning;Synchronization=1,RadioEquipmentClock=1,RadioEquipmentClockReference=NTP1;Sync Frequency PDV Problem;High PDV detected on IP packets towards NTP server
2025-09-21;18:02:44;AL  ;Cleared;Synchronization=1,RadioEquipmentClock=1,RadioEquipmentClockReference=NTP1;Sync Frequency PDV Problem;High PDV detected on IP packets towards NTP server
2025-09-21;18:14:38;AL  ;Warning;Synchronization=1,RadioEquipmentClock=1,RadioEquipmentClockReference=NTP1;Sync Frequency PDV Problem;High PDV detected on IP packets towards NTP server
2025-09-21;18:31:27;AL  ;Cleared;Synchronization=1,RadioEquipmentClock=1,RadioEquipmentClockReference=NTP1;Sync Frequency PDV Problem;High PDV detected on IP packets towards NTP server
2025-09-21;18:34:30;AL  ;Warning;Synchronization=1,RadioEquipmentClock=1,RadioEquipmentClockReference=NTP1;Sync Frequency PDV Problem;High PDV detected on IP packets towards NTP server
2025-09-21;21:11:21;AL  ;Cleared;Synchronization=1,RadioEquipmentClock=1,RadioEquipmentClockReference=NTP1;Sync Frequency PDV Problem;High PDV detected on IP packets towards NTP server
2025-09-21;21:15:00;AL  ;Warning;Synchronization=1,RadioEquipmentClock=1,RadioEquipmentClockReference=NTP1;Sync Frequency PDV Problem;High PDV detected on IP packets towards NTP server
2025-09-21;21:45:57;AL  ;Cleared;Synchronization=1,RadioEquipmentClock=1,RadioEquipmentClockReference=NTP1;Sync Frequency PDV Problem;High PDV detected on IP packets towards NTP server
2025-09-21;22:18:34;AL  ;Cleared;Synchronization=1,RadioEquipmentClock=1;Clock Reference Missing For Long Time;Reference failure
2025-09-21;23:07:34;AL  ;Cleared;Synchronization=1,RadioEquipmentClock=1,RadioEquipmentClockReference=PTP8275_2;Sync PTP Time PDV Problem;High PDV detected on PTP messages
2025-09-22;07:32:04;AL  ;Minor ;ENodeBFunction=1;External Link Failure;X2 link problem to one or several neighbouring eNodeBs. AI: PLMN ID-eNB ID 1 = 2221-650460
2025-09-22;10:39:05;AL  ;Major ;Synchronization=1,RadioEquipmentClock=1,RadioEquipmentClockReference=PTP8275_2;Sync PTP Time PDV Problem;High PDV detected on PTP messages
2025-09-22;14:05:56;AL  ;Cleared;ENodeBFunction=1;External Link Failure;X2 link problem to one or several neighbouring eNodeBs. AI: PLMN ID-eNB ID 1 = 2221-650460 PLMN ID-eNB ID 2 = 2221-208415
2025-09-22;15:34:23;AL  ;Warning;Synchronization=1,RadioEquipmentClock=1;Clock Reference Missing For Long Time;Reference failure
2025-09-22;20:16:47;AL  ;Warning;Synchronization=1,RadioEquipmentClock=1,RadioEquipmentClockReference=NTP1;Sync Frequency PDV Problem;High PDV detected on IP packets towards NTP server
2025-09-22;21:19:58;AL  ;Cleared;Synchronization=1,RadioEquipmentClock=1,RadioEquipmentClockReference=NTP1;Sync Frequency PDV Problem;High PDV detected on IP packets towards NTP server
2025-09-22;22:07:25;AL  ;Cleared;Synchronization=1,RadioEquipmentClock=1;Clock Reference Missing For Long Time;Reference failure
2025-09-22;22:14:36;AL  ;Warning;Synchronization=1,RadioEquipmentClock=1;Clock Reference Missing For Long Time;Reference failure
2025-09-22;22:32:41;AL  ;Cleared;Synchronization=1,RadioEquipmentClock=1;Clock Reference Missing For Long Time;Reference failure
2025-09-22;23:21:41;AL  ;Cleared;Synchronization=1,RadioEquipmentClock=1,RadioEquipmentClockReference=PTP8275_2;Sync PTP Time PDV Problem;High PDV detected on PTP messages
2025-09-23;11:06:29;AL  ;Major ;Synchronization=1,RadioEquipmentClock=1,RadioEquipmentClockReference=PTP8275_2;Sync PTP Time PDV Problem;High PDV detected on PTP messages
2025-09-23;13:50:42;AL  ;Minor ;ENodeBFunction=1;External Link Failure;X2 link problem to one or several neighbouring eNodeBs. AI: PLMN ID-eNB ID 1 = 2221-650292
2025-09-23;15:49:03;AL  ;Warning;Synchronization=1,RadioEquipmentClock=1;Clock Reference Missing For Long Time;Reference failure
2025-09-23;15:59:21;AL  ;Cleared;ENodeBFunction=1;External Link Failure;X2 link problem to one or several neighbouring eNodeBs. AI: PLMN ID-eNB ID 1 = 2221-650292
2025-09-23;19:46:03;AL  ;Warning;Synchronization=1,RadioEquipmentClock=1,RadioEquipmentClockReference=NTP1;Sync Frequency PDV Problem;High PDV detected on IP packets towards NTP server
2025-09-23;20:49:58;AL  ;Cleared;Synchronization=1,RadioEquipmentClock=1,RadioEquipmentClockReference=NTP1;Sync Frequency PDV Problem;High PDV detected on IP packets towards NTP server
2025-09-23;20:52:18;AL  ;Warning;Synchronization=1,RadioEquipmentClock=1,RadioEquipmentClockReference=NTP1;Sync Frequency PDV Problem;High PDV detected on IP packets towards NTP server
2025-09-23;21:38:34;AL  ;Cleared;Synchronization=1,RadioEquipmentClock=1,RadioEquipmentClockReference=NTP1;Sync Frequency PDV Problem;High PDV detected on IP packets towards NTP server
2025-09-23;21:45:06;AL  ;Warning;Synchronization=1,RadioEquipmentClock=1,RadioEquipmentClockReference=NTP1;Sync Frequency PDV Problem;High PDV detected on IP packets towards NTP server
2025-09-23;22:01:00;AL  ;Cleared;Synchronization=1,RadioEquipmentClock=1,RadioEquipmentClockReference=NTP1;Sync Frequency PDV Problem;High PDV detected on IP packets towards NTP server
2025-09-23;22:08:51;AL  ;Cleared;Synchronization=1,RadioEquipmentClock=1;Clock Reference Missing For Long Time;Reference failure
2025-09-23;22:57:51;AL  ;Cleared;Synchronization=1,RadioEquipmentClock=1,RadioEquipmentClockReference=PTP8275_2;Sync PTP Time PDV Problem;High PDV detected on PTP messages
2025-09-24;05:22:56;AL  ;Major ;Synchronization=1,RadioEquipmentClock=1,RadioEquipmentClockReference=PTP8275_2;Sync PTP Time PDV Problem;High PDV detected on PTP messages
2025-09-24;05:52:29;AL  ;Minor ;ENodeBFunction=1;External Link Failure;X2 link problem to one or several neighbouring eNodeBs. AI: PLMN ID-eNB ID 1 = 2221-601365
2025-09-24;07:14:23;AL  ;Cleared;Synchronization=1,RadioEquipmentClock=1,RadioEquipmentClockReference=PTP8275_2;Sync PTP Time PDV Problem;High PDV detected on PTP messages
2025-09-24;07:56:27;AL  ;Cleared;ENodeBFunction=1;External Link Failure;X2 link problem to one or several neighbouring eNodeBs. AI: PLMN ID-eNB ID 1 = 2221-601365
2025-09-24;11:53:05;AL  ;Major ;Synchronization=1,RadioEquipmentClock=1,RadioEquipmentClockReference=PTP8275_2;Sync PTP Time PDV Problem;High PDV detected on PTP messages
2025-09-24;15:50:42;AL  ;Minor ;ENodeBFunction=1;External Link to GNodeB Failure;X2 link problem to one or several neighbouring gNodeBs. AI: PLMN ID-gNB ID 1 = 2221-1053702
2025-09-24;16:20:37;AL  ;Warning;Synchronization=1,RadioEquipmentClock=1;Clock Reference Missing For Long Time;Reference failure
2025-09-24;21:52:18;AL  ;Cleared;Synchronization=1,RadioEquipmentClock=1;Clock Reference Missing For Long Time;Reference failure
2025-09-24;22:02:38;AL  ;Warning;Synchronization=1,RadioEquipmentClock=1,RadioEquipmentClockReference=NTP1;Sync Frequency PDV Problem;High PDV detected on IP packets towards NTP server
2025-09-24;22:36:16;AL  ;Cleared;Synchronization=1,RadioEquipmentClock=1,RadioEquipmentClockReference=NTP1;Sync Frequency PDV Problem;High PDV detected on IP packets towards NTP server
2025-09-24;22:41:18;AL  ;Cleared;Synchronization=1,RadioEquipmentClock=1,RadioEquipmentClockReference=PTP8275_2;Sync PTP Time PDV Problem;High PDV detected on PTP messages
2025-09-25;11:07:59;AL  ;Cleared;ENodeBFunction=1;External Link to GNodeB Failure;X2 link problem to one or several neighbouring gNodeBs. AI: PLMN ID-gNB ID 1 = 2221-1053702
2025-09-25;11:54:04;AL  ;Major ;Synchronization=1,RadioEquipmentClock=1,RadioEquipmentClockReference=PTP8275_2;Sync PTP Time PDV Problem;High PDV detected on PTP messages
2025-09-25;12:55:56;AL  ;Minor ;ENodeBFunction=1;External Link Failure;X2 link problem to one or several neighbouring eNodeBs. AI: PLMN ID-eNB ID 1 = 2221-601365
2025-09-25;16:58:00;AL  ;Warning;Synchronization=1,RadioEquipmentClock=1;Clock Reference Missing For Long Time;Reference failure
2025-09-25;20:27:38;AL  ;Warning;Synchronization=1,RadioEquipmentClock=1,RadioEquipmentClockReference=NTP1;Sync Frequency PDV Problem;High PDV detected on IP packets towards NTP server
2025-09-25;21:22:18;AL  ;Cleared;Synchronization=1,RadioEquipmentClock=1,RadioEquipmentClockReference=NTP1;Sync Frequency PDV Problem;High PDV detected on IP packets towards NTP server
2025-09-25;22:25:51;AL  ;Cleared;Synchronization=1,RadioEquipmentClock=1;Clock Reference Missing For Long Time;Reference failure
2025-09-25;23:14:51;AL  ;Cleared;Synchronization=1,RadioEquipmentClock=1,RadioEquipmentClockReference=PTP8275_2;Sync PTP Time PDV Problem;High PDV detected on PTP messages
2025-09-26;08:34:45;AL  ;Minor ;ENodeBFunction=1;External Link to GNodeB Failure;X2 link problem to one or several neighbouring gNodeBs. AI: PLMN ID-gNB ID 1 = 2221-1053702
2025-09-26;12:14:15;AL  ;Major ;Synchronization=1,RadioEquipmentClock=1,RadioEquipmentClockReference=PTP8275_2;Sync PTP Time PDV Problem;High PDV detected on PTP messages
2025-09-26;13:34:01;AL  ;Cleared;ENodeBFunction=1;External Link to GNodeB Failure;X2 link problem to one or several neighbouring gNodeBs. AI: PLMN ID-gNB ID 1 = 2221-1053702
2025-09-26;17:55:05;AL  ;Warning;Synchronization=1,RadioEquipmentClock=1;Clock Reference Missing For Long Time;Reference failure
2025-09-26;20:15:30;AL  ;Warning;Synchronization=1,RadioEquipmentClock=1,RadioEquipmentClockReference=NTP1;Sync Frequency PDV Problem;High PDV detected on IP packets towards NTP server
2025-09-26;21:25:47;AL  ;Cleared;Synchronization=1,RadioEquipmentClock=1,RadioEquipmentClockReference=NTP1;Sync Frequency PDV Problem;High PDV detected on IP packets towards NTP server
2025-09-26;21:30:47;AL  ;Warning;Synchronization=1,RadioEquipmentClock=1,RadioEquipmentClockReference=NTP1;Sync Frequency PDV Problem;High PDV detected on IP packets towards NTP server
2025-09-26;21:43:36;AL  ;Cleared;Synchronization=1,RadioEquipmentClock=1,RadioEquipmentClockReference=NTP1;Sync Frequency PDV Problem;High PDV detected on IP packets towards NTP server
2025-09-26;22:48:11;AL  ;Cleared;Synchronization=1,RadioEquipmentClock=1;Clock Reference Missing For Long Time;Reference failure
2025-09-26;22:57:18;AL  ;Cleared;ENodeBFunction=1;External Link Failure;X2 link problem to one or several neighbouring eNodeBs. AI: PLMN ID-eNB ID 1 = 2221-601365
2025-09-27;00:06:26;AL  ;Cleared;Synchronization=1,RadioEquipmentClock=1,RadioEquipmentClockReference=PTP8275_2;Sync PTP Time PDV Problem;High PDV detected on PTP messages
2025-09-27;07:25:24;AL  ;Major ;Synchronization=1,RadioEquipmentClock=1,RadioEquipmentClockReference=PTP8275_2;Sync PTP Time PDV Problem;High PDV detected on PTP messages
2025-09-27;10:38:43;AL  ;Cleared;Synchronization=1,RadioEquipmentClock=1,RadioEquipmentClockReference=PTP8275_2;Sync PTP Time PDV Problem;High PDV detected on PTP messages
2025-09-27;10:40:43;AL  ;Major ;Synchronization=1,RadioEquipmentClock=1,RadioEquipmentClockReference=PTP8275_2;Sync PTP Time PDV Problem;High PDV detected on PTP messages
2025-09-27;12:34:44;AL  ;Warning;Synchronization=1,RadioEquipmentClock=1;Clock Reference Missing For Long Time;Reference failure
2025-09-27;15:13:19;AL  ;Warning;Synchronization=1,RadioEquipmentClock=1,RadioEquipmentClockReference=NTP1;Sync Frequency PDV Problem;High PDV detected on IP packets towards NTP server
2025-09-27;21:36:04;AL  ;Cleared;Synchronization=1,RadioEquipmentClock=1,RadioEquipmentClockReference=NTP1;Sync Frequency PDV Problem;High PDV detected on IP packets towards NTP server
2025-09-27;21:50:24;AL  ;Warning;Synchronization=1,RadioEquipmentClock=1,RadioEquipmentClockReference=NTP1;Sync Frequency PDV Problem;High PDV detected on IP packets towards NTP server
2025-09-27;21:56:03;AL  ;Cleared;Synchronization=1,RadioEquipmentClock=1,RadioEquipmentClockReference=NTP1;Sync Frequency PDV Problem;High PDV detected on IP packets towards NTP server
2025-09-27;21:58:00;AL  ;Warning;Synchronization=1,RadioEquipmentClock=1,RadioEquipmentClockReference=NTP1;Sync Frequency PDV Problem;High PDV detected on IP packets towards NTP server
2025-09-27;22:04:06;AL  ;Cleared;Synchronization=1,RadioEquipmentClock=1,RadioEquipmentClockReference=NTP1;Sync Frequency PDV Problem;High PDV detected on IP packets towards NTP server
2025-09-27;22:10:08;AL  ;Warning;Synchronization=1,RadioEquipmentClock=1,RadioEquipmentClockReference=NTP1;Sync Frequency PDV Problem;High PDV detected on IP packets towards NTP server
2025-09-27;22:16:31;AL  ;Cleared;Synchronization=1,RadioEquipmentClock=1,RadioEquipmentClockReference=NTP1;Sync Frequency PDV Problem;High PDV detected on IP packets towards NTP server
2025-09-27;23:11:28;AL  ;Cleared;Synchronization=1,RadioEquipmentClock=1;Clock Reference Missing For Long Time;Reference failure
2025-09-27;23:34:56;AL  ;Warning;Synchronization=1,RadioEquipmentClock=1;Clock Reference Missing For Long Time;Reference failure
2025-09-27;23:45:09;AL  ;Cleared;Synchronization=1,RadioEquipmentClock=1;Clock Reference Missing For Long Time;Reference failure
2025-09-27;23:55:41;AL  ;Warning;Synchronization=1,RadioEquipmentClock=1;Clock Reference Missing For Long Time;Reference failure
2025-09-28;00:06:50;AL  ;Cleared;Synchronization=1,RadioEquipmentClock=1;Clock Reference Missing For Long Time;Reference failure
2025-09-28;00:55:50;AL  ;Cleared;Synchronization=1,RadioEquipmentClock=1,RadioEquipmentClockReference=PTP8275_2;Sync PTP Time PDV Problem;High PDV detected on PTP messages
2025-09-28;06:36:44;AL  ;Major ;Synchronization=1,RadioEquipmentClock=1,RadioEquipmentClockReference=PTP8275_2;Sync PTP Time PDV Problem;High PDV detected on PTP messages
2025-09-28;08:37:31;AL  ;Warning;Synchronization=1,RadioEquipmentClock=1;Clock Reference Missing For Long Time;Reference failure
2025-09-28;12:05:22;AL  ;Warning;Synchronization=1,RadioEquipmentClock=1,RadioEquipmentClockReference=NTP1;Sync Frequency PDV Problem;High PDV detected on IP packets towards NTP server
2025-09-28;15:22:37;AL  ;Cleared;Synchronization=1,RadioEquipmentClock=1,RadioEquipmentClockReference=NTP1;Sync Frequency PDV Problem;High PDV detected on IP packets towards NTP server
2025-09-28;15:30:15;AL  ;Warning;Synchronization=1,RadioEquipmentClock=1,RadioEquipmentClockReference=NTP1;Sync Frequency PDV Problem;High PDV detected on IP packets towards NTP server
2025-09-28;21:24:23;AL  ;Cleared;Synchronization=1,RadioEquipmentClock=1,RadioEquipmentClockReference=NTP1;Sync Frequency PDV Problem;High PDV detected on IP packets towards NTP server
2025-09-28;21:46:09;AL  ;Warning;Synchronization=1,RadioEquipmentClock=1,RadioEquipmentClockReference=NTP1;Sync Frequency PDV Problem;High PDV detected on IP packets towards NTP server
2025-09-28;22:11:16;AL  ;Cleared;Synchronization=1,RadioEquipmentClock=1,RadioEquipmentClockReference=NTP1;Sync Frequency PDV Problem;High PDV detected on IP packets towards NTP server
2025-09-28;22:20:33;AL  ;Cleared;Synchronization=1,RadioEquipmentClock=1;Clock Reference Missing For Long Time;Reference failure
2025-09-28;23:09:33;AL  ;Cleared;Synchronization=1,RadioEquipmentClock=1,RadioEquipmentClockReference=PTP8275_2;Sync PTP Time PDV Problem;High PDV detected on PTP messages
2025-09-29;08:04:03;AL  ;Major ;Synchronization=1,RadioEquipmentClock=1,RadioEquipmentClockReference=PTP8275_2;Sync PTP Time PDV Problem;High PDV detected on PTP messages
2025-09-29;09:32:30;AL  ;Cleared;Synchronization=1,RadioEquipmentClock=1,RadioEquipmentClockReference=PTP8275_2;Sync PTP Time PDV Problem;High PDV detected on PTP messages
2025-09-29;09:47:15;AL  ;Major ;Synchronization=1,RadioEquipmentClock=1,RadioEquipmentClockReference=PTP8275_2;Sync PTP Time PDV Problem;High PDV detected on PTP messages
2025-09-29;13:58:06;AL  ;Warning;Synchronization=1,RadioEquipmentClock=1;Clock Reference Missing For Long Time;Reference failure
2025-09-29;20:16:44;AL  ;Warning;Synchronization=1,RadioEquipmentClock=1,RadioEquipmentClockReference=NTP1;Sync Frequency PDV Problem;High PDV detected on IP packets towards NTP server
2025-09-29;20:59:02;AL  ;Cleared;Synchronization=1,RadioEquipmentClock=1,RadioEquipmentClockReference=NTP1;Sync Frequency PDV Problem;High PDV detected on IP packets towards NTP server
2025-09-29;21:05:19;AL  ;Warning;Synchronization=1,RadioEquipmentClock=1,RadioEquipmentClockReference=NTP1;Sync Frequency PDV Problem;High PDV detected on IP packets towards NTP server
2025-09-29;21:24:03;AL  ;Cleared;Synchronization=1,RadioEquipmentClock=1,RadioEquipmentClockReference=NTP1;Sync Frequency PDV Problem;High PDV detected on IP packets towards NTP server
2025-09-29;21:57:20;AL  ;Cleared;Synchronization=1,RadioEquipmentClock=1;Clock Reference Missing For Long Time;Reference failure
2025-09-29;22:46:20;AL  ;Cleared;Synchronization=1,RadioEquipmentClock=1,RadioEquipmentClockReference=PTP8275_2;Sync PTP Time PDV Problem;High PDV detected on PTP messages
2025-09-30;05:11:08;AL  ;Minor ;EUtraNetwork=1,ExternalENodeBFunction=2221-650812;Inter Node Carrier Aggregation Service Unavailable;Elastic RAN Carrier Aggregation is not available towards remote eNodeB.
2025-09-30;06:48:44;AL  ;Minor ;ENodeBFunction=1;External Link Failure;X2 link problem to one or several neighbouring eNodeBs. AI: PLMN ID-eNB ID 1 = 2221-205076
2025-09-30;12:03:20;AL  ;Major ;Synchronization=1,RadioEquipmentClock=1,RadioEquipmentClockReference=PTP8275_2;Sync PTP Time PDV Problem;High PDV detected on PTP messages
2025-09-30;12:48:21;AL  ;Cleared;ENodeBFunction=1;External Link Failure;X2 link problem to one or several neighbouring eNodeBs. AI: PLMN ID-eNB ID 1 = 2221-205076
2025-09-30;17:35:22;AL  ;Warning;Synchronization=1,RadioEquipmentClock=1;Clock Reference Missing For Long Time;Reference failure
2025-09-30;20:23:53;AL  ;Warning;Synchronization=1,RadioEquipmentClock=1,RadioEquipmentClockReference=NTP1;Sync Frequency PDV Problem;High PDV detected on IP packets towards NTP server
2025-09-30;21:43:56;AL  ;Cleared;Synchronization=1,RadioEquipmentClock=1,RadioEquipmentClockReference=NTP1;Sync Frequency PDV Problem;High PDV detected on IP packets towards NTP server
2025-09-30;22:38:03;AL  ;Cleared;Synchronization=1,RadioEquipmentClock=1;Clock Reference Missing For Long Time;Reference failure
2025-09-30;23:27:03;AL  ;Cleared;Synchronization=1,RadioEquipmentClock=1,RadioEquipmentClockReference=PTP8275_2;Sync PTP Time PDV Problem;High PDV detected on PTP messages
2025-10-01;11:00:46;AL  ;Major ;Synchronization=1,RadioEquipmentClock=1,RadioEquipmentClockReference=PTP8275_2;Sync PTP Time PDV Problem;High PDV detected on PTP messages
2025-10-01;11:05:22;AL  ;Minor ;ENodeBFunction=1;External Link Failure;X2 link problem to one or several neighbouring eNodeBs. AI: PLMN ID-eNB ID 1 = 2221-601509
2025-10-01;11:05:37;AL  ;Cleared;ENodeBFunction=1;External Link Failure;X2 link problem to one or several neighbouring eNodeBs. AI: PLMN ID-eNB ID 1 = 2221-601509
2025-10-01;15:10:15;AL  ;Warning;Synchronization=1,RadioEquipmentClock=1;Clock Reference Missing For Long Time;Reference failure
2025-10-01;19:56:19;AL  ;Warning;Synchronization=1,RadioEquipmentClock=1,RadioEquipmentClockReference=NTP1;Sync Frequency PDV Problem;High PDV detected on IP packets towards NTP server
2025-10-01;21:33:25;AL  ;Cleared;Synchronization=1,RadioEquipmentClock=1,RadioEquipmentClockReference=NTP1;Sync Frequency PDV Problem;High PDV detected on IP packets towards NTP server
2025-10-01;22:42:35;AL  ;Cleared;Synchronization=1,RadioEquipmentClock=1;Clock Reference Missing For Long Time;Reference failure
2025-10-01;23:31:35;AL  ;Cleared;Synchronization=1,RadioEquipmentClock=1,RadioEquipmentClockReference=PTP8275_2;Sync PTP Time PDV Problem;High PDV detected on PTP messages
2025-10-02;09:25:04;AL  ;Major ;Synchronization=1,RadioEquipmentClock=1,RadioEquipmentClockReference=PTP8275_2;Sync PTP Time PDV Problem;High PDV detected on PTP messages
2025-10-02;10:51:27;AL  ;Cleared;Synchronization=1,RadioEquipmentClock=1,RadioEquipmentClockReference=PTP8275_2;Sync PTP Time PDV Problem;High PDV detected on PTP messages
2025-10-02;10:56:27;AL  ;Major ;Synchronization=1,RadioEquipmentClock=1,RadioEquipmentClockReference=PTP8275_2;Sync PTP Time PDV Problem;High PDV detected on PTP messages
2025-10-02;15:35:35;AL  ;Warning;Synchronization=1,RadioEquipmentClock=1;Clock Reference Missing For Long Time;Reference failure
2025-10-02;19:35:58;AL  ;Warning;Synchronization=1,RadioEquipmentClock=1,RadioEquipmentClockReference=NTP1;Sync Frequency PDV Problem;High PDV detected on IP packets towards NTP server
2025-10-02;20:31:58;AL  ;Cleared;Synchronization=1,RadioEquipmentClock=1,RadioEquipmentClockReference=NTP1;Sync Frequency PDV Problem;High PDV detected on IP packets towards NTP server
2025-10-02;20:32:02;AL  ;Warning;Synchronization=1,RadioEquipmentClock=1,RadioEquipmentClockReference=NTP1;Sync Frequency PDV Problem;High PDV detected on IP packets towards NTP server
2025-10-02;22:14:43;AL  ;Cleared;Synchronization=1,RadioEquipmentClock=1,RadioEquipmentClockReference=NTP1;Sync Frequency PDV Problem;High PDV detected on IP packets towards NTP server
2025-10-02;22:30:45;AL  ;Cleared;Synchronization=1,RadioEquipmentClock=1;Clock Reference Missing For Long Time;Reference failure
2025-10-02;22:33:55;AL  ;Warning;Synchronization=1,RadioEquipmentClock=1;Clock Reference Missing For Long Time;Reference failure
2025-10-02;22:45:48;AL  ;Cleared;Synchronization=1,RadioEquipmentClock=1;Clock Reference Missing For Long Time;Reference failure
2025-10-02;22:47:11;AL  ;Warning;Synchronization=1,RadioEquipmentClock=1;Clock Reference Missing For Long Time;Reference failure
2025-10-02;22:51:19;AL  ;Warning;Synchronization=1,RadioEquipmentClock=1,RadioEquipmentClockReference=NTP1;Sync Frequency PDV Problem;High PDV detected on IP packets towards NTP server
2025-10-02;23:26:37;AL  ;Cleared;Synchronization=1,RadioEquipmentClock=1;Clock Reference Missing For Long Time;Reference failure
2025-10-02;23:33:18;AL  ;Cleared;Synchronization=1,RadioEquipmentClock=1,RadioEquipmentClockReference=NTP1;Sync Frequency PDV Problem;High PDV detected on IP packets towards NTP server
2025-10-02;23:36:22;AL  ;Warning;Synchronization=1,RadioEquipmentClock=1;Clock Reference Missing For Long Time;Reference failure
2025-10-02;23:48:13;AL  ;Cleared;Synchronization=1,RadioEquipmentClock=1;Clock Reference Missing For Long Time;Reference failure
2025-10-03;00:37:13;AL  ;Cleared;Synchronization=1,RadioEquipmentClock=1,RadioEquipmentClockReference=PTP8275_2;Sync PTP Time PDV Problem;High PDV detected on PTP messages
2025-10-03;11:34:48;AL  ;Major ;Synchronization=1,RadioEquipmentClock=1,RadioEquipmentClockReference=PTP8275_2;Sync PTP Time PDV Problem;High PDV detected on PTP messages
2025-10-03;13:59:53;AL  ;Warning;Synchronization=1,RadioEquipmentClock=1,RadioEquipmentClockReference=NTP1;Sync Frequency PDV Problem;High PDV detected on IP packets towards NTP server
2025-10-03;14:13:20;AL  ;Cleared;Synchronization=1,RadioEquipmentClock=1,RadioEquipmentClockReference=NTP1;Sync Frequency PDV Problem;High PDV detected on IP packets towards NTP server
2025-10-03;14:24:17;AL  ;Warning;Synchronization=1,RadioEquipmentClock=1,RadioEquipmentClockReference=NTP1;Sync Frequency PDV Problem;High PDV detected on IP packets towards NTP server
2025-10-03;14:29:20;AL  ;Cleared;Synchronization=1,RadioEquipmentClock=1,RadioEquipmentClockReference=NTP1;Sync Frequency PDV Problem;High PDV detected on IP packets towards NTP server
2025-10-03;14:35:19;AL  ;Warning;Synchronization=1,RadioEquipmentClock=1;Clock Reference Missing For Long Time;Reference failure
2025-10-03;15:25:54;AL  ;Warning;Synchronization=1,RadioEquipmentClock=1,RadioEquipmentClockReference=NTP1;Sync Frequency PDV Problem;High PDV detected on IP packets towards NTP server
2025-10-03;16:20:07;AL  ;Cleared;Synchronization=1,RadioEquipmentClock=1,RadioEquipmentClockReference=NTP1;Sync Frequency PDV Problem;High PDV detected on IP packets towards NTP server
2025-10-03;16:32:36;AL  ;Warning;Synchronization=1,RadioEquipmentClock=1,RadioEquipmentClockReference=NTP1;Sync Frequency PDV Problem;High PDV detected on IP packets towards NTP server
2025-10-03;16:45:44;AL  ;Cleared;Synchronization=1,RadioEquipmentClock=1,RadioEquipmentClockReference=NTP1;Sync Frequency PDV Problem;High PDV detected on IP packets towards NTP server
2025-10-03;16:49:11;AL  ;Warning;Synchronization=1,RadioEquipmentClock=1,RadioEquipmentClockReference=NTP1;Sync Frequency PDV Problem;High PDV detected on IP packets towards NTP server
2025-10-03;17:24:57;AL  ;Cleared;Synchronization=1,RadioEquipmentClock=1,RadioEquipmentClockReference=NTP1;Sync Frequency PDV Problem;High PDV detected on IP packets towards NTP server
2025-10-03;17:26:48;AL  ;Warning;Synchronization=1,RadioEquipmentClock=1,RadioEquipmentClockReference=NTP1;Sync Frequency PDV Problem;High PDV detected on IP packets towards NTP server
2025-10-03;17:33:06;AL  ;Cleared;Synchronization=1,RadioEquipmentClock=1,RadioEquipmentClockReference=NTP1;Sync Frequency PDV Problem;High PDV detected on IP packets towards NTP server
2025-10-03;17:36:59;AL  ;Warning;Synchronization=1,RadioEquipmentClock=1,RadioEquipmentClockReference=NTP1;Sync Frequency PDV Problem;High PDV detected on IP packets towards NTP server
2025-10-03;20:47:58;AL  ;Cleared;Synchronization=1,RadioEquipmentClock=1,RadioEquipmentClockReference=NTP1;Sync Frequency PDV Problem;High PDV detected on IP packets towards NTP server
2025-10-03;21:02:14;AL  ;Warning;Synchronization=1,RadioEquipmentClock=1,RadioEquipmentClockReference=NTP1;Sync Frequency PDV Problem;High PDV detected on IP packets towards NTP server
2025-10-03;21:09:01;AL  ;Cleared;Synchronization=1,RadioEquipmentClock=1,RadioEquipmentClockReference=NTP1;Sync Frequency PDV Problem;High PDV detected on IP packets towards NTP server
2025-10-03;21:35:56;AL  ;Warning;Synchronization=1,RadioEquipmentClock=1,RadioEquipmentClockReference=NTP1;Sync Frequency PDV Problem;High PDV detected on IP packets towards NTP server
2025-10-03;21:46:57;AL  ;Cleared;Synchronization=1,RadioEquipmentClock=1,RadioEquipmentClockReference=NTP1;Sync Frequency PDV Problem;High PDV detected on IP packets towards NTP server
2025-10-03;21:56:07;AL  ;Warning;Synchronization=1,RadioEquipmentClock=1,RadioEquipmentClockReference=NTP1;Sync Frequency PDV Problem;High PDV detected on IP packets towards NTP server
2025-10-03;22:01:31;AL  ;Cleared;Synchronization=1,RadioEquipmentClock=1,RadioEquipmentClockReference=NTP1;Sync Frequency PDV Problem;High PDV detected on IP packets towards NTP server
2025-10-03;23:17:24;AL  ;Cleared;Synchronization=1,RadioEquipmentClock=1;Clock Reference Missing For Long Time;Reference failure
2025-10-04;00:06:24;AL  ;Cleared;Synchronization=1,RadioEquipmentClock=1,RadioEquipmentClockReference=PTP8275_2;Sync PTP Time PDV Problem;High PDV detected on PTP messages
2025-10-04;07:10:29;AL  ;Major ;Synchronization=1,RadioEquipmentClock=1,RadioEquipmentClockReference=PTP8275_2;Sync PTP Time PDV Problem;High PDV detected on PTP messages
2025-10-04;10:56:48;AL  ;Warning;Synchronization=1,RadioEquipmentClock=1;Clock Reference Missing For Long Time;Reference failure
2025-10-04;14:22:10;AL  ;Warning;Synchronization=1,RadioEquipmentClock=1,RadioEquipmentClockReference=NTP1;Sync Frequency PDV Problem;High PDV detected on IP packets towards NTP server
2025-10-04;15:15:08;AL  ;Cleared;Synchronization=1,RadioEquipmentClock=1,RadioEquipmentClockReference=NTP1;Sync Frequency PDV Problem;High PDV detected on IP packets towards NTP server
2025-10-04;15:19:43;AL  ;Warning;Synchronization=1,RadioEquipmentClock=1,RadioEquipmentClockReference=NTP1;Sync Frequency PDV Problem;High PDV detected on IP packets towards NTP server
2025-10-04;22:01:34;AL  ;Cleared;Synchronization=1,RadioEquipmentClock=1,RadioEquipmentClockReference=NTP1;Sync Frequency PDV Problem;High PDV detected on IP packets towards NTP server
2025-10-04;22:53:56;AL  ;Cleared;Synchronization=1,RadioEquipmentClock=1;Clock Reference Missing For Long Time;Reference failure
2025-10-04;23:42:56;AL  ;Cleared;Synchronization=1,RadioEquipmentClock=1,RadioEquipmentClockReference=PTP8275_2;Sync PTP Time PDV Problem;High PDV detected on PTP messages
2025-10-05;07:08:05;AL  ;Cleared;EUtraNetwork=1,ExternalENodeBFunction=2221-650812;Inter Node Carrier Aggregation Service Unavailable;Elastic RAN Carrier Aggregation is not available towards remote eNodeB.
2025-10-05;07:16:55;AL  ;Major ;Synchronization=1,RadioEquipmentClock=1,RadioEquipmentClockReference=PTP8275_2;Sync PTP Time PDV Problem;High PDV detected on PTP messages
2025-10-05;10:40:28;AL  ;Warning;Synchronization=1,RadioEquipmentClock=1;Clock Reference Missing For Long Time;Reference failure
2025-10-05;12:43:22;AL  ;Warning;Synchronization=1,RadioEquipmentClock=1,RadioEquipmentClockReference=NTP1;Sync Frequency PDV Problem;High PDV detected on IP packets towards NTP server
2025-10-05;15:42:46;AL  ;Minor ;ENodeBFunction=1;External Link Failure;X2 link problem to one or several neighbouring eNodeBs. AI: PLMN ID-eNB ID 1 = 2221-650270
2025-10-05;15:46:05;AL  ;Minor ;ENodeBFunction=1;External Link Failure;X2 link problem to one or several neighbouring eNodeBs. AI: PLMN ID-eNB ID 1 = 2221-650270 PLMN ID-eNB ID 2 = 2221-650569
2025-10-05;15:59:08;AL  ;Minor ;ENodeBFunction=1;External Link Failure;X2 link problem to one or several neighbouring eNodeBs. AI: PLMN ID-eNB ID 1 = 2221-650569
2025-10-05;16:08:06;AL  ;Minor ;ENodeBFunction=1;External Link Failure;X2 link problem to one or several neighbouring eNodeBs. AI: PLMN ID-eNB ID 1 = 2221-650569 PLMN ID-eNB ID 2 = 2221-650395
2025-10-05;16:09:33;AL  ;Minor ;ENodeBFunction=1;External Link Failure;X2 link problem to one or several neighbouring eNodeBs. AI: PLMN ID-eNB ID 1 = 2221-650395
2025-10-05;16:12:00;AL  ;Cleared;ENodeBFunction=1;External Link Failure;X2 link problem to one or several neighbouring eNodeBs. AI: PLMN ID-eNB ID 1 = 2221-650395
2025-10-05;16:13:33;AL  ;Minor ;ENodeBFunction=1;External Link Failure;X2 link problem to one or several neighbouring eNodeBs. AI: PLMN ID-eNB ID 1 = 2221-650324
2025-10-05;16:14:41;AL  ;Minor ;ENodeBFunction=1;External Link to GNodeB Failure;X2 link problem to one or several neighbouring gNodeBs. AI: PLMN ID-gNB ID 1 = 2221-1056184
2025-10-05;16:18:05;AL  ;Cleared;ENodeBFunction=1;External Link to GNodeB Failure;X2 link problem to one or several neighbouring gNodeBs. AI: PLMN ID-gNB ID 1 = 2221-1056184
2025-10-05;16:18:09;AL  ;Cleared;ENodeBFunction=1;External Link Failure;X2 link problem to one or several neighbouring eNodeBs. AI: PLMN ID-eNB ID 1 = 2221-650324
2025-10-05;16:26:56;AL  ;Cleared;EUtraNetwork=1,ExternalENodeBFunction=2221-650543;Inter Node Feature Incompatibility;Elastic RAN feature is not activated in remote eNodeB. SUPPRESSED
2025-10-05;22:11:41;AL  ;Cleared;Synchronization=1,RadioEquipmentClock=1,RadioEquipmentClockReference=NTP1;Sync Frequency PDV Problem;High PDV detected on IP packets towards NTP server
2025-10-05;22:18:56;AL  ;Warning;Synchronization=1,RadioEquipmentClock=1,RadioEquipmentClockReference=NTP1;Sync Frequency PDV Problem;High PDV detected on IP packets towards NTP server
2025-10-05;22:27:17;AL  ;Cleared;Synchronization=1,RadioEquipmentClock=1,RadioEquipmentClockReference=NTP1;Sync Frequency PDV Problem;High PDV detected on IP packets towards NTP server
2025-10-05;22:33:59;AL  ;Minor ;EUtraNetwork=1,ExternalENodeBFunction=2221-650543;Inter Node Feature Incompatibility;Elastic RAN feature is not activated in remote eNodeB. SUPPRESSED
2025-10-05;22:45:23;AL  ;Cleared;Synchronization=1,RadioEquipmentClock=1;Clock Reference Missing For Long Time;Reference failure
2025-10-05;23:34:23;AL  ;Cleared;Synchronization=1,RadioEquipmentClock=1,RadioEquipmentClockReference=PTP8275_2;Sync PTP Time PDV Problem;High PDV detected on PTP messages
2025-10-06;07:08:56;AL  ;Major ;Synchronization=1,RadioEquipmentClock=1,RadioEquipmentClockReference=PTP8275_2;Sync PTP Time PDV Problem;High PDV detected on PTP messages
2025-10-06;07:52:25;AL  ;Minor ;ENodeBFunction=1;External Link Failure;X2 link problem to one or several neighbouring eNodeBs. AI: PLMN ID-eNB ID 1 = 2221-650238 PLMN ID-eNB ID 2 = 2221-650526
2025-10-06;08:22:41;AL  ;Cleared;Synchronization=1,RadioEquipmentClock=1,RadioEquipmentClockReference=PTP8275_2;Sync PTP Time PDV Problem;High PDV detected on PTP messages
2025-10-06;08:43:01;AL  ;Cleared;ENodeBFunction=1;External Link Failure;X2 link problem to one or several neighbouring eNodeBs. AI: PLMN ID-eNB ID 1 = 2221-650238 PLMN ID-eNB ID 2 = 2221-650526
2025-10-06;09:01:41;AL  ;Major ;Synchronization=1,RadioEquipmentClock=1,RadioEquipmentClockReference=PTP8275_2;Sync PTP Time PDV Problem;High PDV detected on PTP messages
2025-10-06;13:13:11;AL  ;Warning;Synchronization=1,RadioEquipmentClock=1;Clock Reference Missing For Long Time;Reference failure
2025-10-06;19:39:17;AL  ;Warning;Synchronization=1,RadioEquipmentClock=1,RadioEquipmentClockReference=NTP1;Sync Frequency PDV Problem;High PDV detected on IP packets towards NTP server
2025-10-06;21:03:52;AL  ;Cleared;Synchronization=1,RadioEquipmentClock=1,RadioEquipmentClockReference=NTP1;Sync Frequency PDV Problem;High PDV detected on IP packets towards NTP server
2025-10-06;21:15:06;AL  ;Warning;Synchronization=1,RadioEquipmentClock=1,RadioEquipmentClockReference=NTP1;Sync Frequency PDV Problem;High PDV detected on IP packets towards NTP server
2025-10-06;21:28:56;AL  ;Cleared;Synchronization=1,RadioEquipmentClock=1,RadioEquipmentClockReference=NTP1;Sync Frequency PDV Problem;High PDV detected on IP packets towards NTP server
2025-10-06;22:37:13;AL  ;Cleared;Synchronization=1,RadioEquipmentClock=1;Clock Reference Missing For Long Time;Reference failure
2025-10-06;23:26:13;AL  ;Cleared;Synchronization=1,RadioEquipmentClock=1,RadioEquipmentClockReference=PTP8275_2;Sync PTP Time PDV Problem;High PDV detected on PTP messages


CS1BT> lgec -m 30d

251007-11:45:57+0200 19.31.8.243 25.0h MSRBS_NODE_MODEL_25.Q1_693.28324.131_62ac stopfile=/tmp/956643

Startdate=20250907.094558, Enddate=20251008.094558
Date;Time;Log;Severity;Object;Event;Cause;AdditionalText;AckState;Id;NotificationId;CorrelatedAlarms
Executing action Log.export()
..
Log=AlertLog                    actionId=16876
...
=================================================================================================================
MO                  actionId result      resultInfo
=================================================================================================================
LogM=1,Log=AlertLog 16876    1 (SUCCESS)           
cat  /ericsson/log/amos/moshell_logfiles/t20251007_37258710_53697/logs_moshell/tempfiles/scp-2-amos_20251007-114515_956563/rcslogs/AlertLog_20230509__071014_20250224__231507.log /ericsson/log/amos/moshell_logfiles/t20251007_37258710_53697/logs_moshell/tempfiles/scp-2-amos_20251007-114515_956563/rcslogs/AlertLog_20250224__231507.log > /ericsson/log/amos/moshell_logfiles/t20251007_37258710_53697/logs_moshell/tempfiles/scp-2-amos_20251007-114515_956563/eventLog956643.xml

Bye...
Output has been logged to file /mta_fs/UserFiles/37258710/amosbatch/2025-10-07_11-07-01_53697/CS1BT.log
