Logging to file /mta_fs/UserFiles/37258710/amosbatch/2025-10-07_11-07-01_53697/CS52L.log
                        __  __  ____   _____
                  /\   |  \/  |/ __ \ / ____|
                 /  \  | \  / | |  | | (___  
                / /\ \ | |\/| | |  | |\___ \ 
               / ____ \| |  | | |__| |____) |
              /_/    \_\_|  |_|\____/|_____/
              OSS Framework for MoShell-25.0h 
  Copyright (c) Ericsson AB 2001-2025 - All Rights Reserved
              
           
[1;31mWARNING: [0mthe AMOS version currently running is more than 22 weeks old and is unsupported.
Please upgrade as soon as possible to the latest released version, available from your local Ericsson support.

$amosrb_pid = 1096337

Checking ip contact...OK

HELP MENU            : h
BASIC MO COMMANDS    : m
OTHER MO COMMANDS    : n
OTHER COMMANDS       : o
PM COMMANDS          : p
QUIT                 : q

CS52L> lt all

251007-12:02:09+0200 19.31.2.62 25.0h  stopfile=/tmp/1096089
Looking up temporary_amos account... OK.
Trying temporary_amos_t20251007_37258710_53697_313's password from amos lookupAccount ... OK

$ssh_pid = 1097524

Connected to 19.31.2.62 (SubNetwork=BBMM_rckomc_R,MeContext=CS52L,ManagedElement=CS52L)

Checking MOM version...MSRBS_NODE_MODEL_25.Q1_693.28324.131_62ac
Parsing MOM (cached): /ericsson/log/amos/moshell_logfiles/t20251007_37258710_53697/logs_moshell/tempfiles/scp-2-amos_20251007-120202_1096029/MSRBS_NODE_MODEL_25.Q1_693.28324.131_62ac.xml.cache.gz ..................................................................................................................................................................................................................................Done.
Using paramfile /opt/ericsson/amos/moshell/commonjars/pm/PARAM_MSRBS_25.Q1.txt
Parsing file /opt/ericsson/amos/moshell/commonjars/pm/PARAM_MSRBS_25.Q1.txt .......................................................................................Done.
Using imomdfile /opt/ericsson/amos/moshell/commonjars/pm/IMOMD_MSRBS_22.Q4.txt
Using imomfile /opt/ericsson/amos/moshell/commonjars/pm/IMOM_MSRBS_25.Q1.txt
Connected to 19.31.2.62 (SubNetwork=BBMM_rckomc_R,MeContext=CS52L,ManagedElement=CS52L)

Last MO: 16319. Loaded 16319 MOs. Total: 16320 MOs.

CS52L> hget EUtranCellFDD ^cellid

251007-12:02:22+0200 19.31.2.62 25.0h MSRBS_NODE_MODEL_25.Q1_693.28324.131_62ac stopfile=/tmp/1096089

=================================================================================================================
MO                   cellId
=================================================================================================================
EUtranCellFDD=CS52L1 21    
EUtranCellFDD=CS52L2 22    
=================================================================================================================
Total: 2 MOs

Added 2 MOs to group: hget_group

CS52L> hget NbIotCell ^cellid

251007-12:02:23+0200 19.31.2.62 25.0h MSRBS_NODE_MODEL_25.Q1_693.28324.131_62ac stopfile=/tmp/1096089
Total: 0 MOs

CS52L> hget NRCellDU ^cellLocalId

251007-12:02:23+0200 19.31.2.62 25.0h MSRBS_NODE_MODEL_25.Q1_693.28324.131_62ac stopfile=/tmp/1096089
Total: 0 MOs

CS52L> lgdc -m 30d

251007-12:02:23+0200 19.31.2.62 25.0h MSRBS_NODE_MODEL_25.Q1_693.28324.131_62ac stopfile=/tmp/1096089

Startdate=20250907.100224, Enddate=20251008.100224
INFO: Using amos lookupAccount credentials for the export login

Executing action LogM.exportAvailabilityLog()
...LogM=1,exportAvailabilityLog    actionId=61516
...
=================================================================================================================
MO     actionId result      resultInfo
=================================================================================================================
LogM=1 61516    1 (SUCCESS)           
cp /ericsson/log/amos/moshell_logfiles/t20251007_37258710_53697/logs_moshell/tempfiles/scp-2-amos_20251007-120202_1096029/rcslogs/RBS_CS_AVAILABILITY_LOG_20251007100226.xml /ericsson/log/amos/moshell_logfiles/t20251007_37258710_53697/logs_moshell/tempfiles/scp-2-amos_20251007-120202_1096029/availabilityLog1096089.xml
Parsing availabilityLog......Done.
...
Date;Time;RestartType;SwVersion;SwRelease;RCSDowntime;ApplicationDowntime;TNDowntime;RATsDowntime;ExtraInfo;ExtraInfo2
2025-09-08;00:11:06;PartialOutage(Manual);100% Lrat Cell 21 22; ();14s;;;;;
2025-09-08;00:11:20;PartialOutage(Manual);100% Lrat Cell 21; ();1s;;;;;
2025-09-30;23:32:57;PartialOutage(Manual);100% Lrat Cell 21 22; ();16s;;;;;
2025-10-06;23:30:17;PartialOutage(Manual);100% Lrat Cell 21 22; ();14s;;;;;

Node uptime since last restart: 37922 seconds (10 hours, 32 minutes, 2 seconds)
------------------------------------------------------------------------------------------------------
Period=30 days       NodeUpgrade      NodeManual       NodeSpontaneous  AllNodeRestarts  PartialOutages  
------------------------------------------------------------------------------------------------------
Number Of outages    0                0                0                0                4               
Total downtime       0s               0s               0s               0s               45s             
Downtime per day     0s               0s               0s               0s               2s              
Downtime per outage  0s               0s               0s               0s               11s             

CS52L> lgac -m 30d

251007-12:02:33+0200 19.31.2.62 25.0h MSRBS_NODE_MODEL_25.Q1_693.28324.131_62ac stopfile=/tmp/1096089

Startdate=20250907.100233, Enddate=20251008.100233
Date;Time;Log;Severity;Object;Event;Cause;AdditionalText;AckState;Id;NotificationId;CorrelatedAlarms
Executing action Log.export()
..
Log=AlarmLog                    actionId=61517
......
=================================================================================================================
MO                  actionId result      resultInfo
=================================================================================================================
LogM=1,Log=AlarmLog 61517    1 (SUCCESS)           
cat  /ericsson/log/amos/moshell_logfiles/t20251007_37258710_53697/logs_moshell/tempfiles/scp-2-amos_20251007-120202_1096029/rcslogs/saLogAlarm_20221130__122006_20240819__060402.log /ericsson/log/amos/moshell_logfiles/t20251007_37258710_53697/logs_moshell/tempfiles/scp-2-amos_20251007-120202_1096029/rcslogs/saLogAlarm_20240819__060402_20250224__233221.log /ericsson/log/amos/moshell_logfiles/t20251007_37258710_53697/logs_moshell/tempfiles/scp-2-amos_20251007-120202_1096029/rcslogs/saLogAlarm_20250224__233221.log > /ericsson/log/amos/moshell_logfiles/t20251007_37258710_53697/logs_moshell/tempfiles/scp-2-amos_20251007-120202_1096029/alarmLog1096089.xml
2025-09-16;10:00:40;AL  ;Warning;ENodeBFunction=1;PLMN Service Redundancy Lost;S1 connection failure for PLMN connected with link represented by MO listed in Additional Information. AI: PLMN = ["2221"],DN1=ManagedElement=1,ENodeBFunction=1,TermPointToMme=5,
2025-09-16;10:01:10;AL  ;Cleared;ENodeBFunction=1;PLMN Service Redundancy Lost;S1 connection failure for PLMN connected with link represented by MO listed in Additional Information. AI: PLMN = ["2221"],DN1=ManagedElement=1,ENodeBFunction=1,TermPointToMme=5,
2025-09-26;13:48:47;AL  ;Warning;ENodeBFunction=1;PLMN Service Redundancy Lost;S1 connection failure for PLMN connected with link represented by MO listed in Additional Information. AI: PLMN = ["2221"],DN1=ManagedElement=1,ENodeBFunction=1,TermPointToMme=2,
2025-09-26;13:49:17;AL  ;Cleared;ENodeBFunction=1;PLMN Service Redundancy Lost;S1 connection failure for PLMN connected with link represented by MO listed in Additional Information. AI: PLMN = ["2221"],DN1=ManagedElement=1,ENodeBFunction=1,TermPointToMme=2,
2025-09-26;14:32:53;AL  ;Warning;ENodeBFunction=1;PLMN Service Redundancy Lost;S1 connection failure for PLMN connected with link represented by MO listed in Additional Information. AI: PLMN = ["2221"],DN1=ManagedElement=1,ENodeBFunction=1,TermPointToMme=2,
2025-09-26;14:33:23;AL  ;Cleared;ENodeBFunction=1;PLMN Service Redundancy Lost;S1 connection failure for PLMN connected with link represented by MO listed in Additional Information. AI: PLMN = ["2221"],DN1=ManagedElement=1,ENodeBFunction=1,TermPointToMme=2,
2025-10-01;18:42:12;AL  ;Minor ;AntennaUnitGroup=210;RX Branch Imbalance Fault;Antenna diagram mismatch. The RF Branches are listed in Additional Information. AI: DN1=RfBranch=2 RAT1=G
2025-10-01;21:22:13;AL  ;Cleared;AntennaUnitGroup=210;RX Branch Imbalance Fault;Antenna diagram mismatch. The RF Branches are listed in Additional Information. AI: DN1=RfBranch=2 RAT1=G
2025-10-03;07:41:44;AL  ;Warning;ENodeBFunction=1;PLMN Service Redundancy Lost;S1 connection failure for PLMN connected with link represented by MO listed in Additional Information. AI: PLMN = ["2221"],DN1=ManagedElement=1,ENodeBFunction=1,TermPointToMme=2,
2025-10-03;07:42:14;AL  ;Cleared;ENodeBFunction=1;PLMN Service Redundancy Lost;S1 connection failure for PLMN connected with link represented by MO listed in Additional Information. AI: PLMN = ["2221"],DN1=ManagedElement=1,ENodeBFunction=1,TermPointToMme=2,


CS52L> lgec -m 30d

251007-12:02:40+0200 19.31.2.62 25.0h MSRBS_NODE_MODEL_25.Q1_693.28324.131_62ac stopfile=/tmp/1096089

Startdate=20250907.100240, Enddate=20251008.100241
Date;Time;Log;Severity;Object;Event;Cause;AdditionalText;AckState;Id;NotificationId;CorrelatedAlarms
Executing action Log.export()
..
Log=AlertLog                    actionId=61518
...
=================================================================================================================
MO                  actionId result      resultInfo
=================================================================================================================
LogM=1,Log=AlertLog 61518    1 (SUCCESS)           
cat  /ericsson/log/amos/moshell_logfiles/t20251007_37258710_53697/logs_moshell/tempfiles/scp-2-amos_20251007-120202_1096029/rcslogs/AlertLog_20221130__122030_20250224__233253.log /ericsson/log/amos/moshell_logfiles/t20251007_37258710_53697/logs_moshell/tempfiles/scp-2-amos_20251007-120202_1096029/rcslogs/AlertLog_20250224__233253.log > /ericsson/log/amos/moshell_logfiles/t20251007_37258710_53697/logs_moshell/tempfiles/scp-2-amos_20251007-120202_1096029/eventLog1096089.xml

Bye...
Output has been logged to file /mta_fs/UserFiles/37258710/amosbatch/2025-10-07_11-07-01_53697/CS52L.log
