Logging to file /mta_fs/UserFiles/37258710/amosbatch/2025-10-07_11-07-01_53697/CS5EE.log
                        __  __  ____   _____
                  /\   |  \/  |/ __ \ / ____|
                 /  \  | \  / | |  | | (___  
                / /\ \ | |\/| | |  | |\___ \ 
               / ____ \| |  | | |__| |____) |
              /_/    \_\_|  |_|\____/|_____/
              OSS Framework for MoShell-25.0h 
  Copyright (c) Ericsson AB 2001-2025 - All Rights Reserved
              
           
[1;31mWARNING: [0mthe AMOS version currently running is more than 22 weeks old and is unsupported.
Please upgrade as soon as possible to the latest released version, available from your local Ericsson support.

$amosrb_pid = 1324100

Checking ip contact...OK

HELP MENU            : h
BASIC MO COMMANDS    : m
OTHER MO COMMANDS    : n
OTHER COMMANDS       : o
PM COMMANDS          : p
QUIT                 : q

CS5EE> lt all

251007-12:32:06+0200 19.31.4.243 25.0h  stopfile=/tmp/1323733
Looking up temporary_amos account... OK.
Trying temporary_amos_t20251007_37258710_53697_313's password from amos lookupAccount ... OK

$ssh_pid = 1325766

Connected to 19.31.4.243 (SubNetwork=BBMM_rckomc_R,MeContext=CS5EE,ManagedElement=CS5EE)

Checking MOM version...MSRBS_NODE_MODEL_25.Q1_198665.224.73_bf81
Parsing MOM (cached): /ericsson/log/amos/moshell_logfiles/t20251007_37258710_53697/logs_moshell/tempfiles/scp-2-amos_20251007-123159_1323611/MSRBS_NODE_MODEL_25.Q1_198665.224.73_bf81.xml.cache.gz ......................................................................................................................................................................................................................Done.
Using paramfile /opt/ericsson/amos/moshell/commonjars/pm/PARAM_MSRBSG2_25.Q1.txt
Parsing file /opt/ericsson/amos/moshell/commonjars/pm/PARAM_MSRBSG2_25.Q1.txt ......................................................................................Done.
Using imomdfile /opt/ericsson/amos/moshell/commonjars/pm/IMOMD_MSRBS_22.Q4.txt
Using imomfile /opt/ericsson/amos/moshell/commonjars/pm/IMOM_MSRBS_25.Q1.txt
Connected to 19.31.4.243 (SubNetwork=BBMM_rckomc_R,MeContext=CS5EE,ManagedElement=CS5EE)

Last MO: 17203. Loaded 17203 MOs. Total: 17204 MOs.

CS5EE> hget EUtranCellFDD ^cellid

251007-12:32:25+0200 19.31.4.243 25.0h MSRBS_NODE_MODEL_25.Q1_198665.224.73_bf81 stopfile=/tmp/1323733
.
=================================================================================================================
MO                   cellId
=================================================================================================================
EUtranCellFDD=CS5EE1 61    
EUtranCellFDD=CS5EE2 62    
EUtranCellFDD=CS5EM1 31    
EUtranCellFDD=CS5EM2 32    
EUtranCellFDD=CS5ET1 41    
EUtranCellFDD=CS5ET2 42    
=================================================================================================================
Total: 6 MOs

Added 6 MOs to group: hget_group

CS5EE> hget NbIotCell ^cellid

251007-12:32:26+0200 19.31.4.243 25.0h MSRBS_NODE_MODEL_25.Q1_198665.224.73_bf81 stopfile=/tmp/1323733
.
=================================================================================================================
MO               cellId
=================================================================================================================
NbIotCell=CS5EN1 161   
NbIotCell=CS5EN2 162   
=================================================================================================================
Total: 2 MOs

Added 2 MOs to group: hget_group

CS5EE> hget NRCellDU ^cellLocalId

251007-12:32:26+0200 19.31.4.243 25.0h MSRBS_NODE_MODEL_25.Q1_198665.224.73_bf81 stopfile=/tmp/1323733
Total: 0 MOs

CS5EE> lgdc -m 30d

251007-12:32:26+0200 19.31.4.243 25.0h MSRBS_NODE_MODEL_25.Q1_198665.224.73_bf81 stopfile=/tmp/1323733

Startdate=20250907.103226, Enddate=20251008.103226
INFO: Using amos lookupAccount credentials for the export login

Executing action LogM.exportAvailabilityLog()
...LogM=1,exportAvailabilityLog    actionId=7733
......
=================================================================================================================
MO     actionId result      resultInfo
=================================================================================================================
LogM=1 7733     1 (SUCCESS)           
cp /ericsson/log/amos/moshell_logfiles/t20251007_37258710_53697/logs_moshell/tempfiles/scp-2-amos_20251007-123159_1323611/rcslogs/RBS_CS_AVAILABILITY_LOG_20251007103231.xml /ericsson/log/amos/moshell_logfiles/t20251007_37258710_53697/logs_moshell/tempfiles/scp-2-amos_20251007-123159_1323611/availabilityLog1323733.xml
Parsing availabilityLog........Done.
.....
Date;Time;RestartType;SwVersion;SwRelease;RCSDowntime;ApplicationDowntime;TNDowntime;RATsDowntime;ExtraInfo;ExtraInfo2
2025-09-08;01:46:09;PartialOutage(Manual);17% Lrat Cell 62; ();12s;;;;;
2025-09-08;01:46:23;PartialOutage(Manual);50% Lrat Cell 161 162; ();1s;;;;;
2025-09-08;01:46:24;PartialOutage(Manual);17% Lrat Cell 61; ();11s;;;;;
2025-09-08;01:46:35;PartialOutage(Manual);17% Lrat Cell 32; ();4s;;;;;
2025-09-08;01:46:39;PartialOutage(Manual);75% Lrat Cell 161; ();10s;;;;;
2025-09-08;01:46:49;PartialOutage(Manual);17% Lrat Cell 31 32; ();1s;;;;;
2025-09-08;01:46:50;PartialOutage(Manual);17% Lrat Cell 31; ();3s;;;;;
2025-09-08;01:47:06;PartialOutage(Manual);17% Lrat Cell 41; ();10s;;;;;
2025-09-08;01:47:18;PartialOutage(Manual);17% Lrat Cell 42; ();17s;;;;;
2025-09-09;08:09:36;PartialOutage(Manual);100% Lrat Cell 161 162; ();1s;;;;;
2025-09-09;08:09:37;PartialOutage(Manual);50% Lrat Cell 61 31 32; ();2s;;;;;
2025-09-09;08:09:39;PartialOutage(Manual);83% Lrat Cell 61 31 32 41 42; ();2s;;;;;
2025-09-09;08:09:41;PartialOutage(Manual);100% Lrat Cell 61 62 31 32 41 42; ();14698s (4h4m);;;;;
2025-09-09;12:14:39;PartialOutage(Manual);100% Lrat Cell 61 31 32 41 42; ();1s;;;;;
2025-09-09;12:14:40;PartialOutage(Manual);100% Lrat Cell 31 32 41 42; ();1s;;;;;
2025-09-09;12:14:41;PartialOutage(Manual);100% Lrat Cell 32 42; ();2s;;;;;
2025-09-09;12:14:43;PartialOutage(Manual);100% Lrat Cell 42; ();1s;;;;;
2025-09-18;18:55:30;PartialOutage(System);100% Lrat Cell 161 162; ();431s (7m11s);;;;;
2025-09-18;19:02:41;PartialOutage(System);100% Lrat Cell 61 62 31 41 42; ();1s;;;;;
2025-09-18;19:02:42;PartialOutage(System);100% Lrat Cell 61 62; ();1s;;;;;
2025-09-18;19:02:43;PartialOutage(System);100% Lrat Cell 161; ();1s;;;;;

Node uptime since last restart: 1610994 seconds (18 days, 15 hours, 29 minutes, 54 seconds)
------------------------------------------------------------------------------------------------------
Period=30 days       NodeUpgrade      NodeManual       NodeSpontaneous  AllNodeRestarts  PartialOutages  
------------------------------------------------------------------------------------------------------
Number Of outages    0                0                0                0                21              
Total downtime       0s               0s               0s               0s               15211s (4h13m)  
Downtime per day     0s               0s               0s               0s               507s (8m27s)    
Downtime per outage  0s               0s               0s               0s               724s (12m4s)    

CS5EE> lgac -m 30d

251007-12:32:38+0200 19.31.4.243 25.0h MSRBS_NODE_MODEL_25.Q1_198665.224.73_bf81 stopfile=/tmp/1323733

Startdate=20250907.103239, Enddate=20251008.103239
Date;Time;Log;Severity;Object;Event;Cause;AdditionalText;AckState;Id;NotificationId;CorrelatedAlarms
Executing action Log.export()
..
Log=AlarmLog                    actionId=7734
.............
=================================================================================================================
MO                  actionId result      resultInfo
=================================================================================================================
LogM=1,Log=AlarmLog 7734     1 (SUCCESS)           
cat  /ericsson/log/amos/moshell_logfiles/t20251007_37258710_53697/logs_moshell/tempfiles/scp-2-amos_20251007-123159_1323611/rcslogs/saLogAlarm_20221219__125257_20230630__152258.log /ericsson/log/amos/moshell_logfiles/t20251007_37258710_53697/logs_moshell/tempfiles/scp-2-amos_20251007-123159_1323611/rcslogs/saLogAlarm_20230630__152258_20240301__103140.log /ericsson/log/amos/moshell_logfiles/t20251007_37258710_53697/logs_moshell/tempfiles/scp-2-amos_20251007-123159_1323611/rcslogs/saLogAlarm_20240301__103140.log > /ericsson/log/amos/moshell_logfiles/t20251007_37258710_53697/logs_moshell/tempfiles/scp-2-amos_20251007-123159_1323611/alarmLog1323733.xml
2025-09-08;01:46:35;AL  ;Cleared;EUtranCellFDD=CS5EM2;Service Degraded;This is a secondary alarm, use alarm correlation information in Additional Information to find primary alarm.
2025-09-08;01:46:50;AL  ;Minor ;EUtranCellFDD=CS5EM2;Service Degraded;This is a secondary alarm, use alarm correlation information in Additional Information to find primary alarm.
2025-09-08;01:47:18;AL  ;Cleared;EUtranCellFDD=CS5ET2;Service Degraded;This is a secondary alarm, use alarm correlation information in Additional Information to find primary alarm.
2025-09-08;01:47:35;AL  ;Minor ;EUtranCellFDD=CS5ET2;Service Degraded;This is a secondary alarm, use alarm correlation information in Additional Information to find primary alarm.
2025-09-09;00:47:09;AL  ;Minor ;ENodeBFunction=1;External Link Failure;X2 link problem to one or several neighbouring eNodeBs. AI: PLMN ID-eNB ID 1 = 2221-450205
2025-09-09;01:04:17;AL  ;Cleared;ENodeBFunction=1;External Link Failure;X2 link problem to one or several neighbouring eNodeBs. AI: PLMN ID-eNB ID 1 = 2221-450205
2025-09-09;08:09:36;AL  ;Cleared;EUtranCellFDD=CS5EM2;Service Degraded;This is a secondary alarm, use alarm correlation information in Additional Information to find primary alarm.
2025-09-09;08:09:39;AL  ;Cleared;EUtranCellFDD=CS5ET2;Service Degraded;This is a secondary alarm, use alarm correlation information in Additional Information to find primary alarm.
2025-09-09;12:14:43;AL  ;Minor ;EUtranCellFDD=CS5EM2;Service Degraded;This is a secondary alarm, use alarm correlation information in Additional Information to find primary alarm.
2025-09-09;12:14:44;AL  ;Minor ;EUtranCellFDD=CS5ET2;Service Degraded;This is a secondary alarm, use alarm correlation information in Additional Information to find primary alarm.
2025-09-11;06:28:26;AL  ;Minor ;ENodeBFunction=1;External Link Failure;X2 link problem to one or several neighbouring eNodeBs. AI: PLMN ID-eNB ID 1 = 2221-650734
2025-09-11;06:56:56;AL  ;Cleared;ENodeBFunction=1;External Link Failure;X2 link problem to one or several neighbouring eNodeBs. AI: PLMN ID-eNB ID 1 = 2221-650734
2025-09-16;10:05:59;AL  ;Warning;ENodeBFunction=1;PLMN Service Redundancy Lost;S1 connection failure for PLMN connected with link represented by MO listed in Additional Information. AI: PLMN = ["2221"],DN1=ManagedElement=1,ENodeBFunction=1,TermPointToMme=5,
2025-09-16;10:06:29;AL  ;Cleared;ENodeBFunction=1;PLMN Service Redundancy Lost;S1 connection failure for PLMN connected with link represented by MO listed in Additional Information. AI: PLMN = ["2221"],DN1=ManagedElement=1,ENodeBFunction=1,TermPointToMme=5,
2025-09-18;18:55:18;AL  ;Critical;FieldReplaceableUnit=BB-1,AlarmPort=1;External Alarm;UNITA CLIMATIZZAZIONE GUASTA
2025-09-18;18:55:24;AL  ;Warning;ENodeBFunction=1;PLMN Service Redundancy Lost;S1 connection failure for PLMN connected with link represented by MO listed in Additional Information. AI: PLMN = ["2221"],DN1=ManagedElement=1,ENodeBFunction=1,TermPointToMme=1,DN2=ManagedElement=1,ENodeBFunction=1,TermPointToMme=5,DN3=ManagedElement=1,ENodeBFunction=1,TermPointToMme=3,DN4=ManagedElement=1,ENodeBFunction=1,TermPointToMme=2,
2025-09-18;18:55:26;AL  ;Cleared;FieldReplaceableUnit=BB-1,AlarmPort=1;External Alarm;UNITA CLIMATIZZAZIONE GUASTA
2025-09-18;18:55:30;AL  ;Cleared;ENodeBFunction=1;PLMN Service Redundancy Lost;S1 connection failure for PLMN connected with link represented by MO listed in Additional Information. AI: PLMN = ["2221"],DN1=ManagedElement=1,ENodeBFunction=1,TermPointToMme=1,DN2=ManagedElement=1,ENodeBFunction=1,TermPointToMme=5,DN3=ManagedElement=1,ENodeBFunction=1,TermPointToMme=3,DN4=ManagedElement=1,ENodeBFunction=1,TermPointToMme=2,
2025-09-18;18:55:30;AL  ;Minor ;ENodeBFunction=1;PLMN Service Unavailable;S1 Connection Failure for PLMNs listed in Additional Information. AI: PLMN = ["2221"],
2025-09-18;18:55:30;AL  ;Cleared;EUtranCellFDD=CS5ET2;Service Degraded;This is a secondary alarm, use alarm correlation information in Additional Information to find primary alarm.
2025-09-18;18:55:30;AL  ;Major ;EUtranCellFDD=CS5ET2;Service Unavailable;This is a secondary alarm, use alarm correlation information in Additional Information to find primary alarm.
2025-09-18;18:55:30;AL  ;Major ;EUtranCellFDD=CS5ET1;Service Unavailable;This is a secondary alarm, use alarm correlation information in Additional Information to find primary alarm.
2025-09-18;18:55:30;AL  ;Cleared;EUtranCellFDD=CS5EM2;Service Degraded;This is a secondary alarm, use alarm correlation information in Additional Information to find primary alarm.
2025-09-18;18:55:30;AL  ;Major ;EUtranCellFDD=CS5EM2;Service Unavailable;This is a secondary alarm, use alarm correlation information in Additional Information to find primary alarm.
2025-09-18;18:55:30;AL  ;Major ;EUtranCellFDD=CS5EM1;Service Unavailable;This is a secondary alarm, use alarm correlation information in Additional Information to find primary alarm.
2025-09-18;18:55:30;AL  ;Major ;EUtranCellFDD=CS5EE2;Service Unavailable;This is a secondary alarm, use alarm correlation information in Additional Information to find primary alarm.
2025-09-18;18:55:30;AL  ;Major ;EUtranCellFDD=CS5EE1;Service Unavailable;This is a secondary alarm, use alarm correlation information in Additional Information to find primary alarm.
2025-09-18;18:55:30;AL  ;Major ;NbIotCell=CS5EN2;Service Unavailable;This is a secondary alarm, use alarm correlation information in Additional Information to find primary alarm.
2025-09-18;18:55:30;AL  ;Major ;NbIotCell=CS5EN1;Service Unavailable;This is a secondary alarm, use alarm correlation information in Additional Information to find primary alarm.
2025-09-18;18:56:19;AL  ;Major ;Synchronization=1,RadioEquipmentClock=1,RadioEquipmentClockReference=PTP8275_2;Sync PTP Time Reachability Fault;No PTP messages
2025-09-18;19:02:39;AL  ;Warning;ENodeBFunction=1;PLMN Service Redundancy Lost;S1 connection failure for PLMN connected with link represented by MO listed in Additional Information. AI: PLMN = ["2221"],DN1=ManagedElement=1,ENodeBFunction=1,TermPointToMme=4,
2025-09-18;19:02:39;AL  ;Cleared;ENodeBFunction=1;PLMN Service Unavailable;S1 Connection Failure for PLMNs listed in Additional Information. AI: PLMN = ["2221"],
2025-09-18;19:02:39;AL  ;Cleared;EUtranCellFDD=CS5ET2;Service Unavailable;This is a secondary alarm, use alarm correlation information in Additional Information to find primary alarm.
2025-09-18;19:02:39;AL  ;Cleared;EUtranCellFDD=CS5ET1;Service Unavailable;This is a secondary alarm, use alarm correlation information in Additional Information to find primary alarm.
2025-09-18;19:02:39;AL  ;Cleared;EUtranCellFDD=CS5EM2;Service Unavailable;This is a secondary alarm, use alarm correlation information in Additional Information to find primary alarm.
2025-09-18;19:02:39;AL  ;Cleared;EUtranCellFDD=CS5EM1;Service Unavailable;This is a secondary alarm, use alarm correlation information in Additional Information to find primary alarm.
2025-09-18;19:02:39;AL  ;Cleared;EUtranCellFDD=CS5EE2;Service Unavailable;This is a secondary alarm, use alarm correlation information in Additional Information to find primary alarm.
2025-09-18;19:02:39;AL  ;Cleared;EUtranCellFDD=CS5EE1;Service Unavailable;This is a secondary alarm, use alarm correlation information in Additional Information to find primary alarm.
2025-09-18;19:02:39;AL  ;Cleared;NbIotCell=CS5EN2;Service Unavailable;This is a secondary alarm, use alarm correlation information in Additional Information to find primary alarm.
2025-09-18;19:02:39;AL  ;Cleared;NbIotCell=CS5EN1;Service Unavailable;This is a secondary alarm, use alarm correlation information in Additional Information to find primary alarm.
2025-09-18;19:02:41;AL  ;Minor ;EUtranCellFDD=CS5EM2;Service Degraded;This is a secondary alarm, use alarm correlation information in Additional Information to find primary alarm.
2025-09-18;19:02:42;AL  ;Minor ;EUtranCellFDD=CS5ET2;Service Degraded;This is a secondary alarm, use alarm correlation information in Additional Information to find primary alarm.
2025-09-18;19:02:44;AL  ;Cleared;ENodeBFunction=1;PLMN Service Redundancy Lost;S1 connection failure for PLMN connected with link represented by MO listed in Additional Information. AI: PLMN = ["2221"],DN1=ManagedElement=1,ENodeBFunction=1,TermPointToMme=4,
2025-09-18;19:04:38;AL  ;Cleared;Synchronization=1,RadioEquipmentClock=1,RadioEquipmentClockReference=PTP8275_2;Sync PTP Time Reachability Fault;No PTP messages
2025-09-19;06:21:59;AL  ;Minor ;ENodeBFunction=1;External Link Failure;X2 link problem to one or several neighbouring eNodeBs. AI: PLMN ID-eNB ID 1 = 2221-450395
2025-09-19;08:50:10;AL  ;Minor ;ENodeBFunction=1;External Link Failure;X2 link problem to one or several neighbouring eNodeBs. AI: PLMN ID-eNB ID 1 = 2221-450395 PLMN ID-eNB ID 2 = 2221-650352
2025-09-19;08:58:52;AL  ;Minor ;ENodeBFunction=1;External Link Failure;X2 link problem to one or several neighbouring eNodeBs. AI: PLMN ID-eNB ID 1 = 2221-450395
2025-09-19;10:10:08;AL  ;Cleared;ENodeBFunction=1;External Link Failure;X2 link problem to one or several neighbouring eNodeBs. AI: PLMN ID-eNB ID 1 = 2221-450395
2025-09-22;09:17:33;AL  ;Minor ;ENodeBFunction=1;External Link Failure;X2 link problem to one or several neighbouring eNodeBs. AI: PLMN ID-eNB ID 1 = 2221-650262
2025-09-22;09:29:33;AL  ;Cleared;ENodeBFunction=1;External Link Failure;X2 link problem to one or several neighbouring eNodeBs. AI: PLMN ID-eNB ID 1 = 2221-650262
2025-09-22;10:31:27;AL  ;Minor ;ENodeBFunction=1;External Link Failure;X2 link problem to one or several neighbouring eNodeBs. AI: PLMN ID-eNB ID 1 = 2221-650262
2025-09-22;11:11:19;AL  ;Cleared;ENodeBFunction=1;External Link Failure;X2 link problem to one or several neighbouring eNodeBs. AI: PLMN ID-eNB ID 1 = 2221-650262
2025-09-22;11:24:06;AL  ;Minor ;ENodeBFunction=1;External Link Failure;X2 link problem to one or several neighbouring eNodeBs. AI: PLMN ID-eNB ID 1 = 2221-650262
2025-09-22;11:51:27;AL  ;Cleared;ENodeBFunction=1;External Link Failure;X2 link problem to one or several neighbouring eNodeBs. AI: PLMN ID-eNB ID 1 = 2221-650262
2025-09-22;12:10:30;AL  ;Minor ;ENodeBFunction=1;External Link Failure;X2 link problem to one or several neighbouring eNodeBs. AI: PLMN ID-eNB ID 1 = 2221-650262
2025-09-22;12:25:46;AL  ;Cleared;ENodeBFunction=1;External Link Failure;X2 link problem to one or several neighbouring eNodeBs. AI: PLMN ID-eNB ID 1 = 2221-650262
2025-09-24;08:02:33;AL  ;Minor ;ENodeBFunction=1;External Link Failure;X2 link problem to one or several neighbouring eNodeBs. AI: PLMN ID-eNB ID 1 = 2221-650317
2025-09-24;09:39:03;AL  ;Cleared;ENodeBFunction=1;External Link Failure;X2 link problem to one or several neighbouring eNodeBs. AI: PLMN ID-eNB ID 1 = 2221-650317
2025-09-26;08:52:09;AL  ;Minor ;ENodeBFunction=1;External Link Failure;X2 link problem to one or several neighbouring eNodeBs. AI: PLMN ID-eNB ID 1 = 2221-650262
2025-09-26;08:59:49;AL  ;Cleared;ENodeBFunction=1;External Link Failure;X2 link problem to one or several neighbouring eNodeBs. AI: PLMN ID-eNB ID 1 = 2221-650262
2025-09-26;09:34:56;AL  ;Minor ;ENodeBFunction=1;External Link Failure;X2 link problem to one or several neighbouring eNodeBs. AI: PLMN ID-eNB ID 1 = 2221-650262
2025-09-26;09:50:46;AL  ;Cleared;ENodeBFunction=1;External Link Failure;X2 link problem to one or several neighbouring eNodeBs. AI: PLMN ID-eNB ID 1 = 2221-650262
2025-09-30;10:32:29;AL  ;Minor ;ENodeBFunction=1;External Link Failure;X2 link problem to one or several neighbouring eNodeBs. AI: PLMN ID-eNB ID 1 = 2221-450778
2025-09-30;13:36:48;AL  ;Cleared;ENodeBFunction=1;External Link Failure;X2 link problem to one or several neighbouring eNodeBs. AI: PLMN ID-eNB ID 1 = 2221-450778
2025-10-01;07:46:31;AL  ;Minor ;ENodeBFunction=1;External Link Failure;X2 link problem to one or several neighbouring eNodeBs. AI: PLMN ID-eNB ID 1 = 2221-650352
2025-10-01;07:54:55;AL  ;Cleared;ENodeBFunction=1;External Link Failure;X2 link problem to one or several neighbouring eNodeBs. AI: PLMN ID-eNB ID 1 = 2221-650352
2025-10-01;11:56:05;AL  ;Minor ;ENodeBFunction=1;External Link Failure;X2 link problem to one or several neighbouring eNodeBs. AI: PLMN ID-eNB ID 1 = 2221-450784
2025-10-01;12:51:48;AL  ;Cleared;ENodeBFunction=1;External Link Failure;X2 link problem to one or several neighbouring eNodeBs. AI: PLMN ID-eNB ID 1 = 2221-450784
2025-10-02;14:19:20;AL  ;Minor ;ENodeBFunction=1;External Link Failure;X2 link problem to one or several neighbouring eNodeBs. AI: PLMN ID-eNB ID 1 = 2221-450496
2025-10-02;16:20:11;AL  ;Cleared;ENodeBFunction=1;External Link Failure;X2 link problem to one or several neighbouring eNodeBs. AI: PLMN ID-eNB ID 1 = 2221-450496
2025-10-02;17:59:05;AL  ;Minor ;ENodeBFunction=1;External Link Failure;X2 link problem to one or several neighbouring eNodeBs. AI: PLMN ID-eNB ID 1 = 2221-450496
2025-10-03;14:04:04;AL  ;Cleared;ENodeBFunction=1;External Link Failure;X2 link problem to one or several neighbouring eNodeBs. AI: PLMN ID-eNB ID 1 = 2221-450496
2025-10-04;05:52:47;AL  ;Minor ;ENodeBFunction=1;External Link Failure;X2 link problem to one or several neighbouring eNodeBs. AI: PLMN ID-eNB ID 1 = 2221-450764
2025-10-04;09:50:25;AL  ;Cleared;ENodeBFunction=1;External Link Failure;X2 link problem to one or several neighbouring eNodeBs. AI: PLMN ID-eNB ID 1 = 2221-450764
2025-10-05;16:06:21;AL  ;Minor ;ENodeBFunction=1;External Link Failure;X2 link problem to one or several neighbouring eNodeBs. AI: PLMN ID-eNB ID 1 = 2221-650734
2025-10-05;16:08:56;AL  ;Minor ;ENodeBFunction=1;External Link Failure;X2 link problem to one or several neighbouring eNodeBs. AI: PLMN ID-eNB ID 1 = 2221-650734 PLMN ID-eNB ID 2 = 2221-650457
2025-10-05;16:11:44;AL  ;Minor ;ENodeBFunction=1;External Link Failure;X2 link problem to one or several neighbouring eNodeBs. AI: PLMN ID-eNB ID 1 = 2221-650734
2025-10-05;16:17:40;AL  ;Cleared;ENodeBFunction=1;External Link Failure;X2 link problem to one or several neighbouring eNodeBs. AI: PLMN ID-eNB ID 1 = 2221-650734


CS5EE> lgec -m 30d

251007-12:32:49+0200 19.31.4.243 25.0h MSRBS_NODE_MODEL_25.Q1_198665.224.73_bf81 stopfile=/tmp/1323733

Startdate=20250907.103249, Enddate=20251008.103249
Date;Time;Log;Severity;Object;Event;Cause;AdditionalText;AckState;Id;NotificationId;CorrelatedAlarms
Executing action Log.export()
..
Log=AlertLog                    actionId=7735
...
=================================================================================================================
MO                  actionId result      resultInfo
=================================================================================================================
LogM=1,Log=AlertLog 7735     1 (SUCCESS)           
cat  /ericsson/log/amos/moshell_logfiles/t20251007_37258710_53697/logs_moshell/tempfiles/scp-2-amos_20251007-123159_1323611/rcslogs/AlertLog_20220415__150821.log > /ericsson/log/amos/moshell_logfiles/t20251007_37258710_53697/logs_moshell/tempfiles/scp-2-amos_20251007-123159_1323611/eventLog1323733.xml

Bye...
Output has been logged to file /mta_fs/UserFiles/37258710/amosbatch/2025-10-07_11-07-01_53697/CS5EE.log
