Logging to file /mta_fs/UserFiles/37258710/amosbatch/2025-10-07_11-07-01_53697/CS60T.log
                        __  __  ____   _____
                  /\   |  \/  |/ __ \ / ____|
                 /  \  | \  / | |  | | (___  
                / /\ \ | |\/| | |  | |\___ \ 
               / ____ \| |  | | |__| |____) |
              /_/    \_\_|  |_|\____/|_____/
              OSS Framework for MoShell-25.0h 
  Copyright (c) Ericsson AB 2001-2025 - All Rights Reserved
              
           
[1;31mWARNING: [0mthe AMOS version currently running is more than 22 weeks old and is unsupported.
Please upgrade as soon as possible to the latest released version, available from your local Ericsson support.

$amosrb_pid = 1194173

Checking ip contact...OK

HELP MENU            : h
BASIC MO COMMANDS    : m
OTHER MO COMMANDS    : n
OTHER COMMANDS       : o
PM COMMANDS          : p
QUIT                 : q

CS60T> lt all

251007-12:14:50+0200 19.31.5.235 25.0h  stopfile=/tmp/1193950
Looking up temporary_amos account... OK.
Trying temporary_amos_t20251007_37258710_53697_313's password from amos lookupAccount ... OK

$ssh_pid = 1195671

Connected to 19.31.5.235 (SubNetwork=BBMM_rckomc_R,MeContext=CS60T,ManagedElement=CS60T)

Checking MOM version...MSRBS_NODE_MODEL_25.Q1_198665.224.73_bf81
Parsing MOM (cached): /ericsson/log/amos/moshell_logfiles/t20251007_37258710_53697/logs_moshell/tempfiles/scp-2-amos_20251007-121443_1193882/MSRBS_NODE_MODEL_25.Q1_198665.224.73_bf81.xml.cache.gz ......................................................................................................................................................................................................................Done.
Using paramfile /opt/ericsson/amos/moshell/commonjars/pm/PARAM_MSRBSG2_25.Q1.txt
Parsing file /opt/ericsson/amos/moshell/commonjars/pm/PARAM_MSRBSG2_25.Q1.txt ......................................................................................Done.
Using imomdfile /opt/ericsson/amos/moshell/commonjars/pm/IMOMD_MSRBS_22.Q4.txt
Using imomfile /opt/ericsson/amos/moshell/commonjars/pm/IMOM_MSRBS_25.Q1.txt
Connected to 19.31.5.235 (SubNetwork=BBMM_rckomc_R,MeContext=CS60T,ManagedElement=CS60T)

Last MO: 18152. Loaded 18152 MOs. Total: 18153 MOs.

CS60T> hget EUtranCellFDD ^cellid

251007-12:15:10+0200 19.31.5.235 25.0h MSRBS_NODE_MODEL_25.Q1_198665.224.73_bf81 stopfile=/tmp/1193950
.
=================================================================================================================
MO                   cellId
=================================================================================================================
EUtranCellFDD=CS60E1 61    
EUtranCellFDD=CS60E2 62    
EUtranCellFDD=CS60E3 63    
EUtranCellFDD=CS60M1 31    
EUtranCellFDD=CS60M2 32    
EUtranCellFDD=CS60M3 33    
EUtranCellFDD=CS60T1 41    
EUtranCellFDD=CS60T2 42    
EUtranCellFDD=CS60T3 43    
=================================================================================================================
Total: 9 MOs

Added 9 MOs to group: hget_group

CS60T> hget NbIotCell ^cellid

251007-12:15:10+0200 19.31.5.235 25.0h MSRBS_NODE_MODEL_25.Q1_198665.224.73_bf81 stopfile=/tmp/1193950
.
=================================================================================================================
MO               cellId
=================================================================================================================
NbIotCell=CS60N1 161   
NbIotCell=CS60N2 162   
NbIotCell=CS60N3 163   
=================================================================================================================
Total: 3 MOs

Added 3 MOs to group: hget_group

CS60T> hget NRCellDU ^cellLocalId

251007-12:15:11+0200 19.31.5.235 25.0h MSRBS_NODE_MODEL_25.Q1_198665.224.73_bf81 stopfile=/tmp/1193950
Total: 0 MOs

CS60T> lgdc -m 30d

251007-12:15:11+0200 19.31.5.235 25.0h MSRBS_NODE_MODEL_25.Q1_198665.224.73_bf81 stopfile=/tmp/1193950

Startdate=20250907.101511, Enddate=20251008.101511
INFO: Using amos lookupAccount credentials for the export login

Executing action LogM.exportAvailabilityLog()
...LogM=1,exportAvailabilityLog    actionId=7099
......
=================================================================================================================
MO     actionId result      resultInfo
=================================================================================================================
LogM=1 7099     1 (SUCCESS)           
cp /ericsson/log/amos/moshell_logfiles/t20251007_37258710_53697/logs_moshell/tempfiles/scp-2-amos_20251007-121443_1193882/rcslogs/RBS_CS_AVAILABILITY_LOG_20251007101516.xml /ericsson/log/amos/moshell_logfiles/t20251007_37258710_53697/logs_moshell/tempfiles/scp-2-amos_20251007-121443_1193882/availabilityLog1193950.xml
Parsing availabilityLog........Done.
.....
Date;Time;RestartType;SwVersion;SwRelease;RCSDowntime;ApplicationDowntime;TNDowntime;RATsDowntime;ExtraInfo;ExtraInfo2
2025-09-08;07:51:43;PartialOutage(Manual);11% Lrat Cell 33; ();11s;;;;;
2025-09-08;07:51:56;PartialOutage(Manual);11% Lrat Cell 31; ();11s;;;;;
2025-09-08;07:52:12;PartialOutage(Manual);11% Lrat Cell 32; ();10s;;;;;
2025-09-08;07:52:27;PartialOutage(Manual);11% Lrat Cell 63; ();10s;;;;;
2025-09-08;07:52:43;PartialOutage(Manual);5% Lrat Cell 61; ();10s;;;;;
2025-09-08;07:52:57;PartialOutage(Manual);44% Lrat Cell 161 162 163; ();1s;;;;;
2025-09-08;07:52:58;PartialOutage(Manual);7% Lrat Cell 62; ();4s;;;;;
2025-09-08;07:53:02;PartialOutage(Manual);44% Lrat Cell 161 162; ();6s;;;;;
2025-09-08;07:53:20;PartialOutage(Manual);5% Lrat Cell 42; ();1s;;;;;
2025-09-08;07:53:21;PartialOutage(Manual);55% Lrat Cell 162; ();9s;;;;;
2025-09-08;07:53:32;PartialOutage(Manual);6% Lrat Cell 43; ();4s;;;;;
2025-09-08;07:53:53;PartialOutage(Manual);11% Lrat Cell 41; ();8s;;;;;
2025-09-10;14:12:58;PartialOutage(System);22% Lrat Cell 31 33; ();1s;;;;;
2025-09-10;14:12:59;PartialOutage(System);100% Lrat Cell 161 162 163; ();14s;;;;;
2025-09-10;14:13:13;PartialOutage(System);100% Lrat Cell 31 32 33 41 42 43; ();1s;;;;;
2025-09-10;14:13:15;PartialOutage(System);100% Lrat Cell 32 42; ();1s;;;;;
2025-09-10;14:13:16;PartialOutage(System);100% Lrat Cell 32; ();1s;;;;;
2025-09-26;14:59:59;PartialOutage(System);100% Lrat Cell 161 162 163; ();14s;;;;;
2025-09-26;15:00:13;PartialOutage(System);100% Lrat Cell 62 63 31 32 33 41 42 43; ();1s;;;;;
2025-09-26;15:00:14;PartialOutage(System);100% Lrat Cell 63 31 32 41 42; ();1s;;;;;
2025-09-26;15:00:15;PartialOutage(System);100% Lrat Cell 63 32 42; ();1s;;;;;

Node uptime since last restart: 933304 seconds (10 days, 19 hours, 15 minutes, 4 seconds)
------------------------------------------------------------------------------------------------------
Period=30 days       NodeUpgrade      NodeManual       NodeSpontaneous  AllNodeRestarts  PartialOutages  
------------------------------------------------------------------------------------------------------
Number Of outages    0                0                0                0                21              
Total downtime       0s               0s               0s               0s               120s (2m0s)     
Downtime per day     0s               0s               0s               0s               4s              
Downtime per outage  0s               0s               0s               0s               6s              

CS60T> lgac -m 30d

251007-12:15:23+0200 19.31.5.235 25.0h MSRBS_NODE_MODEL_25.Q1_198665.224.73_bf81 stopfile=/tmp/1193950

Startdate=20250907.101523, Enddate=20251008.101523
Date;Time;Log;Severity;Object;Event;Cause;AdditionalText;AckState;Id;NotificationId;CorrelatedAlarms
Executing action Log.export()
..
Log=AlarmLog                    actionId=7100
..........
=================================================================================================================
MO                  actionId result      resultInfo
=================================================================================================================
LogM=1,Log=AlarmLog 7100     1 (SUCCESS)           
cat  /ericsson/log/amos/moshell_logfiles/t20251007_37258710_53697/logs_moshell/tempfiles/scp-2-amos_20251007-121443_1193882/rcslogs/saLogAlarm_20220909__071245_20240722__191131.log /ericsson/log/amos/moshell_logfiles/t20251007_37258710_53697/logs_moshell/tempfiles/scp-2-amos_20251007-121443_1193882/rcslogs/saLogAlarm_20240722__191131_20250914__072751.log /ericsson/log/amos/moshell_logfiles/t20251007_37258710_53697/logs_moshell/tempfiles/scp-2-amos_20251007-121443_1193882/rcslogs/saLogAlarm_20250914__072751.log > /ericsson/log/amos/moshell_logfiles/t20251007_37258710_53697/logs_moshell/tempfiles/scp-2-amos_20251007-121443_1193882/alarmLog1193950.xml
2025-09-07;13:18:22;AL  ;Minor ;EUtraNetwork=1,ExternalENodeBFunction=2221-210527;Inter Node Carrier Aggregation Service Unavailable;Elastic RAN Carrier Aggregation is not available towards remote eNodeB.
2025-09-08;08:37:17;AL  ;Minor ;EUtraNetwork=1,ExternalENodeBFunction=2221-650036;Inter Node Carrier Aggregation Service Unavailable;Elastic RAN Carrier Aggregation is not available towards remote eNodeB.
2025-09-08;18:53:09;AL  ;Minor ;EUtraNetwork=1,ExternalENodeBFunction=2221-205985;Inter Node Carrier Aggregation Service Unavailable;Elastic RAN Carrier Aggregation is not available towards remote eNodeB.
2025-09-08;19:41:01;AL  ;Minor ;EUtraNetwork=1,ExternalENodeBFunction=2221-204910;Inter Node Carrier Aggregation Service Unavailable;Elastic RAN Carrier Aggregation is not available towards remote eNodeB.
2025-09-09;07:53:10;AL  ;Minor ;EUtraNetwork=1,ExternalENodeBFunction=2221-206983;Inter Node Carrier Aggregation Service Unavailable;Elastic RAN Carrier Aggregation is not available towards remote eNodeB.
2025-09-09;13:48:15;AL  ;Major ;Synchronization=1,RadioEquipmentClock=1,RadioEquipmentClockReference=PTP;Sync PTP Time Reachability Fault;No PTP messages
2025-09-09;13:50:07;AL  ;Minor ;Synchronization=1,RadioEquipmentClock=1;Radio Clock Service in Time Holdover Mode;Time sync reference failure
2025-09-09;14:03:19;AL  ;Cleared;Synchronization=1,RadioEquipmentClock=1;Radio Clock Service in Time Holdover Mode;Time sync reference failure
2025-09-09;14:04:18;AL  ;Cleared;Synchronization=1,RadioEquipmentClock=1,RadioEquipmentClockReference=PTP;Sync PTP Time Reachability Fault;No PTP messages
2025-09-10;13:17:30;AL  ;Major ;Synchronization=1,RadioEquipmentClock=1,RadioEquipmentClockReference=PTP;Sync PTP Time Reachability Fault;No PTP messages
2025-09-10;13:19:22;AL  ;Minor ;Synchronization=1,RadioEquipmentClock=1;Radio Clock Service in Time Holdover Mode;Time sync reference failure
2025-09-10;13:22:01;AL  ;Cleared;Synchronization=1,RadioEquipmentClock=1;Radio Clock Service in Time Holdover Mode;Time sync reference failure
2025-09-10;13:23:00;AL  ;Cleared;Synchronization=1,RadioEquipmentClock=1,RadioEquipmentClockReference=PTP;Sync PTP Time Reachability Fault;No PTP messages
2025-09-10;13:24:37;AL  ;Minor ;Synchronization=1,RadioEquipmentClock=1,RadioEquipmentClockReference=SyncE;Sync Reference Quality Level Too Low;
2025-09-10;13:24:50;AL  ;Major ;Synchronization=1,RadioEquipmentClock=1,RadioEquipmentClockReference=PTP;Sync PTP Time Reachability Fault;No PTP messages
2025-09-10;13:24:51;AL  ;Cleared;Synchronization=1,RadioEquipmentClock=1,RadioEquipmentClockReference=SyncE;Sync Reference Quality Level Too Low;
2025-09-10;13:26:42;AL  ;Minor ;Synchronization=1,RadioEquipmentClock=1;Radio Clock Service in Time Holdover Mode;Time sync reference failure
2025-09-10;13:32:41;AL  ;Cleared;Synchronization=1,RadioEquipmentClock=1;Radio Clock Service in Time Holdover Mode;Time sync reference failure
2025-09-10;13:33:40;AL  ;Cleared;Synchronization=1,RadioEquipmentClock=1,RadioEquipmentClockReference=PTP;Sync PTP Time Reachability Fault;No PTP messages
2025-09-10;13:40:56;AL  ;Minor ;Synchronization=1,RadioEquipmentClock=1;Radio Clock Service in Time Holdover Mode;Time sync reference administratively locked or not configured
2025-09-10;14:07:55;AL  ;Cleared;Synchronization=1,RadioEquipmentClock=1;Radio Clock Service in Time Holdover Mode;Time sync reference administratively locked or not configured
2025-09-11;06:01:29;AL  ;Minor ;EUtraNetwork=1,ExternalENodeBFunction=2221-206973;Inter Node Carrier Aggregation Service Unavailable;Elastic RAN Carrier Aggregation is not available towards remote eNodeB.
2025-09-11;06:21:01;AL  ;Cleared;EUtraNetwork=1,ExternalENodeBFunction=2221-650068;Inter Node Feature Incompatibility;Elastic RAN feature is not activated in remote eNodeB. SUPPRESSED
2025-09-11;06:28:25;AL  ;Minor ;ENodeBFunction=1;External Link Failure;X2 link problem to one or several neighbouring eNodeBs. AI: PLMN ID-eNB ID 1 = 2221-650497
2025-09-11;06:30:35;AL  ;Minor ;ENodeBFunction=1;External Link Failure;X2 link problem to one or several neighbouring eNodeBs. AI: PLMN ID-eNB ID 1 = 2221-650497 PLMN ID-eNB ID 2 = 2221-650068
2025-09-11;06:41:41;AL  ;Minor ;ENodeBFunction=1;External Link to GNodeB Failure;X2 link problem to one or several neighbouring gNodeBs. AI: PLMN ID-gNB ID 1 = 2221-1056184
2025-09-11;06:42:27;AL  ;Minor ;ENodeBFunction=1;External Link Failure;X2 link problem to one or several neighbouring eNodeBs. AI: PLMN ID-eNB ID 1 = 2221-650497 PLMN ID-eNB ID 2 = 2221-650068 PLMN ID-eNB ID 3 = 2221-650324
2025-09-11;06:43:15;AL  ;Cleared;EUtraNetwork=1,ExternalENodeBFunction=2221-213265;Inter Node Feature Incompatibility;Elastic RAN feature is not activated in remote eNodeB. SUPPRESSED
2025-09-11;06:47:13;AL  ;Cleared;ENodeBFunction=1;External Link to GNodeB Failure;X2 link problem to one or several neighbouring gNodeBs. AI: PLMN ID-gNB ID 1 = 2221-1056184
2025-09-11;06:48:22;AL  ;Minor ;ENodeBFunction=1;External Link Failure;X2 link problem to one or several neighbouring eNodeBs. AI: PLMN ID-eNB ID 1 = 2221-650497 PLMN ID-eNB ID 2 = 2221-650068 PLMN ID-eNB ID 3 = 2221-650324 PLMN ID-eNB ID 4 = 2221-650242
2025-09-11;06:52:49;AL  ;Minor ;ENodeBFunction=1;External Link Failure;X2 link problem to one or several neighbouring eNodeBs. AI: PLMN ID-eNB ID 1 = 2221-650497 PLMN ID-eNB ID 2 = 2221-650068 PLMN ID-eNB ID 3 = 2221-650242 PLMN ID-eNB ID 4 = 2221-213265
2025-09-11;06:57:00;AL  ;Minor ;ENodeBFunction=1;External Link Failure;X2 link problem to one or several neighbouring eNodeBs. AI: PLMN ID-eNB ID 1 = 2221-650068 PLMN ID-eNB ID 2 = 2221-650242 PLMN ID-eNB ID 3 = 2221-213265
2025-09-11;07:45:54;AL  ;Minor ;ENodeBFunction=1;External Link Failure;X2 link problem to one or several neighbouring eNodeBs. AI: PLMN ID-eNB ID 1 = 2221-650242 PLMN ID-eNB ID 2 = 2221-213265
2025-09-11;11:08:55;AL  ;Cleared;ENodeBFunction=1;External Link Failure;X2 link problem to one or several neighbouring eNodeBs. AI: PLMN ID-eNB ID 1 = 2221-213265
2025-09-12;18:17:49;AL  ;Minor ;EUtraNetwork=1,ExternalENodeBFunction=2221-650031;Inter Node Carrier Aggregation Service Unavailable;Elastic RAN Carrier Aggregation is not available towards remote eNodeB.
2025-09-13;06:56:59;AL  ;Minor ;EUtraNetwork=1,ExternalENodeBFunction=2221-206984;Inter Node Carrier Aggregation Service Unavailable;Elastic RAN Carrier Aggregation is not available towards remote eNodeB.
2025-09-13;21:18:01;AL  ;Minor ;EUtraNetwork=1,ExternalENodeBFunction=2221-205970;Inter Node Carrier Aggregation Service Unavailable;Elastic RAN Carrier Aggregation is not available towards remote eNodeB.
2025-09-14;07:27:27;AL  ;Cleared;EUtraNetwork=1,ExternalENodeBFunction=2221-210526;Inter Node Carrier Aggregation Service Unavailable;Elastic RAN Carrier Aggregation is not available towards remote eNodeB.
2025-09-14;07:27:37;AL  ;Minor ;EUtraNetwork=1,ExternalENodeBFunction=2221-205984;Inter Node Carrier Aggregation Service Unavailable;Elastic RAN Carrier Aggregation is not available towards remote eNodeB.
2025-09-14;07:27:37;AL  ;Cleared;EUtraNetwork=1,ExternalENodeBFunction=2221-206973;Inter Node Carrier Aggregation Service Unavailable;Elastic RAN Carrier Aggregation is not available towards remote eNodeB.
2025-09-14;07:27:41;AL  ;Cleared;EUtraNetwork=1,ExternalENodeBFunction=2221-650031;Inter Node Carrier Aggregation Service Unavailable;Elastic RAN Carrier Aggregation is not available towards remote eNodeB.
2025-09-14;07:27:47;AL  ;Cleared;EUtraNetwork=1,ExternalENodeBFunction=2221-206983;Inter Node Carrier Aggregation Service Unavailable;Elastic RAN Carrier Aggregation is not available towards remote eNodeB.
2025-09-14;07:27:52;AL  ;Cleared;EUtraNetwork=1,ExternalENodeBFunction=2221-210527;Inter Node Carrier Aggregation Service Unavailable;Elastic RAN Carrier Aggregation is not available towards remote eNodeB.
2025-09-14;07:27:57;AL  ;Cleared;EUtraNetwork=1,ExternalENodeBFunction=2221-205985;Inter Node Carrier Aggregation Service Unavailable;Elastic RAN Carrier Aggregation is not available towards remote eNodeB.
2025-09-14;07:28:07;AL  ;Cleared;EUtraNetwork=1,ExternalENodeBFunction=2221-206984;Inter Node Carrier Aggregation Service Unavailable;Elastic RAN Carrier Aggregation is not available towards remote eNodeB.
2025-09-14;07:28:11;AL  ;Cleared;EUtraNetwork=1,ExternalENodeBFunction=2221-204910;Inter Node Carrier Aggregation Service Unavailable;Elastic RAN Carrier Aggregation is not available towards remote eNodeB.
2025-09-14;07:28:16;AL  ;Cleared;EUtraNetwork=1,ExternalENodeBFunction=2221-205970;Inter Node Carrier Aggregation Service Unavailable;Elastic RAN Carrier Aggregation is not available towards remote eNodeB.
2025-09-14;07:28:16;AL  ;Minor ;EUtraNetwork=1,ExternalENodeBFunction=2221-210527;Inter Node Carrier Aggregation Service Unavailable;Elastic RAN Carrier Aggregation is not available towards remote eNodeB.
2025-09-14;07:28:20;AL  ;Cleared;EUtraNetwork=1,ExternalENodeBFunction=2221-650036;Inter Node Carrier Aggregation Service Unavailable;Elastic RAN Carrier Aggregation is not available towards remote eNodeB.
2025-09-14;09:16:01;AL  ;Cleared;EUtraNetwork=1,ExternalENodeBFunction=2221-205984;Inter Node Carrier Aggregation Service Unavailable;Elastic RAN Carrier Aggregation is not available towards remote eNodeB.
2025-09-14;09:17:04;AL  ;Minor ;EUtraNetwork=1,ExternalENodeBFunction=2221-206919;Inter Node Carrier Aggregation Service Unavailable;Elastic RAN Carrier Aggregation is not available towards remote eNodeB.
2025-09-14;09:18:52;AL  ;Cleared;EUtraNetwork=1,ExternalENodeBFunction=2221-206919;Inter Node Carrier Aggregation Service Unavailable;Elastic RAN Carrier Aggregation is not available towards remote eNodeB.
2025-09-14;09:19:54;AL  ;Minor ;EUtraNetwork=1,ExternalENodeBFunction=2221-206919;Inter Node Carrier Aggregation Service Unavailable;Elastic RAN Carrier Aggregation is not available towards remote eNodeB.
2025-09-14;09:31:02;AL  ;Cleared;EUtraNetwork=1,ExternalENodeBFunction=2221-210527;Inter Node Carrier Aggregation Service Unavailable;Elastic RAN Carrier Aggregation is not available towards remote eNodeB.
2025-09-14;09:31:22;AL  ;Minor ;EUtraNetwork=1,ExternalENodeBFunction=2221-210526;Inter Node Carrier Aggregation Service Unavailable;Elastic RAN Carrier Aggregation is not available towards remote eNodeB.
2025-09-14;16:13:14;AL  ;Minor ;EUtraNetwork=1,ExternalENodeBFunction=2221-210527;Inter Node Carrier Aggregation Service Unavailable;Elastic RAN Carrier Aggregation is not available towards remote eNodeB.
2025-09-15;13:13:15;AL  ;Minor ;EUtraNetwork=1,ExternalENodeBFunction=2221-205985;Inter Node Carrier Aggregation Service Unavailable;Elastic RAN Carrier Aggregation is not available towards remote eNodeB.
2025-09-16;06:13:14;AL  ;Minor ;EUtraNetwork=1,ExternalENodeBFunction=2221-206973;Inter Node Carrier Aggregation Service Unavailable;Elastic RAN Carrier Aggregation is not available towards remote eNodeB.
2025-09-16;09:57:43;AL  ;Warning;ENodeBFunction=1;PLMN Service Redundancy Lost;S1 connection failure for PLMN connected with link represented by MO listed in Additional Information. AI: PLMN = ["2221"],DN1=ManagedElement=1,ENodeBFunction=1,TermPointToMme=5,
2025-09-16;09:58:13;AL  ;Cleared;ENodeBFunction=1;PLMN Service Redundancy Lost;S1 connection failure for PLMN connected with link represented by MO listed in Additional Information. AI: PLMN = ["2221"],DN1=ManagedElement=1,ENodeBFunction=1,TermPointToMme=5,
2025-09-17;15:13:15;AL  ;Minor ;EUtraNetwork=1,ExternalENodeBFunction=2221-650036;Inter Node Carrier Aggregation Service Unavailable;Elastic RAN Carrier Aggregation is not available towards remote eNodeB.
2025-09-17;16:20:57;AL  ;Cleared;EUtraNetwork=1,ExternalENodeBFunction=2221-650032;Inter Node Feature Incompatibility;Elastic RAN feature is not activated in remote eNodeB. SUPPRESSED
2025-09-17;16:29:50;AL  ;Minor ;ENodeBFunction=1;External Link Failure;X2 link problem to one or several neighbouring eNodeBs. AI: PLMN ID-eNB ID 1 = 2221-205969
2025-09-17;17:04:12;AL  ;Cleared;ENodeBFunction=1;External Link Failure;X2 link problem to one or several neighbouring eNodeBs. AI: PLMN ID-eNB ID 1 = 2221-205969 PLMN ID-eNB ID 2 = 2221-650032
2025-09-17;23:13:15;AL  ;Minor ;EUtraNetwork=1,ExternalENodeBFunction=2221-204910;Inter Node Carrier Aggregation Service Unavailable;Elastic RAN Carrier Aggregation is not available towards remote eNodeB.
2025-09-18;18:15:16;AL  ;Minor ;EUtraNetwork=1,ExternalENodeBFunction=2221-206983;Inter Node Carrier Aggregation Service Unavailable;Elastic RAN Carrier Aggregation is not available towards remote eNodeB.
2025-09-19;03:17:51;AL  ;Cleared;EUtraNetwork=1,ExternalENodeBFunction=2221-650236;Inter Node Feature Incompatibility;Elastic RAN feature is not activated in remote eNodeB. SUPPRESSED
2025-09-20;06:01:18;AL  ;Minor ;EUtraNetwork=1,ExternalENodeBFunction=2221-206984;Inter Node Carrier Aggregation Service Unavailable;Elastic RAN Carrier Aggregation is not available towards remote eNodeB.
2025-09-21;07:25:28;AL  ;Cleared;EUtraNetwork=1,ExternalENodeBFunction=2221-210526;Inter Node Carrier Aggregation Service Unavailable;Elastic RAN Carrier Aggregation is not available towards remote eNodeB.
2025-09-21;07:25:38;AL  ;Cleared;EUtraNetwork=1,ExternalENodeBFunction=2221-206973;Inter Node Carrier Aggregation Service Unavailable;Elastic RAN Carrier Aggregation is not available towards remote eNodeB.
2025-09-21;07:25:42;AL  ;Cleared;EUtraNetwork=1,ExternalENodeBFunction=2221-206983;Inter Node Carrier Aggregation Service Unavailable;Elastic RAN Carrier Aggregation is not available towards remote eNodeB.
2025-09-21;07:25:47;AL  ;Cleared;EUtraNetwork=1,ExternalENodeBFunction=2221-210527;Inter Node Carrier Aggregation Service Unavailable;Elastic RAN Carrier Aggregation is not available towards remote eNodeB.
2025-09-21;07:25:49;AL  ;Minor ;EUtraNetwork=1,ExternalENodeBFunction=2221-205984;Inter Node Carrier Aggregation Service Unavailable;Elastic RAN Carrier Aggregation is not available towards remote eNodeB.
2025-09-21;07:25:52;AL  ;Cleared;EUtraNetwork=1,ExternalENodeBFunction=2221-205985;Inter Node Carrier Aggregation Service Unavailable;Elastic RAN Carrier Aggregation is not available towards remote eNodeB.
2025-09-21;07:25:58;AL  ;Cleared;EUtraNetwork=1,ExternalENodeBFunction=2221-206984;Inter Node Carrier Aggregation Service Unavailable;Elastic RAN Carrier Aggregation is not available towards remote eNodeB.
2025-09-21;07:26:02;AL  ;Cleared;EUtraNetwork=1,ExternalENodeBFunction=2221-204910;Inter Node Carrier Aggregation Service Unavailable;Elastic RAN Carrier Aggregation is not available towards remote eNodeB.
2025-09-21;07:26:06;AL  ;Cleared;EUtraNetwork=1,ExternalENodeBFunction=2221-206919;Inter Node Carrier Aggregation Service Unavailable;Elastic RAN Carrier Aggregation is not available towards remote eNodeB.
2025-09-21;07:26:19;AL  ;Cleared;EUtraNetwork=1,ExternalENodeBFunction=2221-650036;Inter Node Carrier Aggregation Service Unavailable;Elastic RAN Carrier Aggregation is not available towards remote eNodeB.
2025-09-21;07:26:49;AL  ;Minor ;EUtraNetwork=1,ExternalENodeBFunction=2221-210527;Inter Node Carrier Aggregation Service Unavailable;Elastic RAN Carrier Aggregation is not available towards remote eNodeB.
2025-09-21;09:05:06;AL  ;Cleared;EUtraNetwork=1,ExternalENodeBFunction=2221-205984;Inter Node Carrier Aggregation Service Unavailable;Elastic RAN Carrier Aggregation is not available towards remote eNodeB.
2025-09-21;09:05:08;AL  ;Minor ;EUtraNetwork=1,ExternalENodeBFunction=2221-650031;Inter Node Carrier Aggregation Service Unavailable;Elastic RAN Carrier Aggregation is not available towards remote eNodeB.
2025-09-21;09:11:03;AL  ;Cleared;EUtraNetwork=1,ExternalENodeBFunction=2221-650031;Inter Node Carrier Aggregation Service Unavailable;Elastic RAN Carrier Aggregation is not available towards remote eNodeB.
2025-09-21;09:11:05;AL  ;Minor ;EUtraNetwork=1,ExternalENodeBFunction=2221-205984;Inter Node Carrier Aggregation Service Unavailable;Elastic RAN Carrier Aggregation is not available towards remote eNodeB.
2025-09-21;09:12:05;AL  ;Minor ;EUtraNetwork=1,ExternalENodeBFunction=2221-650031;Inter Node Carrier Aggregation Service Unavailable;Elastic RAN Carrier Aggregation is not available towards remote eNodeB.
2025-09-21;09:12:06;AL  ;Minor ;EUtraNetwork=1,ExternalENodeBFunction=2221-650193;Inter Node Carrier Aggregation Service Unavailable;Elastic RAN Carrier Aggregation is not available towards remote eNodeB.
2025-09-21;09:19:13;AL  ;Cleared;EUtraNetwork=1,ExternalENodeBFunction=2221-210527;Inter Node Carrier Aggregation Service Unavailable;Elastic RAN Carrier Aggregation is not available towards remote eNodeB.
2025-09-21;09:19:38;AL  ;Minor ;EUtraNetwork=1,ExternalENodeBFunction=2221-210526;Inter Node Carrier Aggregation Service Unavailable;Elastic RAN Carrier Aggregation is not available towards remote eNodeB.
2025-09-21;09:28:39;AL  ;Minor ;EUtraNetwork=1,ExternalENodeBFunction=2221-650033;Inter Node Carrier Aggregation Service Unavailable;Elastic RAN Carrier Aggregation is not available towards remote eNodeB.
2025-09-21;09:34:26;AL  ;Cleared;EUtraNetwork=1,ExternalENodeBFunction=2221-650193;Inter Node Carrier Aggregation Service Unavailable;Elastic RAN Carrier Aggregation is not available towards remote eNodeB.
2025-09-21;09:35:29;AL  ;Minor ;EUtraNetwork=1,ExternalENodeBFunction=2221-650193;Inter Node Carrier Aggregation Service Unavailable;Elastic RAN Carrier Aggregation is not available towards remote eNodeB.
2025-09-21;11:44:58;AL  ;Cleared;EUtraNetwork=1,ExternalENodeBFunction=2221-650033;Inter Node Carrier Aggregation Service Unavailable;Elastic RAN Carrier Aggregation is not available towards remote eNodeB.
2025-09-21;14:13:14;AL  ;Minor ;EUtraNetwork=1,ExternalENodeBFunction=2221-210527;Inter Node Carrier Aggregation Service Unavailable;Elastic RAN Carrier Aggregation is not available towards remote eNodeB.
2025-09-21;16:46:26;AL  ;Minor ;EUtraNetwork=1,ExternalENodeBFunction=2221-206919;Inter Node Carrier Aggregation Service Unavailable;Elastic RAN Carrier Aggregation is not available towards remote eNodeB.
2025-09-21;20:50:59;AL  ;Minor ;EUtraNetwork=1,ExternalENodeBFunction=2221-213265;Inter Node Feature Incompatibility;Elastic RAN feature is not activated in remote eNodeB. SUPPRESSED
2025-09-22;06:01:51;AL  ;Minor ;EUtraNetwork=1,ExternalENodeBFunction=2221-205985;Inter Node Carrier Aggregation Service Unavailable;Elastic RAN Carrier Aggregation is not available towards remote eNodeB.
2025-09-22;10:39:51;AL  ;Major ;Synchronization=1,RadioEquipmentClock=1,RadioEquipmentClockReference=PTP;Sync PTP Time Reachability Fault;No PTP messages
2025-09-22;10:41:43;AL  ;Minor ;Synchronization=1,RadioEquipmentClock=1;Radio Clock Service in Time Holdover Mode;Time sync reference failure
2025-09-22;10:55:43;AL  ;Cleared;Synchronization=1,RadioEquipmentClock=1;Radio Clock Service in Time Holdover Mode;Time sync reference failure
2025-09-22;10:56:42;AL  ;Cleared;Synchronization=1,RadioEquipmentClock=1,RadioEquipmentClockReference=PTP;Sync PTP Time Reachability Fault;No PTP messages
2025-09-22;16:13:14;AL  ;Minor ;EUtraNetwork=1,ExternalENodeBFunction=2221-650666;Inter Node Carrier Aggregation Service Unavailable;Elastic RAN Carrier Aggregation is not available towards remote eNodeB.
2025-09-23;16:44:59;AL  ;Minor ;Synchronization=1,RadioEquipmentClock=1,RadioEquipmentClockReference=SyncE;Sync Reference Quality Level Too Low;
2025-09-23;16:45:53;AL  ;Cleared;Synchronization=1,RadioEquipmentClock=1,RadioEquipmentClockReference=SyncE;Sync Reference Quality Level Too Low;
2025-09-23;16:45:54;AL  ;Major ;Synchronization=1,RadioEquipmentClock=1,RadioEquipmentClockReference=PTP;Sync PTP Time Reachability Fault;No PTP messages
2025-09-23;16:46:23;AL  ;Minor ;Synchronization=1,RadioEquipmentClock=1,RadioEquipmentClockReference=SyncE;Sync Reference Quality Level Too Low;
2025-09-23;16:46:44;AL  ;Cleared;Synchronization=1,RadioEquipmentClock=1,RadioEquipmentClockReference=SyncE;Sync Reference Quality Level Too Low;
2025-09-23;16:47:46;AL  ;Minor ;Synchronization=1,RadioEquipmentClock=1;Radio Clock Service in Time Holdover Mode;Time sync reference failure
2025-09-23;16:51:35;AL  ;Cleared;Synchronization=1,RadioEquipmentClock=1;Radio Clock Service in Time Holdover Mode;Time sync reference failure
2025-09-23;16:52:34;AL  ;Cleared;Synchronization=1,RadioEquipmentClock=1,RadioEquipmentClockReference=PTP;Sync PTP Time Reachability Fault;No PTP messages
2025-09-23;16:52:50;AL  ;Minor ;Synchronization=1,RadioEquipmentClock=1,RadioEquipmentClockReference=SyncE;Sync Reference Quality Level Too Low;
2025-09-23;16:53:44;AL  ;Cleared;Synchronization=1,RadioEquipmentClock=1,RadioEquipmentClockReference=SyncE;Sync Reference Quality Level Too Low;
2025-09-23;16:53:44;AL  ;Major ;Synchronization=1,RadioEquipmentClock=1,RadioEquipmentClockReference=PTP;Sync PTP Time Reachability Fault;No PTP messages
2025-09-23;16:55:36;AL  ;Minor ;Synchronization=1,RadioEquipmentClock=1;Radio Clock Service in Time Holdover Mode;Time sync reference failure
2025-09-23;16:58:46;AL  ;Minor ;Synchronization=1,RadioEquipmentClock=1;Radio Clock Service in Time Holdover Mode;Time sync reference failure
2025-09-23;16:58:46;AL  ;Minor ;Synchronization=1,RadioEquipmentClock=1,RadioEquipmentClockReference=SyncE;Sync Reference Quality Level Too Low;
2025-09-23;16:59:25;AL  ;Cleared;Synchronization=1,RadioEquipmentClock=1,RadioEquipmentClockReference=SyncE;Sync Reference Quality Level Too Low;
2025-09-23;17:03:15;AL  ;Cleared;Synchronization=1,RadioEquipmentClock=1;Radio Clock Service in Time Holdover Mode;Time sync reference failure
2025-09-23;17:04:14;AL  ;Cleared;Synchronization=1,RadioEquipmentClock=1,RadioEquipmentClockReference=PTP;Sync PTP Time Reachability Fault;No PTP messages
2025-09-24;08:13:14;AL  ;Minor ;EUtraNetwork=1,ExternalENodeBFunction=2221-650036;Inter Node Carrier Aggregation Service Unavailable;Elastic RAN Carrier Aggregation is not available towards remote eNodeB.
2025-09-24;12:13:14;AL  ;Minor ;EUtraNetwork=1,ExternalENodeBFunction=2221-205970;Inter Node Carrier Aggregation Service Unavailable;Elastic RAN Carrier Aggregation is not available towards remote eNodeB.
2025-09-25;19:22:01;AL  ;Minor ;EUtraNetwork=1,ExternalENodeBFunction=2221-206973;Inter Node Carrier Aggregation Service Unavailable;Elastic RAN Carrier Aggregation is not available towards remote eNodeB.
2025-09-26;13:28:14;AL  ;Minor ;ENodeBFunction=1;External Link to GNodeB Failure;X2 link problem to one or several neighbouring gNodeBs. AI: PLMN ID-gNB ID 1 = 2221-1051409
2025-09-26;13:28:17;AL  ;Minor ;ENodeBFunction=1;External Link Failure;X2 link problem to one or several neighbouring eNodeBs. AI: PLMN ID-eNB ID 1 = 2221-204754
2025-09-26;13:36:11;AL  ;Major ;Synchronization=1,RadioEquipmentClock=1,RadioEquipmentClockReference=PTP;Sync PTP Time Reachability Fault;No PTP messages
2025-09-26;13:38:03;AL  ;Minor ;Synchronization=1,RadioEquipmentClock=1;Radio Clock Service in Time Holdover Mode;Time sync reference failure
2025-09-26;13:48:47;AL  ;Cleared;EUtraNetwork=1,ExternalENodeBFunction=2221-206919;Inter Node Carrier Aggregation Service Unavailable;Elastic RAN Carrier Aggregation is not available towards remote eNodeB.
2025-09-26;13:52:14;AL  ;Minor ;Synchronization=1,RadioEquipmentClock=1;Radio Clock Service in Time Holdover Mode;Time sync reference failure
2025-09-26;13:52:14;AL  ;Minor ;Synchronization=1,RadioEquipmentClock=1,RadioEquipmentClockReference=SyncE;Sync Reference Quality Level Too Low;
2025-09-26;13:52:37;AL  ;Cleared;Synchronization=1,RadioEquipmentClock=1,RadioEquipmentClockReference=SyncE;Sync Reference Quality Level Too Low;
2025-09-26;13:54:46;AL  ;Minor ;Synchronization=1,RadioEquipmentClock=1;Radio Clock Service in Time Holdover Mode;Time sync reference failure
2025-09-26;13:54:46;AL  ;Minor ;Synchronization=1,RadioEquipmentClock=1,RadioEquipmentClockReference=SyncE;Sync Reference Quality Level Too Low;
2025-09-26;13:55:13;AL  ;Cleared;Synchronization=1,RadioEquipmentClock=1,RadioEquipmentClockReference=SyncE;Sync Reference Quality Level Too Low;
2025-09-26;14:19:46;AL  ;Cleared;Synchronization=1,RadioEquipmentClock=1;Radio Clock Service in Time Holdover Mode;Time sync reference failure
2025-09-26;14:20:45;AL  ;Cleared;Synchronization=1,RadioEquipmentClock=1,RadioEquipmentClockReference=PTP;Sync PTP Time Reachability Fault;No PTP messages
2025-09-26;14:27:57;AL  ;Minor ;Synchronization=1,RadioEquipmentClock=1;Radio Clock Service in Time Holdover Mode;Time sync reference administratively locked or not configured
2025-09-26;14:28:16;AL  ;Major ;Synchronization=1,RadioEquipmentClock=1,RadioEquipmentClockReference=PTP;Sync PTP Time Reachability Fault;No PTP messages
2025-09-26;14:51:07;AL  ;Minor ;Synchronization=1,RadioEquipmentClock=1;Radio Clock Service in Time Holdover Mode;Time sync reference administratively locked or not configured
2025-09-26;14:51:07;AL  ;Cleared;Synchronization=1,RadioEquipmentClock=1,RadioEquipmentClockReference=PTP;Sync PTP Time Reachability Fault;No PTP messages
2025-09-26;14:54:56;AL  ;Cleared;Synchronization=1,RadioEquipmentClock=1;Radio Clock Service in Time Holdover Mode;Time sync reference administratively locked or not configured
2025-09-26;14:59:59;AL  ;Minor ;EUtraNetwork=1,ExternalENodeBFunction=2221-650236;Inter Node Feature Incompatibility;Elastic RAN feature is not activated in remote eNodeB. SUPPRESSED
2025-09-26;14:59:59;AL  ;Minor ;EUtraNetwork=1,ExternalENodeBFunction=2221-650068;Inter Node Feature Incompatibility;Elastic RAN feature is not activated in remote eNodeB. SUPPRESSED
2025-09-26;14:59:59;AL  ;Minor ;EUtraNetwork=1,ExternalENodeBFunction=2221-650032;Inter Node Feature Incompatibility;Elastic RAN feature is not activated in remote eNodeB. SUPPRESSED
2025-09-26;18:48:11;AL  ;Cleared;ENodeBFunction=1;External Link Failure;X2 link problem to one or several neighbouring eNodeBs. AI: PLMN ID-eNB ID 1 = 2221-204754
2025-09-26;18:48:38;AL  ;Cleared;ENodeBFunction=1;External Link to GNodeB Failure;X2 link problem to one or several neighbouring gNodeBs. AI: PLMN ID-gNB ID 1 = 2221-1051409
2025-09-27;01:07:01;AL  ;Minor ;EUtraNetwork=1,ExternalENodeBFunction=2221-204910;Inter Node Carrier Aggregation Service Unavailable;Elastic RAN Carrier Aggregation is not available towards remote eNodeB.
2025-09-28;07:25:35;AL  ;Cleared;EUtraNetwork=1,ExternalENodeBFunction=2221-210526;Inter Node Carrier Aggregation Service Unavailable;Elastic RAN Carrier Aggregation is not available towards remote eNodeB.
2025-09-28;07:25:45;AL  ;Cleared;EUtraNetwork=1,ExternalENodeBFunction=2221-206973;Inter Node Carrier Aggregation Service Unavailable;Elastic RAN Carrier Aggregation is not available towards remote eNodeB.
2025-09-28;07:25:46;AL  ;Minor ;EUtraNetwork=1,ExternalENodeBFunction=2221-210526;Inter Node Carrier Aggregation Service Unavailable;Elastic RAN Carrier Aggregation is not available towards remote eNodeB.
2025-09-28;07:25:49;AL  ;Cleared;EUtraNetwork=1,ExternalENodeBFunction=2221-205984;Inter Node Carrier Aggregation Service Unavailable;Elastic RAN Carrier Aggregation is not available towards remote eNodeB.
2025-09-28;07:25:54;AL  ;Cleared;EUtraNetwork=1,ExternalENodeBFunction=2221-650031;Inter Node Carrier Aggregation Service Unavailable;Elastic RAN Carrier Aggregation is not available towards remote eNodeB.
2025-09-28;07:26:01;AL  ;Cleared;EUtraNetwork=1,ExternalENodeBFunction=2221-210527;Inter Node Carrier Aggregation Service Unavailable;Elastic RAN Carrier Aggregation is not available towards remote eNodeB.
2025-09-28;07:26:06;AL  ;Cleared;EUtraNetwork=1,ExternalENodeBFunction=2221-205985;Inter Node Carrier Aggregation Service Unavailable;Elastic RAN Carrier Aggregation is not available towards remote eNodeB.
2025-09-28;07:26:12;AL  ;Cleared;EUtraNetwork=1,ExternalENodeBFunction=2221-650193;Inter Node Carrier Aggregation Service Unavailable;Elastic RAN Carrier Aggregation is not available towards remote eNodeB.
2025-09-28;07:26:17;AL  ;Cleared;EUtraNetwork=1,ExternalENodeBFunction=2221-204910;Inter Node Carrier Aggregation Service Unavailable;Elastic RAN Carrier Aggregation is not available towards remote eNodeB.
2025-09-28;07:26:21;AL  ;Cleared;EUtraNetwork=1,ExternalENodeBFunction=2221-205970;Inter Node Carrier Aggregation Service Unavailable;Elastic RAN Carrier Aggregation is not available towards remote eNodeB.
2025-09-28;07:26:25;AL  ;Cleared;EUtraNetwork=1,ExternalENodeBFunction=2221-650666;Inter Node Carrier Aggregation Service Unavailable;Elastic RAN Carrier Aggregation is not available towards remote eNodeB.
2025-09-28;07:26:28;AL  ;Minor ;EUtraNetwork=1,ExternalENodeBFunction=2221-210527;Inter Node Carrier Aggregation Service Unavailable;Elastic RAN Carrier Aggregation is not available towards remote eNodeB.
2025-09-28;07:26:33;AL  ;Cleared;EUtraNetwork=1,ExternalENodeBFunction=2221-650036;Inter Node Carrier Aggregation Service Unavailable;Elastic RAN Carrier Aggregation is not available towards remote eNodeB.
2025-09-28;09:20:38;AL  ;Cleared;EUtraNetwork=1,ExternalENodeBFunction=2221-210527;Inter Node Carrier Aggregation Service Unavailable;Elastic RAN Carrier Aggregation is not available towards remote eNodeB.
2025-09-28;09:21:16;AL  ;Cleared;EUtraNetwork=1,ExternalENodeBFunction=2221-210526;Inter Node Carrier Aggregation Service Unavailable;Elastic RAN Carrier Aggregation is not available towards remote eNodeB.
2025-09-28;10:00:16;AL  ;Minor ;EUtraNetwork=1,ExternalENodeBFunction=2221-210526;Inter Node Carrier Aggregation Service Unavailable;Elastic RAN Carrier Aggregation is not available towards remote eNodeB.
2025-09-28;11:24:28;AL  ;Minor ;EUtraNetwork=1,ExternalENodeBFunction=2221-650033;Inter Node Carrier Aggregation Service Unavailable;Elastic RAN Carrier Aggregation is not available towards remote eNodeB.
2025-09-28;11:40:56;AL  ;Minor ;EUtraNetwork=1,ExternalENodeBFunction=2221-206919;Inter Node Carrier Aggregation Service Unavailable;Elastic RAN Carrier Aggregation is not available towards remote eNodeB.
2025-09-28;11:44:20;AL  ;Cleared;EUtraNetwork=1,ExternalENodeBFunction=2221-650033;Inter Node Carrier Aggregation Service Unavailable;Elastic RAN Carrier Aggregation is not available towards remote eNodeB.
2025-09-28;12:00:14;AL  ;Minor ;EUtraNetwork=1,ExternalENodeBFunction=2221-210527;Inter Node Carrier Aggregation Service Unavailable;Elastic RAN Carrier Aggregation is not available towards remote eNodeB.
2025-09-28;23:00:14;AL  ;Minor ;EUtraNetwork=1,ExternalENodeBFunction=2221-204910;Inter Node Carrier Aggregation Service Unavailable;Elastic RAN Carrier Aggregation is not available towards remote eNodeB.
2025-09-29;05:51:03;AL  ;Minor ;EUtraNetwork=1,ExternalENodeBFunction=2221-650666;Inter Node Carrier Aggregation Service Unavailable;Elastic RAN Carrier Aggregation is not available towards remote eNodeB.
2025-09-29;06:01:26;AL  ;Minor ;EUtraNetwork=1,ExternalENodeBFunction=2221-650036;Inter Node Carrier Aggregation Service Unavailable;Elastic RAN Carrier Aggregation is not available towards remote eNodeB.
2025-09-29;07:00:15;AL  ;Minor ;EUtraNetwork=1,ExternalENodeBFunction=2221-205985;Inter Node Carrier Aggregation Service Unavailable;Elastic RAN Carrier Aggregation is not available towards remote eNodeB.
2025-09-29;22:00:15;AL  ;Minor ;EUtraNetwork=1,ExternalENodeBFunction=2221-650031;Inter Node Carrier Aggregation Service Unavailable;Elastic RAN Carrier Aggregation is not available towards remote eNodeB.
2025-09-30;14:12:06;AL  ;Major ;Synchronization=1,RadioEquipmentClock=1,RadioEquipmentClockReference=PTP;Sync PTP Time Reachability Fault;No PTP messages
2025-09-30;14:13:58;AL  ;Minor ;Synchronization=1,RadioEquipmentClock=1;Radio Clock Service in Time Holdover Mode;Time sync reference failure
2025-09-30;14:22:37;AL  ;Cleared;Synchronization=1,RadioEquipmentClock=1;Radio Clock Service in Time Holdover Mode;Time sync reference failure
2025-09-30;14:23:36;AL  ;Cleared;Synchronization=1,RadioEquipmentClock=1,RadioEquipmentClockReference=PTP;Sync PTP Time Reachability Fault;No PTP messages
2025-10-01;03:51:05;AL  ;Cleared;EUtraNetwork=1,ExternalENodeBFunction=2221-650031;Inter Node Carrier Aggregation Service Unavailable;Elastic RAN Carrier Aggregation is not available towards remote eNodeB.
2025-10-01;07:23:46;AL  ;Minor ;EUtraNetwork=1,ExternalENodeBFunction=2221-650031;Inter Node Carrier Aggregation Service Unavailable;Elastic RAN Carrier Aggregation is not available towards remote eNodeB.
2025-10-03;07:41:37;AL  ;Cleared;EUtraNetwork=1,ExternalENodeBFunction=2221-650236;Inter Node Feature Incompatibility;Elastic RAN feature is not activated in remote eNodeB. SUPPRESSED
2025-10-03;07:41:46;AL  ;Cleared;EUtraNetwork=1,ExternalENodeBFunction=2221-206919;Inter Node Carrier Aggregation Service Unavailable;Elastic RAN Carrier Aggregation is not available towards remote eNodeB.
2025-10-03;07:42:42;AL  ;Minor ;EUtraNetwork=1,ExternalENodeBFunction=2221-206919;Inter Node Carrier Aggregation Service Unavailable;Elastic RAN Carrier Aggregation is not available towards remote eNodeB.
2025-10-05;07:22:33;AL  ;Cleared;EUtraNetwork=1,ExternalENodeBFunction=2221-210526;Inter Node Carrier Aggregation Service Unavailable;Elastic RAN Carrier Aggregation is not available towards remote eNodeB.
2025-10-05;07:22:42;AL  ;Cleared;EUtraNetwork=1,ExternalENodeBFunction=2221-650031;Inter Node Carrier Aggregation Service Unavailable;Elastic RAN Carrier Aggregation is not available towards remote eNodeB.
2025-10-05;07:22:44;AL  ;Minor ;EUtraNetwork=1,ExternalENodeBFunction=2221-205984;Inter Node Carrier Aggregation Service Unavailable;Elastic RAN Carrier Aggregation is not available towards remote eNodeB.
2025-10-05;07:22:48;AL  ;Cleared;EUtraNetwork=1,ExternalENodeBFunction=2221-210527;Inter Node Carrier Aggregation Service Unavailable;Elastic RAN Carrier Aggregation is not available towards remote eNodeB.
2025-10-05;07:22:53;AL  ;Cleared;EUtraNetwork=1,ExternalENodeBFunction=2221-205985;Inter Node Carrier Aggregation Service Unavailable;Elastic RAN Carrier Aggregation is not available towards remote eNodeB.
2025-10-05;07:22:57;AL  ;Minor ;EUtraNetwork=1,ExternalENodeBFunction=2221-210527;Inter Node Carrier Aggregation Service Unavailable;Elastic RAN Carrier Aggregation is not available towards remote eNodeB.
2025-10-05;07:22:59;AL  ;Cleared;EUtraNetwork=1,ExternalENodeBFunction=2221-204910;Inter Node Carrier Aggregation Service Unavailable;Elastic RAN Carrier Aggregation is not available towards remote eNodeB.
2025-10-05;07:23:04;AL  ;Cleared;EUtraNetwork=1,ExternalENodeBFunction=2221-206919;Inter Node Carrier Aggregation Service Unavailable;Elastic RAN Carrier Aggregation is not available towards remote eNodeB.
2025-10-05;07:23:09;AL  ;Cleared;EUtraNetwork=1,ExternalENodeBFunction=2221-650666;Inter Node Carrier Aggregation Service Unavailable;Elastic RAN Carrier Aggregation is not available towards remote eNodeB.
2025-10-05;07:23:17;AL  ;Cleared;EUtraNetwork=1,ExternalENodeBFunction=2221-650036;Inter Node Carrier Aggregation Service Unavailable;Elastic RAN Carrier Aggregation is not available towards remote eNodeB.
2025-10-05;08:58:19;AL  ;Cleared;EUtraNetwork=1,ExternalENodeBFunction=2221-205984;Inter Node Carrier Aggregation Service Unavailable;Elastic RAN Carrier Aggregation is not available towards remote eNodeB.
2025-10-05;09:11:24;AL  ;Cleared;EUtraNetwork=1,ExternalENodeBFunction=2221-210527;Inter Node Carrier Aggregation Service Unavailable;Elastic RAN Carrier Aggregation is not available towards remote eNodeB.
2025-10-05;09:11:51;AL  ;Minor ;EUtraNetwork=1,ExternalENodeBFunction=2221-210526;Inter Node Carrier Aggregation Service Unavailable;Elastic RAN Carrier Aggregation is not available towards remote eNodeB.
2025-10-05;11:00:17;AL  ;Minor ;EUtraNetwork=1,ExternalENodeBFunction=2221-210527;Inter Node Carrier Aggregation Service Unavailable;Elastic RAN Carrier Aggregation is not available towards remote eNodeB.
2025-10-05;15:50:57;AL  ;Cleared;EUtraNetwork=1,ExternalENodeBFunction=2221-650068;Inter Node Feature Incompatibility;Elastic RAN feature is not activated in remote eNodeB. SUPPRESSED
2025-10-05;16:00:31;AL  ;Minor ;ENodeBFunction=1;External Link Failure;X2 link problem to one or several neighbouring eNodeBs. AI: PLMN ID-eNB ID 1 = 2221-650068
2025-10-05;16:06:21;AL  ;Minor ;ENodeBFunction=1;External Link Failure;X2 link problem to one or several neighbouring eNodeBs. AI: PLMN ID-eNB ID 1 = 2221-650068 PLMN ID-eNB ID 2 = 2221-650497
2025-10-05;16:08:57;AL  ;Minor ;ENodeBFunction=1;External Link Failure;X2 link problem to one or several neighbouring eNodeBs. AI: PLMN ID-eNB ID 1 = 2221-650068 PLMN ID-eNB ID 2 = 2221-650497 PLMN ID-eNB ID 3 = 2221-650242
2025-10-05;16:11:36;AL  ;Minor ;ENodeBFunction=1;External Link Failure;X2 link problem to one or several neighbouring eNodeBs. AI: PLMN ID-eNB ID 1 = 2221-650497
2025-10-05;16:14:19;AL  ;Minor ;ENodeBFunction=1;External Link Failure;X2 link problem to one or several neighbouring eNodeBs. AI: PLMN ID-eNB ID 1 = 2221-650497 PLMN ID-eNB ID 2 = 2221-650324
2025-10-05;16:14:29;AL  ;Minor ;ENodeBFunction=1;External Link to GNodeB Failure;X2 link problem to one or several neighbouring gNodeBs. AI: PLMN ID-gNB ID 1 = 2221-1056184
2025-10-05;16:17:44;AL  ;Minor ;ENodeBFunction=1;External Link Failure;X2 link problem to one or several neighbouring eNodeBs. AI: PLMN ID-eNB ID 1 = 2221-650324
2025-10-05;16:18:42;AL  ;Cleared;ENodeBFunction=1;External Link Failure;X2 link problem to one or several neighbouring eNodeBs. AI: PLMN ID-eNB ID 1 = 2221-650324
2025-10-05;16:18:58;AL  ;Cleared;ENodeBFunction=1;External Link to GNodeB Failure;X2 link problem to one or several neighbouring gNodeBs. AI: PLMN ID-gNB ID 1 = 2221-1056184
2025-10-05;23:00:17;AL  ;Minor ;EUtraNetwork=1,ExternalENodeBFunction=2221-650666;Inter Node Carrier Aggregation Service Unavailable;Elastic RAN Carrier Aggregation is not available towards remote eNodeB.
2025-10-06;12:00:16;AL  ;Minor ;EUtraNetwork=1,ExternalENodeBFunction=2221-205985;Inter Node Carrier Aggregation Service Unavailable;Elastic RAN Carrier Aggregation is not available towards remote eNodeB.


CS60T> lgec -m 30d

251007-12:15:32+0200 19.31.5.235 25.0h MSRBS_NODE_MODEL_25.Q1_198665.224.73_bf81 stopfile=/tmp/1193950

Startdate=20250907.101532, Enddate=20251008.101532
Date;Time;Log;Severity;Object;Event;Cause;AdditionalText;AckState;Id;NotificationId;CorrelatedAlarms
Executing action Log.export()
..
Log=AlertLog                    actionId=7101
...
=================================================================================================================
MO                  actionId result      resultInfo
=================================================================================================================
LogM=1,Log=AlertLog 7101     1 (SUCCESS)           
cat  /ericsson/log/amos/moshell_logfiles/t20251007_37258710_53697/logs_moshell/tempfiles/scp-2-amos_20251007-121443_1193882/rcslogs/AlertLog_20220909__071328.log > /ericsson/log/amos/moshell_logfiles/t20251007_37258710_53697/logs_moshell/tempfiles/scp-2-amos_20251007-121443_1193882/eventLog1193950.xml
2025-09-10;14:13:03;EV  ;Warning;EUtranCellFDD=CS60E3;Cell Service Unavailable Auto Recovery Initiated Alert;
2025-09-10;14:13:03;EV  ;Warning;EUtranCellFDD=CS60T2;Cell Service Unavailable Auto Recovery Initiated Alert;
2025-09-10;14:13:03;EV  ;Warning;EUtranCellFDD=CS60T3;Cell Service Unavailable Auto Recovery Initiated Alert;
2025-09-10;14:13:03;EV  ;Warning;EUtranCellFDD=CS60E1;Cell Service Unavailable Auto Recovery Initiated Alert;
2025-09-10;14:13:03;EV  ;Warning;EUtranCellFDD=CS60E2;Cell Service Unavailable Auto Recovery Initiated Alert;
2025-09-10;14:13:08;EV  ;Warning;RiLink=S210-1;Radio Interface Connectivity Disturbance Alert;Near end port:FieldReplaceableUnit=BB-1,RiPort=A (transportType=NOT_SET) (Mixed Mode with other ME). SUPPRESSED
2025-09-10;14:13:08;EV  ;Warning;RiLink=S211-1;Radio Interface Connectivity Disturbance Alert;Near end port:FieldReplaceableUnit=BB-1,RiPort=B (transportType=NOT_SET) (Mixed Mode with other ME). SUPPRESSED
2025-09-10;14:13:08;EV  ;Warning;RiLink=S212-1;Radio Interface Connectivity Disturbance Alert;Near end port:FieldReplaceableUnit=BB-1,RiPort=C (transportType=NOT_SET) (Mixed Mode with other ME). SUPPRESSED
2025-09-10;14:13:08;EV  ;Warning;RiLink=S100-1;Radio Interface Connectivity Disturbance Alert;Near end port:FieldReplaceableUnit=BB-1,RiPort=D (transportType=NOT_SET). SUPPRESSED
2025-09-10;14:13:08;EV  ;Warning;RiLink=S102-1;Radio Interface Connectivity Disturbance Alert;Near end port:FieldReplaceableUnit=BB-1,RiPort=E (transportType=NOT_SET). SUPPRESSED
2025-09-10;14:13:13;EV  ;Warning;EUtranCellFDD=CS60E1;Cell Service Available Auto Recovery Successful Alert;
2025-09-10;14:13:13;EV  ;Warning;EUtranCellFDD=CS60E3;Cell Service Available Auto Recovery Successful Alert;
2025-09-10;14:13:13;EV  ;Warning;EUtranCellFDD=CS60E2;Cell Service Available Auto Recovery Successful Alert;
2025-09-10;14:13:14;EV  ;Warning;EUtranCellFDD=CS60T3;Cell Service Available Auto Recovery Successful Alert;
2025-09-10;14:13:16;EV  ;Warning;EUtranCellFDD=CS60T2;Cell Service Available Auto Recovery Successful Alert;
2025-09-26;15:00:03;EV  ;Warning;EUtranCellFDD=CS60E3;Cell Service Unavailable Auto Recovery Initiated Alert;
2025-09-26;15:00:03;EV  ;Warning;EUtranCellFDD=CS60T2;Cell Service Unavailable Auto Recovery Initiated Alert;
2025-09-26;15:00:03;EV  ;Warning;EUtranCellFDD=CS60T3;Cell Service Unavailable Auto Recovery Initiated Alert;
2025-09-26;15:00:03;EV  ;Warning;EUtranCellFDD=CS60E1;Cell Service Unavailable Auto Recovery Initiated Alert;
2025-09-26;15:00:03;EV  ;Warning;EUtranCellFDD=CS60E2;Cell Service Unavailable Auto Recovery Initiated Alert;
2025-09-26;15:00:09;EV  ;Warning;RiLink=S210-1;Radio Interface Connectivity Disturbance Alert;Near end port:FieldReplaceableUnit=BB-1,RiPort=A (transportType=NOT_SET) (Mixed Mode with other ME). SUPPRESSED
2025-09-26;15:00:09;EV  ;Warning;RiLink=S211-1;Radio Interface Connectivity Disturbance Alert;Near end port:FieldReplaceableUnit=BB-1,RiPort=B (transportType=NOT_SET) (Mixed Mode with other ME). SUPPRESSED
2025-09-26;15:00:09;EV  ;Warning;RiLink=S212-1;Radio Interface Connectivity Disturbance Alert;Near end port:FieldReplaceableUnit=BB-1,RiPort=C (transportType=NOT_SET) (Mixed Mode with other ME). SUPPRESSED
2025-09-26;15:00:09;EV  ;Warning;RiLink=S100-1;Radio Interface Connectivity Disturbance Alert;Near end port:FieldReplaceableUnit=BB-1,RiPort=D (transportType=NOT_SET). SUPPRESSED
2025-09-26;15:00:09;EV  ;Warning;RiLink=S102-1;Radio Interface Connectivity Disturbance Alert;Near end port:FieldReplaceableUnit=BB-1,RiPort=E (transportType=NOT_SET). SUPPRESSED
2025-09-26;15:00:14;EV  ;Warning;EUtranCellFDD=CS60E1;Cell Service Available Auto Recovery Successful Alert;
2025-09-26;15:00:14;EV  ;Warning;EUtranCellFDD=CS60E2;Cell Service Available Auto Recovery Successful Alert;
2025-09-26;15:00:14;EV  ;Warning;EUtranCellFDD=CS60T3;Cell Service Available Auto Recovery Successful Alert;
2025-09-26;15:00:18;EV  ;Warning;EUtranCellFDD=CS60T2;Cell Service Available Auto Recovery Successful Alert;

Bye...
Output has been logged to file /mta_fs/UserFiles/37258710/amosbatch/2025-10-07_11-07-01_53697/CS60T.log
