Logging to file /mta_fs/UserFiles/37258710/amosbatch/2025-10-07_11-07-01_53697/CS7EE.log
                        __  __  ____   _____
                  /\   |  \/  |/ __ \ / ____|
                 /  \  | \  / | |  | | (___  
                / /\ \ | |\/| | |  | |\___ \ 
               / ____ \| |  | | |__| |____) |
              /_/    \_\_|  |_|\____/|_____/
              OSS Framework for MoShell-25.0h 
  Copyright (c) Ericsson AB 2001-2025 - All Rights Reserved
              
           
[1;31mWARNING: [0mthe AMOS version currently running is more than 22 weeks old and is unsupported.
Please upgrade as soon as possible to the latest released version, available from your local Ericsson support.

$amosrb_pid = 1268487

Checking ip contact...OK

HELP MENU            : h
BASIC MO COMMANDS    : m
OTHER MO COMMANDS    : n
OTHER COMMANDS       : o
PM COMMANDS          : p
QUIT                 : q

CS7EE> lt all

251007-12:24:43+0200 19.31.2.223 25.0h  stopfile=/tmp/1268325
Looking up temporary_amos account... OK.
Trying temporary_amos_t20251007_37258710_53697_313's password from amos lookupAccount ... OK

$ssh_pid = 1269597

Connected to 19.31.2.223 (SubNetwork=BBMM_rckomc_R,MeContext=CS7EE,ManagedElement=CS7EE)

Checking MOM version...MSRBS_NODE_MODEL_25.Q1_198665.224.73_bf81
Parsing MOM (cached): /ericsson/log/amos/moshell_logfiles/t20251007_37258710_53697/logs_moshell/tempfiles/scp-2-amos_20251007-122436_1268253/MSRBS_NODE_MODEL_25.Q1_198665.224.73_bf81.xml.cache.gz ......................................................................................................................................................................................................................Done.
Using paramfile /opt/ericsson/amos/moshell/commonjars/pm/PARAM_MSRBSG2_25.Q1.txt
Parsing file /opt/ericsson/amos/moshell/commonjars/pm/PARAM_MSRBSG2_25.Q1.txt ......................................................................................Done.
Using imomdfile /opt/ericsson/amos/moshell/commonjars/pm/IMOMD_MSRBS_22.Q4.txt
Using imomfile /opt/ericsson/amos/moshell/commonjars/pm/IMOM_MSRBS_25.Q1.txt
Connected to 19.31.2.223 (SubNetwork=BBMM_rckomc_R,MeContext=CS7EE,ManagedElement=CS7EE)

Last MO: 17747. Loaded 17747 MOs. Total: 17748 MOs.

CS7EE> hget EUtranCellFDD ^cellid

251007-12:25:02+0200 19.31.2.223 25.0h MSRBS_NODE_MODEL_25.Q1_198665.224.73_bf81 stopfile=/tmp/1268325
.
=================================================================================================================
MO                   cellId
=================================================================================================================
EUtranCellFDD=CS7EE1 61    
EUtranCellFDD=CS7EE2 62    
EUtranCellFDD=CS7EE3 63    
EUtranCellFDD=CS7EM1 31    
EUtranCellFDD=CS7EM2 32    
EUtranCellFDD=CS7EM3 33    
EUtranCellFDD=CS7ET1 41    
EUtranCellFDD=CS7ET2 42    
EUtranCellFDD=CS7ET3 43    
=================================================================================================================
Total: 9 MOs

Added 9 MOs to group: hget_group

CS7EE> hget NbIotCell ^cellid

251007-12:25:03+0200 19.31.2.223 25.0h MSRBS_NODE_MODEL_25.Q1_198665.224.73_bf81 stopfile=/tmp/1268325
.
=================================================================================================================
MO               cellId
=================================================================================================================
NbIotCell=CS7EN1 161   
NbIotCell=CS7EN2 162   
NbIotCell=CS7EN3 163   
=================================================================================================================
Total: 3 MOs

Added 3 MOs to group: hget_group

CS7EE> hget NRCellDU ^cellLocalId

251007-12:25:03+0200 19.31.2.223 25.0h MSRBS_NODE_MODEL_25.Q1_198665.224.73_bf81 stopfile=/tmp/1268325
Total: 0 MOs

CS7EE> lgdc -m 30d

251007-12:25:03+0200 19.31.2.223 25.0h MSRBS_NODE_MODEL_25.Q1_198665.224.73_bf81 stopfile=/tmp/1268325

Startdate=20250907.102503, Enddate=20251008.102504
INFO: Using amos lookupAccount credentials for the export login

Executing action LogM.exportAvailabilityLog()
...LogM=1,exportAvailabilityLog    actionId=7834
......
=================================================================================================================
MO     actionId result      resultInfo
=================================================================================================================
LogM=1 7834     1 (SUCCESS)           
cp /ericsson/log/amos/moshell_logfiles/t20251007_37258710_53697/logs_moshell/tempfiles/scp-2-amos_20251007-122436_1268253/rcslogs/RBS_CS_AVAILABILITY_LOG_20251007102508.xml /ericsson/log/amos/moshell_logfiles/t20251007_37258710_53697/logs_moshell/tempfiles/scp-2-amos_20251007-122436_1268253/availabilityLog1268325.xml
Parsing availabilityLog........Done.
.....
Date;Time;RestartType;SwVersion;SwRelease;RCSDowntime;ApplicationDowntime;TNDowntime;RATsDowntime;ExtraInfo;ExtraInfo2
2025-09-08;07:15:12;PartialOutage(Manual);11% Lrat Cell 43; ();9s;;;;;
2025-09-08;07:15:27;PartialOutage(Manual);11% Lrat Cell 42; ();13s;;;;;
2025-09-08;07:15:41;PartialOutage(Manual);11% Lrat Cell 41; ();9s;;;;;
2025-09-08;07:15:52;PartialOutage(Manual);11% Lrat Cell 32; ();12s;;;;;
2025-09-08;07:16:04;PartialOutage(Manual);11% Lrat Cell 32 33; ();1s;;;;;
2025-09-08;07:16:05;PartialOutage(Manual);11% Lrat Cell 33; ();15s;;;;;
2025-09-08;07:16:23;PartialOutage(Manual);33% Lrat Cell 163; ();3s;;;;;
2025-09-08;07:16:26;PartialOutage(Manual);11% Lrat Cell 63; ();8s;;;;;
2025-09-08;07:16:38;PartialOutage(Manual);33% Lrat Cell 162 163; ();1s;;;;;
2025-09-08;07:16:39;PartialOutage(Manual);11% Lrat Cell 62; ();8s;;;;;
2025-09-08;07:16:52;PartialOutage(Manual);50% Lrat Cell 161 162 163; ();1s;;;;;
2025-09-08;07:16:53;PartialOutage(Manual);11% Lrat Cell 61; ();3s;;;;;
2025-09-08;07:16:56;PartialOutage(Manual);50% Lrat Cell 161 162; ();7s;;;;;
2025-09-08;07:17:08;PartialOutage(Manual);8% Lrat Cell 31; ();2s;;;;;
2025-09-08;07:17:10;PartialOutage(Manual);58% Lrat Cell 161; ();10s;;;;;
2025-09-11;06:03:30;PartialOutage(System);100% Lrat Cell 161 162 163; ();4296s (1h11m);;;;;
2025-09-11;07:15:06;PartialOutage(Transmission);100% Lrat Cell 31 32 41 42 43; ();1s;;;;;
2025-09-11;07:15:07;PartialOutage(Transmission);100% Lrat Cell 31 32 41; ();1s;;;;;
2025-09-17;17:03:55;PartialOutage(System);33% Lrat Cell 163; ();1s;;;;;
2025-09-17;17:03:56;PartialOutage(System);100% Lrat Cell 161 162 163; ();26s;;;;;
2025-09-17;17:04:22;PartialOutage(System);100% Lrat Cell 161; ();1s;;;;;
2025-09-17;17:04:23;PartialOutage(Transmission);100% Lrat Cell 31 32 41 42; ();1s;;;;;
2025-10-05;15:26:24;PartialOutage(System);100% Lrat Cell 161 162 163; ();27s;;;;;
2025-10-05;15:26:51;PartialOutage(System);100% Lrat Cell 61 31 32 33 41 42 43; ();1s;;;;;
2025-10-05;15:26:52;PartialOutage(Transmission);100% Lrat Cell 31 32 41 42; ();1s;;;;;
2025-10-05;15:36:25;PartialOutage(System);100% Lrat Cell 161 162 163; ();1970s (32m50s);;;;;
2025-10-05;16:09:15;PartialOutage(System);100% Lrat Cell 161 162; ();1s;;;;;
2025-10-05;16:09:16;PartialOutage(Transmission);100% Lrat Cell 31 32 33 41 42; ();1s;;;;;
2025-10-05;16:09:17;PartialOutage(Transmission);100% Lrat Cell 31; ();1s;;;;;
2025-10-05;17:05:12;PartialOutage(Transmission);78% Lrat Cell 63 31 32 33 41 42 43; ();1s;;;;;
2025-10-05;17:05:13;PartialOutage(System);100% Lrat Cell 161 162 163; ();209s (3m29s);;;;;
2025-10-05;17:08:43;PartialOutage(Transmission);100% Lrat Cell 31 32 41 42; ();1s;;;;;

Node uptime since last restart: 148591 seconds (1 days, 17 hours, 16 minutes, 31 seconds)
------------------------------------------------------------------------------------------------------
Period=30 days       NodeUpgrade      NodeManual       NodeSpontaneous  AllNodeRestarts  PartialOutages  
------------------------------------------------------------------------------------------------------
Number Of outages    0                0                0                0                32              
Total downtime       0s               0s               0s               0s               6642s (1h50m)   
Downtime per day     0s               0s               0s               0s               221s (3m41s)    
Downtime per outage  0s               0s               0s               0s               208s (3m28s)    

CS7EE> lgac -m 30d

251007-12:25:15+0200 19.31.2.223 25.0h MSRBS_NODE_MODEL_25.Q1_198665.224.73_bf81 stopfile=/tmp/1268325

Startdate=20250907.102515, Enddate=20251008.102516
Date;Time;Log;Severity;Object;Event;Cause;AdditionalText;AckState;Id;NotificationId;CorrelatedAlarms
Executing action Log.export()
..
Log=AlarmLog                    actionId=7835
..........
=================================================================================================================
MO                  actionId result      resultInfo
=================================================================================================================
LogM=1,Log=AlarmLog 7835     1 (SUCCESS)           
cat  /ericsson/log/amos/moshell_logfiles/t20251007_37258710_53697/logs_moshell/tempfiles/scp-2-amos_20251007-122436_1268253/rcslogs/saLogAlarm_20240123__070211_20240711__164549.log /ericsson/log/amos/moshell_logfiles/t20251007_37258710_53697/logs_moshell/tempfiles/scp-2-amos_20251007-122436_1268253/rcslogs/saLogAlarm_20240711__164549_20241115__095834.log /ericsson/log/amos/moshell_logfiles/t20251007_37258710_53697/logs_moshell/tempfiles/scp-2-amos_20251007-122436_1268253/rcslogs/saLogAlarm_20241115__095834.log > /ericsson/log/amos/moshell_logfiles/t20251007_37258710_53697/logs_moshell/tempfiles/scp-2-amos_20251007-122436_1268253/alarmLog1268325.xml
2025-09-10;23:44:51;AL  ;Minor ;ENodeBFunction=1;External Link Failure;X2 link problem to one or several neighbouring eNodeBs. AI: PLMN ID-eNB ID 1 = 2221-650499
2025-09-11;06:03:25;AL  ;Warning;ENodeBFunction=1;PLMN Service Redundancy Lost;S1 connection failure for PLMN connected with link represented by MO listed in Additional Information. AI: PLMN = ["2221"],DN1=ManagedElement=1,ENodeBFunction=1,TermPointToMme=5,DN2=ManagedElement=1,ENodeBFunction=1,TermPointToMme=4,DN3=ManagedElement=1,ENodeBFunction=1,TermPointToMme=3,DN4=ManagedElement=1,ENodeBFunction=1,TermPointToMme=1,
2025-09-11;06:03:30;AL  ;Cleared;ENodeBFunction=1;PLMN Service Redundancy Lost;S1 connection failure for PLMN connected with link represented by MO listed in Additional Information. AI: PLMN = ["2221"],DN1=ManagedElement=1,ENodeBFunction=1,TermPointToMme=5,DN2=ManagedElement=1,ENodeBFunction=1,TermPointToMme=4,DN3=ManagedElement=1,ENodeBFunction=1,TermPointToMme=3,DN4=ManagedElement=1,ENodeBFunction=1,TermPointToMme=1,
2025-09-11;06:03:30;AL  ;Minor ;ENodeBFunction=1;PLMN Service Unavailable;S1 Connection Failure for PLMNs listed in Additional Information. AI: PLMN = ["2221"],
2025-09-11;06:03:30;AL  ;Major ;EUtranCellFDD=CS7ET3;Service Unavailable;This is a secondary alarm, use alarm correlation information in Additional Information to find primary alarm.
2025-09-11;06:03:30;AL  ;Major ;EUtranCellFDD=CS7ET2;Service Unavailable;This is a secondary alarm, use alarm correlation information in Additional Information to find primary alarm.
2025-09-11;06:03:30;AL  ;Major ;EUtranCellFDD=CS7ET1;Service Unavailable;This is a secondary alarm, use alarm correlation information in Additional Information to find primary alarm.
2025-09-11;06:03:30;AL  ;Major ;EUtranCellFDD=CS7EM3;Service Unavailable;This is a secondary alarm, use alarm correlation information in Additional Information to find primary alarm.
2025-09-11;06:03:30;AL  ;Major ;EUtranCellFDD=CS7EM2;Service Unavailable;This is a secondary alarm, use alarm correlation information in Additional Information to find primary alarm.
2025-09-11;06:03:30;AL  ;Major ;EUtranCellFDD=CS7EM1;Service Unavailable;This is a secondary alarm, use alarm correlation information in Additional Information to find primary alarm.
2025-09-11;06:03:30;AL  ;Major ;EUtranCellFDD=CS7EE3;Service Unavailable;This is a secondary alarm, use alarm correlation information in Additional Information to find primary alarm.
2025-09-11;06:03:30;AL  ;Major ;EUtranCellFDD=CS7EE2;Service Unavailable;This is a secondary alarm, use alarm correlation information in Additional Information to find primary alarm.
2025-09-11;06:03:30;AL  ;Major ;EUtranCellFDD=CS7EE1;Service Unavailable;This is a secondary alarm, use alarm correlation information in Additional Information to find primary alarm.
2025-09-11;06:03:30;AL  ;Major ;NbIotCell=CS7EN3;Service Unavailable;This is a secondary alarm, use alarm correlation information in Additional Information to find primary alarm.
2025-09-11;06:03:30;AL  ;Major ;NbIotCell=CS7EN2;Service Unavailable;This is a secondary alarm, use alarm correlation information in Additional Information to find primary alarm.
2025-09-11;06:03:30;AL  ;Major ;NbIotCell=CS7EN1;Service Unavailable;This is a secondary alarm, use alarm correlation information in Additional Information to find primary alarm.
2025-09-11;06:04:11;AL  ;Major ;Synchronization=1,RadioEquipmentClock=1,RadioEquipmentClockReference=PTP8275_2;Sync PTP Time Reachability Fault;No PTP messages, No granted service from PTP grandmaster
2025-09-11;07:15:04;AL  ;Warning;ENodeBFunction=1;PLMN Service Redundancy Lost;S1 connection failure for PLMN connected with link represented by MO listed in Additional Information. AI: PLMN = ["2221"],DN1=ManagedElement=1,ENodeBFunction=1,TermPointToMme=2,
2025-09-11;07:15:04;AL  ;Cleared;ENodeBFunction=1;PLMN Service Unavailable;S1 Connection Failure for PLMNs listed in Additional Information. AI: PLMN = ["2221"],
2025-09-11;07:15:05;AL  ;Cleared;EUtranCellFDD=CS7ET3;Service Unavailable;This is a secondary alarm, use alarm correlation information in Additional Information to find primary alarm.
2025-09-11;07:15:05;AL  ;Cleared;EUtranCellFDD=CS7ET2;Service Unavailable;This is a secondary alarm, use alarm correlation information in Additional Information to find primary alarm.
2025-09-11;07:15:05;AL  ;Cleared;EUtranCellFDD=CS7ET1;Service Unavailable;This is a secondary alarm, use alarm correlation information in Additional Information to find primary alarm.
2025-09-11;07:15:05;AL  ;Cleared;EUtranCellFDD=CS7EM3;Service Unavailable;This is a secondary alarm, use alarm correlation information in Additional Information to find primary alarm.
2025-09-11;07:15:05;AL  ;Cleared;EUtranCellFDD=CS7EM1;Service Unavailable;This is a secondary alarm, use alarm correlation information in Additional Information to find primary alarm.
2025-09-11;07:15:05;AL  ;Cleared;EUtranCellFDD=CS7EE3;Service Unavailable;This is a secondary alarm, use alarm correlation information in Additional Information to find primary alarm.
2025-09-11;07:15:05;AL  ;Cleared;EUtranCellFDD=CS7EM2;Service Unavailable;This is a secondary alarm, use alarm correlation information in Additional Information to find primary alarm.
2025-09-11;07:15:05;AL  ;Cleared;EUtranCellFDD=CS7EE2;Service Unavailable;This is a secondary alarm, use alarm correlation information in Additional Information to find primary alarm.
2025-09-11;07:15:05;AL  ;Cleared;EUtranCellFDD=CS7EE1;Service Unavailable;This is a secondary alarm, use alarm correlation information in Additional Information to find primary alarm.
2025-09-11;07:15:05;AL  ;Cleared;NbIotCell=CS7EN3;Service Unavailable;This is a secondary alarm, use alarm correlation information in Additional Information to find primary alarm.
2025-09-11;07:15:05;AL  ;Cleared;NbIotCell=CS7EN2;Service Unavailable;This is a secondary alarm, use alarm correlation information in Additional Information to find primary alarm.
2025-09-11;07:15:05;AL  ;Cleared;NbIotCell=CS7EN1;Service Unavailable;This is a secondary alarm, use alarm correlation information in Additional Information to find primary alarm.
2025-09-11;07:15:09;AL  ;Cleared;ENodeBFunction=1;PLMN Service Redundancy Lost;S1 connection failure for PLMN connected with link represented by MO listed in Additional Information. AI: PLMN = ["2221"],DN1=ManagedElement=1,ENodeBFunction=1,TermPointToMme=2,
2025-09-11;07:17:00;AL  ;Cleared;Synchronization=1,RadioEquipmentClock=1,RadioEquipmentClockReference=PTP8275_2;Sync PTP Time Reachability Fault;No granted service from PTP grandmaster
2025-09-11;07:24:01;AL  ;Minor ;ENodeBFunction=1;External Link Failure;X2 link problem to one or several neighbouring eNodeBs. AI: PLMN ID-eNB ID 1 = 2221-650499 PLMN ID-eNB ID 2 = 2221-650464 PLMN ID-eNB ID 3 = 2221-600452
2025-09-11;09:53:54;AL  ;Minor ;ENodeBFunction=1;External Link Failure;X2 link problem to one or several neighbouring eNodeBs. AI: PLMN ID-eNB ID 1 = 2221-650464 PLMN ID-eNB ID 2 = 2221-600452 PLMN ID-eNB ID 3 = 2221-300952
2025-09-11;10:33:42;AL  ;Minor ;ENodeBFunction=1;External Link Failure;X2 link problem to one or several neighbouring eNodeBs. AI: PLMN ID-eNB ID 1 = 2221-650464 PLMN ID-eNB ID 2 = 2221-600452 PLMN ID-eNB ID 3 = 2221-300952 PLMN ID-eNB ID 4 = 2221-650474
2025-09-11;13:29:03;AL  ;Minor ;ENodeBFunction=1;External Link Failure;X2 link problem to one or several neighbouring eNodeBs. AI: PLMN ID-eNB ID 1 = 2221-650464 PLMN ID-eNB ID 2 = 2221-600452 PLMN ID-eNB ID 3 = 2221-300952
2025-09-12;12:42:26;AL  ;Major ;Synchronization=1,RadioEquipmentClock=1,RadioEquipmentClockReference=PTP8275_2;Sync PTP Time PDV Problem;High PDV detected on PTP messages
2025-09-12;13:43:30;AL  ;Cleared;Synchronization=1,RadioEquipmentClock=1,RadioEquipmentClockReference=PTP8275_2;Sync PTP Time PDV Problem;High PDV detected on PTP messages
2025-09-12;20:55:42;AL  ;Minor ;ENodeBFunction=1;External Link Failure;X2 link problem to one or several neighbouring eNodeBs. AI: PLMN ID-eNB ID 1 = 2221-650464 PLMN ID-eNB ID 2 = 2221-600452 PLMN ID-eNB ID 3 = 2221-300952 PLMN ID-eNB ID 4 = 2221-209401 PLMN ID-eNB ID 5 = 2221-650562
2025-09-13;09:20:34;AL  ;Minor ;ENodeBFunction=1;External Link Failure;X2 link problem to one or several neighbouring eNodeBs. AI: PLMN ID-eNB ID 1 = 2221-650464 PLMN ID-eNB ID 2 = 2221-600452 PLMN ID-eNB ID 3 = 2221-300952
2025-09-14;07:36:36;AL  ;Cleared;ENodeBFunction=1;External Link Failure;X2 link problem to one or several neighbouring eNodeBs. AI: PLMN ID-eNB ID 1 = 2221-650464 PLMN ID-eNB ID 2 = 2221-600452 PLMN ID-eNB ID 3 = 2221-300952
2025-09-16;09:53:45;AL  ;Warning;ENodeBFunction=1;PLMN Service Redundancy Lost;S1 connection failure for PLMN connected with link represented by MO listed in Additional Information. AI: PLMN = ["2221"],DN1=ManagedElement=1,ENodeBFunction=1,TermPointToMme=5,
2025-09-16;09:56:46;AL  ;Cleared;ENodeBFunction=1;PLMN Service Redundancy Lost;S1 connection failure for PLMN connected with link represented by MO listed in Additional Information. AI: PLMN = ["2221"],DN1=ManagedElement=1,ENodeBFunction=1,TermPointToMme=5,
2025-09-16;10:02:26;AL  ;Warning;ENodeBFunction=1;PLMN Service Redundancy Lost;S1 connection failure for PLMN connected with link represented by MO listed in Additional Information. AI: PLMN = ["2221"],DN1=ManagedElement=1,ENodeBFunction=1,TermPointToMme=5,
2025-09-16;10:02:56;AL  ;Cleared;ENodeBFunction=1;PLMN Service Redundancy Lost;S1 connection failure for PLMN connected with link represented by MO listed in Additional Information. AI: PLMN = ["2221"],DN1=ManagedElement=1,ENodeBFunction=1,TermPointToMme=5,
2025-09-16;20:08:48;AL  ;Major ;Synchronization=1,RadioEquipmentClock=1,RadioEquipmentClockReference=PTP8275_2;Sync PTP Time PDV Problem;High PDV detected on PTP messages
2025-09-16;21:26:32;AL  ;Cleared;Synchronization=1,RadioEquipmentClock=1,RadioEquipmentClockReference=PTP8275_2;Sync PTP Time PDV Problem;High PDV detected on PTP messages
2025-09-17;17:03:51;AL  ;Warning;ENodeBFunction=1;PLMN Service Redundancy Lost;S1 connection failure for PLMN connected with link represented by MO listed in Additional Information. AI: PLMN = ["2221"],DN1=ManagedElement=1,ENodeBFunction=1,TermPointToMme=5,DN2=ManagedElement=1,ENodeBFunction=1,TermPointToMme=4,DN3=ManagedElement=1,ENodeBFunction=1,TermPointToMme=3,DN4=ManagedElement=1,ENodeBFunction=1,TermPointToMme=1,
2025-09-17;17:03:55;AL  ;Cleared;ENodeBFunction=1;PLMN Service Redundancy Lost;S1 connection failure for PLMN connected with link represented by MO listed in Additional Information. AI: PLMN = ["2221"],DN1=ManagedElement=1,ENodeBFunction=1,TermPointToMme=5,DN2=ManagedElement=1,ENodeBFunction=1,TermPointToMme=4,DN3=ManagedElement=1,ENodeBFunction=1,TermPointToMme=3,DN4=ManagedElement=1,ENodeBFunction=1,TermPointToMme=1,
2025-09-17;17:03:55;AL  ;Minor ;ENodeBFunction=1;PLMN Service Unavailable;S1 Connection Failure for PLMNs listed in Additional Information. AI: PLMN = ["2221"],
2025-09-17;17:03:55;AL  ;Major ;EUtranCellFDD=CS7ET3;Service Unavailable;This is a secondary alarm, use alarm correlation information in Additional Information to find primary alarm.
2025-09-17;17:03:55;AL  ;Major ;EUtranCellFDD=CS7ET2;Service Unavailable;This is a secondary alarm, use alarm correlation information in Additional Information to find primary alarm.
2025-09-17;17:03:55;AL  ;Major ;EUtranCellFDD=CS7ET1;Service Unavailable;This is a secondary alarm, use alarm correlation information in Additional Information to find primary alarm.
2025-09-17;17:03:55;AL  ;Major ;EUtranCellFDD=CS7EM3;Service Unavailable;This is a secondary alarm, use alarm correlation information in Additional Information to find primary alarm.
2025-09-17;17:03:55;AL  ;Major ;EUtranCellFDD=CS7EM2;Service Unavailable;This is a secondary alarm, use alarm correlation information in Additional Information to find primary alarm.
2025-09-17;17:03:55;AL  ;Major ;EUtranCellFDD=CS7EM1;Service Unavailable;This is a secondary alarm, use alarm correlation information in Additional Information to find primary alarm.
2025-09-17;17:03:55;AL  ;Major ;EUtranCellFDD=CS7EE3;Service Unavailable;This is a secondary alarm, use alarm correlation information in Additional Information to find primary alarm.
2025-09-17;17:03:55;AL  ;Major ;EUtranCellFDD=CS7EE2;Service Unavailable;This is a secondary alarm, use alarm correlation information in Additional Information to find primary alarm.
2025-09-17;17:03:55;AL  ;Major ;EUtranCellFDD=CS7EE1;Service Unavailable;This is a secondary alarm, use alarm correlation information in Additional Information to find primary alarm.
2025-09-17;17:03:55;AL  ;Major ;NbIotCell=CS7EN3;Service Unavailable;This is a secondary alarm, use alarm correlation information in Additional Information to find primary alarm.
2025-09-17;17:03:55;AL  ;Major ;NbIotCell=CS7EN2;Service Unavailable;This is a secondary alarm, use alarm correlation information in Additional Information to find primary alarm.
2025-09-17;17:03:55;AL  ;Major ;NbIotCell=CS7EN1;Service Unavailable;This is a secondary alarm, use alarm correlation information in Additional Information to find primary alarm.
2025-09-17;17:04:21;AL  ;Warning;ENodeBFunction=1;PLMN Service Redundancy Lost;S1 connection failure for PLMN connected with link represented by MO listed in Additional Information. AI: PLMN = ["2221"],DN1=ManagedElement=1,ENodeBFunction=1,TermPointToMme=3,DN2=ManagedElement=1,ENodeBFunction=1,TermPointToMme=2,
2025-09-17;17:04:21;AL  ;Cleared;ENodeBFunction=1;PLMN Service Unavailable;S1 Connection Failure for PLMNs listed in Additional Information. AI: PLMN = ["2221"],
2025-09-17;17:04:21;AL  ;Cleared;EUtranCellFDD=CS7ET3;Service Unavailable;This is a secondary alarm, use alarm correlation information in Additional Information to find primary alarm.
2025-09-17;17:04:21;AL  ;Cleared;EUtranCellFDD=CS7ET2;Service Unavailable;This is a secondary alarm, use alarm correlation information in Additional Information to find primary alarm.
2025-09-17;17:04:21;AL  ;Cleared;EUtranCellFDD=CS7ET1;Service Unavailable;This is a secondary alarm, use alarm correlation information in Additional Information to find primary alarm.
2025-09-17;17:04:21;AL  ;Cleared;EUtranCellFDD=CS7EM3;Service Unavailable;This is a secondary alarm, use alarm correlation information in Additional Information to find primary alarm.
2025-09-17;17:04:21;AL  ;Cleared;EUtranCellFDD=CS7EM2;Service Unavailable;This is a secondary alarm, use alarm correlation information in Additional Information to find primary alarm.
2025-09-17;17:04:21;AL  ;Cleared;EUtranCellFDD=CS7EM1;Service Unavailable;This is a secondary alarm, use alarm correlation information in Additional Information to find primary alarm.
2025-09-17;17:04:21;AL  ;Cleared;EUtranCellFDD=CS7EE3;Service Unavailable;This is a secondary alarm, use alarm correlation information in Additional Information to find primary alarm.
2025-09-17;17:04:21;AL  ;Cleared;EUtranCellFDD=CS7EE2;Service Unavailable;This is a secondary alarm, use alarm correlation information in Additional Information to find primary alarm.
2025-09-17;17:04:21;AL  ;Cleared;EUtranCellFDD=CS7EE1;Service Unavailable;This is a secondary alarm, use alarm correlation information in Additional Information to find primary alarm.
2025-09-17;17:04:21;AL  ;Cleared;NbIotCell=CS7EN3;Service Unavailable;This is a secondary alarm, use alarm correlation information in Additional Information to find primary alarm.
2025-09-17;17:04:21;AL  ;Cleared;NbIotCell=CS7EN2;Service Unavailable;This is a secondary alarm, use alarm correlation information in Additional Information to find primary alarm.
2025-09-17;17:04:21;AL  ;Cleared;NbIotCell=CS7EN1;Service Unavailable;This is a secondary alarm, use alarm correlation information in Additional Information to find primary alarm.
2025-09-17;17:04:54;AL  ;Cleared;ENodeBFunction=1;PLMN Service Redundancy Lost;S1 connection failure for PLMN connected with link represented by MO listed in Additional Information. AI: PLMN = ["2221"],DN1=ManagedElement=1,ENodeBFunction=1,TermPointToMme=3,
2025-09-17;20:15:21;AL  ;Major ;Synchronization=1,RadioEquipmentClock=1,RadioEquipmentClockReference=PTP8275_2;Sync PTP Time PDV Problem;High PDV detected on PTP messages
2025-09-17;22:20:07;AL  ;Cleared;Synchronization=1,RadioEquipmentClock=1,RadioEquipmentClockReference=PTP8275_2;Sync PTP Time PDV Problem;High PDV detected on PTP messages
2025-09-18;23:03:51;AL  ;Minor ;ENodeBFunction=1;External Link to GNodeB Failure;X2 link problem to one or several neighbouring gNodeBs. AI: PLMN ID-gNB ID 1 = 2221-1057136
2025-09-18;23:03:55;AL  ;Minor ;ENodeBFunction=1;External Link Failure;X2 link problem to one or several neighbouring eNodeBs. AI: PLMN ID-eNB ID 1 = 2221-210525
2025-09-18;23:12:32;AL  ;Cleared;ENodeBFunction=1;External Link to GNodeB Failure;X2 link problem to one or several neighbouring gNodeBs. AI: PLMN ID-gNB ID 1 = 2221-1057136
2025-09-18;23:12:55;AL  ;Cleared;ENodeBFunction=1;External Link Failure;X2 link problem to one or several neighbouring eNodeBs. AI: PLMN ID-eNB ID 1 = 2221-210525
2025-09-19;08:10:08;AL  ;Minor ;ENodeBFunction=1;External Link Failure;X2 link problem to one or several neighbouring eNodeBs. AI: PLMN ID-eNB ID 1 = 2221-206063 PLMN ID-eNB ID 2 = 2221-650133
2025-09-19;09:07:59;AL  ;Minor ;ENodeBFunction=1;External Link Failure;X2 link problem to one or several neighbouring eNodeBs. AI: PLMN ID-eNB ID 1 = 2221-650133
2025-09-19;09:08:24;AL  ;Cleared;ENodeBFunction=1;External Link Failure;X2 link problem to one or several neighbouring eNodeBs. AI: PLMN ID-eNB ID 1 = 2221-650133
2025-09-19;15:31:46;AL  ;Minor ;ENodeBFunction=1;External Link Failure;X2 link problem to one or several neighbouring eNodeBs. AI: PLMN ID-eNB ID 1 = 2221-213604
2025-09-21;01:33:09;AL  ;Cleared;ENodeBFunction=1;External Link Failure;X2 link problem to one or several neighbouring eNodeBs. AI: PLMN ID-eNB ID 1 = 2221-213604
2025-09-22;00:55:44;AL  ;Minor ;ENodeBFunction=1;External Link Failure;X2 link problem to one or several neighbouring eNodeBs. AI: PLMN ID-eNB ID 1 = 2221-650148
2025-09-22;00:57:49;AL  ;Cleared;ENodeBFunction=1;External Link Failure;X2 link problem to one or several neighbouring eNodeBs. AI: PLMN ID-eNB ID 1 = 2221-650148
2025-09-23;10:02:41;AL  ;Minor ;ENodeBFunction=1;External Link Failure;X2 link problem to one or several neighbouring eNodeBs. AI: PLMN ID-eNB ID 1 = 2221-650482
2025-09-23;10:11:19;AL  ;Cleared;ENodeBFunction=1;External Link Failure;X2 link problem to one or several neighbouring eNodeBs. AI: PLMN ID-eNB ID 1 = 2221-650482
2025-09-23;16:17:46;AL  ;Minor ;ENodeBFunction=1;External Link Failure;X2 link problem to one or several neighbouring eNodeBs. AI: PLMN ID-eNB ID 1 = 2221-650148
2025-09-23;20:26:16;AL  ;Cleared;ENodeBFunction=1;External Link Failure;X2 link problem to one or several neighbouring eNodeBs. AI: PLMN ID-eNB ID 1 = 2221-650148
2025-09-24;21:29:38;AL  ;Minor ;ENodeBFunction=1;External Link Failure;X2 link problem to one or several neighbouring eNodeBs. AI: PLMN ID-eNB ID 1 = 2221-650464
2025-09-24;21:37:03;AL  ;Cleared;ENodeBFunction=1;External Link Failure;X2 link problem to one or several neighbouring eNodeBs. AI: PLMN ID-eNB ID 1 = 2221-650464
2025-09-29;15:05:42;AL  ;Minor ;ENodeBFunction=1;External Link Failure;X2 link problem to one or several neighbouring eNodeBs. AI: PLMN ID-eNB ID 1 = 2221-650172
2025-09-29;15:14:06;AL  ;Cleared;ENodeBFunction=1;External Link Failure;X2 link problem to one or several neighbouring eNodeBs. AI: PLMN ID-eNB ID 1 = 2221-650172
2025-10-02;04:47:29;AL  ;Critical;FieldReplaceableUnit=BB-1,AlarmPort=4;External Alarm;ALLARME FASE E RETE
2025-10-02;06:54:31;AL  ;Cleared;FieldReplaceableUnit=BB-1,AlarmPort=4;External Alarm;ALLARME FASE E RETE
2025-10-03;07:38:50;AL  ;Minor ;ENodeBFunction=1;External Link Failure;X2 link problem to one or several neighbouring eNodeBs. AI: PLMN ID-eNB ID 1 = 2221-650254
2025-10-03;10:23:47;AL  ;Cleared;ENodeBFunction=1;External Link Failure;X2 link problem to one or several neighbouring eNodeBs. AI: PLMN ID-eNB ID 1 = 2221-650254
2025-10-05;15:26:17;AL  ;Warning;ENodeBFunction=1;PLMN Service Redundancy Lost;S1 connection failure for PLMN connected with link represented by MO listed in Additional Information. AI: PLMN = ["2221"],DN1=ManagedElement=1,ENodeBFunction=1,TermPointToMme=5,DN2=ManagedElement=1,ENodeBFunction=1,TermPointToMme=3,DN3=ManagedElement=1,ENodeBFunction=1,TermPointToMme=1,
2025-10-05;15:26:24;AL  ;Cleared;ENodeBFunction=1;PLMN Service Redundancy Lost;S1 connection failure for PLMN connected with link represented by MO listed in Additional Information. AI: PLMN = ["2221"],DN1=ManagedElement=1,ENodeBFunction=1,TermPointToMme=5,DN2=ManagedElement=1,ENodeBFunction=1,TermPointToMme=3,DN3=ManagedElement=1,ENodeBFunction=1,TermPointToMme=2,DN4=ManagedElement=1,ENodeBFunction=1,TermPointToMme=1,
2025-10-05;15:26:24;AL  ;Minor ;ENodeBFunction=1;PLMN Service Unavailable;S1 Connection Failure for PLMNs listed in Additional Information. AI: PLMN = ["2221"],
2025-10-05;15:26:24;AL  ;Major ;EUtranCellFDD=CS7ET3;Service Unavailable;This is a secondary alarm, use alarm correlation information in Additional Information to find primary alarm.
2025-10-05;15:26:24;AL  ;Major ;EUtranCellFDD=CS7ET2;Service Unavailable;This is a secondary alarm, use alarm correlation information in Additional Information to find primary alarm.
2025-10-05;15:26:24;AL  ;Major ;EUtranCellFDD=CS7ET1;Service Unavailable;This is a secondary alarm, use alarm correlation information in Additional Information to find primary alarm.
2025-10-05;15:26:24;AL  ;Major ;EUtranCellFDD=CS7EM3;Service Unavailable;This is a secondary alarm, use alarm correlation information in Additional Information to find primary alarm.
2025-10-05;15:26:24;AL  ;Major ;EUtranCellFDD=CS7EM2;Service Unavailable;This is a secondary alarm, use alarm correlation information in Additional Information to find primary alarm.
2025-10-05;15:26:24;AL  ;Major ;EUtranCellFDD=CS7EM1;Service Unavailable;This is a secondary alarm, use alarm correlation information in Additional Information to find primary alarm.
2025-10-05;15:26:24;AL  ;Major ;EUtranCellFDD=CS7EE3;Service Unavailable;This is a secondary alarm, use alarm correlation information in Additional Information to find primary alarm.
2025-10-05;15:26:24;AL  ;Major ;EUtranCellFDD=CS7EE2;Service Unavailable;This is a secondary alarm, use alarm correlation information in Additional Information to find primary alarm.
2025-10-05;15:26:24;AL  ;Major ;EUtranCellFDD=CS7EE1;Service Unavailable;This is a secondary alarm, use alarm correlation information in Additional Information to find primary alarm.
2025-10-05;15:26:24;AL  ;Major ;NbIotCell=CS7EN3;Service Unavailable;This is a secondary alarm, use alarm correlation information in Additional Information to find primary alarm.
2025-10-05;15:26:24;AL  ;Major ;NbIotCell=CS7EN2;Service Unavailable;This is a secondary alarm, use alarm correlation information in Additional Information to find primary alarm.
2025-10-05;15:26:24;AL  ;Major ;NbIotCell=CS7EN1;Service Unavailable;This is a secondary alarm, use alarm correlation information in Additional Information to find primary alarm.
2025-10-05;15:26:50;AL  ;Cleared;ENodeBFunction=1;PLMN Service Unavailable;S1 Connection Failure for PLMNs listed in Additional Information. AI: PLMN = ["2221"],
2025-10-05;15:26:50;AL  ;Cleared;EUtranCellFDD=CS7ET3;Service Unavailable;This is a secondary alarm, use alarm correlation information in Additional Information to find primary alarm.
2025-10-05;15:26:50;AL  ;Cleared;EUtranCellFDD=CS7ET2;Service Unavailable;This is a secondary alarm, use alarm correlation information in Additional Information to find primary alarm.
2025-10-05;15:26:50;AL  ;Cleared;EUtranCellFDD=CS7ET1;Service Unavailable;This is a secondary alarm, use alarm correlation information in Additional Information to find primary alarm.
2025-10-05;15:26:50;AL  ;Cleared;EUtranCellFDD=CS7EM3;Service Unavailable;This is a secondary alarm, use alarm correlation information in Additional Information to find primary alarm.
2025-10-05;15:26:50;AL  ;Cleared;EUtranCellFDD=CS7EM2;Service Unavailable;This is a secondary alarm, use alarm correlation information in Additional Information to find primary alarm.
2025-10-05;15:26:50;AL  ;Cleared;EUtranCellFDD=CS7EM1;Service Unavailable;This is a secondary alarm, use alarm correlation information in Additional Information to find primary alarm.
2025-10-05;15:26:50;AL  ;Cleared;EUtranCellFDD=CS7EE3;Service Unavailable;This is a secondary alarm, use alarm correlation information in Additional Information to find primary alarm.
2025-10-05;15:26:50;AL  ;Cleared;EUtranCellFDD=CS7EE2;Service Unavailable;This is a secondary alarm, use alarm correlation information in Additional Information to find primary alarm.
2025-10-05;15:26:50;AL  ;Cleared;EUtranCellFDD=CS7EE1;Service Unavailable;This is a secondary alarm, use alarm correlation information in Additional Information to find primary alarm.
2025-10-05;15:26:50;AL  ;Cleared;NbIotCell=CS7EN3;Service Unavailable;This is a secondary alarm, use alarm correlation information in Additional Information to find primary alarm.
2025-10-05;15:26:50;AL  ;Cleared;NbIotCell=CS7EN2;Service Unavailable;This is a secondary alarm, use alarm correlation information in Additional Information to find primary alarm.
2025-10-05;15:26:50;AL  ;Cleared;NbIotCell=CS7EN1;Service Unavailable;This is a secondary alarm, use alarm correlation information in Additional Information to find primary alarm.
2025-10-05;15:36:14;AL  ;Warning;ENodeBFunction=1;PLMN Service Redundancy Lost;S1 connection failure for PLMN connected with link represented by MO listed in Additional Information. AI: PLMN = ["2221"],DN1=ManagedElement=1,ENodeBFunction=1,TermPointToMme=2,
2025-10-05;15:36:25;AL  ;Cleared;ENodeBFunction=1;PLMN Service Redundancy Lost;S1 connection failure for PLMN connected with link represented by MO listed in Additional Information. AI: PLMN = ["2221"],DN1=ManagedElement=1,ENodeBFunction=1,TermPointToMme=4,DN2=ManagedElement=1,ENodeBFunction=1,TermPointToMme=3,DN3=ManagedElement=1,ENodeBFunction=1,TermPointToMme=2,DN4=ManagedElement=1,ENodeBFunction=1,TermPointToMme=1,
2025-10-05;15:36:25;AL  ;Minor ;ENodeBFunction=1;PLMN Service Unavailable;S1 Connection Failure for PLMNs listed in Additional Information. AI: PLMN = ["2221"],
2025-10-05;15:36:25;AL  ;Major ;EUtranCellFDD=CS7ET3;Service Unavailable;This is a secondary alarm, use alarm correlation information in Additional Information to find primary alarm.
2025-10-05;15:36:25;AL  ;Major ;EUtranCellFDD=CS7ET2;Service Unavailable;This is a secondary alarm, use alarm correlation information in Additional Information to find primary alarm.
2025-10-05;15:36:25;AL  ;Major ;EUtranCellFDD=CS7ET1;Service Unavailable;This is a secondary alarm, use alarm correlation information in Additional Information to find primary alarm.
2025-10-05;15:36:25;AL  ;Major ;EUtranCellFDD=CS7EM3;Service Unavailable;This is a secondary alarm, use alarm correlation information in Additional Information to find primary alarm.
2025-10-05;15:36:25;AL  ;Major ;EUtranCellFDD=CS7EM2;Service Unavailable;This is a secondary alarm, use alarm correlation information in Additional Information to find primary alarm.
2025-10-05;15:36:25;AL  ;Major ;EUtranCellFDD=CS7EM1;Service Unavailable;This is a secondary alarm, use alarm correlation information in Additional Information to find primary alarm.
2025-10-05;15:36:25;AL  ;Major ;EUtranCellFDD=CS7EE3;Service Unavailable;This is a secondary alarm, use alarm correlation information in Additional Information to find primary alarm.
2025-10-05;15:36:25;AL  ;Major ;EUtranCellFDD=CS7EE2;Service Unavailable;This is a secondary alarm, use alarm correlation information in Additional Information to find primary alarm.
2025-10-05;15:36:25;AL  ;Major ;EUtranCellFDD=CS7EE1;Service Unavailable;This is a secondary alarm, use alarm correlation information in Additional Information to find primary alarm.
2025-10-05;15:36:25;AL  ;Major ;NbIotCell=CS7EN3;Service Unavailable;This is a secondary alarm, use alarm correlation information in Additional Information to find primary alarm.
2025-10-05;15:36:25;AL  ;Major ;NbIotCell=CS7EN2;Service Unavailable;This is a secondary alarm, use alarm correlation information in Additional Information to find primary alarm.
2025-10-05;15:36:25;AL  ;Major ;NbIotCell=CS7EN1;Service Unavailable;This is a secondary alarm, use alarm correlation information in Additional Information to find primary alarm.
2025-10-05;15:37:09;AL  ;Major ;Synchronization=1,RadioEquipmentClock=1,RadioEquipmentClockReference=PTP8275_2;Sync PTP Time Reachability Fault;No PTP messages
2025-10-05;16:09:14;AL  ;Warning;ENodeBFunction=1;PLMN Service Redundancy Lost;S1 connection failure for PLMN connected with link represented by MO listed in Additional Information. AI: PLMN = ["2221"],DN1=ManagedElement=1,ENodeBFunction=1,TermPointToMme=5,DN2=ManagedElement=1,ENodeBFunction=1,TermPointToMme=4,DN3=ManagedElement=1,ENodeBFunction=1,TermPointToMme=3,DN4=ManagedElement=1,ENodeBFunction=1,TermPointToMme=1,
2025-10-05;16:09:14;AL  ;Cleared;ENodeBFunction=1;PLMN Service Unavailable;S1 Connection Failure for PLMNs listed in Additional Information. AI: PLMN = ["2221"],
2025-10-05;16:09:14;AL  ;Cleared;EUtranCellFDD=CS7ET3;Service Unavailable;This is a secondary alarm, use alarm correlation information in Additional Information to find primary alarm.
2025-10-05;16:09:14;AL  ;Cleared;EUtranCellFDD=CS7ET2;Service Unavailable;This is a secondary alarm, use alarm correlation information in Additional Information to find primary alarm.
2025-10-05;16:09:14;AL  ;Cleared;EUtranCellFDD=CS7ET1;Service Unavailable;This is a secondary alarm, use alarm correlation information in Additional Information to find primary alarm.
2025-10-05;16:09:14;AL  ;Cleared;EUtranCellFDD=CS7EM3;Service Unavailable;This is a secondary alarm, use alarm correlation information in Additional Information to find primary alarm.
2025-10-05;16:09:14;AL  ;Cleared;EUtranCellFDD=CS7EM2;Service Unavailable;This is a secondary alarm, use alarm correlation information in Additional Information to find primary alarm.
2025-10-05;16:09:14;AL  ;Cleared;EUtranCellFDD=CS7EM1;Service Unavailable;This is a secondary alarm, use alarm correlation information in Additional Information to find primary alarm.
2025-10-05;16:09:14;AL  ;Cleared;EUtranCellFDD=CS7EE3;Service Unavailable;This is a secondary alarm, use alarm correlation information in Additional Information to find primary alarm.
2025-10-05;16:09:14;AL  ;Cleared;EUtranCellFDD=CS7EE2;Service Unavailable;This is a secondary alarm, use alarm correlation information in Additional Information to find primary alarm.
2025-10-05;16:09:14;AL  ;Cleared;EUtranCellFDD=CS7EE1;Service Unavailable;This is a secondary alarm, use alarm correlation information in Additional Information to find primary alarm.
2025-10-05;16:09:14;AL  ;Cleared;NbIotCell=CS7EN3;Service Unavailable;This is a secondary alarm, use alarm correlation information in Additional Information to find primary alarm.
2025-10-05;16:09:14;AL  ;Cleared;NbIotCell=CS7EN2;Service Unavailable;This is a secondary alarm, use alarm correlation information in Additional Information to find primary alarm.
2025-10-05;16:09:14;AL  ;Cleared;NbIotCell=CS7EN1;Service Unavailable;This is a secondary alarm, use alarm correlation information in Additional Information to find primary alarm.
2025-10-05;16:09:25;AL  ;Cleared;ENodeBFunction=1;PLMN Service Redundancy Lost;S1 connection failure for PLMN connected with link represented by MO listed in Additional Information. AI: PLMN = ["2221"],DN1=ManagedElement=1,ENodeBFunction=1,TermPointToMme=5,
2025-10-05;16:11:08;AL  ;Cleared;Synchronization=1,RadioEquipmentClock=1,RadioEquipmentClockReference=PTP8275_2;Sync PTP Time Reachability Fault;No PTP messages
2025-10-05;16:34:54;AL  ;Minor ;FieldReplaceableUnit=Radio-S100-1,RfPort=B;VSWR Over Threshold;ReturnLoss 2.6 dB, VSWR 6.7, Sensitivity 1%, Fault on DL FrequencyRange 1805000 - 1880000 kHz
2025-10-05;16:34:55;AL  ;Minor ;EUtranCellFDD=CS7ET1;Service Degraded;This is a secondary alarm, use alarm correlation information in Additional Information to find primary alarm.
2025-10-05;17:01:58;AL  ;Warning;ENodeBFunction=1;PLMN Service Redundancy Lost;S1 connection failure for PLMN connected with link represented by MO listed in Additional Information. AI: PLMN = ["2221"],DN1=ManagedElement=1,ENodeBFunction=1,TermPointToMme=2,
2025-10-05;17:02:34;AL  ;Cleared;ENodeBFunction=1;PLMN Service Redundancy Lost;S1 connection failure for PLMN connected with link represented by MO listed in Additional Information. AI: PLMN = ["2221"],DN1=ManagedElement=1,ENodeBFunction=1,TermPointToMme=1,
2025-10-05;17:05:07;AL  ;Warning;ENodeBFunction=1;PLMN Service Redundancy Lost;S1 connection failure for PLMN connected with link represented by MO listed in Additional Information. AI: PLMN = ["2221"],DN1=ManagedElement=1,ENodeBFunction=1,TermPointToMme=5,DN2=ManagedElement=1,ENodeBFunction=1,TermPointToMme=4,DN3=ManagedElement=1,ENodeBFunction=1,TermPointToMme=3,DN4=ManagedElement=1,ENodeBFunction=1,TermPointToMme=1,
2025-10-05;17:05:12;AL  ;Cleared;ENodeBFunction=1;PLMN Service Redundancy Lost;S1 connection failure for PLMN connected with link represented by MO listed in Additional Information. AI: PLMN = ["2221"],DN1=ManagedElement=1,ENodeBFunction=1,TermPointToMme=5,DN2=ManagedElement=1,ENodeBFunction=1,TermPointToMme=4,DN3=ManagedElement=1,ENodeBFunction=1,TermPointToMme=3,DN4=ManagedElement=1,ENodeBFunction=1,TermPointToMme=1,
2025-10-05;17:05:12;AL  ;Minor ;ENodeBFunction=1;PLMN Service Unavailable;S1 Connection Failure for PLMNs listed in Additional Information. AI: PLMN = ["2221"],
2025-10-05;17:05:12;AL  ;Major ;EUtranCellFDD=CS7ET3;Service Unavailable;This is a secondary alarm, use alarm correlation information in Additional Information to find primary alarm.
2025-10-05;17:05:12;AL  ;Major ;EUtranCellFDD=CS7ET2;Service Unavailable;This is a secondary alarm, use alarm correlation information in Additional Information to find primary alarm.
2025-10-05;17:05:12;AL  ;Cleared;EUtranCellFDD=CS7ET1;Service Degraded;This is a secondary alarm, use alarm correlation information in Additional Information to find primary alarm.
2025-10-05;17:05:12;AL  ;Major ;EUtranCellFDD=CS7ET1;Service Unavailable;This is a secondary alarm, use alarm correlation information in Additional Information to find primary alarm.
2025-10-05;17:05:12;AL  ;Major ;EUtranCellFDD=CS7EM3;Service Unavailable;This is a secondary alarm, use alarm correlation information in Additional Information to find primary alarm.
2025-10-05;17:05:12;AL  ;Major ;EUtranCellFDD=CS7EM2;Service Unavailable;This is a secondary alarm, use alarm correlation information in Additional Information to find primary alarm.
2025-10-05;17:05:12;AL  ;Major ;EUtranCellFDD=CS7EM1;Service Unavailable;This is a secondary alarm, use alarm correlation information in Additional Information to find primary alarm.
2025-10-05;17:05:12;AL  ;Major ;EUtranCellFDD=CS7EE3;Service Unavailable;This is a secondary alarm, use alarm correlation information in Additional Information to find primary alarm.
2025-10-05;17:05:12;AL  ;Major ;EUtranCellFDD=CS7EE2;Service Unavailable;This is a secondary alarm, use alarm correlation information in Additional Information to find primary alarm.
2025-10-05;17:05:12;AL  ;Major ;EUtranCellFDD=CS7EE1;Service Unavailable;This is a secondary alarm, use alarm correlation information in Additional Information to find primary alarm.
2025-10-05;17:05:12;AL  ;Major ;NbIotCell=CS7EN3;Service Unavailable;This is a secondary alarm, use alarm correlation information in Additional Information to find primary alarm.
2025-10-05;17:05:12;AL  ;Major ;NbIotCell=CS7EN2;Service Unavailable;This is a secondary alarm, use alarm correlation information in Additional Information to find primary alarm.
2025-10-05;17:05:12;AL  ;Major ;NbIotCell=CS7EN1;Service Unavailable;This is a secondary alarm, use alarm correlation information in Additional Information to find primary alarm.
2025-10-05;17:06:02;AL  ;Major ;Synchronization=1,RadioEquipmentClock=1,RadioEquipmentClockReference=PTP8275_2;Sync PTP Time Reachability Fault;No PTP messages
2025-10-05;17:08:41;AL  ;Warning;ENodeBFunction=1;PLMN Service Redundancy Lost;S1 connection failure for PLMN connected with link represented by MO listed in Additional Information. AI: PLMN = ["2221"],DN1=ManagedElement=1,ENodeBFunction=1,TermPointToMme=2,
2025-10-05;17:08:41;AL  ;Cleared;ENodeBFunction=1;PLMN Service Unavailable;S1 Connection Failure for PLMNs listed in Additional Information. AI: PLMN = ["2221"],
2025-10-05;17:08:41;AL  ;Cleared;EUtranCellFDD=CS7ET3;Service Unavailable;This is a secondary alarm, use alarm correlation information in Additional Information to find primary alarm.
2025-10-05;17:08:41;AL  ;Cleared;EUtranCellFDD=CS7ET2;Service Unavailable;This is a secondary alarm, use alarm correlation information in Additional Information to find primary alarm.
2025-10-05;17:08:41;AL  ;Cleared;EUtranCellFDD=CS7ET1;Service Unavailable;This is a secondary alarm, use alarm correlation information in Additional Information to find primary alarm.
2025-10-05;17:08:41;AL  ;Cleared;EUtranCellFDD=CS7EM3;Service Unavailable;This is a secondary alarm, use alarm correlation information in Additional Information to find primary alarm.
2025-10-05;17:08:41;AL  ;Cleared;EUtranCellFDD=CS7EM2;Service Unavailable;This is a secondary alarm, use alarm correlation information in Additional Information to find primary alarm.
2025-10-05;17:08:41;AL  ;Cleared;EUtranCellFDD=CS7EM1;Service Unavailable;This is a secondary alarm, use alarm correlation information in Additional Information to find primary alarm.
2025-10-05;17:08:41;AL  ;Cleared;EUtranCellFDD=CS7EE3;Service Unavailable;This is a secondary alarm, use alarm correlation information in Additional Information to find primary alarm.
2025-10-05;17:08:41;AL  ;Cleared;EUtranCellFDD=CS7EE2;Service Unavailable;This is a secondary alarm, use alarm correlation information in Additional Information to find primary alarm.
2025-10-05;17:08:41;AL  ;Cleared;EUtranCellFDD=CS7EE1;Service Unavailable;This is a secondary alarm, use alarm correlation information in Additional Information to find primary alarm.
2025-10-05;17:08:41;AL  ;Cleared;NbIotCell=CS7EN3;Service Unavailable;This is a secondary alarm, use alarm correlation information in Additional Information to find primary alarm.
2025-10-05;17:08:41;AL  ;Cleared;NbIotCell=CS7EN2;Service Unavailable;This is a secondary alarm, use alarm correlation information in Additional Information to find primary alarm.
2025-10-05;17:08:41;AL  ;Cleared;NbIotCell=CS7EN1;Service Unavailable;This is a secondary alarm, use alarm correlation information in Additional Information to find primary alarm.
2025-10-05;17:08:44;AL  ;Minor ;EUtranCellFDD=CS7ET1;Service Degraded;This is a secondary alarm, use alarm correlation information in Additional Information to find primary alarm.
2025-10-05;17:08:47;AL  ;Cleared;ENodeBFunction=1;PLMN Service Redundancy Lost;S1 connection failure for PLMN connected with link represented by MO listed in Additional Information. AI: PLMN = ["2221"],DN1=ManagedElement=1,ENodeBFunction=1,TermPointToMme=2,
2025-10-05;17:10:40;AL  ;Cleared;Synchronization=1,RadioEquipmentClock=1,RadioEquipmentClockReference=PTP8275_2;Sync PTP Time Reachability Fault;No PTP messages
2025-10-05;17:16:32;AL  ;Major ;Synchronization=1,RadioEquipmentClock=1,RadioEquipmentClockReference=PTP8275_2;Sync PTP Time PDV Problem;High PDV detected on PTP messages
2025-10-05;19:08:35;AL  ;Cleared;EUtranCellFDD=CS7ET1;Service Degraded;This is a secondary alarm, use alarm correlation information in Additional Information to find primary alarm.
2025-10-05;21:38:45;AL  ;Cleared;Synchronization=1,RadioEquipmentClock=1,RadioEquipmentClockReference=PTP8275_2;Sync PTP Time PDV Problem;High PDV detected on PTP messages
2025-10-06;07:52:30;AL  ;Minor ;ENodeBFunction=1;External Link Failure;X2 link problem to one or several neighbouring eNodeBs. AI: PLMN ID-eNB ID 1 = 2221-650238
2025-10-06;08:43:23;AL  ;Cleared;ENodeBFunction=1;External Link Failure;X2 link problem to one or several neighbouring eNodeBs. AI: PLMN ID-eNB ID 1 = 2221-650238
2025-10-06;15:17:46;AL  ;Cleared;FieldReplaceableUnit=Radio-S100-1,RfPort=B;VSWR Over Threshold;ReturnLoss 3.5 dB, VSWR 5.0, Sensitivity 1%, Fault on DL FrequencyRange 2110000 - 2170000 kHz
2025-10-06;15:20:46;AL  ;Minor ;FieldReplaceableUnit=Radio-S100-1,RfPort=B;VSWR Over Threshold;ReturnLoss 4.5 dB, VSWR 3.9, Sensitivity 1%, Fault on DL FrequencyRange 1805000 - 1880000 kHz
2025-10-06;15:20:47;AL  ;Minor ;EUtranCellFDD=CS7ET1;Service Degraded;This is a secondary alarm, use alarm correlation information in Additional Information to find primary alarm.
2025-10-06;17:46:02;AL  ;Cleared;EUtranCellFDD=CS7ET1;Service Degraded;This is a secondary alarm, use alarm correlation information in Additional Information to find primary alarm.


CS7EE> lgec -m 30d

251007-12:25:25+0200 19.31.2.223 25.0h MSRBS_NODE_MODEL_25.Q1_198665.224.73_bf81 stopfile=/tmp/1268325

Startdate=20250907.102525, Enddate=20251008.102525
Date;Time;Log;Severity;Object;Event;Cause;AdditionalText;AckState;Id;NotificationId;CorrelatedAlarms
Executing action Log.export()
..
Log=AlertLog                    actionId=7836
...
=================================================================================================================
MO                  actionId result      resultInfo
=================================================================================================================
LogM=1,Log=AlertLog 7836     1 (SUCCESS)           
cat  /ericsson/log/amos/moshell_logfiles/t20251007_37258710_53697/logs_moshell/tempfiles/scp-2-amos_20251007-122436_1268253/rcslogs/AlertLog_20220610__080726.log > /ericsson/log/amos/moshell_logfiles/t20251007_37258710_53697/logs_moshell/tempfiles/scp-2-amos_20251007-122436_1268253/eventLog1268325.xml

Bye...
Output has been logged to file /mta_fs/UserFiles/37258710/amosbatch/2025-10-07_11-07-01_53697/CS7EE.log
