Logging to file /mta_fs/UserFiles/37258710/amosbatch/2025-10-07_11-07-01_53697/CS82T.log
                        __  __  ____   _____
                  /\   |  \/  |/ __ \ / ____|
                 /  \  | \  / | |  | | (___  
                / /\ \ | |\/| | |  | |\___ \ 
               / ____ \| |  | | |__| |____) |
              /_/    \_\_|  |_|\____/|_____/
              OSS Framework for MoShell-25.0h 
  Copyright (c) Ericsson AB 2001-2025 - All Rights Reserved
              
           
[1;31mWARNING: [0mthe AMOS version currently running is more than 22 weeks old and is unsupported.
Please upgrade as soon as possible to the latest released version, available from your local Ericsson support.

$amosrb_pid = 1310670

Checking ip contact...OK

HELP MENU            : h
BASIC MO COMMANDS    : m
OTHER MO COMMANDS    : n
OTHER COMMANDS       : o
PM COMMANDS          : p
QUIT                 : q

CS82T> lt all

251007-12:30:13+0200 19.31.7.247 25.0h  stopfile=/tmp/1310219
Looking up temporary_amos account... OK.
Trying temporary_amos_t20251007_37258710_53697_313's password from amos lookupAccount ... OK

$ssh_pid = 1311921

Connected to 19.31.7.247 (SubNetwork=BBMM_rckomc_R,MeContext=CS82T,ManagedElement=CS82T)

Checking MOM version...MSRBS_NODE_MODEL_25.Q1_198665.224.73_bf81
Parsing MOM (cached): /ericsson/log/amos/moshell_logfiles/t20251007_37258710_53697/logs_moshell/tempfiles/scp-2-amos_20251007-123006_1310101/MSRBS_NODE_MODEL_25.Q1_198665.224.73_bf81.xml.cache.gz ......................................................................................................................................................................................................................Done.
Using paramfile /opt/ericsson/amos/moshell/commonjars/pm/PARAM_MSRBSG2_25.Q1.txt
Parsing file /opt/ericsson/amos/moshell/commonjars/pm/PARAM_MSRBSG2_25.Q1.txt ......................................................................................Done.
Using imomdfile /opt/ericsson/amos/moshell/commonjars/pm/IMOMD_MSRBS_22.Q4.txt
Using imomfile /opt/ericsson/amos/moshell/commonjars/pm/IMOM_MSRBS_25.Q1.txt
Connected to 19.31.7.247 (SubNetwork=BBMM_rckomc_R,MeContext=CS82T,ManagedElement=CS82T)

Last MO: 18804. Loaded 18804 MOs. Total: 18805 MOs.

CS82T> hget EUtranCellFDD ^cellid

251007-12:30:34+0200 19.31.7.247 25.0h MSRBS_NODE_MODEL_25.Q1_198665.224.73_bf81 stopfile=/tmp/1310219
.
=================================================================================================================
MO                   cellId
=================================================================================================================
EUtranCellFDD=CS82E1 61    
EUtranCellFDD=CS82E2 62    
EUtranCellFDD=CS82E3 63    
EUtranCellFDD=CS82M1 31    
EUtranCellFDD=CS82M2 32    
EUtranCellFDD=CS82M3 33    
EUtranCellFDD=CS82T1 41    
EUtranCellFDD=CS82T2 42    
EUtranCellFDD=CS82T3 43    
=================================================================================================================
Total: 9 MOs

Added 9 MOs to group: hget_group

CS82T> hget NbIotCell ^cellid

251007-12:30:34+0200 19.31.7.247 25.0h MSRBS_NODE_MODEL_25.Q1_198665.224.73_bf81 stopfile=/tmp/1310219
.
=================================================================================================================
MO               cellId
=================================================================================================================
NbIotCell=CS82N1 161   
NbIotCell=CS82N2 162   
NbIotCell=CS82N3 163   
=================================================================================================================
Total: 3 MOs

Added 3 MOs to group: hget_group

CS82T> hget NRCellDU ^cellLocalId

251007-12:30:35+0200 19.31.7.247 25.0h MSRBS_NODE_MODEL_25.Q1_198665.224.73_bf81 stopfile=/tmp/1310219
Total: 0 MOs

CS82T> lgdc -m 30d

251007-12:30:35+0200 19.31.7.247 25.0h MSRBS_NODE_MODEL_25.Q1_198665.224.73_bf81 stopfile=/tmp/1310219

Startdate=20250907.103035, Enddate=20251008.103035
INFO: Using amos lookupAccount credentials for the export login

Executing action LogM.exportAvailabilityLog()
...LogM=1,exportAvailabilityLog    actionId=50943
..........
=================================================================================================================
MO     actionId result      resultInfo
=================================================================================================================
LogM=1 50943    1 (SUCCESS)           
cp /ericsson/log/amos/moshell_logfiles/t20251007_37258710_53697/logs_moshell/tempfiles/scp-2-amos_20251007-123006_1310101/rcslogs/RBS_CS_AVAILABILITY_LOG_20251007103040.xml /ericsson/log/amos/moshell_logfiles/t20251007_37258710_53697/logs_moshell/tempfiles/scp-2-amos_20251007-123006_1310101/availabilityLog1310219.xml
Parsing availabilityLog........Done.
.....
Date;Time;RestartType;SwVersion;SwRelease;RCSDowntime;ApplicationDowntime;TNDowntime;RATsDowntime;ExtraInfo;ExtraInfo2
2025-09-08;02:18:05;PartialOutage(Manual);11% Lrat Cell 41; ();9s;;;;;
2025-09-08;02:18:23;PartialOutage(Manual);11% Lrat Cell 42; ();6s;;;;;
2025-09-08;02:18:37;PartialOutage(Manual);11% Lrat Cell 43; ();4s;;;;;
2025-09-08;02:18:46;PartialOutage(Manual);11% Lrat Cell 31; ();10s;;;;;
2025-09-08;02:19:00;PartialOutage(Manual);11% Lrat Cell 32; ();12s;;;;;
2025-09-08;02:19:20;PartialOutage(Manual);11% Lrat Cell 33; ();11s;;;;;
2025-09-08;02:19:34;PartialOutage(Manual);11% Lrat Cell 61; ();9s;;;;;
2025-09-08;02:19:47;PartialOutage(Manual);33% Lrat Cell 161 162; ();1s;;;;;
2025-09-08;02:19:48;PartialOutage(Manual);11% Lrat Cell 62; ();9s;;;;;
2025-09-08;02:20:02;PartialOutage(Manual);50% Lrat Cell 161 162 163; ();8s;;;;;
2025-09-08;02:20:10;PartialOutage(Manual);66% Lrat Cell 162 163; ();9s;;;;;
2025-09-08;02:20:27;PartialOutage(Manual);66% Lrat Cell 163; ();16s;;;;;
2025-10-06;07:42:31;SpontaneousCold(Other:PowerReset);CXP9024418/16_R8D21;CXP9024418/16_R8D21 (RCG123.3-3);3291s (54m51s);3613s (1h0m);3301s (55m1s);L=3613s ;Requested: RankCold Other PowerReset Performed: RankCold Other PowerReset;Lrat LRAT Traffic Control active
2025-10-06;07:48:02;PartialOutage(Transmission);100% Lrat Cell 161 162 163;CXP9024418/16_R8D21 (RCG123.3-3);1s;;;;;
2025-10-06;07:48:03;PartialOutage(Transmission);100% Lrat Cell 31;CXP9024418/16_R8D21 (RCG123.3-3);1s;;;;;
2025-10-06;08:48:38;PartialOutage(System);33% Lrat Cell 61 62 63;CXP9024418/16_R8D21 (RCG123.3-3);1s;;;;;
2025-10-06;08:48:39;PartialOutage(System);100% Lrat Cell 61 62 63 31 32 33 41 42 43;CXP9024418/16_R8D21 (RCG123.3-3);123s (2m3s);;;;;
2025-10-06;08:50:42;PartialOutage(System);100% Lrat Cell 62 63 31 32 33 41 42 43;CXP9024418/16_R8D21 (RCG123.3-3);1s;;;;;
2025-10-06;08:50:43;PartialOutage(System);100% Lrat Cell 162 163;CXP9024418/16_R8D21 (RCG123.3-3);1s;;;;;
2025-10-06;08:50:44;PartialOutage(System);100% Lrat Cell 62 31 32 41 42;CXP9024418/16_R8D21 (RCG123.3-3);3s;;;;;
2025-10-06;08:50:47;PartialOutage(System);100% Lrat Cell 62;CXP9024418/16_R8D21 (RCG123.3-3);28220s (7h50m);;;;;
2025-10-06;16:41:22;ManualCold(0);CXP9024418/16_R8D21;CXP9024418/16_R8D21 (RCG123.3-3);59s;94s (1m34s);70s (1m10s);L=94s ;Requested: RankCold OperatorInitiated Cold Performed: RankCold OperatorInitiated Cold;Lrat LRAT Traffic Control active
2025-10-06;16:42:56;PartialOutage(Manual);67% Lrat Cell 31 32 33 41 42 43;CXP9024418/16_R8D21 (RCG123.3-3);1s;;;;;
2025-10-06;16:42:57;PartialOutage(Manual);33% Lrat Cell 162;CXP9024418/16_R8D21 (RCG123.3-3);1s;;;;;
2025-10-06;16:42:58;PartialOutage(Manual);44% Lrat Cell 31 32 41 42;CXP9024418/16_R8D21 (RCG123.3-3);2s;;;;;
2025-10-06;16:43:00;PartialOutage(Manual);22% Lrat Cell 41 42;CXP9024418/16_R8D21 (RCG123.3-3);1s;;;;;
2025-10-06;16:45:20;PartialOutage(System);78% Lrat Cell 61 62 63 31 32 33 41;CXP9024418/16_R8D21 (RCG123.3-3);1s;;;;;
2025-10-06;16:45:21;PartialOutage(System);100% Lrat Cell 61 62 63 31 32 33 41 42 43;CXP9024418/16_R8D21 (RCG123.3-3);13s;;;;;
2025-10-06;16:45:34;PartialOutage(System);100% Lrat Cell 62 31 32 33 41 42 43;CXP9024418/16_R8D21 (RCG123.3-3);1s;;;;;
2025-10-06;16:45:35;PartialOutage(System);100% Lrat Cell 62 31 32 41 42;CXP9024418/16_R8D21 (RCG123.3-3);1s;;;;;
2025-10-06;16:45:36;PartialOutage(System);100% Lrat Cell 62 32 42;CXP9024418/16_R8D21 (RCG123.3-3);2s;;;;;
2025-10-06;16:45:38;PartialOutage(System);100% Lrat Cell 62 42;CXP9024418/16_R8D21 (RCG123.3-3);2s;;;;;
2025-10-06;16:45:40;PartialOutage(System);100% Lrat Cell 62;CXP9024418/16_R8D21 (RCG123.3-3);2329s (38m49s);;;;;
2025-10-06;17:24:29;PartialOutage(Manual);11% Lrat Cell 62;CXP9024418/16_R8D21 (RCG123.3-3);16s;;;;;
2025-10-06;17:24:45;PartialOutage(System);33% Lrat Cell 162;CXP9024418/16_R8D21 (RCG123.3-3);295s (4m55s);;;;;
2025-10-06;17:29:52;ManualCold(0);CXP9024418/16_R8D21;CXP9024418/16_R8D21 (RCG123.3-3);60s (1m0s);95s (1m35s);70s (1m10s);L=95s ;Requested: RankCold OperatorInitiated Cold Performed: RankCold OperatorInitiated Cold;Lrat LRAT Traffic Control active
2025-10-06;17:31:27;PartialOutage(Manual);78% Lrat Cell 62 31 32 33 41 42 43;CXP9024418/16_R8D21 (RCG123.3-3);1s;;;;;
2025-10-06;17:31:28;PartialOutage(Manual);33% Lrat Cell 162;CXP9024418/16_R8D21 (RCG123.3-3);1s;;;;;
2025-10-06;17:31:29;PartialOutage(System);56% Lrat Cell 62 31 32 41 42;CXP9024418/16_R8D21 (RCG123.3-3);2s;;;;;
2025-10-06;17:31:31;PartialOutage(Manual);33% Lrat Cell 162;CXP9024418/16_R8D21 (RCG123.3-3);1s;;;;;
2025-10-06;17:34:02;PartialOutage(System);11% Lrat Cell 62;CXP9024418/16_R8D21 (RCG123.3-3);1s;;;;;
2025-10-06;17:34:03;PartialOutage(System);89% Lrat Cell 61 62 63 31 32 33 41 42;CXP9024418/16_R8D21 (RCG123.3-3);1s;;;;;
2025-10-06;17:34:04;PartialOutage(System);100% Lrat Cell 61 62 63 31 32 33 41 42 43;CXP9024418/16_R8D21 (RCG123.3-3);14s;;;;;
2025-10-06;17:34:18;PartialOutage(System);100% Lrat Cell 62 63 32 41 42;CXP9024418/16_R8D21 (RCG123.3-3);1s;;;;;
2025-10-06;17:34:19;PartialOutage(System);100% Lrat Cell 162 163;CXP9024418/16_R8D21 (RCG123.3-3);1s;;;;;
2025-10-06;17:34:20;PartialOutage(System);100% Lrat Cell 62 32 41 42;CXP9024418/16_R8D21 (RCG123.3-3);1s;;;;;
2025-10-06;17:34:21;PartialOutage(System);100% Lrat Cell 62 41 42;CXP9024418/16_R8D21 (RCG123.3-3);1s;;;;;

Node uptime since last restart: 61161 seconds (16 hours, 59 minutes, 21 seconds)
------------------------------------------------------------------------------------------------------
Period=30 days       NodeUpgrade      NodeManual       NodeSpontaneous  AllNodeRestarts  PartialOutages  
------------------------------------------------------------------------------------------------------
Number Of outages    0                2                1                3                44              
Total downtime       0s               189s (3m9s)      3613s (1h0m)     3802s (1h3m)     31145s (8h39m)  
Downtime per day     0s               6s               120s (2m0s)      127s (2m7s)      1038s (17m18s)  
Downtime per outage  0s               94s (1m34s)      3613s (1h0m)     1267s (21m7s)    708s (11m48s)   

CS82T> lgac -m 30d

251007-12:30:48+0200 19.31.7.247 25.0h MSRBS_NODE_MODEL_25.Q1_198665.224.73_bf81 stopfile=/tmp/1310219

Startdate=20250907.103048, Enddate=20251008.103048
Date;Time;Log;Severity;Object;Event;Cause;AdditionalText;AckState;Id;NotificationId;CorrelatedAlarms
Executing action Log.export()
..
Log=AlarmLog                    actionId=50944
.........................................
=================================================================================================================
MO                  actionId result      resultInfo
=================================================================================================================
LogM=1,Log=AlarmLog 50944    1 (SUCCESS)           
cat  /ericsson/log/amos/moshell_logfiles/t20251007_37258710_53697/logs_moshell/tempfiles/scp-2-amos_20251007-123006_1310101/rcslogs/saLogAlarm_20240312__094620_20240920__102126.log /ericsson/log/amos/moshell_logfiles/t20251007_37258710_53697/logs_moshell/tempfiles/scp-2-amos_20251007-123006_1310101/rcslogs/saLogAlarm_20240920__102126_20250723__035257.log /ericsson/log/amos/moshell_logfiles/t20251007_37258710_53697/logs_moshell/tempfiles/scp-2-amos_20251007-123006_1310101/rcslogs/saLogAlarm_20250723__035257.log > /ericsson/log/amos/moshell_logfiles/t20251007_37258710_53697/logs_moshell/tempfiles/scp-2-amos_20251007-123006_1310101/alarmLog1310219.xml
2025-09-09;13:47:45;AL  ;Warning;ENodeBFunction=1;PLMN Service Redundancy Lost;S1 connection failure for PLMN connected with link represented by MO listed in Additional Information. AI: PLMN = ["2221"],DN1=ManagedElement=1,ENodeBFunction=1,TermPointToMme=5,DN2=ManagedElement=1,ENodeBFunction=1,TermPointToMme=4,
2025-09-09;13:48:16;AL  ;Cleared;ENodeBFunction=1;PLMN Service Redundancy Lost;S1 connection failure for PLMN connected with link represented by MO listed in Additional Information. AI: PLMN = ["2221"],DN1=ManagedElement=1,ENodeBFunction=1,TermPointToMme=4,
2025-09-09;20:51:04;AL  ;Minor ;ENodeBFunction=1;External Link Failure;X2 link problem to one or several neighbouring eNodeBs. AI: PLMN ID-eNB ID 1 = 2221-300308 PLMN ID-eNB ID 2 = 2221-300726
2025-09-09;20:51:54;AL  ;Cleared;ENodeBFunction=1;External Link Failure;X2 link problem to one or several neighbouring eNodeBs. AI: PLMN ID-eNB ID 1 = 2221-300308 PLMN ID-eNB ID 2 = 2221-300726
2025-09-10;23:44:51;AL  ;Minor ;ENodeBFunction=1;External Link Failure;X2 link problem to one or several neighbouring eNodeBs. AI: PLMN ID-eNB ID 1 = 2221-650499
2025-09-11;03:39:33;AL  ;Minor ;ENodeBFunction=1;External Link Failure;X2 link problem to one or several neighbouring eNodeBs. AI: PLMN ID-eNB ID 1 = 2221-650499 PLMN ID-eNB ID 2 = 2221-601435
2025-09-11;06:09:42;AL  ;Minor ;ENodeBFunction=1;External Link Failure;X2 link problem to one or several neighbouring eNodeBs. AI: PLMN ID-eNB ID 1 = 2221-650499 PLMN ID-eNB ID 2 = 2221-601435 PLMN ID-eNB ID 3 = 2221-650509
2025-09-11;06:11:18;AL  ;Minor ;ENodeBFunction=1;External Link Failure;X2 link problem to one or several neighbouring eNodeBs. AI: PLMN ID-eNB ID 1 = 2221-650499 PLMN ID-eNB ID 2 = 2221-601435 PLMN ID-eNB ID 3 = 2221-650509 PLMN ID-eNB ID 4 = 2221-650270
2025-09-11;06:11:29;AL  ;Minor ;ENodeBFunction=1;External Link to GNodeB Failure;X2 link problem to one or several neighbouring gNodeBs. AI: PLMN ID-gNB ID 1 = 2221-1053439
2025-09-11;06:12:27;AL  ;Minor ;ENodeBFunction=1;External Link Failure;X2 link problem to one or several neighbouring eNodeBs. AI: PLMN ID-eNB ID 1 = 2221-650499 PLMN ID-eNB ID 2 = 2221-601435 PLMN ID-eNB ID 3 = 2221-650270
2025-09-11;06:26:04;AL  ;Minor ;ENodeBFunction=1;External Link Failure;X2 link problem to one or several neighbouring eNodeBs. AI: PLMN ID-eNB ID 1 = 2221-650499 PLMN ID-eNB ID 2 = 2221-601435 PLMN ID-eNB ID 3 = 2221-650569 PLMN ID-eNB ID 4 = 2221-650463
2025-09-11;06:26:31;AL  ;Cleared;ENodeBFunction=1;External Link to GNodeB Failure;X2 link problem to one or several neighbouring gNodeBs. AI: PLMN ID-gNB ID 1 = 2221-1053439
2025-09-11;06:28:21;AL  ;Minor ;ENodeBFunction=1;External Link to GNodeB Failure;X2 link problem to one or several neighbouring gNodeBs. AI: PLMN ID-gNB ID 1 = 2221-1054059
2025-09-11;06:28:26;AL  ;Minor ;ENodeBFunction=1;External Link Failure;X2 link problem to one or several neighbouring eNodeBs. AI: PLMN ID-eNB ID 1 = 2221-650499 PLMN ID-eNB ID 2 = 2221-650569 PLMN ID-eNB ID 3 = 2221-650463 PLMN ID-eNB ID 4 = 2221-650397
2025-09-11;06:37:17;AL  ;Minor ;ENodeBFunction=1;External Link Failure;X2 link problem to one or several neighbouring eNodeBs. AI: PLMN ID-eNB ID 1 = 2221-650499 PLMN ID-eNB ID 2 = 2221-650569 PLMN ID-eNB ID 3 = 2221-650463 PLMN ID-eNB ID 4 = 2221-650397 PLMN ID-eNB ID 5 = 2221-650270
2025-09-11;06:37:26;AL  ;Minor ;ENodeBFunction=1;External Link to GNodeB Failure;X2 link problem to one or several neighbouring gNodeBs. AI: PLMN ID-gNB ID 1 = 2221-1054059 PLMN ID-gNB ID 2 = 2221-1053439
2025-09-11;06:38:31;AL  ;Minor ;ENodeBFunction=1;External Link Failure;X2 link problem to one or several neighbouring eNodeBs. AI: PLMN ID-eNB ID 1 = 2221-650499 PLMN ID-eNB ID 2 = 2221-650569 PLMN ID-eNB ID 3 = 2221-650463 PLMN ID-eNB ID 4 = 2221-650397
2025-09-11;06:38:43;AL  ;Minor ;ENodeBFunction=1;External Link to GNodeB Failure;X2 link problem to one or several neighbouring gNodeBs. AI: PLMN ID-gNB ID 1 = 2221-1054059
2025-09-11;06:41:41;AL  ;Minor ;ENodeBFunction=1;External Link to GNodeB Failure;X2 link problem to one or several neighbouring gNodeBs. AI: PLMN ID-gNB ID 1 = 2221-1054059 PLMN ID-gNB ID 2 = 2221-1056184
2025-09-11;06:42:27;AL  ;Minor ;ENodeBFunction=1;External Link Failure;X2 link problem to one or several neighbouring eNodeBs. AI: PLMN ID-eNB ID 1 = 2221-650499 PLMN ID-eNB ID 2 = 2221-650569 PLMN ID-eNB ID 3 = 2221-650463 PLMN ID-eNB ID 4 = 2221-650397 PLMN ID-eNB ID 5 = 2221-650324
2025-09-11;06:47:13;AL  ;Minor ;ENodeBFunction=1;External Link to GNodeB Failure;X2 link problem to one or several neighbouring gNodeBs. AI: PLMN ID-gNB ID 1 = 2221-1054059
2025-09-11;06:47:25;AL  ;Minor ;ENodeBFunction=1;External Link Failure;X2 link problem to one or several neighbouring eNodeBs. AI: PLMN ID-eNB ID 1 = 2221-650499 PLMN ID-eNB ID 2 = 2221-650569 PLMN ID-eNB ID 3 = 2221-650463 PLMN ID-eNB ID 4 = 2221-650397
2025-09-11;06:57:06;AL  ;Cleared;ENodeBFunction=1;External Link to GNodeB Failure;X2 link problem to one or several neighbouring gNodeBs. AI: PLMN ID-gNB ID 1 = 2221-1054059
2025-09-11;06:57:15;AL  ;Minor ;ENodeBFunction=1;External Link Failure;X2 link problem to one or several neighbouring eNodeBs. AI: PLMN ID-eNB ID 1 = 2221-650499 PLMN ID-eNB ID 2 = 2221-650569 PLMN ID-eNB ID 3 = 2221-650463
2025-09-11;07:15:33;AL  ;Minor ;ENodeBFunction=1;External Link Failure;X2 link problem to one or several neighbouring eNodeBs. AI: PLMN ID-eNB ID 1 = 2221-650499
2025-09-11;09:47:43;AL  ;Minor ;ENodeBFunction=1;External Link Failure;X2 link problem to one or several neighbouring eNodeBs. AI: PLMN ID-eNB ID 1 = 2221-650499 PLMN ID-eNB ID 2 = 2221-601509
2025-09-11;09:53:59;AL  ;Minor ;ENodeBFunction=1;External Link Failure;X2 link problem to one or several neighbouring eNodeBs. AI: PLMN ID-eNB ID 1 = 2221-601509
2025-09-11;10:04:07;AL  ;Cleared;ENodeBFunction=1;External Link Failure;X2 link problem to one or several neighbouring eNodeBs. AI: PLMN ID-eNB ID 1 = 2221-601509
2025-09-11;10:33:42;AL  ;Minor ;ENodeBFunction=1;External Link Failure;X2 link problem to one or several neighbouring eNodeBs. AI: PLMN ID-eNB ID 1 = 2221-650474
2025-09-11;11:06:23;AL  ;Minor ;ENodeBFunction=1;External Link Failure;X2 link problem to one or several neighbouring eNodeBs. AI: PLMN ID-eNB ID 1 = 2221-650474 PLMN ID-eNB ID 2 = 2221-650693
2025-09-11;11:11:00;AL  ;Minor ;ENodeBFunction=1;External Link Failure;X2 link problem to one or several neighbouring eNodeBs. AI: PLMN ID-eNB ID 1 = 2221-650474
2025-09-11;11:56:12;AL  ;Minor ;ENodeBFunction=1;External Link Failure;X2 link problem to one or several neighbouring eNodeBs. AI: PLMN ID-eNB ID 1 = 2221-650474 PLMN ID-eNB ID 2 = 2221-650693
2025-09-11;12:47:38;AL  ;Minor ;ENodeBFunction=1;External Link Failure;X2 link problem to one or several neighbouring eNodeBs. AI: PLMN ID-eNB ID 1 = 2221-650474
2025-09-11;12:59:15;AL  ;Minor ;ENodeBFunction=1;External Link Failure;X2 link problem to one or several neighbouring eNodeBs. AI: PLMN ID-eNB ID 1 = 2221-650474 PLMN ID-eNB ID 2 = 2221-650693
2025-09-11;13:28:07;AL  ;Minor ;ENodeBFunction=1;External Link Failure;X2 link problem to one or several neighbouring eNodeBs. AI: PLMN ID-eNB ID 1 = 2221-650693
2025-09-11;14:14:38;AL  ;Cleared;ENodeBFunction=1;External Link Failure;X2 link problem to one or several neighbouring eNodeBs. AI: PLMN ID-eNB ID 1 = 2221-650693
2025-09-12;20:55:43;AL  ;Minor ;ENodeBFunction=1;External Link Failure;X2 link problem to one or several neighbouring eNodeBs. AI: PLMN ID-eNB ID 1 = 2221-650562 PLMN ID-eNB ID 2 = 2221-209401
2025-09-13;09:20:35;AL  ;Cleared;ENodeBFunction=1;External Link Failure;X2 link problem to one or several neighbouring eNodeBs. AI: PLMN ID-eNB ID 1 = 2221-650562 PLMN ID-eNB ID 2 = 2221-209401
2025-09-15;09:28:45;AL  ;Minor ;ENodeBFunction=1;External Link Failure;X2 link problem to one or several neighbouring eNodeBs. AI: PLMN ID-eNB ID 1 = 2221-650677
2025-09-15;13:38:42;AL  ;Cleared;ENodeBFunction=1;External Link Failure;X2 link problem to one or several neighbouring eNodeBs. AI: PLMN ID-eNB ID 1 = 2221-650677
2025-09-15;23:22:13;AL  ;Minor ;ENodeBFunction=1;External Link Failure;X2 link problem to one or several neighbouring eNodeBs. AI: PLMN ID-eNB ID 1 = 2221-300627
2025-09-15;23:34:31;AL  ;Cleared;ENodeBFunction=1;External Link Failure;X2 link problem to one or several neighbouring eNodeBs. AI: PLMN ID-eNB ID 1 = 2221-300627
2025-09-16;02:30:30;AL  ;Minor ;ENodeBFunction=1;External Link Failure;X2 link problem to one or several neighbouring eNodeBs. AI: PLMN ID-eNB ID 1 = 2221-650773
2025-09-16;02:32:21;AL  ;Minor ;ENodeBFunction=1;External Link Failure;X2 link problem to one or several neighbouring eNodeBs. AI: PLMN ID-eNB ID 1 = 2221-650773 PLMN ID-eNB ID 2 = 2221-209450
2025-09-16;02:39:51;AL  ;Minor ;ENodeBFunction=1;External Link Failure;X2 link problem to one or several neighbouring eNodeBs. AI: PLMN ID-eNB ID 1 = 2221-650773
2025-09-16;02:40:35;AL  ;Cleared;ENodeBFunction=1;External Link Failure;X2 link problem to one or several neighbouring eNodeBs. AI: PLMN ID-eNB ID 1 = 2221-650773
2025-09-16;06:41:03;AL  ;Minor ;ENodeBFunction=1;External Link Failure;X2 link problem to one or several neighbouring eNodeBs. AI: PLMN ID-eNB ID 1 = 2221-300294
2025-09-16;08:41:57;AL  ;Cleared;ENodeBFunction=1;External Link Failure;X2 link problem to one or several neighbouring eNodeBs. AI: PLMN ID-eNB ID 1 = 2221-300294
2025-09-16;09:56:32;AL  ;Warning;ENodeBFunction=1;PLMN Service Redundancy Lost;S1 connection failure for PLMN connected with link represented by MO listed in Additional Information. AI: PLMN = ["2221"],DN1=ManagedElement=1,ENodeBFunction=1,TermPointToMme=5,
2025-09-16;09:57:05;AL  ;Cleared;ENodeBFunction=1;PLMN Service Redundancy Lost;S1 connection failure for PLMN connected with link represented by MO listed in Additional Information. AI: PLMN = ["2221"],DN1=ManagedElement=1,ENodeBFunction=1,TermPointToMme=5,
2025-09-16;09:59:29;AL  ;Warning;ENodeBFunction=1;PLMN Service Redundancy Lost;S1 connection failure for PLMN connected with link represented by MO listed in Additional Information. AI: PLMN = ["2221"],DN1=ManagedElement=1,ENodeBFunction=1,TermPointToMme=5,
2025-09-16;09:59:59;AL  ;Cleared;ENodeBFunction=1;PLMN Service Redundancy Lost;S1 connection failure for PLMN connected with link represented by MO listed in Additional Information. AI: PLMN = ["2221"],DN1=ManagedElement=1,ENodeBFunction=1,TermPointToMme=5,
2025-09-16;17:53:54;AL  ;Minor ;ENodeBFunction=1;External Link Failure;X2 link problem to one or several neighbouring eNodeBs. AI: PLMN ID-eNB ID 1 = 2221-650677
2025-09-16;18:02:39;AL  ;Cleared;ENodeBFunction=1;External Link Failure;X2 link problem to one or several neighbouring eNodeBs. AI: PLMN ID-eNB ID 1 = 2221-650677
2025-09-19;08:10:09;AL  ;Minor ;ENodeBFunction=1;External Link Failure;X2 link problem to one or several neighbouring eNodeBs. AI: PLMN ID-eNB ID 1 = 2221-650133
2025-09-19;09:08:33;AL  ;Cleared;ENodeBFunction=1;External Link Failure;X2 link problem to one or several neighbouring eNodeBs. AI: PLMN ID-eNB ID 1 = 2221-650133
2025-09-23;10:01:41;AL  ;Minor ;ENodeBFunction=1;External Link Failure;X2 link problem to one or several neighbouring eNodeBs. AI: PLMN ID-eNB ID 1 = 2221-650482
2025-09-23;10:09:40;AL  ;Cleared;ENodeBFunction=1;External Link Failure;X2 link problem to one or several neighbouring eNodeBs. AI: PLMN ID-eNB ID 1 = 2221-650482
2025-09-24;15:21:33;AL  ;Minor ;ENodeBFunction=1;External Link Failure;X2 link problem to one or several neighbouring eNodeBs. AI: PLMN ID-eNB ID 1 = 2221-650510
2025-09-24;21:29:38;AL  ;Minor ;ENodeBFunction=1;External Link Failure;X2 link problem to one or several neighbouring eNodeBs. AI: PLMN ID-eNB ID 1 = 2221-650510 PLMN ID-eNB ID 2 = 2221-650599
2025-09-24;21:36:56;AL  ;Minor ;ENodeBFunction=1;External Link Failure;X2 link problem to one or several neighbouring eNodeBs. AI: PLMN ID-eNB ID 1 = 2221-650510
2025-09-25;12:13:26;AL  ;Cleared;ENodeBFunction=1;External Link Failure;X2 link problem to one or several neighbouring eNodeBs. AI: PLMN ID-eNB ID 1 = 2221-650510
2025-09-27;08:05:57;AL  ;Minor ;ENodeBFunction=1;External Link Failure;X2 link problem to one or several neighbouring eNodeBs. AI: PLMN ID-eNB ID 1 = 2221-600315
2025-09-27;08:10:03;AL  ;Cleared;ENodeBFunction=1;External Link Failure;X2 link problem to one or several neighbouring eNodeBs. AI: PLMN ID-eNB ID 1 = 2221-600315
2025-09-28;01:03:11;AL  ;Minor ;ENodeBFunction=1;External Link Failure;X2 link problem to one or several neighbouring eNodeBs. AI: PLMN ID-eNB ID 1 = 2221-600365
2025-09-28;07:35:11;AL  ;Cleared;ENodeBFunction=1;External Link Failure;X2 link problem to one or several neighbouring eNodeBs. AI: PLMN ID-eNB ID 1 = 2221-600365
2025-09-29;15:06:30;AL  ;Minor ;ENodeBFunction=1;External Link Failure;X2 link problem to one or several neighbouring eNodeBs. AI: PLMN ID-eNB ID 1 = 2221-650172
2025-09-29;15:14:23;AL  ;Cleared;ENodeBFunction=1;External Link Failure;X2 link problem to one or several neighbouring eNodeBs. AI: PLMN ID-eNB ID 1 = 2221-650172
2025-09-30;08:58:48;AL  ;Minor ;ENodeBFunction=1;External Link Failure;X2 link problem to one or several neighbouring eNodeBs. AI: PLMN ID-eNB ID 1 = 2221-650220
2025-09-30;13:01:20;AL  ;Cleared;ENodeBFunction=1;External Link Failure;X2 link problem to one or several neighbouring eNodeBs. AI: PLMN ID-eNB ID 1 = 2221-650220
2025-10-02;03:24:12;AL  ;Minor ;ENodeBFunction=1;External Link Failure;X2 link problem to one or several neighbouring eNodeBs. AI: PLMN ID-eNB ID 1 = 2221-650726 PLMN ID-eNB ID 2 = 2221-650826
2025-10-02;03:43:10;AL  ;Cleared;ENodeBFunction=1;External Link Failure;X2 link problem to one or several neighbouring eNodeBs. AI: PLMN ID-eNB ID 1 = 2221-650726 PLMN ID-eNB ID 2 = 2221-650826
2025-10-02;07:32:24;AL  ;Minor ;ENodeBFunction=1;External Link Failure;X2 link problem to one or several neighbouring eNodeBs. AI: PLMN ID-eNB ID 1 = 2221-212736
2025-10-02;07:34:22;AL  ;Cleared;ENodeBFunction=1;External Link Failure;X2 link problem to one or several neighbouring eNodeBs. AI: PLMN ID-eNB ID 1 = 2221-212736
2025-10-03;07:38:50;AL  ;Minor ;ENodeBFunction=1;External Link Failure;X2 link problem to one or several neighbouring eNodeBs. AI: PLMN ID-eNB ID 1 = 2221-650254
2025-10-03;10:23:55;AL  ;Cleared;ENodeBFunction=1;External Link Failure;X2 link problem to one or several neighbouring eNodeBs. AI: PLMN ID-eNB ID 1 = 2221-650254
2025-10-04;05:08:28;AL  ;Minor ;ENodeBFunction=1;External Link Failure;X2 link problem to one or several neighbouring eNodeBs. AI: PLMN ID-eNB ID 1 = 2221-212736
2025-10-04;05:10:26;AL  ;Cleared;ENodeBFunction=1;External Link Failure;X2 link problem to one or several neighbouring eNodeBs. AI: PLMN ID-eNB ID 1 = 2221-212736
2025-10-05;11:41:49;AL  ;Minor ;ENodeBFunction=1;External Link Failure;X2 link problem to one or several neighbouring eNodeBs. AI: PLMN ID-eNB ID 1 = 2221-212736
2025-10-05;11:43:47;AL  ;Cleared;ENodeBFunction=1;External Link Failure;X2 link problem to one or several neighbouring eNodeBs. AI: PLMN ID-eNB ID 1 = 2221-212736
2025-10-05;15:42:48;AL  ;Minor ;ENodeBFunction=1;External Link Failure;X2 link problem to one or several neighbouring eNodeBs. AI: PLMN ID-eNB ID 1 = 2221-650270 PLMN ID-eNB ID 2 = 2221-209583
2025-10-05;15:44:06;AL  ;Minor ;ENodeBFunction=1;External Link to GNodeB Failure;X2 link problem to one or several neighbouring gNodeBs. AI: PLMN ID-gNB ID 1 = 2221-1053439
2025-10-05;15:45:54;AL  ;Minor ;ENodeBFunction=1;External Link Failure;X2 link problem to one or several neighbouring eNodeBs. AI: PLMN ID-eNB ID 1 = 2221-650270 PLMN ID-eNB ID 2 = 2221-209583 PLMN ID-eNB ID 3 = 2221-650463
2025-10-05;15:59:07;AL  ;Cleared;ENodeBFunction=1;External Link to GNodeB Failure;X2 link problem to one or several neighbouring gNodeBs. AI: PLMN ID-gNB ID 1 = 2221-1053439
2025-10-05;15:59:16;AL  ;Minor ;ENodeBFunction=1;External Link Failure;X2 link problem to one or several neighbouring eNodeBs. AI: PLMN ID-eNB ID 1 = 2221-650463 PLMN ID-eNB ID 2 = 2221-650569
2025-10-05;16:06:19;AL  ;Minor ;ENodeBFunction=1;External Link Failure;X2 link problem to one or several neighbouring eNodeBs. AI: PLMN ID-eNB ID 1 = 2221-650463 PLMN ID-eNB ID 2 = 2221-650569 PLMN ID-eNB ID 3 = 2221-650397
2025-10-05;16:06:16;AL  ;Minor ;ENodeBFunction=1;External Link to GNodeB Failure;X2 link problem to one or several neighbouring gNodeBs. AI: PLMN ID-gNB ID 1 = 2221-1054059
2025-10-05;16:09:40;AL  ;Minor ;ENodeBFunction=1;External Link Failure;X2 link problem to one or several neighbouring eNodeBs. AI: PLMN ID-eNB ID 1 = 2221-650569 PLMN ID-eNB ID 2 = 2221-650397
2025-10-05;16:13:46;AL  ;Minor ;ENodeBFunction=1;External Link to GNodeB Failure;X2 link problem to one or several neighbouring gNodeBs. AI: PLMN ID-gNB ID 1 = 2221-1054059 PLMN ID-gNB ID 2 = 2221-1056184
2025-10-05;16:17:55;AL  ;Cleared;ENodeBFunction=1;External Link Failure;X2 link problem to one or several neighbouring eNodeBs. AI: PLMN ID-eNB ID 1 = 2221-650397
2025-10-05;16:18:07;AL  ;Cleared;ENodeBFunction=1;External Link to GNodeB Failure;X2 link problem to one or several neighbouring gNodeBs. AI: PLMN ID-gNB ID 1 = 2221-1054059 PLMN ID-gNB ID 2 = 2221-1056184
2025-10-05;17:05:24;AL  ;Minor ;ENodeBFunction=1;External Link to GNodeB Failure;X2 link problem to one or several neighbouring gNodeBs. AI: PLMN ID-gNB ID 1 = 2221-1054059
2025-10-05;17:06:42;AL  ;Cleared;ENodeBFunction=1;External Link to GNodeB Failure;X2 link problem to one or several neighbouring gNodeBs. AI: PLMN ID-gNB ID 1 = 2221-1054059
2025-10-05;20:00:11;AL  ;Minor ;ENodeBFunction=1;External Link Failure;X2 link problem to one or several neighbouring eNodeBs. AI: PLMN ID-eNB ID 1 = 2221-650605
2025-10-05;20:00:29;AL  ;Cleared;ENodeBFunction=1;External Link Failure;X2 link problem to one or several neighbouring eNodeBs. AI: PLMN ID-eNB ID 1 = 2221-650605
2025-10-05;20:16:58;AL  ;Minor ;ENodeBFunction=1;External Link Failure;X2 link problem to one or several neighbouring eNodeBs. AI: PLMN ID-eNB ID 1 = 2221-650726
2025-10-05;20:17:18;AL  ;Cleared;ENodeBFunction=1;External Link Failure;X2 link problem to one or several neighbouring eNodeBs. AI: PLMN ID-eNB ID 1 = 2221-650726
2025-10-06;07:42:30;AL  ;Minor ;EthernetPort=TN_A;Ethernet Link Failure;Connected to physical port TnPort=TN_A
2025-10-06;07:46:40;AL  ;Cleared;EthernetPort=TN_A;Ethernet Link Failure;Connected to physical port TnPort=TN_A
2025-10-06;07:46:46;AL  ;Minor ;FieldReplaceableUnit=Radio-S211-1,RfPort=R;Current Too High;Connected devices demand too much.
2025-10-06;07:47:17;AL  ;Major ;EUtranCellFDD=CS82E1;Service Unavailable;This is a secondary alarm, use alarm correlation information in Additional Information to find primary alarm.
2025-10-06;07:47:17;AL  ;Major ;NbIotCell=CS82N1;Service Unavailable;This is a secondary alarm, use alarm correlation information in Additional Information to find primary alarm.
2025-10-06;07:47:17;AL  ;Major ;EUtranCellFDD=CS82E2;Service Unavailable;This is a secondary alarm, use alarm correlation information in Additional Information to find primary alarm.
2025-10-06;07:47:18;AL  ;Major ;NbIotCell=CS82N2;Service Unavailable;This is a secondary alarm, use alarm correlation information in Additional Information to find primary alarm.
2025-10-06;07:47:18;AL  ;Major ;EUtranCellFDD=CS82E3;Service Unavailable;This is a secondary alarm, use alarm correlation information in Additional Information to find primary alarm.
2025-10-06;07:47:18;AL  ;Major ;NbIotCell=CS82N3;Service Unavailable;This is a secondary alarm, use alarm correlation information in Additional Information to find primary alarm.
2025-10-06;07:47:19;AL  ;Major ;EUtranCellFDD=CS82M3;Service Unavailable;This is a secondary alarm, use alarm correlation information in Additional Information to find primary alarm.
2025-10-06;07:47:19;AL  ;Major ;EUtranCellFDD=CS82T3;Service Unavailable;This is a secondary alarm, use alarm correlation information in Additional Information to find primary alarm.
2025-10-06;07:47:19;AL  ;Major ;EUtranCellFDD=CS82M1;Service Unavailable;This is a secondary alarm, use alarm correlation information in Additional Information to find primary alarm.
2025-10-06;07:47:19;AL  ;Major ;EUtranCellFDD=CS82T1;Service Unavailable;This is a secondary alarm, use alarm correlation information in Additional Information to find primary alarm.
2025-10-06;07:47:21;AL  ;Major ;EUtranCellFDD=CS82M2;Service Unavailable;This is a secondary alarm, use alarm correlation information in Additional Information to find primary alarm.
2025-10-06;07:47:21;AL  ;Major ;EUtranCellFDD=CS82T2;Service Unavailable;This is a secondary alarm, use alarm correlation information in Additional Information to find primary alarm.
2025-10-06;07:48:00;AL  ;Cleared;EUtranCellFDD=CS82T3;Service Unavailable;This is a secondary alarm, use alarm correlation information in Additional Information to find primary alarm.
2025-10-06;07:48:00;AL  ;Cleared;EUtranCellFDD=CS82T2;Service Unavailable;This is a secondary alarm, use alarm correlation information in Additional Information to find primary alarm.
2025-10-06;07:48:00;AL  ;Cleared;EUtranCellFDD=CS82T1;Service Unavailable;This is a secondary alarm, use alarm correlation information in Additional Information to find primary alarm.
2025-10-06;07:48:00;AL  ;Cleared;EUtranCellFDD=CS82M3;Service Unavailable;This is a secondary alarm, use alarm correlation information in Additional Information to find primary alarm.
2025-10-06;07:48:00;AL  ;Cleared;EUtranCellFDD=CS82M2;Service Unavailable;This is a secondary alarm, use alarm correlation information in Additional Information to find primary alarm.
2025-10-06;07:48:00;AL  ;Cleared;EUtranCellFDD=CS82M1;Service Unavailable;This is a secondary alarm, use alarm correlation information in Additional Information to find primary alarm.
2025-10-06;07:48:00;AL  ;Cleared;EUtranCellFDD=CS82E3;Service Unavailable;This is a secondary alarm, use alarm correlation information in Additional Information to find primary alarm.
2025-10-06;07:48:00;AL  ;Cleared;EUtranCellFDD=CS82E2;Service Unavailable;This is a secondary alarm, use alarm correlation information in Additional Information to find primary alarm.
2025-10-06;07:48:00;AL  ;Cleared;EUtranCellFDD=CS82E1;Service Unavailable;This is a secondary alarm, use alarm correlation information in Additional Information to find primary alarm.
2025-10-06;07:48:02;AL  ;Cleared;NbIotCell=CS82N2;Service Unavailable;This is a secondary alarm, use alarm correlation information in Additional Information to find primary alarm.
2025-10-06;07:48:02;AL  ;Minor ;ENodeBFunction=1;Sync Time and Phase Accuracy Too Low;Time and phase sync accuracy crossed the threshold for features interworking with NR.
2025-10-06;07:48:02;AL  ;Minor ;EUtranCellFDD=CS82E2;Service Degraded;This is a secondary alarm, use alarm correlation information in Additional Information to find primary alarm.
2025-10-06;07:48:02;AL  ;Minor ;EUtranCellFDD=CS82E3;Service Degraded;This is a secondary alarm, use alarm correlation information in Additional Information to find primary alarm.
2025-10-06;07:48:02;AL  ;Cleared;NbIotCell=CS82N3;Service Unavailable;This is a secondary alarm, use alarm correlation information in Additional Information to find primary alarm.
2025-10-06;07:48:02;AL  ;Minor ;EUtranCellFDD=CS82E1;Service Degraded;This is a secondary alarm, use alarm correlation information in Additional Information to find primary alarm.
2025-10-06;07:48:02;AL  ;Cleared;NbIotCell=CS82N1;Service Unavailable;This is a secondary alarm, use alarm correlation information in Additional Information to find primary alarm.
2025-10-06;07:48:03;AL  ;Minor ;EUtranCellFDD=CS82T3;Service Degraded;This is a secondary alarm, use alarm correlation information in Additional Information to find primary alarm.
2025-10-06;07:48:03;AL  ;Minor ;EUtranCellFDD=CS82T1;Service Degraded;This is a secondary alarm, use alarm correlation information in Additional Information to find primary alarm.
2025-10-06;07:48:03;AL  ;Minor ;EUtranCellFDD=CS82T2;Service Degraded;This is a secondary alarm, use alarm correlation information in Additional Information to find primary alarm.
2025-10-06;07:48:03;AL  ;Minor ;EUtranCellFDD=CS82M3;Service Degraded;This is a secondary alarm, use alarm correlation information in Additional Information to find primary alarm.
2025-10-06;07:48:03;AL  ;Minor ;EUtranCellFDD=CS82M2;Service Degraded;This is a secondary alarm, use alarm correlation information in Additional Information to find primary alarm.
2025-10-06;07:48:04;AL  ;Minor ;EUtranCellFDD=CS82M1;Service Degraded;This is a secondary alarm, use alarm correlation information in Additional Information to find primary alarm.
2025-10-06;07:48:06;AL  ;Major ;Synchronization=1,RadioEquipmentClock=1,RadioEquipmentClockReference=PTP8275_2;Sync PTP Time Reachability Fault;No PTP messages
2025-10-06;07:50:05;AL  ;Cleared;Synchronization=1,RadioEquipmentClock=1,RadioEquipmentClockReference=PTP8275_2;Sync PTP Time Reachability Fault;No PTP messages
2025-10-06;07:52:06;AL  ;Minor ;AntennaUnitGroup=211,AntennaNearUnit=RET_1800_2100;SW Error;Contact next level of support and provide log files required by Data Collection Guideline.
2025-10-06;07:52:06;AL  ;Minor ;AntennaUnitGroup=211,AntennaNearUnit=RET_800_900;SW Error;Contact next level of support and provide log files required by Data Collection Guideline.
2025-10-06;08:48:38;AL  ;Cleared;FieldReplaceableUnit=Radio-S211-1,RfPort=R;Current Too High;Connected devices demand too much.
2025-10-06;08:48:38;AL  ;Cleared;AntennaUnitGroup=211,AntennaNearUnit=RET_1800_2100;SW Error;Contact next level of support and provide log files required by Data Collection Guideline.
2025-10-06;08:48:38;AL  ;Cleared;AntennaUnitGroup=211,AntennaNearUnit=RET_800_900;SW Error;Contact next level of support and provide log files required by Data Collection Guideline.
2025-10-06;08:48:38;AL  ;Cleared;EUtranCellFDD=CS82E1;Service Degraded;This is a secondary alarm, use alarm correlation information in Additional Information to find primary alarm.
2025-10-06;08:48:38;AL  ;Cleared;EUtranCellFDD=CS82E2;Service Degraded;This is a secondary alarm, use alarm correlation information in Additional Information to find primary alarm.
2025-10-06;08:48:38;AL  ;Cleared;EUtranCellFDD=CS82E3;Service Degraded;This is a secondary alarm, use alarm correlation information in Additional Information to find primary alarm.
2025-10-06;08:48:39;AL  ;Cleared;EUtranCellFDD=CS82M1;Service Degraded;This is a secondary alarm, use alarm correlation information in Additional Information to find primary alarm.
2025-10-06;08:48:39;AL  ;Cleared;EUtranCellFDD=CS82M2;Service Degraded;This is a secondary alarm, use alarm correlation information in Additional Information to find primary alarm.
2025-10-06;08:48:39;AL  ;Cleared;EUtranCellFDD=CS82M3;Service Degraded;This is a secondary alarm, use alarm correlation information in Additional Information to find primary alarm.
2025-10-06;08:48:39;AL  ;Cleared;EUtranCellFDD=CS82T1;Service Degraded;This is a secondary alarm, use alarm correlation information in Additional Information to find primary alarm.
2025-10-06;08:48:39;AL  ;Cleared;EUtranCellFDD=CS82T2;Service Degraded;This is a secondary alarm, use alarm correlation information in Additional Information to find primary alarm.
2025-10-06;08:48:39;AL  ;Cleared;EUtranCellFDD=CS82T3;Service Degraded;This is a secondary alarm, use alarm correlation information in Additional Information to find primary alarm.
2025-10-06;08:48:39;AL  ;Cleared;ENodeBFunction=1;Sync Time and Phase Accuracy Too Low;Time and phase sync accuracy crossed the threshold for features interworking with NR.
2025-10-06;08:50:40;AL  ;Minor ;AntennaUnitGroup=211,AntennaNearUnit=RET_1800_2100;SW Error;Contact next level of support and provide log files required by Data Collection Guideline.
2025-10-06;08:50:40;AL  ;Minor ;AntennaUnitGroup=211,AntennaNearUnit=RET_800_900;SW Error;Contact next level of support and provide log files required by Data Collection Guideline.
2025-10-06;08:50:50;AL  ;Minor ;FieldReplaceableUnit=Radio-S211-1,RfPort=R;Current Too High;Connected devices demand too much.
2025-10-06;08:51:30;AL  ;Minor ;ENodeBFunction=1;External Link Failure;X2 link problem to one or several neighbouring eNodeBs. AI: PLMN ID-eNB ID 1 = 2221-650496
2025-10-06;08:51:41;AL  ;Minor ;FieldReplaceableUnit=Radio-S211-1;SW Error;Contact next level of support and provide log files required by Data Collection Guideline (Mixed Mode with other ME). AI: UI=[{"PN":"Radio 2279 22B8 22B20 C","SN":"TU8U01FX89","PNR":"KRC 161 864/1","PR":"R1E"}]
2025-10-06;08:52:43;AL  ;Major ;EUtranCellFDD=CS82E2;Service Unavailable;This is a secondary alarm, use alarm correlation information in Additional Information to find primary alarm.
2025-10-06;08:52:43;AL  ;Major ;NbIotCell=CS82N2;Service Unavailable;This is a secondary alarm, use alarm correlation information in Additional Information to find primary alarm.
2025-10-06;09:14:26;AL  ;Cleared;ENodeBFunction=1;External Link Failure;X2 link problem to one or several neighbouring eNodeBs. AI: PLMN ID-eNB ID 1 = 2221-650496
2025-10-06;09:25:30;AL  ;Minor ;ENodeBFunction=1;External Link Failure;X2 link problem to one or several neighbouring eNodeBs. AI: PLMN ID-eNB ID 1 = 2221-601509
2025-10-06;14:48:26;AL  ;Minor ;ENodeBFunction=1;External Link Failure;X2 link problem to one or several neighbouring eNodeBs. AI: PLMN ID-eNB ID 1 = 2221-601509 PLMN ID-eNB ID 2 = 2221-650510
2025-10-06;16:41:05;AL  ;Cleared;FieldReplaceableUnit=Radio-S211-1,RfPort=R;Current Too High;Connected devices demand too much.
2025-10-06;16:42:42;AL  ;Minor ;FieldReplaceableUnit=Radio-S211-1,RfPort=R;Current Too High;Connected devices demand too much.
2025-10-06;16:43:12;AL  ;Cleared;FieldReplaceableUnit=Radio-S211-1,RfPort=R;Current Too High;Connected devices demand too much.
2025-10-06;16:43:22;AL  ;Minor ;AntennaUnitGroup=211,AntennaNearUnit=RET_1800_2100;No Connection;Antenna near unit controller occupied.
2025-10-06;16:43:22;AL  ;Minor ;AntennaUnitGroup=211,AntennaNearUnit=RET_800_900;No Connection;Antenna near unit controller occupied.
2025-10-06;16:45:20;AL  ;Cleared;AntennaUnitGroup=211,AntennaNearUnit=RET_1800_2100;No Connection;Antenna near unit controller occupied.
2025-10-06;16:45:20;AL  ;Cleared;AntennaUnitGroup=211,AntennaNearUnit=RET_800_900;No Connection;Antenna near unit controller occupied.
2025-10-06;16:45:37;AL  ;Major ;EUtranCellFDD=CS82E2;Resource Configuration Failure;Other error allocating carrier lte BW 10000/subband BW 0: Adding carrier to carrier list failed! (Mixed Mode with other ME).
2025-10-06;16:45:37;AL  ;Major ;NbIotCell=CS82N2;Service Unavailable;This is a secondary alarm, use alarm correlation information in Additional Information to find primary alarm.
2025-10-06;16:45:42;AL  ;Minor ;AntennaUnitGroup=211,AntennaNearUnit=RET_1800_2100;No Connection;Antenna near unit controller occupied.
2025-10-06;16:45:42;AL  ;Minor ;AntennaUnitGroup=211,AntennaNearUnit=RET_800_900;No Connection;Antenna near unit controller occupied.
2025-10-06;16:51:26;AL  ;Minor ;ENodeBFunction=1;External Link Failure;X2 link problem to one or several neighbouring eNodeBs. AI: PLMN ID-eNB ID 1 = 2221-650510
2025-10-06;17:12:04;AL  ;Minor ;ENodeBFunction=1;External Link Failure;X2 link problem to one or several neighbouring eNodeBs. AI: PLMN ID-eNB ID 1 = 2221-650510
2025-10-06;17:24:29;AL  ;Cleared;NbIotCell=CS82N2;Service Unavailable;This is a secondary alarm, use alarm correlation information in Additional Information to find primary alarm.
2025-10-06;17:24:29;AL  ;Cleared;EUtranCellFDD=CS82E2;Resource Configuration Failure;Other error allocating carrier lte BW 10000/subband BW 0: Adding carrier to carrier list failed! (Mixed Mode with other ME).
2025-10-06;17:24:45;AL  ;Major ;EUtranCellFDD=CS82E2;Resource Configuration Failure;Other error allocating carrier lte BW 10000/subband BW 0: Adding carrier to carrier list failed! (Mixed Mode with other ME).
2025-10-06;17:24:45;AL  ;Major ;NbIotCell=CS82N2;Service Unavailable;This is a secondary alarm, use alarm correlation information in Additional Information to find primary alarm.
2025-10-06;17:31:16;AL  ;Minor ;FieldReplaceableUnit=Radio-S211-1,RfPort=R;Current Too High;Connected devices demand too much.
2025-10-06;17:31:29;AL  ;Minor ;EUtranCellFDD=CS82E2;Resource Configuration Failure Service Degraded;Other error allocating carrier lte BW 10000/subband BW 0: Adding carrier to carrier list failed! (Mixed Mode with other ME).
2025-10-06;17:31:33;AL  ;Minor ;NbIotCell=CS82N2;Resource Configuration Failure Service Degraded;Other error allocating carrier lte BW 10000/subband BW 0: Adding carrier to carrier list failed! (Mixed Mode with other ME).
2025-10-06;17:34:02;AL  ;Cleared;FieldReplaceableUnit=Radio-S211-1,RfPort=R;Current Too High;Connected devices demand too much.
2025-10-06;17:34:02;AL  ;Cleared;EUtranCellFDD=CS82E2;Resource Configuration Failure Service Degraded;Other error allocating carrier lte BW 10000/subband BW 0: Adding carrier to carrier list failed! (Mixed Mode with other ME).
2025-10-06;17:34:03;AL  ;Cleared;NbIotCell=CS82N2;Resource Configuration Failure Service Degraded;Other error allocating carrier lte BW 10000/subband BW 0: Adding carrier to carrier list failed! (Mixed Mode with other ME).
2025-10-06;17:34:19;AL  ;Major ;EUtranCellFDD=CS82E2;Resource Configuration Failure;Other error allocating carrier lte BW 10000/subband BW 0: Adding carrier to carrier list failed! (Mixed Mode with other ME).
2025-10-06;17:34:19;AL  ;Major ;NbIotCell=CS82N2;Service Unavailable;This is a secondary alarm, use alarm correlation information in Additional Information to find primary alarm.
2025-10-06;17:34:25;AL  ;Minor ;FieldReplaceableUnit=Radio-S211-1,RfPort=R;Current Too High;Connected devices demand too much.
2025-10-06;17:36:28;AL  ;Minor ;AntennaUnitGroup=211,AntennaNearUnit=RET_800_900;SW Error;Contact next level of support and provide log files required by Data Collection Guideline.
2025-10-06;17:39:56;AL  ;Minor ;ENodeBFunction=1;External Link Failure;X2 link problem to one or several neighbouring eNodeBs. AI: PLMN ID-eNB ID 1 = 2221-650510
2025-10-07;09:27:25;AL  ;Minor ;ENodeBFunction=1;External Link Failure;X2 link problem to one or several neighbouring eNodeBs. AI: PLMN ID-eNB ID 1 = 2221-650510 PLMN ID-eNB ID 2 = 2221-212736


CS82T> lgec -m 30d

251007-12:31:10+0200 19.31.7.247 25.0h MSRBS_NODE_MODEL_25.Q1_198665.224.73_bf81 stopfile=/tmp/1310219

Startdate=20250907.103110, Enddate=20251008.103110
Date;Time;Log;Severity;Object;Event;Cause;AdditionalText;AckState;Id;NotificationId;CorrelatedAlarms
Executing action Log.export()
..
Log=AlertLog                    actionId=50945
.................
=================================================================================================================
MO                  actionId result      resultInfo
=================================================================================================================
LogM=1,Log=AlertLog 50945    1 (SUCCESS)           
cat  /ericsson/log/amos/moshell_logfiles/t20251007_37258710_53697/logs_moshell/tempfiles/scp-2-amos_20251007-123006_1310101/rcslogs/AlertLog_20220428__080203_20250830__084616.log /ericsson/log/amos/moshell_logfiles/t20251007_37258710_53697/logs_moshell/tempfiles/scp-2-amos_20251007-123006_1310101/rcslogs/AlertLog_20250830__084616.log > /ericsson/log/amos/moshell_logfiles/t20251007_37258710_53697/logs_moshell/tempfiles/scp-2-amos_20251007-123006_1310101/eventLog1310219.xml
2025-10-06;07:43:51;EV  ;Warning;ManagedElement=CS82T;System Restart Alert;Requested Restart Category: Other, Requested Restart Type: Power, Performed Restart Category: Other, Performed Restart Type: Power. AI: SystemRestart=[{"RRC":"Other","RRT":"Power","PRC":"Other","PRT":"Power"}]
2025-10-06;07:44:00;EV  ;Warning;FieldReplaceableUnit=Radio-S210-1;Radio Restart Alert;Restart details are listed in Additional Information (Mixed Mode with other ME). AI: Restartdetails=[{"RC":"Other","RT":"Power On","ERI":"FALSE"}] :SUPPRESSED
2025-10-06;07:44:00;EV  ;Warning;FieldReplaceableUnit=Radio-S211-1;Radio Restart Alert;Restart details are listed in Additional Information (Mixed Mode with other ME). AI: Restartdetails=[{"RC":"Other","RT":"Power On","ERI":"FALSE"}] :SUPPRESSED
2025-10-06;07:44:01;EV  ;Warning;FieldReplaceableUnit=Radio-S212-1;Radio Restart Alert;Restart details are listed in Additional Information (Mixed Mode with other ME). AI: Restartdetails=[{"RC":"Other","RT":"Power On","ERI":"FALSE"}] :SUPPRESSED
2025-10-06;07:44:07;EV  ;Warning;FieldReplaceableUnit=Radio-S100-1;Radio Restart Alert;Restart details are listed in Additional Information AI: Restartdetails=[{"RC":"Other","RT":"Power On","ERI":"FALSE"}] :SUPPRESSED
2025-10-06;07:44:08;EV  ;Warning;FieldReplaceableUnit=Radio-S102-1;Radio Restart Alert;Restart details are listed in Additional Information AI: Restartdetails=[{"RC":"Other","RT":"Power On","ERI":"FALSE"}] :SUPPRESSED
2025-10-06;08:48:42;EV  ;Warning;EUtranCellFDD=CS82E1;Cell Service Unavailable Auto Recovery Initiated Alert;
2025-10-06;08:48:42;EV  ;Warning;EUtranCellFDD=CS82E2;Cell Service Unavailable Auto Recovery Initiated Alert;
2025-10-06;08:48:42;EV  ;Warning;EUtranCellFDD=CS82E3;Cell Service Unavailable Auto Recovery Initiated Alert;
2025-10-06;08:48:43;EV  ;Warning;EUtranCellFDD=CS82T2;Cell Service Unavailable Auto Recovery Initiated Alert;
2025-10-06;08:48:43;EV  ;Warning;EUtranCellFDD=CS82T3;Cell Service Unavailable Auto Recovery Initiated Alert;
2025-10-06;08:50:38;EV  ;Warning;RiLink=S210-1;Radio Interface Connectivity Disturbance Alert;Near end port:FieldReplaceableUnit=BB-1,RiPort=A (transportType=NOT_SET) (Mixed Mode with other ME). SUPPRESSED
2025-10-06;08:50:38;EV  ;Warning;RiLink=S211-1;Radio Interface Connectivity Disturbance Alert;Near end port:FieldReplaceableUnit=BB-1,RiPort=B (transportType=NOT_SET) (Mixed Mode with other ME). SUPPRESSED
2025-10-06;08:50:38;EV  ;Warning;RiLink=S212-1;Radio Interface Connectivity Disturbance Alert;Near end port:FieldReplaceableUnit=BB-1,RiPort=C (transportType=NOT_SET) (Mixed Mode with other ME). SUPPRESSED
2025-10-06;08:50:38;EV  ;Warning;RiLink=S100-1;Radio Interface Connectivity Disturbance Alert;Near end port:FieldReplaceableUnit=BB-1,RiPort=D (transportType=NOT_SET). SUPPRESSED
2025-10-06;08:50:38;EV  ;Warning;RiLink=S102-1;Radio Interface Connectivity Disturbance Alert;Near end port:FieldReplaceableUnit=BB-1,RiPort=E (transportType=NOT_SET). SUPPRESSED
2025-10-06;08:50:42;EV  ;Warning;EUtranCellFDD=CS82E1;Cell Service Available Auto Recovery Successful Alert;
2025-10-06;08:50:43;EV  ;Warning;EUtranCellFDD=CS82E3;Cell Service Available Auto Recovery Successful Alert;
2025-10-06;08:50:44;EV  ;Warning;EUtranCellFDD=CS82T3;Cell Service Available Auto Recovery Successful Alert;
2025-10-06;08:50:47;EV  ;Warning;EUtranCellFDD=CS82T2;Cell Service Available Auto Recovery Successful Alert;
2025-10-06;16:43:32;EV  ;Warning;ManagedElement=CS82T;System Restart Alert;Requested Restart Category: Operator Initiated, Requested Restart Type: Cold, Performed Restart Category: Operator Initiated, Performed Restart Type: Cold. AI: SystemRestart=[{"RRC":"Operator Initiated","RRT":"Cold","PRC":"Operator Initiated","PRT":"Cold"}]
2025-10-06;16:45:24;EV  ;Warning;EUtranCellFDD=CS82E1;Cell Service Unavailable Auto Recovery Initiated Alert;
2025-10-06;16:45:24;EV  ;Warning;EUtranCellFDD=CS82E2;Cell Service Unavailable Auto Recovery Initiated Alert;
2025-10-06;16:45:24;EV  ;Warning;EUtranCellFDD=CS82E3;Cell Service Unavailable Auto Recovery Initiated Alert;
2025-10-06;16:45:24;EV  ;Warning;EUtranCellFDD=CS82T1;Cell Service Unavailable Auto Recovery Initiated Alert;
2025-10-06;16:45:25;EV  ;Warning;EUtranCellFDD=CS82T2;Cell Service Unavailable Auto Recovery Initiated Alert;
2025-10-06;16:45:25;EV  ;Warning;EUtranCellFDD=CS82T3;Cell Service Unavailable Auto Recovery Initiated Alert;
2025-10-06;16:45:30;EV  ;Warning;RiLink=S210-1;Radio Interface Connectivity Disturbance Alert;Near end port:FieldReplaceableUnit=BB-1,RiPort=A (transportType=NOT_SET) (Mixed Mode with other ME). SUPPRESSED
2025-10-06;16:45:30;EV  ;Warning;RiLink=S211-1;Radio Interface Connectivity Disturbance Alert;Near end port:FieldReplaceableUnit=BB-1,RiPort=B (transportType=NOT_SET) (Mixed Mode with other ME). SUPPRESSED
2025-10-06;16:45:30;EV  ;Warning;RiLink=S212-1;Radio Interface Connectivity Disturbance Alert;Near end port:FieldReplaceableUnit=BB-1,RiPort=C (transportType=NOT_SET) (Mixed Mode with other ME). SUPPRESSED
2025-10-06;16:45:30;EV  ;Warning;RiLink=S100-1;Radio Interface Connectivity Disturbance Alert;Near end port:FieldReplaceableUnit=BB-1,RiPort=D (transportType=NOT_SET). SUPPRESSED
2025-10-06;16:45:30;EV  ;Warning;RiLink=S102-1;Radio Interface Connectivity Disturbance Alert;Near end port:FieldReplaceableUnit=BB-1,RiPort=E (transportType=NOT_SET). SUPPRESSED
2025-10-06;16:45:34;EV  ;Warning;EUtranCellFDD=CS82E1;Cell Service Available Auto Recovery Successful Alert;
2025-10-06;16:45:35;EV  ;Warning;EUtranCellFDD=CS82E3;Cell Service Available Auto Recovery Successful Alert;
2025-10-06;16:45:35;EV  ;Warning;EUtranCellFDD=CS82T3;Cell Service Available Auto Recovery Successful Alert;
2025-10-06;16:45:36;EV  ;Warning;EUtranCellFDD=CS82T1;Cell Service Available Auto Recovery Successful Alert;
2025-10-06;16:45:40;EV  ;Warning;EUtranCellFDD=CS82T2;Cell Service Available Auto Recovery Successful Alert;
2025-10-06;17:32:03;EV  ;Warning;ManagedElement=CS82T;System Restart Alert;Requested Restart Category: Operator Initiated, Requested Restart Type: Cold, Performed Restart Category: Operator Initiated, Performed Restart Type: Cold. AI: SystemRestart=[{"RRC":"Operator Initiated","RRT":"Cold","PRC":"Operator Initiated","PRT":"Cold"}]
2025-10-06;17:34:06;EV  ;Warning;EUtranCellFDD=CS82E2;Cell Service Unavailable Auto Recovery Initiated Alert;
2025-10-06;17:34:07;EV  ;Warning;EUtranCellFDD=CS82E1;Cell Service Unavailable Auto Recovery Initiated Alert;
2025-10-06;17:34:07;EV  ;Warning;EUtranCellFDD=CS82E3;Cell Service Unavailable Auto Recovery Initiated Alert;
2025-10-06;17:34:07;EV  ;Warning;EUtranCellFDD=CS82M3;Cell Service Unavailable Auto Recovery Initiated Alert;
2025-10-06;17:34:07;EV  ;Warning;EUtranCellFDD=CS82T1;Cell Service Unavailable Auto Recovery Initiated Alert;
2025-10-06;17:34:07;EV  ;Warning;EUtranCellFDD=CS82T2;Cell Service Unavailable Auto Recovery Initiated Alert;
2025-10-06;17:34:08;EV  ;Warning;EUtranCellFDD=CS82T3;Cell Service Unavailable Auto Recovery Initiated Alert;
2025-10-06;17:34:13;EV  ;Warning;RiLink=S210-1;Radio Interface Connectivity Disturbance Alert;Near end port:FieldReplaceableUnit=BB-1,RiPort=A (transportType=NOT_SET) (Mixed Mode with other ME). SUPPRESSED
2025-10-06;17:34:13;EV  ;Warning;RiLink=S211-1;Radio Interface Connectivity Disturbance Alert;Near end port:FieldReplaceableUnit=BB-1,RiPort=B (transportType=NOT_SET) (Mixed Mode with other ME). SUPPRESSED
2025-10-06;17:34:13;EV  ;Warning;RiLink=S212-1;Radio Interface Connectivity Disturbance Alert;Near end port:FieldReplaceableUnit=BB-1,RiPort=C (transportType=NOT_SET) (Mixed Mode with other ME). SUPPRESSED
2025-10-06;17:34:13;EV  ;Warning;RiLink=S100-1;Radio Interface Connectivity Disturbance Alert;Near end port:FieldReplaceableUnit=BB-1,RiPort=D (transportType=NOT_SET). SUPPRESSED
2025-10-06;17:34:13;EV  ;Warning;RiLink=S102-1;Radio Interface Connectivity Disturbance Alert;Near end port:FieldReplaceableUnit=BB-1,RiPort=E (transportType=NOT_SET). SUPPRESSED
2025-10-06;17:34:18;EV  ;Warning;EUtranCellFDD=CS82E1;Cell Service Available Auto Recovery Successful Alert;
2025-10-06;17:34:18;EV  ;Warning;EUtranCellFDD=CS82T3;Cell Service Available Auto Recovery Successful Alert;
2025-10-06;17:34:18;EV  ;Warning;EUtranCellFDD=CS82M3;Cell Service Available Auto Recovery Successful Alert;
2025-10-06;17:34:22;EV  ;Warning;EUtranCellFDD=CS82T2;Cell Service Available Auto Recovery Successful Alert;
2025-10-06;17:34:22;EV  ;Warning;EUtranCellFDD=CS82T1;Cell Service Available Auto Recovery Successful Alert;

Bye...
Output has been logged to file /mta_fs/UserFiles/37258710/amosbatch/2025-10-07_11-07-01_53697/CS82T.log
