Logging to file /mta_fs/UserFiles/37258710/amosbatch/2025-10-07_11-07-01_53697/CS8BE.log
                        __  __  ____   _____
                  /\   |  \/  |/ __ \ / ____|
                 /  \  | \  / | |  | | (___  
                / /\ \ | |\/| | |  | |\___ \ 
               / ____ \| |  | | |__| |____) |
              /_/    \_\_|  |_|\____/|_____/
              OSS Framework for MoShell-25.0h 
  Copyright (c) Ericsson AB 2001-2025 - All Rights Reserved
              
           
[1;31mWARNING: [0mthe AMOS version currently running is more than 22 weeks old and is unsupported.
Please upgrade as soon as possible to the latest released version, available from your local Ericsson support.

$amosrb_pid = 1159841

Checking ip contact...OK

HELP MENU            : h
BASIC MO COMMANDS    : m
OTHER MO COMMANDS    : n
OTHER COMMANDS       : o
PM COMMANDS          : p
QUIT                 : q

CS8BE> lt all

251007-12:10:19+0200 19.31.4.226 25.0h  stopfile=/tmp/1159648
Looking up temporary_amos account... OK.
Trying temporary_amos_t20251007_37258710_53697_313's password from amos lookupAccount ... OK

$ssh_pid = 1160707

Connected to 19.31.4.226 (SubNetwork=BBMM_rckomc_R,MeContext=CS8BE,ManagedElement=CS8BE)

Checking MOM version...MSRBS_NODE_MODEL_25.Q1_198665.224.73_bf81
Parsing MOM (cached): /ericsson/log/amos/moshell_logfiles/t20251007_37258710_53697/logs_moshell/tempfiles/scp-2-amos_20251007-121012_1159580/MSRBS_NODE_MODEL_25.Q1_198665.224.73_bf81.xml.cache.gz ......................................................................................................................................................................................................................Done.
Using paramfile /opt/ericsson/amos/moshell/commonjars/pm/PARAM_MSRBSG2_25.Q1.txt
Parsing file /opt/ericsson/amos/moshell/commonjars/pm/PARAM_MSRBSG2_25.Q1.txt ......................................................................................Done.
Using imomdfile /opt/ericsson/amos/moshell/commonjars/pm/IMOMD_MSRBS_22.Q4.txt
Using imomfile /opt/ericsson/amos/moshell/commonjars/pm/IMOM_MSRBS_25.Q1.txt
Connected to 19.31.4.226 (SubNetwork=BBMM_rckomc_R,MeContext=CS8BE,ManagedElement=CS8BE)

Last MO: 17450. Loaded 17450 MOs. Total: 17451 MOs.

CS8BE> hget EUtranCellFDD ^cellid

251007-12:10:38+0200 19.31.4.226 25.0h MSRBS_NODE_MODEL_25.Q1_198665.224.73_bf81 stopfile=/tmp/1159648
.
=================================================================================================================
MO                   cellId
=================================================================================================================
EUtranCellFDD=CS8BE1 61    
EUtranCellFDD=CS8BE2 62    
EUtranCellFDD=CS8BE3 63    
EUtranCellFDD=CS8BM1 31    
EUtranCellFDD=CS8BM2 32    
EUtranCellFDD=CS8BM3 33    
EUtranCellFDD=CS8BT1 41    
EUtranCellFDD=CS8BT2 42    
EUtranCellFDD=CS8BT3 43    
=================================================================================================================
Total: 9 MOs

Added 9 MOs to group: hget_group

CS8BE> hget NbIotCell ^cellid

251007-12:10:39+0200 19.31.4.226 25.0h MSRBS_NODE_MODEL_25.Q1_198665.224.73_bf81 stopfile=/tmp/1159648
.
=================================================================================================================
MO               cellId
=================================================================================================================
NbIotCell=CS8BN1 161   
NbIotCell=CS8BN2 162   
NbIotCell=CS8BN3 163   
=================================================================================================================
Total: 3 MOs

Added 3 MOs to group: hget_group

CS8BE> hget NRCellDU ^cellLocalId

251007-12:10:39+0200 19.31.4.226 25.0h MSRBS_NODE_MODEL_25.Q1_198665.224.73_bf81 stopfile=/tmp/1159648
Total: 0 MOs

CS8BE> lgdc -m 30d

251007-12:10:39+0200 19.31.4.226 25.0h MSRBS_NODE_MODEL_25.Q1_198665.224.73_bf81 stopfile=/tmp/1159648

Startdate=20250907.101040, Enddate=20251008.101040
INFO: Using amos lookupAccount credentials for the export login

Executing action LogM.exportAvailabilityLog()
...LogM=1,exportAvailabilityLog    actionId=23914
..........
=================================================================================================================
MO     actionId result      resultInfo
=================================================================================================================
LogM=1 23914    1 (SUCCESS)           
cp /ericsson/log/amos/moshell_logfiles/t20251007_37258710_53697/logs_moshell/tempfiles/scp-2-amos_20251007-121012_1159580/rcslogs/RBS_CS_AVAILABILITY_LOG_20251007101045.xml /ericsson/log/amos/moshell_logfiles/t20251007_37258710_53697/logs_moshell/tempfiles/scp-2-amos_20251007-121012_1159580/availabilityLog1159648.xml
Parsing availabilityLog........Done.
.....
Date;Time;RestartType;SwVersion;SwRelease;RCSDowntime;ApplicationDowntime;TNDowntime;RATsDowntime;ExtraInfo;ExtraInfo2
2025-09-08;07:01:16;PartialOutage(Manual);33% Lrat Cell 162; ();3s;;;;;
2025-09-08;07:01:19;PartialOutage(Manual);11% Lrat Cell 62; ();14s;;;;;
2025-09-08;07:01:39;PartialOutage(Manual);7% Lrat Cell 61; ();11s;;;;;
2025-09-08;07:01:57;PartialOutage(Manual);7% Lrat Cell 63; ();13s;;;;;
2025-09-08;07:02:16;PartialOutage(Manual);55% Lrat Cell 163; ();3s;;;;;
2025-09-08;07:02:19;PartialOutage(Manual);7% Lrat Cell 41; ();11s;;;;;
2025-09-08;07:02:34;PartialOutage(Manual);8% Lrat Cell 43; ();2s;;;;;
2025-09-08;07:02:58;PartialOutage(Manual);11% Lrat Cell 42; ();10s;;;;;
2025-09-08;07:03:15;PartialOutage(Manual);11% Lrat Cell 32; ();9s;;;;;
2025-09-08;07:03:28;PartialOutage(Manual);11% Lrat Cell 31; ();10s;;;;;
2025-09-08;07:03:41;PartialOutage(Manual);11% Lrat Cell 33; ();10s;;;;;

Node uptime since last restart: 2516823 seconds (29 days, 3 hours, 7 minutes, 3 seconds)
------------------------------------------------------------------------------------------------------
Period=30 days       NodeUpgrade      NodeManual       NodeSpontaneous  AllNodeRestarts  PartialOutages  
------------------------------------------------------------------------------------------------------
Number Of outages    0                0                0                0                11              
Total downtime       0s               0s               0s               0s               96s (1m36s)     
Downtime per day     0s               0s               0s               0s               3s              
Downtime per outage  0s               0s               0s               0s               9s              

CS8BE> lgac -m 30d

251007-12:10:54+0200 19.31.4.226 25.0h MSRBS_NODE_MODEL_25.Q1_198665.224.73_bf81 stopfile=/tmp/1159648

Startdate=20250907.101054, Enddate=20251008.101054
Date;Time;Log;Severity;Object;Event;Cause;AdditionalText;AckState;Id;NotificationId;CorrelatedAlarms
Executing action Log.export()
..
Log=AlarmLog                    actionId=23915
..........
=================================================================================================================
MO                  actionId result      resultInfo
=================================================================================================================
LogM=1,Log=AlarmLog 23915    1 (SUCCESS)           
cat  /ericsson/log/amos/moshell_logfiles/t20251007_37258710_53697/logs_moshell/tempfiles/scp-2-amos_20251007-121012_1159580/rcslogs/saLogAlarm_20221005__071944_20230630__141742.log /ericsson/log/amos/moshell_logfiles/t20251007_37258710_53697/logs_moshell/tempfiles/scp-2-amos_20251007-121012_1159580/rcslogs/saLogAlarm_20230630__141742_20241029__124340.log /ericsson/log/amos/moshell_logfiles/t20251007_37258710_53697/logs_moshell/tempfiles/scp-2-amos_20251007-121012_1159580/rcslogs/saLogAlarm_20241029__124340.log > /ericsson/log/amos/moshell_logfiles/t20251007_37258710_53697/logs_moshell/tempfiles/scp-2-amos_20251007-121012_1159580/alarmLog1159648.xml
2025-09-16;10:05:23;AL  ;Warning;ENodeBFunction=1;PLMN Service Redundancy Lost;S1 connection failure for PLMN connected with link represented by MO listed in Additional Information. AI: PLMN = ["2221"],DN1=ManagedElement=1,ENodeBFunction=1,TermPointToMme=5,
2025-09-16;10:05:53;AL  ;Cleared;ENodeBFunction=1;PLMN Service Redundancy Lost;S1 connection failure for PLMN connected with link represented by MO listed in Additional Information. AI: PLMN = ["2221"],DN1=ManagedElement=1,ENodeBFunction=1,TermPointToMme=5,
2025-09-19;08:22:44;AL  ;Minor ;ENodeBFunction=1;External Link Failure;X2 link problem to one or several neighbouring eNodeBs. AI: PLMN ID-eNB ID 1 = 2221-450278
2025-09-19;09:25:42;AL  ;Cleared;ENodeBFunction=1;External Link Failure;X2 link problem to one or several neighbouring eNodeBs. AI: PLMN ID-eNB ID 1 = 2221-450278
2025-09-28;03:18:57;AL  ;Minor ;ENodeBFunction=1;External Link Failure;X2 link problem to one or several neighbouring eNodeBs. AI: PLMN ID-eNB ID 1 = 2221-650175
2025-09-28;07:37:28;AL  ;Cleared;ENodeBFunction=1;External Link Failure;X2 link problem to one or several neighbouring eNodeBs. AI: PLMN ID-eNB ID 1 = 2221-650175
2025-09-30;10:32:30;AL  ;Minor ;ENodeBFunction=1;External Link Failure;X2 link problem to one or several neighbouring eNodeBs. AI: PLMN ID-eNB ID 1 = 2221-450778
2025-09-30;13:36:58;AL  ;Cleared;ENodeBFunction=1;External Link Failure;X2 link problem to one or several neighbouring eNodeBs. AI: PLMN ID-eNB ID 1 = 2221-450778


CS8BE> lgec -m 30d

251007-12:11:03+0200 19.31.4.226 25.0h MSRBS_NODE_MODEL_25.Q1_198665.224.73_bf81 stopfile=/tmp/1159648

Startdate=20250907.101103, Enddate=20251008.101103
Date;Time;Log;Severity;Object;Event;Cause;AdditionalText;AckState;Id;NotificationId;CorrelatedAlarms
Executing action Log.export()
..
Log=AlertLog                    actionId=23916
...
=================================================================================================================
MO                  actionId result      resultInfo
=================================================================================================================
LogM=1,Log=AlertLog 23916    1 (SUCCESS)           
cat  /ericsson/log/amos/moshell_logfiles/t20251007_37258710_53697/logs_moshell/tempfiles/scp-2-amos_20251007-121012_1159580/rcslogs/AlertLog_20221005__072028.log > /ericsson/log/amos/moshell_logfiles/t20251007_37258710_53697/logs_moshell/tempfiles/scp-2-amos_20251007-121012_1159580/eventLog1159648.xml

Bye...
Output has been logged to file /mta_fs/UserFiles/37258710/amosbatch/2025-10-07_11-07-01_53697/CS8BE.log
