Logging to file /mta_fs/UserFiles/37258710/amosbatch/2025-10-07_11-07-01_53697/CS8FL.log
                        __  __  ____   _____
                  /\   |  \/  |/ __ \ / ____|
                 /  \  | \  / | |  | | (___  
                / /\ \ | |\/| | |  | |\___ \ 
               / ____ \| |  | | |__| |____) |
              /_/    \_\_|  |_|\____/|_____/
              OSS Framework for MoShell-25.0h 
  Copyright (c) Ericsson AB 2001-2025 - All Rights Reserved
              
           
[1;31mWARNING: [0mthe AMOS version currently running is more than 22 weeks old and is unsupported.
Please upgrade as soon as possible to the latest released version, available from your local Ericsson support.

$amosrb_pid = 1072379

Checking ip contact...OK

HELP MENU            : h
BASIC MO COMMANDS    : m
OTHER MO COMMANDS    : n
OTHER COMMANDS       : o
PM COMMANDS          : p
QUIT                 : q

CS8FL> lt all

251007-11:59:29+0200 19.31.2.200 25.0h  stopfile=/tmp/1071903
Looking up temporary_amos account... OK.
Trying temporary_amos_t20251007_37258710_53697_313's password from amos lookupAccount ... OK

$ssh_pid = 1073104

Connected to 19.31.2.200 (SubNetwork=BBMM_rckomc_R,MeContext=CS8FL,ManagedElement=CS8FL)

Checking MOM version...MSRBS_NODE_MODEL_25.Q1_693.28324.131_62ac
Parsing MOM (cached): /ericsson/log/amos/moshell_logfiles/t20251007_37258710_53697/logs_moshell/tempfiles/scp-2-amos_20251007-115922_1071834/MSRBS_NODE_MODEL_25.Q1_693.28324.131_62ac.xml.cache.gz ..................................................................................................................................................................................................................................Done.
Using paramfile /opt/ericsson/amos/moshell/commonjars/pm/PARAM_MSRBS_25.Q1.txt
Parsing file /opt/ericsson/amos/moshell/commonjars/pm/PARAM_MSRBS_25.Q1.txt .......................................................................................Done.
Using imomdfile /opt/ericsson/amos/moshell/commonjars/pm/IMOMD_MSRBS_22.Q4.txt
Using imomfile /opt/ericsson/amos/moshell/commonjars/pm/IMOM_MSRBS_25.Q1.txt
Connected to 19.31.2.200 (SubNetwork=BBMM_rckomc_R,MeContext=CS8FL,ManagedElement=CS8FL)

Last MO: 17224. Loaded 17224 MOs. Total: 17225 MOs.

CS8FL> hget EUtranCellFDD ^cellid

251007-11:59:43+0200 19.31.2.200 25.0h MSRBS_NODE_MODEL_25.Q1_693.28324.131_62ac stopfile=/tmp/1071903

=================================================================================================================
MO                   cellId
=================================================================================================================
EUtranCellFDD=CS8FL1 21    
EUtranCellFDD=CS8FL2 22    
=================================================================================================================
Total: 2 MOs

Added 2 MOs to group: hget_group

CS8FL> hget NbIotCell ^cellid

251007-11:59:43+0200 19.31.2.200 25.0h MSRBS_NODE_MODEL_25.Q1_693.28324.131_62ac stopfile=/tmp/1071903
Total: 0 MOs

CS8FL> hget NRCellDU ^cellLocalId

251007-11:59:43+0200 19.31.2.200 25.0h MSRBS_NODE_MODEL_25.Q1_693.28324.131_62ac stopfile=/tmp/1071903
Total: 0 MOs

CS8FL> lgdc -m 30d

251007-11:59:44+0200 19.31.2.200 25.0h MSRBS_NODE_MODEL_25.Q1_693.28324.131_62ac stopfile=/tmp/1071903

Startdate=20250907.095944, Enddate=20251008.095944
INFO: Using amos lookupAccount credentials for the export login

Executing action LogM.exportAvailabilityLog()
...LogM=1,exportAvailabilityLog    actionId=8713
...
=================================================================================================================
MO     actionId result      resultInfo
=================================================================================================================
LogM=1 8713     1 (SUCCESS)           
cp /ericsson/log/amos/moshell_logfiles/t20251007_37258710_53697/logs_moshell/tempfiles/scp-2-amos_20251007-115922_1071834/rcslogs/RBS_CS_AVAILABILITY_LOG_20251007095947.xml /ericsson/log/amos/moshell_logfiles/t20251007_37258710_53697/logs_moshell/tempfiles/scp-2-amos_20251007-115922_1071834/availabilityLog1071903.xml
Parsing availabilityLog........Done.
.....
Date;Time;RestartType;SwVersion;SwRelease;RCSDowntime;ApplicationDowntime;TNDowntime;RATsDowntime;ExtraInfo;ExtraInfo2
2025-09-08;01:49:09;PartialOutage(Manual);50% Lrat Cell 21; ();6s;;;;;
2025-09-08;01:49:23;PartialOutage(Manual);50% Lrat Cell 22; ();8s;;;;;
2025-09-22;12:32:15;PartialOutage(Transmission);100% Lrat Cell 21 22; ();81s (1m21s);;;;;
2025-09-22;12:33:36;PartialOutage(System);100% Lrat Cell 21 22; ();6s;;;;;
2025-09-22;14:07:59;PartialOutage(System);100% Lrat Cell 21 22; ();10s;;;;;
2025-09-22;14:49:42;PartialOutage(System);100% Lrat Cell 21 22; ();10s;;;;;
2025-09-26;15:04:23;PartialOutage(System);100% Lrat Cell 21 22; ();7s;;;;;

Node uptime since last restart: 932123 seconds (10 days, 18 hours, 55 minutes, 23 seconds)
------------------------------------------------------------------------------------------------------
Period=30 days       NodeUpgrade      NodeManual       NodeSpontaneous  AllNodeRestarts  PartialOutages  
------------------------------------------------------------------------------------------------------
Number Of outages    0                0                0                0                7               
Total downtime       0s               0s               0s               0s               128s (2m8s)     
Downtime per day     0s               0s               0s               0s               4s              
Downtime per outage  0s               0s               0s               0s               18s             

CS8FL> lgac -m 30d

251007-11:59:53+0200 19.31.2.200 25.0h MSRBS_NODE_MODEL_25.Q1_693.28324.131_62ac stopfile=/tmp/1071903

Startdate=20250907.095953, Enddate=20251008.095953
Date;Time;Log;Severity;Object;Event;Cause;AdditionalText;AckState;Id;NotificationId;CorrelatedAlarms
Executing action Log.export()
..
Log=AlarmLog                    actionId=8714
......
=================================================================================================================
MO                  actionId result      resultInfo
=================================================================================================================
LogM=1,Log=AlarmLog 8714     1 (SUCCESS)           
cat  /ericsson/log/amos/moshell_logfiles/t20251007_37258710_53697/logs_moshell/tempfiles/scp-2-amos_20251007-115922_1071834/rcslogs/saLogAlarm_20221215__090826_20250224__234259.log /ericsson/log/amos/moshell_logfiles/t20251007_37258710_53697/logs_moshell/tempfiles/scp-2-amos_20251007-115922_1071834/rcslogs/saLogAlarm_20250224__234259.log > /ericsson/log/amos/moshell_logfiles/t20251007_37258710_53697/logs_moshell/tempfiles/scp-2-amos_20251007-115922_1071834/alarmLog1071903.xml
2025-09-07;11:53:52;AL  ;Cleared;EUtraNetwork=1,ExternalENodeBFunction=2221-650657;Inter Node Carrier Aggregation Service Unavailable;Elastic RAN Carrier Aggregation is not available towards remote eNodeB.
2025-09-08;01:49:17;AL  ;Minor ;EUtraNetwork=1,ExternalENodeBFunction=2221-650657;Inter Node Carrier Aggregation Service Unavailable;Elastic RAN Carrier Aggregation is not available towards remote eNodeB.
2025-09-10;07:56:30;AL  ;Minor ;ENodeBFunction=1;External Link Failure;X2 link problem to one or several neighbouring eNodeBs. AI: PLMN ID-eNB ID 1 = 2221-213660
2025-09-10;09:13:31;AL  ;Cleared;ENodeBFunction=1;External Link Failure;X2 link problem to one or several neighbouring eNodeBs. AI: PLMN ID-eNB ID 1 = 2221-213660
2025-09-11;06:11:57;AL  ;Minor ;ENodeBFunction=1;External Link Failure;X2 link problem to one or several neighbouring eNodeBs. AI: PLMN ID-eNB ID 1 = 2221-650217 PLMN ID-eNB ID 2 = 2221-206383
2025-09-11;06:27:30;AL  ;Minor ;ENodeBFunction=1;External Link Failure;X2 link problem to one or several neighbouring eNodeBs. AI: PLMN ID-eNB ID 1 = 2221-650217 PLMN ID-eNB ID 2 = 2221-206383 PLMN ID-eNB ID 3 = 2221-650066
2025-09-11;06:41:38;AL  ;Minor ;ENodeBFunction=1;External Link Failure;X2 link problem to one or several neighbouring eNodeBs. AI: PLMN ID-eNB ID 1 = 2221-650217 PLMN ID-eNB ID 2 = 2221-206383 PLMN ID-eNB ID 3 = 2221-650066 PLMN ID-eNB ID 4 = 2221-212115
2025-09-11;06:43:16;AL  ;Cleared;EUtraNetwork=1,ExternalENodeBFunction=2221-213265;Inter Node Feature Incompatibility;Elastic RAN feature is not activated in remote eNodeB. SUPPRESSED
2025-09-11;06:47:18;AL  ;Minor ;ENodeBFunction=1;External Link Failure;X2 link problem to one or several neighbouring eNodeBs. AI: PLMN ID-eNB ID 1 = 2221-650217 PLMN ID-eNB ID 2 = 2221-206383 PLMN ID-eNB ID 3 = 2221-650066
2025-09-11;06:48:21;AL  ;Minor ;ENodeBFunction=1;External Link Failure;X2 link problem to one or several neighbouring eNodeBs. AI: PLMN ID-eNB ID 1 = 2221-650217 PLMN ID-eNB ID 2 = 2221-206383 PLMN ID-eNB ID 3 = 2221-650066 PLMN ID-eNB ID 4 = 2221-650242
2025-09-11;06:49:48;AL  ;Minor ;ENodeBFunction=1;External Link Failure;X2 link problem to one or several neighbouring eNodeBs. AI: PLMN ID-eNB ID 1 = 2221-650217 PLMN ID-eNB ID 2 = 2221-206383 PLMN ID-eNB ID 3 = 2221-650066 PLMN ID-eNB ID 4 = 2221-650242 PLMN ID-eNB ID 5 = 2221-208897
2025-09-11;06:52:12;AL  ;Minor ;ENodeBFunction=1;External Link Failure;X2 link problem to one or several neighbouring eNodeBs. AI: PLMN ID-eNB ID 1 = 2221-650217 PLMN ID-eNB ID 2 = 2221-206383 PLMN ID-eNB ID 3 = 2221-650066 PLMN ID-eNB ID 4 = 2221-650242 PLMN ID-eNB ID 5 = 2221-208897 PLMN ID-eNB ID 6 = 2221-213265
2025-09-11;06:57:19;AL  ;Minor ;ENodeBFunction=1;External Link Failure;X2 link problem to one or several neighbouring eNodeBs. AI: PLMN ID-eNB ID 1 = 2221-650217 PLMN ID-eNB ID 2 = 2221-206383 PLMN ID-eNB ID 3 = 2221-650242 PLMN ID-eNB ID 4 = 2221-208897 PLMN ID-eNB ID 5 = 2221-213265
2025-09-11;07:42:37;AL  ;Minor ;ENodeBFunction=1;External Link Failure;X2 link problem to one or several neighbouring eNodeBs. AI: PLMN ID-eNB ID 1 = 2221-650217 PLMN ID-eNB ID 2 = 2221-650242 PLMN ID-eNB ID 3 = 2221-208897 PLMN ID-eNB ID 4 = 2221-213265
2025-09-11;07:45:57;AL  ;Minor ;ENodeBFunction=1;External Link Failure;X2 link problem to one or several neighbouring eNodeBs. AI: PLMN ID-eNB ID 1 = 2221-650242 PLMN ID-eNB ID 2 = 2221-213265
2025-09-11;11:09:09;AL  ;Cleared;ENodeBFunction=1;External Link Failure;X2 link problem to one or several neighbouring eNodeBs. AI: PLMN ID-eNB ID 1 = 2221-213265
2025-09-12;00:22:01;AL  ;Minor ;EUtraNetwork=1,ExternalENodeBFunction=2221-213265;Inter Node Feature Incompatibility;Elastic RAN feature is not activated in remote eNodeB. SUPPRESSED
2025-09-12;23:39:27;AL  ;Cleared;EUtraNetwork=1,ExternalENodeBFunction=2221-213265;Inter Node Feature Incompatibility;Elastic RAN feature is not activated in remote eNodeB. SUPPRESSED
2025-09-14;03:46:59;AL  ;Minor ;EUtraNetwork=1,ExternalENodeBFunction=2221-213265;Inter Node Feature Incompatibility;Elastic RAN feature is not activated in remote eNodeB. SUPPRESSED
2025-09-14;07:40:10;AL  ;Cleared;EUtraNetwork=1,ExternalENodeBFunction=2221-650657;Inter Node Carrier Aggregation Service Unavailable;Elastic RAN Carrier Aggregation is not available towards remote eNodeB.
2025-09-14;07:41:12;AL  ;Minor ;EUtraNetwork=1,ExternalENodeBFunction=2221-650657;Inter Node Carrier Aggregation Service Unavailable;Elastic RAN Carrier Aggregation is not available towards remote eNodeB.
2025-09-14;09:19:40;AL  ;Minor ;EUtraNetwork=1,ExternalENodeBFunction=2221-206255;Inter Node Carrier Aggregation Service Unavailable;Elastic RAN Carrier Aggregation is not available towards remote eNodeB.
2025-09-14;12:01:57;AL  ;Minor ;EUtraNetwork=1,ExternalENodeBFunction=2221-650362;Inter Node Carrier Aggregation Service Unavailable;Elastic RAN Carrier Aggregation is not available towards remote eNodeB.
2025-09-14;12:02:21;AL  ;Cleared;EUtraNetwork=1,ExternalENodeBFunction=2221-650657;Inter Node Carrier Aggregation Service Unavailable;Elastic RAN Carrier Aggregation is not available towards remote eNodeB.
2025-09-14;14:06:44;AL  ;Minor ;EUtraNetwork=1,ExternalENodeBFunction=2221-650217;Inter Node Carrier Aggregation Service Unavailable;Elastic RAN Carrier Aggregation is not available towards remote eNodeB.
2025-09-14;14:20:07;AL  ;Cleared;EUtraNetwork=1,ExternalENodeBFunction=2221-650217;Inter Node Carrier Aggregation Service Unavailable;Elastic RAN Carrier Aggregation is not available towards remote eNodeB.
2025-09-14;14:20:35;AL  ;Minor ;EUtraNetwork=1,ExternalENodeBFunction=2221-650217;Inter Node Carrier Aggregation Service Unavailable;Elastic RAN Carrier Aggregation is not available towards remote eNodeB.
2025-09-14;14:44:38;AL  ;Cleared;EUtraNetwork=1,ExternalENodeBFunction=2221-650217;Inter Node Carrier Aggregation Service Unavailable;Elastic RAN Carrier Aggregation is not available towards remote eNodeB.
2025-09-14;14:45:13;AL  ;Minor ;EUtraNetwork=1,ExternalENodeBFunction=2221-650217;Inter Node Carrier Aggregation Service Unavailable;Elastic RAN Carrier Aggregation is not available towards remote eNodeB.
2025-09-14;15:54:00;AL  ;Minor ;EUtraNetwork=1,ExternalENodeBFunction=2221-650657;Inter Node Carrier Aggregation Service Unavailable;Elastic RAN Carrier Aggregation is not available towards remote eNodeB.
2025-09-14;16:51:24;AL  ;Cleared;EUtraNetwork=1,ExternalENodeBFunction=2221-650217;Inter Node Carrier Aggregation Service Unavailable;Elastic RAN Carrier Aggregation is not available towards remote eNodeB.
2025-09-14;16:51:56;AL  ;Minor ;EUtraNetwork=1,ExternalENodeBFunction=2221-650217;Inter Node Carrier Aggregation Service Unavailable;Elastic RAN Carrier Aggregation is not available towards remote eNodeB.
2025-09-14;17:08:53;AL  ;Cleared;EUtraNetwork=1,ExternalENodeBFunction=2221-650217;Inter Node Carrier Aggregation Service Unavailable;Elastic RAN Carrier Aggregation is not available towards remote eNodeB.
2025-09-14;17:09:09;AL  ;Minor ;EUtraNetwork=1,ExternalENodeBFunction=2221-650217;Inter Node Carrier Aggregation Service Unavailable;Elastic RAN Carrier Aggregation is not available towards remote eNodeB.
2025-09-14;17:49:02;AL  ;Cleared;EUtraNetwork=1,ExternalENodeBFunction=2221-650217;Inter Node Carrier Aggregation Service Unavailable;Elastic RAN Carrier Aggregation is not available towards remote eNodeB.
2025-09-14;17:49:29;AL  ;Minor ;EUtraNetwork=1,ExternalENodeBFunction=2221-650217;Inter Node Carrier Aggregation Service Unavailable;Elastic RAN Carrier Aggregation is not available towards remote eNodeB.
2025-09-14;18:38:55;AL  ;Cleared;EUtraNetwork=1,ExternalENodeBFunction=2221-650217;Inter Node Carrier Aggregation Service Unavailable;Elastic RAN Carrier Aggregation is not available towards remote eNodeB.
2025-09-14;18:39:37;AL  ;Minor ;EUtraNetwork=1,ExternalENodeBFunction=2221-650217;Inter Node Carrier Aggregation Service Unavailable;Elastic RAN Carrier Aggregation is not available towards remote eNodeB.
2025-09-14;18:58:33;AL  ;Cleared;EUtraNetwork=1,ExternalENodeBFunction=2221-650217;Inter Node Carrier Aggregation Service Unavailable;Elastic RAN Carrier Aggregation is not available towards remote eNodeB.
2025-09-14;18:58:50;AL  ;Minor ;EUtraNetwork=1,ExternalENodeBFunction=2221-650217;Inter Node Carrier Aggregation Service Unavailable;Elastic RAN Carrier Aggregation is not available towards remote eNodeB.
2025-09-14;19:04:59;AL  ;Cleared;EUtraNetwork=1,ExternalENodeBFunction=2221-650217;Inter Node Carrier Aggregation Service Unavailable;Elastic RAN Carrier Aggregation is not available towards remote eNodeB.
2025-09-14;19:05:33;AL  ;Minor ;EUtraNetwork=1,ExternalENodeBFunction=2221-650217;Inter Node Carrier Aggregation Service Unavailable;Elastic RAN Carrier Aggregation is not available towards remote eNodeB.
2025-09-14;19:08:34;AL  ;Cleared;EUtraNetwork=1,ExternalENodeBFunction=2221-650217;Inter Node Carrier Aggregation Service Unavailable;Elastic RAN Carrier Aggregation is not available towards remote eNodeB.
2025-09-14;19:09:08;AL  ;Minor ;EUtraNetwork=1,ExternalENodeBFunction=2221-650217;Inter Node Carrier Aggregation Service Unavailable;Elastic RAN Carrier Aggregation is not available towards remote eNodeB.
2025-09-14;19:15:01;AL  ;Cleared;EUtraNetwork=1,ExternalENodeBFunction=2221-650217;Inter Node Carrier Aggregation Service Unavailable;Elastic RAN Carrier Aggregation is not available towards remote eNodeB.
2025-09-14;19:15:11;AL  ;Minor ;EUtraNetwork=1,ExternalENodeBFunction=2221-650217;Inter Node Carrier Aggregation Service Unavailable;Elastic RAN Carrier Aggregation is not available towards remote eNodeB.
2025-09-14;19:18:26;AL  ;Cleared;EUtraNetwork=1,ExternalENodeBFunction=2221-650217;Inter Node Carrier Aggregation Service Unavailable;Elastic RAN Carrier Aggregation is not available towards remote eNodeB.
2025-09-14;19:18:37;AL  ;Minor ;EUtraNetwork=1,ExternalENodeBFunction=2221-650217;Inter Node Carrier Aggregation Service Unavailable;Elastic RAN Carrier Aggregation is not available towards remote eNodeB.
2025-09-14;19:41:57;AL  ;Cleared;EUtraNetwork=1,ExternalENodeBFunction=2221-650217;Inter Node Carrier Aggregation Service Unavailable;Elastic RAN Carrier Aggregation is not available towards remote eNodeB.
2025-09-14;19:42:17;AL  ;Minor ;EUtraNetwork=1,ExternalENodeBFunction=2221-650217;Inter Node Carrier Aggregation Service Unavailable;Elastic RAN Carrier Aggregation is not available towards remote eNodeB.
2025-09-14;20:44:04;AL  ;Cleared;EUtraNetwork=1,ExternalENodeBFunction=2221-650217;Inter Node Carrier Aggregation Service Unavailable;Elastic RAN Carrier Aggregation is not available towards remote eNodeB.
2025-09-14;20:44:24;AL  ;Minor ;EUtraNetwork=1,ExternalENodeBFunction=2221-650217;Inter Node Carrier Aggregation Service Unavailable;Elastic RAN Carrier Aggregation is not available towards remote eNodeB.
2025-09-14;21:06:01;AL  ;Cleared;EUtraNetwork=1,ExternalENodeBFunction=2221-650217;Inter Node Carrier Aggregation Service Unavailable;Elastic RAN Carrier Aggregation is not available towards remote eNodeB.
2025-09-14;21:06:34;AL  ;Minor ;EUtraNetwork=1,ExternalENodeBFunction=2221-650217;Inter Node Carrier Aggregation Service Unavailable;Elastic RAN Carrier Aggregation is not available towards remote eNodeB.
2025-09-15;11:14:46;AL  ;Cleared;EUtraNetwork=1,ExternalENodeBFunction=2221-650217;Inter Node Carrier Aggregation Service Unavailable;Elastic RAN Carrier Aggregation is not available towards remote eNodeB.
2025-09-15;11:15:19;AL  ;Minor ;EUtraNetwork=1,ExternalENodeBFunction=2221-650217;Inter Node Carrier Aggregation Service Unavailable;Elastic RAN Carrier Aggregation is not available towards remote eNodeB.
2025-09-15;13:04:25;AL  ;Cleared;EUtraNetwork=1,ExternalENodeBFunction=2221-650217;Inter Node Carrier Aggregation Service Unavailable;Elastic RAN Carrier Aggregation is not available towards remote eNodeB.
2025-09-15;13:04:34;AL  ;Minor ;EUtraNetwork=1,ExternalENodeBFunction=2221-650217;Inter Node Carrier Aggregation Service Unavailable;Elastic RAN Carrier Aggregation is not available towards remote eNodeB.
2025-09-15;13:14:11;AL  ;Cleared;EUtraNetwork=1,ExternalENodeBFunction=2221-650217;Inter Node Carrier Aggregation Service Unavailable;Elastic RAN Carrier Aggregation is not available towards remote eNodeB.
2025-09-15;13:14:59;AL  ;Minor ;EUtraNetwork=1,ExternalENodeBFunction=2221-650217;Inter Node Carrier Aggregation Service Unavailable;Elastic RAN Carrier Aggregation is not available towards remote eNodeB.
2025-09-15;18:01:10;AL  ;Cleared;EUtraNetwork=1,ExternalENodeBFunction=2221-650217;Inter Node Carrier Aggregation Service Unavailable;Elastic RAN Carrier Aggregation is not available towards remote eNodeB.
2025-09-15;18:01:21;AL  ;Minor ;EUtraNetwork=1,ExternalENodeBFunction=2221-650217;Inter Node Carrier Aggregation Service Unavailable;Elastic RAN Carrier Aggregation is not available towards remote eNodeB.
2025-09-15;18:24:14;AL  ;Cleared;EUtraNetwork=1,ExternalENodeBFunction=2221-650217;Inter Node Carrier Aggregation Service Unavailable;Elastic RAN Carrier Aggregation is not available towards remote eNodeB.
2025-09-15;18:24:47;AL  ;Minor ;EUtraNetwork=1,ExternalENodeBFunction=2221-650217;Inter Node Carrier Aggregation Service Unavailable;Elastic RAN Carrier Aggregation is not available towards remote eNodeB.
2025-09-15;18:47:43;AL  ;Cleared;EUtraNetwork=1,ExternalENodeBFunction=2221-650217;Inter Node Carrier Aggregation Service Unavailable;Elastic RAN Carrier Aggregation is not available towards remote eNodeB.
2025-09-15;18:48:15;AL  ;Minor ;EUtraNetwork=1,ExternalENodeBFunction=2221-650217;Inter Node Carrier Aggregation Service Unavailable;Elastic RAN Carrier Aggregation is not available towards remote eNodeB.
2025-09-15;19:50:27;AL  ;Cleared;EUtraNetwork=1,ExternalENodeBFunction=2221-650217;Inter Node Carrier Aggregation Service Unavailable;Elastic RAN Carrier Aggregation is not available towards remote eNodeB.
2025-09-15;19:50:52;AL  ;Minor ;EUtraNetwork=1,ExternalENodeBFunction=2221-650217;Inter Node Carrier Aggregation Service Unavailable;Elastic RAN Carrier Aggregation is not available towards remote eNodeB.
2025-09-15;20:04:58;AL  ;Cleared;EUtraNetwork=1,ExternalENodeBFunction=2221-650217;Inter Node Carrier Aggregation Service Unavailable;Elastic RAN Carrier Aggregation is not available towards remote eNodeB.
2025-09-15;20:05:15;AL  ;Minor ;EUtraNetwork=1,ExternalENodeBFunction=2221-650217;Inter Node Carrier Aggregation Service Unavailable;Elastic RAN Carrier Aggregation is not available towards remote eNodeB.
2025-09-15;20:12:54;AL  ;Cleared;EUtraNetwork=1,ExternalENodeBFunction=2221-650217;Inter Node Carrier Aggregation Service Unavailable;Elastic RAN Carrier Aggregation is not available towards remote eNodeB.
2025-09-15;20:13:21;AL  ;Minor ;EUtraNetwork=1,ExternalENodeBFunction=2221-650217;Inter Node Carrier Aggregation Service Unavailable;Elastic RAN Carrier Aggregation is not available towards remote eNodeB.
2025-09-15;20:25:56;AL  ;Cleared;EUtraNetwork=1,ExternalENodeBFunction=2221-650217;Inter Node Carrier Aggregation Service Unavailable;Elastic RAN Carrier Aggregation is not available towards remote eNodeB.
2025-09-15;20:26:30;AL  ;Minor ;EUtraNetwork=1,ExternalENodeBFunction=2221-650217;Inter Node Carrier Aggregation Service Unavailable;Elastic RAN Carrier Aggregation is not available towards remote eNodeB.
2025-09-15;20:59:45;AL  ;Cleared;EUtraNetwork=1,ExternalENodeBFunction=2221-650217;Inter Node Carrier Aggregation Service Unavailable;Elastic RAN Carrier Aggregation is not available towards remote eNodeB.
2025-09-15;21:00:19;AL  ;Minor ;EUtraNetwork=1,ExternalENodeBFunction=2221-650217;Inter Node Carrier Aggregation Service Unavailable;Elastic RAN Carrier Aggregation is not available towards remote eNodeB.
2025-09-16;00:32:57;AL  ;Cleared;EUtraNetwork=1,ExternalENodeBFunction=2221-650217;Inter Node Carrier Aggregation Service Unavailable;Elastic RAN Carrier Aggregation is not available towards remote eNodeB.
2025-09-16;04:49:02;AL  ;Minor ;EUtraNetwork=1,ExternalENodeBFunction=2221-650217;Inter Node Carrier Aggregation Service Unavailable;Elastic RAN Carrier Aggregation is not available towards remote eNodeB.
2025-09-16;09:30:55;AL  ;Cleared;EUtraNetwork=1,ExternalENodeBFunction=2221-650217;Inter Node Carrier Aggregation Service Unavailable;Elastic RAN Carrier Aggregation is not available towards remote eNodeB.
2025-09-16;09:31:35;AL  ;Minor ;EUtraNetwork=1,ExternalENodeBFunction=2221-650217;Inter Node Carrier Aggregation Service Unavailable;Elastic RAN Carrier Aggregation is not available towards remote eNodeB.
2025-09-16;09:39:53;AL  ;Cleared;EUtraNetwork=1,ExternalENodeBFunction=2221-650217;Inter Node Carrier Aggregation Service Unavailable;Elastic RAN Carrier Aggregation is not available towards remote eNodeB.
2025-09-16;09:42:28;AL  ;Minor ;EUtraNetwork=1,ExternalENodeBFunction=2221-650217;Inter Node Carrier Aggregation Service Unavailable;Elastic RAN Carrier Aggregation is not available towards remote eNodeB.
2025-09-16;09:58:54;AL  ;Warning;ENodeBFunction=1;PLMN Service Redundancy Lost;S1 connection failure for PLMN connected with link represented by MO listed in Additional Information. AI: PLMN = ["2221"],DN1=ManagedElement=1,ENodeBFunction=1,TermPointToMme=5,
2025-09-16;09:59:24;AL  ;Cleared;ENodeBFunction=1;PLMN Service Redundancy Lost;S1 connection failure for PLMN connected with link represented by MO listed in Additional Information. AI: PLMN = ["2221"],DN1=ManagedElement=1,ENodeBFunction=1,TermPointToMme=5,
2025-09-16;13:53:04;AL  ;Cleared;EUtraNetwork=1,ExternalENodeBFunction=2221-650217;Inter Node Carrier Aggregation Service Unavailable;Elastic RAN Carrier Aggregation is not available towards remote eNodeB.
2025-09-16;13:53:44;AL  ;Minor ;EUtraNetwork=1,ExternalENodeBFunction=2221-650217;Inter Node Carrier Aggregation Service Unavailable;Elastic RAN Carrier Aggregation is not available towards remote eNodeB.
2025-09-16;14:57:56;AL  ;Cleared;EUtraNetwork=1,ExternalENodeBFunction=2221-650217;Inter Node Carrier Aggregation Service Unavailable;Elastic RAN Carrier Aggregation is not available towards remote eNodeB.
2025-09-16;14:58:02;AL  ;Minor ;EUtraNetwork=1,ExternalENodeBFunction=2221-650217;Inter Node Carrier Aggregation Service Unavailable;Elastic RAN Carrier Aggregation is not available towards remote eNodeB.
2025-09-16;16:17:44;AL  ;Cleared;EUtraNetwork=1,ExternalENodeBFunction=2221-650217;Inter Node Carrier Aggregation Service Unavailable;Elastic RAN Carrier Aggregation is not available towards remote eNodeB.
2025-09-16;16:18:05;AL  ;Minor ;EUtraNetwork=1,ExternalENodeBFunction=2221-650217;Inter Node Carrier Aggregation Service Unavailable;Elastic RAN Carrier Aggregation is not available towards remote eNodeB.
2025-09-16;16:22:57;AL  ;Cleared;EUtraNetwork=1,ExternalENodeBFunction=2221-650217;Inter Node Carrier Aggregation Service Unavailable;Elastic RAN Carrier Aggregation is not available towards remote eNodeB.
2025-09-16;16:23:26;AL  ;Minor ;EUtraNetwork=1,ExternalENodeBFunction=2221-650217;Inter Node Carrier Aggregation Service Unavailable;Elastic RAN Carrier Aggregation is not available towards remote eNodeB.
2025-09-16;16:52:29;AL  ;Cleared;EUtraNetwork=1,ExternalENodeBFunction=2221-650217;Inter Node Carrier Aggregation Service Unavailable;Elastic RAN Carrier Aggregation is not available towards remote eNodeB.
2025-09-16;16:53:02;AL  ;Minor ;EUtraNetwork=1,ExternalENodeBFunction=2221-650217;Inter Node Carrier Aggregation Service Unavailable;Elastic RAN Carrier Aggregation is not available towards remote eNodeB.
2025-09-16;18:27:27;AL  ;Cleared;EUtraNetwork=1,ExternalENodeBFunction=2221-650217;Inter Node Carrier Aggregation Service Unavailable;Elastic RAN Carrier Aggregation is not available towards remote eNodeB.
2025-09-16;18:27:50;AL  ;Minor ;EUtraNetwork=1,ExternalENodeBFunction=2221-650217;Inter Node Carrier Aggregation Service Unavailable;Elastic RAN Carrier Aggregation is not available towards remote eNodeB.
2025-09-16;18:49:00;AL  ;Cleared;EUtraNetwork=1,ExternalENodeBFunction=2221-650217;Inter Node Carrier Aggregation Service Unavailable;Elastic RAN Carrier Aggregation is not available towards remote eNodeB.
2025-09-16;18:49:16;AL  ;Minor ;EUtraNetwork=1,ExternalENodeBFunction=2221-650217;Inter Node Carrier Aggregation Service Unavailable;Elastic RAN Carrier Aggregation is not available towards remote eNodeB.
2025-09-16;19:14:36;AL  ;Cleared;EUtraNetwork=1,ExternalENodeBFunction=2221-650217;Inter Node Carrier Aggregation Service Unavailable;Elastic RAN Carrier Aggregation is not available towards remote eNodeB.
2025-09-16;19:15:11;AL  ;Minor ;EUtraNetwork=1,ExternalENodeBFunction=2221-650217;Inter Node Carrier Aggregation Service Unavailable;Elastic RAN Carrier Aggregation is not available towards remote eNodeB.
2025-09-16;19:17:40;AL  ;Cleared;EUtraNetwork=1,ExternalENodeBFunction=2221-650217;Inter Node Carrier Aggregation Service Unavailable;Elastic RAN Carrier Aggregation is not available towards remote eNodeB.
2025-09-16;19:18:06;AL  ;Minor ;EUtraNetwork=1,ExternalENodeBFunction=2221-650217;Inter Node Carrier Aggregation Service Unavailable;Elastic RAN Carrier Aggregation is not available towards remote eNodeB.
2025-09-16;19:28:16;AL  ;Cleared;EUtraNetwork=1,ExternalENodeBFunction=2221-650217;Inter Node Carrier Aggregation Service Unavailable;Elastic RAN Carrier Aggregation is not available towards remote eNodeB.
2025-09-16;19:29:11;AL  ;Minor ;EUtraNetwork=1,ExternalENodeBFunction=2221-650217;Inter Node Carrier Aggregation Service Unavailable;Elastic RAN Carrier Aggregation is not available towards remote eNodeB.
2025-09-16;19:32:28;AL  ;Cleared;EUtraNetwork=1,ExternalENodeBFunction=2221-650217;Inter Node Carrier Aggregation Service Unavailable;Elastic RAN Carrier Aggregation is not available towards remote eNodeB.
2025-09-16;19:32:42;AL  ;Minor ;EUtraNetwork=1,ExternalENodeBFunction=2221-650217;Inter Node Carrier Aggregation Service Unavailable;Elastic RAN Carrier Aggregation is not available towards remote eNodeB.
2025-09-16;19:41:05;AL  ;Cleared;EUtraNetwork=1,ExternalENodeBFunction=2221-650217;Inter Node Carrier Aggregation Service Unavailable;Elastic RAN Carrier Aggregation is not available towards remote eNodeB.
2025-09-16;19:41:17;AL  ;Minor ;EUtraNetwork=1,ExternalENodeBFunction=2221-650217;Inter Node Carrier Aggregation Service Unavailable;Elastic RAN Carrier Aggregation is not available towards remote eNodeB.
2025-09-16;19:44:45;AL  ;Cleared;EUtraNetwork=1,ExternalENodeBFunction=2221-650217;Inter Node Carrier Aggregation Service Unavailable;Elastic RAN Carrier Aggregation is not available towards remote eNodeB.
2025-09-16;19:44:58;AL  ;Minor ;EUtraNetwork=1,ExternalENodeBFunction=2221-650217;Inter Node Carrier Aggregation Service Unavailable;Elastic RAN Carrier Aggregation is not available towards remote eNodeB.
2025-09-16;19:56:12;AL  ;Cleared;EUtraNetwork=1,ExternalENodeBFunction=2221-650217;Inter Node Carrier Aggregation Service Unavailable;Elastic RAN Carrier Aggregation is not available towards remote eNodeB.
2025-09-16;19:56:25;AL  ;Minor ;EUtraNetwork=1,ExternalENodeBFunction=2221-650217;Inter Node Carrier Aggregation Service Unavailable;Elastic RAN Carrier Aggregation is not available towards remote eNodeB.
2025-09-16;20:09:32;AL  ;Cleared;EUtraNetwork=1,ExternalENodeBFunction=2221-650217;Inter Node Carrier Aggregation Service Unavailable;Elastic RAN Carrier Aggregation is not available towards remote eNodeB.
2025-09-16;20:10:06;AL  ;Minor ;EUtraNetwork=1,ExternalENodeBFunction=2221-650217;Inter Node Carrier Aggregation Service Unavailable;Elastic RAN Carrier Aggregation is not available towards remote eNodeB.
2025-09-16;20:15:44;AL  ;Cleared;EUtraNetwork=1,ExternalENodeBFunction=2221-650217;Inter Node Carrier Aggregation Service Unavailable;Elastic RAN Carrier Aggregation is not available towards remote eNodeB.
2025-09-16;20:16:15;AL  ;Minor ;EUtraNetwork=1,ExternalENodeBFunction=2221-650217;Inter Node Carrier Aggregation Service Unavailable;Elastic RAN Carrier Aggregation is not available towards remote eNodeB.
2025-09-16;20:47:18;AL  ;Cleared;EUtraNetwork=1,ExternalENodeBFunction=2221-650217;Inter Node Carrier Aggregation Service Unavailable;Elastic RAN Carrier Aggregation is not available towards remote eNodeB.
2025-09-16;20:47:42;AL  ;Minor ;EUtraNetwork=1,ExternalENodeBFunction=2221-650217;Inter Node Carrier Aggregation Service Unavailable;Elastic RAN Carrier Aggregation is not available towards remote eNodeB.
2025-09-16;22:55:15;AL  ;Cleared;EUtraNetwork=1,ExternalENodeBFunction=2221-650217;Inter Node Carrier Aggregation Service Unavailable;Elastic RAN Carrier Aggregation is not available towards remote eNodeB.
2025-09-16;22:55:49;AL  ;Minor ;EUtraNetwork=1,ExternalENodeBFunction=2221-650217;Inter Node Carrier Aggregation Service Unavailable;Elastic RAN Carrier Aggregation is not available towards remote eNodeB.
2025-09-17;14:46:23;AL  ;Cleared;EUtraNetwork=1,ExternalENodeBFunction=2221-650217;Inter Node Carrier Aggregation Service Unavailable;Elastic RAN Carrier Aggregation is not available towards remote eNodeB.
2025-09-17;14:55:08;AL  ;Minor ;ENodeBFunction=1;External Link Failure;X2 link problem to one or several neighbouring eNodeBs. AI: PLMN ID-eNB ID 1 = 2221-206383
2025-09-17;15:55:05;AL  ;Minor ;ENodeBFunction=1;External Link Failure;X2 link problem to one or several neighbouring eNodeBs. AI: PLMN ID-eNB ID 1 = 2221-650217
2025-09-17;15:55:27;AL  ;Cleared;ENodeBFunction=1;External Link Failure;X2 link problem to one or several neighbouring eNodeBs. AI: PLMN ID-eNB ID 1 = 2221-650217
2025-09-17;16:30:29;AL  ;Minor ;ENodeBFunction=1;External Link Failure;X2 link problem to one or several neighbouring eNodeBs. AI: PLMN ID-eNB ID 1 = 2221-205970
2025-09-17;17:04:10;AL  ;Cleared;ENodeBFunction=1;External Link Failure;X2 link problem to one or several neighbouring eNodeBs. AI: PLMN ID-eNB ID 1 = 2221-205970
2025-09-18;12:08:10;AL  ;Cleared;EUtraNetwork=1,ExternalENodeBFunction=2221-206255;Inter Node Carrier Aggregation Service Unavailable;Elastic RAN Carrier Aggregation is not available towards remote eNodeB.
2025-09-18;12:10:01;AL  ;Minor ;EUtraNetwork=1,ExternalENodeBFunction=2221-206255;Inter Node Carrier Aggregation Service Unavailable;Elastic RAN Carrier Aggregation is not available towards remote eNodeB.
2025-09-19;09:26:05;AL  ;Minor ;ENodeBFunction=1;External Link Failure;X2 link problem to one or several neighbouring eNodeBs. AI: PLMN ID-eNB ID 1 = 2221-206383
2025-09-19;09:28:54;AL  ;Minor ;ENodeBFunction=1;External Link Failure;X2 link problem to one or several neighbouring eNodeBs. AI: PLMN ID-eNB ID 1 = 2221-206383 PLMN ID-eNB ID 2 = 2221-650217
2025-09-19;09:46:53;AL  ;Minor ;ENodeBFunction=1;External Link Failure;X2 link problem to one or several neighbouring eNodeBs. AI: PLMN ID-eNB ID 1 = 2221-206383
2025-09-19;10:05:46;AL  ;Minor ;ENodeBFunction=1;External Link Failure;X2 link problem to one or several neighbouring eNodeBs. AI: PLMN ID-eNB ID 1 = 2221-206383 PLMN ID-eNB ID 2 = 2221-650217
2025-09-19;10:32:20;AL  ;Cleared;ENodeBFunction=1;External Link Failure;X2 link problem to one or several neighbouring eNodeBs. AI: PLMN ID-eNB ID 1 = 2221-206383 PLMN ID-eNB ID 2 = 2221-650217
2025-09-20;07:11:56;AL  ;Cleared;EUtraNetwork=1,ExternalENodeBFunction=2221-206255;Inter Node Carrier Aggregation Service Unavailable;Elastic RAN Carrier Aggregation is not available towards remote eNodeB.
2025-09-20;07:22:30;AL  ;Minor ;EUtraNetwork=1,ExternalENodeBFunction=2221-206255;Inter Node Carrier Aggregation Service Unavailable;Elastic RAN Carrier Aggregation is not available towards remote eNodeB.
2025-09-21;07:37:56;AL  ;Cleared;EUtraNetwork=1,ExternalENodeBFunction=2221-650657;Inter Node Carrier Aggregation Service Unavailable;Elastic RAN Carrier Aggregation is not available towards remote eNodeB.
2025-09-21;07:38:00;AL  ;Cleared;EUtraNetwork=1,ExternalENodeBFunction=2221-206255;Inter Node Carrier Aggregation Service Unavailable;Elastic RAN Carrier Aggregation is not available towards remote eNodeB.
2025-09-21;07:38:04;AL  ;Cleared;EUtraNetwork=1,ExternalENodeBFunction=2221-650362;Inter Node Carrier Aggregation Service Unavailable;Elastic RAN Carrier Aggregation is not available towards remote eNodeB.
2025-09-21;07:38:54;AL  ;Minor ;EUtraNetwork=1,ExternalENodeBFunction=2221-650362;Inter Node Carrier Aggregation Service Unavailable;Elastic RAN Carrier Aggregation is not available towards remote eNodeB.
2025-09-21;07:38:58;AL  ;Minor ;EUtraNetwork=1,ExternalENodeBFunction=2221-650657;Inter Node Carrier Aggregation Service Unavailable;Elastic RAN Carrier Aggregation is not available towards remote eNodeB.
2025-09-21;07:39:02;AL  ;Minor ;EUtraNetwork=1,ExternalENodeBFunction=2221-206255;Inter Node Carrier Aggregation Service Unavailable;Elastic RAN Carrier Aggregation is not available towards remote eNodeB.
2025-09-21;09:09:01;AL  ;Cleared;EUtraNetwork=1,ExternalENodeBFunction=2221-206255;Inter Node Carrier Aggregation Service Unavailable;Elastic RAN Carrier Aggregation is not available towards remote eNodeB.
2025-09-21;11:42:42;AL  ;Cleared;EUtraNetwork=1,ExternalENodeBFunction=2221-650362;Inter Node Carrier Aggregation Service Unavailable;Elastic RAN Carrier Aggregation is not available towards remote eNodeB.
2025-09-21;11:42:50;AL  ;Cleared;EUtraNetwork=1,ExternalENodeBFunction=2221-650657;Inter Node Carrier Aggregation Service Unavailable;Elastic RAN Carrier Aggregation is not available towards remote eNodeB.
2025-09-21;23:39:28;AL  ;Cleared;EUtraNetwork=1,ExternalENodeBFunction=2221-213265;Inter Node Feature Incompatibility;Elastic RAN feature is not activated in remote eNodeB. SUPPRESSED
2025-09-22;05:22:02;AL  ;Minor ;EUtraNetwork=1,ExternalENodeBFunction=2221-650657;Inter Node Carrier Aggregation Service Unavailable;Elastic RAN Carrier Aggregation is not available towards remote eNodeB.
2025-09-22;12:15:49;AL  ;Major ;Synchronization=1,RadioEquipmentClock=1,RadioEquipmentClockReference=PTP;Sync PTP Time Reliability Fault;Master clock class problem, Master clock accuracy problem
2025-09-22;12:32:00;AL  ;Minor ;ENodeBFunction=1;Sync Time and Phase Accuracy Too Low;Time and phase sync accuracy crossed the threshold for features interworking with NR.
2025-09-22;12:32:00;AL  ;Minor ;EUtranCellFDD=CS8FL1;Service Degraded;This is a secondary alarm, use alarm correlation information in Additional Information to find primary alarm.
2025-09-22;12:32:00;AL  ;Minor ;EUtranCellFDD=CS8FL2;Service Degraded;This is a secondary alarm, use alarm correlation information in Additional Information to find primary alarm.
2025-09-22;12:32:03;AL  ;Cleared;Synchronization=1,RadioEquipmentClock=1,RadioEquipmentClockReference=PTP;Sync PTP Time Reliability Fault;Master clock class problem, Master clock accuracy problem
2025-09-22;12:32:04;AL  ;Minor ;EthernetPort=TN_IDL_A_1;Ethernet Link Failure;Connected to physical port TnPort=TN_IDL_A_1
2025-09-22;12:32:04;AL  ;Minor ;EthernetPort=TN_IDL_A_2;Ethernet Link Failure;Connected to physical port TnPort=TN_IDL_A_2
2025-09-22;12:32:07;AL  ;Warning;ENodeBFunction=1;PLMN Service Redundancy Lost;S1 connection failure for PLMN connected with link represented by MO listed in Additional Information. AI: PLMN = ["2221"],DN1=ManagedElement=1,ENodeBFunction=1,TermPointToMme=5,DN2=ManagedElement=1,ENodeBFunction=1,TermPointToMme=3,DN3=ManagedElement=1,ENodeBFunction=1,TermPointToMme=2,DN4=ManagedElement=1,ENodeBFunction=1,TermPointToMme=1,
2025-09-22;12:32:12;AL  ;Cleared;EUtraNetwork=1,ExternalENodeBFunction=2221-650657;Inter Node Carrier Aggregation Service Unavailable;Elastic RAN Carrier Aggregation is not available towards remote eNodeB.
2025-09-22;12:32:15;AL  ;Cleared;ENodeBFunction=1;PLMN Service Redundancy Lost;S1 connection failure for PLMN connected with link represented by MO listed in Additional Information. AI: PLMN = ["2221"],DN1=ManagedElement=1,ENodeBFunction=1,TermPointToMme=5,DN2=ManagedElement=1,ENodeBFunction=1,TermPointToMme=3,DN3=ManagedElement=1,ENodeBFunction=1,TermPointToMme=2,DN4=ManagedElement=1,ENodeBFunction=1,TermPointToMme=1,
2025-09-22;12:32:15;AL  ;Minor ;ENodeBFunction=1;PLMN Service Unavailable;S1 Connection Failure for PLMNs listed in Additional Information. AI: PLMN = ["2221"],
2025-09-22;12:32:15;AL  ;Cleared;EUtranCellFDD=CS8FL2;Service Degraded;This is a secondary alarm, use alarm correlation information in Additional Information to find primary alarm.
2025-09-22;12:32:15;AL  ;Major ;EUtranCellFDD=CS8FL2;Service Unavailable;This is a secondary alarm, use alarm correlation information in Additional Information to find primary alarm.
2025-09-22;12:32:15;AL  ;Cleared;EUtranCellFDD=CS8FL1;Service Degraded;This is a secondary alarm, use alarm correlation information in Additional Information to find primary alarm.
2025-09-22;12:32:15;AL  ;Major ;EUtranCellFDD=CS8FL1;Service Unavailable;This is a secondary alarm, use alarm correlation information in Additional Information to find primary alarm.
2025-09-22;12:32:15;AL  ;Cleared;ENodeBFunction=1;Sync Time and Phase Accuracy Too Low;Time and phase sync accuracy crossed the threshold for features interworking with NR.
2025-09-22;12:33:16;AL  ;Major ;GsmSector=CS8FD1,AbisIp=1;BSC Connection Failure;Connection timeout, there is no connection towards the BSC for the GSM Sector.
2025-09-22;12:33:16;AL  ;Major ;GsmSector=CS8FD2,AbisIp=1;BSC Connection Failure;Connection timeout, there is no connection towards the BSC for the GSM Sector.
2025-09-22;12:33:34;AL  ;Cleared;EthernetPort=TN_IDL_A_1;Ethernet Link Failure;Connected to physical port TnPort=TN_IDL_A_1
2025-09-22;12:33:34;AL  ;Cleared;EthernetPort=TN_IDL_A_2;Ethernet Link Failure;Connected to physical port TnPort=TN_IDL_A_2
2025-09-22;12:33:35;AL  ;Cleared;ENodeBFunction=1;PLMN Service Unavailable;S1 Connection Failure for PLMNs listed in Additional Information. AI: PLMN = ["2221"],
2025-09-22;12:33:35;AL  ;Cleared;EUtranCellFDD=CS8FL2;Service Unavailable;This is a secondary alarm, use alarm correlation information in Additional Information to find primary alarm.
2025-09-22;12:33:35;AL  ;Cleared;EUtranCellFDD=CS8FL1;Service Unavailable;This is a secondary alarm, use alarm correlation information in Additional Information to find primary alarm.
2025-09-22;12:33:36;AL  ;Major ;Synchronization=1,RadioEquipmentClock=1,RadioEquipmentClockReference=PTP;Sync PTP Time Reliability Fault;Master clock accuracy problem
2025-09-22;12:33:37;AL  ;Cleared;GsmSector=CS8FD1,AbisIp=1;BSC Connection Failure;Connection timeout, there is no connection towards the BSC for the GSM Sector.
2025-09-22;12:33:37;AL  ;Cleared;GsmSector=CS8FD2,AbisIp=1;BSC Connection Failure;Connection timeout, there is no connection towards the BSC for the GSM Sector.
2025-09-22;12:33:45;AL  ;Minor ;EUtraNetwork=1,ExternalENodeBFunction=2221-650657;Inter Node Carrier Aggregation Service Unavailable;Elastic RAN Carrier Aggregation is not available towards remote eNodeB.
2025-09-22;12:34:03;AL  ;Cleared;Synchronization=1,RadioEquipmentClock=1,RadioEquipmentClockReference=PTP;Sync PTP Time Reliability Fault;Master clock class problem, Master clock accuracy problem
2025-09-22;12:34:39;AL  ;Major ;Synchronization=1,RadioEquipmentClock=1,RadioEquipmentClockReference=PTP;Sync PTP Time Reliability Fault;Master clock class problem, Master clock accuracy problem
2025-09-22;13:06:58;AL  ;Minor ;ENodeBFunction=1;Sync Time and Phase Accuracy Too Low;Time and phase sync accuracy crossed the threshold for features interworking with NR.
2025-09-22;13:06:58;AL  ;Minor ;EUtranCellFDD=CS8FL1;Service Degraded;This is a secondary alarm, use alarm correlation information in Additional Information to find primary alarm.
2025-09-22;13:06:58;AL  ;Minor ;EUtranCellFDD=CS8FL2;Service Degraded;This is a secondary alarm, use alarm correlation information in Additional Information to find primary alarm.
2025-09-22;14:07:59;AL  ;Cleared;EUtranCellFDD=CS8FL1;Service Degraded;This is a secondary alarm, use alarm correlation information in Additional Information to find primary alarm.
2025-09-22;14:07:59;AL  ;Cleared;EUtranCellFDD=CS8FL2;Service Degraded;This is a secondary alarm, use alarm correlation information in Additional Information to find primary alarm.
2025-09-22;14:07:59;AL  ;Cleared;ENodeBFunction=1;Sync Time and Phase Accuracy Too Low;Time and phase sync accuracy crossed the threshold for features interworking with NR.
2025-09-22;14:09:46;AL  ;Cleared;Synchronization=1,RadioEquipmentClock=1,RadioEquipmentClockReference=PTP;Sync PTP Time Reliability Fault;Master time not traceable
2025-09-22;14:22:21;AL  ;Major ;Synchronization=1,RadioEquipmentClock=1,RadioEquipmentClockReference=PTP;Sync PTP Time Reliability Fault;Master clock class problem, Master clock accuracy problem
2025-09-22;14:46:29;AL  ;Cleared;Synchronization=1,RadioEquipmentClock=1,RadioEquipmentClockReference=PTP;Sync PTP Time Reliability Fault;Master clock accuracy problem
2025-09-22;14:49:31;AL  ;Minor ;ENodeBFunction=1;Sync Time and Phase Accuracy Too Low;Time and phase sync accuracy crossed the threshold for features interworking with NR.
2025-09-22;14:49:31;AL  ;Minor ;EUtranCellFDD=CS8FL1;Service Degraded;This is a secondary alarm, use alarm correlation information in Additional Information to find primary alarm.
2025-09-22;14:49:31;AL  ;Minor ;EUtranCellFDD=CS8FL2;Service Degraded;This is a secondary alarm, use alarm correlation information in Additional Information to find primary alarm.
2025-09-22;14:49:42;AL  ;Cleared;EUtranCellFDD=CS8FL1;Service Degraded;This is a secondary alarm, use alarm correlation information in Additional Information to find primary alarm.
2025-09-22;14:49:42;AL  ;Cleared;EUtranCellFDD=CS8FL2;Service Degraded;This is a secondary alarm, use alarm correlation information in Additional Information to find primary alarm.
2025-09-22;14:49:42;AL  ;Cleared;ENodeBFunction=1;Sync Time and Phase Accuracy Too Low;Time and phase sync accuracy crossed the threshold for features interworking with NR.
2025-09-22;17:06:12;AL  ;Minor ;EUtraNetwork=1,ExternalENodeBFunction=2221-206255;Inter Node Carrier Aggregation Service Unavailable;Elastic RAN Carrier Aggregation is not available towards remote eNodeB.
2025-09-23;01:59:58;AL  ;Minor ;EUtraNetwork=1,ExternalENodeBFunction=2221-213265;Inter Node Feature Incompatibility;Elastic RAN feature is not activated in remote eNodeB. SUPPRESSED
2025-09-24;14:05:39;AL  ;Cleared;EUtraNetwork=1,ExternalENodeBFunction=2221-206255;Inter Node Carrier Aggregation Service Unavailable;Elastic RAN Carrier Aggregation is not available towards remote eNodeB.
2025-09-24;14:07:31;AL  ;Minor ;EUtraNetwork=1,ExternalENodeBFunction=2221-206255;Inter Node Carrier Aggregation Service Unavailable;Elastic RAN Carrier Aggregation is not available towards remote eNodeB.
2025-09-26;13:27:21;AL  ;Minor ;ENodeBFunction=1;External Link Failure;X2 link problem to one or several neighbouring eNodeBs. AI: PLMN ID-eNB ID 1 = 2221-204753
2025-09-26;13:27:25;AL  ;Minor ;ENodeBFunction=1;External Link to GNodeB Failure;X2 link problem to one or several neighbouring gNodeBs. AI: PLMN ID-gNB ID 1 = 2221-1051409
2025-09-26;15:03:57;AL  ;Minor ;ENodeBFunction=1;Sync Time and Phase Accuracy Too Low;Time and phase sync accuracy crossed the threshold for features interworking with NR.
2025-09-26;15:03:57;AL  ;Minor ;EUtranCellFDD=CS8FL1;Service Degraded;This is a secondary alarm, use alarm correlation information in Additional Information to find primary alarm.
2025-09-26;15:03:57;AL  ;Minor ;EUtranCellFDD=CS8FL2;Service Degraded;This is a secondary alarm, use alarm correlation information in Additional Information to find primary alarm.
2025-09-26;15:04:23;AL  ;Cleared;EUtranCellFDD=CS8FL1;Service Degraded;This is a secondary alarm, use alarm correlation information in Additional Information to find primary alarm.
2025-09-26;15:04:23;AL  ;Cleared;EUtranCellFDD=CS8FL2;Service Degraded;This is a secondary alarm, use alarm correlation information in Additional Information to find primary alarm.
2025-09-26;15:04:23;AL  ;Cleared;ENodeBFunction=1;Sync Time and Phase Accuracy Too Low;Time and phase sync accuracy crossed the threshold for features interworking with NR.
2025-09-26;18:47:49;AL  ;Cleared;ENodeBFunction=1;External Link to GNodeB Failure;X2 link problem to one or several neighbouring gNodeBs. AI: PLMN ID-gNB ID 1 = 2221-1051409
2025-09-26;18:48:15;AL  ;Cleared;ENodeBFunction=1;External Link Failure;X2 link problem to one or several neighbouring eNodeBs. AI: PLMN ID-eNB ID 1 = 2221-204753 PLMN ID-eNB ID 2 = 2221-204754
2025-09-28;07:37:35;AL  ;Cleared;EUtraNetwork=1,ExternalENodeBFunction=2221-650657;Inter Node Carrier Aggregation Service Unavailable;Elastic RAN Carrier Aggregation is not available towards remote eNodeB.
2025-09-28;07:37:40;AL  ;Cleared;EUtraNetwork=1,ExternalENodeBFunction=2221-206255;Inter Node Carrier Aggregation Service Unavailable;Elastic RAN Carrier Aggregation is not available towards remote eNodeB.
2025-09-28;07:38:42;AL  ;Minor ;EUtraNetwork=1,ExternalENodeBFunction=2221-206255;Inter Node Carrier Aggregation Service Unavailable;Elastic RAN Carrier Aggregation is not available towards remote eNodeB.
2025-09-28;09:09:46;AL  ;Minor ;EUtraNetwork=1,ExternalENodeBFunction=2221-650657;Inter Node Carrier Aggregation Service Unavailable;Elastic RAN Carrier Aggregation is not available towards remote eNodeB.
2025-09-28;09:10:24;AL  ;Cleared;EUtraNetwork=1,ExternalENodeBFunction=2221-206255;Inter Node Carrier Aggregation Service Unavailable;Elastic RAN Carrier Aggregation is not available towards remote eNodeB.
2025-09-28;11:41:19;AL  ;Cleared;EUtraNetwork=1,ExternalENodeBFunction=2221-650657;Inter Node Carrier Aggregation Service Unavailable;Elastic RAN Carrier Aggregation is not available towards remote eNodeB.
2025-09-28;17:58:01;AL  ;Minor ;EUtraNetwork=1,ExternalENodeBFunction=2221-650657;Inter Node Carrier Aggregation Service Unavailable;Elastic RAN Carrier Aggregation is not available towards remote eNodeB.
2025-09-29;15:34:57;AL  ;Minor ;EUtraNetwork=1,ExternalENodeBFunction=2221-650217;Inter Node Carrier Aggregation Service Unavailable;Elastic RAN Carrier Aggregation is not available towards remote eNodeB.
2025-09-29;17:15:32;AL  ;Cleared;EUtraNetwork=1,ExternalENodeBFunction=2221-650217;Inter Node Carrier Aggregation Service Unavailable;Elastic RAN Carrier Aggregation is not available towards remote eNodeB.
2025-09-29;17:15:54;AL  ;Minor ;EUtraNetwork=1,ExternalENodeBFunction=2221-650217;Inter Node Carrier Aggregation Service Unavailable;Elastic RAN Carrier Aggregation is not available towards remote eNodeB.
2025-09-29;17:22:02;AL  ;Cleared;EUtraNetwork=1,ExternalENodeBFunction=2221-650217;Inter Node Carrier Aggregation Service Unavailable;Elastic RAN Carrier Aggregation is not available towards remote eNodeB.
2025-09-29;17:22:28;AL  ;Minor ;EUtraNetwork=1,ExternalENodeBFunction=2221-650217;Inter Node Carrier Aggregation Service Unavailable;Elastic RAN Carrier Aggregation is not available towards remote eNodeB.
2025-09-29;17:41:10;AL  ;Cleared;EUtraNetwork=1,ExternalENodeBFunction=2221-650217;Inter Node Carrier Aggregation Service Unavailable;Elastic RAN Carrier Aggregation is not available towards remote eNodeB.
2025-09-29;17:41:38;AL  ;Minor ;EUtraNetwork=1,ExternalENodeBFunction=2221-650217;Inter Node Carrier Aggregation Service Unavailable;Elastic RAN Carrier Aggregation is not available towards remote eNodeB.
2025-09-29;18:34:26;AL  ;Cleared;EUtraNetwork=1,ExternalENodeBFunction=2221-650217;Inter Node Carrier Aggregation Service Unavailable;Elastic RAN Carrier Aggregation is not available towards remote eNodeB.
2025-09-29;18:34:48;AL  ;Minor ;EUtraNetwork=1,ExternalENodeBFunction=2221-650217;Inter Node Carrier Aggregation Service Unavailable;Elastic RAN Carrier Aggregation is not available towards remote eNodeB.
2025-09-29;18:49:57;AL  ;Cleared;EUtraNetwork=1,ExternalENodeBFunction=2221-650217;Inter Node Carrier Aggregation Service Unavailable;Elastic RAN Carrier Aggregation is not available towards remote eNodeB.
2025-09-29;18:50:28;AL  ;Minor ;EUtraNetwork=1,ExternalENodeBFunction=2221-650217;Inter Node Carrier Aggregation Service Unavailable;Elastic RAN Carrier Aggregation is not available towards remote eNodeB.
2025-09-29;19:05:26;AL  ;Cleared;EUtraNetwork=1,ExternalENodeBFunction=2221-650217;Inter Node Carrier Aggregation Service Unavailable;Elastic RAN Carrier Aggregation is not available towards remote eNodeB.
2025-09-29;19:06:07;AL  ;Minor ;EUtraNetwork=1,ExternalENodeBFunction=2221-650217;Inter Node Carrier Aggregation Service Unavailable;Elastic RAN Carrier Aggregation is not available towards remote eNodeB.
2025-09-29;19:22:48;AL  ;Cleared;EUtraNetwork=1,ExternalENodeBFunction=2221-650217;Inter Node Carrier Aggregation Service Unavailable;Elastic RAN Carrier Aggregation is not available towards remote eNodeB.
2025-09-29;19:23:02;AL  ;Minor ;EUtraNetwork=1,ExternalENodeBFunction=2221-650217;Inter Node Carrier Aggregation Service Unavailable;Elastic RAN Carrier Aggregation is not available towards remote eNodeB.
2025-09-29;20:12:40;AL  ;Cleared;EUtraNetwork=1,ExternalENodeBFunction=2221-650217;Inter Node Carrier Aggregation Service Unavailable;Elastic RAN Carrier Aggregation is not available towards remote eNodeB.
2025-09-29;20:13:08;AL  ;Minor ;EUtraNetwork=1,ExternalENodeBFunction=2221-650217;Inter Node Carrier Aggregation Service Unavailable;Elastic RAN Carrier Aggregation is not available towards remote eNodeB.
2025-09-29;20:35:45;AL  ;Cleared;EUtraNetwork=1,ExternalENodeBFunction=2221-650217;Inter Node Carrier Aggregation Service Unavailable;Elastic RAN Carrier Aggregation is not available towards remote eNodeB.
2025-09-29;20:36:05;AL  ;Minor ;EUtraNetwork=1,ExternalENodeBFunction=2221-650217;Inter Node Carrier Aggregation Service Unavailable;Elastic RAN Carrier Aggregation is not available towards remote eNodeB.
2025-09-29;20:44:49;AL  ;Cleared;EUtraNetwork=1,ExternalENodeBFunction=2221-650217;Inter Node Carrier Aggregation Service Unavailable;Elastic RAN Carrier Aggregation is not available towards remote eNodeB.
2025-09-29;20:45:17;AL  ;Minor ;EUtraNetwork=1,ExternalENodeBFunction=2221-650217;Inter Node Carrier Aggregation Service Unavailable;Elastic RAN Carrier Aggregation is not available towards remote eNodeB.
2025-09-29;21:12:53;AL  ;Cleared;EUtraNetwork=1,ExternalENodeBFunction=2221-650217;Inter Node Carrier Aggregation Service Unavailable;Elastic RAN Carrier Aggregation is not available towards remote eNodeB.
2025-09-29;21:13:20;AL  ;Minor ;EUtraNetwork=1,ExternalENodeBFunction=2221-650217;Inter Node Carrier Aggregation Service Unavailable;Elastic RAN Carrier Aggregation is not available towards remote eNodeB.
2025-09-30;11:30:34;AL  ;Cleared;EUtraNetwork=1,ExternalENodeBFunction=2221-650217;Inter Node Carrier Aggregation Service Unavailable;Elastic RAN Carrier Aggregation is not available towards remote eNodeB.
2025-09-30;11:31:00;AL  ;Minor ;EUtraNetwork=1,ExternalENodeBFunction=2221-650217;Inter Node Carrier Aggregation Service Unavailable;Elastic RAN Carrier Aggregation is not available towards remote eNodeB.
2025-09-30;13:21:16;AL  ;Cleared;EUtraNetwork=1,ExternalENodeBFunction=2221-650217;Inter Node Carrier Aggregation Service Unavailable;Elastic RAN Carrier Aggregation is not available towards remote eNodeB.
2025-09-30;13:21:30;AL  ;Minor ;EUtraNetwork=1,ExternalENodeBFunction=2221-650217;Inter Node Carrier Aggregation Service Unavailable;Elastic RAN Carrier Aggregation is not available towards remote eNodeB.
2025-09-30;16:32:24;AL  ;Cleared;EUtraNetwork=1,ExternalENodeBFunction=2221-650217;Inter Node Carrier Aggregation Service Unavailable;Elastic RAN Carrier Aggregation is not available towards remote eNodeB.
2025-09-30;16:32:35;AL  ;Minor ;EUtraNetwork=1,ExternalENodeBFunction=2221-650217;Inter Node Carrier Aggregation Service Unavailable;Elastic RAN Carrier Aggregation is not available towards remote eNodeB.
2025-09-30;16:53:45;AL  ;Cleared;EUtraNetwork=1,ExternalENodeBFunction=2221-650217;Inter Node Carrier Aggregation Service Unavailable;Elastic RAN Carrier Aggregation is not available towards remote eNodeB.
2025-09-30;16:53:55;AL  ;Minor ;EUtraNetwork=1,ExternalENodeBFunction=2221-650217;Inter Node Carrier Aggregation Service Unavailable;Elastic RAN Carrier Aggregation is not available towards remote eNodeB.
2025-09-30;17:56:51;AL  ;Cleared;EUtraNetwork=1,ExternalENodeBFunction=2221-650217;Inter Node Carrier Aggregation Service Unavailable;Elastic RAN Carrier Aggregation is not available towards remote eNodeB.
2025-09-30;17:57:10;AL  ;Minor ;EUtraNetwork=1,ExternalENodeBFunction=2221-650217;Inter Node Carrier Aggregation Service Unavailable;Elastic RAN Carrier Aggregation is not available towards remote eNodeB.
2025-09-30;18:22:52;AL  ;Cleared;EUtraNetwork=1,ExternalENodeBFunction=2221-650217;Inter Node Carrier Aggregation Service Unavailable;Elastic RAN Carrier Aggregation is not available towards remote eNodeB.
2025-09-30;18:23:10;AL  ;Minor ;EUtraNetwork=1,ExternalENodeBFunction=2221-650217;Inter Node Carrier Aggregation Service Unavailable;Elastic RAN Carrier Aggregation is not available towards remote eNodeB.
2025-09-30;18:50:12;AL  ;Cleared;EUtraNetwork=1,ExternalENodeBFunction=2221-650217;Inter Node Carrier Aggregation Service Unavailable;Elastic RAN Carrier Aggregation is not available towards remote eNodeB.
2025-09-30;18:50:59;AL  ;Minor ;EUtraNetwork=1,ExternalENodeBFunction=2221-650217;Inter Node Carrier Aggregation Service Unavailable;Elastic RAN Carrier Aggregation is not available towards remote eNodeB.
2025-09-30;19:10:43;AL  ;Cleared;EUtraNetwork=1,ExternalENodeBFunction=2221-650217;Inter Node Carrier Aggregation Service Unavailable;Elastic RAN Carrier Aggregation is not available towards remote eNodeB.
2025-09-30;19:11:31;AL  ;Minor ;EUtraNetwork=1,ExternalENodeBFunction=2221-650217;Inter Node Carrier Aggregation Service Unavailable;Elastic RAN Carrier Aggregation is not available towards remote eNodeB.
2025-09-30;19:23:12;AL  ;Cleared;EUtraNetwork=1,ExternalENodeBFunction=2221-650217;Inter Node Carrier Aggregation Service Unavailable;Elastic RAN Carrier Aggregation is not available towards remote eNodeB.
2025-09-30;19:23:45;AL  ;Minor ;EUtraNetwork=1,ExternalENodeBFunction=2221-650217;Inter Node Carrier Aggregation Service Unavailable;Elastic RAN Carrier Aggregation is not available towards remote eNodeB.
2025-09-30;20:05:43;AL  ;Cleared;EUtraNetwork=1,ExternalENodeBFunction=2221-650217;Inter Node Carrier Aggregation Service Unavailable;Elastic RAN Carrier Aggregation is not available towards remote eNodeB.
2025-09-30;20:06:16;AL  ;Minor ;EUtraNetwork=1,ExternalENodeBFunction=2221-650217;Inter Node Carrier Aggregation Service Unavailable;Elastic RAN Carrier Aggregation is not available towards remote eNodeB.
2025-09-30;20:25:42;AL  ;Cleared;EUtraNetwork=1,ExternalENodeBFunction=2221-650217;Inter Node Carrier Aggregation Service Unavailable;Elastic RAN Carrier Aggregation is not available towards remote eNodeB.
2025-09-30;20:26:21;AL  ;Minor ;EUtraNetwork=1,ExternalENodeBFunction=2221-650217;Inter Node Carrier Aggregation Service Unavailable;Elastic RAN Carrier Aggregation is not available towards remote eNodeB.
2025-10-01;07:06:13;AL  ;Minor ;ENodeBFunction=1;External Link Failure;X2 link problem to one or several neighbouring eNodeBs. AI: PLMN ID-eNB ID 1 = 2221-212009
2025-10-01;10:25:23;AL  ;Cleared;ENodeBFunction=1;External Link Failure;X2 link problem to one or several neighbouring eNodeBs. AI: PLMN ID-eNB ID 1 = 2221-212009
2025-10-01;12:28:01;AL  ;Cleared;EUtraNetwork=1,ExternalENodeBFunction=2221-650217;Inter Node Carrier Aggregation Service Unavailable;Elastic RAN Carrier Aggregation is not available towards remote eNodeB.
2025-10-01;12:28:30;AL  ;Minor ;EUtraNetwork=1,ExternalENodeBFunction=2221-650217;Inter Node Carrier Aggregation Service Unavailable;Elastic RAN Carrier Aggregation is not available towards remote eNodeB.
2025-10-01;13:13:27;AL  ;Cleared;EUtraNetwork=1,ExternalENodeBFunction=2221-650217;Inter Node Carrier Aggregation Service Unavailable;Elastic RAN Carrier Aggregation is not available towards remote eNodeB.
2025-10-01;13:13:55;AL  ;Minor ;EUtraNetwork=1,ExternalENodeBFunction=2221-650217;Inter Node Carrier Aggregation Service Unavailable;Elastic RAN Carrier Aggregation is not available towards remote eNodeB.
2025-10-01;18:55:49;AL  ;Cleared;EUtraNetwork=1,ExternalENodeBFunction=2221-650217;Inter Node Carrier Aggregation Service Unavailable;Elastic RAN Carrier Aggregation is not available towards remote eNodeB.
2025-10-01;18:56:00;AL  ;Minor ;EUtraNetwork=1,ExternalENodeBFunction=2221-650217;Inter Node Carrier Aggregation Service Unavailable;Elastic RAN Carrier Aggregation is not available towards remote eNodeB.
2025-10-01;19:17:42;AL  ;Cleared;EUtraNetwork=1,ExternalENodeBFunction=2221-650217;Inter Node Carrier Aggregation Service Unavailable;Elastic RAN Carrier Aggregation is not available towards remote eNodeB.
2025-10-01;19:18:10;AL  ;Minor ;EUtraNetwork=1,ExternalENodeBFunction=2221-650217;Inter Node Carrier Aggregation Service Unavailable;Elastic RAN Carrier Aggregation is not available towards remote eNodeB.
2025-10-01;19:23:39;AL  ;Cleared;EUtraNetwork=1,ExternalENodeBFunction=2221-650217;Inter Node Carrier Aggregation Service Unavailable;Elastic RAN Carrier Aggregation is not available towards remote eNodeB.
2025-10-01;19:24:07;AL  ;Minor ;EUtraNetwork=1,ExternalENodeBFunction=2221-650217;Inter Node Carrier Aggregation Service Unavailable;Elastic RAN Carrier Aggregation is not available towards remote eNodeB.
2025-10-01;19:29:09;AL  ;Cleared;EUtraNetwork=1,ExternalENodeBFunction=2221-650217;Inter Node Carrier Aggregation Service Unavailable;Elastic RAN Carrier Aggregation is not available towards remote eNodeB.
2025-10-01;19:29:22;AL  ;Minor ;EUtraNetwork=1,ExternalENodeBFunction=2221-650217;Inter Node Carrier Aggregation Service Unavailable;Elastic RAN Carrier Aggregation is not available towards remote eNodeB.
2025-10-01;19:31:20;AL  ;Cleared;EUtraNetwork=1,ExternalENodeBFunction=2221-650217;Inter Node Carrier Aggregation Service Unavailable;Elastic RAN Carrier Aggregation is not available towards remote eNodeB.
2025-10-01;19:31:47;AL  ;Minor ;EUtraNetwork=1,ExternalENodeBFunction=2221-650217;Inter Node Carrier Aggregation Service Unavailable;Elastic RAN Carrier Aggregation is not available towards remote eNodeB.
2025-10-01;19:50:14;AL  ;Cleared;EUtraNetwork=1,ExternalENodeBFunction=2221-650217;Inter Node Carrier Aggregation Service Unavailable;Elastic RAN Carrier Aggregation is not available towards remote eNodeB.
2025-10-01;19:50:40;AL  ;Minor ;EUtraNetwork=1,ExternalENodeBFunction=2221-650217;Inter Node Carrier Aggregation Service Unavailable;Elastic RAN Carrier Aggregation is not available towards remote eNodeB.
2025-10-01;19:56:19;AL  ;Cleared;EUtraNetwork=1,ExternalENodeBFunction=2221-650217;Inter Node Carrier Aggregation Service Unavailable;Elastic RAN Carrier Aggregation is not available towards remote eNodeB.
2025-10-01;19:56:50;AL  ;Minor ;EUtraNetwork=1,ExternalENodeBFunction=2221-650217;Inter Node Carrier Aggregation Service Unavailable;Elastic RAN Carrier Aggregation is not available towards remote eNodeB.
2025-10-01;20:09:41;AL  ;Cleared;EUtraNetwork=1,ExternalENodeBFunction=2221-650217;Inter Node Carrier Aggregation Service Unavailable;Elastic RAN Carrier Aggregation is not available towards remote eNodeB.
2025-10-01;20:10:10;AL  ;Minor ;EUtraNetwork=1,ExternalENodeBFunction=2221-650217;Inter Node Carrier Aggregation Service Unavailable;Elastic RAN Carrier Aggregation is not available towards remote eNodeB.
2025-10-01;20:11:55;AL  ;Cleared;EUtraNetwork=1,ExternalENodeBFunction=2221-650217;Inter Node Carrier Aggregation Service Unavailable;Elastic RAN Carrier Aggregation is not available towards remote eNodeB.
2025-10-01;20:12:10;AL  ;Minor ;EUtraNetwork=1,ExternalENodeBFunction=2221-650217;Inter Node Carrier Aggregation Service Unavailable;Elastic RAN Carrier Aggregation is not available towards remote eNodeB.
2025-10-01;20:42:21;AL  ;Cleared;EUtraNetwork=1,ExternalENodeBFunction=2221-650217;Inter Node Carrier Aggregation Service Unavailable;Elastic RAN Carrier Aggregation is not available towards remote eNodeB.
2025-10-01;20:42:29;AL  ;Minor ;EUtraNetwork=1,ExternalENodeBFunction=2221-650217;Inter Node Carrier Aggregation Service Unavailable;Elastic RAN Carrier Aggregation is not available towards remote eNodeB.
2025-10-02;12:51:40;AL  ;Cleared;EUtraNetwork=1,ExternalENodeBFunction=2221-650217;Inter Node Carrier Aggregation Service Unavailable;Elastic RAN Carrier Aggregation is not available towards remote eNodeB.
2025-10-02;12:52:08;AL  ;Minor ;EUtraNetwork=1,ExternalENodeBFunction=2221-650217;Inter Node Carrier Aggregation Service Unavailable;Elastic RAN Carrier Aggregation is not available towards remote eNodeB.
2025-10-02;13:04:45;AL  ;Cleared;EUtraNetwork=1,ExternalENodeBFunction=2221-650217;Inter Node Carrier Aggregation Service Unavailable;Elastic RAN Carrier Aggregation is not available towards remote eNodeB.
2025-10-02;13:05:12;AL  ;Minor ;EUtraNetwork=1,ExternalENodeBFunction=2221-650217;Inter Node Carrier Aggregation Service Unavailable;Elastic RAN Carrier Aggregation is not available towards remote eNodeB.
2025-10-02;16:25:27;AL  ;Cleared;EUtraNetwork=1,ExternalENodeBFunction=2221-650217;Inter Node Carrier Aggregation Service Unavailable;Elastic RAN Carrier Aggregation is not available towards remote eNodeB.
2025-10-02;16:25:35;AL  ;Minor ;EUtraNetwork=1,ExternalENodeBFunction=2221-650217;Inter Node Carrier Aggregation Service Unavailable;Elastic RAN Carrier Aggregation is not available towards remote eNodeB.
2025-10-02;18:29:30;AL  ;Cleared;EUtraNetwork=1,ExternalENodeBFunction=2221-650217;Inter Node Carrier Aggregation Service Unavailable;Elastic RAN Carrier Aggregation is not available towards remote eNodeB.
2025-10-02;18:29:57;AL  ;Minor ;EUtraNetwork=1,ExternalENodeBFunction=2221-650217;Inter Node Carrier Aggregation Service Unavailable;Elastic RAN Carrier Aggregation is not available towards remote eNodeB.
2025-10-02;18:34:28;AL  ;Cleared;EUtraNetwork=1,ExternalENodeBFunction=2221-650217;Inter Node Carrier Aggregation Service Unavailable;Elastic RAN Carrier Aggregation is not available towards remote eNodeB.
2025-10-02;18:34:54;AL  ;Minor ;EUtraNetwork=1,ExternalENodeBFunction=2221-650217;Inter Node Carrier Aggregation Service Unavailable;Elastic RAN Carrier Aggregation is not available towards remote eNodeB.
2025-10-02;20:09:03;AL  ;Cleared;EUtraNetwork=1,ExternalENodeBFunction=2221-650217;Inter Node Carrier Aggregation Service Unavailable;Elastic RAN Carrier Aggregation is not available towards remote eNodeB.
2025-10-02;20:09:19;AL  ;Minor ;EUtraNetwork=1,ExternalENodeBFunction=2221-650217;Inter Node Carrier Aggregation Service Unavailable;Elastic RAN Carrier Aggregation is not available towards remote eNodeB.
2025-10-02;20:30:00;AL  ;Cleared;EUtraNetwork=1,ExternalENodeBFunction=2221-650217;Inter Node Carrier Aggregation Service Unavailable;Elastic RAN Carrier Aggregation is not available towards remote eNodeB.
2025-10-02;20:30:10;AL  ;Minor ;EUtraNetwork=1,ExternalENodeBFunction=2221-650217;Inter Node Carrier Aggregation Service Unavailable;Elastic RAN Carrier Aggregation is not available towards remote eNodeB.
2025-10-03;09:57:21;AL  ;Cleared;EUtraNetwork=1,ExternalENodeBFunction=2221-650217;Inter Node Carrier Aggregation Service Unavailable;Elastic RAN Carrier Aggregation is not available towards remote eNodeB.
2025-10-03;09:57:31;AL  ;Minor ;EUtraNetwork=1,ExternalENodeBFunction=2221-650217;Inter Node Carrier Aggregation Service Unavailable;Elastic RAN Carrier Aggregation is not available towards remote eNodeB.
2025-10-03;11:03:42;AL  ;Cleared;EUtraNetwork=1,ExternalENodeBFunction=2221-650217;Inter Node Carrier Aggregation Service Unavailable;Elastic RAN Carrier Aggregation is not available towards remote eNodeB.
2025-10-03;11:04:25;AL  ;Minor ;EUtraNetwork=1,ExternalENodeBFunction=2221-650217;Inter Node Carrier Aggregation Service Unavailable;Elastic RAN Carrier Aggregation is not available towards remote eNodeB.
2025-10-03;11:44:12;AL  ;Cleared;EUtraNetwork=1,ExternalENodeBFunction=2221-650217;Inter Node Carrier Aggregation Service Unavailable;Elastic RAN Carrier Aggregation is not available towards remote eNodeB.
2025-10-03;11:44:53;AL  ;Minor ;EUtraNetwork=1,ExternalENodeBFunction=2221-650217;Inter Node Carrier Aggregation Service Unavailable;Elastic RAN Carrier Aggregation is not available towards remote eNodeB.
2025-10-03;17:07:13;AL  ;Cleared;EUtraNetwork=1,ExternalENodeBFunction=2221-650217;Inter Node Carrier Aggregation Service Unavailable;Elastic RAN Carrier Aggregation is not available towards remote eNodeB.
2025-10-03;17:07:40;AL  ;Minor ;EUtraNetwork=1,ExternalENodeBFunction=2221-650217;Inter Node Carrier Aggregation Service Unavailable;Elastic RAN Carrier Aggregation is not available towards remote eNodeB.
2025-10-03;18:01:48;AL  ;Cleared;EUtraNetwork=1,ExternalENodeBFunction=2221-650217;Inter Node Carrier Aggregation Service Unavailable;Elastic RAN Carrier Aggregation is not available towards remote eNodeB.
2025-10-03;18:02:10;AL  ;Minor ;EUtraNetwork=1,ExternalENodeBFunction=2221-650217;Inter Node Carrier Aggregation Service Unavailable;Elastic RAN Carrier Aggregation is not available towards remote eNodeB.
2025-10-03;19:03:42;AL  ;Cleared;EUtraNetwork=1,ExternalENodeBFunction=2221-650217;Inter Node Carrier Aggregation Service Unavailable;Elastic RAN Carrier Aggregation is not available towards remote eNodeB.
2025-10-03;19:03:59;AL  ;Minor ;EUtraNetwork=1,ExternalENodeBFunction=2221-650217;Inter Node Carrier Aggregation Service Unavailable;Elastic RAN Carrier Aggregation is not available towards remote eNodeB.
2025-10-03;20:00:18;AL  ;Cleared;EUtraNetwork=1,ExternalENodeBFunction=2221-650217;Inter Node Carrier Aggregation Service Unavailable;Elastic RAN Carrier Aggregation is not available towards remote eNodeB.
2025-10-03;20:00:45;AL  ;Minor ;EUtraNetwork=1,ExternalENodeBFunction=2221-650217;Inter Node Carrier Aggregation Service Unavailable;Elastic RAN Carrier Aggregation is not available towards remote eNodeB.
2025-10-04;10:14:41;AL  ;Cleared;EUtraNetwork=1,ExternalENodeBFunction=2221-650217;Inter Node Carrier Aggregation Service Unavailable;Elastic RAN Carrier Aggregation is not available towards remote eNodeB.
2025-10-04;10:15:08;AL  ;Minor ;EUtraNetwork=1,ExternalENodeBFunction=2221-650217;Inter Node Carrier Aggregation Service Unavailable;Elastic RAN Carrier Aggregation is not available towards remote eNodeB.
2025-10-04;12:40:14;AL  ;Cleared;EUtraNetwork=1,ExternalENodeBFunction=2221-650217;Inter Node Carrier Aggregation Service Unavailable;Elastic RAN Carrier Aggregation is not available towards remote eNodeB.
2025-10-04;12:40:42;AL  ;Minor ;EUtraNetwork=1,ExternalENodeBFunction=2221-650217;Inter Node Carrier Aggregation Service Unavailable;Elastic RAN Carrier Aggregation is not available towards remote eNodeB.
2025-10-04;14:33:28;AL  ;Cleared;EUtraNetwork=1,ExternalENodeBFunction=2221-650217;Inter Node Carrier Aggregation Service Unavailable;Elastic RAN Carrier Aggregation is not available towards remote eNodeB.
2025-10-04;14:33:55;AL  ;Minor ;EUtraNetwork=1,ExternalENodeBFunction=2221-650217;Inter Node Carrier Aggregation Service Unavailable;Elastic RAN Carrier Aggregation is not available towards remote eNodeB.
2025-10-04;16:18:57;AL  ;Cleared;EUtraNetwork=1,ExternalENodeBFunction=2221-650217;Inter Node Carrier Aggregation Service Unavailable;Elastic RAN Carrier Aggregation is not available towards remote eNodeB.
2025-10-04;16:19:26;AL  ;Minor ;EUtraNetwork=1,ExternalENodeBFunction=2221-650217;Inter Node Carrier Aggregation Service Unavailable;Elastic RAN Carrier Aggregation is not available towards remote eNodeB.
2025-10-04;16:29:25;AL  ;Cleared;EUtraNetwork=1,ExternalENodeBFunction=2221-650217;Inter Node Carrier Aggregation Service Unavailable;Elastic RAN Carrier Aggregation is not available towards remote eNodeB.
2025-10-04;16:29:53;AL  ;Minor ;EUtraNetwork=1,ExternalENodeBFunction=2221-650217;Inter Node Carrier Aggregation Service Unavailable;Elastic RAN Carrier Aggregation is not available towards remote eNodeB.
2025-10-04;19:19:40;AL  ;Cleared;EUtraNetwork=1,ExternalENodeBFunction=2221-650217;Inter Node Carrier Aggregation Service Unavailable;Elastic RAN Carrier Aggregation is not available towards remote eNodeB.
2025-10-04;19:19:52;AL  ;Minor ;EUtraNetwork=1,ExternalENodeBFunction=2221-650217;Inter Node Carrier Aggregation Service Unavailable;Elastic RAN Carrier Aggregation is not available towards remote eNodeB.
2025-10-04;19:29:00;AL  ;Cleared;EUtraNetwork=1,ExternalENodeBFunction=2221-650217;Inter Node Carrier Aggregation Service Unavailable;Elastic RAN Carrier Aggregation is not available towards remote eNodeB.
2025-10-04;19:29:28;AL  ;Minor ;EUtraNetwork=1,ExternalENodeBFunction=2221-650217;Inter Node Carrier Aggregation Service Unavailable;Elastic RAN Carrier Aggregation is not available towards remote eNodeB.
2025-10-04;20:43:13;AL  ;Cleared;EUtraNetwork=1,ExternalENodeBFunction=2221-650217;Inter Node Carrier Aggregation Service Unavailable;Elastic RAN Carrier Aggregation is not available towards remote eNodeB.
2025-10-04;20:44:02;AL  ;Minor ;EUtraNetwork=1,ExternalENodeBFunction=2221-650217;Inter Node Carrier Aggregation Service Unavailable;Elastic RAN Carrier Aggregation is not available towards remote eNodeB.
2025-10-04;20:49:57;AL  ;Cleared;EUtraNetwork=1,ExternalENodeBFunction=2221-650217;Inter Node Carrier Aggregation Service Unavailable;Elastic RAN Carrier Aggregation is not available towards remote eNodeB.
2025-10-04;20:50:41;AL  ;Minor ;EUtraNetwork=1,ExternalENodeBFunction=2221-650217;Inter Node Carrier Aggregation Service Unavailable;Elastic RAN Carrier Aggregation is not available towards remote eNodeB.
2025-10-05;06:52:45;AL  ;Cleared;EUtraNetwork=1,ExternalENodeBFunction=2221-650217;Inter Node Carrier Aggregation Service Unavailable;Elastic RAN Carrier Aggregation is not available towards remote eNodeB.
2025-10-05;06:53:15;AL  ;Minor ;EUtraNetwork=1,ExternalENodeBFunction=2221-650217;Inter Node Carrier Aggregation Service Unavailable;Elastic RAN Carrier Aggregation is not available towards remote eNodeB.
2025-10-05;07:15:48;AL  ;Minor ;EUtraNetwork=1,ExternalENodeBFunction=2221-206255;Inter Node Carrier Aggregation Service Unavailable;Elastic RAN Carrier Aggregation is not available towards remote eNodeB.
2025-10-05;07:33:50;AL  ;Cleared;EUtraNetwork=1,ExternalENodeBFunction=2221-650657;Inter Node Carrier Aggregation Service Unavailable;Elastic RAN Carrier Aggregation is not available towards remote eNodeB.
2025-10-05;07:33:54;AL  ;Cleared;EUtraNetwork=1,ExternalENodeBFunction=2221-206255;Inter Node Carrier Aggregation Service Unavailable;Elastic RAN Carrier Aggregation is not available towards remote eNodeB.
2025-10-05;07:33:58;AL  ;Cleared;EUtraNetwork=1,ExternalENodeBFunction=2221-650217;Inter Node Carrier Aggregation Service Unavailable;Elastic RAN Carrier Aggregation is not available towards remote eNodeB.
2025-10-05;07:34:52;AL  ;Minor ;EUtraNetwork=1,ExternalENodeBFunction=2221-650657;Inter Node Carrier Aggregation Service Unavailable;Elastic RAN Carrier Aggregation is not available towards remote eNodeB.
2025-10-05;07:34:56;AL  ;Minor ;EUtraNetwork=1,ExternalENodeBFunction=2221-206255;Inter Node Carrier Aggregation Service Unavailable;Elastic RAN Carrier Aggregation is not available towards remote eNodeB.
2025-10-05;07:35:00;AL  ;Minor ;EUtraNetwork=1,ExternalENodeBFunction=2221-650217;Inter Node Carrier Aggregation Service Unavailable;Elastic RAN Carrier Aggregation is not available towards remote eNodeB.
2025-10-05;07:56:17;AL  ;Cleared;EUtraNetwork=1,ExternalENodeBFunction=2221-650217;Inter Node Carrier Aggregation Service Unavailable;Elastic RAN Carrier Aggregation is not available towards remote eNodeB.
2025-10-05;07:56:44;AL  ;Minor ;EUtraNetwork=1,ExternalENodeBFunction=2221-650217;Inter Node Carrier Aggregation Service Unavailable;Elastic RAN Carrier Aggregation is not available towards remote eNodeB.
2025-10-05;09:01:22;AL  ;Cleared;EUtraNetwork=1,ExternalENodeBFunction=2221-206255;Inter Node Carrier Aggregation Service Unavailable;Elastic RAN Carrier Aggregation is not available towards remote eNodeB.
2025-10-05;09:20:36;AL  ;Cleared;EUtraNetwork=1,ExternalENodeBFunction=2221-650217;Inter Node Carrier Aggregation Service Unavailable;Elastic RAN Carrier Aggregation is not available towards remote eNodeB.
2025-10-05;11:24:59;AL  ;Cleared;EUtraNetwork=1,ExternalENodeBFunction=2221-650657;Inter Node Carrier Aggregation Service Unavailable;Elastic RAN Carrier Aggregation is not available towards remote eNodeB.
2025-10-05;15:45:13;AL  ;Minor ;ENodeBFunction=1;External Link Failure;X2 link problem to one or several neighbouring eNodeBs. AI: PLMN ID-eNB ID 1 = 2221-206383
2025-10-05;15:58:01;AL  ;Minor ;EUtraNetwork=1,ExternalENodeBFunction=2221-650657;Inter Node Carrier Aggregation Service Unavailable;Elastic RAN Carrier Aggregation is not available towards remote eNodeB.
2025-10-05;16:06:08;AL  ;Cleared;ENodeBFunction=1;External Link Failure;X2 link problem to one or several neighbouring eNodeBs. AI: PLMN ID-eNB ID 1 = 2221-206383
2025-10-05;16:08:12;AL  ;Minor ;ENodeBFunction=1;External Link Failure;X2 link problem to one or several neighbouring eNodeBs. AI: PLMN ID-eNB ID 1 = 2221-208897
2025-10-05;16:11:32;AL  ;Minor ;ENodeBFunction=1;External Link Failure;X2 link problem to one or several neighbouring eNodeBs. AI: PLMN ID-eNB ID 1 = 2221-650242
2025-10-05;16:12:07;AL  ;Cleared;ENodeBFunction=1;External Link Failure;X2 link problem to one or several neighbouring eNodeBs. AI: PLMN ID-eNB ID 1 = 2221-650242
2025-10-05;16:14:06;AL  ;Minor ;ENodeBFunction=1;External Link Failure;X2 link problem to one or several neighbouring eNodeBs. AI: PLMN ID-eNB ID 1 = 2221-650324
2025-10-05;16:19:12;AL  ;Cleared;ENodeBFunction=1;External Link Failure;X2 link problem to one or several neighbouring eNodeBs. AI: PLMN ID-eNB ID 1 = 2221-650324
2025-10-05;17:00:08;AL  ;Minor ;EUtraNetwork=1,ExternalENodeBFunction=2221-650362;Inter Node Carrier Aggregation Service Unavailable;Elastic RAN Carrier Aggregation is not available towards remote eNodeB.


CS8FL> lgec -m 30d

251007-12:00:01+0200 19.31.2.200 25.0h MSRBS_NODE_MODEL_25.Q1_693.28324.131_62ac stopfile=/tmp/1071903

Startdate=20250907.100001, Enddate=20251008.100001
Date;Time;Log;Severity;Object;Event;Cause;AdditionalText;AckState;Id;NotificationId;CorrelatedAlarms
Executing action Log.export()
..
Log=AlertLog                    actionId=8715
...
=================================================================================================================
MO                  actionId result      resultInfo
=================================================================================================================
LogM=1,Log=AlertLog 8715     1 (SUCCESS)           
cat  /ericsson/log/amos/moshell_logfiles/t20251007_37258710_53697/logs_moshell/tempfiles/scp-2-amos_20251007-115922_1071834/rcslogs/AlertLog_20221215__090850_20250224__234330.log /ericsson/log/amos/moshell_logfiles/t20251007_37258710_53697/logs_moshell/tempfiles/scp-2-amos_20251007-115922_1071834/rcslogs/AlertLog_20250224__234330.log > /ericsson/log/amos/moshell_logfiles/t20251007_37258710_53697/logs_moshell/tempfiles/scp-2-amos_20251007-115922_1071834/eventLog1071903.xml
2025-09-09;13:00:38;EV  ;Warning;RiLink=S210-1;Radio Interface Connectivity Disturbance Alert;Near end port:FieldReplaceableUnit=BB-1,RiPort=A (transportType=NOT_SET) (Mixed Mode with other ME). SUPPRESSED
2025-09-22;14:08:05;EV  ;Warning;RiLink=S180-1;Radio Interface Connectivity Disturbance Alert;Near end port:FieldReplaceableUnit=BB-1,RiPort=D (transportType=NOT_SET). SUPPRESSED
2025-09-22;14:08:05;EV  ;Warning;RiLink=S211-1;Radio Interface Connectivity Disturbance Alert;Near end port:FieldReplaceableUnit=BB-1,RiPort=B (transportType=NOT_SET) (Mixed Mode with other ME). SUPPRESSED
2025-09-22;14:08:05;EV  ;Warning;RiLink=S210-1;Radio Interface Connectivity Disturbance Alert;Near end port:FieldReplaceableUnit=BB-1,RiPort=A (transportType=NOT_SET) (Mixed Mode with other ME). SUPPRESSED
2025-09-22;14:49:49;EV  ;Warning;RiLink=S180-1;Radio Interface Connectivity Disturbance Alert;Near end port:FieldReplaceableUnit=BB-1,RiPort=D (transportType=NOT_SET). SUPPRESSED
2025-09-22;14:49:49;EV  ;Warning;RiLink=S211-1;Radio Interface Connectivity Disturbance Alert;Near end port:FieldReplaceableUnit=BB-1,RiPort=B (transportType=NOT_SET) (Mixed Mode with other ME). SUPPRESSED
2025-09-22;14:49:49;EV  ;Warning;RiLink=S210-1;Radio Interface Connectivity Disturbance Alert;Near end port:FieldReplaceableUnit=BB-1,RiPort=A (transportType=NOT_SET) (Mixed Mode with other ME). SUPPRESSED
2025-09-26;15:04:26;EV  ;Warning;RiLink=S180-1;Radio Interface Connectivity Disturbance Alert;Near end port:FieldReplaceableUnit=BB-1,RiPort=D (transportType=NOT_SET). SUPPRESSED
2025-09-26;15:04:26;EV  ;Warning;RiLink=S211-1;Radio Interface Connectivity Disturbance Alert;Near end port:FieldReplaceableUnit=BB-1,RiPort=B (transportType=NOT_SET) (Mixed Mode with other ME). SUPPRESSED
2025-09-26;15:04:26;EV  ;Warning;RiLink=S210-1;Radio Interface Connectivity Disturbance Alert;Near end port:FieldReplaceableUnit=BB-1,RiPort=A (transportType=NOT_SET) (Mixed Mode with other ME). SUPPRESSED

Bye...
Output has been logged to file /mta_fs/UserFiles/37258710/amosbatch/2025-10-07_11-07-01_53697/CS8FL.log
