Logging to file /mta_fs/UserFiles/37258710/amosbatch/2025-10-07_11-07-01_53697/CZ3AT.log
                        __  __  ____   _____
                  /\   |  \/  |/ __ \ / ____|
                 /  \  | \  / | |  | | (___  
                / /\ \ | |\/| | |  | |\___ \ 
               / ____ \| |  | | |__| |____) |
              /_/    \_\_|  |_|\____/|_____/
              OSS Framework for MoShell-25.0h 
  Copyright (c) Ericsson AB 2001-2025 - All Rights Reserved
              
           
[1;31mWARNING: [0mthe AMOS version currently running is more than 22 weeks old and is unsupported.
Please upgrade as soon as possible to the latest released version, available from your local Ericsson support.

$amosrb_pid = 1338274

Checking ip contact...OK

HELP MENU            : h
BASIC MO COMMANDS    : m
OTHER MO COMMANDS    : n
OTHER COMMANDS       : o
PM COMMANDS          : p
QUIT                 : q

CZ3AT> lt all

251007-12:33:58+0200 19.31.9.247 25.0h  stopfile=/tmp/1337658
Looking up temporary_amos account... OK.
Trying temporary_amos_t20251007_37258710_53697_313's password from amos lookupAccount ... OK

$ssh_pid = 1339902

Connected to 19.31.9.247 (SubNetwork=BBMM_rckomc_R,MeContext=CZ3AT,ManagedElement=CZ3AT)

Checking MOM version...MSRBS_NODE_MODEL_25.Q1_198665.224.73_bf81
Parsing MOM (cached): /ericsson/log/amos/moshell_logfiles/t20251007_37258710_53697/logs_moshell/tempfiles/scp-2-amos_20251007-123351_1337560/MSRBS_NODE_MODEL_25.Q1_198665.224.73_bf81.xml.cache.gz ......................................................................................................................................................................................................................Done.
Using paramfile /opt/ericsson/amos/moshell/commonjars/pm/PARAM_MSRBSG2_25.Q1.txt
Parsing file /opt/ericsson/amos/moshell/commonjars/pm/PARAM_MSRBSG2_25.Q1.txt ......................................................................................Done.
Using imomdfile /opt/ericsson/amos/moshell/commonjars/pm/IMOMD_MSRBS_22.Q4.txt
Using imomfile /opt/ericsson/amos/moshell/commonjars/pm/IMOM_MSRBS_25.Q1.txt
Connected to 19.31.9.247 (SubNetwork=BBMM_rckomc_R,MeContext=CZ3AT,ManagedElement=CZ3AT)

Last MO: 17668. Loaded 17668 MOs. Total: 17669 MOs.

CZ3AT> hget EUtranCellFDD ^cellid

251007-12:34:17+0200 19.31.9.247 25.0h MSRBS_NODE_MODEL_25.Q1_198665.224.73_bf81 stopfile=/tmp/1337658
.
=================================================================================================================
MO                   cellId
=================================================================================================================
EUtranCellFDD=CZ3AE1 61    
EUtranCellFDD=CZ3AE2 62    
EUtranCellFDD=CZ3AE3 63    
EUtranCellFDD=CZ3AM1 31    
EUtranCellFDD=CZ3AM2 32    
EUtranCellFDD=CZ3AM3 33    
EUtranCellFDD=CZ3AT1 41    
EUtranCellFDD=CZ3AT2 42    
EUtranCellFDD=CZ3AT3 43    
=================================================================================================================
Total: 9 MOs

Added 9 MOs to group: hget_group

CZ3AT> hget NbIotCell ^cellid

251007-12:34:17+0200 19.31.9.247 25.0h MSRBS_NODE_MODEL_25.Q1_198665.224.73_bf81 stopfile=/tmp/1337658
.
=================================================================================================================
MO               cellId
=================================================================================================================
NbIotCell=CZ3AN1 161   
NbIotCell=CZ3AN2 162   
NbIotCell=CZ3AN3 163   
=================================================================================================================
Total: 3 MOs

Added 3 MOs to group: hget_group

CZ3AT> hget NRCellDU ^cellLocalId

251007-12:34:18+0200 19.31.9.247 25.0h MSRBS_NODE_MODEL_25.Q1_198665.224.73_bf81 stopfile=/tmp/1337658
Total: 0 MOs

CZ3AT> lgdc -m 30d

251007-12:34:18+0200 19.31.9.247 25.0h MSRBS_NODE_MODEL_25.Q1_198665.224.73_bf81 stopfile=/tmp/1337658

Startdate=20250907.103418, Enddate=20251008.103418
INFO: Using amos lookupAccount credentials for the export login

Executing action LogM.exportAvailabilityLog()
...LogM=1,exportAvailabilityLog    actionId=4805
......
=================================================================================================================
MO     actionId result      resultInfo
=================================================================================================================
LogM=1 4805     1 (SUCCESS)           
cp /ericsson/log/amos/moshell_logfiles/t20251007_37258710_53697/logs_moshell/tempfiles/scp-2-amos_20251007-123351_1337560/rcslogs/RBS_CS_AVAILABILITY_LOG_20251007103423.xml /ericsson/log/amos/moshell_logfiles/t20251007_37258710_53697/logs_moshell/tempfiles/scp-2-amos_20251007-123351_1337560/availabilityLog1337658.xml
Parsing availabilityLog........Done.
.....
Date;Time;RestartType;SwVersion;SwRelease;RCSDowntime;ApplicationDowntime;TNDowntime;RATsDowntime;ExtraInfo;ExtraInfo2
2025-09-21;08:23:26;PartialOutage(System);100% Lrat Cell 161 162 163; ();188603s (2d4h);;;;;
2025-09-23;12:46:49;PartialOutage(System);100% Lrat Cell 61 62 63 31 32 41 42 43; ();1s;;;;;
2025-09-23;12:46:50;PartialOutage(System);100% Lrat Cell 61 62 63; ();2s;;;;;
2025-09-23;12:46:52;PartialOutage(System);100% Lrat Cell 161; ();1s;;;;;
2025-09-23;12:47:53;PartialOutage(System);100% Lrat Cell 161 162 163; ();8s;;;;;
2025-09-23;12:48:01;PartialOutage(System);100% Lrat Cell 61 62 63 31 32 41 42; ();1s;;;;;
2025-09-23;12:48:02;PartialOutage(System);100% Lrat Cell 61 62 63 32 41 42; ();1s;;;;;
2025-09-23;12:48:03;PartialOutage(System);100% Lrat Cell 63 32 42; ();1s;;;;;
2025-10-02;13:06:45;PartialOutage(System);100% Lrat Cell 161 162 163; ();35s;;;;;
2025-10-02;13:07:20;PartialOutage(System);100% Lrat Cell 61 62 63 31 32 41 42; ();1s;;;;;
2025-10-02;13:07:21;PartialOutage(System);100% Lrat Cell 61 62 63; ();3s;;;;;
2025-10-03;22:04:33;SpontaneousCold(Other:PowerReset);CXP9024418/16_R8D21;CXP9024418/16_R8D21 (RCG123.3-3);82s (1m22s);335s (5m35s);93s (1m33s);L=335s ;Requested: RankCold Other PowerReset Performed: RankCold Other PowerReset;Lrat LRAT Traffic Control active
2025-10-03;22:10:08;PartialOutage(System);100% Lrat Cell 31 32 33 41 42;CXP9024418/16_R8D21 (RCG123.3-3);1s;;;;;
2025-10-03;22:10:10;PartialOutage(System);100% Lrat Cell 31 41;CXP9024418/16_R8D21 (RCG123.3-3);1s;;;;;

Node uptime since last restart: 303862 seconds (3 days, 12 hours, 24 minutes, 22 seconds)
------------------------------------------------------------------------------------------------------
Period=30 days       NodeUpgrade      NodeManual       NodeSpontaneous  AllNodeRestarts  PartialOutages  
------------------------------------------------------------------------------------------------------
Number Of outages    0                0                1                1                13              
Total downtime       0s               0s               335s (5m35s)     335s (5m35s)     188659s (2d4h)  
Downtime per day     0s               0s               11s              11s              6289s (1h44m)   
Downtime per outage  0s               0s               335s (5m35s)     335s (5m35s)     14512s (4h1m)   

CZ3AT> lgac -m 30d

251007-12:34:30+0200 19.31.9.247 25.0h MSRBS_NODE_MODEL_25.Q1_198665.224.73_bf81 stopfile=/tmp/1337658

Startdate=20250907.103430, Enddate=20251008.103430
Date;Time;Log;Severity;Object;Event;Cause;AdditionalText;AckState;Id;NotificationId;CorrelatedAlarms
Executing action Log.export()
..
Log=AlarmLog                    actionId=4806
..........
=================================================================================================================
MO                  actionId result      resultInfo
=================================================================================================================
LogM=1,Log=AlarmLog 4806     1 (SUCCESS)           
cat  /ericsson/log/amos/moshell_logfiles/t20251007_37258710_53697/logs_moshell/tempfiles/scp-2-amos_20251007-123351_1337560/rcslogs/saLogAlarm_20221201__092724_20240701__083117.log /ericsson/log/amos/moshell_logfiles/t20251007_37258710_53697/logs_moshell/tempfiles/scp-2-amos_20251007-123351_1337560/rcslogs/saLogAlarm_20240701__083117_20250505__152611.log /ericsson/log/amos/moshell_logfiles/t20251007_37258710_53697/logs_moshell/tempfiles/scp-2-amos_20251007-123351_1337560/rcslogs/saLogAlarm_20250505__152611.log > /ericsson/log/amos/moshell_logfiles/t20251007_37258710_53697/logs_moshell/tempfiles/scp-2-amos_20251007-123351_1337560/alarmLog1337658.xml
2025-09-07;14:06:27;AL  ;Cleared;EUtraNetwork=1,ExternalENodeBFunction=2221-650390;Inter Node Feature Incompatibility;Inter eNodeB CA feature is not activated in remote eNodeB. SUPPRESSED
2025-09-08;12:35:50;AL  ;Minor ;ENodeBFunction=1;External Link Failure;X2 link problem to one or several neighbouring eNodeBs. AI: PLMN ID-eNB ID 1 = 2221-650275
2025-09-08;14:06:28;AL  ;Cleared;EUtraNetwork=1,ExternalENodeBFunction=2221-650112;Inter Node Feature Incompatibility;Inter eNodeB CA feature is not activated in remote eNodeB. SUPPRESSED
2025-09-08;14:12:22;AL  ;Cleared;ENodeBFunction=1;External Link Failure;X2 link problem to one or several neighbouring eNodeBs. AI: PLMN ID-eNB ID 1 = 2221-650275
2025-09-11;13:50:41;AL  ;Cleared;EUtraNetwork=1,ExternalENodeBFunction=2221-650309;Inter Node Feature Incompatibility;Inter eNodeB CA feature is not activated in remote eNodeB. SUPPRESSED
2025-09-11;13:55:33;AL  ;Minor ;EUtraNetwork=1,ExternalENodeBFunction=2221-650309;Inter Node Feature Incompatibility;Inter eNodeB CA feature is not activated in remote eNodeB. SUPPRESSED
2025-09-11;14:33:17;AL  ;Minor ;ENodeBFunction=1;External Link Failure;X2 link problem to one or several neighbouring eNodeBs. AI: PLMN ID-eNB ID 1 = 2221-650572
2025-09-13;14:00:29;AL  ;Cleared;ENodeBFunction=1;External Link Failure;X2 link problem to one or several neighbouring eNodeBs. AI: PLMN ID-eNB ID 1 = 2221-650572
2025-09-15;06:10:32;AL  ;Minor ;ENodeBFunction=1;External Link to GNodeB Failure;X2 link problem to one or several neighbouring gNodeBs. AI: PLMN ID-gNB ID 1 = 2221-1055513
2025-09-15;10:41:17;AL  ;Cleared;ENodeBFunction=1;External Link to GNodeB Failure;X2 link problem to one or several neighbouring gNodeBs. AI: PLMN ID-gNB ID 1 = 2221-1055513
2025-09-16;08:12:33;AL  ;Minor ;EUtraNetwork=1,ExternalENodeBFunction=2221-650112;Inter Node Feature Incompatibility;Inter eNodeB CA feature is not activated in remote eNodeB. SUPPRESSED
2025-09-16;09:03:32;AL  ;Minor ;ENodeBFunction=1;External Link to GNodeB Failure;X2 link problem to one or several neighbouring gNodeBs. AI: PLMN ID-gNB ID 1 = 2221-1055513
2025-09-16;09:20:40;AL  ;Cleared;ENodeBFunction=1;External Link to GNodeB Failure;X2 link problem to one or several neighbouring gNodeBs. AI: PLMN ID-gNB ID 1 = 2221-1055513
2025-09-16;09:53:45;AL  ;Warning;ENodeBFunction=1;PLMN Service Redundancy Lost;S1 connection failure for PLMN connected with link represented by MO listed in Additional Information. AI: PLMN = ["2221"],DN1=ManagedElement=1,ENodeBFunction=1,TermPointToMme=5,
2025-09-16;09:56:16;AL  ;Cleared;ENodeBFunction=1;PLMN Service Redundancy Lost;S1 connection failure for PLMN connected with link represented by MO listed in Additional Information. AI: PLMN = ["2221"],DN1=ManagedElement=1,ENodeBFunction=1,TermPointToMme=5,
2025-09-16;10:05:23;AL  ;Warning;ENodeBFunction=1;PLMN Service Redundancy Lost;S1 connection failure for PLMN connected with link represented by MO listed in Additional Information. AI: PLMN = ["2221"],DN1=ManagedElement=1,ENodeBFunction=1,TermPointToMme=5,
2025-09-16;10:05:53;AL  ;Cleared;ENodeBFunction=1;PLMN Service Redundancy Lost;S1 connection failure for PLMN connected with link represented by MO listed in Additional Information. AI: PLMN = ["2221"],DN1=ManagedElement=1,ENodeBFunction=1,TermPointToMme=5,
2025-09-16;19:23:26;AL  ;Minor ;ENodeBFunction=1;External Link Failure;X2 link problem to one or several neighbouring eNodeBs. AI: PLMN ID-eNB ID 1 = 2025-10622
2025-09-17;11:22:16;AL  ;Minor ;ENodeBFunction=1;External Link Failure;X2 link problem to one or several neighbouring eNodeBs. AI: PLMN ID-eNB ID 1 = 2025-10622 PLMN ID-eNB ID 2 = 2221-650572
2025-09-17;15:57:00;AL  ;Minor ;ENodeBFunction=1;External Link Failure;X2 link problem to one or several neighbouring eNodeBs. AI: PLMN ID-eNB ID 1 = 2025-10622
2025-09-18;08:17:47;AL  ;Minor ;ENodeBFunction=1;External Link Failure;X2 link problem to one or several neighbouring eNodeBs. AI: PLMN ID-eNB ID 1 = 2025-10622 PLMN ID-eNB ID 2 = 2221-209707
2025-09-18;13:02:57;AL  ;Minor ;ENodeBFunction=1;External Link Failure;X2 link problem to one or several neighbouring eNodeBs. AI: PLMN ID-eNB ID 1 = 2025-10622
2025-09-18;14:06:32;AL  ;Cleared;EUtraNetwork=1,ExternalENodeBFunction=2221-650112;Inter Node Feature Incompatibility;Inter eNodeB CA feature is not activated in remote eNodeB. SUPPRESSED
2025-09-18;14:06:32;AL  ;Cleared;EUtraNetwork=1,ExternalENodeBFunction=2221-211237;Inter Node Feature Incompatibility;Inter eNodeB CA feature is not activated in remote eNodeB. SUPPRESSED
2025-09-19;10:33:00;AL  ;Minor ;ENodeBFunction=1;External Link to GNodeB Failure;X2 link problem to one or several neighbouring gNodeBs. AI: PLMN ID-gNB ID 1 = 2221-1055513
2025-09-19;10:38:31;AL  ;Cleared;ENodeBFunction=1;External Link to GNodeB Failure;X2 link problem to one or several neighbouring gNodeBs. AI: PLMN ID-gNB ID 1 = 2221-1055513
2025-09-19;15:11:58;AL  ;Minor ;ENodeBFunction=1;External Link to GNodeB Failure;X2 link problem to one or several neighbouring gNodeBs. AI: PLMN ID-gNB ID 1 = 2221-1055513
2025-09-19;15:12:31;AL  ;Minor ;EUtraNetwork=1,ExternalENodeBFunction=2221-211237;Inter Node Feature Incompatibility;Inter eNodeB CA feature is not activated in remote eNodeB. SUPPRESSED
2025-09-19;15:13:15;AL  ;Cleared;ENodeBFunction=1;External Link to GNodeB Failure;X2 link problem to one or several neighbouring gNodeBs. AI: PLMN ID-gNB ID 1 = 2221-1055513
2025-09-21;08:02:15;AL  ;Cleared;ENodeBFunction=1;External Link Failure;X2 link problem to one or several neighbouring eNodeBs. AI: PLMN ID-eNB ID 1 = 2025-10622
2025-09-21;08:23:15;AL  ;Minor ;EthernetPort=TN_A;Ethernet Link Failure;Connected to physical port TnPort=TN_A
2025-09-21;08:23:21;AL  ;Warning;ENodeBFunction=1;PLMN Service Redundancy Lost;S1 connection failure for PLMN connected with link represented by MO listed in Additional Information. AI: PLMN = ["2221"],DN1=ManagedElement=1,ENodeBFunction=1,TermPointToMme=5,DN2=ManagedElement=1,ENodeBFunction=1,TermPointToMme=3,DN3=ManagedElement=1,ENodeBFunction=1,TermPointToMme=2,DN4=ManagedElement=1,ENodeBFunction=1,TermPointToMme=1,
2025-09-21;08:23:24;AL  ;Cleared;EUtraNetwork=1,ExternalENodeBFunction=2221-650329;Inter Node Feature Incompatibility;Inter eNodeB CA feature is not activated in remote eNodeB. SUPPRESSED
2025-09-21;08:23:24;AL  ;Cleared;EUtraNetwork=1,ExternalENodeBFunction=2221-650309;Inter Node Feature Incompatibility;Inter eNodeB CA feature is not activated in remote eNodeB. SUPPRESSED
2025-09-21;08:23:26;AL  ;Cleared;ENodeBFunction=1;PLMN Service Redundancy Lost;S1 connection failure for PLMN connected with link represented by MO listed in Additional Information. AI: PLMN = ["2221"],DN1=ManagedElement=1,ENodeBFunction=1,TermPointToMme=5,DN2=ManagedElement=1,ENodeBFunction=1,TermPointToMme=3,DN3=ManagedElement=1,ENodeBFunction=1,TermPointToMme=2,DN4=ManagedElement=1,ENodeBFunction=1,TermPointToMme=1,
2025-09-21;08:23:26;AL  ;Minor ;ENodeBFunction=1;PLMN Service Unavailable;S1 Connection Failure for PLMNs listed in Additional Information. AI: PLMN = ["2221"],
2025-09-21;08:23:26;AL  ;Major ;EUtranCellFDD=CZ3AT3;Service Unavailable;This is a secondary alarm, use alarm correlation information in Additional Information to find primary alarm.
2025-09-21;08:23:26;AL  ;Major ;EUtranCellFDD=CZ3AT2;Service Unavailable;This is a secondary alarm, use alarm correlation information in Additional Information to find primary alarm.
2025-09-21;08:23:26;AL  ;Major ;EUtranCellFDD=CZ3AT1;Service Unavailable;This is a secondary alarm, use alarm correlation information in Additional Information to find primary alarm.
2025-09-21;08:23:26;AL  ;Major ;EUtranCellFDD=CZ3AM3;Service Unavailable;This is a secondary alarm, use alarm correlation information in Additional Information to find primary alarm.
2025-09-21;08:23:26;AL  ;Major ;EUtranCellFDD=CZ3AM2;Service Unavailable;This is a secondary alarm, use alarm correlation information in Additional Information to find primary alarm.
2025-09-21;08:23:26;AL  ;Major ;EUtranCellFDD=CZ3AM1;Service Unavailable;This is a secondary alarm, use alarm correlation information in Additional Information to find primary alarm.
2025-09-21;08:23:26;AL  ;Major ;EUtranCellFDD=CZ3AE3;Service Unavailable;This is a secondary alarm, use alarm correlation information in Additional Information to find primary alarm.
2025-09-21;08:23:26;AL  ;Major ;EUtranCellFDD=CZ3AE2;Service Unavailable;This is a secondary alarm, use alarm correlation information in Additional Information to find primary alarm.
2025-09-21;08:23:26;AL  ;Major ;EUtranCellFDD=CZ3AE1;Service Unavailable;This is a secondary alarm, use alarm correlation information in Additional Information to find primary alarm.
2025-09-21;08:23:26;AL  ;Major ;NbIotCell=CZ3AN3;Service Unavailable;This is a secondary alarm, use alarm correlation information in Additional Information to find primary alarm.
2025-09-21;08:23:26;AL  ;Major ;NbIotCell=CZ3AN2;Service Unavailable;This is a secondary alarm, use alarm correlation information in Additional Information to find primary alarm.
2025-09-21;08:23:26;AL  ;Major ;NbIotCell=CZ3AN1;Service Unavailable;This is a secondary alarm, use alarm correlation information in Additional Information to find primary alarm.
2025-09-21;08:23:31;AL  ;Cleared;EUtraNetwork=1,ExternalENodeBFunction=2221-211237;Inter Node Feature Incompatibility;Inter eNodeB CA feature is not activated in remote eNodeB. SUPPRESSED
2025-09-21;08:23:44;AL  ;Cleared;EthernetPort=TN_A;Ethernet Link Failure;Connected to physical port TnPort=TN_A
2025-09-21;08:23:57;AL  ;Minor ;EthernetPort=TN_A;Ethernet Link Failure;Connected to physical port TnPort=TN_A
2025-09-21;08:24:42;AL  ;Major ;Synchronization=1,RadioEquipmentClock=1,RadioEquipmentClockReference=PTP;Sync PTP Time Reachability Fault;No PTP messages
2025-09-21;08:26:17;AL  ;Minor ;Synchronization=1,RadioEquipmentClock=1;Radio Clock Service in Time Holdover Mode;Time sync reference failure
2025-09-21;12:43:40;AL  ;Warning;SysM=1,TimeM=1,Ntp=1,NtpServer=1;Calendar Clock NTP Server Unavailable;Configured NTP server is not used as basis for time of day clock
2025-09-21;12:43:40;AL  ;Warning;SysM=1,TimeM=1,Ntp=1,NtpServer=2;Calendar Clock NTP Server Unavailable;Configured NTP server is not used as basis for time of day clock
2025-09-21;12:45:40;AL  ;Minor ;SysM=1;Calendar Clock All NTP Servers Unavailable;No NTP server configured, or no NTP service available
2025-09-22;07:46:10;AL  ;Cleared;Synchronization=1,RadioEquipmentClock=1;Radio Clock Service in Time Holdover Mode;Time sync reference failure
2025-09-23;12:46:45;AL  ;Cleared;EthernetPort=TN_A;Ethernet Link Failure;Connected to physical port TnPort=TN_A
2025-09-23;12:46:47;AL  ;Cleared;ENodeBFunction=1;PLMN Service Unavailable;S1 Connection Failure for PLMNs listed in Additional Information. AI: PLMN = ["2221"],
2025-09-23;12:46:47;AL  ;Cleared;EUtranCellFDD=CZ3AT3;Service Unavailable;This is a secondary alarm, use alarm correlation information in Additional Information to find primary alarm.
2025-09-23;12:46:47;AL  ;Cleared;EUtranCellFDD=CZ3AT2;Service Unavailable;This is a secondary alarm, use alarm correlation information in Additional Information to find primary alarm.
2025-09-23;12:46:47;AL  ;Cleared;EUtranCellFDD=CZ3AT1;Service Unavailable;This is a secondary alarm, use alarm correlation information in Additional Information to find primary alarm.
2025-09-23;12:46:47;AL  ;Cleared;EUtranCellFDD=CZ3AM3;Service Unavailable;This is a secondary alarm, use alarm correlation information in Additional Information to find primary alarm.
2025-09-23;12:46:47;AL  ;Cleared;EUtranCellFDD=CZ3AM2;Service Unavailable;This is a secondary alarm, use alarm correlation information in Additional Information to find primary alarm.
2025-09-23;12:46:47;AL  ;Cleared;EUtranCellFDD=CZ3AM1;Service Unavailable;This is a secondary alarm, use alarm correlation information in Additional Information to find primary alarm.
2025-09-23;12:46:47;AL  ;Cleared;EUtranCellFDD=CZ3AE3;Service Unavailable;This is a secondary alarm, use alarm correlation information in Additional Information to find primary alarm.
2025-09-23;12:46:47;AL  ;Cleared;EUtranCellFDD=CZ3AE2;Service Unavailable;This is a secondary alarm, use alarm correlation information in Additional Information to find primary alarm.
2025-09-23;12:46:47;AL  ;Cleared;EUtranCellFDD=CZ3AE1;Service Unavailable;This is a secondary alarm, use alarm correlation information in Additional Information to find primary alarm.
2025-09-23;12:46:47;AL  ;Cleared;NbIotCell=CZ3AN3;Service Unavailable;This is a secondary alarm, use alarm correlation information in Additional Information to find primary alarm.
2025-09-23;12:46:47;AL  ;Cleared;NbIotCell=CZ3AN2;Service Unavailable;This is a secondary alarm, use alarm correlation information in Additional Information to find primary alarm.
2025-09-23;12:46:47;AL  ;Cleared;NbIotCell=CZ3AN1;Service Unavailable;This is a secondary alarm, use alarm correlation information in Additional Information to find primary alarm.
2025-09-23;12:46:49;AL  ;Warning;Synchronization=1,RadioEquipmentClock=1,RadioEquipmentClockReference=NTP1;Sync Frequency Server Reachability Fault;No IP connectivity towards NTP server
2025-09-23;12:46:49;AL  ;Minor ;ENodeBFunction=1;Sync Time and Phase Accuracy Too Low;Time and phase sync accuracy crossed the threshold for features interworking with NR.
2025-09-23;12:46:49;AL  ;Minor ;EUtranCellFDD=CZ3AM3;Service Degraded;This is a secondary alarm, use alarm correlation information in Additional Information to find primary alarm.
2025-09-23;12:46:50;AL  ;Minor ;EUtranCellFDD=CZ3AT3;Service Degraded;This is a secondary alarm, use alarm correlation information in Additional Information to find primary alarm.
2025-09-23;12:46:50;AL  ;Minor ;EUtranCellFDD=CZ3AM1;Service Degraded;This is a secondary alarm, use alarm correlation information in Additional Information to find primary alarm.
2025-09-23;12:46:50;AL  ;Minor ;EUtranCellFDD=CZ3AM2;Service Degraded;This is a secondary alarm, use alarm correlation information in Additional Information to find primary alarm.
2025-09-23;12:46:50;AL  ;Minor ;EUtranCellFDD=CZ3AT2;Service Degraded;This is a secondary alarm, use alarm correlation information in Additional Information to find primary alarm.
2025-09-23;12:46:50;AL  ;Minor ;EUtranCellFDD=CZ3AT1;Service Degraded;This is a secondary alarm, use alarm correlation information in Additional Information to find primary alarm.
2025-09-23;12:46:52;AL  ;Minor ;EUtranCellFDD=CZ3AE2;Service Degraded;This is a secondary alarm, use alarm correlation information in Additional Information to find primary alarm.
2025-09-23;12:46:52;AL  ;Minor ;EUtranCellFDD=CZ3AE3;Service Degraded;This is a secondary alarm, use alarm correlation information in Additional Information to find primary alarm.
2025-09-23;12:46:53;AL  ;Minor ;EUtranCellFDD=CZ3AE1;Service Degraded;This is a secondary alarm, use alarm correlation information in Additional Information to find primary alarm.
2025-09-23;12:46:57;AL  ;Minor ;EUtraNetwork=1,ExternalENodeBFunction=2221-650329;Inter Node Feature Incompatibility;Inter eNodeB CA feature is not activated in remote eNodeB. SUPPRESSED
2025-09-23;12:46:57;AL  ;Minor ;EUtraNetwork=1,ExternalENodeBFunction=2221-650309;Inter Node Feature Incompatibility;Inter eNodeB CA feature is not activated in remote eNodeB. SUPPRESSED
2025-09-23;12:47:53;AL  ;Cleared;ENodeBFunction=1;Sync Time and Phase Accuracy Too Low;Time and phase sync accuracy crossed the threshold for features interworking with NR.
2025-09-23;12:47:53;AL  ;Cleared;EUtranCellFDD=CZ3AM3;Service Degraded;This is a secondary alarm, use alarm correlation information in Additional Information to find primary alarm.
2025-09-23;12:47:53;AL  ;Cleared;EUtranCellFDD=CZ3AT3;Service Degraded;This is a secondary alarm, use alarm correlation information in Additional Information to find primary alarm.
2025-09-23;12:47:53;AL  ;Cleared;EUtranCellFDD=CZ3AM1;Service Degraded;This is a secondary alarm, use alarm correlation information in Additional Information to find primary alarm.
2025-09-23;12:47:53;AL  ;Cleared;EUtranCellFDD=CZ3AM2;Service Degraded;This is a secondary alarm, use alarm correlation information in Additional Information to find primary alarm.
2025-09-23;12:47:53;AL  ;Cleared;EUtranCellFDD=CZ3AT2;Service Degraded;This is a secondary alarm, use alarm correlation information in Additional Information to find primary alarm.
2025-09-23;12:47:53;AL  ;Cleared;EUtranCellFDD=CZ3AT1;Service Degraded;This is a secondary alarm, use alarm correlation information in Additional Information to find primary alarm.
2025-09-23;12:47:53;AL  ;Cleared;EUtranCellFDD=CZ3AE2;Service Degraded;This is a secondary alarm, use alarm correlation information in Additional Information to find primary alarm.
2025-09-23;12:47:53;AL  ;Cleared;EUtranCellFDD=CZ3AE3;Service Degraded;This is a secondary alarm, use alarm correlation information in Additional Information to find primary alarm.
2025-09-23;12:47:53;AL  ;Cleared;EUtranCellFDD=CZ3AE1;Service Degraded;This is a secondary alarm, use alarm correlation information in Additional Information to find primary alarm.
2025-09-23;12:47:53;AL  ;Cleared;AntennaUnitGroup=1,AntennaNearUnit=RET_1800_2100;No Connection;Antenna near unit controller occupied.
2025-09-23;12:48:08;AL  ;Minor ;AntennaUnitGroup=1,AntennaNearUnit=RET_1800_2100;No Connection;Antenna near unit controller occupied.
2025-09-23;12:48:41;AL  ;Cleared;SysM=1,TimeM=1,Ntp=1,NtpServer=1;Calendar Clock NTP Server Unavailable;Configured NTP server is not used as basis for time of day clock
2025-09-23;12:48:41;AL  ;Cleared;SysM=1,TimeM=1,Ntp=1,NtpServer=2;Calendar Clock NTP Server Unavailable;Configured NTP server is not used as basis for time of day clock
2025-09-23;12:48:41;AL  ;Cleared;SysM=1;Calendar Clock All NTP Servers Unavailable;No NTP server configured, or no NTP service available
2025-09-23;12:48:48;AL  ;Cleared;Synchronization=1,RadioEquipmentClock=1,RadioEquipmentClockReference=PTP;Sync PTP Time Reachability Fault;No PTP messages
2025-09-23;12:51:48;AL  ;Cleared;Synchronization=1,RadioEquipmentClock=1,RadioEquipmentClockReference=NTP1;Sync Frequency Server Reachability Fault;No IP connectivity towards NTP server
2025-09-23;12:51:48;AL  ;Warning;Synchronization=1,RadioEquipmentClock=1,RadioEquipmentClockReference=NTP1;Sync Frequency Reference Not Reliable;High NTP packet drop towards NTP server
2025-09-23;13:05:17;AL  ;Cleared;Synchronization=1,RadioEquipmentClock=1,RadioEquipmentClockReference=NTP1;Sync Frequency Reference Not Reliable;High NTP packet drop towards NTP server
2025-09-24;15:48:02;AL  ;Minor ;EUtraNetwork=1,ExternalENodeBFunction=2221-650112;Inter Node Feature Incompatibility;Inter eNodeB CA feature is not activated in remote eNodeB. SUPPRESSED
2025-09-24;17:47:58;AL  ;Minor ;EUtraNetwork=1,ExternalENodeBFunction=2221-211237;Inter Node Feature Incompatibility;Inter eNodeB CA feature is not activated in remote eNodeB. SUPPRESSED
2025-09-30;11:27:46;AL  ;Minor ;ENodeBFunction=1;External Link Failure;X2 link problem to one or several neighbouring eNodeBs. AI: PLMN ID-eNB ID 1 = 2221-213383
2025-09-30;11:55:59;AL  ;Cleared;ENodeBFunction=1;External Link Failure;X2 link problem to one or several neighbouring eNodeBs. AI: PLMN ID-eNB ID 1 = 2221-213383
2025-09-30;12:06:32;AL  ;Minor ;ENodeBFunction=1;External Link Failure;X2 link problem to one or several neighbouring eNodeBs. AI: PLMN ID-eNB ID 1 = 2221-650390
2025-09-30;14:52:15;AL  ;Cleared;ENodeBFunction=1;External Link Failure;X2 link problem to one or several neighbouring eNodeBs. AI: PLMN ID-eNB ID 1 = 2221-650390
2025-10-01;08:52:06;AL  ;Minor ;ENodeBFunction=1;External Link Failure;X2 link problem to one or several neighbouring eNodeBs. AI: PLMN ID-eNB ID 1 = 2221-650408
2025-10-01;08:52:21;AL  ;Cleared;ENodeBFunction=1;External Link Failure;X2 link problem to one or several neighbouring eNodeBs. AI: PLMN ID-eNB ID 1 = 2221-650408
2025-10-01;14:06:38;AL  ;Cleared;EUtraNetwork=1,ExternalENodeBFunction=2221-650112;Inter Node Feature Incompatibility;Inter eNodeB CA feature is not activated in remote eNodeB. SUPPRESSED
2025-10-02;08:15:59;AL  ;Minor ;ENodeBFunction=1;External Link Failure;X2 link problem to one or several neighbouring eNodeBs. AI: PLMN ID-eNB ID 1 = 2221-650809
2025-10-02;08:16:14;AL  ;Cleared;ENodeBFunction=1;External Link Failure;X2 link problem to one or several neighbouring eNodeBs. AI: PLMN ID-eNB ID 1 = 2221-650809
2025-10-02;13:06:39;AL  ;Minor ;FieldReplaceableUnit=BB-1,SfpModule=TN_A;SFP Not Present;No SFP or electrical cable plugged in.
2025-10-02;13:06:41;AL  ;Cleared;EUtraNetwork=1,ExternalENodeBFunction=2221-650309;Inter Node Feature Incompatibility;Inter eNodeB CA feature is not activated in remote eNodeB. SUPPRESSED
2025-10-02;13:06:45;AL  ;Minor ;ENodeBFunction=1;PLMN Service Unavailable;S1 Connection Failure for PLMNs listed in Additional Information. AI: PLMN = ["2221"],
2025-10-02;13:06:45;AL  ;Major ;EUtranCellFDD=CZ3AT3;Service Unavailable;This is a secondary alarm, use alarm correlation information in Additional Information to find primary alarm.
2025-10-02;13:06:45;AL  ;Major ;EUtranCellFDD=CZ3AT2;Service Unavailable;This is a secondary alarm, use alarm correlation information in Additional Information to find primary alarm.
2025-10-02;13:06:45;AL  ;Major ;EUtranCellFDD=CZ3AT1;Service Unavailable;This is a secondary alarm, use alarm correlation information in Additional Information to find primary alarm.
2025-10-02;13:06:45;AL  ;Major ;EUtranCellFDD=CZ3AM3;Service Unavailable;This is a secondary alarm, use alarm correlation information in Additional Information to find primary alarm.
2025-10-02;13:06:45;AL  ;Major ;EUtranCellFDD=CZ3AM2;Service Unavailable;This is a secondary alarm, use alarm correlation information in Additional Information to find primary alarm.
2025-10-02;13:06:45;AL  ;Major ;EUtranCellFDD=CZ3AM1;Service Unavailable;This is a secondary alarm, use alarm correlation information in Additional Information to find primary alarm.
2025-10-02;13:06:45;AL  ;Major ;EUtranCellFDD=CZ3AE3;Service Unavailable;This is a secondary alarm, use alarm correlation information in Additional Information to find primary alarm.
2025-10-02;13:06:45;AL  ;Major ;EUtranCellFDD=CZ3AE2;Service Unavailable;This is a secondary alarm, use alarm correlation information in Additional Information to find primary alarm.
2025-10-02;13:06:45;AL  ;Major ;EUtranCellFDD=CZ3AE1;Service Unavailable;This is a secondary alarm, use alarm correlation information in Additional Information to find primary alarm.
2025-10-02;13:06:45;AL  ;Major ;NbIotCell=CZ3AN3;Service Unavailable;This is a secondary alarm, use alarm correlation information in Additional Information to find primary alarm.
2025-10-02;13:06:45;AL  ;Major ;NbIotCell=CZ3AN2;Service Unavailable;This is a secondary alarm, use alarm correlation information in Additional Information to find primary alarm.
2025-10-02;13:06:45;AL  ;Major ;NbIotCell=CZ3AN1;Service Unavailable;This is a secondary alarm, use alarm correlation information in Additional Information to find primary alarm.
2025-10-02;13:06:49;AL  ;Cleared;EUtraNetwork=1,ExternalENodeBFunction=2221-211237;Inter Node Feature Incompatibility;Inter eNodeB CA feature is not activated in remote eNodeB. SUPPRESSED
2025-10-02;13:06:49;AL  ;Cleared;EUtraNetwork=1,ExternalENodeBFunction=2221-650329;Inter Node Feature Incompatibility;Inter eNodeB CA feature is not activated in remote eNodeB. SUPPRESSED
2025-10-02;13:06:55;AL  ;Cleared;FieldReplaceableUnit=BB-1,SfpModule=TN_A;SFP Not Present;No SFP or electrical cable plugged in.
2025-10-02;13:06:55;AL  ;Minor ;EthernetPort=TN_A;Ethernet Link Failure;Connected to physical port TnPort=TN_A
2025-10-02;13:07:15;AL  ;Cleared;EthernetPort=TN_A;Ethernet Link Failure;Connected to physical port TnPort=TN_A
2025-10-02;13:07:18;AL  ;Cleared;ENodeBFunction=1;PLMN Service Unavailable;S1 Connection Failure for PLMNs listed in Additional Information. AI: PLMN = ["2221"],
2025-10-02;13:07:18;AL  ;Cleared;EUtranCellFDD=CZ3AT3;Service Unavailable;This is a secondary alarm, use alarm correlation information in Additional Information to find primary alarm.
2025-10-02;13:07:18;AL  ;Cleared;EUtranCellFDD=CZ3AT2;Service Unavailable;This is a secondary alarm, use alarm correlation information in Additional Information to find primary alarm.
2025-10-02;13:07:18;AL  ;Cleared;EUtranCellFDD=CZ3AT1;Service Unavailable;This is a secondary alarm, use alarm correlation information in Additional Information to find primary alarm.
2025-10-02;13:07:18;AL  ;Cleared;EUtranCellFDD=CZ3AM3;Service Unavailable;This is a secondary alarm, use alarm correlation information in Additional Information to find primary alarm.
2025-10-02;13:07:18;AL  ;Cleared;EUtranCellFDD=CZ3AM2;Service Unavailable;This is a secondary alarm, use alarm correlation information in Additional Information to find primary alarm.
2025-10-02;13:07:18;AL  ;Cleared;EUtranCellFDD=CZ3AM1;Service Unavailable;This is a secondary alarm, use alarm correlation information in Additional Information to find primary alarm.
2025-10-02;13:07:18;AL  ;Cleared;EUtranCellFDD=CZ3AE3;Service Unavailable;This is a secondary alarm, use alarm correlation information in Additional Information to find primary alarm.
2025-10-02;13:07:18;AL  ;Cleared;EUtranCellFDD=CZ3AE2;Service Unavailable;This is a secondary alarm, use alarm correlation information in Additional Information to find primary alarm.
2025-10-02;13:07:18;AL  ;Cleared;EUtranCellFDD=CZ3AE1;Service Unavailable;This is a secondary alarm, use alarm correlation information in Additional Information to find primary alarm.
2025-10-02;13:07:18;AL  ;Cleared;NbIotCell=CZ3AN3;Service Unavailable;This is a secondary alarm, use alarm correlation information in Additional Information to find primary alarm.
2025-10-02;13:07:18;AL  ;Cleared;NbIotCell=CZ3AN2;Service Unavailable;This is a secondary alarm, use alarm correlation information in Additional Information to find primary alarm.
2025-10-02;13:07:18;AL  ;Cleared;NbIotCell=CZ3AN1;Service Unavailable;This is a secondary alarm, use alarm correlation information in Additional Information to find primary alarm.
2025-10-02;13:07:28;AL  ;Minor ;EUtraNetwork=1,ExternalENodeBFunction=2221-650329;Inter Node Feature Incompatibility;Inter eNodeB CA feature is not activated in remote eNodeB. SUPPRESSED
2025-10-02;13:07:28;AL  ;Minor ;EUtraNetwork=1,ExternalENodeBFunction=2221-650309;Inter Node Feature Incompatibility;Inter eNodeB CA feature is not activated in remote eNodeB. SUPPRESSED
2025-10-02;13:07:41;AL  ;Minor ;EUtraNetwork=1,ExternalENodeBFunction=2221-211237;Inter Node Feature Incompatibility;Inter eNodeB CA feature is not activated in remote eNodeB. SUPPRESSED
2025-10-03;14:06:39;AL  ;Cleared;EUtraNetwork=1,ExternalENodeBFunction=2221-211237;Inter Node Feature Incompatibility;Inter eNodeB CA feature is not activated in remote eNodeB. SUPPRESSED
2025-10-03;17:07:18;AL  ;Minor ;EUtraNetwork=1,ExternalENodeBFunction=2221-650112;Inter Node Feature Incompatibility;Inter eNodeB CA feature is not activated in remote eNodeB. SUPPRESSED
2025-10-03;22:05:04;AL  ;Minor ;EthernetPort=TN_A;Ethernet Link Failure;Connected to physical port TnPort=TN_A
2025-10-03;22:05:08;AL  ;Cleared;EthernetPort=TN_A;Ethernet Link Failure;Connected to physical port TnPort=TN_A
2025-10-03;22:10:08;AL  ;Minor ;EUtraNetwork=1,ExternalENodeBFunction=2221-650309;Inter Node Feature Incompatibility;Inter eNodeB CA feature is not activated in remote eNodeB. SUPPRESSED
2025-10-03;22:10:10;AL  ;Minor ;EUtraNetwork=1,ExternalENodeBFunction=2221-650329;Inter Node Feature Incompatibility;Inter eNodeB CA feature is not activated in remote eNodeB. SUPPRESSED
2025-10-03;22:10:10;AL  ;Minor ;AntennaUnitGroup=1,AntennaNearUnit=RET_1800_2100;No Connection;Antenna near unit controller occupied.
2025-10-03;22:10:10;AL  ;Minor ;EUtraNetwork=1,ExternalENodeBFunction=2221-650112;Inter Node Feature Incompatibility;Inter eNodeB CA feature is not activated in remote eNodeB. SUPPRESSED
2025-10-04;05:10:04;AL  ;Minor ;EUtraNetwork=1,ExternalENodeBFunction=2221-650390;Inter Node Feature Incompatibility;Inter eNodeB CA feature is not activated in remote eNodeB. SUPPRESSED
2025-10-04;05:42:01;AL  ;Cleared;EUtraNetwork=1,ExternalENodeBFunction=2221-650309;Inter Node Feature Incompatibility;Inter eNodeB CA feature is not activated in remote eNodeB. SUPPRESSED
2025-10-04;05:46:52;AL  ;Minor ;EUtraNetwork=1,ExternalENodeBFunction=2221-650309;Inter Node Feature Incompatibility;Inter eNodeB CA feature is not activated in remote eNodeB. SUPPRESSED
2025-10-04;15:10:04;AL  ;Minor ;EUtraNetwork=1,ExternalENodeBFunction=2221-211237;Inter Node Feature Incompatibility;Inter eNodeB CA feature is not activated in remote eNodeB. SUPPRESSED
2025-10-05;06:01:59;AL  ;Minor ;EUtraNetwork=1,ExternalENodeBFunction=2221-210146;Inter Node Feature Incompatibility;Inter eNodeB CA feature is not activated in remote eNodeB. SUPPRESSED
2025-10-05;23:06:12;AL  ;Cleared;EUtraNetwork=1,ExternalENodeBFunction=2221-650112;Inter Node Feature Incompatibility;Inter eNodeB CA feature is not activated in remote eNodeB. SUPPRESSED


CZ3AT> lgec -m 30d

251007-12:34:39+0200 19.31.9.247 25.0h MSRBS_NODE_MODEL_25.Q1_198665.224.73_bf81 stopfile=/tmp/1337658

Startdate=20250907.103439, Enddate=20251008.103439
Date;Time;Log;Severity;Object;Event;Cause;AdditionalText;AckState;Id;NotificationId;CorrelatedAlarms
Executing action Log.export()
..
Log=AlertLog                    actionId=4807
...
=================================================================================================================
MO                  actionId result      resultInfo
=================================================================================================================
LogM=1,Log=AlertLog 4807     1 (SUCCESS)           
cat  /ericsson/log/amos/moshell_logfiles/t20251007_37258710_53697/logs_moshell/tempfiles/scp-2-amos_20251007-123351_1337560/rcslogs/AlertLog_20220329__080554.log > /ericsson/log/amos/moshell_logfiles/t20251007_37258710_53697/logs_moshell/tempfiles/scp-2-amos_20251007-123351_1337560/eventLog1337658.xml
2025-09-23;12:47:57;EV  ;Warning;RiLink=S1-1;Radio Interface Connectivity Disturbance Alert;Near end port:FieldReplaceableUnit=BB-1,RiPort=A (transportType=NOT_SET). SUPPRESSED
2025-09-23;12:47:57;EV  ;Warning;RiLink=S2-1;Radio Interface Connectivity Disturbance Alert;Near end port:FieldReplaceableUnit=BB-1,RiPort=B (transportType=NOT_SET). SUPPRESSED
2025-09-23;12:47:57;EV  ;Warning;RiLink=S3-1;Radio Interface Connectivity Disturbance Alert;Near end port:FieldReplaceableUnit=BB-1,RiPort=C (transportType=NOT_SET). SUPPRESSED
2025-09-23;12:47:57;EV  ;Warning;RiLink=S100-1;Radio Interface Connectivity Disturbance Alert;Near end port:FieldReplaceableUnit=BB-1,RiPort=D (transportType=NOT_SET). SUPPRESSED
2025-09-23;12:47:57;EV  ;Warning;RiLink=S102-1;Radio Interface Connectivity Disturbance Alert;Near end port:FieldReplaceableUnit=BB-1,RiPort=E (transportType=NOT_SET). SUPPRESSED
2025-10-03;22:07:05;EV  ;Warning;ManagedElement=CZ3AT;System Restart Alert;Requested Restart Category: Other, Requested Restart Type: Power, Performed Restart Category: Other, Performed Restart Type: Power. AI: SystemRestart=[{"RRC":"Other","RRT":"Power","PRC":"Other","PRT":"Power"}]
2025-10-03;22:07:22;EV  ;Warning;FieldReplaceableUnit=Radio-S100-1;Radio Restart Alert;Restart details are listed in Additional Information AI: Restartdetails=[{"RC":"Other","RT":"Power On","ERI":"FALSE"}] :SUPPRESSED
2025-10-03;22:07:23;EV  ;Warning;FieldReplaceableUnit=Radio-S102-1;Radio Restart Alert;Restart details are listed in Additional Information AI: Restartdetails=[{"RC":"Other","RT":"Power On","ERI":"FALSE"}] :SUPPRESSED
2025-10-03;22:09:58;EV  ;Warning;RiLink=S1-1;Radio Interface Connectivity Disturbance Alert;Near end port:FieldReplaceableUnit=BB-1,RiPort=A (transportType=NOT_SET). SUPPRESSED
2025-10-03;22:09:58;EV  ;Warning;RiLink=S2-1;Radio Interface Connectivity Disturbance Alert;Near end port:FieldReplaceableUnit=BB-1,RiPort=B (transportType=NOT_SET). SUPPRESSED
2025-10-03;22:09:58;EV  ;Warning;RiLink=S3-1;Radio Interface Connectivity Disturbance Alert;Near end port:FieldReplaceableUnit=BB-1,RiPort=C (transportType=NOT_SET). SUPPRESSED
2025-10-03;22:09:58;EV  ;Warning;RiLink=S100-1;Radio Interface Connectivity Disturbance Alert;Near end port:FieldReplaceableUnit=BB-1,RiPort=D (transportType=NOT_SET). SUPPRESSED
2025-10-03;22:09:58;EV  ;Warning;RiLink=S102-1;Radio Interface Connectivity Disturbance Alert;Near end port:FieldReplaceableUnit=BB-1,RiPort=E (transportType=NOT_SET). SUPPRESSED

Bye...
Output has been logged to file /mta_fs/UserFiles/37258710/amosbatch/2025-10-07_11-07-01_53697/CZ3AT.log
