Logging to file /mta_fs/UserFiles/37258710/amosbatch/2025-10-07_11-07-01_53697/CZ4AE.log
                        __  __  ____   _____
                  /\   |  \/  |/ __ \ / ____|
                 /  \  | \  / | |  | | (___  
                / /\ \ | |\/| | |  | |\___ \ 
               / ____ \| |  | | |__| |____) |
              /_/    \_\_|  |_|\____/|_____/
              OSS Framework for MoShell-25.0h 
  Copyright (c) Ericsson AB 2001-2025 - All Rights Reserved
              
           
[1;31mWARNING: [0mthe AMOS version currently running is more than 22 weeks old and is unsupported.
Please upgrade as soon as possible to the latest released version, available from your local Ericsson support.

$amosrb_pid = 1184878

Checking ip contact...OK

HELP MENU            : h
BASIC MO COMMANDS    : m
OTHER MO COMMANDS    : n
OTHER COMMANDS       : o
PM COMMANDS          : p
QUIT                 : q

CZ4AE> lt all

251007-12:13:38+0200 19.31.10.207 25.0h  stopfile=/tmp/1184556
Looking up temporary_amos account... OK.
Trying temporary_amos_t20251007_37258710_53697_313's password from amos lookupAccount ... OK

$ssh_pid = 1186744

Connected to 19.31.10.207 (SubNetwork=BBMM_rckomc_R,MeContext=CZ4AE,ManagedElement=CZ4AE)

Checking MOM version...MSRBS_NODE_MODEL_25.Q1_198665.224.73_bf81
Parsing MOM (cached): /ericsson/log/amos/moshell_logfiles/t20251007_37258710_53697/logs_moshell/tempfiles/scp-2-amos_20251007-121331_1184478/MSRBS_NODE_MODEL_25.Q1_198665.224.73_bf81.xml.cache.gz ......................................................................................................................................................................................................................Done.
Using paramfile /opt/ericsson/amos/moshell/commonjars/pm/PARAM_MSRBSG2_25.Q1.txt
Parsing file /opt/ericsson/amos/moshell/commonjars/pm/PARAM_MSRBSG2_25.Q1.txt ......................................................................................Done.
Using imomdfile /opt/ericsson/amos/moshell/commonjars/pm/IMOMD_MSRBS_22.Q4.txt
Using imomfile /opt/ericsson/amos/moshell/commonjars/pm/IMOM_MSRBS_25.Q1.txt
Connected to 19.31.10.207 (SubNetwork=BBMM_rckomc_R,MeContext=CZ4AE,ManagedElement=CZ4AE)

Last MO: 19360. Loaded 19360 MOs. Total: 19361 MOs.

CZ4AE> hget EUtranCellFDD ^cellid

251007-12:13:59+0200 19.31.10.207 25.0h MSRBS_NODE_MODEL_25.Q1_198665.224.73_bf81 stopfile=/tmp/1184556
.
=================================================================================================================
MO                   cellId
=================================================================================================================
EUtranCellFDD=CZ4AE1 61    
EUtranCellFDD=CZ4AE2 62    
EUtranCellFDD=CZ4AE3 63    
EUtranCellFDD=CZ4AE4 64    
EUtranCellFDD=CZ4AM1 31    
EUtranCellFDD=CZ4AM2 32    
EUtranCellFDD=CZ4AM3 33    
EUtranCellFDD=CZ4AM4 34    
EUtranCellFDD=CZ4AT1 41    
EUtranCellFDD=CZ4AT2 42    
EUtranCellFDD=CZ4AT3 43    
EUtranCellFDD=CZ4AT4 44    
=================================================================================================================
Total: 12 MOs

Added 12 MOs to group: hget_group

CZ4AE> hget NbIotCell ^cellid

251007-12:13:59+0200 19.31.10.207 25.0h MSRBS_NODE_MODEL_25.Q1_198665.224.73_bf81 stopfile=/tmp/1184556
.
=================================================================================================================
MO               cellId
=================================================================================================================
NbIotCell=CZ4AN1 161   
NbIotCell=CZ4AN2 162   
NbIotCell=CZ4AN3 163   
NbIotCell=CZ4AN4 164   
=================================================================================================================
Total: 4 MOs

Added 4 MOs to group: hget_group

CZ4AE> hget NRCellDU ^cellLocalId

251007-12:14:00+0200 19.31.10.207 25.0h MSRBS_NODE_MODEL_25.Q1_198665.224.73_bf81 stopfile=/tmp/1184556
Total: 0 MOs

CZ4AE> lgdc -m 30d

251007-12:14:00+0200 19.31.10.207 25.0h MSRBS_NODE_MODEL_25.Q1_198665.224.73_bf81 stopfile=/tmp/1184556

Startdate=20250907.101400, Enddate=20251008.101400
INFO: Using amos lookupAccount credentials for the export login

Executing action LogM.exportAvailabilityLog()
...LogM=1,exportAvailabilityLog    actionId=62014
..........
=================================================================================================================
MO     actionId result      resultInfo
=================================================================================================================
LogM=1 62014    1 (SUCCESS)           
cp /ericsson/log/amos/moshell_logfiles/t20251007_37258710_53697/logs_moshell/tempfiles/scp-2-amos_20251007-121331_1184478/rcslogs/RBS_CS_AVAILABILITY_LOG_20251007101405.xml /ericsson/log/amos/moshell_logfiles/t20251007_37258710_53697/logs_moshell/tempfiles/scp-2-amos_20251007-121331_1184478/availabilityLog1184556.xml
Parsing availabilityLog........Done.
.....
Date;Time;RestartType;SwVersion;SwRelease;RCSDowntime;ApplicationDowntime;TNDowntime;RATsDowntime;ExtraInfo;ExtraInfo2
2025-09-08;01:27:55;PartialOutage(Manual);8% Lrat Cell 42; ();9s;;;;;
2025-09-08;01:28:12;PartialOutage(Manual);8% Lrat Cell 41; ();8s;;;;;
2025-09-08;01:28:22;PartialOutage(Manual);8% Lrat Cell 34; ();11s;;;;;
2025-09-08;01:28:37;PartialOutage(Manual);8% Lrat Cell 33; ();10s;;;;;
2025-09-08;01:28:51;PartialOutage(Manual);8% Lrat Cell 32; ();9s;;;;;
2025-09-08;01:29:02;PartialOutage(Manual);8% Lrat Cell 31; ();10s;;;;;
2025-09-08;01:29:21;PartialOutage(Manual);25% Lrat Cell 164; ();1s;;;;;
2025-09-08;01:29:22;PartialOutage(Manual);8% Lrat Cell 64; ();7s;;;;;
2025-09-08;01:29:32;PartialOutage(Manual);25% Lrat Cell 163 164; ();1s;;;;;
2025-09-08;01:29:33;PartialOutage(Manual);8% Lrat Cell 63; ();7s;;;;;
2025-09-08;01:29:43;PartialOutage(Manual);37% Lrat Cell 162 163 164; ();1s;;;;;
2025-09-08;01:29:44;PartialOutage(Manual);8% Lrat Cell 62; ();4s;;;;;
2025-09-08;01:29:48;PartialOutage(Manual);37% Lrat Cell 162 163; ();5s;;;;;
2025-09-08;01:29:56;PartialOutage(Manual);37% Lrat Cell 161 162 163; ();2s;;;;;
2025-09-08;01:29:58;PartialOutage(Manual);8% Lrat Cell 61; ();2s;;;;;
2025-09-08;01:30:00;PartialOutage(Manual);37% Lrat Cell 161 162; ();6s;;;;;
2025-09-08;01:30:10;PartialOutage(Manual);8% Lrat Cell 44; ();5s;;;;;
2025-09-08;01:30:15;PartialOutage(Manual);41% Lrat Cell 161; ();7s;;;;;
2025-09-08;01:30:24;PartialOutage(Manual);8% Lrat Cell 43; ();10s;;;;;
2025-09-11;08:08:15;PartialOutage(System);17% Lrat Cell 31 41; ();2569s (42m49s);;;;;
2025-09-11;08:51:04;PartialOutage(System);17% Lrat Cell 64 31 41; ();1s;;;;;
2025-09-11;08:51:05;PartialOutage(System);17% Lrat Cell 61 62 63 64 31 41; ();1s;;;;;
2025-09-11;08:51:06;PartialOutage(System);0% Lrat Cell 161 162 163 164; ();5516s (1h31m);;;;;
2025-09-11;10:23:02;SpontaneousCold(Other:PowerReset);CXP9024418/16_R8D21;CXP9024418/16_R8D21 (RCG123.3-3);11028s (3h3m);11280s (3h8m);11039s (3h3m);L=11280s ;Requested: RankCold Other PowerReset Performed: RankCold Other PowerReset;Lrat LRAT Traffic Control active
2025-09-11;13:31:02;PartialOutage(System);100% Lrat Cell 63 31 32 33 34 41 42 43 44;CXP9024418/16_R8D21 (RCG123.3-3);1s;;;;;
2025-09-11;13:31:03;PartialOutage(Manual);100% Lrat Cell 31 32 33 34 41 42 43 44;CXP9024418/16_R8D21 (RCG123.3-3);2s;;;;;
2025-09-11;13:31:05;PartialOutage(Manual);100% Lrat Cell 31 41 42 43;CXP9024418/16_R8D21 (RCG123.3-3);1s;;;;;
2025-09-11;13:32:40;PartialOutage(System);66% Lrat Cell 31 41;CXP9024418/16_R8D21 (RCG123.3-3);44s;;;;;
2025-09-11;13:33:24;PartialOutage(System);58% Lrat Cell 61 62 63 31 41;CXP9024418/16_R8D21 (RCG123.3-3);1s;;;;;
2025-09-11;13:33:25;PartialOutage(System);58% Lrat Cell 61 62 63 64 31 32 33 34 41;CXP9024418/16_R8D21 (RCG123.3-3);1s;;;;;
2025-09-11;13:33:26;PartialOutage(System);58% Lrat Cell 61 62 63 64 31 32 33 34 41 42 43 44;CXP9024418/16_R8D21 (RCG123.3-3);28s;;;;;
2025-09-11;13:33:54;PartialOutage(System);62% Lrat Cell 61 63 31 32 33 34 41 42 43 44;CXP9024418/16_R8D21 (RCG123.3-3);1s;;;;;
2025-09-11;13:33:55;PartialOutage(System);62% Lrat Cell 31 32 33 34 41 42 43 44;CXP9024418/16_R8D21 (RCG123.3-3);2s;;;;;
2025-09-11;13:34:00;PartialOutage(System);62% Lrat Cell 31 41 42 43;CXP9024418/16_R8D21 (RCG123.3-3);1s;;;;;
2025-09-11;13:34:01;PartialOutage(System);62% Lrat Cell 31 41;CXP9024418/16_R8D21 (RCG123.3-3);552s (9m12s);;;;;

Node uptime since last restart: 2234591 seconds (25 days, 20 hours, 43 minutes, 11 seconds)
------------------------------------------------------------------------------------------------------
Period=30 days       NodeUpgrade      NodeManual       NodeSpontaneous  AllNodeRestarts  PartialOutages  
------------------------------------------------------------------------------------------------------
Number Of outages    0                0                1                1                34              
Total downtime       0s               0s               11280s (3h8m)    11280s (3h8m)    8836s (2h27m)   
Downtime per day     0s               0s               376s (6m16s)     376s (6m16s)     295s (4m55s)    
Downtime per outage  0s               0s               11280s (3h8m)    11280s (3h8m)    260s (4m20s)    

CZ4AE> lgac -m 30d

251007-12:14:13+0200 19.31.10.207 25.0h MSRBS_NODE_MODEL_25.Q1_198665.224.73_bf81 stopfile=/tmp/1184556

Startdate=20250907.101413, Enddate=20251008.101413
Date;Time;Log;Severity;Object;Event;Cause;AdditionalText;AckState;Id;NotificationId;CorrelatedAlarms
Executing action Log.export()
..
Log=AlarmLog                    actionId=62015
......................................
=================================================================================================================
MO                  actionId result      resultInfo
=================================================================================================================
LogM=1,Log=AlarmLog 62015    1 (SUCCESS)           
cat  /ericsson/log/amos/moshell_logfiles/t20251007_37258710_53697/logs_moshell/tempfiles/scp-2-amos_20251007-121331_1184478/rcslogs/saLogAlarm_20240817__072010_20250629__140356.log /ericsson/log/amos/moshell_logfiles/t20251007_37258710_53697/logs_moshell/tempfiles/scp-2-amos_20251007-121331_1184478/rcslogs/saLogAlarm_20250629__140356_20250817__195459.log /ericsson/log/amos/moshell_logfiles/t20251007_37258710_53697/logs_moshell/tempfiles/scp-2-amos_20251007-121331_1184478/rcslogs/saLogAlarm_20250817__195459.log > /ericsson/log/amos/moshell_logfiles/t20251007_37258710_53697/logs_moshell/tempfiles/scp-2-amos_20251007-121331_1184478/alarmLog1184556.xml
2025-09-07;11:15:59;AL  ;Minor ;EUtraNetwork=1,ExternalENodeBFunction=2221-213187;Inter Node Carrier Aggregation Service Unavailable;Elastic RAN Carrier Aggregation is not available towards remote eNodeB.
2025-09-07;12:10:49;AL  ;Cleared;EUtraNetwork=1,ExternalENodeBFunction=2221-400797;Inter Node Feature Incompatibility;Elastic RAN feature is not activated in remote eNodeB. SUPPRESSED
2025-09-07;13:03:46;AL  ;Minor ;EUtraNetwork=1,ExternalENodeBFunction=2221-209045;Inter Node Carrier Aggregation Service Unavailable;Elastic RAN Carrier Aggregation is not available towards remote eNodeB.
2025-09-07;19:07:59;AL  ;Minor ;EUtraNetwork=1,ExternalENodeBFunction=2221-400797;Inter Node Feature Incompatibility;Elastic RAN feature is not activated in remote eNodeB. SUPPRESSED
2025-09-08;03:00:04;AL  ;Minor ;EUtraNetwork=1,ExternalENodeBFunction=2221-208417;Inter Node Carrier Aggregation Service Unavailable;Elastic RAN Carrier Aggregation is not available towards remote eNodeB.
2025-09-08;04:29:30;AL  ;Minor ;EUtraNetwork=1,ExternalENodeBFunction=2221-206063;Inter Node Carrier Aggregation Service Unavailable;Elastic RAN Carrier Aggregation is not available towards remote eNodeB.
2025-09-08;07:29:31;AL  ;Minor ;EUtraNetwork=1,ExternalENodeBFunction=2221-650772;Inter Node Carrier Aggregation Service Unavailable;Elastic RAN Carrier Aggregation is not available towards remote eNodeB.
2025-09-08;09:22:16;AL  ;Minor ;EUtraNetwork=1,ExternalENodeBFunction=2221-650472;Inter Node Carrier Aggregation Service Unavailable;Elastic RAN Carrier Aggregation is not available towards remote eNodeB.
2025-09-08;11:29:42;AL  ;Minor ;EUtraNetwork=1,ExternalENodeBFunction=2221-650409;Inter Node Carrier Aggregation Service Unavailable;Elastic RAN Carrier Aggregation is not available towards remote eNodeB.
2025-09-08;16:02:01;AL  ;Minor ;EUtraNetwork=1,ExternalENodeBFunction=2221-650793;Inter Node Carrier Aggregation Service Unavailable;Elastic RAN Carrier Aggregation is not available towards remote eNodeB.
2025-09-08;19:29:31;AL  ;Minor ;EUtraNetwork=1,ExternalENodeBFunction=2221-650480;Inter Node Carrier Aggregation Service Unavailable;Elastic RAN Carrier Aggregation is not available towards remote eNodeB.
2025-09-09;01:14:00;AL  ;Minor ;ENodeBFunction=1;External Link Failure;X2 link problem to one or several neighbouring eNodeBs. AI: PLMN ID-eNB ID 1 = 2221-600617
2025-09-09;01:17:31;AL  ;Cleared;ENodeBFunction=1;External Link Failure;X2 link problem to one or several neighbouring eNodeBs. AI: PLMN ID-eNB ID 1 = 2221-600617
2025-09-09;06:01:43;AL  ;Minor ;EUtraNetwork=1,ExternalENodeBFunction=2221-213188;Inter Node Carrier Aggregation Service Unavailable;Elastic RAN Carrier Aggregation is not available towards remote eNodeB.
2025-09-10;21:02:39;AL  ;Cleared;EUtraNetwork=1,ExternalENodeBFunction=2221-400797;Inter Node Feature Incompatibility;Elastic RAN feature is not activated in remote eNodeB. SUPPRESSED
2025-09-10;21:03:43;AL  ;Minor ;EUtraNetwork=1,ExternalENodeBFunction=2221-400797;Inter Node Feature Incompatibility;Elastic RAN feature is not activated in remote eNodeB. SUPPRESSED
2025-09-10;22:39:11;AL  ;Cleared;EUtraNetwork=1,ExternalENodeBFunction=2221-400797;Inter Node Feature Incompatibility;Elastic RAN feature is not activated in remote eNodeB. SUPPRESSED
2025-09-10;22:39:56;AL  ;Minor ;EUtraNetwork=1,ExternalENodeBFunction=2221-400797;Inter Node Feature Incompatibility;Elastic RAN feature is not activated in remote eNodeB. SUPPRESSED
2025-09-10;22:59:01;AL  ;Minor ;ENodeBFunction=1;External Link Failure;X2 link problem to one or several neighbouring eNodeBs. AI: PLMN ID-eNB ID 1 = 2221-400839
2025-09-10;23:04:06;AL  ;Cleared;EUtraNetwork=1,ExternalENodeBFunction=2221-400797;Inter Node Feature Incompatibility;Elastic RAN feature is not activated in remote eNodeB. SUPPRESSED
2025-09-10;23:07:23;AL  ;Minor ;EUtraNetwork=1,ExternalENodeBFunction=2221-400797;Inter Node Feature Incompatibility;Elastic RAN feature is not activated in remote eNodeB. SUPPRESSED
2025-09-10;23:28:54;AL  ;Cleared;ENodeBFunction=1;External Link Failure;X2 link problem to one or several neighbouring eNodeBs. AI: PLMN ID-eNB ID 1 = 2221-400839
2025-09-10;23:55:41;AL  ;Minor ;ENodeBFunction=1;External Link Failure;X2 link problem to one or several neighbouring eNodeBs. AI: PLMN ID-eNB ID 1 = 2221-400839
2025-09-11;01:19:06;AL  ;Cleared;EUtraNetwork=1,ExternalENodeBFunction=2221-400797;Inter Node Feature Incompatibility;Elastic RAN feature is not activated in remote eNodeB. SUPPRESSED
2025-09-11;01:21:11;AL  ;Minor ;EUtraNetwork=1,ExternalENodeBFunction=2221-400797;Inter Node Feature Incompatibility;Elastic RAN feature is not activated in remote eNodeB. SUPPRESSED
2025-09-11;06:10:01;AL  ;Minor ;ENodeBFunction=1;External Link Failure;X2 link problem to one or several neighbouring eNodeBs. AI: PLMN ID-eNB ID 1 = 2221-400839 PLMN ID-eNB ID 2 = 2221-650509
2025-09-11;06:11:22;AL  ;Minor ;ENodeBFunction=1;External Link to GNodeB Failure;X2 link problem to one or several neighbouring gNodeBs. AI: PLMN ID-gNB ID 1 = 2221-1053439
2025-09-11;06:13:55;AL  ;Minor ;ENodeBFunction=1;External Link Failure;X2 link problem to one or several neighbouring eNodeBs. AI: PLMN ID-eNB ID 1 = 2221-400839
2025-09-11;06:26:23;AL  ;Cleared;ENodeBFunction=1;External Link to GNodeB Failure;X2 link problem to one or several neighbouring gNodeBs. AI: PLMN ID-gNB ID 1 = 2221-1053439
2025-09-11;06:28:20;AL  ;Minor ;ENodeBFunction=1;External Link to GNodeB Failure;X2 link problem to one or several neighbouring gNodeBs. AI: PLMN ID-gNB ID 1 = 2221-1054059
2025-09-11;06:28:25;AL  ;Minor ;ENodeBFunction=1;External Link Failure;X2 link problem to one or several neighbouring eNodeBs. AI: PLMN ID-eNB ID 1 = 2221-400839 PLMN ID-eNB ID 2 = 2221-650397
2025-09-11;06:37:28;AL  ;Minor ;ENodeBFunction=1;External Link to GNodeB Failure;X2 link problem to one or several neighbouring gNodeBs. AI: PLMN ID-gNB ID 1 = 2221-1054059 PLMN ID-gNB ID 2 = 2221-1053439
2025-09-11;06:38:45;AL  ;Minor ;ENodeBFunction=1;External Link to GNodeB Failure;X2 link problem to one or several neighbouring gNodeBs. AI: PLMN ID-gNB ID 1 = 2221-1054059
2025-09-11;06:57:06;AL  ;Minor ;ENodeBFunction=1;External Link Failure;X2 link problem to one or several neighbouring eNodeBs. AI: PLMN ID-eNB ID 1 = 2221-400839
2025-09-11;06:57:06;AL  ;Cleared;ENodeBFunction=1;External Link to GNodeB Failure;X2 link problem to one or several neighbouring gNodeBs. AI: PLMN ID-gNB ID 1 = 2221-1054059
2025-09-11;08:08:16;AL  ;Minor ;FieldReplaceableUnit=Radio-S110-1;Input Power Failure;Input voltage outside unit operating range. AI: UI=[{"PN":"Radio 4499 44B1 44B3 C","SN":"E23E120695","PNR":"KRC 161 787/1","PR":"R2G"}]
2025-09-11;08:08:16;AL  ;Major ;EUtranCellFDD=CZ4AT1;Service Unavailable;This is a secondary alarm, use alarm correlation information in Additional Information to find primary alarm.
2025-09-11;08:08:16;AL  ;Major ;EUtranCellFDD=CZ4AM1;Service Unavailable;This is a secondary alarm, use alarm correlation information in Additional Information to find primary alarm.
2025-09-11;08:51:05;AL  ;Minor ;FieldReplaceableUnit=Radio-S213-1;Input Power Failure;Input voltage outside unit operating range. AI: UI=[{"PN":"Radio 2279 22B8 22B20 C","SN":"TU8U01JJA9","PNR":"KRC 161 864/1","PR":"R1E"}]
2025-09-11;08:51:05;AL  ;Minor ;FieldReplaceableUnit=Radio-S212-1;Input Power Failure;Input voltage outside unit operating range. AI: UI=[{"PN":"Radio 2279 22B8 22B20 C","SN":"TU8U01JJ21","PNR":"KRC 161 864/1","PR":"R1E"}]
2025-09-11;08:51:06;AL  ;Minor ;FieldReplaceableUnit=Radio-S210-1;Input Power Failure;Input voltage outside unit operating range. AI: UI=[{"PN":"Radio 2279 22B8 22B20 C","SN":"TU8U01JJA8","PNR":"KRC 161 864/1","PR":"R1E"}]
2025-09-11;08:51:06;AL  ;Minor ;FieldReplaceableUnit=Radio-S211-1;Input Power Failure;Input voltage outside unit operating range. AI: UI=[{"PN":"Radio 2279 22B8 22B20 C","SN":"TU8U01JJ9Z","PNR":"KRC 161 864/1","PR":"R1E"}]
2025-09-11;08:51:06;AL  ;Major ;EUtranCellFDD=CZ4AE4;Service Unavailable;This is a secondary alarm, use alarm correlation information in Additional Information to find primary alarm.
2025-09-11;08:51:06;AL  ;Major ;NbIotCell=CZ4AN4;Service Unavailable;This is a secondary alarm, use alarm correlation information in Additional Information to find primary alarm.
2025-09-11;08:51:06;AL  ;Major ;EUtranCellFDD=CZ4AE3;Service Unavailable;This is a secondary alarm, use alarm correlation information in Additional Information to find primary alarm.
2025-09-11;08:51:06;AL  ;Major ;NbIotCell=CZ4AN3;Service Unavailable;This is a secondary alarm, use alarm correlation information in Additional Information to find primary alarm.
2025-09-11;08:51:06;AL  ;Major ;EUtranCellFDD=CZ4AE1;Service Unavailable;This is a secondary alarm, use alarm correlation information in Additional Information to find primary alarm.
2025-09-11;08:51:06;AL  ;Major ;NbIotCell=CZ4AN1;Service Unavailable;This is a secondary alarm, use alarm correlation information in Additional Information to find primary alarm.
2025-09-11;08:51:06;AL  ;Major ;EUtranCellFDD=CZ4AE2;Service Unavailable;This is a secondary alarm, use alarm correlation information in Additional Information to find primary alarm.
2025-09-11;08:51:06;AL  ;Major ;NbIotCell=CZ4AN2;Service Unavailable;This is a secondary alarm, use alarm correlation information in Additional Information to find primary alarm.
2025-09-11;08:54:05;AL  ;Warning;Synchronization=1,RadioEquipmentClock=1,NodeGroupSyncMember=1;Node Group Sync Loss of All SoCC;The CPRI link is down
2025-09-11;13:30:45;AL  ;Minor ;RiLink=S110-1;Link Failure;No signal detected (link start time-out). Near end port:FieldReplaceableUnit=BB-1,RiPort=D (transportType=NOT_SET)
2025-09-11;13:31:00;AL  ;Minor ;EUtraNetwork=1,ExternalENodeBFunction=2221-650166;Inter Node Feature Incompatibility;Elastic RAN feature is not activated in remote eNodeB. SUPPRESSED
2025-09-11;13:31:00;AL  ;Minor ;EUtraNetwork=1,ExternalENodeBFunction=2221-400797;Inter Node Feature Incompatibility;Elastic RAN feature is not activated in remote eNodeB. SUPPRESSED
2025-09-11;13:31:02;AL  ;Minor ;EUtraNetwork=1,ExternalENodeBFunction=2221-650321;Inter Node Feature Incompatibility;Elastic RAN feature is not activated in remote eNodeB. SUPPRESSED
2025-09-11;13:31:03;AL  ;Minor ;ENodeBFunction=1;Sync Time and Phase Accuracy Too Low;Time and phase sync accuracy crossed the threshold for features interworking with NR.
2025-09-11;13:31:03;AL  ;Minor ;EUtranCellFDD=CZ4AE1;Service Degraded;This is a secondary alarm, use alarm correlation information in Additional Information to find primary alarm.
2025-09-11;13:31:03;AL  ;Minor ;EUtranCellFDD=CZ4AE2;Service Degraded;This is a secondary alarm, use alarm correlation information in Additional Information to find primary alarm.
2025-09-11;13:31:03;AL  ;Minor ;EUtranCellFDD=CZ4AE3;Service Degraded;This is a secondary alarm, use alarm correlation information in Additional Information to find primary alarm.
2025-09-11;13:31:03;AL  ;Minor ;EUtranCellFDD=CZ4AE4;Service Degraded;This is a secondary alarm, use alarm correlation information in Additional Information to find primary alarm.
2025-09-11;13:31:05;AL  ;Minor ;EUtranCellFDD=CZ4AT4;Service Degraded;This is a secondary alarm, use alarm correlation information in Additional Information to find primary alarm.
2025-09-11;13:31:05;AL  ;Minor ;EUtranCellFDD=CZ4AM4;Service Degraded;This is a secondary alarm, use alarm correlation information in Additional Information to find primary alarm.
2025-09-11;13:31:05;AL  ;Minor ;EUtranCellFDD=CZ4AM3;Service Degraded;This is a secondary alarm, use alarm correlation information in Additional Information to find primary alarm.
2025-09-11;13:31:06;AL  ;Minor ;EUtranCellFDD=CZ4AM2;Service Degraded;This is a secondary alarm, use alarm correlation information in Additional Information to find primary alarm.
2025-09-11;13:31:06;AL  ;Minor ;EUtranCellFDD=CZ4AT3;Service Degraded;This is a secondary alarm, use alarm correlation information in Additional Information to find primary alarm.
2025-09-11;13:31:06;AL  ;Minor ;EUtranCellFDD=CZ4AT2;Service Degraded;This is a secondary alarm, use alarm correlation information in Additional Information to find primary alarm.
2025-09-11;13:31:08;AL  ;Minor ;EUtraNetwork=1,ExternalENodeBFunction=2221-650772;Inter Node Carrier Aggregation Service Unavailable;Elastic RAN Carrier Aggregation is not available towards remote eNodeB.
2025-09-11;13:31:08;AL  ;Minor ;EUtraNetwork=1,ExternalENodeBFunction=2221-650480;Inter Node Carrier Aggregation Service Unavailable;Elastic RAN Carrier Aggregation is not available towards remote eNodeB.
2025-09-11;13:31:09;AL  ;Minor ;EUtraNetwork=1,ExternalENodeBFunction=2221-650409;Inter Node Carrier Aggregation Service Unavailable;Elastic RAN Carrier Aggregation is not available towards remote eNodeB.
2025-09-11;13:31:10;AL  ;Minor ;EUtraNetwork=1,ExternalENodeBFunction=2221-650793;Inter Node Carrier Aggregation Service Unavailable;Elastic RAN Carrier Aggregation is not available towards remote eNodeB.
2025-09-11;13:31:11;AL  ;Minor ;EUtraNetwork=1,ExternalENodeBFunction=2221-213188;Inter Node Carrier Aggregation Service Unavailable;Elastic RAN Carrier Aggregation is not available towards remote eNodeB.
2025-09-11;13:31:12;AL  ;Minor ;EUtraNetwork=1,ExternalENodeBFunction=2221-208417;Inter Node Carrier Aggregation Service Unavailable;Elastic RAN Carrier Aggregation is not available towards remote eNodeB.
2025-09-11;13:32:14;AL  ;Minor ;EUtraNetwork=1,ExternalENodeBFunction=2221-650472;Inter Node Carrier Aggregation Service Unavailable;Elastic RAN Carrier Aggregation is not available towards remote eNodeB.
2025-09-11;13:32:40;AL  ;Major ;EUtranCellFDD=CZ4AT1;Resource Activation Timeout;
2025-09-11;13:32:40;AL  ;Major ;EUtranCellFDD=CZ4AM1;Resource Activation Timeout;
2025-09-11;13:33:24;AL  ;Cleared;EUtranCellFDD=CZ4AM1;Resource Activation Timeout;
2025-09-11;13:33:24;AL  ;Cleared;RiLink=S110-1;Link Failure;No signal detected (link start time-out). Near end port:FieldReplaceableUnit=BB-1,RiPort=D (transportType=NOT_SET)
2025-09-11;13:33:24;AL  ;Cleared;EUtranCellFDD=CZ4AE1;Service Degraded;This is a secondary alarm, use alarm correlation information in Additional Information to find primary alarm.
2025-09-11;13:33:24;AL  ;Cleared;EUtranCellFDD=CZ4AE2;Service Degraded;This is a secondary alarm, use alarm correlation information in Additional Information to find primary alarm.
2025-09-11;13:33:24;AL  ;Cleared;EUtranCellFDD=CZ4AE3;Service Degraded;This is a secondary alarm, use alarm correlation information in Additional Information to find primary alarm.
2025-09-11;13:33:25;AL  ;Cleared;EUtranCellFDD=CZ4AE4;Service Degraded;This is a secondary alarm, use alarm correlation information in Additional Information to find primary alarm.
2025-09-11;13:33:25;AL  ;Cleared;EUtranCellFDD=CZ4AM2;Service Degraded;This is a secondary alarm, use alarm correlation information in Additional Information to find primary alarm.
2025-09-11;13:33:25;AL  ;Cleared;EUtranCellFDD=CZ4AM3;Service Degraded;This is a secondary alarm, use alarm correlation information in Additional Information to find primary alarm.
2025-09-11;13:33:25;AL  ;Cleared;EUtranCellFDD=CZ4AM4;Service Degraded;This is a secondary alarm, use alarm correlation information in Additional Information to find primary alarm.
2025-09-11;13:33:26;AL  ;Cleared;EUtranCellFDD=CZ4AT2;Service Degraded;This is a secondary alarm, use alarm correlation information in Additional Information to find primary alarm.
2025-09-11;13:33:26;AL  ;Cleared;EUtranCellFDD=CZ4AT3;Service Degraded;This is a secondary alarm, use alarm correlation information in Additional Information to find primary alarm.
2025-09-11;13:33:26;AL  ;Cleared;EUtranCellFDD=CZ4AT4;Service Degraded;This is a secondary alarm, use alarm correlation information in Additional Information to find primary alarm.
2025-09-11;13:33:27;AL  ;Cleared;ENodeBFunction=1;Sync Time and Phase Accuracy Too Low;Time and phase sync accuracy crossed the threshold for features interworking with NR.
2025-09-11;13:33:29;AL  ;Cleared;EUtranCellFDD=CZ4AT1;Resource Activation Timeout;
2025-09-11;13:33:51;AL  ;Minor ;RiLink=S110-1;Link Failure;No signal detected (link start time-out). Near end port:FieldReplaceableUnit=BB-1,RiPort=D (transportType=NOT_SET)
2025-09-11;13:35:44;AL  ;Minor ;ENodeBFunction=1;External Link Failure;X2 link problem to one or several neighbouring eNodeBs. AI: PLMN ID-eNB ID 1 = 2221-650693
2025-09-11;13:39:21;AL  ;Major ;EUtranCellFDD=CZ4AM1;Resource Activation Timeout;
2025-09-11;13:39:21;AL  ;Major ;EUtranCellFDD=CZ4AT1;Resource Activation Timeout;
2025-09-11;13:41:48;AL  ;Cleared;RiLink=S110-1;Link Failure;No signal detected (link start time-out). Near end port:FieldReplaceableUnit=BB-1,RiPort=D (transportType=NOT_SET)
2025-09-11;13:42:22;AL  ;Cleared;EUtranCellFDD=CZ4AM1;Resource Activation Timeout;
2025-09-11;13:42:22;AL  ;Cleared;EUtranCellFDD=CZ4AT1;Resource Activation Timeout;
2025-09-11;14:14:26;AL  ;Minor ;ENodeBFunction=1;External Link Failure;X2 link problem to one or several neighbouring eNodeBs. AI: PLMN ID-eNB ID 1 = 2221-400839 PLMN ID-eNB ID 2 = 2221-300952
2025-09-11;17:34:43;AL  ;Minor ;ENodeBFunction=1;External Link Failure;X2 link problem to one or several neighbouring eNodeBs. AI: PLMN ID-eNB ID 1 = 2221-300952
2025-09-11;20:39:32;AL  ;Cleared;EUtraNetwork=1,ExternalENodeBFunction=2221-650166;Inter Node Feature Incompatibility;Elastic RAN feature is not activated in remote eNodeB. SUPPRESSED
2025-09-11;20:49:05;AL  ;Minor ;ENodeBFunction=1;External Link Failure;X2 link problem to one or several neighbouring eNodeBs. AI: PLMN ID-eNB ID 1 = 2221-300952 PLMN ID-eNB ID 2 = 2221-650166
2025-09-12;08:20:24;AL  ;Cleared;EUtraNetwork=1,ExternalENodeBFunction=2221-400797;Inter Node Feature Incompatibility;Elastic RAN feature is not activated in remote eNodeB. SUPPRESSED
2025-09-12;09:47:03;AL  ;Minor ;ENodeBFunction=1;External Link Failure;X2 link problem to one or several neighbouring eNodeBs. AI: PLMN ID-eNB ID 1 = 2221-300952 PLMN ID-eNB ID 2 = 2221-650166 PLMN ID-eNB ID 3 = 2221-650639
2025-09-12;11:01:09;AL  ;Cleared;EUtraNetwork=1,ExternalENodeBFunction=2221-650321;Inter Node Feature Incompatibility;Elastic RAN feature is not activated in remote eNodeB. SUPPRESSED
2025-09-12;12:28:01;AL  ;Minor ;ENodeBFunction=1;External Link Failure;X2 link problem to one or several neighbouring eNodeBs. AI: PLMN ID-eNB ID 1 = 2221-300952 PLMN ID-eNB ID 2 = 2221-650166
2025-09-12;16:18:22;AL  ;Minor ;ENodeBFunction=1;External Link Failure;X2 link problem to one or several neighbouring eNodeBs. AI: PLMN ID-eNB ID 1 = 2221-300952
2025-09-12;19:06:59;AL  ;Minor ;EUtraNetwork=1,ExternalENodeBFunction=2221-400797;Inter Node Feature Incompatibility;Elastic RAN feature is not activated in remote eNodeB. SUPPRESSED
2025-09-12;22:21:58;AL  ;Minor ;EUtraNetwork=1,ExternalENodeBFunction=2221-650321;Inter Node Feature Incompatibility;Elastic RAN feature is not activated in remote eNodeB. SUPPRESSED
2025-09-13;05:05:47;AL  ;Minor ;EUtraNetwork=1,ExternalENodeBFunction=2221-206063;Inter Node Carrier Aggregation Service Unavailable;Elastic RAN Carrier Aggregation is not available towards remote eNodeB.
2025-09-13;10:57:18;AL  ;Minor ;ENodeBFunction=1;External Link Failure;X2 link problem to one or several neighbouring eNodeBs. AI: PLMN ID-eNB ID 1 = 2221-300952 PLMN ID-eNB ID 2 = 2221-211431
2025-09-13;12:51:07;AL  ;Minor ;ENodeBFunction=1;External Link Failure;X2 link problem to one or several neighbouring eNodeBs. AI: PLMN ID-eNB ID 1 = 2221-300952
2025-09-14;07:05:00;AL  ;Cleared;EUtraNetwork=1,ExternalENodeBFunction=2221-650480;Inter Node Carrier Aggregation Service Unavailable;Elastic RAN Carrier Aggregation is not available towards remote eNodeB.
2025-09-14;07:06:03;AL  ;Minor ;EUtraNetwork=1,ExternalENodeBFunction=2221-650480;Inter Node Carrier Aggregation Service Unavailable;Elastic RAN Carrier Aggregation is not available towards remote eNodeB.
2025-09-14;07:23:41;AL  ;Minor ;EUtraNetwork=1,ExternalENodeBFunction=2221-209045;Inter Node Carrier Aggregation Service Unavailable;Elastic RAN Carrier Aggregation is not available towards remote eNodeB.
2025-09-14;07:24:22;AL  ;Cleared;EUtraNetwork=1,ExternalENodeBFunction=2221-650409;Inter Node Carrier Aggregation Service Unavailable;Elastic RAN Carrier Aggregation is not available towards remote eNodeB.
2025-09-14;07:25:24;AL  ;Minor ;EUtraNetwork=1,ExternalENodeBFunction=2221-650409;Inter Node Carrier Aggregation Service Unavailable;Elastic RAN Carrier Aggregation is not available towards remote eNodeB.
2025-09-14;07:56:44;AL  ;Cleared;EUtraNetwork=1,ExternalENodeBFunction=2221-650472;Inter Node Carrier Aggregation Service Unavailable;Elastic RAN Carrier Aggregation is not available towards remote eNodeB.
2025-09-14;07:56:47;AL  ;Minor ;EUtraNetwork=1,ExternalENodeBFunction=2221-213187;Inter Node Carrier Aggregation Service Unavailable;Elastic RAN Carrier Aggregation is not available towards remote eNodeB.
2025-09-14;08:01:45;AL  ;Minor ;EUtraNetwork=1,ExternalENodeBFunction=2221-650646;Inter Node Carrier Aggregation Service Unavailable;Elastic RAN Carrier Aggregation is not available towards remote eNodeB.
2025-09-14;08:04:42;AL  ;Cleared;EUtraNetwork=1,ExternalENodeBFunction=2221-213188;Inter Node Carrier Aggregation Service Unavailable;Elastic RAN Carrier Aggregation is not available towards remote eNodeB.
2025-09-14;08:05:34;AL  ;Cleared;EUtraNetwork=1,ExternalENodeBFunction=2221-213187;Inter Node Carrier Aggregation Service Unavailable;Elastic RAN Carrier Aggregation is not available towards remote eNodeB.
2025-09-14;08:05:50;AL  ;Minor ;EUtraNetwork=1,ExternalENodeBFunction=2221-213188;Inter Node Carrier Aggregation Service Unavailable;Elastic RAN Carrier Aggregation is not available towards remote eNodeB.
2025-09-14;08:06:21;AL  ;Cleared;EUtraNetwork=1,ExternalENodeBFunction=2221-208417;Inter Node Carrier Aggregation Service Unavailable;Elastic RAN Carrier Aggregation is not available towards remote eNodeB.
2025-09-14;08:06:36;AL  ;Minor ;EUtraNetwork=1,ExternalENodeBFunction=2221-213187;Inter Node Carrier Aggregation Service Unavailable;Elastic RAN Carrier Aggregation is not available towards remote eNodeB.
2025-09-14;08:06:42;AL  ;Minor ;EUtraNetwork=1,ExternalENodeBFunction=2221-650526;Inter Node Carrier Aggregation Service Unavailable;Elastic RAN Carrier Aggregation is not available towards remote eNodeB.
2025-09-14;08:07:23;AL  ;Minor ;EUtraNetwork=1,ExternalENodeBFunction=2221-208417;Inter Node Carrier Aggregation Service Unavailable;Elastic RAN Carrier Aggregation is not available towards remote eNodeB.
2025-09-14;08:14:54;AL  ;Cleared;ENodeBFunction=1;External Link Failure;X2 link problem to one or several neighbouring eNodeBs. AI: PLMN ID-eNB ID 1 = 2221-300952
2025-09-14;08:14:55;AL  ;Cleared;EUtraNetwork=1,ExternalENodeBFunction=2221-650526;Inter Node Carrier Aggregation Service Unavailable;Elastic RAN Carrier Aggregation is not available towards remote eNodeB.
2025-09-14;08:15:05;AL  ;Cleared;EUtraNetwork=1,ExternalENodeBFunction=2221-650646;Inter Node Carrier Aggregation Service Unavailable;Elastic RAN Carrier Aggregation is not available towards remote eNodeB.
2025-09-14;08:15:17;AL  ;Cleared;EUtraNetwork=1,ExternalENodeBFunction=2221-213187;Inter Node Carrier Aggregation Service Unavailable;Elastic RAN Carrier Aggregation is not available towards remote eNodeB.
2025-09-14;08:15:27;AL  ;Cleared;EUtraNetwork=1,ExternalENodeBFunction=2221-650480;Inter Node Carrier Aggregation Service Unavailable;Elastic RAN Carrier Aggregation is not available towards remote eNodeB.
2025-09-14;08:15:34;AL  ;Cleared;EUtraNetwork=1,ExternalENodeBFunction=2221-209045;Inter Node Carrier Aggregation Service Unavailable;Elastic RAN Carrier Aggregation is not available towards remote eNodeB.
2025-09-14;08:15:36;AL  ;Minor ;EUtraNetwork=1,ExternalENodeBFunction=2221-650526;Inter Node Carrier Aggregation Service Unavailable;Elastic RAN Carrier Aggregation is not available towards remote eNodeB.
2025-09-14;08:15:41;AL  ;Cleared;EUtraNetwork=1,ExternalENodeBFunction=2221-206063;Inter Node Carrier Aggregation Service Unavailable;Elastic RAN Carrier Aggregation is not available towards remote eNodeB.
2025-09-14;08:15:47;AL  ;Cleared;EUtraNetwork=1,ExternalENodeBFunction=2221-650772;Inter Node Carrier Aggregation Service Unavailable;Elastic RAN Carrier Aggregation is not available towards remote eNodeB.
2025-09-14;08:15:52;AL  ;Cleared;EUtraNetwork=1,ExternalENodeBFunction=2221-213188;Inter Node Carrier Aggregation Service Unavailable;Elastic RAN Carrier Aggregation is not available towards remote eNodeB.
2025-09-14;08:15:58;AL  ;Cleared;EUtraNetwork=1,ExternalENodeBFunction=2221-208417;Inter Node Carrier Aggregation Service Unavailable;Elastic RAN Carrier Aggregation is not available towards remote eNodeB.
2025-09-14;08:16:03;AL  ;Cleared;EUtraNetwork=1,ExternalENodeBFunction=2221-650793;Inter Node Carrier Aggregation Service Unavailable;Elastic RAN Carrier Aggregation is not available towards remote eNodeB.
2025-09-14;08:16:08;AL  ;Cleared;EUtraNetwork=1,ExternalENodeBFunction=2221-650409;Inter Node Carrier Aggregation Service Unavailable;Elastic RAN Carrier Aggregation is not available towards remote eNodeB.
2025-09-14;08:16:37;AL  ;Minor ;EUtraNetwork=1,ExternalENodeBFunction=2221-650793;Inter Node Carrier Aggregation Service Unavailable;Elastic RAN Carrier Aggregation is not available towards remote eNodeB.
2025-09-14;12:37:07;AL  ;Cleared;EUtraNetwork=1,ExternalENodeBFunction=2221-650793;Inter Node Carrier Aggregation Service Unavailable;Elastic RAN Carrier Aggregation is not available towards remote eNodeB.
2025-09-14;14:02:20;AL  ;Minor ;ENodeBFunction=1;External Link Failure;X2 link problem to one or several neighbouring eNodeBs. AI: PLMN ID-eNB ID 1 = 2221-650279
2025-09-14;16:05:30;AL  ;Cleared;ENodeBFunction=1;External Link Failure;X2 link problem to one or several neighbouring eNodeBs. AI: PLMN ID-eNB ID 1 = 2221-650279
2025-09-14;16:33:55;AL  ;Minor ;EUtraNetwork=1,ExternalENodeBFunction=2221-650409;Inter Node Carrier Aggregation Service Unavailable;Elastic RAN Carrier Aggregation is not available towards remote eNodeB.
2025-09-14;21:33:55;AL  ;Minor ;EUtraNetwork=1,ExternalENodeBFunction=2221-207301;Inter Node Carrier Aggregation Service Unavailable;Elastic RAN Carrier Aggregation is not available towards remote eNodeB.
2025-09-15;06:01:43;AL  ;Minor ;EUtraNetwork=1,ExternalENodeBFunction=2221-213188;Inter Node Carrier Aggregation Service Unavailable;Elastic RAN Carrier Aggregation is not available towards remote eNodeB.
2025-09-15;06:02:03;AL  ;Minor ;EUtraNetwork=1,ExternalENodeBFunction=2221-650472;Inter Node Carrier Aggregation Service Unavailable;Elastic RAN Carrier Aggregation is not available towards remote eNodeB.
2025-09-15;09:27:22;AL  ;Minor ;ENodeBFunction=1;External Link Failure;X2 link problem to one or several neighbouring eNodeBs. AI: PLMN ID-eNB ID 1 = 2221-650677
2025-09-15;13:37:16;AL  ;Cleared;ENodeBFunction=1;External Link Failure;X2 link problem to one or several neighbouring eNodeBs. AI: PLMN ID-eNB ID 1 = 2221-650677
2025-09-16;02:29:54;AL  ;Minor ;ENodeBFunction=1;External Link Failure;X2 link problem to one or several neighbouring eNodeBs. AI: PLMN ID-eNB ID 1 = 2221-650773
2025-09-16;02:40:12;AL  ;Cleared;ENodeBFunction=1;External Link Failure;X2 link problem to one or several neighbouring eNodeBs. AI: PLMN ID-eNB ID 1 = 2221-650773
2025-09-16;09:58:18;AL  ;Warning;ENodeBFunction=1;PLMN Service Redundancy Lost;S1 connection failure for PLMN connected with link represented by MO listed in Additional Information. AI: PLMN = ["2221"],DN1=ManagedElement=1,ENodeBFunction=1,TermPointToMme=5,
2025-09-16;09:59:18;AL  ;Cleared;ENodeBFunction=1;PLMN Service Redundancy Lost;S1 connection failure for PLMN connected with link represented by MO listed in Additional Information. AI: PLMN = ["2221"],DN1=ManagedElement=1,ENodeBFunction=1,TermPointToMme=5,
2025-09-16;17:53:08;AL  ;Minor ;ENodeBFunction=1;External Link Failure;X2 link problem to one or several neighbouring eNodeBs. AI: PLMN ID-eNB ID 1 = 2221-650677
2025-09-16;18:02:30;AL  ;Cleared;ENodeBFunction=1;External Link Failure;X2 link problem to one or several neighbouring eNodeBs. AI: PLMN ID-eNB ID 1 = 2221-650677
2025-09-16;18:33:57;AL  ;Minor ;EUtraNetwork=1,ExternalENodeBFunction=2221-650480;Inter Node Carrier Aggregation Service Unavailable;Elastic RAN Carrier Aggregation is not available towards remote eNodeB.
2025-09-18;08:33:56;AL  ;Minor ;EUtraNetwork=1,ExternalENodeBFunction=2221-208417;Inter Node Carrier Aggregation Service Unavailable;Elastic RAN Carrier Aggregation is not available towards remote eNodeB.
2025-09-18;08:34:35;AL  ;Cleared;EUtraNetwork=1,ExternalENodeBFunction=2221-213188;Inter Node Carrier Aggregation Service Unavailable;Elastic RAN Carrier Aggregation is not available towards remote eNodeB.
2025-09-18;08:35:20;AL  ;Minor ;EUtraNetwork=1,ExternalENodeBFunction=2221-213187;Inter Node Carrier Aggregation Service Unavailable;Elastic RAN Carrier Aggregation is not available towards remote eNodeB.
2025-09-18;08:35:23;AL  ;Minor ;EUtraNetwork=1,ExternalENodeBFunction=2221-213188;Inter Node Carrier Aggregation Service Unavailable;Elastic RAN Carrier Aggregation is not available towards remote eNodeB.
2025-09-18;20:12:19;AL  ;Minor ;ENodeBFunction=1;External Link Failure;X2 link problem to one or several neighbouring eNodeBs. AI: PLMN ID-eNB ID 1 = 2221-650824
2025-09-18;21:02:43;AL  ;Cleared;EUtraNetwork=1,ExternalENodeBFunction=2221-400797;Inter Node Feature Incompatibility;Elastic RAN feature is not activated in remote eNodeB. SUPPRESSED
2025-09-18;21:03:43;AL  ;Minor ;EUtraNetwork=1,ExternalENodeBFunction=2221-400797;Inter Node Feature Incompatibility;Elastic RAN feature is not activated in remote eNodeB. SUPPRESSED
2025-09-18;23:03:57;AL  ;Minor ;ENodeBFunction=1;External Link Failure;X2 link problem to one or several neighbouring eNodeBs. AI: PLMN ID-eNB ID 1 = 2221-650824 PLMN ID-eNB ID 2 = 2221-210525
2025-09-18;23:12:54;AL  ;Minor ;ENodeBFunction=1;External Link Failure;X2 link problem to one or several neighbouring eNodeBs. AI: PLMN ID-eNB ID 1 = 2221-650824
2025-09-19;08:10:10;AL  ;Minor ;ENodeBFunction=1;External Link Failure;X2 link problem to one or several neighbouring eNodeBs. AI: PLMN ID-eNB ID 1 = 2221-650824 PLMN ID-eNB ID 2 = 2221-650133
2025-09-19;08:24:59;AL  ;Minor ;ENodeBFunction=1;External Link Failure;X2 link problem to one or several neighbouring eNodeBs. AI: PLMN ID-eNB ID 1 = 2221-650824 PLMN ID-eNB ID 2 = 2221-650133 PLMN ID-eNB ID 3 = 2221-210129
2025-09-19;08:28:42;AL  ;Minor ;ENodeBFunction=1;External Link Failure;X2 link problem to one or several neighbouring eNodeBs. AI: PLMN ID-eNB ID 1 = 2221-650824 PLMN ID-eNB ID 2 = 2221-650133
2025-09-19;09:05:05;AL  ;Minor ;ENodeBFunction=1;External Link Failure;X2 link problem to one or several neighbouring eNodeBs. AI: PLMN ID-eNB ID 1 = 2221-650824 PLMN ID-eNB ID 2 = 2221-650133 PLMN ID-eNB ID 3 = 2221-210129
2025-09-19;09:08:22;AL  ;Minor ;ENodeBFunction=1;External Link Failure;X2 link problem to one or several neighbouring eNodeBs. AI: PLMN ID-eNB ID 1 = 2221-650824 PLMN ID-eNB ID 2 = 2221-210129
2025-09-19;10:00:14;AL  ;Minor ;ENodeBFunction=1;External Link Failure;X2 link problem to one or several neighbouring eNodeBs. AI: PLMN ID-eNB ID 1 = 2221-650824
2025-09-19;10:37:20;AL  ;Cleared;EUtraNetwork=1,ExternalENodeBFunction=2221-213188;Inter Node Carrier Aggregation Service Unavailable;Elastic RAN Carrier Aggregation is not available towards remote eNodeB.
2025-09-19;10:37:31;AL  ;Cleared;EUtraNetwork=1,ExternalENodeBFunction=2221-213187;Inter Node Carrier Aggregation Service Unavailable;Elastic RAN Carrier Aggregation is not available towards remote eNodeB.
2025-09-19;10:42:30;AL  ;Minor ;EUtraNetwork=1,ExternalENodeBFunction=2221-213188;Inter Node Carrier Aggregation Service Unavailable;Elastic RAN Carrier Aggregation is not available towards remote eNodeB.
2025-09-19;10:42:48;AL  ;Minor ;EUtraNetwork=1,ExternalENodeBFunction=2221-213187;Inter Node Carrier Aggregation Service Unavailable;Elastic RAN Carrier Aggregation is not available towards remote eNodeB.
2025-09-19;11:33:34;AL  ;Minor ;EUtraNetwork=1,ExternalENodeBFunction=2221-650793;Inter Node Carrier Aggregation Service Unavailable;Elastic RAN Carrier Aggregation is not available towards remote eNodeB.
2025-09-19;15:24:58;AL  ;Cleared;EUtraNetwork=1,ExternalENodeBFunction=2221-400797;Inter Node Feature Incompatibility;Elastic RAN feature is not activated in remote eNodeB. SUPPRESSED
2025-09-19;15:48:53;AL  ;Cleared;ENodeBFunction=1;External Link Failure;X2 link problem to one or several neighbouring eNodeBs. AI: PLMN ID-eNB ID 1 = 2221-650824
2025-09-19;19:06:58;AL  ;Minor ;EUtraNetwork=1,ExternalENodeBFunction=2221-400797;Inter Node Feature Incompatibility;Elastic RAN feature is not activated in remote eNodeB. SUPPRESSED
2025-09-21;07:04:57;AL  ;Cleared;EUtraNetwork=1,ExternalENodeBFunction=2221-650480;Inter Node Carrier Aggregation Service Unavailable;Elastic RAN Carrier Aggregation is not available towards remote eNodeB.
2025-09-21;07:05:59;AL  ;Minor ;EUtraNetwork=1,ExternalENodeBFunction=2221-650480;Inter Node Carrier Aggregation Service Unavailable;Elastic RAN Carrier Aggregation is not available towards remote eNodeB.
2025-09-21;07:22:04;AL  ;Minor ;EUtraNetwork=1,ExternalENodeBFunction=2221-650646;Inter Node Carrier Aggregation Service Unavailable;Elastic RAN Carrier Aggregation is not available towards remote eNodeB.
2025-09-21;07:22:09;AL  ;Cleared;EUtraNetwork=1,ExternalENodeBFunction=2221-207301;Inter Node Carrier Aggregation Service Unavailable;Elastic RAN Carrier Aggregation is not available towards remote eNodeB.
2025-09-21;07:22:49;AL  ;Cleared;EUtraNetwork=1,ExternalENodeBFunction=2221-650409;Inter Node Carrier Aggregation Service Unavailable;Elastic RAN Carrier Aggregation is not available towards remote eNodeB.
2025-09-21;07:23:14;AL  ;Minor ;EUtraNetwork=1,ExternalENodeBFunction=2221-207301;Inter Node Carrier Aggregation Service Unavailable;Elastic RAN Carrier Aggregation is not available towards remote eNodeB.
2025-09-21;07:23:52;AL  ;Minor ;EUtraNetwork=1,ExternalENodeBFunction=2221-650409;Inter Node Carrier Aggregation Service Unavailable;Elastic RAN Carrier Aggregation is not available towards remote eNodeB.
2025-09-21;07:52:59;AL  ;Cleared;EUtraNetwork=1,ExternalENodeBFunction=2221-650472;Inter Node Carrier Aggregation Service Unavailable;Elastic RAN Carrier Aggregation is not available towards remote eNodeB.
2025-09-21;07:59:36;AL  ;Cleared;EUtraNetwork=1,ExternalENodeBFunction=2221-213188;Inter Node Carrier Aggregation Service Unavailable;Elastic RAN Carrier Aggregation is not available towards remote eNodeB.
2025-09-21;07:59:45;AL  ;Cleared;EUtraNetwork=1,ExternalENodeBFunction=2221-213187;Inter Node Carrier Aggregation Service Unavailable;Elastic RAN Carrier Aggregation is not available towards remote eNodeB.
2025-09-21;08:00:38;AL  ;Minor ;EUtraNetwork=1,ExternalENodeBFunction=2221-213188;Inter Node Carrier Aggregation Service Unavailable;Elastic RAN Carrier Aggregation is not available towards remote eNodeB.
2025-09-21;08:00:49;AL  ;Minor ;EUtraNetwork=1,ExternalENodeBFunction=2221-213187;Inter Node Carrier Aggregation Service Unavailable;Elastic RAN Carrier Aggregation is not available towards remote eNodeB.
2025-09-21;08:01:11;AL  ;Cleared;EUtraNetwork=1,ExternalENodeBFunction=2221-208417;Inter Node Carrier Aggregation Service Unavailable;Elastic RAN Carrier Aggregation is not available towards remote eNodeB.
2025-09-21;08:01:26;AL  ;Cleared;EUtraNetwork=1,ExternalENodeBFunction=2221-650526;Inter Node Carrier Aggregation Service Unavailable;Elastic RAN Carrier Aggregation is not available towards remote eNodeB.
2025-09-21;08:02:15;AL  ;Minor ;EUtraNetwork=1,ExternalENodeBFunction=2221-208417;Inter Node Carrier Aggregation Service Unavailable;Elastic RAN Carrier Aggregation is not available towards remote eNodeB.
2025-09-21;08:02:35;AL  ;Minor ;EUtraNetwork=1,ExternalENodeBFunction=2221-650526;Inter Node Carrier Aggregation Service Unavailable;Elastic RAN Carrier Aggregation is not available towards remote eNodeB.
2025-09-21;08:08:00;AL  ;Cleared;EUtraNetwork=1,ExternalENodeBFunction=2221-650526;Inter Node Carrier Aggregation Service Unavailable;Elastic RAN Carrier Aggregation is not available towards remote eNodeB.
2025-09-21;08:08:09;AL  ;Cleared;EUtraNetwork=1,ExternalENodeBFunction=2221-650646;Inter Node Carrier Aggregation Service Unavailable;Elastic RAN Carrier Aggregation is not available towards remote eNodeB.
2025-09-21;08:08:19;AL  ;Cleared;EUtraNetwork=1,ExternalENodeBFunction=2221-213187;Inter Node Carrier Aggregation Service Unavailable;Elastic RAN Carrier Aggregation is not available towards remote eNodeB.
2025-09-21;08:08:29;AL  ;Cleared;EUtraNetwork=1,ExternalENodeBFunction=2221-650480;Inter Node Carrier Aggregation Service Unavailable;Elastic RAN Carrier Aggregation is not available towards remote eNodeB.
2025-09-21;08:08:37;AL  ;Cleared;EUtraNetwork=1,ExternalENodeBFunction=2221-213188;Inter Node Carrier Aggregation Service Unavailable;Elastic RAN Carrier Aggregation is not available towards remote eNodeB.
2025-09-21;08:08:42;AL  ;Cleared;EUtraNetwork=1,ExternalENodeBFunction=2221-208417;Inter Node Carrier Aggregation Service Unavailable;Elastic RAN Carrier Aggregation is not available towards remote eNodeB.
2025-09-21;08:08:48;AL  ;Cleared;EUtraNetwork=1,ExternalENodeBFunction=2221-650793;Inter Node Carrier Aggregation Service Unavailable;Elastic RAN Carrier Aggregation is not available towards remote eNodeB.
2025-09-21;08:08:52;AL  ;Cleared;EUtraNetwork=1,ExternalENodeBFunction=2221-650409;Inter Node Carrier Aggregation Service Unavailable;Elastic RAN Carrier Aggregation is not available towards remote eNodeB.
2025-09-21;08:08:59;AL  ;Cleared;EUtraNetwork=1,ExternalENodeBFunction=2221-207301;Inter Node Carrier Aggregation Service Unavailable;Elastic RAN Carrier Aggregation is not available towards remote eNodeB.
2025-09-21;23:10:01;AL  ;Minor ;EUtraNetwork=1,ExternalENodeBFunction=2221-650409;Inter Node Carrier Aggregation Service Unavailable;Elastic RAN Carrier Aggregation is not available towards remote eNodeB.
2025-09-22;00:55:45;AL  ;Minor ;ENodeBFunction=1;External Link Failure;X2 link problem to one or several neighbouring eNodeBs. AI: PLMN ID-eNB ID 1 = 2221-650148
2025-09-22;00:57:48;AL  ;Cleared;ENodeBFunction=1;External Link Failure;X2 link problem to one or several neighbouring eNodeBs. AI: PLMN ID-eNB ID 1 = 2221-650148
2025-09-22;01:20:56;AL  ;Minor ;ENodeBFunction=1;External Link Failure;X2 link problem to one or several neighbouring eNodeBs. AI: PLMN ID-eNB ID 1 = 2221-650279
2025-09-22;06:01:04;AL  ;Minor ;EUtraNetwork=1,ExternalENodeBFunction=2221-208417;Inter Node Carrier Aggregation Service Unavailable;Elastic RAN Carrier Aggregation is not available towards remote eNodeB.
2025-09-22;07:29:11;AL  ;Minor ;ENodeBFunction=1;External Link Failure;X2 link problem to one or several neighbouring eNodeBs. AI: PLMN ID-eNB ID 1 = 2221-650279 PLMN ID-eNB ID 2 = 2221-650824
2025-09-22;08:47:50;AL  ;Minor ;ENodeBFunction=1;External Link Failure;X2 link problem to one or several neighbouring eNodeBs. AI: PLMN ID-eNB ID 1 = 2221-650824
2025-09-22;11:17:18;AL  ;Minor ;EUtraNetwork=1,ExternalENodeBFunction=2221-650472;Inter Node Carrier Aggregation Service Unavailable;Elastic RAN Carrier Aggregation is not available towards remote eNodeB.
2025-09-22;14:40:23;AL  ;Minor ;ENodeBFunction=1;External Link Failure;X2 link problem to one or several neighbouring eNodeBs. AI: PLMN ID-eNB ID 1 = 2221-650824 PLMN ID-eNB ID 2 = 2221-650632
2025-09-22;17:39:36;AL  ;Minor ;ENodeBFunction=1;External Link Failure;X2 link problem to one or several neighbouring eNodeBs. AI: PLMN ID-eNB ID 1 = 2221-650824
2025-09-23;00:13:31;AL  ;Minor ;ENodeBFunction=1;External Link Failure;X2 link problem to one or several neighbouring eNodeBs. AI: PLMN ID-eNB ID 1 = 2221-650824 PLMN ID-eNB ID 2 = 2221-650632
2025-09-23;07:08:29;AL  ;Minor ;ENodeBFunction=1;External Link Failure;X2 link problem to one or several neighbouring eNodeBs. AI: PLMN ID-eNB ID 1 = 2221-650632
2025-09-23;10:33:56;AL  ;Minor ;EUtraNetwork=1,ExternalENodeBFunction=2221-213188;Inter Node Carrier Aggregation Service Unavailable;Elastic RAN Carrier Aggregation is not available towards remote eNodeB.
2025-09-23;12:18:04;AL  ;Cleared;EUtraNetwork=1,ExternalENodeBFunction=2221-400797;Inter Node Feature Incompatibility;Elastic RAN feature is not activated in remote eNodeB. SUPPRESSED
2025-09-23;16:17:46;AL  ;Minor ;ENodeBFunction=1;External Link Failure;X2 link problem to one or several neighbouring eNodeBs. AI: PLMN ID-eNB ID 1 = 2221-650632 PLMN ID-eNB ID 2 = 2221-650148
2025-09-23;19:06:59;AL  ;Minor ;EUtraNetwork=1,ExternalENodeBFunction=2221-400797;Inter Node Feature Incompatibility;Elastic RAN feature is not activated in remote eNodeB. SUPPRESSED
2025-09-23;20:26:14;AL  ;Minor ;ENodeBFunction=1;External Link Failure;X2 link problem to one or several neighbouring eNodeBs. AI: PLMN ID-eNB ID 1 = 2221-650632
2025-09-24;15:33:56;AL  ;Minor ;EUtraNetwork=1,ExternalENodeBFunction=2221-209584;Inter Node Carrier Aggregation Service Unavailable;Elastic RAN Carrier Aggregation is not available towards remote eNodeB.
2025-09-24;22:15:03;AL  ;Minor ;EUtraNetwork=1,ExternalENodeBFunction=2221-650526;Inter Node Carrier Aggregation Service Unavailable;Elastic RAN Carrier Aggregation is not available towards remote eNodeB.
2025-09-24;22:15:07;AL  ;Minor ;EUtraNetwork=1,ExternalENodeBFunction=2221-209045;Inter Node Carrier Aggregation Service Unavailable;Elastic RAN Carrier Aggregation is not available towards remote eNodeB.
2025-09-24;22:15:58;AL  ;Minor ;EUtraNetwork=1,ExternalENodeBFunction=2221-650646;Inter Node Carrier Aggregation Service Unavailable;Elastic RAN Carrier Aggregation is not available towards remote eNodeB.
2025-09-25;10:17:20;AL  ;Minor ;ENodeBFunction=1;External Link Failure;X2 link problem to one or several neighbouring eNodeBs. AI: PLMN ID-eNB ID 1 = 2221-650632 PLMN ID-eNB ID 2 = 2221-210129
2025-09-25;10:37:24;AL  ;Cleared;EUtraNetwork=1,ExternalENodeBFunction=2221-209045;Inter Node Carrier Aggregation Service Unavailable;Elastic RAN Carrier Aggregation is not available towards remote eNodeB.
2025-09-25;10:37:28;AL  ;Cleared;EUtraNetwork=1,ExternalENodeBFunction=2221-650646;Inter Node Carrier Aggregation Service Unavailable;Elastic RAN Carrier Aggregation is not available towards remote eNodeB.
2025-09-25;10:42:49;AL  ;Minor ;EUtraNetwork=1,ExternalENodeBFunction=2221-650646;Inter Node Carrier Aggregation Service Unavailable;Elastic RAN Carrier Aggregation is not available towards remote eNodeB.
2025-09-25;11:57:15;AL  ;Minor ;ENodeBFunction=1;External Link Failure;X2 link problem to one or several neighbouring eNodeBs. AI: PLMN ID-eNB ID 1 = 2221-650632
2025-09-25;16:33:57;AL  ;Minor ;EUtraNetwork=1,ExternalENodeBFunction=2221-207301;Inter Node Carrier Aggregation Service Unavailable;Elastic RAN Carrier Aggregation is not available towards remote eNodeB.
2025-09-26;06:02:02;AL  ;Minor ;EUtraNetwork=1,ExternalENodeBFunction=2221-650793;Inter Node Carrier Aggregation Service Unavailable;Elastic RAN Carrier Aggregation is not available towards remote eNodeB.
2025-09-26;12:54:45;AL  ;Cleared;ENodeBFunction=1;External Link Failure;X2 link problem to one or several neighbouring eNodeBs. AI: PLMN ID-eNB ID 1 = 2221-650632
2025-09-26;13:05:30;AL  ;Minor ;ENodeBFunction=1;External Link Failure;X2 link problem to one or several neighbouring eNodeBs. AI: PLMN ID-eNB ID 1 = 2221-650632
2025-09-26;13:17:05;AL  ;Cleared;ENodeBFunction=1;External Link Failure;X2 link problem to one or several neighbouring eNodeBs. AI: PLMN ID-eNB ID 1 = 2221-650632
2025-09-26;21:02:48;AL  ;Cleared;EUtraNetwork=1,ExternalENodeBFunction=2221-400797;Inter Node Feature Incompatibility;Elastic RAN feature is not activated in remote eNodeB. SUPPRESSED
2025-09-26;21:03:51;AL  ;Minor ;EUtraNetwork=1,ExternalENodeBFunction=2221-400797;Inter Node Feature Incompatibility;Elastic RAN feature is not activated in remote eNodeB. SUPPRESSED
2025-09-26;21:28:23;AL  ;Minor ;EUtraNetwork=1,ExternalENodeBFunction=2221-650480;Inter Node Carrier Aggregation Service Unavailable;Elastic RAN Carrier Aggregation is not available towards remote eNodeB.
2025-09-27;00:25:00;AL  ;Cleared;EUtraNetwork=1,ExternalENodeBFunction=2221-400797;Inter Node Feature Incompatibility;Elastic RAN feature is not activated in remote eNodeB. SUPPRESSED
2025-09-27;00:34:34;AL  ;Minor ;ENodeBFunction=1;External Link Failure;X2 link problem to one or several neighbouring eNodeBs. AI: PLMN ID-eNB ID 1 = 2221-400797
2025-09-27;06:51:30;AL  ;Cleared;ENodeBFunction=1;External Link Failure;X2 link problem to one or several neighbouring eNodeBs. AI: PLMN ID-eNB ID 1 = 2221-400797
2025-09-27;08:05:58;AL  ;Minor ;ENodeBFunction=1;External Link Failure;X2 link problem to one or several neighbouring eNodeBs. AI: PLMN ID-eNB ID 1 = 2221-600315
2025-09-27;08:09:41;AL  ;Cleared;ENodeBFunction=1;External Link Failure;X2 link problem to one or several neighbouring eNodeBs. AI: PLMN ID-eNB ID 1 = 2221-600315
2025-09-27;11:06:07;AL  ;Minor ;ENodeBFunction=1;External Link Failure;X2 link problem to one or several neighbouring eNodeBs. AI: PLMN ID-eNB ID 1 = 2221-650300
2025-09-27;11:10:08;AL  ;Minor ;ENodeBFunction=1;External Link Failure;X2 link problem to one or several neighbouring eNodeBs. AI: PLMN ID-eNB ID 1 = 2221-650300 PLMN ID-eNB ID 2 = 2221-210129
2025-09-27;11:22:08;AL  ;Minor ;ENodeBFunction=1;External Link Failure;X2 link problem to one or several neighbouring eNodeBs. AI: PLMN ID-eNB ID 1 = 2221-650300 PLMN ID-eNB ID 2 = 2221-210129 PLMN ID-eNB ID 3 = 2221-650655
2025-09-27;19:06:59;AL  ;Minor ;EUtraNetwork=1,ExternalENodeBFunction=2221-400797;Inter Node Feature Incompatibility;Elastic RAN feature is not activated in remote eNodeB. SUPPRESSED
2025-09-28;07:02:43;AL  ;Cleared;EUtraNetwork=1,ExternalENodeBFunction=2221-209584;Inter Node Carrier Aggregation Service Unavailable;Elastic RAN Carrier Aggregation is not available towards remote eNodeB.
2025-09-28;07:03:45;AL  ;Minor ;EUtraNetwork=1,ExternalENodeBFunction=2221-209584;Inter Node Carrier Aggregation Service Unavailable;Elastic RAN Carrier Aggregation is not available towards remote eNodeB.
2025-09-28;07:04:40;AL  ;Cleared;EUtraNetwork=1,ExternalENodeBFunction=2221-650480;Inter Node Carrier Aggregation Service Unavailable;Elastic RAN Carrier Aggregation is not available towards remote eNodeB.
2025-09-28;07:05:47;AL  ;Minor ;EUtraNetwork=1,ExternalENodeBFunction=2221-650480;Inter Node Carrier Aggregation Service Unavailable;Elastic RAN Carrier Aggregation is not available towards remote eNodeB.
2025-09-28;07:22:37;AL  ;Cleared;EUtraNetwork=1,ExternalENodeBFunction=2221-207301;Inter Node Carrier Aggregation Service Unavailable;Elastic RAN Carrier Aggregation is not available towards remote eNodeB.
2025-09-28;07:22:39;AL  ;Minor ;EUtraNetwork=1,ExternalENodeBFunction=2221-209045;Inter Node Carrier Aggregation Service Unavailable;Elastic RAN Carrier Aggregation is not available towards remote eNodeB.
2025-09-28;07:23:17;AL  ;Cleared;EUtraNetwork=1,ExternalENodeBFunction=2221-650409;Inter Node Carrier Aggregation Service Unavailable;Elastic RAN Carrier Aggregation is not available towards remote eNodeB.
2025-09-28;07:23:39;AL  ;Minor ;EUtraNetwork=1,ExternalENodeBFunction=2221-207301;Inter Node Carrier Aggregation Service Unavailable;Elastic RAN Carrier Aggregation is not available towards remote eNodeB.
2025-09-28;07:24:19;AL  ;Minor ;EUtraNetwork=1,ExternalENodeBFunction=2221-650409;Inter Node Carrier Aggregation Service Unavailable;Elastic RAN Carrier Aggregation is not available towards remote eNodeB.
2025-09-28;07:53:31;AL  ;Cleared;EUtraNetwork=1,ExternalENodeBFunction=2221-650472;Inter Node Carrier Aggregation Service Unavailable;Elastic RAN Carrier Aggregation is not available towards remote eNodeB.
2025-09-28;08:01:12;AL  ;Cleared;EUtraNetwork=1,ExternalENodeBFunction=2221-213188;Inter Node Carrier Aggregation Service Unavailable;Elastic RAN Carrier Aggregation is not available towards remote eNodeB.
2025-09-28;08:02:09;AL  ;Minor ;EUtraNetwork=1,ExternalENodeBFunction=2221-213187;Inter Node Carrier Aggregation Service Unavailable;Elastic RAN Carrier Aggregation is not available towards remote eNodeB.
2025-09-28;08:02:15;AL  ;Minor ;EUtraNetwork=1,ExternalENodeBFunction=2221-213188;Inter Node Carrier Aggregation Service Unavailable;Elastic RAN Carrier Aggregation is not available towards remote eNodeB.
2025-09-28;08:02:42;AL  ;Cleared;EUtraNetwork=1,ExternalENodeBFunction=2221-208417;Inter Node Carrier Aggregation Service Unavailable;Elastic RAN Carrier Aggregation is not available towards remote eNodeB.
2025-09-28;08:03:03;AL  ;Cleared;EUtraNetwork=1,ExternalENodeBFunction=2221-650526;Inter Node Carrier Aggregation Service Unavailable;Elastic RAN Carrier Aggregation is not available towards remote eNodeB.
2025-09-28;08:03:24;AL  ;Minor ;EUtraNetwork=1,ExternalENodeBFunction=2221-650526;Inter Node Carrier Aggregation Service Unavailable;Elastic RAN Carrier Aggregation is not available towards remote eNodeB.
2025-09-28;08:03:47;AL  ;Minor ;EUtraNetwork=1,ExternalENodeBFunction=2221-208417;Inter Node Carrier Aggregation Service Unavailable;Elastic RAN Carrier Aggregation is not available towards remote eNodeB.
2025-09-28;08:09:46;AL  ;Cleared;EUtraNetwork=1,ExternalENodeBFunction=2221-650526;Inter Node Carrier Aggregation Service Unavailable;Elastic RAN Carrier Aggregation is not available towards remote eNodeB.
2025-09-28;08:09:47;AL  ;Cleared;ENodeBFunction=1;External Link Failure;X2 link problem to one or several neighbouring eNodeBs. AI: PLMN ID-eNB ID 1 = 2221-650300 PLMN ID-eNB ID 2 = 2221-210129 PLMN ID-eNB ID 3 = 2221-650655
2025-09-28;08:09:56;AL  ;Cleared;EUtraNetwork=1,ExternalENodeBFunction=2221-650646;Inter Node Carrier Aggregation Service Unavailable;Elastic RAN Carrier Aggregation is not available towards remote eNodeB.
2025-09-28;08:10:06;AL  ;Cleared;EUtraNetwork=1,ExternalENodeBFunction=2221-213187;Inter Node Carrier Aggregation Service Unavailable;Elastic RAN Carrier Aggregation is not available towards remote eNodeB.
2025-09-28;08:10:15;AL  ;Cleared;EUtraNetwork=1,ExternalENodeBFunction=2221-650480;Inter Node Carrier Aggregation Service Unavailable;Elastic RAN Carrier Aggregation is not available towards remote eNodeB.
2025-09-28;08:10:17;AL  ;Minor ;EUtraNetwork=1,ExternalENodeBFunction=2221-650646;Inter Node Carrier Aggregation Service Unavailable;Elastic RAN Carrier Aggregation is not available towards remote eNodeB.
2025-09-28;08:10:22;AL  ;Cleared;EUtraNetwork=1,ExternalENodeBFunction=2221-209045;Inter Node Carrier Aggregation Service Unavailable;Elastic RAN Carrier Aggregation is not available towards remote eNodeB.
2025-09-28;08:10:30;AL  ;Cleared;EUtraNetwork=1,ExternalENodeBFunction=2221-213188;Inter Node Carrier Aggregation Service Unavailable;Elastic RAN Carrier Aggregation is not available towards remote eNodeB.
2025-09-28;08:10:35;AL  ;Cleared;EUtraNetwork=1,ExternalENodeBFunction=2221-208417;Inter Node Carrier Aggregation Service Unavailable;Elastic RAN Carrier Aggregation is not available towards remote eNodeB.
2025-09-28;08:10:41;AL  ;Cleared;EUtraNetwork=1,ExternalENodeBFunction=2221-650793;Inter Node Carrier Aggregation Service Unavailable;Elastic RAN Carrier Aggregation is not available towards remote eNodeB.
2025-09-28;08:10:46;AL  ;Cleared;EUtraNetwork=1,ExternalENodeBFunction=2221-650409;Inter Node Carrier Aggregation Service Unavailable;Elastic RAN Carrier Aggregation is not available towards remote eNodeB.
2025-09-28;08:10:53;AL  ;Cleared;EUtraNetwork=1,ExternalENodeBFunction=2221-209584;Inter Node Carrier Aggregation Service Unavailable;Elastic RAN Carrier Aggregation is not available towards remote eNodeB.
2025-09-28;08:10:57;AL  ;Cleared;EUtraNetwork=1,ExternalENodeBFunction=2221-207301;Inter Node Carrier Aggregation Service Unavailable;Elastic RAN Carrier Aggregation is not available towards remote eNodeB.
2025-09-28;08:11:10;AL  ;Minor ;EUtraNetwork=1,ExternalENodeBFunction=2221-209045;Inter Node Carrier Aggregation Service Unavailable;Elastic RAN Carrier Aggregation is not available towards remote eNodeB.
2025-09-28;08:19:01;AL  ;Cleared;EUtraNetwork=1,ExternalENodeBFunction=2221-209045;Inter Node Carrier Aggregation Service Unavailable;Elastic RAN Carrier Aggregation is not available towards remote eNodeB.
2025-09-28;08:19:18;AL  ;Cleared;EUtraNetwork=1,ExternalENodeBFunction=2221-650646;Inter Node Carrier Aggregation Service Unavailable;Elastic RAN Carrier Aggregation is not available towards remote eNodeB.
2025-09-28;09:01:42;AL  ;Cleared;EUtraNetwork=1,ExternalENodeBFunction=2221-400797;Inter Node Feature Incompatibility;Elastic RAN feature is not activated in remote eNodeB. SUPPRESSED
2025-09-28;19:08:59;AL  ;Minor ;EUtraNetwork=1,ExternalENodeBFunction=2221-400797;Inter Node Feature Incompatibility;Elastic RAN feature is not activated in remote eNodeB. SUPPRESSED
2025-09-28;23:24:06;AL  ;Minor ;ENodeBFunction=1;External Link Failure;X2 link problem to one or several neighbouring eNodeBs. AI: PLMN ID-eNB ID 1 = 2221-600617
2025-09-28;23:30:26;AL  ;Cleared;ENodeBFunction=1;External Link Failure;X2 link problem to one or several neighbouring eNodeBs. AI: PLMN ID-eNB ID 1 = 2221-600617
2025-09-29;07:33:56;AL  ;Minor ;EUtraNetwork=1,ExternalENodeBFunction=2221-208417;Inter Node Carrier Aggregation Service Unavailable;Elastic RAN Carrier Aggregation is not available towards remote eNodeB.
2025-09-29;08:45:48;AL  ;Minor ;ENodeBFunction=1;External Link Failure;X2 link problem to one or several neighbouring eNodeBs. AI: PLMN ID-eNB ID 1 = 2221-214277
2025-09-29;09:15:19;AL  ;Minor ;ENodeBFunction=1;External Link Failure;X2 link problem to one or several neighbouring eNodeBs. AI: PLMN ID-eNB ID 1 = 2221-214277 PLMN ID-eNB ID 2 = 2221-400549
2025-09-29;10:44:09;AL  ;Minor ;ENodeBFunction=1;External Link Failure;X2 link problem to one or several neighbouring eNodeBs. AI: PLMN ID-eNB ID 1 = 2221-400549
2025-09-29;13:04:16;AL  ;Minor ;EUtraNetwork=1,ExternalENodeBFunction=2221-650472;Inter Node Carrier Aggregation Service Unavailable;Elastic RAN Carrier Aggregation is not available towards remote eNodeB.
2025-09-29;16:33:57;AL  ;Minor ;EUtraNetwork=1,ExternalENodeBFunction=2221-650480;Inter Node Carrier Aggregation Service Unavailable;Elastic RAN Carrier Aggregation is not available towards remote eNodeB.
2025-09-30;00:27:33;AL  ;Minor ;EUtraNetwork=1,ExternalENodeBFunction=2221-650409;Inter Node Carrier Aggregation Service Unavailable;Elastic RAN Carrier Aggregation is not available towards remote eNodeB.
2025-09-30;02:14:34;AL  ;Cleared;EUtraNetwork=1,ExternalENodeBFunction=2221-400797;Inter Node Feature Incompatibility;Elastic RAN feature is not activated in remote eNodeB. SUPPRESSED
2025-09-30;02:24:07;AL  ;Minor ;ENodeBFunction=1;External Link Failure;X2 link problem to one or several neighbouring eNodeBs. AI: PLMN ID-eNB ID 1 = 2221-400549 PLMN ID-eNB ID 2 = 2221-400797
2025-09-30;08:58:48;AL  ;Minor ;ENodeBFunction=1;External Link Failure;X2 link problem to one or several neighbouring eNodeBs. AI: PLMN ID-eNB ID 1 = 2221-400549 PLMN ID-eNB ID 2 = 2221-400797 PLMN ID-eNB ID 3 = 2221-650220
2025-09-30;11:27:29;AL  ;Minor ;ENodeBFunction=1;External Link Failure;X2 link problem to one or several neighbouring eNodeBs. AI: PLMN ID-eNB ID 1 = 2221-400549 PLMN ID-eNB ID 2 = 2221-650220
2025-09-30;11:33:56;AL  ;Minor ;EUtraNetwork=1,ExternalENodeBFunction=2221-213188;Inter Node Carrier Aggregation Service Unavailable;Elastic RAN Carrier Aggregation is not available towards remote eNodeB.
2025-09-30;13:01:01;AL  ;Minor ;ENodeBFunction=1;External Link Failure;X2 link problem to one or several neighbouring eNodeBs. AI: PLMN ID-eNB ID 1 = 2221-400549
2025-09-30;19:06:59;AL  ;Minor ;EUtraNetwork=1,ExternalENodeBFunction=2221-400797;Inter Node Feature Incompatibility;Elastic RAN feature is not activated in remote eNodeB. SUPPRESSED
2025-10-01;06:38:20;AL  ;Cleared;EUtraNetwork=1,ExternalENodeBFunction=2221-400797;Inter Node Feature Incompatibility;Elastic RAN feature is not activated in remote eNodeB. SUPPRESSED
2025-10-01;09:52:35;AL  ;Cleared;EUtraNetwork=1,ExternalENodeBFunction=2221-208417;Inter Node Carrier Aggregation Service Unavailable;Elastic RAN Carrier Aggregation is not available towards remote eNodeB.
2025-10-01;09:52:43;AL  ;Minor ;EUtraNetwork=1,ExternalENodeBFunction=2221-650646;Inter Node Carrier Aggregation Service Unavailable;Elastic RAN Carrier Aggregation is not available towards remote eNodeB.
2025-10-01;09:53:07;AL  ;Minor ;EUtraNetwork=1,ExternalENodeBFunction=2221-208417;Inter Node Carrier Aggregation Service Unavailable;Elastic RAN Carrier Aggregation is not available towards remote eNodeB.
2025-10-01;09:53:25;AL  ;Cleared;EUtraNetwork=1,ExternalENodeBFunction=2221-208417;Inter Node Carrier Aggregation Service Unavailable;Elastic RAN Carrier Aggregation is not available towards remote eNodeB.
2025-10-01;09:53:58;AL  ;Minor ;EUtraNetwork=1,ExternalENodeBFunction=2221-208417;Inter Node Carrier Aggregation Service Unavailable;Elastic RAN Carrier Aggregation is not available towards remote eNodeB.
2025-10-01;09:54:01;AL  ;Minor ;EUtraNetwork=1,ExternalENodeBFunction=2221-650526;Inter Node Carrier Aggregation Service Unavailable;Elastic RAN Carrier Aggregation is not available towards remote eNodeB.
2025-10-01;09:54:17;AL  ;Cleared;EUtraNetwork=1,ExternalENodeBFunction=2221-208417;Inter Node Carrier Aggregation Service Unavailable;Elastic RAN Carrier Aggregation is not available towards remote eNodeB.
2025-10-01;09:54:17;AL  ;Cleared;EUtraNetwork=1,ExternalENodeBFunction=2221-650526;Inter Node Carrier Aggregation Service Unavailable;Elastic RAN Carrier Aggregation is not available towards remote eNodeB.
2025-10-01;09:55:26;AL  ;Minor ;EUtraNetwork=1,ExternalENodeBFunction=2221-208417;Inter Node Carrier Aggregation Service Unavailable;Elastic RAN Carrier Aggregation is not available towards remote eNodeB.
2025-10-01;09:55:27;AL  ;Minor ;EUtraNetwork=1,ExternalENodeBFunction=2221-650526;Inter Node Carrier Aggregation Service Unavailable;Elastic RAN Carrier Aggregation is not available towards remote eNodeB.
2025-10-01;09:58:15;AL  ;Cleared;EUtraNetwork=1,ExternalENodeBFunction=2221-650526;Inter Node Carrier Aggregation Service Unavailable;Elastic RAN Carrier Aggregation is not available towards remote eNodeB.
2025-10-01;09:58:28;AL  ;Cleared;EUtraNetwork=1,ExternalENodeBFunction=2221-208417;Inter Node Carrier Aggregation Service Unavailable;Elastic RAN Carrier Aggregation is not available towards remote eNodeB.
2025-10-01;09:59:38;AL  ;Minor ;EUtraNetwork=1,ExternalENodeBFunction=2221-208417;Inter Node Carrier Aggregation Service Unavailable;Elastic RAN Carrier Aggregation is not available towards remote eNodeB.
2025-10-01;10:00:29;AL  ;Cleared;EUtraNetwork=1,ExternalENodeBFunction=2221-208417;Inter Node Carrier Aggregation Service Unavailable;Elastic RAN Carrier Aggregation is not available towards remote eNodeB.
2025-10-01;10:02:13;AL  ;Minor ;EUtraNetwork=1,ExternalENodeBFunction=2221-208417;Inter Node Carrier Aggregation Service Unavailable;Elastic RAN Carrier Aggregation is not available towards remote eNodeB.
2025-10-01;10:02:56;AL  ;Minor ;EUtraNetwork=1,ExternalENodeBFunction=2221-650526;Inter Node Carrier Aggregation Service Unavailable;Elastic RAN Carrier Aggregation is not available towards remote eNodeB.
2025-10-01;19:06:59;AL  ;Minor ;EUtraNetwork=1,ExternalENodeBFunction=2221-400797;Inter Node Feature Incompatibility;Elastic RAN feature is not activated in remote eNodeB. SUPPRESSED
2025-10-02;03:24:14;AL  ;Minor ;ENodeBFunction=1;External Link Failure;X2 link problem to one or several neighbouring eNodeBs. AI: PLMN ID-eNB ID 1 = 2221-400549 PLMN ID-eNB ID 2 = 2221-650726
2025-10-02;03:42:56;AL  ;Minor ;ENodeBFunction=1;External Link Failure;X2 link problem to one or several neighbouring eNodeBs. AI: PLMN ID-eNB ID 1 = 2221-400549
2025-10-02;04:00:41;AL  ;Minor ;ENodeBFunction=1;External Link Failure;X2 link problem to one or several neighbouring eNodeBs. AI: PLMN ID-eNB ID 1 = 2221-400549 PLMN ID-eNB ID 2 = 2221-650279
2025-10-02;04:03:11;AL  ;Minor ;ENodeBFunction=1;External Link Failure;X2 link problem to one or several neighbouring eNodeBs. AI: PLMN ID-eNB ID 1 = 2221-400549
2025-10-02;05:02:09;AL  ;Cleared;EUtraNetwork=1,ExternalENodeBFunction=2221-400797;Inter Node Feature Incompatibility;Elastic RAN feature is not activated in remote eNodeB. SUPPRESSED
2025-10-02;05:05:50;AL  ;Minor ;EUtraNetwork=1,ExternalENodeBFunction=2221-400797;Inter Node Feature Incompatibility;Elastic RAN feature is not activated in remote eNodeB. SUPPRESSED
2025-10-02;13:33:56;AL  ;Minor ;EUtraNetwork=1,ExternalENodeBFunction=2221-209584;Inter Node Carrier Aggregation Service Unavailable;Elastic RAN Carrier Aggregation is not available towards remote eNodeB.
2025-10-02;13:52:00;AL  ;Cleared;EUtraNetwork=1,ExternalENodeBFunction=2221-400797;Inter Node Feature Incompatibility;Elastic RAN feature is not activated in remote eNodeB. SUPPRESSED
2025-10-02;19:06:59;AL  ;Minor ;EUtraNetwork=1,ExternalENodeBFunction=2221-400797;Inter Node Feature Incompatibility;Elastic RAN feature is not activated in remote eNodeB. SUPPRESSED
2025-10-03;05:00:21;AL  ;Minor ;ENodeBFunction=1;External Link Failure;X2 link problem to one or several neighbouring eNodeBs. AI: PLMN ID-eNB ID 1 = 2221-400549 PLMN ID-eNB ID 2 = 2221-650300 PLMN ID-eNB ID 3 = 2221-210129
2025-10-03;06:02:02;AL  ;Minor ;EUtraNetwork=1,ExternalENodeBFunction=2221-650793;Inter Node Carrier Aggregation Service Unavailable;Elastic RAN Carrier Aggregation is not available towards remote eNodeB.
2025-10-03;07:38:49;AL  ;Minor ;ENodeBFunction=1;External Link Failure;X2 link problem to one or several neighbouring eNodeBs. AI: PLMN ID-eNB ID 1 = 2221-400549 PLMN ID-eNB ID 2 = 2221-650300 PLMN ID-eNB ID 3 = 2221-210129 PLMN ID-eNB ID 4 = 2221-650254
2025-10-03;09:48:30;AL  ;Minor ;ENodeBFunction=1;External Link Failure;X2 link problem to one or several neighbouring eNodeBs. AI: PLMN ID-eNB ID 1 = 2221-400549 PLMN ID-eNB ID 2 = 2221-650300 PLMN ID-eNB ID 3 = 2221-210129 PLMN ID-eNB ID 4 = 2221-650254 PLMN ID-eNB ID 5 = 2221-650824
2025-10-03;10:23:45;AL  ;Minor ;ENodeBFunction=1;External Link Failure;X2 link problem to one or several neighbouring eNodeBs. AI: PLMN ID-eNB ID 1 = 2221-400549 PLMN ID-eNB ID 2 = 2221-650300 PLMN ID-eNB ID 3 = 2221-210129 PLMN ID-eNB ID 4 = 2221-650824
2025-10-03;12:45:42;AL  ;Minor ;ENodeBFunction=1;External Link Failure;X2 link problem to one or several neighbouring eNodeBs. AI: PLMN ID-eNB ID 1 = 2221-400549 PLMN ID-eNB ID 2 = 2221-650300 PLMN ID-eNB ID 3 = 2221-210129
2025-10-03;17:45:45;AL  ;Minor ;ENodeBFunction=1;External Link Failure;X2 link problem to one or several neighbouring eNodeBs. AI: PLMN ID-eNB ID 1 = 2221-400549 PLMN ID-eNB ID 2 = 2221-650300
2025-10-03;17:48:24;AL  ;Minor ;ENodeBFunction=1;External Link Failure;X2 link problem to one or several neighbouring eNodeBs. AI: PLMN ID-eNB ID 1 = 2221-400549
2025-10-04;07:48:25;AL  ;Cleared;EUtraNetwork=1,ExternalENodeBFunction=2221-400797;Inter Node Feature Incompatibility;Elastic RAN feature is not activated in remote eNodeB. SUPPRESSED
2025-10-04;19:19:59;AL  ;Minor ;EUtraNetwork=1,ExternalENodeBFunction=2221-400797;Inter Node Feature Incompatibility;Elastic RAN feature is not activated in remote eNodeB. SUPPRESSED
2025-10-04;20:38:36;AL  ;Cleared;EUtraNetwork=1,ExternalENodeBFunction=2221-400797;Inter Node Feature Incompatibility;Elastic RAN feature is not activated in remote eNodeB. SUPPRESSED
2025-10-04;20:48:09;AL  ;Minor ;ENodeBFunction=1;External Link Failure;X2 link problem to one or several neighbouring eNodeBs. AI: PLMN ID-eNB ID 1 = 2221-400549 PLMN ID-eNB ID 2 = 2221-400797
2025-10-05;07:02:36;AL  ;Cleared;EUtraNetwork=1,ExternalENodeBFunction=2221-209584;Inter Node Carrier Aggregation Service Unavailable;Elastic RAN Carrier Aggregation is not available towards remote eNodeB.
2025-10-05;07:03:38;AL  ;Minor ;EUtraNetwork=1,ExternalENodeBFunction=2221-209584;Inter Node Carrier Aggregation Service Unavailable;Elastic RAN Carrier Aggregation is not available towards remote eNodeB.
2025-10-05;07:04:58;AL  ;Cleared;EUtraNetwork=1,ExternalENodeBFunction=2221-650480;Inter Node Carrier Aggregation Service Unavailable;Elastic RAN Carrier Aggregation is not available towards remote eNodeB.
2025-10-05;07:06:00;AL  ;Minor ;EUtraNetwork=1,ExternalENodeBFunction=2221-650480;Inter Node Carrier Aggregation Service Unavailable;Elastic RAN Carrier Aggregation is not available towards remote eNodeB.
2025-10-05;07:20:24;AL  ;Cleared;EUtraNetwork=1,ExternalENodeBFunction=2221-650409;Inter Node Carrier Aggregation Service Unavailable;Elastic RAN Carrier Aggregation is not available towards remote eNodeB.
2025-10-05;07:21:26;AL  ;Minor ;EUtraNetwork=1,ExternalENodeBFunction=2221-650409;Inter Node Carrier Aggregation Service Unavailable;Elastic RAN Carrier Aggregation is not available towards remote eNodeB.
2025-10-05;07:47:55;AL  ;Cleared;EUtraNetwork=1,ExternalENodeBFunction=2221-650472;Inter Node Carrier Aggregation Service Unavailable;Elastic RAN Carrier Aggregation is not available towards remote eNodeB.
2025-10-05;07:53:35;AL  ;Minor ;EUtraNetwork=1,ExternalENodeBFunction=2221-209002;Inter Node Carrier Aggregation Service Unavailable;Elastic RAN Carrier Aggregation is not available towards remote eNodeB.
2025-10-05;07:55:00;AL  ;Cleared;EUtraNetwork=1,ExternalENodeBFunction=2221-213188;Inter Node Carrier Aggregation Service Unavailable;Elastic RAN Carrier Aggregation is not available towards remote eNodeB.
2025-10-05;07:56:03;AL  ;Minor ;EUtraNetwork=1,ExternalENodeBFunction=2221-213188;Inter Node Carrier Aggregation Service Unavailable;Elastic RAN Carrier Aggregation is not available towards remote eNodeB.
2025-10-05;07:56:04;AL  ;Minor ;EUtraNetwork=1,ExternalENodeBFunction=2221-213187;Inter Node Carrier Aggregation Service Unavailable;Elastic RAN Carrier Aggregation is not available towards remote eNodeB.
2025-10-05;07:56:21;AL  ;Cleared;EUtraNetwork=1,ExternalENodeBFunction=2221-208417;Inter Node Carrier Aggregation Service Unavailable;Elastic RAN Carrier Aggregation is not available towards remote eNodeB.
2025-10-05;07:56:47;AL  ;Cleared;EUtraNetwork=1,ExternalENodeBFunction=2221-650526;Inter Node Carrier Aggregation Service Unavailable;Elastic RAN Carrier Aggregation is not available towards remote eNodeB.
2025-10-05;07:57:00;AL  ;Minor ;EUtraNetwork=1,ExternalENodeBFunction=2221-650526;Inter Node Carrier Aggregation Service Unavailable;Elastic RAN Carrier Aggregation is not available towards remote eNodeB.
2025-10-05;07:57:23;AL  ;Minor ;EUtraNetwork=1,ExternalENodeBFunction=2221-208417;Inter Node Carrier Aggregation Service Unavailable;Elastic RAN Carrier Aggregation is not available towards remote eNodeB.
2025-10-05;08:03:00;AL  ;Minor ;EUtraNetwork=1,ExternalENodeBFunction=2221-209045;Inter Node Carrier Aggregation Service Unavailable;Elastic RAN Carrier Aggregation is not available towards remote eNodeB.
2025-10-05;08:03:03;AL  ;Cleared;EUtraNetwork=1,ExternalENodeBFunction=2221-650526;Inter Node Carrier Aggregation Service Unavailable;Elastic RAN Carrier Aggregation is not available towards remote eNodeB.
2025-10-05;08:03:09;AL  ;Cleared;ENodeBFunction=1;External Link Failure;X2 link problem to one or several neighbouring eNodeBs. AI: PLMN ID-eNB ID 1 = 2221-400549 PLMN ID-eNB ID 2 = 2221-400797
2025-10-05;08:03:12;AL  ;Cleared;EUtraNetwork=1,ExternalENodeBFunction=2221-650646;Inter Node Carrier Aggregation Service Unavailable;Elastic RAN Carrier Aggregation is not available towards remote eNodeB.
2025-10-05;08:03:21;AL  ;Cleared;EUtraNetwork=1,ExternalENodeBFunction=2221-213187;Inter Node Carrier Aggregation Service Unavailable;Elastic RAN Carrier Aggregation is not available towards remote eNodeB.
2025-10-05;08:03:30;AL  ;Cleared;EUtraNetwork=1,ExternalENodeBFunction=2221-650480;Inter Node Carrier Aggregation Service Unavailable;Elastic RAN Carrier Aggregation is not available towards remote eNodeB.
2025-10-05;08:03:36;AL  ;Cleared;EUtraNetwork=1,ExternalENodeBFunction=2221-209002;Inter Node Carrier Aggregation Service Unavailable;Elastic RAN Carrier Aggregation is not available towards remote eNodeB.
2025-10-05;08:03:41;AL  ;Cleared;EUtraNetwork=1,ExternalENodeBFunction=2221-213188;Inter Node Carrier Aggregation Service Unavailable;Elastic RAN Carrier Aggregation is not available towards remote eNodeB.
2025-10-05;08:03:46;AL  ;Cleared;EUtraNetwork=1,ExternalENodeBFunction=2221-208417;Inter Node Carrier Aggregation Service Unavailable;Elastic RAN Carrier Aggregation is not available towards remote eNodeB.
2025-10-05;08:03:52;AL  ;Cleared;EUtraNetwork=1,ExternalENodeBFunction=2221-650793;Inter Node Carrier Aggregation Service Unavailable;Elastic RAN Carrier Aggregation is not available towards remote eNodeB.
2025-10-05;08:03:57;AL  ;Cleared;EUtraNetwork=1,ExternalENodeBFunction=2221-650409;Inter Node Carrier Aggregation Service Unavailable;Elastic RAN Carrier Aggregation is not available towards remote eNodeB.
2025-10-05;08:04:03;AL  ;Cleared;EUtraNetwork=1,ExternalENodeBFunction=2221-209584;Inter Node Carrier Aggregation Service Unavailable;Elastic RAN Carrier Aggregation is not available towards remote eNodeB.
2025-10-05;08:12:02;AL  ;Cleared;EUtraNetwork=1,ExternalENodeBFunction=2221-209045;Inter Node Carrier Aggregation Service Unavailable;Elastic RAN Carrier Aggregation is not available towards remote eNodeB.
2025-10-05;08:52:26;AL  ;Minor ;EUtraNetwork=1,ExternalENodeBFunction=2221-650646;Inter Node Carrier Aggregation Service Unavailable;Elastic RAN Carrier Aggregation is not available towards remote eNodeB.
2025-10-05;15:44:05;AL  ;Minor ;ENodeBFunction=1;External Link to GNodeB Failure;X2 link problem to one or several neighbouring gNodeBs. AI: PLMN ID-gNB ID 1 = 2221-1053439
2025-10-05;15:59:07;AL  ;Cleared;ENodeBFunction=1;External Link to GNodeB Failure;X2 link problem to one or several neighbouring gNodeBs. AI: PLMN ID-gNB ID 1 = 2221-1053439
2025-10-05;16:06:15;AL  ;Minor ;ENodeBFunction=1;External Link to GNodeB Failure;X2 link problem to one or several neighbouring gNodeBs. AI: PLMN ID-gNB ID 1 = 2221-1054059
2025-10-05;16:06:21;AL  ;Minor ;ENodeBFunction=1;External Link Failure;X2 link problem to one or several neighbouring eNodeBs. AI: PLMN ID-eNB ID 1 = 2221-650397
2025-10-05;16:17:49;AL  ;Cleared;ENodeBFunction=1;External Link Failure;X2 link problem to one or several neighbouring eNodeBs. AI: PLMN ID-eNB ID 1 = 2221-650397
2025-10-05;16:18:06;AL  ;Cleared;ENodeBFunction=1;External Link to GNodeB Failure;X2 link problem to one or several neighbouring gNodeBs. AI: PLMN ID-gNB ID 1 = 2221-1054059
2025-10-05;17:05:23;AL  ;Minor ;ENodeBFunction=1;External Link to GNodeB Failure;X2 link problem to one or several neighbouring gNodeBs. AI: PLMN ID-gNB ID 1 = 2221-1054059
2025-10-05;17:06:41;AL  ;Cleared;ENodeBFunction=1;External Link to GNodeB Failure;X2 link problem to one or several neighbouring gNodeBs. AI: PLMN ID-gNB ID 1 = 2221-1054059
2025-10-05;18:33:57;AL  ;Minor ;EUtraNetwork=1,ExternalENodeBFunction=2221-208417;Inter Node Carrier Aggregation Service Unavailable;Elastic RAN Carrier Aggregation is not available towards remote eNodeB.
2025-10-05;19:42:17;AL  ;Cleared;EUtraNetwork=1,ExternalENodeBFunction=2221-650646;Inter Node Carrier Aggregation Service Unavailable;Elastic RAN Carrier Aggregation is not available towards remote eNodeB.
2025-10-05;20:16:58;AL  ;Minor ;ENodeBFunction=1;External Link Failure;X2 link problem to one or several neighbouring eNodeBs. AI: PLMN ID-eNB ID 1 = 2221-650726
2025-10-05;20:17:18;AL  ;Cleared;ENodeBFunction=1;External Link Failure;X2 link problem to one or several neighbouring eNodeBs. AI: PLMN ID-eNB ID 1 = 2221-650726
2025-10-05;21:07:02;AL  ;Minor ;EUtraNetwork=1,ExternalENodeBFunction=2221-650526;Inter Node Carrier Aggregation Service Unavailable;Elastic RAN Carrier Aggregation is not available towards remote eNodeB.
2025-10-05;21:33:57;AL  ;Minor ;EUtraNetwork=1,ExternalENodeBFunction=2221-213188;Inter Node Carrier Aggregation Service Unavailable;Elastic RAN Carrier Aggregation is not available towards remote eNodeB.
2025-10-06;00:56:24;AL  ;Minor ;EUtraNetwork=1,ExternalENodeBFunction=2221-650472;Inter Node Carrier Aggregation Service Unavailable;Elastic RAN Carrier Aggregation is not available towards remote eNodeB.
2025-10-06;02:04:10;AL  ;Minor ;ENodeBFunction=1;External Link Failure;X2 link problem to one or several neighbouring eNodeBs. AI: PLMN ID-eNB ID 1 = 2221-650746
2025-10-06;04:33:57;AL  ;Minor ;EUtraNetwork=1,ExternalENodeBFunction=2221-650409;Inter Node Carrier Aggregation Service Unavailable;Elastic RAN Carrier Aggregation is not available towards remote eNodeB.
2025-10-06;07:42:22;AL  ;Cleared;EUtraNetwork=1,ExternalENodeBFunction=2221-650526;Inter Node Carrier Aggregation Service Unavailable;Elastic RAN Carrier Aggregation is not available towards remote eNodeB.
2025-10-06;07:42:30;AL  ;Cleared;EUtraNetwork=1,ExternalENodeBFunction=2221-208417;Inter Node Carrier Aggregation Service Unavailable;Elastic RAN Carrier Aggregation is not available towards remote eNodeB.
2025-10-06;07:51:56;AL  ;Minor ;ENodeBFunction=1;External Link Failure;X2 link problem to one or several neighbouring eNodeBs. AI: PLMN ID-eNB ID 1 = 2221-650746 PLMN ID-eNB ID 2 = 2221-650526 PLMN ID-eNB ID 3 = 2221-208417
2025-10-06;07:52:24;AL  ;Minor ;ENodeBFunction=1;External Link to GNodeB Failure;X2 link problem to one or several neighbouring gNodeBs. AI: PLMN ID-gNB ID 1 = 2221-1055492
2025-10-06;07:52:59;AL  ;Minor ;ENodeBFunction=1;External Link Failure;X2 link problem to one or several neighbouring eNodeBs. AI: PLMN ID-eNB ID 1 = 2221-650746 PLMN ID-eNB ID 2 = 2221-650526 PLMN ID-eNB ID 3 = 2221-208417 PLMN ID-eNB ID 4 = 2221-213328 PLMN ID-eNB ID 5 = 2221-650496
2025-10-06;08:02:45;AL  ;Minor ;ENodeBFunction=1;External Link Failure;X2 link problem to one or several neighbouring eNodeBs. AI: PLMN ID-eNB ID 1 = 2221-650746 PLMN ID-eNB ID 2 = 2221-650526 PLMN ID-eNB ID 3 = 2221-208417
2025-10-06;08:23:18;AL  ;Minor ;ENodeBFunction=1;External Link Failure;X2 link problem to one or several neighbouring eNodeBs. AI: PLMN ID-eNB ID 1 = 2221-650746 PLMN ID-eNB ID 2 = 2221-650526 PLMN ID-eNB ID 3 = 2221-208417 PLMN ID-eNB ID 4 = 2221-213328
2025-10-06;08:42:51;AL  ;Minor ;EUtraNetwork=1,ExternalENodeBFunction=2221-208417;Inter Node Carrier Aggregation Service Unavailable;Elastic RAN Carrier Aggregation is not available towards remote eNodeB.
2025-10-06;08:43:04;AL  ;Minor ;ENodeBFunction=1;External Link Failure;X2 link problem to one or several neighbouring eNodeBs. AI: PLMN ID-eNB ID 1 = 2221-650746 PLMN ID-eNB ID 2 = 2221-650526 PLMN ID-eNB ID 3 = 2221-213328 PLMN ID-eNB ID 4 = 2221-650496
2025-10-06;08:43:08;AL  ;Minor ;EUtraNetwork=1,ExternalENodeBFunction=2221-650526;Inter Node Carrier Aggregation Service Unavailable;Elastic RAN Carrier Aggregation is not available towards remote eNodeB.
2025-10-06;08:43:21;AL  ;Cleared;ENodeBFunction=1;External Link to GNodeB Failure;X2 link problem to one or several neighbouring gNodeBs. AI: PLMN ID-gNB ID 1 = 2221-1055492
2025-10-06;09:14:19;AL  ;Minor ;ENodeBFunction=1;External Link Failure;X2 link problem to one or several neighbouring eNodeBs. AI: PLMN ID-eNB ID 1 = 2221-650746
2025-10-06;09:31:39;AL  ;Cleared;ENodeBFunction=1;External Link Failure;X2 link problem to one or several neighbouring eNodeBs. AI: PLMN ID-eNB ID 1 = 2221-650746
2025-10-06;10:33:57;AL  ;Minor ;EUtraNetwork=1,ExternalENodeBFunction=2221-650480;Inter Node Carrier Aggregation Service Unavailable;Elastic RAN Carrier Aggregation is not available towards remote eNodeB.
2025-10-07;09:33:57;AL  ;Minor ;EUtraNetwork=1,ExternalENodeBFunction=2221-207301;Inter Node Carrier Aggregation Service Unavailable;Elastic RAN Carrier Aggregation is not available towards remote eNodeB.
2025-10-07;10:11:00;AL  ;Minor ;ENodeBFunction=1;External Link Failure;X2 link problem to one or several neighbouring eNodeBs. AI: PLMN ID-eNB ID 1 = 2221-650220


CZ4AE> lgec -m 30d

251007-12:14:32+0200 19.31.10.207 25.0h MSRBS_NODE_MODEL_25.Q1_198665.224.73_bf81 stopfile=/tmp/1184556

Startdate=20250907.101432, Enddate=20251008.101432
Date;Time;Log;Severity;Object;Event;Cause;AdditionalText;AckState;Id;NotificationId;CorrelatedAlarms
Executing action Log.export()
..
Log=AlertLog                    actionId=62016
..........
=================================================================================================================
MO                  actionId result      resultInfo
=================================================================================================================
LogM=1,Log=AlertLog 62016    1 (SUCCESS)           
cat  /ericsson/log/amos/moshell_logfiles/t20251007_37258710_53697/logs_moshell/tempfiles/scp-2-amos_20251007-121331_1184478/rcslogs/AlertLog_20220916__082338.log > /ericsson/log/amos/moshell_logfiles/t20251007_37258710_53697/logs_moshell/tempfiles/scp-2-amos_20251007-121331_1184478/eventLog1184556.xml
2025-09-09;12:38:06;EV  ;Warning;RiLink=S112-1;Radio Interface Connectivity Disturbance Alert;Near end port:FieldReplaceableUnit=BB-1,RiPort=F (transportType=NOT_SET). SUPPRESSED
2025-09-11;08:08:15;EV  ;Warning;RiLink=S110-1;Radio Interface Connectivity Disturbance Alert;Near end port:FieldReplaceableUnit=BB-1,RiPort=D (transportType=NOT_SET). SUPPRESSED
2025-09-11;08:51:04;EV  ;Warning;RiLink=S213-1;Radio Interface Connectivity Disturbance Alert;Near end port:FieldReplaceableUnit=BB-1,RiPort=H (transportType=NOT_SET) (Mixed Mode with other ME). SUPPRESSED
2025-09-11;08:51:04;EV  ;Warning;RiLink=S212-1;Radio Interface Connectivity Disturbance Alert;Near end port:FieldReplaceableUnit=BB-1,RiPort=C (transportType=NOT_SET) (Mixed Mode with other ME). SUPPRESSED
2025-09-11;08:51:04;EV  ;Warning;RiLink=S210-1;Radio Interface Connectivity Disturbance Alert;Near end port:FieldReplaceableUnit=BB-1,RiPort=A (transportType=NOT_SET) (Mixed Mode with other ME). SUPPRESSED
2025-09-11;08:51:05;EV  ;Warning;RiLink=S211-1;Radio Interface Connectivity Disturbance Alert;Near end port:FieldReplaceableUnit=BB-1,RiPort=B (transportType=NOT_SET) (Mixed Mode with other ME). SUPPRESSED
2025-09-11;13:28:01;EV  ;Warning;ManagedElement=CZ4AE;System Restart Alert;Requested Restart Category: Other, Requested Restart Type: Power, Performed Restart Category: Other, Performed Restart Type: Power. AI: SystemRestart=[{"RRC":"Other","RRT":"Power","PRC":"Other","PRT":"Power"}]
2025-09-11;13:28:09;EV  ;Warning;FieldReplaceableUnit=Radio-S210-1;Radio Restart Alert;Restart details are listed in Additional Information (Mixed Mode with other ME). AI: Restartdetails=[{"RC":"Other","RT":"Power On","ERI":"FALSE"}] :SUPPRESSED
2025-09-11;13:28:09;EV  ;Warning;FieldReplaceableUnit=Radio-S211-1;Radio Restart Alert;Restart details are listed in Additional Information (Mixed Mode with other ME). AI: Restartdetails=[{"RC":"Other","RT":"Power On","ERI":"FALSE"}] :SUPPRESSED
2025-09-11;13:28:10;EV  ;Warning;FieldReplaceableUnit=Radio-S212-1;Radio Restart Alert;Restart details are listed in Additional Information (Mixed Mode with other ME). AI: Restartdetails=[{"RC":"Other","RT":"Power On","ERI":"FALSE"}] :SUPPRESSED
2025-09-11;13:28:10;EV  ;Warning;FieldReplaceableUnit=Radio-S213-1;Radio Restart Alert;Restart details are listed in Additional Information (Mixed Mode with other ME). AI: Restartdetails=[{"RC":"Other","RT":"Power On","ERI":"FALSE"}] :SUPPRESSED
2025-09-11;13:28:16;EV  ;Warning;FieldReplaceableUnit=Radio-S111-1;Radio Restart Alert;Restart details are listed in Additional Information AI: Restartdetails=[{"RC":"Other","RT":"Power On","ERI":"FALSE"}] :SUPPRESSED
2025-09-11;13:28:17;EV  ;Warning;FieldReplaceableUnit=Radio-S112-1;Radio Restart Alert;Restart details are listed in Additional Information AI: Restartdetails=[{"RC":"Other","RT":"Power On","ERI":"FALSE"}] :SUPPRESSED
2025-09-11;13:28:18;EV  ;Warning;FieldReplaceableUnit=Radio-S113-1;Radio Restart Alert;Restart details are listed in Additional Information AI: Restartdetails=[{"RC":"Other","RT":"Power On","ERI":"FALSE"}] :SUPPRESSED
2025-09-11;13:33:28;EV  ;Warning;EUtranCellFDD=CZ4AE1;Cell Service Unavailable Auto Recovery Initiated Alert;
2025-09-11;13:33:28;EV  ;Warning;EUtranCellFDD=CZ4AE2;Cell Service Unavailable Auto Recovery Initiated Alert;
2025-09-11;13:33:28;EV  ;Warning;EUtranCellFDD=CZ4AE3;Cell Service Unavailable Auto Recovery Initiated Alert;
2025-09-11;13:33:29;EV  ;Warning;EUtranCellFDD=CZ4AE4;Cell Service Unavailable Auto Recovery Initiated Alert;
2025-09-11;13:33:30;EV  ;Warning;EUtranCellFDD=CZ4AT3;Cell Service Unavailable Auto Recovery Initiated Alert;
2025-09-11;13:33:30;EV  ;Warning;EUtranCellFDD=CZ4AT4;Cell Service Unavailable Auto Recovery Initiated Alert;
2025-09-11;13:33:50;EV  ;Warning;RiLink=S210-1;Radio Interface Connectivity Disturbance Alert;Near end port:FieldReplaceableUnit=BB-1,RiPort=A (transportType=NOT_SET) (Mixed Mode with other ME). SUPPRESSED
2025-09-11;13:33:50;EV  ;Warning;RiLink=S211-1;Radio Interface Connectivity Disturbance Alert;Near end port:FieldReplaceableUnit=BB-1,RiPort=B (transportType=NOT_SET) (Mixed Mode with other ME). SUPPRESSED
2025-09-11;13:33:50;EV  ;Warning;RiLink=S212-1;Radio Interface Connectivity Disturbance Alert;Near end port:FieldReplaceableUnit=BB-1,RiPort=C (transportType=NOT_SET) (Mixed Mode with other ME). SUPPRESSED
2025-09-11;13:33:50;EV  ;Warning;RiLink=S111-1;Radio Interface Connectivity Disturbance Alert;Near end port:FieldReplaceableUnit=BB-1,RiPort=E (transportType=NOT_SET). SUPPRESSED
2025-09-11;13:33:50;EV  ;Warning;RiLink=S112-1;Radio Interface Connectivity Disturbance Alert;Near end port:FieldReplaceableUnit=BB-1,RiPort=F (transportType=NOT_SET). SUPPRESSED
2025-09-11;13:33:50;EV  ;Warning;RiLink=S113-1;Radio Interface Connectivity Disturbance Alert;Near end port:FieldReplaceableUnit=BB-1,RiPort=G (transportType=NOT_SET). SUPPRESSED
2025-09-11;13:33:50;EV  ;Warning;RiLink=S213-1;Radio Interface Connectivity Disturbance Alert;Near end port:FieldReplaceableUnit=BB-1,RiPort=H (transportType=NOT_SET) (Mixed Mode with other ME). SUPPRESSED
2025-09-11;13:33:54;EV  ;Warning;EUtranCellFDD=CZ4AE4;Cell Service Available Auto Recovery Successful Alert;
2025-09-11;13:33:54;EV  ;Warning;EUtranCellFDD=CZ4AE2;Cell Service Available Auto Recovery Successful Alert;
2025-09-11;13:33:55;EV  ;Warning;EUtranCellFDD=CZ4AE3;Cell Service Available Auto Recovery Successful Alert;
2025-09-11;13:33:55;EV  ;Warning;EUtranCellFDD=CZ4AE1;Cell Service Available Auto Recovery Successful Alert;
2025-09-11;13:34:00;EV  ;Warning;EUtranCellFDD=CZ4AT4;Cell Service Available Auto Recovery Successful Alert;
2025-09-11;13:34:01;EV  ;Warning;EUtranCellFDD=CZ4AT3;Cell Service Available Auto Recovery Successful Alert;
2025-09-11;13:43:04;EV  ;Warning;FieldReplaceableUnit=Radio-S110-1;Radio Restart Alert;Restart details are listed in Additional Information AI: Restartdetails=[{"RC":"Other","RT":"Power On","ERI":"FALSE"}] :SUPPRESSED
2025-09-13;17:06:21;EV  ;Warning;RiLink=S210-1;Radio Interface Connectivity Disturbance Alert;Near end port:FieldReplaceableUnit=BB-1,RiPort=A (transportType=NOT_SET) (Mixed Mode with other ME). SUPPRESSED
2025-09-23;12:33:41;EV  ;Warning;RiLink=S112-1;Radio Interface Connectivity Disturbance Alert;Near end port:FieldReplaceableUnit=BB-1,RiPort=F (transportType=NOT_SET). SUPPRESSED

Bye...
Output has been logged to file /mta_fs/UserFiles/37258710/amosbatch/2025-10-07_11-07-01_53697/CZ4AE.log
