Logging to file /mta_fs/UserFiles/37258710/amosbatch/2025-10-07_11-07-01_53697/CZ4EE.log
                        __  __  ____   _____
                  /\   |  \/  |/ __ \ / ____|
                 /  \  | \  / | |  | | (___  
                / /\ \ | |\/| | |  | |\___ \ 
               / ____ \| |  | | |__| |____) |
              /_/    \_\_|  |_|\____/|_____/
              OSS Framework for MoShell-25.0h 
  Copyright (c) Ericsson AB 2001-2025 - All Rights Reserved
              
           
[1;31mWARNING: [0mthe AMOS version currently running is more than 22 weeks old and is unsupported.
Please upgrade as soon as possible to the latest released version, available from your local Ericsson support.

$amosrb_pid = 803722

Checking ip contact...OK

HELP MENU            : h
BASIC MO COMMANDS    : m
OTHER MO COMMANDS    : n
OTHER COMMANDS       : o
PM COMMANDS          : p
QUIT                 : q

CZ4EE> lt all

251007-11:27:42+0200 19.31.9.166 25.0h  stopfile=/tmp/803447
Looking up temporary_amos account... OK.
Trying temporary_amos_t20251007_37258710_53697_313's password from amos lookupAccount ... OK

$ssh_pid = 805044

Connected to 19.31.9.166 (SubNetwork=BBMM_rckomc_R,MeContext=CZ4EE,ManagedElement=CZ4EE)

Checking MOM version...MSRBS_NODE_MODEL_25.Q1_693.28324.131_62ac
Parsing MOM (cached): /ericsson/log/amos/moshell_logfiles/t20251007_37258710_53697/logs_moshell/tempfiles/scp-2-amos_20251007-112735_803383/MSRBS_NODE_MODEL_25.Q1_693.28324.131_62ac.xml.cache.gz ..................................................................................................................................................................................................................................Done.
Using paramfile /opt/ericsson/amos/moshell/commonjars/pm/PARAM_MSRBS_25.Q1.txt
Parsing file /opt/ericsson/amos/moshell/commonjars/pm/PARAM_MSRBS_25.Q1.txt .......................................................................................Done.
Using imomdfile /opt/ericsson/amos/moshell/commonjars/pm/IMOMD_MSRBS_22.Q4.txt
Using imomfile /opt/ericsson/amos/moshell/commonjars/pm/IMOM_MSRBS_25.Q1.txt
Connected to 19.31.9.166 (SubNetwork=BBMM_rckomc_R,MeContext=CZ4EE,ManagedElement=CZ4EE)

Last MO: 18287. Loaded 18287 MOs. Total: 18288 MOs.

CZ4EE> hget EUtranCellFDD ^cellid

251007-11:27:56+0200 19.31.9.166 25.0h MSRBS_NODE_MODEL_25.Q1_693.28324.131_62ac stopfile=/tmp/803447
.
=================================================================================================================
MO                   cellId
=================================================================================================================
EUtranCellFDD=CZ4EE1 61    
EUtranCellFDD=CZ4EE2 62    
EUtranCellFDD=CZ4EE3 63    
EUtranCellFDD=CZ4EM1 31    
EUtranCellFDD=CZ4EM2 32    
EUtranCellFDD=CZ4EM3 33    
EUtranCellFDD=CZ4ET1 41    
EUtranCellFDD=CZ4ET2 42    
EUtranCellFDD=CZ4ET3 43    
=================================================================================================================
Total: 9 MOs

Added 9 MOs to group: hget_group

CZ4EE> hget NbIotCell ^cellid

251007-11:27:56+0200 19.31.9.166 25.0h MSRBS_NODE_MODEL_25.Q1_693.28324.131_62ac stopfile=/tmp/803447
.
=================================================================================================================
MO               cellId
=================================================================================================================
NbIotCell=CZ4EN1 161   
NbIotCell=CZ4EN2 162   
NbIotCell=CZ4EN3 163   
=================================================================================================================
Total: 3 MOs

Added 3 MOs to group: hget_group

CZ4EE> hget NRCellDU ^cellLocalId

251007-11:27:56+0200 19.31.9.166 25.0h MSRBS_NODE_MODEL_25.Q1_693.28324.131_62ac stopfile=/tmp/803447
Total: 0 MOs

CZ4EE> lgdc -m 30d

251007-11:27:57+0200 19.31.9.166 25.0h MSRBS_NODE_MODEL_25.Q1_693.28324.131_62ac stopfile=/tmp/803447

Startdate=20250907.092757, Enddate=20251008.092757
INFO: Using amos lookupAccount credentials for the export login

Executing action LogM.exportAvailabilityLog()
...LogM=1,exportAvailabilityLog    actionId=7039
...
=================================================================================================================
MO     actionId result      resultInfo
=================================================================================================================
LogM=1 7039     1 (SUCCESS)           
cp /ericsson/log/amos/moshell_logfiles/t20251007_37258710_53697/logs_moshell/tempfiles/scp-2-amos_20251007-112735_803383/rcslogs/RBS_CS_AVAILABILITY_LOG_20251007092800.xml /ericsson/log/amos/moshell_logfiles/t20251007_37258710_53697/logs_moshell/tempfiles/scp-2-amos_20251007-112735_803383/availabilityLog803447.xml
Parsing availabilityLog.......Done.
....
Date;Time;RestartType;SwVersion;SwRelease;RCSDowntime;ApplicationDowntime;TNDowntime;RATsDowntime;ExtraInfo;ExtraInfo2
2025-09-08;04:14:21;PartialOutage(Manual);11% Lrat Cell 42; ();7s;;;;;
2025-09-08;04:14:30;PartialOutage(Manual);11% Lrat Cell 43; ();9s;;;;;
2025-09-08;04:14:43;PartialOutage(Manual);11% Lrat Cell 41; ();7s;;;;;
2025-09-08;04:14:51;PartialOutage(Manual);11% Lrat Cell 63; ();7s;;;;;
2025-09-08;04:15:01;PartialOutage(Manual);11% Lrat Cell 61; ();7s;;;;;
2025-09-08;04:15:12;PartialOutage(Manual);11% Lrat Cell 62; ();2s;;;;;
2025-09-08;04:15:14;PartialOutage(Manual);50% Lrat Cell 161 162; ();9s;;;;;
2025-09-08;04:15:27;PartialOutage(Manual);55% Lrat Cell 162; ();11s;;;;;
2025-09-08;04:15:40;PartialOutage(Manual);11% Lrat Cell 31; ();3s;;;;;
2025-09-08;04:15:54;PartialOutage(Manual);11% Lrat Cell 32; ();10s;;;;;

Node uptime since last restart: 2524322 seconds (29 days, 5 hours, 12 minutes, 2 seconds)
------------------------------------------------------------------------------------------------------
Period=30 days       NodeUpgrade      NodeManual       NodeSpontaneous  AllNodeRestarts  PartialOutages  
------------------------------------------------------------------------------------------------------
Number Of outages    0                0                0                0                10              
Total downtime       0s               0s               0s               0s               72s (1m12s)     
Downtime per day     0s               0s               0s               0s               2s              
Downtime per outage  0s               0s               0s               0s               7s              

CZ4EE> lgac -m 30d

251007-11:28:06+0200 19.31.9.166 25.0h MSRBS_NODE_MODEL_25.Q1_693.28324.131_62ac stopfile=/tmp/803447

Startdate=20250907.092807, Enddate=20251008.092807
Date;Time;Log;Severity;Object;Event;Cause;AdditionalText;AckState;Id;NotificationId;CorrelatedAlarms
Executing action Log.export()
..
Log=AlarmLog                    actionId=7040
.............
=================================================================================================================
MO                  actionId result      resultInfo
=================================================================================================================
LogM=1,Log=AlarmLog 7040     1 (SUCCESS)           
cat  /ericsson/log/amos/moshell_logfiles/t20251007_37258710_53697/logs_moshell/tempfiles/scp-2-amos_20251007-112735_803383/rcslogs/saLogAlarm_20250623__080910_20250710__093106.log /ericsson/log/amos/moshell_logfiles/t20251007_37258710_53697/logs_moshell/tempfiles/scp-2-amos_20251007-112735_803383/rcslogs/saLogAlarm_20250710__093106_20250922__181513.log /ericsson/log/amos/moshell_logfiles/t20251007_37258710_53697/logs_moshell/tempfiles/scp-2-amos_20251007-112735_803383/rcslogs/saLogAlarm_20250922__181513.log > /ericsson/log/amos/moshell_logfiles/t20251007_37258710_53697/logs_moshell/tempfiles/scp-2-amos_20251007-112735_803383/alarmLog803447.xml
2025-09-08;07:14:59;AL  ;Minor ;EUtraNetwork=1,ExternalENodeBFunction=2221-212514;Inter Node Carrier Aggregation Service Unavailable;Elastic RAN Carrier Aggregation is not available towards remote eNodeB.
2025-09-08;15:04:47;AL  ;Minor ;EUtraNetwork=1,ExternalENodeBFunction=2221-206488;Inter Node Carrier Aggregation Service Unavailable;Elastic RAN Carrier Aggregation is not available towards remote eNodeB.
2025-09-09;05:26:32;AL  ;Cleared;EUtraNetwork=1,ExternalENodeBFunction=2221-650591;Inter Node Carrier Aggregation Service Unavailable;Elastic RAN Carrier Aggregation is not available towards remote eNodeB.
2025-09-09;05:26:32;AL  ;Cleared;EUtraNetwork=1,ExternalENodeBFunction=2221-206488;Inter Node Carrier Aggregation Service Unavailable;Elastic RAN Carrier Aggregation is not available towards remote eNodeB.
2025-09-09;05:33:07;AL  ;Minor ;EUtraNetwork=1,ExternalENodeBFunction=2221-206488;Inter Node Carrier Aggregation Service Unavailable;Elastic RAN Carrier Aggregation is not available towards remote eNodeB.
2025-09-09;05:33:54;AL  ;Minor ;EUtraNetwork=1,ExternalENodeBFunction=2221-650591;Inter Node Carrier Aggregation Service Unavailable;Elastic RAN Carrier Aggregation is not available towards remote eNodeB.
2025-09-09;07:48:01;AL  ;Cleared;EUtraNetwork=1,ExternalENodeBFunction=2221-206488;Inter Node Carrier Aggregation Service Unavailable;Elastic RAN Carrier Aggregation is not available towards remote eNodeB.
2025-09-09;07:48:02;AL  ;Cleared;EUtraNetwork=1,ExternalENodeBFunction=2221-650591;Inter Node Carrier Aggregation Service Unavailable;Elastic RAN Carrier Aggregation is not available towards remote eNodeB.
2025-09-09;07:56:39;AL  ;Minor ;ENodeBFunction=1;External Link Failure;X2 link problem to one or several neighbouring eNodeBs. AI: PLMN ID-eNB ID 1 = 2221-650591 PLMN ID-eNB ID 2 = 2221-206488
2025-09-09;07:56:53;AL  ;Minor ;EUtraNetwork=1,ExternalENodeBFunction=2221-206488;Inter Node Carrier Aggregation Service Unavailable;Elastic RAN Carrier Aggregation is not available towards remote eNodeB.
2025-09-09;07:56:55;AL  ;Cleared;ENodeBFunction=1;External Link Failure;X2 link problem to one or several neighbouring eNodeBs. AI: PLMN ID-eNB ID 1 = 2221-650591 PLMN ID-eNB ID 2 = 2221-206488
2025-09-09;07:57:42;AL  ;Minor ;EUtraNetwork=1,ExternalENodeBFunction=2221-650591;Inter Node Carrier Aggregation Service Unavailable;Elastic RAN Carrier Aggregation is not available towards remote eNodeB.
2025-09-10;06:02:01;AL  ;Minor ;EUtraNetwork=1,ExternalENodeBFunction=2221-650014;Inter Node Carrier Aggregation Service Unavailable;Elastic RAN Carrier Aggregation is not available towards remote eNodeB.
2025-09-10;09:10:36;AL  ;Cleared;EUtraNetwork=1,ExternalENodeBFunction=2221-650591;Inter Node Carrier Aggregation Service Unavailable;Elastic RAN Carrier Aggregation is not available towards remote eNodeB.
2025-09-10;09:10:39;AL  ;Cleared;EUtraNetwork=1,ExternalENodeBFunction=2221-650476;Inter Node Feature Incompatibility;Elastic RAN feature is not activated in remote eNodeB. SUPPRESSED
2025-09-10;09:10:44;AL  ;Cleared;EUtraNetwork=1,ExternalENodeBFunction=2221-206488;Inter Node Carrier Aggregation Service Unavailable;Elastic RAN Carrier Aggregation is not available towards remote eNodeB.
2025-09-10;09:11:27;AL  ;Minor ;EUtraNetwork=1,ExternalENodeBFunction=2221-206488;Inter Node Carrier Aggregation Service Unavailable;Elastic RAN Carrier Aggregation is not available towards remote eNodeB.
2025-09-10;09:11:27;AL  ;Minor ;EUtraNetwork=1,ExternalENodeBFunction=2221-650591;Inter Node Carrier Aggregation Service Unavailable;Elastic RAN Carrier Aggregation is not available towards remote eNodeB.
2025-09-14;05:13:08;AL  ;Minor ;EUtraNetwork=1,ExternalENodeBFunction=2221-209707;Inter Node Carrier Aggregation Service Unavailable;Elastic RAN Carrier Aggregation is not available towards remote eNodeB.
2025-09-14;08:13:26;AL  ;Cleared;EUtraNetwork=1,ExternalENodeBFunction=2221-209707;Inter Node Carrier Aggregation Service Unavailable;Elastic RAN Carrier Aggregation is not available towards remote eNodeB.
2025-09-14;08:13:27;AL  ;Minor ;EUtraNetwork=1,ExternalENodeBFunction=2221-650121;Inter Node Carrier Aggregation Service Unavailable;Elastic RAN Carrier Aggregation is not available towards remote eNodeB.
2025-09-14;08:14:04;AL  ;Minor ;EUtraNetwork=1,ExternalENodeBFunction=2221-209707;Inter Node Carrier Aggregation Service Unavailable;Elastic RAN Carrier Aggregation is not available towards remote eNodeB.
2025-09-14;08:16:12;AL  ;Cleared;EUtraNetwork=1,ExternalENodeBFunction=2221-212514;Inter Node Carrier Aggregation Service Unavailable;Elastic RAN Carrier Aggregation is not available towards remote eNodeB.
2025-09-14;08:16:16;AL  ;Cleared;EUtraNetwork=1,ExternalENodeBFunction=2221-650121;Inter Node Carrier Aggregation Service Unavailable;Elastic RAN Carrier Aggregation is not available towards remote eNodeB.
2025-09-14;08:16:21;AL  ;Cleared;EUtraNetwork=1,ExternalENodeBFunction=2221-650014;Inter Node Carrier Aggregation Service Unavailable;Elastic RAN Carrier Aggregation is not available towards remote eNodeB.
2025-09-14;08:16:32;AL  ;Cleared;EUtraNetwork=1,ExternalENodeBFunction=2221-206488;Inter Node Carrier Aggregation Service Unavailable;Elastic RAN Carrier Aggregation is not available towards remote eNodeB.
2025-09-14;08:16:38;AL  ;Cleared;EUtraNetwork=1,ExternalENodeBFunction=2221-650591;Inter Node Carrier Aggregation Service Unavailable;Elastic RAN Carrier Aggregation is not available towards remote eNodeB.
2025-09-14;08:16:46;AL  ;Cleared;EUtraNetwork=1,ExternalENodeBFunction=2221-209707;Inter Node Carrier Aggregation Service Unavailable;Elastic RAN Carrier Aggregation is not available towards remote eNodeB.
2025-09-14;08:39:15;AL  ;Minor ;EUtraNetwork=1,ExternalENodeBFunction=2221-206488;Inter Node Carrier Aggregation Service Unavailable;Elastic RAN Carrier Aggregation is not available towards remote eNodeB.
2025-09-14;08:57:12;AL  ;Cleared;EUtraNetwork=1,ExternalENodeBFunction=2221-206488;Inter Node Carrier Aggregation Service Unavailable;Elastic RAN Carrier Aggregation is not available towards remote eNodeB.
2025-09-14;08:57:52;AL  ;Minor ;EUtraNetwork=1,ExternalENodeBFunction=2221-650591;Inter Node Carrier Aggregation Service Unavailable;Elastic RAN Carrier Aggregation is not available towards remote eNodeB.
2025-09-15;06:10:38;AL  ;Minor ;ENodeBFunction=1;External Link Failure;X2 link problem to one or several neighbouring eNodeBs. AI: PLMN ID-eNB ID 1 = 2221-650571
2025-09-15;07:14:59;AL  ;Minor ;EUtraNetwork=1,ExternalENodeBFunction=2221-212514;Inter Node Carrier Aggregation Service Unavailable;Elastic RAN Carrier Aggregation is not available towards remote eNodeB.
2025-09-15;10:41:30;AL  ;Cleared;ENodeBFunction=1;External Link Failure;X2 link problem to one or several neighbouring eNodeBs. AI: PLMN ID-eNB ID 1 = 2221-650571
2025-09-15;21:13:01;AL  ;Minor ;EUtraNetwork=1,ExternalENodeBFunction=2221-206488;Inter Node Carrier Aggregation Service Unavailable;Elastic RAN Carrier Aggregation is not available towards remote eNodeB.
2025-09-16;09:03:25;AL  ;Minor ;ENodeBFunction=1;External Link Failure;X2 link problem to one or several neighbouring eNodeBs. AI: PLMN ID-eNB ID 1 = 2221-650571
2025-09-16;09:20:37;AL  ;Cleared;ENodeBFunction=1;External Link Failure;X2 link problem to one or several neighbouring eNodeBs. AI: PLMN ID-eNB ID 1 = 2221-650571
2025-09-16;10:00:05;AL  ;Warning;ENodeBFunction=1;PLMN Service Redundancy Lost;S1 connection failure for PLMN connected with link represented by MO listed in Additional Information. AI: PLMN = ["2221"],DN1=ManagedElement=1,ENodeBFunction=1,TermPointToMme=5,
2025-09-16;10:00:35;AL  ;Cleared;ENodeBFunction=1;PLMN Service Redundancy Lost;S1 connection failure for PLMN connected with link represented by MO listed in Additional Information. AI: PLMN = ["2221"],DN1=ManagedElement=1,ENodeBFunction=1,TermPointToMme=5,
2025-09-16;13:19:48;AL  ;Minor ;ENodeBFunction=1;External Link Failure;X2 link problem to one or several neighbouring eNodeBs. AI: PLMN ID-eNB ID 1 = 2221-650520
2025-09-16;21:15:00;AL  ;Minor ;EUtraNetwork=1,ExternalENodeBFunction=2221-650014;Inter Node Carrier Aggregation Service Unavailable;Elastic RAN Carrier Aggregation is not available towards remote eNodeB.
2025-09-16;22:15:02;AL  ;Minor ;EUtraNetwork=1,ExternalENodeBFunction=2221-650004;Inter Node Carrier Aggregation Service Unavailable;Elastic RAN Carrier Aggregation is not available towards remote eNodeB.
2025-09-17;13:22:53;AL  ;Minor ;ENodeBFunction=1;External Link Failure;X2 link problem to one or several neighbouring eNodeBs. AI: PLMN ID-eNB ID 1 = 2221-650520 PLMN ID-eNB ID 2 = 2221-650290
2025-09-17;14:02:02;AL  ;Minor ;ENodeBFunction=1;External Link Failure;X2 link problem to one or several neighbouring eNodeBs. AI: PLMN ID-eNB ID 1 = 2221-650520
2025-09-18;08:16:27;AL  ;Minor ;ENodeBFunction=1;External Link Failure;X2 link problem to one or several neighbouring eNodeBs. AI: PLMN ID-eNB ID 1 = 2221-650520 PLMN ID-eNB ID 2 = 2221-209707
2025-09-18;08:17:26;AL  ;Minor ;ENodeBFunction=1;External Link to GNodeB Failure;X2 link problem to one or several neighbouring gNodeBs. AI: PLMN ID-gNB ID 1 = 2221-1053517
2025-09-18;08:17:31;AL  ;Minor ;ENodeBFunction=1;External Link Failure;X2 link problem to one or several neighbouring eNodeBs. AI: PLMN ID-eNB ID 1 = 2221-650520 PLMN ID-eNB ID 2 = 2221-209707 PLMN ID-eNB ID 3 = 2221-650121
2025-09-18;13:02:41;AL  ;Minor ;EUtraNetwork=1,ExternalENodeBFunction=2221-650121;Inter Node Carrier Aggregation Service Unavailable;Elastic RAN Carrier Aggregation is not available towards remote eNodeB.
2025-09-18;13:02:53;AL  ;Minor ;ENodeBFunction=1;External Link Failure;X2 link problem to one or several neighbouring eNodeBs. AI: PLMN ID-eNB ID 1 = 2221-650520
2025-09-18;13:02:58;AL  ;Cleared;ENodeBFunction=1;External Link to GNodeB Failure;X2 link problem to one or several neighbouring gNodeBs. AI: PLMN ID-gNB ID 1 = 2221-1053517
2025-09-18;13:42:15;AL  ;Minor ;EUtraNetwork=1,ExternalENodeBFunction=2221-209707;Inter Node Carrier Aggregation Service Unavailable;Elastic RAN Carrier Aggregation is not available towards remote eNodeB.
2025-09-19;10:32:33;AL  ;Minor ;ENodeBFunction=1;External Link Failure;X2 link problem to one or several neighbouring eNodeBs. AI: PLMN ID-eNB ID 1 = 2221-650520 PLMN ID-eNB ID 2 = 2221-650571
2025-09-19;10:37:32;AL  ;Cleared;EUtraNetwork=1,ExternalENodeBFunction=2221-650121;Inter Node Carrier Aggregation Service Unavailable;Elastic RAN Carrier Aggregation is not available towards remote eNodeB.
2025-09-19;10:37:35;AL  ;Cleared;EUtraNetwork=1,ExternalENodeBFunction=2221-209707;Inter Node Carrier Aggregation Service Unavailable;Elastic RAN Carrier Aggregation is not available towards remote eNodeB.
2025-09-19;10:39:11;AL  ;Minor ;ENodeBFunction=1;External Link Failure;X2 link problem to one or several neighbouring eNodeBs. AI: PLMN ID-eNB ID 1 = 2221-650520
2025-09-19;10:42:46;AL  ;Minor ;EUtraNetwork=1,ExternalENodeBFunction=2221-650121;Inter Node Carrier Aggregation Service Unavailable;Elastic RAN Carrier Aggregation is not available towards remote eNodeB.
2025-09-19;15:11:06;AL  ;Minor ;ENodeBFunction=1;External Link Failure;X2 link problem to one or several neighbouring eNodeBs. AI: PLMN ID-eNB ID 1 = 2221-650520 PLMN ID-eNB ID 2 = 2221-650571
2025-09-19;15:13:01;AL  ;Minor ;ENodeBFunction=1;External Link Failure;X2 link problem to one or several neighbouring eNodeBs. AI: PLMN ID-eNB ID 1 = 2221-650520
2025-09-19;15:53:26;AL  ;Cleared;ENodeBFunction=1;External Link Failure;X2 link problem to one or several neighbouring eNodeBs. AI: PLMN ID-eNB ID 1 = 2221-650520
2025-09-20;05:41:54;AL  ;Minor ;ENodeBFunction=1;External Link Failure;X2 link problem to one or several neighbouring eNodeBs. AI: PLMN ID-eNB ID 1 = 2221-650520
2025-09-20;18:53:46;AL  ;Cleared;ENodeBFunction=1;External Link Failure;X2 link problem to one or several neighbouring eNodeBs. AI: PLMN ID-eNB ID 1 = 2221-650520
2025-09-21;07:53:43;AL  ;Cleared;EUtraNetwork=1,ExternalENodeBFunction=2221-650004;Inter Node Carrier Aggregation Service Unavailable;Elastic RAN Carrier Aggregation is not available towards remote eNodeB.
2025-09-21;07:54:30;AL  ;Minor ;EUtraNetwork=1,ExternalENodeBFunction=2221-650004;Inter Node Carrier Aggregation Service Unavailable;Elastic RAN Carrier Aggregation is not available towards remote eNodeB.
2025-09-21;08:07:04;AL  ;Cleared;EUtraNetwork=1,ExternalENodeBFunction=2221-650121;Inter Node Carrier Aggregation Service Unavailable;Elastic RAN Carrier Aggregation is not available towards remote eNodeB.
2025-09-21;08:07:22;AL  ;Minor ;EUtraNetwork=1,ExternalENodeBFunction=2221-650121;Inter Node Carrier Aggregation Service Unavailable;Elastic RAN Carrier Aggregation is not available towards remote eNodeB.
2025-09-21;08:09:29;AL  ;Cleared;EUtraNetwork=1,ExternalENodeBFunction=2221-212514;Inter Node Carrier Aggregation Service Unavailable;Elastic RAN Carrier Aggregation is not available towards remote eNodeB.
2025-09-21;08:09:33;AL  ;Cleared;EUtraNetwork=1,ExternalENodeBFunction=2221-650121;Inter Node Carrier Aggregation Service Unavailable;Elastic RAN Carrier Aggregation is not available towards remote eNodeB.
2025-09-21;08:09:37;AL  ;Cleared;EUtraNetwork=1,ExternalENodeBFunction=2221-650014;Inter Node Carrier Aggregation Service Unavailable;Elastic RAN Carrier Aggregation is not available towards remote eNodeB.
2025-09-21;08:09:41;AL  ;Cleared;EUtraNetwork=1,ExternalENodeBFunction=2221-650004;Inter Node Carrier Aggregation Service Unavailable;Elastic RAN Carrier Aggregation is not available towards remote eNodeB.
2025-09-21;08:09:52;AL  ;Cleared;EUtraNetwork=1,ExternalENodeBFunction=2221-206488;Inter Node Carrier Aggregation Service Unavailable;Elastic RAN Carrier Aggregation is not available towards remote eNodeB.
2025-09-21;08:09:58;AL  ;Cleared;EUtraNetwork=1,ExternalENodeBFunction=2221-650591;Inter Node Carrier Aggregation Service Unavailable;Elastic RAN Carrier Aggregation is not available towards remote eNodeB.
2025-09-21;08:10:55;AL  ;Minor ;EUtraNetwork=1,ExternalENodeBFunction=2221-206488;Inter Node Carrier Aggregation Service Unavailable;Elastic RAN Carrier Aggregation is not available towards remote eNodeB.
2025-09-21;08:11:00;AL  ;Minor ;EUtraNetwork=1,ExternalENodeBFunction=2221-650591;Inter Node Carrier Aggregation Service Unavailable;Elastic RAN Carrier Aggregation is not available towards remote eNodeB.
2025-09-21;08:48:19;AL  ;Cleared;EUtraNetwork=1,ExternalENodeBFunction=2221-206488;Inter Node Carrier Aggregation Service Unavailable;Elastic RAN Carrier Aggregation is not available towards remote eNodeB.
2025-09-21;08:48:36;AL  ;Cleared;EUtraNetwork=1,ExternalENodeBFunction=2221-650591;Inter Node Carrier Aggregation Service Unavailable;Elastic RAN Carrier Aggregation is not available towards remote eNodeB.
2025-09-21;13:14:59;AL  ;Minor ;EUtraNetwork=1,ExternalENodeBFunction=2221-650124;Inter Node Carrier Aggregation Service Unavailable;Elastic RAN Carrier Aggregation is not available towards remote eNodeB.
2025-09-22;05:19:07;AL  ;Minor ;EUtraNetwork=1,ExternalENodeBFunction=2221-650591;Inter Node Carrier Aggregation Service Unavailable;Elastic RAN Carrier Aggregation is not available towards remote eNodeB.
2025-09-22;08:24:15;AL  ;Minor ;ENodeBFunction=1;External Link to GNodeB Failure;X2 link problem to one or several neighbouring gNodeBs. AI: PLMN ID-gNB ID 1 = 2221-1057353
2025-09-22;08:25:32;AL  ;Cleared;ENodeBFunction=1;External Link to GNodeB Failure;X2 link problem to one or several neighbouring gNodeBs. AI: PLMN ID-gNB ID 1 = 2221-1057353
2025-09-22;09:29:11;AL  ;Minor ;EthernetPort=TN_IDL_A_1;Ethernet Link Failure;Connected to physical port TnPort=TN_IDL_A_1
2025-09-22;09:29:11;AL  ;Minor ;EthernetPort=TN_IDL_A_2;Ethernet Link Failure;Connected to physical port TnPort=TN_IDL_A_2
2025-09-22;09:29:15;AL  ;Minor ;EUtraNetwork=1,ExternalENodeBFunction=2221-210672;Inter Node Carrier Aggregation Service Unavailable;Elastic RAN Carrier Aggregation is not available towards remote eNodeB.
2025-09-22;09:29:28;AL  ;Cleared;EUtraNetwork=1,ExternalENodeBFunction=2221-210672;Inter Node Carrier Aggregation Service Unavailable;Elastic RAN Carrier Aggregation is not available towards remote eNodeB.
2025-09-22;09:30:50;AL  ;Cleared;EthernetPort=TN_IDL_A_2;Ethernet Link Failure;Connected to physical port TnPort=TN_IDL_A_2
2025-09-22;09:30:50;AL  ;Cleared;EthernetPort=TN_IDL_A_1;Ethernet Link Failure;Connected to physical port TnPort=TN_IDL_A_1
2025-09-22;09:50:04;AL  ;Minor ;ENodeBFunction=1;External Link to GNodeB Failure;X2 link problem to one or several neighbouring gNodeBs. AI: PLMN ID-gNB ID 1 = 2221-1057353
2025-09-22;09:53:28;AL  ;Cleared;ENodeBFunction=1;External Link to GNodeB Failure;X2 link problem to one or several neighbouring gNodeBs. AI: PLMN ID-gNB ID 1 = 2221-1057353
2025-09-22;10:08:51;AL  ;Minor ;ENodeBFunction=1;External Link Failure;X2 link problem to one or several neighbouring eNodeBs. AI: PLMN ID-eNB ID 1 = 2221-650178
2025-09-22;14:14:38;AL  ;Minor ;EUtraNetwork=1,ExternalENodeBFunction=2221-212514;Inter Node Carrier Aggregation Service Unavailable;Elastic RAN Carrier Aggregation is not available towards remote eNodeB.
2025-09-22;14:27:08;AL  ;Cleared;ENodeBFunction=1;External Link Failure;X2 link problem to one or several neighbouring eNodeBs. AI: PLMN ID-eNB ID 1 = 2221-650178
2025-09-22;18:15:09;AL  ;Minor ;EUtraNetwork=1,ExternalENodeBFunction=2221-206488;Inter Node Carrier Aggregation Service Unavailable;Elastic RAN Carrier Aggregation is not available towards remote eNodeB.
2025-09-24;14:34:58;AL  ;Minor ;ENodeBFunction=1;External Link Failure;X2 link problem to one or several neighbouring eNodeBs. AI: PLMN ID-eNB ID 1 = 2221-650520
2025-09-24;21:15:00;AL  ;Minor ;EUtraNetwork=1,ExternalENodeBFunction=2221-650014;Inter Node Carrier Aggregation Service Unavailable;Elastic RAN Carrier Aggregation is not available towards remote eNodeB.
2025-09-25;12:50:21;AL  ;Minor ;EUtraNetwork=1,ExternalENodeBFunction=2221-650004;Inter Node Carrier Aggregation Service Unavailable;Elastic RAN Carrier Aggregation is not available towards remote eNodeB.
2025-09-25;16:12:32;AL  ;Cleared;ENodeBFunction=1;External Link Failure;X2 link problem to one or several neighbouring eNodeBs. AI: PLMN ID-eNB ID 1 = 2221-650520
2025-09-26;05:40:45;AL  ;Minor ;ENodeBFunction=1;External Link to GNodeB Failure;X2 link problem to one or several neighbouring gNodeBs. AI: PLMN ID-gNB ID 1 = 2221-1054693
2025-09-26;06:28:32;AL  ;Cleared;ENodeBFunction=1;External Link to GNodeB Failure;X2 link problem to one or several neighbouring gNodeBs. AI: PLMN ID-gNB ID 1 = 2221-1054693
2025-09-26;12:10:55;AL  ;Minor ;EUtraNetwork=1,ExternalENodeBFunction=2221-650121;Inter Node Carrier Aggregation Service Unavailable;Elastic RAN Carrier Aggregation is not available towards remote eNodeB.
2025-09-26;22:14:59;AL  ;Minor ;EUtraNetwork=1,ExternalENodeBFunction=2221-207822;Inter Node Carrier Aggregation Service Unavailable;Elastic RAN Carrier Aggregation is not available towards remote eNodeB.
2025-09-27;10:31:52;AL  ;Cleared;EUtraNetwork=1,ExternalENodeBFunction=2221-650121;Inter Node Carrier Aggregation Service Unavailable;Elastic RAN Carrier Aggregation is not available towards remote eNodeB.
2025-09-27;10:37:13;AL  ;Minor ;EUtraNetwork=1,ExternalENodeBFunction=2221-650121;Inter Node Carrier Aggregation Service Unavailable;Elastic RAN Carrier Aggregation is not available towards remote eNodeB.
2025-09-28;07:55:10;AL  ;Cleared;EUtraNetwork=1,ExternalENodeBFunction=2221-650004;Inter Node Carrier Aggregation Service Unavailable;Elastic RAN Carrier Aggregation is not available towards remote eNodeB.
2025-09-28;07:55:44;AL  ;Minor ;EUtraNetwork=1,ExternalENodeBFunction=2221-650004;Inter Node Carrier Aggregation Service Unavailable;Elastic RAN Carrier Aggregation is not available towards remote eNodeB.
2025-09-28;08:08:17;AL  ;Cleared;EUtraNetwork=1,ExternalENodeBFunction=2221-650121;Inter Node Carrier Aggregation Service Unavailable;Elastic RAN Carrier Aggregation is not available towards remote eNodeB.
2025-09-28;08:09:02;AL  ;Minor ;EUtraNetwork=1,ExternalENodeBFunction=2221-650121;Inter Node Carrier Aggregation Service Unavailable;Elastic RAN Carrier Aggregation is not available towards remote eNodeB.
2025-09-28;08:11:11;AL  ;Cleared;EUtraNetwork=1,ExternalENodeBFunction=2221-212514;Inter Node Carrier Aggregation Service Unavailable;Elastic RAN Carrier Aggregation is not available towards remote eNodeB.
2025-09-28;08:11:16;AL  ;Cleared;EUtraNetwork=1,ExternalENodeBFunction=2221-207822;Inter Node Carrier Aggregation Service Unavailable;Elastic RAN Carrier Aggregation is not available towards remote eNodeB.
2025-09-28;08:11:19;AL  ;Cleared;EUtraNetwork=1,ExternalENodeBFunction=2221-650121;Inter Node Carrier Aggregation Service Unavailable;Elastic RAN Carrier Aggregation is not available towards remote eNodeB.
2025-09-28;08:11:23;AL  ;Cleared;EUtraNetwork=1,ExternalENodeBFunction=2221-650014;Inter Node Carrier Aggregation Service Unavailable;Elastic RAN Carrier Aggregation is not available towards remote eNodeB.
2025-09-28;08:11:27;AL  ;Cleared;EUtraNetwork=1,ExternalENodeBFunction=2221-650004;Inter Node Carrier Aggregation Service Unavailable;Elastic RAN Carrier Aggregation is not available towards remote eNodeB.
2025-09-28;08:11:31;AL  ;Cleared;EUtraNetwork=1,ExternalENodeBFunction=2221-650124;Inter Node Carrier Aggregation Service Unavailable;Elastic RAN Carrier Aggregation is not available towards remote eNodeB.
2025-09-28;08:11:39;AL  ;Cleared;EUtraNetwork=1,ExternalENodeBFunction=2221-206488;Inter Node Carrier Aggregation Service Unavailable;Elastic RAN Carrier Aggregation is not available towards remote eNodeB.
2025-09-28;08:11:45;AL  ;Cleared;EUtraNetwork=1,ExternalENodeBFunction=2221-650591;Inter Node Carrier Aggregation Service Unavailable;Elastic RAN Carrier Aggregation is not available towards remote eNodeB.
2025-09-28;08:12:04;AL  ;Minor ;EUtraNetwork=1,ExternalENodeBFunction=2221-650124;Inter Node Carrier Aggregation Service Unavailable;Elastic RAN Carrier Aggregation is not available towards remote eNodeB.
2025-09-28;08:12:48;AL  ;Minor ;EUtraNetwork=1,ExternalENodeBFunction=2221-650591;Inter Node Carrier Aggregation Service Unavailable;Elastic RAN Carrier Aggregation is not available towards remote eNodeB.
2025-09-28;08:49:39;AL  ;Cleared;EUtraNetwork=1,ExternalENodeBFunction=2221-650591;Inter Node Carrier Aggregation Service Unavailable;Elastic RAN Carrier Aggregation is not available towards remote eNodeB.
2025-09-28;16:15:09;AL  ;Minor ;EUtraNetwork=1,ExternalENodeBFunction=2221-650591;Inter Node Carrier Aggregation Service Unavailable;Elastic RAN Carrier Aggregation is not available towards remote eNodeB.
2025-09-29;07:14:59;AL  ;Minor ;EUtraNetwork=1,ExternalENodeBFunction=2221-212514;Inter Node Carrier Aggregation Service Unavailable;Elastic RAN Carrier Aggregation is not available towards remote eNodeB.
2025-09-29;07:47:26;AL  ;Minor ;ENodeBFunction=1;External Link Failure;X2 link problem to one or several neighbouring eNodeBs. AI: PLMN ID-eNB ID 1 = 2221-650520
2025-09-29;11:15:09;AL  ;Minor ;EUtraNetwork=1,ExternalENodeBFunction=2221-206488;Inter Node Carrier Aggregation Service Unavailable;Elastic RAN Carrier Aggregation is not available towards remote eNodeB.
2025-09-29;13:36:01;AL  ;Cleared;ENodeBFunction=1;External Link Failure;X2 link problem to one or several neighbouring eNodeBs. AI: PLMN ID-eNB ID 1 = 2221-650520
2025-09-29;14:46:12;AL  ;Cleared;EUtraNetwork=1,ExternalENodeBFunction=2221-650591;Inter Node Carrier Aggregation Service Unavailable;Elastic RAN Carrier Aggregation is not available towards remote eNodeB.
2025-09-29;14:46:14;AL  ;Cleared;EUtraNetwork=1,ExternalENodeBFunction=2221-206488;Inter Node Carrier Aggregation Service Unavailable;Elastic RAN Carrier Aggregation is not available towards remote eNodeB.
2025-09-29;14:47:32;AL  ;Minor ;EUtraNetwork=1,ExternalENodeBFunction=2221-206488;Inter Node Carrier Aggregation Service Unavailable;Elastic RAN Carrier Aggregation is not available towards remote eNodeB.
2025-09-29;14:47:34;AL  ;Minor ;EUtraNetwork=1,ExternalENodeBFunction=2221-650591;Inter Node Carrier Aggregation Service Unavailable;Elastic RAN Carrier Aggregation is not available towards remote eNodeB.
2025-09-29;19:17:58;AL  ;Minor ;ENodeBFunction=1;External Link Failure;X2 link problem to one or several neighbouring eNodeBs. AI: PLMN ID-eNB ID 1 = 2221-650571
2025-09-29;19:18:14;AL  ;Cleared;ENodeBFunction=1;External Link Failure;X2 link problem to one or several neighbouring eNodeBs. AI: PLMN ID-eNB ID 1 = 2221-650571
2025-09-30;12:06:32;AL  ;Minor ;ENodeBFunction=1;External Link Failure;X2 link problem to one or several neighbouring eNodeBs. AI: PLMN ID-eNB ID 1 = 2221-650390
2025-09-30;14:52:01;AL  ;Minor ;EUtraNetwork=1,ExternalENodeBFunction=2221-650390;Inter Node Carrier Aggregation Service Unavailable;Elastic RAN Carrier Aggregation is not available towards remote eNodeB.
2025-09-30;14:52:14;AL  ;Cleared;ENodeBFunction=1;External Link Failure;X2 link problem to one or several neighbouring eNodeBs. AI: PLMN ID-eNB ID 1 = 2221-650390
2025-10-01;04:40:37;AL  ;Cleared;EUtraNetwork=1,ExternalENodeBFunction=2221-650591;Inter Node Carrier Aggregation Service Unavailable;Elastic RAN Carrier Aggregation is not available towards remote eNodeB.
2025-10-01;04:40:38;AL  ;Cleared;EUtraNetwork=1,ExternalENodeBFunction=2221-206488;Inter Node Carrier Aggregation Service Unavailable;Elastic RAN Carrier Aggregation is not available towards remote eNodeB.
2025-10-01;04:47:08;AL  ;Minor ;EUtraNetwork=1,ExternalENodeBFunction=2221-206488;Inter Node Carrier Aggregation Service Unavailable;Elastic RAN Carrier Aggregation is not available towards remote eNodeB.
2025-10-01;04:47:54;AL  ;Minor ;EUtraNetwork=1,ExternalENodeBFunction=2221-650591;Inter Node Carrier Aggregation Service Unavailable;Elastic RAN Carrier Aggregation is not available towards remote eNodeB.
2025-10-01;07:54:16;AL  ;Cleared;EUtraNetwork=1,ExternalENodeBFunction=2221-206488;Inter Node Carrier Aggregation Service Unavailable;Elastic RAN Carrier Aggregation is not available towards remote eNodeB.
2025-10-01;07:54:16;AL  ;Cleared;EUtraNetwork=1,ExternalENodeBFunction=2221-650591;Inter Node Carrier Aggregation Service Unavailable;Elastic RAN Carrier Aggregation is not available towards remote eNodeB.
2025-10-01;08:04:58;AL  ;Minor ;EUtraNetwork=1,ExternalENodeBFunction=2221-650591;Inter Node Carrier Aggregation Service Unavailable;Elastic RAN Carrier Aggregation is not available towards remote eNodeB.
2025-10-01;08:05:03;AL  ;Minor ;EUtraNetwork=1,ExternalENodeBFunction=2221-206488;Inter Node Carrier Aggregation Service Unavailable;Elastic RAN Carrier Aggregation is not available towards remote eNodeB.
2025-10-01;08:09:37;AL  ;Cleared;EUtraNetwork=1,ExternalENodeBFunction=2221-650591;Inter Node Carrier Aggregation Service Unavailable;Elastic RAN Carrier Aggregation is not available towards remote eNodeB.
2025-10-01;08:09:39;AL  ;Cleared;EUtraNetwork=1,ExternalENodeBFunction=2221-206488;Inter Node Carrier Aggregation Service Unavailable;Elastic RAN Carrier Aggregation is not available towards remote eNodeB.
2025-10-01;08:16:18;AL  ;Minor ;EUtraNetwork=1,ExternalENodeBFunction=2221-206488;Inter Node Carrier Aggregation Service Unavailable;Elastic RAN Carrier Aggregation is not available towards remote eNodeB.
2025-10-01;08:16:28;AL  ;Minor ;EUtraNetwork=1,ExternalENodeBFunction=2221-650591;Inter Node Carrier Aggregation Service Unavailable;Elastic RAN Carrier Aggregation is not available towards remote eNodeB.
2025-10-03;05:21:12;AL  ;Minor ;EUtraNetwork=1,ExternalENodeBFunction=2221-650121;Inter Node Carrier Aggregation Service Unavailable;Elastic RAN Carrier Aggregation is not available towards remote eNodeB.
2025-10-04;07:36:38;AL  ;Minor ;ENodeBFunction=1;External Link Failure;X2 link problem to one or several neighbouring eNodeBs. AI: PLMN ID-eNB ID 1 = 2221-206865
2025-10-04;08:19:08;AL  ;Cleared;ENodeBFunction=1;External Link Failure;X2 link problem to one or several neighbouring eNodeBs. AI: PLMN ID-eNB ID 1 = 2221-206865
2025-10-04;23:27:37;AL  ;Cleared;EUtraNetwork=1,ExternalENodeBFunction=2221-650591;Inter Node Carrier Aggregation Service Unavailable;Elastic RAN Carrier Aggregation is not available towards remote eNodeB.
2025-10-04;23:28:13;AL  ;Cleared;EUtraNetwork=1,ExternalENodeBFunction=2221-206488;Inter Node Carrier Aggregation Service Unavailable;Elastic RAN Carrier Aggregation is not available towards remote eNodeB.
2025-10-04;23:29:32;AL  ;Minor ;EUtraNetwork=1,ExternalENodeBFunction=2221-206488;Inter Node Carrier Aggregation Service Unavailable;Elastic RAN Carrier Aggregation is not available towards remote eNodeB.
2025-10-04;23:30:45;AL  ;Minor ;EUtraNetwork=1,ExternalENodeBFunction=2221-650591;Inter Node Carrier Aggregation Service Unavailable;Elastic RAN Carrier Aggregation is not available towards remote eNodeB.
2025-10-05;05:22:04;AL  ;Cleared;EUtraNetwork=1,ExternalENodeBFunction=2221-650591;Inter Node Carrier Aggregation Service Unavailable;Elastic RAN Carrier Aggregation is not available towards remote eNodeB.
2025-10-05;05:22:13;AL  ;Cleared;EUtraNetwork=1,ExternalENodeBFunction=2221-206488;Inter Node Carrier Aggregation Service Unavailable;Elastic RAN Carrier Aggregation is not available towards remote eNodeB.
2025-10-05;05:31:27;AL  ;Minor ;ENodeBFunction=1;External Link Failure;X2 link problem to one or several neighbouring eNodeBs. AI: PLMN ID-eNB ID 1 = 2221-650591 PLMN ID-eNB ID 2 = 2221-206488
2025-10-05;05:34:30;AL  ;Minor ;EUtraNetwork=1,ExternalENodeBFunction=2221-206488;Inter Node Carrier Aggregation Service Unavailable;Elastic RAN Carrier Aggregation is not available towards remote eNodeB.
2025-10-05;05:34:35;AL  ;Minor ;EUtraNetwork=1,ExternalENodeBFunction=2221-650591;Inter Node Carrier Aggregation Service Unavailable;Elastic RAN Carrier Aggregation is not available towards remote eNodeB.
2025-10-05;05:34:43;AL  ;Cleared;ENodeBFunction=1;External Link Failure;X2 link problem to one or several neighbouring eNodeBs. AI: PLMN ID-eNB ID 1 = 2221-650591 PLMN ID-eNB ID 2 = 2221-206488
2025-10-05;07:42:01;AL  ;Cleared;EUtraNetwork=1,ExternalENodeBFunction=2221-650390;Inter Node Carrier Aggregation Service Unavailable;Elastic RAN Carrier Aggregation is not available towards remote eNodeB.
2025-10-05;08:01:50;AL  ;Cleared;EUtraNetwork=1,ExternalENodeBFunction=2221-650121;Inter Node Carrier Aggregation Service Unavailable;Elastic RAN Carrier Aggregation is not available towards remote eNodeB.
2025-10-05;08:02:39;AL  ;Minor ;EUtraNetwork=1,ExternalENodeBFunction=2221-650121;Inter Node Carrier Aggregation Service Unavailable;Elastic RAN Carrier Aggregation is not available towards remote eNodeB.
2025-10-05;08:04:06;AL  ;Cleared;EUtraNetwork=1,ExternalENodeBFunction=2221-212514;Inter Node Carrier Aggregation Service Unavailable;Elastic RAN Carrier Aggregation is not available towards remote eNodeB.
2025-10-05;08:04:10;AL  ;Cleared;EUtraNetwork=1,ExternalENodeBFunction=2221-650121;Inter Node Carrier Aggregation Service Unavailable;Elastic RAN Carrier Aggregation is not available towards remote eNodeB.
2025-10-05;08:04:14;AL  ;Cleared;EUtraNetwork=1,ExternalENodeBFunction=2221-650124;Inter Node Carrier Aggregation Service Unavailable;Elastic RAN Carrier Aggregation is not available towards remote eNodeB.
2025-10-05;08:04:21;AL  ;Cleared;EUtraNetwork=1,ExternalENodeBFunction=2221-206488;Inter Node Carrier Aggregation Service Unavailable;Elastic RAN Carrier Aggregation is not available towards remote eNodeB.
2025-10-05;08:04:28;AL  ;Cleared;EUtraNetwork=1,ExternalENodeBFunction=2221-650591;Inter Node Carrier Aggregation Service Unavailable;Elastic RAN Carrier Aggregation is not available towards remote eNodeB.
2025-10-05;08:05:10;AL  ;Minor ;EUtraNetwork=1,ExternalENodeBFunction=2221-650124;Inter Node Carrier Aggregation Service Unavailable;Elastic RAN Carrier Aggregation is not available towards remote eNodeB.
2025-10-05;08:05:30;AL  ;Minor ;EUtraNetwork=1,ExternalENodeBFunction=2221-650591;Inter Node Carrier Aggregation Service Unavailable;Elastic RAN Carrier Aggregation is not available towards remote eNodeB.
2025-10-05;08:22:13;AL  ;Minor ;EUtraNetwork=1,ExternalENodeBFunction=2221-206488;Inter Node Carrier Aggregation Service Unavailable;Elastic RAN Carrier Aggregation is not available towards remote eNodeB.
2025-10-05;08:41:53;AL  ;Cleared;EUtraNetwork=1,ExternalENodeBFunction=2221-206488;Inter Node Carrier Aggregation Service Unavailable;Elastic RAN Carrier Aggregation is not available towards remote eNodeB.
2025-10-05;08:42:18;AL  ;Cleared;EUtraNetwork=1,ExternalENodeBFunction=2221-650591;Inter Node Carrier Aggregation Service Unavailable;Elastic RAN Carrier Aggregation is not available towards remote eNodeB.
2025-10-05;12:15:09;AL  ;Minor ;EUtraNetwork=1,ExternalENodeBFunction=2221-650591;Inter Node Carrier Aggregation Service Unavailable;Elastic RAN Carrier Aggregation is not available towards remote eNodeB.
2025-10-06;10:14:59;AL  ;Minor ;EUtraNetwork=1,ExternalENodeBFunction=2221-212514;Inter Node Carrier Aggregation Service Unavailable;Elastic RAN Carrier Aggregation is not available towards remote eNodeB.
2025-10-06;11:33:28;AL  ;Cleared;EUtraNetwork=1,ExternalENodeBFunction=2221-650591;Inter Node Carrier Aggregation Service Unavailable;Elastic RAN Carrier Aggregation is not available towards remote eNodeB.
2025-10-06;11:42:05;AL  ;Minor ;ENodeBFunction=1;External Link Failure;X2 link problem to one or several neighbouring eNodeBs. AI: PLMN ID-eNB ID 1 = 2221-650591 PLMN ID-eNB ID 2 = 2221-206488
2025-10-06;11:47:39;AL  ;Minor ;EUtraNetwork=1,ExternalENodeBFunction=2221-206488;Inter Node Carrier Aggregation Service Unavailable;Elastic RAN Carrier Aggregation is not available towards remote eNodeB.
2025-10-06;11:47:48;AL  ;Minor ;EUtraNetwork=1,ExternalENodeBFunction=2221-650591;Inter Node Carrier Aggregation Service Unavailable;Elastic RAN Carrier Aggregation is not available towards remote eNodeB.
2025-10-06;11:47:52;AL  ;Cleared;ENodeBFunction=1;External Link Failure;X2 link problem to one or several neighbouring eNodeBs. AI: PLMN ID-eNB ID 1 = 2221-650591 PLMN ID-eNB ID 2 = 2221-206488
2025-10-06;11:48:42;AL  ;Cleared;EUtraNetwork=1,ExternalENodeBFunction=2221-206488;Inter Node Carrier Aggregation Service Unavailable;Elastic RAN Carrier Aggregation is not available towards remote eNodeB.
2025-10-06;11:48:40;AL  ;Cleared;EUtraNetwork=1,ExternalENodeBFunction=2221-650591;Inter Node Carrier Aggregation Service Unavailable;Elastic RAN Carrier Aggregation is not available towards remote eNodeB.
2025-10-06;11:57:46;AL  ;Minor ;ENodeBFunction=1;External Link Failure;X2 link problem to one or several neighbouring eNodeBs. AI: PLMN ID-eNB ID 1 = 2221-650591
2025-10-06;11:58:30;AL  ;Minor ;EUtraNetwork=1,ExternalENodeBFunction=2221-206488;Inter Node Carrier Aggregation Service Unavailable;Elastic RAN Carrier Aggregation is not available towards remote eNodeB.
2025-10-06;11:58:43;AL  ;Cleared;ENodeBFunction=1;External Link Failure;X2 link problem to one or several neighbouring eNodeBs. AI: PLMN ID-eNB ID 1 = 2221-650591 PLMN ID-eNB ID 2 = 2221-206488
2025-10-06;11:58:45;AL  ;Minor ;EUtraNetwork=1,ExternalENodeBFunction=2221-650591;Inter Node Carrier Aggregation Service Unavailable;Elastic RAN Carrier Aggregation is not available towards remote eNodeB.
2025-10-06;13:19:39;AL  ;Cleared;EUtraNetwork=1,ExternalENodeBFunction=2221-650591;Inter Node Carrier Aggregation Service Unavailable;Elastic RAN Carrier Aggregation is not available towards remote eNodeB.
2025-10-06;13:19:39;AL  ;Cleared;EUtraNetwork=1,ExternalENodeBFunction=2221-206488;Inter Node Carrier Aggregation Service Unavailable;Elastic RAN Carrier Aggregation is not available towards remote eNodeB.
2025-10-06;13:26:30;AL  ;Minor ;EUtraNetwork=1,ExternalENodeBFunction=2221-650591;Inter Node Carrier Aggregation Service Unavailable;Elastic RAN Carrier Aggregation is not available towards remote eNodeB.
2025-10-06;13:26:33;AL  ;Minor ;EUtraNetwork=1,ExternalENodeBFunction=2221-206488;Inter Node Carrier Aggregation Service Unavailable;Elastic RAN Carrier Aggregation is not available towards remote eNodeB.


CZ4EE> lgec -m 30d

251007-11:28:17+0200 19.31.9.166 25.0h MSRBS_NODE_MODEL_25.Q1_693.28324.131_62ac stopfile=/tmp/803447

Startdate=20250907.092817, Enddate=20251008.092817
Date;Time;Log;Severity;Object;Event;Cause;AdditionalText;AckState;Id;NotificationId;CorrelatedAlarms
Executing action Log.export()
..
Log=AlertLog                    actionId=7041
...
=================================================================================================================
MO                  actionId result      resultInfo
=================================================================================================================
LogM=1,Log=AlertLog 7041     1 (SUCCESS)           
cat  /ericsson/log/amos/moshell_logfiles/t20251007_37258710_53697/logs_moshell/tempfiles/scp-2-amos_20251007-112735_803383/rcslogs/AlertLog_20231018__091633_20250224__231733.log /ericsson/log/amos/moshell_logfiles/t20251007_37258710_53697/logs_moshell/tempfiles/scp-2-amos_20251007-112735_803383/rcslogs/AlertLog_20250224__231733.log > /ericsson/log/amos/moshell_logfiles/t20251007_37258710_53697/logs_moshell/tempfiles/scp-2-amos_20251007-112735_803383/eventLog803447.xml

Bye...
Output has been logged to file /mta_fs/UserFiles/37258710/amosbatch/2025-10-07_11-07-01_53697/CZ4EE.log
