Logging to file /mta_fs/UserFiles/37258710/amosbatch/2025-10-07_11-07-01_53697/CZ63L.log
                        __  __  ____   _____
                  /\   |  \/  |/ __ \ / ____|
                 /  \  | \  / | |  | | (___  
                / /\ \ | |\/| | |  | |\___ \ 
               / ____ \| |  | | |__| |____) |
              /_/    \_\_|  |_|\____/|_____/
              OSS Framework for MoShell-25.0h 
  Copyright (c) Ericsson AB 2001-2025 - All Rights Reserved
              
           
[1;31mWARNING: [0mthe AMOS version currently running is more than 22 weeks old and is unsupported.
Please upgrade as soon as possible to the latest released version, available from your local Ericsson support.

$amosrb_pid = 712211

Checking ip contact...OK

HELP MENU            : h
BASIC MO COMMANDS    : m
OTHER MO COMMANDS    : n
OTHER COMMANDS       : o
PM COMMANDS          : p
QUIT                 : q

CZ63L> lt all

251007-11:16:52+0200 19.31.16.188 25.0h  stopfile=/tmp/711880
Looking up temporary_amos account... OK.
Trying temporary_amos_t20251007_37258710_53697_313's password from amos lookupAccount ... OK

$ssh_pid = 713419

Connected to 19.31.16.188 (SubNetwork=BBMM_rckomc_R,MeContext=CZ63L,ManagedElement=CZ63L)

Checking MOM version...MSRBS_NODE_MODEL_25.Q1_693.28324.131_62ac
Parsing MOM (cached): /ericsson/log/amos/moshell_logfiles/t20251007_37258710_53697/logs_moshell/tempfiles/scp-2-amos_20251007-111645_711752/MSRBS_NODE_MODEL_25.Q1_693.28324.131_62ac.xml.cache.gz ..................................................................................................................................................................................................................................Done.
Using paramfile /opt/ericsson/amos/moshell/commonjars/pm/PARAM_MSRBS_25.Q1.txt
Parsing file /opt/ericsson/amos/moshell/commonjars/pm/PARAM_MSRBS_25.Q1.txt .......................................................................................Done.
Using imomdfile /opt/ericsson/amos/moshell/commonjars/pm/IMOMD_MSRBS_22.Q4.txt
Using imomfile /opt/ericsson/amos/moshell/commonjars/pm/IMOM_MSRBS_25.Q1.txt
Connected to 19.31.16.188 (SubNetwork=BBMM_rckomc_R,MeContext=CZ63L,ManagedElement=CZ63L)

Last MO: 16685. Loaded 16685 MOs. Total: 16686 MOs.

CZ63L> hget EUtranCellFDD ^cellid

251007-11:17:06+0200 19.31.16.188 25.0h MSRBS_NODE_MODEL_25.Q1_693.28324.131_62ac stopfile=/tmp/711880

=================================================================================================================
MO                   cellId
=================================================================================================================
EUtranCellFDD=CZ63L1 21    
EUtranCellFDD=CZ63L2 22    
EUtranCellFDD=CZ63L3 23    
=================================================================================================================
Total: 3 MOs

Added 3 MOs to group: hget_group

CZ63L> hget NbIotCell ^cellid

251007-11:17:06+0200 19.31.16.188 25.0h MSRBS_NODE_MODEL_25.Q1_693.28324.131_62ac stopfile=/tmp/711880
Total: 0 MOs

CZ63L> hget NRCellDU ^cellLocalId

251007-11:17:06+0200 19.31.16.188 25.0h MSRBS_NODE_MODEL_25.Q1_693.28324.131_62ac stopfile=/tmp/711880
Total: 0 MOs

CZ63L> lgdc -m 30d

251007-11:17:06+0200 19.31.16.188 25.0h MSRBS_NODE_MODEL_25.Q1_693.28324.131_62ac stopfile=/tmp/711880

Startdate=20250907.091707, Enddate=20251008.091707
INFO: Using amos lookupAccount credentials for the export login

Executing action LogM.exportAvailabilityLog()
...LogM=1,exportAvailabilityLog    actionId=6877
...
=================================================================================================================
MO     actionId result      resultInfo
=================================================================================================================
LogM=1 6877     1 (SUCCESS)           
cp /ericsson/log/amos/moshell_logfiles/t20251007_37258710_53697/logs_moshell/tempfiles/scp-2-amos_20251007-111645_711752/rcslogs/RBS_CS_AVAILABILITY_LOG_20251007091709.xml /ericsson/log/amos/moshell_logfiles/t20251007_37258710_53697/logs_moshell/tempfiles/scp-2-amos_20251007-111645_711752/availabilityLog711880.xml
Parsing availabilityLog.....Done.
..
Date;Time;RestartType;SwVersion;SwRelease;RCSDowntime;ApplicationDowntime;TNDowntime;RATsDowntime;ExtraInfo;ExtraInfo2
2025-09-08;03:18:04;PartialOutage(Manual);33% Lrat Cell 21; ();13s;;;;;
2025-09-08;03:18:22;PartialOutage(Manual);33% Lrat Cell 23; ();8s;;;;;
2025-09-08;03:18:36;PartialOutage(Manual);33% Lrat Cell 22; ();8s;;;;;
2025-09-18;09:55:50;PartialOutage(System);100% Lrat Cell 21 22 23; ();12s;;;;;

Node uptime since last restart: 1639273 seconds (18 days, 23 hours, 21 minutes, 13 seconds)
------------------------------------------------------------------------------------------------------
Period=30 days       NodeUpgrade      NodeManual       NodeSpontaneous  AllNodeRestarts  PartialOutages  
------------------------------------------------------------------------------------------------------
Number Of outages    0                0                0                0                4               
Total downtime       0s               0s               0s               0s               41s             
Downtime per day     0s               0s               0s               0s               1s              
Downtime per outage  0s               0s               0s               0s               10s             

CZ63L> lgac -m 30d

251007-11:17:15+0200 19.31.16.188 25.0h MSRBS_NODE_MODEL_25.Q1_693.28324.131_62ac stopfile=/tmp/711880

Startdate=20250907.091715, Enddate=20251008.091715
Date;Time;Log;Severity;Object;Event;Cause;AdditionalText;AckState;Id;NotificationId;CorrelatedAlarms
Executing action Log.export()
..
Log=AlarmLog                    actionId=6878
..........
=================================================================================================================
MO                  actionId result      resultInfo
=================================================================================================================
LogM=1,Log=AlarmLog 6878     1 (SUCCESS)           
cat  /ericsson/log/amos/moshell_logfiles/t20251007_37258710_53697/logs_moshell/tempfiles/scp-2-amos_20251007-111645_711752/rcslogs/saLogAlarm_20250224__074126_20250224__145714.log /ericsson/log/amos/moshell_logfiles/t20251007_37258710_53697/logs_moshell/tempfiles/scp-2-amos_20251007-111645_711752/rcslogs/saLogAlarm_20250224__145714_20250224__221605.log /ericsson/log/amos/moshell_logfiles/t20251007_37258710_53697/logs_moshell/tempfiles/scp-2-amos_20251007-111645_711752/rcslogs/saLogAlarm_20250224__221605_20250224__231546.log /ericsson/log/amos/moshell_logfiles/t20251007_37258710_53697/logs_moshell/tempfiles/scp-2-amos_20251007-111645_711752/rcslogs/saLogAlarm_20250224__231546.log > /ericsson/log/amos/moshell_logfiles/t20251007_37258710_53697/logs_moshell/tempfiles/scp-2-amos_20251007-111645_711752/alarmLog711880.xml
2025-09-07;12:51:41;AL  ;Cleared;EUtraNetwork=1,ExternalENodeBFunction=2221-650351;Inter Node Carrier Aggregation Service Unavailable;Elastic RAN Carrier Aggregation is not available towards remote eNodeB.
2025-09-09;10:27:15;AL  ;Minor ;EUtraNetwork=1,ExternalENodeBFunction=2221-650351;Inter Node Carrier Aggregation Service Unavailable;Elastic RAN Carrier Aggregation is not available towards remote eNodeB.
2025-09-14;08:22:09;AL  ;Cleared;EUtraNetwork=1,ExternalENodeBFunction=2221-650351;Inter Node Carrier Aggregation Service Unavailable;Elastic RAN Carrier Aggregation is not available towards remote eNodeB.
2025-09-14;08:23:11;AL  ;Minor ;EUtraNetwork=1,ExternalENodeBFunction=2221-650351;Inter Node Carrier Aggregation Service Unavailable;Elastic RAN Carrier Aggregation is not available towards remote eNodeB.
2025-09-14;13:01:02;AL  ;Cleared;EUtraNetwork=1,ExternalENodeBFunction=2221-650351;Inter Node Carrier Aggregation Service Unavailable;Elastic RAN Carrier Aggregation is not available towards remote eNodeB.
2025-09-16;09:56:08;AL  ;Warning;ENodeBFunction=1;PLMN Service Redundancy Lost;S1 connection failure for PLMN connected with link represented by MO listed in Additional Information. AI: PLMN = ["2221"],DN1=ManagedElement=1,ENodeBFunction=1,TermPointToMme=5,
2025-09-16;09:56:38;AL  ;Cleared;ENodeBFunction=1;PLMN Service Redundancy Lost;S1 connection failure for PLMN connected with link represented by MO listed in Additional Information. AI: PLMN = ["2221"],DN1=ManagedElement=1,ENodeBFunction=1,TermPointToMme=5,
2025-09-18;08:57:25;AL  ;Major ;Synchronization=1,RadioEquipmentClock=1,RadioEquipmentClockReference=PTP;Sync PTP Time Reliability Fault;Master clock class problem, Master clock accuracy problem, Master time not traceable
2025-09-18;09:03:19;AL  ;Cleared;Synchronization=1,RadioEquipmentClock=1,RadioEquipmentClockReference=PTP;Sync PTP Time Reliability Fault;Master time not traceable
2025-09-18;09:55:37;AL  ;Minor ;ENodeBFunction=1;Sync Time and Phase Accuracy Too Low;Time and phase sync accuracy crossed the threshold for features interworking with NR.
2025-09-18;09:55:38;AL  ;Minor ;EUtranCellFDD=CZ63L1;Service Degraded;This is a secondary alarm, use alarm correlation information in Additional Information to find primary alarm.
2025-09-18;09:55:38;AL  ;Minor ;EUtranCellFDD=CZ63L2;Service Degraded;This is a secondary alarm, use alarm correlation information in Additional Information to find primary alarm.
2025-09-18;09:55:38;AL  ;Minor ;EUtranCellFDD=CZ63L3;Service Degraded;This is a secondary alarm, use alarm correlation information in Additional Information to find primary alarm.
2025-09-18;09:55:50;AL  ;Cleared;EUtranCellFDD=CZ63L1;Service Degraded;This is a secondary alarm, use alarm correlation information in Additional Information to find primary alarm.
2025-09-18;09:55:50;AL  ;Cleared;EUtranCellFDD=CZ63L2;Service Degraded;This is a secondary alarm, use alarm correlation information in Additional Information to find primary alarm.
2025-09-18;09:55:50;AL  ;Cleared;EUtranCellFDD=CZ63L3;Service Degraded;This is a secondary alarm, use alarm correlation information in Additional Information to find primary alarm.
2025-09-18;09:55:50;AL  ;Cleared;ENodeBFunction=1;Sync Time and Phase Accuracy Too Low;Time and phase sync accuracy crossed the threshold for features interworking with NR.
2025-09-18;16:27:15;AL  ;Minor ;EUtraNetwork=1,ExternalENodeBFunction=2221-650351;Inter Node Carrier Aggregation Service Unavailable;Elastic RAN Carrier Aggregation is not available towards remote eNodeB.
2025-09-21;08:15:10;AL  ;Cleared;EUtraNetwork=1,ExternalENodeBFunction=2221-650351;Inter Node Carrier Aggregation Service Unavailable;Elastic RAN Carrier Aggregation is not available towards remote eNodeB.
2025-09-21;08:16:12;AL  ;Minor ;EUtraNetwork=1,ExternalENodeBFunction=2221-650351;Inter Node Carrier Aggregation Service Unavailable;Elastic RAN Carrier Aggregation is not available towards remote eNodeB.
2025-09-21;12:39:13;AL  ;Cleared;EUtraNetwork=1,ExternalENodeBFunction=2221-650351;Inter Node Carrier Aggregation Service Unavailable;Elastic RAN Carrier Aggregation is not available towards remote eNodeB.
2025-09-23;08:55:56;AL  ;Minor ;EUtraNetwork=1,ExternalENodeBFunction=2221-650351;Inter Node Carrier Aggregation Service Unavailable;Elastic RAN Carrier Aggregation is not available towards remote eNodeB.
2025-09-26;07:56:09;AL  ;Major ;Synchronization=1,RadioEquipmentClock=1,RadioEquipmentClockReference=PTP;Sync PTP Time Reliability Fault;Master time not traceable, Master timescale not PTP
2025-09-26;08:07:38;AL  ;Cleared;Synchronization=1,RadioEquipmentClock=1,RadioEquipmentClockReference=PTP;Sync PTP Time Reliability Fault;Master time not traceable
2025-09-28;08:16:34;AL  ;Cleared;EUtraNetwork=1,ExternalENodeBFunction=2221-650351;Inter Node Carrier Aggregation Service Unavailable;Elastic RAN Carrier Aggregation is not available towards remote eNodeB.
2025-09-28;08:17:36;AL  ;Minor ;EUtraNetwork=1,ExternalENodeBFunction=2221-650351;Inter Node Carrier Aggregation Service Unavailable;Elastic RAN Carrier Aggregation is not available towards remote eNodeB.
2025-09-28;12:36:37;AL  ;Cleared;EUtraNetwork=1,ExternalENodeBFunction=2221-650351;Inter Node Carrier Aggregation Service Unavailable;Elastic RAN Carrier Aggregation is not available towards remote eNodeB.
2025-09-29;11:27:57;AL  ;Minor ;ENodeBFunction=1;External Link Failure;X2 link problem to one or several neighbouring eNodeBs. AI: PLMN ID-eNB ID 1 = 2221-650351
2025-09-29;14:30:51;AL  ;Warning;ENodeBFunction=1;PLMN Service Redundancy Lost;S1 connection failure for PLMN connected with link represented by MO listed in Additional Information. AI: PLMN = ["2221"],DN1=ManagedElement=1,ENodeBFunction=1,TermPointToMme=5,
2025-09-29;14:31:21;AL  ;Cleared;ENodeBFunction=1;PLMN Service Redundancy Lost;S1 connection failure for PLMN connected with link represented by MO listed in Additional Information. AI: PLMN = ["2221"],DN1=ManagedElement=1,ENodeBFunction=1,TermPointToMme=5,
2025-09-29;19:10:59;AL  ;Minor ;ENodeBFunction=1;External Link Failure;X2 link problem to one or several neighbouring eNodeBs. AI: PLMN ID-eNB ID 1 = 2221-650351
2025-09-29;19:11:26;AL  ;Cleared;ENodeBFunction=1;External Link Failure;X2 link problem to one or several neighbouring eNodeBs. AI: PLMN ID-eNB ID 1 = 2221-650351
2025-09-29;21:11:08;AL  ;Minor ;EUtraNetwork=1,ExternalENodeBFunction=2221-650351;Inter Node Carrier Aggregation Service Unavailable;Elastic RAN Carrier Aggregation is not available towards remote eNodeB.
2025-10-05;08:09:24;AL  ;Cleared;EUtraNetwork=1,ExternalENodeBFunction=2221-650351;Inter Node Carrier Aggregation Service Unavailable;Elastic RAN Carrier Aggregation is not available towards remote eNodeB.
2025-10-05;08:10:26;AL  ;Minor ;EUtraNetwork=1,ExternalENodeBFunction=2221-650351;Inter Node Carrier Aggregation Service Unavailable;Elastic RAN Carrier Aggregation is not available towards remote eNodeB.
2025-10-05;12:17:11;AL  ;Cleared;EUtraNetwork=1,ExternalENodeBFunction=2221-650351;Inter Node Carrier Aggregation Service Unavailable;Elastic RAN Carrier Aggregation is not available towards remote eNodeB.


CZ63L> lgec -m 30d

251007-11:17:24+0200 19.31.16.188 25.0h MSRBS_NODE_MODEL_25.Q1_693.28324.131_62ac stopfile=/tmp/711880

Startdate=20250907.091724, Enddate=20251008.091724
Date;Time;Log;Severity;Object;Event;Cause;AdditionalText;AckState;Id;NotificationId;CorrelatedAlarms
Executing action Log.export()
..
Log=AlertLog                    actionId=6879
...
=================================================================================================================
MO                  actionId result      resultInfo
=================================================================================================================
LogM=1,Log=AlertLog 6879     1 (SUCCESS)           
cat  /ericsson/log/amos/moshell_logfiles/t20251007_37258710_53697/logs_moshell/tempfiles/scp-2-amos_20251007-111645_711752/rcslogs/AlertLog_20250212__092950_20250224__231618.log /ericsson/log/amos/moshell_logfiles/t20251007_37258710_53697/logs_moshell/tempfiles/scp-2-amos_20251007-111645_711752/rcslogs/AlertLog_20250224__231618.log > /ericsson/log/amos/moshell_logfiles/t20251007_37258710_53697/logs_moshell/tempfiles/scp-2-amos_20251007-111645_711752/eventLog711880.xml
2025-09-18;09:55:54;EV  ;Warning;EUtranCellFDD=CZ63L3;Cell Service Unavailable Auto Recovery Initiated Alert;
2025-09-18;09:55:59;EV  ;Warning;RiLink=S180-1;Radio Interface Connectivity Disturbance Alert;Near end port:FieldReplaceableUnit=BB-1,RiPort=D (transportType=NOT_SET). SUPPRESSED
2025-09-18;09:55:59;EV  ;Warning;RiLink=S182-1;Radio Interface Connectivity Disturbance Alert;Near end port:FieldReplaceableUnit=BB-1,RiPort=E (transportType=NOT_SET). SUPPRESSED
2025-09-18;09:55:59;EV  ;Warning;RiLink=S222-1;Radio Interface Connectivity Disturbance Alert;Near end port:FieldReplaceableUnit=BB-1,RiPort=C (transportType=NOT_SET) (Mixed Mode with other ME). SUPPRESSED
2025-09-18;09:55:59;EV  ;Warning;RiLink=S221-1;Radio Interface Connectivity Disturbance Alert;Near end port:FieldReplaceableUnit=BB-1,RiPort=B (transportType=NOT_SET) (Mixed Mode with other ME). SUPPRESSED
2025-09-18;09:55:59;EV  ;Warning;RiLink=S220-1;Radio Interface Connectivity Disturbance Alert;Near end port:FieldReplaceableUnit=BB-1,RiPort=A (transportType=NOT_SET) (Mixed Mode with other ME). SUPPRESSED
2025-09-18;09:56:02;EV  ;Warning;EUtranCellFDD=CZ63L3;Cell Service Available Auto Recovery Successful Alert;

Bye...
Output has been logged to file /mta_fs/UserFiles/37258710/amosbatch/2025-10-07_11-07-01_53697/CZ63L.log
