Logging to file /mta_fs/UserFiles/37258710/amosbatch/2025-10-07_11-07-01_53697/CZ7CL.log
                        __  __  ____   _____
                  /\   |  \/  |/ __ \ / ____|
                 /  \  | \  / | |  | | (___  
                / /\ \ | |\/| | |  | |\___ \ 
               / ____ \| |  | | |__| |____) |
              /_/    \_\_|  |_|\____/|_____/
              OSS Framework for MoShell-25.0h 
  Copyright (c) Ericsson AB 2001-2025 - All Rights Reserved
              
           
[1;31mWARNING: [0mthe AMOS version currently running is more than 22 weeks old and is unsupported.
Please upgrade as soon as possible to the latest released version, available from your local Ericsson support.

$amosrb_pid = 1231429

Checking ip contact...OK

HELP MENU            : h
BASIC MO COMMANDS    : m
OTHER MO COMMANDS    : n
OTHER COMMANDS       : o
PM COMMANDS          : p
QUIT                 : q

CZ7CL> lt all

251007-12:19:46+0200 19.31.10.218 25.0h  stopfile=/tmp/1231301
Looking up temporary_amos account... OK.
Trying temporary_amos_t20251007_37258710_53697_313's password from amos lookupAccount ... OK

$ssh_pid = 1232259

Connected to 19.31.10.218 (SubNetwork=BBMM_rckomc_R,MeContext=CZ7CL,ManagedElement=CZ7CL)

Checking MOM version...MSRBS_NODE_MODEL_25.Q1_198665.224.73_bf81
Parsing MOM (cached): /ericsson/log/amos/moshell_logfiles/t20251007_37258710_53697/logs_moshell/tempfiles/scp-2-amos_20251007-121939_1231219/MSRBS_NODE_MODEL_25.Q1_198665.224.73_bf81.xml.cache.gz ......................................................................................................................................................................................................................Done.
Using paramfile /opt/ericsson/amos/moshell/commonjars/pm/PARAM_MSRBSG2_25.Q1.txt
Parsing file /opt/ericsson/amos/moshell/commonjars/pm/PARAM_MSRBSG2_25.Q1.txt ......................................................................................Done.
Using imomdfile /opt/ericsson/amos/moshell/commonjars/pm/IMOMD_MSRBS_22.Q4.txt
Using imomfile /opt/ericsson/amos/moshell/commonjars/pm/IMOM_MSRBS_25.Q1.txt
Connected to 19.31.10.218 (SubNetwork=BBMM_rckomc_R,MeContext=CZ7CL,ManagedElement=CZ7CL)

Last MO: 17449. Loaded 17449 MOs. Total: 17450 MOs.

CZ7CL> hget EUtranCellFDD ^cellid

251007-12:20:07+0200 19.31.10.218 25.0h MSRBS_NODE_MODEL_25.Q1_198665.224.73_bf81 stopfile=/tmp/1231301

=================================================================================================================
MO                   cellId
=================================================================================================================
EUtranCellFDD=CZ7CL1 21    
EUtranCellFDD=CZ7CL2 22    
EUtranCellFDD=CZ7CL3 23    
=================================================================================================================
Total: 3 MOs

Added 3 MOs to group: hget_group

CZ7CL> hget NbIotCell ^cellid

251007-12:20:07+0200 19.31.10.218 25.0h MSRBS_NODE_MODEL_25.Q1_198665.224.73_bf81 stopfile=/tmp/1231301
Total: 0 MOs

CZ7CL> hget NRCellDU ^cellLocalId

251007-12:20:07+0200 19.31.10.218 25.0h MSRBS_NODE_MODEL_25.Q1_198665.224.73_bf81 stopfile=/tmp/1231301
Total: 0 MOs

CZ7CL> lgdc -m 30d

251007-12:20:08+0200 19.31.10.218 25.0h MSRBS_NODE_MODEL_25.Q1_198665.224.73_bf81 stopfile=/tmp/1231301

Startdate=20250907.102008, Enddate=20251008.102008
INFO: Using amos lookupAccount credentials for the export login

Executing action LogM.exportAvailabilityLog()
...LogM=1,exportAvailabilityLog    actionId=7967
...
=================================================================================================================
MO     actionId result      resultInfo
=================================================================================================================
LogM=1 7967     1 (SUCCESS)           
cp /ericsson/log/amos/moshell_logfiles/t20251007_37258710_53697/logs_moshell/tempfiles/scp-2-amos_20251007-121939_1231219/rcslogs/RBS_CS_AVAILABILITY_LOG_20251007102012.xml /ericsson/log/amos/moshell_logfiles/t20251007_37258710_53697/logs_moshell/tempfiles/scp-2-amos_20251007-121939_1231219/availabilityLog1231301.xml
Parsing availabilityLog.....Done.
..
Date;Time;RestartType;SwVersion;SwRelease;RCSDowntime;ApplicationDowntime;TNDowntime;RATsDowntime;ExtraInfo;ExtraInfo2
2025-09-08;03:02:42;PartialOutage(Manual);33% Lrat Cell 22; ();11s;;;;;
2025-09-08;03:02:57;PartialOutage(Manual);33% Lrat Cell 21; ();10s;;;;;
2025-09-08;03:03:11;PartialOutage(Manual);33% Lrat Cell 23; ();9s;;;;;
2025-09-26;15:28:22;PartialOutage(System);100% Lrat Cell 21 22 23; ();14s;;;;;

Node uptime since last restart: 931902 seconds (10 days, 18 hours, 51 minutes, 42 seconds)
------------------------------------------------------------------------------------------------------
Period=30 days       NodeUpgrade      NodeManual       NodeSpontaneous  AllNodeRestarts  PartialOutages  
------------------------------------------------------------------------------------------------------
Number Of outages    0                0                0                0                4               
Total downtime       0s               0s               0s               0s               44s             
Downtime per day     0s               0s               0s               0s               1s              
Downtime per outage  0s               0s               0s               0s               11s             

CZ7CL> lgac -m 30d

251007-12:20:18+0200 19.31.10.218 25.0h MSRBS_NODE_MODEL_25.Q1_198665.224.73_bf81 stopfile=/tmp/1231301

Startdate=20250907.102018, Enddate=20251008.102019
Date;Time;Log;Severity;Object;Event;Cause;AdditionalText;AckState;Id;NotificationId;CorrelatedAlarms
Executing action Log.export()
..
Log=AlarmLog                    actionId=7968
..........
=================================================================================================================
MO                  actionId result      resultInfo
=================================================================================================================
LogM=1,Log=AlarmLog 7968     1 (SUCCESS)           
cat  /ericsson/log/amos/moshell_logfiles/t20251007_37258710_53697/logs_moshell/tempfiles/scp-2-amos_20251007-121939_1231219/rcslogs/saLogAlarm_20220715__075328_20240610__223005.log /ericsson/log/amos/moshell_logfiles/t20251007_37258710_53697/logs_moshell/tempfiles/scp-2-amos_20251007-121939_1231219/rcslogs/saLogAlarm_20240610__223005_20250527__000006.log /ericsson/log/amos/moshell_logfiles/t20251007_37258710_53697/logs_moshell/tempfiles/scp-2-amos_20251007-121939_1231219/rcslogs/saLogAlarm_20250527__000006.log > /ericsson/log/amos/moshell_logfiles/t20251007_37258710_53697/logs_moshell/tempfiles/scp-2-amos_20251007-121939_1231219/alarmLog1231301.xml
2025-09-08;03:03:20;AL  ;Minor ;EUtraNetwork=1,ExternalENodeBFunction=2221-650124;Inter Node Feature Incompatibility;Inter eNodeB CA feature is not activated in remote eNodeB. SUPPRESSED
2025-09-08;03:04:37;AL  ;Cleared;EUtraNetwork=1,ExternalENodeBFunction=2221-650124;Inter Node Feature Incompatibility;Inter eNodeB CA feature is not activated in remote eNodeB. SUPPRESSED
2025-09-08;09:00:08;AL  ;Minor ;EUtraNetwork=1,ExternalENodeBFunction=2221-650124;Inter Node Feature Incompatibility;Inter eNodeB CA feature is not activated in remote eNodeB. SUPPRESSED
2025-09-08;09:02:14;AL  ;Cleared;EUtraNetwork=1,ExternalENodeBFunction=2221-650124;Inter Node Feature Incompatibility;Inter eNodeB CA feature is not activated in remote eNodeB. SUPPRESSED
2025-09-08;10:14:00;AL  ;Minor ;EUtraNetwork=1,ExternalENodeBFunction=2221-650124;Inter Node Feature Incompatibility;Inter eNodeB CA feature is not activated in remote eNodeB. SUPPRESSED
2025-09-08;10:14:38;AL  ;Cleared;EUtraNetwork=1,ExternalENodeBFunction=2221-650124;Inter Node Feature Incompatibility;Inter eNodeB CA feature is not activated in remote eNodeB. SUPPRESSED
2025-09-08;10:57:51;AL  ;Minor ;EUtraNetwork=1,ExternalENodeBFunction=2221-650124;Inter Node Feature Incompatibility;Inter eNodeB CA feature is not activated in remote eNodeB. SUPPRESSED
2025-09-08;10:58:08;AL  ;Cleared;ENodeBFunction=1;External Link to GNodeB Failure;X2 link problem to one or several neighbouring gNodeBs. AI: PLMN ID-gNB ID 1 = 2221-1051440
2025-09-08;10:58:13;AL  ;Cleared;EUtraNetwork=1,ExternalENodeBFunction=2221-650124;Inter Node Feature Incompatibility;Inter eNodeB CA feature is not activated in remote eNodeB. SUPPRESSED
2025-09-08;16:10:46;AL  ;Minor ;EUtraNetwork=1,ExternalENodeBFunction=2221-650124;Inter Node Feature Incompatibility;Inter eNodeB CA feature is not activated in remote eNodeB. SUPPRESSED
2025-09-08;16:12:21;AL  ;Cleared;EUtraNetwork=1,ExternalENodeBFunction=2221-650124;Inter Node Feature Incompatibility;Inter eNodeB CA feature is not activated in remote eNodeB. SUPPRESSED
2025-09-08;18:37:14;AL  ;Minor ;EUtraNetwork=1,ExternalENodeBFunction=2221-650124;Inter Node Feature Incompatibility;Inter eNodeB CA feature is not activated in remote eNodeB. SUPPRESSED
2025-09-08;18:42:00;AL  ;Cleared;EUtraNetwork=1,ExternalENodeBFunction=2221-650124;Inter Node Feature Incompatibility;Inter eNodeB CA feature is not activated in remote eNodeB. SUPPRESSED
2025-09-08;19:41:02;AL  ;Minor ;EUtraNetwork=1,ExternalENodeBFunction=2221-650124;Inter Node Feature Incompatibility;Inter eNodeB CA feature is not activated in remote eNodeB. SUPPRESSED
2025-09-08;19:43:59;AL  ;Cleared;EUtraNetwork=1,ExternalENodeBFunction=2221-650124;Inter Node Feature Incompatibility;Inter eNodeB CA feature is not activated in remote eNodeB. SUPPRESSED
2025-09-09;07:54:25;AL  ;Minor ;EUtraNetwork=1,ExternalENodeBFunction=2221-650124;Inter Node Feature Incompatibility;Inter eNodeB CA feature is not activated in remote eNodeB. SUPPRESSED
2025-09-09;07:56:55;AL  ;Cleared;EUtraNetwork=1,ExternalENodeBFunction=2221-650124;Inter Node Feature Incompatibility;Inter eNodeB CA feature is not activated in remote eNodeB. SUPPRESSED
2025-09-09;07:57:16;AL  ;Minor ;EUtraNetwork=1,ExternalENodeBFunction=2221-650124;Inter Node Feature Incompatibility;Inter eNodeB CA feature is not activated in remote eNodeB. SUPPRESSED
2025-09-09;07:57:24;AL  ;Cleared;EUtraNetwork=1,ExternalENodeBFunction=2221-650124;Inter Node Feature Incompatibility;Inter eNodeB CA feature is not activated in remote eNodeB. SUPPRESSED
2025-09-09;20:46:21;AL  ;Minor ;ENodeBFunction=1;External Link Failure;X2 link problem to one or several neighbouring eNodeBs. AI: PLMN ID-eNB ID 1 = 2221-650542
2025-09-09;23:09:58;AL  ;Minor ;EUtraNetwork=1,ExternalENodeBFunction=2221-650124;Inter Node Feature Incompatibility;Inter eNodeB CA feature is not activated in remote eNodeB. SUPPRESSED
2025-09-09;23:10:59;AL  ;Cleared;EUtraNetwork=1,ExternalENodeBFunction=2221-650124;Inter Node Feature Incompatibility;Inter eNodeB CA feature is not activated in remote eNodeB. SUPPRESSED
2025-09-09;23:27:05;AL  ;Minor ;EUtraNetwork=1,ExternalENodeBFunction=2221-650124;Inter Node Feature Incompatibility;Inter eNodeB CA feature is not activated in remote eNodeB. SUPPRESSED
2025-09-09;23:27:58;AL  ;Cleared;EUtraNetwork=1,ExternalENodeBFunction=2221-650124;Inter Node Feature Incompatibility;Inter eNodeB CA feature is not activated in remote eNodeB. SUPPRESSED
2025-09-10;09:10:48;AL  ;Cleared;EUtraNetwork=1,ExternalENodeBFunction=2221-650519;Inter Node Carrier Aggregation Service Unavailable;Elastic RAN Carrier Aggregation is not available towards remote eNodeB.
2025-09-10;16:50:19;AL  ;Cleared;ENodeBFunction=1;External Link Failure;X2 link problem to one or several neighbouring eNodeBs. AI: PLMN ID-eNB ID 1 = 2221-650542 PLMN ID-eNB ID 2 = 2221-211916
2025-09-11;06:14:50;AL  ;Minor ;EUtraNetwork=1,ExternalENodeBFunction=2221-650124;Inter Node Feature Incompatibility;Inter eNodeB CA feature is not activated in remote eNodeB. SUPPRESSED
2025-09-11;06:17:19;AL  ;Cleared;EUtraNetwork=1,ExternalENodeBFunction=2221-650124;Inter Node Feature Incompatibility;Inter eNodeB CA feature is not activated in remote eNodeB. SUPPRESSED
2025-09-11;08:07:50;AL  ;Minor ;EUtraNetwork=1,ExternalENodeBFunction=2221-650124;Inter Node Feature Incompatibility;Inter eNodeB CA feature is not activated in remote eNodeB. SUPPRESSED
2025-09-11;08:09:45;AL  ;Cleared;EUtraNetwork=1,ExternalENodeBFunction=2221-650124;Inter Node Feature Incompatibility;Inter eNodeB CA feature is not activated in remote eNodeB. SUPPRESSED
2025-09-11;08:49:03;AL  ;Minor ;EUtraNetwork=1,ExternalENodeBFunction=2221-650124;Inter Node Feature Incompatibility;Inter eNodeB CA feature is not activated in remote eNodeB. SUPPRESSED
2025-09-11;08:49:12;AL  ;Cleared;EUtraNetwork=1,ExternalENodeBFunction=2221-650124;Inter Node Feature Incompatibility;Inter eNodeB CA feature is not activated in remote eNodeB. SUPPRESSED
2025-09-11;10:05:40;AL  ;Minor ;EUtraNetwork=1,ExternalENodeBFunction=2221-650124;Inter Node Feature Incompatibility;Inter eNodeB CA feature is not activated in remote eNodeB. SUPPRESSED
2025-09-11;10:08:13;AL  ;Cleared;EUtraNetwork=1,ExternalENodeBFunction=2221-650124;Inter Node Feature Incompatibility;Inter eNodeB CA feature is not activated in remote eNodeB. SUPPRESSED
2025-09-11;14:33:16;AL  ;Minor ;ENodeBFunction=1;External Link Failure;X2 link problem to one or several neighbouring eNodeBs. AI: PLMN ID-eNB ID 1 = 2221-210094
2025-09-12;00:09:21;AL  ;Minor ;ENodeBFunction=1;External Link Failure;X2 link problem to one or several neighbouring eNodeBs. AI: PLMN ID-eNB ID 1 = 2221-210094 PLMN ID-eNB ID 2 = 2221-650542
2025-09-12;12:07:47;AL  ;Minor ;EUtraNetwork=1,ExternalENodeBFunction=2221-650124;Inter Node Feature Incompatibility;Inter eNodeB CA feature is not activated in remote eNodeB. SUPPRESSED
2025-09-12;12:08:23;AL  ;Cleared;EUtraNetwork=1,ExternalENodeBFunction=2221-650124;Inter Node Feature Incompatibility;Inter eNodeB CA feature is not activated in remote eNodeB. SUPPRESSED
2025-09-12;15:01:59;AL  ;Minor ;EUtraNetwork=1,ExternalENodeBFunction=2221-650124;Inter Node Feature Incompatibility;Inter eNodeB CA feature is not activated in remote eNodeB. SUPPRESSED
2025-09-12;15:05:03;AL  ;Cleared;EUtraNetwork=1,ExternalENodeBFunction=2221-650124;Inter Node Feature Incompatibility;Inter eNodeB CA feature is not activated in remote eNodeB. SUPPRESSED
2025-09-12;23:27:06;AL  ;Minor ;EUtraNetwork=1,ExternalENodeBFunction=2221-650124;Inter Node Feature Incompatibility;Inter eNodeB CA feature is not activated in remote eNodeB. SUPPRESSED
2025-09-12;23:27:34;AL  ;Cleared;EUtraNetwork=1,ExternalENodeBFunction=2221-650124;Inter Node Feature Incompatibility;Inter eNodeB CA feature is not activated in remote eNodeB. SUPPRESSED
2025-09-12;23:32:59;AL  ;Minor ;EUtraNetwork=1,ExternalENodeBFunction=2221-650124;Inter Node Feature Incompatibility;Inter eNodeB CA feature is not activated in remote eNodeB. SUPPRESSED
2025-09-12;23:33:08;AL  ;Cleared;EUtraNetwork=1,ExternalENodeBFunction=2221-650124;Inter Node Feature Incompatibility;Inter eNodeB CA feature is not activated in remote eNodeB. SUPPRESSED
2025-09-13;02:01:19;AL  ;Minor ;EUtraNetwork=1,ExternalENodeBFunction=2221-650124;Inter Node Feature Incompatibility;Inter eNodeB CA feature is not activated in remote eNodeB. SUPPRESSED
2025-09-13;02:06:40;AL  ;Cleared;EUtraNetwork=1,ExternalENodeBFunction=2221-650124;Inter Node Feature Incompatibility;Inter eNodeB CA feature is not activated in remote eNodeB. SUPPRESSED
2025-09-13;06:17:48;AL  ;Minor ;EUtraNetwork=1,ExternalENodeBFunction=2221-650124;Inter Node Feature Incompatibility;Inter eNodeB CA feature is not activated in remote eNodeB. SUPPRESSED
2025-09-13;06:18:06;AL  ;Cleared;EUtraNetwork=1,ExternalENodeBFunction=2221-650124;Inter Node Feature Incompatibility;Inter eNodeB CA feature is not activated in remote eNodeB. SUPPRESSED
2025-09-13;12:10:53;AL  ;Minor ;ENodeBFunction=1;External Link Failure;X2 link problem to one or several neighbouring eNodeBs. AI: PLMN ID-eNB ID 1 = 2221-210094
2025-09-13;14:00:28;AL  ;Cleared;ENodeBFunction=1;External Link Failure;X2 link problem to one or several neighbouring eNodeBs. AI: PLMN ID-eNB ID 1 = 2221-210094
2025-09-14;06:01:07;AL  ;Minor ;EUtraNetwork=1,ExternalENodeBFunction=2221-650519;Inter Node Feature Incompatibility;Inter eNodeB CA feature is not activated in remote eNodeB. SUPPRESSED
2025-09-14;06:01:21;AL  ;Cleared;EUtraNetwork=1,ExternalENodeBFunction=2221-650519;Inter Node Feature Incompatibility;Inter eNodeB CA feature is not activated in remote eNodeB. SUPPRESSED
2025-09-14;07:58:32;AL  ;Minor ;EUtraNetwork=1,ExternalENodeBFunction=2221-209707;Inter Node Carrier Aggregation Service Unavailable;Elastic RAN Carrier Aggregation is not available towards remote eNodeB.
2025-09-14;08:02:03;AL  ;Minor ;EUtraNetwork=1,ExternalENodeBFunction=2221-650519;Inter Node Feature Incompatibility;Inter eNodeB CA feature is not activated in remote eNodeB. SUPPRESSED
2025-09-14;08:02:19;AL  ;Minor ;EUtraNetwork=1,ExternalENodeBFunction=2221-650124;Inter Node Feature Incompatibility;Inter eNodeB CA feature is not activated in remote eNodeB. SUPPRESSED
2025-09-14;08:08:51;AL  ;Cleared;EUtraNetwork=1,ExternalENodeBFunction=2221-650124;Inter Node Feature Incompatibility;Inter eNodeB CA feature is not activated in remote eNodeB. SUPPRESSED
2025-09-14;08:08:51;AL  ;Cleared;EUtraNetwork=1,ExternalENodeBFunction=2221-650519;Inter Node Feature Incompatibility;Inter eNodeB CA feature is not activated in remote eNodeB. SUPPRESSED
2025-09-14;08:13:32;AL  ;Cleared;EUtraNetwork=1,ExternalENodeBFunction=2221-209707;Inter Node Carrier Aggregation Service Unavailable;Elastic RAN Carrier Aggregation is not available towards remote eNodeB.
2025-09-14;08:17:57;AL  ;Minor ;EUtraNetwork=1,ExternalENodeBFunction=2221-650124;Inter Node Carrier Aggregation Service Unavailable;Elastic RAN Carrier Aggregation is not available towards remote eNodeB.
2025-09-14;08:29:38;AL  ;Cleared;EUtraNetwork=1,ExternalENodeBFunction=2221-650124;Inter Node Carrier Aggregation Service Unavailable;Elastic RAN Carrier Aggregation is not available towards remote eNodeB.
2025-09-14;08:30:38;AL  ;Minor ;EUtraNetwork=1,ExternalENodeBFunction=2221-650124;Inter Node Carrier Aggregation Service Unavailable;Elastic RAN Carrier Aggregation is not available towards remote eNodeB.
2025-09-14;08:35:01;AL  ;Minor ;EUtraNetwork=1,ExternalENodeBFunction=2221-650519;Inter Node Carrier Aggregation Service Unavailable;Elastic RAN Carrier Aggregation is not available towards remote eNodeB.
2025-09-14;08:54:39;AL  ;Minor ;EUtraNetwork=1,ExternalENodeBFunction=2221-650519;Inter Node Feature Incompatibility;Inter eNodeB CA feature is not activated in remote eNodeB. SUPPRESSED
2025-09-14;08:56:02;AL  ;Cleared;EUtraNetwork=1,ExternalENodeBFunction=2221-650519;Inter Node Feature Incompatibility;Inter eNodeB CA feature is not activated in remote eNodeB. SUPPRESSED
2025-09-14;12:02:14;AL  ;Minor ;EUtraNetwork=1,ExternalENodeBFunction=2221-650519;Inter Node Feature Incompatibility;Inter eNodeB CA feature is not activated in remote eNodeB. SUPPRESSED
2025-09-14;12:03:51;AL  ;Cleared;EUtraNetwork=1,ExternalENodeBFunction=2221-650519;Inter Node Feature Incompatibility;Inter eNodeB CA feature is not activated in remote eNodeB. SUPPRESSED
2025-09-14;12:24:09;AL  ;Minor ;EUtraNetwork=1,ExternalENodeBFunction=2221-650519;Inter Node Feature Incompatibility;Inter eNodeB CA feature is not activated in remote eNodeB. SUPPRESSED
2025-09-14;12:24:39;AL  ;Cleared;EUtraNetwork=1,ExternalENodeBFunction=2221-650519;Inter Node Feature Incompatibility;Inter eNodeB CA feature is not activated in remote eNodeB. SUPPRESSED
2025-09-14;13:02:18;AL  ;Cleared;EUtraNetwork=1,ExternalENodeBFunction=2221-650519;Inter Node Carrier Aggregation Service Unavailable;Elastic RAN Carrier Aggregation is not available towards remote eNodeB.
2025-09-14;13:03:19;AL  ;Minor ;EUtraNetwork=1,ExternalENodeBFunction=2221-650519;Inter Node Feature Incompatibility;Inter eNodeB CA feature is not activated in remote eNodeB. SUPPRESSED
2025-09-14;13:04:55;AL  ;Cleared;EUtraNetwork=1,ExternalENodeBFunction=2221-650519;Inter Node Feature Incompatibility;Inter eNodeB CA feature is not activated in remote eNodeB. SUPPRESSED
2025-09-15;06:01:07;AL  ;Minor ;EUtraNetwork=1,ExternalENodeBFunction=2221-650519;Inter Node Feature Incompatibility;Inter eNodeB CA feature is not activated in remote eNodeB. SUPPRESSED
2025-09-15;06:01:21;AL  ;Cleared;EUtraNetwork=1,ExternalENodeBFunction=2221-650519;Inter Node Feature Incompatibility;Inter eNodeB CA feature is not activated in remote eNodeB. SUPPRESSED
2025-09-15;06:10:37;AL  ;Minor ;ENodeBFunction=1;External Link Failure;X2 link problem to one or several neighbouring eNodeBs. AI: PLMN ID-eNB ID 1 = 2221-209206 PLMN ID-eNB ID 2 = 2221-650571
2025-09-15;10:42:07;AL  ;Cleared;ENodeBFunction=1;External Link Failure;X2 link problem to one or several neighbouring eNodeBs. AI: PLMN ID-eNB ID 1 = 2221-209206 PLMN ID-eNB ID 2 = 2221-650571
2025-09-16;06:01:07;AL  ;Minor ;EUtraNetwork=1,ExternalENodeBFunction=2221-650519;Inter Node Feature Incompatibility;Inter eNodeB CA feature is not activated in remote eNodeB. SUPPRESSED
2025-09-16;06:01:21;AL  ;Cleared;EUtraNetwork=1,ExternalENodeBFunction=2221-650519;Inter Node Feature Incompatibility;Inter eNodeB CA feature is not activated in remote eNodeB. SUPPRESSED
2025-09-16;06:51:59;AL  ;Minor ;EUtraNetwork=1,ExternalENodeBFunction=2221-650519;Inter Node Feature Incompatibility;Inter eNodeB CA feature is not activated in remote eNodeB. SUPPRESSED
2025-09-16;06:52:14;AL  ;Cleared;EUtraNetwork=1,ExternalENodeBFunction=2221-650519;Inter Node Feature Incompatibility;Inter eNodeB CA feature is not activated in remote eNodeB. SUPPRESSED
2025-09-16;09:03:54;AL  ;Minor ;ENodeBFunction=1;External Link Failure;X2 link problem to one or several neighbouring eNodeBs. AI: PLMN ID-eNB ID 1 = 2221-650571 PLMN ID-eNB ID 2 = 2221-209206
2025-09-16;09:20:50;AL  ;Minor ;ENodeBFunction=1;External Link Failure;X2 link problem to one or several neighbouring eNodeBs. AI: PLMN ID-eNB ID 1 = 2221-650571
2025-09-16;09:21:19;AL  ;Cleared;ENodeBFunction=1;External Link Failure;X2 link problem to one or several neighbouring eNodeBs. AI: PLMN ID-eNB ID 1 = 2221-650571
2025-09-16;10:04:12;AL  ;Warning;ENodeBFunction=1;PLMN Service Redundancy Lost;S1 connection failure for PLMN connected with link represented by MO listed in Additional Information. AI: PLMN = ["2221"],DN1=ManagedElement=1,ENodeBFunction=1,TermPointToMme=5,
2025-09-16;10:04:42;AL  ;Cleared;ENodeBFunction=1;PLMN Service Redundancy Lost;S1 connection failure for PLMN connected with link represented by MO listed in Additional Information. AI: PLMN = ["2221"],DN1=ManagedElement=1,ENodeBFunction=1,TermPointToMme=5,
2025-09-16;20:03:45;AL  ;Minor ;EUtraNetwork=1,ExternalENodeBFunction=2221-650519;Inter Node Feature Incompatibility;Inter eNodeB CA feature is not activated in remote eNodeB. SUPPRESSED
2025-09-16;20:05:58;AL  ;Cleared;EUtraNetwork=1,ExternalENodeBFunction=2221-650519;Inter Node Feature Incompatibility;Inter eNodeB CA feature is not activated in remote eNodeB. SUPPRESSED
2025-09-16;22:01:38;AL  ;Minor ;EUtraNetwork=1,ExternalENodeBFunction=2221-650519;Inter Node Feature Incompatibility;Inter eNodeB CA feature is not activated in remote eNodeB. SUPPRESSED
2025-09-16;22:02:17;AL  ;Cleared;EUtraNetwork=1,ExternalENodeBFunction=2221-650519;Inter Node Feature Incompatibility;Inter eNodeB CA feature is not activated in remote eNodeB. SUPPRESSED
2025-09-17;09:31:41;AL  ;Minor ;EUtraNetwork=1,ExternalENodeBFunction=2221-650519;Inter Node Feature Incompatibility;Inter eNodeB CA feature is not activated in remote eNodeB. SUPPRESSED
2025-09-17;09:31:58;AL  ;Cleared;EUtraNetwork=1,ExternalENodeBFunction=2221-650519;Inter Node Feature Incompatibility;Inter eNodeB CA feature is not activated in remote eNodeB. SUPPRESSED
2025-09-17;11:22:15;AL  ;Minor ;ENodeBFunction=1;External Link Failure;X2 link problem to one or several neighbouring eNodeBs. AI: PLMN ID-eNB ID 1 = 2221-210094
2025-09-17;13:22:20;AL  ;Minor ;ENodeBFunction=1;External Link Failure;X2 link problem to one or several neighbouring eNodeBs. AI: PLMN ID-eNB ID 1 = 2221-210094 PLMN ID-eNB ID 2 = 2221-650290 PLMN ID-eNB ID 3 = 2221-206576
2025-09-17;13:23:04;AL  ;Minor ;ENodeBFunction=1;External Link to GNodeB Failure;X2 link problem to one or several neighbouring gNodeBs. AI: PLMN ID-gNB ID 1 = 2221-1051259
2025-09-17;14:01:20;AL  ;Cleared;ENodeBFunction=1;External Link to GNodeB Failure;X2 link problem to one or several neighbouring gNodeBs. AI: PLMN ID-gNB ID 1 = 2221-1051259
2025-09-17;14:01:34;AL  ;Minor ;ENodeBFunction=1;External Link Failure;X2 link problem to one or several neighbouring eNodeBs. AI: PLMN ID-eNB ID 1 = 2221-210094 PLMN ID-eNB ID 2 = 2221-650290
2025-09-17;14:02:39;AL  ;Minor ;ENodeBFunction=1;External Link Failure;X2 link problem to one or several neighbouring eNodeBs. AI: PLMN ID-eNB ID 1 = 2221-210094
2025-09-17;15:56:58;AL  ;Cleared;ENodeBFunction=1;External Link Failure;X2 link problem to one or several neighbouring eNodeBs. AI: PLMN ID-eNB ID 1 = 2221-210094
2025-09-18;06:01:07;AL  ;Minor ;EUtraNetwork=1,ExternalENodeBFunction=2221-650519;Inter Node Feature Incompatibility;Inter eNodeB CA feature is not activated in remote eNodeB. SUPPRESSED
2025-09-18;06:01:21;AL  ;Cleared;EUtraNetwork=1,ExternalENodeBFunction=2221-650519;Inter Node Feature Incompatibility;Inter eNodeB CA feature is not activated in remote eNodeB. SUPPRESSED
2025-09-18;08:18:09;AL  ;Minor ;ENodeBFunction=1;External Link Failure;X2 link problem to one or several neighbouring eNodeBs. AI: PLMN ID-eNB ID 1 = 2221-209707 PLMN ID-eNB ID 2 = 2221-650121
2025-09-18;13:03:38;AL  ;Cleared;ENodeBFunction=1;External Link Failure;X2 link problem to one or several neighbouring eNodeBs. AI: PLMN ID-eNB ID 1 = 2221-209707 PLMN ID-eNB ID 2 = 2221-650121
2025-09-18;20:22:00;AL  ;Minor ;EUtraNetwork=1,ExternalENodeBFunction=2221-650519;Inter Node Carrier Aggregation Service Unavailable;Elastic RAN Carrier Aggregation is not available towards remote eNodeB.
2025-09-18;20:25:53;AL  ;Cleared;EUtraNetwork=1,ExternalENodeBFunction=2221-650519;Inter Node Carrier Aggregation Service Unavailable;Elastic RAN Carrier Aggregation is not available towards remote eNodeB.
2025-09-19;06:01:07;AL  ;Minor ;EUtraNetwork=1,ExternalENodeBFunction=2221-650519;Inter Node Feature Incompatibility;Inter eNodeB CA feature is not activated in remote eNodeB. SUPPRESSED
2025-09-19;06:01:21;AL  ;Cleared;EUtraNetwork=1,ExternalENodeBFunction=2221-650519;Inter Node Feature Incompatibility;Inter eNodeB CA feature is not activated in remote eNodeB. SUPPRESSED
2025-09-19;10:33:03;AL  ;Minor ;ENodeBFunction=1;External Link Failure;X2 link problem to one or several neighbouring eNodeBs. AI: PLMN ID-eNB ID 1 = 2221-209206
2025-09-19;10:39:29;AL  ;Cleared;ENodeBFunction=1;External Link Failure;X2 link problem to one or several neighbouring eNodeBs. AI: PLMN ID-eNB ID 1 = 2221-209206
2025-09-19;15:12:04;AL  ;Minor ;ENodeBFunction=1;External Link Failure;X2 link problem to one or several neighbouring eNodeBs. AI: PLMN ID-eNB ID 1 = 2221-209206
2025-09-19;15:12:24;AL  ;Cleared;ENodeBFunction=1;External Link Failure;X2 link problem to one or several neighbouring eNodeBs. AI: PLMN ID-eNB ID 1 = 2221-209206
2025-09-19;22:35:09;AL  ;Minor ;EUtraNetwork=1,ExternalENodeBFunction=2221-650519;Inter Node Feature Incompatibility;Inter eNodeB CA feature is not activated in remote eNodeB. SUPPRESSED
2025-09-20;06:01:21;AL  ;Cleared;EUtraNetwork=1,ExternalENodeBFunction=2221-650519;Inter Node Feature Incompatibility;Inter eNodeB CA feature is not activated in remote eNodeB. SUPPRESSED
2025-09-20;15:36:05;AL  ;Minor ;EUtraNetwork=1,ExternalENodeBFunction=2221-650519;Inter Node Carrier Aggregation Service Unavailable;Elastic RAN Carrier Aggregation is not available towards remote eNodeB.
2025-09-20;15:57:08;AL  ;Cleared;EUtraNetwork=1,ExternalENodeBFunction=2221-650519;Inter Node Carrier Aggregation Service Unavailable;Elastic RAN Carrier Aggregation is not available towards remote eNodeB.
2025-09-20;16:15:38;AL  ;Minor ;EUtraNetwork=1,ExternalENodeBFunction=2221-650519;Inter Node Carrier Aggregation Service Unavailable;Elastic RAN Carrier Aggregation is not available towards remote eNodeB.
2025-09-20;16:27:11;AL  ;Cleared;EUtraNetwork=1,ExternalENodeBFunction=2221-650519;Inter Node Carrier Aggregation Service Unavailable;Elastic RAN Carrier Aggregation is not available towards remote eNodeB.
2025-09-20;16:43:14;AL  ;Minor ;EUtraNetwork=1,ExternalENodeBFunction=2221-650519;Inter Node Carrier Aggregation Service Unavailable;Elastic RAN Carrier Aggregation is not available towards remote eNodeB.
2025-09-20;16:48:09;AL  ;Cleared;EUtraNetwork=1,ExternalENodeBFunction=2221-650519;Inter Node Carrier Aggregation Service Unavailable;Elastic RAN Carrier Aggregation is not available towards remote eNodeB.
2025-09-20;21:23:59;AL  ;Minor ;EUtraNetwork=1,ExternalENodeBFunction=2221-650519;Inter Node Feature Incompatibility;Inter eNodeB CA feature is not activated in remote eNodeB. SUPPRESSED
2025-09-20;21:42:24;AL  ;Cleared;EUtraNetwork=1,ExternalENodeBFunction=2221-650519;Inter Node Feature Incompatibility;Inter eNodeB CA feature is not activated in remote eNodeB. SUPPRESSED
2025-09-21;06:01:07;AL  ;Minor ;EUtraNetwork=1,ExternalENodeBFunction=2221-650519;Inter Node Feature Incompatibility;Inter eNodeB CA feature is not activated in remote eNodeB. SUPPRESSED
2025-09-21;06:01:21;AL  ;Cleared;EUtraNetwork=1,ExternalENodeBFunction=2221-650519;Inter Node Feature Incompatibility;Inter eNodeB CA feature is not activated in remote eNodeB. SUPPRESSED
2025-09-21;08:10:51;AL  ;Cleared;EUtraNetwork=1,ExternalENodeBFunction=2221-650124;Inter Node Carrier Aggregation Service Unavailable;Elastic RAN Carrier Aggregation is not available towards remote eNodeB.
2025-09-21;09:48:54;AL  ;Minor ;ENodeBFunction=1;External Link to GNodeB Failure;X2 link problem to one or several neighbouring gNodeBs. AI: PLMN ID-gNB ID 1 = 2221-1052884
2025-09-21;09:48:59;AL  ;Minor ;ENodeBFunction=1;External Link Failure;X2 link problem to one or several neighbouring eNodeBs. AI: PLMN ID-eNB ID 1 = 2221-650005 PLMN ID-eNB ID 2 = 2221-208505
2025-09-21;12:25:24;AL  ;Minor ;EUtraNetwork=1,ExternalENodeBFunction=2221-650519;Inter Node Carrier Aggregation Service Unavailable;Elastic RAN Carrier Aggregation is not available towards remote eNodeB.
2025-09-21;12:40:28;AL  ;Cleared;EUtraNetwork=1,ExternalENodeBFunction=2221-650519;Inter Node Carrier Aggregation Service Unavailable;Elastic RAN Carrier Aggregation is not available towards remote eNodeB.
2025-09-21;20:54:18;AL  ;Minor ;AntennaUnitGroup=211;RX Diversity Lost;Unexpected low signal level for uplink path related to RF Branches listed in additional info compared to other branches in its Sector Equipment Function. AI: DN1=RfBranch=2 RAT1=G
2025-09-22;05:29:00;AL  ;Minor ;ENodeBFunction=1;External Link Failure;X2 link problem to one or several neighbouring eNodeBs. AI: PLMN ID-eNB ID 1 = 2221-650005 PLMN ID-eNB ID 2 = 2221-208505 PLMN ID-eNB ID 3 = 2221-650519
2025-09-22;06:35:36;AL  ;Minor ;ENodeBFunction=1;External Link Failure;X2 link problem to one or several neighbouring eNodeBs. AI: PLMN ID-eNB ID 1 = 2221-650005 PLMN ID-eNB ID 2 = 2221-208505 PLMN ID-eNB ID 3 = 2221-650519
2025-09-22;06:43:59;AL  ;Minor ;ENodeBFunction=1;External Link Failure;X2 link problem to one or several neighbouring eNodeBs. AI: PLMN ID-eNB ID 1 = 2221-650005 PLMN ID-eNB ID 2 = 2221-208505
2025-09-22;08:24:20;AL  ;Minor ;ENodeBFunction=1;External Link Failure;X2 link problem to one or several neighbouring eNodeBs. AI: PLMN ID-eNB ID 1 = 2221-650005 PLMN ID-eNB ID 2 = 2221-208505 PLMN ID-eNB ID 3 = 2221-650519
2025-09-22;08:30:29;AL  ;Minor ;ENodeBFunction=1;External Link Failure;X2 link problem to one or several neighbouring eNodeBs. AI: PLMN ID-eNB ID 1 = 2221-650005 PLMN ID-eNB ID 2 = 2221-208505
2025-09-22;09:44:07;AL  ;Cleared;ENodeBFunction=1;External Link to GNodeB Failure;X2 link problem to one or several neighbouring gNodeBs. AI: PLMN ID-gNB ID 1 = 2221-1052884
2025-09-22;09:44:15;AL  ;Minor ;ENodeBFunction=1;External Link Failure;X2 link problem to one or several neighbouring eNodeBs. AI: PLMN ID-eNB ID 1 = 2221-650005
2025-09-22;09:44:41;AL  ;Cleared;ENodeBFunction=1;External Link Failure;X2 link problem to one or several neighbouring eNodeBs. AI: PLMN ID-eNB ID 1 = 2221-650005
2025-09-22;09:50:09;AL  ;Minor ;ENodeBFunction=1;External Link Failure;X2 link problem to one or several neighbouring eNodeBs. AI: PLMN ID-eNB ID 1 = 2221-205368 PLMN ID-eNB ID 2 = 2221-650519
2025-09-22;09:55:37;AL  ;Minor ;ENodeBFunction=1;External Link Failure;X2 link problem to one or several neighbouring eNodeBs. AI: PLMN ID-eNB ID 1 = 2221-650519
2025-09-22;09:56:26;AL  ;Cleared;ENodeBFunction=1;External Link Failure;X2 link problem to one or several neighbouring eNodeBs. AI: PLMN ID-eNB ID 1 = 2221-650519
2025-09-22;10:54:18;AL  ;Cleared;AntennaUnitGroup=211;RX Diversity Lost;Unexpected low signal level for uplink path related to RF Branches listed in additional info compared to other branches in its Sector Equipment Function. AI: DN1=RfBranch=2 RAT1=G
2025-09-22;23:32:59;AL  ;Minor ;EUtraNetwork=1,ExternalENodeBFunction=2221-650124;Inter Node Feature Incompatibility;Inter eNodeB CA feature is not activated in remote eNodeB. SUPPRESSED
2025-09-23;05:41:00;AL  ;Cleared;EUtraNetwork=1,ExternalENodeBFunction=2221-650124;Inter Node Feature Incompatibility;Inter eNodeB CA feature is not activated in remote eNodeB. SUPPRESSED
2025-09-23;14:01:33;AL  ;Minor ;ENodeBFunction=1;External Link Failure;X2 link problem to one or several neighbouring eNodeBs. AI: PLMN ID-eNB ID 1 = 2221-206750 PLMN ID-eNB ID 2 = 2221-650010
2025-09-23;14:01:36;AL  ;Minor ;ENodeBFunction=1;External Link to GNodeB Failure;X2 link problem to one or several neighbouring gNodeBs. AI: PLMN ID-gNB ID 1 = 2221-1051329
2025-09-24;06:15:32;AL  ;Minor ;ENodeBFunction=1;External Link Failure;X2 link problem to one or several neighbouring eNodeBs. AI: PLMN ID-eNB ID 1 = 2221-650010
2025-09-24;06:16:06;AL  ;Cleared;ENodeBFunction=1;External Link to GNodeB Failure;X2 link problem to one or several neighbouring gNodeBs. AI: PLMN ID-gNB ID 1 = 2221-1051329
2025-09-24;06:16:14;AL  ;Cleared;ENodeBFunction=1;External Link Failure;X2 link problem to one or several neighbouring eNodeBs. AI: PLMN ID-eNB ID 1 = 2221-650010
2025-09-24;13:50:16;AL  ;Minor ;EUtraNetwork=1,ExternalENodeBFunction=2221-650519;Inter Node Carrier Aggregation Service Unavailable;Elastic RAN Carrier Aggregation is not available towards remote eNodeB.
2025-09-25;09:06:35;AL  ;Minor ;ENodeBFunction=1;External Link Failure;X2 link problem to one or several neighbouring eNodeBs. AI: PLMN ID-eNB ID 1 = 2221-209309
2025-09-25;11:10:05;AL  ;Minor ;ENodeBFunction=1;External Link to GNodeB Failure;X2 link problem to one or several neighbouring gNodeBs. AI: PLMN ID-gNB ID 1 = 2221-1051751
2025-09-25;12:54:36;AL  ;Cleared;ENodeBFunction=1;External Link Failure;X2 link problem to one or several neighbouring eNodeBs. AI: PLMN ID-eNB ID 1 = 2221-209309
2025-09-26;15:28:08;AL  ;Minor ;ENodeBFunction=1;Sync Time and Phase Accuracy Too Low;Time and phase sync accuracy crossed the threshold for features interworking with NR.
2025-09-26;15:28:08;AL  ;Minor ;EUtranCellFDD=CZ7CL1;Service Degraded;This is a secondary alarm, use alarm correlation information in Additional Information to find primary alarm.
2025-09-26;15:28:08;AL  ;Minor ;EUtranCellFDD=CZ7CL2;Service Degraded;This is a secondary alarm, use alarm correlation information in Additional Information to find primary alarm.
2025-09-26;15:28:08;AL  ;Minor ;EUtranCellFDD=CZ7CL3;Service Degraded;This is a secondary alarm, use alarm correlation information in Additional Information to find primary alarm.
2025-09-26;15:28:22;AL  ;Cleared;EUtranCellFDD=CZ7CL1;Service Degraded;This is a secondary alarm, use alarm correlation information in Additional Information to find primary alarm.
2025-09-26;15:28:22;AL  ;Cleared;EUtranCellFDD=CZ7CL2;Service Degraded;This is a secondary alarm, use alarm correlation information in Additional Information to find primary alarm.
2025-09-26;15:28:22;AL  ;Cleared;EUtranCellFDD=CZ7CL3;Service Degraded;This is a secondary alarm, use alarm correlation information in Additional Information to find primary alarm.
2025-09-26;15:28:22;AL  ;Cleared;ENodeBFunction=1;Sync Time and Phase Accuracy Too Low;Time and phase sync accuracy crossed the threshold for features interworking with NR.
2025-09-26;15:28:36;AL  ;Minor ;EUtraNetwork=1,ExternalENodeBFunction=2221-650124;Inter Node Feature Incompatibility;Inter eNodeB CA feature is not activated in remote eNodeB. SUPPRESSED
2025-09-26;15:28:56;AL  ;Cleared;EUtraNetwork=1,ExternalENodeBFunction=2221-650124;Inter Node Feature Incompatibility;Inter eNodeB CA feature is not activated in remote eNodeB. SUPPRESSED
2025-09-26;15:48:51;AL  ;Minor ;EUtraNetwork=1,ExternalENodeBFunction=2221-650124;Inter Node Feature Incompatibility;Inter eNodeB CA feature is not activated in remote eNodeB. SUPPRESSED
2025-09-26;15:50:48;AL  ;Cleared;EUtraNetwork=1,ExternalENodeBFunction=2221-650124;Inter Node Feature Incompatibility;Inter eNodeB CA feature is not activated in remote eNodeB. SUPPRESSED
2025-09-27;08:08:03;AL  ;Cleared;ENodeBFunction=1;External Link to GNodeB Failure;X2 link problem to one or several neighbouring gNodeBs. AI: PLMN ID-gNB ID 1 = 2221-1051751
2025-09-27;08:08:15;AL  ;Minor ;EUtraNetwork=1,ExternalENodeBFunction=2221-650124;Inter Node Feature Incompatibility;Inter eNodeB CA feature is not activated in remote eNodeB. SUPPRESSED
2025-09-27;08:08:24;AL  ;Cleared;EUtraNetwork=1,ExternalENodeBFunction=2221-650124;Inter Node Feature Incompatibility;Inter eNodeB CA feature is not activated in remote eNodeB. SUPPRESSED
2025-09-27;20:01:35;AL  ;Minor ;EUtraNetwork=1,ExternalENodeBFunction=2221-650124;Inter Node Feature Incompatibility;Inter eNodeB CA feature is not activated in remote eNodeB. SUPPRESSED
2025-09-27;20:06:31;AL  ;Cleared;EUtraNetwork=1,ExternalENodeBFunction=2221-650124;Inter Node Feature Incompatibility;Inter eNodeB CA feature is not activated in remote eNodeB. SUPPRESSED
2025-09-27;20:17:05;AL  ;Minor ;EUtraNetwork=1,ExternalENodeBFunction=2221-650124;Inter Node Feature Incompatibility;Inter eNodeB CA feature is not activated in remote eNodeB. SUPPRESSED
2025-09-27;20:19:01;AL  ;Cleared;EUtraNetwork=1,ExternalENodeBFunction=2221-650124;Inter Node Feature Incompatibility;Inter eNodeB CA feature is not activated in remote eNodeB. SUPPRESSED
2025-09-28;07:04:30;AL  ;Minor ;EUtraNetwork=1,ExternalENodeBFunction=2221-650124;Inter Node Feature Incompatibility;Inter eNodeB CA feature is not activated in remote eNodeB. SUPPRESSED
2025-09-28;07:06:42;AL  ;Cleared;EUtraNetwork=1,ExternalENodeBFunction=2221-650124;Inter Node Feature Incompatibility;Inter eNodeB CA feature is not activated in remote eNodeB. SUPPRESSED
2025-09-28;08:12:01;AL  ;Minor ;EUtraNetwork=1,ExternalENodeBFunction=2221-650124;Inter Node Carrier Aggregation Service Unavailable;Elastic RAN Carrier Aggregation is not available towards remote eNodeB.
2025-09-28;08:23:44;AL  ;Cleared;EUtraNetwork=1,ExternalENodeBFunction=2221-650519;Inter Node Carrier Aggregation Service Unavailable;Elastic RAN Carrier Aggregation is not available towards remote eNodeB.
2025-09-28;08:23:49;AL  ;Cleared;EUtraNetwork=1,ExternalENodeBFunction=2221-650124;Inter Node Carrier Aggregation Service Unavailable;Elastic RAN Carrier Aggregation is not available towards remote eNodeB.
2025-09-28;08:24:47;AL  ;Minor ;EUtraNetwork=1,ExternalENodeBFunction=2221-650519;Inter Node Carrier Aggregation Service Unavailable;Elastic RAN Carrier Aggregation is not available towards remote eNodeB.
2025-09-28;08:25:22;AL  ;Minor ;EUtraNetwork=1,ExternalENodeBFunction=2221-650124;Inter Node Carrier Aggregation Service Unavailable;Elastic RAN Carrier Aggregation is not available towards remote eNodeB.
2025-09-28;12:38:16;AL  ;Cleared;EUtraNetwork=1,ExternalENodeBFunction=2221-650519;Inter Node Carrier Aggregation Service Unavailable;Elastic RAN Carrier Aggregation is not available towards remote eNodeB.
2025-09-30;12:06:32;AL  ;Minor ;ENodeBFunction=1;External Link Failure;X2 link problem to one or several neighbouring eNodeBs. AI: PLMN ID-eNB ID 1 = 2221-213302
2025-09-30;14:52:09;AL  ;Cleared;ENodeBFunction=1;External Link Failure;X2 link problem to one or several neighbouring eNodeBs. AI: PLMN ID-eNB ID 1 = 2221-213302
2025-10-01;08:52:06;AL  ;Minor ;ENodeBFunction=1;External Link Failure;X2 link problem to one or several neighbouring eNodeBs. AI: PLMN ID-eNB ID 1 = 2221-650408
2025-10-01;08:52:21;AL  ;Cleared;ENodeBFunction=1;External Link Failure;X2 link problem to one or several neighbouring eNodeBs. AI: PLMN ID-eNB ID 1 = 2221-650408
2025-10-02;11:43:17;AL  ;Minor ;ENodeBFunction=1;External Link Failure;X2 link problem to one or several neighbouring eNodeBs. AI: PLMN ID-eNB ID 1 = 2221-213271
2025-10-02;14:51:31;AL  ;Cleared;ENodeBFunction=1;External Link Failure;X2 link problem to one or several neighbouring eNodeBs. AI: PLMN ID-eNB ID 1 = 2221-213271
2025-10-03;20:41:59;AL  ;Minor ;EUtraNetwork=1,ExternalENodeBFunction=2221-650124;Inter Node Feature Incompatibility;Inter eNodeB CA feature is not activated in remote eNodeB. SUPPRESSED
2025-10-03;20:42:50;AL  ;Cleared;EUtraNetwork=1,ExternalENodeBFunction=2221-650124;Inter Node Feature Incompatibility;Inter eNodeB CA feature is not activated in remote eNodeB. SUPPRESSED
2025-10-03;21:48:58;AL  ;Minor ;EUtraNetwork=1,ExternalENodeBFunction=2221-650124;Inter Node Feature Incompatibility;Inter eNodeB CA feature is not activated in remote eNodeB. SUPPRESSED
2025-10-04;06:01:36;AL  ;Cleared;EUtraNetwork=1,ExternalENodeBFunction=2221-650124;Inter Node Feature Incompatibility;Inter eNodeB CA feature is not activated in remote eNodeB. SUPPRESSED
2025-10-04;07:36:23;AL  ;Minor ;ENodeBFunction=1;External Link Failure;X2 link problem to one or several neighbouring eNodeBs. AI: PLMN ID-eNB ID 1 = 2221-206865
2025-10-04;08:19:05;AL  ;Cleared;ENodeBFunction=1;External Link Failure;X2 link problem to one or several neighbouring eNodeBs. AI: PLMN ID-eNB ID 1 = 2221-206865
2025-10-04;21:52:58;AL  ;Minor ;EUtraNetwork=1,ExternalENodeBFunction=2221-650124;Inter Node Feature Incompatibility;Inter eNodeB CA feature is not activated in remote eNodeB. SUPPRESSED
2025-10-05;06:01:36;AL  ;Cleared;EUtraNetwork=1,ExternalENodeBFunction=2221-650124;Inter Node Feature Incompatibility;Inter eNodeB CA feature is not activated in remote eNodeB. SUPPRESSED
2025-10-05;07:49:09;AL  ;Minor ;EUtraNetwork=1,ExternalENodeBFunction=2221-650519;Inter Node Carrier Aggregation Service Unavailable;Elastic RAN Carrier Aggregation is not available towards remote eNodeB.
2025-10-05;08:02:39;AL  ;Minor ;EUtraNetwork=1,ExternalENodeBFunction=2221-209707;Inter Node Carrier Aggregation Service Unavailable;Elastic RAN Carrier Aggregation is not available towards remote eNodeB.
2025-10-05;08:05:11;AL  ;Cleared;EUtraNetwork=1,ExternalENodeBFunction=2221-650124;Inter Node Carrier Aggregation Service Unavailable;Elastic RAN Carrier Aggregation is not available towards remote eNodeB.
2025-10-05;08:16:45;AL  ;Cleared;EUtraNetwork=1,ExternalENodeBFunction=2221-650519;Inter Node Carrier Aggregation Service Unavailable;Elastic RAN Carrier Aggregation is not available towards remote eNodeB.
2025-10-05;08:16:50;AL  ;Cleared;EUtraNetwork=1,ExternalENodeBFunction=2221-209707;Inter Node Carrier Aggregation Service Unavailable;Elastic RAN Carrier Aggregation is not available towards remote eNodeB.
2025-10-05;11:48:41;AL  ;Minor ;EUtraNetwork=1,ExternalENodeBFunction=2221-650519;Inter Node Carrier Aggregation Service Unavailable;Elastic RAN Carrier Aggregation is not available towards remote eNodeB.
2025-10-05;12:18:24;AL  ;Cleared;EUtraNetwork=1,ExternalENodeBFunction=2221-650519;Inter Node Carrier Aggregation Service Unavailable;Elastic RAN Carrier Aggregation is not available towards remote eNodeB.
2025-10-07;10:19:27;AL  ;Minor ;EUtraNetwork=1,ExternalENodeBFunction=2221-650124;Inter Node Feature Incompatibility;Inter eNodeB CA feature is not activated in remote eNodeB. SUPPRESSED
2025-10-07;10:19:51;AL  ;Cleared;EUtraNetwork=1,ExternalENodeBFunction=2221-650124;Inter Node Feature Incompatibility;Inter eNodeB CA feature is not activated in remote eNodeB. SUPPRESSED


CZ7CL> lgec -m 30d

251007-12:20:28+0200 19.31.10.218 25.0h MSRBS_NODE_MODEL_25.Q1_198665.224.73_bf81 stopfile=/tmp/1231301

Startdate=20250907.102028, Enddate=20251008.102028
Date;Time;Log;Severity;Object;Event;Cause;AdditionalText;AckState;Id;NotificationId;CorrelatedAlarms
Executing action Log.export()
..
Log=AlertLog                    actionId=7969
...
=================================================================================================================
MO                  actionId result      resultInfo
=================================================================================================================
LogM=1,Log=AlertLog 7969     1 (SUCCESS)           
cat  /ericsson/log/amos/moshell_logfiles/t20251007_37258710_53697/logs_moshell/tempfiles/scp-2-amos_20251007-121939_1231219/rcslogs/AlertLog_20220715__075412.log > /ericsson/log/amos/moshell_logfiles/t20251007_37258710_53697/logs_moshell/tempfiles/scp-2-amos_20251007-121939_1231219/eventLog1231301.xml
2025-09-26;15:28:33;EV  ;Warning;RiLink=S210-1;Radio Interface Connectivity Disturbance Alert;Near end port:FieldReplaceableUnit=BB-1,RiPort=A (transportType=NOT_SET) (Mixed Mode with other ME). SUPPRESSED
2025-09-26;15:28:33;EV  ;Warning;RiLink=S211-1;Radio Interface Connectivity Disturbance Alert;Near end port:FieldReplaceableUnit=BB-1,RiPort=B (transportType=NOT_SET) (Mixed Mode with other ME). SUPPRESSED
2025-09-26;15:28:33;EV  ;Warning;RiLink=S212-1;Radio Interface Connectivity Disturbance Alert;Near end port:FieldReplaceableUnit=BB-1,RiPort=C (transportType=NOT_SET) (Mixed Mode with other ME). SUPPRESSED
2025-09-26;15:28:33;EV  ;Warning;RiLink=S180-1;Radio Interface Connectivity Disturbance Alert;Near end port:FieldReplaceableUnit=BB-1,RiPort=D (transportType=NOT_SET). SUPPRESSED
2025-09-26;15:28:33;EV  ;Warning;RiLink=S182-1;Radio Interface Connectivity Disturbance Alert;Near end port:FieldReplaceableUnit=BB-1,RiPort=E (transportType=NOT_SET). SUPPRESSED

Bye...
Output has been logged to file /mta_fs/UserFiles/37258710/amosbatch/2025-10-07_11-07-01_53697/CZ7CL.log
