Logging to file /mta_fs/UserFiles/37258710/amosbatch/2025-10-07_11-07-01_53697/CZ7EL.log
                        __  __  ____   _____
                  /\   |  \/  |/ __ \ / ____|
                 /  \  | \  / | |  | | (___  
                / /\ \ | |\/| | |  | |\___ \ 
               / ____ \| |  | | |__| |____) |
              /_/    \_\_|  |_|\____/|_____/
              OSS Framework for MoShell-25.0h 
  Copyright (c) Ericsson AB 2001-2025 - All Rights Reserved
              
           
[1;31mWARNING: [0mthe AMOS version currently running is more than 22 weeks old and is unsupported.
Please upgrade as soon as possible to the latest released version, available from your local Ericsson support.

$amosrb_pid = 775044

Checking ip contact...OK

HELP MENU            : h
BASIC MO COMMANDS    : m
OTHER MO COMMANDS    : n
OTHER COMMANDS       : o
PM COMMANDS          : p
QUIT                 : q

CZ7EL> lt all

251007-11:24:22+0200 19.31.8.77 25.0h  stopfile=/tmp/774911
Looking up temporary_amos account... OK.
Trying temporary_amos_t20251007_37258710_53697_313's password from amos lookupAccount ... OK

$ssh_pid = 776853

Connected to 19.31.8.77 (SubNetwork=BBMM_rckomc_R,MeContext=CZ7EL,ManagedElement=CZ7EL)

Checking MOM version...MSRBS_NODE_MODEL_25.Q1_693.28324.131_62ac
Parsing MOM (cached): /ericsson/log/amos/moshell_logfiles/t20251007_37258710_53697/logs_moshell/tempfiles/scp-2-amos_20251007-112415_774847/MSRBS_NODE_MODEL_25.Q1_693.28324.131_62ac.xml.cache.gz ..................................................................................................................................................................................................................................Done.
Using paramfile /opt/ericsson/amos/moshell/commonjars/pm/PARAM_MSRBS_25.Q1.txt
Parsing file /opt/ericsson/amos/moshell/commonjars/pm/PARAM_MSRBS_25.Q1.txt .......................................................................................Done.
Using imomdfile /opt/ericsson/amos/moshell/commonjars/pm/IMOMD_MSRBS_22.Q4.txt
Using imomfile /opt/ericsson/amos/moshell/commonjars/pm/IMOM_MSRBS_25.Q1.txt
Connected to 19.31.8.77 (SubNetwork=BBMM_rckomc_R,MeContext=CZ7EL,ManagedElement=CZ7EL)

Last MO: 17418. Loaded 17418 MOs. Total: 17419 MOs.

CZ7EL> hget EUtranCellFDD ^cellid

251007-11:24:36+0200 19.31.8.77 25.0h MSRBS_NODE_MODEL_25.Q1_693.28324.131_62ac stopfile=/tmp/774911
.
=================================================================================================================
MO                   cellId
=================================================================================================================
EUtranCellFDD=CZ7EF1 81    
EUtranCellFDD=CZ7EF2 82    
EUtranCellFDD=CZ7EF3 83    
EUtranCellFDD=CZ7EF4 84    
EUtranCellFDD=CZ7EL1 21    
EUtranCellFDD=CZ7EL2 22    
EUtranCellFDD=CZ7EL3 23    
EUtranCellFDD=CZ7EL4 24    
=================================================================================================================
Total: 8 MOs

Added 8 MOs to group: hget_group

CZ7EL> hget NbIotCell ^cellid

251007-11:24:36+0200 19.31.8.77 25.0h MSRBS_NODE_MODEL_25.Q1_693.28324.131_62ac stopfile=/tmp/774911
Total: 0 MOs

CZ7EL> hget NRCellDU ^cellLocalId

251007-11:24:37+0200 19.31.8.77 25.0h MSRBS_NODE_MODEL_25.Q1_693.28324.131_62ac stopfile=/tmp/774911
Total: 0 MOs

CZ7EL> lgdc -m 30d

251007-11:24:37+0200 19.31.8.77 25.0h MSRBS_NODE_MODEL_25.Q1_693.28324.131_62ac stopfile=/tmp/774911

Startdate=20250907.092437, Enddate=20251008.092437
INFO: Using amos lookupAccount credentials for the export login

Executing action LogM.exportAvailabilityLog()
...LogM=1,exportAvailabilityLog    actionId=7761
...
=================================================================================================================
MO     actionId result      resultInfo
=================================================================================================================
LogM=1 7761     1 (SUCCESS)           
cp /ericsson/log/amos/moshell_logfiles/t20251007_37258710_53697/logs_moshell/tempfiles/scp-2-amos_20251007-112415_774847/rcslogs/RBS_CS_AVAILABILITY_LOG_20251007092440.xml /ericsson/log/amos/moshell_logfiles/t20251007_37258710_53697/logs_moshell/tempfiles/scp-2-amos_20251007-112415_774847/availabilityLog774911.xml
Parsing availabilityLog......Done.
...
Date;Time;RestartType;SwVersion;SwRelease;RCSDowntime;ApplicationDowntime;TNDowntime;RATsDowntime;ExtraInfo;ExtraInfo2
2025-09-07;15:11:38;PartialOutage(System);12% Lrat Cell 84; ();81s (1m21s);;;;;
2025-09-08;03:46:31;PartialOutage(Manual);12% Lrat Cell 21; ();9s;;;;;
2025-09-08;03:46:49;PartialOutage(Manual);12% Lrat Cell 22; ();9s;;;;;
2025-09-08;03:47:02;PartialOutage(Manual);12% Lrat Cell 23; ();9s;;;;;
2025-09-08;03:47:15;PartialOutage(Manual);12% Lrat Cell 24; ();9s;;;;;
2025-09-08;03:47:29;PartialOutage(Manual);12% Lrat Cell 81; ();10s;;;;;
2025-09-08;03:47:43;PartialOutage(Manual);12% Lrat Cell 82; ();10s;;;;;
2025-09-08;03:47:59;PartialOutage(Manual);12% Lrat Cell 83; ();8s;;;;;
2025-09-08;03:48:12;PartialOutage(Manual);12% Lrat Cell 84; ();9s;;;;;
2025-09-09;15:15:57;PartialOutage(Transmission);100% Lrat Cell 81 82 83 84 21 22 23 24; ();317s (5m17s);;;;;
2025-09-09;15:21:14;PartialOutage(Transmission);100% Lrat Cell 21 22 23 24; ();1s;;;;;
2025-09-10;09:10:49;PartialOutage(Transmission);100% Lrat Cell 81 82 83 84 21 22 23 24; ();19s;;;;;
2025-09-10;09:11:08;PartialOutage(Transmission);100% Lrat Cell 21 22 23 24; ();1s;;;;;
2025-09-13;10:40:05;PartialOutage(Transmission);100% Lrat Cell 81 82 83 84 21 22 23 24; ();472s (7m52s);;;;;
2025-09-13;10:47:57;PartialOutage(Transmission);100% Lrat Cell 21 22 23 24; ();1s;;;;;

Node uptime since last restart: 2068608 seconds (23 days, 22 hours, 36 minutes, 48 seconds)
------------------------------------------------------------------------------------------------------
Period=30 days       NodeUpgrade      NodeManual       NodeSpontaneous  AllNodeRestarts  PartialOutages  
------------------------------------------------------------------------------------------------------
Number Of outages    0                0                0                0                15              
Total downtime       0s               0s               0s               0s               965s (16m5s)    
Downtime per day     0s               0s               0s               0s               32s             
Downtime per outage  0s               0s               0s               0s               64s (1m4s)      

CZ7EL> lgac -m 30d

251007-11:24:46+0200 19.31.8.77 25.0h MSRBS_NODE_MODEL_25.Q1_693.28324.131_62ac stopfile=/tmp/774911

Startdate=20250907.092446, Enddate=20251008.092446
Date;Time;Log;Severity;Object;Event;Cause;AdditionalText;AckState;Id;NotificationId;CorrelatedAlarms
Executing action Log.export()
..
Log=AlarmLog                    actionId=7762
......
=================================================================================================================
MO                  actionId result      resultInfo
=================================================================================================================
LogM=1,Log=AlarmLog 7762     1 (SUCCESS)           
cat  /ericsson/log/amos/moshell_logfiles/t20251007_37258710_53697/logs_moshell/tempfiles/scp-2-amos_20251007-112415_774847/rcslogs/saLogAlarm_20231115__091031_20240930__140547.log /ericsson/log/amos/moshell_logfiles/t20251007_37258710_53697/logs_moshell/tempfiles/scp-2-amos_20251007-112415_774847/rcslogs/saLogAlarm_20240930__140547_20250224__233220.log /ericsson/log/amos/moshell_logfiles/t20251007_37258710_53697/logs_moshell/tempfiles/scp-2-amos_20251007-112415_774847/rcslogs/saLogAlarm_20250224__233220.log > /ericsson/log/amos/moshell_logfiles/t20251007_37258710_53697/logs_moshell/tempfiles/scp-2-amos_20251007-112415_774847/alarmLog774911.xml
2025-09-08;06:49:37;AL  ;Minor ;ENodeBFunction=1;External Link to GNodeB Failure;X2 link problem to one or several neighbouring gNodeBs. AI: PLMN ID-gNB ID 1 = 2221-1055508
2025-09-08;13:18:42;AL  ;Cleared;ENodeBFunction=1;External Link to GNodeB Failure;X2 link problem to one or several neighbouring gNodeBs. AI: PLMN ID-gNB ID 1 = 2221-1055508
2025-09-08;18:01:59;AL  ;Minor ;EUtraNetwork=1,ExternalENodeBFunction=2221-650290;Inter Node Carrier Aggregation Service Unavailable;Elastic RAN Carrier Aggregation is not available towards remote eNodeB.
2025-09-09;15:15:48;AL  ;Warning;ENodeBFunction=1;PLMN Service Redundancy Lost;S1 connection failure for PLMN connected with link represented by MO listed in Additional Information. AI: PLMN = ["2221"],DN1=ManagedElement=1,ENodeBFunction=1,TermPointToMme=5,DN2=ManagedElement=1,ENodeBFunction=1,TermPointToMme=1,
2025-09-09;15:15:56;AL  ;Cleared;EUtraNetwork=1,ExternalENodeBFunction=2221-650290;Inter Node Carrier Aggregation Service Unavailable;Elastic RAN Carrier Aggregation is not available towards remote eNodeB.
2025-09-09;15:15:57;AL  ;Cleared;ENodeBFunction=1;PLMN Service Redundancy Lost;S1 connection failure for PLMN connected with link represented by MO listed in Additional Information. AI: PLMN = ["2221"],DN1=ManagedElement=1,ENodeBFunction=1,TermPointToMme=5,DN2=ManagedElement=1,ENodeBFunction=1,TermPointToMme=4,DN3=ManagedElement=1,ENodeBFunction=1,TermPointToMme=2,DN4=ManagedElement=1,ENodeBFunction=1,TermPointToMme=1,
2025-09-09;15:15:57;AL  ;Minor ;ENodeBFunction=1;PLMN Service Unavailable;S1 Connection Failure for PLMNs listed in Additional Information. AI: PLMN = ["2221"],
2025-09-09;15:15:57;AL  ;Major ;EUtranCellFDD=CZ7EL4;Service Unavailable;This is a secondary alarm, use alarm correlation information in Additional Information to find primary alarm.
2025-09-09;15:15:57;AL  ;Major ;EUtranCellFDD=CZ7EL3;Service Unavailable;This is a secondary alarm, use alarm correlation information in Additional Information to find primary alarm.
2025-09-09;15:15:57;AL  ;Major ;EUtranCellFDD=CZ7EL2;Service Unavailable;This is a secondary alarm, use alarm correlation information in Additional Information to find primary alarm.
2025-09-09;15:15:57;AL  ;Major ;EUtranCellFDD=CZ7EL1;Service Unavailable;This is a secondary alarm, use alarm correlation information in Additional Information to find primary alarm.
2025-09-09;15:15:57;AL  ;Major ;EUtranCellFDD=CZ7EF4;Service Unavailable;This is a secondary alarm, use alarm correlation information in Additional Information to find primary alarm.
2025-09-09;15:15:57;AL  ;Major ;EUtranCellFDD=CZ7EF3;Service Unavailable;This is a secondary alarm, use alarm correlation information in Additional Information to find primary alarm.
2025-09-09;15:15:57;AL  ;Major ;EUtranCellFDD=CZ7EF2;Service Unavailable;This is a secondary alarm, use alarm correlation information in Additional Information to find primary alarm.
2025-09-09;15:15:57;AL  ;Major ;EUtranCellFDD=CZ7EF1;Service Unavailable;This is a secondary alarm, use alarm correlation information in Additional Information to find primary alarm.
2025-09-09;15:16:43;AL  ;Major ;Synchronization=1,RadioEquipmentClock=1,RadioEquipmentClockReference=PTP8275_2;Sync PTP Time Reachability Fault;No PTP messages
2025-09-09;15:16:55;AL  ;Major ;GsmSector=CZ7ED1,AbisIp=1;BSC Connection Failure;Connection timeout, there is no connection towards the BSC for the GSM Sector.
2025-09-09;15:16:55;AL  ;Major ;GsmSector=CZ7ED2,AbisIp=1;BSC Connection Failure;Connection timeout, there is no connection towards the BSC for the GSM Sector.
2025-09-09;15:16:55;AL  ;Major ;GsmSector=CZ7ED3,AbisIp=1;BSC Connection Failure;Connection timeout, there is no connection towards the BSC for the GSM Sector.
2025-09-09;15:16:55;AL  ;Major ;GsmSector=CZ7ED4,AbisIp=1;BSC Connection Failure;Connection timeout, there is no connection towards the BSC for the GSM Sector.
2025-09-09;15:21:00;AL  ;Cleared;GsmSector=CZ7ED1,AbisIp=1;BSC Connection Failure;Connection timeout, there is no connection towards the BSC for the GSM Sector.
2025-09-09;15:21:00;AL  ;Cleared;GsmSector=CZ7ED2,AbisIp=1;BSC Connection Failure;Connection timeout, there is no connection towards the BSC for the GSM Sector.
2025-09-09;15:21:00;AL  ;Cleared;GsmSector=CZ7ED3,AbisIp=1;BSC Connection Failure;Connection timeout, there is no connection towards the BSC for the GSM Sector.
2025-09-09;15:21:00;AL  ;Cleared;GsmSector=CZ7ED4,AbisIp=1;BSC Connection Failure;Connection timeout, there is no connection towards the BSC for the GSM Sector.
2025-09-09;15:21:13;AL  ;Warning;ENodeBFunction=1;PLMN Service Redundancy Lost;S1 connection failure for PLMN connected with link represented by MO listed in Additional Information. AI: PLMN = ["2221"],DN1=ManagedElement=1,ENodeBFunction=1,TermPointToMme=4,DN2=ManagedElement=1,ENodeBFunction=1,TermPointToMme=3,DN3=ManagedElement=1,ENodeBFunction=1,TermPointToMme=2,
2025-09-09;15:21:13;AL  ;Cleared;ENodeBFunction=1;PLMN Service Unavailable;S1 Connection Failure for PLMNs listed in Additional Information. AI: PLMN = ["2221"],
2025-09-09;15:21:13;AL  ;Cleared;EUtranCellFDD=CZ7EL4;Service Unavailable;This is a secondary alarm, use alarm correlation information in Additional Information to find primary alarm.
2025-09-09;15:21:13;AL  ;Cleared;EUtranCellFDD=CZ7EL3;Service Unavailable;This is a secondary alarm, use alarm correlation information in Additional Information to find primary alarm.
2025-09-09;15:21:13;AL  ;Cleared;EUtranCellFDD=CZ7EL2;Service Unavailable;This is a secondary alarm, use alarm correlation information in Additional Information to find primary alarm.
2025-09-09;15:21:13;AL  ;Cleared;EUtranCellFDD=CZ7EL1;Service Unavailable;This is a secondary alarm, use alarm correlation information in Additional Information to find primary alarm.
2025-09-09;15:21:13;AL  ;Cleared;EUtranCellFDD=CZ7EF4;Service Unavailable;This is a secondary alarm, use alarm correlation information in Additional Information to find primary alarm.
2025-09-09;15:21:13;AL  ;Cleared;EUtranCellFDD=CZ7EF3;Service Unavailable;This is a secondary alarm, use alarm correlation information in Additional Information to find primary alarm.
2025-09-09;15:21:13;AL  ;Cleared;EUtranCellFDD=CZ7EF2;Service Unavailable;This is a secondary alarm, use alarm correlation information in Additional Information to find primary alarm.
2025-09-09;15:21:13;AL  ;Cleared;EUtranCellFDD=CZ7EF1;Service Unavailable;This is a secondary alarm, use alarm correlation information in Additional Information to find primary alarm.
2025-09-09;15:21:17;AL  ;Minor ;EUtraNetwork=1,ExternalENodeBFunction=2221-650290;Inter Node Carrier Aggregation Service Unavailable;Elastic RAN Carrier Aggregation is not available towards remote eNodeB.
2025-09-09;15:21:21;AL  ;Cleared;ENodeBFunction=1;PLMN Service Redundancy Lost;S1 connection failure for PLMN connected with link represented by MO listed in Additional Information. AI: PLMN = ["2221"],DN1=ManagedElement=1,ENodeBFunction=1,TermPointToMme=3,
2025-09-09;15:22:58;AL  ;Cleared;Synchronization=1,RadioEquipmentClock=1,RadioEquipmentClockReference=PTP8275_2;Sync PTP Time Reachability Fault;No PTP messages
2025-09-10;09:10:37;AL  ;Warning;ENodeBFunction=1;PLMN Service Redundancy Lost;S1 connection failure for PLMN connected with link represented by MO listed in Additional Information. AI: PLMN = ["2221"],DN1=ManagedElement=1,ENodeBFunction=1,TermPointToMme=3,DN2=ManagedElement=1,ENodeBFunction=1,TermPointToMme=1,
2025-09-10;09:10:42;AL  ;Cleared;EUtraNetwork=1,ExternalENodeBFunction=2221-650290;Inter Node Carrier Aggregation Service Unavailable;Elastic RAN Carrier Aggregation is not available towards remote eNodeB.
2025-09-10;09:10:49;AL  ;Cleared;ENodeBFunction=1;PLMN Service Redundancy Lost;S1 connection failure for PLMN connected with link represented by MO listed in Additional Information. AI: PLMN = ["2221"],DN1=ManagedElement=1,ENodeBFunction=1,TermPointToMme=5,DN2=ManagedElement=1,ENodeBFunction=1,TermPointToMme=3,DN3=ManagedElement=1,ENodeBFunction=1,TermPointToMme=2,DN4=ManagedElement=1,ENodeBFunction=1,TermPointToMme=1,
2025-09-10;09:10:49;AL  ;Minor ;ENodeBFunction=1;PLMN Service Unavailable;S1 Connection Failure for PLMNs listed in Additional Information. AI: PLMN = ["2221"],
2025-09-10;09:10:49;AL  ;Major ;EUtranCellFDD=CZ7EL4;Service Unavailable;This is a secondary alarm, use alarm correlation information in Additional Information to find primary alarm.
2025-09-10;09:10:49;AL  ;Major ;EUtranCellFDD=CZ7EL3;Service Unavailable;This is a secondary alarm, use alarm correlation information in Additional Information to find primary alarm.
2025-09-10;09:10:49;AL  ;Major ;EUtranCellFDD=CZ7EL2;Service Unavailable;This is a secondary alarm, use alarm correlation information in Additional Information to find primary alarm.
2025-09-10;09:10:49;AL  ;Major ;EUtranCellFDD=CZ7EL1;Service Unavailable;This is a secondary alarm, use alarm correlation information in Additional Information to find primary alarm.
2025-09-10;09:10:49;AL  ;Major ;EUtranCellFDD=CZ7EF4;Service Unavailable;This is a secondary alarm, use alarm correlation information in Additional Information to find primary alarm.
2025-09-10;09:10:49;AL  ;Major ;EUtranCellFDD=CZ7EF3;Service Unavailable;This is a secondary alarm, use alarm correlation information in Additional Information to find primary alarm.
2025-09-10;09:10:49;AL  ;Major ;EUtranCellFDD=CZ7EF2;Service Unavailable;This is a secondary alarm, use alarm correlation information in Additional Information to find primary alarm.
2025-09-10;09:10:49;AL  ;Major ;EUtranCellFDD=CZ7EF1;Service Unavailable;This is a secondary alarm, use alarm correlation information in Additional Information to find primary alarm.
2025-09-10;09:11:07;AL  ;Warning;ENodeBFunction=1;PLMN Service Redundancy Lost;S1 connection failure for PLMN connected with link represented by MO listed in Additional Information. AI: PLMN = ["2221"],DN1=ManagedElement=1,ENodeBFunction=1,TermPointToMme=5,DN2=ManagedElement=1,ENodeBFunction=1,TermPointToMme=4,DN3=ManagedElement=1,ENodeBFunction=1,TermPointToMme=2,
2025-09-10;09:11:07;AL  ;Cleared;ENodeBFunction=1;PLMN Service Unavailable;S1 Connection Failure for PLMNs listed in Additional Information. AI: PLMN = ["2221"],
2025-09-10;09:11:07;AL  ;Cleared;EUtranCellFDD=CZ7EL4;Service Unavailable;This is a secondary alarm, use alarm correlation information in Additional Information to find primary alarm.
2025-09-10;09:11:07;AL  ;Cleared;EUtranCellFDD=CZ7EL3;Service Unavailable;This is a secondary alarm, use alarm correlation information in Additional Information to find primary alarm.
2025-09-10;09:11:07;AL  ;Cleared;EUtranCellFDD=CZ7EL2;Service Unavailable;This is a secondary alarm, use alarm correlation information in Additional Information to find primary alarm.
2025-09-10;09:11:07;AL  ;Cleared;EUtranCellFDD=CZ7EL1;Service Unavailable;This is a secondary alarm, use alarm correlation information in Additional Information to find primary alarm.
2025-09-10;09:11:07;AL  ;Cleared;EUtranCellFDD=CZ7EF4;Service Unavailable;This is a secondary alarm, use alarm correlation information in Additional Information to find primary alarm.
2025-09-10;09:11:07;AL  ;Cleared;EUtranCellFDD=CZ7EF3;Service Unavailable;This is a secondary alarm, use alarm correlation information in Additional Information to find primary alarm.
2025-09-10;09:11:07;AL  ;Cleared;EUtranCellFDD=CZ7EF2;Service Unavailable;This is a secondary alarm, use alarm correlation information in Additional Information to find primary alarm.
2025-09-10;09:11:07;AL  ;Cleared;EUtranCellFDD=CZ7EF1;Service Unavailable;This is a secondary alarm, use alarm correlation information in Additional Information to find primary alarm.
2025-09-10;09:11:11;AL  ;Minor ;EUtraNetwork=1,ExternalENodeBFunction=2221-650290;Inter Node Carrier Aggregation Service Unavailable;Elastic RAN Carrier Aggregation is not available towards remote eNodeB.
2025-09-10;09:11:19;AL  ;Cleared;ENodeBFunction=1;PLMN Service Redundancy Lost;S1 connection failure for PLMN connected with link represented by MO listed in Additional Information. AI: PLMN = ["2221"],DN1=ManagedElement=1,ENodeBFunction=1,TermPointToMme=4,
2025-09-13;10:39:57;AL  ;Warning;ENodeBFunction=1;PLMN Service Redundancy Lost;S1 connection failure for PLMN connected with link represented by MO listed in Additional Information. AI: PLMN = ["2221"],DN1=ManagedElement=1,ENodeBFunction=1,TermPointToMme=4,DN2=ManagedElement=1,ENodeBFunction=1,TermPointToMme=3,DN3=ManagedElement=1,ENodeBFunction=1,TermPointToMme=1,
2025-09-13;10:39:58;AL  ;Cleared;EUtraNetwork=1,ExternalENodeBFunction=2221-650290;Inter Node Carrier Aggregation Service Unavailable;Elastic RAN Carrier Aggregation is not available towards remote eNodeB.
2025-09-13;10:40:05;AL  ;Cleared;ENodeBFunction=1;PLMN Service Redundancy Lost;S1 connection failure for PLMN connected with link represented by MO listed in Additional Information. AI: PLMN = ["2221"],DN1=ManagedElement=1,ENodeBFunction=1,TermPointToMme=5,DN2=ManagedElement=1,ENodeBFunction=1,TermPointToMme=4,DN3=ManagedElement=1,ENodeBFunction=1,TermPointToMme=3,DN4=ManagedElement=1,ENodeBFunction=1,TermPointToMme=1,
2025-09-13;10:40:05;AL  ;Minor ;ENodeBFunction=1;PLMN Service Unavailable;S1 Connection Failure for PLMNs listed in Additional Information. AI: PLMN = ["2221"],
2025-09-13;10:40:05;AL  ;Major ;EUtranCellFDD=CZ7EL4;Service Unavailable;This is a secondary alarm, use alarm correlation information in Additional Information to find primary alarm.
2025-09-13;10:40:05;AL  ;Major ;EUtranCellFDD=CZ7EL3;Service Unavailable;This is a secondary alarm, use alarm correlation information in Additional Information to find primary alarm.
2025-09-13;10:40:05;AL  ;Major ;EUtranCellFDD=CZ7EL2;Service Unavailable;This is a secondary alarm, use alarm correlation information in Additional Information to find primary alarm.
2025-09-13;10:40:05;AL  ;Major ;EUtranCellFDD=CZ7EL1;Service Unavailable;This is a secondary alarm, use alarm correlation information in Additional Information to find primary alarm.
2025-09-13;10:40:05;AL  ;Major ;EUtranCellFDD=CZ7EF4;Service Unavailable;This is a secondary alarm, use alarm correlation information in Additional Information to find primary alarm.
2025-09-13;10:40:05;AL  ;Major ;EUtranCellFDD=CZ7EF3;Service Unavailable;This is a secondary alarm, use alarm correlation information in Additional Information to find primary alarm.
2025-09-13;10:40:05;AL  ;Major ;EUtranCellFDD=CZ7EF2;Service Unavailable;This is a secondary alarm, use alarm correlation information in Additional Information to find primary alarm.
2025-09-13;10:40:05;AL  ;Major ;EUtranCellFDD=CZ7EF1;Service Unavailable;This is a secondary alarm, use alarm correlation information in Additional Information to find primary alarm.
2025-09-13;10:40:53;AL  ;Major ;Synchronization=1,RadioEquipmentClock=1,RadioEquipmentClockReference=PTP8275_2;Sync PTP Time Reachability Fault;No PTP messages
2025-09-13;10:41:04;AL  ;Major ;GsmSector=CZ7ED4,AbisIp=1;BSC Connection Failure;Connection timeout, there is no connection towards the BSC for the GSM Sector.
2025-09-13;10:41:04;AL  ;Major ;GsmSector=CZ7ED1,AbisIp=1;BSC Connection Failure;Connection timeout, there is no connection towards the BSC for the GSM Sector.
2025-09-13;10:41:04;AL  ;Major ;GsmSector=CZ7ED2,AbisIp=1;BSC Connection Failure;Connection timeout, there is no connection towards the BSC for the GSM Sector.
2025-09-13;10:41:05;AL  ;Major ;GsmSector=CZ7ED3,AbisIp=1;BSC Connection Failure;Connection timeout, there is no connection towards the BSC for the GSM Sector.
2025-09-13;10:47:56;AL  ;Warning;ENodeBFunction=1;PLMN Service Redundancy Lost;S1 connection failure for PLMN connected with link represented by MO listed in Additional Information. AI: PLMN = ["2221"],DN1=ManagedElement=1,ENodeBFunction=1,TermPointToMme=3,DN2=ManagedElement=1,ENodeBFunction=1,TermPointToMme=1,
2025-09-13;10:47:56;AL  ;Cleared;ENodeBFunction=1;PLMN Service Unavailable;S1 Connection Failure for PLMNs listed in Additional Information. AI: PLMN = ["2221"],
2025-09-13;10:47:56;AL  ;Cleared;EUtranCellFDD=CZ7EL4;Service Unavailable;This is a secondary alarm, use alarm correlation information in Additional Information to find primary alarm.
2025-09-13;10:47:56;AL  ;Cleared;EUtranCellFDD=CZ7EL3;Service Unavailable;This is a secondary alarm, use alarm correlation information in Additional Information to find primary alarm.
2025-09-13;10:47:56;AL  ;Cleared;EUtranCellFDD=CZ7EL2;Service Unavailable;This is a secondary alarm, use alarm correlation information in Additional Information to find primary alarm.
2025-09-13;10:47:56;AL  ;Cleared;EUtranCellFDD=CZ7EL1;Service Unavailable;This is a secondary alarm, use alarm correlation information in Additional Information to find primary alarm.
2025-09-13;10:47:56;AL  ;Cleared;EUtranCellFDD=CZ7EF4;Service Unavailable;This is a secondary alarm, use alarm correlation information in Additional Information to find primary alarm.
2025-09-13;10:47:56;AL  ;Cleared;EUtranCellFDD=CZ7EF3;Service Unavailable;This is a secondary alarm, use alarm correlation information in Additional Information to find primary alarm.
2025-09-13;10:47:56;AL  ;Cleared;EUtranCellFDD=CZ7EF2;Service Unavailable;This is a secondary alarm, use alarm correlation information in Additional Information to find primary alarm.
2025-09-13;10:47:56;AL  ;Cleared;EUtranCellFDD=CZ7EF1;Service Unavailable;This is a secondary alarm, use alarm correlation information in Additional Information to find primary alarm.
2025-09-13;10:47:56;AL  ;Cleared;GsmSector=CZ7ED4,AbisIp=1;BSC Connection Failure;Connection timeout, there is no connection towards the BSC for the GSM Sector.
2025-09-13;10:47:57;AL  ;Cleared;GsmSector=CZ7ED1,AbisIp=1;BSC Connection Failure;Connection timeout, there is no connection towards the BSC for the GSM Sector.
2025-09-13;10:47:57;AL  ;Cleared;GsmSector=CZ7ED2,AbisIp=1;BSC Connection Failure;Connection timeout, there is no connection towards the BSC for the GSM Sector.
2025-09-13;10:47:57;AL  ;Cleared;GsmSector=CZ7ED3,AbisIp=1;BSC Connection Failure;Connection timeout, there is no connection towards the BSC for the GSM Sector.
2025-09-13;10:48:00;AL  ;Minor ;EUtraNetwork=1,ExternalENodeBFunction=2221-650290;Inter Node Carrier Aggregation Service Unavailable;Elastic RAN Carrier Aggregation is not available towards remote eNodeB.
2025-09-13;10:48:25;AL  ;Cleared;ENodeBFunction=1;PLMN Service Redundancy Lost;S1 connection failure for PLMN connected with link represented by MO listed in Additional Information. AI: PLMN = ["2221"],DN1=ManagedElement=1,ENodeBFunction=1,TermPointToMme=1,
2025-09-13;10:49:53;AL  ;Cleared;Synchronization=1,RadioEquipmentClock=1,RadioEquipmentClockReference=PTP8275_2;Sync PTP Time Reachability Fault;No PTP messages
2025-09-14;08:30:42;AL  ;Cleared;EUtraNetwork=1,ExternalENodeBFunction=2221-650290;Inter Node Carrier Aggregation Service Unavailable;Elastic RAN Carrier Aggregation is not available towards remote eNodeB.
2025-09-16;10:00:05;AL  ;Warning;ENodeBFunction=1;PLMN Service Redundancy Lost;S1 connection failure for PLMN connected with link represented by MO listed in Additional Information. AI: PLMN = ["2221"],DN1=ManagedElement=1,ENodeBFunction=1,TermPointToMme=5,
2025-09-16;10:01:05;AL  ;Cleared;ENodeBFunction=1;PLMN Service Redundancy Lost;S1 connection failure for PLMN connected with link represented by MO listed in Additional Information. AI: PLMN = ["2221"],DN1=ManagedElement=1,ENodeBFunction=1,TermPointToMme=5,
2025-09-16;14:01:59;AL  ;Minor ;EUtraNetwork=1,ExternalENodeBFunction=2221-650290;Inter Node Carrier Aggregation Service Unavailable;Elastic RAN Carrier Aggregation is not available towards remote eNodeB.
2025-09-17;13:12:47;AL  ;Cleared;EUtraNetwork=1,ExternalENodeBFunction=2221-650290;Inter Node Carrier Aggregation Service Unavailable;Elastic RAN Carrier Aggregation is not available towards remote eNodeB.
2025-09-17;13:22:07;AL  ;Minor ;ENodeBFunction=1;External Link Failure;X2 link problem to one or several neighbouring eNodeBs. AI: PLMN ID-eNB ID 1 = 2221-650290 PLMN ID-eNB ID 2 = 2221-206576
2025-09-17;14:01:26;AL  ;Minor ;ENodeBFunction=1;External Link Failure;X2 link problem to one or several neighbouring eNodeBs. AI: PLMN ID-eNB ID 1 = 2221-650290
2025-09-17;14:02:28;AL  ;Cleared;ENodeBFunction=1;External Link Failure;X2 link problem to one or several neighbouring eNodeBs. AI: PLMN ID-eNB ID 1 = 2221-650290
2025-09-17;14:04:25;AL  ;Minor ;EUtraNetwork=1,ExternalENodeBFunction=2221-650290;Inter Node Carrier Aggregation Service Unavailable;Elastic RAN Carrier Aggregation is not available towards remote eNodeB.
2025-09-18;12:01:11;AL  ;Minor ;EUtraNetwork=1,ExternalENodeBFunction=2221-650015;Inter Node Carrier Aggregation Service Unavailable;Elastic RAN Carrier Aggregation is not available towards remote eNodeB.
2025-09-21;08:23:34;AL  ;Cleared;EUtraNetwork=1,ExternalENodeBFunction=2221-650290;Inter Node Carrier Aggregation Service Unavailable;Elastic RAN Carrier Aggregation is not available towards remote eNodeB.
2025-09-21;08:23:38;AL  ;Cleared;EUtraNetwork=1,ExternalENodeBFunction=2221-650015;Inter Node Carrier Aggregation Service Unavailable;Elastic RAN Carrier Aggregation is not available towards remote eNodeB.
2025-09-23;09:01:59;AL  ;Minor ;EUtraNetwork=1,ExternalENodeBFunction=2221-650290;Inter Node Carrier Aggregation Service Unavailable;Elastic RAN Carrier Aggregation is not available towards remote eNodeB.
2025-09-26;05:40:46;AL  ;Minor ;ENodeBFunction=1;External Link to GNodeB Failure;X2 link problem to one or several neighbouring gNodeBs. AI: PLMN ID-gNB ID 1 = 2221-1054693
2025-09-26;06:28:33;AL  ;Cleared;ENodeBFunction=1;External Link to GNodeB Failure;X2 link problem to one or several neighbouring gNodeBs. AI: PLMN ID-gNB ID 1 = 2221-1054693
2025-09-28;08:25:01;AL  ;Cleared;EUtraNetwork=1,ExternalENodeBFunction=2221-650290;Inter Node Carrier Aggregation Service Unavailable;Elastic RAN Carrier Aggregation is not available towards remote eNodeB.
2025-09-29;09:01:59;AL  ;Minor ;EUtraNetwork=1,ExternalENodeBFunction=2221-650290;Inter Node Carrier Aggregation Service Unavailable;Elastic RAN Carrier Aggregation is not available towards remote eNodeB.
2025-10-05;08:18:01;AL  ;Cleared;EUtraNetwork=1,ExternalENodeBFunction=2221-650290;Inter Node Carrier Aggregation Service Unavailable;Elastic RAN Carrier Aggregation is not available towards remote eNodeB.
2025-10-06;15:01:06;AL  ;Minor ;EUtraNetwork=1,ExternalENodeBFunction=2221-650290;Inter Node Carrier Aggregation Service Unavailable;Elastic RAN Carrier Aggregation is not available towards remote eNodeB.


CZ7EL> lgec -m 30d

251007-11:24:54+0200 19.31.8.77 25.0h MSRBS_NODE_MODEL_25.Q1_693.28324.131_62ac stopfile=/tmp/774911

Startdate=20250907.092454, Enddate=20251008.092454
Date;Time;Log;Severity;Object;Event;Cause;AdditionalText;AckState;Id;NotificationId;CorrelatedAlarms
Executing action Log.export()
..
Log=AlertLog                    actionId=7763
...
=================================================================================================================
MO                  actionId result      resultInfo
=================================================================================================================
LogM=1,Log=AlertLog 7763     1 (SUCCESS)           
cat  /ericsson/log/amos/moshell_logfiles/t20251007_37258710_53697/logs_moshell/tempfiles/scp-2-amos_20251007-112415_774847/rcslogs/AlertLog_20231115__091048_20250224__233253.log /ericsson/log/amos/moshell_logfiles/t20251007_37258710_53697/logs_moshell/tempfiles/scp-2-amos_20251007-112415_774847/rcslogs/AlertLog_20250224__233253.log > /ericsson/log/amos/moshell_logfiles/t20251007_37258710_53697/logs_moshell/tempfiles/scp-2-amos_20251007-112415_774847/eventLog774911.xml
2025-09-07;15:11:36;EV  ;Warning;RiLink=S23-1;Radio Interface Connectivity Disturbance Alert;Near end port:FieldReplaceableUnit=Radio-S22-1,RiPort=DATA_2 (transportType=NOT_SET). SUPPRESSED
2025-09-07;15:11:42;EV  ;Warning;EUtranCellFDD=CZ7EF4;Cell Service Unavailable Auto Recovery Initiated Alert;
2025-09-07;15:12:57;EV  ;Warning;FieldReplaceableUnit=Radio-S23-1;Radio Restart Alert;Restart details are listed in Additional Information AI: Restartdetails=[{"RC":"System Initiated","RT":"Fault Immediate Recovery ","ERI":"FALSE"}] UI=[{"PN":Radio 2012 B32A,"PNR":KRC 161 604/1,"PR":R2C,"SN":TU8U028QQA,"SR":R101LX,"SW":CXP9013268/15}] :SUPPRESSED
2025-09-07;15:12:59;EV  ;Warning;EUtranCellFDD=CZ7EF4;Cell Service Available Auto Recovery Successful Alert;

Bye...
Output has been logged to file /mta_fs/UserFiles/37258710/amosbatch/2025-10-07_11-07-01_53697/CZ7EL.log
