Logging to file /mta_fs/UserFiles/37258710/amosbatch/2025-10-07_11-07-01_53697/CZ9CT.log
                        __  __  ____   _____
                  /\   |  \/  |/ __ \ / ____|
                 /  \  | \  / | |  | | (___  
                / /\ \ | |\/| | |  | |\___ \ 
               / ____ \| |  | | |__| |____) |
              /_/    \_\_|  |_|\____/|_____/
              OSS Framework for MoShell-25.0h 
  Copyright (c) Ericsson AB 2001-2025 - All Rights Reserved
              
           
[1;31mWARNING: [0mthe AMOS version currently running is more than 22 weeks old and is unsupported.
Please upgrade as soon as possible to the latest released version, available from your local Ericsson support.

$amosrb_pid = 932736

Checking ip contact...OK

HELP MENU            : h
BASIC MO COMMANDS    : m
OTHER MO COMMANDS    : n
OTHER COMMANDS       : o
PM COMMANDS          : p
QUIT                 : q

CZ9CT> lt all

251007-11:42:35+0200 19.31.2.186 25.0h  stopfile=/tmp/932583
Looking up temporary_amos account... OK.
Trying temporary_amos_t20251007_37258710_53697_313's password from amos lookupAccount ... OK

$ssh_pid = 934285

Connected to 19.31.2.186 (SubNetwork=BBMM_rckomc_R,MeContext=CZ9CT,ManagedElement=CZ9CT)

Checking MOM version...MSRBS_NODE_MODEL_25.Q1_693.28324.131_62ac
Parsing MOM (cached): /ericsson/log/amos/moshell_logfiles/t20251007_37258710_53697/logs_moshell/tempfiles/scp-2-amos_20251007-114228_932504/MSRBS_NODE_MODEL_25.Q1_693.28324.131_62ac.xml.cache.gz ..................................................................................................................................................................................................................................Done.
Using paramfile /opt/ericsson/amos/moshell/commonjars/pm/PARAM_MSRBS_25.Q1.txt
Parsing file /opt/ericsson/amos/moshell/commonjars/pm/PARAM_MSRBS_25.Q1.txt .......................................................................................Done.
Using imomdfile /opt/ericsson/amos/moshell/commonjars/pm/IMOMD_MSRBS_22.Q4.txt
Using imomfile /opt/ericsson/amos/moshell/commonjars/pm/IMOM_MSRBS_25.Q1.txt
Connected to 19.31.2.186 (SubNetwork=BBMM_rckomc_R,MeContext=CZ9CT,ManagedElement=CZ9CT)

Last MO: 18650. Loaded 18650 MOs. Total: 18651 MOs.

CZ9CT> hget EUtranCellFDD ^cellid

251007-11:42:50+0200 19.31.2.186 25.0h MSRBS_NODE_MODEL_25.Q1_693.28324.131_62ac stopfile=/tmp/932583
.
=================================================================================================================
MO                   cellId
=================================================================================================================
EUtranCellFDD=CZ9CE1 61    
EUtranCellFDD=CZ9CE2 62    
EUtranCellFDD=CZ9CM1 31    
EUtranCellFDD=CZ9CM2 32    
EUtranCellFDD=CZ9CT1 41    
EUtranCellFDD=CZ9CT2 42    
=================================================================================================================
Total: 6 MOs

Added 6 MOs to group: hget_group

CZ9CT> hget NbIotCell ^cellid

251007-11:42:51+0200 19.31.2.186 25.0h MSRBS_NODE_MODEL_25.Q1_693.28324.131_62ac stopfile=/tmp/932583
.
=================================================================================================================
MO               cellId
=================================================================================================================
NbIotCell=CZ9CN1 161   
NbIotCell=CZ9CN2 162   
=================================================================================================================
Total: 2 MOs

Added 2 MOs to group: hget_group

CZ9CT> hget NRCellDU ^cellLocalId

251007-11:42:51+0200 19.31.2.186 25.0h MSRBS_NODE_MODEL_25.Q1_693.28324.131_62ac stopfile=/tmp/932583
Total: 0 MOs

CZ9CT> lgdc -m 30d

251007-11:42:51+0200 19.31.2.186 25.0h MSRBS_NODE_MODEL_25.Q1_693.28324.131_62ac stopfile=/tmp/932583

Startdate=20250907.094251, Enddate=20251008.094251
INFO: Using amos lookupAccount credentials for the export login

Executing action LogM.exportAvailabilityLog()
...LogM=1,exportAvailabilityLog    actionId=8263
...
=================================================================================================================
MO     actionId result      resultInfo
=================================================================================================================
LogM=1 8263     1 (SUCCESS)           
cp /ericsson/log/amos/moshell_logfiles/t20251007_37258710_53697/logs_moshell/tempfiles/scp-2-amos_20251007-114228_932504/rcslogs/RBS_CS_AVAILABILITY_LOG_20251007094255.xml /ericsson/log/amos/moshell_logfiles/t20251007_37258710_53697/logs_moshell/tempfiles/scp-2-amos_20251007-114228_932504/availabilityLog932583.xml
Parsing availabilityLog........Done.
.....
Date;Time;RestartType;SwVersion;SwRelease;RCSDowntime;ApplicationDowntime;TNDowntime;RATsDowntime;ExtraInfo;ExtraInfo2
2025-09-08;08:06:44;PartialOutage(Manual);17% Lrat Cell 42; ();9s;;;;;
2025-09-08;08:07:00;PartialOutage(Manual);17% Lrat Cell 41; ();7s;;;;;
2025-09-08;08:07:12;PartialOutage(Manual);17% Lrat Cell 31; ();16s;;;;;
2025-09-08;08:07:36;PartialOutage(Manual);17% Lrat Cell 32; ();11s;;;;;
2025-09-08;08:07:52;PartialOutage(Manual);50% Lrat Cell 161; ();7s;;;;;
2025-09-08;08:07:59;PartialOutage(Manual);0% Lrat Cell 61; ();7s;;;;;
2025-09-08;08:08:15;PartialOutage(Manual);5% Lrat Cell 62; ();11s;;;;;
2025-09-08;08:08:34;PartialOutage(Manual);75% Lrat Cell 162; ();12s;;;;;
2025-09-09;14:31:24;PartialOutage(System);67% Lrat Cell 61 62 31 32; ();1s;;;;;
2025-09-09;14:31:25;PartialOutage(System);100% Lrat Cell 61 62 31 32 41 42; ();14s;;;;;
2025-09-09;14:31:39;PartialOutage(System);100% Lrat Cell 61 31 32 41 42; ();1s;;;;;
2025-09-09;14:31:40;PartialOutage(System);100% Lrat Cell 161; ();1s;;;;;
2025-09-09;14:31:43;PartialOutage(System);100% Lrat Cell 41; ();1s;;;;;
2025-09-10;14:08:31;PartialOutage(System);50% Lrat Cell 61 62 31; ();1s;;;;;
2025-09-10;14:08:32;PartialOutage(System);100% Lrat Cell 61 62 31 32 41 42; ();14s;;;;;
2025-09-10;14:08:46;PartialOutage(System);100% Lrat Cell 61 31 32 41 42; ();1s;;;;;
2025-09-10;14:08:47;PartialOutage(System);100% Lrat Cell 161; ();1s;;;;;
2025-09-10;14:08:49;PartialOutage(System);100% Lrat Cell 41 42; ();1s;;;;;
2025-09-11;06:03:28;PartialOutage(System);100% Lrat Cell 161 162; ();4295s (1h11m);;;;;
2025-09-11;07:15:03;PartialOutage(System);100% Lrat Cell 61 62 41 42; ();1s;;;;;
2025-09-11;07:15:04;PartialOutage(System);100% Lrat Cell 61 62; ();1s;;;;;
2025-09-11;07:15:05;PartialOutage(System);100% Lrat Cell 161; ();1s;;;;;
2025-09-17;17:03:58;PartialOutage(System);100% Lrat Cell 161 162; ();26s;;;;;
2025-09-17;17:04:24;PartialOutage(System);100% Lrat Cell 61 62 41 42; ();1s;;;;;
2025-09-17;17:04:25;PartialOutage(System);100% Lrat Cell 161; ();1s;;;;;
2025-10-05;15:26:18;PartialOutage(System);100% Lrat Cell 161 162; ();35s;;;;;
2025-10-05;15:26:53;PartialOutage(System);100% Lrat Cell 61 62; ();1s;;;;;
2025-10-05;15:26:54;PartialOutage(System);100% Lrat Cell 161; ();2s;;;;;
2025-10-05;15:36:15;PartialOutage(System);100% Lrat Cell 161 162; ();1982s (33m2s);;;;;
2025-10-05;16:09:17;PartialOutage(System);100% Lrat Cell 61 62; ();1s;;;;;
2025-10-05;16:09:18;PartialOutage(System);100% Lrat Cell 161; ();1s;;;;;
2025-10-05;17:01:59;PartialOutage(System);100% Lrat Cell 161 162; ();30s;;;;;
2025-10-05;17:02:29;PartialOutage(System);100% Lrat Cell 61 62; ();1s;;;;;
2025-10-05;17:02:30;PartialOutage(System);100% Lrat Cell 61; ();1s;;;;;
2025-10-05;17:02:31;PartialOutage(System);100% Lrat Cell 161; ();1s;;;;;

Node uptime since last restart: 146429 seconds (1 days, 16 hours, 40 minutes, 29 seconds)
------------------------------------------------------------------------------------------------------
Period=30 days       NodeUpgrade      NodeManual       NodeSpontaneous  AllNodeRestarts  PartialOutages  
------------------------------------------------------------------------------------------------------
Number Of outages    0                0                0                0                35              
Total downtime       0s               0s               0s               0s               6497s (1h48m)   
Downtime per day     0s               0s               0s               0s               217s (3m37s)    
Downtime per outage  0s               0s               0s               0s               186s (3m6s)     

CZ9CT> lgac -m 30d

251007-11:43:01+0200 19.31.2.186 25.0h MSRBS_NODE_MODEL_25.Q1_693.28324.131_62ac stopfile=/tmp/932583

Startdate=20250907.094302, Enddate=20251008.094302
Date;Time;Log;Severity;Object;Event;Cause;AdditionalText;AckState;Id;NotificationId;CorrelatedAlarms
Executing action Log.export()
..
Log=AlarmLog                    actionId=8264
..........
=================================================================================================================
MO                  actionId result      resultInfo
=================================================================================================================
LogM=1,Log=AlarmLog 8264     1 (SUCCESS)           
cat  /ericsson/log/amos/moshell_logfiles/t20251007_37258710_53697/logs_moshell/tempfiles/scp-2-amos_20251007-114228_932504/rcslogs/saLogAlarm_20250130__194513_20250303__231452.log /ericsson/log/amos/moshell_logfiles/t20251007_37258710_53697/logs_moshell/tempfiles/scp-2-amos_20251007-114228_932504/rcslogs/saLogAlarm_20250303__231452_20251005__160946.log /ericsson/log/amos/moshell_logfiles/t20251007_37258710_53697/logs_moshell/tempfiles/scp-2-amos_20251007-114228_932504/rcslogs/saLogAlarm_20251005__160946.log > /ericsson/log/amos/moshell_logfiles/t20251007_37258710_53697/logs_moshell/tempfiles/scp-2-amos_20251007-114228_932504/alarmLog932583.xml
2025-09-07;11:22:14;AL  ;Minor ;EUtraNetwork=1,ExternalENodeBFunction=2221-650324;Inter Node Carrier Aggregation Service Unavailable;Elastic RAN Carrier Aggregation is not available towards remote eNodeB.
2025-09-07;11:43:47;AL  ;Minor ;EUtraNetwork=1,ExternalENodeBFunction=2221-650544;Inter Node Carrier Aggregation Service Unavailable;Elastic RAN Carrier Aggregation is not available towards remote eNodeB.
2025-09-07;11:52:20;AL  ;Minor ;EUtraNetwork=1,ExternalENodeBFunction=2221-650270;Inter Node Carrier Aggregation Service Unavailable;Elastic RAN Carrier Aggregation is not available towards remote eNodeB.
2025-09-07;15:01:49;AL  ;Minor ;EUtraNetwork=1,ExternalENodeBFunction=2221-209448;Inter Node Carrier Aggregation Service Unavailable;Elastic RAN Carrier Aggregation is not available towards remote eNodeB.
2025-09-07;19:01:28;AL  ;Major ;Synchronization=1,RadioEquipmentClock=1,RadioEquipmentClockReference=PTP8275_2;Sync PTP Time PDV Problem;High PDV detected on PTP messages
2025-09-07;22:52:04;AL  ;Cleared;Synchronization=1,RadioEquipmentClock=1,RadioEquipmentClockReference=PTP8275_2;Sync PTP Time PDV Problem;High PDV detected on PTP messages
2025-09-08;10:22:24;AL  ;Cleared;EUtraNetwork=1,ExternalENodeBFunction=2221-650324;Inter Node Carrier Aggregation Service Unavailable;Elastic RAN Carrier Aggregation is not available towards remote eNodeB.
2025-09-08;11:43:30;AL  ;Minor ;EUtraNetwork=1,ExternalENodeBFunction=2221-650324;Inter Node Carrier Aggregation Service Unavailable;Elastic RAN Carrier Aggregation is not available towards remote eNodeB.
2025-09-08;19:29:46;AL  ;Major ;Synchronization=1,RadioEquipmentClock=1,RadioEquipmentClockReference=PTP8275_2;Sync PTP Time PDV Problem;High PDV detected on PTP messages
2025-09-08;22:40:22;AL  ;Cleared;Synchronization=1,RadioEquipmentClock=1,RadioEquipmentClockReference=PTP8275_2;Sync PTP Time PDV Problem;High PDV detected on PTP messages
2025-09-09;10:21:06;AL  ;Cleared;EUtraNetwork=1,ExternalENodeBFunction=2221-650324;Inter Node Carrier Aggregation Service Unavailable;Elastic RAN Carrier Aggregation is not available towards remote eNodeB.
2025-09-09;11:06:53;AL  ;Minor ;EUtraNetwork=1,ExternalENodeBFunction=2221-650324;Inter Node Carrier Aggregation Service Unavailable;Elastic RAN Carrier Aggregation is not available towards remote eNodeB.
2025-09-09;11:09:48;AL  ;Cleared;EUtraNetwork=1,ExternalENodeBFunction=2221-650324;Inter Node Carrier Aggregation Service Unavailable;Elastic RAN Carrier Aggregation is not available towards remote eNodeB.
2025-09-09;12:05:11;AL  ;Minor ;EUtraNetwork=1,ExternalENodeBFunction=2221-650324;Inter Node Carrier Aggregation Service Unavailable;Elastic RAN Carrier Aggregation is not available towards remote eNodeB.
2025-09-09;18:56:24;AL  ;Major ;Synchronization=1,RadioEquipmentClock=1,RadioEquipmentClockReference=PTP8275_2;Sync PTP Time PDV Problem;High PDV detected on PTP messages
2025-09-09;23:18:48;AL  ;Cleared;Synchronization=1,RadioEquipmentClock=1,RadioEquipmentClockReference=PTP8275_2;Sync PTP Time PDV Problem;High PDV detected on PTP messages
2025-09-09;23:32:14;AL  ;Cleared;EUtraNetwork=1,ExternalENodeBFunction=2221-650367;Inter Node Feature Incompatibility;Elastic RAN feature is not activated in remote eNodeB. SUPPRESSED
2025-09-10;07:55:36;AL  ;Minor ;ENodeBFunction=1;External Link Failure;X2 link problem to one or several neighbouring eNodeBs. AI: PLMN ID-eNB ID 1 = 2221-650773 PLMN ID-eNB ID 2 = 2221-213660
2025-09-10;09:13:48;AL  ;Minor ;ENodeBFunction=1;External Link Failure;X2 link problem to one or several neighbouring eNodeBs. AI: PLMN ID-eNB ID 1 = 2221-650773
2025-09-10;09:42:19;AL  ;Cleared;EUtraNetwork=1,ExternalENodeBFunction=2221-650324;Inter Node Carrier Aggregation Service Unavailable;Elastic RAN Carrier Aggregation is not available towards remote eNodeB.
2025-09-10;09:43:02;AL  ;Minor ;EUtraNetwork=1,ExternalENodeBFunction=2221-650242;Inter Node Carrier Aggregation Service Unavailable;Elastic RAN Carrier Aggregation is not available towards remote eNodeB.
2025-09-10;09:52:47;AL  ;Minor ;EUtraNetwork=1,ExternalENodeBFunction=2221-650324;Inter Node Carrier Aggregation Service Unavailable;Elastic RAN Carrier Aggregation is not available towards remote eNodeB.
2025-09-10;09:59:17;AL  ;Cleared;EUtraNetwork=1,ExternalENodeBFunction=2221-650324;Inter Node Carrier Aggregation Service Unavailable;Elastic RAN Carrier Aggregation is not available towards remote eNodeB.
2025-09-10;10:01:42;AL  ;Minor ;EUtraNetwork=1,ExternalENodeBFunction=2221-650324;Inter Node Carrier Aggregation Service Unavailable;Elastic RAN Carrier Aggregation is not available towards remote eNodeB.
2025-09-10;10:05:55;AL  ;Cleared;EUtraNetwork=1,ExternalENodeBFunction=2221-650324;Inter Node Carrier Aggregation Service Unavailable;Elastic RAN Carrier Aggregation is not available towards remote eNodeB.
2025-09-10;10:53:25;AL  ;Minor ;EUtraNetwork=1,ExternalENodeBFunction=2221-650324;Inter Node Carrier Aggregation Service Unavailable;Elastic RAN Carrier Aggregation is not available towards remote eNodeB.
2025-09-10;10:56:14;AL  ;Cleared;EUtraNetwork=1,ExternalENodeBFunction=2221-650324;Inter Node Carrier Aggregation Service Unavailable;Elastic RAN Carrier Aggregation is not available towards remote eNodeB.
2025-09-10;19:29:01;AL  ;Major ;Synchronization=1,RadioEquipmentClock=1,RadioEquipmentClockReference=PTP8275_2;Sync PTP Time PDV Problem;High PDV detected on PTP messages
2025-09-10;22:25:31;AL  ;Minor ;ENodeBFunction=1;External Link Failure;X2 link problem to one or several neighbouring eNodeBs. AI: PLMN ID-eNB ID 1 = 2221-650773 PLMN ID-eNB ID 2 = 2221-400360
2025-09-10;22:47:14;AL  ;Cleared;Synchronization=1,RadioEquipmentClock=1,RadioEquipmentClockReference=PTP8275_2;Sync PTP Time PDV Problem;High PDV detected on PTP messages
2025-09-11;00:00:10;AL  ;Minor ;ENodeBFunction=1;External Link Failure;X2 link problem to one or several neighbouring eNodeBs. AI: PLMN ID-eNB ID 1 = 2221-650773 PLMN ID-eNB ID 2 = 2221-400360 PLMN ID-eNB ID 3 = 2221-213186
2025-09-11;06:01:47;AL  ;Cleared;EUtraNetwork=1,ExternalENodeBFunction=2221-650270;Inter Node Carrier Aggregation Service Unavailable;Elastic RAN Carrier Aggregation is not available towards remote eNodeB.
2025-09-11;06:03:22;AL  ;Warning;ENodeBFunction=1;PLMN Service Redundancy Lost;S1 connection failure for PLMN connected with link represented by MO listed in Additional Information. AI: PLMN = ["2221"],DN1=ManagedElement=1,ENodeBFunction=1,TermPointToMme=1,DN2=ManagedElement=1,ENodeBFunction=1,TermPointToMme=5,DN3=ManagedElement=1,ENodeBFunction=1,TermPointToMme=3,
2025-09-11;06:03:26;AL  ;Cleared;EUtraNetwork=1,ExternalENodeBFunction=2221-650544;Inter Node Carrier Aggregation Service Unavailable;Elastic RAN Carrier Aggregation is not available towards remote eNodeB.
2025-09-11;06:03:28;AL  ;Cleared;ENodeBFunction=1;PLMN Service Redundancy Lost;S1 connection failure for PLMN connected with link represented by MO listed in Additional Information. AI: PLMN = ["2221"],DN1=ManagedElement=1,ENodeBFunction=1,TermPointToMme=1,DN2=ManagedElement=1,ENodeBFunction=1,TermPointToMme=5,DN3=ManagedElement=1,ENodeBFunction=1,TermPointToMme=4,DN4=ManagedElement=1,ENodeBFunction=1,TermPointToMme=3,
2025-09-11;06:03:28;AL  ;Minor ;ENodeBFunction=1;PLMN Service Unavailable;S1 Connection Failure for PLMNs listed in Additional Information. AI: PLMN = ["2221"],
2025-09-11;06:03:28;AL  ;Major ;EUtranCellFDD=CZ9CT2;Service Unavailable;This is a secondary alarm, use alarm correlation information in Additional Information to find primary alarm.
2025-09-11;06:03:28;AL  ;Major ;EUtranCellFDD=CZ9CT1;Service Unavailable;This is a secondary alarm, use alarm correlation information in Additional Information to find primary alarm.
2025-09-11;06:03:28;AL  ;Major ;EUtranCellFDD=CZ9CM2;Service Unavailable;This is a secondary alarm, use alarm correlation information in Additional Information to find primary alarm.
2025-09-11;06:03:28;AL  ;Major ;EUtranCellFDD=CZ9CM1;Service Unavailable;This is a secondary alarm, use alarm correlation information in Additional Information to find primary alarm.
2025-09-11;06:03:28;AL  ;Major ;EUtranCellFDD=CZ9CE2;Service Unavailable;This is a secondary alarm, use alarm correlation information in Additional Information to find primary alarm.
2025-09-11;06:03:28;AL  ;Major ;EUtranCellFDD=CZ9CE1;Service Unavailable;This is a secondary alarm, use alarm correlation information in Additional Information to find primary alarm.
2025-09-11;06:03:28;AL  ;Major ;NbIotCell=CZ9CN2;Service Unavailable;This is a secondary alarm, use alarm correlation information in Additional Information to find primary alarm.
2025-09-11;06:03:28;AL  ;Major ;NbIotCell=CZ9CN1;Service Unavailable;This is a secondary alarm, use alarm correlation information in Additional Information to find primary alarm.
2025-09-11;06:03:32;AL  ;Cleared;EUtraNetwork=1,ExternalENodeBFunction=2221-209448;Inter Node Carrier Aggregation Service Unavailable;Elastic RAN Carrier Aggregation is not available towards remote eNodeB.
2025-09-11;06:03:35;AL  ;Cleared;EUtraNetwork=1,ExternalENodeBFunction=2221-650186;Inter Node Feature Incompatibility;Elastic RAN feature is not activated in remote eNodeB. SUPPRESSED
2025-09-11;06:03:35;AL  ;Cleared;EUtraNetwork=1,ExternalENodeBFunction=2221-650242;Inter Node Carrier Aggregation Service Unavailable;Elastic RAN Carrier Aggregation is not available towards remote eNodeB.
2025-09-11;06:04:19;AL  ;Major ;Synchronization=1,RadioEquipmentClock=1,RadioEquipmentClockReference=PTP8275_2;Sync PTP Time Reachability Fault;No PTP messages, No granted service from PTP grandmaster
2025-09-11;07:15:01;AL  ;Warning;ENodeBFunction=1;PLMN Service Redundancy Lost;S1 connection failure for PLMN connected with link represented by MO listed in Additional Information. AI: PLMN = ["2221"],DN1=ManagedElement=1,ENodeBFunction=1,TermPointToMme=4,DN2=ManagedElement=1,ENodeBFunction=1,TermPointToMme=2,
2025-09-11;07:15:01;AL  ;Cleared;ENodeBFunction=1;PLMN Service Unavailable;S1 Connection Failure for PLMNs listed in Additional Information. AI: PLMN = ["2221"],
2025-09-11;07:15:01;AL  ;Cleared;EUtranCellFDD=CZ9CT2;Service Unavailable;This is a secondary alarm, use alarm correlation information in Additional Information to find primary alarm.
2025-09-11;07:15:01;AL  ;Cleared;EUtranCellFDD=CZ9CT1;Service Unavailable;This is a secondary alarm, use alarm correlation information in Additional Information to find primary alarm.
2025-09-11;07:15:01;AL  ;Cleared;EUtranCellFDD=CZ9CM2;Service Unavailable;This is a secondary alarm, use alarm correlation information in Additional Information to find primary alarm.
2025-09-11;07:15:01;AL  ;Cleared;EUtranCellFDD=CZ9CM1;Service Unavailable;This is a secondary alarm, use alarm correlation information in Additional Information to find primary alarm.
2025-09-11;07:15:01;AL  ;Cleared;EUtranCellFDD=CZ9CE2;Service Unavailable;This is a secondary alarm, use alarm correlation information in Additional Information to find primary alarm.
2025-09-11;07:15:01;AL  ;Cleared;EUtranCellFDD=CZ9CE1;Service Unavailable;This is a secondary alarm, use alarm correlation information in Additional Information to find primary alarm.
2025-09-11;07:15:01;AL  ;Cleared;NbIotCell=CZ9CN1;Service Unavailable;This is a secondary alarm, use alarm correlation information in Additional Information to find primary alarm.
2025-09-11;07:15:01;AL  ;Cleared;NbIotCell=CZ9CN2;Service Unavailable;This is a secondary alarm, use alarm correlation information in Additional Information to find primary alarm.
2025-09-11;07:15:07;AL  ;Cleared;ENodeBFunction=1;PLMN Service Redundancy Lost;S1 connection failure for PLMN connected with link represented by MO listed in Additional Information. AI: PLMN = ["2221"],DN1=ManagedElement=1,ENodeBFunction=1,TermPointToMme=2,
2025-09-11;07:15:16;AL  ;Minor ;ENodeBFunction=1;External Link Failure;X2 link problem to one or several neighbouring eNodeBs. AI: PLMN ID-eNB ID 1 = 2221-650773 PLMN ID-eNB ID 2 = 2221-400360
2025-09-11;07:16:04;AL  ;Minor ;EUtraNetwork=1,ExternalENodeBFunction=2221-209448;Inter Node Carrier Aggregation Service Unavailable;Elastic RAN Carrier Aggregation is not available towards remote eNodeB.
2025-09-11;07:17:00;AL  ;Cleared;Synchronization=1,RadioEquipmentClock=1,RadioEquipmentClockReference=PTP8275_2;Sync PTP Time Reachability Fault;No granted service from PTP grandmaster
2025-09-11;07:23:28;AL  ;Minor ;ENodeBFunction=1;External Link Failure;X2 link problem to one or several neighbouring eNodeBs. AI: PLMN ID-eNB ID 1 = 2221-650773 PLMN ID-eNB ID 2 = 2221-400360 PLMN ID-eNB ID 3 = 2221-650457
2025-09-11;07:45:40;AL  ;Minor ;ENodeBFunction=1;External Link Failure;X2 link problem to one or several neighbouring eNodeBs. AI: PLMN ID-eNB ID 1 = 2221-650773 PLMN ID-eNB ID 2 = 2221-400360 PLMN ID-eNB ID 3 = 2221-650457 PLMN ID-eNB ID 4 = 2221-650296 PLMN ID-eNB ID 5 = 2221-650068 PLMN ID-eNB ID 6 = 2221-213265
2025-09-11;07:45:37;AL  ;Minor ;EUtraNetwork=1,ExternalENodeBFunction=2221-650242;Inter Node Carrier Aggregation Service Unavailable;Elastic RAN Carrier Aggregation is not available towards remote eNodeB.
2025-09-11;07:48:16;AL  ;Minor ;ENodeBFunction=1;External Link Failure;X2 link problem to one or several neighbouring eNodeBs. AI: PLMN ID-eNB ID 1 = 2221-650773 PLMN ID-eNB ID 2 = 2221-400360 PLMN ID-eNB ID 3 = 2221-650068 PLMN ID-eNB ID 4 = 2221-213265
2025-09-11;09:54:02;AL  ;Minor ;ENodeBFunction=1;External Link Failure;X2 link problem to one or several neighbouring eNodeBs. AI: PLMN ID-eNB ID 1 = 2221-650773 PLMN ID-eNB ID 2 = 2221-213265
2025-09-11;11:08:37;AL  ;Minor ;ENodeBFunction=1;External Link Failure;X2 link problem to one or several neighbouring eNodeBs. AI: PLMN ID-eNB ID 1 = 2221-650773
2025-09-11;19:28:03;AL  ;Major ;Synchronization=1,RadioEquipmentClock=1,RadioEquipmentClockReference=PTP8275_2;Sync PTP Time PDV Problem;High PDV detected on PTP messages
2025-09-11;23:11:30;AL  ;Cleared;Synchronization=1,RadioEquipmentClock=1,RadioEquipmentClockReference=PTP8275_2;Sync PTP Time PDV Problem;High PDV detected on PTP messages
2025-09-11;23:15:04;AL  ;Minor ;EUtraNetwork=1,ExternalENodeBFunction=2221-209450;Inter Node Carrier Aggregation Service Unavailable;Elastic RAN Carrier Aggregation is not available towards remote eNodeB.
2025-09-12;00:06:33;AL  ;Major ;Synchronization=1,RadioEquipmentClock=1,RadioEquipmentClockReference=PTP8275_2;Sync PTP Time PDV Problem;High PDV detected on PTP messages
2025-09-12;01:37:06;AL  ;Minor ;EUtraNetwork=1,ExternalENodeBFunction=2221-650186;Inter Node Feature Incompatibility;Elastic RAN feature is not activated in remote eNodeB. SUPPRESSED
2025-09-12;02:05:52;AL  ;Cleared;Synchronization=1,RadioEquipmentClock=1,RadioEquipmentClockReference=PTP8275_2;Sync PTP Time PDV Problem;High PDV detected on PTP messages
2025-09-12;10:31:41;AL  ;Cleared;EUtraNetwork=1,ExternalENodeBFunction=2221-209450;Inter Node Carrier Aggregation Service Unavailable;Elastic RAN Carrier Aggregation is not available towards remote eNodeB.
2025-09-12;10:36:52;AL  ;Minor ;EUtraNetwork=1,ExternalENodeBFunction=2221-209450;Inter Node Carrier Aggregation Service Unavailable;Elastic RAN Carrier Aggregation is not available towards remote eNodeB.
2025-09-12;12:14:07;AL  ;Major ;Synchronization=1,RadioEquipmentClock=1,RadioEquipmentClockReference=PTP8275_2;Sync PTP Time PDV Problem;High PDV detected on PTP messages
2025-09-12;14:56:44;AL  ;Cleared;Synchronization=1,RadioEquipmentClock=1,RadioEquipmentClockReference=PTP8275_2;Sync PTP Time PDV Problem;High PDV detected on PTP messages
2025-09-12;19:16:19;AL  ;Major ;Synchronization=1,RadioEquipmentClock=1,RadioEquipmentClockReference=PTP8275_2;Sync PTP Time PDV Problem;High PDV detected on PTP messages
2025-09-12;23:18:00;AL  ;Cleared;Synchronization=1,RadioEquipmentClock=1,RadioEquipmentClockReference=PTP8275_2;Sync PTP Time PDV Problem;High PDV detected on PTP messages
2025-09-13;10:37:27;AL  ;Cleared;EUtraNetwork=1,ExternalENodeBFunction=2221-209450;Inter Node Carrier Aggregation Service Unavailable;Elastic RAN Carrier Aggregation is not available towards remote eNodeB.
2025-09-13;10:42:38;AL  ;Minor ;EUtraNetwork=1,ExternalENodeBFunction=2221-209450;Inter Node Carrier Aggregation Service Unavailable;Elastic RAN Carrier Aggregation is not available towards remote eNodeB.
2025-09-13;13:18:45;AL  ;Minor ;EUtraNetwork=1,ExternalENodeBFunction=2221-650270;Inter Node Carrier Aggregation Service Unavailable;Elastic RAN Carrier Aggregation is not available towards remote eNodeB.
2025-09-13;19:05:55;AL  ;Major ;Synchronization=1,RadioEquipmentClock=1,RadioEquipmentClockReference=PTP8275_2;Sync PTP Time PDV Problem;High PDV detected on PTP messages
2025-09-13;23:01:01;AL  ;Cleared;Synchronization=1,RadioEquipmentClock=1,RadioEquipmentClockReference=PTP8275_2;Sync PTP Time PDV Problem;High PDV detected on PTP messages
2025-09-14;07:45:56;AL  ;Cleared;EUtraNetwork=1,ExternalENodeBFunction=2221-209450;Inter Node Carrier Aggregation Service Unavailable;Elastic RAN Carrier Aggregation is not available towards remote eNodeB.
2025-09-14;07:46:32;AL  ;Minor ;EUtraNetwork=1,ExternalENodeBFunction=2221-209450;Inter Node Carrier Aggregation Service Unavailable;Elastic RAN Carrier Aggregation is not available towards remote eNodeB.
2025-09-14;07:51:36;AL  ;Cleared;EUtraNetwork=1,ExternalENodeBFunction=2221-209448;Inter Node Carrier Aggregation Service Unavailable;Elastic RAN Carrier Aggregation is not available towards remote eNodeB.
2025-09-14;07:59:41;AL  ;Cleared;EUtraNetwork=1,ExternalENodeBFunction=2221-650270;Inter Node Carrier Aggregation Service Unavailable;Elastic RAN Carrier Aggregation is not available towards remote eNodeB.
2025-09-14;08:00:35;AL  ;Minor ;EUtraNetwork=1,ExternalENodeBFunction=2221-650270;Inter Node Carrier Aggregation Service Unavailable;Elastic RAN Carrier Aggregation is not available towards remote eNodeB.
2025-09-14;08:36:29;AL  ;Cleared;EUtraNetwork=1,ExternalENodeBFunction=2221-209450;Inter Node Carrier Aggregation Service Unavailable;Elastic RAN Carrier Aggregation is not available towards remote eNodeB.
2025-09-14;08:36:33;AL  ;Cleared;EUtraNetwork=1,ExternalENodeBFunction=2221-650242;Inter Node Carrier Aggregation Service Unavailable;Elastic RAN Carrier Aggregation is not available towards remote eNodeB.
2025-09-14;08:36:38;AL  ;Cleared;ENodeBFunction=1;External Link Failure;X2 link problem to one or several neighbouring eNodeBs. AI: PLMN ID-eNB ID 1 = 2221-650773
2025-09-14;08:36:39;AL  ;Cleared;EUtraNetwork=1,ExternalENodeBFunction=2221-650270;Inter Node Carrier Aggregation Service Unavailable;Elastic RAN Carrier Aggregation is not available towards remote eNodeB.
2025-09-14;09:33:46;AL  ;Minor ;ENodeBFunction=1;External Link Failure;X2 link problem to one or several neighbouring eNodeBs. AI: PLMN ID-eNB ID 1 = 2221-650773
2025-09-14;12:37:14;AL  ;Major ;Synchronization=1,RadioEquipmentClock=1,RadioEquipmentClockReference=PTP8275_2;Sync PTP Time PDV Problem;High PDV detected on PTP messages
2025-09-14;17:33:55;AL  ;Cleared;Synchronization=1,RadioEquipmentClock=1,RadioEquipmentClockReference=PTP8275_2;Sync PTP Time PDV Problem;High PDV detected on PTP messages
2025-09-14;18:11:20;AL  ;Major ;Synchronization=1,RadioEquipmentClock=1,RadioEquipmentClockReference=PTP8275_2;Sync PTP Time PDV Problem;High PDV detected on PTP messages
2025-09-14;22:11:00;AL  ;Cleared;Synchronization=1,RadioEquipmentClock=1,RadioEquipmentClockReference=PTP8275_2;Sync PTP Time PDV Problem;High PDV detected on PTP messages
2025-09-15;10:15:03;AL  ;Minor ;EUtraNetwork=1,ExternalENodeBFunction=2221-209450;Inter Node Carrier Aggregation Service Unavailable;Elastic RAN Carrier Aggregation is not available towards remote eNodeB.
2025-09-15;10:37:14;AL  ;Cleared;EUtraNetwork=1,ExternalENodeBFunction=2221-209450;Inter Node Carrier Aggregation Service Unavailable;Elastic RAN Carrier Aggregation is not available towards remote eNodeB.
2025-09-15;10:42:24;AL  ;Minor ;EUtraNetwork=1,ExternalENodeBFunction=2221-209450;Inter Node Carrier Aggregation Service Unavailable;Elastic RAN Carrier Aggregation is not available towards remote eNodeB.
2025-09-15;14:22:14;AL  ;Major ;Synchronization=1,RadioEquipmentClock=1,RadioEquipmentClockReference=PTP8275_2;Sync PTP Time PDV Problem;High PDV detected on PTP messages
2025-09-15;15:38:52;AL  ;Cleared;Synchronization=1,RadioEquipmentClock=1,RadioEquipmentClockReference=PTP8275_2;Sync PTP Time PDV Problem;High PDV detected on PTP messages
2025-09-15;15:59:47;AL  ;Major ;Synchronization=1,RadioEquipmentClock=1,RadioEquipmentClockReference=PTP8275_2;Sync PTP Time PDV Problem;High PDV detected on PTP messages
2025-09-15;16:01:06;AL  ;Minor ;EUtraNetwork=1,ExternalENodeBFunction=2221-209448;Inter Node Carrier Aggregation Service Unavailable;Elastic RAN Carrier Aggregation is not available towards remote eNodeB.
2025-09-15;17:54:13;AL  ;Cleared;Synchronization=1,RadioEquipmentClock=1,RadioEquipmentClockReference=PTP8275_2;Sync PTP Time PDV Problem;High PDV detected on PTP messages
2025-09-15;19:11:34;AL  ;Major ;Synchronization=1,RadioEquipmentClock=1,RadioEquipmentClockReference=PTP8275_2;Sync PTP Time PDV Problem;High PDV detected on PTP messages
2025-09-15;21:36:34;AL  ;Cleared;Synchronization=1,RadioEquipmentClock=1,RadioEquipmentClockReference=PTP8275_2;Sync PTP Time PDV Problem;High PDV detected on PTP messages
2025-09-15;21:49:46;AL  ;Major ;Synchronization=1,RadioEquipmentClock=1,RadioEquipmentClockReference=PTP8275_2;Sync PTP Time PDV Problem;High PDV detected on PTP messages
2025-09-15;22:59:49;AL  ;Minor ;ENodeBFunction=1;External Link Failure;X2 link problem to one or several neighbouring eNodeBs. AI: PLMN ID-eNB ID 1 = 2221-650773 PLMN ID-eNB ID 2 = 2221-400476
2025-09-15;23:04:39;AL  ;Minor ;ENodeBFunction=1;External Link Failure;X2 link problem to one or several neighbouring eNodeBs. AI: PLMN ID-eNB ID 1 = 2221-650773
2025-09-15;23:15:18;AL  ;Cleared;Synchronization=1,RadioEquipmentClock=1,RadioEquipmentClockReference=PTP8275_2;Sync PTP Time PDV Problem;High PDV detected on PTP messages
2025-09-16;02:22:46;AL  ;Cleared;EUtraNetwork=1,ExternalENodeBFunction=2221-209450;Inter Node Carrier Aggregation Service Unavailable;Elastic RAN Carrier Aggregation is not available towards remote eNodeB.
2025-09-16;02:31:38;AL  ;Minor ;ENodeBFunction=1;External Link Failure;X2 link problem to one or several neighbouring eNodeBs. AI: PLMN ID-eNB ID 1 = 2221-650773 PLMN ID-eNB ID 2 = 2221-209450
2025-09-16;02:39:28;AL  ;Minor ;EUtraNetwork=1,ExternalENodeBFunction=2221-209450;Inter Node Carrier Aggregation Service Unavailable;Elastic RAN Carrier Aggregation is not available towards remote eNodeB.
2025-09-16;02:39:40;AL  ;Minor ;ENodeBFunction=1;External Link Failure;X2 link problem to one or several neighbouring eNodeBs. AI: PLMN ID-eNB ID 1 = 2221-650773
2025-09-16;03:18:57;AL  ;Cleared;ENodeBFunction=1;External Link Failure;X2 link problem to one or several neighbouring eNodeBs. AI: PLMN ID-eNB ID 1 = 2221-650773
2025-09-16;04:26:09;AL  ;Cleared;EUtraNetwork=1,ExternalENodeBFunction=2221-209450;Inter Node Carrier Aggregation Service Unavailable;Elastic RAN Carrier Aggregation is not available towards remote eNodeB.
2025-09-16;04:27:35;AL  ;Minor ;EUtraNetwork=1,ExternalENodeBFunction=2221-209450;Inter Node Carrier Aggregation Service Unavailable;Elastic RAN Carrier Aggregation is not available towards remote eNodeB.
2025-09-16;10:07:09;AL  ;Warning;ENodeBFunction=1;PLMN Service Redundancy Lost;S1 connection failure for PLMN connected with link represented by MO listed in Additional Information. AI: PLMN = ["2221"],DN1=ManagedElement=1,ENodeBFunction=1,TermPointToMme=5,
2025-09-16;10:08:09;AL  ;Cleared;ENodeBFunction=1;PLMN Service Redundancy Lost;S1 connection failure for PLMN connected with link represented by MO listed in Additional Information. AI: PLMN = ["2221"],DN1=ManagedElement=1,ENodeBFunction=1,TermPointToMme=5,
2025-09-16;11:34:13;AL  ;Minor ;EUtraNetwork=1,ExternalENodeBFunction=2221-650201;Inter Node Carrier Aggregation Service Unavailable;Elastic RAN Carrier Aggregation is not available towards remote eNodeB.
2025-09-16;19:02:57;AL  ;Major ;Synchronization=1,RadioEquipmentClock=1,RadioEquipmentClockReference=PTP8275_2;Sync PTP Time PDV Problem;High PDV detected on PTP messages
2025-09-16;22:26:10;AL  ;Cleared;Synchronization=1,RadioEquipmentClock=1,RadioEquipmentClockReference=PTP8275_2;Sync PTP Time PDV Problem;High PDV detected on PTP messages
2025-09-17;10:42:52;AL  ;Minor ;EUtraNetwork=1,ExternalENodeBFunction=2221-650324;Inter Node Carrier Aggregation Service Unavailable;Elastic RAN Carrier Aggregation is not available towards remote eNodeB.
2025-09-17;11:01:03;AL  ;Critical;FieldReplaceableUnit=BB-1,AlarmPort=3;External Alarm;ALLARME ANOMALIE E GUASTO
2025-09-17;11:06:45;AL  ;Cleared;FieldReplaceableUnit=BB-1,AlarmPort=3;External Alarm;ALLARME ANOMALIE E GUASTO
2025-09-17;12:49:14;AL  ;Major ;Synchronization=1,RadioEquipmentClock=1,RadioEquipmentClockReference=PTP8275_2;Sync PTP Time PDV Problem;High PDV detected on PTP messages
2025-09-17;14:56:00;AL  ;Minor ;ENodeBFunction=1;External Link Failure;X2 link problem to one or several neighbouring eNodeBs. AI: PLMN ID-eNB ID 1 = 2221-650217
2025-09-17;15:09:23;AL  ;Cleared;Synchronization=1,RadioEquipmentClock=1,RadioEquipmentClockReference=PTP8275_2;Sync PTP Time PDV Problem;High PDV detected on PTP messages
2025-09-17;16:02:09;AL  ;Major ;Synchronization=1,RadioEquipmentClock=1,RadioEquipmentClockReference=PTP8275_2;Sync PTP Time PDV Problem;High PDV detected on PTP messages
2025-09-17;16:29:29;AL  ;Minor ;ENodeBFunction=1;External Link Failure;X2 link problem to one or several neighbouring eNodeBs. AI: PLMN ID-eNB ID 1 = 2221-650217 PLMN ID-eNB ID 2 = 2221-650032 PLMN ID-eNB ID 3 = 2221-205060
2025-09-17;16:56:49;AL  ;Minor ;ENodeBFunction=1;External Link Failure;X2 link problem to one or several neighbouring eNodeBs. AI: PLMN ID-eNB ID 1 = 2221-650032 PLMN ID-eNB ID 2 = 2221-205060
2025-09-17;17:03:51;AL  ;Warning;ENodeBFunction=1;PLMN Service Redundancy Lost;S1 connection failure for PLMN connected with link represented by MO listed in Additional Information. AI: PLMN = ["2221"],DN1=ManagedElement=1,ENodeBFunction=1,TermPointToMme=1,DN2=ManagedElement=1,ENodeBFunction=1,TermPointToMme=5,DN3=ManagedElement=1,ENodeBFunction=1,TermPointToMme=3,DN4=ManagedElement=1,ENodeBFunction=1,TermPointToMme=2,
2025-09-17;17:03:52;AL  ;Cleared;EUtraNetwork=1,ExternalENodeBFunction=2221-650324;Inter Node Carrier Aggregation Service Unavailable;Elastic RAN Carrier Aggregation is not available towards remote eNodeB.
2025-09-17;17:03:52;AL  ;Cleared;ENodeBFunction=1;External Link Failure;X2 link problem to one or several neighbouring eNodeBs. AI: PLMN ID-eNB ID 1 = 2221-650032 PLMN ID-eNB ID 2 = 2221-205060
2025-09-17;17:03:58;AL  ;Cleared;ENodeBFunction=1;PLMN Service Redundancy Lost;S1 connection failure for PLMN connected with link represented by MO listed in Additional Information. AI: PLMN = ["2221"],DN1=ManagedElement=1,ENodeBFunction=1,TermPointToMme=1,DN2=ManagedElement=1,ENodeBFunction=1,TermPointToMme=5,DN3=ManagedElement=1,ENodeBFunction=1,TermPointToMme=3,DN4=ManagedElement=1,ENodeBFunction=1,TermPointToMme=2,
2025-09-17;17:03:58;AL  ;Minor ;ENodeBFunction=1;PLMN Service Unavailable;S1 Connection Failure for PLMNs listed in Additional Information. AI: PLMN = ["2221"],
2025-09-17;17:03:58;AL  ;Major ;EUtranCellFDD=CZ9CT2;Service Unavailable;This is a secondary alarm, use alarm correlation information in Additional Information to find primary alarm.
2025-09-17;17:03:58;AL  ;Major ;EUtranCellFDD=CZ9CT1;Service Unavailable;This is a secondary alarm, use alarm correlation information in Additional Information to find primary alarm.
2025-09-17;17:03:58;AL  ;Major ;EUtranCellFDD=CZ9CM2;Service Unavailable;This is a secondary alarm, use alarm correlation information in Additional Information to find primary alarm.
2025-09-17;17:03:58;AL  ;Major ;EUtranCellFDD=CZ9CM1;Service Unavailable;This is a secondary alarm, use alarm correlation information in Additional Information to find primary alarm.
2025-09-17;17:03:58;AL  ;Major ;EUtranCellFDD=CZ9CE2;Service Unavailable;This is a secondary alarm, use alarm correlation information in Additional Information to find primary alarm.
2025-09-17;17:03:58;AL  ;Major ;EUtranCellFDD=CZ9CE1;Service Unavailable;This is a secondary alarm, use alarm correlation information in Additional Information to find primary alarm.
2025-09-17;17:03:58;AL  ;Major ;NbIotCell=CZ9CN2;Service Unavailable;This is a secondary alarm, use alarm correlation information in Additional Information to find primary alarm.
2025-09-17;17:03:58;AL  ;Major ;NbIotCell=CZ9CN1;Service Unavailable;This is a secondary alarm, use alarm correlation information in Additional Information to find primary alarm.
2025-09-17;17:04:02;AL  ;Cleared;EUtraNetwork=1,ExternalENodeBFunction=2221-209448;Inter Node Carrier Aggregation Service Unavailable;Elastic RAN Carrier Aggregation is not available towards remote eNodeB.
2025-09-17;17:04:04;AL  ;Cleared;EUtraNetwork=1,ExternalENodeBFunction=2221-650186;Inter Node Feature Incompatibility;Elastic RAN feature is not activated in remote eNodeB. SUPPRESSED
2025-09-17;17:04:05;AL  ;Cleared;EUtraNetwork=1,ExternalENodeBFunction=2221-650201;Inter Node Carrier Aggregation Service Unavailable;Elastic RAN Carrier Aggregation is not available towards remote eNodeB.
2025-09-17;17:04:05;AL  ;Cleared;EUtraNetwork=1,ExternalENodeBFunction=2221-209450;Inter Node Carrier Aggregation Service Unavailable;Elastic RAN Carrier Aggregation is not available towards remote eNodeB.
2025-09-17;17:04:21;AL  ;Warning;ENodeBFunction=1;PLMN Service Redundancy Lost;S1 connection failure for PLMN connected with link represented by MO listed in Additional Information. AI: PLMN = ["2221"],DN1=ManagedElement=1,ENodeBFunction=1,TermPointToMme=4,
2025-09-17;17:04:21;AL  ;Cleared;ENodeBFunction=1;PLMN Service Unavailable;S1 Connection Failure for PLMNs listed in Additional Information. AI: PLMN = ["2221"],
2025-09-17;17:04:21;AL  ;Cleared;EUtranCellFDD=CZ9CT2;Service Unavailable;This is a secondary alarm, use alarm correlation information in Additional Information to find primary alarm.
2025-09-17;17:04:21;AL  ;Cleared;EUtranCellFDD=CZ9CT1;Service Unavailable;This is a secondary alarm, use alarm correlation information in Additional Information to find primary alarm.
2025-09-17;17:04:21;AL  ;Cleared;EUtranCellFDD=CZ9CM2;Service Unavailable;This is a secondary alarm, use alarm correlation information in Additional Information to find primary alarm.
2025-09-17;17:04:21;AL  ;Cleared;EUtranCellFDD=CZ9CM1;Service Unavailable;This is a secondary alarm, use alarm correlation information in Additional Information to find primary alarm.
2025-09-17;17:04:21;AL  ;Cleared;EUtranCellFDD=CZ9CE2;Service Unavailable;This is a secondary alarm, use alarm correlation information in Additional Information to find primary alarm.
2025-09-17;17:04:21;AL  ;Cleared;EUtranCellFDD=CZ9CE1;Service Unavailable;This is a secondary alarm, use alarm correlation information in Additional Information to find primary alarm.
2025-09-17;17:04:21;AL  ;Cleared;NbIotCell=CZ9CN2;Service Unavailable;This is a secondary alarm, use alarm correlation information in Additional Information to find primary alarm.
2025-09-17;17:04:21;AL  ;Cleared;NbIotCell=CZ9CN1;Service Unavailable;This is a secondary alarm, use alarm correlation information in Additional Information to find primary alarm.
2025-09-17;17:04:29;AL  ;Cleared;ENodeBFunction=1;PLMN Service Redundancy Lost;S1 connection failure for PLMN connected with link represented by MO listed in Additional Information. AI: PLMN = ["2221"],DN1=ManagedElement=1,ENodeBFunction=1,TermPointToMme=4,
2025-09-17;17:04:39;AL  ;Minor ;EUtraNetwork=1,ExternalENodeBFunction=2221-209450;Inter Node Carrier Aggregation Service Unavailable;Elastic RAN Carrier Aggregation is not available towards remote eNodeB.
2025-09-17;17:04:53;AL  ;Minor ;EUtraNetwork=1,ExternalENodeBFunction=2221-650201;Inter Node Carrier Aggregation Service Unavailable;Elastic RAN Carrier Aggregation is not available towards remote eNodeB.
2025-09-17;17:05:08;AL  ;Minor ;EUtraNetwork=1,ExternalENodeBFunction=2221-209448;Inter Node Carrier Aggregation Service Unavailable;Elastic RAN Carrier Aggregation is not available towards remote eNodeB.
2025-09-17;17:39:04;AL  ;Cleared;Synchronization=1,RadioEquipmentClock=1,RadioEquipmentClockReference=PTP8275_2;Sync PTP Time PDV Problem;High PDV detected on PTP messages
2025-09-17;19:02:47;AL  ;Major ;Synchronization=1,RadioEquipmentClock=1,RadioEquipmentClockReference=PTP8275_2;Sync PTP Time PDV Problem;High PDV detected on PTP messages
2025-09-17;22:51:59;AL  ;Minor ;EUtraNetwork=1,ExternalENodeBFunction=2221-650186;Inter Node Feature Incompatibility;Elastic RAN feature is not activated in remote eNodeB. SUPPRESSED
2025-09-17;23:04:22;AL  ;Cleared;Synchronization=1,RadioEquipmentClock=1,RadioEquipmentClockReference=PTP8275_2;Sync PTP Time PDV Problem;High PDV detected on PTP messages
2025-09-18;02:43:26;AL  ;Warning;Synchronization=1,RadioEquipmentClock=1,RadioEquipmentClockReference=NTP1;Sync Frequency PDV Problem;High PDV detected on IP packets towards NTP server
2025-09-18;11:29:50;AL  ;Cleared;Synchronization=1,RadioEquipmentClock=1,RadioEquipmentClockReference=NTP1;Sync Frequency PDV Problem;High PDV detected on IP packets towards NTP server
2025-09-18;14:45:40;AL  ;Major ;Synchronization=1,RadioEquipmentClock=1,RadioEquipmentClockReference=PTP8275_2;Sync PTP Time PDV Problem;High PDV detected on PTP messages
2025-09-18;18:28:55;AL  ;Cleared;Synchronization=1,RadioEquipmentClock=1,RadioEquipmentClockReference=PTP8275_2;Sync PTP Time PDV Problem;High PDV detected on PTP messages
2025-09-18;18:37:24;AL  ;Major ;Synchronization=1,RadioEquipmentClock=1,RadioEquipmentClockReference=PTP8275_2;Sync PTP Time PDV Problem;High PDV detected on PTP messages
2025-09-18;22:46:30;AL  ;Cleared;Synchronization=1,RadioEquipmentClock=1,RadioEquipmentClockReference=PTP8275_2;Sync PTP Time PDV Problem;High PDV detected on PTP messages
2025-09-20;08:33:30;AL  ;Minor ;EUtraNetwork=1,ExternalENodeBFunction=2221-650773;Inter Node Carrier Aggregation Service Unavailable;Elastic RAN Carrier Aggregation is not available towards remote eNodeB.
2025-09-20;10:51:40;AL  ;Major ;Synchronization=1,RadioEquipmentClock=1,RadioEquipmentClockReference=PTP8275_2;Sync PTP Time PDV Problem;High PDV detected on PTP messages
2025-09-20;16:28:10;AL  ;Cleared;Synchronization=1,RadioEquipmentClock=1,RadioEquipmentClockReference=PTP8275_2;Sync PTP Time PDV Problem;High PDV detected on PTP messages
2025-09-20;17:56:36;AL  ;Major ;Synchronization=1,RadioEquipmentClock=1,RadioEquipmentClockReference=PTP8275_2;Sync PTP Time PDV Problem;High PDV detected on PTP messages
2025-09-20;22:39:53;AL  ;Cleared;Synchronization=1,RadioEquipmentClock=1,RadioEquipmentClockReference=PTP8275_2;Sync PTP Time PDV Problem;High PDV detected on PTP messages
2025-09-21;01:36:06;AL  ;Major ;Synchronization=1,RadioEquipmentClock=1,RadioEquipmentClockReference=PTP8275_2;Sync PTP Time PDV Problem;High PDV detected on PTP messages
2025-09-21;04:27:55;AL  ;Cleared;Synchronization=1,RadioEquipmentClock=1,RadioEquipmentClockReference=PTP8275_2;Sync PTP Time PDV Problem;High PDV detected on PTP messages
2025-09-21;07:30:26;AL  ;Major ;Synchronization=1,RadioEquipmentClock=1,RadioEquipmentClockReference=PTP8275_2;Sync PTP Time PDV Problem;High PDV detected on PTP messages
2025-09-21;07:33:17;AL  ;Minor ;EUtraNetwork=1,ExternalENodeBFunction=2221-650544;Inter Node Carrier Aggregation Service Unavailable;Elastic RAN Carrier Aggregation is not available towards remote eNodeB.
2025-09-21;07:42:37;AL  ;Cleared;EUtraNetwork=1,ExternalENodeBFunction=2221-209450;Inter Node Carrier Aggregation Service Unavailable;Elastic RAN Carrier Aggregation is not available towards remote eNodeB.
2025-09-21;07:43:15;AL  ;Cleared;EUtraNetwork=1,ExternalENodeBFunction=2221-650773;Inter Node Carrier Aggregation Service Unavailable;Elastic RAN Carrier Aggregation is not available towards remote eNodeB.
2025-09-21;07:43:54;AL  ;Minor ;EUtraNetwork=1,ExternalENodeBFunction=2221-209450;Inter Node Carrier Aggregation Service Unavailable;Elastic RAN Carrier Aggregation is not available towards remote eNodeB.
2025-09-21;07:47:39;AL  ;Cleared;EUtraNetwork=1,ExternalENodeBFunction=2221-209448;Inter Node Carrier Aggregation Service Unavailable;Elastic RAN Carrier Aggregation is not available towards remote eNodeB.
2025-09-21;08:01:58;AL  ;Minor ;EUtraNetwork=1,ExternalENodeBFunction=2221-650270;Inter Node Carrier Aggregation Service Unavailable;Elastic RAN Carrier Aggregation is not available towards remote eNodeB.
2025-09-21;08:29:00;AL  ;Cleared;EUtraNetwork=1,ExternalENodeBFunction=2221-650544;Inter Node Carrier Aggregation Service Unavailable;Elastic RAN Carrier Aggregation is not available towards remote eNodeB.
2025-09-21;08:29:05;AL  ;Cleared;EUtraNetwork=1,ExternalENodeBFunction=2221-209450;Inter Node Carrier Aggregation Service Unavailable;Elastic RAN Carrier Aggregation is not available towards remote eNodeB.
2025-09-21;08:29:09;AL  ;Cleared;EUtraNetwork=1,ExternalENodeBFunction=2221-650201;Inter Node Carrier Aggregation Service Unavailable;Elastic RAN Carrier Aggregation is not available towards remote eNodeB.
2025-09-21;08:29:13;AL  ;Cleared;EUtraNetwork=1,ExternalENodeBFunction=2221-650270;Inter Node Carrier Aggregation Service Unavailable;Elastic RAN Carrier Aggregation is not available towards remote eNodeB.
2025-09-21;08:29:32;AL  ;Minor ;EUtraNetwork=1,ExternalENodeBFunction=2221-650544;Inter Node Carrier Aggregation Service Unavailable;Elastic RAN Carrier Aggregation is not available towards remote eNodeB.
2025-09-21;08:29:33;AL  ;Minor ;EUtraNetwork=1,ExternalENodeBFunction=2221-650270;Inter Node Carrier Aggregation Service Unavailable;Elastic RAN Carrier Aggregation is not available towards remote eNodeB.
2025-09-21;08:42:30;AL  ;Cleared;Synchronization=1,RadioEquipmentClock=1,RadioEquipmentClockReference=PTP8275_2;Sync PTP Time PDV Problem;High PDV detected on PTP messages
2025-09-21;11:12:38;AL  ;Minor ;EUtraNetwork=1,ExternalENodeBFunction=2221-650324;Inter Node Carrier Aggregation Service Unavailable;Elastic RAN Carrier Aggregation is not available towards remote eNodeB.
2025-09-21;11:53:18;AL  ;Major ;Synchronization=1,RadioEquipmentClock=1,RadioEquipmentClockReference=PTP8275_2;Sync PTP Time PDV Problem;High PDV detected on PTP messages
2025-09-21;15:46:30;AL  ;Cleared;Synchronization=1,RadioEquipmentClock=1,RadioEquipmentClockReference=PTP8275_2;Sync PTP Time PDV Problem;High PDV detected on PTP messages
2025-09-21;17:06:34;AL  ;Major ;Synchronization=1,RadioEquipmentClock=1,RadioEquipmentClockReference=PTP8275_2;Sync PTP Time PDV Problem;High PDV detected on PTP messages
2025-09-21;23:15:38;AL  ;Cleared;Synchronization=1,RadioEquipmentClock=1,RadioEquipmentClockReference=PTP8275_2;Sync PTP Time PDV Problem;High PDV detected on PTP messages
2025-09-22;06:01:49;AL  ;Minor ;EUtraNetwork=1,ExternalENodeBFunction=2221-650773;Inter Node Carrier Aggregation Service Unavailable;Elastic RAN Carrier Aggregation is not available towards remote eNodeB.
2025-09-22;06:51:30;AL  ;Minor ;ENodeBFunction=1;External Link Failure;X2 link problem to one or several neighbouring eNodeBs. AI: PLMN ID-eNB ID 1 = 2221-400360
2025-09-22;07:00:34;AL  ;Cleared;ENodeBFunction=1;External Link Failure;X2 link problem to one or several neighbouring eNodeBs. AI: PLMN ID-eNB ID 1 = 2221-400360
2025-09-22;07:31:09;AL  ;Minor ;ENodeBFunction=1;External Link Failure;X2 link problem to one or several neighbouring eNodeBs. AI: PLMN ID-eNB ID 1 = 2221-650460
2025-09-22;07:32:38;AL  ;Minor ;ENodeBFunction=1;External Link Failure;X2 link problem to one or several neighbouring eNodeBs. AI: PLMN ID-eNB ID 1 = 2221-650460 PLMN ID-eNB ID 2 = 2221-208415
2025-09-22;11:00:32;AL  ;Cleared;EUtraNetwork=1,ExternalENodeBFunction=2221-650324;Inter Node Carrier Aggregation Service Unavailable;Elastic RAN Carrier Aggregation is not available towards remote eNodeB.
2025-09-22;11:03:02;AL  ;Minor ;EUtraNetwork=1,ExternalENodeBFunction=2221-650324;Inter Node Carrier Aggregation Service Unavailable;Elastic RAN Carrier Aggregation is not available towards remote eNodeB.
2025-09-22;14:05:57;AL  ;Cleared;ENodeBFunction=1;External Link Failure;X2 link problem to one or several neighbouring eNodeBs. AI: PLMN ID-eNB ID 1 = 2221-650460 PLMN ID-eNB ID 2 = 2221-208415
2025-09-22;20:09:22;AL  ;Major ;Synchronization=1,RadioEquipmentClock=1,RadioEquipmentClockReference=PTP8275_2;Sync PTP Time PDV Problem;High PDV detected on PTP messages
2025-09-22;22:01:58;AL  ;Cleared;Synchronization=1,RadioEquipmentClock=1,RadioEquipmentClockReference=PTP8275_2;Sync PTP Time PDV Problem;High PDV detected on PTP messages
2025-09-23;06:01:07;AL  ;Minor ;EUtraNetwork=1,ExternalENodeBFunction=2221-209448;Inter Node Carrier Aggregation Service Unavailable;Elastic RAN Carrier Aggregation is not available towards remote eNodeB.
2025-09-23;10:07:50;AL  ;Minor ;ENodeBFunction=1;External Link Failure;X2 link problem to one or several neighbouring eNodeBs. AI: PLMN ID-eNB ID 1 = 2221-400360
2025-09-23;12:47:51;AL  ;Major ;Synchronization=1,RadioEquipmentClock=1,RadioEquipmentClockReference=PTP8275_2;Sync PTP Time PDV Problem;High PDV detected on PTP messages
2025-09-23;15:26:17;AL  ;Cleared;Synchronization=1,RadioEquipmentClock=1,RadioEquipmentClockReference=PTP8275_2;Sync PTP Time PDV Problem;High PDV detected on PTP messages
2025-09-23;19:44:27;AL  ;Major ;Synchronization=1,RadioEquipmentClock=1,RadioEquipmentClockReference=PTP8275_2;Sync PTP Time PDV Problem;High PDV detected on PTP messages
2025-09-23;22:02:31;AL  ;Cleared;Synchronization=1,RadioEquipmentClock=1,RadioEquipmentClockReference=PTP8275_2;Sync PTP Time PDV Problem;High PDV detected on PTP messages
2025-09-24;04:15:29;AL  ;Minor ;EUtraNetwork=1,ExternalENodeBFunction=2221-211377;Inter Node Carrier Aggregation Service Unavailable;Elastic RAN Carrier Aggregation is not available towards remote eNodeB.
2025-09-24;12:51:02;AL  ;Major ;Synchronization=1,RadioEquipmentClock=1,RadioEquipmentClockReference=PTP8275_2;Sync PTP Time PDV Problem;High PDV detected on PTP messages
2025-09-24;13:46:41;AL  ;Minor ;EUtraNetwork=1,ExternalENodeBFunction=2221-650784;Inter Node Carrier Aggregation Service Unavailable;Elastic RAN Carrier Aggregation is not available towards remote eNodeB.
2025-09-24;15:10:30;AL  ;Cleared;Synchronization=1,RadioEquipmentClock=1,RadioEquipmentClockReference=PTP8275_2;Sync PTP Time PDV Problem;High PDV detected on PTP messages
2025-09-24;19:41:27;AL  ;Major ;Synchronization=1,RadioEquipmentClock=1,RadioEquipmentClockReference=PTP8275_2;Sync PTP Time PDV Problem;High PDV detected on PTP messages
2025-09-24;20:09:13;AL  ;Cleared;ENodeBFunction=1;External Link Failure;X2 link problem to one or several neighbouring eNodeBs. AI: PLMN ID-eNB ID 1 = 2221-400360
2025-09-24;22:27:09;AL  ;Cleared;Synchronization=1,RadioEquipmentClock=1,RadioEquipmentClockReference=PTP8275_2;Sync PTP Time PDV Problem;High PDV detected on PTP messages
2025-09-25;10:38:02;AL  ;Minor ;EUtraNetwork=1,ExternalENodeBFunction=2221-209450;Inter Node Carrier Aggregation Service Unavailable;Elastic RAN Carrier Aggregation is not available towards remote eNodeB.
2025-09-25;13:48:59;AL  ;Major ;Synchronization=1,RadioEquipmentClock=1,RadioEquipmentClockReference=PTP8275_2;Sync PTP Time PDV Problem;High PDV detected on PTP messages
2025-09-25;15:12:50;AL  ;Cleared;Synchronization=1,RadioEquipmentClock=1,RadioEquipmentClockReference=PTP8275_2;Sync PTP Time PDV Problem;High PDV detected on PTP messages
2025-09-25;18:21:51;AL  ;Major ;Synchronization=1,RadioEquipmentClock=1,RadioEquipmentClockReference=PTP8275_2;Sync PTP Time PDV Problem;High PDV detected on PTP messages
2025-09-25;21:51:25;AL  ;Cleared;Synchronization=1,RadioEquipmentClock=1,RadioEquipmentClockReference=PTP8275_2;Sync PTP Time PDV Problem;High PDV detected on PTP messages
2025-09-26;08:40:24;AL  ;Minor ;ENodeBFunction=1;Sync Time and Phase Accuracy Too Low;Time and phase sync accuracy crossed the threshold for features interworking with NR.
2025-09-26;08:40:24;AL  ;Minor ;EUtranCellFDD=CZ9CE1;Service Degraded;This is a secondary alarm, use alarm correlation information in Additional Information to find primary alarm.
2025-09-26;08:40:24;AL  ;Minor ;EUtranCellFDD=CZ9CE2;Service Degraded;This is a secondary alarm, use alarm correlation information in Additional Information to find primary alarm.
2025-09-26;08:40:24;AL  ;Minor ;EUtranCellFDD=CZ9CM1;Service Degraded;This is a secondary alarm, use alarm correlation information in Additional Information to find primary alarm.
2025-09-26;08:40:24;AL  ;Minor ;EUtranCellFDD=CZ9CM2;Service Degraded;This is a secondary alarm, use alarm correlation information in Additional Information to find primary alarm.
2025-09-26;08:40:24;AL  ;Minor ;EUtranCellFDD=CZ9CT1;Service Degraded;This is a secondary alarm, use alarm correlation information in Additional Information to find primary alarm.
2025-09-26;08:40:24;AL  ;Minor ;EUtranCellFDD=CZ9CT2;Service Degraded;This is a secondary alarm, use alarm correlation information in Additional Information to find primary alarm.
2025-09-26;08:41:48;AL  ;Cleared;ENodeBFunction=1;Sync Time and Phase Accuracy Too Low;Time and phase sync accuracy crossed the threshold for features interworking with NR.
2025-09-26;08:41:48;AL  ;Cleared;EUtranCellFDD=CZ9CE1;Service Degraded;This is a secondary alarm, use alarm correlation information in Additional Information to find primary alarm.
2025-09-26;08:41:48;AL  ;Cleared;EUtranCellFDD=CZ9CE2;Service Degraded;This is a secondary alarm, use alarm correlation information in Additional Information to find primary alarm.
2025-09-26;08:41:48;AL  ;Cleared;EUtranCellFDD=CZ9CM1;Service Degraded;This is a secondary alarm, use alarm correlation information in Additional Information to find primary alarm.
2025-09-26;08:41:48;AL  ;Cleared;EUtranCellFDD=CZ9CM2;Service Degraded;This is a secondary alarm, use alarm correlation information in Additional Information to find primary alarm.
2025-09-26;08:41:48;AL  ;Cleared;EUtranCellFDD=CZ9CT1;Service Degraded;This is a secondary alarm, use alarm correlation information in Additional Information to find primary alarm.
2025-09-26;08:41:48;AL  ;Cleared;EUtranCellFDD=CZ9CT2;Service Degraded;This is a secondary alarm, use alarm correlation information in Additional Information to find primary alarm.
2025-09-26;10:10:08;AL  ;Major ;Synchronization=1,RadioEquipmentClock=1,RadioEquipmentClockReference=PTP8275_2;Sync PTP Time PDV Problem;High PDV detected on PTP messages
2025-09-26;11:52:36;AL  ;Cleared;Synchronization=1,RadioEquipmentClock=1,RadioEquipmentClockReference=PTP8275_2;Sync PTP Time PDV Problem;High PDV detected on PTP messages
2025-09-26;13:27:35;AL  ;Minor ;ENodeBFunction=1;External Link Failure;X2 link problem to one or several neighbouring eNodeBs. AI: PLMN ID-eNB ID 1 = 2221-204754
2025-09-26;14:07:14;AL  ;Major ;Synchronization=1,RadioEquipmentClock=1,RadioEquipmentClockReference=PTP8275_2;Sync PTP Time PDV Problem;High PDV detected on PTP messages
2025-09-26;16:21:33;AL  ;Cleared;Synchronization=1,RadioEquipmentClock=1,RadioEquipmentClockReference=PTP8275_2;Sync PTP Time PDV Problem;High PDV detected on PTP messages
2025-09-26;18:47:52;AL  ;Cleared;ENodeBFunction=1;External Link Failure;X2 link problem to one or several neighbouring eNodeBs. AI: PLMN ID-eNB ID 1 = 2221-204754
2025-09-26;19:09:23;AL  ;Major ;Synchronization=1,RadioEquipmentClock=1,RadioEquipmentClockReference=PTP8275_2;Sync PTP Time PDV Problem;High PDV detected on PTP messages
2025-09-26;22:00:17;AL  ;Cleared;Synchronization=1,RadioEquipmentClock=1,RadioEquipmentClockReference=PTP8275_2;Sync PTP Time PDV Problem;High PDV detected on PTP messages
2025-09-27;08:13:58;AL  ;Major ;Synchronization=1,RadioEquipmentClock=1,RadioEquipmentClockReference=PTP8275_2;Sync PTP Time PDV Problem;High PDV detected on PTP messages
2025-09-27;10:11:04;AL  ;Cleared;Synchronization=1,RadioEquipmentClock=1,RadioEquipmentClockReference=PTP8275_2;Sync PTP Time PDV Problem;High PDV detected on PTP messages
2025-09-27;10:22:32;AL  ;Major ;Synchronization=1,RadioEquipmentClock=1,RadioEquipmentClockReference=PTP8275_2;Sync PTP Time PDV Problem;High PDV detected on PTP messages
2025-09-27;11:05:54;AL  ;Minor ;ENodeBFunction=1;External Link Failure;X2 link problem to one or several neighbouring eNodeBs. AI: PLMN ID-eNB ID 1 = 2221-650300
2025-09-27;12:12:20;AL  ;Cleared;Synchronization=1,RadioEquipmentClock=1,RadioEquipmentClockReference=PTP8275_2;Sync PTP Time PDV Problem;High PDV detected on PTP messages
2025-09-27;12:33:02;AL  ;Major ;Synchronization=1,RadioEquipmentClock=1,RadioEquipmentClockReference=PTP8275_2;Sync PTP Time PDV Problem;High PDV detected on PTP messages
2025-09-27;16:49:15;AL  ;Cleared;Synchronization=1,RadioEquipmentClock=1,RadioEquipmentClockReference=PTP8275_2;Sync PTP Time PDV Problem;High PDV detected on PTP messages
2025-09-27;17:02:21;AL  ;Major ;Synchronization=1,RadioEquipmentClock=1,RadioEquipmentClockReference=PTP8275_2;Sync PTP Time PDV Problem;High PDV detected on PTP messages
2025-09-27;18:57:51;AL  ;Cleared;Synchronization=1,RadioEquipmentClock=1,RadioEquipmentClockReference=PTP8275_2;Sync PTP Time PDV Problem;High PDV detected on PTP messages
2025-09-27;19:14:10;AL  ;Major ;Synchronization=1,RadioEquipmentClock=1,RadioEquipmentClockReference=PTP8275_2;Sync PTP Time PDV Problem;High PDV detected on PTP messages
2025-09-27;22:46:53;AL  ;Cleared;Synchronization=1,RadioEquipmentClock=1,RadioEquipmentClockReference=PTP8275_2;Sync PTP Time PDV Problem;High PDV detected on PTP messages
2025-09-28;07:02:38;AL  ;Cleared;EUtraNetwork=1,ExternalENodeBFunction=2221-650784;Inter Node Carrier Aggregation Service Unavailable;Elastic RAN Carrier Aggregation is not available towards remote eNodeB.
2025-09-28;07:03:07;AL  ;Cleared;EUtraNetwork=1,ExternalENodeBFunction=2221-650324;Inter Node Carrier Aggregation Service Unavailable;Elastic RAN Carrier Aggregation is not available towards remote eNodeB.
2025-09-28;07:32:43;AL  ;Cleared;EUtraNetwork=1,ExternalENodeBFunction=2221-650544;Inter Node Carrier Aggregation Service Unavailable;Elastic RAN Carrier Aggregation is not available towards remote eNodeB.
2025-09-28;07:43:19;AL  ;Cleared;EUtraNetwork=1,ExternalENodeBFunction=2221-209450;Inter Node Carrier Aggregation Service Unavailable;Elastic RAN Carrier Aggregation is not available towards remote eNodeB.
2025-09-28;07:43:57;AL  ;Cleared;EUtraNetwork=1,ExternalENodeBFunction=2221-650773;Inter Node Carrier Aggregation Service Unavailable;Elastic RAN Carrier Aggregation is not available towards remote eNodeB.
2025-09-28;07:44:29;AL  ;Minor ;EUtraNetwork=1,ExternalENodeBFunction=2221-209450;Inter Node Carrier Aggregation Service Unavailable;Elastic RAN Carrier Aggregation is not available towards remote eNodeB.
2025-09-28;07:48:34;AL  ;Cleared;EUtraNetwork=1,ExternalENodeBFunction=2221-209448;Inter Node Carrier Aggregation Service Unavailable;Elastic RAN Carrier Aggregation is not available towards remote eNodeB.
2025-09-28;07:55:58;AL  ;Cleared;EUtraNetwork=1,ExternalENodeBFunction=2221-650270;Inter Node Carrier Aggregation Service Unavailable;Elastic RAN Carrier Aggregation is not available towards remote eNodeB.
2025-09-28;07:56:23;AL  ;Minor ;EUtraNetwork=1,ExternalENodeBFunction=2221-650270;Inter Node Carrier Aggregation Service Unavailable;Elastic RAN Carrier Aggregation is not available towards remote eNodeB.
2025-09-28;08:30:11;AL  ;Cleared;EUtraNetwork=1,ExternalENodeBFunction=2221-209450;Inter Node Carrier Aggregation Service Unavailable;Elastic RAN Carrier Aggregation is not available towards remote eNodeB.
2025-09-28;08:30:15;AL  ;Cleared;EUtraNetwork=1,ExternalENodeBFunction=2221-211377;Inter Node Carrier Aggregation Service Unavailable;Elastic RAN Carrier Aggregation is not available towards remote eNodeB.
2025-09-28;08:30:21;AL  ;Cleared;EUtraNetwork=1,ExternalENodeBFunction=2221-650270;Inter Node Carrier Aggregation Service Unavailable;Elastic RAN Carrier Aggregation is not available towards remote eNodeB.
2025-09-28;08:30:22;AL  ;Cleared;ENodeBFunction=1;External Link Failure;X2 link problem to one or several neighbouring eNodeBs. AI: PLMN ID-eNB ID 1 = 2221-650300
2025-09-28;08:30:42;AL  ;Minor ;EUtraNetwork=1,ExternalENodeBFunction=2221-211377;Inter Node Carrier Aggregation Service Unavailable;Elastic RAN Carrier Aggregation is not available towards remote eNodeB.
2025-09-28;09:18:02;AL  ;Cleared;EUtraNetwork=1,ExternalENodeBFunction=2221-211377;Inter Node Carrier Aggregation Service Unavailable;Elastic RAN Carrier Aggregation is not available towards remote eNodeB.
2025-09-28;10:30:32;AL  ;Major ;Synchronization=1,RadioEquipmentClock=1,RadioEquipmentClockReference=PTP8275_2;Sync PTP Time PDV Problem;High PDV detected on PTP messages
2025-09-28;11:34:39;AL  ;Cleared;Synchronization=1,RadioEquipmentClock=1,RadioEquipmentClockReference=PTP8275_2;Sync PTP Time PDV Problem;High PDV detected on PTP messages
2025-09-28;12:08:11;AL  ;Major ;Synchronization=1,RadioEquipmentClock=1,RadioEquipmentClockReference=PTP8275_2;Sync PTP Time PDV Problem;High PDV detected on PTP messages
2025-09-28;16:48:01;AL  ;Cleared;Synchronization=1,RadioEquipmentClock=1,RadioEquipmentClockReference=PTP8275_2;Sync PTP Time PDV Problem;High PDV detected on PTP messages
2025-09-28;17:13:54;AL  ;Major ;Synchronization=1,RadioEquipmentClock=1,RadioEquipmentClockReference=PTP8275_2;Sync PTP Time PDV Problem;High PDV detected on PTP messages
2025-09-28;21:58:04;AL  ;Cleared;Synchronization=1,RadioEquipmentClock=1,RadioEquipmentClockReference=PTP8275_2;Sync PTP Time PDV Problem;High PDV detected on PTP messages
2025-09-29;06:01:49;AL  ;Minor ;EUtraNetwork=1,ExternalENodeBFunction=2221-650773;Inter Node Carrier Aggregation Service Unavailable;Elastic RAN Carrier Aggregation is not available towards remote eNodeB.
2025-09-29;19:02:49;AL  ;Major ;Synchronization=1,RadioEquipmentClock=1,RadioEquipmentClockReference=PTP8275_2;Sync PTP Time PDV Problem;High PDV detected on PTP messages
2025-09-29;21:22:23;AL  ;Cleared;Synchronization=1,RadioEquipmentClock=1,RadioEquipmentClockReference=PTP8275_2;Sync PTP Time PDV Problem;High PDV detected on PTP messages
2025-09-30;03:04:24;AL  ;Minor ;EUtraNetwork=1,ExternalENodeBFunction=2221-209450;Inter Node Carrier Aggregation Service Unavailable;Elastic RAN Carrier Aggregation is not available towards remote eNodeB.
2025-09-30;08:58:07;AL  ;Minor ;ENodeBFunction=1;External Link Failure;X2 link problem to one or several neighbouring eNodeBs. AI: PLMN ID-eNB ID 1 = 2221-650220
2025-09-30;13:00:51;AL  ;Cleared;ENodeBFunction=1;External Link Failure;X2 link problem to one or several neighbouring eNodeBs. AI: PLMN ID-eNB ID 1 = 2221-650220
2025-09-30;15:01:06;AL  ;Minor ;EUtraNetwork=1,ExternalENodeBFunction=2221-209448;Inter Node Carrier Aggregation Service Unavailable;Elastic RAN Carrier Aggregation is not available towards remote eNodeB.
2025-09-30;19:07:17;AL  ;Major ;Synchronization=1,RadioEquipmentClock=1,RadioEquipmentClockReference=PTP8275_2;Sync PTP Time PDV Problem;High PDV detected on PTP messages
2025-09-30;21:54:42;AL  ;Cleared;Synchronization=1,RadioEquipmentClock=1,RadioEquipmentClockReference=PTP8275_2;Sync PTP Time PDV Problem;High PDV detected on PTP messages
2025-10-01;07:06:20;AL  ;Minor ;ENodeBFunction=1;External Link Failure;X2 link problem to one or several neighbouring eNodeBs. AI: PLMN ID-eNB ID 1 = 2221-650784
2025-10-01;10:25:14;AL  ;Cleared;ENodeBFunction=1;External Link Failure;X2 link problem to one or several neighbouring eNodeBs. AI: PLMN ID-eNB ID 1 = 2221-650784
2025-10-01;19:58:12;AL  ;Major ;Synchronization=1,RadioEquipmentClock=1,RadioEquipmentClockReference=PTP8275_2;Sync PTP Time PDV Problem;High PDV detected on PTP messages
2025-10-01;21:24:15;AL  ;Cleared;Synchronization=1,RadioEquipmentClock=1,RadioEquipmentClockReference=PTP8275_2;Sync PTP Time PDV Problem;High PDV detected on PTP messages
2025-10-02;00:17:01;AL  ;Minor ;EUtraNetwork=1,ExternalENodeBFunction=2221-211377;Inter Node Carrier Aggregation Service Unavailable;Elastic RAN Carrier Aggregation is not available towards remote eNodeB.
2025-10-02;17:50:40;AL  ;Major ;Synchronization=1,RadioEquipmentClock=1,RadioEquipmentClockReference=PTP8275_2;Sync PTP Time PDV Problem;High PDV detected on PTP messages
2025-10-02;19:06:48;AL  ;Cleared;Synchronization=1,RadioEquipmentClock=1,RadioEquipmentClockReference=PTP8275_2;Sync PTP Time PDV Problem;High PDV detected on PTP messages
2025-10-02;19:20:45;AL  ;Major ;Synchronization=1,RadioEquipmentClock=1,RadioEquipmentClockReference=PTP8275_2;Sync PTP Time PDV Problem;High PDV detected on PTP messages
2025-10-02;21:31:14;AL  ;Cleared;Synchronization=1,RadioEquipmentClock=1,RadioEquipmentClockReference=PTP8275_2;Sync PTP Time PDV Problem;High PDV detected on PTP messages
2025-10-03;19:06:06;AL  ;Major ;Synchronization=1,RadioEquipmentClock=1,RadioEquipmentClockReference=PTP8275_2;Sync PTP Time PDV Problem;High PDV detected on PTP messages
2025-10-03;22:21:43;AL  ;Cleared;Synchronization=1,RadioEquipmentClock=1,RadioEquipmentClockReference=PTP8275_2;Sync PTP Time PDV Problem;High PDV detected on PTP messages
2025-10-04;12:15:54;AL  ;Major ;Synchronization=1,RadioEquipmentClock=1,RadioEquipmentClockReference=PTP8275_2;Sync PTP Time PDV Problem;High PDV detected on PTP messages
2025-10-04;19:07:57;AL  ;Cleared;Synchronization=1,RadioEquipmentClock=1,RadioEquipmentClockReference=PTP8275_2;Sync PTP Time PDV Problem;High PDV detected on PTP messages
2025-10-05;07:38:26;AL  ;Cleared;EUtraNetwork=1,ExternalENodeBFunction=2221-209450;Inter Node Carrier Aggregation Service Unavailable;Elastic RAN Carrier Aggregation is not available towards remote eNodeB.
2025-10-05;07:38:46;AL  ;Cleared;EUtraNetwork=1,ExternalENodeBFunction=2221-650773;Inter Node Carrier Aggregation Service Unavailable;Elastic RAN Carrier Aggregation is not available towards remote eNodeB.
2025-10-05;07:43:20;AL  ;Cleared;EUtraNetwork=1,ExternalENodeBFunction=2221-209448;Inter Node Carrier Aggregation Service Unavailable;Elastic RAN Carrier Aggregation is not available towards remote eNodeB.
2025-10-05;07:50:14;AL  ;Minor ;EUtraNetwork=1,ExternalENodeBFunction=2221-650544;Inter Node Carrier Aggregation Service Unavailable;Elastic RAN Carrier Aggregation is not available towards remote eNodeB.
2025-10-05;07:50:23;AL  ;Minor ;EUtraNetwork=1,ExternalENodeBFunction=2221-650270;Inter Node Carrier Aggregation Service Unavailable;Elastic RAN Carrier Aggregation is not available towards remote eNodeB.
2025-10-05;07:54:11;AL  ;Minor ;EUtraNetwork=1,ExternalENodeBFunction=2221-209450;Inter Node Carrier Aggregation Service Unavailable;Elastic RAN Carrier Aggregation is not available towards remote eNodeB.
2025-10-05;08:23:30;AL  ;Cleared;EUtraNetwork=1,ExternalENodeBFunction=2221-650544;Inter Node Carrier Aggregation Service Unavailable;Elastic RAN Carrier Aggregation is not available towards remote eNodeB.
2025-10-05;08:23:34;AL  ;Cleared;EUtraNetwork=1,ExternalENodeBFunction=2221-209450;Inter Node Carrier Aggregation Service Unavailable;Elastic RAN Carrier Aggregation is not available towards remote eNodeB.
2025-10-05;08:23:38;AL  ;Cleared;EUtraNetwork=1,ExternalENodeBFunction=2221-211377;Inter Node Carrier Aggregation Service Unavailable;Elastic RAN Carrier Aggregation is not available towards remote eNodeB.
2025-10-05;08:23:43;AL  ;Cleared;EUtraNetwork=1,ExternalENodeBFunction=2221-650270;Inter Node Carrier Aggregation Service Unavailable;Elastic RAN Carrier Aggregation is not available towards remote eNodeB.
2025-10-05;08:24:07;AL  ;Minor ;EUtraNetwork=1,ExternalENodeBFunction=2221-650544;Inter Node Carrier Aggregation Service Unavailable;Elastic RAN Carrier Aggregation is not available towards remote eNodeB.
2025-10-05;08:24:27;AL  ;Minor ;EUtraNetwork=1,ExternalENodeBFunction=2221-650270;Inter Node Carrier Aggregation Service Unavailable;Elastic RAN Carrier Aggregation is not available towards remote eNodeB.
2025-10-05;08:24:37;AL  ;Minor ;EUtraNetwork=1,ExternalENodeBFunction=2221-211377;Inter Node Carrier Aggregation Service Unavailable;Elastic RAN Carrier Aggregation is not available towards remote eNodeB.
2025-10-05;09:09:04;AL  ;Cleared;EUtraNetwork=1,ExternalENodeBFunction=2221-211377;Inter Node Carrier Aggregation Service Unavailable;Elastic RAN Carrier Aggregation is not available towards remote eNodeB.
2025-10-05;12:36:05;AL  ;Major ;Synchronization=1,RadioEquipmentClock=1,RadioEquipmentClockReference=PTP8275_2;Sync PTP Time PDV Problem;High PDV detected on PTP messages
2025-10-05;14:42:09;AL  ;Cleared;EUtraNetwork=1,ExternalENodeBFunction=2221-650270;Inter Node Carrier Aggregation Service Unavailable;Elastic RAN Carrier Aggregation is not available towards remote eNodeB.
2025-10-05;14:43:59;AL  ;Minor ;EUtraNetwork=1,ExternalENodeBFunction=2221-650270;Inter Node Carrier Aggregation Service Unavailable;Elastic RAN Carrier Aggregation is not available towards remote eNodeB.
2025-10-05;14:45:01;AL  ;Cleared;EUtraNetwork=1,ExternalENodeBFunction=2221-650270;Inter Node Carrier Aggregation Service Unavailable;Elastic RAN Carrier Aggregation is not available towards remote eNodeB.
2025-10-05;14:45:32;AL  ;Minor ;EUtraNetwork=1,ExternalENodeBFunction=2221-650270;Inter Node Carrier Aggregation Service Unavailable;Elastic RAN Carrier Aggregation is not available towards remote eNodeB.
2025-10-05;15:26:04;AL  ;Cleared;EUtraNetwork=1,ExternalENodeBFunction=2221-650270;Inter Node Carrier Aggregation Service Unavailable;Elastic RAN Carrier Aggregation is not available towards remote eNodeB.
2025-10-05;15:26:18;AL  ;Minor ;ENodeBFunction=1;PLMN Service Unavailable;S1 Connection Failure for PLMNs listed in Additional Information. AI: PLMN = ["2221"],
2025-10-05;15:26:18;AL  ;Major ;EUtranCellFDD=CZ9CT2;Service Unavailable;This is a secondary alarm, use alarm correlation information in Additional Information to find primary alarm.
2025-10-05;15:26:18;AL  ;Major ;EUtranCellFDD=CZ9CT1;Service Unavailable;This is a secondary alarm, use alarm correlation information in Additional Information to find primary alarm.
2025-10-05;15:26:18;AL  ;Major ;EUtranCellFDD=CZ9CM2;Service Unavailable;This is a secondary alarm, use alarm correlation information in Additional Information to find primary alarm.
2025-10-05;15:26:18;AL  ;Major ;EUtranCellFDD=CZ9CM1;Service Unavailable;This is a secondary alarm, use alarm correlation information in Additional Information to find primary alarm.
2025-10-05;15:26:18;AL  ;Major ;EUtranCellFDD=CZ9CE2;Service Unavailable;This is a secondary alarm, use alarm correlation information in Additional Information to find primary alarm.
2025-10-05;15:26:18;AL  ;Major ;EUtranCellFDD=CZ9CE1;Service Unavailable;This is a secondary alarm, use alarm correlation information in Additional Information to find primary alarm.
2025-10-05;15:26:18;AL  ;Major ;NbIotCell=CZ9CN2;Service Unavailable;This is a secondary alarm, use alarm correlation information in Additional Information to find primary alarm.
2025-10-05;15:26:18;AL  ;Major ;NbIotCell=CZ9CN1;Service Unavailable;This is a secondary alarm, use alarm correlation information in Additional Information to find primary alarm.
2025-10-05;15:26:24;AL  ;Cleared;EUtraNetwork=1,ExternalENodeBFunction=2221-650544;Inter Node Carrier Aggregation Service Unavailable;Elastic RAN Carrier Aggregation is not available towards remote eNodeB.
2025-10-05;15:26:25;AL  ;Cleared;EUtraNetwork=1,ExternalENodeBFunction=2221-650186;Inter Node Feature Incompatibility;Elastic RAN feature is not activated in remote eNodeB. SUPPRESSED
2025-10-05;15:26:50;AL  ;Cleared;ENodeBFunction=1;PLMN Service Unavailable;S1 Connection Failure for PLMNs listed in Additional Information. AI: PLMN = ["2221"],
2025-10-05;15:26:50;AL  ;Cleared;EUtranCellFDD=CZ9CT2;Service Unavailable;This is a secondary alarm, use alarm correlation information in Additional Information to find primary alarm.
2025-10-05;15:26:50;AL  ;Cleared;EUtranCellFDD=CZ9CT1;Service Unavailable;This is a secondary alarm, use alarm correlation information in Additional Information to find primary alarm.
2025-10-05;15:26:50;AL  ;Cleared;EUtranCellFDD=CZ9CM2;Service Unavailable;This is a secondary alarm, use alarm correlation information in Additional Information to find primary alarm.
2025-10-05;15:26:50;AL  ;Cleared;EUtranCellFDD=CZ9CM1;Service Unavailable;This is a secondary alarm, use alarm correlation information in Additional Information to find primary alarm.
2025-10-05;15:26:50;AL  ;Cleared;EUtranCellFDD=CZ9CE2;Service Unavailable;This is a secondary alarm, use alarm correlation information in Additional Information to find primary alarm.
2025-10-05;15:26:50;AL  ;Cleared;EUtranCellFDD=CZ9CE1;Service Unavailable;This is a secondary alarm, use alarm correlation information in Additional Information to find primary alarm.
2025-10-05;15:26:50;AL  ;Cleared;NbIotCell=CZ9CN2;Service Unavailable;This is a secondary alarm, use alarm correlation information in Additional Information to find primary alarm.
2025-10-05;15:26:50;AL  ;Cleared;NbIotCell=CZ9CN1;Service Unavailable;This is a secondary alarm, use alarm correlation information in Additional Information to find primary alarm.
2025-10-05;15:27:03;AL  ;Minor ;EUtraNetwork=1,ExternalENodeBFunction=2221-650544;Inter Node Carrier Aggregation Service Unavailable;Elastic RAN Carrier Aggregation is not available towards remote eNodeB.
2025-10-05;15:27:19;AL  ;Minor ;EUtraNetwork=1,ExternalENodeBFunction=2221-650270;Inter Node Carrier Aggregation Service Unavailable;Elastic RAN Carrier Aggregation is not available towards remote eNodeB.
2025-10-05;15:33:17;AL  ;Cleared;EUtraNetwork=1,ExternalENodeBFunction=2221-650270;Inter Node Carrier Aggregation Service Unavailable;Elastic RAN Carrier Aggregation is not available towards remote eNodeB.
2025-10-05;15:36:15;AL  ;Minor ;ENodeBFunction=1;PLMN Service Unavailable;S1 Connection Failure for PLMNs listed in Additional Information. AI: PLMN = ["2221"],
2025-10-05;15:36:15;AL  ;Major ;EUtranCellFDD=CZ9CT2;Service Unavailable;This is a secondary alarm, use alarm correlation information in Additional Information to find primary alarm.
2025-10-05;15:36:15;AL  ;Major ;EUtranCellFDD=CZ9CT1;Service Unavailable;This is a secondary alarm, use alarm correlation information in Additional Information to find primary alarm.
2025-10-05;15:36:15;AL  ;Major ;EUtranCellFDD=CZ9CM2;Service Unavailable;This is a secondary alarm, use alarm correlation information in Additional Information to find primary alarm.
2025-10-05;15:36:15;AL  ;Major ;EUtranCellFDD=CZ9CM1;Service Unavailable;This is a secondary alarm, use alarm correlation information in Additional Information to find primary alarm.
2025-10-05;15:36:15;AL  ;Major ;EUtranCellFDD=CZ9CE2;Service Unavailable;This is a secondary alarm, use alarm correlation information in Additional Information to find primary alarm.
2025-10-05;15:36:15;AL  ;Major ;EUtranCellFDD=CZ9CE1;Service Unavailable;This is a secondary alarm, use alarm correlation information in Additional Information to find primary alarm.
2025-10-05;15:36:15;AL  ;Major ;NbIotCell=CZ9CN2;Service Unavailable;This is a secondary alarm, use alarm correlation information in Additional Information to find primary alarm.
2025-10-05;15:36:15;AL  ;Major ;NbIotCell=CZ9CN1;Service Unavailable;This is a secondary alarm, use alarm correlation information in Additional Information to find primary alarm.
2025-10-05;15:36:22;AL  ;Cleared;EUtraNetwork=1,ExternalENodeBFunction=2221-650544;Inter Node Carrier Aggregation Service Unavailable;Elastic RAN Carrier Aggregation is not available towards remote eNodeB.
2025-10-05;15:37:10;AL  ;Major ;Synchronization=1,RadioEquipmentClock=1,RadioEquipmentClockReference=PTP8275_2;Sync PTP Time Reachability Fault;No PTP messages
2025-10-05;15:37:10;AL  ;Cleared;Synchronization=1,RadioEquipmentClock=1,RadioEquipmentClockReference=PTP8275_2;Sync PTP Time PDV Problem;High PDV detected on PTP messages
2025-10-05;16:09:14;AL  ;Cleared;ENodeBFunction=1;PLMN Service Unavailable;S1 Connection Failure for PLMNs listed in Additional Information. AI: PLMN = ["2221"],
2025-10-05;16:09:14;AL  ;Cleared;EUtranCellFDD=CZ9CT2;Service Unavailable;This is a secondary alarm, use alarm correlation information in Additional Information to find primary alarm.
2025-10-05;16:09:14;AL  ;Cleared;EUtranCellFDD=CZ9CT1;Service Unavailable;This is a secondary alarm, use alarm correlation information in Additional Information to find primary alarm.
2025-10-05;16:09:14;AL  ;Cleared;EUtranCellFDD=CZ9CM2;Service Unavailable;This is a secondary alarm, use alarm correlation information in Additional Information to find primary alarm.
2025-10-05;16:09:14;AL  ;Cleared;EUtranCellFDD=CZ9CM1;Service Unavailable;This is a secondary alarm, use alarm correlation information in Additional Information to find primary alarm.
2025-10-05;16:09:14;AL  ;Cleared;EUtranCellFDD=CZ9CE2;Service Unavailable;This is a secondary alarm, use alarm correlation information in Additional Information to find primary alarm.
2025-10-05;16:09:14;AL  ;Cleared;EUtranCellFDD=CZ9CE1;Service Unavailable;This is a secondary alarm, use alarm correlation information in Additional Information to find primary alarm.
2025-10-05;16:09:14;AL  ;Cleared;NbIotCell=CZ9CN2;Service Unavailable;This is a secondary alarm, use alarm correlation information in Additional Information to find primary alarm.
2025-10-05;16:09:14;AL  ;Cleared;NbIotCell=CZ9CN1;Service Unavailable;This is a secondary alarm, use alarm correlation information in Additional Information to find primary alarm.
2025-10-05;16:09:27;AL  ;Minor ;EUtraNetwork=1,ExternalENodeBFunction=2221-650544;Inter Node Carrier Aggregation Service Unavailable;Elastic RAN Carrier Aggregation is not available towards remote eNodeB.
2025-10-05;16:09:42;AL  ;Minor ;EUtraNetwork=1,ExternalENodeBFunction=2221-650270;Inter Node Carrier Aggregation Service Unavailable;Elastic RAN Carrier Aggregation is not available towards remote eNodeB.
2025-10-05;16:11:06;AL  ;Cleared;Synchronization=1,RadioEquipmentClock=1,RadioEquipmentClockReference=PTP8275_2;Sync PTP Time Reachability Fault;No PTP messages
2025-10-05;16:11:06;AL  ;Major ;Synchronization=1,RadioEquipmentClock=1,RadioEquipmentClockReference=PTP8275_2;Sync PTP Time PDV Problem;High PDV detected on PTP messages
2025-10-05;16:17:44;AL  ;Minor ;ENodeBFunction=1;External Link Failure;X2 link problem to one or several neighbouring eNodeBs. AI: PLMN ID-eNB ID 1 = 2221-650734
2025-10-05;16:18:04;AL  ;Minor ;EUtraNetwork=1,ExternalENodeBFunction=2221-650324;Inter Node Carrier Aggregation Service Unavailable;Elastic RAN Carrier Aggregation is not available towards remote eNodeB.
2025-10-05;16:18:32;AL  ;Cleared;ENodeBFunction=1;External Link Failure;X2 link problem to one or several neighbouring eNodeBs. AI: PLMN ID-eNB ID 1 = 2221-650066
2025-10-05;16:46:09;AL  ;Minor ;ENodeBFunction=1;External Link Failure;X2 link problem to one or several neighbouring eNodeBs. AI: PLMN ID-eNB ID 1 = 2221-650066
2025-10-05;16:46:43;AL  ;Cleared;ENodeBFunction=1;External Link Failure;X2 link problem to one or several neighbouring eNodeBs. AI: PLMN ID-eNB ID 1 = 2221-650066
2025-10-05;16:57:10;AL  ;Cleared;EUtraNetwork=1,ExternalENodeBFunction=2221-650270;Inter Node Carrier Aggregation Service Unavailable;Elastic RAN Carrier Aggregation is not available towards remote eNodeB.
2025-10-05;17:01:58;AL  ;Cleared;EUtraNetwork=1,ExternalENodeBFunction=2221-650324;Inter Node Carrier Aggregation Service Unavailable;Elastic RAN Carrier Aggregation is not available towards remote eNodeB.
2025-10-05;17:01:59;AL  ;Minor ;ENodeBFunction=1;PLMN Service Unavailable;S1 Connection Failure for PLMNs listed in Additional Information. AI: PLMN = ["2221"],
2025-10-05;17:01:59;AL  ;Major ;EUtranCellFDD=CZ9CT2;Service Unavailable;This is a secondary alarm, use alarm correlation information in Additional Information to find primary alarm.
2025-10-05;17:01:59;AL  ;Major ;EUtranCellFDD=CZ9CT1;Service Unavailable;This is a secondary alarm, use alarm correlation information in Additional Information to find primary alarm.
2025-10-05;17:01:59;AL  ;Major ;EUtranCellFDD=CZ9CM2;Service Unavailable;This is a secondary alarm, use alarm correlation information in Additional Information to find primary alarm.
2025-10-05;17:01:59;AL  ;Major ;EUtranCellFDD=CZ9CM1;Service Unavailable;This is a secondary alarm, use alarm correlation information in Additional Information to find primary alarm.
2025-10-05;17:01:59;AL  ;Major ;EUtranCellFDD=CZ9CE2;Service Unavailable;This is a secondary alarm, use alarm correlation information in Additional Information to find primary alarm.
2025-10-05;17:01:59;AL  ;Major ;EUtranCellFDD=CZ9CE1;Service Unavailable;This is a secondary alarm, use alarm correlation information in Additional Information to find primary alarm.
2025-10-05;17:01:59;AL  ;Major ;NbIotCell=CZ9CN2;Service Unavailable;This is a secondary alarm, use alarm correlation information in Additional Information to find primary alarm.
2025-10-05;17:01:59;AL  ;Major ;NbIotCell=CZ9CN1;Service Unavailable;This is a secondary alarm, use alarm correlation information in Additional Information to find primary alarm.
2025-10-05;17:02:03;AL  ;Cleared;EUtraNetwork=1,ExternalENodeBFunction=2221-650544;Inter Node Carrier Aggregation Service Unavailable;Elastic RAN Carrier Aggregation is not available towards remote eNodeB.
2025-10-05;17:02:26;AL  ;Cleared;ENodeBFunction=1;PLMN Service Unavailable;S1 Connection Failure for PLMNs listed in Additional Information. AI: PLMN = ["2221"],
2025-10-05;17:02:26;AL  ;Cleared;EUtranCellFDD=CZ9CT2;Service Unavailable;This is a secondary alarm, use alarm correlation information in Additional Information to find primary alarm.
2025-10-05;17:02:26;AL  ;Cleared;EUtranCellFDD=CZ9CT1;Service Unavailable;This is a secondary alarm, use alarm correlation information in Additional Information to find primary alarm.
2025-10-05;17:02:26;AL  ;Cleared;EUtranCellFDD=CZ9CM2;Service Unavailable;This is a secondary alarm, use alarm correlation information in Additional Information to find primary alarm.
2025-10-05;17:02:26;AL  ;Cleared;EUtranCellFDD=CZ9CM1;Service Unavailable;This is a secondary alarm, use alarm correlation information in Additional Information to find primary alarm.
2025-10-05;17:02:26;AL  ;Cleared;EUtranCellFDD=CZ9CE2;Service Unavailable;This is a secondary alarm, use alarm correlation information in Additional Information to find primary alarm.
2025-10-05;17:02:26;AL  ;Cleared;EUtranCellFDD=CZ9CE1;Service Unavailable;This is a secondary alarm, use alarm correlation information in Additional Information to find primary alarm.
2025-10-05;17:02:26;AL  ;Cleared;NbIotCell=CZ9CN2;Service Unavailable;This is a secondary alarm, use alarm correlation information in Additional Information to find primary alarm.
2025-10-05;17:02:26;AL  ;Cleared;NbIotCell=CZ9CN1;Service Unavailable;This is a secondary alarm, use alarm correlation information in Additional Information to find primary alarm.
2025-10-05;17:02:33;AL  ;Minor ;EUtraNetwork=1,ExternalENodeBFunction=2221-650544;Inter Node Carrier Aggregation Service Unavailable;Elastic RAN Carrier Aggregation is not available towards remote eNodeB.
2025-10-05;17:02:51;AL  ;Minor ;EUtraNetwork=1,ExternalENodeBFunction=2221-650324;Inter Node Carrier Aggregation Service Unavailable;Elastic RAN Carrier Aggregation is not available towards remote eNodeB.
2025-10-05;17:05:05;AL  ;Minor ;EUtraNetwork=1,ExternalENodeBFunction=2221-650270;Inter Node Carrier Aggregation Service Unavailable;Elastic RAN Carrier Aggregation is not available towards remote eNodeB.
2025-10-05;17:06:13;AL  ;Cleared;EUtraNetwork=1,ExternalENodeBFunction=2221-650270;Inter Node Carrier Aggregation Service Unavailable;Elastic RAN Carrier Aggregation is not available towards remote eNodeB.
2025-10-05;17:06:50;AL  ;Minor ;EUtraNetwork=1,ExternalENodeBFunction=2221-650270;Inter Node Carrier Aggregation Service Unavailable;Elastic RAN Carrier Aggregation is not available towards remote eNodeB.
2025-10-05;17:11:14;AL  ;Cleared;EUtraNetwork=1,ExternalENodeBFunction=2221-650270;Inter Node Carrier Aggregation Service Unavailable;Elastic RAN Carrier Aggregation is not available towards remote eNodeB.
2025-10-05;17:16:11;AL  ;Minor ;EUtraNetwork=1,ExternalENodeBFunction=2221-650270;Inter Node Carrier Aggregation Service Unavailable;Elastic RAN Carrier Aggregation is not available towards remote eNodeB.
2025-10-05;17:20:18;AL  ;Cleared;EUtraNetwork=1,ExternalENodeBFunction=2221-650324;Inter Node Carrier Aggregation Service Unavailable;Elastic RAN Carrier Aggregation is not available towards remote eNodeB.
2025-10-05;17:24:07;AL  ;Minor ;EUtraNetwork=1,ExternalENodeBFunction=2221-650324;Inter Node Carrier Aggregation Service Unavailable;Elastic RAN Carrier Aggregation is not available towards remote eNodeB.
2025-10-05;18:34:49;AL  ;Cleared;EUtraNetwork=1,ExternalENodeBFunction=2221-650324;Inter Node Carrier Aggregation Service Unavailable;Elastic RAN Carrier Aggregation is not available towards remote eNodeB.
2025-10-05;18:36:45;AL  ;Minor ;ENodeBFunction=1;External Link Failure;X2 link problem to one or several neighbouring eNodeBs. AI: PLMN ID-eNB ID 1 = 2221-650497
2025-10-05;18:37:02;AL  ;Cleared;ENodeBFunction=1;External Link Failure;X2 link problem to one or several neighbouring eNodeBs. AI: PLMN ID-eNB ID 1 = 2221-650497
2025-10-05;18:38:35;AL  ;Minor ;EUtraNetwork=1,ExternalENodeBFunction=2221-650324;Inter Node Carrier Aggregation Service Unavailable;Elastic RAN Carrier Aggregation is not available towards remote eNodeB.
2025-10-05;22:07:59;AL  ;Minor ;EUtraNetwork=1,ExternalENodeBFunction=2221-650186;Inter Node Feature Incompatibility;Elastic RAN feature is not activated in remote eNodeB. SUPPRESSED
2025-10-05;22:27:14;AL  ;Cleared;Synchronization=1,RadioEquipmentClock=1,RadioEquipmentClockReference=PTP8275_2;Sync PTP Time PDV Problem;High PDV detected on PTP messages
2025-10-06;04:27:30;AL  ;Minor ;EUtraNetwork=1,ExternalENodeBFunction=2221-650773;Inter Node Carrier Aggregation Service Unavailable;Elastic RAN Carrier Aggregation is not available towards remote eNodeB.
2025-10-06;07:52:25;AL  ;Minor ;ENodeBFunction=1;External Link to GNodeB Failure;X2 link problem to one or several neighbouring gNodeBs. AI: PLMN ID-gNB ID 1 = 2221-1055492
2025-10-06;07:52:30;AL  ;Minor ;ENodeBFunction=1;External Link Failure;X2 link problem to one or several neighbouring eNodeBs. AI: PLMN ID-eNB ID 1 = 2221-650238
2025-10-06;08:43:13;AL  ;Cleared;ENodeBFunction=1;External Link Failure;X2 link problem to one or several neighbouring eNodeBs. AI: PLMN ID-eNB ID 1 = 2221-650238
2025-10-06;08:43:22;AL  ;Cleared;ENodeBFunction=1;External Link to GNodeB Failure;X2 link problem to one or several neighbouring gNodeBs. AI: PLMN ID-gNB ID 1 = 2221-1055492
2025-10-06;14:01:06;AL  ;Minor ;EUtraNetwork=1,ExternalENodeBFunction=2221-209448;Inter Node Carrier Aggregation Service Unavailable;Elastic RAN Carrier Aggregation is not available towards remote eNodeB.
2025-10-06;18:30:47;AL  ;Major ;Synchronization=1,RadioEquipmentClock=1,RadioEquipmentClockReference=PTP8275_2;Sync PTP Time PDV Problem;High PDV detected on PTP messages
2025-10-06;22:48:21;AL  ;Cleared;Synchronization=1,RadioEquipmentClock=1,RadioEquipmentClockReference=PTP8275_2;Sync PTP Time PDV Problem;High PDV detected on PTP messages


CZ9CT> lgec -m 30d

251007-11:43:10+0200 19.31.2.186 25.0h MSRBS_NODE_MODEL_25.Q1_693.28324.131_62ac stopfile=/tmp/932583

Startdate=20250907.094310, Enddate=20251008.094310
Date;Time;Log;Severity;Object;Event;Cause;AdditionalText;AckState;Id;NotificationId;CorrelatedAlarms
Executing action Log.export()
..
Log=AlertLog                    actionId=8265
...
=================================================================================================================
MO                  actionId result      resultInfo
=================================================================================================================
LogM=1,Log=AlertLog 8265     1 (SUCCESS)           
cat  /ericsson/log/amos/moshell_logfiles/t20251007_37258710_53697/logs_moshell/tempfiles/scp-2-amos_20251007-114228_932504/rcslogs/AlertLog_20230531__063027_20250303__231524.log /ericsson/log/amos/moshell_logfiles/t20251007_37258710_53697/logs_moshell/tempfiles/scp-2-amos_20251007-114228_932504/rcslogs/AlertLog_20250303__231524.log > /ericsson/log/amos/moshell_logfiles/t20251007_37258710_53697/logs_moshell/tempfiles/scp-2-amos_20251007-114228_932504/eventLog932583.xml
2025-09-09;14:31:28;EV  ;Warning;EUtranCellFDD=CZ9CE1;Cell Service Unavailable Auto Recovery Initiated Alert;
2025-09-09;14:31:28;EV  ;Warning;NbIotCell=CZ9CN1;Cell Service Unavailable Auto Recovery Initiated Alert;
2025-09-09;14:31:28;EV  ;Warning;EUtranCellFDD=CZ9CE2;Cell Service Unavailable Auto Recovery Initiated Alert;
2025-09-09;14:31:28;EV  ;Warning;NbIotCell=CZ9CN2;Cell Service Unavailable Auto Recovery Initiated Alert;
2025-09-09;14:31:34;EV  ;Warning;RiLink=S2-1;Radio Interface Connectivity Disturbance Alert;Near end port:FieldReplaceableUnit=BB-1,RiPort=B (transportType=NOT_SET). SUPPRESSED
2025-09-09;14:31:34;EV  ;Warning;RiLink=S1-1;Radio Interface Connectivity Disturbance Alert;Near end port:FieldReplaceableUnit=BB-1,RiPort=A (transportType=NOT_SET). SUPPRESSED
2025-09-09;14:31:34;EV  ;Warning;RiLink=S100-1;Radio Interface Connectivity Disturbance Alert;Near end port:FieldReplaceableUnit=BB-1,RiPort=D (transportType=NOT_SET). SUPPRESSED
2025-09-09;14:31:39;EV  ;Warning;EUtranCellFDD=CZ9CE2;Cell Service Available Auto Recovery Successful Alert;
2025-09-09;14:31:40;EV  ;Warning;NbIotCell=CZ9CN2;Cell Service Available Auto Recovery Successful Alert;
2025-09-09;14:31:41;EV  ;Warning;EUtranCellFDD=CZ9CE1;Cell Service Available Auto Recovery Successful Alert;
2025-09-09;14:31:41;EV  ;Warning;NbIotCell=CZ9CN1;Cell Service Available Auto Recovery Successful Alert;
2025-09-10;14:08:35;EV  ;Warning;EUtranCellFDD=CZ9CE1;Cell Service Unavailable Auto Recovery Initiated Alert;
2025-09-10;14:08:35;EV  ;Warning;NbIotCell=CZ9CN1;Cell Service Unavailable Auto Recovery Initiated Alert;
2025-09-10;14:08:35;EV  ;Warning;EUtranCellFDD=CZ9CE2;Cell Service Unavailable Auto Recovery Initiated Alert;
2025-09-10;14:08:35;EV  ;Warning;NbIotCell=CZ9CN2;Cell Service Unavailable Auto Recovery Initiated Alert;
2025-09-10;14:08:36;EV  ;Warning;EUtranCellFDD=CZ9CT2;Cell Service Unavailable Auto Recovery Initiated Alert;
2025-09-10;14:08:41;EV  ;Warning;RiLink=S100-1;Radio Interface Connectivity Disturbance Alert;Near end port:FieldReplaceableUnit=BB-1,RiPort=D (transportType=NOT_SET). SUPPRESSED
2025-09-10;14:08:41;EV  ;Warning;RiLink=S2-1;Radio Interface Connectivity Disturbance Alert;Near end port:FieldReplaceableUnit=BB-1,RiPort=B (transportType=NOT_SET). SUPPRESSED
2025-09-10;14:08:41;EV  ;Warning;RiLink=S1-1;Radio Interface Connectivity Disturbance Alert;Near end port:FieldReplaceableUnit=BB-1,RiPort=A (transportType=NOT_SET). SUPPRESSED
2025-09-10;14:08:46;EV  ;Warning;EUtranCellFDD=CZ9CE2;Cell Service Available Auto Recovery Successful Alert;
2025-09-10;14:08:47;EV  ;Warning;NbIotCell=CZ9CN2;Cell Service Available Auto Recovery Successful Alert;
2025-09-10;14:08:48;EV  ;Warning;EUtranCellFDD=CZ9CE1;Cell Service Available Auto Recovery Successful Alert;
2025-09-10;14:08:48;EV  ;Warning;NbIotCell=CZ9CN1;Cell Service Available Auto Recovery Successful Alert;
2025-09-10;14:08:50;EV  ;Warning;EUtranCellFDD=CZ9CT2;Cell Service Available Auto Recovery Successful Alert;

Bye...
Output has been logged to file /mta_fs/UserFiles/37258710/amosbatch/2025-10-07_11-07-01_53697/CZ9CT.log
