Logging to file /mta_fs/UserFiles/37258710/amosbatch/2025-10-07_11-07-01_53697/CZA4L.log
                        __  __  ____   _____
                  /\   |  \/  |/ __ \ / ____|
                 /  \  | \  / | |  | | (___  
                / /\ \ | |\/| | |  | |\___ \ 
               / ____ \| |  | | |__| |____) |
              /_/    \_\_|  |_|\____/|_____/
              OSS Framework for MoShell-25.0h 
  Copyright (c) Ericsson AB 2001-2025 - All Rights Reserved
              
           
[1;31mWARNING: [0mthe AMOS version currently running is more than 22 weeks old and is unsupported.
Please upgrade as soon as possible to the latest released version, available from your local Ericsson support.

$amosrb_pid = 1376368

Checking ip contact...OK

HELP MENU            : h
BASIC MO COMMANDS    : m
OTHER MO COMMANDS    : n
OTHER COMMANDS       : o
PM COMMANDS          : p
QUIT                 : q

CZA4L> lt all

251007-12:38:56+0200 19.31.9.251 25.0h  stopfile=/tmp/1375930
Looking up temporary_amos account... OK.
Trying temporary_amos_t20251007_37258710_53697_313's password from amos lookupAccount ... OK

$ssh_pid = 1378293

Connected to 19.31.9.251 (SubNetwork=BBMM_rckomc_R,MeContext=CZA4L,ManagedElement=CZA4L)

Checking MOM version...MSRBS_NODE_MODEL_25.Q1_198665.224.73_bf81
Parsing MOM (cached): /ericsson/log/amos/moshell_logfiles/t20251007_37258710_53697/logs_moshell/tempfiles/scp-2-amos_20251007-123849_1375863/MSRBS_NODE_MODEL_25.Q1_198665.224.73_bf81.xml.cache.gz ......................................................................................................................................................................................................................Done.
Using paramfile /opt/ericsson/amos/moshell/commonjars/pm/PARAM_MSRBSG2_25.Q1.txt
Parsing file /opt/ericsson/amos/moshell/commonjars/pm/PARAM_MSRBSG2_25.Q1.txt ......................................................................................Done.
Using imomdfile /opt/ericsson/amos/moshell/commonjars/pm/IMOMD_MSRBS_22.Q4.txt
Using imomfile /opt/ericsson/amos/moshell/commonjars/pm/IMOM_MSRBS_25.Q1.txt
Connected to 19.31.9.251 (SubNetwork=BBMM_rckomc_R,MeContext=CZA4L,ManagedElement=CZA4L)

Last MO: 17207. Loaded 17207 MOs. Total: 17208 MOs.

CZA4L> hget EUtranCellFDD ^cellid

251007-12:39:16+0200 19.31.9.251 25.0h MSRBS_NODE_MODEL_25.Q1_198665.224.73_bf81 stopfile=/tmp/1375930

=================================================================================================================
MO                   cellId
=================================================================================================================
EUtranCellFDD=CZA4L1 21    
EUtranCellFDD=CZA4L2 22    
EUtranCellFDD=CZA4L3 23    
=================================================================================================================
Total: 3 MOs

Added 3 MOs to group: hget_group

CZA4L> hget NbIotCell ^cellid

251007-12:39:17+0200 19.31.9.251 25.0h MSRBS_NODE_MODEL_25.Q1_198665.224.73_bf81 stopfile=/tmp/1375930
Total: 0 MOs

CZA4L> hget NRCellDU ^cellLocalId

251007-12:39:17+0200 19.31.9.251 25.0h MSRBS_NODE_MODEL_25.Q1_198665.224.73_bf81 stopfile=/tmp/1375930
Total: 0 MOs

CZA4L> lgdc -m 30d

251007-12:39:17+0200 19.31.9.251 25.0h MSRBS_NODE_MODEL_25.Q1_198665.224.73_bf81 stopfile=/tmp/1375930

Startdate=20250907.103917, Enddate=20251008.103917
INFO: Using amos lookupAccount credentials for the export login

Executing action LogM.exportAvailabilityLog()
...LogM=1,exportAvailabilityLog    actionId=7127
......
=================================================================================================================
MO     actionId result      resultInfo
=================================================================================================================
LogM=1 7127     1 (SUCCESS)           
cp /ericsson/log/amos/moshell_logfiles/t20251007_37258710_53697/logs_moshell/tempfiles/scp-2-amos_20251007-123849_1375863/rcslogs/RBS_CS_AVAILABILITY_LOG_20251007103922.xml /ericsson/log/amos/moshell_logfiles/t20251007_37258710_53697/logs_moshell/tempfiles/scp-2-amos_20251007-123849_1375863/availabilityLog1375930.xml
Parsing availabilityLog.......Done.
....
Date;Time;RestartType;SwVersion;SwRelease;RCSDowntime;ApplicationDowntime;TNDowntime;RATsDowntime;ExtraInfo;ExtraInfo2
2025-09-08;02:09:54;PartialOutage(Manual);33% Lrat Cell 22; ();11s;;;;;
2025-09-08;02:10:11;PartialOutage(Manual);33% Lrat Cell 23; ();10s;;;;;
2025-09-08;02:10:27;PartialOutage(Manual);33% Lrat Cell 21; ();10s;;;;;
2025-09-20;23:14:01;PgmGrpRestart LRAT ProgramErrEscalated;; ();19s;;;;;
2025-09-20;23:14:20;PartialOutage(Manual);33% Lrat Cell 22; ();1s;;;;;

Node uptime since last restart: 1423508 seconds (16 days, 11 hours, 25 minutes, 8 seconds)
------------------------------------------------------------------------------------------------------
Period=30 days       NodeUpgrade      NodeManual       NodeSpontaneous  AllNodeRestarts  PartialOutages  
------------------------------------------------------------------------------------------------------
Number Of outages    0                0                0                0                4               
Total downtime       0s               0s               0s               0s               32s             
Downtime per day     0s               0s               0s               0s               1s              
Downtime per outage  0s               0s               0s               0s               8s              

CZA4L> lgac -m 30d

251007-12:39:29+0200 19.31.9.251 25.0h MSRBS_NODE_MODEL_25.Q1_198665.224.73_bf81 stopfile=/tmp/1375930

Startdate=20250907.103929, Enddate=20251008.103929
Date;Time;Log;Severity;Object;Event;Cause;AdditionalText;AckState;Id;NotificationId;CorrelatedAlarms
Executing action Log.export()
..
Log=AlarmLog                    actionId=7128
......
=================================================================================================================
MO                  actionId result      resultInfo
=================================================================================================================
LogM=1,Log=AlarmLog 7128     1 (SUCCESS)           
cat  /ericsson/log/amos/moshell_logfiles/t20251007_37258710_53697/logs_moshell/tempfiles/scp-2-amos_20251007-123849_1375863/rcslogs/saLogAlarm_20240919__143339_20240921__172631.log /ericsson/log/amos/moshell_logfiles/t20251007_37258710_53697/logs_moshell/tempfiles/scp-2-amos_20251007-123849_1375863/rcslogs/saLogAlarm_20240921__172631_20250429__035548.log /ericsson/log/amos/moshell_logfiles/t20251007_37258710_53697/logs_moshell/tempfiles/scp-2-amos_20251007-123849_1375863/rcslogs/saLogAlarm_20250429__035548.log > /ericsson/log/amos/moshell_logfiles/t20251007_37258710_53697/logs_moshell/tempfiles/scp-2-amos_20251007-123849_1375863/alarmLog1375930.xml
2025-09-07;17:14:05;AL  ;Minor ;EUtraNetwork=1,ExternalENodeBFunction=2221-650357;Inter Node Feature Incompatibility;Inter eNodeB CA feature is not activated in remote eNodeB. SUPPRESSED
2025-09-07;17:20:15;AL  ;Minor ;EUtraNetwork=1,ExternalENodeBFunction=2221-650357;Inter Node Feature Incompatibility;Inter eNodeB CA feature is not activated in remote eNodeB. SUPPRESSED
2025-09-07;17:21:21;AL  ;Cleared;EUtraNetwork=1,ExternalENodeBFunction=2221-650357;Inter Node Feature Incompatibility;Inter eNodeB CA feature is not activated in remote eNodeB. SUPPRESSED
2025-09-08;02:10:27;AL  ;Minor ;EUtraNetwork=1,ExternalENodeBFunction=2221-650357;Inter Node Feature Incompatibility;Inter eNodeB CA feature is not activated in remote eNodeB. SUPPRESSED
2025-09-08;02:11:14;AL  ;Cleared;EUtraNetwork=1,ExternalENodeBFunction=2221-650357;Inter Node Feature Incompatibility;Inter eNodeB CA feature is not activated in remote eNodeB. SUPPRESSED
2025-09-08;07:54:46;AL  ;Minor ;EUtraNetwork=1,ExternalENodeBFunction=2221-650357;Inter Node Feature Incompatibility;Inter eNodeB CA feature is not activated in remote eNodeB. SUPPRESSED
2025-09-08;07:56:55;AL  ;Cleared;EUtraNetwork=1,ExternalENodeBFunction=2221-650357;Inter Node Feature Incompatibility;Inter eNodeB CA feature is not activated in remote eNodeB. SUPPRESSED
2025-09-08;10:58:07;AL  ;Cleared;ENodeBFunction=1;External Link to GNodeB Failure;X2 link problem to one or several neighbouring gNodeBs. AI: PLMN ID-gNB ID 1 = 2221-1051440
2025-09-08;11:19:45;AL  ;Minor ;EUtraNetwork=1,ExternalENodeBFunction=2221-650357;Inter Node Feature Incompatibility;Inter eNodeB CA feature is not activated in remote eNodeB. SUPPRESSED
2025-09-08;11:25:02;AL  ;Cleared;EUtraNetwork=1,ExternalENodeBFunction=2221-650357;Inter Node Feature Incompatibility;Inter eNodeB CA feature is not activated in remote eNodeB. SUPPRESSED
2025-09-08;11:26:14;AL  ;Minor ;EUtraNetwork=1,ExternalENodeBFunction=2221-650357;Inter Node Feature Incompatibility;Inter eNodeB CA feature is not activated in remote eNodeB. SUPPRESSED
2025-09-08;11:29:39;AL  ;Cleared;EUtraNetwork=1,ExternalENodeBFunction=2221-650357;Inter Node Feature Incompatibility;Inter eNodeB CA feature is not activated in remote eNodeB. SUPPRESSED
2025-09-08;15:03:57;AL  ;Minor ;EUtraNetwork=1,ExternalENodeBFunction=2221-650357;Inter Node Feature Incompatibility;Inter eNodeB CA feature is not activated in remote eNodeB. SUPPRESSED
2025-09-08;15:09:32;AL  ;Cleared;EUtraNetwork=1,ExternalENodeBFunction=2221-650357;Inter Node Feature Incompatibility;Inter eNodeB CA feature is not activated in remote eNodeB. SUPPRESSED
2025-09-09;05:24:46;AL  ;Minor ;EUtraNetwork=1,ExternalENodeBFunction=2221-650357;Inter Node Carrier Aggregation Service Unavailable;Elastic RAN Carrier Aggregation is not available towards remote eNodeB.
2025-09-09;20:46:57;AL  ;Minor ;ENodeBFunction=1;External Link Failure;X2 link problem to one or several neighbouring eNodeBs. AI: PLMN ID-eNB ID 1 = 2221-211916
2025-09-11;06:48:19;AL  ;Cleared;ENodeBFunction=1;External Link Failure;X2 link problem to one or several neighbouring eNodeBs. AI: PLMN ID-eNB ID 1 = 2221-211916
2025-09-11;14:33:16;AL  ;Minor ;ENodeBFunction=1;External Link Failure;X2 link problem to one or several neighbouring eNodeBs. AI: PLMN ID-eNB ID 1 = 2221-210094
2025-09-12;00:08:57;AL  ;Minor ;ENodeBFunction=1;External Link Failure;X2 link problem to one or several neighbouring eNodeBs. AI: PLMN ID-eNB ID 1 = 2221-210094 PLMN ID-eNB ID 2 = 2221-211916
2025-09-13;12:11:11;AL  ;Minor ;ENodeBFunction=1;External Link Failure;X2 link problem to one or several neighbouring eNodeBs. AI: PLMN ID-eNB ID 1 = 2221-210094
2025-09-13;14:00:31;AL  ;Cleared;ENodeBFunction=1;External Link Failure;X2 link problem to one or several neighbouring eNodeBs. AI: PLMN ID-eNB ID 1 = 2221-210094
2025-09-14;08:38:45;AL  ;Cleared;EUtraNetwork=1,ExternalENodeBFunction=2221-650357;Inter Node Carrier Aggregation Service Unavailable;Elastic RAN Carrier Aggregation is not available towards remote eNodeB.
2025-09-14;08:39:47;AL  ;Minor ;EUtraNetwork=1,ExternalENodeBFunction=2221-650357;Inter Node Carrier Aggregation Service Unavailable;Elastic RAN Carrier Aggregation is not available towards remote eNodeB.
2025-09-14;12:51:05;AL  ;Cleared;EUtraNetwork=1,ExternalENodeBFunction=2221-650357;Inter Node Carrier Aggregation Service Unavailable;Elastic RAN Carrier Aggregation is not available towards remote eNodeB.
2025-09-15;06:09:44;AL  ;Minor ;ENodeBFunction=1;External Link to GNodeB Failure;X2 link problem to one or several neighbouring gNodeBs. AI: PLMN ID-gNB ID 1 = 2221-1055513
2025-09-15;06:09:51;AL  ;Minor ;ENodeBFunction=1;External Link Failure;X2 link problem to one or several neighbouring eNodeBs. AI: PLMN ID-eNB ID 1 = 2221-209206 PLMN ID-eNB ID 2 = 2221-650571
2025-09-15;10:41:32;AL  ;Cleared;ENodeBFunction=1;External Link to GNodeB Failure;X2 link problem to one or several neighbouring gNodeBs. AI: PLMN ID-gNB ID 1 = 2221-1055513
2025-09-15;10:42:14;AL  ;Cleared;ENodeBFunction=1;External Link Failure;X2 link problem to one or several neighbouring eNodeBs. AI: PLMN ID-eNB ID 1 = 2221-209206 PLMN ID-eNB ID 2 = 2221-650571
2025-09-16;09:03:06;AL  ;Minor ;ENodeBFunction=1;External Link Failure;X2 link problem to one or several neighbouring eNodeBs. AI: PLMN ID-eNB ID 1 = 2221-650571
2025-09-16;09:03:50;AL  ;Minor ;ENodeBFunction=1;External Link to GNodeB Failure;X2 link problem to one or several neighbouring gNodeBs. AI: PLMN ID-gNB ID 1 = 2221-1055513
2025-09-16;09:19:55;AL  ;Cleared;ENodeBFunction=1;External Link to GNodeB Failure;X2 link problem to one or several neighbouring gNodeBs. AI: PLMN ID-gNB ID 1 = 2221-1055513
2025-09-16;09:20:56;AL  ;Minor ;ENodeBFunction=1;External Link Failure;X2 link problem to one or several neighbouring eNodeBs. AI: PLMN ID-eNB ID 1 = 2221-650571
2025-09-16;09:21:25;AL  ;Cleared;ENodeBFunction=1;External Link Failure;X2 link problem to one or several neighbouring eNodeBs. AI: PLMN ID-eNB ID 1 = 2221-650571
2025-09-16;10:01:15;AL  ;Warning;ENodeBFunction=1;PLMN Service Redundancy Lost;S1 connection failure for PLMN connected with link represented by MO listed in Additional Information. AI: PLMN = ["2221"],DN1=ManagedElement=1,ENodeBFunction=1,TermPointToMme=5,
2025-09-16;10:01:45;AL  ;Cleared;ENodeBFunction=1;PLMN Service Redundancy Lost;S1 connection failure for PLMN connected with link represented by MO listed in Additional Information. AI: PLMN = ["2221"],DN1=ManagedElement=1,ENodeBFunction=1,TermPointToMme=5,
2025-09-17;11:22:14;AL  ;Minor ;ENodeBFunction=1;External Link Failure;X2 link problem to one or several neighbouring eNodeBs. AI: PLMN ID-eNB ID 1 = 2221-210094
2025-09-17;13:23:09;AL  ;Minor ;ENodeBFunction=1;External Link Failure;X2 link problem to one or several neighbouring eNodeBs. AI: PLMN ID-eNB ID 1 = 2221-210094 PLMN ID-eNB ID 2 = 2221-206576
2025-09-17;14:01:37;AL  ;Minor ;ENodeBFunction=1;External Link Failure;X2 link problem to one or several neighbouring eNodeBs. AI: PLMN ID-eNB ID 1 = 2221-210094
2025-09-17;15:57:01;AL  ;Cleared;ENodeBFunction=1;External Link Failure;X2 link problem to one or several neighbouring eNodeBs. AI: PLMN ID-eNB ID 1 = 2221-210094
2025-09-18;08:18:10;AL  ;Minor ;ENodeBFunction=1;External Link Failure;X2 link problem to one or several neighbouring eNodeBs. AI: PLMN ID-eNB ID 1 = 2221-650121
2025-09-18;13:03:48;AL  ;Cleared;ENodeBFunction=1;External Link Failure;X2 link problem to one or several neighbouring eNodeBs. AI: PLMN ID-eNB ID 1 = 2221-650121
2025-09-19;10:32:10;AL  ;Minor ;ENodeBFunction=1;External Link to GNodeB Failure;X2 link problem to one or several neighbouring gNodeBs. AI: PLMN ID-gNB ID 1 = 2221-1055513
2025-09-19;10:32:18;AL  ;Minor ;ENodeBFunction=1;External Link Failure;X2 link problem to one or several neighbouring eNodeBs. AI: PLMN ID-eNB ID 1 = 2221-209206
2025-09-19;10:38:44;AL  ;Cleared;ENodeBFunction=1;External Link to GNodeB Failure;X2 link problem to one or several neighbouring gNodeBs. AI: PLMN ID-gNB ID 1 = 2221-1055513
2025-09-19;10:39:36;AL  ;Minor ;ENodeBFunction=1;External Link Failure;X2 link problem to one or several neighbouring eNodeBs. AI: PLMN ID-eNB ID 1 = 2221-650571
2025-09-19;10:39:59;AL  ;Cleared;ENodeBFunction=1;External Link Failure;X2 link problem to one or several neighbouring eNodeBs. AI: PLMN ID-eNB ID 1 = 2221-650571
2025-09-19;15:11:10;AL  ;Minor ;ENodeBFunction=1;External Link to GNodeB Failure;X2 link problem to one or several neighbouring gNodeBs. AI: PLMN ID-gNB ID 1 = 2221-1055513
2025-09-19;15:11:16;AL  ;Minor ;ENodeBFunction=1;External Link Failure;X2 link problem to one or several neighbouring eNodeBs. AI: PLMN ID-eNB ID 1 = 2221-209206 PLMN ID-eNB ID 2 = 2221-650571
2025-09-19;15:12:27;AL  ;Cleared;ENodeBFunction=1;External Link to GNodeB Failure;X2 link problem to one or several neighbouring gNodeBs. AI: PLMN ID-gNB ID 1 = 2221-1055513
2025-09-19;15:13:15;AL  ;Minor ;ENodeBFunction=1;External Link Failure;X2 link problem to one or several neighbouring eNodeBs. AI: PLMN ID-eNB ID 1 = 2221-650571
2025-09-19;15:13:49;AL  ;Cleared;ENodeBFunction=1;External Link Failure;X2 link problem to one or several neighbouring eNodeBs. AI: PLMN ID-eNB ID 1 = 2221-650571
2025-09-21;07:51:41;AL  ;Minor ;EUtraNetwork=1,ExternalENodeBFunction=2221-650357;Inter Node Carrier Aggregation Service Unavailable;Elastic RAN Carrier Aggregation is not available towards remote eNodeB.
2025-09-21;08:31:21;AL  ;Cleared;EUtraNetwork=1,ExternalENodeBFunction=2221-650357;Inter Node Carrier Aggregation Service Unavailable;Elastic RAN Carrier Aggregation is not available towards remote eNodeB.
2025-09-21;08:32:23;AL  ;Minor ;EUtraNetwork=1,ExternalENodeBFunction=2221-650357;Inter Node Carrier Aggregation Service Unavailable;Elastic RAN Carrier Aggregation is not available towards remote eNodeB.
2025-09-21;12:28:31;AL  ;Cleared;EUtraNetwork=1,ExternalENodeBFunction=2221-650357;Inter Node Carrier Aggregation Service Unavailable;Elastic RAN Carrier Aggregation is not available towards remote eNodeB.
2025-09-22;06:06:02;AL  ;Minor ;EUtraNetwork=1,ExternalENodeBFunction=2221-650357;Inter Node Carrier Aggregation Service Unavailable;Elastic RAN Carrier Aggregation is not available towards remote eNodeB.
2025-09-22;09:50:10;AL  ;Minor ;ENodeBFunction=1;External Link Failure;X2 link problem to one or several neighbouring eNodeBs. AI: PLMN ID-eNB ID 1 = 2221-205368
2025-09-22;09:55:40;AL  ;Cleared;ENodeBFunction=1;External Link Failure;X2 link problem to one or several neighbouring eNodeBs. AI: PLMN ID-eNB ID 1 = 2221-205368
2025-09-24;13:49:25;AL  ;Minor ;EUtraNetwork=1,ExternalENodeBFunction=2221-650357;Inter Node Feature Incompatibility;Inter eNodeB CA feature is not activated in remote eNodeB. SUPPRESSED
2025-09-24;13:49:41;AL  ;Cleared;EUtraNetwork=1,ExternalENodeBFunction=2221-650357;Inter Node Feature Incompatibility;Inter eNodeB CA feature is not activated in remote eNodeB. SUPPRESSED
2025-09-24;14:04:19;AL  ;Minor ;EUtraNetwork=1,ExternalENodeBFunction=2221-650357;Inter Node Feature Incompatibility;Inter eNodeB CA feature is not activated in remote eNodeB. SUPPRESSED
2025-09-24;14:07:10;AL  ;Cleared;EUtraNetwork=1,ExternalENodeBFunction=2221-650357;Inter Node Feature Incompatibility;Inter eNodeB CA feature is not activated in remote eNodeB. SUPPRESSED
2025-09-27;17:21:45;AL  ;Minor ;EUtraNetwork=1,ExternalENodeBFunction=2221-650357;Inter Node Feature Incompatibility;Inter eNodeB CA feature is not activated in remote eNodeB. SUPPRESSED
2025-09-27;17:28:11;AL  ;Cleared;EUtraNetwork=1,ExternalENodeBFunction=2221-650357;Inter Node Feature Incompatibility;Inter eNodeB CA feature is not activated in remote eNodeB. SUPPRESSED
2025-09-28;08:32:32;AL  ;Cleared;EUtraNetwork=1,ExternalENodeBFunction=2221-650357;Inter Node Carrier Aggregation Service Unavailable;Elastic RAN Carrier Aggregation is not available towards remote eNodeB.
2025-09-28;08:33:34;AL  ;Minor ;EUtraNetwork=1,ExternalENodeBFunction=2221-650357;Inter Node Carrier Aggregation Service Unavailable;Elastic RAN Carrier Aggregation is not available towards remote eNodeB.
2025-09-28;12:26:13;AL  ;Cleared;EUtraNetwork=1,ExternalENodeBFunction=2221-650357;Inter Node Carrier Aggregation Service Unavailable;Elastic RAN Carrier Aggregation is not available towards remote eNodeB.
2025-09-29;19:18:04;AL  ;Minor ;ENodeBFunction=1;External Link Failure;X2 link problem to one or several neighbouring eNodeBs. AI: PLMN ID-eNB ID 1 = 2221-209206 PLMN ID-eNB ID 2 = 2221-650571
2025-09-29;19:18:19;AL  ;Cleared;ENodeBFunction=1;External Link Failure;X2 link problem to one or several neighbouring eNodeBs. AI: PLMN ID-eNB ID 1 = 2221-209206 PLMN ID-eNB ID 2 = 2221-650571
2025-10-01;06:34:09;AL  ;Minor ;ENodeBFunction=1;External Link Failure;X2 link problem to one or several neighbouring eNodeBs. AI: PLMN ID-eNB ID 1 = 2221-203871
2025-10-01;08:51:58;AL  ;Minor ;ENodeBFunction=1;External Link Failure;X2 link problem to one or several neighbouring eNodeBs. AI: PLMN ID-eNB ID 1 = 2221-203871 PLMN ID-eNB ID 2 = 2221-650450 PLMN ID-eNB ID 3 = 2221-650408 PLMN ID-eNB ID 4 = 2221-209917
2025-10-01;23:52:26;AL  ;Minor ;EUtraNetwork=1,ExternalENodeBFunction=2221-650572;Inter Node Carrier Aggregation Service Unavailable;Elastic RAN Carrier Aggregation is not available towards remote eNodeB.
2025-10-02;11:43:18;AL  ;Minor ;ENodeBFunction=1;External Link Failure;X2 link problem to one or several neighbouring eNodeBs. AI: PLMN ID-eNB ID 1 = 2221-203871 PLMN ID-eNB ID 2 = 2221-213271
2025-10-02;14:51:34;AL  ;Minor ;ENodeBFunction=1;External Link Failure;X2 link problem to one or several neighbouring eNodeBs. AI: PLMN ID-eNB ID 1 = 2221-203871
2025-10-04;07:36:45;AL  ;Minor ;ENodeBFunction=1;External Link Failure;X2 link problem to one or several neighbouring eNodeBs. AI: PLMN ID-eNB ID 1 = 2221-203871 PLMN ID-eNB ID 2 = 2221-206865
2025-10-04;08:18:29;AL  ;Minor ;ENodeBFunction=1;External Link Failure;X2 link problem to one or several neighbouring eNodeBs. AI: PLMN ID-eNB ID 1 = 2221-203871
2025-10-05;05:32:26;AL  ;Minor ;ENodeBFunction=1;External Link Failure;X2 link problem to one or several neighbouring eNodeBs. AI: PLMN ID-eNB ID 1 = 2221-203871 PLMN ID-eNB ID 2 = 2221-206488
2025-10-05;05:35:08;AL  ;Minor ;ENodeBFunction=1;External Link Failure;X2 link problem to one or several neighbouring eNodeBs. AI: PLMN ID-eNB ID 1 = 2221-203871
2025-10-05;08:25:33;AL  ;Cleared;EUtraNetwork=1,ExternalENodeBFunction=2221-650572;Inter Node Carrier Aggregation Service Unavailable;Elastic RAN Carrier Aggregation is not available towards remote eNodeB.
2025-10-05;08:25:43;AL  ;Cleared;ENodeBFunction=1;External Link Failure;X2 link problem to one or several neighbouring eNodeBs. AI: PLMN ID-eNB ID 1 = 2221-203871
2025-10-05;08:25:47;AL  ;Minor ;EUtraNetwork=1,ExternalENodeBFunction=2221-650572;Inter Node Carrier Aggregation Service Unavailable;Elastic RAN Carrier Aggregation is not available towards remote eNodeB.
2025-10-05;08:32:17;AL  ;Cleared;EUtraNetwork=1,ExternalENodeBFunction=2221-650572;Inter Node Carrier Aggregation Service Unavailable;Elastic RAN Carrier Aggregation is not available towards remote eNodeB.
2025-10-06;11:43:50;AL  ;Minor ;ENodeBFunction=1;External Link Failure;X2 link problem to one or several neighbouring eNodeBs. AI: PLMN ID-eNB ID 1 = 2221-206488
2025-10-06;11:48:16;AL  ;Cleared;ENodeBFunction=1;External Link Failure;X2 link problem to one or several neighbouring eNodeBs. AI: PLMN ID-eNB ID 1 = 2221-206488


CZA4L> lgec -m 30d

251007-12:39:37+0200 19.31.9.251 25.0h MSRBS_NODE_MODEL_25.Q1_198665.224.73_bf81 stopfile=/tmp/1375930

Startdate=20250907.103937, Enddate=20251008.103937
Date;Time;Log;Severity;Object;Event;Cause;AdditionalText;AckState;Id;NotificationId;CorrelatedAlarms
Executing action Log.export()
..
Log=AlertLog                    actionId=7129
...
=================================================================================================================
MO                  actionId result      resultInfo
=================================================================================================================
LogM=1,Log=AlertLog 7129     1 (SUCCESS)           
cat  /ericsson/log/amos/moshell_logfiles/t20251007_37258710_53697/logs_moshell/tempfiles/scp-2-amos_20251007-123849_1375863/rcslogs/AlertLog_20220114__123315.log > /ericsson/log/amos/moshell_logfiles/t20251007_37258710_53697/logs_moshell/tempfiles/scp-2-amos_20251007-123849_1375863/eventLog1375930.xml

Bye...
Output has been logged to file /mta_fs/UserFiles/37258710/amosbatch/2025-10-07_11-07-01_53697/CZA4L.log
