Logging to file /mta_fs/UserFiles/37258710/amosbatch/2025-10-07_11-07-01_53697/CZA6L.log
                        __  __  ____   _____
                  /\   |  \/  |/ __ \ / ____|
                 /  \  | \  / | |  | | (___  
                / /\ \ | |\/| | |  | |\___ \ 
               / ____ \| |  | | |__| |____) |
              /_/    \_\_|  |_|\____/|_____/
              OSS Framework for MoShell-25.0h 
  Copyright (c) Ericsson AB 2001-2025 - All Rights Reserved
              
           
[1;31mWARNING: [0mthe AMOS version currently running is more than 22 weeks old and is unsupported.
Please upgrade as soon as possible to the latest released version, available from your local Ericsson support.

$amosrb_pid = 691515

Checking ip contact...OK

HELP MENU            : h
BASIC MO COMMANDS    : m
OTHER MO COMMANDS    : n
OTHER COMMANDS       : o
PM COMMANDS          : p
QUIT                 : q

CZA6L> lt all

251007-11:14:24+0200 19.31.8.79 25.0h  stopfile=/tmp/691248
Looking up temporary_amos account... OK.
Trying temporary_amos_t20251007_37258710_53697_313's password from amos lookupAccount ... OK

$ssh_pid = 692804

Connected to 19.31.8.79 (SubNetwork=BBMM_rckomc_R,MeContext=CZA6L,ManagedElement=CZA6L)

Checking MOM version...MSRBS_NODE_MODEL_25.Q1_693.28324.131_62ac
Parsing MOM (cached): /ericsson/log/amos/moshell_logfiles/t20251007_37258710_53697/logs_moshell/tempfiles/scp-2-amos_20251007-111417_691188/MSRBS_NODE_MODEL_25.Q1_693.28324.131_62ac.xml.cache.gz ..................................................................................................................................................................................................................................Done.
Using paramfile /opt/ericsson/amos/moshell/commonjars/pm/PARAM_MSRBS_25.Q1.txt
Parsing file /opt/ericsson/amos/moshell/commonjars/pm/PARAM_MSRBS_25.Q1.txt .......................................................................................Done.
Using imomdfile /opt/ericsson/amos/moshell/commonjars/pm/IMOMD_MSRBS_22.Q4.txt
Using imomfile /opt/ericsson/amos/moshell/commonjars/pm/IMOM_MSRBS_25.Q1.txt
Connected to 19.31.8.79 (SubNetwork=BBMM_rckomc_R,MeContext=CZA6L,ManagedElement=CZA6L)

Last MO: 17627. Loaded 17627 MOs. Total: 17628 MOs.

CZA6L> hget EUtranCellFDD ^cellid

251007-11:14:37+0200 19.31.8.79 25.0h MSRBS_NODE_MODEL_25.Q1_693.28324.131_62ac stopfile=/tmp/691248

=================================================================================================================
MO                   cellId
=================================================================================================================
EUtranCellFDD=CZA6L1 21    
EUtranCellFDD=CZA6L2 22    
EUtranCellFDD=CZA6L3 23    
=================================================================================================================
Total: 3 MOs

Added 3 MOs to group: hget_group

CZA6L> hget NbIotCell ^cellid

251007-11:14:38+0200 19.31.8.79 25.0h MSRBS_NODE_MODEL_25.Q1_693.28324.131_62ac stopfile=/tmp/691248
Total: 0 MOs

CZA6L> hget NRCellDU ^cellLocalId

251007-11:14:38+0200 19.31.8.79 25.0h MSRBS_NODE_MODEL_25.Q1_693.28324.131_62ac stopfile=/tmp/691248
Total: 0 MOs

CZA6L> lgdc -m 30d

251007-11:14:38+0200 19.31.8.79 25.0h MSRBS_NODE_MODEL_25.Q1_693.28324.131_62ac stopfile=/tmp/691248

Startdate=20250907.091438, Enddate=20251008.091439
INFO: Using amos lookupAccount credentials for the export login

Executing action LogM.exportAvailabilityLog()
...LogM=1,exportAvailabilityLog    actionId=56009
...
=================================================================================================================
MO     actionId result      resultInfo
=================================================================================================================
LogM=1 56009    1 (SUCCESS)           
cp /ericsson/log/amos/moshell_logfiles/t20251007_37258710_53697/logs_moshell/tempfiles/scp-2-amos_20251007-111417_691188/rcslogs/RBS_CS_AVAILABILITY_LOG_20251007091441.xml /ericsson/log/amos/moshell_logfiles/t20251007_37258710_53697/logs_moshell/tempfiles/scp-2-amos_20251007-111417_691188/availabilityLog691248.xml
Parsing availabilityLog....Done.
.
Date;Time;RestartType;SwVersion;SwRelease;RCSDowntime;ApplicationDowntime;TNDowntime;RATsDowntime;ExtraInfo;ExtraInfo2
2025-09-08;08:26:53;PartialOutage(Manual);33% Lrat Cell 21; ();8s;;;;;
2025-09-08;08:27:08;PartialOutage(Manual);33% Lrat Cell 23; ();9s;;;;;
2025-09-08;08:27:23;PartialOutage(Manual);33% Lrat Cell 22; ();9s;;;;;

Node uptime since last restart: 2508434 seconds (29 days, 0 hours, 47 minutes, 14 seconds)
------------------------------------------------------------------------------------------------------
Period=30 days       NodeUpgrade      NodeManual       NodeSpontaneous  AllNodeRestarts  PartialOutages  
------------------------------------------------------------------------------------------------------
Number Of outages    0                0                0                0                3               
Total downtime       0s               0s               0s               0s               26s             
Downtime per day     0s               0s               0s               0s               1s              
Downtime per outage  0s               0s               0s               0s               9s              

CZA6L> lgac -m 30d

251007-11:14:46+0200 19.31.8.79 25.0h MSRBS_NODE_MODEL_25.Q1_693.28324.131_62ac stopfile=/tmp/691248

Startdate=20250907.091447, Enddate=20251008.091447
Date;Time;Log;Severity;Object;Event;Cause;AdditionalText;AckState;Id;NotificationId;CorrelatedAlarms
Executing action Log.export()
..
Log=AlarmLog                    actionId=56010
...
=================================================================================================================
MO                  actionId result      resultInfo
=================================================================================================================
LogM=1,Log=AlarmLog 56010    1 (SUCCESS)           
cat  /ericsson/log/amos/moshell_logfiles/t20251007_37258710_53697/logs_moshell/tempfiles/scp-2-amos_20251007-111417_691188/rcslogs/saLogAlarm_20240131__105412_20250224__231650.log /ericsson/log/amos/moshell_logfiles/t20251007_37258710_53697/logs_moshell/tempfiles/scp-2-amos_20251007-111417_691188/rcslogs/saLogAlarm_20250224__231650.log > /ericsson/log/amos/moshell_logfiles/t20251007_37258710_53697/logs_moshell/tempfiles/scp-2-amos_20251007-111417_691188/alarmLog691248.xml
2025-09-07;09:44:37;AL  ;Cleared;EUtraNetwork=1,ExternalENodeBFunction=2221-213330;Inter Node Feature Incompatibility;Inter eNodeB CA feature is not activated in remote eNodeB
2025-09-07;09:44:37;AL  ;Minor ;EUtraNetwork=1,ExternalENodeBFunction=2221-650560;Inter Node Feature Incompatibility;Inter eNodeB CA feature is not activated in remote eNodeB
2025-09-07;09:49:13;AL  ;Cleared;EUtraNetwork=1,ExternalENodeBFunction=2221-650560;Inter Node Feature Incompatibility;Inter eNodeB CA feature is not activated in remote eNodeB
2025-09-07;09:49:13;AL  ;Minor ;EUtraNetwork=1,ExternalENodeBFunction=2221-213330;Inter Node Feature Incompatibility;Inter eNodeB CA feature is not activated in remote eNodeB
2025-09-07;15:35:00;AL  ;Minor ;EUtraNetwork=1,ExternalENodeBFunction=2221-650560;Inter Node Feature Incompatibility;Inter eNodeB CA feature is not activated in remote eNodeB
2025-09-07;15:37:35;AL  ;Cleared;EUtraNetwork=1,ExternalENodeBFunction=2221-650560;Inter Node Feature Incompatibility;Inter eNodeB CA feature is not activated in remote eNodeB
2025-09-07;19:07:59;AL  ;Minor ;EUtraNetwork=1,ExternalENodeBFunction=2221-650560;Inter Node Feature Incompatibility;Inter eNodeB CA feature is not activated in remote eNodeB
2025-09-08;08:37:16;AL  ;Cleared;EUtraNetwork=1,ExternalENodeBFunction=2221-650560;Inter Node Feature Incompatibility;Inter eNodeB CA feature is not activated in remote eNodeB
2025-09-08;08:57:04;AL  ;Minor ;EUtraNetwork=1,ExternalENodeBFunction=2221-650560;Inter Node Feature Incompatibility;Inter eNodeB CA feature is not activated in remote eNodeB
2025-09-08;08:58:18;AL  ;Cleared;EUtraNetwork=1,ExternalENodeBFunction=2221-650560;Inter Node Feature Incompatibility;Inter eNodeB CA feature is not activated in remote eNodeB
2025-09-08;11:17:16;AL  ;Cleared;EUtraNetwork=1,ExternalENodeBFunction=2221-650222;Inter Node Feature Incompatibility;Inter eNodeB CA feature is not activated in remote eNodeB
2025-09-08;14:59:03;AL  ;Minor ;EUtraNetwork=1,ExternalENodeBFunction=2221-650560;Inter Node Feature Incompatibility;Inter eNodeB CA feature is not activated in remote eNodeB
2025-09-08;14:59:48;AL  ;Cleared;EUtraNetwork=1,ExternalENodeBFunction=2221-650560;Inter Node Feature Incompatibility;Inter eNodeB CA feature is not activated in remote eNodeB
2025-09-08;19:06:59;AL  ;Minor ;EUtraNetwork=1,ExternalENodeBFunction=2221-213330;Inter Node Feature Incompatibility;Inter eNodeB CA feature is not activated in remote eNodeB
2025-09-08;19:07:00;AL  ;Minor ;EUtraNetwork=1,ExternalENodeBFunction=2221-650560;Inter Node Feature Incompatibility;Inter eNodeB CA feature is not activated in remote eNodeB
2025-09-08;23:01:59;AL  ;Minor ;EUtraNetwork=1,ExternalENodeBFunction=2221-650594;Inter Node Carrier Aggregation Service Unavailable;Elastic RAN Carrier Aggregation is not available towards remote eNodeB.
2025-09-09;06:01:17;AL  ;Minor ;EUtraNetwork=1,ExternalENodeBFunction=2221-650222;Inter Node Feature Incompatibility;Inter eNodeB CA feature is not activated in remote eNodeB
2025-09-09;17:09:43;AL  ;Cleared;EUtraNetwork=1,ExternalENodeBFunction=2221-650560;Inter Node Feature Incompatibility;Inter eNodeB CA feature is not activated in remote eNodeB
2025-09-09;19:06:58;AL  ;Minor ;EUtraNetwork=1,ExternalENodeBFunction=2221-213330;Inter Node Feature Incompatibility;Inter eNodeB CA feature is not activated in remote eNodeB
2025-09-09;19:06:58;AL  ;Minor ;EUtraNetwork=1,ExternalENodeBFunction=2221-650222;Inter Node Feature Incompatibility;Inter eNodeB CA feature is not activated in remote eNodeB
2025-09-09;19:06:59;AL  ;Minor ;EUtraNetwork=1,ExternalENodeBFunction=2221-650560;Inter Node Feature Incompatibility;Inter eNodeB CA feature is not activated in remote eNodeB
2025-09-10;06:02:01;AL  ;Minor ;EUtraNetwork=1,ExternalENodeBFunction=2221-650560;Inter Node Feature Incompatibility;Inter eNodeB CA feature is not activated in remote eNodeB
2025-09-10;06:02:01;AL  ;Cleared;EUtraNetwork=1,ExternalENodeBFunction=2221-650560;Inter Node Feature Incompatibility;Inter eNodeB CA feature is not activated in remote eNodeB
2025-09-10;06:51:07;AL  ;Minor ;EUtraNetwork=1,ExternalENodeBFunction=2221-650560;Inter Node Feature Incompatibility;Inter eNodeB CA feature is not activated in remote eNodeB
2025-09-10;07:53:06;AL  ;Cleared;EUtraNetwork=1,ExternalENodeBFunction=2221-650560;Inter Node Feature Incompatibility;Inter eNodeB CA feature is not activated in remote eNodeB
2025-09-10;09:44:38;AL  ;Minor ;EUtraNetwork=1,ExternalENodeBFunction=2221-650560;Inter Node Feature Incompatibility;Inter eNodeB CA feature is not activated in remote eNodeB
2025-09-10;09:49:04;AL  ;Cleared;EUtraNetwork=1,ExternalENodeBFunction=2221-650560;Inter Node Feature Incompatibility;Inter eNodeB CA feature is not activated in remote eNodeB
2025-09-10;14:45:47;AL  ;Minor ;ENodeBFunction=1;External Link Failure;X2 link problem to one or several neighbouring eNodeBs. AI: PLMN ID-eNB ID 1 = 2221-650541 PLMN ID-eNB ID 2 = 2221-210292
2025-09-10;16:56:54;AL  ;Minor ;EUtraNetwork=1,ExternalENodeBFunction=2221-650560;Inter Node Feature Incompatibility;Inter eNodeB CA feature is not activated in remote eNodeB
2025-09-10;16:58:15;AL  ;Cleared;EUtraNetwork=1,ExternalENodeBFunction=2221-650560;Inter Node Feature Incompatibility;Inter eNodeB CA feature is not activated in remote eNodeB
2025-09-10;16:58:30;AL  ;Minor ;ENodeBFunction=1;External Link Failure;X2 link problem to one or several neighbouring eNodeBs. AI: PLMN ID-eNB ID 1 = 2221-650541
2025-09-10;16:59:23;AL  ;Cleared;ENodeBFunction=1;External Link Failure;X2 link problem to one or several neighbouring eNodeBs. AI: PLMN ID-eNB ID 1 = 2221-650541
2025-09-10;19:06:59;AL  ;Minor ;EUtraNetwork=1,ExternalENodeBFunction=2221-650222;Inter Node Feature Incompatibility;Inter eNodeB CA feature is not activated in remote eNodeB
2025-09-10;19:10:59;AL  ;Minor ;EUtraNetwork=1,ExternalENodeBFunction=2221-650560;Inter Node Feature Incompatibility;Inter eNodeB CA feature is not activated in remote eNodeB
2025-09-11;06:02:01;AL  ;Cleared;EUtraNetwork=1,ExternalENodeBFunction=2221-650560;Inter Node Feature Incompatibility;Inter eNodeB CA feature is not activated in remote eNodeB
2025-09-11;19:07:06;AL  ;Minor ;EUtraNetwork=1,ExternalENodeBFunction=2221-650560;Inter Node Feature Incompatibility;Inter eNodeB CA feature is not activated in remote eNodeB
2025-09-12;07:57:07;AL  ;Cleared;EUtraNetwork=1,ExternalENodeBFunction=2221-650560;Inter Node Feature Incompatibility;Inter eNodeB CA feature is not activated in remote eNodeB
2025-09-12;08:05:57;AL  ;Minor ;ENodeBFunction=1;External Link Failure;X2 link problem to one or several neighbouring eNodeBs. AI: PLMN ID-eNB ID 1 = 2221-208112
2025-09-12;08:52:23;AL  ;Cleared;EUtraNetwork=1,ExternalENodeBFunction=2221-650222;Inter Node Feature Incompatibility;Inter eNodeB CA feature is not activated in remote eNodeB
2025-09-12;10:08:35;AL  ;Minor ;EUtraNetwork=1,ExternalENodeBFunction=2221-650560;Inter Node Feature Incompatibility;Inter eNodeB CA feature is not activated in remote eNodeB
2025-09-12;10:14:38;AL  ;Cleared;EUtraNetwork=1,ExternalENodeBFunction=2221-650560;Inter Node Feature Incompatibility;Inter eNodeB CA feature is not activated in remote eNodeB
2025-09-12;10:29:12;AL  ;Cleared;ENodeBFunction=1;External Link Failure;X2 link problem to one or several neighbouring eNodeBs. AI: PLMN ID-eNB ID 1 = 2221-208112
2025-09-12;12:27:38;AL  ;Minor ;ENodeBFunction=1;External Link Failure;X2 link problem to one or several neighbouring eNodeBs. AI: PLMN ID-eNB ID 1 = 2221-650560
2025-09-12;12:29:17;AL  ;Minor ;ENodeBFunction=1;External Link Failure;X2 link problem to one or several neighbouring eNodeBs. AI: PLMN ID-eNB ID 1 = 2221-650560 PLMN ID-eNB ID 2 = 2221-210001
2025-09-12;12:30:17;AL  ;Minor ;EUtraNetwork=1,ExternalENodeBFunction=2221-650222;Inter Node Feature Incompatibility;Inter eNodeB CA feature is not activated in remote eNodeB
2025-09-12;12:30:41;AL  ;Cleared;EUtraNetwork=1,ExternalENodeBFunction=2221-650222;Inter Node Feature Incompatibility;Inter eNodeB CA feature is not activated in remote eNodeB
2025-09-12;16:58:38;AL  ;Minor ;ENodeBFunction=1;External Link Failure;X2 link problem to one or several neighbouring eNodeBs. AI: PLMN ID-eNB ID 1 = 2221-650560
2025-09-12;16:59:54;AL  ;Cleared;EUtraNetwork=1,ExternalENodeBFunction=2221-213330;Inter Node Feature Incompatibility;Inter eNodeB CA feature is not activated in remote eNodeB
2025-09-12;17:00:09;AL  ;Cleared;ENodeBFunction=1;External Link Failure;X2 link problem to one or several neighbouring eNodeBs. AI: PLMN ID-eNB ID 1 = 2221-650560
2025-09-12;17:00:24;AL  ;Minor ;EUtraNetwork=1,ExternalENodeBFunction=2221-650560;Inter Node Feature Incompatibility;Inter eNodeB CA feature is not activated in remote eNodeB
2025-09-12;17:01:54;AL  ;Cleared;EUtraNetwork=1,ExternalENodeBFunction=2221-650560;Inter Node Feature Incompatibility;Inter eNodeB CA feature is not activated in remote eNodeB
2025-09-12;17:01:54;AL  ;Minor ;EUtraNetwork=1,ExternalENodeBFunction=2221-213330;Inter Node Feature Incompatibility;Inter eNodeB CA feature is not activated in remote eNodeB
2025-09-12;19:07:04;AL  ;Minor ;EUtraNetwork=1,ExternalENodeBFunction=2221-650560;Inter Node Feature Incompatibility;Inter eNodeB CA feature is not activated in remote eNodeB
2025-09-13;06:01:17;AL  ;Minor ;EUtraNetwork=1,ExternalENodeBFunction=2221-650222;Inter Node Feature Incompatibility;Inter eNodeB CA feature is not activated in remote eNodeB
2025-09-13;19:33:45;AL  ;Minor ;ENodeBFunction=1;External Link Failure;X2 link problem to one or several neighbouring eNodeBs. AI: PLMN ID-eNB ID 1 = 2221-212833
2025-09-14;08:39:20;AL  ;Cleared;EUtraNetwork=1,ExternalENodeBFunction=2221-650594;Inter Node Carrier Aggregation Service Unavailable;Elastic RAN Carrier Aggregation is not available towards remote eNodeB.
2025-09-14;08:39:31;AL  ;Cleared;ENodeBFunction=1;External Link Failure;X2 link problem to one or several neighbouring eNodeBs. AI: PLMN ID-eNB ID 1 = 2221-212833
2025-09-14;08:39:51;AL  ;Minor ;EUtraNetwork=1,ExternalENodeBFunction=2221-650594;Inter Node Carrier Aggregation Service Unavailable;Elastic RAN Carrier Aggregation is not available towards remote eNodeB.
2025-09-14;08:54:45;AL  ;Cleared;EUtraNetwork=1,ExternalENodeBFunction=2221-650594;Inter Node Carrier Aggregation Service Unavailable;Elastic RAN Carrier Aggregation is not available towards remote eNodeB.
2025-09-15;08:55:37;AL  ;Cleared;EUtraNetwork=1,ExternalENodeBFunction=2221-650560;Inter Node Feature Incompatibility;Inter eNodeB CA feature is not activated in remote eNodeB
2025-09-15;09:01:00;AL  ;Minor ;EUtraNetwork=1,ExternalENodeBFunction=2221-650560;Inter Node Feature Incompatibility;Inter eNodeB CA feature is not activated in remote eNodeB
2025-09-15;09:06:17;AL  ;Cleared;EUtraNetwork=1,ExternalENodeBFunction=2221-650560;Inter Node Feature Incompatibility;Inter eNodeB CA feature is not activated in remote eNodeB
2025-09-15;09:11:37;AL  ;Minor ;EUtraNetwork=1,ExternalENodeBFunction=2221-650560;Inter Node Feature Incompatibility;Inter eNodeB CA feature is not activated in remote eNodeB
2025-09-15;09:15:54;AL  ;Cleared;EUtraNetwork=1,ExternalENodeBFunction=2221-650560;Inter Node Feature Incompatibility;Inter eNodeB CA feature is not activated in remote eNodeB
2025-09-15;09:21:15;AL  ;Minor ;EUtraNetwork=1,ExternalENodeBFunction=2221-650560;Inter Node Feature Incompatibility;Inter eNodeB CA feature is not activated in remote eNodeB
2025-09-15;09:26:24;AL  ;Cleared;EUtraNetwork=1,ExternalENodeBFunction=2221-650560;Inter Node Feature Incompatibility;Inter eNodeB CA feature is not activated in remote eNodeB
2025-09-15;09:31:41;AL  ;Minor ;EUtraNetwork=1,ExternalENodeBFunction=2221-650560;Inter Node Feature Incompatibility;Inter eNodeB CA feature is not activated in remote eNodeB
2025-09-15;09:33:09;AL  ;Cleared;EUtraNetwork=1,ExternalENodeBFunction=2221-650560;Inter Node Feature Incompatibility;Inter eNodeB CA feature is not activated in remote eNodeB
2025-09-15;09:38:29;AL  ;Minor ;EUtraNetwork=1,ExternalENodeBFunction=2221-650560;Inter Node Feature Incompatibility;Inter eNodeB CA feature is not activated in remote eNodeB
2025-09-15;09:38:32;AL  ;Minor ;EUtraNetwork=1,ExternalENodeBFunction=2221-650560;Inter Node Carrier Aggregation Service Unavailable;Elastic RAN Carrier Aggregation is not available towards remote eNodeB.
2025-09-15;09:40:03;AL  ;Cleared;EUtraNetwork=1,ExternalENodeBFunction=2221-650560;Inter Node Carrier Aggregation Service Unavailable;Elastic RAN Carrier Aggregation is not available towards remote eNodeB.
2025-09-15;09:40:03;AL  ;Cleared;EUtraNetwork=1,ExternalENodeBFunction=2221-650560;Inter Node Feature Incompatibility;Inter eNodeB CA feature is not activated in remote eNodeB
2025-09-15;09:45:25;AL  ;Minor ;EUtraNetwork=1,ExternalENodeBFunction=2221-650560;Inter Node Feature Incompatibility;Inter eNodeB CA feature is not activated in remote eNodeB
2025-09-15;09:45:31;AL  ;Minor ;EUtraNetwork=1,ExternalENodeBFunction=2221-650560;Inter Node Carrier Aggregation Service Unavailable;Elastic RAN Carrier Aggregation is not available towards remote eNodeB.
2025-09-15;09:46:24;AL  ;Cleared;EUtraNetwork=1,ExternalENodeBFunction=2221-650560;Inter Node Carrier Aggregation Service Unavailable;Elastic RAN Carrier Aggregation is not available towards remote eNodeB.
2025-09-15;09:46:24;AL  ;Cleared;EUtraNetwork=1,ExternalENodeBFunction=2221-650560;Inter Node Feature Incompatibility;Inter eNodeB CA feature is not activated in remote eNodeB
2025-09-15;09:51:44;AL  ;Minor ;EUtraNetwork=1,ExternalENodeBFunction=2221-650560;Inter Node Feature Incompatibility;Inter eNodeB CA feature is not activated in remote eNodeB
2025-09-15;09:51:51;AL  ;Minor ;EUtraNetwork=1,ExternalENodeBFunction=2221-650560;Inter Node Carrier Aggregation Service Unavailable;Elastic RAN Carrier Aggregation is not available towards remote eNodeB.
2025-09-15;09:52:24;AL  ;Cleared;EUtraNetwork=1,ExternalENodeBFunction=2221-650560;Inter Node Carrier Aggregation Service Unavailable;Elastic RAN Carrier Aggregation is not available towards remote eNodeB.
2025-09-15;09:52:24;AL  ;Cleared;EUtraNetwork=1,ExternalENodeBFunction=2221-650560;Inter Node Feature Incompatibility;Inter eNodeB CA feature is not activated in remote eNodeB
2025-09-15;09:57:43;AL  ;Minor ;EUtraNetwork=1,ExternalENodeBFunction=2221-650560;Inter Node Feature Incompatibility;Inter eNodeB CA feature is not activated in remote eNodeB
2025-09-15;09:57:47;AL  ;Minor ;EUtraNetwork=1,ExternalENodeBFunction=2221-650560;Inter Node Carrier Aggregation Service Unavailable;Elastic RAN Carrier Aggregation is not available towards remote eNodeB.
2025-09-15;09:58:09;AL  ;Cleared;EUtraNetwork=1,ExternalENodeBFunction=2221-650560;Inter Node Carrier Aggregation Service Unavailable;Elastic RAN Carrier Aggregation is not available towards remote eNodeB.
2025-09-15;09:58:09;AL  ;Cleared;EUtraNetwork=1,ExternalENodeBFunction=2221-650560;Inter Node Feature Incompatibility;Inter eNodeB CA feature is not activated in remote eNodeB
2025-09-15;10:03:33;AL  ;Minor ;EUtraNetwork=1,ExternalENodeBFunction=2221-650560;Inter Node Feature Incompatibility;Inter eNodeB CA feature is not activated in remote eNodeB
2025-09-15;10:03:37;AL  ;Minor ;EUtraNetwork=1,ExternalENodeBFunction=2221-650560;Inter Node Carrier Aggregation Service Unavailable;Elastic RAN Carrier Aggregation is not available towards remote eNodeB.
2025-09-15;10:04:50;AL  ;Cleared;EUtraNetwork=1,ExternalENodeBFunction=2221-650560;Inter Node Carrier Aggregation Service Unavailable;Elastic RAN Carrier Aggregation is not available towards remote eNodeB.
2025-09-15;10:04:50;AL  ;Cleared;EUtraNetwork=1,ExternalENodeBFunction=2221-650560;Inter Node Feature Incompatibility;Inter eNodeB CA feature is not activated in remote eNodeB
2025-09-15;10:10:13;AL  ;Minor ;EUtraNetwork=1,ExternalENodeBFunction=2221-650560;Inter Node Feature Incompatibility;Inter eNodeB CA feature is not activated in remote eNodeB
2025-09-15;10:10:54;AL  ;Cleared;EUtraNetwork=1,ExternalENodeBFunction=2221-650560;Inter Node Feature Incompatibility;Inter eNodeB CA feature is not activated in remote eNodeB
2025-09-15;10:16:15;AL  ;Minor ;EUtraNetwork=1,ExternalENodeBFunction=2221-650560;Inter Node Feature Incompatibility;Inter eNodeB CA feature is not activated in remote eNodeB
2025-09-15;10:16:20;AL  ;Minor ;EUtraNetwork=1,ExternalENodeBFunction=2221-650560;Inter Node Carrier Aggregation Service Unavailable;Elastic RAN Carrier Aggregation is not available towards remote eNodeB.
2025-09-15;10:16:53;AL  ;Cleared;EUtraNetwork=1,ExternalENodeBFunction=2221-650560;Inter Node Carrier Aggregation Service Unavailable;Elastic RAN Carrier Aggregation is not available towards remote eNodeB.
2025-09-15;10:16:53;AL  ;Cleared;EUtraNetwork=1,ExternalENodeBFunction=2221-650560;Inter Node Feature Incompatibility;Inter eNodeB CA feature is not activated in remote eNodeB
2025-09-15;10:22:08;AL  ;Minor ;EUtraNetwork=1,ExternalENodeBFunction=2221-650560;Inter Node Feature Incompatibility;Inter eNodeB CA feature is not activated in remote eNodeB
2025-09-15;10:22:39;AL  ;Cleared;EUtraNetwork=1,ExternalENodeBFunction=2221-650560;Inter Node Feature Incompatibility;Inter eNodeB CA feature is not activated in remote eNodeB
2025-09-15;10:27:59;AL  ;Minor ;EUtraNetwork=1,ExternalENodeBFunction=2221-650560;Inter Node Feature Incompatibility;Inter eNodeB CA feature is not activated in remote eNodeB
2025-09-15;10:28:23;AL  ;Cleared;EUtraNetwork=1,ExternalENodeBFunction=2221-650560;Inter Node Feature Incompatibility;Inter eNodeB CA feature is not activated in remote eNodeB
2025-09-15;10:33:40;AL  ;Minor ;EUtraNetwork=1,ExternalENodeBFunction=2221-650560;Inter Node Feature Incompatibility;Inter eNodeB CA feature is not activated in remote eNodeB
2025-09-15;10:34:08;AL  ;Cleared;EUtraNetwork=1,ExternalENodeBFunction=2221-650560;Inter Node Feature Incompatibility;Inter eNodeB CA feature is not activated in remote eNodeB
2025-09-15;10:39:22;AL  ;Minor ;EUtraNetwork=1,ExternalENodeBFunction=2221-650560;Inter Node Feature Incompatibility;Inter eNodeB CA feature is not activated in remote eNodeB
2025-09-15;10:39:28;AL  ;Minor ;EUtraNetwork=1,ExternalENodeBFunction=2221-650560;Inter Node Carrier Aggregation Service Unavailable;Elastic RAN Carrier Aggregation is not available towards remote eNodeB.
2025-09-15;10:39:45;AL  ;Cleared;EUtraNetwork=1,ExternalENodeBFunction=2221-650560;Inter Node Carrier Aggregation Service Unavailable;Elastic RAN Carrier Aggregation is not available towards remote eNodeB.
2025-09-15;10:39:45;AL  ;Cleared;EUtraNetwork=1,ExternalENodeBFunction=2221-650560;Inter Node Feature Incompatibility;Inter eNodeB CA feature is not activated in remote eNodeB
2025-09-15;10:45:07;AL  ;Minor ;EUtraNetwork=1,ExternalENodeBFunction=2221-650560;Inter Node Feature Incompatibility;Inter eNodeB CA feature is not activated in remote eNodeB
2025-09-15;10:45:24;AL  ;Cleared;EUtraNetwork=1,ExternalENodeBFunction=2221-650560;Inter Node Feature Incompatibility;Inter eNodeB CA feature is not activated in remote eNodeB
2025-09-15;10:52:18;AL  ;Minor ;EUtraNetwork=1,ExternalENodeBFunction=2221-650560;Inter Node Feature Incompatibility;Inter eNodeB CA feature is not activated in remote eNodeB
2025-09-15;10:52:33;AL  ;Cleared;EUtraNetwork=1,ExternalENodeBFunction=2221-650560;Inter Node Feature Incompatibility;Inter eNodeB CA feature is not activated in remote eNodeB
2025-09-15;10:57:55;AL  ;Minor ;EUtraNetwork=1,ExternalENodeBFunction=2221-650560;Inter Node Feature Incompatibility;Inter eNodeB CA feature is not activated in remote eNodeB
2025-09-15;10:58:23;AL  ;Cleared;EUtraNetwork=1,ExternalENodeBFunction=2221-650560;Inter Node Feature Incompatibility;Inter eNodeB CA feature is not activated in remote eNodeB
2025-09-15;11:03:38;AL  ;Minor ;EUtraNetwork=1,ExternalENodeBFunction=2221-650560;Inter Node Feature Incompatibility;Inter eNodeB CA feature is not activated in remote eNodeB
2025-09-15;11:03:54;AL  ;Cleared;EUtraNetwork=1,ExternalENodeBFunction=2221-650560;Inter Node Feature Incompatibility;Inter eNodeB CA feature is not activated in remote eNodeB
2025-09-15;11:09:15;AL  ;Minor ;EUtraNetwork=1,ExternalENodeBFunction=2221-650560;Inter Node Feature Incompatibility;Inter eNodeB CA feature is not activated in remote eNodeB
2025-09-15;11:09:22;AL  ;Minor ;EUtraNetwork=1,ExternalENodeBFunction=2221-650560;Inter Node Carrier Aggregation Service Unavailable;Elastic RAN Carrier Aggregation is not available towards remote eNodeB.
2025-09-15;11:09:30;AL  ;Cleared;EUtraNetwork=1,ExternalENodeBFunction=2221-650560;Inter Node Carrier Aggregation Service Unavailable;Elastic RAN Carrier Aggregation is not available towards remote eNodeB.
2025-09-15;11:09:30;AL  ;Cleared;EUtraNetwork=1,ExternalENodeBFunction=2221-650560;Inter Node Feature Incompatibility;Inter eNodeB CA feature is not activated in remote eNodeB
2025-09-15;11:14:55;AL  ;Minor ;EUtraNetwork=1,ExternalENodeBFunction=2221-650560;Inter Node Carrier Aggregation Service Unavailable;Elastic RAN Carrier Aggregation is not available towards remote eNodeB.
2025-09-15;11:15:09;AL  ;Cleared;EUtraNetwork=1,ExternalENodeBFunction=2221-650560;Inter Node Carrier Aggregation Service Unavailable;Elastic RAN Carrier Aggregation is not available towards remote eNodeB.
2025-09-15;11:20:39;AL  ;Minor ;EUtraNetwork=1,ExternalENodeBFunction=2221-650560;Inter Node Carrier Aggregation Service Unavailable;Elastic RAN Carrier Aggregation is not available towards remote eNodeB.
2025-09-15;11:21:08;AL  ;Cleared;EUtraNetwork=1,ExternalENodeBFunction=2221-650560;Inter Node Carrier Aggregation Service Unavailable;Elastic RAN Carrier Aggregation is not available towards remote eNodeB.
2025-09-15;11:55:26;AL  ;Minor ;EUtraNetwork=1,ExternalENodeBFunction=2221-650560;Inter Node Feature Incompatibility;Inter eNodeB CA feature is not activated in remote eNodeB
2025-09-16;06:02:01;AL  ;Minor ;EUtraNetwork=1,ExternalENodeBFunction=2221-213330;Inter Node Feature Incompatibility;Inter eNodeB CA feature is not activated in remote eNodeB
2025-09-16;06:02:01;AL  ;Minor ;EUtraNetwork=1,ExternalENodeBFunction=2221-650560;Inter Node Feature Incompatibility;Inter eNodeB CA feature is not activated in remote eNodeB
2025-09-16;06:02:01;AL  ;Cleared;EUtraNetwork=1,ExternalENodeBFunction=2221-650222;Inter Node Feature Incompatibility;Inter eNodeB CA feature is not activated in remote eNodeB
2025-09-16;06:02:01;AL  ;Cleared;EUtraNetwork=1,ExternalENodeBFunction=2221-650560;Inter Node Feature Incompatibility;Inter eNodeB CA feature is not activated in remote eNodeB
2025-09-16;09:44:39;AL  ;Minor ;EUtraNetwork=1,ExternalENodeBFunction=2221-650560;Inter Node Feature Incompatibility;Inter eNodeB CA feature is not activated in remote eNodeB
2025-09-16;09:49:44;AL  ;Cleared;EUtraNetwork=1,ExternalENodeBFunction=2221-650560;Inter Node Feature Incompatibility;Inter eNodeB CA feature is not activated in remote eNodeB
2025-09-16;10:04:48;AL  ;Warning;ENodeBFunction=1;PLMN Service Redundancy Lost;S1 connection failure for PLMN connected with link represented by MO listed in Additional Information. AI: PLMN = ["2221"],DN1=ManagedElement=1,ENodeBFunction=1,TermPointToMme=5,
2025-09-16;10:05:18;AL  ;Cleared;ENodeBFunction=1;PLMN Service Redundancy Lost;S1 connection failure for PLMN connected with link represented by MO listed in Additional Information. AI: PLMN = ["2221"],DN1=ManagedElement=1,ENodeBFunction=1,TermPointToMme=5,
2025-09-16;10:43:37;AL  ;Minor ;EUtraNetwork=1,ExternalENodeBFunction=2221-650560;Inter Node Feature Incompatibility;Inter eNodeB CA feature is not activated in remote eNodeB
2025-09-16;10:48:19;AL  ;Cleared;EUtraNetwork=1,ExternalENodeBFunction=2221-650560;Inter Node Feature Incompatibility;Inter eNodeB CA feature is not activated in remote eNodeB
2025-09-16;13:30:06;AL  ;Minor ;EUtraNetwork=1,ExternalENodeBFunction=2221-650560;Inter Node Feature Incompatibility;Inter eNodeB CA feature is not activated in remote eNodeB
2025-09-16;13:38:27;AL  ;Cleared;EUtraNetwork=1,ExternalENodeBFunction=2221-650560;Inter Node Feature Incompatibility;Inter eNodeB CA feature is not activated in remote eNodeB
2025-09-16;19:06:59;AL  ;Minor ;EUtraNetwork=1,ExternalENodeBFunction=2221-650222;Inter Node Feature Incompatibility;Inter eNodeB CA feature is not activated in remote eNodeB
2025-09-16;19:12:59;AL  ;Minor ;EUtraNetwork=1,ExternalENodeBFunction=2221-650560;Inter Node Feature Incompatibility;Inter eNodeB CA feature is not activated in remote eNodeB
2025-09-17;07:09:14;AL  ;Minor ;ENodeBFunction=1;External Link Failure;X2 link problem to one or several neighbouring eNodeBs. AI: PLMN ID-eNB ID 1 = 2221-209768 PLMN ID-eNB ID 2 = 2221-650700
2025-09-17;09:16:12;AL  ;Cleared;ENodeBFunction=1;External Link Failure;X2 link problem to one or several neighbouring eNodeBs. AI: PLMN ID-eNB ID 1 = 2221-209768 PLMN ID-eNB ID 2 = 2221-650700
2025-09-18;08:17:53;AL  ;Minor ;ENodeBFunction=1;External Link Failure;X2 link problem to one or several neighbouring eNodeBs. AI: PLMN ID-eNB ID 1 = 2221-650121
2025-09-18;08:46:07;AL  ;Minor ;EUtraNetwork=1,ExternalENodeBFunction=2221-209768;Inter Node Carrier Aggregation Service Unavailable;Elastic RAN Carrier Aggregation is not available towards remote eNodeB.
2025-09-18;08:51:42;AL  ;Minor ;ENodeBFunction=1;External Link Failure;X2 link problem to one or several neighbouring eNodeBs. AI: PLMN ID-eNB ID 1 = 2221-650121 PLMN ID-eNB ID 2 = 2221-209447
2025-09-18;10:37:32;AL  ;Cleared;EUtraNetwork=1,ExternalENodeBFunction=2221-209768;Inter Node Carrier Aggregation Service Unavailable;Elastic RAN Carrier Aggregation is not available towards remote eNodeB.
2025-09-18;12:56:23;AL  ;Minor ;ENodeBFunction=1;External Link Failure;X2 link problem to one or several neighbouring eNodeBs. AI: PLMN ID-eNB ID 1 = 2221-650121
2025-09-18;13:03:20;AL  ;Cleared;ENodeBFunction=1;External Link Failure;X2 link problem to one or several neighbouring eNodeBs. AI: PLMN ID-eNB ID 1 = 2221-650121
2025-09-18;18:07:23;AL  ;Cleared;EUtraNetwork=1,ExternalENodeBFunction=2221-650560;Inter Node Feature Incompatibility;Inter eNodeB CA feature is not activated in remote eNodeB
2025-09-18;18:16:28;AL  ;Minor ;ENodeBFunction=1;External Link Failure;X2 link problem to one or several neighbouring eNodeBs. AI: PLMN ID-eNB ID 1 = 2221-650560
2025-09-19;06:01:32;AL  ;Minor ;EUtraNetwork=1,ExternalENodeBFunction=2221-213330;Inter Node Feature Incompatibility;Inter eNodeB CA feature is not activated in remote eNodeB
2025-09-19;06:01:32;AL  ;Cleared;EUtraNetwork=1,ExternalENodeBFunction=2221-650222;Inter Node Feature Incompatibility;Inter eNodeB CA feature is not activated in remote eNodeB
2025-09-19;11:46:33;AL  ;Minor ;EUtraNetwork=1,ExternalENodeBFunction=2221-650222;Inter Node Feature Incompatibility;Inter eNodeB CA feature is not activated in remote eNodeB
2025-09-19;11:47:17;AL  ;Cleared;EUtraNetwork=1,ExternalENodeBFunction=2221-650222;Inter Node Feature Incompatibility;Inter eNodeB CA feature is not activated in remote eNodeB
2025-09-19;19:10:03;AL  ;Minor ;EUtraNetwork=1,ExternalENodeBFunction=2221-650222;Inter Node Feature Incompatibility;Inter eNodeB CA feature is not activated in remote eNodeB
2025-09-21;08:31:55;AL  ;Cleared;ENodeBFunction=1;External Link Failure;X2 link problem to one or several neighbouring eNodeBs. AI: PLMN ID-eNB ID 1 = 2221-650560 PLMN ID-eNB ID 2 = 2221-210001
2025-09-22;10:57:23;AL  ;Cleared;EUtraNetwork=1,ExternalENodeBFunction=2221-650222;Inter Node Feature Incompatibility;Inter eNodeB CA feature is not activated in remote eNodeB
2025-09-22;11:06:05;AL  ;Minor ;EUtraNetwork=1,ExternalENodeBFunction=2221-650222;Inter Node Feature Incompatibility;Inter eNodeB CA feature is not activated in remote eNodeB
2025-09-22;11:06:55;AL  ;Cleared;EUtraNetwork=1,ExternalENodeBFunction=2221-650222;Inter Node Feature Incompatibility;Inter eNodeB CA feature is not activated in remote eNodeB
2025-09-22;11:19:34;AL  ;Minor ;ENodeBFunction=1;External Link Failure;X2 link problem to one or several neighbouring eNodeBs. AI: PLMN ID-eNB ID 1 = 2221-208112
2025-09-22;13:26:21;AL  ;Minor ;ENodeBFunction=1;External Link Failure;X2 link problem to one or several neighbouring eNodeBs. AI: PLMN ID-eNB ID 1 = 2221-208112 PLMN ID-eNB ID 2 = 2221-205265
2025-09-22;13:41:59;AL  ;Minor ;ENodeBFunction=1;External Link Failure;X2 link problem to one or several neighbouring eNodeBs. AI: PLMN ID-eNB ID 1 = 2221-205265
2025-09-23;06:01:17;AL  ;Minor ;EUtraNetwork=1,ExternalENodeBFunction=2221-650222;Inter Node Feature Incompatibility;Inter eNodeB CA feature is not activated in remote eNodeB
2025-09-23;08:40:22;AL  ;Cleared;ENodeBFunction=1;External Link Failure;X2 link problem to one or several neighbouring eNodeBs. AI: PLMN ID-eNB ID 1 = 2221-205265
2025-09-28;08:44:28;AL  ;Minor ;EUtraNetwork=1,ExternalENodeBFunction=2221-650700;Inter Node Carrier Aggregation Service Unavailable;Elastic RAN Carrier Aggregation is not available towards remote eNodeB.
2025-09-28;15:37:09;AL  ;Cleared;EUtraNetwork=1,ExternalENodeBFunction=2221-650700;Inter Node Carrier Aggregation Service Unavailable;Elastic RAN Carrier Aggregation is not available towards remote eNodeB.
2025-09-28;15:45:20;AL  ;Minor ;ENodeBFunction=1;External Link Failure;X2 link problem to one or several neighbouring eNodeBs. AI: PLMN ID-eNB ID 1 = 2221-209768
2025-09-28;15:47:40;AL  ;Cleared;ENodeBFunction=1;External Link Failure;X2 link problem to one or several neighbouring eNodeBs. AI: PLMN ID-eNB ID 1 = 2221-209768 PLMN ID-eNB ID 2 = 2221-650700
2025-09-28;16:53:06;AL  ;Cleared;EUtraNetwork=1,ExternalENodeBFunction=2221-650222;Inter Node Feature Incompatibility;Inter eNodeB CA feature is not activated in remote eNodeB
2025-09-28;19:07:05;AL  ;Minor ;EUtraNetwork=1,ExternalENodeBFunction=2221-650222;Inter Node Feature Incompatibility;Inter eNodeB CA feature is not activated in remote eNodeB
2025-09-29;06:02:01;AL  ;Cleared;EUtraNetwork=1,ExternalENodeBFunction=2221-650222;Inter Node Feature Incompatibility;Inter eNodeB CA feature is not activated in remote eNodeB
2025-09-29;09:44:44;AL  ;Minor ;EUtraNetwork=1,ExternalENodeBFunction=2221-213330;Inter Node Feature Incompatibility;Inter eNodeB CA feature is not activated in remote eNodeB
2025-09-30;06:01:17;AL  ;Minor ;EUtraNetwork=1,ExternalENodeBFunction=2221-650222;Inter Node Feature Incompatibility;Inter eNodeB CA feature is not activated in remote eNodeB
2025-10-01;06:02:01;AL  ;Cleared;EUtraNetwork=1,ExternalENodeBFunction=2221-650222;Inter Node Feature Incompatibility;Inter eNodeB CA feature is not activated in remote eNodeB
2025-10-02;06:01:17;AL  ;Minor ;EUtraNetwork=1,ExternalENodeBFunction=2221-650222;Inter Node Feature Incompatibility;Inter eNodeB CA feature is not activated in remote eNodeB
2025-10-04;07:01:59;AL  ;Cleared;EUtraNetwork=1,ExternalENodeBFunction=2221-213330;Inter Node Feature Incompatibility;Inter eNodeB CA feature is not activated in remote eNodeB
2025-10-04;07:05:00;AL  ;Cleared;EUtraNetwork=1,ExternalENodeBFunction=2221-650222;Inter Node Feature Incompatibility;Inter eNodeB CA feature is not activated in remote eNodeB
2025-10-04;07:05:00;AL  ;Minor ;EUtraNetwork=1,ExternalENodeBFunction=2221-213330;Inter Node Feature Incompatibility;Inter eNodeB CA feature is not activated in remote eNodeB
2025-10-04;09:44:42;AL  ;Minor ;EUtraNetwork=1,ExternalENodeBFunction=2221-650222;Inter Node Feature Incompatibility;Inter eNodeB CA feature is not activated in remote eNodeB
2025-10-04;09:46:09;AL  ;Cleared;EUtraNetwork=1,ExternalENodeBFunction=2221-650222;Inter Node Feature Incompatibility;Inter eNodeB CA feature is not activated in remote eNodeB
2025-10-05;06:01:17;AL  ;Minor ;EUtraNetwork=1,ExternalENodeBFunction=2221-650222;Inter Node Feature Incompatibility;Inter eNodeB CA feature is not activated in remote eNodeB
2025-10-05;06:02:01;AL  ;Cleared;EUtraNetwork=1,ExternalENodeBFunction=2221-650222;Inter Node Feature Incompatibility;Inter eNodeB CA feature is not activated in remote eNodeB
2025-10-05;12:01:33;AL  ;Minor ;EUtraNetwork=1,ExternalENodeBFunction=2221-650222;Inter Node Feature Incompatibility;Inter eNodeB CA feature is not activated in remote eNodeB
2025-10-05;12:06:41;AL  ;Cleared;EUtraNetwork=1,ExternalENodeBFunction=2221-650222;Inter Node Feature Incompatibility;Inter eNodeB CA feature is not activated in remote eNodeB
2025-10-05;15:01:33;AL  ;Minor ;EUtraNetwork=1,ExternalENodeBFunction=2221-650222;Inter Node Feature Incompatibility;Inter eNodeB CA feature is not activated in remote eNodeB
2025-10-05;15:02:21;AL  ;Cleared;EUtraNetwork=1,ExternalENodeBFunction=2221-650222;Inter Node Feature Incompatibility;Inter eNodeB CA feature is not activated in remote eNodeB
2025-10-05;20:11:06;AL  ;Minor ;EUtraNetwork=1,ExternalENodeBFunction=2221-650222;Inter Node Feature Incompatibility;Inter eNodeB CA feature is not activated in remote eNodeB


CZA6L> lgec -m 30d

251007-11:14:53+0200 19.31.8.79 25.0h MSRBS_NODE_MODEL_25.Q1_693.28324.131_62ac stopfile=/tmp/691248

Startdate=20250907.091453, Enddate=20251008.091453
Date;Time;Log;Severity;Object;Event;Cause;AdditionalText;AckState;Id;NotificationId;CorrelatedAlarms
Executing action Log.export()
..
Log=AlertLog                    actionId=56011
...
=================================================================================================================
MO                  actionId result      resultInfo
=================================================================================================================
LogM=1,Log=AlertLog 56011    1 (SUCCESS)           
cat  /ericsson/log/amos/moshell_logfiles/t20251007_37258710_53697/logs_moshell/tempfiles/scp-2-amos_20251007-111417_691188/rcslogs/AlertLog_20240131__105431_20250224__231722.log /ericsson/log/amos/moshell_logfiles/t20251007_37258710_53697/logs_moshell/tempfiles/scp-2-amos_20251007-111417_691188/rcslogs/AlertLog_20250224__231722.log > /ericsson/log/amos/moshell_logfiles/t20251007_37258710_53697/logs_moshell/tempfiles/scp-2-amos_20251007-111417_691188/eventLog691248.xml

Bye...
Output has been logged to file /mta_fs/UserFiles/37258710/amosbatch/2025-10-07_11-07-01_53697/CZA6L.log
