Logging to file /mta_fs/UserFiles/37258710/amosbatch/2025-10-07_11-07-01_53697/CZB5E.log
                        __  __  ____   _____
                  /\   |  \/  |/ __ \ / ____|
                 /  \  | \  / | |  | | (___  
                / /\ \ | |\/| | |  | |\___ \ 
               / ____ \| |  | | |__| |____) |
              /_/    \_\_|  |_|\____/|_____/
              OSS Framework for MoShell-25.0h 
  Copyright (c) Ericsson AB 2001-2025 - All Rights Reserved
              
           
[1;31mWARNING: [0mthe AMOS version currently running is more than 22 weeks old and is unsupported.
Please upgrade as soon as possible to the latest released version, available from your local Ericsson support.

$amosrb_pid = 1264121

Checking ip contact...OK

HELP MENU            : h
BASIC MO COMMANDS    : m
OTHER MO COMMANDS    : n
OTHER COMMANDS       : o
PM COMMANDS          : p
QUIT                 : q

CZB5E> lt all

251007-12:24:10+0200 19.31.8.227 25.0h  stopfile=/tmp/1263945
Looking up temporary_amos account... OK.
Trying temporary_amos_t20251007_37258710_53697_313's password from amos lookupAccount ... OK

$ssh_pid = 1264996

Connected to 19.31.8.227 (SubNetwork=BBMM_rckomc_R,MeContext=CZB5E,ManagedElement=CZB5E)

Checking MOM version...MSRBS_NODE_MODEL_25.Q1_198665.224.73_bf81
Parsing MOM (cached): /ericsson/log/amos/moshell_logfiles/t20251007_37258710_53697/logs_moshell/tempfiles/scp-2-amos_20251007-122404_1263884/MSRBS_NODE_MODEL_25.Q1_198665.224.73_bf81.xml.cache.gz ......................................................................................................................................................................................................................Done.
Using paramfile /opt/ericsson/amos/moshell/commonjars/pm/PARAM_MSRBSG2_25.Q1.txt
Parsing file /opt/ericsson/amos/moshell/commonjars/pm/PARAM_MSRBSG2_25.Q1.txt ......................................................................................Done.
Using imomdfile /opt/ericsson/amos/moshell/commonjars/pm/IMOMD_MSRBS_22.Q4.txt
Using imomfile /opt/ericsson/amos/moshell/commonjars/pm/IMOM_MSRBS_25.Q1.txt
Connected to 19.31.8.227 (SubNetwork=BBMM_rckomc_R,MeContext=CZB5E,ManagedElement=CZB5E)

Last MO: 19333. Loaded 19333 MOs. Total: 19334 MOs.

CZB5E> hget EUtranCellFDD ^cellid

251007-12:24:31+0200 19.31.8.227 25.0h MSRBS_NODE_MODEL_25.Q1_198665.224.73_bf81 stopfile=/tmp/1263945
.
=================================================================================================================
MO                   cellId
=================================================================================================================
EUtranCellFDD=CZB5E1 61    
EUtranCellFDD=CZB5E2 62    
EUtranCellFDD=CZB5E3 63    
EUtranCellFDD=CZB5M1 31    
EUtranCellFDD=CZB5M2 32    
EUtranCellFDD=CZB5M3 33    
EUtranCellFDD=CZB5T1 41    
EUtranCellFDD=CZB5T2 42    
EUtranCellFDD=CZB5T3 43    
=================================================================================================================
Total: 9 MOs

Added 9 MOs to group: hget_group

CZB5E> hget NbIotCell ^cellid

251007-12:24:31+0200 19.31.8.227 25.0h MSRBS_NODE_MODEL_25.Q1_198665.224.73_bf81 stopfile=/tmp/1263945
.
=================================================================================================================
MO               cellId
=================================================================================================================
NbIotCell=CZB5N1 161   
NbIotCell=CZB5N2 162   
NbIotCell=CZB5N3 163   
=================================================================================================================
Total: 3 MOs

Added 3 MOs to group: hget_group

CZB5E> hget NRCellDU ^cellLocalId

251007-12:24:32+0200 19.31.8.227 25.0h MSRBS_NODE_MODEL_25.Q1_198665.224.73_bf81 stopfile=/tmp/1263945
Total: 0 MOs

CZB5E> lgdc -m 30d

251007-12:24:32+0200 19.31.8.227 25.0h MSRBS_NODE_MODEL_25.Q1_198665.224.73_bf81 stopfile=/tmp/1263945

Startdate=20250907.102432, Enddate=20251008.102432
INFO: Using amos lookupAccount credentials for the export login

Executing action LogM.exportAvailabilityLog()
...LogM=1,exportAvailabilityLog    actionId=29446
..........
=================================================================================================================
MO     actionId result      resultInfo
=================================================================================================================
LogM=1 29446    1 (SUCCESS)           
cp /ericsson/log/amos/moshell_logfiles/t20251007_37258710_53697/logs_moshell/tempfiles/scp-2-amos_20251007-122404_1263884/rcslogs/RBS_CS_AVAILABILITY_LOG_20251007102437.xml /ericsson/log/amos/moshell_logfiles/t20251007_37258710_53697/logs_moshell/tempfiles/scp-2-amos_20251007-122404_1263884/availabilityLog1263945.xml
Parsing availabilityLog........Done.
.....
Date;Time;RestartType;SwVersion;SwRelease;RCSDowntime;ApplicationDowntime;TNDowntime;RATsDowntime;ExtraInfo;ExtraInfo2
2025-09-08;06:21:46;PartialOutage(Manual);11% Lrat Cell 43; ();10s;;;;;
2025-09-08;06:21:59;PartialOutage(Manual);11% Lrat Cell 42; ();13s;;;;;
2025-09-08;06:22:16;PartialOutage(Manual);11% Lrat Cell 41; ();10s;;;;;
2025-09-08;06:22:29;PartialOutage(Manual);11% Lrat Cell 33; ();11s;;;;;
2025-09-08;06:22:43;PartialOutage(Manual);11% Lrat Cell 32; ();12s;;;;;
2025-09-08;06:22:59;PartialOutage(Manual);11% Lrat Cell 31; ();8s;;;;;
2025-09-08;06:23:09;PartialOutage(Manual);33% Lrat Cell 163; ();1s;;;;;
2025-09-08;06:23:10;PartialOutage(Manual);11% Lrat Cell 63; ();11s;;;;;
2025-09-08;06:23:23;PartialOutage(Manual);11% Lrat Cell 62; ();13s;;;;;
2025-09-08;06:23:37;PartialOutage(Manual);11% Lrat Cell 61; ();2s;;;;;
2025-09-08;06:23:39;PartialOutage(Manual);50% Lrat Cell 161 162; ();11s;;;;;
2025-09-08;06:24:04;PartialOutage(Manual);58% Lrat Cell 161; ();18s;;;;;
2025-09-10;09:10:36;PartialOutage(System);100% Lrat Cell 161 162 163; ();32s;;;;;
2025-09-10;09:11:08;PartialOutage(System);100% Lrat Cell 61 62 63 32; ();1s;;;;;
2025-09-10;09:11:09;PartialOutage(System);100% Lrat Cell 161 162; ();1s;;;;;
2025-09-10;09:11:10;PartialOutage(System);100% Lrat Cell 162; ();1s;;;;;
2025-09-24;22:23:17;PartialOutage(System);100% Lrat Cell 161 162 163; ();136s (2m16s);;;;;
2025-09-24;22:25:33;PartialOutage(System);100% Lrat Cell 61 62 63 41 42; ();1s;;;;;
2025-09-24;22:25:34;PartialOutage(System);100% Lrat Cell 62; ();1s;;;;;
2025-09-24;22:25:35;PartialOutage(System);100% Lrat Cell 162; ();1s;;;;;
2025-09-24;22:51:39;PartialOutage(System);100% Lrat Cell 161 162 163; ();63s (1m3s);;;;;
2025-09-24;22:52:42;PartialOutage(System);100% Lrat Cell 61 62 63 31 32 41 42 43; ();1s;;;;;
2025-09-24;22:52:43;PartialOutage(System);100% Lrat Cell 61 62 63 31 32 41; ();1s;;;;;
2025-09-24;22:52:44;PartialOutage(System);100% Lrat Cell 161 162; ();1s;;;;;
2025-09-24;22:52:45;PartialOutage(System);100% Lrat Cell 162; ();1s;;;;;
2025-09-24;22:52:56;PartialOutage(System);100% Lrat Cell 161 162 163; ();68s (1m8s);;;;;
2025-09-24;22:54:04;PartialOutage(System);100% Lrat Cell 61 62 63 32 41 42; ();1s;;;;;
2025-09-24;22:54:05;PartialOutage(System);100% Lrat Cell 161 162; ();1s;;;;;
2025-09-24;22:54:06;PartialOutage(System);100% Lrat Cell 162; ();1s;;;;;

Node uptime since last restart: 1078238 seconds (12 days, 11 hours, 30 minutes, 38 seconds)
------------------------------------------------------------------------------------------------------
Period=30 days       NodeUpgrade      NodeManual       NodeSpontaneous  AllNodeRestarts  PartialOutages  
------------------------------------------------------------------------------------------------------
Number Of outages    0                0                0                0                29              
Total downtime       0s               0s               0s               0s               432s (7m12s)    
Downtime per day     0s               0s               0s               0s               14s             
Downtime per outage  0s               0s               0s               0s               15s             

CZB5E> lgac -m 30d

251007-12:24:45+0200 19.31.8.227 25.0h MSRBS_NODE_MODEL_25.Q1_198665.224.73_bf81 stopfile=/tmp/1263945

Startdate=20250907.102445, Enddate=20251008.102445
Date;Time;Log;Severity;Object;Event;Cause;AdditionalText;AckState;Id;NotificationId;CorrelatedAlarms
Executing action Log.export()
..
Log=AlarmLog                    actionId=29447
......
=================================================================================================================
MO                  actionId result      resultInfo
=================================================================================================================
LogM=1,Log=AlarmLog 29447    1 (SUCCESS)           
cat  /ericsson/log/amos/moshell_logfiles/t20251007_37258710_53697/logs_moshell/tempfiles/scp-2-amos_20251007-122404_1263884/rcslogs/saLogAlarm_20241121__001610_20250202__103521.log /ericsson/log/amos/moshell_logfiles/t20251007_37258710_53697/logs_moshell/tempfiles/scp-2-amos_20251007-122404_1263884/rcslogs/saLogAlarm_20250202__103521_20250927__080741.log /ericsson/log/amos/moshell_logfiles/t20251007_37258710_53697/logs_moshell/tempfiles/scp-2-amos_20251007-122404_1263884/rcslogs/saLogAlarm_20250927__080741.log > /ericsson/log/amos/moshell_logfiles/t20251007_37258710_53697/logs_moshell/tempfiles/scp-2-amos_20251007-122404_1263884/alarmLog1263945.xml
2025-09-10;09:10:36;AL  ;Minor ;ENodeBFunction=1;PLMN Service Unavailable;S1 Connection Failure for PLMNs listed in Additional Information. AI: PLMN = ["2221"],
2025-09-10;09:10:36;AL  ;Major ;EUtranCellFDD=CZB5T3;Service Unavailable;This is a secondary alarm, use alarm correlation information in Additional Information to find primary alarm.
2025-09-10;09:10:36;AL  ;Major ;EUtranCellFDD=CZB5T2;Service Unavailable;This is a secondary alarm, use alarm correlation information in Additional Information to find primary alarm.
2025-09-10;09:10:36;AL  ;Major ;EUtranCellFDD=CZB5T1;Service Unavailable;This is a secondary alarm, use alarm correlation information in Additional Information to find primary alarm.
2025-09-10;09:10:36;AL  ;Major ;EUtranCellFDD=CZB5M3;Service Unavailable;This is a secondary alarm, use alarm correlation information in Additional Information to find primary alarm.
2025-09-10;09:10:36;AL  ;Major ;EUtranCellFDD=CZB5M2;Service Unavailable;This is a secondary alarm, use alarm correlation information in Additional Information to find primary alarm.
2025-09-10;09:10:36;AL  ;Major ;EUtranCellFDD=CZB5M1;Service Unavailable;This is a secondary alarm, use alarm correlation information in Additional Information to find primary alarm.
2025-09-10;09:10:36;AL  ;Major ;EUtranCellFDD=CZB5E3;Service Unavailable;This is a secondary alarm, use alarm correlation information in Additional Information to find primary alarm.
2025-09-10;09:10:36;AL  ;Major ;EUtranCellFDD=CZB5E2;Service Unavailable;This is a secondary alarm, use alarm correlation information in Additional Information to find primary alarm.
2025-09-10;09:10:36;AL  ;Major ;EUtranCellFDD=CZB5E1;Service Unavailable;This is a secondary alarm, use alarm correlation information in Additional Information to find primary alarm.
2025-09-10;09:10:36;AL  ;Major ;NbIotCell=CZB5N3;Service Unavailable;This is a secondary alarm, use alarm correlation information in Additional Information to find primary alarm.
2025-09-10;09:10:36;AL  ;Major ;NbIotCell=CZB5N2;Service Unavailable;This is a secondary alarm, use alarm correlation information in Additional Information to find primary alarm.
2025-09-10;09:10:36;AL  ;Major ;NbIotCell=CZB5N1;Service Unavailable;This is a secondary alarm, use alarm correlation information in Additional Information to find primary alarm.
2025-09-10;09:11:05;AL  ;Cleared;ENodeBFunction=1;PLMN Service Unavailable;S1 Connection Failure for PLMNs listed in Additional Information. AI: PLMN = ["2221"],
2025-09-10;09:11:05;AL  ;Cleared;EUtranCellFDD=CZB5T3;Service Unavailable;This is a secondary alarm, use alarm correlation information in Additional Information to find primary alarm.
2025-09-10;09:11:05;AL  ;Cleared;EUtranCellFDD=CZB5T2;Service Unavailable;This is a secondary alarm, use alarm correlation information in Additional Information to find primary alarm.
2025-09-10;09:11:05;AL  ;Cleared;EUtranCellFDD=CZB5T1;Service Unavailable;This is a secondary alarm, use alarm correlation information in Additional Information to find primary alarm.
2025-09-10;09:11:05;AL  ;Cleared;EUtranCellFDD=CZB5M3;Service Unavailable;This is a secondary alarm, use alarm correlation information in Additional Information to find primary alarm.
2025-09-10;09:11:05;AL  ;Cleared;EUtranCellFDD=CZB5M2;Service Unavailable;This is a secondary alarm, use alarm correlation information in Additional Information to find primary alarm.
2025-09-10;09:11:05;AL  ;Cleared;EUtranCellFDD=CZB5M1;Service Unavailable;This is a secondary alarm, use alarm correlation information in Additional Information to find primary alarm.
2025-09-10;09:11:05;AL  ;Cleared;EUtranCellFDD=CZB5E3;Service Unavailable;This is a secondary alarm, use alarm correlation information in Additional Information to find primary alarm.
2025-09-10;09:11:05;AL  ;Cleared;EUtranCellFDD=CZB5E2;Service Unavailable;This is a secondary alarm, use alarm correlation information in Additional Information to find primary alarm.
2025-09-10;09:11:05;AL  ;Cleared;EUtranCellFDD=CZB5E1;Service Unavailable;This is a secondary alarm, use alarm correlation information in Additional Information to find primary alarm.
2025-09-10;09:11:05;AL  ;Cleared;NbIotCell=CZB5N3;Service Unavailable;This is a secondary alarm, use alarm correlation information in Additional Information to find primary alarm.
2025-09-10;09:11:05;AL  ;Cleared;NbIotCell=CZB5N2;Service Unavailable;This is a secondary alarm, use alarm correlation information in Additional Information to find primary alarm.
2025-09-10;09:11:05;AL  ;Cleared;NbIotCell=CZB5N1;Service Unavailable;This is a secondary alarm, use alarm correlation information in Additional Information to find primary alarm.
2025-09-10;14:46:07;AL  ;Minor ;ENodeBFunction=1;External Link Failure;X2 link problem to one or several neighbouring eNodeBs. AI: PLMN ID-eNB ID 1 = 2221-210292 PLMN ID-eNB ID 2 = 2221-650541
2025-09-10;16:58:11;AL  ;Minor ;ENodeBFunction=1;External Link Failure;X2 link problem to one or several neighbouring eNodeBs. AI: PLMN ID-eNB ID 1 = 2221-650541
2025-09-10;16:58:38;AL  ;Cleared;ENodeBFunction=1;External Link Failure;X2 link problem to one or several neighbouring eNodeBs. AI: PLMN ID-eNB ID 1 = 2221-650541
2025-09-11;06:28:25;AL  ;Minor ;ENodeBFunction=1;External Link Failure;X2 link problem to one or several neighbouring eNodeBs. AI: PLMN ID-eNB ID 1 = 2221-650397
2025-09-11;06:58:03;AL  ;Cleared;ENodeBFunction=1;External Link Failure;X2 link problem to one or several neighbouring eNodeBs. AI: PLMN ID-eNB ID 1 = 2221-650397
2025-09-11;10:33:44;AL  ;Minor ;ENodeBFunction=1;External Link Failure;X2 link problem to one or several neighbouring eNodeBs. AI: PLMN ID-eNB ID 1 = 2221-650474
2025-09-11;11:56:11;AL  ;Minor ;ENodeBFunction=1;External Link Failure;X2 link problem to one or several neighbouring eNodeBs. AI: PLMN ID-eNB ID 1 = 2221-650474 PLMN ID-eNB ID 2 = 2221-650693
2025-09-11;12:47:18;AL  ;Minor ;ENodeBFunction=1;External Link Failure;X2 link problem to one or several neighbouring eNodeBs. AI: PLMN ID-eNB ID 1 = 2221-650474
2025-09-11;12:59:15;AL  ;Minor ;ENodeBFunction=1;External Link Failure;X2 link problem to one or several neighbouring eNodeBs. AI: PLMN ID-eNB ID 1 = 2221-650474 PLMN ID-eNB ID 2 = 2221-650693
2025-09-11;13:27:51;AL  ;Minor ;ENodeBFunction=1;External Link Failure;X2 link problem to one or several neighbouring eNodeBs. AI: PLMN ID-eNB ID 1 = 2221-650693
2025-09-11;14:14:18;AL  ;Cleared;ENodeBFunction=1;External Link Failure;X2 link problem to one or several neighbouring eNodeBs. AI: PLMN ID-eNB ID 1 = 2221-650693
2025-09-12;09:47:03;AL  ;Minor ;ENodeBFunction=1;External Link Failure;X2 link problem to one or several neighbouring eNodeBs. AI: PLMN ID-eNB ID 1 = 2221-650639
2025-09-12;12:27:54;AL  ;Cleared;ENodeBFunction=1;External Link Failure;X2 link problem to one or several neighbouring eNodeBs. AI: PLMN ID-eNB ID 1 = 2221-650639
2025-09-14;14:02:19;AL  ;Minor ;ENodeBFunction=1;External Link Failure;X2 link problem to one or several neighbouring eNodeBs. AI: PLMN ID-eNB ID 1 = 2221-650279
2025-09-14;16:05:25;AL  ;Cleared;ENodeBFunction=1;External Link Failure;X2 link problem to one or several neighbouring eNodeBs. AI: PLMN ID-eNB ID 1 = 2221-650279
2025-09-15;09:28:19;AL  ;Minor ;ENodeBFunction=1;External Link Failure;X2 link problem to one or several neighbouring eNodeBs. AI: PLMN ID-eNB ID 1 = 2221-650677
2025-09-15;09:31:02;AL  ;Minor ;ENodeBFunction=1;External Link Failure;X2 link problem to one or several neighbouring eNodeBs. AI: PLMN ID-eNB ID 1 = 2221-650677 PLMN ID-eNB ID 2 = 2221-212404
2025-09-15;13:38:16;AL  ;Minor ;ENodeBFunction=1;External Link Failure;X2 link problem to one or several neighbouring eNodeBs. AI: PLMN ID-eNB ID 1 = 2221-212404
2025-09-15;13:40:00;AL  ;Cleared;ENodeBFunction=1;External Link Failure;X2 link problem to one or several neighbouring eNodeBs. AI: PLMN ID-eNB ID 1 = 2221-212404
2025-09-16;02:29:48;AL  ;Minor ;ENodeBFunction=1;External Link Failure;X2 link problem to one or several neighbouring eNodeBs. AI: PLMN ID-eNB ID 1 = 2221-650773
2025-09-16;02:32:20;AL  ;Minor ;ENodeBFunction=1;External Link Failure;X2 link problem to one or several neighbouring eNodeBs. AI: PLMN ID-eNB ID 1 = 2221-650773 PLMN ID-eNB ID 2 = 2221-209450
2025-09-16;02:39:43;AL  ;Minor ;ENodeBFunction=1;External Link Failure;X2 link problem to one or several neighbouring eNodeBs. AI: PLMN ID-eNB ID 1 = 2221-650773
2025-09-16;02:40:04;AL  ;Cleared;ENodeBFunction=1;External Link Failure;X2 link problem to one or several neighbouring eNodeBs. AI: PLMN ID-eNB ID 1 = 2221-650773
2025-09-16;08:50:56;AL  ;Minor ;ENodeBFunction=1;External Link Failure;X2 link problem to one or several neighbouring eNodeBs. AI: PLMN ID-eNB ID 1 = 2221-650727
2025-09-16;10:00:05;AL  ;Warning;ENodeBFunction=1;PLMN Service Redundancy Lost;S1 connection failure for PLMN connected with link represented by MO listed in Additional Information. AI: PLMN = ["2221"],DN1=ManagedElement=1,ENodeBFunction=1,TermPointToMme=5,
2025-09-16;10:00:35;AL  ;Cleared;ENodeBFunction=1;PLMN Service Redundancy Lost;S1 connection failure for PLMN connected with link represented by MO listed in Additional Information. AI: PLMN = ["2221"],DN1=ManagedElement=1,ENodeBFunction=1,TermPointToMme=5,
2025-09-16;14:59:13;AL  ;Cleared;ENodeBFunction=1;External Link Failure;X2 link problem to one or several neighbouring eNodeBs. AI: PLMN ID-eNB ID 1 = 2221-650727
2025-09-16;17:52:00;AL  ;Minor ;ENodeBFunction=1;External Link Failure;X2 link problem to one or several neighbouring eNodeBs. AI: PLMN ID-eNB ID 1 = 2221-650677
2025-09-16;18:02:22;AL  ;Cleared;ENodeBFunction=1;External Link Failure;X2 link problem to one or several neighbouring eNodeBs. AI: PLMN ID-eNB ID 1 = 2221-650677
2025-09-18;20:12:19;AL  ;Minor ;ENodeBFunction=1;External Link Failure;X2 link problem to one or several neighbouring eNodeBs. AI: PLMN ID-eNB ID 1 = 2221-650824
2025-09-19;08:10:09;AL  ;Minor ;ENodeBFunction=1;External Link Failure;X2 link problem to one or several neighbouring eNodeBs. AI: PLMN ID-eNB ID 1 = 2221-650824 PLMN ID-eNB ID 2 = 2221-206063 PLMN ID-eNB ID 3 = 2221-650133
2025-09-19;08:24:54;AL  ;Minor ;ENodeBFunction=1;External Link to GNodeB Failure;X2 link problem to one or several neighbouring gNodeBs. AI: PLMN ID-gNB ID 1 = 2221-1053857
2025-09-19;08:25:00;AL  ;Minor ;ENodeBFunction=1;External Link Failure;X2 link problem to one or several neighbouring eNodeBs. AI: PLMN ID-eNB ID 1 = 2221-650824 PLMN ID-eNB ID 2 = 2221-206063 PLMN ID-eNB ID 3 = 2221-650133 PLMN ID-eNB ID 4 = 2221-210129
2025-09-19;08:28:19;AL  ;Cleared;ENodeBFunction=1;External Link to GNodeB Failure;X2 link problem to one or several neighbouring gNodeBs. AI: PLMN ID-gNB ID 1 = 2221-1053857
2025-09-19;08:28:38;AL  ;Minor ;ENodeBFunction=1;External Link Failure;X2 link problem to one or several neighbouring eNodeBs. AI: PLMN ID-eNB ID 1 = 2221-650824 PLMN ID-eNB ID 2 = 2221-206063 PLMN ID-eNB ID 3 = 2221-650133
2025-09-19;09:05:04;AL  ;Minor ;ENodeBFunction=1;External Link Failure;X2 link problem to one or several neighbouring eNodeBs. AI: PLMN ID-eNB ID 1 = 2221-650824 PLMN ID-eNB ID 2 = 2221-206063 PLMN ID-eNB ID 3 = 2221-650133 PLMN ID-eNB ID 4 = 2221-210129
2025-09-19;09:05:00;AL  ;Minor ;ENodeBFunction=1;External Link to GNodeB Failure;X2 link problem to one or several neighbouring gNodeBs. AI: PLMN ID-gNB ID 1 = 2221-1053857
2025-09-19;09:07:54;AL  ;Minor ;ENodeBFunction=1;External Link Failure;X2 link problem to one or several neighbouring eNodeBs. AI: PLMN ID-eNB ID 1 = 2221-650824 PLMN ID-eNB ID 2 = 2221-650133 PLMN ID-eNB ID 3 = 2221-210129
2025-09-19;10:00:09;AL  ;Minor ;ENodeBFunction=1;External Link Failure;X2 link problem to one or several neighbouring eNodeBs. AI: PLMN ID-eNB ID 1 = 2221-650824
2025-09-19;10:00:11;AL  ;Cleared;ENodeBFunction=1;External Link to GNodeB Failure;X2 link problem to one or several neighbouring gNodeBs. AI: PLMN ID-gNB ID 1 = 2221-1053857
2025-09-19;15:48:49;AL  ;Cleared;ENodeBFunction=1;External Link Failure;X2 link problem to one or several neighbouring eNodeBs. AI: PLMN ID-eNB ID 1 = 2221-650824
2025-09-20;02:44:33;AL  ;Minor ;ENodeBFunction=1;External Link Failure;X2 link problem to one or several neighbouring eNodeBs. AI: PLMN ID-eNB ID 1 = 2221-650525
2025-09-20;04:58:27;AL  ;Cleared;ENodeBFunction=1;External Link Failure;X2 link problem to one or several neighbouring eNodeBs. AI: PLMN ID-eNB ID 1 = 2221-650525
2025-09-21;13:35:36;AL  ;Minor ;ENodeBFunction=1;External Link Failure;X2 link problem to one or several neighbouring eNodeBs. AI: PLMN ID-eNB ID 1 = 2221-205084
2025-09-22;01:20:57;AL  ;Minor ;ENodeBFunction=1;External Link Failure;X2 link problem to one or several neighbouring eNodeBs. AI: PLMN ID-eNB ID 1 = 2221-205084 PLMN ID-eNB ID 2 = 2221-650279
2025-09-22;07:29:12;AL  ;Minor ;ENodeBFunction=1;External Link Failure;X2 link problem to one or several neighbouring eNodeBs. AI: PLMN ID-eNB ID 1 = 2221-205084 PLMN ID-eNB ID 2 = 2221-650279 PLMN ID-eNB ID 3 = 2221-650824
2025-09-22;08:47:45;AL  ;Minor ;ENodeBFunction=1;External Link Failure;X2 link problem to one or several neighbouring eNodeBs. AI: PLMN ID-eNB ID 1 = 2221-205084 PLMN ID-eNB ID 2 = 2221-650824
2025-09-22;09:58:41;AL  ;Minor ;ENodeBFunction=1;External Link Failure;X2 link problem to one or several neighbouring eNodeBs. AI: PLMN ID-eNB ID 1 = 2221-650824
2025-09-22;13:26:52;AL  ;Minor ;ENodeBFunction=1;External Link Failure;X2 link problem to one or several neighbouring eNodeBs. AI: PLMN ID-eNB ID 1 = 2221-650824 PLMN ID-eNB ID 2 = 2221-205084 PLMN ID-eNB ID 3 = 2221-205266 PLMN ID-eNB ID 4 = 2221-205265
2025-09-22;14:06:02;AL  ;Minor ;ENodeBFunction=1;External Link Failure;X2 link problem to one or several neighbouring eNodeBs. AI: PLMN ID-eNB ID 1 = 2221-650824 PLMN ID-eNB ID 2 = 2221-205266 PLMN ID-eNB ID 3 = 2221-205265
2025-09-23;07:08:25;AL  ;Minor ;ENodeBFunction=1;External Link Failure;X2 link problem to one or several neighbouring eNodeBs. AI: PLMN ID-eNB ID 1 = 2221-205266 PLMN ID-eNB ID 2 = 2221-205265
2025-09-23;08:39:54;AL  ;Cleared;ENodeBFunction=1;External Link Failure;X2 link problem to one or several neighbouring eNodeBs. AI: PLMN ID-eNB ID 1 = 2221-205266 PLMN ID-eNB ID 2 = 2221-205265
2025-09-24;22:23:10;AL  ;Warning;ENodeBFunction=1;PLMN Service Redundancy Lost;S1 connection failure for PLMN connected with link represented by MO listed in Additional Information. AI: PLMN = ["2221"],DN1=ManagedElement=1,ENodeBFunction=1,TermPointToMme=5,DN2=ManagedElement=1,ENodeBFunction=1,TermPointToMme=3,DN3=ManagedElement=1,ENodeBFunction=1,TermPointToMme=2,DN4=ManagedElement=1,ENodeBFunction=1,TermPointToMme=1,
2025-09-24;22:23:17;AL  ;Cleared;ENodeBFunction=1;PLMN Service Redundancy Lost;S1 connection failure for PLMN connected with link represented by MO listed in Additional Information. AI: PLMN = ["2221"],DN1=ManagedElement=1,ENodeBFunction=1,TermPointToMme=5,DN2=ManagedElement=1,ENodeBFunction=1,TermPointToMme=3,DN3=ManagedElement=1,ENodeBFunction=1,TermPointToMme=2,DN4=ManagedElement=1,ENodeBFunction=1,TermPointToMme=1,
2025-09-24;22:23:17;AL  ;Minor ;ENodeBFunction=1;PLMN Service Unavailable;S1 Connection Failure for PLMNs listed in Additional Information. AI: PLMN = ["2221"],
2025-09-24;22:23:17;AL  ;Major ;EUtranCellFDD=CZB5T3;Service Unavailable;This is a secondary alarm, use alarm correlation information in Additional Information to find primary alarm.
2025-09-24;22:23:17;AL  ;Major ;EUtranCellFDD=CZB5T2;Service Unavailable;This is a secondary alarm, use alarm correlation information in Additional Information to find primary alarm.
2025-09-24;22:23:17;AL  ;Major ;EUtranCellFDD=CZB5T1;Service Unavailable;This is a secondary alarm, use alarm correlation information in Additional Information to find primary alarm.
2025-09-24;22:23:17;AL  ;Major ;EUtranCellFDD=CZB5M3;Service Unavailable;This is a secondary alarm, use alarm correlation information in Additional Information to find primary alarm.
2025-09-24;22:23:17;AL  ;Major ;EUtranCellFDD=CZB5M2;Service Unavailable;This is a secondary alarm, use alarm correlation information in Additional Information to find primary alarm.
2025-09-24;22:23:17;AL  ;Major ;EUtranCellFDD=CZB5M1;Service Unavailable;This is a secondary alarm, use alarm correlation information in Additional Information to find primary alarm.
2025-09-24;22:23:17;AL  ;Major ;EUtranCellFDD=CZB5E3;Service Unavailable;This is a secondary alarm, use alarm correlation information in Additional Information to find primary alarm.
2025-09-24;22:23:17;AL  ;Major ;EUtranCellFDD=CZB5E2;Service Unavailable;This is a secondary alarm, use alarm correlation information in Additional Information to find primary alarm.
2025-09-24;22:23:17;AL  ;Major ;EUtranCellFDD=CZB5E1;Service Unavailable;This is a secondary alarm, use alarm correlation information in Additional Information to find primary alarm.
2025-09-24;22:23:17;AL  ;Major ;NbIotCell=CZB5N3;Service Unavailable;This is a secondary alarm, use alarm correlation information in Additional Information to find primary alarm.
2025-09-24;22:23:17;AL  ;Major ;NbIotCell=CZB5N2;Service Unavailable;This is a secondary alarm, use alarm correlation information in Additional Information to find primary alarm.
2025-09-24;22:23:17;AL  ;Major ;NbIotCell=CZB5N1;Service Unavailable;This is a secondary alarm, use alarm correlation information in Additional Information to find primary alarm.
2025-09-24;22:24:06;AL  ;Major ;Synchronization=1,RadioEquipmentClock=1,RadioEquipmentClockReference=PTP8275_2;Sync PTP Time Reachability Fault;No PTP messages
2025-09-24;22:25:30;AL  ;Warning;ENodeBFunction=1;PLMN Service Redundancy Lost;S1 connection failure for PLMN connected with link represented by MO listed in Additional Information. AI: PLMN = ["2221"],DN1=ManagedElement=1,ENodeBFunction=1,TermPointToMme=4,
2025-09-24;22:25:30;AL  ;Cleared;ENodeBFunction=1;PLMN Service Unavailable;S1 Connection Failure for PLMNs listed in Additional Information. AI: PLMN = ["2221"],
2025-09-24;22:25:30;AL  ;Cleared;EUtranCellFDD=CZB5T3;Service Unavailable;This is a secondary alarm, use alarm correlation information in Additional Information to find primary alarm.
2025-09-24;22:25:30;AL  ;Cleared;EUtranCellFDD=CZB5T2;Service Unavailable;This is a secondary alarm, use alarm correlation information in Additional Information to find primary alarm.
2025-09-24;22:25:30;AL  ;Cleared;EUtranCellFDD=CZB5T1;Service Unavailable;This is a secondary alarm, use alarm correlation information in Additional Information to find primary alarm.
2025-09-24;22:25:30;AL  ;Cleared;EUtranCellFDD=CZB5M3;Service Unavailable;This is a secondary alarm, use alarm correlation information in Additional Information to find primary alarm.
2025-09-24;22:25:30;AL  ;Cleared;EUtranCellFDD=CZB5M2;Service Unavailable;This is a secondary alarm, use alarm correlation information in Additional Information to find primary alarm.
2025-09-24;22:25:30;AL  ;Cleared;EUtranCellFDD=CZB5M1;Service Unavailable;This is a secondary alarm, use alarm correlation information in Additional Information to find primary alarm.
2025-09-24;22:25:31;AL  ;Cleared;EUtranCellFDD=CZB5E3;Service Unavailable;This is a secondary alarm, use alarm correlation information in Additional Information to find primary alarm.
2025-09-24;22:25:31;AL  ;Cleared;EUtranCellFDD=CZB5E2;Service Unavailable;This is a secondary alarm, use alarm correlation information in Additional Information to find primary alarm.
2025-09-24;22:25:31;AL  ;Cleared;EUtranCellFDD=CZB5E1;Service Unavailable;This is a secondary alarm, use alarm correlation information in Additional Information to find primary alarm.
2025-09-24;22:25:31;AL  ;Cleared;NbIotCell=CZB5N3;Service Unavailable;This is a secondary alarm, use alarm correlation information in Additional Information to find primary alarm.
2025-09-24;22:25:31;AL  ;Cleared;NbIotCell=CZB5N2;Service Unavailable;This is a secondary alarm, use alarm correlation information in Additional Information to find primary alarm.
2025-09-24;22:25:31;AL  ;Cleared;NbIotCell=CZB5N1;Service Unavailable;This is a secondary alarm, use alarm correlation information in Additional Information to find primary alarm.
2025-09-24;22:25:37;AL  ;Cleared;ENodeBFunction=1;PLMN Service Redundancy Lost;S1 connection failure for PLMN connected with link represented by MO listed in Additional Information. AI: PLMN = ["2221"],DN1=ManagedElement=1,ENodeBFunction=1,TermPointToMme=4,
2025-09-24;22:27:15;AL  ;Cleared;Synchronization=1,RadioEquipmentClock=1,RadioEquipmentClockReference=PTP8275_2;Sync PTP Time Reachability Fault;No PTP messages
2025-09-24;22:51:33;AL  ;Warning;ENodeBFunction=1;PLMN Service Redundancy Lost;S1 connection failure for PLMN connected with link represented by MO listed in Additional Information. AI: PLMN = ["2221"],DN1=ManagedElement=1,ENodeBFunction=1,TermPointToMme=5,DN2=ManagedElement=1,ENodeBFunction=1,TermPointToMme=3,DN3=ManagedElement=1,ENodeBFunction=1,TermPointToMme=2,DN4=ManagedElement=1,ENodeBFunction=1,TermPointToMme=1,
2025-09-24;22:51:39;AL  ;Cleared;ENodeBFunction=1;PLMN Service Redundancy Lost;S1 connection failure for PLMN connected with link represented by MO listed in Additional Information. AI: PLMN = ["2221"],DN1=ManagedElement=1,ENodeBFunction=1,TermPointToMme=5,DN2=ManagedElement=1,ENodeBFunction=1,TermPointToMme=3,DN3=ManagedElement=1,ENodeBFunction=1,TermPointToMme=2,DN4=ManagedElement=1,ENodeBFunction=1,TermPointToMme=1,
2025-09-24;22:51:39;AL  ;Minor ;ENodeBFunction=1;PLMN Service Unavailable;S1 Connection Failure for PLMNs listed in Additional Information. AI: PLMN = ["2221"],
2025-09-24;22:51:39;AL  ;Major ;EUtranCellFDD=CZB5T3;Service Unavailable;This is a secondary alarm, use alarm correlation information in Additional Information to find primary alarm.
2025-09-24;22:51:39;AL  ;Major ;EUtranCellFDD=CZB5T2;Service Unavailable;This is a secondary alarm, use alarm correlation information in Additional Information to find primary alarm.
2025-09-24;22:51:39;AL  ;Major ;EUtranCellFDD=CZB5T1;Service Unavailable;This is a secondary alarm, use alarm correlation information in Additional Information to find primary alarm.
2025-09-24;22:51:39;AL  ;Major ;EUtranCellFDD=CZB5M3;Service Unavailable;This is a secondary alarm, use alarm correlation information in Additional Information to find primary alarm.
2025-09-24;22:51:39;AL  ;Major ;EUtranCellFDD=CZB5M2;Service Unavailable;This is a secondary alarm, use alarm correlation information in Additional Information to find primary alarm.
2025-09-24;22:51:39;AL  ;Major ;EUtranCellFDD=CZB5M1;Service Unavailable;This is a secondary alarm, use alarm correlation information in Additional Information to find primary alarm.
2025-09-24;22:51:39;AL  ;Major ;EUtranCellFDD=CZB5E3;Service Unavailable;This is a secondary alarm, use alarm correlation information in Additional Information to find primary alarm.
2025-09-24;22:51:39;AL  ;Major ;EUtranCellFDD=CZB5E2;Service Unavailable;This is a secondary alarm, use alarm correlation information in Additional Information to find primary alarm.
2025-09-24;22:51:39;AL  ;Major ;EUtranCellFDD=CZB5E1;Service Unavailable;This is a secondary alarm, use alarm correlation information in Additional Information to find primary alarm.
2025-09-24;22:51:39;AL  ;Major ;NbIotCell=CZB5N3;Service Unavailable;This is a secondary alarm, use alarm correlation information in Additional Information to find primary alarm.
2025-09-24;22:51:39;AL  ;Major ;NbIotCell=CZB5N2;Service Unavailable;This is a secondary alarm, use alarm correlation information in Additional Information to find primary alarm.
2025-09-24;22:51:39;AL  ;Major ;NbIotCell=CZB5N1;Service Unavailable;This is a secondary alarm, use alarm correlation information in Additional Information to find primary alarm.
2025-09-24;22:52:40;AL  ;Cleared;ENodeBFunction=1;PLMN Service Unavailable;S1 Connection Failure for PLMNs listed in Additional Information. AI: PLMN = ["2221"],
2025-09-24;22:52:41;AL  ;Cleared;EUtranCellFDD=CZB5T3;Service Unavailable;This is a secondary alarm, use alarm correlation information in Additional Information to find primary alarm.
2025-09-24;22:52:41;AL  ;Cleared;EUtranCellFDD=CZB5T2;Service Unavailable;This is a secondary alarm, use alarm correlation information in Additional Information to find primary alarm.
2025-09-24;22:52:41;AL  ;Cleared;EUtranCellFDD=CZB5T1;Service Unavailable;This is a secondary alarm, use alarm correlation information in Additional Information to find primary alarm.
2025-09-24;22:52:41;AL  ;Cleared;EUtranCellFDD=CZB5M3;Service Unavailable;This is a secondary alarm, use alarm correlation information in Additional Information to find primary alarm.
2025-09-24;22:52:41;AL  ;Cleared;EUtranCellFDD=CZB5M2;Service Unavailable;This is a secondary alarm, use alarm correlation information in Additional Information to find primary alarm.
2025-09-24;22:52:41;AL  ;Cleared;EUtranCellFDD=CZB5M1;Service Unavailable;This is a secondary alarm, use alarm correlation information in Additional Information to find primary alarm.
2025-09-24;22:52:41;AL  ;Cleared;EUtranCellFDD=CZB5E3;Service Unavailable;This is a secondary alarm, use alarm correlation information in Additional Information to find primary alarm.
2025-09-24;22:52:41;AL  ;Cleared;EUtranCellFDD=CZB5E2;Service Unavailable;This is a secondary alarm, use alarm correlation information in Additional Information to find primary alarm.
2025-09-24;22:52:41;AL  ;Cleared;EUtranCellFDD=CZB5E1;Service Unavailable;This is a secondary alarm, use alarm correlation information in Additional Information to find primary alarm.
2025-09-24;22:52:41;AL  ;Cleared;NbIotCell=CZB5N3;Service Unavailable;This is a secondary alarm, use alarm correlation information in Additional Information to find primary alarm.
2025-09-24;22:52:41;AL  ;Cleared;NbIotCell=CZB5N2;Service Unavailable;This is a secondary alarm, use alarm correlation information in Additional Information to find primary alarm.
2025-09-24;22:52:41;AL  ;Cleared;NbIotCell=CZB5N1;Service Unavailable;This is a secondary alarm, use alarm correlation information in Additional Information to find primary alarm.
2025-09-24;22:52:40;AL  ;Warning;ENodeBFunction=1;PLMN Service Redundancy Lost;S1 connection failure for PLMN connected with link represented by MO listed in Additional Information. AI: PLMN = ["2221"],DN1=ManagedElement=1,ENodeBFunction=1,TermPointToMme=4,
2025-09-24;22:52:46;AL  ;Cleared;ENodeBFunction=1;PLMN Service Redundancy Lost;S1 connection failure for PLMN connected with link represented by MO listed in Additional Information. AI: PLMN = ["2221"],DN1=ManagedElement=1,ENodeBFunction=1,TermPointToMme=4,
2025-09-24;22:52:56;AL  ;Minor ;ENodeBFunction=1;PLMN Service Unavailable;S1 Connection Failure for PLMNs listed in Additional Information. AI: PLMN = ["2221"],
2025-09-24;22:52:56;AL  ;Major ;EUtranCellFDD=CZB5T3;Service Unavailable;This is a secondary alarm, use alarm correlation information in Additional Information to find primary alarm.
2025-09-24;22:52:56;AL  ;Major ;EUtranCellFDD=CZB5T2;Service Unavailable;This is a secondary alarm, use alarm correlation information in Additional Information to find primary alarm.
2025-09-24;22:52:56;AL  ;Major ;EUtranCellFDD=CZB5T1;Service Unavailable;This is a secondary alarm, use alarm correlation information in Additional Information to find primary alarm.
2025-09-24;22:52:56;AL  ;Major ;EUtranCellFDD=CZB5M3;Service Unavailable;This is a secondary alarm, use alarm correlation information in Additional Information to find primary alarm.
2025-09-24;22:52:56;AL  ;Major ;EUtranCellFDD=CZB5M2;Service Unavailable;This is a secondary alarm, use alarm correlation information in Additional Information to find primary alarm.
2025-09-24;22:52:56;AL  ;Major ;EUtranCellFDD=CZB5M1;Service Unavailable;This is a secondary alarm, use alarm correlation information in Additional Information to find primary alarm.
2025-09-24;22:52:56;AL  ;Major ;EUtranCellFDD=CZB5E3;Service Unavailable;This is a secondary alarm, use alarm correlation information in Additional Information to find primary alarm.
2025-09-24;22:52:56;AL  ;Major ;EUtranCellFDD=CZB5E2;Service Unavailable;This is a secondary alarm, use alarm correlation information in Additional Information to find primary alarm.
2025-09-24;22:52:56;AL  ;Major ;EUtranCellFDD=CZB5E1;Service Unavailable;This is a secondary alarm, use alarm correlation information in Additional Information to find primary alarm.
2025-09-24;22:52:56;AL  ;Major ;NbIotCell=CZB5N3;Service Unavailable;This is a secondary alarm, use alarm correlation information in Additional Information to find primary alarm.
2025-09-24;22:52:56;AL  ;Major ;NbIotCell=CZB5N2;Service Unavailable;This is a secondary alarm, use alarm correlation information in Additional Information to find primary alarm.
2025-09-24;22:52:56;AL  ;Major ;NbIotCell=CZB5N1;Service Unavailable;This is a secondary alarm, use alarm correlation information in Additional Information to find primary alarm.
2025-09-24;22:52:58;AL  ;Major ;Synchronization=1,RadioEquipmentClock=1,RadioEquipmentClockReference=PTP8275_2;Sync PTP Time Reachability Fault;No PTP messages
2025-09-24;22:54:01;AL  ;Cleared;ENodeBFunction=1;PLMN Service Unavailable;S1 Connection Failure for PLMNs listed in Additional Information. AI: PLMN = ["2221"],
2025-09-24;22:54:02;AL  ;Cleared;EUtranCellFDD=CZB5T3;Service Unavailable;This is a secondary alarm, use alarm correlation information in Additional Information to find primary alarm.
2025-09-24;22:54:02;AL  ;Cleared;EUtranCellFDD=CZB5T2;Service Unavailable;This is a secondary alarm, use alarm correlation information in Additional Information to find primary alarm.
2025-09-24;22:54:02;AL  ;Cleared;EUtranCellFDD=CZB5T1;Service Unavailable;This is a secondary alarm, use alarm correlation information in Additional Information to find primary alarm.
2025-09-24;22:54:02;AL  ;Cleared;EUtranCellFDD=CZB5M3;Service Unavailable;This is a secondary alarm, use alarm correlation information in Additional Information to find primary alarm.
2025-09-24;22:54:02;AL  ;Cleared;EUtranCellFDD=CZB5M2;Service Unavailable;This is a secondary alarm, use alarm correlation information in Additional Information to find primary alarm.
2025-09-24;22:54:02;AL  ;Cleared;EUtranCellFDD=CZB5M1;Service Unavailable;This is a secondary alarm, use alarm correlation information in Additional Information to find primary alarm.
2025-09-24;22:54:02;AL  ;Cleared;EUtranCellFDD=CZB5E3;Service Unavailable;This is a secondary alarm, use alarm correlation information in Additional Information to find primary alarm.
2025-09-24;22:54:02;AL  ;Cleared;EUtranCellFDD=CZB5E2;Service Unavailable;This is a secondary alarm, use alarm correlation information in Additional Information to find primary alarm.
2025-09-24;22:54:02;AL  ;Cleared;EUtranCellFDD=CZB5E1;Service Unavailable;This is a secondary alarm, use alarm correlation information in Additional Information to find primary alarm.
2025-09-24;22:54:02;AL  ;Cleared;NbIotCell=CZB5N3;Service Unavailable;This is a secondary alarm, use alarm correlation information in Additional Information to find primary alarm.
2025-09-24;22:54:02;AL  ;Cleared;NbIotCell=CZB5N2;Service Unavailable;This is a secondary alarm, use alarm correlation information in Additional Information to find primary alarm.
2025-09-24;22:54:02;AL  ;Cleared;NbIotCell=CZB5N1;Service Unavailable;This is a secondary alarm, use alarm correlation information in Additional Information to find primary alarm.
2025-09-24;22:55:47;AL  ;Cleared;Synchronization=1,RadioEquipmentClock=1,RadioEquipmentClockReference=PTP8275_2;Sync PTP Time Reachability Fault;No PTP messages
2025-09-24;23:04:16;AL  ;Minor ;ENodeBFunction=1;External Link Failure;X2 link problem to one or several neighbouring eNodeBs. AI: PLMN ID-eNB ID 1 = 2221-650397
2025-09-24;23:04:35;AL  ;Cleared;ENodeBFunction=1;External Link Failure;X2 link problem to one or several neighbouring eNodeBs. AI: PLMN ID-eNB ID 1 = 2221-650397
2025-09-25;10:16:26;AL  ;Minor ;ENodeBFunction=1;External Link to GNodeB Failure;X2 link problem to one or several neighbouring gNodeBs. AI: PLMN ID-gNB ID 1 = 2221-1053857
2025-09-25;10:17:19;AL  ;Minor ;ENodeBFunction=1;External Link Failure;X2 link problem to one or several neighbouring eNodeBs. AI: PLMN ID-eNB ID 1 = 2221-210129
2025-09-25;11:57:03;AL  ;Cleared;ENodeBFunction=1;External Link to GNodeB Failure;X2 link problem to one or several neighbouring gNodeBs. AI: PLMN ID-gNB ID 1 = 2221-1053857
2025-09-25;11:57:11;AL  ;Cleared;ENodeBFunction=1;External Link Failure;X2 link problem to one or several neighbouring eNodeBs. AI: PLMN ID-eNB ID 1 = 2221-210129
2025-09-27;08:05:59;AL  ;Minor ;ENodeBFunction=1;External Link Failure;X2 link problem to one or several neighbouring eNodeBs. AI: PLMN ID-eNB ID 1 = 2221-600315
2025-09-27;08:07:37;AL  ;Cleared;ENodeBFunction=1;External Link Failure;X2 link problem to one or several neighbouring eNodeBs. AI: PLMN ID-eNB ID 1 = 2221-600315
2025-09-27;11:06:32;AL  ;Minor ;ENodeBFunction=1;External Link Failure;X2 link problem to one or several neighbouring eNodeBs. AI: PLMN ID-eNB ID 1 = 2221-212646 PLMN ID-eNB ID 2 = 2221-650300
2025-09-27;11:10:01;AL  ;Minor ;ENodeBFunction=1;External Link to GNodeB Failure;X2 link problem to one or several neighbouring gNodeBs. AI: PLMN ID-gNB ID 1 = 2221-1053857
2025-09-27;11:10:14;AL  ;Minor ;ENodeBFunction=1;External Link Failure;X2 link problem to one or several neighbouring eNodeBs. AI: PLMN ID-eNB ID 1 = 2221-212646 PLMN ID-eNB ID 2 = 2221-650300 PLMN ID-eNB ID 3 = 2221-210129
2025-09-27;11:22:07;AL  ;Minor ;ENodeBFunction=1;External Link Failure;X2 link problem to one or several neighbouring eNodeBs. AI: PLMN ID-eNB ID 1 = 2221-212646 PLMN ID-eNB ID 2 = 2221-650300 PLMN ID-eNB ID 3 = 2221-210129 PLMN ID-eNB ID 4 = 2221-211546 PLMN ID-eNB ID 5 = 2221-650655
2025-09-28;05:42:54;AL  ;Minor ;ENodeBFunction=1;External Link Failure;X2 link problem to one or several neighbouring eNodeBs. AI: PLMN ID-eNB ID 1 = 2221-212646 PLMN ID-eNB ID 2 = 2221-650300 PLMN ID-eNB ID 3 = 2221-210129 PLMN ID-eNB ID 4 = 2221-211546 PLMN ID-eNB ID 5 = 2221-650655 PLMN ID-eNB ID 6 = 2221-650690
2025-09-28;05:44:12;AL  ;Minor ;ENodeBFunction=1;External Link Failure;X2 link problem to one or several neighbouring eNodeBs. AI: PLMN ID-eNB ID 1 = 2221-212646 PLMN ID-eNB ID 2 = 2221-650300 PLMN ID-eNB ID 3 = 2221-210129 PLMN ID-eNB ID 4 = 2221-211546 PLMN ID-eNB ID 5 = 2221-650655
2025-09-28;08:36:36;AL  ;Minor ;ENodeBFunction=1;External Link Failure;X2 link problem to one or several neighbouring eNodeBs. AI: PLMN ID-eNB ID 1 = 2221-210129 PLMN ID-eNB ID 2 = 2221-211546
2025-09-28;08:36:54;AL  ;Cleared;ENodeBFunction=1;External Link Failure;X2 link problem to one or several neighbouring eNodeBs. AI: PLMN ID-eNB ID 1 = 2221-210129 PLMN ID-eNB ID 2 = 2221-211546
2025-09-29;08:24:54;AL  ;Cleared;ENodeBFunction=1;External Link to GNodeB Failure;X2 link problem to one or several neighbouring gNodeBs. AI: PLMN ID-gNB ID 1 = 2221-1053857
2025-09-30;08:58:48;AL  ;Minor ;ENodeBFunction=1;External Link Failure;X2 link problem to one or several neighbouring eNodeBs. AI: PLMN ID-eNB ID 1 = 2221-650220
2025-09-30;13:00:54;AL  ;Cleared;ENodeBFunction=1;External Link Failure;X2 link problem to one or several neighbouring eNodeBs. AI: PLMN ID-eNB ID 1 = 2221-650220
2025-10-02;03:24:11;AL  ;Minor ;ENodeBFunction=1;External Link Failure;X2 link problem to one or several neighbouring eNodeBs. AI: PLMN ID-eNB ID 1 = 2221-650726
2025-10-02;03:42:49;AL  ;Cleared;ENodeBFunction=1;External Link Failure;X2 link problem to one or several neighbouring eNodeBs. AI: PLMN ID-eNB ID 1 = 2221-650726
2025-10-02;04:00:40;AL  ;Minor ;ENodeBFunction=1;External Link Failure;X2 link problem to one or several neighbouring eNodeBs. AI: PLMN ID-eNB ID 1 = 2221-650279
2025-10-02;04:03:07;AL  ;Cleared;ENodeBFunction=1;External Link Failure;X2 link problem to one or several neighbouring eNodeBs. AI: PLMN ID-eNB ID 1 = 2221-650279
2025-10-03;05:00:17;AL  ;Minor ;ENodeBFunction=1;External Link to GNodeB Failure;X2 link problem to one or several neighbouring gNodeBs. AI: PLMN ID-gNB ID 1 = 2221-1053857
2025-10-03;05:00:22;AL  ;Minor ;ENodeBFunction=1;External Link Failure;X2 link problem to one or several neighbouring eNodeBs. AI: PLMN ID-eNB ID 1 = 2221-650300 PLMN ID-eNB ID 2 = 2221-212646
2025-10-03;07:38:49;AL  ;Minor ;ENodeBFunction=1;External Link Failure;X2 link problem to one or several neighbouring eNodeBs. AI: PLMN ID-eNB ID 1 = 2221-650300 PLMN ID-eNB ID 2 = 2221-212646 PLMN ID-eNB ID 3 = 2221-650254
2025-10-03;09:20:48;AL  ;Minor ;ENodeBFunction=1;External Link Failure;X2 link problem to one or several neighbouring eNodeBs. AI: PLMN ID-eNB ID 1 = 2221-650300 PLMN ID-eNB ID 2 = 2221-212646 PLMN ID-eNB ID 3 = 2221-650254 PLMN ID-eNB ID 4 = 2221-210129
2025-10-03;09:47:55;AL  ;Minor ;ENodeBFunction=1;External Link Failure;X2 link problem to one or several neighbouring eNodeBs. AI: PLMN ID-eNB ID 1 = 2221-650300 PLMN ID-eNB ID 2 = 2221-212646 PLMN ID-eNB ID 3 = 2221-650254 PLMN ID-eNB ID 4 = 2221-210129 PLMN ID-eNB ID 5 = 2221-209305
2025-10-03;10:23:38;AL  ;Minor ;ENodeBFunction=1;External Link Failure;X2 link problem to one or several neighbouring eNodeBs. AI: PLMN ID-eNB ID 1 = 2221-650300 PLMN ID-eNB ID 2 = 2221-212646 PLMN ID-eNB ID 3 = 2221-210129 PLMN ID-eNB ID 4 = 2221-209305 PLMN ID-eNB ID 5 = 2221-650824
2025-10-03;12:45:00;AL  ;Minor ;ENodeBFunction=1;External Link Failure;X2 link problem to one or several neighbouring eNodeBs. AI: PLMN ID-eNB ID 1 = 2221-650300 PLMN ID-eNB ID 2 = 2221-212646 PLMN ID-eNB ID 3 = 2221-210129 PLMN ID-eNB ID 4 = 2221-650824
2025-10-03;17:45:34;AL  ;Cleared;ENodeBFunction=1;External Link to GNodeB Failure;X2 link problem to one or several neighbouring gNodeBs. AI: PLMN ID-gNB ID 1 = 2221-1053857
2025-10-03;17:45:42;AL  ;Minor ;ENodeBFunction=1;External Link Failure;X2 link problem to one or several neighbouring eNodeBs. AI: PLMN ID-eNB ID 1 = 2221-650300 PLMN ID-eNB ID 2 = 2221-212646
2025-10-03;17:48:09;AL  ;Cleared;ENodeBFunction=1;External Link Failure;X2 link problem to one or several neighbouring eNodeBs. AI: PLMN ID-eNB ID 1 = 2221-650300 PLMN ID-eNB ID 2 = 2221-212646
2025-10-05;16:06:20;AL  ;Minor ;ENodeBFunction=1;External Link Failure;X2 link problem to one or several neighbouring eNodeBs. AI: PLMN ID-eNB ID 1 = 2221-650397
2025-10-05;16:18:34;AL  ;Cleared;ENodeBFunction=1;External Link Failure;X2 link problem to one or several neighbouring eNodeBs. AI: PLMN ID-eNB ID 1 = 2221-650397
2025-10-05;16:47:07;AL  ;Minor ;ENodeBFunction=1;External Link Failure;X2 link problem to one or several neighbouring eNodeBs. AI: PLMN ID-eNB ID 1 = 2221-650397
2025-10-05;16:47:43;AL  ;Cleared;ENodeBFunction=1;External Link Failure;X2 link problem to one or several neighbouring eNodeBs. AI: PLMN ID-eNB ID 1 = 2221-650397
2025-10-05;17:05:29;AL  ;Minor ;ENodeBFunction=1;External Link Failure;X2 link problem to one or several neighbouring eNodeBs. AI: PLMN ID-eNB ID 1 = 2221-650397
2025-10-05;17:08:30;AL  ;Cleared;ENodeBFunction=1;External Link Failure;X2 link problem to one or several neighbouring eNodeBs. AI: PLMN ID-eNB ID 1 = 2221-650397
2025-10-05;20:10:48;AL  ;Minor ;ENodeBFunction=1;External Link Failure;X2 link problem to one or several neighbouring eNodeBs. AI: PLMN ID-eNB ID 1 = 2221-650279
2025-10-05;20:16:55;AL  ;Cleared;ENodeBFunction=1;External Link Failure;X2 link problem to one or several neighbouring eNodeBs. AI: PLMN ID-eNB ID 1 = 2221-650279
2025-10-06;07:53:00;AL  ;Minor ;ENodeBFunction=1;External Link Failure;X2 link problem to one or several neighbouring eNodeBs. AI: PLMN ID-eNB ID 1 = 2221-650496 PLMN ID-eNB ID 2 = 2221-213328
2025-10-06;08:02:41;AL  ;Cleared;ENodeBFunction=1;External Link Failure;X2 link problem to one or several neighbouring eNodeBs. AI: PLMN ID-eNB ID 1 = 2221-650496 PLMN ID-eNB ID 2 = 2221-213328
2025-10-06;08:24:05;AL  ;Minor ;ENodeBFunction=1;External Link Failure;X2 link problem to one or several neighbouring eNodeBs. AI: PLMN ID-eNB ID 1 = 2221-213328 PLMN ID-eNB ID 2 = 2221-650496
2025-10-06;09:14:15;AL  ;Cleared;ENodeBFunction=1;External Link Failure;X2 link problem to one or several neighbouring eNodeBs. AI: PLMN ID-eNB ID 1 = 2221-213328 PLMN ID-eNB ID 2 = 2221-650496
2025-10-06;22:45:18;AL  ;Minor ;ENodeBFunction=1;External Link Failure;X2 link problem to one or several neighbouring eNodeBs. AI: PLMN ID-eNB ID 1 = 2221-310058 PLMN ID-eNB ID 2 = 2221-310233
2025-10-06;22:50:38;AL  ;Minor ;ENodeBFunction=1;External Link Failure;X2 link problem to one or several neighbouring eNodeBs. AI: PLMN ID-eNB ID 1 = 2221-310058
2025-10-06;22:51:06;AL  ;Cleared;ENodeBFunction=1;External Link Failure;X2 link problem to one or several neighbouring eNodeBs. AI: PLMN ID-eNB ID 1 = 2221-310058
2025-10-07;10:11:01;AL  ;Minor ;ENodeBFunction=1;External Link Failure;X2 link problem to one or several neighbouring eNodeBs. AI: PLMN ID-eNB ID 1 = 2221-650220


CZB5E> lgec -m 30d

251007-12:24:53+0200 19.31.8.227 25.0h MSRBS_NODE_MODEL_25.Q1_198665.224.73_bf81 stopfile=/tmp/1263945

Startdate=20250907.102453, Enddate=20251008.102453
Date;Time;Log;Severity;Object;Event;Cause;AdditionalText;AckState;Id;NotificationId;CorrelatedAlarms
Executing action Log.export()
..
Log=AlertLog                    actionId=29448
...
=================================================================================================================
MO                  actionId result      resultInfo
=================================================================================================================
LogM=1,Log=AlertLog 29448    1 (SUCCESS)           
cat  /ericsson/log/amos/moshell_logfiles/t20251007_37258710_53697/logs_moshell/tempfiles/scp-2-amos_20251007-122404_1263884/rcslogs/AlertLog_20220621__065552.log > /ericsson/log/amos/moshell_logfiles/t20251007_37258710_53697/logs_moshell/tempfiles/scp-2-amos_20251007-122404_1263884/eventLog1263945.xml

Bye...
Output has been logged to file /mta_fs/UserFiles/37258710/amosbatch/2025-10-07_11-07-01_53697/CZB5E.log
