Logging to file /mta_fs/UserFiles/37258710/amosbatch/2025-10-07_11-07-01_53697/CZC3T.log
                        __  __  ____   _____
                  /\   |  \/  |/ __ \ / ____|
                 /  \  | \  / | |  | | (___  
                / /\ \ | |\/| | |  | |\___ \ 
               / ____ \| |  | | |__| |____) |
              /_/    \_\_|  |_|\____/|_____/
              OSS Framework for MoShell-25.0h 
  Copyright (c) Ericsson AB 2001-2025 - All Rights Reserved
              
           
[1;31mWARNING: [0mthe AMOS version currently running is more than 22 weeks old and is unsupported.
Please upgrade as soon as possible to the latest released version, available from your local Ericsson support.

$amosrb_pid = 946140

Checking ip contact...OK

HELP MENU            : h
BASIC MO COMMANDS    : m
OTHER MO COMMANDS    : n
OTHER COMMANDS       : o
PM COMMANDS          : p
QUIT                 : q

CZC3T> lt all

251007-11:44:17+0200 19.31.13.186 25.0h  stopfile=/tmp/946057
Looking up temporary_amos account... OK.
Trying temporary_amos_t20251007_37258710_53697_313's password from amos lookupAccount ... OK

$ssh_pid = 947869

Connected to 19.31.13.186 (SubNetwork=BBMM_rckomc_R,MeContext=CZC3T,ManagedElement=CZC3T)

Checking MOM version...MSRBS_NODE_MODEL_25.Q1_693.28324.131_62ac
Parsing MOM (cached): /ericsson/log/amos/moshell_logfiles/t20251007_37258710_53697/logs_moshell/tempfiles/scp-2-amos_20251007-114410_945988/MSRBS_NODE_MODEL_25.Q1_693.28324.131_62ac.xml.cache.gz ..................................................................................................................................................................................................................................Done.
Using paramfile /opt/ericsson/amos/moshell/commonjars/pm/PARAM_MSRBS_25.Q1.txt
Parsing file /opt/ericsson/amos/moshell/commonjars/pm/PARAM_MSRBS_25.Q1.txt .......................................................................................Done.
Using imomdfile /opt/ericsson/amos/moshell/commonjars/pm/IMOMD_MSRBS_22.Q4.txt
Using imomfile /opt/ericsson/amos/moshell/commonjars/pm/IMOM_MSRBS_25.Q1.txt
Connected to 19.31.13.186 (SubNetwork=BBMM_rckomc_R,MeContext=CZC3T,ManagedElement=CZC3T)

Last MO: 19635. Loaded 19635 MOs. Total: 19636 MOs.

CZC3T> hget EUtranCellFDD ^cellid

251007-11:44:32+0200 19.31.13.186 25.0h MSRBS_NODE_MODEL_25.Q1_693.28324.131_62ac stopfile=/tmp/946057
.
=================================================================================================================
MO                   cellId
=================================================================================================================
EUtranCellFDD=CZC3E1 61    
EUtranCellFDD=CZC3E2 62    
EUtranCellFDD=CZC3E3 63    
EUtranCellFDD=CZC3M1 31    
EUtranCellFDD=CZC3M2 32    
EUtranCellFDD=CZC3M3 33    
EUtranCellFDD=CZC3T1 41    
EUtranCellFDD=CZC3T2 42    
EUtranCellFDD=CZC3T3 43    
=================================================================================================================
Total: 9 MOs

Added 9 MOs to group: hget_group

CZC3T> hget NbIotCell ^cellid

251007-11:44:33+0200 19.31.13.186 25.0h MSRBS_NODE_MODEL_25.Q1_693.28324.131_62ac stopfile=/tmp/946057
.
=================================================================================================================
MO               cellId
=================================================================================================================
NbIotCell=CZC3N1 161   
NbIotCell=CZC3N2 162   
NbIotCell=CZC3N3 163   
=================================================================================================================
Total: 3 MOs

Added 3 MOs to group: hget_group

CZC3T> hget NRCellDU ^cellLocalId

251007-11:44:33+0200 19.31.13.186 25.0h MSRBS_NODE_MODEL_25.Q1_693.28324.131_62ac stopfile=/tmp/946057
Total: 0 MOs

CZC3T> lgdc -m 30d

251007-11:44:33+0200 19.31.13.186 25.0h MSRBS_NODE_MODEL_25.Q1_693.28324.131_62ac stopfile=/tmp/946057

Startdate=20250907.094433, Enddate=20251008.094433
INFO: Using amos lookupAccount credentials for the export login

Executing action LogM.exportAvailabilityLog()
...LogM=1,exportAvailabilityLog    actionId=27833
...
=================================================================================================================
MO     actionId result      resultInfo
=================================================================================================================
LogM=1 27833    1 (SUCCESS)           
cp /ericsson/log/amos/moshell_logfiles/t20251007_37258710_53697/logs_moshell/tempfiles/scp-2-amos_20251007-114410_945988/rcslogs/RBS_CS_AVAILABILITY_LOG_20251007094436.xml /ericsson/log/amos/moshell_logfiles/t20251007_37258710_53697/logs_moshell/tempfiles/scp-2-amos_20251007-114410_945988/availabilityLog946057.xml
Parsing availabilityLog.......Done.
....
Date;Time;RestartType;SwVersion;SwRelease;RCSDowntime;ApplicationDowntime;TNDowntime;RATsDowntime;ExtraInfo;ExtraInfo2
2025-09-08;03:36:17;PartialOutage(Manual);11% Lrat Cell 61; ();9s;;;;;
2025-09-08;03:36:32;PartialOutage(Manual);5% Lrat Cell 62; ();7s;;;;;
2025-09-08;03:36:42;PartialOutage(Manual);44% Lrat Cell 162; ();2s;;;;;
2025-09-08;03:36:44;PartialOutage(Manual);7% Lrat Cell 63; ();7s;;;;;
2025-09-08;03:36:54;PartialOutage(Manual);50% Lrat Cell 163; ();2s;;;;;
2025-09-08;03:36:56;PartialOutage(Manual);8% Lrat Cell 32; ();9s;;;;;
2025-09-08;03:37:21;PartialOutage(Manual);11% Lrat Cell 31; ();9s;;;;;
2025-09-08;03:37:32;PartialOutage(Manual);11% Lrat Cell 43; ();9s;;;;;
2025-09-08;03:37:43;PartialOutage(Manual);11% Lrat Cell 41; ();15s;;;;;
2025-09-08;03:37:59;PartialOutage(Manual);11% Lrat Cell 42; ();11s;;;;;

Node uptime since last restart: 2527593 seconds (29 days, 6 hours, 6 minutes, 33 seconds)
------------------------------------------------------------------------------------------------------
Period=30 days       NodeUpgrade      NodeManual       NodeSpontaneous  AllNodeRestarts  PartialOutages  
------------------------------------------------------------------------------------------------------
Number Of outages    0                0                0                0                10              
Total downtime       0s               0s               0s               0s               80s (1m20s)     
Downtime per day     0s               0s               0s               0s               3s              
Downtime per outage  0s               0s               0s               0s               8s              

CZC3T> lgac -m 30d

251007-11:44:43+0200 19.31.13.186 25.0h MSRBS_NODE_MODEL_25.Q1_693.28324.131_62ac stopfile=/tmp/946057

Startdate=20250907.094443, Enddate=20251008.094443
Date;Time;Log;Severity;Object;Event;Cause;AdditionalText;AckState;Id;NotificationId;CorrelatedAlarms
Executing action Log.export()
..
Log=AlarmLog                    actionId=27834
.................
=================================================================================================================
MO                  actionId result      resultInfo
=================================================================================================================
LogM=1,Log=AlarmLog 27834    1 (SUCCESS)           
cat  /ericsson/log/amos/moshell_logfiles/t20251007_37258710_53697/logs_moshell/tempfiles/scp-2-amos_20251007-114410_945988/rcslogs/saLogAlarm_20230515__073146_20240607__121700.log /ericsson/log/amos/moshell_logfiles/t20251007_37258710_53697/logs_moshell/tempfiles/scp-2-amos_20251007-114410_945988/rcslogs/saLogAlarm_20240607__121700_20241022__090753.log /ericsson/log/amos/moshell_logfiles/t20251007_37258710_53697/logs_moshell/tempfiles/scp-2-amos_20251007-114410_945988/rcslogs/saLogAlarm_20241022__090753_20250224__231635.log /ericsson/log/amos/moshell_logfiles/t20251007_37258710_53697/logs_moshell/tempfiles/scp-2-amos_20251007-114410_945988/rcslogs/saLogAlarm_20250224__231635.log > /ericsson/log/amos/moshell_logfiles/t20251007_37258710_53697/logs_moshell/tempfiles/scp-2-amos_20251007-114410_945988/alarmLog946057.xml
2025-09-07;09:46:03;AL  ;Minor ;EUtraNetwork=1,ExternalENodeBFunction=2221-650267;Inter Node Carrier Aggregation Service Unavailable;Elastic RAN Carrier Aggregation is not available towards remote eNodeB.
2025-09-07;09:55:09;AL  ;Cleared;EUtraNetwork=1,ExternalENodeBFunction=2221-650145;Inter Node Carrier Aggregation Service Unavailable;Elastic RAN Carrier Aggregation is not available towards remote eNodeB.
2025-09-07;09:55:21;AL  ;Minor ;EUtraNetwork=1,ExternalENodeBFunction=2221-650145;Inter Node Carrier Aggregation Service Unavailable;Elastic RAN Carrier Aggregation is not available towards remote eNodeB.
2025-09-07;12:06:00;AL  ;Minor ;EUtraNetwork=1,ExternalENodeBFunction=2221-650284;Inter Node Carrier Aggregation Service Unavailable;Elastic RAN Carrier Aggregation is not available towards remote eNodeB.
2025-09-07;12:07:30;AL  ;Cleared;EUtraNetwork=1,ExternalENodeBFunction=2221-650267;Inter Node Carrier Aggregation Service Unavailable;Elastic RAN Carrier Aggregation is not available towards remote eNodeB.
2025-09-07;12:14:37;AL  ;Cleared;EUtraNetwork=1,ExternalENodeBFunction=2221-208052;Inter Node Carrier Aggregation Service Unavailable;Elastic RAN Carrier Aggregation is not available towards remote eNodeB.
2025-09-07;12:14:54;AL  ;Cleared;EUtraNetwork=1,ExternalENodeBFunction=2221-208051;Inter Node Carrier Aggregation Service Unavailable;Elastic RAN Carrier Aggregation is not available towards remote eNodeB.
2025-09-07;13:34:34;AL  ;Minor ;EUtraNetwork=1,ExternalENodeBFunction=2221-208051;Inter Node Carrier Aggregation Service Unavailable;Elastic RAN Carrier Aggregation is not available towards remote eNodeB.
2025-09-07;18:34:32;AL  ;Minor ;EUtraNetwork=1,ExternalENodeBFunction=2221-208052;Inter Node Carrier Aggregation Service Unavailable;Elastic RAN Carrier Aggregation is not available towards remote eNodeB.
2025-09-07;20:28:57;AL  ;Minor ;ENodeBFunction=1;External Link Failure;X2 link problem to one or several neighbouring eNodeBs. AI: PLMN ID-eNB ID 1 = 2221-650469
2025-09-07;21:05:39;AL  ;Minor ;EUtraNetwork=1,ExternalENodeBFunction=2221-650267;Inter Node Carrier Aggregation Service Unavailable;Elastic RAN Carrier Aggregation is not available towards remote eNodeB.
2025-09-07;21:33:58;AL  ;Cleared;ENodeBFunction=1;External Link Failure;X2 link problem to one or several neighbouring eNodeBs. AI: PLMN ID-eNB ID 1 = 2221-650469
2025-09-08;03:29:05;AL  ;Minor ;EUtraNetwork=1,ExternalENodeBFunction=2221-650602;Inter Node Carrier Aggregation Service Unavailable;Elastic RAN Carrier Aggregation is not available towards remote eNodeB.
2025-09-08;03:36:32;AL  ;Minor ;EUtraNetwork=1,ExternalENodeBFunction=2221-601413;Inter Node Feature Incompatibility;Elastic RAN feature is not activated in remote eNodeB. SUPPRESSED
2025-09-08;03:36:32;AL  ;Minor ;EUtraNetwork=1,ExternalENodeBFunction=2221-650251;Inter Node Feature Incompatibility;Elastic RAN feature is not activated in remote eNodeB. SUPPRESSED
2025-09-08;03:38:00;AL  ;Minor ;EUtraNetwork=1,ExternalENodeBFunction=2221-650726;Inter Node Feature Incompatibility;Elastic RAN feature is not activated in remote eNodeB. SUPPRESSED
2025-09-08;04:35:10;AL  ;Minor ;EUtraNetwork=1,ExternalENodeBFunction=2221-650603;Inter Node Carrier Aggregation Service Unavailable;Elastic RAN Carrier Aggregation is not available towards remote eNodeB.
2025-09-08;05:25:21;AL  ;Minor ;ENodeBFunction=1;External Link Failure;X2 link problem to one or several neighbouring eNodeBs. AI: PLMN ID-eNB ID 1 = 2221-650406
2025-09-08;06:02:35;AL  ;Cleared;ENodeBFunction=1;External Link Failure;X2 link problem to one or several neighbouring eNodeBs. AI: PLMN ID-eNB ID 1 = 2221-650406
2025-09-08;07:54:42;AL  ;Minor ;ENodeBFunction=1;External Link Failure;X2 link problem to one or several neighbouring eNodeBs. AI: PLMN ID-eNB ID 1 = 2221-650336
2025-09-08;11:03:43;AL  ;Cleared;ENodeBFunction=1;External Link Failure;X2 link problem to one or several neighbouring eNodeBs. AI: PLMN ID-eNB ID 1 = 2221-650336
2025-09-08;12:36:29;AL  ;Minor ;EUtraNetwork=1,ExternalENodeBFunction=2221-206045;Inter Node Carrier Aggregation Service Unavailable;Elastic RAN Carrier Aggregation is not available towards remote eNodeB.
2025-09-08;19:01:49;AL  ;Minor ;EUtraNetwork=1,ExternalENodeBFunction=2221-206605;Inter Node Carrier Aggregation Service Unavailable;Elastic RAN Carrier Aggregation is not available towards remote eNodeB.
2025-09-08;23:11:08;AL  ;Cleared;EUtraNetwork=1,ExternalENodeBFunction=2221-650688;Inconsistent Configuration;Elastic RAN cannot be activated towards remote eNodeB. VLAN IDs do not match. Expected Vlan Id: 3908, Please check the eRAN Vlan Id at the remote eNodeB
2025-09-10;15:39:27;AL  ;Minor ;ENodeBFunction=1;External Link Failure;X2 link problem to one or several neighbouring eNodeBs. AI: PLMN ID-eNB ID 1 = 2221-650688
2025-09-10;15:39:57;AL  ;Minor ;ENodeBFunction=1;External Link to GNodeB Failure;X2 link problem to one or several neighbouring gNodeBs. AI: PLMN ID-gNB ID 1 = 2221-1053908
2025-09-10;23:42:11;AL  ;Cleared;EUtraNetwork=1,ExternalENodeBFunction=2221-601413;Inter Node Feature Incompatibility;Elastic RAN feature is not activated in remote eNodeB. SUPPRESSED
2025-09-11;06:27:38;AL  ;Minor ;ENodeBFunction=1;External Link Failure;X2 link problem to one or several neighbouring eNodeBs. AI: PLMN ID-eNB ID 1 = 2221-650688 PLMN ID-eNB ID 2 = 2221-650397
2025-09-11;06:56:59;AL  ;Minor ;ENodeBFunction=1;External Link Failure;X2 link problem to one or several neighbouring eNodeBs. AI: PLMN ID-eNB ID 1 = 2221-650688
2025-09-11;07:39:03;AL  ;Minor ;EUtraNetwork=1,ExternalENodeBFunction=2221-212364;Inter Node Carrier Aggregation Service Unavailable;Elastic RAN Carrier Aggregation is not available towards remote eNodeB.
2025-09-11;11:55:58;AL  ;Minor ;ENodeBFunction=1;External Link Failure;X2 link problem to one or several neighbouring eNodeBs. AI: PLMN ID-eNB ID 1 = 2221-650688 PLMN ID-eNB ID 2 = 2221-650693
2025-09-11;12:37:34;AL  ;Minor ;ENodeBFunction=1;External Link Failure;X2 link problem to one or several neighbouring eNodeBs. AI: PLMN ID-eNB ID 1 = 2221-650688
2025-09-11;12:46:13;AL  ;Minor ;ENodeBFunction=1;External Link Failure;X2 link problem to one or several neighbouring eNodeBs. AI: PLMN ID-eNB ID 1 = 2221-650688 PLMN ID-eNB ID 2 = 2221-650693
2025-09-11;12:58:39;AL  ;Minor ;ENodeBFunction=1;External Link Failure;X2 link problem to one or several neighbouring eNodeBs. AI: PLMN ID-eNB ID 1 = 2221-650688 PLMN ID-eNB ID 2 = 2221-650693
2025-09-11;14:14:12;AL  ;Minor ;ENodeBFunction=1;External Link Failure;X2 link problem to one or several neighbouring eNodeBs. AI: PLMN ID-eNB ID 1 = 2221-650688
2025-09-11;14:20:39;AL  ;Cleared;ENodeBFunction=1;External Link Failure;X2 link problem to one or several neighbouring eNodeBs. AI: PLMN ID-eNB ID 1 = 2221-650688
2025-09-11;14:21:11;AL  ;Cleared;ENodeBFunction=1;External Link to GNodeB Failure;X2 link problem to one or several neighbouring gNodeBs. AI: PLMN ID-gNB ID 1 = 2221-1053908
2025-09-11;15:21:33;AL  ;Minor ;ENodeBFunction=1;External Link Failure;X2 link problem to one or several neighbouring eNodeBs. AI: PLMN ID-eNB ID 1 = 2221-650406
2025-09-11;15:48:22;AL  ;Cleared;ENodeBFunction=1;External Link Failure;X2 link problem to one or several neighbouring eNodeBs. AI: PLMN ID-eNB ID 1 = 2221-650406
2025-09-11;18:26:15;AL  ;Minor ;ENodeBFunction=1;External Link Failure;X2 link problem to one or several neighbouring eNodeBs. AI: PLMN ID-eNB ID 1 = 2221-650183
2025-09-11;23:50:01;AL  ;Cleared;EUtraNetwork=1,ExternalENodeBFunction=2221-650284;Inter Node Carrier Aggregation Service Unavailable;Elastic RAN Carrier Aggregation is not available towards remote eNodeB.
2025-09-11;23:50:42;AL  ;Minor ;EUtraNetwork=1,ExternalENodeBFunction=2221-650284;Inter Node Carrier Aggregation Service Unavailable;Elastic RAN Carrier Aggregation is not available towards remote eNodeB.
2025-09-12;10:30:26;AL  ;Cleared;ENodeBFunction=1;External Link Failure;X2 link problem to one or several neighbouring eNodeBs. AI: PLMN ID-eNB ID 1 = 2221-650183
2025-09-12;11:04:15;AL  ;Cleared;EUtraNetwork=1,ExternalENodeBFunction=2221-650284;Inter Node Carrier Aggregation Service Unavailable;Elastic RAN Carrier Aggregation is not available towards remote eNodeB.
2025-09-12;11:09:34;AL  ;Minor ;EUtraNetwork=1,ExternalENodeBFunction=2221-650284;Inter Node Carrier Aggregation Service Unavailable;Elastic RAN Carrier Aggregation is not available towards remote eNodeB.
2025-09-14;08:45:49;AL  ;Cleared;EUtraNetwork=1,ExternalENodeBFunction=2221-206045;Inter Node Carrier Aggregation Service Unavailable;Elastic RAN Carrier Aggregation is not available towards remote eNodeB.
2025-09-14;08:45:57;AL  ;Cleared;EUtraNetwork=1,ExternalENodeBFunction=2221-650603;Inter Node Carrier Aggregation Service Unavailable;Elastic RAN Carrier Aggregation is not available towards remote eNodeB.
2025-09-14;08:46:02;AL  ;Cleared;EUtraNetwork=1,ExternalENodeBFunction=2221-212364;Inter Node Carrier Aggregation Service Unavailable;Elastic RAN Carrier Aggregation is not available towards remote eNodeB.
2025-09-14;08:46:08;AL  ;Cleared;EUtraNetwork=1,ExternalENodeBFunction=2221-650284;Inter Node Carrier Aggregation Service Unavailable;Elastic RAN Carrier Aggregation is not available towards remote eNodeB.
2025-09-14;08:46:13;AL  ;Cleared;EUtraNetwork=1,ExternalENodeBFunction=2221-208051;Inter Node Carrier Aggregation Service Unavailable;Elastic RAN Carrier Aggregation is not available towards remote eNodeB.
2025-09-14;08:46:21;AL  ;Cleared;EUtraNetwork=1,ExternalENodeBFunction=2221-650267;Inter Node Carrier Aggregation Service Unavailable;Elastic RAN Carrier Aggregation is not available towards remote eNodeB.
2025-09-14;08:46:30;AL  ;Cleared;EUtraNetwork=1,ExternalENodeBFunction=2221-650145;Inter Node Carrier Aggregation Service Unavailable;Elastic RAN Carrier Aggregation is not available towards remote eNodeB.
2025-09-14;08:46:35;AL  ;Cleared;EUtraNetwork=1,ExternalENodeBFunction=2221-206605;Inter Node Carrier Aggregation Service Unavailable;Elastic RAN Carrier Aggregation is not available towards remote eNodeB.
2025-09-14;08:46:39;AL  ;Cleared;EUtraNetwork=1,ExternalENodeBFunction=2221-208052;Inter Node Carrier Aggregation Service Unavailable;Elastic RAN Carrier Aggregation is not available towards remote eNodeB.
2025-09-14;08:46:44;AL  ;Cleared;EUtraNetwork=1,ExternalENodeBFunction=2221-650768;Inter Node Carrier Aggregation Service Unavailable;Elastic RAN Carrier Aggregation is not available towards remote eNodeB.
2025-09-14;08:46:49;AL  ;Cleared;EUtraNetwork=1,ExternalENodeBFunction=2221-650602;Inter Node Carrier Aggregation Service Unavailable;Elastic RAN Carrier Aggregation is not available towards remote eNodeB.
2025-09-14;08:47:16;AL  ;Minor ;EUtraNetwork=1,ExternalENodeBFunction=2221-208051;Inter Node Carrier Aggregation Service Unavailable;Elastic RAN Carrier Aggregation is not available towards remote eNodeB.
2025-09-14;08:47:38;AL  ;Minor ;EUtraNetwork=1,ExternalENodeBFunction=2221-206605;Inter Node Carrier Aggregation Service Unavailable;Elastic RAN Carrier Aggregation is not available towards remote eNodeB.
2025-09-14;08:47:42;AL  ;Minor ;EUtraNetwork=1,ExternalENodeBFunction=2221-208052;Inter Node Carrier Aggregation Service Unavailable;Elastic RAN Carrier Aggregation is not available towards remote eNodeB.
2025-09-14;10:38:22;AL  ;Minor ;EUtraNetwork=1,ExternalENodeBFunction=2221-650267;Inter Node Carrier Aggregation Service Unavailable;Elastic RAN Carrier Aggregation is not available towards remote eNodeB.
2025-09-14;12:14:52;AL  ;Cleared;EUtraNetwork=1,ExternalENodeBFunction=2221-206605;Inter Node Carrier Aggregation Service Unavailable;Elastic RAN Carrier Aggregation is not available towards remote eNodeB.
2025-09-14;12:16:08;AL  ;Cleared;EUtraNetwork=1,ExternalENodeBFunction=2221-650267;Inter Node Carrier Aggregation Service Unavailable;Elastic RAN Carrier Aggregation is not available towards remote eNodeB.
2025-09-14;12:24:14;AL  ;Cleared;EUtraNetwork=1,ExternalENodeBFunction=2221-208052;Inter Node Carrier Aggregation Service Unavailable;Elastic RAN Carrier Aggregation is not available towards remote eNodeB.
2025-09-14;12:24:42;AL  ;Cleared;EUtraNetwork=1,ExternalENodeBFunction=2221-208051;Inter Node Carrier Aggregation Service Unavailable;Elastic RAN Carrier Aggregation is not available towards remote eNodeB.
2025-09-14;12:29:25;AL  ;Minor ;EUtraNetwork=1,ExternalENodeBFunction=2221-650284;Inter Node Carrier Aggregation Service Unavailable;Elastic RAN Carrier Aggregation is not available towards remote eNodeB.
2025-09-14;13:36:28;AL  ;Minor ;EUtraNetwork=1,ExternalENodeBFunction=2221-208051;Inter Node Carrier Aggregation Service Unavailable;Elastic RAN Carrier Aggregation is not available towards remote eNodeB.
2025-09-15;06:01:33;AL  ;Minor ;EUtraNetwork=1,ExternalENodeBFunction=2221-650267;Inter Node Carrier Aggregation Service Unavailable;Elastic RAN Carrier Aggregation is not available towards remote eNodeB.
2025-09-15;10:32:13;AL  ;Minor ;EUtraNetwork=1,ExternalENodeBFunction=2221-650181;Inter Node Carrier Aggregation Service Unavailable;Elastic RAN Carrier Aggregation is not available towards remote eNodeB.
2025-09-15;12:36:28;AL  ;Minor ;EUtraNetwork=1,ExternalENodeBFunction=2221-208052;Inter Node Carrier Aggregation Service Unavailable;Elastic RAN Carrier Aggregation is not available towards remote eNodeB.
2025-09-15;16:37:59;AL  ;Minor ;EUtraNetwork=1,ExternalENodeBFunction=2221-650603;Inter Node Carrier Aggregation Service Unavailable;Elastic RAN Carrier Aggregation is not available towards remote eNodeB.
2025-09-15;17:36:29;AL  ;Minor ;EUtraNetwork=1,ExternalENodeBFunction=2221-212364;Inter Node Carrier Aggregation Service Unavailable;Elastic RAN Carrier Aggregation is not available towards remote eNodeB.
2025-09-16;08:37:29;AL  ;Minor ;ENodeBFunction=1;External Link Failure;X2 link problem to one or several neighbouring eNodeBs. AI: PLMN ID-eNB ID 1 = 2221-650151
2025-09-16;09:58:18;AL  ;Warning;ENodeBFunction=1;PLMN Service Redundancy Lost;S1 connection failure for PLMN connected with link represented by MO listed in Additional Information. AI: PLMN = ["2221"],DN1=ManagedElement=1,ENodeBFunction=1,TermPointToMme=5,
2025-09-16;09:59:18;AL  ;Cleared;ENodeBFunction=1;PLMN Service Redundancy Lost;S1 connection failure for PLMN connected with link represented by MO listed in Additional Information. AI: PLMN = ["2221"],DN1=ManagedElement=1,ENodeBFunction=1,TermPointToMme=5,
2025-09-16;13:11:05;AL  ;Cleared;ENodeBFunction=1;External Link Failure;X2 link problem to one or several neighbouring eNodeBs. AI: PLMN ID-eNB ID 1 = 2221-650151
2025-09-16;23:11:14;AL  ;Cleared;EUtraNetwork=1,ExternalENodeBFunction=2221-210088;Inconsistent Configuration;Elastic RAN cannot be activated towards remote eNodeB. VLAN IDs do not match. Expected Vlan Id: 3908, Please check the eRAN Vlan Id at the remote eNodeB
2025-09-17;02:36:39;AL  ;Minor ;EUtraNetwork=1,ExternalENodeBFunction=2221-650602;Inter Node Carrier Aggregation Service Unavailable;Elastic RAN Carrier Aggregation is not available towards remote eNodeB.
2025-09-17;06:35:13;AL  ;Minor ;ENodeBFunction=1;External Link Failure;X2 link problem to one or several neighbouring eNodeBs. AI: PLMN ID-eNB ID 1 = 2221-600915
2025-09-17;06:39:14;AL  ;Cleared;ENodeBFunction=1;External Link Failure;X2 link problem to one or several neighbouring eNodeBs. AI: PLMN ID-eNB ID 1 = 2221-600915
2025-09-20;05:36:52;AL  ;Minor ;EUtraNetwork=1,ExternalENodeBFunction=2221-211235;Inter Node Carrier Aggregation Service Unavailable;Elastic RAN Carrier Aggregation is not available towards remote eNodeB.
2025-09-21;08:38:08;AL  ;Cleared;EUtraNetwork=1,ExternalENodeBFunction=2221-650181;Inter Node Carrier Aggregation Service Unavailable;Elastic RAN Carrier Aggregation is not available towards remote eNodeB.
2025-09-21;08:38:14;AL  ;Cleared;EUtraNetwork=1,ExternalENodeBFunction=2221-211235;Inter Node Carrier Aggregation Service Unavailable;Elastic RAN Carrier Aggregation is not available towards remote eNodeB.
2025-09-21;08:38:19;AL  ;Cleared;EUtraNetwork=1,ExternalENodeBFunction=2221-650603;Inter Node Carrier Aggregation Service Unavailable;Elastic RAN Carrier Aggregation is not available towards remote eNodeB.
2025-09-21;08:38:24;AL  ;Cleared;EUtraNetwork=1,ExternalENodeBFunction=2221-212364;Inter Node Carrier Aggregation Service Unavailable;Elastic RAN Carrier Aggregation is not available towards remote eNodeB.
2025-09-21;08:38:30;AL  ;Cleared;EUtraNetwork=1,ExternalENodeBFunction=2221-650284;Inter Node Carrier Aggregation Service Unavailable;Elastic RAN Carrier Aggregation is not available towards remote eNodeB.
2025-09-21;08:38:35;AL  ;Cleared;EUtraNetwork=1,ExternalENodeBFunction=2221-208051;Inter Node Carrier Aggregation Service Unavailable;Elastic RAN Carrier Aggregation is not available towards remote eNodeB.
2025-09-21;08:38:42;AL  ;Cleared;EUtraNetwork=1,ExternalENodeBFunction=2221-650267;Inter Node Carrier Aggregation Service Unavailable;Elastic RAN Carrier Aggregation is not available towards remote eNodeB.
2025-09-21;08:38:51;AL  ;Cleared;EUtraNetwork=1,ExternalENodeBFunction=2221-208052;Inter Node Carrier Aggregation Service Unavailable;Elastic RAN Carrier Aggregation is not available towards remote eNodeB.
2025-09-21;08:38:55;AL  ;Cleared;EUtraNetwork=1,ExternalENodeBFunction=2221-650602;Inter Node Carrier Aggregation Service Unavailable;Elastic RAN Carrier Aggregation is not available towards remote eNodeB.
2025-09-21;08:39:26;AL  ;Minor ;EUtraNetwork=1,ExternalENodeBFunction=2221-650267;Inter Node Carrier Aggregation Service Unavailable;Elastic RAN Carrier Aggregation is not available towards remote eNodeB.
2025-09-21;08:39:32;AL  ;Minor ;EUtraNetwork=1,ExternalENodeBFunction=2221-650284;Inter Node Carrier Aggregation Service Unavailable;Elastic RAN Carrier Aggregation is not available towards remote eNodeB.
2025-09-21;08:39:37;AL  ;Minor ;EUtraNetwork=1,ExternalENodeBFunction=2221-208051;Inter Node Carrier Aggregation Service Unavailable;Elastic RAN Carrier Aggregation is not available towards remote eNodeB.
2025-09-21;08:39:53;AL  ;Minor ;EUtraNetwork=1,ExternalENodeBFunction=2221-208052;Inter Node Carrier Aggregation Service Unavailable;Elastic RAN Carrier Aggregation is not available towards remote eNodeB.
2025-09-21;11:52:17;AL  ;Cleared;EUtraNetwork=1,ExternalENodeBFunction=2221-650284;Inter Node Carrier Aggregation Service Unavailable;Elastic RAN Carrier Aggregation is not available towards remote eNodeB.
2025-09-21;11:55:14;AL  ;Cleared;EUtraNetwork=1,ExternalENodeBFunction=2221-650267;Inter Node Carrier Aggregation Service Unavailable;Elastic RAN Carrier Aggregation is not available towards remote eNodeB.
2025-09-21;12:02:06;AL  ;Cleared;EUtraNetwork=1,ExternalENodeBFunction=2221-208052;Inter Node Carrier Aggregation Service Unavailable;Elastic RAN Carrier Aggregation is not available towards remote eNodeB.
2025-09-21;12:02:24;AL  ;Cleared;EUtraNetwork=1,ExternalENodeBFunction=2221-208051;Inter Node Carrier Aggregation Service Unavailable;Elastic RAN Carrier Aggregation is not available towards remote eNodeB.
2025-09-21;15:36:28;AL  ;Minor ;EUtraNetwork=1,ExternalENodeBFunction=2221-208052;Inter Node Carrier Aggregation Service Unavailable;Elastic RAN Carrier Aggregation is not available towards remote eNodeB.
2025-09-22;00:10:45;AL  ;Minor ;EUtraNetwork=1,ExternalENodeBFunction=2221-208051;Inter Node Carrier Aggregation Service Unavailable;Elastic RAN Carrier Aggregation is not available towards remote eNodeB.
2025-09-22;10:31:23;AL  ;Minor ;EUtraNetwork=1,ExternalENodeBFunction=2221-650267;Inter Node Carrier Aggregation Service Unavailable;Elastic RAN Carrier Aggregation is not available towards remote eNodeB.
2025-09-23;06:01:10;AL  ;Minor ;EUtraNetwork=1,ExternalENodeBFunction=2221-650603;Inter Node Carrier Aggregation Service Unavailable;Elastic RAN Carrier Aggregation is not available towards remote eNodeB.
2025-09-23;13:56:37;AL  ;Minor ;ENodeBFunction=1;External Link Failure;X2 link problem to one or several neighbouring eNodeBs. AI: PLMN ID-eNB ID 1 = 2221-650292
2025-09-23;15:57:28;AL  ;Cleared;ENodeBFunction=1;External Link Failure;X2 link problem to one or several neighbouring eNodeBs. AI: PLMN ID-eNB ID 1 = 2221-650292
2025-09-23;18:36:52;AL  ;Minor ;EUtraNetwork=1,ExternalENodeBFunction=2221-650602;Inter Node Carrier Aggregation Service Unavailable;Elastic RAN Carrier Aggregation is not available towards remote eNodeB.
2025-09-24;06:42:40;AL  ;Minor ;ENodeBFunction=1;External Link Failure;X2 link problem to one or several neighbouring eNodeBs. AI: PLMN ID-eNB ID 1 = 2221-212812
2025-09-24;10:02:15;AL  ;Minor ;ENodeBFunction=1;External Link Failure;X2 link problem to one or several neighbouring eNodeBs. AI: PLMN ID-eNB ID 1 = 2221-212812 PLMN ID-eNB ID 2 = 2221-600180
2025-09-24;10:10:37;AL  ;Minor ;ENodeBFunction=1;External Link Failure;X2 link problem to one or several neighbouring eNodeBs. AI: PLMN ID-eNB ID 1 = 2221-212812
2025-09-24;10:22:37;AL  ;Cleared;ENodeBFunction=1;External Link Failure;X2 link problem to one or several neighbouring eNodeBs. AI: PLMN ID-eNB ID 1 = 2221-212812
2025-09-24;17:36:52;AL  ;Minor ;EUtraNetwork=1,ExternalENodeBFunction=2221-212364;Inter Node Carrier Aggregation Service Unavailable;Elastic RAN Carrier Aggregation is not available towards remote eNodeB.
2025-09-25;14:36:28;AL  ;Minor ;EUtraNetwork=1,ExternalENodeBFunction=2221-206045;Inter Node Carrier Aggregation Service Unavailable;Elastic RAN Carrier Aggregation is not available towards remote eNodeB.
2025-09-26;11:05:38;AL  ;Cleared;EUtraNetwork=1,ExternalENodeBFunction=2221-650726;Inter Node Feature Incompatibility;Elastic RAN feature is not activated in remote eNodeB. SUPPRESSED
2025-09-26;17:01:49;AL  ;Minor ;EUtraNetwork=1,ExternalENodeBFunction=2221-206605;Inter Node Carrier Aggregation Service Unavailable;Elastic RAN Carrier Aggregation is not available towards remote eNodeB.
2025-09-27;14:19:39;AL  ;Minor ;ENodeBFunction=1;External Link Failure;X2 link problem to one or several neighbouring eNodeBs. AI: PLMN ID-eNB ID 1 = 2221-650819
2025-09-28;08:39:16;AL  ;Cleared;EUtraNetwork=1,ExternalENodeBFunction=2221-206045;Inter Node Carrier Aggregation Service Unavailable;Elastic RAN Carrier Aggregation is not available towards remote eNodeB.
2025-09-28;08:39:25;AL  ;Cleared;ENodeBFunction=1;External Link Failure;X2 link problem to one or several neighbouring eNodeBs. AI: PLMN ID-eNB ID 1 = 2221-650819
2025-09-28;08:39:25;AL  ;Cleared;EUtraNetwork=1,ExternalENodeBFunction=2221-650603;Inter Node Carrier Aggregation Service Unavailable;Elastic RAN Carrier Aggregation is not available towards remote eNodeB.
2025-09-28;08:39:30;AL  ;Cleared;EUtraNetwork=1,ExternalENodeBFunction=2221-212364;Inter Node Carrier Aggregation Service Unavailable;Elastic RAN Carrier Aggregation is not available towards remote eNodeB.
2025-09-28;08:39:36;AL  ;Cleared;EUtraNetwork=1,ExternalENodeBFunction=2221-208051;Inter Node Carrier Aggregation Service Unavailable;Elastic RAN Carrier Aggregation is not available towards remote eNodeB.
2025-09-28;08:39:44;AL  ;Cleared;EUtraNetwork=1,ExternalENodeBFunction=2221-650267;Inter Node Carrier Aggregation Service Unavailable;Elastic RAN Carrier Aggregation is not available towards remote eNodeB.
2025-09-28;08:39:53;AL  ;Cleared;EUtraNetwork=1,ExternalENodeBFunction=2221-206605;Inter Node Carrier Aggregation Service Unavailable;Elastic RAN Carrier Aggregation is not available towards remote eNodeB.
2025-09-28;08:39:57;AL  ;Minor ;EUtraNetwork=1,ExternalENodeBFunction=2221-650267;Inter Node Carrier Aggregation Service Unavailable;Elastic RAN Carrier Aggregation is not available towards remote eNodeB.
2025-09-28;08:39:57;AL  ;Cleared;EUtraNetwork=1,ExternalENodeBFunction=2221-208052;Inter Node Carrier Aggregation Service Unavailable;Elastic RAN Carrier Aggregation is not available towards remote eNodeB.
2025-09-28;08:40:02;AL  ;Cleared;EUtraNetwork=1,ExternalENodeBFunction=2221-650602;Inter Node Carrier Aggregation Service Unavailable;Elastic RAN Carrier Aggregation is not available towards remote eNodeB.
2025-09-28;08:40:38;AL  ;Minor ;EUtraNetwork=1,ExternalENodeBFunction=2221-208051;Inter Node Carrier Aggregation Service Unavailable;Elastic RAN Carrier Aggregation is not available towards remote eNodeB.
2025-09-28;08:40:55;AL  ;Minor ;EUtraNetwork=1,ExternalENodeBFunction=2221-206605;Inter Node Carrier Aggregation Service Unavailable;Elastic RAN Carrier Aggregation is not available towards remote eNodeB.
2025-09-28;08:41:00;AL  ;Minor ;EUtraNetwork=1,ExternalENodeBFunction=2221-208052;Inter Node Carrier Aggregation Service Unavailable;Elastic RAN Carrier Aggregation is not available towards remote eNodeB.
2025-09-28;11:53:14;AL  ;Cleared;EUtraNetwork=1,ExternalENodeBFunction=2221-206605;Inter Node Carrier Aggregation Service Unavailable;Elastic RAN Carrier Aggregation is not available towards remote eNodeB.
2025-09-28;11:54:58;AL  ;Cleared;EUtraNetwork=1,ExternalENodeBFunction=2221-650267;Inter Node Carrier Aggregation Service Unavailable;Elastic RAN Carrier Aggregation is not available towards remote eNodeB.
2025-09-28;12:00:35;AL  ;Cleared;EUtraNetwork=1,ExternalENodeBFunction=2221-208052;Inter Node Carrier Aggregation Service Unavailable;Elastic RAN Carrier Aggregation is not available towards remote eNodeB.
2025-09-28;12:00:39;AL  ;Cleared;EUtraNetwork=1,ExternalENodeBFunction=2221-208051;Inter Node Carrier Aggregation Service Unavailable;Elastic RAN Carrier Aggregation is not available towards remote eNodeB.
2025-09-29;12:36:28;AL  ;Minor ;EUtraNetwork=1,ExternalENodeBFunction=2221-208052;Inter Node Carrier Aggregation Service Unavailable;Elastic RAN Carrier Aggregation is not available towards remote eNodeB.
2025-09-29;14:36:28;AL  ;Minor ;EUtraNetwork=1,ExternalENodeBFunction=2221-208051;Inter Node Carrier Aggregation Service Unavailable;Elastic RAN Carrier Aggregation is not available towards remote eNodeB.
2025-09-29;15:31:23;AL  ;Minor ;EUtraNetwork=1,ExternalENodeBFunction=2221-650267;Inter Node Carrier Aggregation Service Unavailable;Elastic RAN Carrier Aggregation is not available towards remote eNodeB.
2025-09-30;06:47:45;AL  ;Minor ;ENodeBFunction=1;External Link Failure;X2 link problem to one or several neighbouring eNodeBs. AI: PLMN ID-eNB ID 1 = 2221-205076
2025-09-30;08:58:11;AL  ;Minor ;ENodeBFunction=1;External Link Failure;X2 link problem to one or several neighbouring eNodeBs. AI: PLMN ID-eNB ID 1 = 2221-205076 PLMN ID-eNB ID 2 = 2221-601316 PLMN ID-eNB ID 3 = 2221-650220
2025-09-30;12:39:50;AL  ;Minor ;ENodeBFunction=1;External Link Failure;X2 link problem to one or several neighbouring eNodeBs. AI: PLMN ID-eNB ID 1 = 2221-601316 PLMN ID-eNB ID 2 = 2221-650220
2025-09-30;13:00:49;AL  ;Cleared;ENodeBFunction=1;External Link Failure;X2 link problem to one or several neighbouring eNodeBs. AI: PLMN ID-eNB ID 1 = 2221-650220
2025-09-30;18:12:29;AL  ;Minor ;ENodeBFunction=1;External Link Failure;X2 link problem to one or several neighbouring eNodeBs. AI: PLMN ID-eNB ID 1 = 2221-650274
2025-10-01;03:50:25;AL  ;Minor ;EUtraNetwork=1,ExternalENodeBFunction=2221-650200;Inter Node Carrier Aggregation Service Unavailable;Elastic RAN Carrier Aggregation is not available towards remote eNodeB.
2025-10-01;09:23:00;AL  ;Minor ;ENodeBFunction=1;External Link Failure;X2 link problem to one or several neighbouring eNodeBs. AI: PLMN ID-eNB ID 1 = 2221-650274 PLMN ID-eNB ID 2 = 2221-212848
2025-10-01;15:36:28;AL  ;Minor ;EUtraNetwork=1,ExternalENodeBFunction=2221-650602;Inter Node Carrier Aggregation Service Unavailable;Elastic RAN Carrier Aggregation is not available towards remote eNodeB.
2025-10-01;23:42:42;AL  ;Minor ;ENodeBFunction=1;External Link Failure;X2 link problem to one or several neighbouring eNodeBs. AI: PLMN ID-eNB ID 1 = 2221-650274 PLMN ID-eNB ID 2 = 2221-212848 PLMN ID-eNB ID 3 = 2221-212847 PLMN ID-eNB ID 4 = 2221-601316
2025-10-01;23:44:01;AL  ;Minor ;ENodeBFunction=1;External Link Failure;X2 link problem to one or several neighbouring eNodeBs. AI: PLMN ID-eNB ID 1 = 2221-650274 PLMN ID-eNB ID 2 = 2221-212848 PLMN ID-eNB ID 3 = 2221-212847 PLMN ID-eNB ID 4 = 2221-211796
2025-10-01;23:52:31;AL  ;Minor ;ENodeBFunction=1;External Link Failure;X2 link problem to one or several neighbouring eNodeBs. AI: PLMN ID-eNB ID 1 = 2221-650274 PLMN ID-eNB ID 2 = 2221-212848 PLMN ID-eNB ID 3 = 2221-212847
2025-10-01;23:57:00;AL  ;Minor ;ENodeBFunction=1;External Link Failure;X2 link problem to one or several neighbouring eNodeBs. AI: PLMN ID-eNB ID 1 = 2221-650274 PLMN ID-eNB ID 2 = 2221-212848 PLMN ID-eNB ID 3 = 2221-212847 PLMN ID-eNB ID 4 = 2221-650403
2025-10-02;00:01:40;AL  ;Minor ;ENodeBFunction=1;External Link Failure;X2 link problem to one or several neighbouring eNodeBs. AI: PLMN ID-eNB ID 1 = 2221-650274 PLMN ID-eNB ID 2 = 2221-212848 PLMN ID-eNB ID 3 = 2221-212847
2025-10-02;01:11:21;AL  ;Minor ;ENodeBFunction=1;External Link Failure;X2 link problem to one or several neighbouring eNodeBs. AI: PLMN ID-eNB ID 1 = 2221-650274 PLMN ID-eNB ID 2 = 2221-212848 PLMN ID-eNB ID 3 = 2221-212847 PLMN ID-eNB ID 4 = 2221-650183
2025-10-02;01:53:53;AL  ;Minor ;ENodeBFunction=1;External Link Failure;X2 link problem to one or several neighbouring eNodeBs. AI: PLMN ID-eNB ID 1 = 2221-650274 PLMN ID-eNB ID 2 = 2221-212848 PLMN ID-eNB ID 3 = 2221-212847 PLMN ID-eNB ID 4 = 2221-650183 PLMN ID-eNB ID 5 = 2221-650761
2025-10-02;02:09:08;AL  ;Minor ;ENodeBFunction=1;External Link Failure;X2 link problem to one or several neighbouring eNodeBs. AI: PLMN ID-eNB ID 1 = 2221-650274 PLMN ID-eNB ID 2 = 2221-212848 PLMN ID-eNB ID 3 = 2221-212847 PLMN ID-eNB ID 4 = 2221-650183
2025-10-02;03:23:40;AL  ;Minor ;ENodeBFunction=1;External Link Failure;X2 link problem to one or several neighbouring eNodeBs. AI: PLMN ID-eNB ID 1 = 2221-650274 PLMN ID-eNB ID 2 = 2221-212848 PLMN ID-eNB ID 3 = 2221-212847 PLMN ID-eNB ID 4 = 2221-650183 PLMN ID-eNB ID 5 = 2221-650826
2025-10-02;03:42:44;AL  ;Minor ;ENodeBFunction=1;External Link Failure;X2 link problem to one or several neighbouring eNodeBs. AI: PLMN ID-eNB ID 1 = 2221-650274 PLMN ID-eNB ID 2 = 2221-212848 PLMN ID-eNB ID 3 = 2221-212847 PLMN ID-eNB ID 4 = 2221-650183
2025-10-02;06:01:56;AL  ;Minor ;EUtraNetwork=1,ExternalENodeBFunction=2221-212364;Inter Node Carrier Aggregation Service Unavailable;Elastic RAN Carrier Aggregation is not available towards remote eNodeB.
2025-10-02;08:44:21;AL  ;Minor ;ENodeBFunction=1;External Link Failure;X2 link problem to one or several neighbouring eNodeBs. AI: PLMN ID-eNB ID 1 = 2221-650274 PLMN ID-eNB ID 2 = 2221-212848 PLMN ID-eNB ID 3 = 2221-212847
2025-10-02;10:12:32;AL  ;Minor ;EUtraNetwork=1,ExternalENodeBFunction=2221-206045;Inter Node Carrier Aggregation Service Unavailable;Elastic RAN Carrier Aggregation is not available towards remote eNodeB.
2025-10-02;12:18:24;AL  ;Minor ;ENodeBFunction=1;External Link Failure;X2 link problem to one or several neighbouring eNodeBs. AI: PLMN ID-eNB ID 1 = 2221-212848 PLMN ID-eNB ID 2 = 2221-212847
2025-10-03;08:59:25;AL  ;Cleared;EUtraNetwork=1,ExternalENodeBFunction=2221-650288;Inter Node Feature Incompatibility;Elastic RAN feature is not activated in remote eNodeB. SUPPRESSED
2025-10-03;10:01:49;AL  ;Minor ;EUtraNetwork=1,ExternalENodeBFunction=2221-206605;Inter Node Carrier Aggregation Service Unavailable;Elastic RAN Carrier Aggregation is not available towards remote eNodeB.
2025-10-03;14:40:13;AL  ;Minor ;ENodeBFunction=1;External Link Failure;X2 link problem to one or several neighbouring eNodeBs. AI: PLMN ID-eNB ID 1 = 2221-212848 PLMN ID-eNB ID 2 = 2221-212847 PLMN ID-eNB ID 3 = 2221-650274
2025-10-03;18:53:43;AL  ;Minor ;ENodeBFunction=1;External Link Failure;X2 link problem to one or several neighbouring eNodeBs. AI: PLMN ID-eNB ID 1 = 2221-212848 PLMN ID-eNB ID 2 = 2221-212847
2025-10-03;22:16:58;AL  ;Minor ;EUtraNetwork=1,ExternalENodeBFunction=2221-650288;Inter Node Feature Incompatibility;Elastic RAN feature is not activated in remote eNodeB. SUPPRESSED
2025-10-04;11:40:55;AL  ;Minor ;ENodeBFunction=1;External Link Failure;X2 link problem to one or several neighbouring eNodeBs. AI: PLMN ID-eNB ID 1 = 2221-212848 PLMN ID-eNB ID 2 = 2221-212847 PLMN ID-eNB ID 3 = 2221-650274
2025-10-04;12:36:25;AL  ;Minor ;ENodeBFunction=1;External Link Failure;X2 link problem to one or several neighbouring eNodeBs. AI: PLMN ID-eNB ID 1 = 2221-212848 PLMN ID-eNB ID 2 = 2221-212847
2025-10-04;17:01:02;AL  ;Minor ;EUtraNetwork=1,ExternalENodeBFunction=2221-206046;Inter Node Carrier Aggregation Service Unavailable;Elastic RAN Carrier Aggregation is not available towards remote eNodeB.
2025-10-05;08:32:25;AL  ;Cleared;EUtraNetwork=1,ExternalENodeBFunction=2221-206045;Inter Node Carrier Aggregation Service Unavailable;Elastic RAN Carrier Aggregation is not available towards remote eNodeB.
2025-10-05;08:32:32;AL  ;Cleared;ENodeBFunction=1;External Link Failure;X2 link problem to one or several neighbouring eNodeBs. AI: PLMN ID-eNB ID 1 = 2221-212848 PLMN ID-eNB ID 2 = 2221-212847
2025-10-05;08:32:32;AL  ;Cleared;EUtraNetwork=1,ExternalENodeBFunction=2221-212364;Inter Node Carrier Aggregation Service Unavailable;Elastic RAN Carrier Aggregation is not available towards remote eNodeB.
2025-10-05;08:32:37;AL  ;Cleared;EUtraNetwork=1,ExternalENodeBFunction=2221-650200;Inter Node Carrier Aggregation Service Unavailable;Elastic RAN Carrier Aggregation is not available towards remote eNodeB.
2025-10-05;08:32:42;AL  ;Cleared;EUtraNetwork=1,ExternalENodeBFunction=2221-208051;Inter Node Carrier Aggregation Service Unavailable;Elastic RAN Carrier Aggregation is not available towards remote eNodeB.
2025-10-05;08:32:49;AL  ;Cleared;EUtraNetwork=1,ExternalENodeBFunction=2221-206046;Inter Node Carrier Aggregation Service Unavailable;Elastic RAN Carrier Aggregation is not available towards remote eNodeB.
2025-10-05;08:32:53;AL  ;Cleared;EUtraNetwork=1,ExternalENodeBFunction=2221-650267;Inter Node Carrier Aggregation Service Unavailable;Elastic RAN Carrier Aggregation is not available towards remote eNodeB.
2025-10-05;08:33:01;AL  ;Cleared;EUtraNetwork=1,ExternalENodeBFunction=2221-206605;Inter Node Carrier Aggregation Service Unavailable;Elastic RAN Carrier Aggregation is not available towards remote eNodeB.
2025-10-05;08:33:05;AL  ;Minor ;EUtraNetwork=1,ExternalENodeBFunction=2221-650267;Inter Node Carrier Aggregation Service Unavailable;Elastic RAN Carrier Aggregation is not available towards remote eNodeB.
2025-10-05;08:33:05;AL  ;Cleared;EUtraNetwork=1,ExternalENodeBFunction=2221-208052;Inter Node Carrier Aggregation Service Unavailable;Elastic RAN Carrier Aggregation is not available towards remote eNodeB.
2025-10-05;08:33:09;AL  ;Cleared;EUtraNetwork=1,ExternalENodeBFunction=2221-650602;Inter Node Carrier Aggregation Service Unavailable;Elastic RAN Carrier Aggregation is not available towards remote eNodeB.
2025-10-05;08:33:28;AL  ;Minor ;EUtraNetwork=1,ExternalENodeBFunction=2221-206045;Inter Node Carrier Aggregation Service Unavailable;Elastic RAN Carrier Aggregation is not available towards remote eNodeB.
2025-10-05;08:33:45;AL  ;Minor ;EUtraNetwork=1,ExternalENodeBFunction=2221-208051;Inter Node Carrier Aggregation Service Unavailable;Elastic RAN Carrier Aggregation is not available towards remote eNodeB.
2025-10-05;08:33:51;AL  ;Minor ;EUtraNetwork=1,ExternalENodeBFunction=2221-206046;Inter Node Carrier Aggregation Service Unavailable;Elastic RAN Carrier Aggregation is not available towards remote eNodeB.
2025-10-05;08:34:03;AL  ;Minor ;EUtraNetwork=1,ExternalENodeBFunction=2221-206605;Inter Node Carrier Aggregation Service Unavailable;Elastic RAN Carrier Aggregation is not available towards remote eNodeB.
2025-10-05;08:34:07;AL  ;Minor ;EUtraNetwork=1,ExternalENodeBFunction=2221-208052;Inter Node Carrier Aggregation Service Unavailable;Elastic RAN Carrier Aggregation is not available towards remote eNodeB.
2025-10-05;11:02:14;AL  ;Cleared;EUtraNetwork=1,ExternalENodeBFunction=2221-206046;Inter Node Carrier Aggregation Service Unavailable;Elastic RAN Carrier Aggregation is not available towards remote eNodeB.
2025-10-05;11:02:57;AL  ;Cleared;EUtraNetwork=1,ExternalENodeBFunction=2221-206045;Inter Node Carrier Aggregation Service Unavailable;Elastic RAN Carrier Aggregation is not available towards remote eNodeB.
2025-10-05;11:35:56;AL  ;Cleared;EUtraNetwork=1,ExternalENodeBFunction=2221-206605;Inter Node Carrier Aggregation Service Unavailable;Elastic RAN Carrier Aggregation is not available towards remote eNodeB.
2025-10-05;11:37:08;AL  ;Cleared;EUtraNetwork=1,ExternalENodeBFunction=2221-650267;Inter Node Carrier Aggregation Service Unavailable;Elastic RAN Carrier Aggregation is not available towards remote eNodeB.
2025-10-05;11:43:22;AL  ;Cleared;EUtraNetwork=1,ExternalENodeBFunction=2221-208052;Inter Node Carrier Aggregation Service Unavailable;Elastic RAN Carrier Aggregation is not available towards remote eNodeB.
2025-10-05;11:43:23;AL  ;Cleared;EUtraNetwork=1,ExternalENodeBFunction=2221-208051;Inter Node Carrier Aggregation Service Unavailable;Elastic RAN Carrier Aggregation is not available towards remote eNodeB.
2025-10-05;15:31:23;AL  ;Minor ;EUtraNetwork=1,ExternalENodeBFunction=2221-650267;Inter Node Carrier Aggregation Service Unavailable;Elastic RAN Carrier Aggregation is not available towards remote eNodeB.
2025-10-05;16:06:00;AL  ;Minor ;ENodeBFunction=1;External Link Failure;X2 link problem to one or several neighbouring eNodeBs. AI: PLMN ID-eNB ID 1 = 2221-650397
2025-10-05;16:17:43;AL  ;Cleared;ENodeBFunction=1;External Link Failure;X2 link problem to one or several neighbouring eNodeBs. AI: PLMN ID-eNB ID 1 = 2221-650397
2025-10-05;20:16:47;AL  ;Minor ;ENodeBFunction=1;External Link Failure;X2 link problem to one or several neighbouring eNodeBs. AI: PLMN ID-eNB ID 1 = 2221-650726
2025-10-05;20:17:33;AL  ;Cleared;ENodeBFunction=1;External Link Failure;X2 link problem to one or several neighbouring eNodeBs. AI: PLMN ID-eNB ID 1 = 2221-650726
2025-10-05;22:34:01;AL  ;Minor ;EUtraNetwork=1,ExternalENodeBFunction=2221-650648;Inter Node Carrier Aggregation Service Unavailable;Elastic RAN Carrier Aggregation is not available towards remote eNodeB.
2025-10-05;22:36:27;AL  ;Minor ;EUtraNetwork=1,ExternalENodeBFunction=2221-208051;Inter Node Carrier Aggregation Service Unavailable;Elastic RAN Carrier Aggregation is not available towards remote eNodeB.
2025-10-06;06:01:07;AL  ;Minor ;EUtraNetwork=1,ExternalENodeBFunction=2221-208052;Inter Node Carrier Aggregation Service Unavailable;Elastic RAN Carrier Aggregation is not available towards remote eNodeB.
2025-10-06;06:37:16;AL  ;Minor ;ENodeBFunction=1;External Link Failure;X2 link problem to one or several neighbouring eNodeBs. AI: PLMN ID-eNB ID 1 = 2221-650819
2025-10-06;08:00:33;AL  ;Cleared;ENodeBFunction=1;External Link Failure;X2 link problem to one or several neighbouring eNodeBs. AI: PLMN ID-eNB ID 1 = 2221-650819
2025-10-06;10:37:59;AL  ;Minor ;EUtraNetwork=1,ExternalENodeBFunction=2221-650603;Inter Node Carrier Aggregation Service Unavailable;Elastic RAN Carrier Aggregation is not available towards remote eNodeB.
2025-10-06;18:36:53;AL  ;Minor ;EUtraNetwork=1,ExternalENodeBFunction=2221-212364;Inter Node Carrier Aggregation Service Unavailable;Elastic RAN Carrier Aggregation is not available towards remote eNodeB.


CZC3T> lgec -m 30d

251007-11:44:56+0200 19.31.13.186 25.0h MSRBS_NODE_MODEL_25.Q1_693.28324.131_62ac stopfile=/tmp/946057

Startdate=20250907.094456, Enddate=20251008.094456
Date;Time;Log;Severity;Object;Event;Cause;AdditionalText;AckState;Id;NotificationId;CorrelatedAlarms
Executing action Log.export()
..
Log=AlertLog                    actionId=27835
...
=================================================================================================================
MO                  actionId result      resultInfo
=================================================================================================================
LogM=1,Log=AlertLog 27835    1 (SUCCESS)           
cat  /ericsson/log/amos/moshell_logfiles/t20251007_37258710_53697/logs_moshell/tempfiles/scp-2-amos_20251007-114410_945988/rcslogs/AlertLog_20230515__073207_20250224__231705.log /ericsson/log/amos/moshell_logfiles/t20251007_37258710_53697/logs_moshell/tempfiles/scp-2-amos_20251007-114410_945988/rcslogs/AlertLog_20250224__231705.log > /ericsson/log/amos/moshell_logfiles/t20251007_37258710_53697/logs_moshell/tempfiles/scp-2-amos_20251007-114410_945988/eventLog946057.xml
2025-09-10;17:37:53;EV  ;Warning;RiLink=S210-1;Radio Interface Connectivity Disturbance Alert;Near end port:FieldReplaceableUnit=BB-1,RiPort=A (transportType=NOT_SET) (Mixed Mode with other ME). SUPPRESSED
2025-09-11;06:56:21;EV  ;Warning;RiLink=S210-1;Radio Interface Connectivity Disturbance Alert;Near end port:FieldReplaceableUnit=BB-1,RiPort=A (transportType=NOT_SET) (Mixed Mode with other ME). SUPPRESSED
2025-09-12;13:32:35;EV  ;Warning;RiLink=S210-1;Radio Interface Connectivity Disturbance Alert;Near end port:FieldReplaceableUnit=BB-1,RiPort=A (transportType=NOT_SET) (Mixed Mode with other ME). SUPPRESSED
2025-09-24;07:15:20;EV  ;Warning;RiLink=S210-1;Radio Interface Connectivity Disturbance Alert;Near end port:FieldReplaceableUnit=BB-1,RiPort=A (transportType=NOT_SET) (Mixed Mode with other ME). SUPPRESSED
2025-10-02;04:18:04;EV  ;Warning;RiLink=S210-1;Radio Interface Connectivity Disturbance Alert;Near end port:FieldReplaceableUnit=BB-1,RiPort=A (transportType=NOT_SET) (Mixed Mode with other ME). SUPPRESSED
2025-10-02;10:25:13;EV  ;Warning;RiLink=S210-1;Radio Interface Connectivity Disturbance Alert;Near end port:FieldReplaceableUnit=BB-1,RiPort=A (transportType=NOT_SET) (Mixed Mode with other ME). SUPPRESSED
2025-10-07;04:06:04;EV  ;Warning;RiLink=S210-1;Radio Interface Connectivity Disturbance Alert;Near end port:FieldReplaceableUnit=BB-1,RiPort=A (transportType=NOT_SET) (Mixed Mode with other ME). SUPPRESSED
2025-10-07;06:22:51;EV  ;Warning;RiLink=S210-1;Radio Interface Connectivity Disturbance Alert;Near end port:FieldReplaceableUnit=BB-1,RiPort=A (transportType=NOT_SET) (Mixed Mode with other ME). SUPPRESSED

Bye...
Output has been logged to file /mta_fs/UserFiles/37258710/amosbatch/2025-10-07_11-07-01_53697/CZC3T.log
