Logging to file /mta_fs/UserFiles/37258710/amosbatch/2025-10-07_11-07-01_53697/KR24E.log
                        __  __  ____   _____
                  /\   |  \/  |/ __ \ / ____|
                 /  \  | \  / | |  | | (___  
                / /\ \ | |\/| | |  | |\___ \ 
               / ____ \| |  | | |__| |____) |
              /_/    \_\_|  |_|\____/|_____/
              OSS Framework for MoShell-25.0h 
  Copyright (c) Ericsson AB 2001-2025 - All Rights Reserved
              
           
[1;31mWARNING: [0mthe AMOS version currently running is more than 22 weeks old and is unsupported.
Please upgrade as soon as possible to the latest released version, available from your local Ericsson support.

$amosrb_pid = 660925

Checking ip contact...OK

HELP MENU            : h
BASIC MO COMMANDS    : m
OTHER MO COMMANDS    : n
OTHER COMMANDS       : o
PM COMMANDS          : p
QUIT                 : q

KR24E> lt all

251007-11:10:55+0200 19.31.11.156 25.0h  stopfile=/tmp/660590
Looking up temporary_amos account... OK.
Trying temporary_amos_t20251007_37258710_53697_313's password from amos lookupAccount ... OK

$ssh_pid = 662976

Connected to 19.31.11.156 (SubNetwork=BBMM_rckomc_R,MeContext=KR24E,ManagedElement=KR24E)

Checking MOM version...MSRBS_NODE_MODEL_25.Q1_693.28324.131_62ac
Parsing MOM (cached): /ericsson/log/amos/moshell_logfiles/t20251007_37258710_53697/logs_moshell/tempfiles/scp-2-amos_20251007-111048_660516/MSRBS_NODE_MODEL_25.Q1_693.28324.131_62ac.xml.cache.gz ..................................................................................................................................................................................................................................Done.
Using paramfile /opt/ericsson/amos/moshell/commonjars/pm/PARAM_MSRBS_25.Q1.txt
Parsing file /opt/ericsson/amos/moshell/commonjars/pm/PARAM_MSRBS_25.Q1.txt .......................................................................................Done.
Using imomdfile /opt/ericsson/amos/moshell/commonjars/pm/IMOMD_MSRBS_22.Q4.txt
Using imomfile /opt/ericsson/amos/moshell/commonjars/pm/IMOM_MSRBS_25.Q1.txt
Connected to 19.31.11.156 (SubNetwork=BBMM_rckomc_R,MeContext=KR24E,ManagedElement=KR24E)

Last MO: 21236. Loaded 21236 MOs. Total: 21237 MOs.

KR24E> hget EUtranCellFDD ^cellid

251007-11:11:11+0200 19.31.11.156 25.0h MSRBS_NODE_MODEL_25.Q1_693.28324.131_62ac stopfile=/tmp/660590
.
=================================================================================================================
MO                   cellId
=================================================================================================================
EUtranCellFDD=KR24E1 61    
EUtranCellFDD=KR24E2 62    
EUtranCellFDD=KR24E3 63    
EUtranCellFDD=KR24E4 64    
EUtranCellFDD=KR24M1 31    
EUtranCellFDD=KR24M2 32    
EUtranCellFDD=KR24M3 33    
EUtranCellFDD=KR24M4 34    
EUtranCellFDD=KR24T1 41    
EUtranCellFDD=KR24T2 42    
EUtranCellFDD=KR24T3 43    
EUtranCellFDD=KR24T4 44    
=================================================================================================================
Total: 12 MOs

Added 12 MOs to group: hget_group

KR24E> hget NbIotCell ^cellid

251007-11:11:12+0200 19.31.11.156 25.0h MSRBS_NODE_MODEL_25.Q1_693.28324.131_62ac stopfile=/tmp/660590
.
=================================================================================================================
MO               cellId
=================================================================================================================
NbIotCell=KR24N1 161   
NbIotCell=KR24N2 162   
NbIotCell=KR24N3 163   
NbIotCell=KR24N4 164   
=================================================================================================================
Total: 4 MOs

Added 4 MOs to group: hget_group

KR24E> hget NRCellDU ^cellLocalId

251007-11:11:12+0200 19.31.11.156 25.0h MSRBS_NODE_MODEL_25.Q1_693.28324.131_62ac stopfile=/tmp/660590
.
=================================================================================================================
MO              cellLocalId
=================================================================================================================
NRCellDU=KR24G1 561        
NRCellDU=KR24G2 562        
NRCellDU=KR24G3 563        
NRCellDU=KR24G4 564        
=================================================================================================================
Total: 4 MOs

Added 4 MOs to group: hget_group

KR24E> lgdc -m 30d

251007-11:11:12+0200 19.31.11.156 25.0h MSRBS_NODE_MODEL_25.Q1_693.28324.131_62ac stopfile=/tmp/660590

Startdate=20250907.091112, Enddate=20251008.091112
INFO: Using amos lookupAccount credentials for the export login

Executing action LogM.exportAvailabilityLog()
...LogM=1,exportAvailabilityLog    actionId=30150
...
=================================================================================================================
MO     actionId result      resultInfo
=================================================================================================================
LogM=1 30150    1 (SUCCESS)           
cp /ericsson/log/amos/moshell_logfiles/t20251007_37258710_53697/logs_moshell/tempfiles/scp-2-amos_20251007-111048_660516/rcslogs/RBS_CS_AVAILABILITY_LOG_20251007091115.xml /ericsson/log/amos/moshell_logfiles/t20251007_37258710_53697/logs_moshell/tempfiles/scp-2-amos_20251007-111048_660516/availabilityLog660590.xml
Parsing availabilityLog.......Done.
....
Date;Time;RestartType;SwVersion;SwRelease;RCSDowntime;ApplicationDowntime;TNDowntime;RATsDowntime;ExtraInfo;ExtraInfo2
2025-09-08;03:33:38;PartialOutage(Manual);8% Lrat Cell 43; ();10s;;;;;
2025-09-08;03:33:53;PartialOutage(Manual);8% Lrat Cell 44; ();8s;;;;;
2025-09-08;03:34:02;PartialOutage(Manual);8% Lrat Cell 41; ();11s;;;;;
2025-09-08;03:34:18;PartialOutage(Manual);8% Lrat Cell 42; ();7s;;;;;
2025-09-08;03:34:28;PartialOutage(Manual);8% Lrat Cell 64; ();10s;;;;;
2025-09-08;03:34:40;PartialOutage(Manual);8% Lrat Cell 62; ();11s;;;;;
2025-09-08;03:34:51;PartialOutage(Manual);37% Lrat Cell 162; ();2s;;;;;
2025-09-08;03:34:53;PartialOutage(Manual);37% Lrat Cell 162 163; ();1s;;;;;
2025-09-08;03:34:54;PartialOutage(Manual);8% Lrat Cell 63; ();10s;;;;;
2025-09-08;03:35:08;PartialOutage(Manual);8% Lrat Cell 61; ();14s;;;;;
2025-09-08;03:35:24;PartialOutage(Manual);8% Lrat Cell 34; ();3s;;;;;
2025-09-08;03:35:27;PartialOutage(Manual);43% Lrat Cell 161; ();9s;;;;;
2025-09-08;03:35:38;PartialOutage(Manual);8% Lrat Cell 32; ();4s;;;;;
2025-09-08;03:35:51;PartialOutage(Manual);8% Lrat Cell 33; ();10s;;;;;
2025-09-08;03:36:03;PartialOutage(Manual);8% Lrat Cell 31; ();10s;;;;;
2025-09-22;08:12:12;PartialOutage(System);100% GNBDU Cell 561 562 563 564; ();81s (1m21s);;;;;
2025-09-22;08:12:12;PartialOutage(System);25% Lrat Cell 61 62 63; ();1s;;;;;
2025-09-22;08:12:13;PartialOutage(System);92% Lrat Cell 61 62 63 64 31 32 33 34 41 42 43; ();1s;;;;;
2025-09-22;08:12:14;PartialOutage(System);100% Lrat Cell 61 62 63 64 31 32 33 34 41 42 43 44; ();29s;;;;;
2025-09-22;08:12:43;PartialOutage(System);100% Lrat Cell 61 62 63 64 31 32 34 41 42 43 44; ();1s;;;;;
2025-09-22;08:12:44;PartialOutage(System);100% Lrat Cell 61 62 63 64 34 41 42 44; ();1s;;;;;
2025-09-22;08:12:45;PartialOutage(System);100% Lrat Cell 61 62 63 64 41 42 44; ();1s;;;;;
2025-09-22;08:12:46;PartialOutage(System);100% Lrat Cell 61 62 63 64 44; ();1s;;;;;
2025-09-22;08:12:47;PartialOutage(System);100% Lrat Cell 61 62 63 64; ();28s;;;;;
2025-09-22;08:13:15;PartialOutage(System);66% Lrat Cell 61 63 64; ();1s;;;;;
2025-09-22;09:03:21;PartialOutage(System);100% GNBDU Cell 561 562 563 564; ();80s (1m20s);;;;;
2025-09-22;09:03:21;PartialOutage(System);33% Lrat Cell 61 62 63 64; ();1s;;;;;
2025-09-22;09:03:22;PartialOutage(System);100% Lrat Cell 61 62 63 64 31 32 33 34 41 42 43 44; ();30s;;;;;
2025-09-22;09:03:52;PartialOutage(System);100% Lrat Cell 61 62 63 64 32 34 42 43 44; ();1s;;;;;
2025-09-22;09:03:53;PartialOutage(System);100% Lrat Cell 61 62 63 64 34 43 44; ();1s;;;;;
2025-09-22;09:03:54;PartialOutage(System);100% Lrat Cell 61 62 63 64 43 44; ();2s;;;;;
2025-09-22;09:03:56;PartialOutage(System);100% Lrat Cell 61 62 63 64; ();28s;;;;;
2025-09-22;09:04:24;PartialOutage(System);66% Lrat Cell 61; ();1s;;;;;
2025-09-22;12:40:35;PartialOutage(System);100% GNBDU Cell 561 562 563 564; ();24s;;;;;
2025-09-22;12:40:35;PartialOutage(System);100% Lrat Cell 161 162 163 164; ();1s;;;;;
2025-09-22;12:40:36;PartialOutage(System);100% Lrat Cell 61 62 63 64 31 32 33 34 41 42 43 44; ();17s;;;;;
2025-09-22;12:40:53;PartialOutage(System);100% Lrat Cell 61 62 63 64 32 33 34 42 44; ();1s;;;;;
2025-09-22;12:40:54;PartialOutage(System);100% Lrat Cell 61 62 63 64 33; ();1s;;;;;
2025-09-22;12:40:55;PartialOutage(System);100% Lrat Cell 63 64 33; ();1s;;;;;
2025-09-22;12:40:56;PartialOutage(System);100% Lrat Cell 63; ();1s;;;;;
2025-09-22;12:40:59;PartialOutage(System);75% GNBDU Cell 561 562 563; ();1s;;;;;
2025-09-22;12:41:00;PartialOutage(System);50% GNBDU Cell 561 562; ();27s;;;;;
2025-10-02;09:42:26;PartialOutage(System);100% GNBDU Cell 561 562 563 564; ();23s;;;;;
2025-10-02;09:42:27;PartialOutage(System);58% Lrat Cell 61 62 63 64 31 32 33; ();1s;;;;;
2025-10-02;09:42:28;PartialOutage(System);100% Lrat Cell 61 62 63 64 31 32 33 34 41 42 43 44; ();16s;;;;;
2025-10-02;09:42:44;PartialOutage(System);100% Lrat Cell 61 62 63 64 32 33 34 41 42 43 44; ();1s;;;;;
2025-10-02;09:42:45;PartialOutage(System);100% Lrat Cell 61 62 63 64 32 34 41 42 43 44; ();1s;;;;;
2025-10-02;09:42:46;PartialOutage(System);100% Lrat Cell 61 62 63 64 41 43 44; ();1s;;;;;
2025-10-02;09:42:47;PartialOutage(System);100% Lrat Cell 61 62 64 43 44; ();1s;;;;;
2025-10-02;09:42:48;PartialOutage(System);100% Lrat Cell 161 162 164; ();1s;;;;;
2025-10-02;09:42:49;PartialOutage(System);25% GNBDU Cell 562; ();1s;;;;;
2025-10-03;07:57:54;PartialOutage(System);100% Lrat Cell 161 162 163 164; ();28s;;;;;
2025-10-03;07:58:22;PartialOutage(System);100% Lrat Cell 31 32 33 34 41 42 43 44; ();1s;;;;;
2025-10-03;07:58:34;PartialOutage(System);100% Lrat Cell 161 162 163 164; ();364s (6m4s);;;;;
2025-10-03;07:59:26;PartialOutage(System);100% GNBDU Cell 561 562 563 564; ();309s (5m9s);;;;;

Node uptime since last restart: 349603 seconds (4 days, 1 hours, 6 minutes, 43 seconds)
------------------------------------------------------------------------------------------------------
Period=30 days       NodeUpgrade      NodeManual       NodeSpontaneous  AllNodeRestarts  PartialOutages  
------------------------------------------------------------------------------------------------------
Number Of outages    0                0                0                0                55              
Total downtime       0s               0s               0s               0s               1231s (20m31s)  
Downtime per day     0s               0s               0s               0s               41s             
Downtime per outage  0s               0s               0s               0s               22s             

KR24E> lgac -m 30d

251007-11:11:22+0200 19.31.11.156 25.0h MSRBS_NODE_MODEL_25.Q1_693.28324.131_62ac stopfile=/tmp/660590

Startdate=20250907.091122, Enddate=20251008.091122
Date;Time;Log;Severity;Object;Event;Cause;AdditionalText;AckState;Id;NotificationId;CorrelatedAlarms
Executing action Log.export()
..
Log=AlarmLog                    actionId=30151
..........
=================================================================================================================
MO                  actionId result      resultInfo
=================================================================================================================
LogM=1,Log=AlarmLog 30151    1 (SUCCESS)           
cat  /ericsson/log/amos/moshell_logfiles/t20251007_37258710_53697/logs_moshell/tempfiles/scp-2-amos_20251007-111048_660516/rcslogs/saLogAlarm_20240314__091236_20250224__234212.log /ericsson/log/amos/moshell_logfiles/t20251007_37258710_53697/logs_moshell/tempfiles/scp-2-amos_20251007-111048_660516/rcslogs/saLogAlarm_20250224__234212.log > /ericsson/log/amos/moshell_logfiles/t20251007_37258710_53697/logs_moshell/tempfiles/scp-2-amos_20251007-111048_660516/alarmLog660590.xml
2025-09-07;12:37:36;AL  ;Minor ;EUtraNetwork=1,ExternalENodeBFunction=2221-650492;Inter Node Carrier Aggregation Service Unavailable;Elastic RAN Carrier Aggregation is not available towards remote eNodeB.
2025-09-07;12:47:47;AL  ;Minor ;EUtraNetwork=1,ExternalENodeBFunction=2221-209173;Inter Node Carrier Aggregation Service Unavailable;Elastic RAN Carrier Aggregation is not available towards remote eNodeB.
2025-09-07;12:48:20;AL  ;Cleared;EUtraNetwork=1,ExternalENodeBFunction=2221-650459;Inter Node Carrier Aggregation Service Unavailable;Elastic RAN Carrier Aggregation is not available towards remote eNodeB.
2025-09-07;12:49:17;AL  ;Minor ;EUtraNetwork=1,ExternalENodeBFunction=2221-650459;Inter Node Carrier Aggregation Service Unavailable;Elastic RAN Carrier Aggregation is not available towards remote eNodeB.
2025-09-08;12:44:41;AL  ;Minor ;ENodeBFunction=1;External Link Failure;X2 link problem to one or several neighbouring eNodeBs. AI: PLMN ID-eNB ID 1 = 2221-450368
2025-09-08;15:57:30;AL  ;Cleared;ENodeBFunction=1;External Link Failure;X2 link problem to one or several neighbouring eNodeBs. AI: PLMN ID-eNB ID 1 = 2221-450368
2025-09-09;00:37:36;AL  ;Cleared;EUtraNetwork=1,ExternalENodeBFunction=2221-450205;Inter Node Feature Incompatibility;Elastic RAN feature is not activated in remote eNodeB
2025-09-09;00:47:00;AL  ;Minor ;ENodeBFunction=1;External Link Failure;X2 link problem to one or several neighbouring eNodeBs. AI: PLMN ID-eNB ID 1 = 2221-450205
2025-09-09;01:04:09;AL  ;Cleared;ENodeBFunction=1;External Link Failure;X2 link problem to one or several neighbouring eNodeBs. AI: PLMN ID-eNB ID 1 = 2221-450205
2025-09-09;06:56:59;AL  ;Minor ;ENodeBFunction=1;External Link Failure;X2 link problem to one or several neighbouring eNodeBs. AI: PLMN ID-eNB ID 1 = 2221-208139
2025-09-09;13:55:54;AL  ;Cleared;ENodeBFunction=1;External Link Failure;X2 link problem to one or several neighbouring eNodeBs. AI: PLMN ID-eNB ID 1 = 2221-208139
2025-09-10;18:56:24;AL  ;Cleared;EUtraNetwork=1,ExternalENodeBFunction=2221-650492;Inter Node Carrier Aggregation Service Unavailable;Elastic RAN Carrier Aggregation is not available towards remote eNodeB.
2025-09-10;18:56:32;AL  ;Minor ;EUtraNetwork=1,ExternalENodeBFunction=2221-208331;Inter Node Carrier Aggregation Service Unavailable;Elastic RAN Carrier Aggregation is not available towards remote eNodeB.
2025-09-11;00:42:21;AL  ;Minor ;ENodeBFunction=1;External Link Failure;X2 link problem to one or several neighbouring eNodeBs. AI: PLMN ID-eNB ID 1 = 2221-650755
2025-09-11;00:42:39;AL  ;Cleared;ENodeBFunction=1;External Link Failure;X2 link problem to one or several neighbouring eNodeBs. AI: PLMN ID-eNB ID 1 = 2221-650755
2025-09-11;06:27:31;AL  ;Minor ;ENodeBFunction=1;External Link Failure;X2 link problem to one or several neighbouring eNodeBs. AI: PLMN ID-eNB ID 1 = 2221-650734
2025-09-11;06:56:51;AL  ;Cleared;ENodeBFunction=1;External Link Failure;X2 link problem to one or several neighbouring eNodeBs. AI: PLMN ID-eNB ID 1 = 2221-650734
2025-09-11;12:19:51;AL  ;Minor ;ENodeBFunction=1;External Link Failure;X2 link problem to one or several neighbouring eNodeBs. AI: PLMN ID-eNB ID 1 = 2221-450957
2025-09-11;12:21:21;AL  ;Cleared;ENodeBFunction=1;External Link Failure;X2 link problem to one or several neighbouring eNodeBs. AI: PLMN ID-eNB ID 1 = 2221-450957
2025-09-12;14:01:07;AL  ;Minor ;ENodeBFunction=1;External Link Failure;X2 link problem to one or several neighbouring eNodeBs. AI: PLMN ID-eNB ID 1 = 2221-650369
2025-09-13;14:22:36;AL  ;Cleared;ENodeBFunction=1;External Link Failure;X2 link problem to one or several neighbouring eNodeBs. AI: PLMN ID-eNB ID 1 = 2221-650369
2025-09-13;19:33:36;AL  ;Minor ;ENodeBFunction=1;External Link Failure;X2 link problem to one or several neighbouring eNodeBs. AI: PLMN ID-eNB ID 1 = 2221-650086
2025-09-14;07:52:28;AL  ;Cleared;EUtraNetwork=1,ExternalENodeBFunction=2221-208331;Inter Node Carrier Aggregation Service Unavailable;Elastic RAN Carrier Aggregation is not available towards remote eNodeB.
2025-09-14;07:52:58;AL  ;Minor ;EUtraNetwork=1,ExternalENodeBFunction=2221-207668;Inter Node Carrier Aggregation Service Unavailable;Elastic RAN Carrier Aggregation is not available towards remote eNodeB.
2025-09-14;07:53:05;AL  ;Cleared;EUtraNetwork=1,ExternalENodeBFunction=2221-650154;Inter Node Carrier Aggregation Service Unavailable;Elastic RAN Carrier Aggregation is not available towards remote eNodeB.
2025-09-14;07:53:22;AL  ;Minor ;EUtraNetwork=1,ExternalENodeBFunction=2221-208331;Inter Node Carrier Aggregation Service Unavailable;Elastic RAN Carrier Aggregation is not available towards remote eNodeB.
2025-09-14;09:02:33;AL  ;Cleared;EUtraNetwork=1,ExternalENodeBFunction=2221-650328;Inter Node Carrier Aggregation Service Unavailable;Elastic RAN Carrier Aggregation is not available towards remote eNodeB.
2025-09-14;09:03:32;AL  ;Minor ;EUtraNetwork=1,ExternalENodeBFunction=2221-207815;Inter Node Carrier Aggregation Service Unavailable;Elastic RAN Carrier Aggregation is not available towards remote eNodeB.
2025-09-14;09:04:46;AL  ;Cleared;EUtraNetwork=1,ExternalENodeBFunction=2221-207815;Inter Node Carrier Aggregation Service Unavailable;Elastic RAN Carrier Aggregation is not available towards remote eNodeB.
2025-09-14;09:05:18;AL  ;Minor ;EUtraNetwork=1,ExternalENodeBFunction=2221-210822;Inter Node Carrier Aggregation Service Unavailable;Elastic RAN Carrier Aggregation is not available towards remote eNodeB.
2025-09-14;09:06:18;AL  ;Cleared;EUtraNetwork=1,ExternalENodeBFunction=2221-208331;Inter Node Carrier Aggregation Service Unavailable;Elastic RAN Carrier Aggregation is not available towards remote eNodeB.
2025-09-14;09:06:23;AL  ;Cleared;EUtraNetwork=1,ExternalENodeBFunction=2221-209173;Inter Node Carrier Aggregation Service Unavailable;Elastic RAN Carrier Aggregation is not available towards remote eNodeB.
2025-09-14;09:06:23;AL  ;Minor ;EUtraNetwork=1,ExternalENodeBFunction=2221-650154;Inter Node Carrier Aggregation Service Unavailable;Elastic RAN Carrier Aggregation is not available towards remote eNodeB.
2025-09-14;09:06:27;AL  ;Minor ;EUtraNetwork=1,ExternalENodeBFunction=2221-650328;Inter Node Carrier Aggregation Service Unavailable;Elastic RAN Carrier Aggregation is not available towards remote eNodeB.
2025-09-14;09:06:27;AL  ;Cleared;EUtraNetwork=1,ExternalENodeBFunction=2221-650459;Inter Node Carrier Aggregation Service Unavailable;Elastic RAN Carrier Aggregation is not available towards remote eNodeB.
2025-09-14;09:06:28;AL  ;Cleared;ENodeBFunction=1;External Link Failure;X2 link problem to one or several neighbouring eNodeBs. AI: PLMN ID-eNB ID 1 = 2221-650086
2025-09-14;09:06:35;AL  ;Minor ;EUtraNetwork=1,ExternalENodeBFunction=2221-650492;Inter Node Carrier Aggregation Service Unavailable;Elastic RAN Carrier Aggregation is not available towards remote eNodeB.
2025-09-14;09:06:35;AL  ;Cleared;EUtraNetwork=1,ExternalENodeBFunction=2221-207668;Inter Node Carrier Aggregation Service Unavailable;Elastic RAN Carrier Aggregation is not available towards remote eNodeB.
2025-09-14;09:07:19;AL  ;Minor ;EUtraNetwork=1,ExternalENodeBFunction=2221-650459;Inter Node Carrier Aggregation Service Unavailable;Elastic RAN Carrier Aggregation is not available towards remote eNodeB.
2025-09-14;12:47:45;AL  ;Cleared;EUtraNetwork=1,ExternalENodeBFunction=2221-650492;Inter Node Carrier Aggregation Service Unavailable;Elastic RAN Carrier Aggregation is not available towards remote eNodeB.
2025-09-14;12:48:04;AL  ;Minor ;EUtraNetwork=1,ExternalENodeBFunction=2221-650492;Inter Node Carrier Aggregation Service Unavailable;Elastic RAN Carrier Aggregation is not available towards remote eNodeB.
2025-09-14;12:58:13;AL  ;Cleared;EUtraNetwork=1,ExternalENodeBFunction=2221-650459;Inter Node Carrier Aggregation Service Unavailable;Elastic RAN Carrier Aggregation is not available towards remote eNodeB.
2025-09-14;12:58:26;AL  ;Minor ;EUtraNetwork=1,ExternalENodeBFunction=2221-209173;Inter Node Carrier Aggregation Service Unavailable;Elastic RAN Carrier Aggregation is not available towards remote eNodeB.
2025-09-14;13:06:16;AL  ;Cleared;EUtraNetwork=1,ExternalENodeBFunction=2221-210822;Inter Node Carrier Aggregation Service Unavailable;Elastic RAN Carrier Aggregation is not available towards remote eNodeB.
2025-09-14;13:06:34;AL  ;Minor ;EUtraNetwork=1,ExternalENodeBFunction=2221-210822;Inter Node Carrier Aggregation Service Unavailable;Elastic RAN Carrier Aggregation is not available towards remote eNodeB.
2025-09-14;15:40:47;AL  ;Major ;Synchronization=1,RadioEquipmentClock=1,RadioEquipmentClockReference=PTP8275_2;Sync PTP Time PDV Problem;High PDV detected on PTP messages
2025-09-14;16:45:49;AL  ;Cleared;Synchronization=1,RadioEquipmentClock=1,RadioEquipmentClockReference=PTP8275_2;Sync PTP Time PDV Problem;High PDV detected on PTP messages
2025-09-16;09:22:47;AL  ;Minor ;ENodeBFunction=1;External Link Failure;X2 link problem to one or several neighbouring eNodeBs. AI: PLMN ID-eNB ID 1 = 2221-208139
2025-09-16;09:53:19;AL  ;Warning;ENodeBFunction=1;PLMN Service Redundancy Lost;S1 connection failure for PLMN connected with link represented by MO listed in Additional Information. AI: PLMN = ["2221"],DN1=ManagedElement=1,ENodeBFunction=1,TermPointToMme=5,
2025-09-16;09:53:49;AL  ;Cleared;ENodeBFunction=1;PLMN Service Redundancy Lost;S1 connection failure for PLMN connected with link represented by MO listed in Additional Information. AI: PLMN = ["2221"],DN1=ManagedElement=1,ENodeBFunction=1,TermPointToMme=5,
2025-09-16;10:07:09;AL  ;Warning;ENodeBFunction=1;PLMN Service Redundancy Lost;S1 connection failure for PLMN connected with link represented by MO listed in Additional Information. AI: PLMN = ["2221"],DN1=ManagedElement=1,ENodeBFunction=1,TermPointToMme=5,
2025-09-16;10:07:39;AL  ;Cleared;ENodeBFunction=1;PLMN Service Redundancy Lost;S1 connection failure for PLMN connected with link represented by MO listed in Additional Information. AI: PLMN = ["2221"],DN1=ManagedElement=1,ENodeBFunction=1,TermPointToMme=5,
2025-09-16;13:28:34;AL  ;Cleared;ENodeBFunction=1;External Link Failure;X2 link problem to one or several neighbouring eNodeBs. AI: PLMN ID-eNB ID 1 = 2221-208139
2025-09-18;09:46:51;AL  ;Minor ;ENodeBFunction=1;External Link Failure;X2 link problem to one or several neighbouring eNodeBs. AI: PLMN ID-eNB ID 1 = 2221-208139
2025-09-18;14:00:27;AL  ;Cleared;ENodeBFunction=1;External Link Failure;X2 link problem to one or several neighbouring eNodeBs. AI: PLMN ID-eNB ID 1 = 2221-208139
2025-09-19;08:50:08;AL  ;Minor ;ENodeBFunction=1;External Link Failure;X2 link problem to one or several neighbouring eNodeBs. AI: PLMN ID-eNB ID 1 = 2221-650352
2025-09-19;08:58:47;AL  ;Cleared;ENodeBFunction=1;External Link Failure;X2 link problem to one or several neighbouring eNodeBs. AI: PLMN ID-eNB ID 1 = 2221-650352
2025-09-20;17:34:34;AL  ;Minor ;ENodeBFunction=1;External Link Failure;X2 link problem to one or several neighbouring eNodeBs. AI: PLMN ID-eNB ID 1 = 2221-450541
2025-09-21;07:49:14;AL  ;Cleared;EUtraNetwork=1,ExternalENodeBFunction=2221-650154;Inter Node Carrier Aggregation Service Unavailable;Elastic RAN Carrier Aggregation is not available towards remote eNodeB.
2025-09-21;07:49:45;AL  ;Minor ;EUtraNetwork=1,ExternalENodeBFunction=2221-650154;Inter Node Carrier Aggregation Service Unavailable;Elastic RAN Carrier Aggregation is not available towards remote eNodeB.
2025-09-21;08:52:47;AL  ;Cleared;EUtraNetwork=1,ExternalENodeBFunction=2221-650328;Inter Node Carrier Aggregation Service Unavailable;Elastic RAN Carrier Aggregation is not available towards remote eNodeB.
2025-09-21;08:52:57;AL  ;Minor ;EUtraNetwork=1,ExternalENodeBFunction=2221-207668;Inter Node Carrier Aggregation Service Unavailable;Elastic RAN Carrier Aggregation is not available towards remote eNodeB.
2025-09-21;08:55:55;AL  ;Cleared;EUtraNetwork=1,ExternalENodeBFunction=2221-210822;Inter Node Carrier Aggregation Service Unavailable;Elastic RAN Carrier Aggregation is not available towards remote eNodeB.
2025-09-21;08:55:58;AL  ;Minor ;EUtraNetwork=1,ExternalENodeBFunction=2221-207815;Inter Node Carrier Aggregation Service Unavailable;Elastic RAN Carrier Aggregation is not available towards remote eNodeB.
2025-09-21;08:56:03;AL  ;Cleared;EUtraNetwork=1,ExternalENodeBFunction=2221-650154;Inter Node Carrier Aggregation Service Unavailable;Elastic RAN Carrier Aggregation is not available towards remote eNodeB.
2025-09-21;08:56:06;AL  ;Cleared;ENodeBFunction=1;External Link Failure;X2 link problem to one or several neighbouring eNodeBs. AI: PLMN ID-eNB ID 1 = 2221-450541
2025-09-21;08:56:12;AL  ;Minor ;EUtraNetwork=1,ExternalENodeBFunction=2221-208331;Inter Node Carrier Aggregation Service Unavailable;Elastic RAN Carrier Aggregation is not available towards remote eNodeB.
2025-09-21;08:56:12;AL  ;Cleared;EUtraNetwork=1,ExternalENodeBFunction=2221-209173;Inter Node Carrier Aggregation Service Unavailable;Elastic RAN Carrier Aggregation is not available towards remote eNodeB.
2025-09-21;08:56:16;AL  ;Minor ;EUtraNetwork=1,ExternalENodeBFunction=2221-650328;Inter Node Carrier Aggregation Service Unavailable;Elastic RAN Carrier Aggregation is not available towards remote eNodeB.
2025-09-21;08:56:16;AL  ;Cleared;EUtraNetwork=1,ExternalENodeBFunction=2221-650492;Inter Node Carrier Aggregation Service Unavailable;Elastic RAN Carrier Aggregation is not available towards remote eNodeB.
2025-09-21;08:56:24;AL  ;Minor ;EUtraNetwork=1,ExternalENodeBFunction=2221-650459;Inter Node Carrier Aggregation Service Unavailable;Elastic RAN Carrier Aggregation is not available towards remote eNodeB.
2025-09-21;08:56:24;AL  ;Cleared;EUtraNetwork=1,ExternalENodeBFunction=2221-207668;Inter Node Carrier Aggregation Service Unavailable;Elastic RAN Carrier Aggregation is not available towards remote eNodeB.
2025-09-21;12:25:15;AL  ;Minor ;EUtraNetwork=1,ExternalENodeBFunction=2221-650492;Inter Node Carrier Aggregation Service Unavailable;Elastic RAN Carrier Aggregation is not available towards remote eNodeB.
2025-09-21;12:35:23;AL  ;Cleared;EUtraNetwork=1,ExternalENodeBFunction=2221-650459;Inter Node Carrier Aggregation Service Unavailable;Elastic RAN Carrier Aggregation is not available towards remote eNodeB.
2025-09-21;12:35:36;AL  ;Minor ;EUtraNetwork=1,ExternalENodeBFunction=2221-209173;Inter Node Carrier Aggregation Service Unavailable;Elastic RAN Carrier Aggregation is not available towards remote eNodeB.
2025-09-22;08:12:13;AL  ;Minor ;EUtraNetwork=1,ExternalENodeBFunction=2221-450205;Inter Node Feature Incompatibility;Elastic RAN feature is not activated in remote eNodeB
2025-09-22;09:17:11;AL  ;Minor ;ENodeBFunction=1;External Link Failure;X2 link problem to one or several neighbouring eNodeBs. AI: PLMN ID-eNB ID 1 = 2221-650262
2025-09-22;09:29:26;AL  ;Cleared;ENodeBFunction=1;External Link Failure;X2 link problem to one or several neighbouring eNodeBs. AI: PLMN ID-eNB ID 1 = 2221-650262
2025-09-22;10:08:57;AL  ;Minor ;ENodeBFunction=1;External Link Failure;X2 link problem to one or several neighbouring eNodeBs. AI: PLMN ID-eNB ID 1 = 2221-650178
2025-09-22;10:30:40;AL  ;Minor ;ENodeBFunction=1;External Link Failure;X2 link problem to one or several neighbouring eNodeBs. AI: PLMN ID-eNB ID 1 = 2221-650178 PLMN ID-eNB ID 2 = 2221-650262
2025-09-22;10:37:40;AL  ;Minor ;ENodeBFunction=1;Sync Time and Phase Accuracy Too Low;Time and phase sync accuracy crossed the threshold for features interworking with NR.
2025-09-22;10:37:40;AL  ;Minor ;EUtranCellFDD=KR24E1;Service Degraded;This is a secondary alarm, use alarm correlation information in Additional Information to find primary alarm.
2025-09-22;10:37:40;AL  ;Minor ;EUtranCellFDD=KR24E2;Service Degraded;This is a secondary alarm, use alarm correlation information in Additional Information to find primary alarm.
2025-09-22;10:37:40;AL  ;Minor ;EUtranCellFDD=KR24E3;Service Degraded;This is a secondary alarm, use alarm correlation information in Additional Information to find primary alarm.
2025-09-22;10:37:40;AL  ;Minor ;EUtranCellFDD=KR24E4;Service Degraded;This is a secondary alarm, use alarm correlation information in Additional Information to find primary alarm.
2025-09-22;10:37:40;AL  ;Minor ;EUtranCellFDD=KR24M1;Service Degraded;This is a secondary alarm, use alarm correlation information in Additional Information to find primary alarm.
2025-09-22;10:37:40;AL  ;Minor ;EUtranCellFDD=KR24M2;Service Degraded;This is a secondary alarm, use alarm correlation information in Additional Information to find primary alarm.
2025-09-22;10:37:40;AL  ;Minor ;EUtranCellFDD=KR24M3;Service Degraded;This is a secondary alarm, use alarm correlation information in Additional Information to find primary alarm.
2025-09-22;10:37:40;AL  ;Minor ;EUtranCellFDD=KR24M4;Service Degraded;This is a secondary alarm, use alarm correlation information in Additional Information to find primary alarm.
2025-09-22;10:37:40;AL  ;Minor ;EUtranCellFDD=KR24T1;Service Degraded;This is a secondary alarm, use alarm correlation information in Additional Information to find primary alarm.
2025-09-22;10:37:40;AL  ;Minor ;EUtranCellFDD=KR24T2;Service Degraded;This is a secondary alarm, use alarm correlation information in Additional Information to find primary alarm.
2025-09-22;10:37:40;AL  ;Minor ;EUtranCellFDD=KR24T3;Service Degraded;This is a secondary alarm, use alarm correlation information in Additional Information to find primary alarm.
2025-09-22;10:37:40;AL  ;Minor ;EUtranCellFDD=KR24T4;Service Degraded;This is a secondary alarm, use alarm correlation information in Additional Information to find primary alarm.
2025-09-22;10:37:45;AL  ;Minor ;NRSynchronization=1;Sync Time and Phase Accuracy Too Low;Time and phase synchronization accuracy crossed the threshold for some FDD configurations.
2025-09-22;11:11:11;AL  ;Minor ;ENodeBFunction=1;External Link Failure;X2 link problem to one or several neighbouring eNodeBs. AI: PLMN ID-eNB ID 1 = 2221-650178
2025-09-22;11:19:30;AL  ;Cleared;ENodeBFunction=1;Sync Time and Phase Accuracy Too Low;Time and phase sync accuracy crossed the threshold for features interworking with NR.
2025-09-22;11:19:30;AL  ;Cleared;EUtranCellFDD=KR24E1;Service Degraded;This is a secondary alarm, use alarm correlation information in Additional Information to find primary alarm.
2025-09-22;11:19:30;AL  ;Cleared;EUtranCellFDD=KR24E2;Service Degraded;This is a secondary alarm, use alarm correlation information in Additional Information to find primary alarm.
2025-09-22;11:19:30;AL  ;Cleared;EUtranCellFDD=KR24E3;Service Degraded;This is a secondary alarm, use alarm correlation information in Additional Information to find primary alarm.
2025-09-22;11:19:30;AL  ;Cleared;EUtranCellFDD=KR24E4;Service Degraded;This is a secondary alarm, use alarm correlation information in Additional Information to find primary alarm.
2025-09-22;11:19:30;AL  ;Cleared;EUtranCellFDD=KR24M1;Service Degraded;This is a secondary alarm, use alarm correlation information in Additional Information to find primary alarm.
2025-09-22;11:19:30;AL  ;Cleared;EUtranCellFDD=KR24M2;Service Degraded;This is a secondary alarm, use alarm correlation information in Additional Information to find primary alarm.
2025-09-22;11:19:30;AL  ;Cleared;EUtranCellFDD=KR24M3;Service Degraded;This is a secondary alarm, use alarm correlation information in Additional Information to find primary alarm.
2025-09-22;11:19:30;AL  ;Cleared;EUtranCellFDD=KR24M4;Service Degraded;This is a secondary alarm, use alarm correlation information in Additional Information to find primary alarm.
2025-09-22;11:19:30;AL  ;Cleared;EUtranCellFDD=KR24T1;Service Degraded;This is a secondary alarm, use alarm correlation information in Additional Information to find primary alarm.
2025-09-22;11:19:30;AL  ;Cleared;EUtranCellFDD=KR24T2;Service Degraded;This is a secondary alarm, use alarm correlation information in Additional Information to find primary alarm.
2025-09-22;11:19:30;AL  ;Cleared;EUtranCellFDD=KR24T3;Service Degraded;This is a secondary alarm, use alarm correlation information in Additional Information to find primary alarm.
2025-09-22;11:19:30;AL  ;Cleared;EUtranCellFDD=KR24T4;Service Degraded;This is a secondary alarm, use alarm correlation information in Additional Information to find primary alarm.
2025-09-22;11:19:35;AL  ;Cleared;NRSynchronization=1;Sync Time and Phase Accuracy Too Low;Time and phase synchronization accuracy crossed the threshold for some FDD configurations.
2025-09-22;11:23:14;AL  ;Minor ;ENodeBFunction=1;External Link Failure;X2 link problem to one or several neighbouring eNodeBs. AI: PLMN ID-eNB ID 1 = 2221-650178 PLMN ID-eNB ID 2 = 2221-650262
2025-09-22;11:50:50;AL  ;Minor ;ENodeBFunction=1;External Link Failure;X2 link problem to one or several neighbouring eNodeBs. AI: PLMN ID-eNB ID 1 = 2221-650178
2025-09-22;12:10:16;AL  ;Minor ;ENodeBFunction=1;External Link Failure;X2 link problem to one or several neighbouring eNodeBs. AI: PLMN ID-eNB ID 1 = 2221-650178 PLMN ID-eNB ID 2 = 2221-650262
2025-09-22;12:25:38;AL  ;Minor ;ENodeBFunction=1;External Link Failure;X2 link problem to one or several neighbouring eNodeBs. AI: PLMN ID-eNB ID 1 = 2221-650178
2025-09-22;14:27:48;AL  ;Cleared;ENodeBFunction=1;External Link Failure;X2 link problem to one or several neighbouring eNodeBs. AI: PLMN ID-eNB ID 1 = 2221-650178
2025-09-23;18:17:23;AL  ;Minor ;ENodeBFunction=1;External Link Failure;X2 link problem to one or several neighbouring eNodeBs. AI: PLMN ID-eNB ID 1 = 2221-650176
2025-09-23;18:21:26;AL  ;Cleared;ENodeBFunction=1;External Link Failure;X2 link problem to one or several neighbouring eNodeBs. AI: PLMN ID-eNB ID 1 = 2221-650176
2025-09-23;19:55:13;AL  ;Minor ;ENodeBFunction=1;External Link Failure;X2 link problem to one or several neighbouring eNodeBs. AI: PLMN ID-eNB ID 1 = 2221-650176
2025-09-24;09:15:20;AL  ;Cleared;ENodeBFunction=1;External Link Failure;X2 link problem to one or several neighbouring eNodeBs. AI: PLMN ID-eNB ID 1 = 2221-650176
2025-09-24;15:20:41;AL  ;Minor ;ENodeBFunction=1;External Link Failure;X2 link problem to one or several neighbouring eNodeBs. AI: PLMN ID-eNB ID 1 = 2221-650755
2025-09-25;12:13:06;AL  ;Cleared;ENodeBFunction=1;External Link Failure;X2 link problem to one or several neighbouring eNodeBs. AI: PLMN ID-eNB ID 1 = 2221-650755
2025-09-26;01:24:09;AL  ;Minor ;ENodeBFunction=1;External Link Failure;X2 link problem to one or several neighbouring eNodeBs. AI: PLMN ID-eNB ID 1 = 2221-451139
2025-09-26;01:26:35;AL  ;Cleared;ENodeBFunction=1;External Link Failure;X2 link problem to one or several neighbouring eNodeBs. AI: PLMN ID-eNB ID 1 = 2221-451139
2025-09-26;04:45:26;AL  ;Minor ;ENodeBFunction=1;External Link Failure;X2 link problem to one or several neighbouring eNodeBs. AI: PLMN ID-eNB ID 1 = 2221-650176
2025-09-26;04:53:08;AL  ;Cleared;ENodeBFunction=1;External Link Failure;X2 link problem to one or several neighbouring eNodeBs. AI: PLMN ID-eNB ID 1 = 2221-650176
2025-09-26;05:40:38;AL  ;Minor ;ENodeBFunction=1;External Link Failure;X2 link problem to one or several neighbouring eNodeBs. AI: PLMN ID-eNB ID 1 = 2221-210816
2025-09-26;06:28:40;AL  ;Cleared;ENodeBFunction=1;External Link Failure;X2 link problem to one or several neighbouring eNodeBs. AI: PLMN ID-eNB ID 1 = 2221-210816
2025-09-26;07:16:09;AL  ;Minor ;ENodeBFunction=1;External Link Failure;X2 link problem to one or several neighbouring eNodeBs. AI: PLMN ID-eNB ID 1 = 2221-650176
2025-09-26;07:19:39;AL  ;Cleared;ENodeBFunction=1;External Link Failure;X2 link problem to one or several neighbouring eNodeBs. AI: PLMN ID-eNB ID 1 = 2221-650176
2025-09-26;08:34:06;AL  ;Minor ;ENodeBFunction=1;External Link Failure;X2 link problem to one or several neighbouring eNodeBs. AI: PLMN ID-eNB ID 1 = 2221-650176
2025-09-26;08:41:16;AL  ;Cleared;ENodeBFunction=1;External Link Failure;X2 link problem to one or several neighbouring eNodeBs. AI: PLMN ID-eNB ID 1 = 2221-650176
2025-09-26;08:51:24;AL  ;Minor ;ENodeBFunction=1;External Link Failure;X2 link problem to one or several neighbouring eNodeBs. AI: PLMN ID-eNB ID 1 = 2221-650262
2025-09-26;08:59:42;AL  ;Minor ;ENodeBFunction=1;External Link Failure;X2 link problem to one or several neighbouring eNodeBs. AI: PLMN ID-eNB ID 1 = 2221-650176
2025-09-26;09:24:16;AL  ;Minor ;FieldReplaceableUnit=BB-1,AlarmPort=4;External Alarm;Allarme fase e Rete
2025-09-26;09:30:07;AL  ;Cleared;FieldReplaceableUnit=BB-1,AlarmPort=4;External Alarm;Allarme fase e Rete
2025-09-26;09:32:43;AL  ;Minor ;ENodeBFunction=1;External Link Failure;X2 link problem to one or several neighbouring eNodeBs. AI: PLMN ID-eNB ID 1 = 2221-650176 PLMN ID-eNB ID 2 = 2221-650262
2025-09-26;09:50:39;AL  ;Minor ;ENodeBFunction=1;External Link Failure;X2 link problem to one or several neighbouring eNodeBs. AI: PLMN ID-eNB ID 1 = 2221-650176
2025-09-26;10:17:20;AL  ;Minor ;FieldReplaceableUnit=BB-1,AlarmPort=4;External Alarm;Allarme fase e Rete
2025-09-26;10:20:46;AL  ;Cleared;FieldReplaceableUnit=BB-1,AlarmPort=4;External Alarm;Allarme fase e Rete
2025-09-26;14:59:45;AL  ;Cleared;ENodeBFunction=1;External Link Failure;X2 link problem to one or several neighbouring eNodeBs. AI: PLMN ID-eNB ID 1 = 2221-650176
2025-09-26;15:09:46;AL  ;Minor ;ENodeBFunction=1;External Link Failure;X2 link problem to one or several neighbouring eNodeBs. AI: PLMN ID-eNB ID 1 = 2221-650176
2025-09-26;19:18:43;AL  ;Cleared;ENodeBFunction=1;External Link Failure;X2 link problem to one or several neighbouring eNodeBs. AI: PLMN ID-eNB ID 1 = 2221-650176
2025-09-27;15:33:57;AL  ;Major ;Synchronization=1,RadioEquipmentClock=1,RadioEquipmentClockReference=PTP8275_2;Sync PTP Time PDV Problem;High PDV detected on PTP messages
2025-09-27;16:49:06;AL  ;Cleared;Synchronization=1,RadioEquipmentClock=1,RadioEquipmentClockReference=PTP8275_2;Sync PTP Time PDV Problem;High PDV detected on PTP messages
2025-09-28;06:52:25;AL  ;Minor ;GNBCUCPFunction=1;XnC Link to GNodeB Failure;XnC link problem to gNodeBs listed in Additional Information. AI: PLMN ID-gNB ID 1 = 222:01-1054918
2025-09-28;06:57:41;AL  ;Minor ;ENodeBFunction=1;External Link Failure;X2 link problem to one or several neighbouring eNodeBs. AI: PLMN ID-eNB ID 1 = 2221-210881
2025-09-28;07:27:13;AL  ;Cleared;GNBCUCPFunction=1;XnC Link to GNodeB Failure;XnC link problem to gNodeBs listed in Additional Information. AI: PLMN ID-gNB ID 1 = 222:01-1054918
2025-09-28;07:27:33;AL  ;Cleared;ENodeBFunction=1;External Link Failure;X2 link problem to one or several neighbouring eNodeBs. AI: PLMN ID-eNB ID 1 = 2221-210881
2025-09-28;07:49:47;AL  ;Cleared;EUtraNetwork=1,ExternalENodeBFunction=2221-208331;Inter Node Carrier Aggregation Service Unavailable;Elastic RAN Carrier Aggregation is not available towards remote eNodeB.
2025-09-28;07:49:54;AL  ;Minor ;EUtraNetwork=1,ExternalENodeBFunction=2221-207668;Inter Node Carrier Aggregation Service Unavailable;Elastic RAN Carrier Aggregation is not available towards remote eNodeB.
2025-09-28;08:54:03;AL  ;Cleared;EUtraNetwork=1,ExternalENodeBFunction=2221-650328;Inter Node Carrier Aggregation Service Unavailable;Elastic RAN Carrier Aggregation is not available towards remote eNodeB.
2025-09-28;08:55:05;AL  ;Minor ;EUtraNetwork=1,ExternalENodeBFunction=2221-650328;Inter Node Carrier Aggregation Service Unavailable;Elastic RAN Carrier Aggregation is not available towards remote eNodeB.
2025-09-28;08:55:59;AL  ;Cleared;EUtraNetwork=1,ExternalENodeBFunction=2221-207815;Inter Node Carrier Aggregation Service Unavailable;Elastic RAN Carrier Aggregation is not available towards remote eNodeB.
2025-09-28;08:56:55;AL  ;Minor ;EUtraNetwork=1,ExternalENodeBFunction=2221-208331;Inter Node Carrier Aggregation Service Unavailable;Elastic RAN Carrier Aggregation is not available towards remote eNodeB.
2025-09-28;08:57:12;AL  ;Cleared;EUtraNetwork=1,ExternalENodeBFunction=2221-650328;Inter Node Carrier Aggregation Service Unavailable;Elastic RAN Carrier Aggregation is not available towards remote eNodeB.
2025-09-28;08:57:19;AL  ;Cleared;EUtraNetwork=1,ExternalENodeBFunction=2221-209173;Inter Node Carrier Aggregation Service Unavailable;Elastic RAN Carrier Aggregation is not available towards remote eNodeB.
2025-09-28;08:57:21;AL  ;Minor ;EUtraNetwork=1,ExternalENodeBFunction=2221-650392;Inter Node Carrier Aggregation Service Unavailable;Elastic RAN Carrier Aggregation is not available towards remote eNodeB.
2025-09-28;08:57:23;AL  ;Cleared;EUtraNetwork=1,ExternalENodeBFunction=2221-650492;Inter Node Carrier Aggregation Service Unavailable;Elastic RAN Carrier Aggregation is not available towards remote eNodeB.
2025-09-28;08:57:30;AL  ;Cleared;EUtraNetwork=1,ExternalENodeBFunction=2221-207668;Inter Node Carrier Aggregation Service Unavailable;Elastic RAN Carrier Aggregation is not available towards remote eNodeB.
2025-09-28;08:58:23;AL  ;Minor ;EUtraNetwork=1,ExternalENodeBFunction=2221-209173;Inter Node Carrier Aggregation Service Unavailable;Elastic RAN Carrier Aggregation is not available towards remote eNodeB.
2025-09-28;09:08:54;AL  ;Minor ;EUtraNetwork=1,ExternalENodeBFunction=2221-650154;Inter Node Carrier Aggregation Service Unavailable;Elastic RAN Carrier Aggregation is not available towards remote eNodeB.
2025-09-28;12:23:57;AL  ;Minor ;EUtraNetwork=1,ExternalENodeBFunction=2221-650492;Inter Node Carrier Aggregation Service Unavailable;Elastic RAN Carrier Aggregation is not available towards remote eNodeB.
2025-09-28;12:32:58;AL  ;Cleared;EUtraNetwork=1,ExternalENodeBFunction=2221-209173;Inter Node Carrier Aggregation Service Unavailable;Elastic RAN Carrier Aggregation is not available towards remote eNodeB.
2025-09-28;12:34:28;AL  ;Minor ;EUtraNetwork=1,ExternalENodeBFunction=2221-650459;Inter Node Carrier Aggregation Service Unavailable;Elastic RAN Carrier Aggregation is not available towards remote eNodeB.
2025-09-28;17:19:28;AL  ;Minor ;GNBCUCPFunction=1;XnC Link to GNodeB Failure;XnC link problem to gNodeBs listed in Additional Information. AI: PLMN ID-gNB ID 1 = 222:01-1055419
2025-09-28;17:21:41;AL  ;Cleared;GNBCUCPFunction=1;XnC Link to GNodeB Failure;XnC link problem to gNodeBs listed in Additional Information. AI: PLMN ID-gNB ID 1 = 222:01-1055419
2025-09-30;07:16:41;AL  ;Minor ;ENodeBFunction=1;External Link Failure;X2 link problem to one or several neighbouring eNodeBs. AI: PLMN ID-eNB ID 1 = 2221-650176
2025-09-30;08:16:23;AL  ;Cleared;ENodeBFunction=1;External Link Failure;X2 link problem to one or several neighbouring eNodeBs. AI: PLMN ID-eNB ID 1 = 2221-650176
2025-09-30;08:42:42;AL  ;Minor ;ENodeBFunction=1;External Link Failure;X2 link problem to one or several neighbouring eNodeBs. AI: PLMN ID-eNB ID 1 = 2221-650176
2025-09-30;09:02:31;AL  ;Cleared;ENodeBFunction=1;External Link Failure;X2 link problem to one or several neighbouring eNodeBs. AI: PLMN ID-eNB ID 1 = 2221-650176
2025-09-30;09:18:57;AL  ;Minor ;ENodeBFunction=1;External Link Failure;X2 link problem to one or several neighbouring eNodeBs. AI: PLMN ID-eNB ID 1 = 2221-650176
2025-09-30;09:31:26;AL  ;Cleared;ENodeBFunction=1;External Link Failure;X2 link problem to one or several neighbouring eNodeBs. AI: PLMN ID-eNB ID 1 = 2221-650176
2025-09-30;10:49:00;AL  ;Minor ;ENodeBFunction=1;External Link Failure;X2 link problem to one or several neighbouring eNodeBs. AI: PLMN ID-eNB ID 1 = 2221-650176
2025-09-30;11:19:30;AL  ;Cleared;ENodeBFunction=1;External Link Failure;X2 link problem to one or several neighbouring eNodeBs. AI: PLMN ID-eNB ID 1 = 2221-650176
2025-09-30;13:16:29;AL  ;Minor ;ENodeBFunction=1;External Link Failure;X2 link problem to one or several neighbouring eNodeBs. AI: PLMN ID-eNB ID 1 = 2221-650176
2025-10-01;07:47:10;AL  ;Minor ;ENodeBFunction=1;External Link Failure;X2 link problem to one or several neighbouring eNodeBs. AI: PLMN ID-eNB ID 1 = 2221-650176 PLMN ID-eNB ID 2 = 2221-650352
2025-10-01;07:54:50;AL  ;Minor ;ENodeBFunction=1;External Link Failure;X2 link problem to one or several neighbouring eNodeBs. AI: PLMN ID-eNB ID 1 = 2221-650176
2025-10-01;08:40:55;AL  ;Cleared;ENodeBFunction=1;External Link Failure;X2 link problem to one or several neighbouring eNodeBs. AI: PLMN ID-eNB ID 1 = 2221-650176
2025-10-01;09:00:33;AL  ;Minor ;ENodeBFunction=1;External Link Failure;X2 link problem to one or several neighbouring eNodeBs. AI: PLMN ID-eNB ID 1 = 2221-650176
2025-10-01;09:09:33;AL  ;Cleared;ENodeBFunction=1;External Link Failure;X2 link problem to one or several neighbouring eNodeBs. AI: PLMN ID-eNB ID 1 = 2221-650176
2025-10-01;17:17:43;AL  ;Minor ;ENodeBFunction=1;External Link Failure;X2 link problem to one or several neighbouring eNodeBs. AI: PLMN ID-eNB ID 1 = 2221-450764
2025-10-02;09:42:27;AL  ;Minor ;EUtraNetwork=1,ExternalENodeBFunction=2221-650587;Inter Node Feature Incompatibility;Elastic RAN feature is not activated in remote eNodeB
2025-10-02;12:53:48;AL  ;Cleared;ENodeBFunction=1;External Link Failure;X2 link problem to one or several neighbouring eNodeBs. AI: PLMN ID-eNB ID 1 = 2221-450764
2025-10-03;07:57:50;AL  ;Warning;ENodeBFunction=1;PLMN Service Redundancy Lost;S1 connection failure for PLMN connected with link represented by MO listed in Additional Information. AI: PLMN = ["2221"],DN1=ManagedElement=1,ENodeBFunction=1,TermPointToMme=5,DN2=ManagedElement=1,ENodeBFunction=1,TermPointToMme=3,DN3=ManagedElement=1,ENodeBFunction=1,TermPointToMme=2,DN4=ManagedElement=1,ENodeBFunction=1,TermPointToMme=1,
2025-10-03;07:57:51;AL  ;Cleared;EUtraNetwork=1,ExternalENodeBFunction=2221-650225;Inter Node Feature Incompatibility;Elastic RAN feature is not activated in remote eNodeB
2025-10-03;07:57:54;AL  ;Cleared;EUtraNetwork=1,ExternalENodeBFunction=2221-650492;Inter Node Carrier Aggregation Service Unavailable;Elastic RAN Carrier Aggregation is not available towards remote eNodeB.
2025-10-03;07:57:54;AL  ;Cleared;ENodeBFunction=1;PLMN Service Redundancy Lost;S1 connection failure for PLMN connected with link represented by MO listed in Additional Information. AI: PLMN = ["2221"],DN1=ManagedElement=1,ENodeBFunction=1,TermPointToMme=5,DN2=ManagedElement=1,ENodeBFunction=1,TermPointToMme=3,DN3=ManagedElement=1,ENodeBFunction=1,TermPointToMme=2,DN4=ManagedElement=1,ENodeBFunction=1,TermPointToMme=1,
2025-10-03;07:57:54;AL  ;Minor ;ENodeBFunction=1;PLMN Service Unavailable;S1 Connection Failure for PLMNs listed in Additional Information. AI: PLMN = ["2221"],
2025-10-03;07:57:54;AL  ;Major ;EUtranCellFDD=KR24T4;Service Unavailable;This is a secondary alarm, use alarm correlation information in Additional Information to find primary alarm.
2025-10-03;07:57:54;AL  ;Major ;EUtranCellFDD=KR24T3;Service Unavailable;This is a secondary alarm, use alarm correlation information in Additional Information to find primary alarm.
2025-10-03;07:57:54;AL  ;Major ;EUtranCellFDD=KR24T2;Service Unavailable;This is a secondary alarm, use alarm correlation information in Additional Information to find primary alarm.
2025-10-03;07:57:54;AL  ;Major ;EUtranCellFDD=KR24T1;Service Unavailable;This is a secondary alarm, use alarm correlation information in Additional Information to find primary alarm.
2025-10-03;07:57:54;AL  ;Major ;EUtranCellFDD=KR24M4;Service Unavailable;This is a secondary alarm, use alarm correlation information in Additional Information to find primary alarm.
2025-10-03;07:57:54;AL  ;Major ;EUtranCellFDD=KR24M3;Service Unavailable;This is a secondary alarm, use alarm correlation information in Additional Information to find primary alarm.
2025-10-03;07:57:54;AL  ;Major ;EUtranCellFDD=KR24M2;Service Unavailable;This is a secondary alarm, use alarm correlation information in Additional Information to find primary alarm.
2025-10-03;07:57:54;AL  ;Major ;EUtranCellFDD=KR24M1;Service Unavailable;This is a secondary alarm, use alarm correlation information in Additional Information to find primary alarm.
2025-10-03;07:57:54;AL  ;Major ;EUtranCellFDD=KR24E4;Service Unavailable;This is a secondary alarm, use alarm correlation information in Additional Information to find primary alarm.
2025-10-03;07:57:54;AL  ;Major ;EUtranCellFDD=KR24E3;Service Unavailable;This is a secondary alarm, use alarm correlation information in Additional Information to find primary alarm.
2025-10-03;07:57:54;AL  ;Major ;EUtranCellFDD=KR24E2;Service Unavailable;This is a secondary alarm, use alarm correlation information in Additional Information to find primary alarm.
2025-10-03;07:57:54;AL  ;Major ;EUtranCellFDD=KR24E1;Service Unavailable;This is a secondary alarm, use alarm correlation information in Additional Information to find primary alarm.
2025-10-03;07:57:54;AL  ;Major ;NbIotCell=KR24N4;Service Unavailable;This is a secondary alarm, use alarm correlation information in Additional Information to find primary alarm.
2025-10-03;07:57:54;AL  ;Major ;NbIotCell=KR24N3;Service Unavailable;This is a secondary alarm, use alarm correlation information in Additional Information to find primary alarm.
2025-10-03;07:57:54;AL  ;Major ;NbIotCell=KR24N2;Service Unavailable;This is a secondary alarm, use alarm correlation information in Additional Information to find primary alarm.
2025-10-03;07:57:54;AL  ;Major ;NbIotCell=KR24N1;Service Unavailable;This is a secondary alarm, use alarm correlation information in Additional Information to find primary alarm.
2025-10-03;07:57:58;AL  ;Cleared;EUtraNetwork=1,ExternalENodeBFunction=2221-650392;Inter Node Carrier Aggregation Service Unavailable;Elastic RAN Carrier Aggregation is not available towards remote eNodeB.
2025-10-03;07:57:58;AL  ;Cleared;EUtraNetwork=1,ExternalENodeBFunction=2221-204626;Inter Node Feature Incompatibility;Elastic RAN feature is not activated in remote eNodeB
2025-10-03;07:57:59;AL  ;Cleared;EUtraNetwork=1,ExternalENodeBFunction=2221-208331;Inter Node Carrier Aggregation Service Unavailable;Elastic RAN Carrier Aggregation is not available towards remote eNodeB.
2025-10-03;07:57:59;AL  ;Cleared;EUtraNetwork=1,ExternalENodeBFunction=2221-650154;Inter Node Carrier Aggregation Service Unavailable;Elastic RAN Carrier Aggregation is not available towards remote eNodeB.
2025-10-03;07:57:59;AL  ;Cleared;EUtraNetwork=1,ExternalENodeBFunction=2221-650459;Inter Node Carrier Aggregation Service Unavailable;Elastic RAN Carrier Aggregation is not available towards remote eNodeB.
2025-10-03;07:57:59;AL  ;Cleared;EUtraNetwork=1,ExternalENodeBFunction=2221-650752;Inter Node Feature Incompatibility;Elastic RAN feature is not activated in remote eNodeB
2025-10-03;07:57:59;AL  ;Cleared;EUtraNetwork=1,ExternalENodeBFunction=2221-650763;Inter Node Feature Incompatibility;Elastic RAN feature is not activated in remote eNodeB
2025-10-03;07:58:01;AL  ;Cleared;EUtraNetwork=1,ExternalENodeBFunction=2221-450205;Inter Node Feature Incompatibility;Elastic RAN feature is not activated in remote eNodeB
2025-10-03;07:58:01;AL  ;Cleared;EUtraNetwork=1,ExternalENodeBFunction=2221-650587;Inter Node Feature Incompatibility;Elastic RAN feature is not activated in remote eNodeB
2025-10-03;07:58:20;AL  ;Warning;ENodeBFunction=1;PLMN Service Redundancy Lost;S1 connection failure for PLMN connected with link represented by MO listed in Additional Information. AI: PLMN = ["2221"],DN1=ManagedElement=1,ENodeBFunction=1,TermPointToMme=4,
2025-10-03;07:58:20;AL  ;Cleared;ENodeBFunction=1;PLMN Service Unavailable;S1 Connection Failure for PLMNs listed in Additional Information. AI: PLMN = ["2221"],
2025-10-03;07:58:20;AL  ;Cleared;EUtranCellFDD=KR24T4;Service Unavailable;This is a secondary alarm, use alarm correlation information in Additional Information to find primary alarm.
2025-10-03;07:58:20;AL  ;Cleared;EUtranCellFDD=KR24T3;Service Unavailable;This is a secondary alarm, use alarm correlation information in Additional Information to find primary alarm.
2025-10-03;07:58:20;AL  ;Cleared;EUtranCellFDD=KR24T2;Service Unavailable;This is a secondary alarm, use alarm correlation information in Additional Information to find primary alarm.
2025-10-03;07:58:20;AL  ;Cleared;EUtranCellFDD=KR24M3;Service Unavailable;This is a secondary alarm, use alarm correlation information in Additional Information to find primary alarm.
2025-10-03;07:58:20;AL  ;Cleared;EUtranCellFDD=KR24T1;Service Unavailable;This is a secondary alarm, use alarm correlation information in Additional Information to find primary alarm.
2025-10-03;07:58:20;AL  ;Cleared;EUtranCellFDD=KR24M4;Service Unavailable;This is a secondary alarm, use alarm correlation information in Additional Information to find primary alarm.
2025-10-03;07:58:20;AL  ;Cleared;EUtranCellFDD=KR24M2;Service Unavailable;This is a secondary alarm, use alarm correlation information in Additional Information to find primary alarm.
2025-10-03;07:58:20;AL  ;Cleared;EUtranCellFDD=KR24M1;Service Unavailable;This is a secondary alarm, use alarm correlation information in Additional Information to find primary alarm.
2025-10-03;07:58:20;AL  ;Cleared;EUtranCellFDD=KR24E4;Service Unavailable;This is a secondary alarm, use alarm correlation information in Additional Information to find primary alarm.
2025-10-03;07:58:20;AL  ;Cleared;EUtranCellFDD=KR24E3;Service Unavailable;This is a secondary alarm, use alarm correlation information in Additional Information to find primary alarm.
2025-10-03;07:58:20;AL  ;Cleared;EUtranCellFDD=KR24E2;Service Unavailable;This is a secondary alarm, use alarm correlation information in Additional Information to find primary alarm.
2025-10-03;07:58:20;AL  ;Cleared;EUtranCellFDD=KR24E1;Service Unavailable;This is a secondary alarm, use alarm correlation information in Additional Information to find primary alarm.
2025-10-03;07:58:20;AL  ;Cleared;NbIotCell=KR24N4;Service Unavailable;This is a secondary alarm, use alarm correlation information in Additional Information to find primary alarm.
2025-10-03;07:58:20;AL  ;Cleared;NbIotCell=KR24N3;Service Unavailable;This is a secondary alarm, use alarm correlation information in Additional Information to find primary alarm.
2025-10-03;07:58:20;AL  ;Cleared;NbIotCell=KR24N2;Service Unavailable;This is a secondary alarm, use alarm correlation information in Additional Information to find primary alarm.
2025-10-03;07:58:20;AL  ;Cleared;NbIotCell=KR24N1;Service Unavailable;This is a secondary alarm, use alarm correlation information in Additional Information to find primary alarm.
2025-10-03;07:58:21;AL  ;Minor ;EUtraNetwork=1,ExternalENodeBFunction=2221-650225;Inter Node Feature Incompatibility;Elastic RAN feature is not activated in remote eNodeB
2025-10-03;07:58:22;AL  ;Minor ;EUtraNetwork=1,ExternalENodeBFunction=2221-650763;Inter Node Feature Incompatibility;Elastic RAN feature is not activated in remote eNodeB
2025-10-03;07:58:24;AL  ;Cleared;ENodeBFunction=1;PLMN Service Redundancy Lost;S1 connection failure for PLMN connected with link represented by MO listed in Additional Information. AI: PLMN = ["2221"],DN1=ManagedElement=1,ENodeBFunction=1,TermPointToMme=4,
2025-10-03;07:58:34;AL  ;Minor ;ENodeBFunction=1;PLMN Service Unavailable;S1 Connection Failure for PLMNs listed in Additional Information. AI: PLMN = ["2221"],
2025-10-03;07:58:34;AL  ;Major ;EUtranCellFDD=KR24T4;Service Unavailable;This is a secondary alarm, use alarm correlation information in Additional Information to find primary alarm.
2025-10-03;07:58:34;AL  ;Major ;EUtranCellFDD=KR24T3;Service Unavailable;This is a secondary alarm, use alarm correlation information in Additional Information to find primary alarm.
2025-10-03;07:58:34;AL  ;Major ;EUtranCellFDD=KR24T2;Service Unavailable;This is a secondary alarm, use alarm correlation information in Additional Information to find primary alarm.
2025-10-03;07:58:34;AL  ;Major ;EUtranCellFDD=KR24T1;Service Unavailable;This is a secondary alarm, use alarm correlation information in Additional Information to find primary alarm.
2025-10-03;07:58:34;AL  ;Major ;EUtranCellFDD=KR24M4;Service Unavailable;This is a secondary alarm, use alarm correlation information in Additional Information to find primary alarm.
2025-10-03;07:58:34;AL  ;Major ;EUtranCellFDD=KR24M3;Service Unavailable;This is a secondary alarm, use alarm correlation information in Additional Information to find primary alarm.
2025-10-03;07:58:34;AL  ;Major ;EUtranCellFDD=KR24M2;Service Unavailable;This is a secondary alarm, use alarm correlation information in Additional Information to find primary alarm.
2025-10-03;07:58:34;AL  ;Major ;EUtranCellFDD=KR24M1;Service Unavailable;This is a secondary alarm, use alarm correlation information in Additional Information to find primary alarm.
2025-10-03;07:58:34;AL  ;Major ;EUtranCellFDD=KR24E4;Service Unavailable;This is a secondary alarm, use alarm correlation information in Additional Information to find primary alarm.
2025-10-03;07:58:34;AL  ;Major ;EUtranCellFDD=KR24E3;Service Unavailable;This is a secondary alarm, use alarm correlation information in Additional Information to find primary alarm.
2025-10-03;07:58:34;AL  ;Major ;EUtranCellFDD=KR24E2;Service Unavailable;This is a secondary alarm, use alarm correlation information in Additional Information to find primary alarm.
2025-10-03;07:58:34;AL  ;Major ;EUtranCellFDD=KR24E1;Service Unavailable;This is a secondary alarm, use alarm correlation information in Additional Information to find primary alarm.
2025-10-03;07:58:34;AL  ;Major ;NbIotCell=KR24N4;Service Unavailable;This is a secondary alarm, use alarm correlation information in Additional Information to find primary alarm.
2025-10-03;07:58:34;AL  ;Major ;NbIotCell=KR24N3;Service Unavailable;This is a secondary alarm, use alarm correlation information in Additional Information to find primary alarm.
2025-10-03;07:58:34;AL  ;Major ;NbIotCell=KR24N2;Service Unavailable;This is a secondary alarm, use alarm correlation information in Additional Information to find primary alarm.
2025-10-03;07:58:34;AL  ;Major ;NbIotCell=KR24N1;Service Unavailable;This is a secondary alarm, use alarm correlation information in Additional Information to find primary alarm.
2025-10-03;07:58:42;AL  ;Cleared;EUtraNetwork=1,ExternalENodeBFunction=2221-650225;Inter Node Feature Incompatibility;Elastic RAN feature is not activated in remote eNodeB
2025-10-03;07:58:42;AL  ;Cleared;EUtraNetwork=1,ExternalENodeBFunction=2221-650763;Inter Node Feature Incompatibility;Elastic RAN feature is not activated in remote eNodeB
2025-10-03;07:58:59;AL  ;Major ;Synchronization=1,RadioEquipmentClock=1,RadioEquipmentClockReference=PTP8275_2;Sync PTP Time Reachability Fault;No PTP messages
2025-10-03;07:59:24;AL  ;Major ;GNBCUCPFunction=1;LTE Anchor Service Unavailable;X2 link problem to eNodeBs listed in Additional Information. AI: PLMN ID-eNB ID 1 = 2221-210822 PLMN ID-eNB ID 2 = 2221-211967 PLMN ID-eNB ID 3 = 2221-650103 PLMN ID-eNB ID 4 = 2221-650176 PLMN ID-eNB ID 5 = 2221-650225 PLMN ID-eNB ID 6 = 2221-650257 PLMN ID-eNB ID 7 = 2221-650328 PLMN ID-eNB ID 8 = 2221-650352 PLMN ID-eNB ID 9 = 2221-650353 PLMN ID-eNB ID = list truncated
2025-10-03;08:01:38;AL  ;Minor ;GNBCUCPFunction=1;XnC Link to GNodeB Failure;XnC link problem to gNodeBs listed in Additional Information. AI: PLMN ID-gNB ID 1 = 222:01-1052227
2025-10-03;08:04:26;AL  ;Major ;NRCellCU=KR24G1;Cell State Inactive;No interfaces specified by interfaceSupervision=ALL_LINKS are available.
2025-10-03;08:04:26;AL  ;Major ;NRCellCU=KR24G2;Cell State Inactive;No interfaces specified by interfaceSupervision=ALL_LINKS are available.
2025-10-03;08:04:26;AL  ;Major ;NRCellCU=KR24G3;Cell State Inactive;No interfaces specified by interfaceSupervision=ALL_LINKS are available.
2025-10-03;08:04:26;AL  ;Major ;NRCellCU=KR24G4;Cell State Inactive;No interfaces specified by interfaceSupervision=ALL_LINKS are available.
2025-10-03;08:04:26;AL  ;Major ;NRCellDU=KR24G1;Cell CU Service Unavailable;This is a secondary alarm, use alarm correlation information in Additional Information to find primary alarm.
2025-10-03;08:04:26;AL  ;Major ;NRCellDU=KR24G4;Cell CU Service Unavailable;This is a secondary alarm, use alarm correlation information in Additional Information to find primary alarm.
2025-10-03;08:04:26;AL  ;Major ;NRCellDU=KR24G3;Cell CU Service Unavailable;This is a secondary alarm, use alarm correlation information in Additional Information to find primary alarm.
2025-10-03;08:04:26;AL  ;Major ;NRCellDU=KR24G2;Cell CU Service Unavailable;This is a secondary alarm, use alarm correlation information in Additional Information to find primary alarm.
2025-10-03;08:04:33;AL  ;Minor ;GNBCUCPFunction=1;XnC Link to GNodeB Failure;XnC link problem to gNodeBs listed in Additional Information. AI: PLMN ID-gNB ID 1 = 222:01-1052227 PLMN ID-gNB ID 2 = 222:01-1054918 PLMN ID-gNB ID 3 = 222:01-1055599 PLMN ID-gNB ID 4 = 222:01-1051892 PLMN ID-gNB ID 5 = 222:01-1054695 PLMN ID-gNB ID 6 = 222:01-1055450 PLMN ID-gNB ID 7 = 222:01-1055419 PLMN ID-gNB ID 8 = 222:01-1056709
2025-10-03;08:04:33;AL  ;Cleared;NRCellCU=KR24G1;Cell State Inactive;No interfaces specified by interfaceSupervision=ALL_LINKS are available.
2025-10-03;08:04:33;AL  ;Cleared;NRCellCU=KR24G3;Cell State Inactive;No interfaces specified by interfaceSupervision=ALL_LINKS are available.
2025-10-03;08:04:33;AL  ;Cleared;NRCellCU=KR24G2;Cell State Inactive;No interfaces specified by interfaceSupervision=ALL_LINKS are available.
2025-10-03;08:04:33;AL  ;Cleared;NRCellCU=KR24G4;Cell State Inactive;No interfaces specified by interfaceSupervision=ALL_LINKS are available.
2025-10-03;08:04:33;AL  ;Cleared;NRCellDU=KR24G1;Cell CU Service Unavailable;This is a secondary alarm, use alarm correlation information in Additional Information to find primary alarm.
2025-10-03;08:04:33;AL  ;Cleared;NRCellDU=KR24G4;Cell CU Service Unavailable;This is a secondary alarm, use alarm correlation information in Additional Information to find primary alarm.
2025-10-03;08:04:33;AL  ;Cleared;NRCellDU=KR24G2;Cell CU Service Unavailable;This is a secondary alarm, use alarm correlation information in Additional Information to find primary alarm.
2025-10-03;08:04:33;AL  ;Cleared;NRCellDU=KR24G3;Cell CU Service Unavailable;This is a secondary alarm, use alarm correlation information in Additional Information to find primary alarm.
2025-10-03;08:04:35;AL  ;Cleared;ENodeBFunction=1;PLMN Service Unavailable;S1 Connection Failure for PLMNs listed in Additional Information. AI: PLMN = ["2221"],
2025-10-03;08:04:35;AL  ;Cleared;EUtranCellFDD=KR24T4;Service Unavailable;This is a secondary alarm, use alarm correlation information in Additional Information to find primary alarm.
2025-10-03;08:04:35;AL  ;Cleared;EUtranCellFDD=KR24T3;Service Unavailable;This is a secondary alarm, use alarm correlation information in Additional Information to find primary alarm.
2025-10-03;08:04:35;AL  ;Cleared;EUtranCellFDD=KR24T2;Service Unavailable;This is a secondary alarm, use alarm correlation information in Additional Information to find primary alarm.
2025-10-03;08:04:35;AL  ;Cleared;EUtranCellFDD=KR24T1;Service Unavailable;This is a secondary alarm, use alarm correlation information in Additional Information to find primary alarm.
2025-10-03;08:04:35;AL  ;Cleared;EUtranCellFDD=KR24M4;Service Unavailable;This is a secondary alarm, use alarm correlation information in Additional Information to find primary alarm.
2025-10-03;08:04:35;AL  ;Cleared;EUtranCellFDD=KR24M3;Service Unavailable;This is a secondary alarm, use alarm correlation information in Additional Information to find primary alarm.
2025-10-03;08:04:35;AL  ;Cleared;EUtranCellFDD=KR24M2;Service Unavailable;This is a secondary alarm, use alarm correlation information in Additional Information to find primary alarm.
2025-10-03;08:04:35;AL  ;Cleared;EUtranCellFDD=KR24M1;Service Unavailable;This is a secondary alarm, use alarm correlation information in Additional Information to find primary alarm.
2025-10-03;08:04:35;AL  ;Cleared;EUtranCellFDD=KR24E4;Service Unavailable;This is a secondary alarm, use alarm correlation information in Additional Information to find primary alarm.
2025-10-03;08:04:35;AL  ;Cleared;EUtranCellFDD=KR24E3;Service Unavailable;This is a secondary alarm, use alarm correlation information in Additional Information to find primary alarm.
2025-10-03;08:04:35;AL  ;Cleared;EUtranCellFDD=KR24E2;Service Unavailable;This is a secondary alarm, use alarm correlation information in Additional Information to find primary alarm.
2025-10-03;08:04:35;AL  ;Cleared;EUtranCellFDD=KR24E1;Service Unavailable;This is a secondary alarm, use alarm correlation information in Additional Information to find primary alarm.
2025-10-03;08:04:35;AL  ;Cleared;NbIotCell=KR24N3;Service Unavailable;This is a secondary alarm, use alarm correlation information in Additional Information to find primary alarm.
2025-10-03;08:04:35;AL  ;Cleared;NbIotCell=KR24N4;Service Unavailable;This is a secondary alarm, use alarm correlation information in Additional Information to find primary alarm.
2025-10-03;08:04:35;AL  ;Cleared;NbIotCell=KR24N2;Service Unavailable;This is a secondary alarm, use alarm correlation information in Additional Information to find primary alarm.
2025-10-03;08:04:35;AL  ;Cleared;NbIotCell=KR24N1;Service Unavailable;This is a secondary alarm, use alarm correlation information in Additional Information to find primary alarm.
2025-10-03;08:04:37;AL  ;Minor ;EUtraNetwork=1,ExternalENodeBFunction=2221-650763;Inter Node Feature Incompatibility;Elastic RAN feature is not activated in remote eNodeB
2025-10-03;08:04:41;AL  ;Cleared;GNBCUCPFunction=1;LTE Anchor Service Unavailable;X2 link problem to eNodeBs listed in Additional Information. AI: PLMN ID-eNB ID 1 = 2221-210822 PLMN ID-eNB ID 2 = 2221-211967 PLMN ID-eNB ID 3 = 2221-650103 PLMN ID-eNB ID 4 = 2221-650176 PLMN ID-eNB ID 5 = 2221-650225 PLMN ID-eNB ID 6 = 2221-650257 PLMN ID-eNB ID 7 = 2221-650328 PLMN ID-eNB ID 8 = 2221-650352 PLMN ID-eNB ID 9 = 2221-650353 PLMN ID-eNB ID = list truncated
2025-10-03;08:04:44;AL  ;Cleared;GNBCUCPFunction=1;XnC Link to GNodeB Failure;XnC link problem to gNodeBs listed in Additional Information. AI: PLMN ID-gNB ID 1 = 222:01-1055419
2025-10-03;08:04:48;AL  ;Minor ;EUtraNetwork=1,ExternalENodeBFunction=2221-650459;Inter Node Carrier Aggregation Service Unavailable;Elastic RAN Carrier Aggregation is not available towards remote eNodeB.
2025-10-03;08:04:50;AL  ;Minor ;EUtraNetwork=1,ExternalENodeBFunction=2221-650392;Inter Node Carrier Aggregation Service Unavailable;Elastic RAN Carrier Aggregation is not available towards remote eNodeB.
2025-10-03;08:04:52;AL  ;Minor ;EUtraNetwork=1,ExternalENodeBFunction=2221-650328;Inter Node Carrier Aggregation Service Unavailable;Elastic RAN Carrier Aggregation is not available towards remote eNodeB.
2025-10-03;08:05:33;AL  ;Minor ;EUtraNetwork=1,ExternalENodeBFunction=2221-210822;Inter Node Carrier Aggregation Service Unavailable;Elastic RAN Carrier Aggregation is not available towards remote eNodeB.
2025-10-03;08:05:37;AL  ;Minor ;EUtraNetwork=1,ExternalENodeBFunction=2221-208331;Inter Node Carrier Aggregation Service Unavailable;Elastic RAN Carrier Aggregation is not available towards remote eNodeB.
2025-10-03;08:06:36;AL  ;Cleared;Synchronization=1,RadioEquipmentClock=1,RadioEquipmentClockReference=PTP8275_2;Sync PTP Time Reachability Fault;No PTP messages
2025-10-04;05:52:21;AL  ;Minor ;ENodeBFunction=1;External Link Failure;X2 link problem to one or several neighbouring eNodeBs. AI: PLMN ID-eNB ID 1 = 2221-450764
2025-10-04;07:19:54;AL  ;Minor ;GNBCUCPFunction=1;XnC Link to GNodeB Failure;XnC link problem to gNodeBs listed in Additional Information. AI: PLMN ID-gNB ID 1 = 222:01-1055419
2025-10-04;07:24:23;AL  ;Minor ;ENodeBFunction=1;External Link Failure;X2 link problem to one or several neighbouring eNodeBs. AI: PLMN ID-eNB ID 1 = 2221-450764 PLMN ID-eNB ID 2 = 2221-650752
2025-10-04;07:26:42;AL  ;Minor ;ENodeBFunction=1;External Link Failure;X2 link problem to one or several neighbouring eNodeBs. AI: PLMN ID-eNB ID 1 = 2221-450764 PLMN ID-eNB ID 2 = 2221-650353
2025-10-04;07:27:47;AL  ;Cleared;GNBCUCPFunction=1;XnC Link to GNodeB Failure;XnC link problem to gNodeBs listed in Additional Information. AI: PLMN ID-gNB ID 1 = 222:01-1055419
2025-10-04;07:28:07;AL  ;Minor ;ENodeBFunction=1;External Link Failure;X2 link problem to one or several neighbouring eNodeBs. AI: PLMN ID-eNB ID 1 = 2221-450764
2025-10-04;07:51:37;AL  ;Major ;Synchronization=1,RadioEquipmentClock=1,RadioEquipmentClockReference=PTP8275_2;Sync PTP Time PDV Problem;High PDV detected on PTP messages
2025-10-04;08:32:19;AL  ;Minor ;GNBCUCPFunction=1;XnC Link to GNodeB Failure;XnC link problem to gNodeBs listed in Additional Information. AI: PLMN ID-gNB ID 1 = 222:01-1055419
2025-10-04;08:34:59;AL  ;Cleared;GNBCUCPFunction=1;XnC Link to GNodeB Failure;XnC link problem to gNodeBs listed in Additional Information. AI: PLMN ID-gNB ID 1 = 222:01-1055419
2025-10-04;09:28:40;AL  ;Minor ;GNBCUCPFunction=1;XnC Link to GNodeB Failure;XnC link problem to gNodeBs listed in Additional Information. AI: PLMN ID-gNB ID 1 = 222:01-1055419
2025-10-04;09:33:02;AL  ;Cleared;GNBCUCPFunction=1;XnC Link to GNodeB Failure;XnC link problem to gNodeBs listed in Additional Information. AI: PLMN ID-gNB ID 1 = 222:01-1055419
2025-10-04;09:50:12;AL  ;Cleared;ENodeBFunction=1;External Link Failure;X2 link problem to one or several neighbouring eNodeBs. AI: PLMN ID-eNB ID 1 = 2221-450764
2025-10-04;09:54:38;AL  ;Cleared;Synchronization=1,RadioEquipmentClock=1,RadioEquipmentClockReference=PTP8275_2;Sync PTP Time PDV Problem;High PDV detected on PTP messages
2025-10-04;14:48:13;AL  ;Minor ;GNBCUCPFunction=1;XnC Link to GNodeB Failure;XnC link problem to gNodeBs listed in Additional Information. AI: PLMN ID-gNB ID 1 = 222:01-1055419
2025-10-04;14:50:27;AL  ;Cleared;GNBCUCPFunction=1;XnC Link to GNodeB Failure;XnC link problem to gNodeBs listed in Additional Information. AI: PLMN ID-gNB ID 1 = 222:01-1055419
2025-10-04;15:20:26;AL  ;Major ;Synchronization=1,RadioEquipmentClock=1,RadioEquipmentClockReference=PTP8275_2;Sync PTP Time PDV Problem;High PDV detected on PTP messages
2025-10-04;15:21:12;AL  ;Minor ;GNBCUCPFunction=1;XnC Link to GNodeB Failure;XnC link problem to gNodeBs listed in Additional Information. AI: PLMN ID-gNB ID 1 = 222:01-1055419
2025-10-04;15:23:23;AL  ;Cleared;GNBCUCPFunction=1;XnC Link to GNodeB Failure;XnC link problem to gNodeBs listed in Additional Information. AI: PLMN ID-gNB ID 1 = 222:01-1055419
2025-10-04;16:57:03;AL  ;Minor ;GNBCUCPFunction=1;XnC Link to GNodeB Failure;XnC link problem to gNodeBs listed in Additional Information. AI: PLMN ID-gNB ID 1 = 222:01-1055419
2025-10-04;16:59:33;AL  ;Cleared;GNBCUCPFunction=1;XnC Link to GNodeB Failure;XnC link problem to gNodeBs listed in Additional Information. AI: PLMN ID-gNB ID 1 = 222:01-1055419
2025-10-04;17:06:37;AL  ;Cleared;Synchronization=1,RadioEquipmentClock=1,RadioEquipmentClockReference=PTP8275_2;Sync PTP Time PDV Problem;High PDV detected on PTP messages
2025-10-04;17:46:57;AL  ;Minor ;GNBCUCPFunction=1;XnC Link to GNodeB Failure;XnC link problem to gNodeBs listed in Additional Information. AI: PLMN ID-gNB ID 1 = 222:01-1055419
2025-10-04;17:50:37;AL  ;Cleared;GNBCUCPFunction=1;XnC Link to GNodeB Failure;XnC link problem to gNodeBs listed in Additional Information. AI: PLMN ID-gNB ID 1 = 222:01-1055419
2025-10-05;07:43:56;AL  ;Cleared;EUtraNetwork=1,ExternalENodeBFunction=2221-208331;Inter Node Carrier Aggregation Service Unavailable;Elastic RAN Carrier Aggregation is not available towards remote eNodeB.
2025-10-05;07:44:52;AL  ;Minor ;EUtraNetwork=1,ExternalENodeBFunction=2221-208331;Inter Node Carrier Aggregation Service Unavailable;Elastic RAN Carrier Aggregation is not available towards remote eNodeB.
2025-10-05;08:47:09;AL  ;Cleared;EUtraNetwork=1,ExternalENodeBFunction=2221-650328;Inter Node Carrier Aggregation Service Unavailable;Elastic RAN Carrier Aggregation is not available towards remote eNodeB.
2025-10-05;08:47:50;AL  ;Minor ;EUtraNetwork=1,ExternalENodeBFunction=2221-650328;Inter Node Carrier Aggregation Service Unavailable;Elastic RAN Carrier Aggregation is not available towards remote eNodeB.
2025-10-05;08:49:35;AL  ;Cleared;EUtraNetwork=1,ExternalENodeBFunction=2221-650392;Inter Node Carrier Aggregation Service Unavailable;Elastic RAN Carrier Aggregation is not available towards remote eNodeB.
2025-10-05;08:49:47;AL  ;Cleared;EUtraNetwork=1,ExternalENodeBFunction=2221-210822;Inter Node Carrier Aggregation Service Unavailable;Elastic RAN Carrier Aggregation is not available towards remote eNodeB.
2025-10-05;08:49:54;AL  ;Cleared;EUtraNetwork=1,ExternalENodeBFunction=2221-650328;Inter Node Carrier Aggregation Service Unavailable;Elastic RAN Carrier Aggregation is not available towards remote eNodeB.
2025-10-05;08:49:54;AL  ;Minor ;EUtraNetwork=1,ExternalENodeBFunction=2221-650103;Inter Node Carrier Aggregation Service Unavailable;Elastic RAN Carrier Aggregation is not available towards remote eNodeB.
2025-10-05;08:49:59;AL  ;Minor ;EUtraNetwork=1,ExternalENodeBFunction=2221-650492;Inter Node Carrier Aggregation Service Unavailable;Elastic RAN Carrier Aggregation is not available towards remote eNodeB.
2025-10-05;08:50:01;AL  ;Cleared;EUtraNetwork=1,ExternalENodeBFunction=2221-208331;Inter Node Carrier Aggregation Service Unavailable;Elastic RAN Carrier Aggregation is not available towards remote eNodeB.
2025-10-05;08:50:05;AL  ;Cleared;EUtraNetwork=1,ExternalENodeBFunction=2221-650459;Inter Node Carrier Aggregation Service Unavailable;Elastic RAN Carrier Aggregation is not available towards remote eNodeB.
2025-10-05;08:50:06;AL  ;Minor ;EUtraNetwork=1,ExternalENodeBFunction=2221-650154;Inter Node Carrier Aggregation Service Unavailable;Elastic RAN Carrier Aggregation is not available towards remote eNodeB.
2025-10-05;08:50:20;AL  ;Minor ;EUtraNetwork=1,ExternalENodeBFunction=2221-650459;Inter Node Carrier Aggregation Service Unavailable;Elastic RAN Carrier Aggregation is not available towards remote eNodeB.
2025-10-05;10:26:39;AL  ;Minor ;EUtraNetwork=1,ExternalENodeBFunction=2221-650392;Inter Node Carrier Aggregation Service Unavailable;Elastic RAN Carrier Aggregation is not available towards remote eNodeB.
2025-10-05;12:04:53;AL  ;Cleared;EUtraNetwork=1,ExternalENodeBFunction=2221-650492;Inter Node Carrier Aggregation Service Unavailable;Elastic RAN Carrier Aggregation is not available towards remote eNodeB.
2025-10-05;12:05:02;AL  ;Minor ;EUtraNetwork=1,ExternalENodeBFunction=2221-650492;Inter Node Carrier Aggregation Service Unavailable;Elastic RAN Carrier Aggregation is not available towards remote eNodeB.
2025-10-05;12:14:23;AL  ;Cleared;EUtraNetwork=1,ExternalENodeBFunction=2221-650459;Inter Node Carrier Aggregation Service Unavailable;Elastic RAN Carrier Aggregation is not available towards remote eNodeB.
2025-10-05;12:14:40;AL  ;Minor ;EUtraNetwork=1,ExternalENodeBFunction=2221-209173;Inter Node Carrier Aggregation Service Unavailable;Elastic RAN Carrier Aggregation is not available towards remote eNodeB.
2025-10-05;12:27:31;AL  ;Cleared;EUtraNetwork=1,ExternalENodeBFunction=2221-650103;Inter Node Carrier Aggregation Service Unavailable;Elastic RAN Carrier Aggregation is not available towards remote eNodeB.
2025-10-05;12:27:56;AL  ;Minor ;EUtraNetwork=1,ExternalENodeBFunction=2221-650103;Inter Node Carrier Aggregation Service Unavailable;Elastic RAN Carrier Aggregation is not available towards remote eNodeB.
2025-10-05;14:52:45;AL  ;Major ;Synchronization=1,RadioEquipmentClock=1,RadioEquipmentClockReference=PTP8275_2;Sync PTP Time PDV Problem;High PDV detected on PTP messages
2025-10-05;16:01:22;AL  ;Cleared;Synchronization=1,RadioEquipmentClock=1,RadioEquipmentClockReference=PTP8275_2;Sync PTP Time PDV Problem;High PDV detected on PTP messages
2025-10-05;16:05:41;AL  ;Minor ;ENodeBFunction=1;External Link Failure;X2 link problem to one or several neighbouring eNodeBs. AI: PLMN ID-eNB ID 1 = 2221-650734
2025-10-05;16:17:35;AL  ;Cleared;ENodeBFunction=1;External Link Failure;X2 link problem to one or several neighbouring eNodeBs. AI: PLMN ID-eNB ID 1 = 2221-650734
2025-10-05;17:28:18;AL  ;Minor ;ENodeBFunction=1;External Link Failure;X2 link problem to one or several neighbouring eNodeBs. AI: PLMN ID-eNB ID 1 = 2221-450545
2025-10-05;17:32:29;AL  ;Cleared;ENodeBFunction=1;External Link Failure;X2 link problem to one or several neighbouring eNodeBs. AI: PLMN ID-eNB ID 1 = 2221-450545
2025-10-05;19:52:47;AL  ;Major ;Synchronization=1,RadioEquipmentClock=1,RadioEquipmentClockReference=PTP8275_2;Sync PTP Time PDV Problem;High PDV detected on PTP messages
2025-10-05;21:30:23;AL  ;Cleared;Synchronization=1,RadioEquipmentClock=1,RadioEquipmentClockReference=PTP8275_2;Sync PTP Time PDV Problem;High PDV detected on PTP messages
2025-10-06;09:22:11;AL  ;Minor ;ENodeBFunction=1;External Link Failure;X2 link problem to one or several neighbouring eNodeBs. AI: PLMN ID-eNB ID 1 = 2221-650258
2025-10-06;12:56:11;AL  ;Cleared;ENodeBFunction=1;External Link Failure;X2 link problem to one or several neighbouring eNodeBs. AI: PLMN ID-eNB ID 1 = 2221-650258


KR24E> lgec -m 30d

251007-11:11:30+0200 19.31.11.156 25.0h MSRBS_NODE_MODEL_25.Q1_693.28324.131_62ac stopfile=/tmp/660590

Startdate=20250907.091131, Enddate=20251008.091131
Date;Time;Log;Severity;Object;Event;Cause;AdditionalText;AckState;Id;NotificationId;CorrelatedAlarms
Executing action Log.export()
..
Log=AlertLog                    actionId=30152
...
=================================================================================================================
MO                  actionId result      resultInfo
=================================================================================================================
LogM=1,Log=AlertLog 30152    1 (SUCCESS)           
cat  /ericsson/log/amos/moshell_logfiles/t20251007_37258710_53697/logs_moshell/tempfiles/scp-2-amos_20251007-111048_660516/rcslogs/AlertLog_20240314__091255_20250224__234242.log /ericsson/log/amos/moshell_logfiles/t20251007_37258710_53697/logs_moshell/tempfiles/scp-2-amos_20251007-111048_660516/rcslogs/AlertLog_20250224__234242.log > /ericsson/log/amos/moshell_logfiles/t20251007_37258710_53697/logs_moshell/tempfiles/scp-2-amos_20251007-111048_660516/eventLog660590.xml
2025-09-22;08:12:16;EV  ;Warning;NRCellDU=KR24G1;Cell Service Unavailable Auto Recovery Initiated Alert;
2025-09-22;08:12:16;EV  ;Warning;NRCellDU=KR24G2;Cell Service Unavailable Auto Recovery Initiated Alert;
2025-09-22;08:12:16;EV  ;Warning;NRCellDU=KR24G3;Cell Service Unavailable Auto Recovery Initiated Alert;
2025-09-22;08:12:16;EV  ;Warning;NRCellDU=KR24G4;Cell Service Unavailable Auto Recovery Initiated Alert;
2025-09-22;08:12:16;EV  ;Warning;EUtranCellFDD=KR24E1;Cell Service Unavailable Auto Recovery Initiated Alert;
2025-09-22;08:12:16;EV  ;Warning;NbIotCell=KR24N1;Cell Service Unavailable Auto Recovery Initiated Alert;
2025-09-22;08:12:16;EV  ;Warning;EUtranCellFDD=KR24E2;Cell Service Unavailable Auto Recovery Initiated Alert;
2025-09-22;08:12:16;EV  ;Warning;NbIotCell=KR24N2;Cell Service Unavailable Auto Recovery Initiated Alert;
2025-09-22;08:12:16;EV  ;Warning;EUtranCellFDD=KR24E3;Cell Service Unavailable Auto Recovery Initiated Alert;
2025-09-22;08:12:16;EV  ;Warning;NbIotCell=KR24N3;Cell Service Unavailable Auto Recovery Initiated Alert;
2025-09-22;08:12:17;EV  ;Warning;EUtranCellFDD=KR24E4;Cell Service Unavailable Auto Recovery Initiated Alert;
2025-09-22;08:12:17;EV  ;Warning;NbIotCell=KR24N4;Cell Service Unavailable Auto Recovery Initiated Alert;
2025-09-22;08:12:17;EV  ;Warning;EUtranCellFDD=KR24M3;Cell Service Unavailable Auto Recovery Initiated Alert;
2025-09-22;08:12:17;EV  ;Warning;EUtranCellFDD=KR24M4;Cell Service Unavailable Auto Recovery Initiated Alert;
2025-09-22;08:12:17;EV  ;Warning;EUtranCellFDD=KR24T1;Cell Service Unavailable Auto Recovery Initiated Alert;
2025-09-22;08:12:17;EV  ;Warning;EUtranCellFDD=KR24T2;Cell Service Unavailable Auto Recovery Initiated Alert;
2025-09-22;08:12:17;EV  ;Warning;EUtranCellFDD=KR24T3;Cell Service Unavailable Auto Recovery Initiated Alert;
2025-09-22;08:12:18;EV  ;Warning;EUtranCellFDD=KR24T4;Cell Service Unavailable Auto Recovery Initiated Alert;
2025-09-22;08:12:37;EV  ;Warning;RiLink=S223-1;Radio Interface Connectivity Disturbance Alert;Near end port:FieldReplaceableUnit=BB-1,RiPort=F (transportType=NOT_SET) (Mixed Mode with other ME). SUPPRESSED
2025-09-22;08:12:37;EV  ;Warning;RiLink=S100-1;Radio Interface Connectivity Disturbance Alert;Near end port:FieldReplaceableUnit=BB-1,RiPort=D (transportType=NOT_SET). SUPPRESSED
2025-09-22;08:12:37;EV  ;Warning;RiLink=S222-1;Radio Interface Connectivity Disturbance Alert;Near end port:FieldReplaceableUnit=BB-1,RiPort=C (transportType=NOT_SET) (Mixed Mode with other ME). SUPPRESSED
2025-09-22;08:12:37;EV  ;Warning;RiLink=S102-1;Radio Interface Connectivity Disturbance Alert;Near end port:FieldReplaceableUnit=BB-1,RiPort=E (transportType=NOT_SET). SUPPRESSED
2025-09-22;08:12:37;EV  ;Warning;RiLink=S221-1;Radio Interface Connectivity Disturbance Alert;Near end port:FieldReplaceableUnit=BB-1,RiPort=B (transportType=NOT_SET) (Mixed Mode with other ME). SUPPRESSED
2025-09-22;08:12:37;EV  ;Warning;RiLink=S220-1;Radio Interface Connectivity Disturbance Alert;Near end port:FieldReplaceableUnit=BB-1,RiPort=A (transportType=NOT_SET) (Mixed Mode with other ME). SUPPRESSED
2025-09-22;08:12:43;EV  ;Warning;EUtranCellFDD=KR24M3;Cell Service Available Auto Recovery Successful Alert;
2025-09-22;08:12:44;EV  ;Warning;EUtranCellFDD=KR24T3;Cell Service Available Auto Recovery Successful Alert;
2025-09-22;08:12:45;EV  ;Warning;EUtranCellFDD=KR24M4;Cell Service Available Auto Recovery Successful Alert;
2025-09-22;08:12:46;EV  ;Warning;EUtranCellFDD=KR24T1;Cell Service Available Auto Recovery Successful Alert;
2025-09-22;08:12:46;EV  ;Warning;EUtranCellFDD=KR24T2;Cell Service Available Auto Recovery Successful Alert;
2025-09-22;08:12:47;EV  ;Warning;EUtranCellFDD=KR24T4;Cell Service Available Auto Recovery Successful Alert;
2025-09-22;08:13:15;EV  ;Warning;EUtranCellFDD=KR24E2;Cell Service Available Auto Recovery Successful Alert;
2025-09-22;08:13:16;EV  ;Warning;EUtranCellFDD=KR24E3;Cell Service Available Auto Recovery Successful Alert;
2025-09-22;08:13:16;EV  ;Warning;EUtranCellFDD=KR24E1;Cell Service Available Auto Recovery Successful Alert;
2025-09-22;08:13:16;EV  ;Warning;EUtranCellFDD=KR24E4;Cell Service Available Auto Recovery Successful Alert;
2025-09-22;08:13:17;EV  ;Warning;NbIotCell=KR24N2;Cell Service Available Auto Recovery Successful Alert;
2025-09-22;08:13:17;EV  ;Warning;NbIotCell=KR24N3;Cell Service Available Auto Recovery Successful Alert;
2025-09-22;08:13:17;EV  ;Warning;NbIotCell=KR24N1;Cell Service Available Auto Recovery Successful Alert;
2025-09-22;08:13:17;EV  ;Warning;NbIotCell=KR24N4;Cell Service Available Auto Recovery Successful Alert;
2025-09-22;08:13:30;EV  ;Warning;NRCellDU=KR24G2;Cell Service Available Auto Recovery Successful Alert;
2025-09-22;08:13:30;EV  ;Warning;NRCellDU=KR24G3;Cell Service Available Auto Recovery Successful Alert;
2025-09-22;08:13:30;EV  ;Warning;NRCellDU=KR24G1;Cell Service Available Auto Recovery Successful Alert;
2025-09-22;08:13:30;EV  ;Warning;NRCellDU=KR24G4;Cell Service Available Auto Recovery Successful Alert;
2025-09-22;09:03:25;EV  ;Warning;NRCellDU=KR24G1;Cell Service Unavailable Auto Recovery Initiated Alert;
2025-09-22;09:03:25;EV  ;Warning;NRCellDU=KR24G2;Cell Service Unavailable Auto Recovery Initiated Alert;
2025-09-22;09:03:25;EV  ;Warning;NRCellDU=KR24G3;Cell Service Unavailable Auto Recovery Initiated Alert;
2025-09-22;09:03:25;EV  ;Warning;NRCellDU=KR24G4;Cell Service Unavailable Auto Recovery Initiated Alert;
2025-09-22;09:03:25;EV  ;Warning;EUtranCellFDD=KR24E1;Cell Service Unavailable Auto Recovery Initiated Alert;
2025-09-22;09:03:25;EV  ;Warning;NbIotCell=KR24N1;Cell Service Unavailable Auto Recovery Initiated Alert;
2025-09-22;09:03:25;EV  ;Warning;EUtranCellFDD=KR24E2;Cell Service Unavailable Auto Recovery Initiated Alert;
2025-09-22;09:03:25;EV  ;Warning;NbIotCell=KR24N2;Cell Service Unavailable Auto Recovery Initiated Alert;
2025-09-22;09:03:25;EV  ;Warning;EUtranCellFDD=KR24E3;Cell Service Unavailable Auto Recovery Initiated Alert;
2025-09-22;09:03:25;EV  ;Warning;NbIotCell=KR24N3;Cell Service Unavailable Auto Recovery Initiated Alert;
2025-09-22;09:03:25;EV  ;Warning;EUtranCellFDD=KR24E4;Cell Service Unavailable Auto Recovery Initiated Alert;
2025-09-22;09:03:25;EV  ;Warning;NbIotCell=KR24N4;Cell Service Unavailable Auto Recovery Initiated Alert;
2025-09-22;09:03:26;EV  ;Warning;EUtranCellFDD=KR24T2;Cell Service Unavailable Auto Recovery Initiated Alert;
2025-09-22;09:03:26;EV  ;Warning;EUtranCellFDD=KR24T3;Cell Service Unavailable Auto Recovery Initiated Alert;
2025-09-22;09:03:26;EV  ;Warning;EUtranCellFDD=KR24T4;Cell Service Unavailable Auto Recovery Initiated Alert;
2025-09-22;09:03:46;EV  ;Warning;RiLink=S223-1;Radio Interface Connectivity Disturbance Alert;Near end port:FieldReplaceableUnit=BB-1,RiPort=F (transportType=NOT_SET) (Mixed Mode with other ME). SUPPRESSED
2025-09-22;09:03:46;EV  ;Warning;RiLink=S100-1;Radio Interface Connectivity Disturbance Alert;Near end port:FieldReplaceableUnit=BB-1,RiPort=D (transportType=NOT_SET). SUPPRESSED
2025-09-22;09:03:46;EV  ;Warning;RiLink=S102-1;Radio Interface Connectivity Disturbance Alert;Near end port:FieldReplaceableUnit=BB-1,RiPort=E (transportType=NOT_SET). SUPPRESSED
2025-09-22;09:03:46;EV  ;Warning;RiLink=S222-1;Radio Interface Connectivity Disturbance Alert;Near end port:FieldReplaceableUnit=BB-1,RiPort=C (transportType=NOT_SET) (Mixed Mode with other ME). SUPPRESSED
2025-09-22;09:03:46;EV  ;Warning;RiLink=S221-1;Radio Interface Connectivity Disturbance Alert;Near end port:FieldReplaceableUnit=BB-1,RiPort=B (transportType=NOT_SET) (Mixed Mode with other ME). SUPPRESSED
2025-09-22;09:03:46;EV  ;Warning;RiLink=S220-1;Radio Interface Connectivity Disturbance Alert;Near end port:FieldReplaceableUnit=BB-1,RiPort=A (transportType=NOT_SET) (Mixed Mode with other ME). SUPPRESSED
2025-09-22;09:03:53;EV  ;Warning;EUtranCellFDD=KR24T2;Cell Service Available Auto Recovery Successful Alert;
2025-09-22;09:03:56;EV  ;Warning;EUtranCellFDD=KR24T3;Cell Service Available Auto Recovery Successful Alert;
2025-09-22;09:03:56;EV  ;Warning;EUtranCellFDD=KR24T4;Cell Service Available Auto Recovery Successful Alert;
2025-09-22;09:04:24;EV  ;Warning;EUtranCellFDD=KR24E3;Cell Service Available Auto Recovery Successful Alert;
2025-09-22;09:04:24;EV  ;Warning;EUtranCellFDD=KR24E2;Cell Service Available Auto Recovery Successful Alert;
2025-09-22;09:04:24;EV  ;Warning;EUtranCellFDD=KR24E4;Cell Service Available Auto Recovery Successful Alert;
2025-09-22;09:04:25;EV  ;Warning;EUtranCellFDD=KR24E1;Cell Service Available Auto Recovery Successful Alert;
2025-09-22;09:04:25;EV  ;Warning;NbIotCell=KR24N3;Cell Service Available Auto Recovery Successful Alert;
2025-09-22;09:04:25;EV  ;Warning;NbIotCell=KR24N2;Cell Service Available Auto Recovery Successful Alert;
2025-09-22;09:04:25;EV  ;Warning;NbIotCell=KR24N4;Cell Service Available Auto Recovery Successful Alert;
2025-09-22;09:04:25;EV  ;Warning;NbIotCell=KR24N1;Cell Service Available Auto Recovery Successful Alert;
2025-09-22;09:04:39;EV  ;Warning;NRCellDU=KR24G3;Cell Service Available Auto Recovery Successful Alert;
2025-09-22;09:04:39;EV  ;Warning;NRCellDU=KR24G2;Cell Service Available Auto Recovery Successful Alert;
2025-09-22;09:04:39;EV  ;Warning;NRCellDU=KR24G4;Cell Service Available Auto Recovery Successful Alert;
2025-09-22;09:04:39;EV  ;Warning;NRCellDU=KR24G1;Cell Service Available Auto Recovery Successful Alert;
2025-09-22;12:40:39;EV  ;Warning;NRCellDU=KR24G1;Cell Service Unavailable Auto Recovery Initiated Alert;
2025-09-22;12:40:39;EV  ;Warning;NRCellDU=KR24G2;Cell Service Unavailable Auto Recovery Initiated Alert;
2025-09-22;12:40:39;EV  ;Warning;NRCellDU=KR24G3;Cell Service Unavailable Auto Recovery Initiated Alert;
2025-09-22;12:40:39;EV  ;Warning;NRCellDU=KR24G4;Cell Service Unavailable Auto Recovery Initiated Alert;
2025-09-22;12:40:39;EV  ;Warning;EUtranCellFDD=KR24E1;Cell Service Unavailable Auto Recovery Initiated Alert;
2025-09-22;12:40:39;EV  ;Warning;NbIotCell=KR24N1;Cell Service Unavailable Auto Recovery Initiated Alert;
2025-09-22;12:40:39;EV  ;Warning;EUtranCellFDD=KR24E2;Cell Service Unavailable Auto Recovery Initiated Alert;
2025-09-22;12:40:39;EV  ;Warning;NbIotCell=KR24N2;Cell Service Unavailable Auto Recovery Initiated Alert;
2025-09-22;12:40:39;EV  ;Warning;EUtranCellFDD=KR24E3;Cell Service Unavailable Auto Recovery Initiated Alert;
2025-09-22;12:40:39;EV  ;Warning;NbIotCell=KR24N3;Cell Service Unavailable Auto Recovery Initiated Alert;
2025-09-22;12:40:39;EV  ;Warning;EUtranCellFDD=KR24E4;Cell Service Unavailable Auto Recovery Initiated Alert;
2025-09-22;12:40:39;EV  ;Warning;NbIotCell=KR24N4;Cell Service Unavailable Auto Recovery Initiated Alert;
2025-09-22;12:40:40;EV  ;Warning;EUtranCellFDD=KR24T3;Cell Service Unavailable Auto Recovery Initiated Alert;
2025-09-22;12:40:40;EV  ;Warning;EUtranCellFDD=KR24T4;Cell Service Unavailable Auto Recovery Initiated Alert;
2025-09-22;12:40:46;EV  ;Warning;RiLink=S223-1;Radio Interface Connectivity Disturbance Alert;Near end port:FieldReplaceableUnit=BB-1,RiPort=F (transportType=NOT_SET) (Mixed Mode with other ME). SUPPRESSED
2025-09-22;12:40:46;EV  ;Warning;RiLink=S100-1;Radio Interface Connectivity Disturbance Alert;Near end port:FieldReplaceableUnit=BB-1,RiPort=D (transportType=NOT_SET). SUPPRESSED
2025-09-22;12:40:46;EV  ;Warning;RiLink=S102-1;Radio Interface Connectivity Disturbance Alert;Near end port:FieldReplaceableUnit=BB-1,RiPort=E (transportType=NOT_SET). SUPPRESSED
2025-09-22;12:40:46;EV  ;Warning;RiLink=S222-1;Radio Interface Connectivity Disturbance Alert;Near end port:FieldReplaceableUnit=BB-1,RiPort=C (transportType=NOT_SET) (Mixed Mode with other ME). SUPPRESSED
2025-09-22;12:40:46;EV  ;Warning;RiLink=S221-1;Radio Interface Connectivity Disturbance Alert;Near end port:FieldReplaceableUnit=BB-1,RiPort=B (transportType=NOT_SET) (Mixed Mode with other ME). SUPPRESSED
2025-09-22;12:40:46;EV  ;Warning;RiLink=S220-1;Radio Interface Connectivity Disturbance Alert;Near end port:FieldReplaceableUnit=BB-1,RiPort=A (transportType=NOT_SET) (Mixed Mode with other ME). SUPPRESSED
2025-09-22;12:40:53;EV  ;Warning;EUtranCellFDD=KR24T3;Cell Service Available Auto Recovery Successful Alert;
2025-09-22;12:40:54;EV  ;Warning;EUtranCellFDD=KR24T4;Cell Service Available Auto Recovery Successful Alert;
2025-09-22;12:40:54;EV  ;Warning;NRCellDU=KR24G4;Cell Service Available Auto Recovery Successful Alert;
2025-09-22;12:40:55;EV  ;Warning;NRCellDU=KR24G3;Cell Service Available Auto Recovery Successful Alert;
2025-09-22;12:40:55;EV  ;Warning;EUtranCellFDD=KR24E2;Cell Service Available Auto Recovery Successful Alert;
2025-09-22;12:40:55;EV  ;Warning;NbIotCell=KR24N2;Cell Service Available Auto Recovery Successful Alert;
2025-09-22;12:40:55;EV  ;Warning;EUtranCellFDD=KR24E1;Cell Service Available Auto Recovery Successful Alert;
2025-09-22;12:40:56;EV  ;Warning;NbIotCell=KR24N1;Cell Service Available Auto Recovery Successful Alert;
2025-09-22;12:40:56;EV  ;Warning;EUtranCellFDD=KR24E4;Cell Service Available Auto Recovery Successful Alert;
2025-09-22;12:40:57;EV  ;Warning;NbIotCell=KR24N4;Cell Service Available Auto Recovery Successful Alert;
2025-09-22;12:40:57;EV  ;Warning;EUtranCellFDD=KR24E3;Cell Service Available Auto Recovery Successful Alert;
2025-09-22;12:40:58;EV  ;Warning;NbIotCell=KR24N3;Cell Service Available Auto Recovery Successful Alert;
2025-09-22;12:41:24;EV  ;Warning;NRCellDU=KR24G2;Cell Service Available Auto Recovery Successful Alert;
2025-09-22;12:41:24;EV  ;Warning;NRCellDU=KR24G1;Cell Service Available Auto Recovery Successful Alert;
2025-10-02;09:42:30;EV  ;Warning;NRCellDU=KR24G1;Cell Service Unavailable Auto Recovery Initiated Alert;
2025-10-02;09:42:30;EV  ;Warning;NRCellDU=KR24G2;Cell Service Unavailable Auto Recovery Initiated Alert;
2025-10-02;09:42:30;EV  ;Warning;NRCellDU=KR24G3;Cell Service Unavailable Auto Recovery Initiated Alert;
2025-10-02;09:42:30;EV  ;Warning;NRCellDU=KR24G4;Cell Service Unavailable Auto Recovery Initiated Alert;
2025-10-02;09:42:31;EV  ;Warning;EUtranCellFDD=KR24E1;Cell Service Unavailable Auto Recovery Initiated Alert;
2025-10-02;09:42:31;EV  ;Warning;NbIotCell=KR24N1;Cell Service Unavailable Auto Recovery Initiated Alert;
2025-10-02;09:42:31;EV  ;Warning;EUtranCellFDD=KR24E2;Cell Service Unavailable Auto Recovery Initiated Alert;
2025-10-02;09:42:31;EV  ;Warning;NbIotCell=KR24N2;Cell Service Unavailable Auto Recovery Initiated Alert;
2025-10-02;09:42:31;EV  ;Warning;EUtranCellFDD=KR24E3;Cell Service Unavailable Auto Recovery Initiated Alert;
2025-10-02;09:42:31;EV  ;Warning;NbIotCell=KR24N3;Cell Service Unavailable Auto Recovery Initiated Alert;
2025-10-02;09:42:31;EV  ;Warning;EUtranCellFDD=KR24E4;Cell Service Unavailable Auto Recovery Initiated Alert;
2025-10-02;09:42:31;EV  ;Warning;NbIotCell=KR24N4;Cell Service Unavailable Auto Recovery Initiated Alert;
2025-10-02;09:42:31;EV  ;Warning;EUtranCellFDD=KR24M1;Cell Service Unavailable Auto Recovery Initiated Alert;
2025-10-02;09:42:31;EV  ;Warning;EUtranCellFDD=KR24M2;Cell Service Unavailable Auto Recovery Initiated Alert;
2025-10-02;09:42:31;EV  ;Warning;EUtranCellFDD=KR24M3;Cell Service Unavailable Auto Recovery Initiated Alert;
2025-10-02;09:42:32;EV  ;Warning;EUtranCellFDD=KR24M4;Cell Service Unavailable Auto Recovery Initiated Alert;
2025-10-02;09:42:32;EV  ;Warning;EUtranCellFDD=KR24T1;Cell Service Unavailable Auto Recovery Initiated Alert;
2025-10-02;09:42:32;EV  ;Warning;EUtranCellFDD=KR24T2;Cell Service Unavailable Auto Recovery Initiated Alert;
2025-10-02;09:42:32;EV  ;Warning;EUtranCellFDD=KR24T3;Cell Service Unavailable Auto Recovery Initiated Alert;
2025-10-02;09:42:32;EV  ;Warning;EUtranCellFDD=KR24T4;Cell Service Unavailable Auto Recovery Initiated Alert;
2025-10-02;09:42:37;EV  ;Warning;RiLink=S223-1;Radio Interface Connectivity Disturbance Alert;Near end port:FieldReplaceableUnit=BB-1,RiPort=F (transportType=NOT_SET) (Mixed Mode with other ME). SUPPRESSED
2025-10-02;09:42:37;EV  ;Warning;RiLink=S100-1;Radio Interface Connectivity Disturbance Alert;Near end port:FieldReplaceableUnit=BB-1,RiPort=D (transportType=NOT_SET). SUPPRESSED
2025-10-02;09:42:37;EV  ;Warning;RiLink=S102-1;Radio Interface Connectivity Disturbance Alert;Near end port:FieldReplaceableUnit=BB-1,RiPort=E (transportType=NOT_SET). SUPPRESSED
2025-10-02;09:42:37;EV  ;Warning;RiLink=S222-1;Radio Interface Connectivity Disturbance Alert;Near end port:FieldReplaceableUnit=BB-1,RiPort=C (transportType=NOT_SET) (Mixed Mode with other ME). SUPPRESSED
2025-10-02;09:42:37;EV  ;Warning;RiLink=S221-1;Radio Interface Connectivity Disturbance Alert;Near end port:FieldReplaceableUnit=BB-1,RiPort=B (transportType=NOT_SET) (Mixed Mode with other ME). SUPPRESSED
2025-10-02;09:42:37;EV  ;Warning;RiLink=S220-1;Radio Interface Connectivity Disturbance Alert;Near end port:FieldReplaceableUnit=BB-1,RiPort=A (transportType=NOT_SET) (Mixed Mode with other ME). SUPPRESSED
2025-10-02;09:42:44;EV  ;Warning;EUtranCellFDD=KR24M1;Cell Service Available Auto Recovery Successful Alert;
2025-10-02;09:42:45;EV  ;Warning;EUtranCellFDD=KR24M3;Cell Service Available Auto Recovery Successful Alert;
2025-10-02;09:42:46;EV  ;Warning;EUtranCellFDD=KR24M4;Cell Service Available Auto Recovery Successful Alert;
2025-10-02;09:42:46;EV  ;Warning;EUtranCellFDD=KR24M2;Cell Service Available Auto Recovery Successful Alert;
2025-10-02;09:42:46;EV  ;Warning;NRCellDU=KR24G4;Cell Service Available Auto Recovery Successful Alert;
2025-10-02;09:42:46;EV  ;Warning;NRCellDU=KR24G3;Cell Service Available Auto Recovery Successful Alert;
2025-10-02;09:42:46;EV  ;Warning;NRCellDU=KR24G1;Cell Service Available Auto Recovery Successful Alert;
2025-10-02;09:42:46;EV  ;Warning;NRCellDU=KR24G2;Cell Service Available Auto Recovery Successful Alert;
2025-10-02;09:42:46;EV  ;Warning;EUtranCellFDD=KR24T2;Cell Service Available Auto Recovery Successful Alert;
2025-10-02;09:42:47;EV  ;Warning;EUtranCellFDD=KR24T1;Cell Service Available Auto Recovery Successful Alert;
2025-10-02;09:42:47;EV  ;Warning;EUtranCellFDD=KR24E3;Cell Service Available Auto Recovery Successful Alert;
2025-10-02;09:42:48;EV  ;Warning;EUtranCellFDD=KR24E4;Cell Service Available Auto Recovery Successful Alert;
2025-10-02;09:42:48;EV  ;Warning;EUtranCellFDD=KR24T3;Cell Service Available Auto Recovery Successful Alert;
2025-10-02;09:42:48;EV  ;Warning;EUtranCellFDD=KR24E2;Cell Service Available Auto Recovery Successful Alert;
2025-10-02;09:42:48;EV  ;Warning;EUtranCellFDD=KR24E1;Cell Service Available Auto Recovery Successful Alert;
2025-10-02;09:42:48;EV  ;Warning;NbIotCell=KR24N3;Cell Service Available Auto Recovery Successful Alert;
2025-10-02;09:42:49;EV  ;Warning;NbIotCell=KR24N4;Cell Service Available Auto Recovery Successful Alert;
2025-10-02;09:42:49;EV  ;Warning;NbIotCell=KR24N2;Cell Service Available Auto Recovery Successful Alert;
2025-10-02;09:42:49;EV  ;Warning;NbIotCell=KR24N1;Cell Service Available Auto Recovery Successful Alert;
2025-10-02;09:42:49;EV  ;Warning;EUtranCellFDD=KR24T4;Cell Service Available Auto Recovery Successful Alert;

Bye...
Output has been logged to file /mta_fs/UserFiles/37258710/amosbatch/2025-10-07_11-07-01_53697/KR24E.log
