Logging to file /mta_fs/UserFiles/37258710/amosbatch/2025-10-07_11-07-01_53697/KR41E.log
                        __  __  ____   _____
                  /\   |  \/  |/ __ \ / ____|
                 /  \  | \  / | |  | | (___  
                / /\ \ | |\/| | |  | |\___ \ 
               / ____ \| |  | | |__| |____) |
              /_/    \_\_|  |_|\____/|_____/
              OSS Framework for MoShell-25.0h 
  Copyright (c) Ericsson AB 2001-2025 - All Rights Reserved
              
           
[1;31mWARNING: [0mthe AMOS version currently running is more than 22 weeks old and is unsupported.
Please upgrade as soon as possible to the latest released version, available from your local Ericsson support.

$amosrb_pid = 1013892

Checking ip contact...OK

HELP MENU            : h
BASIC MO COMMANDS    : m
OTHER MO COMMANDS    : n
OTHER COMMANDS       : o
PM COMMANDS          : p
QUIT                 : q

KR41E> lt all

251007-11:52:23+0200 19.31.11.209 25.0h  stopfile=/tmp/1013576
Looking up temporary_amos account... OK.
Trying temporary_amos_t20251007_37258710_53697_313's password from amos lookupAccount ... OK

$ssh_pid = 1015692

Connected to 19.31.11.209 (SubNetwork=BBMM_rckomc_R,MeContext=KR41E,ManagedElement=KR41E)

Checking MOM version...MSRBS_NODE_MODEL_25.Q1_693.28324.131_62ac
Parsing MOM (cached): /ericsson/log/amos/moshell_logfiles/t20251007_37258710_53697/logs_moshell/tempfiles/scp-2-amos_20251007-115215_1013505/MSRBS_NODE_MODEL_25.Q1_693.28324.131_62ac.xml.cache.gz ..................................................................................................................................................................................................................................Done.
Using paramfile /opt/ericsson/amos/moshell/commonjars/pm/PARAM_MSRBS_25.Q1.txt
Parsing file /opt/ericsson/amos/moshell/commonjars/pm/PARAM_MSRBS_25.Q1.txt .......................................................................................Done.
Using imomdfile /opt/ericsson/amos/moshell/commonjars/pm/IMOMD_MSRBS_22.Q4.txt
Using imomfile /opt/ericsson/amos/moshell/commonjars/pm/IMOM_MSRBS_25.Q1.txt
Connected to 19.31.11.209 (SubNetwork=BBMM_rckomc_R,MeContext=KR41E,ManagedElement=KR41E)

Last MO: 17188. Loaded 17188 MOs. Total: 17189 MOs.

KR41E> hget EUtranCellFDD ^cellid

251007-11:52:36+0200 19.31.11.209 25.0h MSRBS_NODE_MODEL_25.Q1_693.28324.131_62ac stopfile=/tmp/1013576

=================================================================================================================
MO                   cellId
=================================================================================================================
EUtranCellFDD=KR41E1 61    
EUtranCellFDD=KR41E2 62    
EUtranCellFDD=KR41L1 21    
EUtranCellFDD=KR41L2 22    
=================================================================================================================
Total: 4 MOs

Added 4 MOs to group: hget_group

KR41E> hget NbIotCell ^cellid

251007-11:52:37+0200 19.31.11.209 25.0h MSRBS_NODE_MODEL_25.Q1_693.28324.131_62ac stopfile=/tmp/1013576
.
=================================================================================================================
MO               cellId
=================================================================================================================
NbIotCell=KR41N1 161   
NbIotCell=KR41N2 162   
=================================================================================================================
Total: 2 MOs

Added 2 MOs to group: hget_group

KR41E> hget NRCellDU ^cellLocalId

251007-11:52:37+0200 19.31.11.209 25.0h MSRBS_NODE_MODEL_25.Q1_693.28324.131_62ac stopfile=/tmp/1013576
Total: 0 MOs

KR41E> lgdc -m 30d

251007-11:52:37+0200 19.31.11.209 25.0h MSRBS_NODE_MODEL_25.Q1_693.28324.131_62ac stopfile=/tmp/1013576

Startdate=20250907.095237, Enddate=20251008.095237
INFO: Using amos lookupAccount credentials for the export login

Executing action LogM.exportAvailabilityLog()
...LogM=1,exportAvailabilityLog    actionId=29865
...
=================================================================================================================
MO     actionId result      resultInfo
=================================================================================================================
LogM=1 29865    1 (SUCCESS)           
cp /ericsson/log/amos/moshell_logfiles/t20251007_37258710_53697/logs_moshell/tempfiles/scp-2-amos_20251007-115215_1013505/rcslogs/RBS_CS_AVAILABILITY_LOG_20251007095240.xml /ericsson/log/amos/moshell_logfiles/t20251007_37258710_53697/logs_moshell/tempfiles/scp-2-amos_20251007-115215_1013505/availabilityLog1013576.xml
Parsing availabilityLog.....Done.
..
Date;Time;RestartType;SwVersion;SwRelease;RCSDowntime;ApplicationDowntime;TNDowntime;RATsDowntime;ExtraInfo;ExtraInfo2
2025-09-08;04:06:27;PartialOutage(Manual);25% Lrat Cell 61; ();9s;;;;;
2025-09-08;04:06:37;PartialOutage(Manual);50% Lrat Cell 161 162; ();1s;;;;;
2025-09-08;04:06:38;PartialOutage(Manual);25% Lrat Cell 62; ();9s;;;;;
2025-09-08;04:06:47;PartialOutage(Manual);25% Lrat Cell 62 22; ();1s;;;;;
2025-09-08;04:06:48;PartialOutage(Manual);25% Lrat Cell 22; ();2s;;;;;
2025-09-08;04:06:50;PartialOutage(Manual);75% Lrat Cell 162; ();5s;;;;;
2025-09-22;08:12:28;PartialOutage(System);100% Lrat Cell 61 62 21 22; ();15s;;;;;
2025-09-22;08:12:43;PartialOutage(System);100% Lrat Cell 61 62; ();1s;;;;;
2025-09-22;08:12:44;PartialOutage(System);100% Lrat Cell 61; ();1s;;;;;
2025-09-22;09:03:30;PartialOutage(System);100% Lrat Cell 61 62 21 22; ();15s;;;;;
2025-09-22;09:03:45;PartialOutage(System);100% Lrat Cell 61 62; ();1s;;;;;
2025-09-22;12:40:46;PartialOutage(System);100% Lrat Cell 61 62 21 22; ();14s;;;;;
2025-09-22;12:41:00;PartialOutage(System);100% Lrat Cell 61 62; ();1s;;;;;
2025-09-22;12:41:01;PartialOutage(System);100% Lrat Cell 62; ();1s;;;;;
2025-10-02;09:42:27;PartialOutage(System);100% Lrat Cell 61 62 21 22; ();15s;;;;;
2025-10-02;09:42:42;PartialOutage(System);100% Lrat Cell 61 62; ();1s;;;;;

Node uptime since last restart: 432603 seconds (5 days, 0 hours, 10 minutes, 3 seconds)
------------------------------------------------------------------------------------------------------
Period=30 days       NodeUpgrade      NodeManual       NodeSpontaneous  AllNodeRestarts  PartialOutages  
------------------------------------------------------------------------------------------------------
Number Of outages    0                0                0                0                16              
Total downtime       0s               0s               0s               0s               92s (1m32s)     
Downtime per day     0s               0s               0s               0s               3s              
Downtime per outage  0s               0s               0s               0s               6s              

KR41E> lgac -m 30d

251007-11:52:46+0200 19.31.11.209 25.0h MSRBS_NODE_MODEL_25.Q1_693.28324.131_62ac stopfile=/tmp/1013576

Startdate=20250907.095246, Enddate=20251008.095246
Date;Time;Log;Severity;Object;Event;Cause;AdditionalText;AckState;Id;NotificationId;CorrelatedAlarms
Executing action Log.export()
..
Log=AlarmLog                    actionId=29866
...
=================================================================================================================
MO                  actionId result      resultInfo
=================================================================================================================
LogM=1,Log=AlarmLog 29866    1 (SUCCESS)           
cat  /ericsson/log/amos/moshell_logfiles/t20251007_37258710_53697/logs_moshell/tempfiles/scp-2-amos_20251007-115215_1013505/rcslogs/saLogAlarm_20230302__130749_20250224__234046.log /ericsson/log/amos/moshell_logfiles/t20251007_37258710_53697/logs_moshell/tempfiles/scp-2-amos_20251007-115215_1013505/rcslogs/saLogAlarm_20250224__234046.log > /ericsson/log/amos/moshell_logfiles/t20251007_37258710_53697/logs_moshell/tempfiles/scp-2-amos_20251007-115215_1013505/alarmLog1013576.xml
2025-09-07;12:29:06;AL  ;Cleared;EUtraNetwork=1,ExternalENodeBFunction=2221-650383;Inter Node Carrier Aggregation Service Unavailable;Elastic RAN Carrier Aggregation is not available towards remote eNodeB.
2025-09-07;12:29:25;AL  ;Minor ;EUtraNetwork=1,ExternalENodeBFunction=2221-650383;Inter Node Carrier Aggregation Service Unavailable;Elastic RAN Carrier Aggregation is not available towards remote eNodeB.
2025-09-07;14:01:47;AL  ;Minor ;EUtraNetwork=1,ExternalENodeBFunction=2221-650297;Inter Node Carrier Aggregation Service Unavailable;Elastic RAN Carrier Aggregation is not available towards remote eNodeB.
2025-09-07;19:56:01;AL  ;Minor ;EUtraNetwork=1,ExternalENodeBFunction=2221-213329;Inter Node Carrier Aggregation Service Unavailable;Elastic RAN Carrier Aggregation is not available towards remote eNodeB.
2025-09-10;10:33:08;AL  ;Minor ;ENodeBFunction=1;External Link Failure;X2 link problem to one or several neighbouring eNodeBs. AI: PLMN ID-eNB ID 1 = 2221-650090 PLMN ID-eNB ID 2 = 2221-206472
2025-09-10;10:33:43;AL  ;Minor ;ENodeBFunction=1;External Link to GNodeB Failure;X2 link problem to one or several neighbouring gNodeBs. AI: PLMN ID-gNB ID 1 = 2221-1051430
2025-09-10;14:09:14;AL  ;Minor ;ENodeBFunction=1;External Link Failure;X2 link problem to one or several neighbouring eNodeBs. AI: PLMN ID-eNB ID 1 = 2221-650090
2025-09-10;14:09:31;AL  ;Cleared;ENodeBFunction=1;External Link to GNodeB Failure;X2 link problem to one or several neighbouring gNodeBs. AI: PLMN ID-gNB ID 1 = 2221-1051430
2025-09-10;14:09:58;AL  ;Cleared;ENodeBFunction=1;External Link Failure;X2 link problem to one or several neighbouring eNodeBs. AI: PLMN ID-eNB ID 1 = 2221-650090
2025-09-10;14:26:52;AL  ;Minor ;ENodeBFunction=1;External Link Failure;X2 link problem to one or several neighbouring eNodeBs. AI: PLMN ID-eNB ID 1 = 2221-650090
2025-09-10;14:27:27;AL  ;Minor ;ENodeBFunction=1;External Link to GNodeB Failure;X2 link problem to one or several neighbouring gNodeBs. AI: PLMN ID-gNB ID 1 = 2221-1051430
2025-09-10;20:35:08;AL  ;Minor ;ENodeBFunction=1;External Link Failure;X2 link problem to one or several neighbouring eNodeBs. AI: PLMN ID-eNB ID 1 = 2221-650090
2025-09-10;20:35:24;AL  ;Cleared;ENodeBFunction=1;External Link to GNodeB Failure;X2 link problem to one or several neighbouring gNodeBs. AI: PLMN ID-gNB ID 1 = 2221-1051430
2025-09-10;20:35:51;AL  ;Cleared;ENodeBFunction=1;External Link Failure;X2 link problem to one or several neighbouring eNodeBs. AI: PLMN ID-eNB ID 1 = 2221-650090
2025-09-10;21:18:54;AL  ;Minor ;ENodeBFunction=1;External Link Failure;X2 link problem to one or several neighbouring eNodeBs. AI: PLMN ID-eNB ID 1 = 2221-650090
2025-09-10;21:24:18;AL  ;Cleared;ENodeBFunction=1;External Link Failure;X2 link problem to one or several neighbouring eNodeBs. AI: PLMN ID-eNB ID 1 = 2221-650090
2025-09-12;18:02:45;AL  ;Cleared;EUtraNetwork=1,ExternalENodeBFunction=2221-213329;Inter Node Carrier Aggregation Service Unavailable;Elastic RAN Carrier Aggregation is not available towards remote eNodeB.
2025-09-12;18:02:45;AL  ;Cleared;EUtraNetwork=1,ExternalENodeBFunction=2221-650297;Inter Node Carrier Aggregation Service Unavailable;Elastic RAN Carrier Aggregation is not available towards remote eNodeB.
2025-09-12;18:02:47;AL  ;Minor ;EUtraNetwork=1,ExternalENodeBFunction=2221-207806;Inter Node Carrier Aggregation Service Unavailable;Elastic RAN Carrier Aggregation is not available towards remote eNodeB.
2025-09-12;18:03:14;AL  ;Minor ;EUtraNetwork=1,ExternalENodeBFunction=2221-211166;Inter Node Carrier Aggregation Service Unavailable;Elastic RAN Carrier Aggregation is not available towards remote eNodeB.
2025-09-14;07:48:30;AL  ;Cleared;EUtraNetwork=1,ExternalENodeBFunction=2221-207806;Inter Node Carrier Aggregation Service Unavailable;Elastic RAN Carrier Aggregation is not available towards remote eNodeB.
2025-09-14;07:48:34;AL  ;Minor ;EUtraNetwork=1,ExternalENodeBFunction=2221-650297;Inter Node Carrier Aggregation Service Unavailable;Elastic RAN Carrier Aggregation is not available towards remote eNodeB.
2025-09-14;07:49:00;AL  ;Cleared;EUtraNetwork=1,ExternalENodeBFunction=2221-650085;Inter Node Carrier Aggregation Service Unavailable;Elastic RAN Carrier Aggregation is not available towards remote eNodeB.
2025-09-14;07:49:17;AL  ;Minor ;EUtraNetwork=1,ExternalENodeBFunction=2221-650085;Inter Node Carrier Aggregation Service Unavailable;Elastic RAN Carrier Aggregation is not available towards remote eNodeB.
2025-09-14;08:32:35;AL  ;Cleared;EUtraNetwork=1,ExternalENodeBFunction=2221-650297;Inter Node Carrier Aggregation Service Unavailable;Elastic RAN Carrier Aggregation is not available towards remote eNodeB.
2025-09-14;08:32:47;AL  ;Minor ;EUtraNetwork=1,ExternalENodeBFunction=2221-650297;Inter Node Carrier Aggregation Service Unavailable;Elastic RAN Carrier Aggregation is not available towards remote eNodeB.
2025-09-14;09:00:03;AL  ;Cleared;EUtraNetwork=1,ExternalENodeBFunction=2221-650379;Inter Node Carrier Aggregation Service Unavailable;Elastic RAN Carrier Aggregation is not available towards remote eNodeB.
2025-09-14;09:00:33;AL  ;Minor ;EUtraNetwork=1,ExternalENodeBFunction=2221-650379;Inter Node Carrier Aggregation Service Unavailable;Elastic RAN Carrier Aggregation is not available towards remote eNodeB.
2025-09-14;09:12:06;AL  ;Cleared;EUtraNetwork=1,ExternalENodeBFunction=2221-650383;Inter Node Carrier Aggregation Service Unavailable;Elastic RAN Carrier Aggregation is not available towards remote eNodeB.
2025-09-14;09:12:10;AL  ;Cleared;EUtraNetwork=1,ExternalENodeBFunction=2221-650085;Inter Node Carrier Aggregation Service Unavailable;Elastic RAN Carrier Aggregation is not available towards remote eNodeB.
2025-09-14;09:12:10;AL  ;Minor ;EUtraNetwork=1,ExternalENodeBFunction=2221-207806;Inter Node Carrier Aggregation Service Unavailable;Elastic RAN Carrier Aggregation is not available towards remote eNodeB.
2025-09-14;09:12:14;AL  ;Cleared;EUtraNetwork=1,ExternalENodeBFunction=2221-211166;Inter Node Carrier Aggregation Service Unavailable;Elastic RAN Carrier Aggregation is not available towards remote eNodeB.
2025-09-14;09:12:15;AL  ;Minor ;EUtraNetwork=1,ExternalENodeBFunction=2221-212236;Inter Node Carrier Aggregation Service Unavailable;Elastic RAN Carrier Aggregation is not available towards remote eNodeB.
2025-09-14;09:12:18;AL  ;Cleared;EUtraNetwork=1,ExternalENodeBFunction=2221-650379;Inter Node Carrier Aggregation Service Unavailable;Elastic RAN Carrier Aggregation is not available towards remote eNodeB.
2025-09-14;09:12:22;AL  ;Cleared;EUtraNetwork=1,ExternalENodeBFunction=2221-650297;Inter Node Carrier Aggregation Service Unavailable;Elastic RAN Carrier Aggregation is not available towards remote eNodeB.
2025-09-14;09:12:50;AL  ;Minor ;EUtraNetwork=1,ExternalENodeBFunction=2221-213329;Inter Node Carrier Aggregation Service Unavailable;Elastic RAN Carrier Aggregation is not available towards remote eNodeB.
2025-09-14;11:13:15;AL  ;Minor ;EUtraNetwork=1,ExternalENodeBFunction=2221-650297;Inter Node Carrier Aggregation Service Unavailable;Elastic RAN Carrier Aggregation is not available towards remote eNodeB.
2025-09-15;20:06:34;AL  ;Minor ;EUtraNetwork=1,ExternalENodeBFunction=2221-650383;Inter Node Carrier Aggregation Service Unavailable;Elastic RAN Carrier Aggregation is not available towards remote eNodeB.
2025-09-16;09:56:32;AL  ;Warning;ENodeBFunction=1;PLMN Service Redundancy Lost;S1 connection failure for PLMN connected with link represented by MO listed in Additional Information. AI: PLMN = ["2221"],DN1=ManagedElement=1,ENodeBFunction=1,TermPointToMme=5,
2025-09-16;09:57:05;AL  ;Cleared;ENodeBFunction=1;PLMN Service Redundancy Lost;S1 connection failure for PLMN connected with link represented by MO listed in Additional Information. AI: PLMN = ["2221"],DN1=ManagedElement=1,ENodeBFunction=1,TermPointToMme=5,
2025-09-16;10:04:12;AL  ;Warning;ENodeBFunction=1;PLMN Service Redundancy Lost;S1 connection failure for PLMN connected with link represented by MO listed in Additional Information. AI: PLMN = ["2221"],DN1=ManagedElement=1,ENodeBFunction=1,TermPointToMme=5,
2025-09-16;10:05:12;AL  ;Cleared;ENodeBFunction=1;PLMN Service Redundancy Lost;S1 connection failure for PLMN connected with link represented by MO listed in Additional Information. AI: PLMN = ["2221"],DN1=ManagedElement=1,ENodeBFunction=1,TermPointToMme=5,
2025-09-21;07:44:45;AL  ;Cleared;EUtraNetwork=1,ExternalENodeBFunction=2221-207806;Inter Node Carrier Aggregation Service Unavailable;Elastic RAN Carrier Aggregation is not available towards remote eNodeB.
2025-09-21;07:45:01;AL  ;Minor ;EUtraNetwork=1,ExternalENodeBFunction=2221-207806;Inter Node Carrier Aggregation Service Unavailable;Elastic RAN Carrier Aggregation is not available towards remote eNodeB.
2025-09-21;08:24:34;AL  ;Cleared;EUtraNetwork=1,ExternalENodeBFunction=2221-213329;Inter Node Carrier Aggregation Service Unavailable;Elastic RAN Carrier Aggregation is not available towards remote eNodeB.
2025-09-21;08:24:48;AL  ;Minor ;EUtraNetwork=1,ExternalENodeBFunction=2221-213329;Inter Node Carrier Aggregation Service Unavailable;Elastic RAN Carrier Aggregation is not available towards remote eNodeB.
2025-09-21;08:25:28;AL  ;Cleared;EUtraNetwork=1,ExternalENodeBFunction=2221-650297;Inter Node Carrier Aggregation Service Unavailable;Elastic RAN Carrier Aggregation is not available towards remote eNodeB.
2025-09-21;08:25:43;AL  ;Minor ;EUtraNetwork=1,ExternalENodeBFunction=2221-211166;Inter Node Carrier Aggregation Service Unavailable;Elastic RAN Carrier Aggregation is not available towards remote eNodeB.
2025-09-21;08:49:45;AL  ;Cleared;EUtraNetwork=1,ExternalENodeBFunction=2221-212236;Inter Node Carrier Aggregation Service Unavailable;Elastic RAN Carrier Aggregation is not available towards remote eNodeB.
2025-09-21;08:50:36;AL  ;Minor ;EUtraNetwork=1,ExternalENodeBFunction=2221-650085;Inter Node Carrier Aggregation Service Unavailable;Elastic RAN Carrier Aggregation is not available towards remote eNodeB.
2025-09-21;09:01:47;AL  ;Cleared;EUtraNetwork=1,ExternalENodeBFunction=2221-650383;Inter Node Carrier Aggregation Service Unavailable;Elastic RAN Carrier Aggregation is not available towards remote eNodeB.
2025-09-21;09:01:50;AL  ;Cleared;EUtraNetwork=1,ExternalENodeBFunction=2221-650085;Inter Node Carrier Aggregation Service Unavailable;Elastic RAN Carrier Aggregation is not available towards remote eNodeB.
2025-09-21;09:01:51;AL  ;Minor ;EUtraNetwork=1,ExternalENodeBFunction=2221-212236;Inter Node Carrier Aggregation Service Unavailable;Elastic RAN Carrier Aggregation is not available towards remote eNodeB.
2025-09-21;09:01:54;AL  ;Cleared;EUtraNetwork=1,ExternalENodeBFunction=2221-211166;Inter Node Carrier Aggregation Service Unavailable;Elastic RAN Carrier Aggregation is not available towards remote eNodeB.
2025-09-21;09:01:54;AL  ;Minor ;EUtraNetwork=1,ExternalENodeBFunction=2221-650297;Inter Node Carrier Aggregation Service Unavailable;Elastic RAN Carrier Aggregation is not available towards remote eNodeB.
2025-09-21;09:01:58;AL  ;Cleared;EUtraNetwork=1,ExternalENodeBFunction=2221-207806;Inter Node Carrier Aggregation Service Unavailable;Elastic RAN Carrier Aggregation is not available towards remote eNodeB.
2025-09-21;09:02:02;AL  ;Cleared;EUtraNetwork=1,ExternalENodeBFunction=2221-213329;Inter Node Carrier Aggregation Service Unavailable;Elastic RAN Carrier Aggregation is not available towards remote eNodeB.
2025-09-21;13:06:45;AL  ;Minor ;EUtraNetwork=1,ExternalENodeBFunction=2221-213329;Inter Node Carrier Aggregation Service Unavailable;Elastic RAN Carrier Aggregation is not available towards remote eNodeB.
2025-09-22;08:12:17;AL  ;Minor ;ENodeBFunction=1;Sync Time and Phase Accuracy Too Low;Time and phase sync accuracy crossed the threshold for features interworking with NR.
2025-09-22;08:12:17;AL  ;Minor ;EUtranCellFDD=KR41E1;Service Degraded;This is a secondary alarm, use alarm correlation information in Additional Information to find primary alarm.
2025-09-22;08:12:17;AL  ;Minor ;EUtranCellFDD=KR41E2;Service Degraded;This is a secondary alarm, use alarm correlation information in Additional Information to find primary alarm.
2025-09-22;08:12:17;AL  ;Minor ;EUtranCellFDD=KR41L1;Service Degraded;This is a secondary alarm, use alarm correlation information in Additional Information to find primary alarm.
2025-09-22;08:12:17;AL  ;Minor ;EUtranCellFDD=KR41L2;Service Degraded;This is a secondary alarm, use alarm correlation information in Additional Information to find primary alarm.
2025-09-22;08:12:28;AL  ;Cleared;EUtranCellFDD=KR41E1;Service Degraded;This is a secondary alarm, use alarm correlation information in Additional Information to find primary alarm.
2025-09-22;08:12:28;AL  ;Cleared;EUtranCellFDD=KR41E2;Service Degraded;This is a secondary alarm, use alarm correlation information in Additional Information to find primary alarm.
2025-09-22;08:12:28;AL  ;Cleared;EUtranCellFDD=KR41L1;Service Degraded;This is a secondary alarm, use alarm correlation information in Additional Information to find primary alarm.
2025-09-22;08:12:28;AL  ;Cleared;EUtranCellFDD=KR41L2;Service Degraded;This is a secondary alarm, use alarm correlation information in Additional Information to find primary alarm.
2025-09-22;08:12:28;AL  ;Cleared;ENodeBFunction=1;Sync Time and Phase Accuracy Too Low;Time and phase sync accuracy crossed the threshold for features interworking with NR.
2025-09-22;09:03:18;AL  ;Minor ;ENodeBFunction=1;Sync Time and Phase Accuracy Too Low;Time and phase sync accuracy crossed the threshold for features interworking with NR.
2025-09-22;09:03:18;AL  ;Minor ;EUtranCellFDD=KR41E1;Service Degraded;This is a secondary alarm, use alarm correlation information in Additional Information to find primary alarm.
2025-09-22;09:03:18;AL  ;Minor ;EUtranCellFDD=KR41E2;Service Degraded;This is a secondary alarm, use alarm correlation information in Additional Information to find primary alarm.
2025-09-22;09:03:18;AL  ;Minor ;EUtranCellFDD=KR41L1;Service Degraded;This is a secondary alarm, use alarm correlation information in Additional Information to find primary alarm.
2025-09-22;09:03:18;AL  ;Minor ;EUtranCellFDD=KR41L2;Service Degraded;This is a secondary alarm, use alarm correlation information in Additional Information to find primary alarm.
2025-09-22;09:03:30;AL  ;Cleared;EUtranCellFDD=KR41E1;Service Degraded;This is a secondary alarm, use alarm correlation information in Additional Information to find primary alarm.
2025-09-22;09:03:30;AL  ;Cleared;EUtranCellFDD=KR41E2;Service Degraded;This is a secondary alarm, use alarm correlation information in Additional Information to find primary alarm.
2025-09-22;09:03:30;AL  ;Cleared;EUtranCellFDD=KR41L1;Service Degraded;This is a secondary alarm, use alarm correlation information in Additional Information to find primary alarm.
2025-09-22;09:03:30;AL  ;Cleared;EUtranCellFDD=KR41L2;Service Degraded;This is a secondary alarm, use alarm correlation information in Additional Information to find primary alarm.
2025-09-22;09:03:30;AL  ;Cleared;ENodeBFunction=1;Sync Time and Phase Accuracy Too Low;Time and phase sync accuracy crossed the threshold for features interworking with NR.
2025-09-22;09:12:07;AL  ;Minor ;EUtraNetwork=1,ExternalENodeBFunction=2221-650379;Inter Node Carrier Aggregation Service Unavailable;Elastic RAN Carrier Aggregation is not available towards remote eNodeB.
2025-09-22;10:37:42;AL  ;Minor ;ENodeBFunction=1;Sync Time and Phase Accuracy Too Low;Time and phase sync accuracy crossed the threshold for features interworking with NR.
2025-09-22;10:37:42;AL  ;Minor ;EUtranCellFDD=KR41E1;Service Degraded;This is a secondary alarm, use alarm correlation information in Additional Information to find primary alarm.
2025-09-22;10:37:42;AL  ;Minor ;EUtranCellFDD=KR41E2;Service Degraded;This is a secondary alarm, use alarm correlation information in Additional Information to find primary alarm.
2025-09-22;10:37:42;AL  ;Minor ;EUtranCellFDD=KR41L1;Service Degraded;This is a secondary alarm, use alarm correlation information in Additional Information to find primary alarm.
2025-09-22;10:37:42;AL  ;Minor ;EUtranCellFDD=KR41L2;Service Degraded;This is a secondary alarm, use alarm correlation information in Additional Information to find primary alarm.
2025-09-22;10:40:57;AL  ;Cleared;ENodeBFunction=1;Sync Time and Phase Accuracy Too Low;Time and phase sync accuracy crossed the threshold for features interworking with NR.
2025-09-22;10:40:57;AL  ;Cleared;EUtranCellFDD=KR41E1;Service Degraded;This is a secondary alarm, use alarm correlation information in Additional Information to find primary alarm.
2025-09-22;10:40:57;AL  ;Cleared;EUtranCellFDD=KR41E2;Service Degraded;This is a secondary alarm, use alarm correlation information in Additional Information to find primary alarm.
2025-09-22;10:40:57;AL  ;Cleared;EUtranCellFDD=KR41L1;Service Degraded;This is a secondary alarm, use alarm correlation information in Additional Information to find primary alarm.
2025-09-22;10:40:57;AL  ;Cleared;EUtranCellFDD=KR41L2;Service Degraded;This is a secondary alarm, use alarm correlation information in Additional Information to find primary alarm.
2025-09-22;12:40:34;AL  ;Minor ;ENodeBFunction=1;Sync Time and Phase Accuracy Too Low;Time and phase sync accuracy crossed the threshold for features interworking with NR.
2025-09-22;12:40:34;AL  ;Minor ;EUtranCellFDD=KR41E1;Service Degraded;This is a secondary alarm, use alarm correlation information in Additional Information to find primary alarm.
2025-09-22;12:40:34;AL  ;Minor ;EUtranCellFDD=KR41E2;Service Degraded;This is a secondary alarm, use alarm correlation information in Additional Information to find primary alarm.
2025-09-22;12:40:34;AL  ;Minor ;EUtranCellFDD=KR41L1;Service Degraded;This is a secondary alarm, use alarm correlation information in Additional Information to find primary alarm.
2025-09-22;12:40:34;AL  ;Minor ;EUtranCellFDD=KR41L2;Service Degraded;This is a secondary alarm, use alarm correlation information in Additional Information to find primary alarm.
2025-09-22;12:40:46;AL  ;Cleared;EUtranCellFDD=KR41E1;Service Degraded;This is a secondary alarm, use alarm correlation information in Additional Information to find primary alarm.
2025-09-22;12:40:46;AL  ;Cleared;EUtranCellFDD=KR41E2;Service Degraded;This is a secondary alarm, use alarm correlation information in Additional Information to find primary alarm.
2025-09-22;12:40:46;AL  ;Cleared;EUtranCellFDD=KR41L1;Service Degraded;This is a secondary alarm, use alarm correlation information in Additional Information to find primary alarm.
2025-09-22;12:40:46;AL  ;Cleared;EUtranCellFDD=KR41L2;Service Degraded;This is a secondary alarm, use alarm correlation information in Additional Information to find primary alarm.
2025-09-22;12:40:46;AL  ;Cleared;ENodeBFunction=1;Sync Time and Phase Accuracy Too Low;Time and phase sync accuracy crossed the threshold for features interworking with NR.
2025-09-24;05:44:03;AL  ;Minor ;EUtraNetwork=1,ExternalENodeBFunction=2221-650085;Inter Node Carrier Aggregation Service Unavailable;Elastic RAN Carrier Aggregation is not available towards remote eNodeB.
2025-09-28;06:58:27;AL  ;Minor ;ENodeBFunction=1;External Link to GNodeB Failure;X2 link problem to one or several neighbouring gNodeBs. AI: PLMN ID-gNB ID 1 = 2221-1054918
2025-09-28;07:28:16;AL  ;Cleared;ENodeBFunction=1;External Link to GNodeB Failure;X2 link problem to one or several neighbouring gNodeBs. AI: PLMN ID-gNB ID 1 = 2221-1054918
2025-09-28;07:46:02;AL  ;Cleared;EUtraNetwork=1,ExternalENodeBFunction=2221-650085;Inter Node Carrier Aggregation Service Unavailable;Elastic RAN Carrier Aggregation is not available towards remote eNodeB.
2025-09-28;07:46:45;AL  ;Minor ;EUtraNetwork=1,ExternalENodeBFunction=2221-650085;Inter Node Carrier Aggregation Service Unavailable;Elastic RAN Carrier Aggregation is not available towards remote eNodeB.
2025-09-28;08:25:49;AL  ;Cleared;EUtraNetwork=1,ExternalENodeBFunction=2221-213329;Inter Node Carrier Aggregation Service Unavailable;Elastic RAN Carrier Aggregation is not available towards remote eNodeB.
2025-09-28;08:26:07;AL  ;Minor ;EUtraNetwork=1,ExternalENodeBFunction=2221-211166;Inter Node Carrier Aggregation Service Unavailable;Elastic RAN Carrier Aggregation is not available towards remote eNodeB.
2025-09-28;08:26:36;AL  ;Cleared;EUtraNetwork=1,ExternalENodeBFunction=2221-650297;Inter Node Carrier Aggregation Service Unavailable;Elastic RAN Carrier Aggregation is not available towards remote eNodeB.
2025-09-28;08:26:43;AL  ;Minor ;EUtraNetwork=1,ExternalENodeBFunction=2221-213329;Inter Node Carrier Aggregation Service Unavailable;Elastic RAN Carrier Aggregation is not available towards remote eNodeB.
2025-09-28;08:51:03;AL  ;Cleared;EUtraNetwork=1,ExternalENodeBFunction=2221-650379;Inter Node Carrier Aggregation Service Unavailable;Elastic RAN Carrier Aggregation is not available towards remote eNodeB.
2025-09-28;08:51:05;AL  ;Cleared;EUtraNetwork=1,ExternalENodeBFunction=2221-212236;Inter Node Carrier Aggregation Service Unavailable;Elastic RAN Carrier Aggregation is not available towards remote eNodeB.
2025-09-28;08:51:07;AL  ;Minor ;EUtraNetwork=1,ExternalENodeBFunction=2221-650090;Inter Node Carrier Aggregation Service Unavailable;Elastic RAN Carrier Aggregation is not available towards remote eNodeB.
2025-09-28;08:51:21;AL  ;Minor ;EUtraNetwork=1,ExternalENodeBFunction=2221-650379;Inter Node Carrier Aggregation Service Unavailable;Elastic RAN Carrier Aggregation is not available towards remote eNodeB.
2025-09-28;09:03:09;AL  ;Cleared;EUtraNetwork=1,ExternalENodeBFunction=2221-650090;Inter Node Carrier Aggregation Service Unavailable;Elastic RAN Carrier Aggregation is not available towards remote eNodeB.
2025-09-28;09:03:13;AL  ;Cleared;EUtraNetwork=1,ExternalENodeBFunction=2221-650085;Inter Node Carrier Aggregation Service Unavailable;Elastic RAN Carrier Aggregation is not available towards remote eNodeB.
2025-09-28;09:03:14;AL  ;Minor ;EUtraNetwork=1,ExternalENodeBFunction=2221-212236;Inter Node Carrier Aggregation Service Unavailable;Elastic RAN Carrier Aggregation is not available towards remote eNodeB.
2025-09-28;09:03:18;AL  ;Cleared;EUtraNetwork=1,ExternalENodeBFunction=2221-211166;Inter Node Carrier Aggregation Service Unavailable;Elastic RAN Carrier Aggregation is not available towards remote eNodeB.
2025-09-28;09:03:18;AL  ;Minor ;EUtraNetwork=1,ExternalENodeBFunction=2221-650297;Inter Node Carrier Aggregation Service Unavailable;Elastic RAN Carrier Aggregation is not available towards remote eNodeB.
2025-09-28;09:03:22;AL  ;Cleared;EUtraNetwork=1,ExternalENodeBFunction=2221-650379;Inter Node Carrier Aggregation Service Unavailable;Elastic RAN Carrier Aggregation is not available towards remote eNodeB.
2025-09-28;09:03:25;AL  ;Cleared;EUtraNetwork=1,ExternalENodeBFunction=2221-213329;Inter Node Carrier Aggregation Service Unavailable;Elastic RAN Carrier Aggregation is not available towards remote eNodeB.
2025-09-28;14:40:58;AL  ;Minor ;EUtraNetwork=1,ExternalENodeBFunction=2221-213329;Inter Node Carrier Aggregation Service Unavailable;Elastic RAN Carrier Aggregation is not available towards remote eNodeB.
2025-09-28;20:40:58;AL  ;Minor ;EUtraNetwork=1,ExternalENodeBFunction=2221-207806;Inter Node Carrier Aggregation Service Unavailable;Elastic RAN Carrier Aggregation is not available towards remote eNodeB.
2025-09-28;23:40:58;AL  ;Minor ;EUtraNetwork=1,ExternalENodeBFunction=2221-650379;Inter Node Carrier Aggregation Service Unavailable;Elastic RAN Carrier Aggregation is not available towards remote eNodeB.
2025-10-02;09:42:16;AL  ;Minor ;ENodeBFunction=1;Sync Time and Phase Accuracy Too Low;Time and phase sync accuracy crossed the threshold for features interworking with NR.
2025-10-02;09:42:16;AL  ;Minor ;EUtranCellFDD=KR41E1;Service Degraded;This is a secondary alarm, use alarm correlation information in Additional Information to find primary alarm.
2025-10-02;09:42:16;AL  ;Minor ;EUtranCellFDD=KR41E2;Service Degraded;This is a secondary alarm, use alarm correlation information in Additional Information to find primary alarm.
2025-10-02;09:42:16;AL  ;Minor ;EUtranCellFDD=KR41L1;Service Degraded;This is a secondary alarm, use alarm correlation information in Additional Information to find primary alarm.
2025-10-02;09:42:16;AL  ;Minor ;EUtranCellFDD=KR41L2;Service Degraded;This is a secondary alarm, use alarm correlation information in Additional Information to find primary alarm.
2025-10-02;09:42:27;AL  ;Cleared;EUtranCellFDD=KR41E1;Service Degraded;This is a secondary alarm, use alarm correlation information in Additional Information to find primary alarm.
2025-10-02;09:42:27;AL  ;Cleared;EUtranCellFDD=KR41E2;Service Degraded;This is a secondary alarm, use alarm correlation information in Additional Information to find primary alarm.
2025-10-02;09:42:27;AL  ;Cleared;EUtranCellFDD=KR41L1;Service Degraded;This is a secondary alarm, use alarm correlation information in Additional Information to find primary alarm.
2025-10-02;09:42:27;AL  ;Cleared;EUtranCellFDD=KR41L2;Service Degraded;This is a secondary alarm, use alarm correlation information in Additional Information to find primary alarm.
2025-10-02;09:42:27;AL  ;Cleared;ENodeBFunction=1;Sync Time and Phase Accuracy Too Low;Time and phase sync accuracy crossed the threshold for features interworking with NR.
2025-10-05;07:39:43;AL  ;Cleared;EUtraNetwork=1,ExternalENodeBFunction=2221-207806;Inter Node Carrier Aggregation Service Unavailable;Elastic RAN Carrier Aggregation is not available towards remote eNodeB.
2025-10-05;07:40:44;AL  ;Minor ;EUtraNetwork=1,ExternalENodeBFunction=2221-207806;Inter Node Carrier Aggregation Service Unavailable;Elastic RAN Carrier Aggregation is not available towards remote eNodeB.
2025-10-05;08:18:40;AL  ;Cleared;EUtraNetwork=1,ExternalENodeBFunction=2221-213329;Inter Node Carrier Aggregation Service Unavailable;Elastic RAN Carrier Aggregation is not available towards remote eNodeB.
2025-10-05;08:19:07;AL  ;Cleared;EUtraNetwork=1,ExternalENodeBFunction=2221-650297;Inter Node Carrier Aggregation Service Unavailable;Elastic RAN Carrier Aggregation is not available towards remote eNodeB.
2025-10-05;08:19:09;AL  ;Minor ;EUtraNetwork=1,ExternalENodeBFunction=2221-202319;Inter Node Carrier Aggregation Service Unavailable;Elastic RAN Carrier Aggregation is not available towards remote eNodeB.
2025-10-05;08:19:14;AL  ;Minor ;EUtraNetwork=1,ExternalENodeBFunction=2221-650297;Inter Node Carrier Aggregation Service Unavailable;Elastic RAN Carrier Aggregation is not available towards remote eNodeB.
2025-10-05;08:44:16;AL  ;Cleared;EUtraNetwork=1,ExternalENodeBFunction=2221-212236;Inter Node Carrier Aggregation Service Unavailable;Elastic RAN Carrier Aggregation is not available towards remote eNodeB.
2025-10-05;08:44:25;AL  ;Minor ;EUtraNetwork=1,ExternalENodeBFunction=2221-212236;Inter Node Carrier Aggregation Service Unavailable;Elastic RAN Carrier Aggregation is not available towards remote eNodeB.
2025-10-05;08:44:29;AL  ;Cleared;EUtraNetwork=1,ExternalENodeBFunction=2221-650379;Inter Node Carrier Aggregation Service Unavailable;Elastic RAN Carrier Aggregation is not available towards remote eNodeB.
2025-10-05;08:44:38;AL  ;Minor ;EUtraNetwork=1,ExternalENodeBFunction=2221-650379;Inter Node Carrier Aggregation Service Unavailable;Elastic RAN Carrier Aggregation is not available towards remote eNodeB.
2025-10-05;08:47:20;AL  ;Cleared;EUtraNetwork=1,ExternalENodeBFunction=2221-202319;Inter Node Carrier Aggregation Service Unavailable;Elastic RAN Carrier Aggregation is not available towards remote eNodeB.
2025-10-05;08:47:30;AL  ;Minor ;EUtraNetwork=1,ExternalENodeBFunction=2221-202319;Inter Node Carrier Aggregation Service Unavailable;Elastic RAN Carrier Aggregation is not available towards remote eNodeB.
2025-10-05;08:54:53;AL  ;Cleared;EUtraNetwork=1,ExternalENodeBFunction=2221-650379;Inter Node Carrier Aggregation Service Unavailable;Elastic RAN Carrier Aggregation is not available towards remote eNodeB.
2025-10-05;08:54:57;AL  ;Cleared;EUtraNetwork=1,ExternalENodeBFunction=2221-650297;Inter Node Carrier Aggregation Service Unavailable;Elastic RAN Carrier Aggregation is not available towards remote eNodeB.
2025-10-05;08:54:57;AL  ;Minor ;EUtraNetwork=1,ExternalENodeBFunction=2221-210881;Inter Node Carrier Aggregation Service Unavailable;Elastic RAN Carrier Aggregation is not available towards remote eNodeB.
2025-10-05;08:55:01;AL  ;Cleared;EUtraNetwork=1,ExternalENodeBFunction=2221-202319;Inter Node Carrier Aggregation Service Unavailable;Elastic RAN Carrier Aggregation is not available towards remote eNodeB.
2025-10-05;08:55:02;AL  ;Minor ;EUtraNetwork=1,ExternalENodeBFunction=2221-211166;Inter Node Carrier Aggregation Service Unavailable;Elastic RAN Carrier Aggregation is not available towards remote eNodeB.
2025-10-05;08:55:05;AL  ;Cleared;EUtraNetwork=1,ExternalENodeBFunction=2221-207806;Inter Node Carrier Aggregation Service Unavailable;Elastic RAN Carrier Aggregation is not available towards remote eNodeB.
2025-10-05;08:55:05;AL  ;Minor ;EUtraNetwork=1,ExternalENodeBFunction=2221-213329;Inter Node Carrier Aggregation Service Unavailable;Elastic RAN Carrier Aggregation is not available towards remote eNodeB.
2025-10-05;08:55:09;AL  ;Cleared;EUtraNetwork=1,ExternalENodeBFunction=2221-212236;Inter Node Carrier Aggregation Service Unavailable;Elastic RAN Carrier Aggregation is not available towards remote eNodeB.
2025-10-05;08:55:09;AL  ;Minor ;EUtraNetwork=1,ExternalENodeBFunction=2221-650085;Inter Node Carrier Aggregation Service Unavailable;Elastic RAN Carrier Aggregation is not available towards remote eNodeB.
2025-10-05;08:55:14;AL  ;Minor ;EUtraNetwork=1,ExternalENodeBFunction=2221-650383;Inter Node Carrier Aggregation Service Unavailable;Elastic RAN Carrier Aggregation is not available towards remote eNodeB.
2025-10-05;11:56:23;AL  ;Cleared;EUtraNetwork=1,ExternalENodeBFunction=2221-211166;Inter Node Carrier Aggregation Service Unavailable;Elastic RAN Carrier Aggregation is not available towards remote eNodeB.
2025-10-05;11:56:24;AL  ;Cleared;EUtraNetwork=1,ExternalENodeBFunction=2221-650383;Inter Node Carrier Aggregation Service Unavailable;Elastic RAN Carrier Aggregation is not available towards remote eNodeB.
2025-10-05;11:56:57;AL  ;Minor ;EUtraNetwork=1,ExternalENodeBFunction=2221-211166;Inter Node Carrier Aggregation Service Unavailable;Elastic RAN Carrier Aggregation is not available towards remote eNodeB.
2025-10-05;11:57:11;AL  ;Minor ;EUtraNetwork=1,ExternalENodeBFunction=2221-650383;Inter Node Carrier Aggregation Service Unavailable;Elastic RAN Carrier Aggregation is not available towards remote eNodeB.


KR41E> lgec -m 30d

251007-11:52:52+0200 19.31.11.209 25.0h MSRBS_NODE_MODEL_25.Q1_693.28324.131_62ac stopfile=/tmp/1013576

Startdate=20250907.095252, Enddate=20251008.095252
Date;Time;Log;Severity;Object;Event;Cause;AdditionalText;AckState;Id;NotificationId;CorrelatedAlarms
Executing action Log.export()
..
Log=AlertLog                    actionId=29867
...
=================================================================================================================
MO                  actionId result      resultInfo
=================================================================================================================
LogM=1,Log=AlertLog 29867    1 (SUCCESS)           
cat  /ericsson/log/amos/moshell_logfiles/t20251007_37258710_53697/logs_moshell/tempfiles/scp-2-amos_20251007-115215_1013505/rcslogs/AlertLog_20230302__130811_20250224__234118.log /ericsson/log/amos/moshell_logfiles/t20251007_37258710_53697/logs_moshell/tempfiles/scp-2-amos_20251007-115215_1013505/rcslogs/AlertLog_20250224__234118.log > /ericsson/log/amos/moshell_logfiles/t20251007_37258710_53697/logs_moshell/tempfiles/scp-2-amos_20251007-115215_1013505/eventLog1013576.xml
2025-09-22;08:12:32;EV  ;Warning;EUtranCellFDD=KR41E1;Cell Service Unavailable Auto Recovery Initiated Alert;
2025-09-22;08:12:32;EV  ;Warning;NbIotCell=KR41N1;Cell Service Unavailable Auto Recovery Initiated Alert;
2025-09-22;08:12:32;EV  ;Warning;EUtranCellFDD=KR41E2;Cell Service Unavailable Auto Recovery Initiated Alert;
2025-09-22;08:12:32;EV  ;Warning;NbIotCell=KR41N2;Cell Service Unavailable Auto Recovery Initiated Alert;
2025-09-22;08:12:32;EV  ;Warning;EUtranCellFDD=KR41L1;Cell Service Unavailable Auto Recovery Initiated Alert;
2025-09-22;08:12:32;EV  ;Warning;EUtranCellFDD=KR41L2;Cell Service Unavailable Auto Recovery Initiated Alert;
2025-09-22;08:12:38;EV  ;Warning;RiLink=S180-1;Radio Interface Connectivity Disturbance Alert;Near end port:FieldReplaceableUnit=BB-1,RiPort=D (transportType=NOT_SET) (Mixed Mode with other ME). SUPPRESSED
2025-09-22;08:12:38;EV  ;Warning;RiLink=S2-1;Radio Interface Connectivity Disturbance Alert;Near end port:FieldReplaceableUnit=BB-1,RiPort=B (transportType=NOT_SET). SUPPRESSED
2025-09-22;08:12:38;EV  ;Warning;RiLink=S1-1;Radio Interface Connectivity Disturbance Alert;Near end port:FieldReplaceableUnit=BB-1,RiPort=A (transportType=NOT_SET). SUPPRESSED
2025-09-22;08:12:43;EV  ;Warning;EUtranCellFDD=KR41L1;Cell Service Available Auto Recovery Successful Alert;
2025-09-22;08:12:43;EV  ;Warning;EUtranCellFDD=KR41L2;Cell Service Available Auto Recovery Successful Alert;
2025-09-22;08:12:44;EV  ;Warning;EUtranCellFDD=KR41E2;Cell Service Available Auto Recovery Successful Alert;
2025-09-22;08:12:45;EV  ;Warning;EUtranCellFDD=KR41E1;Cell Service Available Auto Recovery Successful Alert;
2025-09-22;08:12:45;EV  ;Warning;NbIotCell=KR41N2;Cell Service Available Auto Recovery Successful Alert;
2025-09-22;08:12:45;EV  ;Warning;NbIotCell=KR41N1;Cell Service Available Auto Recovery Successful Alert;
2025-09-22;09:03:34;EV  ;Warning;EUtranCellFDD=KR41E1;Cell Service Unavailable Auto Recovery Initiated Alert;
2025-09-22;09:03:34;EV  ;Warning;NbIotCell=KR41N1;Cell Service Unavailable Auto Recovery Initiated Alert;
2025-09-22;09:03:34;EV  ;Warning;EUtranCellFDD=KR41E2;Cell Service Unavailable Auto Recovery Initiated Alert;
2025-09-22;09:03:34;EV  ;Warning;NbIotCell=KR41N2;Cell Service Unavailable Auto Recovery Initiated Alert;
2025-09-22;09:03:40;EV  ;Warning;RiLink=S180-1;Radio Interface Connectivity Disturbance Alert;Near end port:FieldReplaceableUnit=BB-1,RiPort=D (transportType=NOT_SET) (Mixed Mode with other ME). SUPPRESSED
2025-09-22;09:03:40;EV  ;Warning;RiLink=S2-1;Radio Interface Connectivity Disturbance Alert;Near end port:FieldReplaceableUnit=BB-1,RiPort=B (transportType=NOT_SET). SUPPRESSED
2025-09-22;09:03:40;EV  ;Warning;RiLink=S1-1;Radio Interface Connectivity Disturbance Alert;Near end port:FieldReplaceableUnit=BB-1,RiPort=A (transportType=NOT_SET). SUPPRESSED
2025-09-22;09:03:46;EV  ;Warning;EUtranCellFDD=KR41E1;Cell Service Available Auto Recovery Successful Alert;
2025-09-22;09:03:46;EV  ;Warning;EUtranCellFDD=KR41E2;Cell Service Available Auto Recovery Successful Alert;
2025-09-22;09:03:47;EV  ;Warning;NbIotCell=KR41N1;Cell Service Available Auto Recovery Successful Alert;
2025-09-22;09:03:47;EV  ;Warning;NbIotCell=KR41N2;Cell Service Available Auto Recovery Successful Alert;
2025-09-22;12:40:50;EV  ;Warning;EUtranCellFDD=KR41E1;Cell Service Unavailable Auto Recovery Initiated Alert;
2025-09-22;12:40:50;EV  ;Warning;NbIotCell=KR41N1;Cell Service Unavailable Auto Recovery Initiated Alert;
2025-09-22;12:40:50;EV  ;Warning;EUtranCellFDD=KR41E2;Cell Service Unavailable Auto Recovery Initiated Alert;
2025-09-22;12:40:50;EV  ;Warning;NbIotCell=KR41N2;Cell Service Unavailable Auto Recovery Initiated Alert;
2025-09-22;12:40:55;EV  ;Warning;RiLink=S180-1;Radio Interface Connectivity Disturbance Alert;Near end port:FieldReplaceableUnit=BB-1,RiPort=D (transportType=NOT_SET) (Mixed Mode with other ME). SUPPRESSED
2025-09-22;12:40:55;EV  ;Warning;RiLink=S2-1;Radio Interface Connectivity Disturbance Alert;Near end port:FieldReplaceableUnit=BB-1,RiPort=B (transportType=NOT_SET). SUPPRESSED
2025-09-22;12:40:55;EV  ;Warning;RiLink=S1-1;Radio Interface Connectivity Disturbance Alert;Near end port:FieldReplaceableUnit=BB-1,RiPort=A (transportType=NOT_SET). SUPPRESSED
2025-09-22;12:41:01;EV  ;Warning;EUtranCellFDD=KR41E1;Cell Service Available Auto Recovery Successful Alert;
2025-09-22;12:41:02;EV  ;Warning;NbIotCell=KR41N1;Cell Service Available Auto Recovery Successful Alert;
2025-09-22;12:41:02;EV  ;Warning;EUtranCellFDD=KR41E2;Cell Service Available Auto Recovery Successful Alert;
2025-09-22;12:41:02;EV  ;Warning;NbIotCell=KR41N2;Cell Service Available Auto Recovery Successful Alert;
2025-10-02;09:42:31;EV  ;Warning;EUtranCellFDD=KR41E2;Cell Service Unavailable Auto Recovery Initiated Alert;
2025-10-02;09:42:31;EV  ;Warning;NbIotCell=KR41N2;Cell Service Unavailable Auto Recovery Initiated Alert;
2025-10-02;09:42:36;EV  ;Warning;RiLink=S180-1;Radio Interface Connectivity Disturbance Alert;Near end port:FieldReplaceableUnit=BB-1,RiPort=D (transportType=NOT_SET) (Mixed Mode with other ME). SUPPRESSED
2025-10-02;09:42:36;EV  ;Warning;RiLink=S2-1;Radio Interface Connectivity Disturbance Alert;Near end port:FieldReplaceableUnit=BB-1,RiPort=B (transportType=NOT_SET). SUPPRESSED
2025-10-02;09:42:36;EV  ;Warning;RiLink=S1-1;Radio Interface Connectivity Disturbance Alert;Near end port:FieldReplaceableUnit=BB-1,RiPort=A (transportType=NOT_SET). SUPPRESSED
2025-10-02;09:42:43;EV  ;Warning;EUtranCellFDD=KR41E2;Cell Service Available Auto Recovery Successful Alert;
2025-10-02;09:42:43;EV  ;Warning;NbIotCell=KR41N2;Cell Service Available Auto Recovery Successful Alert;

Bye...
Output has been logged to file /mta_fs/UserFiles/37258710/amosbatch/2025-10-07_11-07-01_53697/KR41E.log
