Logging to file /mta_fs/UserFiles/37258710/amosbatch/2025-10-07_11-07-01_53697/KS12E.log
                        __  __  ____   _____
                  /\   |  \/  |/ __ \ / ____|
                 /  \  | \  / | |  | | (___  
                / /\ \ | |\/| | |  | |\___ \ 
               / ____ \| |  | | |__| |____) |
              /_/    \_\_|  |_|\____/|_____/
              OSS Framework for MoShell-25.0h 
  Copyright (c) Ericsson AB 2001-2025 - All Rights Reserved
              
           
[1;31mWARNING: [0mthe AMOS version currently running is more than 22 weeks old and is unsupported.
Please upgrade as soon as possible to the latest released version, available from your local Ericsson support.

$amosrb_pid = 1312376

Checking ip contact...OK

HELP MENU            : h
BASIC MO COMMANDS    : m
OTHER MO COMMANDS    : n
OTHER COMMANDS       : o
PM COMMANDS          : p
QUIT                 : q

KS12E> lt all

251007-12:30:25+0200 19.31.5.248 25.0h  stopfile=/tmp/1312120
Looking up temporary_amos account... OK.
Trying temporary_amos_t20251007_37258710_53697_313's password from amos lookupAccount ... OK

$ssh_pid = 1313640

Connected to 19.31.5.248 (SubNetwork=BBMM_rckomc_R,MeContext=KS12E,ManagedElement=KS12E)

Checking MOM version...MSRBS_NODE_MODEL_25.Q1_198665.224.73_bf81
Parsing MOM (cached): /ericsson/log/amos/moshell_logfiles/t20251007_37258710_53697/logs_moshell/tempfiles/scp-2-amos_20251007-123018_1312051/MSRBS_NODE_MODEL_25.Q1_198665.224.73_bf81.xml.cache.gz ......................................................................................................................................................................................................................Done.
Using paramfile /opt/ericsson/amos/moshell/commonjars/pm/PARAM_MSRBSG2_25.Q1.txt
Parsing file /opt/ericsson/amos/moshell/commonjars/pm/PARAM_MSRBSG2_25.Q1.txt ......................................................................................Done.
Using imomdfile /opt/ericsson/amos/moshell/commonjars/pm/IMOMD_MSRBS_22.Q4.txt
Using imomfile /opt/ericsson/amos/moshell/commonjars/pm/IMOM_MSRBS_25.Q1.txt
Connected to 19.31.5.248 (SubNetwork=BBMM_rckomc_R,MeContext=KS12E,ManagedElement=KS12E)

Last MO: 19252. Loaded 19252 MOs. Total: 19253 MOs.

KS12E> hget EUtranCellFDD ^cellid

251007-12:30:46+0200 19.31.5.248 25.0h MSRBS_NODE_MODEL_25.Q1_198665.224.73_bf81 stopfile=/tmp/1312120
.
=================================================================================================================
MO                   cellId
=================================================================================================================
EUtranCellFDD=KS12E1 61    
EUtranCellFDD=KS12E2 62    
EUtranCellFDD=KS12E3 63    
EUtranCellFDD=KS12E4 64    
EUtranCellFDD=KS12L1 21    
EUtranCellFDD=KS12L2 22    
EUtranCellFDD=KS12L3 23    
EUtranCellFDD=KS12L4 24    
=================================================================================================================
Total: 8 MOs

Added 8 MOs to group: hget_group

KS12E> hget NbIotCell ^cellid

251007-12:30:47+0200 19.31.5.248 25.0h MSRBS_NODE_MODEL_25.Q1_198665.224.73_bf81 stopfile=/tmp/1312120
.
=================================================================================================================
MO               cellId
=================================================================================================================
NbIotCell=KS12N1 161   
NbIotCell=KS12N2 162   
NbIotCell=KS12N3 163   
NbIotCell=KS12N4 164   
=================================================================================================================
Total: 4 MOs

Added 4 MOs to group: hget_group

KS12E> hget NRCellDU ^cellLocalId

251007-12:30:47+0200 19.31.5.248 25.0h MSRBS_NODE_MODEL_25.Q1_198665.224.73_bf81 stopfile=/tmp/1312120
Total: 0 MOs

KS12E> lgdc -m 30d

251007-12:30:47+0200 19.31.5.248 25.0h MSRBS_NODE_MODEL_25.Q1_198665.224.73_bf81 stopfile=/tmp/1312120

Startdate=20250907.103048, Enddate=20251008.103048
INFO: Using amos lookupAccount credentials for the export login

Executing action LogM.exportAvailabilityLog()
...LogM=1,exportAvailabilityLog    actionId=30364
......
=================================================================================================================
MO     actionId result      resultInfo
=================================================================================================================
LogM=1 30364    1 (SUCCESS)           
cp /ericsson/log/amos/moshell_logfiles/t20251007_37258710_53697/logs_moshell/tempfiles/scp-2-amos_20251007-123018_1312051/rcslogs/RBS_CS_AVAILABILITY_LOG_20251007103052.xml /ericsson/log/amos/moshell_logfiles/t20251007_37258710_53697/logs_moshell/tempfiles/scp-2-amos_20251007-123018_1312051/availabilityLog1312120.xml
Parsing availabilityLog.......Done.
....
Date;Time;RestartType;SwVersion;SwRelease;RCSDowntime;ApplicationDowntime;TNDowntime;RATsDowntime;ExtraInfo;ExtraInfo2
2025-09-10;13:38:50;PartialOutage(System);37% Lrat Cell 63 64 21; ();1s;;;;;
2025-09-10;13:38:51;PartialOutage(System);100% Lrat Cell 61 62 63 64 21 22 23 24; ();1s;;;;;
2025-09-10;13:38:52;PartialOutage(System);100% Lrat Cell 161 162 163 164; ();26s;;;;;
2025-09-10;13:39:18;PartialOutage(System);100% Lrat Cell 61 62 63 64 23 24; ();2s;;;;;
2025-09-10;13:39:20;PartialOutage(System);100% Lrat Cell 61 62 63 64 24; ();1s;;;;;
2025-09-10;13:39:21;PartialOutage(System);100% Lrat Cell 61 63; ();1s;;;;;
2025-09-10;13:39:23;PartialOutage(System);100% Lrat Cell 163; ();1s;;;;;
2025-09-19;06:46:00;PartialOutage(Manual);100% Lrat Cell 161 162 163 164; ();2s;;;;;
2025-09-19;06:46:02;PartialOutage(Manual);75% Lrat Cell 62 63 21 22 23 24; ();1s;;;;;
2025-09-19;06:46:03;PartialOutage(Manual);87% Lrat Cell 62 63 64 21 22 23 24; ();5s;;;;;
2025-09-19;06:46:08;PartialOutage(Manual);100% Lrat Cell 61 62 63 64 21 22 23 24; ();36095s (10h1m);;;;;
2025-09-19;16:47:43;PartialOutage(Manual);100% Lrat Cell 61 62 63 64 21 24; ();1s;;;;;
2025-09-19;16:47:44;PartialOutage(Manual);100% Lrat Cell 61 62 63 64; ();1s;;;;;
2025-09-19;16:47:45;PartialOutage(Manual);100% Lrat Cell 61 62 63; ();1s;;;;;
2025-09-19;16:47:46;PartialOutage(Manual);100% Lrat Cell 61 63; ();1s;;;;;
2025-09-26;15:00:26;PartialOutage(System);50% Lrat Cell 62 22 23 24; ();1s;;;;;
2025-09-26;15:00:27;PartialOutage(System);100% Lrat Cell 61 62 63 64 21 22 23 24; ();27s;;;;;
2025-09-26;15:00:54;PartialOutage(System);100% Lrat Cell 61 62 63 64 23 24; ();3s;;;;;
2025-09-26;15:00:57;PartialOutage(System);100% Lrat Cell 61 63; ();1s;;;;;
2025-09-26;15:00:58;PartialOutage(System);100% Lrat Cell 61; ();1s;;;;;

Node uptime since last restart: 934199 seconds (10 days, 19 hours, 29 minutes, 59 seconds)
------------------------------------------------------------------------------------------------------
Period=30 days       NodeUpgrade      NodeManual       NodeSpontaneous  AllNodeRestarts  PartialOutages  
------------------------------------------------------------------------------------------------------
Number Of outages    0                0                0                0                20              
Total downtime       0s               0s               0s               0s               36173s (10h2m)  
Downtime per day     0s               0s               0s               0s               1206s (20m6s)   
Downtime per outage  0s               0s               0s               0s               1809s (30m9s)   

KS12E> lgac -m 30d

251007-12:31:00+0200 19.31.5.248 25.0h MSRBS_NODE_MODEL_25.Q1_198665.224.73_bf81 stopfile=/tmp/1312120

Startdate=20250907.103100, Enddate=20251008.103100
Date;Time;Log;Severity;Object;Event;Cause;AdditionalText;AckState;Id;NotificationId;CorrelatedAlarms
Executing action Log.export()
..
Log=AlarmLog                    actionId=30365
......
=================================================================================================================
MO                  actionId result      resultInfo
=================================================================================================================
LogM=1,Log=AlarmLog 30365    1 (SUCCESS)           
cat  /ericsson/log/amos/moshell_logfiles/t20251007_37258710_53697/logs_moshell/tempfiles/scp-2-amos_20251007-123018_1312051/rcslogs/saLogAlarm_20220427__083645_20230622__144922.log /ericsson/log/amos/moshell_logfiles/t20251007_37258710_53697/logs_moshell/tempfiles/scp-2-amos_20251007-123018_1312051/rcslogs/saLogAlarm_20230622__144922_20250504__081104.log /ericsson/log/amos/moshell_logfiles/t20251007_37258710_53697/logs_moshell/tempfiles/scp-2-amos_20251007-123018_1312051/rcslogs/saLogAlarm_20250504__081104.log > /ericsson/log/amos/moshell_logfiles/t20251007_37258710_53697/logs_moshell/tempfiles/scp-2-amos_20251007-123018_1312051/alarmLog1312120.xml
2025-09-07;11:53:39;AL  ;Cleared;EUtraNetwork=1,ExternalENodeBFunction=2221-650657;Inter Node Carrier Aggregation Service Unavailable;Elastic RAN Carrier Aggregation is not available towards remote eNodeB.
2025-09-07;11:53:45;AL  ;Minor ;EUtraNetwork=1,ExternalENodeBFunction=2221-650362;Inter Node Carrier Aggregation Service Unavailable;Elastic RAN Carrier Aggregation is not available towards remote eNodeB.
2025-09-08;06:35:24;AL  ;Minor ;ENodeBFunction=1;External Link Failure;X2 link problem to one or several neighbouring eNodeBs. AI: PLMN ID-eNB ID 1 = 2221-205061 PLMN ID-eNB ID 2 = 2221-205060
2025-09-08;07:55:45;AL  ;Cleared;ENodeBFunction=1;External Link Failure;X2 link problem to one or several neighbouring eNodeBs. AI: PLMN ID-eNB ID 1 = 2221-205061 PLMN ID-eNB ID 2 = 2221-205060
2025-09-08;08:06:27;AL  ;Minor ;ENodeBFunction=1;External Link Failure;X2 link problem to one or several neighbouring eNodeBs. AI: PLMN ID-eNB ID 1 = 2221-205061 PLMN ID-eNB ID 2 = 2221-205060
2025-09-08;12:02:27;AL  ;Cleared;ENodeBFunction=1;External Link Failure;X2 link problem to one or several neighbouring eNodeBs. AI: PLMN ID-eNB ID 1 = 2221-205061 PLMN ID-eNB ID 2 = 2221-205060
2025-09-09;13:47:46;AL  ;Warning;ENodeBFunction=1;PLMN Service Redundancy Lost;S1 connection failure for PLMN connected with link represented by MO listed in Additional Information. AI: PLMN = ["2221"],DN1=ManagedElement=1,ENodeBFunction=1,TermPointToMme=4,DN2=ManagedElement=1,ENodeBFunction=1,TermPointToMme=1,
2025-09-09;13:48:16;AL  ;Cleared;ENodeBFunction=1;PLMN Service Redundancy Lost;S1 connection failure for PLMN connected with link represented by MO listed in Additional Information. AI: PLMN = ["2221"],DN1=ManagedElement=1,ENodeBFunction=1,TermPointToMme=4,
2025-09-10;07:56:33;AL  ;Minor ;ENodeBFunction=1;External Link Failure;X2 link problem to one or several neighbouring eNodeBs. AI: PLMN ID-eNB ID 1 = 2221-213660
2025-09-10;09:13:36;AL  ;Cleared;ENodeBFunction=1;External Link Failure;X2 link problem to one or several neighbouring eNodeBs. AI: PLMN ID-eNB ID 1 = 2221-213660
2025-09-10;13:37:56;AL  ;Minor ;ENodeBFunction=1;Sync Time and Phase Accuracy Too Low;Time and phase sync accuracy crossed the threshold for features interworking with NR.
2025-09-10;13:37:56;AL  ;Minor ;EUtranCellFDD=KS12E1;Service Degraded;This is a secondary alarm, use alarm correlation information in Additional Information to find primary alarm.
2025-09-10;13:37:56;AL  ;Minor ;EUtranCellFDD=KS12E2;Service Degraded;This is a secondary alarm, use alarm correlation information in Additional Information to find primary alarm.
2025-09-10;13:37:56;AL  ;Minor ;EUtranCellFDD=KS12E3;Service Degraded;This is a secondary alarm, use alarm correlation information in Additional Information to find primary alarm.
2025-09-10;13:37:56;AL  ;Minor ;EUtranCellFDD=KS12E4;Service Degraded;This is a secondary alarm, use alarm correlation information in Additional Information to find primary alarm.
2025-09-10;13:37:56;AL  ;Minor ;EUtranCellFDD=KS12L1;Service Degraded;This is a secondary alarm, use alarm correlation information in Additional Information to find primary alarm.
2025-09-10;13:37:56;AL  ;Minor ;EUtranCellFDD=KS12L2;Service Degraded;This is a secondary alarm, use alarm correlation information in Additional Information to find primary alarm.
2025-09-10;13:37:56;AL  ;Minor ;EUtranCellFDD=KS12L3;Service Degraded;This is a secondary alarm, use alarm correlation information in Additional Information to find primary alarm.
2025-09-10;13:37:56;AL  ;Minor ;EUtranCellFDD=KS12L4;Service Degraded;This is a secondary alarm, use alarm correlation information in Additional Information to find primary alarm.
2025-09-10;13:38:50;AL  ;Cleared;EUtranCellFDD=KS12E3;Service Degraded;This is a secondary alarm, use alarm correlation information in Additional Information to find primary alarm.
2025-09-10;13:38:50;AL  ;Cleared;EUtranCellFDD=KS12E4;Service Degraded;This is a secondary alarm, use alarm correlation information in Additional Information to find primary alarm.
2025-09-10;13:38:50;AL  ;Cleared;EUtranCellFDD=KS12L1;Service Degraded;This is a secondary alarm, use alarm correlation information in Additional Information to find primary alarm.
2025-09-10;13:38:51;AL  ;Cleared;EUtranCellFDD=KS12L4;Service Degraded;This is a secondary alarm, use alarm correlation information in Additional Information to find primary alarm.
2025-09-10;13:38:51;AL  ;Cleared;EUtranCellFDD=KS12L2;Service Degraded;This is a secondary alarm, use alarm correlation information in Additional Information to find primary alarm.
2025-09-10;13:38:51;AL  ;Cleared;EUtranCellFDD=KS12L3;Service Degraded;This is a secondary alarm, use alarm correlation information in Additional Information to find primary alarm.
2025-09-10;13:38:51;AL  ;Cleared;EUtranCellFDD=KS12E1;Service Degraded;This is a secondary alarm, use alarm correlation information in Additional Information to find primary alarm.
2025-09-10;13:38:51;AL  ;Cleared;EUtranCellFDD=KS12E2;Service Degraded;This is a secondary alarm, use alarm correlation information in Additional Information to find primary alarm.
2025-09-10;13:38:52;AL  ;Cleared;ENodeBFunction=1;Sync Time and Phase Accuracy Too Low;Time and phase sync accuracy crossed the threshold for features interworking with NR.
2025-09-11;00:30:22;AL  ;Cleared;EUtraNetwork=1,ExternalENodeBFunction=2221-650214;Inter Node Feature Incompatibility;Elastic RAN feature is not activated in remote eNodeB. SUPPRESSED
2025-09-11;06:12:48;AL  ;Minor ;ENodeBFunction=1;External Link Failure;X2 link problem to one or several neighbouring eNodeBs. AI: PLMN ID-eNB ID 1 = 2221-650340 PLMN ID-eNB ID 2 = 2221-650149
2025-09-11;06:15:02;AL  ;Minor ;ENodeBFunction=1;External Link Failure;X2 link problem to one or several neighbouring eNodeBs. AI: PLMN ID-eNB ID 1 = 2221-650340 PLMN ID-eNB ID 2 = 2221-209523
2025-09-11;06:28:20;AL  ;Minor ;ENodeBFunction=1;External Link to GNodeB Failure;X2 link problem to one or several neighbouring gNodeBs. AI: PLMN ID-gNB ID 1 = 2221-1054059
2025-09-11;06:28:25;AL  ;Minor ;ENodeBFunction=1;External Link Failure;X2 link problem to one or several neighbouring eNodeBs. AI: PLMN ID-eNB ID 1 = 2221-650340 PLMN ID-eNB ID 2 = 2221-209523 PLMN ID-eNB ID 3 = 2221-650066
2025-09-11;06:29:52;AL  ;Minor ;ENodeBFunction=1;External Link Failure;X2 link problem to one or several neighbouring eNodeBs. AI: PLMN ID-eNB ID 1 = 2221-650340 PLMN ID-eNB ID 2 = 2221-209523 PLMN ID-eNB ID 3 = 2221-650066 PLMN ID-eNB ID 4 = 2221-650068
2025-09-11;06:38:51;AL  ;Cleared;EUtraNetwork=1,ExternalENodeBFunction=2221-650415;Inter Node Feature Incompatibility;Elastic RAN feature is not activated in remote eNodeB. SUPPRESSED
2025-09-11;06:41:30;AL  ;Minor ;ENodeBFunction=1;External Link to GNodeB Failure;X2 link problem to one or several neighbouring gNodeBs. AI: PLMN ID-gNB ID 1 = 2221-1054059 PLMN ID-gNB ID 2 = 2221-1056184
2025-09-11;06:41:47;AL  ;Minor ;ENodeBFunction=1;External Link Failure;X2 link problem to one or several neighbouring eNodeBs. AI: PLMN ID-eNB ID 1 = 2221-650340 PLMN ID-eNB ID 2 = 2221-209523 PLMN ID-eNB ID 3 = 2221-650066 PLMN ID-eNB ID 4 = 2221-650068 PLMN ID-eNB ID 5 = 2221-650324 PLMN ID-eNB ID 6 = 2221-212115
2025-09-11;06:42:29;AL  ;Cleared;EUtraNetwork=1,ExternalENodeBFunction=2221-213265;Inter Node Feature Incompatibility;Elastic RAN feature is not activated in remote eNodeB. SUPPRESSED
2025-09-11;06:47:02;AL  ;Minor ;ENodeBFunction=1;External Link to GNodeB Failure;X2 link problem to one or several neighbouring gNodeBs. AI: PLMN ID-gNB ID 1 = 2221-1054059
2025-09-11;06:47:20;AL  ;Minor ;ENodeBFunction=1;External Link Failure;X2 link problem to one or several neighbouring eNodeBs. AI: PLMN ID-eNB ID 1 = 2221-650340 PLMN ID-eNB ID 2 = 2221-209523 PLMN ID-eNB ID 3 = 2221-650066 PLMN ID-eNB ID 4 = 2221-650068 PLMN ID-eNB ID 5 = 2221-650324
2025-09-11;06:48:28;AL  ;Minor ;ENodeBFunction=1;External Link Failure;X2 link problem to one or several neighbouring eNodeBs. AI: PLMN ID-eNB ID 1 = 2221-650340 PLMN ID-eNB ID 2 = 2221-209523 PLMN ID-eNB ID 3 = 2221-650066 PLMN ID-eNB ID 4 = 2221-650068 PLMN ID-eNB ID 5 = 2221-650324 PLMN ID-eNB ID 6 = 2221-208897 PLMN ID-eNB ID 7 = 2221-650296
2025-09-11;06:49:38;AL  ;Minor ;ENodeBFunction=1;External Link Failure;X2 link problem to one or several neighbouring eNodeBs. AI: PLMN ID-eNB ID 1 = 2221-650340 PLMN ID-eNB ID 2 = 2221-209523 PLMN ID-eNB ID 3 = 2221-650066 PLMN ID-eNB ID 4 = 2221-650068 PLMN ID-eNB ID 5 = 2221-208897 PLMN ID-eNB ID 6 = 2221-650296 PLMN ID-eNB ID 7 = 2221-650242
2025-09-11;06:52:02;AL  ;Minor ;ENodeBFunction=1;External Link Failure;X2 link problem to one or several neighbouring eNodeBs. AI: PLMN ID-eNB ID 1 = 2221-650340 PLMN ID-eNB ID 2 = 2221-209523 PLMN ID-eNB ID 3 = 2221-650066 PLMN ID-eNB ID 4 = 2221-650068 PLMN ID-eNB ID 5 = 2221-208897 PLMN ID-eNB ID 6 = 2221-650296 PLMN ID-eNB ID 7 = 2221-650242 PLMN ID-eNB ID 8 = 2221-213265
2025-09-11;06:57:06;AL  ;Cleared;ENodeBFunction=1;External Link to GNodeB Failure;X2 link problem to one or several neighbouring gNodeBs. AI: PLMN ID-gNB ID 1 = 2221-1054059
2025-09-11;06:57:23;AL  ;Minor ;ENodeBFunction=1;External Link Failure;X2 link problem to one or several neighbouring eNodeBs. AI: PLMN ID-eNB ID 1 = 2221-650340 PLMN ID-eNB ID 2 = 2221-209523 PLMN ID-eNB ID 3 = 2221-650068 PLMN ID-eNB ID 4 = 2221-208897 PLMN ID-eNB ID 5 = 2221-650296 PLMN ID-eNB ID 6 = 2221-650242 PLMN ID-eNB ID 7 = 2221-213265
2025-09-11;07:15:35;AL  ;Minor ;ENodeBFunction=1;External Link Failure;X2 link problem to one or several neighbouring eNodeBs. AI: PLMN ID-eNB ID 1 = 2221-650340 PLMN ID-eNB ID 2 = 2221-650068 PLMN ID-eNB ID 3 = 2221-208897 PLMN ID-eNB ID 4 = 2221-650296 PLMN ID-eNB ID 5 = 2221-650242 PLMN ID-eNB ID 6 = 2221-213265
2025-09-11;07:43:14;AL  ;Minor ;ENodeBFunction=1;External Link Failure;X2 link problem to one or several neighbouring eNodeBs. AI: PLMN ID-eNB ID 1 = 2221-650068 PLMN ID-eNB ID 2 = 2221-208897 PLMN ID-eNB ID 3 = 2221-650296 PLMN ID-eNB ID 4 = 2221-650242 PLMN ID-eNB ID 5 = 2221-213265
2025-09-11;07:46:01;AL  ;Minor ;ENodeBFunction=1;External Link Failure;X2 link problem to one or several neighbouring eNodeBs. AI: PLMN ID-eNB ID 1 = 2221-650242 PLMN ID-eNB ID 2 = 2221-213265
2025-09-11;11:09:24;AL  ;Cleared;ENodeBFunction=1;External Link Failure;X2 link problem to one or several neighbouring eNodeBs. AI: PLMN ID-eNB ID 1 = 2221-213265
2025-09-13;13:18:43;AL  ;Warning;ENodeBFunction=1;PLMN Service Redundancy Lost;S1 connection failure for PLMN connected with link represented by MO listed in Additional Information. AI: PLMN = ["2221"],DN1=ManagedElement=1,ENodeBFunction=1,TermPointToMme=4,
2025-09-13;13:18:50;AL  ;Cleared;EUtraNetwork=1,ExternalENodeBFunction=2221-213157;Inter Node Feature Incompatibility;Elastic RAN feature is not activated in remote eNodeB. SUPPRESSED
2025-09-13;13:19:13;AL  ;Cleared;ENodeBFunction=1;PLMN Service Redundancy Lost;S1 connection failure for PLMN connected with link represented by MO listed in Additional Information. AI: PLMN = ["2221"],DN1=ManagedElement=1,ENodeBFunction=1,TermPointToMme=4,
2025-09-14;07:03:09;AL  ;Cleared;EUtraNetwork=1,ExternalENodeBFunction=2221-650034;Inter Node Carrier Aggregation Service Unavailable;Elastic RAN Carrier Aggregation is not available towards remote eNodeB.
2025-09-14;07:03:51;AL  ;Minor ;EUtraNetwork=1,ExternalENodeBFunction=2221-650435;Inter Node Carrier Aggregation Service Unavailable;Elastic RAN Carrier Aggregation is not available towards remote eNodeB.
2025-09-14;07:27:29;AL  ;Cleared;EUtraNetwork=1,ExternalENodeBFunction=2221-206062;Inter Node Carrier Aggregation Service Unavailable;Elastic RAN Carrier Aggregation is not available towards remote eNodeB.
2025-09-14;07:27:37;AL  ;Minor ;EUtraNetwork=1,ExternalENodeBFunction=2221-650035;Inter Node Carrier Aggregation Service Unavailable;Elastic RAN Carrier Aggregation is not available towards remote eNodeB.
2025-09-14;07:32:47;AL  ;Cleared;EUtraNetwork=1,ExternalENodeBFunction=2221-650435;Inter Node Carrier Aggregation Service Unavailable;Elastic RAN Carrier Aggregation is not available towards remote eNodeB.
2025-09-14;07:33:49;AL  ;Minor ;EUtraNetwork=1,ExternalENodeBFunction=2221-204754;Inter Node Carrier Aggregation Service Unavailable;Elastic RAN Carrier Aggregation is not available towards remote eNodeB.
2025-09-14;09:15:55;AL  ;Cleared;EUtraNetwork=1,ExternalENodeBFunction=2221-204754;Inter Node Carrier Aggregation Service Unavailable;Elastic RAN Carrier Aggregation is not available towards remote eNodeB.
2025-09-14;09:15:57;AL  ;Minor ;EUtraNetwork=1,ExternalENodeBFunction=2221-206384;Inter Node Carrier Aggregation Service Unavailable;Elastic RAN Carrier Aggregation is not available towards remote eNodeB.
2025-09-14;09:16:01;AL  ;Cleared;EUtraNetwork=1,ExternalENodeBFunction=2221-650035;Inter Node Carrier Aggregation Service Unavailable;Elastic RAN Carrier Aggregation is not available towards remote eNodeB.
2025-09-14;09:16:04;AL  ;Minor ;EUtraNetwork=1,ExternalENodeBFunction=2221-650193;Inter Node Carrier Aggregation Service Unavailable;Elastic RAN Carrier Aggregation is not available towards remote eNodeB.
2025-09-14;09:16:07;AL  ;Cleared;EUtraNetwork=1,ExternalENodeBFunction=2221-650362;Inter Node Carrier Aggregation Service Unavailable;Elastic RAN Carrier Aggregation is not available towards remote eNodeB.
2025-09-14;09:16:09;AL  ;Minor ;EUtraNetwork=1,ExternalENodeBFunction=2221-204910;Inter Node Carrier Aggregation Service Unavailable;Elastic RAN Carrier Aggregation is not available towards remote eNodeB.
2025-09-14;09:16:14;AL  ;Cleared;EUtraNetwork=1,ExternalENodeBFunction=2221-206919;Inter Node Carrier Aggregation Service Unavailable;Elastic RAN Carrier Aggregation is not available towards remote eNodeB.
2025-09-14;09:16:19;AL  ;Minor ;EUtraNetwork=1,ExternalENodeBFunction=2221-206062;Inter Node Carrier Aggregation Service Unavailable;Elastic RAN Carrier Aggregation is not available towards remote eNodeB.
2025-09-14;09:16:20;AL  ;Cleared;EUtraNetwork=1,ExternalENodeBFunction=2221-206256;Inter Node Carrier Aggregation Service Unavailable;Elastic RAN Carrier Aggregation is not available towards remote eNodeB.
2025-09-14;09:16:25;AL  ;Minor ;EUtraNetwork=1,ExternalENodeBFunction=2221-206973;Inter Node Carrier Aggregation Service Unavailable;Elastic RAN Carrier Aggregation is not available towards remote eNodeB.
2025-09-14;09:22:41;AL  ;Cleared;EUtraNetwork=1,ExternalENodeBFunction=2221-206973;Inter Node Carrier Aggregation Service Unavailable;Elastic RAN Carrier Aggregation is not available towards remote eNodeB.
2025-09-14;09:22:44;AL  ;Minor ;EUtraNetwork=1,ExternalENodeBFunction=2221-206984;Inter Node Carrier Aggregation Service Unavailable;Elastic RAN Carrier Aggregation is not available towards remote eNodeB.
2025-09-14;09:46:30;AL  ;Cleared;EUtraNetwork=1,ExternalENodeBFunction=2221-650193;Inter Node Carrier Aggregation Service Unavailable;Elastic RAN Carrier Aggregation is not available towards remote eNodeB.
2025-09-14;09:47:15;AL  ;Minor ;EUtraNetwork=1,ExternalENodeBFunction=2221-207912;Inter Node Carrier Aggregation Service Unavailable;Elastic RAN Carrier Aggregation is not available towards remote eNodeB.
2025-09-14;11:59:22;AL  ;Cleared;EUtraNetwork=1,ExternalENodeBFunction=2221-206984;Inter Node Carrier Aggregation Service Unavailable;Elastic RAN Carrier Aggregation is not available towards remote eNodeB.
2025-09-14;12:00:16;AL  ;Minor ;EUtraNetwork=1,ExternalENodeBFunction=2221-206983;Inter Node Carrier Aggregation Service Unavailable;Elastic RAN Carrier Aggregation is not available towards remote eNodeB.
2025-09-15;13:32:43;AL  ;Minor ;ENodeBFunction=1;External Link Failure;X2 link problem to one or several neighbouring eNodeBs. AI: PLMN ID-eNB ID 1 = 2221-211078 PLMN ID-eNB ID 2 = 2221-211077
2025-09-15;15:39:48;AL  ;Minor ;ENodeBFunction=1;External Link Failure;X2 link problem to one or several neighbouring eNodeBs. AI: PLMN ID-eNB ID 1 = 2221-211077
2025-09-15;15:40:31;AL  ;Cleared;ENodeBFunction=1;External Link Failure;X2 link problem to one or several neighbouring eNodeBs. AI: PLMN ID-eNB ID 1 = 2221-211077
2025-09-16;10:04:12;AL  ;Warning;ENodeBFunction=1;PLMN Service Redundancy Lost;S1 connection failure for PLMN connected with link represented by MO listed in Additional Information. AI: PLMN = ["2221"],DN1=ManagedElement=1,ENodeBFunction=1,TermPointToMme=5,
2025-09-16;10:05:12;AL  ;Cleared;ENodeBFunction=1;PLMN Service Redundancy Lost;S1 connection failure for PLMN connected with link represented by MO listed in Additional Information. AI: PLMN = ["2221"],DN1=ManagedElement=1,ENodeBFunction=1,TermPointToMme=5,
2025-09-17;16:20:11;AL  ;Cleared;EUtraNetwork=1,ExternalENodeBFunction=2221-650032;Inter Node Feature Incompatibility;Elastic RAN feature is not activated in remote eNodeB. SUPPRESSED
2025-09-17;16:29:42;AL  ;Minor ;ENodeBFunction=1;External Link Failure;X2 link problem to one or several neighbouring eNodeBs. AI: PLMN ID-eNB ID 1 = 2221-205970 PLMN ID-eNB ID 2 = 2221-650032 PLMN ID-eNB ID 3 = 2221-205060
2025-09-17;17:04:12;AL  ;Minor ;ENodeBFunction=1;External Link Failure;X2 link problem to one or several neighbouring eNodeBs. AI: PLMN ID-eNB ID 1 = 2221-650032 PLMN ID-eNB ID 2 = 2221-205059 PLMN ID-eNB ID 3 = 2221-205969 PLMN ID-eNB ID 4 = 2221-213157 PLMN ID-eNB ID 5 = 2221-650027
2025-09-17;17:04:29;AL  ;Cleared;ENodeBFunction=1;External Link Failure;X2 link problem to one or several neighbouring eNodeBs. AI: PLMN ID-eNB ID 1 = 2221-650032 PLMN ID-eNB ID 2 = 2221-205059 PLMN ID-eNB ID 3 = 2221-205969 PLMN ID-eNB ID 4 = 2221-213157 PLMN ID-eNB ID 5 = 2221-650027
2025-09-19;06:46:08;AL  ;Minor ;EUtraNetwork=1,ExternalENodeBFunction=2221-650415;Inter Node Feature Incompatibility;Elastic RAN feature is not activated in remote eNodeB. SUPPRESSED
2025-09-19;06:46:08;AL  ;Minor ;EUtraNetwork=1,ExternalENodeBFunction=2221-213265;Inter Node Feature Incompatibility;Elastic RAN feature is not activated in remote eNodeB. SUPPRESSED
2025-09-19;06:46:08;AL  ;Minor ;EUtraNetwork=1,ExternalENodeBFunction=2221-213157;Inter Node Feature Incompatibility;Elastic RAN feature is not activated in remote eNodeB. SUPPRESSED
2025-09-19;06:46:08;AL  ;Minor ;EUtraNetwork=1,ExternalENodeBFunction=2221-650214;Inter Node Feature Incompatibility;Elastic RAN feature is not activated in remote eNodeB. SUPPRESSED
2025-09-19;06:46:08;AL  ;Minor ;EUtraNetwork=1,ExternalENodeBFunction=2221-650032;Inter Node Feature Incompatibility;Elastic RAN feature is not activated in remote eNodeB. SUPPRESSED
2025-09-21;07:25:46;AL  ;Cleared;EUtraNetwork=1,ExternalENodeBFunction=2221-206062;Inter Node Carrier Aggregation Service Unavailable;Elastic RAN Carrier Aggregation is not available towards remote eNodeB.
2025-09-21;07:25:49;AL  ;Minor ;EUtraNetwork=1,ExternalENodeBFunction=2221-650035;Inter Node Carrier Aggregation Service Unavailable;Elastic RAN Carrier Aggregation is not available towards remote eNodeB.
2025-09-21;07:29:00;AL  ;Cleared;EUtraNetwork=1,ExternalENodeBFunction=2221-204910;Inter Node Carrier Aggregation Service Unavailable;Elastic RAN Carrier Aggregation is not available towards remote eNodeB.
2025-09-21;07:30:02;AL  ;Minor ;EUtraNetwork=1,ExternalENodeBFunction=2221-204910;Inter Node Carrier Aggregation Service Unavailable;Elastic RAN Carrier Aggregation is not available towards remote eNodeB.
2025-09-21;09:03:39;AL  ;Cleared;EUtraNetwork=1,ExternalENodeBFunction=2221-206384;Inter Node Carrier Aggregation Service Unavailable;Elastic RAN Carrier Aggregation is not available towards remote eNodeB.
2025-09-21;09:04:08;AL  ;Minor ;EUtraNetwork=1,ExternalENodeBFunction=2221-204754;Inter Node Carrier Aggregation Service Unavailable;Elastic RAN Carrier Aggregation is not available towards remote eNodeB.
2025-09-21;09:04:48;AL  ;Cleared;EUtraNetwork=1,ExternalENodeBFunction=2221-206983;Inter Node Carrier Aggregation Service Unavailable;Elastic RAN Carrier Aggregation is not available towards remote eNodeB.
2025-09-21;09:04:53;AL  ;Minor ;EUtraNetwork=1,ExternalENodeBFunction=2221-206062;Inter Node Carrier Aggregation Service Unavailable;Elastic RAN Carrier Aggregation is not available towards remote eNodeB.
2025-09-21;09:04:53;AL  ;Cleared;EUtraNetwork=1,ExternalENodeBFunction=2221-207912;Inter Node Carrier Aggregation Service Unavailable;Elastic RAN Carrier Aggregation is not available towards remote eNodeB.
2025-09-21;09:04:58;AL  ;Minor ;EUtraNetwork=1,ExternalENodeBFunction=2221-206255;Inter Node Carrier Aggregation Service Unavailable;Elastic RAN Carrier Aggregation is not available towards remote eNodeB.
2025-09-21;09:05:00;AL  ;Cleared;EUtraNetwork=1,ExternalENodeBFunction=2221-204910;Inter Node Carrier Aggregation Service Unavailable;Elastic RAN Carrier Aggregation is not available towards remote eNodeB.
2025-09-21;09:05:05;AL  ;Minor ;EUtraNetwork=1,ExternalENodeBFunction=2221-206919;Inter Node Carrier Aggregation Service Unavailable;Elastic RAN Carrier Aggregation is not available towards remote eNodeB.
2025-09-21;09:05:06;AL  ;Cleared;EUtraNetwork=1,ExternalENodeBFunction=2221-650035;Inter Node Carrier Aggregation Service Unavailable;Elastic RAN Carrier Aggregation is not available towards remote eNodeB.
2025-09-21;09:05:11;AL  ;Minor ;EUtraNetwork=1,ExternalENodeBFunction=2221-206973;Inter Node Carrier Aggregation Service Unavailable;Elastic RAN Carrier Aggregation is not available towards remote eNodeB.
2025-09-21;09:07:28;AL  ;Cleared;EUtraNetwork=1,ExternalENodeBFunction=2221-206919;Inter Node Carrier Aggregation Service Unavailable;Elastic RAN Carrier Aggregation is not available towards remote eNodeB.
2025-09-21;09:07:36;AL  ;Minor ;EUtraNetwork=1,ExternalENodeBFunction=2221-206983;Inter Node Carrier Aggregation Service Unavailable;Elastic RAN Carrier Aggregation is not available towards remote eNodeB.
2025-09-21;09:08:33;AL  ;Cleared;EUtraNetwork=1,ExternalENodeBFunction=2221-206255;Inter Node Carrier Aggregation Service Unavailable;Elastic RAN Carrier Aggregation is not available towards remote eNodeB.
2025-09-21;09:08:36;AL  ;Minor ;EUtraNetwork=1,ExternalENodeBFunction=2221-650034;Inter Node Carrier Aggregation Service Unavailable;Elastic RAN Carrier Aggregation is not available towards remote eNodeB.
2025-09-21;09:10:58;AL  ;Cleared;EUtraNetwork=1,ExternalENodeBFunction=2221-206973;Inter Node Carrier Aggregation Service Unavailable;Elastic RAN Carrier Aggregation is not available towards remote eNodeB.
2025-09-21;09:11:05;AL  ;Minor ;EUtraNetwork=1,ExternalENodeBFunction=2221-650035;Inter Node Carrier Aggregation Service Unavailable;Elastic RAN Carrier Aggregation is not available towards remote eNodeB.
2025-09-21;09:33:35;AL  ;Cleared;EUtraNetwork=1,ExternalENodeBFunction=2221-204754;Inter Node Carrier Aggregation Service Unavailable;Elastic RAN Carrier Aggregation is not available towards remote eNodeB.
2025-09-21;09:33:42;AL  ;Minor ;EUtraNetwork=1,ExternalENodeBFunction=2221-650657;Inter Node Carrier Aggregation Service Unavailable;Elastic RAN Carrier Aggregation is not available towards remote eNodeB.
2025-09-21;11:38:58;AL  ;Cleared;EUtraNetwork=1,ExternalENodeBFunction=2221-206983;Inter Node Carrier Aggregation Service Unavailable;Elastic RAN Carrier Aggregation is not available towards remote eNodeB.
2025-09-21;11:39:55;AL  ;Minor ;EUtraNetwork=1,ExternalENodeBFunction=2221-650193;Inter Node Carrier Aggregation Service Unavailable;Elastic RAN Carrier Aggregation is not available towards remote eNodeB.
2025-09-21;11:42:37;AL  ;Cleared;EUtraNetwork=1,ExternalENodeBFunction=2221-650657;Inter Node Carrier Aggregation Service Unavailable;Elastic RAN Carrier Aggregation is not available towards remote eNodeB.
2025-09-21;11:42:42;AL  ;Minor ;EUtraNetwork=1,ExternalENodeBFunction=2221-650362;Inter Node Carrier Aggregation Service Unavailable;Elastic RAN Carrier Aggregation is not available towards remote eNodeB.
2025-09-24;15:12:01;AL  ;Cleared;EUtraNetwork=1,ExternalENodeBFunction=2221-650214;Inter Node Feature Incompatibility;Elastic RAN feature is not activated in remote eNodeB. SUPPRESSED
2025-09-24;15:21:04;AL  ;Minor ;ENodeBFunction=1;External Link Failure;X2 link problem to one or several neighbouring eNodeBs. AI: PLMN ID-eNB ID 1 = 2221-650189
2025-09-25;06:57:42;AL  ;Minor ;ENodeBFunction=1;External Link Failure;X2 link problem to one or several neighbouring eNodeBs. AI: PLMN ID-eNB ID 1 = 2221-650189 PLMN ID-eNB ID 2 = 2221-650510 PLMN ID-eNB ID 3 = 2221-208021 PLMN ID-eNB ID 4 = 2221-650214 PLMN ID-eNB ID 5 = 2221-650759
2025-09-25;12:13:29;AL  ;Minor ;ENodeBFunction=1;External Link Failure;X2 link problem to one or several neighbouring eNodeBs. AI: PLMN ID-eNB ID 1 = 2221-650189 PLMN ID-eNB ID 2 = 2221-650510 PLMN ID-eNB ID 3 = 2221-650214 PLMN ID-eNB ID 4 = 2221-650759
2025-09-25;12:14:55;AL  ;Minor ;ENodeBFunction=1;External Link Failure;X2 link problem to one or several neighbouring eNodeBs. AI: PLMN ID-eNB ID 1 = 2221-650759
2025-09-25;13:32:47;AL  ;Cleared;ENodeBFunction=1;External Link Failure;X2 link problem to one or several neighbouring eNodeBs. AI: PLMN ID-eNB ID 1 = 2221-650759
2025-09-26;13:27:25;AL  ;Minor ;ENodeBFunction=1;External Link to GNodeB Failure;X2 link problem to one or several neighbouring gNodeBs. AI: PLMN ID-gNB ID 1 = 2221-1051409
2025-09-26;13:27:29;AL  ;Minor ;ENodeBFunction=1;External Link Failure;X2 link problem to one or several neighbouring eNodeBs. AI: PLMN ID-eNB ID 1 = 2221-204753 PLMN ID-eNB ID 2 = 2221-204754
2025-09-26;14:59:58;AL  ;Minor ;ENodeBFunction=1;Sync Time and Phase Accuracy Too Low;Time and phase sync accuracy crossed the threshold for features interworking with NR.
2025-09-26;14:59:58;AL  ;Minor ;EUtranCellFDD=KS12E1;Service Degraded;This is a secondary alarm, use alarm correlation information in Additional Information to find primary alarm.
2025-09-26;14:59:58;AL  ;Minor ;EUtranCellFDD=KS12E2;Service Degraded;This is a secondary alarm, use alarm correlation information in Additional Information to find primary alarm.
2025-09-26;14:59:58;AL  ;Minor ;EUtranCellFDD=KS12E3;Service Degraded;This is a secondary alarm, use alarm correlation information in Additional Information to find primary alarm.
2025-09-26;14:59:58;AL  ;Minor ;EUtranCellFDD=KS12E4;Service Degraded;This is a secondary alarm, use alarm correlation information in Additional Information to find primary alarm.
2025-09-26;14:59:58;AL  ;Minor ;EUtranCellFDD=KS12L1;Service Degraded;This is a secondary alarm, use alarm correlation information in Additional Information to find primary alarm.
2025-09-26;14:59:58;AL  ;Minor ;EUtranCellFDD=KS12L2;Service Degraded;This is a secondary alarm, use alarm correlation information in Additional Information to find primary alarm.
2025-09-26;14:59:58;AL  ;Minor ;EUtranCellFDD=KS12L3;Service Degraded;This is a secondary alarm, use alarm correlation information in Additional Information to find primary alarm.
2025-09-26;14:59:58;AL  ;Minor ;EUtranCellFDD=KS12L4;Service Degraded;This is a secondary alarm, use alarm correlation information in Additional Information to find primary alarm.
2025-09-26;15:00:26;AL  ;Cleared;EUtranCellFDD=KS12L3;Service Degraded;This is a secondary alarm, use alarm correlation information in Additional Information to find primary alarm.
2025-09-26;15:00:26;AL  ;Cleared;EUtranCellFDD=KS12L2;Service Degraded;This is a secondary alarm, use alarm correlation information in Additional Information to find primary alarm.
2025-09-26;15:00:26;AL  ;Cleared;EUtranCellFDD=KS12L4;Service Degraded;This is a secondary alarm, use alarm correlation information in Additional Information to find primary alarm.
2025-09-26;15:00:26;AL  ;Cleared;EUtranCellFDD=KS12E2;Service Degraded;This is a secondary alarm, use alarm correlation information in Additional Information to find primary alarm.
2025-09-26;15:00:27;AL  ;Cleared;EUtranCellFDD=KS12E1;Service Degraded;This is a secondary alarm, use alarm correlation information in Additional Information to find primary alarm.
2025-09-26;15:00:27;AL  ;Cleared;EUtranCellFDD=KS12E3;Service Degraded;This is a secondary alarm, use alarm correlation information in Additional Information to find primary alarm.
2025-09-26;15:00:27;AL  ;Cleared;EUtranCellFDD=KS12E4;Service Degraded;This is a secondary alarm, use alarm correlation information in Additional Information to find primary alarm.
2025-09-26;15:00:27;AL  ;Minor ;EUtraNetwork=1,ExternalENodeBFunction=2221-650214;Inter Node Feature Incompatibility;Elastic RAN feature is not activated in remote eNodeB. SUPPRESSED
2025-09-26;15:00:27;AL  ;Cleared;EUtranCellFDD=KS12L1;Service Degraded;This is a secondary alarm, use alarm correlation information in Additional Information to find primary alarm.
2025-09-26;15:00:28;AL  ;Cleared;ENodeBFunction=1;Sync Time and Phase Accuracy Too Low;Time and phase sync accuracy crossed the threshold for features interworking with NR.
2025-09-26;16:33:44;AL  ;Minor ;AntennaUnitGroup=2,AntennaNearUnit=RET_2600;No Connection;Antenna near unit controller occupied.
2025-09-26;16:33:51;AL  ;Cleared;AntennaUnitGroup=2,AntennaNearUnit=RET_2600;No Connection;Antenna near unit controller occupied.
2025-09-26;18:47:49;AL  ;Cleared;ENodeBFunction=1;External Link to GNodeB Failure;X2 link problem to one or several neighbouring gNodeBs. AI: PLMN ID-gNB ID 1 = 2221-1051409
2025-09-26;18:48:28;AL  ;Minor ;ENodeBFunction=1;External Link Failure;X2 link problem to one or several neighbouring eNodeBs. AI: PLMN ID-eNB ID 1 = 2221-204754
2025-09-26;18:48:43;AL  ;Cleared;ENodeBFunction=1;External Link Failure;X2 link problem to one or several neighbouring eNodeBs. AI: PLMN ID-eNB ID 1 = 2221-204754
2025-09-28;07:03:00;AL  ;Cleared;EUtraNetwork=1,ExternalENodeBFunction=2221-650034;Inter Node Carrier Aggregation Service Unavailable;Elastic RAN Carrier Aggregation is not available towards remote eNodeB.
2025-09-28;07:06:31;AL  ;Minor ;EUtraNetwork=1,ExternalENodeBFunction=2221-211077;Inter Node Carrier Aggregation Service Unavailable;Elastic RAN Carrier Aggregation is not available towards remote eNodeB.
2025-09-28;07:25:49;AL  ;Cleared;EUtraNetwork=1,ExternalENodeBFunction=2221-650035;Inter Node Carrier Aggregation Service Unavailable;Elastic RAN Carrier Aggregation is not available towards remote eNodeB.
2025-09-28;07:25:57;AL  ;Cleared;EUtraNetwork=1,ExternalENodeBFunction=2221-206062;Inter Node Carrier Aggregation Service Unavailable;Elastic RAN Carrier Aggregation is not available towards remote eNodeB.
2025-09-28;07:25:58;AL  ;Minor ;EUtraNetwork=1,ExternalENodeBFunction=2221-206384;Inter Node Carrier Aggregation Service Unavailable;Elastic RAN Carrier Aggregation is not available towards remote eNodeB.
2025-09-28;07:26:44;AL  ;Minor ;EUtraNetwork=1,ExternalENodeBFunction=2221-650657;Inter Node Carrier Aggregation Service Unavailable;Elastic RAN Carrier Aggregation is not available towards remote eNodeB.
2025-09-28;09:05:15;AL  ;Cleared;EUtraNetwork=1,ExternalENodeBFunction=2221-206384;Inter Node Carrier Aggregation Service Unavailable;Elastic RAN Carrier Aggregation is not available towards remote eNodeB.
2025-09-28;09:06:00;AL  ;Minor ;EUtraNetwork=1,ExternalENodeBFunction=2221-207912;Inter Node Carrier Aggregation Service Unavailable;Elastic RAN Carrier Aggregation is not available towards remote eNodeB.
2025-09-28;09:06:11;AL  ;Cleared;EUtraNetwork=1,ExternalENodeBFunction=2221-650657;Inter Node Carrier Aggregation Service Unavailable;Elastic RAN Carrier Aggregation is not available towards remote eNodeB.
2025-09-28;09:06:16;AL  ;Minor ;EUtraNetwork=1,ExternalENodeBFunction=2221-204754;Inter Node Carrier Aggregation Service Unavailable;Elastic RAN Carrier Aggregation is not available towards remote eNodeB.
2025-09-28;09:06:17;AL  ;Cleared;EUtraNetwork=1,ExternalENodeBFunction=2221-211077;Inter Node Carrier Aggregation Service Unavailable;Elastic RAN Carrier Aggregation is not available towards remote eNodeB.
2025-09-28;09:06:22;AL  ;Minor ;EUtraNetwork=1,ExternalENodeBFunction=2221-204910;Inter Node Carrier Aggregation Service Unavailable;Elastic RAN Carrier Aggregation is not available towards remote eNodeB.
2025-09-28;09:06:23;AL  ;Cleared;EUtraNetwork=1,ExternalENodeBFunction=2221-650193;Inter Node Carrier Aggregation Service Unavailable;Elastic RAN Carrier Aggregation is not available towards remote eNodeB.
2025-09-28;09:06:30;AL  ;Minor ;EUtraNetwork=1,ExternalENodeBFunction=2221-206062;Inter Node Carrier Aggregation Service Unavailable;Elastic RAN Carrier Aggregation is not available towards remote eNodeB.
2025-09-28;09:06:31;AL  ;Cleared;EUtraNetwork=1,ExternalENodeBFunction=2221-650362;Inter Node Carrier Aggregation Service Unavailable;Elastic RAN Carrier Aggregation is not available towards remote eNodeB.
2025-09-28;09:07:10;AL  ;Minor ;EUtraNetwork=1,ExternalENodeBFunction=2221-211077;Inter Node Carrier Aggregation Service Unavailable;Elastic RAN Carrier Aggregation is not available towards remote eNodeB.
2025-09-28;09:16:18;AL  ;Cleared;EUtraNetwork=1,ExternalENodeBFunction=2221-211077;Inter Node Carrier Aggregation Service Unavailable;Elastic RAN Carrier Aggregation is not available towards remote eNodeB.
2025-09-28;09:16:32;AL  ;Minor ;EUtraNetwork=1,ExternalENodeBFunction=2221-206984;Inter Node Carrier Aggregation Service Unavailable;Elastic RAN Carrier Aggregation is not available towards remote eNodeB.
2025-09-28;09:29:47;AL  ;Cleared;EUtraNetwork=1,ExternalENodeBFunction=2221-207912;Inter Node Carrier Aggregation Service Unavailable;Elastic RAN Carrier Aggregation is not available towards remote eNodeB.
2025-09-28;09:30:10;AL  ;Minor ;EUtraNetwork=1,ExternalENodeBFunction=2221-210526;Inter Node Carrier Aggregation Service Unavailable;Elastic RAN Carrier Aggregation is not available towards remote eNodeB.
2025-09-28;09:34:51;AL  ;Cleared;EUtraNetwork=1,ExternalENodeBFunction=2221-204754;Inter Node Carrier Aggregation Service Unavailable;Elastic RAN Carrier Aggregation is not available towards remote eNodeB.
2025-09-28;09:34:56;AL  ;Minor ;EUtraNetwork=1,ExternalENodeBFunction=2221-650657;Inter Node Carrier Aggregation Service Unavailable;Elastic RAN Carrier Aggregation is not available towards remote eNodeB.
2025-09-28;11:38:16;AL  ;Cleared;EUtraNetwork=1,ExternalENodeBFunction=2221-206984;Inter Node Carrier Aggregation Service Unavailable;Elastic RAN Carrier Aggregation is not available towards remote eNodeB.
2025-09-28;11:39:04;AL  ;Minor ;EUtraNetwork=1,ExternalENodeBFunction=2221-650362;Inter Node Carrier Aggregation Service Unavailable;Elastic RAN Carrier Aggregation is not available towards remote eNodeB.
2025-09-28;11:40:46;AL  ;Cleared;EUtraNetwork=1,ExternalENodeBFunction=2221-650362;Inter Node Carrier Aggregation Service Unavailable;Elastic RAN Carrier Aggregation is not available towards remote eNodeB.
2025-09-28;11:41:11;AL  ;Cleared;EUtraNetwork=1,ExternalENodeBFunction=2221-650657;Inter Node Carrier Aggregation Service Unavailable;Elastic RAN Carrier Aggregation is not available towards remote eNodeB.
2025-09-28;11:41:13;AL  ;Minor ;EUtraNetwork=1,ExternalENodeBFunction=2221-204754;Inter Node Carrier Aggregation Service Unavailable;Elastic RAN Carrier Aggregation is not available towards remote eNodeB.
2025-09-28;11:41:40;AL  ;Minor ;EUtraNetwork=1,ExternalENodeBFunction=2221-206919;Inter Node Carrier Aggregation Service Unavailable;Elastic RAN Carrier Aggregation is not available towards remote eNodeB.
2025-09-29;12:49:54;AL  ;Minor ;ENodeBFunction=1;External Link Failure;X2 link problem to one or several neighbouring eNodeBs. AI: PLMN ID-eNB ID 1 = 2221-208021 PLMN ID-eNB ID 2 = 2221-650338
2025-09-29;12:51:21;AL  ;Minor ;ENodeBFunction=1;External Link Failure;X2 link problem to one or several neighbouring eNodeBs. AI: PLMN ID-eNB ID 1 = 2221-650338
2025-09-29;12:52:08;AL  ;Cleared;ENodeBFunction=1;External Link Failure;X2 link problem to one or several neighbouring eNodeBs. AI: PLMN ID-eNB ID 1 = 2221-650338
2025-10-01;07:07:03;AL  ;Minor ;ENodeBFunction=1;External Link Failure;X2 link problem to one or several neighbouring eNodeBs. AI: PLMN ID-eNB ID 1 = 2221-650784
2025-10-01;10:25:50;AL  ;Cleared;ENodeBFunction=1;External Link Failure;X2 link problem to one or several neighbouring eNodeBs. AI: PLMN ID-eNB ID 1 = 2221-650784
2025-10-03;07:41:39;AL  ;Cleared;EUtraNetwork=1,ExternalENodeBFunction=2221-206919;Inter Node Carrier Aggregation Service Unavailable;Elastic RAN Carrier Aggregation is not available towards remote eNodeB.
2025-10-03;07:41:43;AL  ;Minor ;EUtraNetwork=1,ExternalENodeBFunction=2221-206973;Inter Node Carrier Aggregation Service Unavailable;Elastic RAN Carrier Aggregation is not available towards remote eNodeB.
2025-10-05;07:22:42;AL  ;Cleared;EUtraNetwork=1,ExternalENodeBFunction=2221-206062;Inter Node Carrier Aggregation Service Unavailable;Elastic RAN Carrier Aggregation is not available towards remote eNodeB.
2025-10-05;07:22:44;AL  ;Minor ;EUtraNetwork=1,ExternalENodeBFunction=2221-650035;Inter Node Carrier Aggregation Service Unavailable;Elastic RAN Carrier Aggregation is not available towards remote eNodeB.
2025-10-05;07:26:04;AL  ;Cleared;EUtraNetwork=1,ExternalENodeBFunction=2221-204910;Inter Node Carrier Aggregation Service Unavailable;Elastic RAN Carrier Aggregation is not available towards remote eNodeB.
2025-10-05;07:27:06;AL  ;Minor ;EUtraNetwork=1,ExternalENodeBFunction=2221-206384;Inter Node Carrier Aggregation Service Unavailable;Elastic RAN Carrier Aggregation is not available towards remote eNodeB.
2025-10-05;08:56:56;AL  ;Cleared;EUtraNetwork=1,ExternalENodeBFunction=2221-206384;Inter Node Carrier Aggregation Service Unavailable;Elastic RAN Carrier Aggregation is not available towards remote eNodeB.
2025-10-05;08:57:57;AL  ;Minor ;EUtraNetwork=1,ExternalENodeBFunction=2221-204910;Inter Node Carrier Aggregation Service Unavailable;Elastic RAN Carrier Aggregation is not available towards remote eNodeB.
2025-10-05;08:58:01;AL  ;Cleared;EUtraNetwork=1,ExternalENodeBFunction=2221-210526;Inter Node Carrier Aggregation Service Unavailable;Elastic RAN Carrier Aggregation is not available towards remote eNodeB.
2025-10-05;08:58:04;AL  ;Minor ;EUtraNetwork=1,ExternalENodeBFunction=2221-206983;Inter Node Carrier Aggregation Service Unavailable;Elastic RAN Carrier Aggregation is not available towards remote eNodeB.
2025-10-05;08:58:06;AL  ;Cleared;EUtraNetwork=1,ExternalENodeBFunction=2221-206973;Inter Node Carrier Aggregation Service Unavailable;Elastic RAN Carrier Aggregation is not available towards remote eNodeB.
2025-10-05;08:58:12;AL  ;Minor ;EUtraNetwork=1,ExternalENodeBFunction=2221-206062;Inter Node Carrier Aggregation Service Unavailable;Elastic RAN Carrier Aggregation is not available towards remote eNodeB.
2025-10-05;08:58:13;AL  ;Cleared;EUtraNetwork=1,ExternalENodeBFunction=2221-204754;Inter Node Carrier Aggregation Service Unavailable;Elastic RAN Carrier Aggregation is not available towards remote eNodeB.
2025-10-05;08:58:18;AL  ;Minor ;EUtraNetwork=1,ExternalENodeBFunction=2221-206919;Inter Node Carrier Aggregation Service Unavailable;Elastic RAN Carrier Aggregation is not available towards remote eNodeB.
2025-10-05;08:58:19;AL  ;Cleared;EUtraNetwork=1,ExternalENodeBFunction=2221-650035;Inter Node Carrier Aggregation Service Unavailable;Elastic RAN Carrier Aggregation is not available towards remote eNodeB.
2025-10-05;08:58:24;AL  ;Minor ;EUtraNetwork=1,ExternalENodeBFunction=2221-207132;Inter Node Carrier Aggregation Service Unavailable;Elastic RAN Carrier Aggregation is not available towards remote eNodeB.
2025-10-05;08:59:34;AL  ;Cleared;EUtraNetwork=1,ExternalENodeBFunction=2221-206919;Inter Node Carrier Aggregation Service Unavailable;Elastic RAN Carrier Aggregation is not available towards remote eNodeB.
2025-10-05;08:59:59;AL  ;Minor ;EUtraNetwork=1,ExternalENodeBFunction=2221-210526;Inter Node Carrier Aggregation Service Unavailable;Elastic RAN Carrier Aggregation is not available towards remote eNodeB.
2025-10-05;09:11:18;AL  ;Cleared;EUtraNetwork=1,ExternalENodeBFunction=2221-210526;Inter Node Carrier Aggregation Service Unavailable;Elastic RAN Carrier Aggregation is not available towards remote eNodeB.
2025-10-05;09:11:24;AL  ;Minor ;EUtraNetwork=1,ExternalENodeBFunction=2221-650657;Inter Node Carrier Aggregation Service Unavailable;Elastic RAN Carrier Aggregation is not available towards remote eNodeB.
2025-10-05;11:21:46;AL  ;Cleared;EUtraNetwork=1,ExternalENodeBFunction=2221-206983;Inter Node Carrier Aggregation Service Unavailable;Elastic RAN Carrier Aggregation is not available towards remote eNodeB.
2025-10-05;11:21:50;AL  ;Minor ;EUtraNetwork=1,ExternalENodeBFunction=2221-206984;Inter Node Carrier Aggregation Service Unavailable;Elastic RAN Carrier Aggregation is not available towards remote eNodeB.
2025-10-05;11:24:50;AL  ;Cleared;EUtraNetwork=1,ExternalENodeBFunction=2221-650657;Inter Node Carrier Aggregation Service Unavailable;Elastic RAN Carrier Aggregation is not available towards remote eNodeB.
2025-10-05;11:24:53;AL  ;Minor ;EUtraNetwork=1,ExternalENodeBFunction=2221-650362;Inter Node Carrier Aggregation Service Unavailable;Elastic RAN Carrier Aggregation is not available towards remote eNodeB.
2025-10-05;15:35:49;AL  ;Minor ;ENodeBFunction=1;External Link Failure;X2 link problem to one or several neighbouring eNodeBs. AI: PLMN ID-eNB ID 1 = 2221-650340
2025-10-05;15:40:36;AL  ;Minor ;ENodeBFunction=1;External Link Failure;X2 link problem to one or several neighbouring eNodeBs. AI: PLMN ID-eNB ID 1 = 2221-650340 PLMN ID-eNB ID 2 = 2221-650149 PLMN ID-eNB ID 3 = 2221-650212
2025-10-05;15:46:08;AL  ;Minor ;ENodeBFunction=1;External Link Failure;X2 link problem to one or several neighbouring eNodeBs. AI: PLMN ID-eNB ID 1 = 2221-650340 PLMN ID-eNB ID 2 = 2221-650149
2025-10-05;15:49:00;AL  ;Minor ;ENodeBFunction=1;External Link Failure;X2 link problem to one or several neighbouring eNodeBs. AI: PLMN ID-eNB ID 1 = 2221-650340 PLMN ID-eNB ID 2 = 2221-209523
2025-10-05;15:59:48;AL  ;Cleared;EUtraNetwork=1,ExternalENodeBFunction=2221-650415;Inter Node Feature Incompatibility;Elastic RAN feature is not activated in remote eNodeB. SUPPRESSED
2025-10-05;16:00:02;AL  ;Minor ;ENodeBFunction=1;External Link Failure;X2 link problem to one or several neighbouring eNodeBs. AI: PLMN ID-eNB ID 1 = 2221-650340 PLMN ID-eNB ID 2 = 2221-209523 PLMN ID-eNB ID 3 = 2221-650068
2025-10-05;16:06:15;AL  ;Minor ;ENodeBFunction=1;External Link to GNodeB Failure;X2 link problem to one or several neighbouring gNodeBs. AI: PLMN ID-gNB ID 1 = 2221-1054059
2025-10-05;16:06:21;AL  ;Minor ;ENodeBFunction=1;External Link Failure;X2 link problem to one or several neighbouring eNodeBs. AI: PLMN ID-eNB ID 1 = 2221-209523 PLMN ID-eNB ID 2 = 2221-650068 PLMN ID-eNB ID 3 = 2221-650066 PLMN ID-eNB ID 4 = 2221-650497
2025-10-05;16:08:54;AL  ;Minor ;ENodeBFunction=1;External Link Failure;X2 link problem to one or several neighbouring eNodeBs. AI: PLMN ID-eNB ID 1 = 2221-209523 PLMN ID-eNB ID 2 = 2221-650068 PLMN ID-eNB ID 3 = 2221-650066 PLMN ID-eNB ID 4 = 2221-650497 PLMN ID-eNB ID 5 = 2221-650296 PLMN ID-eNB ID 6 = 2221-208897
2025-10-05;16:11:40;AL  ;Minor ;ENodeBFunction=1;External Link Failure;X2 link problem to one or several neighbouring eNodeBs. AI: PLMN ID-eNB ID 1 = 2221-650068 PLMN ID-eNB ID 2 = 2221-650066 PLMN ID-eNB ID 3 = 2221-650497
2025-10-05;16:13:49;AL  ;Minor ;ENodeBFunction=1;External Link to GNodeB Failure;X2 link problem to one or several neighbouring gNodeBs. AI: PLMN ID-gNB ID 1 = 2221-1054059 PLMN ID-gNB ID 2 = 2221-1056184
2025-10-05;16:14:34;AL  ;Minor ;ENodeBFunction=1;External Link Failure;X2 link problem to one or several neighbouring eNodeBs. AI: PLMN ID-eNB ID 1 = 2221-650066 PLMN ID-eNB ID 2 = 2221-650497 PLMN ID-eNB ID 3 = 2221-212115 PLMN ID-eNB ID 4 = 2221-650324
2025-10-05;16:17:54;AL  ;Minor ;ENodeBFunction=1;External Link Failure;X2 link problem to one or several neighbouring eNodeBs. AI: PLMN ID-eNB ID 1 = 2221-212115 PLMN ID-eNB ID 2 = 2221-650324
2025-10-05;16:18:06;AL  ;Cleared;ENodeBFunction=1;External Link to GNodeB Failure;X2 link problem to one or several neighbouring gNodeBs. AI: PLMN ID-gNB ID 1 = 2221-1054059 PLMN ID-gNB ID 2 = 2221-1056184
2025-10-05;16:19:05;AL  ;Cleared;ENodeBFunction=1;External Link Failure;X2 link problem to one or several neighbouring eNodeBs. AI: PLMN ID-eNB ID 1 = 2221-650324
2025-10-05;17:05:24;AL  ;Minor ;ENodeBFunction=1;External Link to GNodeB Failure;X2 link problem to one or several neighbouring gNodeBs. AI: PLMN ID-gNB ID 1 = 2221-1054059
2025-10-05;17:05:29;AL  ;Minor ;ENodeBFunction=1;External Link Failure;X2 link problem to one or several neighbouring eNodeBs. AI: PLMN ID-eNB ID 1 = 2221-650066
2025-10-05;17:06:41;AL  ;Cleared;ENodeBFunction=1;External Link to GNodeB Failure;X2 link problem to one or several neighbouring gNodeBs. AI: PLMN ID-gNB ID 1 = 2221-1054059
2025-10-05;17:08:07;AL  ;Cleared;ENodeBFunction=1;External Link Failure;X2 link problem to one or several neighbouring eNodeBs. AI: PLMN ID-eNB ID 1 = 2221-650066
2025-10-06;14:48:27;AL  ;Minor ;ENodeBFunction=1;External Link Failure;X2 link problem to one or several neighbouring eNodeBs. AI: PLMN ID-eNB ID 1 = 2221-650510
2025-10-07;10:27:47;AL  ;Minor ;ENodeBFunction=1;External Link Failure;X2 link problem to one or several neighbouring eNodeBs. AI: PLMN ID-eNB ID 1 = 2221-650510 PLMN ID-eNB ID 2 = 2221-650597


KS12E> lgec -m 30d

251007-12:31:08+0200 19.31.5.248 25.0h MSRBS_NODE_MODEL_25.Q1_198665.224.73_bf81 stopfile=/tmp/1312120

Startdate=20250907.103108, Enddate=20251008.103108
Date;Time;Log;Severity;Object;Event;Cause;AdditionalText;AckState;Id;NotificationId;CorrelatedAlarms
Executing action Log.export()
..
Log=AlertLog                    actionId=30366
...
=================================================================================================================
MO                  actionId result      resultInfo
=================================================================================================================
LogM=1,Log=AlertLog 30366    1 (SUCCESS)           
cat  /ericsson/log/amos/moshell_logfiles/t20251007_37258710_53697/logs_moshell/tempfiles/scp-2-amos_20251007-123018_1312051/rcslogs/AlertLog_20220427__083735.log > /ericsson/log/amos/moshell_logfiles/t20251007_37258710_53697/logs_moshell/tempfiles/scp-2-amos_20251007-123018_1312051/eventLog1312120.xml
2025-09-10;13:38:54;EV  ;Warning;EUtranCellFDD=KS12E3;Cell Service Unavailable Auto Recovery Initiated Alert;
2025-09-10;13:38:54;EV  ;Warning;EUtranCellFDD=KS12E4;Cell Service Unavailable Auto Recovery Initiated Alert;
2025-09-10;13:38:54;EV  ;Warning;EUtranCellFDD=KS12L1;Cell Service Unavailable Auto Recovery Initiated Alert;
2025-09-10;13:38:55;EV  ;Warning;EUtranCellFDD=KS12L4;Cell Service Unavailable Auto Recovery Initiated Alert;
2025-09-10;13:38:55;EV  ;Warning;EUtranCellFDD=KS12L2;Cell Service Unavailable Auto Recovery Initiated Alert;
2025-09-10;13:38:55;EV  ;Warning;EUtranCellFDD=KS12L3;Cell Service Unavailable Auto Recovery Initiated Alert;
2025-09-10;13:38:55;EV  ;Warning;EUtranCellFDD=KS12E1;Cell Service Unavailable Auto Recovery Initiated Alert;
2025-09-10;13:38:55;EV  ;Warning;EUtranCellFDD=KS12E2;Cell Service Unavailable Auto Recovery Initiated Alert;
2025-09-10;13:39:15;EV  ;Warning;RiLink=S1-1;Radio Interface Connectivity Disturbance Alert;Near end port:FieldReplaceableUnit=BB-1,RiPort=A (transportType=NOT_SET). SUPPRESSED
2025-09-10;13:39:15;EV  ;Warning;RiLink=S2-1;Radio Interface Connectivity Disturbance Alert;Near end port:FieldReplaceableUnit=BB-1,RiPort=B (transportType=NOT_SET). SUPPRESSED
2025-09-10;13:39:15;EV  ;Warning;RiLink=S3-1;Radio Interface Connectivity Disturbance Alert;Near end port:FieldReplaceableUnit=BB-1,RiPort=C (transportType=NOT_SET). SUPPRESSED
2025-09-10;13:39:15;EV  ;Warning;RiLink=S180-1;Radio Interface Connectivity Disturbance Alert;Near end port:FieldReplaceableUnit=BB-1,RiPort=D (transportType=NOT_SET). SUPPRESSED
2025-09-10;13:39:15;EV  ;Warning;RiLink=S182-1;Radio Interface Connectivity Disturbance Alert;Near end port:FieldReplaceableUnit=BB-1,RiPort=E (transportType=NOT_SET) (Mixed Mode with other ME). SUPPRESSED
2025-09-10;13:39:15;EV  ;Warning;RiLink=S4-1;Radio Interface Connectivity Disturbance Alert;Near end port:FieldReplaceableUnit=BB-1,RiPort=F (transportType=NOT_SET). SUPPRESSED
2025-09-10;13:39:18;EV  ;Warning;EUtranCellFDD=KS12L1;Cell Service Available Auto Recovery Successful Alert;
2025-09-10;13:39:18;EV  ;Warning;EUtranCellFDD=KS12L2;Cell Service Available Auto Recovery Successful Alert;
2025-09-10;13:39:21;EV  ;Warning;EUtranCellFDD=KS12L3;Cell Service Available Auto Recovery Successful Alert;
2025-09-10;13:39:21;EV  ;Warning;EUtranCellFDD=KS12L4;Cell Service Available Auto Recovery Successful Alert;
2025-09-10;13:39:21;EV  ;Warning;EUtranCellFDD=KS12E2;Cell Service Available Auto Recovery Successful Alert;
2025-09-10;13:39:21;EV  ;Warning;EUtranCellFDD=KS12E4;Cell Service Available Auto Recovery Successful Alert;
2025-09-10;13:39:22;EV  ;Warning;EUtranCellFDD=KS12E1;Cell Service Available Auto Recovery Successful Alert;
2025-09-10;13:39:22;EV  ;Warning;EUtranCellFDD=KS12E3;Cell Service Available Auto Recovery Successful Alert;
2025-09-26;15:00:30;EV  ;Warning;EUtranCellFDD=KS12L3;Cell Service Unavailable Auto Recovery Initiated Alert;
2025-09-26;15:00:30;EV  ;Warning;EUtranCellFDD=KS12L4;Cell Service Unavailable Auto Recovery Initiated Alert;
2025-09-26;15:00:30;EV  ;Warning;EUtranCellFDD=KS12E2;Cell Service Unavailable Auto Recovery Initiated Alert;
2025-09-26;15:00:31;EV  ;Warning;EUtranCellFDD=KS12E1;Cell Service Unavailable Auto Recovery Initiated Alert;
2025-09-26;15:00:31;EV  ;Warning;EUtranCellFDD=KS12E3;Cell Service Unavailable Auto Recovery Initiated Alert;
2025-09-26;15:00:31;EV  ;Warning;EUtranCellFDD=KS12E4;Cell Service Unavailable Auto Recovery Initiated Alert;
2025-09-26;15:00:51;EV  ;Warning;RiLink=S2-1;Radio Interface Connectivity Disturbance Alert;Near end port:FieldReplaceableUnit=BB-1,RiPort=B (transportType=NOT_SET). SUPPRESSED
2025-09-26;15:00:51;EV  ;Warning;RiLink=S3-1;Radio Interface Connectivity Disturbance Alert;Near end port:FieldReplaceableUnit=BB-1,RiPort=C (transportType=NOT_SET). SUPPRESSED
2025-09-26;15:00:51;EV  ;Warning;RiLink=S4-1;Radio Interface Connectivity Disturbance Alert;Near end port:FieldReplaceableUnit=BB-1,RiPort=F (transportType=NOT_SET). SUPPRESSED
2025-09-26;15:00:51;EV  ;Warning;RiLink=S1-1;Radio Interface Connectivity Disturbance Alert;Near end port:FieldReplaceableUnit=BB-1,RiPort=A (transportType=NOT_SET). SUPPRESSED
2025-09-26;15:00:51;EV  ;Warning;RiLink=S180-1;Radio Interface Connectivity Disturbance Alert;Near end port:FieldReplaceableUnit=BB-1,RiPort=D (transportType=NOT_SET). SUPPRESSED
2025-09-26;15:00:51;EV  ;Warning;RiLink=S182-1;Radio Interface Connectivity Disturbance Alert;Near end port:FieldReplaceableUnit=BB-1,RiPort=E (transportType=NOT_SET) (Mixed Mode with other ME). SUPPRESSED
2025-09-26;15:00:57;EV  ;Warning;EUtranCellFDD=KS12L3;Cell Service Available Auto Recovery Successful Alert;
2025-09-26;15:00:57;EV  ;Warning;EUtranCellFDD=KS12L4;Cell Service Available Auto Recovery Successful Alert;
2025-09-26;15:00:57;EV  ;Warning;EUtranCellFDD=KS12E4;Cell Service Available Auto Recovery Successful Alert;
2025-09-26;15:00:57;EV  ;Warning;EUtranCellFDD=KS12E2;Cell Service Available Auto Recovery Successful Alert;
2025-09-26;15:00:58;EV  ;Warning;EUtranCellFDD=KS12E3;Cell Service Available Auto Recovery Successful Alert;
2025-09-26;15:00:59;EV  ;Warning;EUtranCellFDD=KS12E1;Cell Service Available Auto Recovery Successful Alert;

Bye...
Output has been logged to file /mta_fs/UserFiles/37258710/amosbatch/2025-10-07_11-07-01_53697/KS12E.log
