Logging to file /mta_fs/UserFiles/37258710/amosbatch/2025-10-07_11-07-01_53697/KS21E.log
                        __  __  ____   _____
                  /\   |  \/  |/ __ \ / ____|
                 /  \  | \  / | |  | | (___  
                / /\ \ | |\/| | |  | |\___ \ 
               / ____ \| |  | | |__| |____) |
              /_/    \_\_|  |_|\____/|_____/
              OSS Framework for MoShell-25.0h 
  Copyright (c) Ericsson AB 2001-2025 - All Rights Reserved
              
           
[1;31mWARNING: [0mthe AMOS version currently running is more than 22 weeks old and is unsupported.
Please upgrade as soon as possible to the latest released version, available from your local Ericsson support.

$amosrb_pid = 1316476

Checking ip contact...OK

HELP MENU            : h
BASIC MO COMMANDS    : m
OTHER MO COMMANDS    : n
OTHER COMMANDS       : o
PM COMMANDS          : p
QUIT                 : q

KS21E> lt all

251007-12:31:06+0200 19.31.6.248 25.0h  stopfile=/tmp/1316060
Looking up temporary_amos account... OK.
Trying temporary_amos_t20251007_37258710_53697_313's password from amos lookupAccount ... OK

$ssh_pid = 1317980

Connected to 19.31.6.248 (SubNetwork=BBMM_rckomc_R,MeContext=KS21E,ManagedElement=KS21E)

Checking MOM version...MSRBS_NODE_MODEL_25.Q1_198665.224.73_bf81
Parsing MOM (cached): /ericsson/log/amos/moshell_logfiles/t20251007_37258710_53697/logs_moshell/tempfiles/scp-2-amos_20251007-123059_1315994/MSRBS_NODE_MODEL_25.Q1_198665.224.73_bf81.xml.cache.gz ......................................................................................................................................................................................................................Done.
Using paramfile /opt/ericsson/amos/moshell/commonjars/pm/PARAM_MSRBSG2_25.Q1.txt
Parsing file /opt/ericsson/amos/moshell/commonjars/pm/PARAM_MSRBSG2_25.Q1.txt ......................................................................................Done.
Using imomdfile /opt/ericsson/amos/moshell/commonjars/pm/IMOMD_MSRBS_22.Q4.txt
Using imomfile /opt/ericsson/amos/moshell/commonjars/pm/IMOM_MSRBS_25.Q1.txt
Connected to 19.31.6.248 (SubNetwork=BBMM_rckomc_R,MeContext=KS21E,ManagedElement=KS21E)

Last MO: 18297. Loaded 18297 MOs. Total: 18298 MOs.

KS21E> hget EUtranCellFDD ^cellid

251007-12:31:26+0200 19.31.6.248 25.0h MSRBS_NODE_MODEL_25.Q1_198665.224.73_bf81 stopfile=/tmp/1316060
.
=================================================================================================================
MO                   cellId
=================================================================================================================
EUtranCellFDD=KS21E1 61    
EUtranCellFDD=KS21E2 62    
EUtranCellFDD=KS21E3 63    
EUtranCellFDD=KS21M1 31    
EUtranCellFDD=KS21M2 32    
EUtranCellFDD=KS21M3 33    
EUtranCellFDD=KS21T1 41    
EUtranCellFDD=KS21T2 42    
EUtranCellFDD=KS21T3 43    
=================================================================================================================
Total: 9 MOs

Added 9 MOs to group: hget_group

KS21E> hget NbIotCell ^cellid

251007-12:31:27+0200 19.31.6.248 25.0h MSRBS_NODE_MODEL_25.Q1_198665.224.73_bf81 stopfile=/tmp/1316060
.
=================================================================================================================
MO               cellId
=================================================================================================================
NbIotCell=KS21N1 161   
NbIotCell=KS21N2 162   
NbIotCell=KS21N3 163   
=================================================================================================================
Total: 3 MOs

Added 3 MOs to group: hget_group

KS21E> hget NRCellDU ^cellLocalId

251007-12:31:27+0200 19.31.6.248 25.0h MSRBS_NODE_MODEL_25.Q1_198665.224.73_bf81 stopfile=/tmp/1316060
Total: 0 MOs

KS21E> lgdc -m 30d

251007-12:31:27+0200 19.31.6.248 25.0h MSRBS_NODE_MODEL_25.Q1_198665.224.73_bf81 stopfile=/tmp/1316060

Startdate=20250907.103128, Enddate=20251008.103128
INFO: Using amos lookupAccount credentials for the export login

Executing action LogM.exportAvailabilityLog()
...LogM=1,exportAvailabilityLog    actionId=28796
..........
=================================================================================================================
MO     actionId result      resultInfo
=================================================================================================================
LogM=1 28796    1 (SUCCESS)           
cp /ericsson/log/amos/moshell_logfiles/t20251007_37258710_53697/logs_moshell/tempfiles/scp-2-amos_20251007-123059_1315994/rcslogs/RBS_CS_AVAILABILITY_LOG_20251007103133.xml /ericsson/log/amos/moshell_logfiles/t20251007_37258710_53697/logs_moshell/tempfiles/scp-2-amos_20251007-123059_1315994/availabilityLog1316060.xml
Parsing availabilityLog........Done.
.....
Date;Time;RestartType;SwVersion;SwRelease;RCSDowntime;ApplicationDowntime;TNDowntime;RATsDowntime;ExtraInfo;ExtraInfo2
2025-09-08;03:15:34;PartialOutage(Manual);11% Lrat Cell 43; ();9s;;;;;
2025-09-08;03:15:54;PartialOutage(Manual);11% Lrat Cell 42; ();5s;;;;;
2025-09-08;03:16:05;PartialOutage(Manual);11% Lrat Cell 41; ();8s;;;;;
2025-09-08;03:16:16;PartialOutage(Manual);33% Lrat Cell 163; ();1s;;;;;
2025-09-08;03:16:17;PartialOutage(Manual);11% Lrat Cell 63; ();8s;;;;;
2025-09-08;03:16:29;PartialOutage(Manual);33% Lrat Cell 162 163; ();4s;;;;;
2025-09-08;03:16:33;PartialOutage(Manual);11% Lrat Cell 62; ();8s;;;;;
2025-09-08;03:16:48;PartialOutage(Manual);55% Lrat Cell 161 162; ();3s;;;;;
2025-09-08;03:16:51;PartialOutage(Manual);7% Lrat Cell 61; ();9s;;;;;
2025-09-08;03:17:08;PartialOutage(Manual);60% Lrat Cell 161; ();10s;;;;;
2025-09-08;03:17:21;PartialOutage(Manual);7% Lrat Cell 33; ();5s;;;;;
2025-09-08;03:17:36;PartialOutage(Manual);11% Lrat Cell 32; ();9s;;;;;

Node uptime since last restart: 2531636 seconds (29 days, 7 hours, 13 minutes, 56 seconds)
------------------------------------------------------------------------------------------------------
Period=30 days       NodeUpgrade      NodeManual       NodeSpontaneous  AllNodeRestarts  PartialOutages  
------------------------------------------------------------------------------------------------------
Number Of outages    0                0                0                0                12              
Total downtime       0s               0s               0s               0s               79s (1m19s)     
Downtime per day     0s               0s               0s               0s               3s              
Downtime per outage  0s               0s               0s               0s               7s              

KS21E> lgac -m 30d

251007-12:31:41+0200 19.31.6.248 25.0h MSRBS_NODE_MODEL_25.Q1_198665.224.73_bf81 stopfile=/tmp/1316060

Startdate=20250907.103141, Enddate=20251008.103141
Date;Time;Log;Severity;Object;Event;Cause;AdditionalText;AckState;Id;NotificationId;CorrelatedAlarms
Executing action Log.export()
..
Log=AlarmLog                    actionId=28797
..........
=================================================================================================================
MO                  actionId result      resultInfo
=================================================================================================================
LogM=1,Log=AlarmLog 28797    1 (SUCCESS)           
cat  /ericsson/log/amos/moshell_logfiles/t20251007_37258710_53697/logs_moshell/tempfiles/scp-2-amos_20251007-123059_1315994/rcslogs/saLogAlarm_20250228__075200_20250327__192625.log /ericsson/log/amos/moshell_logfiles/t20251007_37258710_53697/logs_moshell/tempfiles/scp-2-amos_20251007-123059_1315994/rcslogs/saLogAlarm_20250327__192625_20251005__090302.log /ericsson/log/amos/moshell_logfiles/t20251007_37258710_53697/logs_moshell/tempfiles/scp-2-amos_20251007-123059_1315994/rcslogs/saLogAlarm_20251005__090302.log > /ericsson/log/amos/moshell_logfiles/t20251007_37258710_53697/logs_moshell/tempfiles/scp-2-amos_20251007-123059_1315994/alarmLog1316060.xml
2025-09-07;15:07:08;AL  ;Minor ;EUtraNetwork=1,ExternalENodeBFunction=2221-650499;Inter Node Carrier Aggregation Service Unavailable;Elastic RAN Carrier Aggregation is not available towards remote eNodeB.
2025-09-07;23:25:35;AL  ;Cleared;EUtraNetwork=1,ExternalENodeBFunction=2221-400620;Inter Node Feature Incompatibility;Elastic RAN feature is not activated in remote eNodeB. SUPPRESSED
2025-09-08;03:15:34;AL  ;Minor ;EUtraNetwork=1,ExternalENodeBFunction=2221-400620;Inter Node Feature Incompatibility;Elastic RAN feature is not activated in remote eNodeB. SUPPRESSED
2025-09-09;18:02:01;AL  ;Minor ;EUtraNetwork=1,ExternalENodeBFunction=2221-206253;Inter Node Carrier Aggregation Service Unavailable;Elastic RAN Carrier Aggregation is not available towards remote eNodeB.
2025-09-09;23:29:10;AL  ;Cleared;AntennaUnitGroup=210,AntennaNearUnit=RET_2600,RetSubUnit=1;RET Failure;Error on RET-specific Procedure sequence, with reason ANTP_ANU_ERROR_MOTOR_JAM
2025-09-09;23:29:11;AL  ;Cleared;AntennaUnitGroup=210,AntennaNearUnit=RET_800_900,RetSubUnit=1;RET Failure;Error on RET-specific Procedure sequence, with reason ANTP_ANU_ERROR_MOTOR_JAM
2025-09-09;23:29:11;AL  ;Minor ;AntennaUnitGroup=210,AntennaNearUnit=RET_800_900;No Connection;Antenna near unit controller occupied.
2025-09-09;23:29:11;AL  ;Cleared;AntennaUnitGroup=210,AntennaNearUnit=RET_1800_2100,RetSubUnit=1;RET Failure;Error on RET-specific Procedure sequence, with reason ANTP_ANU_ERROR_MOTOR_JAM
2025-09-09;23:29:11;AL  ;Minor ;AntennaUnitGroup=210,AntennaNearUnit=RET_1800_2100;No Connection;Antenna near unit controller occupied.
2025-09-09;23:29:35;AL  ;Cleared;AntennaUnitGroup=210,AntennaNearUnit=RET_800_900;No Connection;Antenna near unit controller occupied.
2025-09-09;23:29:45;AL  ;Minor ;AntennaUnitGroup=210,AntennaNearUnit=RET_2600,RetSubUnit=1;RET Failure;Error on RET-specific Procedure sequence, with reason ANTP_ANU_ERROR_MOTOR_JAM
2025-09-09;23:29:58;AL  ;Cleared;AntennaUnitGroup=210,AntennaNearUnit=RET_1800_2100;No Connection;Antenna near unit controller occupied.
2025-09-09;23:30:08;AL  ;Minor ;AntennaUnitGroup=210,AntennaNearUnit=RET_800_900,RetSubUnit=1;RET Failure;Error on RET-specific Procedure sequence, with reason ANTP_ANU_ERROR_MOTOR_JAM
2025-09-09;23:30:31;AL  ;Minor ;AntennaUnitGroup=210,AntennaNearUnit=RET_1800_2100,RetSubUnit=1;RET Failure;Error on RET-specific Procedure sequence, with reason ANTP_ANU_ERROR_MOTOR_JAM
2025-09-10;22:50:45;AL  ;Cleared;EUtraNetwork=1,ExternalENodeBFunction=2221-213264;Inconsistent Configuration;Elastic RAN cannot be activated towards remote eNodeB. VLAN IDs do not match. Expected Vlan Id: 3908, Please check the eRAN Vlan Id at the remote eNodeB
2025-09-10;22:50:46;AL  ;Cleared;EUtraNetwork=1,ExternalENodeBFunction=2221-400157;Inconsistent Configuration;Elastic RAN cannot be activated towards remote eNodeB. VLAN IDs do not match. Expected Vlan Id: 3908, Please check the eRAN Vlan Id at the remote eNodeB
2025-09-10;22:55:35;AL  ;Minor ;EUtraNetwork=1,ExternalENodeBFunction=2221-213264;Inconsistent Configuration;Elastic RAN cannot be activated towards remote eNodeB. VLAN IDs do not match. Expected Vlan Id: 3908, Please check the eRAN Vlan Id at the remote eNodeB
2025-09-10;22:55:55;AL  ;Minor ;EUtraNetwork=1,ExternalENodeBFunction=2221-400157;Inconsistent Configuration;Elastic RAN cannot be activated towards remote eNodeB. VLAN IDs do not match. Expected Vlan Id: 3908, Please check the eRAN Vlan Id at the remote eNodeB
2025-09-10;22:58:33;AL  ;Minor ;ENodeBFunction=1;External Link Failure;X2 link problem to one or several neighbouring eNodeBs. AI: PLMN ID-eNB ID 1 = 2221-401334
2025-09-10;23:02:26;AL  ;Cleared;EUtraNetwork=1,ExternalENodeBFunction=2221-400157;Inconsistent Configuration;Elastic RAN cannot be activated towards remote eNodeB. VLAN IDs do not match. Expected Vlan Id: 3908, Please check the eRAN Vlan Id at the remote eNodeB
2025-09-10;23:02:26;AL  ;Cleared;EUtraNetwork=1,ExternalENodeBFunction=2221-213264;Inconsistent Configuration;Elastic RAN cannot be activated towards remote eNodeB. VLAN IDs do not match. Expected Vlan Id: 3908, Please check the eRAN Vlan Id at the remote eNodeB
2025-09-10;23:04:05;AL  ;Cleared;EUtraNetwork=1,ExternalENodeBFunction=2221-400620;Inter Node Feature Incompatibility;Elastic RAN feature is not activated in remote eNodeB. SUPPRESSED
2025-09-10;23:11:59;AL  ;Minor ;ENodeBFunction=1;External Link Failure;X2 link problem to one or several neighbouring eNodeBs. AI: PLMN ID-eNB ID 1 = 2221-401334 PLMN ID-eNB ID 2 = 2221-400157 PLMN ID-eNB ID 3 = 2221-213264
2025-09-10;23:18:23;AL  ;Minor ;ENodeBFunction=1;External Link Failure;X2 link problem to one or several neighbouring eNodeBs. AI: PLMN ID-eNB ID 1 = 2221-401334 PLMN ID-eNB ID 2 = 2221-400157 PLMN ID-eNB ID 3 = 2221-213264 PLMN ID-eNB ID 4 = 2221-400549
2025-09-10;23:24:21;AL  ;Minor ;ENodeBFunction=1;External Link Failure;X2 link problem to one or several neighbouring eNodeBs. AI: PLMN ID-eNB ID 1 = 2221-401334 PLMN ID-eNB ID 2 = 2221-400157 PLMN ID-eNB ID 3 = 2221-213264
2025-09-10;23:25:40;AL  ;Minor ;EUtraNetwork=1,ExternalENodeBFunction=2221-213264;Inconsistent Configuration;Elastic RAN cannot be activated towards remote eNodeB. VLAN IDs do not match. Expected Vlan Id: 3908, Please check the eRAN Vlan Id at the remote eNodeB
2025-09-10;23:25:54;AL  ;Minor ;ENodeBFunction=1;External Link Failure;X2 link problem to one or several neighbouring eNodeBs. AI: PLMN ID-eNB ID 1 = 2221-401334
2025-09-10;23:25:52;AL  ;Minor ;EUtraNetwork=1,ExternalENodeBFunction=2221-400157;Inconsistent Configuration;Elastic RAN cannot be activated towards remote eNodeB. VLAN IDs do not match. Expected Vlan Id: 3908, Please check the eRAN Vlan Id at the remote eNodeB
2025-09-10;23:26:42;AL  ;Cleared;EUtraNetwork=1,ExternalENodeBFunction=2221-213264;Inconsistent Configuration;Elastic RAN cannot be activated towards remote eNodeB. VLAN IDs do not match. Expected Vlan Id: 3908, Please check the eRAN Vlan Id at the remote eNodeB
2025-09-10;23:26:52;AL  ;Cleared;EUtraNetwork=1,ExternalENodeBFunction=2221-400157;Inconsistent Configuration;Elastic RAN cannot be activated towards remote eNodeB. VLAN IDs do not match. Expected Vlan Id: 3908, Please check the eRAN Vlan Id at the remote eNodeB
2025-09-10;23:28:52;AL  ;Cleared;ENodeBFunction=1;External Link Failure;X2 link problem to one or several neighbouring eNodeBs. AI: PLMN ID-eNB ID 1 = 2221-401334
2025-09-10;23:34:30;AL  ;Cleared;EUtraNetwork=1,ExternalENodeBFunction=2221-650499;Inter Node Carrier Aggregation Service Unavailable;Elastic RAN Carrier Aggregation is not available towards remote eNodeB.
2025-09-10;23:34:38;AL  ;Cleared;EUtraNetwork=1,ExternalENodeBFunction=2221-206253;Inter Node Carrier Aggregation Service Unavailable;Elastic RAN Carrier Aggregation is not available towards remote eNodeB.
2025-09-10;23:36:11;AL  ;Cleared;EUtraNetwork=1,ExternalENodeBFunction=2221-650599;Inter Node Carrier Aggregation Service Unavailable;Elastic RAN Carrier Aggregation is not available towards remote eNodeB.
2025-09-10;23:36:15;AL  ;Minor ;ENodeBFunction=1;External Link Failure;X2 link problem to one or several neighbouring eNodeBs. AI: PLMN ID-eNB ID 1 = 2221-213264 PLMN ID-eNB ID 2 = 2221-400157
2025-09-10;23:36:16;AL  ;Minor ;EUtraNetwork=1,ExternalENodeBFunction=2221-213264;Inconsistent Configuration;Elastic RAN cannot be activated towards remote eNodeB. VLAN IDs do not match. Expected Vlan Id: 3908, Please check the eRAN Vlan Id at the remote eNodeB
2025-09-10;23:36:27;AL  ;Minor ;EUtraNetwork=1,ExternalENodeBFunction=2221-400157;Inconsistent Configuration;Elastic RAN cannot be activated towards remote eNodeB. VLAN IDs do not match. Expected Vlan Id: 3908, Please check the eRAN Vlan Id at the remote eNodeB
2025-09-10;23:36:30;AL  ;Cleared;ENodeBFunction=1;External Link Failure;X2 link problem to one or several neighbouring eNodeBs. AI: PLMN ID-eNB ID 1 = 2221-213264 PLMN ID-eNB ID 2 = 2221-400157
2025-09-10;23:37:44;AL  ;Cleared;EUtraNetwork=1,ExternalENodeBFunction=2221-650108;Inter Node Carrier Aggregation Service Unavailable;Elastic RAN Carrier Aggregation is not available towards remote eNodeB.
2025-09-10;23:43:12;AL  ;Minor ;EUtraNetwork=1,ExternalENodeBFunction=2221-650108;Inter Node Carrier Aggregation Service Unavailable;Elastic RAN Carrier Aggregation is not available towards remote eNodeB.
2025-09-10;23:44:04;AL  ;Minor ;ENodeBFunction=1;External Link Failure;X2 link problem to one or several neighbouring eNodeBs. AI: PLMN ID-eNB ID 1 = 2221-650499 PLMN ID-eNB ID 2 = 2221-206253
2025-09-10;23:50:20;AL  ;Cleared;EUtraNetwork=1,ExternalENodeBFunction=2221-650108;Inter Node Carrier Aggregation Service Unavailable;Elastic RAN Carrier Aggregation is not available towards remote eNodeB.
2025-09-10;23:51:19;AL  ;Minor ;EUtraNetwork=1,ExternalENodeBFunction=2221-650482;Inter Node Carrier Aggregation Service Unavailable;Elastic RAN Carrier Aggregation is not available towards remote eNodeB.
2025-09-10;23:53:23;AL  ;Critical;FieldReplaceableUnit=BB-1,AlarmPort=4;External Alarm;ALLARME FASE E RETE
2025-09-10;23:56:49;AL  ;Minor ;ENodeBFunction=1;External Link Failure;X2 link problem to one or several neighbouring eNodeBs. AI: PLMN ID-eNB ID 1 = 2221-650499 PLMN ID-eNB ID 2 = 2221-206253 PLMN ID-eNB ID 3 = 2221-213655 PLMN ID-eNB ID 4 = 2221-650599 PLMN ID-eNB ID 5 = 2221-650464 PLMN ID-eNB ID 6 = 2221-650598
2025-09-10;23:56:58;AL  ;Cleared;FieldReplaceableUnit=BB-1,AlarmPort=4;External Alarm;ALLARME FASE E RETE
2025-09-11;00:06:13;AL  ;Cleared;EUtraNetwork=1,ExternalENodeBFunction=2221-213924;Inter Node Feature Incompatibility;Elastic RAN feature is not activated in remote eNodeB. SUPPRESSED
2025-09-11;00:06:14;AL  ;Cleared;EUtraNetwork=1,ExternalENodeBFunction=2221-650482;Inter Node Carrier Aggregation Service Unavailable;Elastic RAN Carrier Aggregation is not available towards remote eNodeB.
2025-09-11;00:06:21;AL  ;Minor ;EUtraNetwork=1,ExternalENodeBFunction=2221-650108;Inter Node Carrier Aggregation Service Unavailable;Elastic RAN Carrier Aggregation is not available towards remote eNodeB.
2025-09-11;00:12:01;AL  ;Minor ;EUtraNetwork=1,ExternalENodeBFunction=2221-650482;Inter Node Carrier Aggregation Service Unavailable;Elastic RAN Carrier Aggregation is not available towards remote eNodeB.
2025-09-11;02:16:01;AL  ;Minor ;ENodeBFunction=1;External Link Failure;X2 link problem to one or several neighbouring eNodeBs. AI: PLMN ID-eNB ID 1 = 2221-650499 PLMN ID-eNB ID 2 = 2221-206253 PLMN ID-eNB ID 3 = 2221-650464 PLMN ID-eNB ID 4 = 2221-401334
2025-09-11;02:18:08;AL  ;Minor ;ENodeBFunction=1;External Link Failure;X2 link problem to one or several neighbouring eNodeBs. AI: PLMN ID-eNB ID 1 = 2221-650499 PLMN ID-eNB ID 2 = 2221-206253 PLMN ID-eNB ID 3 = 2221-650464
2025-09-11;02:46:49;AL  ;Cleared;EUtraNetwork=1,ExternalENodeBFunction=2221-213264;Inconsistent Configuration;Elastic RAN cannot be activated towards remote eNodeB. VLAN IDs do not match. Expected Vlan Id: 3908, Please check the eRAN Vlan Id at the remote eNodeB
2025-09-11;02:46:49;AL  ;Cleared;EUtraNetwork=1,ExternalENodeBFunction=2221-400157;Inconsistent Configuration;Elastic RAN cannot be activated towards remote eNodeB. VLAN IDs do not match. Expected Vlan Id: 3908, Please check the eRAN Vlan Id at the remote eNodeB
2025-09-11;02:52:59;AL  ;Minor ;EUtraNetwork=1,ExternalENodeBFunction=2221-213264;Inconsistent Configuration;Elastic RAN cannot be activated towards remote eNodeB. VLAN IDs do not match. Expected Vlan Id: 3908, Please check the eRAN Vlan Id at the remote eNodeB
2025-09-11;02:53:22;AL  ;Minor ;EUtraNetwork=1,ExternalENodeBFunction=2221-400157;Inconsistent Configuration;Elastic RAN cannot be activated towards remote eNodeB. VLAN IDs do not match. Expected Vlan Id: 3908, Please check the eRAN Vlan Id at the remote eNodeB
2025-09-11;03:05:01;AL  ;Cleared;EUtraNetwork=1,ExternalENodeBFunction=2221-400157;Inconsistent Configuration;Elastic RAN cannot be activated towards remote eNodeB. VLAN IDs do not match. Expected Vlan Id: 3908, Please check the eRAN Vlan Id at the remote eNodeB
2025-09-11;03:05:37;AL  ;Cleared;EUtraNetwork=1,ExternalENodeBFunction=2221-213264;Inconsistent Configuration;Elastic RAN cannot be activated towards remote eNodeB. VLAN IDs do not match. Expected Vlan Id: 3908, Please check the eRAN Vlan Id at the remote eNodeB
2025-09-11;03:07:13;AL  ;Minor ;EUtraNetwork=1,ExternalENodeBFunction=2221-400157;Inconsistent Configuration;Elastic RAN cannot be activated towards remote eNodeB. VLAN IDs do not match. Expected Vlan Id: 3908, Please check the eRAN Vlan Id at the remote eNodeB
2025-09-11;03:07:46;AL  ;Minor ;EUtraNetwork=1,ExternalENodeBFunction=2221-213264;Inconsistent Configuration;Elastic RAN cannot be activated towards remote eNodeB. VLAN IDs do not match. Expected Vlan Id: 3908, Please check the eRAN Vlan Id at the remote eNodeB
2025-09-11;04:43:24;AL  ;Cleared;EUtraNetwork=1,ExternalENodeBFunction=2221-650108;Inter Node Carrier Aggregation Service Unavailable;Elastic RAN Carrier Aggregation is not available towards remote eNodeB.
2025-09-11;04:44:32;AL  ;Minor ;EUtraNetwork=1,ExternalENodeBFunction=2221-650108;Inter Node Carrier Aggregation Service Unavailable;Elastic RAN Carrier Aggregation is not available towards remote eNodeB.
2025-09-11;04:46:39;AL  ;Cleared;EUtraNetwork=1,ExternalENodeBFunction=2221-650108;Inter Node Carrier Aggregation Service Unavailable;Elastic RAN Carrier Aggregation is not available towards remote eNodeB.
2025-09-11;04:48:50;AL  ;Minor ;EUtraNetwork=1,ExternalENodeBFunction=2221-650108;Inter Node Carrier Aggregation Service Unavailable;Elastic RAN Carrier Aggregation is not available towards remote eNodeB.
2025-09-11;04:52:12;AL  ;Minor ;ENodeBFunction=1;External Link Failure;X2 link problem to one or several neighbouring eNodeBs. AI: PLMN ID-eNB ID 1 = 2221-650499 PLMN ID-eNB ID 2 = 2221-206253 PLMN ID-eNB ID 3 = 2221-650464 PLMN ID-eNB ID 4 = 2221-205366 PLMN ID-eNB ID 5 = 2221-650599 PLMN ID-eNB ID 6 = 2221-213655 PLMN ID-eNB ID 7 = 2221-650598
2025-09-11;04:52:26;AL  ;Minor ;EUtraNetwork=1,ExternalENodeBFunction=2221-650599;Inter Node Carrier Aggregation Service Unavailable;Elastic RAN Carrier Aggregation is not available towards remote eNodeB.
2025-09-11;05:14:20;AL  ;Cleared;EUtraNetwork=1,ExternalENodeBFunction=2221-650599;Inter Node Carrier Aggregation Service Unavailable;Elastic RAN Carrier Aggregation is not available towards remote eNodeB.
2025-09-11;09:54:12;AL  ;Minor ;EUtraNetwork=1,ExternalENodeBFunction=2221-206253;Inter Node Carrier Aggregation Service Unavailable;Elastic RAN Carrier Aggregation is not available towards remote eNodeB.
2025-09-11;09:54:24;AL  ;Minor ;ENodeBFunction=1;External Link Failure;X2 link problem to one or several neighbouring eNodeBs. AI: PLMN ID-eNB ID 1 = 2221-650499 PLMN ID-eNB ID 2 = 2221-650464
2025-09-11;09:54:41;AL  ;Minor ;EUtraNetwork=1,ExternalENodeBFunction=2221-650499;Inter Node Carrier Aggregation Service Unavailable;Elastic RAN Carrier Aggregation is not available towards remote eNodeB.
2025-09-11;10:00:33;AL  ;Cleared;EUtraNetwork=1,ExternalENodeBFunction=2221-650499;Inter Node Carrier Aggregation Service Unavailable;Elastic RAN Carrier Aggregation is not available towards remote eNodeB.
2025-09-11;10:00:34;AL  ;Cleared;EUtraNetwork=1,ExternalENodeBFunction=2221-206253;Inter Node Carrier Aggregation Service Unavailable;Elastic RAN Carrier Aggregation is not available towards remote eNodeB.
2025-09-11;10:05:48;AL  ;Minor ;EUtraNetwork=1,ExternalENodeBFunction=2221-206253;Inter Node Carrier Aggregation Service Unavailable;Elastic RAN Carrier Aggregation is not available towards remote eNodeB.
2025-09-11;10:05:52;AL  ;Minor ;EUtraNetwork=1,ExternalENodeBFunction=2221-650499;Inter Node Carrier Aggregation Service Unavailable;Elastic RAN Carrier Aggregation is not available towards remote eNodeB.
2025-09-11;10:37:37;AL  ;Minor ;EUtraNetwork=1,ExternalENodeBFunction=2221-650599;Inter Node Carrier Aggregation Service Unavailable;Elastic RAN Carrier Aggregation is not available towards remote eNodeB.
2025-09-11;17:51:08;AL  ;Minor ;ENodeBFunction=1;External Link Failure;X2 link problem to one or several neighbouring eNodeBs. AI: PLMN ID-eNB ID 1 = 2221-650464 PLMN ID-eNB ID 2 = 2221-401294
2025-09-11;17:56:13;AL  ;Minor ;ENodeBFunction=1;External Link Failure;X2 link problem to one or several neighbouring eNodeBs. AI: PLMN ID-eNB ID 1 = 2221-650464
2025-09-12;23:21:38;AL  ;Cleared;EUtraNetwork=1,ExternalENodeBFunction=2221-600033;Inconsistent Configuration;Elastic RAN cannot be activated towards remote eNodeB. VLAN IDs do not match. Expected Vlan Id: 3908, Please check the eRAN Vlan Id at the remote eNodeB
2025-09-12;23:22:39;AL  ;Minor ;EUtraNetwork=1,ExternalENodeBFunction=2221-600033;Inconsistent Configuration;Elastic RAN cannot be activated towards remote eNodeB. VLAN IDs do not match. Expected Vlan Id: 3908, Please check the eRAN Vlan Id at the remote eNodeB
2025-09-13;09:47:55;AL  ;Minor ;ENodeBFunction=1;External Link Failure;X2 link problem to one or several neighbouring eNodeBs. AI: PLMN ID-eNB ID 1 = 2221-650464 PLMN ID-eNB ID 2 = 2221-600759
2025-09-13;09:55:49;AL  ;Minor ;ENodeBFunction=1;External Link Failure;X2 link problem to one or several neighbouring eNodeBs. AI: PLMN ID-eNB ID 1 = 2221-650464
2025-09-14;07:16:54;AL  ;Cleared;EUtraNetwork=1,ExternalENodeBFunction=2221-650108;Inter Node Carrier Aggregation Service Unavailable;Elastic RAN Carrier Aggregation is not available towards remote eNodeB.
2025-09-14;07:44:13;AL  ;Cleared;EUtraNetwork=1,ExternalENodeBFunction=2221-650599;Inter Node Carrier Aggregation Service Unavailable;Elastic RAN Carrier Aggregation is not available towards remote eNodeB.
2025-09-14;07:45:59;AL  ;Minor ;EUtraNetwork=1,ExternalENodeBFunction=2221-650599;Inter Node Carrier Aggregation Service Unavailable;Elastic RAN Carrier Aggregation is not available towards remote eNodeB.
2025-09-14;09:14:10;AL  ;Cleared;EUtraNetwork=1,ExternalENodeBFunction=2221-650482;Inter Node Carrier Aggregation Service Unavailable;Elastic RAN Carrier Aggregation is not available towards remote eNodeB.
2025-09-14;09:15:37;AL  ;Minor ;EUtraNetwork=1,ExternalENodeBFunction=2221-650482;Inter Node Carrier Aggregation Service Unavailable;Elastic RAN Carrier Aggregation is not available towards remote eNodeB.
2025-09-14;09:20:33;AL  ;Cleared;EUtraNetwork=1,ExternalENodeBFunction=2221-600033;Inconsistent Configuration;Elastic RAN cannot be activated towards remote eNodeB. VLAN IDs do not match. Expected Vlan Id: 3908, Please check the eRAN Vlan Id at the remote eNodeB
2025-09-14;09:20:38;AL  ;Cleared;EUtraNetwork=1,ExternalENodeBFunction=2221-650499;Inter Node Carrier Aggregation Service Unavailable;Elastic RAN Carrier Aggregation is not available towards remote eNodeB.
2025-09-14;09:20:43;AL  ;Cleared;ENodeBFunction=1;External Link Failure;X2 link problem to one or several neighbouring eNodeBs. AI: PLMN ID-eNB ID 1 = 2221-650464
2025-09-14;09:20:48;AL  ;Cleared;EUtraNetwork=1,ExternalENodeBFunction=2221-650599;Inter Node Carrier Aggregation Service Unavailable;Elastic RAN Carrier Aggregation is not available towards remote eNodeB.
2025-09-14;09:20:56;AL  ;Cleared;EUtraNetwork=1,ExternalENodeBFunction=2221-206253;Inter Node Carrier Aggregation Service Unavailable;Elastic RAN Carrier Aggregation is not available towards remote eNodeB.
2025-09-14;09:21:01;AL  ;Cleared;EUtraNetwork=1,ExternalENodeBFunction=2221-650260;Inter Node Carrier Aggregation Service Unavailable;Elastic RAN Carrier Aggregation is not available towards remote eNodeB.
2025-09-14;09:21:06;AL  ;Cleared;EUtraNetwork=1,ExternalENodeBFunction=2221-650482;Inter Node Carrier Aggregation Service Unavailable;Elastic RAN Carrier Aggregation is not available towards remote eNodeB.
2025-09-14;09:21:12;AL  ;Cleared;EUtraNetwork=1,ExternalENodeBFunction=2221-213604;Inter Node Carrier Aggregation Service Unavailable;Elastic RAN Carrier Aggregation is not available towards remote eNodeB.
2025-09-14;09:21:58;AL  ;Minor ;EUtraNetwork=1,ExternalENodeBFunction=2221-206253;Inter Node Carrier Aggregation Service Unavailable;Elastic RAN Carrier Aggregation is not available towards remote eNodeB.
2025-09-14;09:37:52;AL  ;Minor ;EUtraNetwork=1,ExternalENodeBFunction=2221-650260;Inter Node Carrier Aggregation Service Unavailable;Elastic RAN Carrier Aggregation is not available towards remote eNodeB.
2025-09-14;09:38:04;AL  ;Minor ;EUtraNetwork=1,ExternalENodeBFunction=2221-213604;Inter Node Carrier Aggregation Service Unavailable;Elastic RAN Carrier Aggregation is not available towards remote eNodeB.
2025-09-14;09:39:08;AL  ;Cleared;EUtraNetwork=1,ExternalENodeBFunction=2221-206253;Inter Node Carrier Aggregation Service Unavailable;Elastic RAN Carrier Aggregation is not available towards remote eNodeB.
2025-09-14;09:39:39;AL  ;Minor ;EUtraNetwork=1,ExternalENodeBFunction=2221-650499;Inter Node Carrier Aggregation Service Unavailable;Elastic RAN Carrier Aggregation is not available towards remote eNodeB.
2025-09-16;10:01:15;AL  ;Warning;ENodeBFunction=1;PLMN Service Redundancy Lost;S1 connection failure for PLMN connected with link represented by MO listed in Additional Information. AI: PLMN = ["2221"],DN1=ManagedElement=1,ENodeBFunction=1,TermPointToMme=5,
2025-09-16;10:01:45;AL  ;Cleared;ENodeBFunction=1;PLMN Service Redundancy Lost;S1 connection failure for PLMN connected with link represented by MO listed in Additional Information. AI: PLMN = ["2221"],DN1=ManagedElement=1,ENodeBFunction=1,TermPointToMme=5,
2025-09-18;06:53:38;AL  ;Minor ;ENodeBFunction=1;External Link Failure;X2 link problem to one or several neighbouring eNodeBs. AI: PLMN ID-eNB ID 1 = 2221-211348
2025-09-18;07:08:40;AL  ;Cleared;ENodeBFunction=1;External Link Failure;X2 link problem to one or several neighbouring eNodeBs. AI: PLMN ID-eNB ID 1 = 2221-211348
2025-09-18;11:11:02;AL  ;Minor ;ENodeBFunction=1;External Link Failure;X2 link problem to one or several neighbouring eNodeBs. AI: PLMN ID-eNB ID 1 = 2221-211348
2025-09-18;13:37:48;AL  ;Cleared;ENodeBFunction=1;External Link Failure;X2 link problem to one or several neighbouring eNodeBs. AI: PLMN ID-eNB ID 1 = 2221-211348
2025-09-18;23:27:37;AL  ;Cleared;EUtraNetwork=1,ExternalENodeBFunction=2221-208943;Inconsistent Configuration;Elastic RAN cannot be activated towards remote eNodeB. VLAN IDs do not match. Expected Vlan Id: 3908, Please check the eRAN Vlan Id at the remote eNodeB
2025-09-19;15:21:24;AL  ;Cleared;EUtraNetwork=1,ExternalENodeBFunction=2221-213604;Inter Node Carrier Aggregation Service Unavailable;Elastic RAN Carrier Aggregation is not available towards remote eNodeB.
2025-09-19;15:30:57;AL  ;Minor ;ENodeBFunction=1;External Link Failure;X2 link problem to one or several neighbouring eNodeBs. AI: PLMN ID-eNB ID 1 = 2221-213604 PLMN ID-eNB ID 2 = 2221-213858
2025-09-20;10:25:53;AL  ;Minor ;ENodeBFunction=1;External Link Failure;X2 link problem to one or several neighbouring eNodeBs. AI: PLMN ID-eNB ID 1 = 2221-213604
2025-09-20;10:26:03;AL  ;Minor ;EUtraNetwork=1,ExternalENodeBFunction=2221-213604;Inter Node Carrier Aggregation Service Unavailable;Elastic RAN Carrier Aggregation is not available towards remote eNodeB.
2025-09-20;10:26:15;AL  ;Cleared;ENodeBFunction=1;External Link Failure;X2 link problem to one or several neighbouring eNodeBs. AI: PLMN ID-eNB ID 1 = 2221-213604
2025-09-20;11:35:58;AL  ;Minor ;EUtraNetwork=1,ExternalENodeBFunction=2221-208943;Inconsistent Configuration;Elastic RAN cannot be activated towards remote eNodeB. VLAN IDs do not match. Expected Vlan Id: 3908, Please check the eRAN Vlan Id at the remote eNodeB
2025-09-21;09:03:40;AL  ;Minor ;EUtraNetwork=1,ExternalENodeBFunction=2221-650482;Inter Node Carrier Aggregation Service Unavailable;Elastic RAN Carrier Aggregation is not available towards remote eNodeB.
2025-09-21;09:09:14;AL  ;Cleared;EUtraNetwork=1,ExternalENodeBFunction=2221-650499;Inter Node Carrier Aggregation Service Unavailable;Elastic RAN Carrier Aggregation is not available towards remote eNodeB.
2025-09-21;09:09:30;AL  ;Cleared;EUtraNetwork=1,ExternalENodeBFunction=2221-650260;Inter Node Carrier Aggregation Service Unavailable;Elastic RAN Carrier Aggregation is not available towards remote eNodeB.
2025-09-21;09:09:35;AL  ;Cleared;EUtraNetwork=1,ExternalENodeBFunction=2221-650482;Inter Node Carrier Aggregation Service Unavailable;Elastic RAN Carrier Aggregation is not available towards remote eNodeB.
2025-09-21;09:09:41;AL  ;Cleared;EUtraNetwork=1,ExternalENodeBFunction=2221-213604;Inter Node Carrier Aggregation Service Unavailable;Elastic RAN Carrier Aggregation is not available towards remote eNodeB.
2025-09-21;09:09:44;AL  ;Minor ;EUtraNetwork=1,ExternalENodeBFunction=2221-650499;Inter Node Carrier Aggregation Service Unavailable;Elastic RAN Carrier Aggregation is not available towards remote eNodeB.
2025-09-21;09:10:32;AL  ;Minor ;EUtraNetwork=1,ExternalENodeBFunction=2221-650260;Inter Node Carrier Aggregation Service Unavailable;Elastic RAN Carrier Aggregation is not available towards remote eNodeB.
2025-09-21;09:26:33;AL  ;Minor ;EUtraNetwork=1,ExternalENodeBFunction=2221-213604;Inter Node Carrier Aggregation Service Unavailable;Elastic RAN Carrier Aggregation is not available towards remote eNodeB.
2025-09-21;09:26:34;AL  ;Cleared;EUtraNetwork=1,ExternalENodeBFunction=2221-650260;Inter Node Carrier Aggregation Service Unavailable;Elastic RAN Carrier Aggregation is not available towards remote eNodeB.
2025-09-21;09:28:21;AL  ;Cleared;EUtraNetwork=1,ExternalENodeBFunction=2221-650499;Inter Node Carrier Aggregation Service Unavailable;Elastic RAN Carrier Aggregation is not available towards remote eNodeB.
2025-09-21;13:11:32;AL  ;Minor ;EUtraNetwork=1,ExternalENodeBFunction=2221-650499;Inter Node Carrier Aggregation Service Unavailable;Elastic RAN Carrier Aggregation is not available towards remote eNodeB.
2025-09-22;15:09:03;AL  ;Minor ;ENodeBFunction=1;External Link Failure;X2 link problem to one or several neighbouring eNodeBs. AI: PLMN ID-eNB ID 1 = 2221-203797 PLMN ID-eNB ID 2 = 2221-302590
2025-09-22;20:17:57;AL  ;Minor ;ENodeBFunction=1;External Link Failure;X2 link problem to one or several neighbouring eNodeBs. AI: PLMN ID-eNB ID 1 = 2221-203797 PLMN ID-eNB ID 2 = 2221-302590 PLMN ID-eNB ID 3 = 2221-213924
2025-09-22;20:34:47;AL  ;Minor ;ENodeBFunction=1;External Link Failure;X2 link problem to one or several neighbouring eNodeBs. AI: PLMN ID-eNB ID 1 = 2221-203797 PLMN ID-eNB ID 2 = 2221-302590
2025-09-23;07:49:38;AL  ;Cleared;ENodeBFunction=1;External Link Failure;X2 link problem to one or several neighbouring eNodeBs. AI: PLMN ID-eNB ID 1 = 2221-203797 PLMN ID-eNB ID 2 = 2221-302590
2025-09-23;07:54:07;AL  ;Minor ;ENodeBFunction=1;External Link Failure;X2 link problem to one or several neighbouring eNodeBs. AI: PLMN ID-eNB ID 1 = 2221-203107
2025-09-23;10:00:47;AL  ;Minor ;ENodeBFunction=1;External Link to GNodeB Failure;X2 link problem to one or several neighbouring gNodeBs. AI: PLMN ID-gNB ID 1 = 2221-1054071
2025-09-23;10:00:57;AL  ;Minor ;ENodeBFunction=1;External Link Failure;X2 link problem to one or several neighbouring eNodeBs. AI: PLMN ID-eNB ID 1 = 2221-203107 PLMN ID-eNB ID 2 = 2221-213924
2025-09-23;10:09:28;AL  ;Cleared;ENodeBFunction=1;External Link to GNodeB Failure;X2 link problem to one or several neighbouring gNodeBs. AI: PLMN ID-gNB ID 1 = 2221-1054071
2025-09-23;10:10:05;AL  ;Minor ;ENodeBFunction=1;External Link Failure;X2 link problem to one or several neighbouring eNodeBs. AI: PLMN ID-eNB ID 1 = 2221-203107 PLMN ID-eNB ID 2 = 2221-213924
2025-09-23;10:14:58;AL  ;Minor ;ENodeBFunction=1;External Link Failure;X2 link problem to one or several neighbouring eNodeBs. AI: PLMN ID-eNB ID 1 = 2221-203107
2025-09-23;12:32:55;AL  ;Minor ;ENodeBFunction=1;External Link Failure;X2 link problem to one or several neighbouring eNodeBs. AI: PLMN ID-eNB ID 1 = 2221-203107 PLMN ID-eNB ID 2 = 2221-203797
2025-09-23;13:16:04;AL  ;Minor ;ENodeBFunction=1;External Link Failure;X2 link problem to one or several neighbouring eNodeBs. AI: PLMN ID-eNB ID 1 = 2221-203107 PLMN ID-eNB ID 2 = 2221-400745
2025-09-24;21:28:57;AL  ;Minor ;ENodeBFunction=1;External Link Failure;X2 link problem to one or several neighbouring eNodeBs. AI: PLMN ID-eNB ID 1 = 2221-203107 PLMN ID-eNB ID 2 = 2221-400745 PLMN ID-eNB ID 3 = 2221-205366 PLMN ID-eNB ID 4 = 2221-650598 PLMN ID-eNB ID 5 = 2221-650599
2025-09-24;21:37:06;AL  ;Minor ;ENodeBFunction=1;External Link Failure;X2 link problem to one or several neighbouring eNodeBs. AI: PLMN ID-eNB ID 1 = 2221-203107 PLMN ID-eNB ID 2 = 2221-400745 PLMN ID-eNB ID 3 = 2221-650598 PLMN ID-eNB ID 4 = 2221-650599 PLMN ID-eNB ID 5 = 2221-213655
2025-09-25;08:50:04;AL  ;Minor ;ENodeBFunction=1;External Link Failure;X2 link problem to one or several neighbouring eNodeBs. AI: PLMN ID-eNB ID 1 = 2221-400745
2025-09-26;12:08:00;AL  ;Cleared;ENodeBFunction=1;External Link Failure;X2 link problem to one or several neighbouring eNodeBs. AI: PLMN ID-eNB ID 1 = 2221-400745
2025-09-26;23:27:45;AL  ;Cleared;EUtraNetwork=1,ExternalENodeBFunction=2221-208943;Inconsistent Configuration;Elastic RAN cannot be activated towards remote eNodeB. VLAN IDs do not match. Expected Vlan Id: 3908, Please check the eRAN Vlan Id at the remote eNodeB
2025-09-27;10:50:11;AL  ;Minor ;EUtraNetwork=1,ExternalENodeBFunction=2221-208943;Inconsistent Configuration;Elastic RAN cannot be activated towards remote eNodeB. VLAN IDs do not match. Expected Vlan Id: 3908, Please check the eRAN Vlan Id at the remote eNodeB
2025-09-28;07:15:15;AL  ;Minor ;EUtraNetwork=1,ExternalENodeBFunction=2221-650108;Inter Node Carrier Aggregation Service Unavailable;Elastic RAN Carrier Aggregation is not available towards remote eNodeB.
2025-09-28;09:10:35;AL  ;Cleared;EUtraNetwork=1,ExternalENodeBFunction=2221-650108;Inter Node Carrier Aggregation Service Unavailable;Elastic RAN Carrier Aggregation is not available towards remote eNodeB.
2025-09-28;09:10:41;AL  ;Cleared;EUtraNetwork=1,ExternalENodeBFunction=2221-650499;Inter Node Carrier Aggregation Service Unavailable;Elastic RAN Carrier Aggregation is not available towards remote eNodeB.
2025-09-28;09:10:55;AL  ;Cleared;EUtraNetwork=1,ExternalENodeBFunction=2221-213604;Inter Node Carrier Aggregation Service Unavailable;Elastic RAN Carrier Aggregation is not available towards remote eNodeB.
2025-09-28;09:11:37;AL  ;Minor ;EUtraNetwork=1,ExternalENodeBFunction=2221-650108;Inter Node Carrier Aggregation Service Unavailable;Elastic RAN Carrier Aggregation is not available towards remote eNodeB.
2025-09-28;09:11:43;AL  ;Minor ;EUtraNetwork=1,ExternalENodeBFunction=2221-650499;Inter Node Carrier Aggregation Service Unavailable;Elastic RAN Carrier Aggregation is not available towards remote eNodeB.
2025-09-28;09:11:52;AL  ;Minor ;EUtraNetwork=1,ExternalENodeBFunction=2221-650482;Inter Node Carrier Aggregation Service Unavailable;Elastic RAN Carrier Aggregation is not available towards remote eNodeB.
2025-09-28;09:27:55;AL  ;Minor ;EUtraNetwork=1,ExternalENodeBFunction=2221-213604;Inter Node Carrier Aggregation Service Unavailable;Elastic RAN Carrier Aggregation is not available towards remote eNodeB.
2025-09-28;09:29:22;AL  ;Cleared;EUtraNetwork=1,ExternalENodeBFunction=2221-650499;Inter Node Carrier Aggregation Service Unavailable;Elastic RAN Carrier Aggregation is not available towards remote eNodeB.
2025-09-28;15:11:32;AL  ;Minor ;EUtraNetwork=1,ExternalENodeBFunction=2221-650499;Inter Node Carrier Aggregation Service Unavailable;Elastic RAN Carrier Aggregation is not available towards remote eNodeB.
2025-09-29;09:16:00;AL  ;Minor ;ENodeBFunction=1;External Link Failure;X2 link problem to one or several neighbouring eNodeBs. AI: PLMN ID-eNB ID 1 = 2221-400549
2025-09-29;15:06:29;AL  ;Minor ;ENodeBFunction=1;External Link Failure;X2 link problem to one or several neighbouring eNodeBs. AI: PLMN ID-eNB ID 1 = 2221-400549 PLMN ID-eNB ID 2 = 2221-650172
2025-09-29;15:15:23;AL  ;Minor ;ENodeBFunction=1;External Link Failure;X2 link problem to one or several neighbouring eNodeBs. AI: PLMN ID-eNB ID 1 = 2221-400549
2025-09-30;06:18:47;AL  ;Minor ;ENodeBFunction=1;External Link Failure;X2 link problem to one or several neighbouring eNodeBs. AI: PLMN ID-eNB ID 1 = 2221-400549 PLMN ID-eNB ID 2 = 2221-400620
2025-09-30;06:54:51;AL  ;Minor ;ENodeBFunction=1;External Link Failure;X2 link problem to one or several neighbouring eNodeBs. AI: PLMN ID-eNB ID 1 = 2221-400549 PLMN ID-eNB ID 2 = 2221-400620 PLMN ID-eNB ID 3 = 2221-650449
2025-10-01;00:00:38;AL  ;Cleared;AntennaUnitGroup=210,AntennaNearUnit=RET_2600,RetSubUnit=1;RET Failure;Error on RET-specific Procedure sequence, with reason ANTP_ANU_ERROR_MOTOR_JAM
2025-10-01;00:00:39;AL  ;Cleared;AntennaUnitGroup=210,AntennaNearUnit=RET_800_900,RetSubUnit=1;RET Failure;Error on RET-specific Procedure sequence, with reason ANTP_ANU_ERROR_MOTOR_JAM
2025-10-01;00:00:39;AL  ;Minor ;AntennaUnitGroup=210,AntennaNearUnit=RET_800_900;No Connection;Antenna near unit controller occupied.
2025-10-01;00:00:39;AL  ;Cleared;AntennaUnitGroup=210,AntennaNearUnit=RET_1800_2100,RetSubUnit=1;RET Failure;Error on RET-specific Procedure sequence, with reason ANTP_ANU_ERROR_MOTOR_JAM
2025-10-01;00:00:39;AL  ;Minor ;AntennaUnitGroup=210,AntennaNearUnit=RET_1800_2100;No Connection;Antenna near unit controller occupied.
2025-10-01;00:01:03;AL  ;Cleared;AntennaUnitGroup=210,AntennaNearUnit=RET_800_900;No Connection;Antenna near unit controller occupied.
2025-10-01;00:01:13;AL  ;Minor ;AntennaUnitGroup=210,AntennaNearUnit=RET_2600,RetSubUnit=1;RET Failure;Error on RET-specific Procedure sequence, with reason ANTP_ANU_ERROR_MOTOR_JAM
2025-10-01;00:01:26;AL  ;Cleared;AntennaUnitGroup=210,AntennaNearUnit=RET_1800_2100;No Connection;Antenna near unit controller occupied.
2025-10-01;00:01:36;AL  ;Minor ;AntennaUnitGroup=210,AntennaNearUnit=RET_800_900,RetSubUnit=1;RET Failure;Error on RET-specific Procedure sequence, with reason ANTP_ANU_ERROR_MOTOR_JAM
2025-10-01;00:01:59;AL  ;Minor ;AntennaUnitGroup=210,AntennaNearUnit=RET_1800_2100,RetSubUnit=1;RET Failure;Error on RET-specific Procedure sequence, with reason ANTP_ANU_ERROR_MOTOR_JAM
2025-10-01;10:10:28;AL  ;Minor ;ENodeBFunction=1;External Link Failure;X2 link problem to one or several neighbouring eNodeBs. AI: PLMN ID-eNB ID 1 = 2221-400549 PLMN ID-eNB ID 2 = 2221-400620 PLMN ID-eNB ID 3 = 2221-650449 PLMN ID-eNB ID 4 = 2221-211348
2025-10-01;10:15:05;AL  ;Minor ;ENodeBFunction=1;External Link Failure;X2 link problem to one or several neighbouring eNodeBs. AI: PLMN ID-eNB ID 1 = 2221-400549 PLMN ID-eNB ID 2 = 2221-400620 PLMN ID-eNB ID 3 = 2221-650449
2025-10-01;16:20:10;AL  ;Minor ;ENodeBFunction=1;External Link Failure;X2 link problem to one or several neighbouring eNodeBs. AI: PLMN ID-eNB ID 1 = 2221-400549 PLMN ID-eNB ID 2 = 2221-650449
2025-10-03;13:43:10;AL  ;Minor ;ENodeBFunction=1;External Link Failure;X2 link problem to one or several neighbouring eNodeBs. AI: PLMN ID-eNB ID 1 = 2221-400549 PLMN ID-eNB ID 2 = 2221-650449 PLMN ID-eNB ID 3 = 2221-302590 PLMN ID-eNB ID 4 = 2221-203797
2025-10-03;14:15:37;AL  ;Minor ;ENodeBFunction=1;External Link Failure;X2 link problem to one or several neighbouring eNodeBs. AI: PLMN ID-eNB ID 1 = 2221-400549 PLMN ID-eNB ID 2 = 2221-650449 PLMN ID-eNB ID 3 = 2221-302590
2025-10-03;19:10:34;AL  ;Minor ;ENodeBFunction=1;External Link Failure;X2 link problem to one or several neighbouring eNodeBs. AI: PLMN ID-eNB ID 1 = 2221-400549 PLMN ID-eNB ID 2 = 2221-650449 PLMN ID-eNB ID 3 = 2221-211552
2025-10-04;10:01:42;AL  ;Minor ;EUtraNetwork=1,ExternalENodeBFunction=2221-213858;Inter Node Carrier Aggregation Service Unavailable;Elastic RAN Carrier Aggregation is not available towards remote eNodeB.
2025-10-04;12:06:26;AL  ;Minor ;ENodeBFunction=1;External Link Failure;X2 link problem to one or several neighbouring eNodeBs. AI: PLMN ID-eNB ID 1 = 2221-400549 PLMN ID-eNB ID 2 = 2221-650449
2025-10-04;23:27:53;AL  ;Cleared;EUtraNetwork=1,ExternalENodeBFunction=2221-208943;Inconsistent Configuration;Elastic RAN cannot be activated towards remote eNodeB. VLAN IDs do not match. Expected Vlan Id: 3908, Please check the eRAN Vlan Id at the remote eNodeB
2025-10-04;23:28:53;AL  ;Minor ;EUtraNetwork=1,ExternalENodeBFunction=2221-208943;Inconsistent Configuration;Elastic RAN cannot be activated towards remote eNodeB. VLAN IDs do not match. Expected Vlan Id: 3908, Please check the eRAN Vlan Id at the remote eNodeB
2025-10-05;07:02:56;AL  ;Minor ;EUtraNetwork=1,ExternalENodeBFunction=2221-213422;Inter Node Carrier Aggregation Service Unavailable;Elastic RAN Carrier Aggregation is not available towards remote eNodeB.
2025-10-05;07:14:20;AL  ;Cleared;EUtraNetwork=1,ExternalENodeBFunction=2221-650108;Inter Node Carrier Aggregation Service Unavailable;Elastic RAN Carrier Aggregation is not available towards remote eNodeB.
2025-10-05;07:20:21;AL  ;Cleared;EUtraNetwork=1,ExternalENodeBFunction=2221-213422;Inter Node Carrier Aggregation Service Unavailable;Elastic RAN Carrier Aggregation is not available towards remote eNodeB.
2025-10-05;07:34:39;AL  ;Minor ;EUtraNetwork=1,ExternalENodeBFunction=2221-650598;Inter Node Carrier Aggregation Service Unavailable;Elastic RAN Carrier Aggregation is not available towards remote eNodeB.
2025-10-05;07:37:28;AL  ;Minor ;EUtraNetwork=1,ExternalENodeBFunction=2221-650599;Inter Node Carrier Aggregation Service Unavailable;Elastic RAN Carrier Aggregation is not available towards remote eNodeB.
2025-10-05;08:56:17;AL  ;Cleared;EUtraNetwork=1,ExternalENodeBFunction=2221-650482;Inter Node Carrier Aggregation Service Unavailable;Elastic RAN Carrier Aggregation is not available towards remote eNodeB.
2025-10-05;09:01:55;AL  ;Cleared;EUtraNetwork=1,ExternalENodeBFunction=2221-650598;Inter Node Carrier Aggregation Service Unavailable;Elastic RAN Carrier Aggregation is not available towards remote eNodeB.
2025-10-05;09:02:00;AL  ;Cleared;EUtraNetwork=1,ExternalENodeBFunction=2221-213858;Inter Node Carrier Aggregation Service Unavailable;Elastic RAN Carrier Aggregation is not available towards remote eNodeB.
2025-10-05;09:02:01;AL  ;Cleared;ENodeBFunction=1;External Link Failure;X2 link problem to one or several neighbouring eNodeBs. AI: PLMN ID-eNB ID 1 = 2221-400549 PLMN ID-eNB ID 2 = 2221-650449
2025-10-05;09:02:04;AL  ;Cleared;EUtraNetwork=1,ExternalENodeBFunction=2221-650499;Inter Node Carrier Aggregation Service Unavailable;Elastic RAN Carrier Aggregation is not available towards remote eNodeB.
2025-10-05;09:02:13;AL  ;Cleared;EUtraNetwork=1,ExternalENodeBFunction=2221-650599;Inter Node Carrier Aggregation Service Unavailable;Elastic RAN Carrier Aggregation is not available towards remote eNodeB.
2025-10-05;09:02:15;AL  ;Minor ;EUtraNetwork=1,ExternalENodeBFunction=2221-213858;Inter Node Carrier Aggregation Service Unavailable;Elastic RAN Carrier Aggregation is not available towards remote eNodeB.
2025-10-05;09:02:20;AL  ;Cleared;EUtraNetwork=1,ExternalENodeBFunction=2221-213604;Inter Node Carrier Aggregation Service Unavailable;Elastic RAN Carrier Aggregation is not available towards remote eNodeB.
2025-10-05;09:02:30;AL  ;Minor ;EUtraNetwork=1,ExternalENodeBFunction=2221-650499;Inter Node Carrier Aggregation Service Unavailable;Elastic RAN Carrier Aggregation is not available towards remote eNodeB.
2025-10-05;09:02:57;AL  ;Minor ;EUtraNetwork=1,ExternalENodeBFunction=2221-213604;Inter Node Carrier Aggregation Service Unavailable;Elastic RAN Carrier Aggregation is not available towards remote eNodeB.
2025-10-05;09:02:58;AL  ;Minor ;EUtraNetwork=1,ExternalENodeBFunction=2221-650598;Inter Node Carrier Aggregation Service Unavailable;Elastic RAN Carrier Aggregation is not available towards remote eNodeB.
2025-10-05;09:17:22;AL  ;Cleared;EUtraNetwork=1,ExternalENodeBFunction=2221-213858;Inter Node Carrier Aggregation Service Unavailable;Elastic RAN Carrier Aggregation is not available towards remote eNodeB.
2025-10-05;09:17:45;AL  ;Cleared;EUtraNetwork=1,ExternalENodeBFunction=2221-213604;Inter Node Carrier Aggregation Service Unavailable;Elastic RAN Carrier Aggregation is not available towards remote eNodeB.
2025-10-05;09:19:24;AL  ;Cleared;EUtraNetwork=1,ExternalENodeBFunction=2221-650499;Inter Node Carrier Aggregation Service Unavailable;Elastic RAN Carrier Aggregation is not available towards remote eNodeB.
2025-10-05;11:38:09;AL  ;Cleared;EUtraNetwork=1,ExternalENodeBFunction=2221-650598;Inter Node Carrier Aggregation Service Unavailable;Elastic RAN Carrier Aggregation is not available towards remote eNodeB.
2025-10-05;11:47:45;AL  ;Minor ;ENodeBFunction=1;External Link Failure;X2 link problem to one or several neighbouring eNodeBs. AI: PLMN ID-eNB ID 1 = 2221-213655 PLMN ID-eNB ID 2 = 2221-205366
2025-10-05;12:02:12;AL  ;Minor ;ENodeBFunction=1;External Link Failure;X2 link problem to one or several neighbouring eNodeBs. AI: PLMN ID-eNB ID 1 = 2221-213655
2025-10-05;12:02:24;AL  ;Minor ;EUtraNetwork=1,ExternalENodeBFunction=2221-650598;Inter Node Carrier Aggregation Service Unavailable;Elastic RAN Carrier Aggregation is not available towards remote eNodeB.
2025-10-05;12:03:53;AL  ;Cleared;EUtraNetwork=1,ExternalENodeBFunction=2221-650598;Inter Node Carrier Aggregation Service Unavailable;Elastic RAN Carrier Aggregation is not available towards remote eNodeB.
2025-10-05;12:12:10;AL  ;Minor ;EUtraNetwork=1,ExternalENodeBFunction=2221-650598;Inter Node Carrier Aggregation Service Unavailable;Elastic RAN Carrier Aggregation is not available towards remote eNodeB.
2025-10-05;12:12:17;AL  ;Cleared;ENodeBFunction=1;External Link Failure;X2 link problem to one or several neighbouring eNodeBs. AI: PLMN ID-eNB ID 1 = 2221-213655
2025-10-05;12:13:32;AL  ;Cleared;EUtraNetwork=1,ExternalENodeBFunction=2221-650598;Inter Node Carrier Aggregation Service Unavailable;Elastic RAN Carrier Aggregation is not available towards remote eNodeB.
2025-10-05;12:22:31;AL  ;Minor ;ENodeBFunction=1;External Link Failure;X2 link problem to one or several neighbouring eNodeBs. AI: PLMN ID-eNB ID 1 = 2221-650599
2025-10-05;12:31:10;AL  ;Minor ;EUtraNetwork=1,ExternalENodeBFunction=2221-650499;Inter Node Carrier Aggregation Service Unavailable;Elastic RAN Carrier Aggregation is not available towards remote eNodeB.
2025-10-05;12:33:35;AL  ;Minor ;ENodeBFunction=1;External Link Failure;X2 link problem to one or several neighbouring eNodeBs. AI: PLMN ID-eNB ID 1 = 2221-650599
2025-10-05;12:33:48;AL  ;Minor ;EUtraNetwork=1,ExternalENodeBFunction=2221-650598;Inter Node Carrier Aggregation Service Unavailable;Elastic RAN Carrier Aggregation is not available towards remote eNodeB.
2025-10-05;12:34:15;AL  ;Cleared;EUtraNetwork=1,ExternalENodeBFunction=2221-650499;Inter Node Carrier Aggregation Service Unavailable;Elastic RAN Carrier Aggregation is not available towards remote eNodeB.
2025-10-05;12:34:20;AL  ;Cleared;EUtraNetwork=1,ExternalENodeBFunction=2221-650598;Inter Node Carrier Aggregation Service Unavailable;Elastic RAN Carrier Aggregation is not available towards remote eNodeB.
2025-10-05;12:38:06;AL  ;Minor ;ENodeBFunction=1;External Link Failure;X2 link problem to one or several neighbouring eNodeBs. AI: PLMN ID-eNB ID 1 = 2221-650599 PLMN ID-eNB ID 2 = 2221-213655
2025-10-05;12:39:38;AL  ;Minor ;EUtraNetwork=1,ExternalENodeBFunction=2221-650499;Inter Node Carrier Aggregation Service Unavailable;Elastic RAN Carrier Aggregation is not available towards remote eNodeB.
2025-10-05;12:40:39;AL  ;Cleared;EUtraNetwork=1,ExternalENodeBFunction=2221-650499;Inter Node Carrier Aggregation Service Unavailable;Elastic RAN Carrier Aggregation is not available towards remote eNodeB.
2025-10-05;12:42:34;AL  ;Minor ;EUtraNetwork=1,ExternalENodeBFunction=2221-650598;Inter Node Carrier Aggregation Service Unavailable;Elastic RAN Carrier Aggregation is not available towards remote eNodeB.
2025-10-05;12:43:20;AL  ;Cleared;ENodeBFunction=1;External Link Failure;X2 link problem to one or several neighbouring eNodeBs. AI: PLMN ID-eNB ID 1 = 2221-650599 PLMN ID-eNB ID 2 = 2221-213655
2025-10-05;12:45:15;AL  ;Minor ;EUtraNetwork=1,ExternalENodeBFunction=2221-650499;Inter Node Carrier Aggregation Service Unavailable;Elastic RAN Carrier Aggregation is not available towards remote eNodeB.
2025-10-05;12:45:53;AL  ;Cleared;EUtraNetwork=1,ExternalENodeBFunction=2221-650499;Inter Node Carrier Aggregation Service Unavailable;Elastic RAN Carrier Aggregation is not available towards remote eNodeB.
2025-10-05;12:46:55;AL  ;Minor ;EUtraNetwork=1,ExternalENodeBFunction=2221-650499;Inter Node Carrier Aggregation Service Unavailable;Elastic RAN Carrier Aggregation is not available towards remote eNodeB.
2025-10-05;12:49:30;AL  ;Cleared;EUtraNetwork=1,ExternalENodeBFunction=2221-650598;Inter Node Carrier Aggregation Service Unavailable;Elastic RAN Carrier Aggregation is not available towards remote eNodeB.
2025-10-05;12:51:53;AL  ;Minor ;EUtraNetwork=1,ExternalENodeBFunction=2221-650598;Inter Node Carrier Aggregation Service Unavailable;Elastic RAN Carrier Aggregation is not available towards remote eNodeB.
2025-10-05;12:57:34;AL  ;Cleared;EUtraNetwork=1,ExternalENodeBFunction=2221-650499;Inter Node Carrier Aggregation Service Unavailable;Elastic RAN Carrier Aggregation is not available towards remote eNodeB.
2025-10-05;13:07:07;AL  ;Minor ;ENodeBFunction=1;External Link Failure;X2 link problem to one or several neighbouring eNodeBs. AI: PLMN ID-eNB ID 1 = 2221-650499 PLMN ID-eNB ID 2 = 2221-206253
2025-10-05;13:26:28;AL  ;Cleared;EUtraNetwork=1,ExternalENodeBFunction=2221-650598;Inter Node Carrier Aggregation Service Unavailable;Elastic RAN Carrier Aggregation is not available towards remote eNodeB.
2025-10-05;13:28:09;AL  ;Minor ;EUtraNetwork=1,ExternalENodeBFunction=2221-650598;Inter Node Carrier Aggregation Service Unavailable;Elastic RAN Carrier Aggregation is not available towards remote eNodeB.
2025-10-05;13:54:05;AL  ;Cleared;EUtraNetwork=1,ExternalENodeBFunction=2221-650598;Inter Node Carrier Aggregation Service Unavailable;Elastic RAN Carrier Aggregation is not available towards remote eNodeB.
2025-10-05;13:54:51;AL  ;Minor ;EUtraNetwork=1,ExternalENodeBFunction=2221-650598;Inter Node Carrier Aggregation Service Unavailable;Elastic RAN Carrier Aggregation is not available towards remote eNodeB.
2025-10-05;13:58:44;AL  ;Cleared;EUtraNetwork=1,ExternalENodeBFunction=2221-650598;Inter Node Carrier Aggregation Service Unavailable;Elastic RAN Carrier Aggregation is not available towards remote eNodeB.
2025-10-05;14:01:11;AL  ;Minor ;EUtraNetwork=1,ExternalENodeBFunction=2221-650598;Inter Node Carrier Aggregation Service Unavailable;Elastic RAN Carrier Aggregation is not available towards remote eNodeB.
2025-10-05;14:06:55;AL  ;Cleared;EUtraNetwork=1,ExternalENodeBFunction=2221-650598;Inter Node Carrier Aggregation Service Unavailable;Elastic RAN Carrier Aggregation is not available towards remote eNodeB.
2025-10-05;14:07:58;AL  ;Minor ;EUtraNetwork=1,ExternalENodeBFunction=2221-650598;Inter Node Carrier Aggregation Service Unavailable;Elastic RAN Carrier Aggregation is not available towards remote eNodeB.
2025-10-05;14:09:00;AL  ;Cleared;EUtraNetwork=1,ExternalENodeBFunction=2221-650598;Inter Node Carrier Aggregation Service Unavailable;Elastic RAN Carrier Aggregation is not available towards remote eNodeB.
2025-10-05;14:17:46;AL  ;Minor ;ENodeBFunction=1;External Link Failure;X2 link problem to one or several neighbouring eNodeBs. AI: PLMN ID-eNB ID 1 = 2221-650499 PLMN ID-eNB ID 2 = 2221-206253 PLMN ID-eNB ID 3 = 2221-213655 PLMN ID-eNB ID 4 = 2221-650599
2025-10-05;14:18:47;AL  ;Minor ;EUtraNetwork=1,ExternalENodeBFunction=2221-650598;Inter Node Carrier Aggregation Service Unavailable;Elastic RAN Carrier Aggregation is not available towards remote eNodeB.
2025-10-05;14:30:47;AL  ;Cleared;EUtraNetwork=1,ExternalENodeBFunction=2221-650598;Inter Node Carrier Aggregation Service Unavailable;Elastic RAN Carrier Aggregation is not available towards remote eNodeB.
2025-10-05;14:30:51;AL  ;Minor ;EUtraNetwork=1,ExternalENodeBFunction=2221-650482;Inter Node Carrier Aggregation Service Unavailable;Elastic RAN Carrier Aggregation is not available towards remote eNodeB.
2025-10-05;14:32:42;AL  ;Minor ;EUtraNetwork=1,ExternalENodeBFunction=2221-650598;Inter Node Carrier Aggregation Service Unavailable;Elastic RAN Carrier Aggregation is not available towards remote eNodeB.
2025-10-05;14:39:10;AL  ;Cleared;EUtraNetwork=1,ExternalENodeBFunction=2221-650598;Inter Node Carrier Aggregation Service Unavailable;Elastic RAN Carrier Aggregation is not available towards remote eNodeB.
2025-10-05;14:41:09;AL  ;Minor ;EUtraNetwork=1,ExternalENodeBFunction=2221-650598;Inter Node Carrier Aggregation Service Unavailable;Elastic RAN Carrier Aggregation is not available towards remote eNodeB.
2025-10-05;14:46:11;AL  ;Cleared;EUtraNetwork=1,ExternalENodeBFunction=2221-650598;Inter Node Carrier Aggregation Service Unavailable;Elastic RAN Carrier Aggregation is not available towards remote eNodeB.
2025-10-05;14:49:05;AL  ;Minor ;EUtraNetwork=1,ExternalENodeBFunction=2221-650598;Inter Node Carrier Aggregation Service Unavailable;Elastic RAN Carrier Aggregation is not available towards remote eNodeB.
2025-10-05;14:49:54;AL  ;Cleared;EUtraNetwork=1,ExternalENodeBFunction=2221-650598;Inter Node Carrier Aggregation Service Unavailable;Elastic RAN Carrier Aggregation is not available towards remote eNodeB.
2025-10-05;14:55:07;AL  ;Minor ;ENodeBFunction=1;External Link Failure;X2 link problem to one or several neighbouring eNodeBs. AI: PLMN ID-eNB ID 1 = 2221-650499 PLMN ID-eNB ID 2 = 2221-206253 PLMN ID-eNB ID 3 = 2221-213655
2025-10-05;14:59:39;AL  ;Minor ;ENodeBFunction=1;External Link Failure;X2 link problem to one or several neighbouring eNodeBs. AI: PLMN ID-eNB ID 1 = 2221-650499 PLMN ID-eNB ID 2 = 2221-206253 PLMN ID-eNB ID 3 = 2221-213655 PLMN ID-eNB ID 4 = 2221-650599 PLMN ID-eNB ID 5 = 2221-205366
2025-10-05;15:06:27;AL  ;Minor ;ENodeBFunction=1;External Link Failure;X2 link problem to one or several neighbouring eNodeBs. AI: PLMN ID-eNB ID 1 = 2221-650499 PLMN ID-eNB ID 2 = 2221-206253 PLMN ID-eNB ID 3 = 2221-213655 PLMN ID-eNB ID 4 = 2221-650599
2025-10-05;15:06:37;AL  ;Minor ;EUtraNetwork=1,ExternalENodeBFunction=2221-650598;Inter Node Carrier Aggregation Service Unavailable;Elastic RAN Carrier Aggregation is not available towards remote eNodeB.
2025-10-05;15:07:32;AL  ;Minor ;ENodeBFunction=1;External Link Failure;X2 link problem to one or several neighbouring eNodeBs. AI: PLMN ID-eNB ID 1 = 2221-650499 PLMN ID-eNB ID 2 = 2221-206253
2025-10-05;16:01:35;AL  ;Cleared;EUtraNetwork=1,ExternalENodeBFunction=2221-650598;Inter Node Carrier Aggregation Service Unavailable;Elastic RAN Carrier Aggregation is not available towards remote eNodeB.
2025-10-05;16:10:44;AL  ;Minor ;ENodeBFunction=1;External Link Failure;X2 link problem to one or several neighbouring eNodeBs. AI: PLMN ID-eNB ID 1 = 2221-650499 PLMN ID-eNB ID 2 = 2221-206253 PLMN ID-eNB ID 3 = 2221-650599 PLMN ID-eNB ID 4 = 2221-205366
2025-10-05;16:13:08;AL  ;Minor ;EUtraNetwork=1,ExternalENodeBFunction=2221-650598;Inter Node Carrier Aggregation Service Unavailable;Elastic RAN Carrier Aggregation is not available towards remote eNodeB.
2025-10-05;16:13:21;AL  ;Minor ;ENodeBFunction=1;External Link Failure;X2 link problem to one or several neighbouring eNodeBs. AI: PLMN ID-eNB ID 1 = 2221-650499 PLMN ID-eNB ID 2 = 2221-206253 PLMN ID-eNB ID 3 = 2221-650599 PLMN ID-eNB ID 4 = 2221-213655
2025-10-05;16:14:26;AL  ;Minor ;ENodeBFunction=1;External Link Failure;X2 link problem to one or several neighbouring eNodeBs. AI: PLMN ID-eNB ID 1 = 2221-650499 PLMN ID-eNB ID 2 = 2221-206253
2025-10-06;01:17:53;AL  ;Cleared;EUtraNetwork=1,ExternalENodeBFunction=2221-650598;Inter Node Carrier Aggregation Service Unavailable;Elastic RAN Carrier Aggregation is not available towards remote eNodeB.
2025-10-06;01:20:03;AL  ;Minor ;EUtraNetwork=1,ExternalENodeBFunction=2221-650598;Inter Node Carrier Aggregation Service Unavailable;Elastic RAN Carrier Aggregation is not available towards remote eNodeB.
2025-10-06;01:27:24;AL  ;Cleared;EUtraNetwork=1,ExternalENodeBFunction=2221-650598;Inter Node Carrier Aggregation Service Unavailable;Elastic RAN Carrier Aggregation is not available towards remote eNodeB.
2025-10-06;01:30:23;AL  ;Minor ;EUtraNetwork=1,ExternalENodeBFunction=2221-650598;Inter Node Carrier Aggregation Service Unavailable;Elastic RAN Carrier Aggregation is not available towards remote eNodeB.
2025-10-06;01:32:08;AL  ;Cleared;EUtraNetwork=1,ExternalENodeBFunction=2221-650598;Inter Node Carrier Aggregation Service Unavailable;Elastic RAN Carrier Aggregation is not available towards remote eNodeB.
2025-10-06;01:37:36;AL  ;Minor ;EUtraNetwork=1,ExternalENodeBFunction=2221-650598;Inter Node Carrier Aggregation Service Unavailable;Elastic RAN Carrier Aggregation is not available towards remote eNodeB.
2025-10-06;03:38:07;AL  ;Minor ;EUtraNetwork=1,ExternalENodeBFunction=2221-650599;Inter Node Carrier Aggregation Service Unavailable;Elastic RAN Carrier Aggregation is not available towards remote eNodeB.
2025-10-06;04:43:45;AL  ;Minor ;EUtraNetwork=1,ExternalENodeBFunction=2221-650260;Inter Node Carrier Aggregation Service Unavailable;Elastic RAN Carrier Aggregation is not available towards remote eNodeB.
2025-10-06;05:37:31;AL  ;Minor ;EUtraNetwork=1,ExternalENodeBFunction=2221-213655;Inter Node Carrier Aggregation Service Unavailable;Elastic RAN Carrier Aggregation is not available towards remote eNodeB.
2025-10-06;09:13:30;AL  ;Cleared;ENodeBFunction=1;External Link Failure;X2 link problem to one or several neighbouring eNodeBs. AI: PLMN ID-eNB ID 1 = 2221-650499 PLMN ID-eNB ID 2 = 2221-206253
2025-10-06;11:16:14;AL  ;Minor ;EUtraNetwork=1,ExternalENodeBFunction=2221-650499;Inter Node Carrier Aggregation Service Unavailable;Elastic RAN Carrier Aggregation is not available towards remote eNodeB.
2025-10-06;22:52:04;AL  ;Minor ;ENodeBFunction=1;External Link Failure;X2 link problem to one or several neighbouring eNodeBs. AI: PLMN ID-eNB ID 1 = 2221-203797 PLMN ID-eNB ID 2 = 2221-202373 PLMN ID-eNB ID 3 = 2221-302590
2025-10-06;22:58:00;AL  ;Minor ;ENodeBFunction=1;External Link Failure;X2 link problem to one or several neighbouring eNodeBs. AI: PLMN ID-eNB ID 1 = 2221-202373 PLMN ID-eNB ID 2 = 2221-302590
2025-10-06;22:58:56;AL  ;Cleared;ENodeBFunction=1;External Link Failure;X2 link problem to one or several neighbouring eNodeBs. AI: PLMN ID-eNB ID 1 = 2221-202373


KS21E> lgec -m 30d

251007-12:31:50+0200 19.31.6.248 25.0h MSRBS_NODE_MODEL_25.Q1_198665.224.73_bf81 stopfile=/tmp/1316060

Startdate=20250907.103150, Enddate=20251008.103150
Date;Time;Log;Severity;Object;Event;Cause;AdditionalText;AckState;Id;NotificationId;CorrelatedAlarms
Executing action Log.export()
..
Log=AlertLog                    actionId=28798
...
=================================================================================================================
MO                  actionId result      resultInfo
=================================================================================================================
LogM=1,Log=AlertLog 28798    1 (SUCCESS)           
cat  /ericsson/log/amos/moshell_logfiles/t20251007_37258710_53697/logs_moshell/tempfiles/scp-2-amos_20251007-123059_1315994/rcslogs/AlertLog_20220422__073847.log > /ericsson/log/amos/moshell_logfiles/t20251007_37258710_53697/logs_moshell/tempfiles/scp-2-amos_20251007-123059_1315994/eventLog1316060.xml

Bye...
Output has been logged to file /mta_fs/UserFiles/37258710/amosbatch/2025-10-07_11-07-01_53697/KS21E.log
