Logging to file /mta_fs/UserFiles/37258710/amosbatch/2025-10-07_11-07-01_53697/KS3EL.log
                        __  __  ____   _____
                  /\   |  \/  |/ __ \ / ____|
                 /  \  | \  / | |  | | (___  
                / /\ \ | |\/| | |  | |\___ \ 
               / ____ \| |  | | |__| |____) |
              /_/    \_\_|  |_|\____/|_____/
              OSS Framework for MoShell-25.0h 
  Copyright (c) Ericsson AB 2001-2025 - All Rights Reserved
              
           
[1;31mWARNING: [0mthe AMOS version currently running is more than 22 weeks old and is unsupported.
Please upgrade as soon as possible to the latest released version, available from your local Ericsson support.

$amosrb_pid = 951593

Checking ip contact...OK

HELP MENU            : h
BASIC MO COMMANDS    : m
OTHER MO COMMANDS    : n
OTHER COMMANDS       : o
PM COMMANDS          : p
QUIT                 : q

KS3EL> lt all

251007-11:44:48+0200 19.31.7.219 25.0h  stopfile=/tmp/951159
Looking up temporary_amos account... OK.
Trying temporary_amos_t20251007_37258710_53697_313's password from amos lookupAccount ... OK

$ssh_pid = 952720

Connected to 19.31.7.219 (SubNetwork=BBMM_rckomc_R,MeContext=KS3EL,ManagedElement=KS3EL)

Checking MOM version...MSRBS_NODE_MODEL_25.Q1_198665.224.73_bf81
Parsing MOM (cached): /ericsson/log/amos/moshell_logfiles/t20251007_37258710_53697/logs_moshell/tempfiles/scp-2-amos_20251007-114441_951085/MSRBS_NODE_MODEL_25.Q1_198665.224.73_bf81.xml.cache.gz ......................................................................................................................................................................................................................Done.
Using paramfile /opt/ericsson/amos/moshell/commonjars/pm/PARAM_MSRBSG2_25.Q1.txt
Parsing file /opt/ericsson/amos/moshell/commonjars/pm/PARAM_MSRBSG2_25.Q1.txt ......................................................................................Done.
Using imomdfile /opt/ericsson/amos/moshell/commonjars/pm/IMOMD_MSRBS_22.Q4.txt
Using imomfile /opt/ericsson/amos/moshell/commonjars/pm/IMOM_MSRBS_25.Q1.txt
Connected to 19.31.7.219 (SubNetwork=BBMM_rckomc_R,MeContext=KS3EL,ManagedElement=KS3EL)

Last MO: 16425. Loaded 16425 MOs. Total: 16426 MOs.

KS3EL> hget EUtranCellFDD ^cellid

251007-11:45:07+0200 19.31.7.219 25.0h MSRBS_NODE_MODEL_25.Q1_198665.224.73_bf81 stopfile=/tmp/951159

=================================================================================================================
MO                   cellId
=================================================================================================================
EUtranCellFDD=KS3EL1 21    
EUtranCellFDD=KS3EL2 22    
=================================================================================================================
Total: 2 MOs

Added 2 MOs to group: hget_group

KS3EL> hget NbIotCell ^cellid

251007-11:45:08+0200 19.31.7.219 25.0h MSRBS_NODE_MODEL_25.Q1_198665.224.73_bf81 stopfile=/tmp/951159
Total: 0 MOs

KS3EL> hget NRCellDU ^cellLocalId

251007-11:45:08+0200 19.31.7.219 25.0h MSRBS_NODE_MODEL_25.Q1_198665.224.73_bf81 stopfile=/tmp/951159
Total: 0 MOs

KS3EL> lgdc -m 30d

251007-11:45:09+0200 19.31.7.219 25.0h MSRBS_NODE_MODEL_25.Q1_198665.224.73_bf81 stopfile=/tmp/951159

Startdate=20250907.094509, Enddate=20251008.094509
INFO: Using amos lookupAccount credentials for the export login

Executing action LogM.exportAvailabilityLog()
...LogM=1,exportAvailabilityLog    actionId=54687
...
=================================================================================================================
MO     actionId result      resultInfo
=================================================================================================================
LogM=1 54687    1 (SUCCESS)           
cp /ericsson/log/amos/moshell_logfiles/t20251007_37258710_53697/logs_moshell/tempfiles/scp-2-amos_20251007-114441_951085/rcslogs/RBS_CS_AVAILABILITY_LOG_20251007094512.xml /ericsson/log/amos/moshell_logfiles/t20251007_37258710_53697/logs_moshell/tempfiles/scp-2-amos_20251007-114441_951085/availabilityLog951159.xml
Parsing availabilityLog.....Done.
..
Date;Time;RestartType;SwVersion;SwRelease;RCSDowntime;ApplicationDowntime;TNDowntime;RATsDowntime;ExtraInfo;ExtraInfo2
2025-09-08;04:58:06;PartialOutage(Manual);50% Lrat Cell 22; ();12s;;;;;
2025-09-08;04:58:23;PartialOutage(Manual);50% Lrat Cell 21; ();8s;;;;;
2025-09-12;20:45:56;SpontaneousCold(Other:PowerReset);CXP9024418/16_R8D21;CXP9024418/16_R8D21 (RCG123.3-3);45209s (12h33m);45461s (12h37m);45220s (12h33m);L=45461s G=45468s ;Requested: RankCold Other PowerReset Performed: RankCold Other PowerReset;Lrat LRAT Traffic Control active, Grat GRAT Traffic Control active
2025-09-13;09:25:50;PartialOutage(System);100% Lrat Cell 21 22;CXP9024418/16_R8D21 (RCG123.3-3);6s;;;;;

Node uptime since last restart: 2074902 seconds (24 days, 0 hours, 21 minutes, 42 seconds)
------------------------------------------------------------------------------------------------------
Period=30 days       NodeUpgrade      NodeManual       NodeSpontaneous  AllNodeRestarts  PartialOutages  
------------------------------------------------------------------------------------------------------
Number Of outages    0                0                1                1                3               
Total downtime       0s               0s               45461s (12h37m)  45461s (12h37m)  26s             
Downtime per day     0s               0s               1515s (25m15s)   1515s (25m15s)   1s              
Downtime per outage  0s               0s               45461s (12h37m)  45461s (12h37m)  9s              

KS3EL> lgac -m 30d

251007-11:45:19+0200 19.31.7.219 25.0h MSRBS_NODE_MODEL_25.Q1_198665.224.73_bf81 stopfile=/tmp/951159

Startdate=20250907.094519, Enddate=20251008.094519
Date;Time;Log;Severity;Object;Event;Cause;AdditionalText;AckState;Id;NotificationId;CorrelatedAlarms
Executing action Log.export()
..
Log=AlarmLog                    actionId=54688
...
=================================================================================================================
MO                  actionId result      resultInfo
=================================================================================================================
LogM=1,Log=AlarmLog 54688    1 (SUCCESS)           
cat  /ericsson/log/amos/moshell_logfiles/t20251007_37258710_53697/logs_moshell/tempfiles/scp-2-amos_20251007-114441_951085/rcslogs/saLogAlarm_20231129__121851.log > /ericsson/log/amos/moshell_logfiles/t20251007_37258710_53697/logs_moshell/tempfiles/scp-2-amos_20251007-114441_951085/alarmLog951159.xml
2025-09-07;11:37:14;AL  ;Cleared;EUtraNetwork=1,ExternalENodeBFunction=2221-650479;Inter Node Carrier Aggregation Service Unavailable;Elastic RAN Carrier Aggregation is not available towards remote eNodeB.
2025-09-07;15:10:00;AL  ;Minor ;EUtraNetwork=1,ExternalENodeBFunction=2221-650479;Inter Node Carrier Aggregation Service Unavailable;Elastic RAN Carrier Aggregation is not available towards remote eNodeB.
2025-09-09;09:50:03;AL  ;Minor ;ENodeBFunction=1;External Link Failure;X2 link problem to one or several neighbouring eNodeBs. AI: PLMN ID-eNB ID 1 = 2221-207661
2025-09-09;11:16:27;AL  ;Cleared;ENodeBFunction=1;External Link Failure;X2 link problem to one or several neighbouring eNodeBs. AI: PLMN ID-eNB ID 1 = 2221-207661
2025-09-11;06:03:38;AL  ;Cleared;EUtraNetwork=1,ExternalENodeBFunction=2221-650463;Inter Node Feature Incompatibility;Elastic RAN feature is not activated in remote eNodeB. SUPPRESSED
2025-09-11;06:10:01;AL  ;Minor ;ENodeBFunction=1;External Link Failure;X2 link problem to one or several neighbouring eNodeBs. AI: PLMN ID-eNB ID 1 = 2221-205087
2025-09-11;06:13:12;AL  ;Minor ;ENodeBFunction=1;External Link Failure;X2 link problem to one or several neighbouring eNodeBs. AI: PLMN ID-eNB ID 1 = 2221-212238 PLMN ID-eNB ID 2 = 2221-650463
2025-09-11;06:17:23;AL  ;Cleared;EUtraNetwork=1,ExternalENodeBFunction=2221-210525;Inter Node Feature Incompatibility;Elastic RAN feature is not activated in remote eNodeB. SUPPRESSED
2025-09-11;06:26:14;AL  ;Minor ;ENodeBFunction=1;External Link Failure;X2 link problem to one or several neighbouring eNodeBs. AI: PLMN ID-eNB ID 1 = 2221-650463
2025-09-11;07:16:09;AL  ;Cleared;ENodeBFunction=1;External Link Failure;X2 link problem to one or several neighbouring eNodeBs. AI: PLMN ID-eNB ID 1 = 2221-650463
2025-09-11;19:16:58;AL  ;Minor ;EUtraNetwork=1,ExternalENodeBFunction=2221-210525;Inter Node Feature Incompatibility;Elastic RAN feature is not activated in remote eNodeB. SUPPRESSED
2025-09-11;19:16:58;AL  ;Minor ;EUtraNetwork=1,ExternalENodeBFunction=2221-650463;Inter Node Feature Incompatibility;Elastic RAN feature is not activated in remote eNodeB. SUPPRESSED
2025-09-12;20:46:32;AL  ;Minor ;Synchronization=1,RadioEquipmentClock=1,RadioEquipmentClockReference=SyncE;Sync Reference Quality Level Too Low;
2025-09-13;09:23:27;AL  ;Cleared;Synchronization=1,RadioEquipmentClock=1,RadioEquipmentClockReference=SyncE;Sync Reference Quality Level Too Low;
2025-09-13;09:23:34;AL  ;Minor ;EUtraNetwork=1,ExternalENodeBFunction=2221-650463;Inter Node Feature Incompatibility;Elastic RAN feature is not activated in remote eNodeB. SUPPRESSED
2025-09-13;09:23:34;AL  ;Minor ;EUtraNetwork=1,ExternalENodeBFunction=2221-650211;Inter Node Feature Incompatibility;Elastic RAN feature is not activated in remote eNodeB. SUPPRESSED
2025-09-13;09:23:34;AL  ;Minor ;EUtraNetwork=1,ExternalENodeBFunction=2221-210525;Inter Node Feature Incompatibility;Elastic RAN feature is not activated in remote eNodeB. SUPPRESSED
2025-09-13;09:23:37;AL  ;Minor ;ENodeBFunction=1;Sync Time and Phase Accuracy Too Low;Time and phase sync accuracy crossed the threshold for features interworking with NR.
2025-09-13;09:23:37;AL  ;Minor ;EUtranCellFDD=KS3EL1;Service Degraded;This is a secondary alarm, use alarm correlation information in Additional Information to find primary alarm.
2025-09-13;09:23:37;AL  ;Minor ;EUtranCellFDD=KS3EL2;Service Degraded;This is a secondary alarm, use alarm correlation information in Additional Information to find primary alarm.
2025-09-13;09:23:38;AL  ;Minor ;EUtraNetwork=1,ExternalENodeBFunction=2221-650753;Inconsistent Configuration;Elastic RAN cannot be activated towards remote eNodeB. VLAN IDs do not match. Expected Vlan Id: 3908, Please check the eRAN Vlan Id at the remote eNodeB
2025-09-13;09:23:42;AL  ;Minor ;EUtraNetwork=1,ExternalENodeBFunction=2221-650479;Inter Node Carrier Aggregation Service Unavailable;Elastic RAN Carrier Aggregation is not available towards remote eNodeB.
2025-09-13;09:25:50;AL  ;Cleared;EUtranCellFDD=KS3EL1;Service Degraded;This is a secondary alarm, use alarm correlation information in Additional Information to find primary alarm.
2025-09-13;09:25:50;AL  ;Cleared;EUtranCellFDD=KS3EL2;Service Degraded;This is a secondary alarm, use alarm correlation information in Additional Information to find primary alarm.
2025-09-13;09:25:50;AL  ;Cleared;ENodeBFunction=1;Sync Time and Phase Accuracy Too Low;Time and phase sync accuracy crossed the threshold for features interworking with NR.
2025-09-13;18:32:19;AL  ;Minor ;ENodeBFunction=1;External Link Failure;X2 link problem to one or several neighbouring eNodeBs. AI: PLMN ID-eNB ID 1 = 2221-650773
2025-09-14;09:26:45;AL  ;Cleared;EUtraNetwork=1,ExternalENodeBFunction=2221-650479;Inter Node Carrier Aggregation Service Unavailable;Elastic RAN Carrier Aggregation is not available towards remote eNodeB.
2025-09-14;09:26:56;AL  ;Cleared;ENodeBFunction=1;External Link Failure;X2 link problem to one or several neighbouring eNodeBs. AI: PLMN ID-eNB ID 1 = 2221-650773
2025-09-14;09:27:06;AL  ;Minor ;EUtraNetwork=1,ExternalENodeBFunction=2221-650479;Inter Node Carrier Aggregation Service Unavailable;Elastic RAN Carrier Aggregation is not available towards remote eNodeB.
2025-09-14;11:44:30;AL  ;Cleared;EUtraNetwork=1,ExternalENodeBFunction=2221-650479;Inter Node Carrier Aggregation Service Unavailable;Elastic RAN Carrier Aggregation is not available towards remote eNodeB.
2025-09-14;16:53:27;AL  ;Minor ;EUtraNetwork=1,ExternalENodeBFunction=2221-650479;Inter Node Carrier Aggregation Service Unavailable;Elastic RAN Carrier Aggregation is not available towards remote eNodeB.
2025-09-16;09:57:08;AL  ;Warning;ENodeBFunction=1;PLMN Service Redundancy Lost;S1 connection failure for PLMN connected with link represented by MO listed in Additional Information. AI: PLMN = ["2221"],DN1=ManagedElement=1,ENodeBFunction=1,TermPointToMme=5,
2025-09-16;09:57:38;AL  ;Cleared;ENodeBFunction=1;PLMN Service Redundancy Lost;S1 connection failure for PLMN connected with link represented by MO listed in Additional Information. AI: PLMN = ["2221"],DN1=ManagedElement=1,ENodeBFunction=1,TermPointToMme=5,
2025-09-16;14:01:25;AL  ;Minor ;EUtraNetwork=1,ExternalENodeBFunction=2221-211265;Inter Node Carrier Aggregation Service Unavailable;Elastic RAN Carrier Aggregation is not available towards remote eNodeB.
2025-09-17;17:04:01;AL  ;Cleared;EUtraNetwork=1,ExternalENodeBFunction=2221-650463;Inter Node Feature Incompatibility;Elastic RAN feature is not activated in remote eNodeB. SUPPRESSED
2025-09-17;21:49:59;AL  ;Minor ;EUtraNetwork=1,ExternalENodeBFunction=2221-650463;Inter Node Feature Incompatibility;Elastic RAN feature is not activated in remote eNodeB. SUPPRESSED
2025-09-18;22:54:22;AL  ;Cleared;EUtraNetwork=1,ExternalENodeBFunction=2221-210525;Inter Node Feature Incompatibility;Elastic RAN feature is not activated in remote eNodeB. SUPPRESSED
2025-09-18;23:03:55;AL  ;Minor ;ENodeBFunction=1;External Link Failure;X2 link problem to one or several neighbouring eNodeBs. AI: PLMN ID-eNB ID 1 = 2221-210525
2025-09-18;23:13:16;AL  ;Minor ;EUtraNetwork=1,ExternalENodeBFunction=2221-210525;Inter Node Feature Incompatibility;Elastic RAN feature is not activated in remote eNodeB. SUPPRESSED
2025-09-18;23:13:22;AL  ;Cleared;ENodeBFunction=1;External Link Failure;X2 link problem to one or several neighbouring eNodeBs. AI: PLMN ID-eNB ID 1 = 2221-210525
2025-09-21;07:09:55;AL  ;Minor ;EUtraNetwork=1,ExternalENodeBFunction=2221-650204;Inter Node Carrier Aggregation Service Unavailable;Elastic RAN Carrier Aggregation is not available towards remote eNodeB.
2025-09-21;09:15:09;AL  ;Cleared;EUtraNetwork=1,ExternalENodeBFunction=2221-211265;Inter Node Carrier Aggregation Service Unavailable;Elastic RAN Carrier Aggregation is not available towards remote eNodeB.
2025-09-21;09:15:12;AL  ;Cleared;EUtraNetwork=1,ExternalENodeBFunction=2221-650479;Inter Node Carrier Aggregation Service Unavailable;Elastic RAN Carrier Aggregation is not available towards remote eNodeB.
2025-09-21;09:15:17;AL  ;Cleared;EUtraNetwork=1,ExternalENodeBFunction=2221-650204;Inter Node Carrier Aggregation Service Unavailable;Elastic RAN Carrier Aggregation is not available towards remote eNodeB.
2025-09-21;09:15:31;AL  ;Minor ;EUtraNetwork=1,ExternalENodeBFunction=2221-650479;Inter Node Carrier Aggregation Service Unavailable;Elastic RAN Carrier Aggregation is not available towards remote eNodeB.
2025-09-21;09:16:11;AL  ;Minor ;EUtraNetwork=1,ExternalENodeBFunction=2221-211265;Inter Node Carrier Aggregation Service Unavailable;Elastic RAN Carrier Aggregation is not available towards remote eNodeB.
2025-09-21;09:16:20;AL  ;Minor ;EUtraNetwork=1,ExternalENodeBFunction=2221-650204;Inter Node Carrier Aggregation Service Unavailable;Elastic RAN Carrier Aggregation is not available towards remote eNodeB.
2025-09-21;09:23:54;AL  ;Cleared;EUtraNetwork=1,ExternalENodeBFunction=2221-650204;Inter Node Carrier Aggregation Service Unavailable;Elastic RAN Carrier Aggregation is not available towards remote eNodeB.
2025-09-21;09:34:00;AL  ;Cleared;EUtraNetwork=1,ExternalENodeBFunction=2221-211265;Inter Node Carrier Aggregation Service Unavailable;Elastic RAN Carrier Aggregation is not available towards remote eNodeB.
2025-09-21;11:25:38;AL  ;Cleared;EUtraNetwork=1,ExternalENodeBFunction=2221-650479;Inter Node Carrier Aggregation Service Unavailable;Elastic RAN Carrier Aggregation is not available towards remote eNodeB.
2025-09-22;06:01:59;AL  ;Minor ;EUtraNetwork=1,ExternalENodeBFunction=2221-650479;Inter Node Carrier Aggregation Service Unavailable;Elastic RAN Carrier Aggregation is not available towards remote eNodeB.
2025-09-23;11:52:20;AL  ;Minor ;ENodeBFunction=1;External Link Failure;X2 link problem to one or several neighbouring eNodeBs. AI: PLMN ID-eNB ID 1 = 2221-600554
2025-09-27;21:52:16;AL  ;Cleared;ENodeBFunction=1;External Link Failure;X2 link problem to one or several neighbouring eNodeBs. AI: PLMN ID-eNB ID 1 = 2221-600554
2025-09-28;09:16:40;AL  ;Cleared;EUtraNetwork=1,ExternalENodeBFunction=2221-650479;Inter Node Carrier Aggregation Service Unavailable;Elastic RAN Carrier Aggregation is not available towards remote eNodeB.
2025-09-28;09:16:59;AL  ;Minor ;EUtraNetwork=1,ExternalENodeBFunction=2221-650479;Inter Node Carrier Aggregation Service Unavailable;Elastic RAN Carrier Aggregation is not available towards remote eNodeB.
2025-09-28;11:24:04;AL  ;Cleared;EUtraNetwork=1,ExternalENodeBFunction=2221-650479;Inter Node Carrier Aggregation Service Unavailable;Elastic RAN Carrier Aggregation is not available towards remote eNodeB.
2025-09-28;17:01:18;AL  ;Minor ;EUtraNetwork=1,ExternalENodeBFunction=2221-650479;Inter Node Carrier Aggregation Service Unavailable;Elastic RAN Carrier Aggregation is not available towards remote eNodeB.
2025-09-29;10:03:02;AL  ;Cleared;EUtraNetwork=1,ExternalENodeBFunction=2221-650753;Inconsistent Configuration;Elastic RAN cannot be activated towards remote eNodeB. VLAN IDs do not match. Expected Vlan Id: 3908, Please check the eRAN Vlan Id at the remote eNodeB
2025-09-29;10:08:13;AL  ;Minor ;EUtraNetwork=1,ExternalENodeBFunction=2221-650753;Inconsistent Configuration;Elastic RAN cannot be activated towards remote eNodeB. VLAN IDs do not match. Expected Vlan Id: 3908, Please check the eRAN Vlan Id at the remote eNodeB
2025-10-05;09:07:15;AL  ;Cleared;EUtraNetwork=1,ExternalENodeBFunction=2221-650479;Inter Node Carrier Aggregation Service Unavailable;Elastic RAN Carrier Aggregation is not available towards remote eNodeB.
2025-10-05;09:07:29;AL  ;Minor ;EUtraNetwork=1,ExternalENodeBFunction=2221-650479;Inter Node Carrier Aggregation Service Unavailable;Elastic RAN Carrier Aggregation is not available towards remote eNodeB.
2025-10-05;11:09:54;AL  ;Cleared;EUtraNetwork=1,ExternalENodeBFunction=2221-650479;Inter Node Carrier Aggregation Service Unavailable;Elastic RAN Carrier Aggregation is not available towards remote eNodeB.
2025-10-05;14:54:16;AL  ;Minor ;EUtraNetwork=1,ExternalENodeBFunction=2221-650479;Inter Node Carrier Aggregation Service Unavailable;Elastic RAN Carrier Aggregation is not available towards remote eNodeB.
2025-10-05;15:26:31;AL  ;Cleared;EUtraNetwork=1,ExternalENodeBFunction=2221-650463;Inter Node Feature Incompatibility;Elastic RAN feature is not activated in remote eNodeB. SUPPRESSED
2025-10-05;15:32:27;AL  ;Minor ;ENodeBFunction=1;External Link Failure;X2 link problem to one or several neighbouring eNodeBs. AI: PLMN ID-eNB ID 1 = 2221-212238
2025-10-05;15:45:50;AL  ;Minor ;ENodeBFunction=1;External Link Failure;X2 link problem to one or several neighbouring eNodeBs. AI: PLMN ID-eNB ID 1 = 2221-212238 PLMN ID-eNB ID 2 = 2221-650463
2025-10-05;15:51:01;AL  ;Cleared;EUtraNetwork=1,ExternalENodeBFunction=2221-210525;Inter Node Feature Incompatibility;Elastic RAN feature is not activated in remote eNodeB. SUPPRESSED
2025-10-05;15:58:52;AL  ;Minor ;ENodeBFunction=1;External Link Failure;X2 link problem to one or several neighbouring eNodeBs. AI: PLMN ID-eNB ID 1 = 2221-650463
2025-10-05;16:10:11;AL  ;Cleared;ENodeBFunction=1;External Link Failure;X2 link problem to one or several neighbouring eNodeBs. AI: PLMN ID-eNB ID 1 = 2221-650463
2025-10-05;19:06:58;AL  ;Minor ;EUtraNetwork=1,ExternalENodeBFunction=2221-210525;Inter Node Feature Incompatibility;Elastic RAN feature is not activated in remote eNodeB. SUPPRESSED
2025-10-05;19:06:58;AL  ;Minor ;EUtraNetwork=1,ExternalENodeBFunction=2221-650463;Inter Node Feature Incompatibility;Elastic RAN feature is not activated in remote eNodeB. SUPPRESSED
2025-10-06;07:52:28;AL  ;Minor ;ENodeBFunction=1;External Link Failure;X2 link problem to one or several neighbouring eNodeBs. AI: PLMN ID-eNB ID 1 = 2221-650238
2025-10-06;08:44:23;AL  ;Cleared;ENodeBFunction=1;External Link Failure;X2 link problem to one or several neighbouring eNodeBs. AI: PLMN ID-eNB ID 1 = 2221-650238


KS3EL> lgec -m 30d

251007-11:45:25+0200 19.31.7.219 25.0h MSRBS_NODE_MODEL_25.Q1_198665.224.73_bf81 stopfile=/tmp/951159

Startdate=20250907.094525, Enddate=20251008.094525
Date;Time;Log;Severity;Object;Event;Cause;AdditionalText;AckState;Id;NotificationId;CorrelatedAlarms
Executing action Log.export()
..
Log=AlertLog                    actionId=54689
...
=================================================================================================================
MO                  actionId result      resultInfo
=================================================================================================================
LogM=1,Log=AlertLog 54689    1 (SUCCESS)           
cat  /ericsson/log/amos/moshell_logfiles/t20251007_37258710_53697/logs_moshell/tempfiles/scp-2-amos_20251007-114441_951085/rcslogs/AlertLog_20231129__121935.log > /ericsson/log/amos/moshell_logfiles/t20251007_37258710_53697/logs_moshell/tempfiles/scp-2-amos_20251007-114441_951085/eventLog951159.xml
2025-09-12;20:46:51;EV  ;Warning;FieldReplaceableUnit=Radio-S180-1;Radio Restart Alert;Restart details are listed in Additional Information AI: Restartdetails=[{"RC":"Other","RT":"Power On","ERI":"FALSE"}] :SUPPRESSED
2025-09-12;20:47:10;EV  ;Warning;ManagedElement=KS3EL;System Restart Alert;Requested Restart Category: Other, Requested Restart Type: Power, Performed Restart Category: Other, Performed Restart Type: Power. AI: SystemRestart=[{"RRC":"Other","RRT":"Power","PRC":"Other","PRT":"Power"}]
2025-09-12;20:47:24;EV  ;Warning;FieldReplaceableUnit=Radio-S210-1;Radio Restart Alert;Restart details are listed in Additional Information (Mixed Mode with other ME). AI: Restartdetails=[{"RC":"Other","RT":"Power On","ERI":"FALSE"}] :SUPPRESSED
2025-09-12;20:47:26;EV  ;Warning;FieldReplaceableUnit=Radio-S211-1;Radio Restart Alert;Restart details are listed in Additional Information (Mixed Mode with other ME). AI: Restartdetails=[{"RC":"Other","RT":"Power On","ERI":"FALSE"}] :SUPPRESSED
2025-09-13;09:23:25;EV  ;Warning;RiLink=S180-1;Radio Interface Connectivity Disturbance Alert;Near end port:FieldReplaceableUnit=BB-1,RiPort=D (transportType=NOT_SET). SUPPRESSED
2025-09-13;09:25:53;EV  ;Warning;RiLink=S210-1;Radio Interface Connectivity Disturbance Alert;Near end port:FieldReplaceableUnit=BB-1,RiPort=A (transportType=NOT_SET) (Mixed Mode with other ME). SUPPRESSED
2025-09-13;09:25:53;EV  ;Warning;RiLink=S211-1;Radio Interface Connectivity Disturbance Alert;Near end port:FieldReplaceableUnit=BB-1,RiPort=B (transportType=NOT_SET) (Mixed Mode with other ME). SUPPRESSED
2025-09-13;09:25:53;EV  ;Warning;RiLink=S180-1;Radio Interface Connectivity Disturbance Alert;Near end port:FieldReplaceableUnit=BB-1,RiPort=D (transportType=NOT_SET). SUPPRESSED

Bye...
Output has been logged to file /mta_fs/UserFiles/37258710/amosbatch/2025-10-07_11-07-01_53697/KS3EL.log
