Logging to file /mta_fs/UserFiles/37258710/amosbatch/2025-10-07_11-07-01_53697/KS3ET.log
                        __  __  ____   _____
                  /\   |  \/  |/ __ \ / ____|
                 /  \  | \  / | |  | | (___  
                / /\ \ | |\/| | |  | |\___ \ 
               / ____ \| |  | | |__| |____) |
              /_/    \_\_|  |_|\____/|_____/
              OSS Framework for MoShell-25.0h 
  Copyright (c) Ericsson AB 2001-2025 - All Rights Reserved
              
           
[1;31mWARNING: [0mthe AMOS version currently running is more than 22 weeks old and is unsupported.
Please upgrade as soon as possible to the latest released version, available from your local Ericsson support.

$amosrb_pid = 951749

Checking ip contact...OK

HELP MENU            : h
BASIC MO COMMANDS    : m
OTHER MO COMMANDS    : n
OTHER COMMANDS       : o
PM COMMANDS          : p
QUIT                 : q

KS3ET> lt all

251007-11:44:49+0200 19.31.7.220 25.0h  stopfile=/tmp/951484
Looking up temporary_amos account... OK.
Trying temporary_amos_t20251007_37258710_53697_313's password from amos lookupAccount ... OK

$ssh_pid = 953104

Connected to 19.31.7.220 (SubNetwork=BBMM_rckomc_R,MeContext=KS3ET,ManagedElement=KS3ET)

Checking MOM version...MSRBS_NODE_MODEL_25.Q1_198665.224.73_bf81
Parsing MOM (cached): /ericsson/log/amos/moshell_logfiles/t20251007_37258710_53697/logs_moshell/tempfiles/scp-2-amos_20251007-114442_951373/MSRBS_NODE_MODEL_25.Q1_198665.224.73_bf81.xml.cache.gz ......................................................................................................................................................................................................................Done.
Using paramfile /opt/ericsson/amos/moshell/commonjars/pm/PARAM_MSRBSG2_25.Q1.txt
Parsing file /opt/ericsson/amos/moshell/commonjars/pm/PARAM_MSRBSG2_25.Q1.txt ......................................................................................Done.
Using imomdfile /opt/ericsson/amos/moshell/commonjars/pm/IMOMD_MSRBS_22.Q4.txt
Using imomfile /opt/ericsson/amos/moshell/commonjars/pm/IMOM_MSRBS_25.Q1.txt
Connected to 19.31.7.220 (SubNetwork=BBMM_rckomc_R,MeContext=KS3ET,ManagedElement=KS3ET)

Last MO: 17674. Loaded 17674 MOs. Total: 17675 MOs.

KS3ET> hget EUtranCellFDD ^cellid

251007-11:45:09+0200 19.31.7.220 25.0h MSRBS_NODE_MODEL_25.Q1_198665.224.73_bf81 stopfile=/tmp/951484
.
=================================================================================================================
MO                   cellId
=================================================================================================================
EUtranCellFDD=KS3EE1 61    
EUtranCellFDD=KS3EE2 62    
EUtranCellFDD=KS3EM1 31    
EUtranCellFDD=KS3EM2 32    
EUtranCellFDD=KS3ET1 41    
EUtranCellFDD=KS3ET2 42    
=================================================================================================================
Total: 6 MOs

Added 6 MOs to group: hget_group

KS3ET> hget NbIotCell ^cellid

251007-11:45:10+0200 19.31.7.220 25.0h MSRBS_NODE_MODEL_25.Q1_198665.224.73_bf81 stopfile=/tmp/951484
.
=================================================================================================================
MO               cellId
=================================================================================================================
NbIotCell=KS3EN1 161   
NbIotCell=KS3EN2 162   
=================================================================================================================
Total: 2 MOs

Added 2 MOs to group: hget_group

KS3ET> hget NRCellDU ^cellLocalId

251007-11:45:10+0200 19.31.7.220 25.0h MSRBS_NODE_MODEL_25.Q1_198665.224.73_bf81 stopfile=/tmp/951484
Total: 0 MOs

KS3ET> lgdc -m 30d

251007-11:45:10+0200 19.31.7.220 25.0h MSRBS_NODE_MODEL_25.Q1_198665.224.73_bf81 stopfile=/tmp/951484

Startdate=20250907.094510, Enddate=20251008.094510
INFO: Using amos lookupAccount credentials for the export login

Executing action LogM.exportAvailabilityLog()
...LogM=1,exportAvailabilityLog    actionId=54701
......
=================================================================================================================
MO     actionId result      resultInfo
=================================================================================================================
LogM=1 54701    1 (SUCCESS)           
cp /ericsson/log/amos/moshell_logfiles/t20251007_37258710_53697/logs_moshell/tempfiles/scp-2-amos_20251007-114442_951373/rcslogs/RBS_CS_AVAILABILITY_LOG_20251007094515.xml /ericsson/log/amos/moshell_logfiles/t20251007_37258710_53697/logs_moshell/tempfiles/scp-2-amos_20251007-114442_951373/availabilityLog951484.xml
Parsing availabilityLog........Done.
.....
Date;Time;RestartType;SwVersion;SwRelease;RCSDowntime;ApplicationDowntime;TNDowntime;RATsDowntime;ExtraInfo;ExtraInfo2
2025-09-08;04:37:40;PartialOutage(Manual);17% Lrat Cell 62; ();9s;;;;;
2025-09-08;04:37:53;PartialOutage(Manual);50% Lrat Cell 161 162; ();4s;;;;;
2025-09-08;04:37:57;PartialOutage(Manual);17% Lrat Cell 61; ();7s;;;;;
2025-09-08;04:38:09;PartialOutage(Manual);17% Lrat Cell 32; ();4s;;;;;
2025-09-08;04:38:13;PartialOutage(Manual);75% Lrat Cell 161; ();6s;;;;;
2025-09-08;04:38:22;PartialOutage(Manual);17% Lrat Cell 31; ();7s;;;;;
2025-09-08;04:38:36;PartialOutage(Manual);17% Lrat Cell 42; ();17s;;;;;
2025-09-08;04:38:59;PartialOutage(Manual);17% Lrat Cell 41; ();8s;;;;;
2025-09-12;20:46:00;SpontaneousCold(Other:PowerReset);CXP9024418/16_R8D21;CXP9024418/16_R8D21 (RCG123.3-3);45207s (12h33m);45457s (12h37m);45217s (12h33m);L=45457s ;Requested: RankCold Other PowerReset Performed: RankCold Other PowerReset;Lrat LRAT Traffic Control active
2025-09-13;09:23:37;PartialOutage(Manual);100% Lrat Cell 31 32 41 42;CXP9024418/16_R8D21 (RCG123.3-3);1s;;;;;
2025-09-13;09:23:40;PartialOutage(Manual);100% Lrat Cell 31 32 41;CXP9024418/16_R8D21 (RCG123.3-3);1s;;;;;
2025-09-13;09:25:38;PartialOutage(System);50% Lrat Cell 61 62 31;CXP9024418/16_R8D21 (RCG123.3-3);1s;;;;;
2025-09-13;09:25:39;PartialOutage(System);100% Lrat Cell 61 62 31 32 41 42;CXP9024418/16_R8D21 (RCG123.3-3);14s;;;;;
2025-09-13;09:25:53;PartialOutage(System);100% Lrat Cell 62 31 32 41 42;CXP9024418/16_R8D21 (RCG123.3-3);1s;;;;;
2025-09-13;09:25:54;PartialOutage(System);100% Lrat Cell 62 32 42;CXP9024418/16_R8D21 (RCG123.3-3);1s;;;;;
2025-09-13;09:25:55;PartialOutage(System);100% Lrat Cell 62 42;CXP9024418/16_R8D21 (RCG123.3-3);1s;;;;;
2025-09-13;09:25:56;PartialOutage(System);100% Lrat Cell 62;CXP9024418/16_R8D21 (RCG123.3-3);285s (4m45s);;;;;
2025-09-13;09:30:41;PartialOutage(Manual);19% Lrat Cell 62;CXP9024418/16_R8D21 (RCG123.3-3);24s;;;;;

Node uptime since last restart: 2074905 seconds (24 days, 0 hours, 21 minutes, 45 seconds)
------------------------------------------------------------------------------------------------------
Period=30 days       NodeUpgrade      NodeManual       NodeSpontaneous  AllNodeRestarts  PartialOutages  
------------------------------------------------------------------------------------------------------
Number Of outages    0                0                1                1                17              
Total downtime       0s               0s               45457s (12h37m)  45457s (12h37m)  391s (6m31s)    
Downtime per day     0s               0s               1515s (25m15s)   1515s (25m15s)   13s             
Downtime per outage  0s               0s               45457s (12h37m)  45457s (12h37m)  23s             

KS3ET> lgac -m 30d

251007-11:45:22+0200 19.31.7.220 25.0h MSRBS_NODE_MODEL_25.Q1_198665.224.73_bf81 stopfile=/tmp/951484

Startdate=20250907.094522, Enddate=20251008.094523
Date;Time;Log;Severity;Object;Event;Cause;AdditionalText;AckState;Id;NotificationId;CorrelatedAlarms
Executing action Log.export()
..
Log=AlarmLog                    actionId=54702
..........
=================================================================================================================
MO                  actionId result      resultInfo
=================================================================================================================
LogM=1,Log=AlarmLog 54702    1 (SUCCESS)           
cat  /ericsson/log/amos/moshell_logfiles/t20251007_37258710_53697/logs_moshell/tempfiles/scp-2-amos_20251007-114442_951373/rcslogs/saLogAlarm_20230731__141437_20230803__205751.log /ericsson/log/amos/moshell_logfiles/t20251007_37258710_53697/logs_moshell/tempfiles/scp-2-amos_20251007-114442_951373/rcslogs/saLogAlarm_20230803__205751_20240807__001018.log /ericsson/log/amos/moshell_logfiles/t20251007_37258710_53697/logs_moshell/tempfiles/scp-2-amos_20251007-114442_951373/rcslogs/saLogAlarm_20240807__001018.log > /ericsson/log/amos/moshell_logfiles/t20251007_37258710_53697/logs_moshell/tempfiles/scp-2-amos_20251007-114442_951373/alarmLog951484.xml
2025-09-07;11:35:31;AL  ;Cleared;EUtraNetwork=1,ExternalENodeBFunction=2221-213851;Inter Node Carrier Aggregation Service Unavailable;Elastic RAN Carrier Aggregation is not available towards remote eNodeB.
2025-09-07;11:37:01;AL  ;Cleared;EUtraNetwork=1,ExternalENodeBFunction=2221-650479;Inter Node Carrier Aggregation Service Unavailable;Elastic RAN Carrier Aggregation is not available towards remote eNodeB.
2025-09-07;17:10:02;AL  ;Minor ;EUtraNetwork=1,ExternalENodeBFunction=2221-650479;Inter Node Carrier Aggregation Service Unavailable;Elastic RAN Carrier Aggregation is not available towards remote eNodeB.
2025-09-07;20:59:29;AL  ;Minor ;EUtraNetwork=1,ExternalENodeBFunction=2221-650436;Inter Node Carrier Aggregation Service Unavailable;Elastic RAN Carrier Aggregation is not available towards remote eNodeB.
2025-09-08;04:37:41;AL  ;Minor ;EUtraNetwork=1,ExternalENodeBFunction=2221-650463;Inter Node Feature Incompatibility;Elastic RAN feature is not activated in remote eNodeB. SUPPRESSED
2025-09-08;17:01:23;AL  ;Minor ;EUtraNetwork=1,ExternalENodeBFunction=2221-211266;Inter Node Carrier Aggregation Service Unavailable;Elastic RAN Carrier Aggregation is not available towards remote eNodeB.
2025-09-09;09:51:34;AL  ;Minor ;ENodeBFunction=1;External Link Failure;X2 link problem to one or several neighbouring eNodeBs. AI: PLMN ID-eNB ID 1 = 2221-650722
2025-09-09;11:16:14;AL  ;Cleared;ENodeBFunction=1;External Link Failure;X2 link problem to one or several neighbouring eNodeBs. AI: PLMN ID-eNB ID 1 = 2221-650722
2025-09-10;16:01:24;AL  ;Minor ;EUtraNetwork=1,ExternalENodeBFunction=2221-213851;Inter Node Carrier Aggregation Service Unavailable;Elastic RAN Carrier Aggregation is not available towards remote eNodeB.
2025-09-10;21:47:53;AL  ;Minor ;ENodeBFunction=1;External Link Failure;X2 link problem to one or several neighbouring eNodeBs. AI: PLMN ID-eNB ID 1 = 2221-650773
2025-09-10;21:48:44;AL  ;Cleared;ENodeBFunction=1;External Link Failure;X2 link problem to one or several neighbouring eNodeBs. AI: PLMN ID-eNB ID 1 = 2221-650773
2025-09-11;06:03:35;AL  ;Cleared;EUtraNetwork=1,ExternalENodeBFunction=2221-650463;Inter Node Feature Incompatibility;Elastic RAN feature is not activated in remote eNodeB. SUPPRESSED
2025-09-11;06:04:40;AL  ;Cleared;EUtraNetwork=1,ExternalENodeBFunction=2221-211266;Inter Node Carrier Aggregation Service Unavailable;Elastic RAN Carrier Aggregation is not available towards remote eNodeB.
2025-09-11;06:06:32;AL  ;Minor ;EUtraNetwork=1,ExternalENodeBFunction=2221-211266;Inter Node Carrier Aggregation Service Unavailable;Elastic RAN Carrier Aggregation is not available towards remote eNodeB.
2025-09-11;06:10:02;AL  ;Minor ;ENodeBFunction=1;External Link Failure;X2 link problem to one or several neighbouring eNodeBs. AI: PLMN ID-eNB ID 1 = 2221-650509
2025-09-11;06:13:09;AL  ;Minor ;ENodeBFunction=1;External Link Failure;X2 link problem to one or several neighbouring eNodeBs. AI: PLMN ID-eNB ID 1 = 2221-212238 PLMN ID-eNB ID 2 = 2221-650463
2025-09-11;06:16:21;AL  ;Minor ;EUtraNetwork=1,ExternalENodeBFunction=2221-211266;Inter Node Carrier Aggregation Service Unavailable;Elastic RAN Carrier Aggregation is not available towards remote eNodeB.
2025-09-11;06:17:35;AL  ;Cleared;EUtraNetwork=1,ExternalENodeBFunction=2221-211266;Inter Node Carrier Aggregation Service Unavailable;Elastic RAN Carrier Aggregation is not available towards remote eNodeB.
2025-09-11;06:18:09;AL  ;Minor ;EUtraNetwork=1,ExternalENodeBFunction=2221-211266;Inter Node Carrier Aggregation Service Unavailable;Elastic RAN Carrier Aggregation is not available towards remote eNodeB.
2025-09-11;06:26:10;AL  ;Minor ;ENodeBFunction=1;External Link Failure;X2 link problem to one or several neighbouring eNodeBs. AI: PLMN ID-eNB ID 1 = 2221-650463
2025-09-11;06:38:41;AL  ;Minor ;ENodeBFunction=1;External Link Failure;X2 link problem to one or several neighbouring eNodeBs. AI: PLMN ID-eNB ID 1 = 2221-650463 PLMN ID-eNB ID 2 = 2221-212238
2025-09-11;07:15:26;AL  ;Cleared;ENodeBFunction=1;External Link Failure;X2 link problem to one or several neighbouring eNodeBs. AI: PLMN ID-eNB ID 1 = 2221-650463
2025-09-11;10:14:22;AL  ;Minor ;ENodeBFunction=1;External Link Failure;X2 link problem to one or several neighbouring eNodeBs. AI: PLMN ID-eNB ID 1 = 2221-600255
2025-09-13;09:23:35;AL  ;Minor ;EUtraNetwork=1,ExternalENodeBFunction=2221-650463;Inter Node Feature Incompatibility;Elastic RAN feature is not activated in remote eNodeB. SUPPRESSED
2025-09-13;09:23:37;AL  ;Minor ;ENodeBFunction=1;Sync Time and Phase Accuracy Too Low;Time and phase sync accuracy crossed the threshold for features interworking with NR.
2025-09-13;09:23:37;AL  ;Minor ;EUtranCellFDD=KS3EE1;Service Degraded;This is a secondary alarm, use alarm correlation information in Additional Information to find primary alarm.
2025-09-13;09:23:37;AL  ;Minor ;EUtranCellFDD=KS3EE2;Service Degraded;This is a secondary alarm, use alarm correlation information in Additional Information to find primary alarm.
2025-09-13;09:23:41;AL  ;Minor ;EUtranCellFDD=KS3ET2;Service Degraded;This is a secondary alarm, use alarm correlation information in Additional Information to find primary alarm.
2025-09-13;09:23:41;AL  ;Minor ;EUtranCellFDD=KS3ET1;Service Degraded;This is a secondary alarm, use alarm correlation information in Additional Information to find primary alarm.
2025-09-13;09:23:41;AL  ;Minor ;EUtranCellFDD=KS3EM2;Service Degraded;This is a secondary alarm, use alarm correlation information in Additional Information to find primary alarm.
2025-09-13;09:23:41;AL  ;Minor ;EUtranCellFDD=KS3EM1;Service Degraded;This is a secondary alarm, use alarm correlation information in Additional Information to find primary alarm.
2025-09-13;09:23:41;AL  ;Minor ;EUtraNetwork=1,ExternalENodeBFunction=2221-650436;Inter Node Carrier Aggregation Service Unavailable;Elastic RAN Carrier Aggregation is not available towards remote eNodeB.
2025-09-13;09:23:42;AL  ;Minor ;EUtraNetwork=1,ExternalENodeBFunction=2221-213851;Inter Node Carrier Aggregation Service Unavailable;Elastic RAN Carrier Aggregation is not available towards remote eNodeB.
2025-09-13;09:23:43;AL  ;Minor ;EUtraNetwork=1,ExternalENodeBFunction=2221-650479;Inter Node Carrier Aggregation Service Unavailable;Elastic RAN Carrier Aggregation is not available towards remote eNodeB.
2025-09-13;09:23:43;AL  ;Minor ;EUtraNetwork=1,ExternalENodeBFunction=2221-211266;Inter Node Carrier Aggregation Service Unavailable;Elastic RAN Carrier Aggregation is not available towards remote eNodeB.
2025-09-13;09:25:38;AL  ;Cleared;EUtranCellFDD=KS3EE1;Service Degraded;This is a secondary alarm, use alarm correlation information in Additional Information to find primary alarm.
2025-09-13;09:25:38;AL  ;Cleared;EUtranCellFDD=KS3EE2;Service Degraded;This is a secondary alarm, use alarm correlation information in Additional Information to find primary alarm.
2025-09-13;09:25:38;AL  ;Cleared;EUtranCellFDD=KS3EM1;Service Degraded;This is a secondary alarm, use alarm correlation information in Additional Information to find primary alarm.
2025-09-13;09:25:39;AL  ;Cleared;EUtranCellFDD=KS3EM2;Service Degraded;This is a secondary alarm, use alarm correlation information in Additional Information to find primary alarm.
2025-09-13;09:25:39;AL  ;Cleared;EUtranCellFDD=KS3ET1;Service Degraded;This is a secondary alarm, use alarm correlation information in Additional Information to find primary alarm.
2025-09-13;09:25:39;AL  ;Cleared;EUtranCellFDD=KS3ET2;Service Degraded;This is a secondary alarm, use alarm correlation information in Additional Information to find primary alarm.
2025-09-13;09:25:39;AL  ;Cleared;ENodeBFunction=1;Sync Time and Phase Accuracy Too Low;Time and phase sync accuracy crossed the threshold for features interworking with NR.
2025-09-13;09:25:50;AL  ;Major ;EUtranCellFDD=KS3EE2;Inconsistent Configuration;Accumulated values for uplink traffic delay on rfBranch are out of range.
2025-09-13;09:25:50;AL  ;Major ;NbIotCell=KS3EN2;Service Unavailable;This is a secondary alarm, use alarm correlation information in Additional Information to find primary alarm.
2025-09-13;09:29:18;AL  ;Minor ;ENodeBFunction=1;External Link Failure;X2 link problem to one or several neighbouring eNodeBs. AI: PLMN ID-eNB ID 1 = 2221-600255
2025-09-13;09:30:41;AL  ;Cleared;NbIotCell=KS3EN2;Service Unavailable;This is a secondary alarm, use alarm correlation information in Additional Information to find primary alarm.
2025-09-13;09:30:41;AL  ;Cleared;EUtranCellFDD=KS3EE2;Inconsistent Configuration;Accumulated values for uplink traffic delay on rfBranch are out of range.
2025-09-13;09:37:11;AL  ;Cleared;ENodeBFunction=1;External Link Failure;X2 link problem to one or several neighbouring eNodeBs. AI: PLMN ID-eNB ID 1 = 2221-600255
2025-09-13;22:31:06;AL  ;Minor ;EUtraNetwork=1,ExternalENodeBFunction=2221-650204;Inter Node Carrier Aggregation Service Unavailable;Elastic RAN Carrier Aggregation is not available towards remote eNodeB.
2025-09-13;23:31:06;AL  ;Minor ;EUtraNetwork=1,ExternalENodeBFunction=2221-650480;Inter Node Carrier Aggregation Service Unavailable;Elastic RAN Carrier Aggregation is not available towards remote eNodeB.
2025-09-14;03:25:54;AL  ;Minor ;EUtraNetwork=1,ExternalENodeBFunction=2221-650133;Inter Node Carrier Aggregation Service Unavailable;Elastic RAN Carrier Aggregation is not available towards remote eNodeB.
2025-09-14;05:25:54;AL  ;Minor ;EUtraNetwork=1,ExternalENodeBFunction=2221-209450;Inter Node Carrier Aggregation Service Unavailable;Elastic RAN Carrier Aggregation is not available towards remote eNodeB.
2025-09-14;07:04:51;AL  ;Cleared;EUtraNetwork=1,ExternalENodeBFunction=2221-650480;Inter Node Carrier Aggregation Service Unavailable;Elastic RAN Carrier Aggregation is not available towards remote eNodeB.
2025-09-14;07:05:53;AL  ;Minor ;EUtraNetwork=1,ExternalENodeBFunction=2221-650480;Inter Node Carrier Aggregation Service Unavailable;Elastic RAN Carrier Aggregation is not available towards remote eNodeB.
2025-09-14;07:39:13;AL  ;Cleared;EUtraNetwork=1,ExternalENodeBFunction=2221-650436;Inter Node Carrier Aggregation Service Unavailable;Elastic RAN Carrier Aggregation is not available towards remote eNodeB.
2025-09-14;07:40:15;AL  ;Minor ;EUtraNetwork=1,ExternalENodeBFunction=2221-650436;Inter Node Carrier Aggregation Service Unavailable;Elastic RAN Carrier Aggregation is not available towards remote eNodeB.
2025-09-14;07:46:08;AL  ;Cleared;EUtraNetwork=1,ExternalENodeBFunction=2221-209450;Inter Node Carrier Aggregation Service Unavailable;Elastic RAN Carrier Aggregation is not available towards remote eNodeB.
2025-09-14;07:47:12;AL  ;Minor ;EUtraNetwork=1,ExternalENodeBFunction=2221-209450;Inter Node Carrier Aggregation Service Unavailable;Elastic RAN Carrier Aggregation is not available towards remote eNodeB.
2025-09-14;09:26:59;AL  ;Cleared;EUtraNetwork=1,ExternalENodeBFunction=2221-650133;Inter Node Carrier Aggregation Service Unavailable;Elastic RAN Carrier Aggregation is not available towards remote eNodeB.
2025-09-14;09:27:04;AL  ;Cleared;EUtraNetwork=1,ExternalENodeBFunction=2221-209450;Inter Node Carrier Aggregation Service Unavailable;Elastic RAN Carrier Aggregation is not available towards remote eNodeB.
2025-09-14;09:27:08;AL  ;Cleared;EUtraNetwork=1,ExternalENodeBFunction=2221-650480;Inter Node Carrier Aggregation Service Unavailable;Elastic RAN Carrier Aggregation is not available towards remote eNodeB.
2025-09-14;09:27:13;AL  ;Cleared;EUtraNetwork=1,ExternalENodeBFunction=2221-211266;Inter Node Carrier Aggregation Service Unavailable;Elastic RAN Carrier Aggregation is not available towards remote eNodeB.
2025-09-14;09:27:17;AL  ;Cleared;EUtraNetwork=1,ExternalENodeBFunction=2221-650479;Inter Node Carrier Aggregation Service Unavailable;Elastic RAN Carrier Aggregation is not available towards remote eNodeB.
2025-09-14;09:27:24;AL  ;Cleared;EUtraNetwork=1,ExternalENodeBFunction=2221-650204;Inter Node Carrier Aggregation Service Unavailable;Elastic RAN Carrier Aggregation is not available towards remote eNodeB.
2025-09-14;09:27:30;AL  ;Cleared;EUtraNetwork=1,ExternalENodeBFunction=2221-650436;Inter Node Carrier Aggregation Service Unavailable;Elastic RAN Carrier Aggregation is not available towards remote eNodeB.
2025-09-14;09:27:35;AL  ;Cleared;EUtraNetwork=1,ExternalENodeBFunction=2221-213851;Inter Node Carrier Aggregation Service Unavailable;Elastic RAN Carrier Aggregation is not available towards remote eNodeB.
2025-09-14;09:28:15;AL  ;Minor ;EUtraNetwork=1,ExternalENodeBFunction=2221-211266;Inter Node Carrier Aggregation Service Unavailable;Elastic RAN Carrier Aggregation is not available towards remote eNodeB.
2025-09-14;09:28:21;AL  ;Minor ;EUtraNetwork=1,ExternalENodeBFunction=2221-650479;Inter Node Carrier Aggregation Service Unavailable;Elastic RAN Carrier Aggregation is not available towards remote eNodeB.
2025-09-14;09:28:37;AL  ;Minor ;EUtraNetwork=1,ExternalENodeBFunction=2221-213851;Inter Node Carrier Aggregation Service Unavailable;Elastic RAN Carrier Aggregation is not available towards remote eNodeB.
2025-09-14;09:45:10;AL  ;Cleared;EUtraNetwork=1,ExternalENodeBFunction=2221-211266;Inter Node Carrier Aggregation Service Unavailable;Elastic RAN Carrier Aggregation is not available towards remote eNodeB.
2025-09-14;11:43:24;AL  ;Cleared;EUtraNetwork=1,ExternalENodeBFunction=2221-213851;Inter Node Carrier Aggregation Service Unavailable;Elastic RAN Carrier Aggregation is not available towards remote eNodeB.
2025-09-14;11:44:17;AL  ;Cleared;EUtraNetwork=1,ExternalENodeBFunction=2221-650479;Inter Node Carrier Aggregation Service Unavailable;Elastic RAN Carrier Aggregation is not available towards remote eNodeB.
2025-09-14;12:31:06;AL  ;Minor ;EUtraNetwork=1,ExternalENodeBFunction=2221-650479;Inter Node Carrier Aggregation Service Unavailable;Elastic RAN Carrier Aggregation is not available towards remote eNodeB.
2025-09-14;21:25:53;AL  ;Minor ;EUtraNetwork=1,ExternalENodeBFunction=2221-650436;Inter Node Carrier Aggregation Service Unavailable;Elastic RAN Carrier Aggregation is not available towards remote eNodeB.
2025-09-16;02:29:19;AL  ;Minor ;ENodeBFunction=1;External Link Failure;X2 link problem to one or several neighbouring eNodeBs. AI: PLMN ID-eNB ID 1 = 2221-650773
2025-09-16;02:39:59;AL  ;Cleared;ENodeBFunction=1;External Link Failure;X2 link problem to one or several neighbouring eNodeBs. AI: PLMN ID-eNB ID 1 = 2221-650773
2025-09-16;09:57:08;AL  ;Warning;ENodeBFunction=1;PLMN Service Redundancy Lost;S1 connection failure for PLMN connected with link represented by MO listed in Additional Information. AI: PLMN = ["2221"],DN1=ManagedElement=1,ENodeBFunction=1,TermPointToMme=5,
2025-09-16;09:57:38;AL  ;Cleared;ENodeBFunction=1;PLMN Service Redundancy Lost;S1 connection failure for PLMN connected with link represented by MO listed in Additional Information. AI: PLMN = ["2221"],DN1=ManagedElement=1,ENodeBFunction=1,TermPointToMme=5,
2025-09-17;17:03:51;AL  ;Cleared;EUtraNetwork=1,ExternalENodeBFunction=2221-650463;Inter Node Feature Incompatibility;Elastic RAN feature is not activated in remote eNodeB. SUPPRESSED
2025-09-18;23:03:44;AL  ;Minor ;ENodeBFunction=1;External Link to GNodeB Failure;X2 link problem to one or several neighbouring gNodeBs. AI: PLMN ID-gNB ID 1 = 2221-1057136
2025-09-18;23:03:49;AL  ;Minor ;ENodeBFunction=1;External Link Failure;X2 link problem to one or several neighbouring eNodeBs. AI: PLMN ID-eNB ID 1 = 2221-210525
2025-09-18;23:12:25;AL  ;Cleared;ENodeBFunction=1;External Link to GNodeB Failure;X2 link problem to one or several neighbouring gNodeBs. AI: PLMN ID-gNB ID 1 = 2221-1057136
2025-09-18;23:12:48;AL  ;Cleared;ENodeBFunction=1;External Link Failure;X2 link problem to one or several neighbouring eNodeBs. AI: PLMN ID-eNB ID 1 = 2221-210525
2025-09-19;07:01:25;AL  ;Minor ;EUtraNetwork=1,ExternalENodeBFunction=2221-211265;Inter Node Carrier Aggregation Service Unavailable;Elastic RAN Carrier Aggregation is not available towards remote eNodeB.
2025-09-19;08:10:08;AL  ;Minor ;ENodeBFunction=1;External Link Failure;X2 link problem to one or several neighbouring eNodeBs. AI: PLMN ID-eNB ID 1 = 2221-650133
2025-09-19;09:08:10;AL  ;Cleared;ENodeBFunction=1;External Link Failure;X2 link problem to one or several neighbouring eNodeBs. AI: PLMN ID-eNB ID 1 = 2221-650133
2025-09-19;15:31:46;AL  ;Minor ;ENodeBFunction=1;External Link Failure;X2 link problem to one or several neighbouring eNodeBs. AI: PLMN ID-eNB ID 1 = 2221-213604
2025-09-20;16:01:24;AL  ;Minor ;EUtraNetwork=1,ExternalENodeBFunction=2221-213851;Inter Node Carrier Aggregation Service Unavailable;Elastic RAN Carrier Aggregation is not available towards remote eNodeB.
2025-09-21;01:33:09;AL  ;Cleared;ENodeBFunction=1;External Link Failure;X2 link problem to one or several neighbouring eNodeBs. AI: PLMN ID-eNB ID 1 = 2221-213604
2025-09-21;07:36:14;AL  ;Cleared;EUtraNetwork=1,ExternalENodeBFunction=2221-650436;Inter Node Carrier Aggregation Service Unavailable;Elastic RAN Carrier Aggregation is not available towards remote eNodeB.
2025-09-21;07:37:16;AL  ;Minor ;EUtraNetwork=1,ExternalENodeBFunction=2221-650436;Inter Node Carrier Aggregation Service Unavailable;Elastic RAN Carrier Aggregation is not available towards remote eNodeB.
2025-09-21;08:03:16;AL  ;Minor ;EUtraNetwork=1,ExternalENodeBFunction=2221-650204;Inter Node Carrier Aggregation Service Unavailable;Elastic RAN Carrier Aggregation is not available towards remote eNodeB.
2025-09-21;09:15:30;AL  ;Cleared;EUtraNetwork=1,ExternalENodeBFunction=2221-211265;Inter Node Carrier Aggregation Service Unavailable;Elastic RAN Carrier Aggregation is not available towards remote eNodeB.
2025-09-21;09:15:36;AL  ;Cleared;EUtraNetwork=1,ExternalENodeBFunction=2221-650479;Inter Node Carrier Aggregation Service Unavailable;Elastic RAN Carrier Aggregation is not available towards remote eNodeB.
2025-09-21;09:15:43;AL  ;Cleared;EUtraNetwork=1,ExternalENodeBFunction=2221-650204;Inter Node Carrier Aggregation Service Unavailable;Elastic RAN Carrier Aggregation is not available towards remote eNodeB.
2025-09-21;09:15:48;AL  ;Cleared;EUtraNetwork=1,ExternalENodeBFunction=2221-650436;Inter Node Carrier Aggregation Service Unavailable;Elastic RAN Carrier Aggregation is not available towards remote eNodeB.
2025-09-21;09:15:54;AL  ;Cleared;EUtraNetwork=1,ExternalENodeBFunction=2221-213851;Inter Node Carrier Aggregation Service Unavailable;Elastic RAN Carrier Aggregation is not available towards remote eNodeB.
2025-09-21;09:16:32;AL  ;Minor ;EUtraNetwork=1,ExternalENodeBFunction=2221-211265;Inter Node Carrier Aggregation Service Unavailable;Elastic RAN Carrier Aggregation is not available towards remote eNodeB.
2025-09-21;09:16:34;AL  ;Minor ;EUtraNetwork=1,ExternalENodeBFunction=2221-650479;Inter Node Carrier Aggregation Service Unavailable;Elastic RAN Carrier Aggregation is not available towards remote eNodeB.
2025-09-21;09:16:56;AL  ;Minor ;EUtraNetwork=1,ExternalENodeBFunction=2221-213851;Inter Node Carrier Aggregation Service Unavailable;Elastic RAN Carrier Aggregation is not available towards remote eNodeB.
2025-09-21;09:33:39;AL  ;Cleared;EUtraNetwork=1,ExternalENodeBFunction=2221-211265;Inter Node Carrier Aggregation Service Unavailable;Elastic RAN Carrier Aggregation is not available towards remote eNodeB.
2025-09-21;11:24:45;AL  ;Cleared;EUtraNetwork=1,ExternalENodeBFunction=2221-213851;Inter Node Carrier Aggregation Service Unavailable;Elastic RAN Carrier Aggregation is not available towards remote eNodeB.
2025-09-21;11:25:26;AL  ;Cleared;EUtraNetwork=1,ExternalENodeBFunction=2221-650479;Inter Node Carrier Aggregation Service Unavailable;Elastic RAN Carrier Aggregation is not available towards remote eNodeB.
2025-09-21;14:07:08;AL  ;Minor ;EUtraNetwork=1,ExternalENodeBFunction=2221-650479;Inter Node Carrier Aggregation Service Unavailable;Elastic RAN Carrier Aggregation is not available towards remote eNodeB.
2025-09-21;22:34:18;AL  ;Minor ;EUtraNetwork=1,ExternalENodeBFunction=2221-650436;Inter Node Carrier Aggregation Service Unavailable;Elastic RAN Carrier Aggregation is not available towards remote eNodeB.
2025-09-22;00:55:45;AL  ;Minor ;ENodeBFunction=1;External Link Failure;X2 link problem to one or several neighbouring eNodeBs. AI: PLMN ID-eNB ID 1 = 2221-650148
2025-09-22;00:57:41;AL  ;Cleared;ENodeBFunction=1;External Link Failure;X2 link problem to one or several neighbouring eNodeBs. AI: PLMN ID-eNB ID 1 = 2221-650148
2025-09-23;09:01:24;AL  ;Minor ;EUtraNetwork=1,ExternalENodeBFunction=2221-213851;Inter Node Carrier Aggregation Service Unavailable;Elastic RAN Carrier Aggregation is not available towards remote eNodeB.
2025-09-23;16:17:45;AL  ;Minor ;ENodeBFunction=1;External Link Failure;X2 link problem to one or several neighbouring eNodeBs. AI: PLMN ID-eNB ID 1 = 2221-650148
2025-09-23;20:26:07;AL  ;Cleared;ENodeBFunction=1;External Link Failure;X2 link problem to one or several neighbouring eNodeBs. AI: PLMN ID-eNB ID 1 = 2221-650148
2025-09-27;06:01:57;AL  ;Minor ;EUtraNetwork=1,ExternalENodeBFunction=2221-211265;Inter Node Carrier Aggregation Service Unavailable;Elastic RAN Carrier Aggregation is not available towards remote eNodeB.
2025-09-28;07:36:23;AL  ;Cleared;EUtraNetwork=1,ExternalENodeBFunction=2221-650436;Inter Node Carrier Aggregation Service Unavailable;Elastic RAN Carrier Aggregation is not available towards remote eNodeB.
2025-09-28;07:37:25;AL  ;Minor ;EUtraNetwork=1,ExternalENodeBFunction=2221-650436;Inter Node Carrier Aggregation Service Unavailable;Elastic RAN Carrier Aggregation is not available towards remote eNodeB.
2025-09-28;09:16:53;AL  ;Cleared;EUtraNetwork=1,ExternalENodeBFunction=2221-211265;Inter Node Carrier Aggregation Service Unavailable;Elastic RAN Carrier Aggregation is not available towards remote eNodeB.
2025-09-28;09:16:59;AL  ;Cleared;EUtraNetwork=1,ExternalENodeBFunction=2221-650479;Inter Node Carrier Aggregation Service Unavailable;Elastic RAN Carrier Aggregation is not available towards remote eNodeB.
2025-09-28;09:17:07;AL  ;Cleared;EUtraNetwork=1,ExternalENodeBFunction=2221-650436;Inter Node Carrier Aggregation Service Unavailable;Elastic RAN Carrier Aggregation is not available towards remote eNodeB.
2025-09-28;09:17:11;AL  ;Cleared;EUtraNetwork=1,ExternalENodeBFunction=2221-213851;Inter Node Carrier Aggregation Service Unavailable;Elastic RAN Carrier Aggregation is not available towards remote eNodeB.
2025-09-28;09:17:24;AL  ;Minor ;EUtraNetwork=1,ExternalENodeBFunction=2221-650479;Inter Node Carrier Aggregation Service Unavailable;Elastic RAN Carrier Aggregation is not available towards remote eNodeB.
2025-09-28;09:17:57;AL  ;Minor ;EUtraNetwork=1,ExternalENodeBFunction=2221-211265;Inter Node Carrier Aggregation Service Unavailable;Elastic RAN Carrier Aggregation is not available towards remote eNodeB.
2025-09-28;09:18:13;AL  ;Minor ;EUtraNetwork=1,ExternalENodeBFunction=2221-213851;Inter Node Carrier Aggregation Service Unavailable;Elastic RAN Carrier Aggregation is not available towards remote eNodeB.
2025-09-28;09:34:56;AL  ;Cleared;EUtraNetwork=1,ExternalENodeBFunction=2221-211265;Inter Node Carrier Aggregation Service Unavailable;Elastic RAN Carrier Aggregation is not available towards remote eNodeB.
2025-09-28;11:23:08;AL  ;Cleared;EUtraNetwork=1,ExternalENodeBFunction=2221-213851;Inter Node Carrier Aggregation Service Unavailable;Elastic RAN Carrier Aggregation is not available towards remote eNodeB.
2025-09-28;11:23:52;AL  ;Cleared;EUtraNetwork=1,ExternalENodeBFunction=2221-650479;Inter Node Carrier Aggregation Service Unavailable;Elastic RAN Carrier Aggregation is not available towards remote eNodeB.
2025-09-28;14:54:16;AL  ;Minor ;EUtraNetwork=1,ExternalENodeBFunction=2221-650479;Inter Node Carrier Aggregation Service Unavailable;Elastic RAN Carrier Aggregation is not available towards remote eNodeB.
2025-09-29;07:01:20;AL  ;Minor ;EUtraNetwork=1,ExternalENodeBFunction=2221-209164;Inter Node Carrier Aggregation Service Unavailable;Elastic RAN Carrier Aggregation is not available towards remote eNodeB.
2025-09-29;15:06:30;AL  ;Minor ;ENodeBFunction=1;External Link Failure;X2 link problem to one or several neighbouring eNodeBs. AI: PLMN ID-eNB ID 1 = 2221-650172
2025-09-29;15:14:08;AL  ;Cleared;ENodeBFunction=1;External Link Failure;X2 link problem to one or several neighbouring eNodeBs. AI: PLMN ID-eNB ID 1 = 2221-650172
2025-09-29;22:14:01;AL  ;Minor ;EUtraNetwork=1,ExternalENodeBFunction=2221-650436;Inter Node Carrier Aggregation Service Unavailable;Elastic RAN Carrier Aggregation is not available towards remote eNodeB.
2025-09-30;06:49:04;AL  ;Minor ;ENodeBFunction=1;External Link Failure;X2 link problem to one or several neighbouring eNodeBs. AI: PLMN ID-eNB ID 1 = 2221-205076
2025-09-30;12:39:53;AL  ;Cleared;ENodeBFunction=1;External Link Failure;X2 link problem to one or several neighbouring eNodeBs. AI: PLMN ID-eNB ID 1 = 2221-205076
2025-10-01;11:01:56;AL  ;Minor ;EUtraNetwork=1,ExternalENodeBFunction=2221-211265;Inter Node Carrier Aggregation Service Unavailable;Elastic RAN Carrier Aggregation is not available towards remote eNodeB.
2025-10-01;12:01:19;AL  ;Minor ;EUtraNetwork=1,ExternalENodeBFunction=2221-213851;Inter Node Carrier Aggregation Service Unavailable;Elastic RAN Carrier Aggregation is not available towards remote eNodeB.
2025-10-02;03:24:14;AL  ;Minor ;ENodeBFunction=1;External Link Failure;X2 link problem to one or several neighbouring eNodeBs. AI: PLMN ID-eNB ID 1 = 2221-650726
2025-10-02;03:42:47;AL  ;Cleared;ENodeBFunction=1;External Link Failure;X2 link problem to one or several neighbouring eNodeBs. AI: PLMN ID-eNB ID 1 = 2221-650726
2025-10-03;07:38:49;AL  ;Minor ;ENodeBFunction=1;External Link Failure;X2 link problem to one or several neighbouring eNodeBs. AI: PLMN ID-eNB ID 1 = 2221-650254
2025-10-03;10:23:35;AL  ;Cleared;ENodeBFunction=1;External Link Failure;X2 link problem to one or several neighbouring eNodeBs. AI: PLMN ID-eNB ID 1 = 2221-650254
2025-10-05;07:31:38;AL  ;Cleared;EUtraNetwork=1,ExternalENodeBFunction=2221-209164;Inter Node Carrier Aggregation Service Unavailable;Elastic RAN Carrier Aggregation is not available towards remote eNodeB.
2025-10-05;07:32:27;AL  ;Cleared;EUtraNetwork=1,ExternalENodeBFunction=2221-650436;Inter Node Carrier Aggregation Service Unavailable;Elastic RAN Carrier Aggregation is not available towards remote eNodeB.
2025-10-05;07:33:29;AL  ;Minor ;EUtraNetwork=1,ExternalENodeBFunction=2221-650436;Inter Node Carrier Aggregation Service Unavailable;Elastic RAN Carrier Aggregation is not available towards remote eNodeB.
2025-10-05;09:07:38;AL  ;Cleared;EUtraNetwork=1,ExternalENodeBFunction=2221-211265;Inter Node Carrier Aggregation Service Unavailable;Elastic RAN Carrier Aggregation is not available towards remote eNodeB.
2025-10-05;09:07:44;AL  ;Cleared;EUtraNetwork=1,ExternalENodeBFunction=2221-650479;Inter Node Carrier Aggregation Service Unavailable;Elastic RAN Carrier Aggregation is not available towards remote eNodeB.
2025-10-05;09:07:52;AL  ;Cleared;EUtraNetwork=1,ExternalENodeBFunction=2221-650436;Inter Node Carrier Aggregation Service Unavailable;Elastic RAN Carrier Aggregation is not available towards remote eNodeB.
2025-10-05;09:07:57;AL  ;Cleared;EUtraNetwork=1,ExternalENodeBFunction=2221-213851;Inter Node Carrier Aggregation Service Unavailable;Elastic RAN Carrier Aggregation is not available towards remote eNodeB.
2025-10-05;09:08:05;AL  ;Minor ;EUtraNetwork=1,ExternalENodeBFunction=2221-650479;Inter Node Carrier Aggregation Service Unavailable;Elastic RAN Carrier Aggregation is not available towards remote eNodeB.
2025-10-05;09:08:40;AL  ;Minor ;EUtraNetwork=1,ExternalENodeBFunction=2221-211265;Inter Node Carrier Aggregation Service Unavailable;Elastic RAN Carrier Aggregation is not available towards remote eNodeB.
2025-10-05;09:08:59;AL  ;Minor ;EUtraNetwork=1,ExternalENodeBFunction=2221-213851;Inter Node Carrier Aggregation Service Unavailable;Elastic RAN Carrier Aggregation is not available towards remote eNodeB.
2025-10-05;09:23:53;AL  ;Cleared;EUtraNetwork=1,ExternalENodeBFunction=2221-211265;Inter Node Carrier Aggregation Service Unavailable;Elastic RAN Carrier Aggregation is not available towards remote eNodeB.
2025-10-05;11:09:05;AL  ;Cleared;EUtraNetwork=1,ExternalENodeBFunction=2221-213851;Inter Node Carrier Aggregation Service Unavailable;Elastic RAN Carrier Aggregation is not available towards remote eNodeB.
2025-10-05;11:09:38;AL  ;Cleared;EUtraNetwork=1,ExternalENodeBFunction=2221-650479;Inter Node Carrier Aggregation Service Unavailable;Elastic RAN Carrier Aggregation is not available towards remote eNodeB.
2025-10-05;14:54:16;AL  ;Minor ;EUtraNetwork=1,ExternalENodeBFunction=2221-650479;Inter Node Carrier Aggregation Service Unavailable;Elastic RAN Carrier Aggregation is not available towards remote eNodeB.
2025-10-05;15:36:25;AL  ;Minor ;ENodeBFunction=1;External Link Failure;X2 link problem to one or several neighbouring eNodeBs. AI: PLMN ID-eNB ID 1 = 2221-650778
2025-10-05;15:43:44;AL  ;Minor ;ENodeBFunction=1;External Link Failure;X2 link problem to one or several neighbouring eNodeBs. AI: PLMN ID-eNB ID 1 = 2221-650778 PLMN ID-eNB ID 2 = 2221-205087
2025-10-05;15:45:48;AL  ;Minor ;ENodeBFunction=1;External Link Failure;X2 link problem to one or several neighbouring eNodeBs. AI: PLMN ID-eNB ID 1 = 2221-650778 PLMN ID-eNB ID 2 = 2221-650463
2025-10-05;16:09:34;AL  ;Minor ;ENodeBFunction=1;External Link Failure;X2 link problem to one or several neighbouring eNodeBs. AI: PLMN ID-eNB ID 1 = 2221-650778
2025-10-05;16:10:13;AL  ;Cleared;ENodeBFunction=1;External Link Failure;X2 link problem to one or several neighbouring eNodeBs. AI: PLMN ID-eNB ID 1 = 2221-650778
2025-10-06;07:51:43;AL  ;Minor ;ENodeBFunction=1;External Link Failure;X2 link problem to one or several neighbouring eNodeBs. AI: PLMN ID-eNB ID 1 = 2221-650238
2025-10-06;08:43:14;AL  ;Cleared;ENodeBFunction=1;External Link Failure;X2 link problem to one or several neighbouring eNodeBs. AI: PLMN ID-eNB ID 1 = 2221-650238
2025-10-06;09:01:55;AL  ;Minor ;EUtraNetwork=1,ExternalENodeBFunction=2221-211265;Inter Node Carrier Aggregation Service Unavailable;Elastic RAN Carrier Aggregation is not available towards remote eNodeB.


KS3ET> lgec -m 30d

251007-11:45:32+0200 19.31.7.220 25.0h MSRBS_NODE_MODEL_25.Q1_198665.224.73_bf81 stopfile=/tmp/951484

Startdate=20250907.094532, Enddate=20251008.094532
Date;Time;Log;Severity;Object;Event;Cause;AdditionalText;AckState;Id;NotificationId;CorrelatedAlarms
Executing action Log.export()
..
Log=AlertLog                    actionId=54703
..........
=================================================================================================================
MO                  actionId result      resultInfo
=================================================================================================================
LogM=1,Log=AlertLog 54703    1 (SUCCESS)           
cat  /ericsson/log/amos/moshell_logfiles/t20251007_37258710_53697/logs_moshell/tempfiles/scp-2-amos_20251007-114442_951373/rcslogs/AlertLog_20230725__214016_20230730__203321.log /ericsson/log/amos/moshell_logfiles/t20251007_37258710_53697/logs_moshell/tempfiles/scp-2-amos_20251007-114442_951373/rcslogs/AlertLog_20230730__203321_20230803__135435.log /ericsson/log/amos/moshell_logfiles/t20251007_37258710_53697/logs_moshell/tempfiles/scp-2-amos_20251007-114442_951373/rcslogs/AlertLog_20230803__135435.log > /ericsson/log/amos/moshell_logfiles/t20251007_37258710_53697/logs_moshell/tempfiles/scp-2-amos_20251007-114442_951373/eventLog951484.xml
2025-09-12;20:47:24;EV  ;Warning;ManagedElement=KS3ET;System Restart Alert;Requested Restart Category: Other, Requested Restart Type: Power, Performed Restart Category: Other, Performed Restart Type: Power. AI: SystemRestart=[{"RRC":"Other","RRT":"Power","PRC":"Other","PRT":"Power"}]
2025-09-12;20:47:35;EV  ;Warning;FieldReplaceableUnit=Radio-S210-1;Radio Restart Alert;Restart details are listed in Additional Information (Mixed Mode with other ME). AI: Restartdetails=[{"RC":"Other","RT":"Power On","ERI":"FALSE"}] :SUPPRESSED
2025-09-12;20:47:38;EV  ;Warning;FieldReplaceableUnit=Radio-S211-1;Radio Restart Alert;Restart details are listed in Additional Information (Mixed Mode with other ME). AI: Restartdetails=[{"RC":"Other","RT":"Power On","ERI":"FALSE"}] :SUPPRESSED
2025-09-12;20:47:39;EV  ;Warning;FieldReplaceableUnit=Radio-S100-1;Radio Restart Alert;Restart details are listed in Additional Information AI: Restartdetails=[{"RC":"Other","RT":"Power On","ERI":"FALSE"}] :SUPPRESSED
2025-09-13;09:25:42;EV  ;Warning;EUtranCellFDD=KS3EE1;Cell Service Unavailable Auto Recovery Initiated Alert;
2025-09-13;09:25:42;EV  ;Warning;EUtranCellFDD=KS3EE2;Cell Service Unavailable Auto Recovery Initiated Alert;
2025-09-13;09:25:43;EV  ;Warning;EUtranCellFDD=KS3ET1;Cell Service Unavailable Auto Recovery Initiated Alert;
2025-09-13;09:25:43;EV  ;Warning;EUtranCellFDD=KS3ET2;Cell Service Unavailable Auto Recovery Initiated Alert;
2025-09-13;09:25:48;EV  ;Warning;RiLink=S210-1;Radio Interface Connectivity Disturbance Alert;Near end port:FieldReplaceableUnit=BB-1,RiPort=A (transportType=NOT_SET) (Mixed Mode with other ME). SUPPRESSED
2025-09-13;09:25:48;EV  ;Warning;RiLink=S211-1;Radio Interface Connectivity Disturbance Alert;Near end port:FieldReplaceableUnit=BB-1,RiPort=B (transportType=NOT_SET) (Mixed Mode with other ME). SUPPRESSED
2025-09-13;09:25:48;EV  ;Warning;RiLink=S100-1;Radio Interface Connectivity Disturbance Alert;Near end port:FieldReplaceableUnit=BB-1,RiPort=D (transportType=NOT_SET). SUPPRESSED
2025-09-13;09:25:54;EV  ;Warning;EUtranCellFDD=KS3ET1;Cell Service Available Auto Recovery Successful Alert;
2025-09-13;09:25:56;EV  ;Warning;EUtranCellFDD=KS3ET2;Cell Service Available Auto Recovery Successful Alert;
2025-10-06;01:41:16;EV  ;Warning;RiLink=S210-1;Radio Interface Connectivity Disturbance Alert;Near end port:FieldReplaceableUnit=BB-1,RiPort=A (transportType=NOT_SET) (Mixed Mode with other ME). SUPPRESSED

Bye...
Output has been logged to file /mta_fs/UserFiles/37258710/amosbatch/2025-10-07_11-07-01_53697/KS3ET.log
