Logging to file /mta_fs/UserFiles/37258710/amosbatch/2025-10-07_11-07-01_53697/KS40L.log
                        __  __  ____   _____
                  /\   |  \/  |/ __ \ / ____|
                 /  \  | \  / | |  | | (___  
                / /\ \ | |\/| | |  | |\___ \ 
               / ____ \| |  | | |__| |____) |
              /_/    \_\_|  |_|\____/|_____/
              OSS Framework for MoShell-25.0h 
  Copyright (c) Ericsson AB 2001-2025 - All Rights Reserved
              
           
[1;31mWARNING: [0mthe AMOS version currently running is more than 22 weeks old and is unsupported.
Please upgrade as soon as possible to the latest released version, available from your local Ericsson support.

$amosrb_pid = 1020642

Checking ip contact...OK

HELP MENU            : h
BASIC MO COMMANDS    : m
OTHER MO COMMANDS    : n
OTHER COMMANDS       : o
PM COMMANDS          : p
QUIT                 : q

KS40L> lt all

251007-11:53:12+0200 19.31.5.218 25.0h  stopfile=/tmp/1020187
Looking up temporary_amos account... OK.
Trying temporary_amos_t20251007_37258710_53697_313's password from amos lookupAccount ... OK

$ssh_pid = 1021844

Connected to 19.31.5.218 (SubNetwork=BBMM_rckomc_R,MeContext=KS40L,ManagedElement=KS40L)

Checking MOM version...MSRBS_NODE_MODEL_25.Q1_693.28324.131_62ac
Parsing MOM (cached): /ericsson/log/amos/moshell_logfiles/t20251007_37258710_53697/logs_moshell/tempfiles/scp-2-amos_20251007-115305_1020108/MSRBS_NODE_MODEL_25.Q1_693.28324.131_62ac.xml.cache.gz ..................................................................................................................................................................................................................................Done.
Using paramfile /opt/ericsson/amos/moshell/commonjars/pm/PARAM_MSRBS_25.Q1.txt
Parsing file /opt/ericsson/amos/moshell/commonjars/pm/PARAM_MSRBS_25.Q1.txt .......................................................................................Done.
Using imomdfile /opt/ericsson/amos/moshell/commonjars/pm/IMOMD_MSRBS_22.Q4.txt
Using imomfile /opt/ericsson/amos/moshell/commonjars/pm/IMOM_MSRBS_25.Q1.txt
Connected to 19.31.5.218 (SubNetwork=BBMM_rckomc_R,MeContext=KS40L,ManagedElement=KS40L)

Last MO: 17314. Loaded 17314 MOs. Total: 17315 MOs.

KS40L> hget EUtranCellFDD ^cellid

251007-11:53:25+0200 19.31.5.218 25.0h MSRBS_NODE_MODEL_25.Q1_693.28324.131_62ac stopfile=/tmp/1020187

=================================================================================================================
MO                   cellId
=================================================================================================================
EUtranCellFDD=KS40L1 21    
EUtranCellFDD=KS40L2 22    
EUtranCellFDD=KS40L3 23    
=================================================================================================================
Total: 3 MOs

Added 3 MOs to group: hget_group

KS40L> hget NbIotCell ^cellid

251007-11:53:26+0200 19.31.5.218 25.0h MSRBS_NODE_MODEL_25.Q1_693.28324.131_62ac stopfile=/tmp/1020187
Total: 0 MOs

KS40L> hget NRCellDU ^cellLocalId

251007-11:53:26+0200 19.31.5.218 25.0h MSRBS_NODE_MODEL_25.Q1_693.28324.131_62ac stopfile=/tmp/1020187
Total: 0 MOs

KS40L> lgdc -m 30d

251007-11:53:26+0200 19.31.5.218 25.0h MSRBS_NODE_MODEL_25.Q1_693.28324.131_62ac stopfile=/tmp/1020187

Startdate=20250907.095326, Enddate=20251008.095327
INFO: Using amos lookupAccount credentials for the export login

Executing action LogM.exportAvailabilityLog()
...LogM=1,exportAvailabilityLog    actionId=28464
...
=================================================================================================================
MO     actionId result      resultInfo
=================================================================================================================
LogM=1 28464    1 (SUCCESS)           
cp /ericsson/log/amos/moshell_logfiles/t20251007_37258710_53697/logs_moshell/tempfiles/scp-2-amos_20251007-115305_1020108/rcslogs/RBS_CS_AVAILABILITY_LOG_20251007095329.xml /ericsson/log/amos/moshell_logfiles/t20251007_37258710_53697/logs_moshell/tempfiles/scp-2-amos_20251007-115305_1020108/availabilityLog1020187.xml
Parsing availabilityLog....Done.
.
Date;Time;RestartType;SwVersion;SwRelease;RCSDowntime;ApplicationDowntime;TNDowntime;RATsDowntime;ExtraInfo;ExtraInfo2
2025-09-08;04:03:51;PartialOutage(Manual);33% Lrat Cell 22; ();7s;;;;;
2025-09-08;04:04:05;PartialOutage(Manual);33% Lrat Cell 23; ();10s;;;;;
2025-09-08;04:04:19;PartialOutage(Manual);33% Lrat Cell 21; ();9s;;;;;

Node uptime since last restart: 2526547 seconds (29 days, 5 hours, 49 minutes, 7 seconds)
------------------------------------------------------------------------------------------------------
Period=30 days       NodeUpgrade      NodeManual       NodeSpontaneous  AllNodeRestarts  PartialOutages  
------------------------------------------------------------------------------------------------------
Number Of outages    0                0                0                0                3               
Total downtime       0s               0s               0s               0s               26s             
Downtime per day     0s               0s               0s               0s               1s              
Downtime per outage  0s               0s               0s               0s               9s              

KS40L> lgac -m 30d

251007-11:53:35+0200 19.31.5.218 25.0h MSRBS_NODE_MODEL_25.Q1_693.28324.131_62ac stopfile=/tmp/1020187

Startdate=20250907.095335, Enddate=20251008.095335
Date;Time;Log;Severity;Object;Event;Cause;AdditionalText;AckState;Id;NotificationId;CorrelatedAlarms
Executing action Log.export()
..
Log=AlarmLog                    actionId=28465
...
=================================================================================================================
MO                  actionId result      resultInfo
=================================================================================================================
LogM=1,Log=AlarmLog 28465    1 (SUCCESS)           
cat  /ericsson/log/amos/moshell_logfiles/t20251007_37258710_53697/logs_moshell/tempfiles/scp-2-amos_20251007-115305_1020108/rcslogs/saLogAlarm_20230223__083956_20250224__231532.log /ericsson/log/amos/moshell_logfiles/t20251007_37258710_53697/logs_moshell/tempfiles/scp-2-amos_20251007-115305_1020108/rcslogs/saLogAlarm_20250224__231532.log > /ericsson/log/amos/moshell_logfiles/t20251007_37258710_53697/logs_moshell/tempfiles/scp-2-amos_20251007-115305_1020108/alarmLog1020187.xml
2025-09-09;13:47:46;AL  ;Warning;ENodeBFunction=1;PLMN Service Redundancy Lost;S1 connection failure for PLMN connected with link represented by MO listed in Additional Information. AI: PLMN = ["2221"],DN1=ManagedElement=1,ENodeBFunction=1,TermPointToMme=4,DN2=ManagedElement=1,ENodeBFunction=1,TermPointToMme=3,DN3=ManagedElement=1,ENodeBFunction=1,TermPointToMme=2,DN4=ManagedElement=1,ENodeBFunction=1,TermPointToMme=5,
2025-09-09;13:48:17;AL  ;Cleared;ENodeBFunction=1;PLMN Service Redundancy Lost;S1 connection failure for PLMN connected with link represented by MO listed in Additional Information. AI: PLMN = ["2221"],DN1=ManagedElement=1,ENodeBFunction=1,TermPointToMme=2,
2025-09-10;00:49:13;AL  ;Minor ;EUtraNetwork=1,ExternalENodeBFunction=2221-213265;Inter Node Feature Incompatibility;Elastic RAN feature is not activated in remote eNodeB. SUPPRESSED
2025-09-11;06:43:16;AL  ;Cleared;EUtraNetwork=1,ExternalENodeBFunction=2221-213265;Inter Node Feature Incompatibility;Elastic RAN feature is not activated in remote eNodeB. SUPPRESSED
2025-09-11;06:52:46;AL  ;Minor ;ENodeBFunction=1;External Link Failure;X2 link problem to one or several neighbouring eNodeBs. AI: PLMN ID-eNB ID 1 = 2221-213265
2025-09-11;11:09:08;AL  ;Cleared;ENodeBFunction=1;External Link Failure;X2 link problem to one or several neighbouring eNodeBs. AI: PLMN ID-eNB ID 1 = 2221-213265
2025-09-16;10:05:23;AL  ;Warning;ENodeBFunction=1;PLMN Service Redundancy Lost;S1 connection failure for PLMN connected with link represented by MO listed in Additional Information. AI: PLMN = ["2221"],DN1=ManagedElement=1,ENodeBFunction=1,TermPointToMme=5,
2025-09-16;10:05:53;AL  ;Cleared;ENodeBFunction=1;PLMN Service Redundancy Lost;S1 connection failure for PLMN connected with link represented by MO listed in Additional Information. AI: PLMN = ["2221"],DN1=ManagedElement=1,ENodeBFunction=1,TermPointToMme=5,
2025-09-18;12:08:12;AL  ;Minor ;EUtraNetwork=1,ExternalENodeBFunction=2221-650034;Inter Node Carrier Aggregation Service Unavailable;Elastic RAN Carrier Aggregation is not available towards remote eNodeB.
2025-09-21;07:03:27;AL  ;Cleared;EUtraNetwork=1,ExternalENodeBFunction=2221-650034;Inter Node Carrier Aggregation Service Unavailable;Elastic RAN Carrier Aggregation is not available towards remote eNodeB.
2025-09-24;14:05:41;AL  ;Minor ;EUtraNetwork=1,ExternalENodeBFunction=2221-650034;Inter Node Carrier Aggregation Service Unavailable;Elastic RAN Carrier Aggregation is not available towards remote eNodeB.
2025-09-26;13:27:49;AL  ;Minor ;ENodeBFunction=1;External Link Failure;X2 link problem to one or several neighbouring eNodeBs. AI: PLMN ID-eNB ID 1 = 2221-204754
2025-09-26;13:28:14;AL  ;Minor ;ENodeBFunction=1;External Link to GNodeB Failure;X2 link problem to one or several neighbouring gNodeBs. AI: PLMN ID-gNB ID 1 = 2221-1051409
2025-09-26;18:48:14;AL  ;Cleared;ENodeBFunction=1;External Link Failure;X2 link problem to one or several neighbouring eNodeBs. AI: PLMN ID-eNB ID 1 = 2221-204754 PLMN ID-eNB ID 2 = 2221-204753
2025-09-26;18:48:38;AL  ;Cleared;ENodeBFunction=1;External Link to GNodeB Failure;X2 link problem to one or several neighbouring gNodeBs. AI: PLMN ID-gNB ID 1 = 2221-1051409
2025-09-28;07:03:13;AL  ;Cleared;EUtraNetwork=1,ExternalENodeBFunction=2221-650034;Inter Node Carrier Aggregation Service Unavailable;Elastic RAN Carrier Aggregation is not available towards remote eNodeB.
2025-09-28;07:03:33;AL  ;Minor ;EUtraNetwork=1,ExternalENodeBFunction=2221-650034;Inter Node Carrier Aggregation Service Unavailable;Elastic RAN Carrier Aggregation is not available towards remote eNodeB.
2025-09-28;09:17:42;AL  ;Cleared;EUtraNetwork=1,ExternalENodeBFunction=2221-650034;Inter Node Carrier Aggregation Service Unavailable;Elastic RAN Carrier Aggregation is not available towards remote eNodeB.


KS40L> lgec -m 30d

251007-11:53:41+0200 19.31.5.218 25.0h MSRBS_NODE_MODEL_25.Q1_693.28324.131_62ac stopfile=/tmp/1020187

Startdate=20250907.095341, Enddate=20251008.095341
Date;Time;Log;Severity;Object;Event;Cause;AdditionalText;AckState;Id;NotificationId;CorrelatedAlarms
Executing action Log.export()
..
Log=AlertLog                    actionId=28466
...
=================================================================================================================
MO                  actionId result      resultInfo
=================================================================================================================
LogM=1,Log=AlertLog 28466    1 (SUCCESS)           
cat  /ericsson/log/amos/moshell_logfiles/t20251007_37258710_53697/logs_moshell/tempfiles/scp-2-amos_20251007-115305_1020108/rcslogs/AlertLog_20230223__084017_20250224__231604.log /ericsson/log/amos/moshell_logfiles/t20251007_37258710_53697/logs_moshell/tempfiles/scp-2-amos_20251007-115305_1020108/rcslogs/AlertLog_20250224__231604.log > /ericsson/log/amos/moshell_logfiles/t20251007_37258710_53697/logs_moshell/tempfiles/scp-2-amos_20251007-115305_1020108/eventLog1020187.xml
2025-10-01;21:43:15;EV  ;Warning;RiLink=S211-1;Radio Interface Connectivity Disturbance Alert;Near end port:FieldReplaceableUnit=BB-1,RiPort=B (transportType=NOT_SET) (Mixed Mode with other ME). SUPPRESSED

Bye...
Output has been logged to file /mta_fs/UserFiles/37258710/amosbatch/2025-10-07_11-07-01_53697/KS40L.log
