Logging to file /mta_fs/UserFiles/37258710/amosbatch/2025-10-07_11-07-01_53697/KS50E.log
                        __  __  ____   _____
                  /\   |  \/  |/ __ \ / ____|
                 /  \  | \  / | |  | | (___  
                / /\ \ | |\/| | |  | |\___ \ 
               / ____ \| |  | | |__| |____) |
              /_/    \_\_|  |_|\____/|_____/
              OSS Framework for MoShell-25.0h 
  Copyright (c) Ericsson AB 2001-2025 - All Rights Reserved
              
           
[1;31mWARNING: [0mthe AMOS version currently running is more than 22 weeks old and is unsupported.
Please upgrade as soon as possible to the latest released version, available from your local Ericsson support.

$amosrb_pid = 628954

Checking ip contact...OK

HELP MENU            : h
BASIC MO COMMANDS    : m
OTHER MO COMMANDS    : n
OTHER COMMANDS       : o
PM COMMANDS          : p
QUIT                 : q

KS50E> lt all

251007-11:07:32+0200 19.31.5.211 25.0h  stopfile=/tmp/628437
Looking up temporary_amos account... OK.
Trying temporary_amos_t20251007_37258710_53697_313's password from amos lookupAccount ... OK

$ssh_pid = 630598

Connected to 19.31.5.211 (SubNetwork=BBMM_rckomc_R,MeContext=KS50E,ManagedElement=KS50E)

Fetching 191 MOM fragments via HTTPS
...............................................................................................................................................................................................
Checking MOM version...MSRBS_NODE_MODEL_25.Q1_693.28324.131_62ac
Copying /ericsson/log/amos/moshell_logfiles/t20251007_37258710_53697/logs_moshell/tempfiles/scp-2-amos_20251007-110724_628328/com_node_mim.xml.gz to /home/shared/t20251007_37258710_53697/moshell/jarxml/MSRBS_NODE_MODEL_25.Q1_693.28324.131_62ac.xml.gz
Parsing MOM: /home/shared/t20251007_37258710_53697/moshell/jarxml/MSRBS_NODE_MODEL_25.Q1_693.28324.131_62ac.xml.gz ........................................................................................................................................................................................................................................................................Done.
Caching MOM to: /home/shared/t20251007_37258710_53697/moshell/jarxml/MSRBS_NODE_MODEL_25.Q1_693.28324.131_62ac.xml.cache .....Done.
Compressing to: /home/shared/t20251007_37258710_53697/moshell/jarxml/MSRBS_NODE_MODEL_25.Q1_693.28324.131_62ac.xml.cache.gz ...Done.
Using paramfile /opt/ericsson/amos/moshell/commonjars/pm/PARAM_MSRBS_25.Q1.txt
Parsing file /opt/ericsson/amos/moshell/commonjars/pm/PARAM_MSRBS_25.Q1.txt .......................................................................................Done.
Using imomdfile /opt/ericsson/amos/moshell/commonjars/pm/IMOMD_MSRBS_22.Q4.txt
Using imomfile /opt/ericsson/amos/moshell/commonjars/pm/IMOM_MSRBS_25.Q1.txt
Connected to 19.31.5.211 (SubNetwork=BBMM_rckomc_R,MeContext=KS50E,ManagedElement=KS50E)

Last MO: 18704. Loaded 18704 MOs. Total: 18705 MOs.

KS50E> hget EUtranCellFDD ^cellid

251007-11:08:42+0200 19.31.5.211 25.0h MSRBS_NODE_MODEL_25.Q1_693.28324.131_62ac stopfile=/tmp/628437
.
=================================================================================================================
MO                   cellId
=================================================================================================================
EUtranCellFDD=KS50E1 61    
EUtranCellFDD=KS50E2 62    
EUtranCellFDD=KS50E3 63    
EUtranCellFDD=KS50M1 31    
EUtranCellFDD=KS50M2 32    
EUtranCellFDD=KS50M3 33    
EUtranCellFDD=KS50T1 41    
EUtranCellFDD=KS50T2 42    
EUtranCellFDD=KS50T3 43    
=================================================================================================================
Total: 9 MOs

Added 9 MOs to group: hget_group

KS50E> hget NbIotCell ^cellid

251007-11:08:42+0200 19.31.5.211 25.0h MSRBS_NODE_MODEL_25.Q1_693.28324.131_62ac stopfile=/tmp/628437
.
=================================================================================================================
MO               cellId
=================================================================================================================
NbIotCell=KS50N1 161   
NbIotCell=KS50N2 162   
NbIotCell=KS50N3 163   
=================================================================================================================
Total: 3 MOs

Added 3 MOs to group: hget_group

KS50E> hget NRCellDU ^cellLocalId

251007-11:08:43+0200 19.31.5.211 25.0h MSRBS_NODE_MODEL_25.Q1_693.28324.131_62ac stopfile=/tmp/628437
Total: 0 MOs

KS50E> lgdc -m 30d

251007-11:08:43+0200 19.31.5.211 25.0h MSRBS_NODE_MODEL_25.Q1_693.28324.131_62ac stopfile=/tmp/628437

Startdate=20250907.090843, Enddate=20251008.090843
INFO: Using amos lookupAccount credentials for the export login

Executing action LogM.exportAvailabilityLog()
...LogM=1,exportAvailabilityLog    actionId=29924
...
=================================================================================================================
MO     actionId result      resultInfo
=================================================================================================================
LogM=1 29924    1 (SUCCESS)           
cp /ericsson/log/amos/moshell_logfiles/t20251007_37258710_53697/logs_moshell/tempfiles/scp-2-amos_20251007-110724_628328/rcslogs/RBS_CS_AVAILABILITY_LOG_20251007090845.xml /ericsson/log/amos/moshell_logfiles/t20251007_37258710_53697/logs_moshell/tempfiles/scp-2-amos_20251007-110724_628328/availabilityLog628437.xml
Parsing availabilityLog....Done.
.
Date;Time;RestartType;SwVersion;SwRelease;RCSDowntime;ApplicationDowntime;TNDowntime;RATsDowntime;ExtraInfo;ExtraInfo2
2025-09-08;00:27:40;PartialOutage(Manual);11% Lrat Cell 41; ();5s;;;;;
2025-09-08;00:27:46;PartialOutage(Manual);11% Lrat Cell 42; ();10s;;;;;
2025-09-08;00:28:01;PartialOutage(Manual);11% Lrat Cell 43; ();8s;;;;;
2025-09-08;00:28:11;PartialOutage(Manual);11% Lrat Cell 31; ();11s;;;;;
2025-09-08;00:28:24;PartialOutage(Manual);11% Lrat Cell 32; ();9s;;;;;
2025-09-08;00:28:35;PartialOutage(Manual);11% Lrat Cell 33; ();9s;;;;;
2025-09-08;00:28:47;PartialOutage(Manual);33% Lrat Cell 161; ();1s;;;;;
2025-09-08;00:28:48;PartialOutage(Manual);11% Lrat Cell 61; ();8s;;;;;
2025-09-08;00:29:00;PartialOutage(Manual);11% Lrat Cell 62; ();7s;;;;;
2025-09-08;00:29:11;PartialOutage(Manual);11% Lrat Cell 63; ();2s;;;;;
2025-09-08;00:29:13;PartialOutage(Manual);50% Lrat Cell 162 163; ();7s;;;;;
2025-09-08;00:29:25;PartialOutage(Manual);58% Lrat Cell 163; ();11s;;;;;
2025-09-10;14:12:53;PartialOutage(System);100% Lrat Cell 61 62 63 31 32 33 41 42 43; ();22s;;;;;
2025-09-10;14:13:15;PartialOutage(System);100% Lrat Cell 62 31 32 33 41 42 43; ();1s;;;;;
2025-09-10;14:13:17;PartialOutage(System);100% Lrat Cell 31 32 41 42 43; ();1s;;;;;
2025-09-10;14:13:18;PartialOutage(System);100% Lrat Cell 32 42; ();1s;;;;;
2025-09-10;14:13:19;PartialOutage(System);100% Lrat Cell 42; ();2s;;;;;
2025-09-26;14:59:56;PartialOutage(System);100% Lrat Cell 61 62 63 31 32 33 41 42 43; ();14s;;;;;
2025-09-26;15:00:10;PartialOutage(System);100% Lrat Cell 62 31 32 33 41 42 43; ();1s;;;;;
2025-09-26;15:00:13;PartialOutage(System);100% Lrat Cell 32 42; ();1s;;;;;
2025-09-26;15:00:14;PartialOutage(System);100% Lrat Cell 42; ();2s;;;;;

Node uptime since last restart: 929315 seconds (10 days, 18 hours, 8 minutes, 35 seconds)
------------------------------------------------------------------------------------------------------
Period=30 days       NodeUpgrade      NodeManual       NodeSpontaneous  AllNodeRestarts  PartialOutages  
------------------------------------------------------------------------------------------------------
Number Of outages    0                0                0                0                21              
Total downtime       0s               0s               0s               0s               133s (2m13s)    
Downtime per day     0s               0s               0s               0s               4s              
Downtime per outage  0s               0s               0s               0s               6s              

KS50E> lgac -m 30d

251007-11:08:51+0200 19.31.5.211 25.0h MSRBS_NODE_MODEL_25.Q1_693.28324.131_62ac stopfile=/tmp/628437

Startdate=20250907.090852, Enddate=20251008.090852
Date;Time;Log;Severity;Object;Event;Cause;AdditionalText;AckState;Id;NotificationId;CorrelatedAlarms
Executing action Log.export()
..
Log=AlarmLog                    actionId=29925
......
=================================================================================================================
MO                  actionId result      resultInfo
=================================================================================================================
LogM=1,Log=AlarmLog 29925    1 (SUCCESS)           
cat  /ericsson/log/amos/moshell_logfiles/t20251007_37258710_53697/logs_moshell/tempfiles/scp-2-amos_20251007-110724_628328/rcslogs/saLogAlarm_20240329__084116_20250224__234151.log /ericsson/log/amos/moshell_logfiles/t20251007_37258710_53697/logs_moshell/tempfiles/scp-2-amos_20251007-110724_628328/rcslogs/saLogAlarm_20250224__234151.log > /ericsson/log/amos/moshell_logfiles/t20251007_37258710_53697/logs_moshell/tempfiles/scp-2-amos_20251007-110724_628328/alarmLog628437.xml
2025-09-07;09:08:54;AL  ;Cleared;EUtraNetwork=1,ExternalENodeBFunction=2221-207904;Inter Node Carrier Aggregation Service Unavailable;Elastic RAN Carrier Aggregation is not available towards remote eNodeB.
2025-09-07;09:08:56;AL  ;Minor ;EUtraNetwork=1,ExternalENodeBFunction=2221-204910;Inter Node Carrier Aggregation Service Unavailable;Elastic RAN Carrier Aggregation is not available towards remote eNodeB.
2025-09-07;09:09:06;AL  ;Minor ;EUtraNetwork=1,ExternalENodeBFunction=2221-207905;Inter Node Carrier Aggregation Service Unavailable;Elastic RAN Carrier Aggregation is not available towards remote eNodeB.
2025-09-07;09:13:54;AL  ;Cleared;EUtraNetwork=1,ExternalENodeBFunction=2221-650666;Inter Node Carrier Aggregation Service Unavailable;Elastic RAN Carrier Aggregation is not available towards remote eNodeB.
2025-09-07;09:14:19;AL  ;Minor ;EUtraNetwork=1,ExternalENodeBFunction=2221-650666;Inter Node Carrier Aggregation Service Unavailable;Elastic RAN Carrier Aggregation is not available towards remote eNodeB.
2025-09-07;09:15:07;AL  ;Cleared;EUtraNetwork=1,ExternalENodeBFunction=2221-206255;Inter Node Carrier Aggregation Service Unavailable;Elastic RAN Carrier Aggregation is not available towards remote eNodeB.
2025-09-07;09:17:03;AL  ;Cleared;EUtraNetwork=1,ExternalENodeBFunction=2221-650031;Inter Node Carrier Aggregation Service Unavailable;Elastic RAN Carrier Aggregation is not available towards remote eNodeB.
2025-09-07;09:17:20;AL  ;Cleared;EUtraNetwork=1,ExternalENodeBFunction=2221-206973;Inter Node Carrier Aggregation Service Unavailable;Elastic RAN Carrier Aggregation is not available towards remote eNodeB.
2025-09-07;09:17:21;AL  ;Minor ;EUtraNetwork=1,ExternalENodeBFunction=2221-205970;Inter Node Carrier Aggregation Service Unavailable;Elastic RAN Carrier Aggregation is not available towards remote eNodeB.
2025-09-07;09:17:30;AL  ;Cleared;EUtraNetwork=1,ExternalENodeBFunction=2221-207910;Inter Node Carrier Aggregation Service Unavailable;Elastic RAN Carrier Aggregation is not available towards remote eNodeB.
2025-09-07;09:17:31;AL  ;Minor ;EUtraNetwork=1,ExternalENodeBFunction=2221-205984;Inter Node Carrier Aggregation Service Unavailable;Elastic RAN Carrier Aggregation is not available towards remote eNodeB.
2025-09-07;09:17:46;AL  ;Minor ;EUtraNetwork=1,ExternalENodeBFunction=2221-205985;Inter Node Carrier Aggregation Service Unavailable;Elastic RAN Carrier Aggregation is not available towards remote eNodeB.
2025-09-07;09:18:06;AL  ;Minor ;EUtraNetwork=1,ExternalENodeBFunction=2221-650031;Inter Node Carrier Aggregation Service Unavailable;Elastic RAN Carrier Aggregation is not available towards remote eNodeB.
2025-09-07;09:21:13;AL  ;Cleared;EUtraNetwork=1,ExternalENodeBFunction=2221-205970;Inter Node Carrier Aggregation Service Unavailable;Elastic RAN Carrier Aggregation is not available towards remote eNodeB.
2025-09-07;09:21:20;AL  ;Cleared;EUtraNetwork=1,ExternalENodeBFunction=2221-205969;Inter Node Carrier Aggregation Service Unavailable;Elastic RAN Carrier Aggregation is not available towards remote eNodeB.
2025-09-07;09:21:30;AL  ;Minor ;EUtraNetwork=1,ExternalENodeBFunction=2221-205969;Inter Node Carrier Aggregation Service Unavailable;Elastic RAN Carrier Aggregation is not available towards remote eNodeB.
2025-09-07;09:22:13;AL  ;Cleared;EUtraNetwork=1,ExternalENodeBFunction=2221-208332;Inter Node Carrier Aggregation Service Unavailable;Elastic RAN Carrier Aggregation is not available towards remote eNodeB.
2025-09-07;09:22:18;AL  ;Minor ;EUtraNetwork=1,ExternalENodeBFunction=2221-205970;Inter Node Carrier Aggregation Service Unavailable;Elastic RAN Carrier Aggregation is not available towards remote eNodeB.
2025-09-07;09:25:33;AL  ;Cleared;EUtraNetwork=1,ExternalENodeBFunction=2221-205984;Inter Node Carrier Aggregation Service Unavailable;Elastic RAN Carrier Aggregation is not available towards remote eNodeB.
2025-09-07;09:25:37;AL  ;Cleared;EUtraNetwork=1,ExternalENodeBFunction=2221-650031;Inter Node Carrier Aggregation Service Unavailable;Elastic RAN Carrier Aggregation is not available towards remote eNodeB.
2025-09-07;09:25:37;AL  ;Minor ;EUtraNetwork=1,ExternalENodeBFunction=2221-206255;Inter Node Carrier Aggregation Service Unavailable;Elastic RAN Carrier Aggregation is not available towards remote eNodeB.
2025-09-07;09:25:44;AL  ;Cleared;EUtraNetwork=1,ExternalENodeBFunction=2221-205985;Inter Node Carrier Aggregation Service Unavailable;Elastic RAN Carrier Aggregation is not available towards remote eNodeB.
2025-09-07;09:25:49;AL  ;Minor ;EUtraNetwork=1,ExternalENodeBFunction=2221-206973;Inter Node Carrier Aggregation Service Unavailable;Elastic RAN Carrier Aggregation is not available towards remote eNodeB.
2025-09-07;09:25:49;AL  ;Cleared;EUtraNetwork=1,ExternalENodeBFunction=2221-207912;Inter Node Carrier Aggregation Service Unavailable;Elastic RAN Carrier Aggregation is not available towards remote eNodeB.
2025-09-07;09:25:56;AL  ;Minor ;EUtraNetwork=1,ExternalENodeBFunction=2221-207904;Inter Node Carrier Aggregation Service Unavailable;Elastic RAN Carrier Aggregation is not available towards remote eNodeB.
2025-09-07;09:25:58;AL  ;Cleared;EUtraNetwork=1,ExternalENodeBFunction=2221-204910;Inter Node Carrier Aggregation Service Unavailable;Elastic RAN Carrier Aggregation is not available towards remote eNodeB.
2025-09-07;09:26:03;AL  ;Minor ;EUtraNetwork=1,ExternalENodeBFunction=2221-207910;Inter Node Carrier Aggregation Service Unavailable;Elastic RAN Carrier Aggregation is not available towards remote eNodeB.
2025-09-07;09:26:03;AL  ;Cleared;EUtraNetwork=1,ExternalENodeBFunction=2221-207132;Inter Node Carrier Aggregation Service Unavailable;Elastic RAN Carrier Aggregation is not available towards remote eNodeB.
2025-09-07;09:26:07;AL  ;Minor ;EUtraNetwork=1,ExternalENodeBFunction=2221-207913;Inter Node Carrier Aggregation Service Unavailable;Elastic RAN Carrier Aggregation is not available towards remote eNodeB.
2025-09-07;09:26:08;AL  ;Cleared;EUtraNetwork=1,ExternalENodeBFunction=2221-205970;Inter Node Carrier Aggregation Service Unavailable;Elastic RAN Carrier Aggregation is not available towards remote eNodeB.
2025-09-07;09:26:10;AL  ;Minor ;EUtraNetwork=1,ExternalENodeBFunction=2221-207912;Inter Node Carrier Aggregation Service Unavailable;Elastic RAN Carrier Aggregation is not available towards remote eNodeB.
2025-09-07;09:26:12;AL  ;Cleared;EUtraNetwork=1,ExternalENodeBFunction=2221-650666;Inter Node Carrier Aggregation Service Unavailable;Elastic RAN Carrier Aggregation is not available towards remote eNodeB.
2025-09-07;09:26:15;AL  ;Minor ;EUtraNetwork=1,ExternalENodeBFunction=2221-650028;Inter Node Carrier Aggregation Service Unavailable;Elastic RAN Carrier Aggregation is not available towards remote eNodeB.
2025-09-07;09:26:20;AL  ;Cleared;EUtraNetwork=1,ExternalENodeBFunction=2221-207905;Inter Node Carrier Aggregation Service Unavailable;Elastic RAN Carrier Aggregation is not available towards remote eNodeB.
2025-09-07;09:26:24;AL  ;Cleared;EUtraNetwork=1,ExternalENodeBFunction=2221-205969;Inter Node Carrier Aggregation Service Unavailable;Elastic RAN Carrier Aggregation is not available towards remote eNodeB.
2025-09-07;09:26:30;AL  ;Minor ;EUtraNetwork=1,ExternalENodeBFunction=2221-650035;Inter Node Carrier Aggregation Service Unavailable;Elastic RAN Carrier Aggregation is not available towards remote eNodeB.
2025-09-07;09:34:55;AL  ;Cleared;EUtraNetwork=1,ExternalENodeBFunction=2221-207912;Inter Node Carrier Aggregation Service Unavailable;Elastic RAN Carrier Aggregation is not available towards remote eNodeB.
2025-09-07;09:34:59;AL  ;Cleared;EUtraNetwork=1,ExternalENodeBFunction=2221-207913;Inter Node Carrier Aggregation Service Unavailable;Elastic RAN Carrier Aggregation is not available towards remote eNodeB.
2025-09-07;09:35:44;AL  ;Minor ;EUtraNetwork=1,ExternalENodeBFunction=2221-207913;Inter Node Carrier Aggregation Service Unavailable;Elastic RAN Carrier Aggregation is not available towards remote eNodeB.
2025-09-07;09:41:11;AL  ;Minor ;EUtraNetwork=1,ExternalENodeBFunction=2221-650193;Inter Node Carrier Aggregation Service Unavailable;Elastic RAN Carrier Aggregation is not available towards remote eNodeB.
2025-09-07;11:37:20;AL  ;Minor ;EUtraNetwork=1,ExternalENodeBFunction=2221-650033;Inter Node Carrier Aggregation Service Unavailable;Elastic RAN Carrier Aggregation is not available towards remote eNodeB.
2025-09-07;11:56:14;AL  ;Cleared;EUtraNetwork=1,ExternalENodeBFunction=2221-650033;Inter Node Carrier Aggregation Service Unavailable;Elastic RAN Carrier Aggregation is not available towards remote eNodeB.
2025-09-07;22:18:13;AL  ;Minor ;EUtraNetwork=1,ExternalENodeBFunction=2221-650031;Inter Node Carrier Aggregation Service Unavailable;Elastic RAN Carrier Aggregation is not available towards remote eNodeB.
2025-09-08;01:07:17;AL  ;Minor ;EUtraNetwork=1,ExternalENodeBFunction=2221-205969;Inter Node Carrier Aggregation Service Unavailable;Elastic RAN Carrier Aggregation is not available towards remote eNodeB.
2025-09-08;04:27:55;AL  ;Minor ;EUtraNetwork=1,ExternalENodeBFunction=2221-204910;Inter Node Carrier Aggregation Service Unavailable;Elastic RAN Carrier Aggregation is not available towards remote eNodeB.
2025-09-08;06:35:25;AL  ;Minor ;ENodeBFunction=1;External Link Failure;X2 link problem to one or several neighbouring eNodeBs. AI: PLMN ID-eNB ID 1 = 2221-205060
2025-09-08;07:55:36;AL  ;Cleared;ENodeBFunction=1;External Link Failure;X2 link problem to one or several neighbouring eNodeBs. AI: PLMN ID-eNB ID 1 = 2221-205060
2025-09-08;08:05:54;AL  ;Minor ;ENodeBFunction=1;External Link Failure;X2 link problem to one or several neighbouring eNodeBs. AI: PLMN ID-eNB ID 1 = 2221-205060
2025-09-08;12:02:18;AL  ;Cleared;ENodeBFunction=1;External Link Failure;X2 link problem to one or several neighbouring eNodeBs. AI: PLMN ID-eNB ID 1 = 2221-205060
2025-09-09;13:47:45;AL  ;Warning;ENodeBFunction=1;PLMN Service Redundancy Lost;S1 connection failure for PLMN connected with link represented by MO listed in Additional Information. AI: PLMN = ["2221"],DN1=ManagedElement=1,ENodeBFunction=1,TermPointToMme=4,DN2=ManagedElement=1,ENodeBFunction=1,TermPointToMme=1,
2025-09-09;13:47:48;AL  ;Cleared;EUtraNetwork=1,ExternalENodeBFunction=2221-650028;Inter Node Carrier Aggregation Service Unavailable;Elastic RAN Carrier Aggregation is not available towards remote eNodeB.
2025-09-09;13:47:50;AL  ;Minor ;EUtraNetwork=1,ExternalENodeBFunction=2221-205970;Inter Node Carrier Aggregation Service Unavailable;Elastic RAN Carrier Aggregation is not available towards remote eNodeB.
2025-09-09;13:48:15;AL  ;Major ;Synchronization=1,RadioEquipmentClock=1,RadioEquipmentClockReference=PTP;Sync PTP Time Reachability Fault;No PTP messages
2025-09-09;13:48:16;AL  ;Cleared;ENodeBFunction=1;PLMN Service Redundancy Lost;S1 connection failure for PLMN connected with link represented by MO listed in Additional Information. AI: PLMN = ["2221"],DN1=ManagedElement=1,ENodeBFunction=1,TermPointToMme=4,
2025-09-09;13:50:07;AL  ;Minor ;Synchronization=1,RadioEquipmentClock=1;Radio Clock Service in Time Holdover Mode;Time sync reference failure
2025-09-09;14:03:19;AL  ;Cleared;Synchronization=1,RadioEquipmentClock=1;Radio Clock Service in Time Holdover Mode;Time sync reference failure
2025-09-09;14:04:18;AL  ;Cleared;Synchronization=1,RadioEquipmentClock=1,RadioEquipmentClockReference=PTP;Sync PTP Time Reachability Fault;No PTP messages
2025-09-10;07:56:31;AL  ;Minor ;ENodeBFunction=1;External Link Failure;X2 link problem to one or several neighbouring eNodeBs. AI: PLMN ID-eNB ID 1 = 2221-213660
2025-09-10;09:13:29;AL  ;Cleared;ENodeBFunction=1;External Link Failure;X2 link problem to one or several neighbouring eNodeBs. AI: PLMN ID-eNB ID 1 = 2221-213660
2025-09-10;13:16:56;AL  ;Cleared;EUtraNetwork=1,ExternalENodeBFunction=2221-650236;Inter Node Feature Incompatibility;Elastic RAN feature is not activated in remote eNodeB
2025-09-10;13:17:30;AL  ;Major ;Synchronization=1,RadioEquipmentClock=1,RadioEquipmentClockReference=PTP;Sync PTP Time Reachability Fault;No PTP messages
2025-09-10;13:19:22;AL  ;Minor ;Synchronization=1,RadioEquipmentClock=1;Radio Clock Service in Time Holdover Mode;Time sync reference failure
2025-09-10;13:22:01;AL  ;Cleared;Synchronization=1,RadioEquipmentClock=1;Radio Clock Service in Time Holdover Mode;Time sync reference failure
2025-09-10;13:23:00;AL  ;Cleared;Synchronization=1,RadioEquipmentClock=1,RadioEquipmentClockReference=PTP;Sync PTP Time Reachability Fault;No PTP messages
2025-09-10;13:24:37;AL  ;Minor ;Synchronization=1,RadioEquipmentClock=1,RadioEquipmentClockReference=SyncE;Sync Reference Quality Level Too Low;
2025-09-10;13:24:50;AL  ;Major ;Synchronization=1,RadioEquipmentClock=1,RadioEquipmentClockReference=PTP;Sync PTP Time Reachability Fault;No PTP messages
2025-09-10;13:24:51;AL  ;Cleared;Synchronization=1,RadioEquipmentClock=1,RadioEquipmentClockReference=SyncE;Sync Reference Quality Level Too Low;
2025-09-10;13:26:42;AL  ;Minor ;Synchronization=1,RadioEquipmentClock=1;Radio Clock Service in Time Holdover Mode;Time sync reference failure
2025-09-10;13:32:41;AL  ;Cleared;Synchronization=1,RadioEquipmentClock=1;Radio Clock Service in Time Holdover Mode;Time sync reference failure
2025-09-10;13:33:40;AL  ;Cleared;Synchronization=1,RadioEquipmentClock=1,RadioEquipmentClockReference=PTP;Sync PTP Time Reachability Fault;No PTP messages
2025-09-10;13:40:54;AL  ;Minor ;Synchronization=1,RadioEquipmentClock=1;Radio Clock Service in Time Holdover Mode;Time sync reference administratively locked or not configured
2025-09-10;14:07:53;AL  ;Cleared;Synchronization=1,RadioEquipmentClock=1;Radio Clock Service in Time Holdover Mode;Time sync reference administratively locked or not configured
2025-09-10;14:12:53;AL  ;Minor ;EUtraNetwork=1,ExternalENodeBFunction=2221-650236;Inter Node Feature Incompatibility;Elastic RAN feature is not activated in remote eNodeB
2025-09-11;06:12:28;AL  ;Minor ;ENodeBFunction=1;External Link Failure;X2 link problem to one or several neighbouring eNodeBs. AI: PLMN ID-eNB ID 1 = 2221-650339
2025-09-11;06:22:59;AL  ;Minor ;ENodeBFunction=1;External Link Failure;X2 link problem to one or several neighbouring eNodeBs. AI: PLMN ID-eNB ID 1 = 2221-650339 PLMN ID-eNB ID 2 = 2221-650217 PLMN ID-eNB ID 3 = 2221-650756 PLMN ID-eNB ID 4 = 2221-650597
2025-09-11;06:26:31;AL  ;Minor ;ENodeBFunction=1;External Link Failure;X2 link problem to one or several neighbouring eNodeBs. AI: PLMN ID-eNB ID 1 = 2221-650339 PLMN ID-eNB ID 2 = 2221-650217 PLMN ID-eNB ID 3 = 2221-650756
2025-09-11;06:30:26;AL  ;Minor ;ENodeBFunction=1;External Link Failure;X2 link problem to one or several neighbouring eNodeBs. AI: PLMN ID-eNB ID 1 = 2221-650339 PLMN ID-eNB ID 2 = 2221-650217 PLMN ID-eNB ID 3 = 2221-650756 PLMN ID-eNB ID 4 = 2221-650068
2025-09-11;06:41:33;AL  ;Minor ;ENodeBFunction=1;External Link to GNodeB Failure;X2 link problem to one or several neighbouring gNodeBs. AI: PLMN ID-gNB ID 1 = 2221-1056184
2025-09-11;06:41:48;AL  ;Minor ;ENodeBFunction=1;External Link Failure;X2 link problem to one or several neighbouring eNodeBs. AI: PLMN ID-eNB ID 1 = 2221-650339 PLMN ID-eNB ID 2 = 2221-650217 PLMN ID-eNB ID 3 = 2221-650756 PLMN ID-eNB ID 4 = 2221-650068 PLMN ID-eNB ID 5 = 2221-650324
2025-09-11;06:43:17;AL  ;Cleared;EUtraNetwork=1,ExternalENodeBFunction=2221-213265;Inter Node Feature Incompatibility;Elastic RAN feature is not activated in remote eNodeB
2025-09-11;06:47:05;AL  ;Cleared;ENodeBFunction=1;External Link to GNodeB Failure;X2 link problem to one or several neighbouring gNodeBs. AI: PLMN ID-gNB ID 1 = 2221-1056184
2025-09-11;06:49:04;AL  ;Minor ;ENodeBFunction=1;External Link Failure;X2 link problem to one or several neighbouring eNodeBs. AI: PLMN ID-eNB ID 1 = 2221-650339 PLMN ID-eNB ID 2 = 2221-650217 PLMN ID-eNB ID 3 = 2221-650756 PLMN ID-eNB ID 4 = 2221-650068
2025-09-11;06:52:50;AL  ;Minor ;ENodeBFunction=1;External Link Failure;X2 link problem to one or several neighbouring eNodeBs. AI: PLMN ID-eNB ID 1 = 2221-650339 PLMN ID-eNB ID 2 = 2221-650217 PLMN ID-eNB ID 3 = 2221-650756 PLMN ID-eNB ID 4 = 2221-650068 PLMN ID-eNB ID 5 = 2221-650242 PLMN ID-eNB ID 6 = 2221-213265
2025-09-11;07:15:48;AL  ;Minor ;ENodeBFunction=1;External Link Failure;X2 link problem to one or several neighbouring eNodeBs. AI: PLMN ID-eNB ID 1 = 2221-650339 PLMN ID-eNB ID 2 = 2221-650217 PLMN ID-eNB ID 3 = 2221-650068 PLMN ID-eNB ID 4 = 2221-650242 PLMN ID-eNB ID 5 = 2221-213265
2025-09-11;07:42:55;AL  ;Minor ;ENodeBFunction=1;External Link Failure;X2 link problem to one or several neighbouring eNodeBs. AI: PLMN ID-eNB ID 1 = 2221-650068 PLMN ID-eNB ID 2 = 2221-650242 PLMN ID-eNB ID 3 = 2221-213265
2025-09-11;07:46:03;AL  ;Minor ;ENodeBFunction=1;External Link Failure;X2 link problem to one or several neighbouring eNodeBs. AI: PLMN ID-eNB ID 1 = 2221-213265
2025-09-11;11:09:06;AL  ;Cleared;ENodeBFunction=1;External Link Failure;X2 link problem to one or several neighbouring eNodeBs. AI: PLMN ID-eNB ID 1 = 2221-213265
2025-09-13;13:18:42;AL  ;Warning;ENodeBFunction=1;PLMN Service Redundancy Lost;S1 connection failure for PLMN connected with link represented by MO listed in Additional Information. AI: PLMN = ["2221"],DN1=ManagedElement=1,ENodeBFunction=1,TermPointToMme=4,
2025-09-13;13:18:45;AL  ;Cleared;EUtraNetwork=1,ExternalENodeBFunction=2221-205969;Inter Node Carrier Aggregation Service Unavailable;Elastic RAN Carrier Aggregation is not available towards remote eNodeB.
2025-09-13;13:18:46;AL  ;Minor ;EUtraNetwork=1,ExternalENodeBFunction=2221-207132;Inter Node Carrier Aggregation Service Unavailable;Elastic RAN Carrier Aggregation is not available towards remote eNodeB.
2025-09-13;13:19:12;AL  ;Cleared;ENodeBFunction=1;PLMN Service Redundancy Lost;S1 connection failure for PLMN connected with link represented by MO listed in Additional Information. AI: PLMN = ["2221"],DN1=ManagedElement=1,ENodeBFunction=1,TermPointToMme=4,
2025-09-14;07:27:18;AL  ;Cleared;EUtraNetwork=1,ExternalENodeBFunction=2221-207132;Inter Node Carrier Aggregation Service Unavailable;Elastic RAN Carrier Aggregation is not available towards remote eNodeB.
2025-09-14;07:27:27;AL  ;Cleared;EUtraNetwork=1,ExternalENodeBFunction=2221-650035;Inter Node Carrier Aggregation Service Unavailable;Elastic RAN Carrier Aggregation is not available towards remote eNodeB.
2025-09-14;07:27:29;AL  ;Minor ;EUtraNetwork=1,ExternalENodeBFunction=2221-205969;Inter Node Carrier Aggregation Service Unavailable;Elastic RAN Carrier Aggregation is not available towards remote eNodeB.
2025-09-14;07:27:34;AL  ;Minor ;EUtraNetwork=1,ExternalENodeBFunction=2221-208332;Inter Node Carrier Aggregation Service Unavailable;Elastic RAN Carrier Aggregation is not available towards remote eNodeB.
2025-09-14;07:31:13;AL  ;Cleared;EUtraNetwork=1,ExternalENodeBFunction=2221-204910;Inter Node Carrier Aggregation Service Unavailable;Elastic RAN Carrier Aggregation is not available towards remote eNodeB.
2025-09-14;07:31:32;AL  ;Minor ;EUtraNetwork=1,ExternalENodeBFunction=2221-204910;Inter Node Carrier Aggregation Service Unavailable;Elastic RAN Carrier Aggregation is not available towards remote eNodeB.
2025-09-14;09:14:00;AL  ;Cleared;EUtraNetwork=1,ExternalENodeBFunction=2221-207904;Inter Node Carrier Aggregation Service Unavailable;Elastic RAN Carrier Aggregation is not available towards remote eNodeB.
2025-09-14;09:14:25;AL  ;Minor ;EUtraNetwork=1,ExternalENodeBFunction=2221-207904;Inter Node Carrier Aggregation Service Unavailable;Elastic RAN Carrier Aggregation is not available towards remote eNodeB.
2025-09-14;09:19:41;AL  ;Cleared;EUtraNetwork=1,ExternalENodeBFunction=2221-206255;Inter Node Carrier Aggregation Service Unavailable;Elastic RAN Carrier Aggregation is not available towards remote eNodeB.
2025-09-14;09:22:28;AL  ;Cleared;EUtraNetwork=1,ExternalENodeBFunction=2221-650031;Inter Node Carrier Aggregation Service Unavailable;Elastic RAN Carrier Aggregation is not available towards remote eNodeB.
2025-09-14;09:22:37;AL  ;Cleared;EUtraNetwork=1,ExternalENodeBFunction=2221-206973;Inter Node Carrier Aggregation Service Unavailable;Elastic RAN Carrier Aggregation is not available towards remote eNodeB.
2025-09-14;09:22:39;AL  ;Minor ;EUtraNetwork=1,ExternalENodeBFunction=2221-206255;Inter Node Carrier Aggregation Service Unavailable;Elastic RAN Carrier Aggregation is not available towards remote eNodeB.
2025-09-14;09:22:39;AL  ;Cleared;EUtraNetwork=1,ExternalENodeBFunction=2221-207910;Inter Node Carrier Aggregation Service Unavailable;Elastic RAN Carrier Aggregation is not available towards remote eNodeB.
2025-09-14;09:22:42;AL  ;Minor ;EUtraNetwork=1,ExternalENodeBFunction=2221-207132;Inter Node Carrier Aggregation Service Unavailable;Elastic RAN Carrier Aggregation is not available towards remote eNodeB.
2025-09-14;09:22:46;AL  ;Minor ;EUtraNetwork=1,ExternalENodeBFunction=2221-650031;Inter Node Carrier Aggregation Service Unavailable;Elastic RAN Carrier Aggregation is not available towards remote eNodeB.
2025-09-14;09:26:23;AL  ;Cleared;EUtraNetwork=1,ExternalENodeBFunction=2221-205970;Inter Node Carrier Aggregation Service Unavailable;Elastic RAN Carrier Aggregation is not available towards remote eNodeB.
2025-09-14;09:26:35;AL  ;Cleared;EUtraNetwork=1,ExternalENodeBFunction=2221-205969;Inter Node Carrier Aggregation Service Unavailable;Elastic RAN Carrier Aggregation is not available towards remote eNodeB.
2025-09-14;09:26:37;AL  ;Minor ;EUtraNetwork=1,ExternalENodeBFunction=2221-206973;Inter Node Carrier Aggregation Service Unavailable;Elastic RAN Carrier Aggregation is not available towards remote eNodeB.
2025-09-14;09:26:53;AL  ;Minor ;EUtraNetwork=1,ExternalENodeBFunction=2221-205969;Inter Node Carrier Aggregation Service Unavailable;Elastic RAN Carrier Aggregation is not available towards remote eNodeB.
2025-09-14;09:27:38;AL  ;Cleared;EUtraNetwork=1,ExternalENodeBFunction=2221-208332;Inter Node Carrier Aggregation Service Unavailable;Elastic RAN Carrier Aggregation is not available towards remote eNodeB.
2025-09-14;09:28:14;AL  ;Minor ;EUtraNetwork=1,ExternalENodeBFunction=2221-205970;Inter Node Carrier Aggregation Service Unavailable;Elastic RAN Carrier Aggregation is not available towards remote eNodeB.
2025-09-14;09:30:51;AL  ;Cleared;EUtraNetwork=1,ExternalENodeBFunction=2221-206973;Inter Node Carrier Aggregation Service Unavailable;Elastic RAN Carrier Aggregation is not available towards remote eNodeB.
2025-09-14;09:30:55;AL  ;Cleared;EUtraNetwork=1,ExternalENodeBFunction=2221-650031;Inter Node Carrier Aggregation Service Unavailable;Elastic RAN Carrier Aggregation is not available towards remote eNodeB.
2025-09-14;09:31:02;AL  ;Cleared;EUtraNetwork=1,ExternalENodeBFunction=2221-207913;Inter Node Carrier Aggregation Service Unavailable;Elastic RAN Carrier Aggregation is not available towards remote eNodeB.
2025-09-14;09:31:06;AL  ;Cleared;EUtraNetwork=1,ExternalENodeBFunction=2221-207904;Inter Node Carrier Aggregation Service Unavailable;Elastic RAN Carrier Aggregation is not available towards remote eNodeB.
2025-09-14;09:31:07;AL  ;Minor ;EUtraNetwork=1,ExternalENodeBFunction=2221-207912;Inter Node Carrier Aggregation Service Unavailable;Elastic RAN Carrier Aggregation is not available towards remote eNodeB.
2025-09-14;09:31:12;AL  ;Cleared;EUtraNetwork=1,ExternalENodeBFunction=2221-650193;Inter Node Carrier Aggregation Service Unavailable;Elastic RAN Carrier Aggregation is not available towards remote eNodeB.
2025-09-14;09:31:13;AL  ;Minor ;EUtraNetwork=1,ExternalENodeBFunction=2221-650028;Inter Node Carrier Aggregation Service Unavailable;Elastic RAN Carrier Aggregation is not available towards remote eNodeB.
2025-09-14;09:31:18;AL  ;Cleared;EUtraNetwork=1,ExternalENodeBFunction=2221-206255;Inter Node Carrier Aggregation Service Unavailable;Elastic RAN Carrier Aggregation is not available towards remote eNodeB.
2025-09-14;09:31:18;AL  ;Minor ;EUtraNetwork=1,ExternalENodeBFunction=2221-650033;Inter Node Carrier Aggregation Service Unavailable;Elastic RAN Carrier Aggregation is not available towards remote eNodeB.
2025-09-14;09:31:21;AL  ;Cleared;EUtraNetwork=1,ExternalENodeBFunction=2221-204910;Inter Node Carrier Aggregation Service Unavailable;Elastic RAN Carrier Aggregation is not available towards remote eNodeB.
2025-09-14;09:31:22;AL  ;Minor ;EUtraNetwork=1,ExternalENodeBFunction=2221-650035;Inter Node Carrier Aggregation Service Unavailable;Elastic RAN Carrier Aggregation is not available towards remote eNodeB.
2025-09-14;09:31:26;AL  ;Cleared;EUtraNetwork=1,ExternalENodeBFunction=2221-207132;Inter Node Carrier Aggregation Service Unavailable;Elastic RAN Carrier Aggregation is not available towards remote eNodeB.
2025-09-14;09:31:31;AL  ;Cleared;EUtraNetwork=1,ExternalENodeBFunction=2221-205970;Inter Node Carrier Aggregation Service Unavailable;Elastic RAN Carrier Aggregation is not available towards remote eNodeB.
2025-09-14;09:31:32;AL  ;Minor ;EUtraNetwork=1,ExternalENodeBFunction=2221-650666;Inter Node Carrier Aggregation Service Unavailable;Elastic RAN Carrier Aggregation is not available towards remote eNodeB.
2025-09-14;09:31:35;AL  ;Cleared;EUtraNetwork=1,ExternalENodeBFunction=2221-205969;Inter Node Carrier Aggregation Service Unavailable;Elastic RAN Carrier Aggregation is not available towards remote eNodeB.
2025-09-14;09:32:14;AL  ;Minor ;EUtraNetwork=1,ExternalENodeBFunction=2221-650193;Inter Node Carrier Aggregation Service Unavailable;Elastic RAN Carrier Aggregation is not available towards remote eNodeB.
2025-09-14;09:40:16;AL  ;Cleared;EUtraNetwork=1,ExternalENodeBFunction=2221-207912;Inter Node Carrier Aggregation Service Unavailable;Elastic RAN Carrier Aggregation is not available towards remote eNodeB.
2025-09-14;09:41:20;AL  ;Minor ;EUtraNetwork=1,ExternalENodeBFunction=2221-207912;Inter Node Carrier Aggregation Service Unavailable;Elastic RAN Carrier Aggregation is not available towards remote eNodeB.
2025-09-14;09:46:24;AL  ;Cleared;EUtraNetwork=1,ExternalENodeBFunction=2221-650193;Inter Node Carrier Aggregation Service Unavailable;Elastic RAN Carrier Aggregation is not available towards remote eNodeB.
2025-09-14;12:04:54;AL  ;Cleared;EUtraNetwork=1,ExternalENodeBFunction=2221-650033;Inter Node Carrier Aggregation Service Unavailable;Elastic RAN Carrier Aggregation is not available towards remote eNodeB.
2025-09-14;12:05:25;AL  ;Minor ;EUtraNetwork=1,ExternalENodeBFunction=2221-207905;Inter Node Carrier Aggregation Service Unavailable;Elastic RAN Carrier Aggregation is not available towards remote eNodeB.
2025-09-14;17:13:17;AL  ;Minor ;EUtraNetwork=1,ExternalENodeBFunction=2221-205970;Inter Node Carrier Aggregation Service Unavailable;Elastic RAN Carrier Aggregation is not available towards remote eNodeB.
2025-09-14;18:13:18;AL  ;Minor ;EUtraNetwork=1,ExternalENodeBFunction=2221-650031;Inter Node Carrier Aggregation Service Unavailable;Elastic RAN Carrier Aggregation is not available towards remote eNodeB.
2025-09-14;18:13:28;AL  ;Minor ;EUtraNetwork=1,ExternalENodeBFunction=2221-206973;Inter Node Carrier Aggregation Service Unavailable;Elastic RAN Carrier Aggregation is not available towards remote eNodeB.
2025-09-14;19:07:01;AL  ;Minor ;EUtraNetwork=1,ExternalENodeBFunction=2221-207910;Inter Node Carrier Aggregation Service Unavailable;Elastic RAN Carrier Aggregation is not available towards remote eNodeB.
2025-09-14;23:14:59;AL  ;Minor ;EUtraNetwork=1,ExternalENodeBFunction=2221-205969;Inter Node Carrier Aggregation Service Unavailable;Elastic RAN Carrier Aggregation is not available towards remote eNodeB.
2025-09-15;12:39:29;AL  ;Minor ;EUtraNetwork=1,ExternalENodeBFunction=2221-207132;Inter Node Carrier Aggregation Service Unavailable;Elastic RAN Carrier Aggregation is not available towards remote eNodeB.
2025-09-16;00:16:13;AL  ;Cleared;EUtraNetwork=1,ExternalENodeBFunction=2221-650028;Inter Node Carrier Aggregation Service Unavailable;Elastic RAN Carrier Aggregation is not available towards remote eNodeB.
2025-09-16;00:16:51;AL  ;Minor ;EUtraNetwork=1,ExternalENodeBFunction=2221-650028;Inter Node Carrier Aggregation Service Unavailable;Elastic RAN Carrier Aggregation is not available towards remote eNodeB.
2025-09-16;10:00:40;AL  ;Warning;ENodeBFunction=1;PLMN Service Redundancy Lost;S1 connection failure for PLMN connected with link represented by MO listed in Additional Information. AI: PLMN = ["2221"],DN1=ManagedElement=1,ENodeBFunction=1,TermPointToMme=5,
2025-09-16;10:01:10;AL  ;Cleared;ENodeBFunction=1;PLMN Service Redundancy Lost;S1 connection failure for PLMN connected with link represented by MO listed in Additional Information. AI: PLMN = ["2221"],DN1=ManagedElement=1,ENodeBFunction=1,TermPointToMme=5,
2025-09-17;16:20:07;AL  ;Cleared;EUtraNetwork=1,ExternalENodeBFunction=2221-205969;Inter Node Carrier Aggregation Service Unavailable;Elastic RAN Carrier Aggregation is not available towards remote eNodeB.
2025-09-17;16:20:21;AL  ;Cleared;EUtraNetwork=1,ExternalENodeBFunction=2221-650032;Inter Node Feature Incompatibility;Elastic RAN feature is not activated in remote eNodeB
2025-09-17;16:20:55;AL  ;Cleared;EUtraNetwork=1,ExternalENodeBFunction=2221-205970;Inter Node Carrier Aggregation Service Unavailable;Elastic RAN Carrier Aggregation is not available towards remote eNodeB.
2025-09-17;16:20:58;AL  ;Minor ;EUtraNetwork=1,ExternalENodeBFunction=2221-207904;Inter Node Carrier Aggregation Service Unavailable;Elastic RAN Carrier Aggregation is not available towards remote eNodeB.
2025-09-17;16:29:28;AL  ;Minor ;ENodeBFunction=1;External Link Failure;X2 link problem to one or several neighbouring eNodeBs. AI: PLMN ID-eNB ID 1 = 2221-650032 PLMN ID-eNB ID 2 = 2221-205969 PLMN ID-eNB ID 3 = 2221-205061
2025-09-17;17:04:09;AL  ;Minor ;ENodeBFunction=1;External Link Failure;X2 link problem to one or several neighbouring eNodeBs. AI: PLMN ID-eNB ID 1 = 2221-205969
2025-09-17;17:04:26;AL  ;Cleared;ENodeBFunction=1;External Link Failure;X2 link problem to one or several neighbouring eNodeBs. AI: PLMN ID-eNB ID 1 = 2221-205969
2025-09-17;17:16:30;AL  ;Minor ;EUtraNetwork=1,ExternalENodeBFunction=2221-205969;Inter Node Carrier Aggregation Service Unavailable;Elastic RAN Carrier Aggregation is not available towards remote eNodeB.
2025-09-19;09:28:34;AL  ;Minor ;ENodeBFunction=1;External Link Failure;X2 link problem to one or several neighbouring eNodeBs. AI: PLMN ID-eNB ID 1 = 2221-650217
2025-09-19;09:46:52;AL  ;Cleared;ENodeBFunction=1;External Link Failure;X2 link problem to one or several neighbouring eNodeBs. AI: PLMN ID-eNB ID 1 = 2221-650217
2025-09-19;10:05:40;AL  ;Minor ;ENodeBFunction=1;External Link Failure;X2 link problem to one or several neighbouring eNodeBs. AI: PLMN ID-eNB ID 1 = 2221-650217
2025-09-19;10:32:31;AL  ;Cleared;ENodeBFunction=1;External Link Failure;X2 link problem to one or several neighbouring eNodeBs. AI: PLMN ID-eNB ID 1 = 2221-650217
2025-09-21;07:25:08;AL  ;Cleared;EUtraNetwork=1,ExternalENodeBFunction=2221-207132;Inter Node Carrier Aggregation Service Unavailable;Elastic RAN Carrier Aggregation is not available towards remote eNodeB.
2025-09-21;07:25:28;AL  ;Cleared;EUtraNetwork=1,ExternalENodeBFunction=2221-650035;Inter Node Carrier Aggregation Service Unavailable;Elastic RAN Carrier Aggregation is not available towards remote eNodeB.
2025-09-21;07:25:30;AL  ;Minor ;EUtraNetwork=1,ExternalENodeBFunction=2221-204910;Inter Node Carrier Aggregation Service Unavailable;Elastic RAN Carrier Aggregation is not available towards remote eNodeB.
2025-09-21;07:25:44;AL  ;Minor ;EUtraNetwork=1,ExternalENodeBFunction=2221-208332;Inter Node Carrier Aggregation Service Unavailable;Elastic RAN Carrier Aggregation is not available towards remote eNodeB.
2025-09-21;07:28:54;AL  ;Cleared;EUtraNetwork=1,ExternalENodeBFunction=2221-204910;Inter Node Carrier Aggregation Service Unavailable;Elastic RAN Carrier Aggregation is not available towards remote eNodeB.
2025-09-21;07:29:02;AL  ;Minor ;EUtraNetwork=1,ExternalENodeBFunction=2221-205970;Inter Node Carrier Aggregation Service Unavailable;Elastic RAN Carrier Aggregation is not available towards remote eNodeB.
2025-09-21;09:03:07;AL  ;Cleared;EUtraNetwork=1,ExternalENodeBFunction=2221-207904;Inter Node Carrier Aggregation Service Unavailable;Elastic RAN Carrier Aggregation is not available towards remote eNodeB.
2025-09-21;09:03:17;AL  ;Cleared;EUtraNetwork=1,ExternalENodeBFunction=2221-207905;Inter Node Carrier Aggregation Service Unavailable;Elastic RAN Carrier Aggregation is not available towards remote eNodeB.
2025-09-21;09:03:19;AL  ;Minor ;EUtraNetwork=1,ExternalENodeBFunction=2221-204910;Inter Node Carrier Aggregation Service Unavailable;Elastic RAN Carrier Aggregation is not available towards remote eNodeB.
2025-09-21;09:03:27;AL  ;Minor ;EUtraNetwork=1,ExternalENodeBFunction=2221-207905;Inter Node Carrier Aggregation Service Unavailable;Elastic RAN Carrier Aggregation is not available towards remote eNodeB.
2025-09-21;09:07:56;AL  ;Cleared;EUtraNetwork=1,ExternalENodeBFunction=2221-650666;Inter Node Carrier Aggregation Service Unavailable;Elastic RAN Carrier Aggregation is not available towards remote eNodeB.
2025-09-21;09:08:03;AL  ;Minor ;EUtraNetwork=1,ExternalENodeBFunction=2221-205985;Inter Node Carrier Aggregation Service Unavailable;Elastic RAN Carrier Aggregation is not available towards remote eNodeB.
2025-09-21;09:09:48;AL  ;Cleared;EUtraNetwork=1,ExternalENodeBFunction=2221-650028;Inter Node Carrier Aggregation Service Unavailable;Elastic RAN Carrier Aggregation is not available towards remote eNodeB.
2025-09-21;09:10:48;AL  ;Cleared;EUtraNetwork=1,ExternalENodeBFunction=2221-650031;Inter Node Carrier Aggregation Service Unavailable;Elastic RAN Carrier Aggregation is not available towards remote eNodeB.
2025-09-21;09:10:52;AL  ;Minor ;EUtraNetwork=1,ExternalENodeBFunction=2221-650028;Inter Node Carrier Aggregation Service Unavailable;Elastic RAN Carrier Aggregation is not available towards remote eNodeB.
2025-09-21;09:10:52;AL  ;Cleared;EUtraNetwork=1,ExternalENodeBFunction=2221-206973;Inter Node Carrier Aggregation Service Unavailable;Elastic RAN Carrier Aggregation is not available towards remote eNodeB.
2025-09-21;09:10:59;AL  ;Minor ;EUtraNetwork=1,ExternalENodeBFunction=2221-207132;Inter Node Carrier Aggregation Service Unavailable;Elastic RAN Carrier Aggregation is not available towards remote eNodeB.
2025-09-21;09:11:00;AL  ;Cleared;EUtraNetwork=1,ExternalENodeBFunction=2221-207910;Inter Node Carrier Aggregation Service Unavailable;Elastic RAN Carrier Aggregation is not available towards remote eNodeB.
2025-09-21;09:11:07;AL  ;Minor ;EUtraNetwork=1,ExternalENodeBFunction=2221-207913;Inter Node Carrier Aggregation Service Unavailable;Elastic RAN Carrier Aggregation is not available towards remote eNodeB.
2025-09-21;09:14:42;AL  ;Cleared;EUtraNetwork=1,ExternalENodeBFunction=2221-205970;Inter Node Carrier Aggregation Service Unavailable;Elastic RAN Carrier Aggregation is not available towards remote eNodeB.
2025-09-21;09:14:45;AL  ;Minor ;EUtraNetwork=1,ExternalENodeBFunction=2221-206973;Inter Node Carrier Aggregation Service Unavailable;Elastic RAN Carrier Aggregation is not available towards remote eNodeB.
2025-09-21;09:14:53;AL  ;Cleared;EUtraNetwork=1,ExternalENodeBFunction=2221-205969;Inter Node Carrier Aggregation Service Unavailable;Elastic RAN Carrier Aggregation is not available towards remote eNodeB.
2025-09-21;09:15:32;AL  ;Minor ;EUtraNetwork=1,ExternalENodeBFunction=2221-207904;Inter Node Carrier Aggregation Service Unavailable;Elastic RAN Carrier Aggregation is not available towards remote eNodeB.
2025-09-21;09:16:31;AL  ;Cleared;EUtraNetwork=1,ExternalENodeBFunction=2221-208332;Inter Node Carrier Aggregation Service Unavailable;Elastic RAN Carrier Aggregation is not available towards remote eNodeB.
2025-09-21;09:16:58;AL  ;Minor ;EUtraNetwork=1,ExternalENodeBFunction=2221-205969;Inter Node Carrier Aggregation Service Unavailable;Elastic RAN Carrier Aggregation is not available towards remote eNodeB.
2025-09-21;09:18:35;AL  ;Minor ;EUtraNetwork=1,ExternalENodeBFunction=2221-205970;Inter Node Carrier Aggregation Service Unavailable;Elastic RAN Carrier Aggregation is not available towards remote eNodeB.
2025-09-21;09:19:10;AL  ;Cleared;EUtraNetwork=1,ExternalENodeBFunction=2221-206973;Inter Node Carrier Aggregation Service Unavailable;Elastic RAN Carrier Aggregation is not available towards remote eNodeB.
2025-09-21;09:19:14;AL  ;Cleared;EUtraNetwork=1,ExternalENodeBFunction=2221-207913;Inter Node Carrier Aggregation Service Unavailable;Elastic RAN Carrier Aggregation is not available towards remote eNodeB.
2025-09-21;09:19:18;AL  ;Cleared;EUtraNetwork=1,ExternalENodeBFunction=2221-207904;Inter Node Carrier Aggregation Service Unavailable;Elastic RAN Carrier Aggregation is not available towards remote eNodeB.
2025-09-21;09:19:24;AL  ;Cleared;EUtraNetwork=1,ExternalENodeBFunction=2221-205985;Inter Node Carrier Aggregation Service Unavailable;Elastic RAN Carrier Aggregation is not available towards remote eNodeB.
2025-09-21;09:19:24;AL  ;Minor ;EUtraNetwork=1,ExternalENodeBFunction=2221-650031;Inter Node Carrier Aggregation Service Unavailable;Elastic RAN Carrier Aggregation is not available towards remote eNodeB.
2025-09-21;09:19:29;AL  ;Cleared;EUtraNetwork=1,ExternalENodeBFunction=2221-207912;Inter Node Carrier Aggregation Service Unavailable;Elastic RAN Carrier Aggregation is not available towards remote eNodeB.
2025-09-21;09:19:37;AL  ;Cleared;EUtraNetwork=1,ExternalENodeBFunction=2221-204910;Inter Node Carrier Aggregation Service Unavailable;Elastic RAN Carrier Aggregation is not available towards remote eNodeB.
2025-09-21;09:19:37;AL  ;Minor ;EUtraNetwork=1,ExternalENodeBFunction=2221-650033;Inter Node Carrier Aggregation Service Unavailable;Elastic RAN Carrier Aggregation is not available towards remote eNodeB.
2025-09-21;09:19:38;AL  ;Minor ;EUtraNetwork=1,ExternalENodeBFunction=2221-650035;Inter Node Carrier Aggregation Service Unavailable;Elastic RAN Carrier Aggregation is not available towards remote eNodeB.
2025-09-21;09:19:42;AL  ;Cleared;EUtraNetwork=1,ExternalENodeBFunction=2221-207132;Inter Node Carrier Aggregation Service Unavailable;Elastic RAN Carrier Aggregation is not available towards remote eNodeB.
2025-09-21;09:19:47;AL  ;Minor ;EUtraNetwork=1,ExternalENodeBFunction=2221-650193;Inter Node Carrier Aggregation Service Unavailable;Elastic RAN Carrier Aggregation is not available towards remote eNodeB.
2025-09-21;09:19:47;AL  ;Cleared;EUtraNetwork=1,ExternalENodeBFunction=2221-650028;Inter Node Carrier Aggregation Service Unavailable;Elastic RAN Carrier Aggregation is not available towards remote eNodeB.
2025-09-21;09:19:49;AL  ;Minor ;EUtraNetwork=1,ExternalENodeBFunction=2221-650666;Inter Node Carrier Aggregation Service Unavailable;Elastic RAN Carrier Aggregation is not available towards remote eNodeB.
2025-09-21;09:19:51;AL  ;Cleared;EUtraNetwork=1,ExternalENodeBFunction=2221-207905;Inter Node Carrier Aggregation Service Unavailable;Elastic RAN Carrier Aggregation is not available towards remote eNodeB.
2025-09-21;09:19:56;AL  ;Cleared;EUtraNetwork=1,ExternalENodeBFunction=2221-205969;Inter Node Carrier Aggregation Service Unavailable;Elastic RAN Carrier Aggregation is not available towards remote eNodeB.
2025-09-21;09:20:16;AL  ;Minor ;EUtraNetwork=1,ExternalENodeBFunction=2221-207913;Inter Node Carrier Aggregation Service Unavailable;Elastic RAN Carrier Aggregation is not available towards remote eNodeB.
2025-09-21;09:28:25;AL  ;Cleared;EUtraNetwork=1,ExternalENodeBFunction=2221-207913;Inter Node Carrier Aggregation Service Unavailable;Elastic RAN Carrier Aggregation is not available towards remote eNodeB.
2025-09-21;09:28:54;AL  ;Minor ;EUtraNetwork=1,ExternalENodeBFunction=2221-207912;Inter Node Carrier Aggregation Service Unavailable;Elastic RAN Carrier Aggregation is not available towards remote eNodeB.
2025-09-21;09:33:46;AL  ;Cleared;EUtraNetwork=1,ExternalENodeBFunction=2221-650193;Inter Node Carrier Aggregation Service Unavailable;Elastic RAN Carrier Aggregation is not available towards remote eNodeB.
2025-09-21;09:34:37;AL  ;Minor ;EUtraNetwork=1,ExternalENodeBFunction=2221-650193;Inter Node Carrier Aggregation Service Unavailable;Elastic RAN Carrier Aggregation is not available towards remote eNodeB.
2025-09-21;11:44:48;AL  ;Cleared;EUtraNetwork=1,ExternalENodeBFunction=2221-650033;Inter Node Carrier Aggregation Service Unavailable;Elastic RAN Carrier Aggregation is not available towards remote eNodeB.
2025-09-21;18:13:16;AL  ;Minor ;EUtraNetwork=1,ExternalENodeBFunction=2221-206973;Inter Node Carrier Aggregation Service Unavailable;Elastic RAN Carrier Aggregation is not available towards remote eNodeB.
2025-09-22;06:01:17;AL  ;Minor ;EUtraNetwork=1,ExternalENodeBFunction=2221-205969;Inter Node Carrier Aggregation Service Unavailable;Elastic RAN Carrier Aggregation is not available towards remote eNodeB.
2025-09-22;10:39:51;AL  ;Major ;Synchronization=1,RadioEquipmentClock=1,RadioEquipmentClockReference=PTP;Sync PTP Time Reachability Fault;No PTP messages
2025-09-22;10:41:43;AL  ;Minor ;Synchronization=1,RadioEquipmentClock=1;Radio Clock Service in Time Holdover Mode;Time sync reference failure
2025-09-22;10:55:43;AL  ;Cleared;Synchronization=1,RadioEquipmentClock=1;Radio Clock Service in Time Holdover Mode;Time sync reference failure
2025-09-22;10:56:42;AL  ;Cleared;Synchronization=1,RadioEquipmentClock=1,RadioEquipmentClockReference=PTP;Sync PTP Time Reachability Fault;No PTP messages
2025-09-22;11:01:19;AL  ;Minor ;EUtraNetwork=1,ExternalENodeBFunction=2221-207132;Inter Node Carrier Aggregation Service Unavailable;Elastic RAN Carrier Aggregation is not available towards remote eNodeB.
2025-09-22;19:57:38;AL  ;Minor ;EUtraNetwork=1,ExternalENodeBFunction=2221-207913;Inter Node Carrier Aggregation Service Unavailable;Elastic RAN Carrier Aggregation is not available towards remote eNodeB.
2025-09-23;00:57:15;AL  ;Minor ;EUtraNetwork=1,ExternalENodeBFunction=2221-205985;Inter Node Carrier Aggregation Service Unavailable;Elastic RAN Carrier Aggregation is not available towards remote eNodeB.
2025-09-23;16:44:59;AL  ;Minor ;Synchronization=1,RadioEquipmentClock=1,RadioEquipmentClockReference=SyncE;Sync Reference Quality Level Too Low;
2025-09-23;16:45:53;AL  ;Cleared;Synchronization=1,RadioEquipmentClock=1,RadioEquipmentClockReference=SyncE;Sync Reference Quality Level Too Low;
2025-09-23;16:45:54;AL  ;Major ;Synchronization=1,RadioEquipmentClock=1,RadioEquipmentClockReference=PTP;Sync PTP Time Reachability Fault;No PTP messages
2025-09-23;16:46:23;AL  ;Minor ;Synchronization=1,RadioEquipmentClock=1,RadioEquipmentClockReference=SyncE;Sync Reference Quality Level Too Low;
2025-09-23;16:46:44;AL  ;Cleared;Synchronization=1,RadioEquipmentClock=1,RadioEquipmentClockReference=SyncE;Sync Reference Quality Level Too Low;
2025-09-23;16:47:46;AL  ;Minor ;Synchronization=1,RadioEquipmentClock=1;Radio Clock Service in Time Holdover Mode;Time sync reference failure
2025-09-23;16:51:35;AL  ;Cleared;Synchronization=1,RadioEquipmentClock=1;Radio Clock Service in Time Holdover Mode;Time sync reference failure
2025-09-23;16:52:34;AL  ;Cleared;Synchronization=1,RadioEquipmentClock=1,RadioEquipmentClockReference=PTP;Sync PTP Time Reachability Fault;No PTP messages
2025-09-23;16:52:50;AL  ;Minor ;Synchronization=1,RadioEquipmentClock=1,RadioEquipmentClockReference=SyncE;Sync Reference Quality Level Too Low;
2025-09-23;16:53:44;AL  ;Cleared;Synchronization=1,RadioEquipmentClock=1,RadioEquipmentClockReference=SyncE;Sync Reference Quality Level Too Low;
2025-09-23;16:53:44;AL  ;Major ;Synchronization=1,RadioEquipmentClock=1,RadioEquipmentClockReference=PTP;Sync PTP Time Reachability Fault;No PTP messages
2025-09-23;16:55:36;AL  ;Minor ;Synchronization=1,RadioEquipmentClock=1;Radio Clock Service in Time Holdover Mode;Time sync reference failure
2025-09-23;16:58:46;AL  ;Minor ;Synchronization=1,RadioEquipmentClock=1;Radio Clock Service in Time Holdover Mode;Time sync reference failure
2025-09-23;16:58:46;AL  ;Minor ;Synchronization=1,RadioEquipmentClock=1,RadioEquipmentClockReference=SyncE;Sync Reference Quality Level Too Low;
2025-09-23;16:59:25;AL  ;Cleared;Synchronization=1,RadioEquipmentClock=1,RadioEquipmentClockReference=SyncE;Sync Reference Quality Level Too Low;
2025-09-23;17:03:15;AL  ;Cleared;Synchronization=1,RadioEquipmentClock=1;Radio Clock Service in Time Holdover Mode;Time sync reference failure
2025-09-23;17:04:14;AL  ;Cleared;Synchronization=1,RadioEquipmentClock=1,RadioEquipmentClockReference=PTP;Sync PTP Time Reachability Fault;No PTP messages
2025-09-24;15:21:05;AL  ;Minor ;ENodeBFunction=1;External Link Failure;X2 link problem to one or several neighbouring eNodeBs. AI: PLMN ID-eNB ID 1 = 2221-650189 PLMN ID-eNB ID 2 = 2221-650291
2025-09-25;12:13:39;AL  ;Minor ;ENodeBFunction=1;External Link Failure;X2 link problem to one or several neighbouring eNodeBs. AI: PLMN ID-eNB ID 1 = 2221-650189
2025-09-25;12:14:28;AL  ;Cleared;ENodeBFunction=1;External Link Failure;X2 link problem to one or several neighbouring eNodeBs. AI: PLMN ID-eNB ID 1 = 2221-650189
2025-09-26;13:27:23;AL  ;Minor ;ENodeBFunction=1;External Link Failure;X2 link problem to one or several neighbouring eNodeBs. AI: PLMN ID-eNB ID 1 = 2221-204754
2025-09-26;13:36:11;AL  ;Major ;Synchronization=1,RadioEquipmentClock=1,RadioEquipmentClockReference=PTP;Sync PTP Time Reachability Fault;No PTP messages
2025-09-26;13:38:03;AL  ;Minor ;Synchronization=1,RadioEquipmentClock=1;Radio Clock Service in Time Holdover Mode;Time sync reference failure
2025-09-26;13:52:14;AL  ;Minor ;Synchronization=1,RadioEquipmentClock=1;Radio Clock Service in Time Holdover Mode;Time sync reference failure
2025-09-26;13:52:14;AL  ;Minor ;Synchronization=1,RadioEquipmentClock=1,RadioEquipmentClockReference=SyncE;Sync Reference Quality Level Too Low;
2025-09-26;13:52:37;AL  ;Cleared;Synchronization=1,RadioEquipmentClock=1,RadioEquipmentClockReference=SyncE;Sync Reference Quality Level Too Low;
2025-09-26;13:54:46;AL  ;Minor ;Synchronization=1,RadioEquipmentClock=1;Radio Clock Service in Time Holdover Mode;Time sync reference failure
2025-09-26;13:54:46;AL  ;Minor ;Synchronization=1,RadioEquipmentClock=1,RadioEquipmentClockReference=SyncE;Sync Reference Quality Level Too Low;
2025-09-26;13:55:13;AL  ;Cleared;Synchronization=1,RadioEquipmentClock=1,RadioEquipmentClockReference=SyncE;Sync Reference Quality Level Too Low;
2025-09-26;14:19:46;AL  ;Cleared;Synchronization=1,RadioEquipmentClock=1;Radio Clock Service in Time Holdover Mode;Time sync reference failure
2025-09-26;14:20:45;AL  ;Cleared;Synchronization=1,RadioEquipmentClock=1,RadioEquipmentClockReference=PTP;Sync PTP Time Reachability Fault;No PTP messages
2025-09-26;14:27:55;AL  ;Minor ;Synchronization=1,RadioEquipmentClock=1;Radio Clock Service in Time Holdover Mode;Time sync reference administratively locked or not configured
2025-09-26;14:28:16;AL  ;Major ;Synchronization=1,RadioEquipmentClock=1,RadioEquipmentClockReference=PTP;Sync PTP Time Reachability Fault;No PTP messages
2025-09-26;14:51:07;AL  ;Minor ;Synchronization=1,RadioEquipmentClock=1;Radio Clock Service in Time Holdover Mode;Time sync reference administratively locked or not configured
2025-09-26;14:51:07;AL  ;Cleared;Synchronization=1,RadioEquipmentClock=1,RadioEquipmentClockReference=PTP;Sync PTP Time Reachability Fault;No PTP messages
2025-09-26;14:54:54;AL  ;Cleared;Synchronization=1,RadioEquipmentClock=1;Radio Clock Service in Time Holdover Mode;Time sync reference administratively locked or not configured
2025-09-26;14:59:56;AL  ;Minor ;EUtraNetwork=1,ExternalENodeBFunction=2221-650032;Inter Node Feature Incompatibility;Elastic RAN feature is not activated in remote eNodeB
2025-09-26;14:59:56;AL  ;Minor ;EUtraNetwork=1,ExternalENodeBFunction=2221-213265;Inter Node Feature Incompatibility;Elastic RAN feature is not activated in remote eNodeB
2025-09-26;18:48:12;AL  ;Cleared;ENodeBFunction=1;External Link Failure;X2 link problem to one or several neighbouring eNodeBs. AI: PLMN ID-eNB ID 1 = 2221-204754 PLMN ID-eNB ID 2 = 2221-204753
2025-09-28;07:25:24;AL  ;Cleared;EUtraNetwork=1,ExternalENodeBFunction=2221-207132;Inter Node Carrier Aggregation Service Unavailable;Elastic RAN Carrier Aggregation is not available towards remote eNodeB.
2025-09-28;07:25:35;AL  ;Cleared;EUtraNetwork=1,ExternalENodeBFunction=2221-650035;Inter Node Carrier Aggregation Service Unavailable;Elastic RAN Carrier Aggregation is not available towards remote eNodeB.
2025-09-28;07:25:36;AL  ;Minor ;EUtraNetwork=1,ExternalENodeBFunction=2221-204910;Inter Node Carrier Aggregation Service Unavailable;Elastic RAN Carrier Aggregation is not available towards remote eNodeB.
2025-09-28;07:25:46;AL  ;Minor ;EUtraNetwork=1,ExternalENodeBFunction=2221-650035;Inter Node Carrier Aggregation Service Unavailable;Elastic RAN Carrier Aggregation is not available towards remote eNodeB.
2025-09-28;07:29:07;AL  ;Cleared;EUtraNetwork=1,ExternalENodeBFunction=2221-204910;Inter Node Carrier Aggregation Service Unavailable;Elastic RAN Carrier Aggregation is not available towards remote eNodeB.
2025-09-28;07:29:23;AL  ;Minor ;EUtraNetwork=1,ExternalENodeBFunction=2221-204910;Inter Node Carrier Aggregation Service Unavailable;Elastic RAN Carrier Aggregation is not available towards remote eNodeB.
2025-09-28;09:06:15;AL  ;Cleared;EUtraNetwork=1,ExternalENodeBFunction=2221-205985;Inter Node Carrier Aggregation Service Unavailable;Elastic RAN Carrier Aggregation is not available towards remote eNodeB.
2025-09-28;09:06:36;AL  ;Minor ;EUtraNetwork=1,ExternalENodeBFunction=2221-205985;Inter Node Carrier Aggregation Service Unavailable;Elastic RAN Carrier Aggregation is not available towards remote eNodeB.
2025-09-28;09:09:22;AL  ;Cleared;EUtraNetwork=1,ExternalENodeBFunction=2221-650666;Inter Node Carrier Aggregation Service Unavailable;Elastic RAN Carrier Aggregation is not available towards remote eNodeB.
2025-09-28;09:09:24;AL  ;Minor ;EUtraNetwork=1,ExternalENodeBFunction=2221-208332;Inter Node Carrier Aggregation Service Unavailable;Elastic RAN Carrier Aggregation is not available towards remote eNodeB.
2025-09-28;09:11:48;AL  ;Cleared;EUtraNetwork=1,ExternalENodeBFunction=2221-650031;Inter Node Carrier Aggregation Service Unavailable;Elastic RAN Carrier Aggregation is not available towards remote eNodeB.
2025-09-28;09:12:10;AL  ;Minor ;EUtraNetwork=1,ExternalENodeBFunction=2221-650031;Inter Node Carrier Aggregation Service Unavailable;Elastic RAN Carrier Aggregation is not available towards remote eNodeB.
2025-09-28;09:12:12;AL  ;Cleared;EUtraNetwork=1,ExternalENodeBFunction=2221-206973;Inter Node Carrier Aggregation Service Unavailable;Elastic RAN Carrier Aggregation is not available towards remote eNodeB.
2025-09-28;09:12:22;AL  ;Minor ;EUtraNetwork=1,ExternalENodeBFunction=2221-206973;Inter Node Carrier Aggregation Service Unavailable;Elastic RAN Carrier Aggregation is not available towards remote eNodeB.
2025-09-28;09:15:50;AL  ;Cleared;EUtraNetwork=1,ExternalENodeBFunction=2221-205970;Inter Node Carrier Aggregation Service Unavailable;Elastic RAN Carrier Aggregation is not available towards remote eNodeB.
2025-09-28;09:16:00;AL  ;Cleared;EUtraNetwork=1,ExternalENodeBFunction=2221-205969;Inter Node Carrier Aggregation Service Unavailable;Elastic RAN Carrier Aggregation is not available towards remote eNodeB.
2025-09-28;09:16:05;AL  ;Minor ;EUtraNetwork=1,ExternalENodeBFunction=2221-205970;Inter Node Carrier Aggregation Service Unavailable;Elastic RAN Carrier Aggregation is not available towards remote eNodeB.
2025-09-28;09:16:10;AL  ;Minor ;EUtraNetwork=1,ExternalENodeBFunction=2221-205969;Inter Node Carrier Aggregation Service Unavailable;Elastic RAN Carrier Aggregation is not available towards remote eNodeB.
2025-09-28;09:17:26;AL  ;Cleared;EUtraNetwork=1,ExternalENodeBFunction=2221-208332;Inter Node Carrier Aggregation Service Unavailable;Elastic RAN Carrier Aggregation is not available towards remote eNodeB.
2025-09-28;09:20:36;AL  ;Cleared;EUtraNetwork=1,ExternalENodeBFunction=2221-206973;Inter Node Carrier Aggregation Service Unavailable;Elastic RAN Carrier Aggregation is not available towards remote eNodeB.
2025-09-28;09:20:41;AL  ;Cleared;EUtraNetwork=1,ExternalENodeBFunction=2221-650031;Inter Node Carrier Aggregation Service Unavailable;Elastic RAN Carrier Aggregation is not available towards remote eNodeB.
2025-09-28;09:20:47;AL  ;Cleared;EUtraNetwork=1,ExternalENodeBFunction=2221-207913;Inter Node Carrier Aggregation Service Unavailable;Elastic RAN Carrier Aggregation is not available towards remote eNodeB.
2025-09-28;09:20:49;AL  ;Minor ;EUtraNetwork=1,ExternalENodeBFunction=2221-207132;Inter Node Carrier Aggregation Service Unavailable;Elastic RAN Carrier Aggregation is not available towards remote eNodeB.
2025-09-28;09:20:52;AL  ;Cleared;EUtraNetwork=1,ExternalENodeBFunction=2221-205985;Inter Node Carrier Aggregation Service Unavailable;Elastic RAN Carrier Aggregation is not available towards remote eNodeB.
2025-09-28;09:20:53;AL  ;Minor ;EUtraNetwork=1,ExternalENodeBFunction=2221-207904;Inter Node Carrier Aggregation Service Unavailable;Elastic RAN Carrier Aggregation is not available towards remote eNodeB.
2025-09-28;09:20:58;AL  ;Cleared;EUtraNetwork=1,ExternalENodeBFunction=2221-650193;Inter Node Carrier Aggregation Service Unavailable;Elastic RAN Carrier Aggregation is not available towards remote eNodeB.
2025-09-28;09:21:03;AL  ;Cleared;EUtraNetwork=1,ExternalENodeBFunction=2221-207912;Inter Node Carrier Aggregation Service Unavailable;Elastic RAN Carrier Aggregation is not available towards remote eNodeB.
2025-09-28;09:21:11;AL  ;Cleared;EUtraNetwork=1,ExternalENodeBFunction=2221-204910;Inter Node Carrier Aggregation Service Unavailable;Elastic RAN Carrier Aggregation is not available towards remote eNodeB.
2025-09-28;09:21:13;AL  ;Minor ;EUtraNetwork=1,ExternalENodeBFunction=2221-650028;Inter Node Carrier Aggregation Service Unavailable;Elastic RAN Carrier Aggregation is not available towards remote eNodeB.
2025-09-28;09:21:16;AL  ;Cleared;EUtraNetwork=1,ExternalENodeBFunction=2221-650035;Inter Node Carrier Aggregation Service Unavailable;Elastic RAN Carrier Aggregation is not available towards remote eNodeB.
2025-09-28;09:21:24;AL  ;Cleared;EUtraNetwork=1,ExternalENodeBFunction=2221-205970;Inter Node Carrier Aggregation Service Unavailable;Elastic RAN Carrier Aggregation is not available towards remote eNodeB.
2025-09-28;09:21:28;AL  ;Cleared;EUtraNetwork=1,ExternalENodeBFunction=2221-205969;Inter Node Carrier Aggregation Service Unavailable;Elastic RAN Carrier Aggregation is not available towards remote eNodeB.
2025-09-28;09:21:32;AL  ;Minor ;EUtraNetwork=1,ExternalENodeBFunction=2221-650666;Inter Node Carrier Aggregation Service Unavailable;Elastic RAN Carrier Aggregation is not available towards remote eNodeB.
2025-09-28;09:21:43;AL  ;Minor ;EUtraNetwork=1,ExternalENodeBFunction=2221-207912;Inter Node Carrier Aggregation Service Unavailable;Elastic RAN Carrier Aggregation is not available towards remote eNodeB.
2025-09-28;09:29:33;AL  ;Cleared;EUtraNetwork=1,ExternalENodeBFunction=2221-207912;Inter Node Carrier Aggregation Service Unavailable;Elastic RAN Carrier Aggregation is not available towards remote eNodeB.
2025-09-28;09:30:10;AL  ;Minor ;EUtraNetwork=1,ExternalENodeBFunction=2221-205984;Inter Node Carrier Aggregation Service Unavailable;Elastic RAN Carrier Aggregation is not available towards remote eNodeB.
2025-09-28;09:35:57;AL  ;Minor ;EUtraNetwork=1,ExternalENodeBFunction=2221-206919;Inter Node Carrier Aggregation Service Unavailable;Elastic RAN Carrier Aggregation is not available towards remote eNodeB.
2025-09-28;09:36:04;AL  ;Minor ;EUtraNetwork=1,ExternalENodeBFunction=2221-207905;Inter Node Carrier Aggregation Service Unavailable;Elastic RAN Carrier Aggregation is not available towards remote eNodeB.
2025-09-28;10:00:16;AL  ;Minor ;EUtraNetwork=1,ExternalENodeBFunction=2221-650035;Inter Node Carrier Aggregation Service Unavailable;Elastic RAN Carrier Aggregation is not available towards remote eNodeB.
2025-09-28;15:00:13;AL  ;Minor ;EUtraNetwork=1,ExternalENodeBFunction=2221-207912;Inter Node Carrier Aggregation Service Unavailable;Elastic RAN Carrier Aggregation is not available towards remote eNodeB.
2025-09-28;16:00:12;AL  ;Minor ;EUtraNetwork=1,ExternalENodeBFunction=2221-206973;Inter Node Carrier Aggregation Service Unavailable;Elastic RAN Carrier Aggregation is not available towards remote eNodeB.
2025-09-28;19:07:00;AL  ;Minor ;EUtraNetwork=1,ExternalENodeBFunction=2221-207910;Inter Node Carrier Aggregation Service Unavailable;Elastic RAN Carrier Aggregation is not available towards remote eNodeB.
2025-09-30;14:12:06;AL  ;Major ;Synchronization=1,RadioEquipmentClock=1,RadioEquipmentClockReference=PTP;Sync PTP Time Reachability Fault;No PTP messages
2025-09-30;14:13:58;AL  ;Minor ;Synchronization=1,RadioEquipmentClock=1;Radio Clock Service in Time Holdover Mode;Time sync reference failure
2025-09-30;14:22:37;AL  ;Cleared;Synchronization=1,RadioEquipmentClock=1;Radio Clock Service in Time Holdover Mode;Time sync reference failure
2025-09-30;14:23:36;AL  ;Cleared;Synchronization=1,RadioEquipmentClock=1,RadioEquipmentClockReference=PTP;Sync PTP Time Reachability Fault;No PTP messages
2025-10-01;03:51:09;AL  ;Cleared;EUtraNetwork=1,ExternalENodeBFunction=2221-206973;Inter Node Carrier Aggregation Service Unavailable;Elastic RAN Carrier Aggregation is not available towards remote eNodeB.
2025-10-01;03:52:51;AL  ;Minor ;EUtraNetwork=1,ExternalENodeBFunction=2221-206973;Inter Node Carrier Aggregation Service Unavailable;Elastic RAN Carrier Aggregation is not available towards remote eNodeB.
2025-10-01;04:11:39;AL  ;Cleared;EUtraNetwork=1,ExternalENodeBFunction=2221-206973;Inter Node Carrier Aggregation Service Unavailable;Elastic RAN Carrier Aggregation is not available towards remote eNodeB.
2025-10-01;04:13:07;AL  ;Minor ;EUtraNetwork=1,ExternalENodeBFunction=2221-206973;Inter Node Carrier Aggregation Service Unavailable;Elastic RAN Carrier Aggregation is not available towards remote eNodeB.
2025-10-01;06:19:11;AL  ;Cleared;EUtraNetwork=1,ExternalENodeBFunction=2221-206973;Inter Node Carrier Aggregation Service Unavailable;Elastic RAN Carrier Aggregation is not available towards remote eNodeB.
2025-10-01;06:20:38;AL  ;Minor ;EUtraNetwork=1,ExternalENodeBFunction=2221-206973;Inter Node Carrier Aggregation Service Unavailable;Elastic RAN Carrier Aggregation is not available towards remote eNodeB.
2025-10-01;07:21:24;AL  ;Cleared;EUtraNetwork=1,ExternalENodeBFunction=2221-206973;Inter Node Carrier Aggregation Service Unavailable;Elastic RAN Carrier Aggregation is not available towards remote eNodeB.
2025-10-01;07:23:01;AL  ;Minor ;EUtraNetwork=1,ExternalENodeBFunction=2221-206973;Inter Node Carrier Aggregation Service Unavailable;Elastic RAN Carrier Aggregation is not available towards remote eNodeB.
2025-10-01;09:39:41;AL  ;Cleared;EUtraNetwork=1,ExternalENodeBFunction=2221-206973;Inter Node Carrier Aggregation Service Unavailable;Elastic RAN Carrier Aggregation is not available towards remote eNodeB.
2025-10-01;09:41:12;AL  ;Minor ;EUtraNetwork=1,ExternalENodeBFunction=2221-204910;Inter Node Carrier Aggregation Service Unavailable;Elastic RAN Carrier Aggregation is not available towards remote eNodeB.
2025-10-01;23:45:50;AL  ;Cleared;EUtraNetwork=1,ExternalENodeBFunction=2221-213265;Inter Node Feature Incompatibility;Elastic RAN feature is not activated in remote eNodeB
2025-10-03;07:41:45;AL  ;Cleared;EUtraNetwork=1,ExternalENodeBFunction=2221-206919;Inter Node Carrier Aggregation Service Unavailable;Elastic RAN Carrier Aggregation is not available towards remote eNodeB.
2025-10-03;07:42:24;AL  ;Minor ;EUtraNetwork=1,ExternalENodeBFunction=2221-206919;Inter Node Carrier Aggregation Service Unavailable;Elastic RAN Carrier Aggregation is not available towards remote eNodeB.
2025-10-03;09:12:15;AL  ;Cleared;EUtraNetwork=1,ExternalENodeBFunction=2221-650236;Inter Node Feature Incompatibility;Elastic RAN feature is not activated in remote eNodeB
2025-10-05;07:22:22;AL  ;Cleared;EUtraNetwork=1,ExternalENodeBFunction=2221-207132;Inter Node Carrier Aggregation Service Unavailable;Elastic RAN Carrier Aggregation is not available towards remote eNodeB.
2025-10-05;07:22:33;AL  ;Cleared;EUtraNetwork=1,ExternalENodeBFunction=2221-650035;Inter Node Carrier Aggregation Service Unavailable;Elastic RAN Carrier Aggregation is not available towards remote eNodeB.
2025-10-05;07:22:34;AL  ;Minor ;EUtraNetwork=1,ExternalENodeBFunction=2221-205969;Inter Node Carrier Aggregation Service Unavailable;Elastic RAN Carrier Aggregation is not available towards remote eNodeB.
2025-10-05;07:23:10;AL  ;Minor ;EUtraNetwork=1,ExternalENodeBFunction=2221-207132;Inter Node Carrier Aggregation Service Unavailable;Elastic RAN Carrier Aggregation is not available towards remote eNodeB.
2025-10-05;07:26:00;AL  ;Cleared;EUtraNetwork=1,ExternalENodeBFunction=2221-204910;Inter Node Carrier Aggregation Service Unavailable;Elastic RAN Carrier Aggregation is not available towards remote eNodeB.
2025-10-05;07:26:07;AL  ;Minor ;EUtraNetwork=1,ExternalENodeBFunction=2221-204910;Inter Node Carrier Aggregation Service Unavailable;Elastic RAN Carrier Aggregation is not available towards remote eNodeB.
2025-10-05;08:56:11;AL  ;Cleared;EUtraNetwork=1,ExternalENodeBFunction=2221-207904;Inter Node Carrier Aggregation Service Unavailable;Elastic RAN Carrier Aggregation is not available towards remote eNodeB.
2025-10-05;08:56:14;AL  ;Cleared;EUtraNetwork=1,ExternalENodeBFunction=2221-207905;Inter Node Carrier Aggregation Service Unavailable;Elastic RAN Carrier Aggregation is not available towards remote eNodeB.
2025-10-05;08:56:16;AL  ;Minor ;EUtraNetwork=1,ExternalENodeBFunction=2221-205970;Inter Node Carrier Aggregation Service Unavailable;Elastic RAN Carrier Aggregation is not available towards remote eNodeB.
2025-10-05;08:56:29;AL  ;Minor ;EUtraNetwork=1,ExternalENodeBFunction=2221-207904;Inter Node Carrier Aggregation Service Unavailable;Elastic RAN Carrier Aggregation is not available towards remote eNodeB.
2025-10-05;08:58:01;AL  ;Cleared;EUtraNetwork=1,ExternalENodeBFunction=2221-205984;Inter Node Carrier Aggregation Service Unavailable;Elastic RAN Carrier Aggregation is not available towards remote eNodeB.
2025-10-05;08:58:18;AL  ;Minor ;EUtraNetwork=1,ExternalENodeBFunction=2221-208332;Inter Node Carrier Aggregation Service Unavailable;Elastic RAN Carrier Aggregation is not available towards remote eNodeB.
2025-10-05;08:59:29;AL  ;Cleared;EUtraNetwork=1,ExternalENodeBFunction=2221-206919;Inter Node Carrier Aggregation Service Unavailable;Elastic RAN Carrier Aggregation is not available towards remote eNodeB.
2025-10-05;08:59:58;AL  ;Minor ;EUtraNetwork=1,ExternalENodeBFunction=2221-205984;Inter Node Carrier Aggregation Service Unavailable;Elastic RAN Carrier Aggregation is not available towards remote eNodeB.
2025-10-05;09:00:39;AL  ;Cleared;EUtraNetwork=1,ExternalENodeBFunction=2221-650666;Inter Node Carrier Aggregation Service Unavailable;Elastic RAN Carrier Aggregation is not available towards remote eNodeB.
2025-10-05;09:00:55;AL  ;Minor ;EUtraNetwork=1,ExternalENodeBFunction=2221-650666;Inter Node Carrier Aggregation Service Unavailable;Elastic RAN Carrier Aggregation is not available towards remote eNodeB.
2025-10-05;09:02:26;AL  ;Cleared;EUtraNetwork=1,ExternalENodeBFunction=2221-650028;Inter Node Carrier Aggregation Service Unavailable;Elastic RAN Carrier Aggregation is not available towards remote eNodeB.
2025-10-05;09:02:32;AL  ;Minor ;EUtraNetwork=1,ExternalENodeBFunction=2221-205985;Inter Node Carrier Aggregation Service Unavailable;Elastic RAN Carrier Aggregation is not available towards remote eNodeB.
2025-10-05;09:03:09;AL  ;Cleared;EUtraNetwork=1,ExternalENodeBFunction=2221-207910;Inter Node Carrier Aggregation Service Unavailable;Elastic RAN Carrier Aggregation is not available towards remote eNodeB.
2025-10-05;09:03:12;AL  ;Minor ;EUtraNetwork=1,ExternalENodeBFunction=2221-206919;Inter Node Carrier Aggregation Service Unavailable;Elastic RAN Carrier Aggregation is not available towards remote eNodeB.
2025-10-05;09:06:55;AL  ;Cleared;EUtraNetwork=1,ExternalENodeBFunction=2221-205970;Inter Node Carrier Aggregation Service Unavailable;Elastic RAN Carrier Aggregation is not available towards remote eNodeB.
2025-10-05;09:07:04;AL  ;Cleared;EUtraNetwork=1,ExternalENodeBFunction=2221-205969;Inter Node Carrier Aggregation Service Unavailable;Elastic RAN Carrier Aggregation is not available towards remote eNodeB.
2025-10-05;09:07:06;AL  ;Minor ;EUtraNetwork=1,ExternalENodeBFunction=2221-206973;Inter Node Carrier Aggregation Service Unavailable;Elastic RAN Carrier Aggregation is not available towards remote eNodeB.
2025-10-05;09:07:09;AL  ;Minor ;EUtraNetwork=1,ExternalENodeBFunction=2221-205970;Inter Node Carrier Aggregation Service Unavailable;Elastic RAN Carrier Aggregation is not available towards remote eNodeB.
2025-10-05;09:08:00;AL  ;Cleared;EUtraNetwork=1,ExternalENodeBFunction=2221-208332;Inter Node Carrier Aggregation Service Unavailable;Elastic RAN Carrier Aggregation is not available towards remote eNodeB.
2025-10-05;09:08:10;AL  ;Minor ;EUtraNetwork=1,ExternalENodeBFunction=2221-205969;Inter Node Carrier Aggregation Service Unavailable;Elastic RAN Carrier Aggregation is not available towards remote eNodeB.
2025-10-05;09:11:13;AL  ;Cleared;EUtraNetwork=1,ExternalENodeBFunction=2221-206973;Inter Node Carrier Aggregation Service Unavailable;Elastic RAN Carrier Aggregation is not available towards remote eNodeB.
2025-10-05;09:11:18;AL  ;Minor ;EUtraNetwork=1,ExternalENodeBFunction=2221-207905;Inter Node Carrier Aggregation Service Unavailable;Elastic RAN Carrier Aggregation is not available towards remote eNodeB.
2025-10-05;09:11:18;AL  ;Cleared;EUtraNetwork=1,ExternalENodeBFunction=2221-205984;Inter Node Carrier Aggregation Service Unavailable;Elastic RAN Carrier Aggregation is not available towards remote eNodeB.
2025-10-05;09:11:22;AL  ;Cleared;EUtraNetwork=1,ExternalENodeBFunction=2221-207904;Inter Node Carrier Aggregation Service Unavailable;Elastic RAN Carrier Aggregation is not available towards remote eNodeB.
2025-10-05;09:11:27;AL  ;Minor ;EUtraNetwork=1,ExternalENodeBFunction=2221-207913;Inter Node Carrier Aggregation Service Unavailable;Elastic RAN Carrier Aggregation is not available towards remote eNodeB.
2025-10-05;09:11:27;AL  ;Cleared;EUtraNetwork=1,ExternalENodeBFunction=2221-205985;Inter Node Carrier Aggregation Service Unavailable;Elastic RAN Carrier Aggregation is not available towards remote eNodeB.
2025-10-05;09:11:32;AL  ;Cleared;EUtraNetwork=1,ExternalENodeBFunction=2221-207912;Inter Node Carrier Aggregation Service Unavailable;Elastic RAN Carrier Aggregation is not available towards remote eNodeB.
2025-10-05;09:11:32;AL  ;Minor ;EUtraNetwork=1,ExternalENodeBFunction=2221-650028;Inter Node Carrier Aggregation Service Unavailable;Elastic RAN Carrier Aggregation is not available towards remote eNodeB.
2025-10-05;09:11:40;AL  ;Cleared;EUtraNetwork=1,ExternalENodeBFunction=2221-204910;Inter Node Carrier Aggregation Service Unavailable;Elastic RAN Carrier Aggregation is not available towards remote eNodeB.
2025-10-05;09:11:41;AL  ;Minor ;EUtraNetwork=1,ExternalENodeBFunction=2221-650031;Inter Node Carrier Aggregation Service Unavailable;Elastic RAN Carrier Aggregation is not available towards remote eNodeB.
2025-10-05;09:11:45;AL  ;Cleared;EUtraNetwork=1,ExternalENodeBFunction=2221-207132;Inter Node Carrier Aggregation Service Unavailable;Elastic RAN Carrier Aggregation is not available towards remote eNodeB.
2025-10-05;09:11:50;AL  ;Cleared;EUtraNetwork=1,ExternalENodeBFunction=2221-205970;Inter Node Carrier Aggregation Service Unavailable;Elastic RAN Carrier Aggregation is not available towards remote eNodeB.
2025-10-05;09:11:51;AL  ;Minor ;EUtraNetwork=1,ExternalENodeBFunction=2221-650035;Inter Node Carrier Aggregation Service Unavailable;Elastic RAN Carrier Aggregation is not available towards remote eNodeB.
2025-10-05;09:11:54;AL  ;Cleared;EUtraNetwork=1,ExternalENodeBFunction=2221-206919;Inter Node Carrier Aggregation Service Unavailable;Elastic RAN Carrier Aggregation is not available towards remote eNodeB.
2025-10-05;09:11:54;AL  ;Minor ;EUtraNetwork=1,ExternalENodeBFunction=2221-207912;Inter Node Carrier Aggregation Service Unavailable;Elastic RAN Carrier Aggregation is not available towards remote eNodeB.
2025-10-05;09:11:59;AL  ;Cleared;EUtraNetwork=1,ExternalENodeBFunction=2221-650666;Inter Node Carrier Aggregation Service Unavailable;Elastic RAN Carrier Aggregation is not available towards remote eNodeB.
2025-10-05;09:12:07;AL  ;Cleared;EUtraNetwork=1,ExternalENodeBFunction=2221-205969;Inter Node Carrier Aggregation Service Unavailable;Elastic RAN Carrier Aggregation is not available towards remote eNodeB.
2025-10-05;09:19:04;AL  ;Cleared;EUtraNetwork=1,ExternalENodeBFunction=2221-207913;Inter Node Carrier Aggregation Service Unavailable;Elastic RAN Carrier Aggregation is not available towards remote eNodeB.
2025-10-05;09:19:07;AL  ;Cleared;EUtraNetwork=1,ExternalENodeBFunction=2221-207912;Inter Node Carrier Aggregation Service Unavailable;Elastic RAN Carrier Aggregation is not available towards remote eNodeB.
2025-10-05;09:19:26;AL  ;Minor ;EUtraNetwork=1,ExternalENodeBFunction=2221-207913;Inter Node Carrier Aggregation Service Unavailable;Elastic RAN Carrier Aggregation is not available towards remote eNodeB.
2025-10-05;09:24:06;AL  ;Minor ;EUtraNetwork=1,ExternalENodeBFunction=2221-650193;Inter Node Carrier Aggregation Service Unavailable;Elastic RAN Carrier Aggregation is not available towards remote eNodeB.
2025-10-05;13:00:14;AL  ;Minor ;EUtraNetwork=1,ExternalENodeBFunction=2221-207912;Inter Node Carrier Aggregation Service Unavailable;Elastic RAN Carrier Aggregation is not available towards remote eNodeB.
2025-10-05;15:00:12;AL  ;Minor ;EUtraNetwork=1,ExternalENodeBFunction=2221-650666;Inter Node Carrier Aggregation Service Unavailable;Elastic RAN Carrier Aggregation is not available towards remote eNodeB.
2025-10-05;15:38:58;AL  ;Minor ;ENodeBFunction=1;External Link Failure;X2 link problem to one or several neighbouring eNodeBs. AI: PLMN ID-eNB ID 1 = 2221-650339
2025-10-05;15:43:39;AL  ;Minor ;ENodeBFunction=1;External Link Failure;X2 link problem to one or several neighbouring eNodeBs. AI: PLMN ID-eNB ID 1 = 2221-650339 PLMN ID-eNB ID 2 = 2221-650756
2025-10-05;15:53:53;AL  ;Cleared;EUtraNetwork=1,ExternalENodeBFunction=2221-650193;Inter Node Carrier Aggregation Service Unavailable;Elastic RAN Carrier Aggregation is not available towards remote eNodeB.
2025-10-05;15:56:13;AL  ;Minor ;EUtraNetwork=1,ExternalENodeBFunction=2221-650193;Inter Node Carrier Aggregation Service Unavailable;Elastic RAN Carrier Aggregation is not available towards remote eNodeB.
2025-10-05;15:59:43;AL  ;Minor ;ENodeBFunction=1;External Link Failure;X2 link problem to one or several neighbouring eNodeBs. AI: PLMN ID-eNB ID 1 = 2221-650339 PLMN ID-eNB ID 2 = 2221-650756 PLMN ID-eNB ID 3 = 2221-650068
2025-10-05;16:06:39;AL  ;Minor ;ENodeBFunction=1;External Link Failure;X2 link problem to one or several neighbouring eNodeBs. AI: PLMN ID-eNB ID 1 = 2221-650756 PLMN ID-eNB ID 2 = 2221-650068
2025-10-05;16:08:18;AL  ;Minor ;ENodeBFunction=1;External Link Failure;X2 link problem to one or several neighbouring eNodeBs. AI: PLMN ID-eNB ID 1 = 2221-650756 PLMN ID-eNB ID 2 = 2221-650068 PLMN ID-eNB ID 3 = 2221-650296
2025-10-05;16:10:05;AL  ;Minor ;ENodeBFunction=1;External Link Failure;X2 link problem to one or several neighbouring eNodeBs. AI: PLMN ID-eNB ID 1 = 2221-650068 PLMN ID-eNB ID 2 = 2221-650296
2025-10-05;16:11:38;AL  ;Cleared;ENodeBFunction=1;External Link Failure;X2 link problem to one or several neighbouring eNodeBs. AI: PLMN ID-eNB ID 1 = 2221-650068 PLMN ID-eNB ID 2 = 2221-650296
2025-10-05;16:13:21;AL  ;Minor ;ENodeBFunction=1;External Link Failure;X2 link problem to one or several neighbouring eNodeBs. AI: PLMN ID-eNB ID 1 = 2221-650324
2025-10-05;16:13:49;AL  ;Minor ;ENodeBFunction=1;External Link to GNodeB Failure;X2 link problem to one or several neighbouring gNodeBs. AI: PLMN ID-gNB ID 1 = 2221-1056184
2025-10-05;16:18:18;AL  ;Cleared;ENodeBFunction=1;External Link to GNodeB Failure;X2 link problem to one or several neighbouring gNodeBs. AI: PLMN ID-gNB ID 1 = 2221-1056184
2025-10-05;16:18:57;AL  ;Cleared;ENodeBFunction=1;External Link Failure;X2 link problem to one or several neighbouring eNodeBs. AI: PLMN ID-eNB ID 1 = 2221-650324
2025-10-05;18:00:57;AL  ;Minor ;EUtraNetwork=1,ExternalENodeBFunction=2221-207904;Inter Node Carrier Aggregation Service Unavailable;Elastic RAN Carrier Aggregation is not available towards remote eNodeB.
2025-10-05;19:15:02;AL  ;Minor ;EUtraNetwork=1,ExternalENodeBFunction=2221-207910;Inter Node Carrier Aggregation Service Unavailable;Elastic RAN Carrier Aggregation is not available towards remote eNodeB.
2025-10-05;21:59:40;AL  ;Minor ;EUtraNetwork=1,ExternalENodeBFunction=2221-206919;Inter Node Carrier Aggregation Service Unavailable;Elastic RAN Carrier Aggregation is not available towards remote eNodeB.


KS50E> lgec -m 30d

251007-11:08:59+0200 19.31.5.211 25.0h MSRBS_NODE_MODEL_25.Q1_693.28324.131_62ac stopfile=/tmp/628437

Startdate=20250907.090859, Enddate=20251008.090859
Date;Time;Log;Severity;Object;Event;Cause;AdditionalText;AckState;Id;NotificationId;CorrelatedAlarms
Executing action Log.export()
..
Log=AlertLog                    actionId=29926
...
=================================================================================================================
MO                  actionId result      resultInfo
=================================================================================================================
LogM=1,Log=AlertLog 29926    1 (SUCCESS)           
cat  /ericsson/log/amos/moshell_logfiles/t20251007_37258710_53697/logs_moshell/tempfiles/scp-2-amos_20251007-110724_628328/rcslogs/AlertLog_20240329__084135_20250224__234222.log /ericsson/log/amos/moshell_logfiles/t20251007_37258710_53697/logs_moshell/tempfiles/scp-2-amos_20251007-110724_628328/rcslogs/AlertLog_20250224__234222.log > /ericsson/log/amos/moshell_logfiles/t20251007_37258710_53697/logs_moshell/tempfiles/scp-2-amos_20251007-110724_628328/eventLog628437.xml
2025-09-10;14:12:57;EV  ;Warning;EUtranCellFDD=KS50E1;Cell Service Unavailable Auto Recovery Initiated Alert;
2025-09-10;14:12:57;EV  ;Warning;NbIotCell=KS50N1;Cell Service Unavailable Auto Recovery Initiated Alert;
2025-09-10;14:12:57;EV  ;Warning;EUtranCellFDD=KS50E2;Cell Service Unavailable Auto Recovery Initiated Alert;
2025-09-10;14:12:57;EV  ;Warning;NbIotCell=KS50N2;Cell Service Unavailable Auto Recovery Initiated Alert;
2025-09-10;14:12:57;EV  ;Warning;EUtranCellFDD=KS50E3;Cell Service Unavailable Auto Recovery Initiated Alert;
2025-09-10;14:12:57;EV  ;Warning;NbIotCell=KS50N3;Cell Service Unavailable Auto Recovery Initiated Alert;
2025-09-10;14:12:57;EV  ;Warning;EUtranCellFDD=KS50T2;Cell Service Unavailable Auto Recovery Initiated Alert;
2025-09-10;14:12:57;EV  ;Warning;EUtranCellFDD=KS50T3;Cell Service Unavailable Auto Recovery Initiated Alert;
2025-09-10;14:13:10;EV  ;Warning;RiLink=S100-1;Radio Interface Connectivity Disturbance Alert;Near end port:FieldReplaceableUnit=BB-1,RiPort=D (transportType=NOT_SET). SUPPRESSED
2025-09-10;14:13:10;EV  ;Warning;RiLink=S102-1;Radio Interface Connectivity Disturbance Alert;Near end port:FieldReplaceableUnit=BB-1,RiPort=E (transportType=NOT_SET). SUPPRESSED
2025-09-10;14:13:10;EV  ;Warning;RiLink=S212-1;Radio Interface Connectivity Disturbance Alert;Near end port:FieldReplaceableUnit=BB-1,RiPort=C (transportType=NOT_SET) (Mixed Mode with other ME). SUPPRESSED
2025-09-10;14:13:10;EV  ;Warning;RiLink=S211-1;Radio Interface Connectivity Disturbance Alert;Near end port:FieldReplaceableUnit=BB-1,RiPort=B (transportType=NOT_SET) (Mixed Mode with other ME). SUPPRESSED
2025-09-10;14:13:10;EV  ;Warning;RiLink=S210-1;Radio Interface Connectivity Disturbance Alert;Near end port:FieldReplaceableUnit=BB-1,RiPort=A (transportType=NOT_SET) (Mixed Mode with other ME). SUPPRESSED
2025-09-10;14:13:15;EV  ;Warning;EUtranCellFDD=KS50E3;Cell Service Available Auto Recovery Successful Alert;
2025-09-10;14:13:15;EV  ;Warning;EUtranCellFDD=KS50E1;Cell Service Available Auto Recovery Successful Alert;
2025-09-10;14:13:16;EV  ;Warning;EUtranCellFDD=KS50E2;Cell Service Available Auto Recovery Successful Alert;
2025-09-10;14:13:16;EV  ;Warning;NbIotCell=KS50N3;Cell Service Available Auto Recovery Successful Alert;
2025-09-10;14:13:16;EV  ;Warning;NbIotCell=KS50N1;Cell Service Available Auto Recovery Successful Alert;
2025-09-10;14:13:16;EV  ;Warning;NbIotCell=KS50N2;Cell Service Available Auto Recovery Successful Alert;
2025-09-10;14:13:18;EV  ;Warning;EUtranCellFDD=KS50T3;Cell Service Available Auto Recovery Successful Alert;
2025-09-10;14:13:21;EV  ;Warning;EUtranCellFDD=KS50T2;Cell Service Available Auto Recovery Successful Alert;
2025-09-26;15:00:00;EV  ;Warning;EUtranCellFDD=KS50E1;Cell Service Unavailable Auto Recovery Initiated Alert;
2025-09-26;15:00:00;EV  ;Warning;NbIotCell=KS50N1;Cell Service Unavailable Auto Recovery Initiated Alert;
2025-09-26;15:00:00;EV  ;Warning;EUtranCellFDD=KS50E2;Cell Service Unavailable Auto Recovery Initiated Alert;
2025-09-26;15:00:00;EV  ;Warning;NbIotCell=KS50N2;Cell Service Unavailable Auto Recovery Initiated Alert;
2025-09-26;15:00:00;EV  ;Warning;EUtranCellFDD=KS50E3;Cell Service Unavailable Auto Recovery Initiated Alert;
2025-09-26;15:00:00;EV  ;Warning;NbIotCell=KS50N3;Cell Service Unavailable Auto Recovery Initiated Alert;
2025-09-26;15:00:00;EV  ;Warning;EUtranCellFDD=KS50M3;Cell Service Unavailable Auto Recovery Initiated Alert;
2025-09-26;15:00:00;EV  ;Warning;EUtranCellFDD=KS50T1;Cell Service Unavailable Auto Recovery Initiated Alert;
2025-09-26;15:00:00;EV  ;Warning;EUtranCellFDD=KS50T2;Cell Service Unavailable Auto Recovery Initiated Alert;
2025-09-26;15:00:00;EV  ;Warning;EUtranCellFDD=KS50T3;Cell Service Unavailable Auto Recovery Initiated Alert;
2025-09-26;15:00:05;EV  ;Warning;RiLink=S100-1;Radio Interface Connectivity Disturbance Alert;Near end port:FieldReplaceableUnit=BB-1,RiPort=D (transportType=NOT_SET). SUPPRESSED
2025-09-26;15:00:05;EV  ;Warning;RiLink=S102-1;Radio Interface Connectivity Disturbance Alert;Near end port:FieldReplaceableUnit=BB-1,RiPort=E (transportType=NOT_SET). SUPPRESSED
2025-09-26;15:00:05;EV  ;Warning;RiLink=S212-1;Radio Interface Connectivity Disturbance Alert;Near end port:FieldReplaceableUnit=BB-1,RiPort=C (transportType=NOT_SET) (Mixed Mode with other ME). SUPPRESSED
2025-09-26;15:00:05;EV  ;Warning;RiLink=S211-1;Radio Interface Connectivity Disturbance Alert;Near end port:FieldReplaceableUnit=BB-1,RiPort=B (transportType=NOT_SET) (Mixed Mode with other ME). SUPPRESSED
2025-09-26;15:00:05;EV  ;Warning;RiLink=S210-1;Radio Interface Connectivity Disturbance Alert;Near end port:FieldReplaceableUnit=BB-1,RiPort=A (transportType=NOT_SET) (Mixed Mode with other ME). SUPPRESSED
2025-09-26;15:00:10;EV  ;Warning;EUtranCellFDD=KS50E3;Cell Service Available Auto Recovery Successful Alert;
2025-09-26;15:00:10;EV  ;Warning;EUtranCellFDD=KS50E1;Cell Service Available Auto Recovery Successful Alert;
2025-09-26;15:00:11;EV  ;Warning;EUtranCellFDD=KS50E2;Cell Service Available Auto Recovery Successful Alert;
2025-09-26;15:00:11;EV  ;Warning;NbIotCell=KS50N3;Cell Service Available Auto Recovery Successful Alert;
2025-09-26;15:00:11;EV  ;Warning;NbIotCell=KS50N1;Cell Service Available Auto Recovery Successful Alert;
2025-09-26;15:00:11;EV  ;Warning;EUtranCellFDD=KS50M3;Cell Service Available Auto Recovery Successful Alert;
2025-09-26;15:00:11;EV  ;Warning;EUtranCellFDD=KS50T3;Cell Service Available Auto Recovery Successful Alert;
2025-09-26;15:00:11;EV  ;Warning;NbIotCell=KS50N2;Cell Service Available Auto Recovery Successful Alert;
2025-09-26;15:00:13;EV  ;Warning;EUtranCellFDD=KS50T1;Cell Service Available Auto Recovery Successful Alert;
2025-09-26;15:00:16;EV  ;Warning;EUtranCellFDD=KS50T2;Cell Service Available Auto Recovery Successful Alert;

Bye...
Output has been logged to file /mta_fs/UserFiles/37258710/amosbatch/2025-10-07_11-07-01_53697/KS50E.log
