Logging to file /mta_fs/UserFiles/37258710/amosbatch/2025-10-07_11-07-01_53697/KS51L.log
                        __  __  ____   _____
                  /\   |  \/  |/ __ \ / ____|
                 /  \  | \  / | |  | | (___  
                / /\ \ | |\/| | |  | |\___ \ 
               / ____ \| |  | | |__| |____) |
              /_/    \_\_|  |_|\____/|_____/
              OSS Framework for MoShell-25.0h 
  Copyright (c) Ericsson AB 2001-2025 - All Rights Reserved
              
           
[1;31mWARNING: [0mthe AMOS version currently running is more than 22 weeks old and is unsupported.
Please upgrade as soon as possible to the latest released version, available from your local Ericsson support.

$amosrb_pid = 676173

Checking ip contact...OK

HELP MENU            : h
BASIC MO COMMANDS    : m
OTHER MO COMMANDS    : n
OTHER COMMANDS       : o
PM COMMANDS          : p
QUIT                 : q

KS51L> lt all

251007-11:12:41+0200 19.31.5.205 25.0h  stopfile=/tmp/675891
Looking up temporary_amos account... OK.
Trying temporary_amos_t20251007_37258710_53697_313's password from amos lookupAccount ... OK

$ssh_pid = 678304

Connected to 19.31.5.205 (SubNetwork=BBMM_rckomc_R,MeContext=KS51L,ManagedElement=KS51L)

Checking MOM version...MSRBS_NODE_MODEL_25.Q1_693.28324.131_62ac
Parsing MOM (cached): /ericsson/log/amos/moshell_logfiles/t20251007_37258710_53697/logs_moshell/tempfiles/scp-2-amos_20251007-111234_675775/MSRBS_NODE_MODEL_25.Q1_693.28324.131_62ac.xml.cache.gz ..................................................................................................................................................................................................................................Done.
Using paramfile /opt/ericsson/amos/moshell/commonjars/pm/PARAM_MSRBS_25.Q1.txt
Parsing file /opt/ericsson/amos/moshell/commonjars/pm/PARAM_MSRBS_25.Q1.txt .......................................................................................Done.
Using imomdfile /opt/ericsson/amos/moshell/commonjars/pm/IMOMD_MSRBS_22.Q4.txt
Using imomfile /opt/ericsson/amos/moshell/commonjars/pm/IMOM_MSRBS_25.Q1.txt
Connected to 19.31.5.205 (SubNetwork=BBMM_rckomc_R,MeContext=KS51L,ManagedElement=KS51L)

Last MO: 17257. Loaded 17257 MOs. Total: 17258 MOs.

KS51L> hget EUtranCellFDD ^cellid

251007-11:12:55+0200 19.31.5.205 25.0h MSRBS_NODE_MODEL_25.Q1_693.28324.131_62ac stopfile=/tmp/675891

=================================================================================================================
MO                   cellId
=================================================================================================================
EUtranCellFDD=KS51L1 21    
EUtranCellFDD=KS51L2 22    
=================================================================================================================
Total: 2 MOs

Added 2 MOs to group: hget_group

KS51L> hget NbIotCell ^cellid

251007-11:12:55+0200 19.31.5.205 25.0h MSRBS_NODE_MODEL_25.Q1_693.28324.131_62ac stopfile=/tmp/675891
Total: 0 MOs

KS51L> hget NRCellDU ^cellLocalId

251007-11:12:55+0200 19.31.5.205 25.0h MSRBS_NODE_MODEL_25.Q1_693.28324.131_62ac stopfile=/tmp/675891
Total: 0 MOs

KS51L> lgdc -m 30d

251007-11:12:56+0200 19.31.5.205 25.0h MSRBS_NODE_MODEL_25.Q1_693.28324.131_62ac stopfile=/tmp/675891

Startdate=20250907.091256, Enddate=20251008.091256
INFO: Using amos lookupAccount credentials for the export login

Executing action LogM.exportAvailabilityLog()
...LogM=1,exportAvailabilityLog    actionId=29621
...
=================================================================================================================
MO     actionId result      resultInfo
=================================================================================================================
LogM=1 29621    1 (SUCCESS)           
cp /ericsson/log/amos/moshell_logfiles/t20251007_37258710_53697/logs_moshell/tempfiles/scp-2-amos_20251007-111234_675775/rcslogs/RBS_CS_AVAILABILITY_LOG_20251007091258.xml /ericsson/log/amos/moshell_logfiles/t20251007_37258710_53697/logs_moshell/tempfiles/scp-2-amos_20251007-111234_675775/availabilityLog675891.xml
Parsing availabilityLog...Done.

Date;Time;RestartType;SwVersion;SwRelease;RCSDowntime;ApplicationDowntime;TNDowntime;RATsDowntime;ExtraInfo;ExtraInfo2
2025-09-08;04:26:49;PartialOutage(Manual);50% Lrat Cell 21; ();8s;;;;;
2025-09-08;04:27:00;PartialOutage(Manual);50% Lrat Cell 22; ();9s;;;;;
2025-09-26;14:55:22;PartialOutage(System);100% Lrat Cell 21 22; ();7s;;;;;
2025-09-26;14:55:29;PartialOutage(System);100% Lrat Cell 21; ();1s;;;;;

Node uptime since last restart: 929854 seconds (10 days, 18 hours, 17 minutes, 34 seconds)
------------------------------------------------------------------------------------------------------
Period=30 days       NodeUpgrade      NodeManual       NodeSpontaneous  AllNodeRestarts  PartialOutages  
------------------------------------------------------------------------------------------------------
Number Of outages    0                0                0                0                4               
Total downtime       0s               0s               0s               0s               25s             
Downtime per day     0s               0s               0s               0s               1s              
Downtime per outage  0s               0s               0s               0s               6s              

KS51L> lgac -m 30d

251007-11:13:04+0200 19.31.5.205 25.0h MSRBS_NODE_MODEL_25.Q1_693.28324.131_62ac stopfile=/tmp/675891

Startdate=20250907.091304, Enddate=20251008.091304
Date;Time;Log;Severity;Object;Event;Cause;AdditionalText;AckState;Id;NotificationId;CorrelatedAlarms
Executing action Log.export()
..
Log=AlarmLog                    actionId=29622
...
=================================================================================================================
MO                  actionId result      resultInfo
=================================================================================================================
LogM=1,Log=AlarmLog 29622    1 (SUCCESS)           
cat  /ericsson/log/amos/moshell_logfiles/t20251007_37258710_53697/logs_moshell/tempfiles/scp-2-amos_20251007-111234_675775/rcslogs/saLogAlarm_20240301__075952_20250224__234017.log /ericsson/log/amos/moshell_logfiles/t20251007_37258710_53697/logs_moshell/tempfiles/scp-2-amos_20251007-111234_675775/rcslogs/saLogAlarm_20250224__234017.log > /ericsson/log/amos/moshell_logfiles/t20251007_37258710_53697/logs_moshell/tempfiles/scp-2-amos_20251007-111234_675775/alarmLog675891.xml
2025-09-07;09:15:11;AL  ;Minor ;EUtraNetwork=1,ExternalENodeBFunction=2221-206255;Inter Node Carrier Aggregation Service Unavailable;Elastic RAN Carrier Aggregation is not available towards remote eNodeB.
2025-09-07;09:25:50;AL  ;Cleared;EUtraNetwork=1,ExternalENodeBFunction=2221-206255;Inter Node Carrier Aggregation Service Unavailable;Elastic RAN Carrier Aggregation is not available towards remote eNodeB.
2025-09-07;09:25:50;AL  ;Cleared;EUtraNetwork=1,ExternalENodeBFunction=2221-206255;Inter Node Feature Incompatibility;Inter eNodeB CA feature is not activated in remote eNodeB
2025-09-07;09:25:54;AL  ;Cleared;EUtraNetwork=1,ExternalENodeBFunction=2221-650362;Inter Node Carrier Aggregation Service Unavailable;Elastic RAN Carrier Aggregation is not available towards remote eNodeB.
2025-09-07;09:25:54;AL  ;Cleared;EUtraNetwork=1,ExternalENodeBFunction=2221-650362;Inter Node Feature Incompatibility;Inter eNodeB CA feature is not activated in remote eNodeB
2025-09-07;09:26:33;AL  ;Minor ;EUtraNetwork=1,ExternalENodeBFunction=2221-650362;Inter Node Carrier Aggregation Service Unavailable;Elastic RAN Carrier Aggregation is not available towards remote eNodeB.
2025-09-07;09:26:52;AL  ;Minor ;EUtraNetwork=1,ExternalENodeBFunction=2221-206255;Inter Node Carrier Aggregation Service Unavailable;Elastic RAN Carrier Aggregation is not available towards remote eNodeB.
2025-09-07;11:54:04;AL  ;Cleared;EUtraNetwork=1,ExternalENodeBFunction=2221-650362;Inter Node Carrier Aggregation Service Unavailable;Elastic RAN Carrier Aggregation is not available towards remote eNodeB.
2025-09-08;00:24:40;AL  ;Minor ;EUtraNetwork=1,ExternalENodeBFunction=2221-213265;Inter Node Feature Incompatibility;Inter eNodeB CA feature is not activated in remote eNodeB
2025-09-08;04:27:10;AL  ;Minor ;EUtraNetwork=1,ExternalENodeBFunction=2221-208006;Inter Node Carrier Aggregation Service Unavailable;Elastic RAN Carrier Aggregation is not available towards remote eNodeB.
2025-09-08;21:01:55;AL  ;Minor ;EUtraNetwork=1,ExternalENodeBFunction=2221-650362;Inter Node Feature Incompatibility;Inter eNodeB CA feature is not activated in remote eNodeB
2025-09-09;09:52:38;AL  ;Minor ;EUtraNetwork=1,ExternalENodeBFunction=2221-207649;Inter Node Carrier Aggregation Service Unavailable;Elastic RAN Carrier Aggregation is not available towards remote eNodeB.
2025-09-09;13:47:48;AL  ;Warning;ENodeBFunction=1;PLMN Service Redundancy Lost;S1 connection failure for PLMN connected with link represented by MO listed in Additional Information. AI: PLMN = ["2221"],DN1=ManagedElement=1,ENodeBFunction=1,TermPointToMme=5,
2025-09-09;13:47:50;AL  ;Minor ;EUtraNetwork=1,ExternalENodeBFunction=2221-206384;Inter Node Carrier Aggregation Service Unavailable;Elastic RAN Carrier Aggregation is not available towards remote eNodeB.
2025-09-09;13:48:18;AL  ;Cleared;ENodeBFunction=1;PLMN Service Redundancy Lost;S1 connection failure for PLMN connected with link represented by MO listed in Additional Information. AI: PLMN = ["2221"],DN1=ManagedElement=1,ENodeBFunction=1,TermPointToMme=5,
2025-09-11;06:43:17;AL  ;Cleared;EUtraNetwork=1,ExternalENodeBFunction=2221-213265;Inter Node Feature Incompatibility;Inter eNodeB CA feature is not activated in remote eNodeB
2025-09-11;06:49:22;AL  ;Minor ;ENodeBFunction=1;External Link Failure;X2 link problem to one or several neighbouring eNodeBs. AI: PLMN ID-eNB ID 1 = 2221-208897
2025-09-11;06:52:49;AL  ;Minor ;ENodeBFunction=1;External Link Failure;X2 link problem to one or several neighbouring eNodeBs. AI: PLMN ID-eNB ID 1 = 2221-208897 PLMN ID-eNB ID 2 = 2221-213265
2025-09-11;07:45:54;AL  ;Minor ;ENodeBFunction=1;External Link Failure;X2 link problem to one or several neighbouring eNodeBs. AI: PLMN ID-eNB ID 1 = 2221-213265
2025-09-11;11:09:03;AL  ;Cleared;ENodeBFunction=1;External Link Failure;X2 link problem to one or several neighbouring eNodeBs. AI: PLMN ID-eNB ID 1 = 2221-213265
2025-09-11;11:13:22;AL  ;Minor ;EUtraNetwork=1,ExternalENodeBFunction=2221-213265;Inter Node Feature Incompatibility;Inter eNodeB CA feature is not activated in remote eNodeB
2025-09-11;23:40:09;AL  ;Cleared;EUtraNetwork=1,ExternalENodeBFunction=2221-213265;Inter Node Feature Incompatibility;Inter eNodeB CA feature is not activated in remote eNodeB
2025-09-12;18:14:40;AL  ;Cleared;EUtraNetwork=1,ExternalENodeBFunction=2221-207649;Inter Node Carrier Aggregation Service Unavailable;Elastic RAN Carrier Aggregation is not available towards remote eNodeB.
2025-09-12;18:30:12;AL  ;Minor ;EUtraNetwork=1,ExternalENodeBFunction=2221-207649;Inter Node Carrier Aggregation Service Unavailable;Elastic RAN Carrier Aggregation is not available towards remote eNodeB.
2025-09-14;07:17:41;AL  ;Cleared;EUtraNetwork=1,ExternalENodeBFunction=2221-207649;Inter Node Carrier Aggregation Service Unavailable;Elastic RAN Carrier Aggregation is not available towards remote eNodeB.
2025-09-14;09:15:47;AL  ;Cleared;EUtraNetwork=1,ExternalENodeBFunction=2221-206384;Inter Node Carrier Aggregation Service Unavailable;Elastic RAN Carrier Aggregation is not available towards remote eNodeB.
2025-09-14;09:20:09;AL  ;Cleared;EUtraNetwork=1,ExternalENodeBFunction=2221-206255;Inter Node Carrier Aggregation Service Unavailable;Elastic RAN Carrier Aggregation is not available towards remote eNodeB.
2025-09-14;09:20:34;AL  ;Minor ;EUtraNetwork=1,ExternalENodeBFunction=2221-206255;Inter Node Feature Incompatibility;Inter eNodeB CA feature is not activated in remote eNodeB
2025-09-14;09:30:30;AL  ;Cleared;EUtraNetwork=1,ExternalENodeBFunction=2221-208006;Inter Node Carrier Aggregation Service Unavailable;Elastic RAN Carrier Aggregation is not available towards remote eNodeB.
2025-09-14;12:02:03;AL  ;Minor ;EUtraNetwork=1,ExternalENodeBFunction=2221-650362;Inter Node Carrier Aggregation Service Unavailable;Elastic RAN Carrier Aggregation is not available towards remote eNodeB.
2025-09-15;15:38:58;AL  ;Minor ;EUtraNetwork=1,ExternalENodeBFunction=2221-206255;Inter Node Carrier Aggregation Service Unavailable;Elastic RAN Carrier Aggregation is not available towards remote eNodeB.
2025-09-16;09:56:05;AL  ;Warning;ENodeBFunction=1;PLMN Service Redundancy Lost;S1 connection failure for PLMN connected with link represented by MO listed in Additional Information. AI: PLMN = ["2221"],DN1=ManagedElement=1,ENodeBFunction=1,TermPointToMme=5,
2025-09-16;09:56:35;AL  ;Cleared;ENodeBFunction=1;PLMN Service Redundancy Lost;S1 connection failure for PLMN connected with link represented by MO listed in Additional Information. AI: PLMN = ["2221"],DN1=ManagedElement=1,ENodeBFunction=1,TermPointToMme=5,
2025-09-16;10:01:51;AL  ;Warning;ENodeBFunction=1;PLMN Service Redundancy Lost;S1 connection failure for PLMN connected with link represented by MO listed in Additional Information. AI: PLMN = ["2221"],DN1=ManagedElement=1,ENodeBFunction=1,TermPointToMme=5,
2025-09-16;10:02:21;AL  ;Cleared;ENodeBFunction=1;PLMN Service Redundancy Lost;S1 connection failure for PLMN connected with link represented by MO listed in Additional Information. AI: PLMN = ["2221"],DN1=ManagedElement=1,ENodeBFunction=1,TermPointToMme=5,
2025-09-17;06:01:59;AL  ;Minor ;EUtraNetwork=1,ExternalENodeBFunction=2221-207649;Inter Node Carrier Aggregation Service Unavailable;Elastic RAN Carrier Aggregation is not available towards remote eNodeB.
2025-09-17;16:29:29;AL  ;Minor ;ENodeBFunction=1;External Link Failure;X2 link problem to one or several neighbouring eNodeBs. AI: PLMN ID-eNB ID 1 = 2221-650032 PLMN ID-eNB ID 2 = 2221-205969
2025-09-17;17:04:07;AL  ;Cleared;ENodeBFunction=1;External Link Failure;X2 link problem to one or several neighbouring eNodeBs. AI: PLMN ID-eNB ID 1 = 2221-650032 PLMN ID-eNB ID 2 = 2221-205969 PLMN ID-eNB ID 3 = 2221-205970
2025-09-18;12:08:09;AL  ;Cleared;EUtraNetwork=1,ExternalENodeBFunction=2221-206255;Inter Node Carrier Aggregation Service Unavailable;Elastic RAN Carrier Aggregation is not available towards remote eNodeB.
2025-09-18;12:08:09;AL  ;Cleared;EUtraNetwork=1,ExternalENodeBFunction=2221-206255;Inter Node Feature Incompatibility;Inter eNodeB CA feature is not activated in remote eNodeB
2025-09-18;12:10:25;AL  ;Minor ;EUtraNetwork=1,ExternalENodeBFunction=2221-206255;Inter Node Feature Incompatibility;Inter eNodeB CA feature is not activated in remote eNodeB
2025-09-18;12:10:28;AL  ;Minor ;EUtraNetwork=1,ExternalENodeBFunction=2221-206255;Inter Node Carrier Aggregation Service Unavailable;Elastic RAN Carrier Aggregation is not available towards remote eNodeB.
2025-09-20;07:11:47;AL  ;Cleared;EUtraNetwork=1,ExternalENodeBFunction=2221-206255;Inter Node Carrier Aggregation Service Unavailable;Elastic RAN Carrier Aggregation is not available towards remote eNodeB.
2025-09-20;07:11:47;AL  ;Cleared;EUtraNetwork=1,ExternalENodeBFunction=2221-206255;Inter Node Feature Incompatibility;Inter eNodeB CA feature is not activated in remote eNodeB
2025-09-20;07:22:17;AL  ;Minor ;EUtraNetwork=1,ExternalENodeBFunction=2221-206255;Inter Node Feature Incompatibility;Inter eNodeB CA feature is not activated in remote eNodeB
2025-09-20;07:22:28;AL  ;Minor ;EUtraNetwork=1,ExternalENodeBFunction=2221-206255;Inter Node Carrier Aggregation Service Unavailable;Elastic RAN Carrier Aggregation is not available towards remote eNodeB.
2025-09-21;07:16:48;AL  ;Cleared;EUtraNetwork=1,ExternalENodeBFunction=2221-207649;Inter Node Carrier Aggregation Service Unavailable;Elastic RAN Carrier Aggregation is not available towards remote eNodeB.
2025-09-21;09:03:43;AL  ;Minor ;EUtraNetwork=1,ExternalENodeBFunction=2221-206384;Inter Node Carrier Aggregation Service Unavailable;Elastic RAN Carrier Aggregation is not available towards remote eNodeB.
2025-09-21;09:09:24;AL  ;Cleared;EUtraNetwork=1,ExternalENodeBFunction=2221-206255;Inter Node Carrier Aggregation Service Unavailable;Elastic RAN Carrier Aggregation is not available towards remote eNodeB.
2025-09-21;09:09:24;AL  ;Cleared;EUtraNetwork=1,ExternalENodeBFunction=2221-206255;Inter Node Feature Incompatibility;Inter eNodeB CA feature is not activated in remote eNodeB
2025-09-21;09:09:45;AL  ;Minor ;EUtraNetwork=1,ExternalENodeBFunction=2221-206255;Inter Node Feature Incompatibility;Inter eNodeB CA feature is not activated in remote eNodeB
2025-09-21;09:19:16;AL  ;Cleared;EUtraNetwork=1,ExternalENodeBFunction=2221-206384;Inter Node Carrier Aggregation Service Unavailable;Elastic RAN Carrier Aggregation is not available towards remote eNodeB.
2025-09-21;09:19:20;AL  ;Cleared;EUtraNetwork=1,ExternalENodeBFunction=2221-650362;Inter Node Carrier Aggregation Service Unavailable;Elastic RAN Carrier Aggregation is not available towards remote eNodeB.
2025-09-21;09:19:20;AL  ;Cleared;EUtraNetwork=1,ExternalENodeBFunction=2221-650362;Inter Node Feature Incompatibility;Inter eNodeB CA feature is not activated in remote eNodeB
2025-09-21;09:19:34;AL  ;Minor ;EUtraNetwork=1,ExternalENodeBFunction=2221-650362;Inter Node Carrier Aggregation Service Unavailable;Elastic RAN Carrier Aggregation is not available towards remote eNodeB.
2025-09-21;09:20:21;AL  ;Minor ;EUtraNetwork=1,ExternalENodeBFunction=2221-206384;Inter Node Carrier Aggregation Service Unavailable;Elastic RAN Carrier Aggregation is not available towards remote eNodeB.
2025-09-21;11:43:07;AL  ;Cleared;EUtraNetwork=1,ExternalENodeBFunction=2221-650362;Inter Node Carrier Aggregation Service Unavailable;Elastic RAN Carrier Aggregation is not available towards remote eNodeB.
2025-09-22;17:38:24;AL  ;Minor ;EUtraNetwork=1,ExternalENodeBFunction=2221-208006;Inter Node Carrier Aggregation Service Unavailable;Elastic RAN Carrier Aggregation is not available towards remote eNodeB.
2025-09-22;20:01:55;AL  ;Minor ;EUtraNetwork=1,ExternalENodeBFunction=2221-213265;Inter Node Feature Incompatibility;Inter eNodeB CA feature is not activated in remote eNodeB
2025-09-22;23:40:10;AL  ;Cleared;EUtraNetwork=1,ExternalENodeBFunction=2221-213265;Inter Node Feature Incompatibility;Inter eNodeB CA feature is not activated in remote eNodeB
2025-09-23;10:01:55;AL  ;Minor ;EUtraNetwork=1,ExternalENodeBFunction=2221-650362;Inter Node Feature Incompatibility;Inter eNodeB CA feature is not activated in remote eNodeB
2025-09-24;14:05:39;AL  ;Cleared;EUtraNetwork=1,ExternalENodeBFunction=2221-206255;Inter Node Feature Incompatibility;Inter eNodeB CA feature is not activated in remote eNodeB
2025-09-24;14:07:55;AL  ;Minor ;EUtraNetwork=1,ExternalENodeBFunction=2221-206255;Inter Node Feature Incompatibility;Inter eNodeB CA feature is not activated in remote eNodeB
2025-09-24;15:21:33;AL  ;Minor ;ENodeBFunction=1;External Link Failure;X2 link problem to one or several neighbouring eNodeBs. AI: PLMN ID-eNB ID 1 = 2221-650338
2025-09-24;18:01:55;AL  ;Minor ;EUtraNetwork=1,ExternalENodeBFunction=2221-213265;Inter Node Feature Incompatibility;Inter eNodeB CA feature is not activated in remote eNodeB
2025-09-25;12:14:02;AL  ;Cleared;ENodeBFunction=1;External Link Failure;X2 link problem to one or several neighbouring eNodeBs. AI: PLMN ID-eNB ID 1 = 2221-650338
2025-09-26;13:27:52;AL  ;Minor ;ENodeBFunction=1;External Link Failure;X2 link problem to one or several neighbouring eNodeBs. AI: PLMN ID-eNB ID 1 = 2221-204753
2025-09-26;13:48:39;AL  ;Cleared;EUtraNetwork=1,ExternalENodeBFunction=2221-213265;Inter Node Feature Incompatibility;Inter eNodeB CA feature is not activated in remote eNodeB
2025-09-26;13:49:37;AL  ;Minor ;EUtraNetwork=1,ExternalENodeBFunction=2221-213265;Inter Node Feature Incompatibility;Inter eNodeB CA feature is not activated in remote eNodeB
2025-09-26;14:55:11;AL  ;Minor ;ENodeBFunction=1;Sync Time and Phase Accuracy Too Low;Time and phase sync accuracy crossed the threshold for features interworking with NR.
2025-09-26;14:55:11;AL  ;Minor ;EUtranCellFDD=KS51L1;Service Degraded;This is a secondary alarm, use alarm correlation information in Additional Information to find primary alarm.
2025-09-26;14:55:11;AL  ;Minor ;EUtranCellFDD=KS51L2;Service Degraded;This is a secondary alarm, use alarm correlation information in Additional Information to find primary alarm.
2025-09-26;14:55:22;AL  ;Cleared;EUtranCellFDD=KS51L1;Service Degraded;This is a secondary alarm, use alarm correlation information in Additional Information to find primary alarm.
2025-09-26;14:55:22;AL  ;Cleared;EUtranCellFDD=KS51L2;Service Degraded;This is a secondary alarm, use alarm correlation information in Additional Information to find primary alarm.
2025-09-26;14:55:22;AL  ;Cleared;ENodeBFunction=1;Sync Time and Phase Accuracy Too Low;Time and phase sync accuracy crossed the threshold for features interworking with NR.
2025-09-26;18:48:10;AL  ;Cleared;ENodeBFunction=1;External Link Failure;X2 link problem to one or several neighbouring eNodeBs. AI: PLMN ID-eNB ID 1 = 2221-204753
2025-09-26;23:40:10;AL  ;Cleared;EUtraNetwork=1,ExternalENodeBFunction=2221-213265;Inter Node Feature Incompatibility;Inter eNodeB CA feature is not activated in remote eNodeB
2025-09-27;09:01:27;AL  ;Minor ;EUtraNetwork=1,ExternalENodeBFunction=2221-213265;Inter Node Feature Incompatibility;Inter eNodeB CA feature is not activated in remote eNodeB
2025-09-27;20:08:50;AL  ;Minor ;EUtraNetwork=1,ExternalENodeBFunction=2221-207649;Inter Node Carrier Aggregation Service Unavailable;Elastic RAN Carrier Aggregation is not available towards remote eNodeB.
2025-09-28;07:16:57;AL  ;Cleared;EUtraNetwork=1,ExternalENodeBFunction=2221-207649;Inter Node Carrier Aggregation Service Unavailable;Elastic RAN Carrier Aggregation is not available towards remote eNodeB.
2025-09-28;09:06:22;AL  ;Cleared;EUtraNetwork=1,ExternalENodeBFunction=2221-206384;Inter Node Carrier Aggregation Service Unavailable;Elastic RAN Carrier Aggregation is not available towards remote eNodeB.
2025-09-28;09:10:15;AL  ;Minor ;EUtraNetwork=1,ExternalENodeBFunction=2221-206255;Inter Node Carrier Aggregation Service Unavailable;Elastic RAN Carrier Aggregation is not available towards remote eNodeB.
2025-09-28;09:20:33;AL  ;Cleared;EUtraNetwork=1,ExternalENodeBFunction=2221-208006;Inter Node Carrier Aggregation Service Unavailable;Elastic RAN Carrier Aggregation is not available towards remote eNodeB.
2025-09-28;09:20:47;AL  ;Cleared;EUtraNetwork=1,ExternalENodeBFunction=2221-206255;Inter Node Carrier Aggregation Service Unavailable;Elastic RAN Carrier Aggregation is not available towards remote eNodeB.
2025-09-28;09:20:47;AL  ;Cleared;EUtraNetwork=1,ExternalENodeBFunction=2221-206255;Inter Node Feature Incompatibility;Inter eNodeB CA feature is not activated in remote eNodeB
2025-09-28;09:21:49;AL  ;Minor ;EUtraNetwork=1,ExternalENodeBFunction=2221-206255;Inter Node Carrier Aggregation Service Unavailable;Elastic RAN Carrier Aggregation is not available towards remote eNodeB.
2025-09-28;11:40:59;AL  ;Minor ;EUtraNetwork=1,ExternalENodeBFunction=2221-650362;Inter Node Carrier Aggregation Service Unavailable;Elastic RAN Carrier Aggregation is not available towards remote eNodeB.
2025-09-29;06:01:31;AL  ;Minor ;EUtraNetwork=1,ExternalENodeBFunction=2221-207649;Inter Node Carrier Aggregation Service Unavailable;Elastic RAN Carrier Aggregation is not available towards remote eNodeB.
2025-09-29;12:49:48;AL  ;Minor ;ENodeBFunction=1;External Link Failure;X2 link problem to one or several neighbouring eNodeBs. AI: PLMN ID-eNB ID 1 = 2221-650338
2025-09-29;12:51:55;AL  ;Cleared;ENodeBFunction=1;External Link Failure;X2 link problem to one or several neighbouring eNodeBs. AI: PLMN ID-eNB ID 1 = 2221-650338
2025-09-29;23:40:11;AL  ;Cleared;EUtraNetwork=1,ExternalENodeBFunction=2221-213265;Inter Node Feature Incompatibility;Inter eNodeB CA feature is not activated in remote eNodeB
2025-09-30;10:01:07;AL  ;Minor ;EUtraNetwork=1,ExternalENodeBFunction=2221-208006;Inter Node Carrier Aggregation Service Unavailable;Elastic RAN Carrier Aggregation is not available towards remote eNodeB.
2025-10-01;23:01:27;AL  ;Minor ;EUtraNetwork=1,ExternalENodeBFunction=2221-213265;Inter Node Feature Incompatibility;Inter eNodeB CA feature is not activated in remote eNodeB
2025-10-03;23:40:11;AL  ;Cleared;EUtraNetwork=1,ExternalENodeBFunction=2221-213265;Inter Node Feature Incompatibility;Inter eNodeB CA feature is not activated in remote eNodeB
2025-10-05;07:15:23;AL  ;Cleared;EUtraNetwork=1,ExternalENodeBFunction=2221-207649;Inter Node Carrier Aggregation Service Unavailable;Elastic RAN Carrier Aggregation is not available towards remote eNodeB.
2025-10-05;08:57:15;AL  ;Minor ;EUtraNetwork=1,ExternalENodeBFunction=2221-206384;Inter Node Carrier Aggregation Service Unavailable;Elastic RAN Carrier Aggregation is not available towards remote eNodeB.
2025-10-05;09:01:36;AL  ;Cleared;EUtraNetwork=1,ExternalENodeBFunction=2221-206255;Inter Node Carrier Aggregation Service Unavailable;Elastic RAN Carrier Aggregation is not available towards remote eNodeB.
2025-10-05;09:11:18;AL  ;Cleared;EUtraNetwork=1,ExternalENodeBFunction=2221-208006;Inter Node Carrier Aggregation Service Unavailable;Elastic RAN Carrier Aggregation is not available towards remote eNodeB.
2025-10-05;09:11:33;AL  ;Cleared;EUtraNetwork=1,ExternalENodeBFunction=2221-206384;Inter Node Carrier Aggregation Service Unavailable;Elastic RAN Carrier Aggregation is not available towards remote eNodeB.
2025-10-05;09:11:37;AL  ;Cleared;EUtraNetwork=1,ExternalENodeBFunction=2221-650362;Inter Node Carrier Aggregation Service Unavailable;Elastic RAN Carrier Aggregation is not available towards remote eNodeB.
2025-10-05;09:11:37;AL  ;Cleared;EUtraNetwork=1,ExternalENodeBFunction=2221-650362;Inter Node Feature Incompatibility;Inter eNodeB CA feature is not activated in remote eNodeB
2025-10-05;09:11:56;AL  ;Minor ;EUtraNetwork=1,ExternalENodeBFunction=2221-650362;Inter Node Carrier Aggregation Service Unavailable;Elastic RAN Carrier Aggregation is not available towards remote eNodeB.
2025-10-05;09:12:34;AL  ;Minor ;EUtraNetwork=1,ExternalENodeBFunction=2221-206384;Inter Node Carrier Aggregation Service Unavailable;Elastic RAN Carrier Aggregation is not available towards remote eNodeB.
2025-10-05;11:25:02;AL  ;Cleared;EUtraNetwork=1,ExternalENodeBFunction=2221-650362;Inter Node Carrier Aggregation Service Unavailable;Elastic RAN Carrier Aggregation is not available towards remote eNodeB.
2025-10-05;16:08:20;AL  ;Minor ;ENodeBFunction=1;External Link Failure;X2 link problem to one or several neighbouring eNodeBs. AI: PLMN ID-eNB ID 1 = 2221-208897
2025-10-05;16:11:28;AL  ;Cleared;ENodeBFunction=1;External Link Failure;X2 link problem to one or several neighbouring eNodeBs. AI: PLMN ID-eNB ID 1 = 2221-208897
2025-10-06;06:01:31;AL  ;Minor ;EUtraNetwork=1,ExternalENodeBFunction=2221-206255;Inter Node Carrier Aggregation Service Unavailable;Elastic RAN Carrier Aggregation is not available towards remote eNodeB.
2025-10-06;16:01:27;AL  ;Minor ;EUtraNetwork=1,ExternalENodeBFunction=2221-213265;Inter Node Feature Incompatibility;Inter eNodeB CA feature is not activated in remote eNodeB


KS51L> lgec -m 30d

251007-11:13:09+0200 19.31.5.205 25.0h MSRBS_NODE_MODEL_25.Q1_693.28324.131_62ac stopfile=/tmp/675891

Startdate=20250907.091310, Enddate=20251008.091310
Date;Time;Log;Severity;Object;Event;Cause;AdditionalText;AckState;Id;NotificationId;CorrelatedAlarms
Executing action Log.export()
..
Log=AlertLog                    actionId=29623
...
=================================================================================================================
MO                  actionId result      resultInfo
=================================================================================================================
LogM=1,Log=AlertLog 29623    1 (SUCCESS)           
cat  /ericsson/log/amos/moshell_logfiles/t20251007_37258710_53697/logs_moshell/tempfiles/scp-2-amos_20251007-111234_675775/rcslogs/AlertLog_20240301__080009_20250224__234048.log /ericsson/log/amos/moshell_logfiles/t20251007_37258710_53697/logs_moshell/tempfiles/scp-2-amos_20251007-111234_675775/rcslogs/AlertLog_20250224__234048.log > /ericsson/log/amos/moshell_logfiles/t20251007_37258710_53697/logs_moshell/tempfiles/scp-2-amos_20251007-111234_675775/eventLog675891.xml
2025-09-26;14:55:25;EV  ;Warning;RiLink=S180-1;Radio Interface Connectivity Disturbance Alert;Near end port:FieldReplaceableUnit=BB-1,RiPort=D (transportType=NOT_SET). SUPPRESSED
2025-09-26;14:55:25;EV  ;Warning;RiLink=S211-1;Radio Interface Connectivity Disturbance Alert;Near end port:FieldReplaceableUnit=BB-1,RiPort=B (transportType=NOT_SET) (Mixed Mode with other ME). SUPPRESSED
2025-09-26;14:55:25;EV  ;Warning;RiLink=S210-1;Radio Interface Connectivity Disturbance Alert;Near end port:FieldReplaceableUnit=BB-1,RiPort=A (transportType=NOT_SET) (Mixed Mode with other ME). SUPPRESSED

Bye...
Output has been logged to file /mta_fs/UserFiles/37258710/amosbatch/2025-10-07_11-07-01_53697/KS51L.log
