Logging to file /mta_fs/UserFiles/37258710/amosbatch/2025-10-07_11-07-01_53697/KS74E.log
                        __  __  ____   _____
                  /\   |  \/  |/ __ \ / ____|
                 /  \  | \  / | |  | | (___  
                / /\ \ | |\/| | |  | |\___ \ 
               / ____ \| |  | | |__| |____) |
              /_/    \_\_|  |_|\____/|_____/
              OSS Framework for MoShell-25.0h 
  Copyright (c) Ericsson AB 2001-2025 - All Rights Reserved
              
           
[1;31mWARNING: [0mthe AMOS version currently running is more than 22 weeks old and is unsupported.
Please upgrade as soon as possible to the latest released version, available from your local Ericsson support.

$amosrb_pid = 924937

Checking ip contact...OK

HELP MENU            : h
BASIC MO COMMANDS    : m
OTHER MO COMMANDS    : n
OTHER COMMANDS       : o
PM COMMANDS          : p
QUIT                 : q

KS74E> lt all

251007-11:41:41+0200 19.31.5.213 25.0h  stopfile=/tmp/924793
Looking up temporary_amos account... OK.
Trying temporary_amos_t20251007_37258710_53697_313's password from amos lookupAccount ... OK

$ssh_pid = 926694

Connected to 19.31.5.213 (SubNetwork=BBMM_rckomc_R,MeContext=KS74E,ManagedElement=KS74E)

Checking MOM version...MSRBS_NODE_MODEL_25.Q1_198665.224.73_bf81
Parsing MOM (cached): /ericsson/log/amos/moshell_logfiles/t20251007_37258710_53697/logs_moshell/tempfiles/scp-2-amos_20251007-114134_924687/MSRBS_NODE_MODEL_25.Q1_198665.224.73_bf81.xml.cache.gz ......................................................................................................................................................................................................................Done.
Using paramfile /opt/ericsson/amos/moshell/commonjars/pm/PARAM_MSRBSG2_25.Q1.txt
Parsing file /opt/ericsson/amos/moshell/commonjars/pm/PARAM_MSRBSG2_25.Q1.txt ......................................................................................Done.
Using imomdfile /opt/ericsson/amos/moshell/commonjars/pm/IMOMD_MSRBS_22.Q4.txt
Using imomfile /opt/ericsson/amos/moshell/commonjars/pm/IMOM_MSRBS_25.Q1.txt
Connected to 19.31.5.213 (SubNetwork=BBMM_rckomc_R,MeContext=KS74E,ManagedElement=KS74E)

Last MO: 18627. Loaded 18627 MOs. Total: 18628 MOs.

KS74E> hget EUtranCellFDD ^cellid

251007-11:42:01+0200 19.31.5.213 25.0h MSRBS_NODE_MODEL_25.Q1_198665.224.73_bf81 stopfile=/tmp/924793
.
=================================================================================================================
MO                   cellId
=================================================================================================================
EUtranCellFDD=KS74E1 61    
EUtranCellFDD=KS74E2 62    
EUtranCellFDD=KS74E3 63    
EUtranCellFDD=KS74M1 31    
EUtranCellFDD=KS74M2 32    
EUtranCellFDD=KS74M3 33    
EUtranCellFDD=KS74T1 41    
EUtranCellFDD=KS74T2 42    
EUtranCellFDD=KS74T3 43    
=================================================================================================================
Total: 9 MOs

Added 9 MOs to group: hget_group

KS74E> hget NbIotCell ^cellid

251007-11:42:02+0200 19.31.5.213 25.0h MSRBS_NODE_MODEL_25.Q1_198665.224.73_bf81 stopfile=/tmp/924793
.
=================================================================================================================
MO               cellId
=================================================================================================================
NbIotCell=KS74N1 161   
NbIotCell=KS74N2 162   
NbIotCell=KS74N3 163   
=================================================================================================================
Total: 3 MOs

Added 3 MOs to group: hget_group

KS74E> hget NRCellDU ^cellLocalId

251007-11:42:02+0200 19.31.5.213 25.0h MSRBS_NODE_MODEL_25.Q1_198665.224.73_bf81 stopfile=/tmp/924793
Total: 0 MOs

KS74E> lgdc -m 30d

251007-11:42:02+0200 19.31.5.213 25.0h MSRBS_NODE_MODEL_25.Q1_198665.224.73_bf81 stopfile=/tmp/924793

Startdate=20250907.094202, Enddate=20251008.094202
INFO: Using amos lookupAccount credentials for the export login

Executing action LogM.exportAvailabilityLog()
...LogM=1,exportAvailabilityLog    actionId=30019
...
=================================================================================================================
MO     actionId result      resultInfo
=================================================================================================================
LogM=1 30019    1 (SUCCESS)           
cp /ericsson/log/amos/moshell_logfiles/t20251007_37258710_53697/logs_moshell/tempfiles/scp-2-amos_20251007-114134_924687/rcslogs/RBS_CS_AVAILABILITY_LOG_20251007094206.xml /ericsson/log/amos/moshell_logfiles/t20251007_37258710_53697/logs_moshell/tempfiles/scp-2-amos_20251007-114134_924687/availabilityLog924793.xml
Parsing availabilityLog.....Done.
..
Date;Time;RestartType;SwVersion;SwRelease;RCSDowntime;ApplicationDowntime;TNDowntime;RATsDowntime;ExtraInfo;ExtraInfo2
2025-09-08;01:25:45;PartialOutage(Manual);11% Lrat Cell 43; ();12s;;;;;
2025-09-08;01:26:04;PartialOutage(Manual);11% Lrat Cell 42; ();8s;;;;;
2025-09-08;01:26:18;PartialOutage(Manual);11% Lrat Cell 41; ();9s;;;;;
2025-09-08;01:26:32;PartialOutage(Manual);11% Lrat Cell 31; ();10s;;;;;
2025-09-08;01:26:47;PartialOutage(Manual);11% Lrat Cell 33; ();10s;;;;;
2025-09-08;01:27:04;PartialOutage(Manual);11% Lrat Cell 32; ();7s;;;;;
2025-09-08;01:27:14;PartialOutage(Manual);33% Lrat Cell 161; ();1s;;;;;
2025-09-08;01:27:15;PartialOutage(Manual);11% Lrat Cell 61; ();8s;;;;;
2025-09-08;01:27:28;PartialOutage(Manual);11% Lrat Cell 63; ();8s;;;;;
2025-09-08;01:27:40;PartialOutage(Manual);50% Lrat Cell 161 162 163; ();1s;;;;;
2025-09-08;01:27:41;PartialOutage(Manual);11% Lrat Cell 62; ();3s;;;;;
2025-09-08;01:27:44;PartialOutage(Manual);50% Lrat Cell 162 163; ();6s;;;;;
2025-09-08;01:27:57;PartialOutage(Manual);58% Lrat Cell 162; ();13s;;;;;
2025-09-10;14:12:57;PartialOutage(System);67% Lrat Cell 61 62 63 31 33 43; ();1s;;;;;
2025-09-10;14:12:58;PartialOutage(System);100% Lrat Cell 61 62 63 31 32 33 41 42 43; ();28s;;;;;
2025-09-10;14:13:26;PartialOutage(System);100% Lrat Cell 31 32 33 41 42 43; ();1s;;;;;
2025-09-10;14:13:27;PartialOutage(System);100% Lrat Cell 31 32 41 42; ();1s;;;;;
2025-09-26;14:59:56;PartialOutage(System);22% Lrat Cell 62 63; ();1s;;;;;
2025-09-26;14:59:57;PartialOutage(System);100% Lrat Cell 161 162 163; ();14s;;;;;
2025-09-26;15:00:11;PartialOutage(System);100% Lrat Cell 61 31 32 33 41 42 43; ();1s;;;;;
2025-09-26;15:00:12;PartialOutage(System);100% Lrat Cell 31 32 33 41 42 43; ();1s;;;;;
2025-09-26;15:00:13;PartialOutage(System);100% Lrat Cell 31 32 41 42 43; ();2s;;;;;
2025-09-26;15:00:15;PartialOutage(System);100% Lrat Cell 31 32 41 42; ();1s;;;;;
2025-09-26;15:00:16;PartialOutage(System);100% Lrat Cell 41 42; ();1s;;;;;

Node uptime since last restart: 931315 seconds (10 days, 18 hours, 41 minutes, 55 seconds)
------------------------------------------------------------------------------------------------------
Period=30 days       NodeUpgrade      NodeManual       NodeSpontaneous  AllNodeRestarts  PartialOutages  
------------------------------------------------------------------------------------------------------
Number Of outages    0                0                0                0                24              
Total downtime       0s               0s               0s               0s               148s (2m28s)    
Downtime per day     0s               0s               0s               0s               5s              
Downtime per outage  0s               0s               0s               0s               6s              

KS74E> lgac -m 30d

251007-11:42:12+0200 19.31.5.213 25.0h MSRBS_NODE_MODEL_25.Q1_198665.224.73_bf81 stopfile=/tmp/924793

Startdate=20250907.094212, Enddate=20251008.094213
Date;Time;Log;Severity;Object;Event;Cause;AdditionalText;AckState;Id;NotificationId;CorrelatedAlarms
Executing action Log.export()
..
Log=AlarmLog                    actionId=30020
......
=================================================================================================================
MO                  actionId result      resultInfo
=================================================================================================================
LogM=1,Log=AlarmLog 30020    1 (SUCCESS)           
cat  /ericsson/log/amos/moshell_logfiles/t20251007_37258710_53697/logs_moshell/tempfiles/scp-2-amos_20251007-114134_924687/rcslogs/saLogAlarm_20230607__083104_20250515__150255.log /ericsson/log/amos/moshell_logfiles/t20251007_37258710_53697/logs_moshell/tempfiles/scp-2-amos_20251007-114134_924687/rcslogs/saLogAlarm_20250515__150255.log > /ericsson/log/amos/moshell_logfiles/t20251007_37258710_53697/logs_moshell/tempfiles/scp-2-amos_20251007-114134_924687/alarmLog924793.xml
2025-09-07;11:56:10;AL  ;Minor ;EUtraNetwork=1,ExternalENodeBFunction=2221-213541;Inter Node Carrier Aggregation Service Unavailable;Elastic RAN Carrier Aggregation is not available towards remote eNodeB.
2025-09-08;06:35:24;AL  ;Minor ;ENodeBFunction=1;External Link Failure;X2 link problem to one or several neighbouring eNodeBs. AI: PLMN ID-eNB ID 1 = 2221-205061 PLMN ID-eNB ID 2 = 2221-205060
2025-09-08;07:55:38;AL  ;Cleared;ENodeBFunction=1;External Link Failure;X2 link problem to one or several neighbouring eNodeBs. AI: PLMN ID-eNB ID 1 = 2221-205061 PLMN ID-eNB ID 2 = 2221-205060
2025-09-08;08:06:27;AL  ;Minor ;ENodeBFunction=1;External Link Failure;X2 link problem to one or several neighbouring eNodeBs. AI: PLMN ID-eNB ID 1 = 2221-205061 PLMN ID-eNB ID 2 = 2221-205060
2025-09-08;12:02:20;AL  ;Cleared;ENodeBFunction=1;External Link Failure;X2 link problem to one or several neighbouring eNodeBs. AI: PLMN ID-eNB ID 1 = 2221-205061 PLMN ID-eNB ID 2 = 2221-205060
2025-09-08;19:28:29;AL  ;Minor ;EUtraNetwork=1,ExternalENodeBFunction=2221-205985;Inter Node Carrier Aggregation Service Unavailable;Elastic RAN Carrier Aggregation is not available towards remote eNodeB.
2025-09-09;13:47:43;AL  ;Warning;ENodeBFunction=1;PLMN Service Redundancy Lost;S1 connection failure for PLMN connected with link represented by MO listed in Additional Information. AI: PLMN = ["2221"],DN1=ManagedElement=1,ENodeBFunction=1,TermPointToMme=5,DN2=ManagedElement=1,ENodeBFunction=1,TermPointToMme=4,
2025-09-09;13:47:48;AL  ;Cleared;EUtraNetwork=1,ExternalENodeBFunction=2221-650028;Inter Node Carrier Aggregation Service Unavailable;Elastic RAN Carrier Aggregation is not available towards remote eNodeB.
2025-09-09;13:48:15;AL  ;Major ;Synchronization=1,RadioEquipmentClock=1,RadioEquipmentClockReference=PTP;Sync PTP Time Reachability Fault;No PTP messages
2025-09-09;13:48:16;AL  ;Cleared;ENodeBFunction=1;PLMN Service Redundancy Lost;S1 connection failure for PLMN connected with link represented by MO listed in Additional Information. AI: PLMN = ["2221"],DN1=ManagedElement=1,ENodeBFunction=1,TermPointToMme=5,
2025-09-09;13:48:51;AL  ;Minor ;EUtraNetwork=1,ExternalENodeBFunction=2221-650028;Inter Node Carrier Aggregation Service Unavailable;Elastic RAN Carrier Aggregation is not available towards remote eNodeB.
2025-09-09;13:49:01;AL  ;Cleared;EUtraNetwork=1,ExternalENodeBFunction=2221-213541;Inter Node Carrier Aggregation Service Unavailable;Elastic RAN Carrier Aggregation is not available towards remote eNodeB.
2025-09-09;13:50:07;AL  ;Minor ;Synchronization=1,RadioEquipmentClock=1;Radio Clock Service in Time Holdover Mode;Time sync reference failure
2025-09-09;14:03:19;AL  ;Cleared;Synchronization=1,RadioEquipmentClock=1;Radio Clock Service in Time Holdover Mode;Time sync reference failure
2025-09-09;14:04:18;AL  ;Cleared;Synchronization=1,RadioEquipmentClock=1,RadioEquipmentClockReference=PTP;Sync PTP Time Reachability Fault;No PTP messages
2025-09-09;16:30:22;AL  ;Minor ;EUtraNetwork=1,ExternalENodeBFunction=2221-205969;Inter Node Carrier Aggregation Service Unavailable;Elastic RAN Carrier Aggregation is not available towards remote eNodeB.
2025-09-10;13:16:59;AL  ;Cleared;EUtraNetwork=1,ExternalENodeBFunction=2221-650236;Inter Node Feature Incompatibility;Elastic RAN feature is not activated in remote eNodeB. SUPPRESSED
2025-09-10;13:17:31;AL  ;Major ;Synchronization=1,RadioEquipmentClock=1,RadioEquipmentClockReference=PTP;Sync PTP Time Reachability Fault;No PTP messages
2025-09-10;13:19:23;AL  ;Minor ;Synchronization=1,RadioEquipmentClock=1;Radio Clock Service in Time Holdover Mode;Time sync reference failure
2025-09-10;13:22:02;AL  ;Cleared;Synchronization=1,RadioEquipmentClock=1;Radio Clock Service in Time Holdover Mode;Time sync reference failure
2025-09-10;13:23:01;AL  ;Cleared;Synchronization=1,RadioEquipmentClock=1,RadioEquipmentClockReference=PTP;Sync PTP Time Reachability Fault;No PTP messages
2025-09-10;13:24:37;AL  ;Minor ;Synchronization=1,RadioEquipmentClock=1,RadioEquipmentClockReference=SyncE;Sync Reference Quality Level Too Low;
2025-09-10;13:24:51;AL  ;Major ;Synchronization=1,RadioEquipmentClock=1,RadioEquipmentClockReference=PTP;Sync PTP Time Reachability Fault;No PTP messages
2025-09-10;13:24:51;AL  ;Cleared;Synchronization=1,RadioEquipmentClock=1,RadioEquipmentClockReference=SyncE;Sync Reference Quality Level Too Low;
2025-09-10;13:26:43;AL  ;Minor ;Synchronization=1,RadioEquipmentClock=1;Radio Clock Service in Time Holdover Mode;Time sync reference failure
2025-09-10;13:32:42;AL  ;Cleared;Synchronization=1,RadioEquipmentClock=1;Radio Clock Service in Time Holdover Mode;Time sync reference failure
2025-09-10;13:33:41;AL  ;Cleared;Synchronization=1,RadioEquipmentClock=1,RadioEquipmentClockReference=PTP;Sync PTP Time Reachability Fault;No PTP messages
2025-09-10;13:40:55;AL  ;Minor ;Synchronization=1,RadioEquipmentClock=1;Radio Clock Service in Time Holdover Mode;Time sync reference administratively locked or not configured
2025-09-10;14:07:54;AL  ;Cleared;Synchronization=1,RadioEquipmentClock=1;Radio Clock Service in Time Holdover Mode;Time sync reference administratively locked or not configured
2025-09-10;14:12:57;AL  ;Minor ;EUtraNetwork=1,ExternalENodeBFunction=2221-650236;Inter Node Feature Incompatibility;Elastic RAN feature is not activated in remote eNodeB. SUPPRESSED
2025-09-10;14:12:57;AL  ;Minor ;EUtraNetwork=1,ExternalENodeBFunction=2221-650212;Inter Node Feature Incompatibility;Elastic RAN feature is not activated in remote eNodeB. SUPPRESSED
2025-09-10;14:13:30;AL  ;Minor ;EUtraNetwork=1,ExternalENodeBFunction=2221-650029;Inter Node Carrier Aggregation Service Unavailable;Elastic RAN Carrier Aggregation is not available towards remote eNodeB.
2025-09-10;23:48:00;AL  ;Minor ;EUtraNetwork=1,ExternalENodeBFunction=2221-207904;Inter Node Carrier Aggregation Service Unavailable;Elastic RAN Carrier Aggregation is not available towards remote eNodeB.
2025-09-11;00:34:53;AL  ;Cleared;EUtraNetwork=1,ExternalENodeBFunction=2221-650149;Inter Node Feature Incompatibility;Elastic RAN feature is not activated in remote eNodeB. SUPPRESSED
2025-09-11;00:49:36;AL  ;Minor ;EUtraNetwork=1,ExternalENodeBFunction=2221-650149;Inter Node Feature Incompatibility;Elastic RAN feature is not activated in remote eNodeB. SUPPRESSED
2025-09-11;05:09:20;AL  ;Cleared;EUtraNetwork=1,ExternalENodeBFunction=2221-650149;Inter Node Feature Incompatibility;Elastic RAN feature is not activated in remote eNodeB. SUPPRESSED
2025-09-11;05:11:52;AL  ;Cleared;EUtraNetwork=1,ExternalENodeBFunction=2221-650212;Inter Node Feature Incompatibility;Elastic RAN feature is not activated in remote eNodeB. SUPPRESSED
2025-09-11;05:14:01;AL  ;Minor ;EUtraNetwork=1,ExternalENodeBFunction=2221-650149;Inter Node Feature Incompatibility;Elastic RAN feature is not activated in remote eNodeB. SUPPRESSED
2025-09-11;06:03:19;AL  ;Cleared;EUtraNetwork=1,ExternalENodeBFunction=2221-650149;Inter Node Feature Incompatibility;Elastic RAN feature is not activated in remote eNodeB. SUPPRESSED
2025-09-11;06:12:52;AL  ;Minor ;ENodeBFunction=1;External Link Failure;X2 link problem to one or several neighbouring eNodeBs. AI: PLMN ID-eNB ID 1 = 2221-650149
2025-09-11;06:14:58;AL  ;Cleared;ENodeBFunction=1;External Link Failure;X2 link problem to one or several neighbouring eNodeBs. AI: PLMN ID-eNB ID 1 = 2221-650149
2025-09-11;06:28:20;AL  ;Minor ;ENodeBFunction=1;External Link to GNodeB Failure;X2 link problem to one or several neighbouring gNodeBs. AI: PLMN ID-gNB ID 1 = 2221-1054059
2025-09-11;06:30:35;AL  ;Minor ;ENodeBFunction=1;External Link Failure;X2 link problem to one or several neighbouring eNodeBs. AI: PLMN ID-eNB ID 1 = 2221-650068
2025-09-11;06:39:13;AL  ;Cleared;EUtraNetwork=1,ExternalENodeBFunction=2221-650242;Inter Node Carrier Aggregation Service Unavailable;Elastic RAN Carrier Aggregation is not available towards remote eNodeB.
2025-09-11;06:41:40;AL  ;Minor ;ENodeBFunction=1;External Link to GNodeB Failure;X2 link problem to one or several neighbouring gNodeBs. AI: PLMN ID-gNB ID 1 = 2221-1054059 PLMN ID-gNB ID 2 = 2221-1056184
2025-09-11;06:43:17;AL  ;Cleared;EUtraNetwork=1,ExternalENodeBFunction=2221-213265;Inter Node Feature Incompatibility;Elastic RAN feature is not activated in remote eNodeB. SUPPRESSED
2025-09-11;06:47:12;AL  ;Minor ;ENodeBFunction=1;External Link to GNodeB Failure;X2 link problem to one or several neighbouring gNodeBs. AI: PLMN ID-gNB ID 1 = 2221-1054059
2025-09-11;06:48:47;AL  ;Minor ;ENodeBFunction=1;External Link Failure;X2 link problem to one or several neighbouring eNodeBs. AI: PLMN ID-eNB ID 1 = 2221-650068 PLMN ID-eNB ID 2 = 2221-650242
2025-09-11;06:52:51;AL  ;Minor ;ENodeBFunction=1;External Link Failure;X2 link problem to one or several neighbouring eNodeBs. AI: PLMN ID-eNB ID 1 = 2221-650068 PLMN ID-eNB ID 2 = 2221-650242 PLMN ID-eNB ID 3 = 2221-213265
2025-09-11;06:57:06;AL  ;Cleared;ENodeBFunction=1;External Link to GNodeB Failure;X2 link problem to one or several neighbouring gNodeBs. AI: PLMN ID-gNB ID 1 = 2221-1054059
2025-09-11;07:46:07;AL  ;Minor ;ENodeBFunction=1;External Link Failure;X2 link problem to one or several neighbouring eNodeBs. AI: PLMN ID-eNB ID 1 = 2221-650242 PLMN ID-eNB ID 2 = 2221-213265
2025-09-11;07:46:20;AL  ;Minor ;EUtraNetwork=1,ExternalENodeBFunction=2221-650242;Inter Node Carrier Aggregation Service Unavailable;Elastic RAN Carrier Aggregation is not available towards remote eNodeB.
2025-09-11;11:09:12;AL  ;Cleared;ENodeBFunction=1;External Link Failure;X2 link problem to one or several neighbouring eNodeBs. AI: PLMN ID-eNB ID 1 = 2221-213265
2025-09-12;00:16:59;AL  ;Minor ;EUtraNetwork=1,ExternalENodeBFunction=2221-650149;Inter Node Feature Incompatibility;Elastic RAN feature is not activated in remote eNodeB. SUPPRESSED
2025-09-12;15:13:32;AL  ;Minor ;EUtraNetwork=1,ExternalENodeBFunction=2221-207124;Inter Node Carrier Aggregation Service Unavailable;Elastic RAN Carrier Aggregation is not available towards remote eNodeB.
2025-09-13;13:18:45;AL  ;Cleared;EUtraNetwork=1,ExternalENodeBFunction=2221-650028;Inter Node Carrier Aggregation Service Unavailable;Elastic RAN Carrier Aggregation is not available towards remote eNodeB.
2025-09-13;13:19:48;AL  ;Minor ;EUtraNetwork=1,ExternalENodeBFunction=2221-650028;Inter Node Carrier Aggregation Service Unavailable;Elastic RAN Carrier Aggregation is not available towards remote eNodeB.
2025-09-14;07:32:01;AL  ;Cleared;EUtraNetwork=1,ExternalENodeBFunction=2221-650036;Inter Node Carrier Aggregation Service Unavailable;Elastic RAN Carrier Aggregation is not available towards remote eNodeB.
2025-09-14;07:33:03;AL  ;Minor ;EUtraNetwork=1,ExternalENodeBFunction=2221-650036;Inter Node Carrier Aggregation Service Unavailable;Elastic RAN Carrier Aggregation is not available towards remote eNodeB.
2025-09-14;09:14:11;AL  ;Cleared;EUtraNetwork=1,ExternalENodeBFunction=2221-207904;Inter Node Carrier Aggregation Service Unavailable;Elastic RAN Carrier Aggregation is not available towards remote eNodeB.
2025-09-14;09:15:13;AL  ;Minor ;EUtraNetwork=1,ExternalENodeBFunction=2221-207904;Inter Node Carrier Aggregation Service Unavailable;Elastic RAN Carrier Aggregation is not available towards remote eNodeB.
2025-09-14;09:16:13;AL  ;Cleared;EUtraNetwork=1,ExternalENodeBFunction=2221-205985;Inter Node Carrier Aggregation Service Unavailable;Elastic RAN Carrier Aggregation is not available towards remote eNodeB.
2025-09-14;09:16:32;AL  ;Minor ;EUtraNetwork=1,ExternalENodeBFunction=2221-204910;Inter Node Carrier Aggregation Service Unavailable;Elastic RAN Carrier Aggregation is not available towards remote eNodeB.
2025-09-14;09:19:24;AL  ;Cleared;EUtraNetwork=1,ExternalENodeBFunction=2221-650666;Inter Node Carrier Aggregation Service Unavailable;Elastic RAN Carrier Aggregation is not available towards remote eNodeB.
2025-09-14;09:20:07;AL  ;Minor ;EUtraNetwork=1,ExternalENodeBFunction=2221-205061;Inter Node Carrier Aggregation Service Unavailable;Elastic RAN Carrier Aggregation is not available towards remote eNodeB.
2025-09-14;09:21:08;AL  ;Cleared;EUtraNetwork=1,ExternalENodeBFunction=2221-207124;Inter Node Carrier Aggregation Service Unavailable;Elastic RAN Carrier Aggregation is not available towards remote eNodeB.
2025-09-14;09:21:20;AL  ;Cleared;EUtraNetwork=1,ExternalENodeBFunction=2221-650028;Inter Node Carrier Aggregation Service Unavailable;Elastic RAN Carrier Aggregation is not available towards remote eNodeB.
2025-09-14;09:21:24;AL  ;Minor ;EUtraNetwork=1,ExternalENodeBFunction=2221-205985;Inter Node Carrier Aggregation Service Unavailable;Elastic RAN Carrier Aggregation is not available towards remote eNodeB.
2025-09-14;09:21:46;AL  ;Cleared;EUtraNetwork=1,ExternalENodeBFunction=2221-650029;Inter Node Carrier Aggregation Service Unavailable;Elastic RAN Carrier Aggregation is not available towards remote eNodeB.
2025-09-14;09:22:10;AL  ;Minor ;EUtraNetwork=1,ExternalENodeBFunction=2221-207124;Inter Node Carrier Aggregation Service Unavailable;Elastic RAN Carrier Aggregation is not available towards remote eNodeB.
2025-09-14;09:22:22;AL  ;Minor ;EUtraNetwork=1,ExternalENodeBFunction=2221-650028;Inter Node Carrier Aggregation Service Unavailable;Elastic RAN Carrier Aggregation is not available towards remote eNodeB.
2025-09-14;09:22:49;AL  ;Cleared;EUtraNetwork=1,ExternalENodeBFunction=2221-650031;Inter Node Carrier Aggregation Service Unavailable;Elastic RAN Carrier Aggregation is not available towards remote eNodeB.
2025-09-14;09:23:51;AL  ;Minor ;EUtraNetwork=1,ExternalENodeBFunction=2221-650031;Inter Node Carrier Aggregation Service Unavailable;Elastic RAN Carrier Aggregation is not available towards remote eNodeB.
2025-09-14;09:26:46;AL  ;Cleared;EUtraNetwork=1,ExternalENodeBFunction=2221-205969;Inter Node Carrier Aggregation Service Unavailable;Elastic RAN Carrier Aggregation is not available towards remote eNodeB.
2025-09-14;09:27:48;AL  ;Minor ;EUtraNetwork=1,ExternalENodeBFunction=2221-205969;Inter Node Carrier Aggregation Service Unavailable;Elastic RAN Carrier Aggregation is not available towards remote eNodeB.
2025-09-14;09:30:44;AL  ;Cleared;EUtraNetwork=1,ExternalENodeBFunction=2221-650242;Inter Node Carrier Aggregation Service Unavailable;Elastic RAN Carrier Aggregation is not available towards remote eNodeB.
2025-09-14;09:30:58;AL  ;Cleared;EUtraNetwork=1,ExternalENodeBFunction=2221-210527;Inter Node Carrier Aggregation Service Unavailable;Elastic RAN Carrier Aggregation is not available towards remote eNodeB.
2025-09-14;09:31:07;AL  ;Minor ;EUtraNetwork=1,ExternalENodeBFunction=2221-210526;Inter Node Carrier Aggregation Service Unavailable;Elastic RAN Carrier Aggregation is not available towards remote eNodeB.
2025-09-14;09:31:08;AL  ;Minor ;EUtraNetwork=1,ExternalENodeBFunction=2221-206973;Inter Node Carrier Aggregation Service Unavailable;Elastic RAN Carrier Aggregation is not available towards remote eNodeB.
2025-09-14;09:40:16;AL  ;Cleared;EUtraNetwork=1,ExternalENodeBFunction=2221-210526;Inter Node Carrier Aggregation Service Unavailable;Elastic RAN Carrier Aggregation is not available towards remote eNodeB.
2025-09-14;09:40:25;AL  ;Cleared;EUtraNetwork=1,ExternalENodeBFunction=2221-206973;Inter Node Carrier Aggregation Service Unavailable;Elastic RAN Carrier Aggregation is not available towards remote eNodeB.
2025-09-14;09:40:30;AL  ;Cleared;EUtraNetwork=1,ExternalENodeBFunction=2221-650031;Inter Node Carrier Aggregation Service Unavailable;Elastic RAN Carrier Aggregation is not available towards remote eNodeB.
2025-09-14;09:40:39;AL  ;Cleared;EUtraNetwork=1,ExternalENodeBFunction=2221-207904;Inter Node Carrier Aggregation Service Unavailable;Elastic RAN Carrier Aggregation is not available towards remote eNodeB.
2025-09-14;09:40:40;AL  ;Minor ;EUtraNetwork=1,ExternalENodeBFunction=2221-210527;Inter Node Carrier Aggregation Service Unavailable;Elastic RAN Carrier Aggregation is not available towards remote eNodeB.
2025-09-14;09:40:47;AL  ;Cleared;EUtraNetwork=1,ExternalENodeBFunction=2221-205985;Inter Node Carrier Aggregation Service Unavailable;Elastic RAN Carrier Aggregation is not available towards remote eNodeB.
2025-09-14;09:40:54;AL  ;Cleared;EUtraNetwork=1,ExternalENodeBFunction=2221-207124;Inter Node Carrier Aggregation Service Unavailable;Elastic RAN Carrier Aggregation is not available towards remote eNodeB.
2025-09-14;09:40:55;AL  ;Minor ;EUtraNetwork=1,ExternalENodeBFunction=2221-650029;Inter Node Carrier Aggregation Service Unavailable;Elastic RAN Carrier Aggregation is not available towards remote eNodeB.
2025-09-14;09:40:57;AL  ;Cleared;EUtraNetwork=1,ExternalENodeBFunction=2221-204910;Inter Node Carrier Aggregation Service Unavailable;Elastic RAN Carrier Aggregation is not available towards remote eNodeB.
2025-09-14;09:41:02;AL  ;Cleared;EUtraNetwork=1,ExternalENodeBFunction=2221-650028;Inter Node Carrier Aggregation Service Unavailable;Elastic RAN Carrier Aggregation is not available towards remote eNodeB.
2025-09-14;09:41:07;AL  ;Minor ;EUtraNetwork=1,ExternalENodeBFunction=2221-650242;Inter Node Carrier Aggregation Service Unavailable;Elastic RAN Carrier Aggregation is not available towards remote eNodeB.
2025-09-14;09:41:08;AL  ;Cleared;EUtraNetwork=1,ExternalENodeBFunction=2221-205969;Inter Node Carrier Aggregation Service Unavailable;Elastic RAN Carrier Aggregation is not available towards remote eNodeB.
2025-09-14;09:41:14;AL  ;Cleared;EUtraNetwork=1,ExternalENodeBFunction=2221-205061;Inter Node Carrier Aggregation Service Unavailable;Elastic RAN Carrier Aggregation is not available towards remote eNodeB.
2025-09-14;09:41:17;AL  ;Minor ;EUtraNetwork=1,ExternalENodeBFunction=2221-650666;Inter Node Carrier Aggregation Service Unavailable;Elastic RAN Carrier Aggregation is not available towards remote eNodeB.
2025-09-14;09:41:19;AL  ;Cleared;EUtraNetwork=1,ExternalENodeBFunction=2221-650036;Inter Node Carrier Aggregation Service Unavailable;Elastic RAN Carrier Aggregation is not available towards remote eNodeB.
2025-09-14;09:41:20;AL  ;Minor ;EUtraNetwork=1,ExternalENodeBFunction=2221-210526;Inter Node Carrier Aggregation Service Unavailable;Elastic RAN Carrier Aggregation is not available towards remote eNodeB.
2025-09-14;09:46:28;AL  ;Minor ;EUtraNetwork=1,ExternalENodeBFunction=2221-650193;Inter Node Carrier Aggregation Service Unavailable;Elastic RAN Carrier Aggregation is not available towards remote eNodeB.
2025-09-14;09:47:15;AL  ;Minor ;EUtraNetwork=1,ExternalENodeBFunction=2221-205984;Inter Node Carrier Aggregation Service Unavailable;Elastic RAN Carrier Aggregation is not available towards remote eNodeB.
2025-09-14;09:47:25;AL  ;Minor ;EUtraNetwork=1,ExternalENodeBFunction=2221-207905;Inter Node Carrier Aggregation Service Unavailable;Elastic RAN Carrier Aggregation is not available towards remote eNodeB.
2025-09-14;12:05:30;AL  ;Minor ;EUtraNetwork=1,ExternalENodeBFunction=2221-213541;Inter Node Carrier Aggregation Service Unavailable;Elastic RAN Carrier Aggregation is not available towards remote eNodeB.
2025-09-15;03:13:27;AL  ;Minor ;EUtraNetwork=1,ExternalENodeBFunction=2221-207904;Inter Node Carrier Aggregation Service Unavailable;Elastic RAN Carrier Aggregation is not available towards remote eNodeB.
2025-09-15;05:29:28;AL  ;Cleared;EUtraNetwork=1,ExternalENodeBFunction=2221-213541;Inter Node Carrier Aggregation Service Unavailable;Elastic RAN Carrier Aggregation is not available towards remote eNodeB.
2025-09-15;08:13:30;AL  ;Minor ;EUtraNetwork=1,ExternalENodeBFunction=2221-205061;Inter Node Carrier Aggregation Service Unavailable;Elastic RAN Carrier Aggregation is not available towards remote eNodeB.
2025-09-15;10:54:17;AL  ;Minor ;EUtraNetwork=1,ExternalENodeBFunction=2221-650036;Inter Node Carrier Aggregation Service Unavailable;Elastic RAN Carrier Aggregation is not available towards remote eNodeB.
2025-09-16;10:05:59;AL  ;Warning;ENodeBFunction=1;PLMN Service Redundancy Lost;S1 connection failure for PLMN connected with link represented by MO listed in Additional Information. AI: PLMN = ["2221"],DN1=ManagedElement=1,ENodeBFunction=1,TermPointToMme=5,
2025-09-16;10:06:59;AL  ;Cleared;ENodeBFunction=1;PLMN Service Redundancy Lost;S1 connection failure for PLMN connected with link represented by MO listed in Additional Information. AI: PLMN = ["2221"],DN1=ManagedElement=1,ENodeBFunction=1,TermPointToMme=5,
2025-09-17;16:20:07;AL  ;Cleared;EUtraNetwork=1,ExternalENodeBFunction=2221-650032;Inter Node Feature Incompatibility;Elastic RAN feature is not activated in remote eNodeB. SUPPRESSED
2025-09-17;16:20:57;AL  ;Cleared;EUtraNetwork=1,ExternalENodeBFunction=2221-205061;Inter Node Carrier Aggregation Service Unavailable;Elastic RAN Carrier Aggregation is not available towards remote eNodeB.
2025-09-17;16:29:41;AL  ;Minor ;ENodeBFunction=1;External Link Failure;X2 link problem to one or several neighbouring eNodeBs. AI: PLMN ID-eNB ID 1 = 2221-650032 PLMN ID-eNB ID 2 = 2221-205969 PLMN ID-eNB ID 3 = 2221-205058 PLMN ID-eNB ID 4 = 2221-205970
2025-09-17;17:04:04;AL  ;Minor ;ENodeBFunction=1;External Link Failure;X2 link problem to one or several neighbouring eNodeBs. AI: PLMN ID-eNB ID 1 = 2221-650032 PLMN ID-eNB ID 2 = 2221-205969 PLMN ID-eNB ID 3 = 2221-205059 PLMN ID-eNB ID 4 = 2221-650027
2025-09-17;17:04:03;AL  ;Minor ;EUtraNetwork=1,ExternalENodeBFunction=2221-205061;Inter Node Carrier Aggregation Service Unavailable;Elastic RAN Carrier Aggregation is not available towards remote eNodeB.
2025-09-17;17:04:23;AL  ;Cleared;ENodeBFunction=1;External Link Failure;X2 link problem to one or several neighbouring eNodeBs. AI: PLMN ID-eNB ID 1 = 2221-650032 PLMN ID-eNB ID 2 = 2221-205969 PLMN ID-eNB ID 3 = 2221-205059 PLMN ID-eNB ID 4 = 2221-650027
2025-09-21;07:29:38;AL  ;Cleared;EUtraNetwork=1,ExternalENodeBFunction=2221-650036;Inter Node Carrier Aggregation Service Unavailable;Elastic RAN Carrier Aggregation is not available towards remote eNodeB.
2025-09-21;07:30:41;AL  ;Minor ;EUtraNetwork=1,ExternalENodeBFunction=2221-650036;Inter Node Carrier Aggregation Service Unavailable;Elastic RAN Carrier Aggregation is not available towards remote eNodeB.
2025-09-21;09:03:19;AL  ;Cleared;EUtraNetwork=1,ExternalENodeBFunction=2221-207904;Inter Node Carrier Aggregation Service Unavailable;Elastic RAN Carrier Aggregation is not available towards remote eNodeB.
2025-09-21;09:03:26;AL  ;Cleared;EUtraNetwork=1,ExternalENodeBFunction=2221-207905;Inter Node Carrier Aggregation Service Unavailable;Elastic RAN Carrier Aggregation is not available towards remote eNodeB.
2025-09-21;09:03:29;AL  ;Minor ;EUtraNetwork=1,ExternalENodeBFunction=2221-204754;Inter Node Carrier Aggregation Service Unavailable;Elastic RAN Carrier Aggregation is not available towards remote eNodeB.
2025-09-21;09:04:21;AL  ;Minor ;EUtraNetwork=1,ExternalENodeBFunction=2221-207904;Inter Node Carrier Aggregation Service Unavailable;Elastic RAN Carrier Aggregation is not available towards remote eNodeB.
2025-09-21;09:04:53;AL  ;Cleared;EUtraNetwork=1,ExternalENodeBFunction=2221-205984;Inter Node Carrier Aggregation Service Unavailable;Elastic RAN Carrier Aggregation is not available towards remote eNodeB.
2025-09-21;09:05:16;AL  ;Minor ;EUtraNetwork=1,ExternalENodeBFunction=2221-204910;Inter Node Carrier Aggregation Service Unavailable;Elastic RAN Carrier Aggregation is not available towards remote eNodeB.
2025-09-21;09:08:37;AL  ;Cleared;EUtraNetwork=1,ExternalENodeBFunction=2221-650666;Inter Node Carrier Aggregation Service Unavailable;Elastic RAN Carrier Aggregation is not available towards remote eNodeB.
2025-09-21;09:08:47;AL  ;Minor ;EUtraNetwork=1,ExternalENodeBFunction=2221-205969;Inter Node Carrier Aggregation Service Unavailable;Elastic RAN Carrier Aggregation is not available towards remote eNodeB.
2025-09-21;09:10:11;AL  ;Cleared;EUtraNetwork=1,ExternalENodeBFunction=2221-650029;Inter Node Carrier Aggregation Service Unavailable;Elastic RAN Carrier Aggregation is not available towards remote eNodeB.
2025-09-21;09:11:14;AL  ;Minor ;EUtraNetwork=1,ExternalENodeBFunction=2221-650029;Inter Node Carrier Aggregation Service Unavailable;Elastic RAN Carrier Aggregation is not available towards remote eNodeB.
2025-09-21;09:15:05;AL  ;Cleared;EUtraNetwork=1,ExternalENodeBFunction=2221-205969;Inter Node Carrier Aggregation Service Unavailable;Elastic RAN Carrier Aggregation is not available towards remote eNodeB.
2025-09-21;09:16:07;AL  ;Minor ;EUtraNetwork=1,ExternalENodeBFunction=2221-205969;Inter Node Carrier Aggregation Service Unavailable;Elastic RAN Carrier Aggregation is not available towards remote eNodeB.
2025-09-21;09:19:06;AL  ;Cleared;EUtraNetwork=1,ExternalENodeBFunction=2221-650242;Inter Node Carrier Aggregation Service Unavailable;Elastic RAN Carrier Aggregation is not available towards remote eNodeB.
2025-09-21;09:19:09;AL  ;Cleared;EUtraNetwork=1,ExternalENodeBFunction=2221-210527;Inter Node Carrier Aggregation Service Unavailable;Elastic RAN Carrier Aggregation is not available towards remote eNodeB.
2025-09-21;09:19:12;AL  ;Minor ;EUtraNetwork=1,ExternalENodeBFunction=2221-205985;Inter Node Carrier Aggregation Service Unavailable;Elastic RAN Carrier Aggregation is not available towards remote eNodeB.
2025-09-21;09:19:29;AL  ;Cleared;EUtraNetwork=1,ExternalENodeBFunction=2221-210526;Inter Node Carrier Aggregation Service Unavailable;Elastic RAN Carrier Aggregation is not available towards remote eNodeB.
2025-09-21;09:20:08;AL  ;Minor ;EUtraNetwork=1,ExternalENodeBFunction=2221-650242;Inter Node Carrier Aggregation Service Unavailable;Elastic RAN Carrier Aggregation is not available towards remote eNodeB.
2025-09-21;09:20:11;AL  ;Minor ;EUtraNetwork=1,ExternalENodeBFunction=2221-210527;Inter Node Carrier Aggregation Service Unavailable;Elastic RAN Carrier Aggregation is not available towards remote eNodeB.
2025-09-21;09:28:35;AL  ;Cleared;EUtraNetwork=1,ExternalENodeBFunction=2221-650029;Inter Node Carrier Aggregation Service Unavailable;Elastic RAN Carrier Aggregation is not available towards remote eNodeB.
2025-09-21;09:28:40;AL  ;Cleared;EUtraNetwork=1,ExternalENodeBFunction=2221-207904;Inter Node Carrier Aggregation Service Unavailable;Elastic RAN Carrier Aggregation is not available towards remote eNodeB.
2025-09-21;09:28:48;AL  ;Cleared;EUtraNetwork=1,ExternalENodeBFunction=2221-204754;Inter Node Carrier Aggregation Service Unavailable;Elastic RAN Carrier Aggregation is not available towards remote eNodeB.
2025-09-21;09:28:49;AL  ;Minor ;EUtraNetwork=1,ExternalENodeBFunction=2221-207905;Inter Node Carrier Aggregation Service Unavailable;Elastic RAN Carrier Aggregation is not available towards remote eNodeB.
2025-09-21;09:28:53;AL  ;Cleared;EUtraNetwork=1,ExternalENodeBFunction=2221-210527;Inter Node Carrier Aggregation Service Unavailable;Elastic RAN Carrier Aggregation is not available towards remote eNodeB.
2025-09-21;09:28:54;AL  ;Minor ;EUtraNetwork=1,ExternalENodeBFunction=2221-210526;Inter Node Carrier Aggregation Service Unavailable;Elastic RAN Carrier Aggregation is not available towards remote eNodeB.
2025-09-21;09:28:59;AL  ;Cleared;EUtraNetwork=1,ExternalENodeBFunction=2221-205985;Inter Node Carrier Aggregation Service Unavailable;Elastic RAN Carrier Aggregation is not available towards remote eNodeB.
2025-09-21;09:29:05;AL  ;Cleared;EUtraNetwork=1,ExternalENodeBFunction=2221-650193;Inter Node Carrier Aggregation Service Unavailable;Elastic RAN Carrier Aggregation is not available towards remote eNodeB.
2025-09-21;09:29:06;AL  ;Minor ;EUtraNetwork=1,ExternalENodeBFunction=2221-650028;Inter Node Carrier Aggregation Service Unavailable;Elastic RAN Carrier Aggregation is not available towards remote eNodeB.
2025-09-21;09:29:14;AL  ;Cleared;EUtraNetwork=1,ExternalENodeBFunction=2221-204910;Inter Node Carrier Aggregation Service Unavailable;Elastic RAN Carrier Aggregation is not available towards remote eNodeB.
2025-09-21;09:29:20;AL  ;Cleared;EUtraNetwork=1,ExternalENodeBFunction=2221-650242;Inter Node Carrier Aggregation Service Unavailable;Elastic RAN Carrier Aggregation is not available towards remote eNodeB.
2025-09-21;09:29:21;AL  ;Minor ;EUtraNetwork=1,ExternalENodeBFunction=2221-650666;Inter Node Carrier Aggregation Service Unavailable;Elastic RAN Carrier Aggregation is not available towards remote eNodeB.
2025-09-21;09:29:24;AL  ;Cleared;EUtraNetwork=1,ExternalENodeBFunction=2221-205969;Inter Node Carrier Aggregation Service Unavailable;Elastic RAN Carrier Aggregation is not available towards remote eNodeB.
2025-09-21;09:29:31;AL  ;Cleared;EUtraNetwork=1,ExternalENodeBFunction=2221-205061;Inter Node Carrier Aggregation Service Unavailable;Elastic RAN Carrier Aggregation is not available towards remote eNodeB.
2025-09-21;09:29:36;AL  ;Cleared;EUtraNetwork=1,ExternalENodeBFunction=2221-650036;Inter Node Carrier Aggregation Service Unavailable;Elastic RAN Carrier Aggregation is not available towards remote eNodeB.
2025-09-21;11:13:29;AL  ;Minor ;EUtraNetwork=1,ExternalENodeBFunction=2221-650031;Inter Node Carrier Aggregation Service Unavailable;Elastic RAN Carrier Aggregation is not available towards remote eNodeB.
2025-09-21;14:13:28;AL  ;Minor ;EUtraNetwork=1,ExternalENodeBFunction=2221-205969;Inter Node Carrier Aggregation Service Unavailable;Elastic RAN Carrier Aggregation is not available towards remote eNodeB.
2025-09-21;19:13:28;AL  ;Minor ;EUtraNetwork=1,ExternalENodeBFunction=2221-207124;Inter Node Carrier Aggregation Service Unavailable;Elastic RAN Carrier Aggregation is not available towards remote eNodeB.
2025-09-22;02:13:27;AL  ;Minor ;EUtraNetwork=1,ExternalENodeBFunction=2221-205985;Inter Node Carrier Aggregation Service Unavailable;Elastic RAN Carrier Aggregation is not available towards remote eNodeB.
2025-09-22;03:13:28;AL  ;Minor ;EUtraNetwork=1,ExternalENodeBFunction=2221-650029;Inter Node Carrier Aggregation Service Unavailable;Elastic RAN Carrier Aggregation is not available towards remote eNodeB.
2025-09-22;06:01:17;AL  ;Minor ;EUtraNetwork=1,ExternalENodeBFunction=2221-650036;Inter Node Carrier Aggregation Service Unavailable;Elastic RAN Carrier Aggregation is not available towards remote eNodeB.
2025-09-22;10:39:52;AL  ;Major ;Synchronization=1,RadioEquipmentClock=1,RadioEquipmentClockReference=PTP;Sync PTP Time Reachability Fault;No PTP messages
2025-09-22;10:41:44;AL  ;Minor ;Synchronization=1,RadioEquipmentClock=1;Radio Clock Service in Time Holdover Mode;Time sync reference failure
2025-09-22;10:55:44;AL  ;Cleared;Synchronization=1,RadioEquipmentClock=1;Radio Clock Service in Time Holdover Mode;Time sync reference failure
2025-09-22;10:56:43;AL  ;Cleared;Synchronization=1,RadioEquipmentClock=1,RadioEquipmentClockReference=PTP;Sync PTP Time Reachability Fault;No PTP messages
2025-09-22;14:13:32;AL  ;Minor ;EUtraNetwork=1,ExternalENodeBFunction=2221-204910;Inter Node Carrier Aggregation Service Unavailable;Elastic RAN Carrier Aggregation is not available towards remote eNodeB.
2025-09-23;16:44:59;AL  ;Minor ;Synchronization=1,RadioEquipmentClock=1,RadioEquipmentClockReference=SyncE;Sync Reference Quality Level Too Low;
2025-09-23;16:45:53;AL  ;Cleared;Synchronization=1,RadioEquipmentClock=1,RadioEquipmentClockReference=SyncE;Sync Reference Quality Level Too Low;
2025-09-23;16:45:55;AL  ;Major ;Synchronization=1,RadioEquipmentClock=1,RadioEquipmentClockReference=PTP;Sync PTP Time Reachability Fault;No PTP messages
2025-09-23;16:46:23;AL  ;Minor ;Synchronization=1,RadioEquipmentClock=1,RadioEquipmentClockReference=SyncE;Sync Reference Quality Level Too Low;
2025-09-23;16:46:44;AL  ;Cleared;Synchronization=1,RadioEquipmentClock=1,RadioEquipmentClockReference=SyncE;Sync Reference Quality Level Too Low;
2025-09-23;16:47:47;AL  ;Minor ;Synchronization=1,RadioEquipmentClock=1;Radio Clock Service in Time Holdover Mode;Time sync reference failure
2025-09-23;16:51:36;AL  ;Cleared;Synchronization=1,RadioEquipmentClock=1;Radio Clock Service in Time Holdover Mode;Time sync reference failure
2025-09-23;16:52:35;AL  ;Cleared;Synchronization=1,RadioEquipmentClock=1,RadioEquipmentClockReference=PTP;Sync PTP Time Reachability Fault;No PTP messages
2025-09-23;16:52:50;AL  ;Minor ;Synchronization=1,RadioEquipmentClock=1,RadioEquipmentClockReference=SyncE;Sync Reference Quality Level Too Low;
2025-09-23;16:53:44;AL  ;Cleared;Synchronization=1,RadioEquipmentClock=1,RadioEquipmentClockReference=SyncE;Sync Reference Quality Level Too Low;
2025-09-23;16:53:45;AL  ;Major ;Synchronization=1,RadioEquipmentClock=1,RadioEquipmentClockReference=PTP;Sync PTP Time Reachability Fault;No PTP messages
2025-09-23;16:55:37;AL  ;Minor ;Synchronization=1,RadioEquipmentClock=1;Radio Clock Service in Time Holdover Mode;Time sync reference failure
2025-09-23;16:58:46;AL  ;Minor ;Synchronization=1,RadioEquipmentClock=1;Radio Clock Service in Time Holdover Mode;Time sync reference failure
2025-09-23;16:58:46;AL  ;Minor ;Synchronization=1,RadioEquipmentClock=1,RadioEquipmentClockReference=SyncE;Sync Reference Quality Level Too Low;
2025-09-23;16:59:25;AL  ;Cleared;Synchronization=1,RadioEquipmentClock=1,RadioEquipmentClockReference=SyncE;Sync Reference Quality Level Too Low;
2025-09-23;17:03:16;AL  ;Cleared;Synchronization=1,RadioEquipmentClock=1;Radio Clock Service in Time Holdover Mode;Time sync reference failure
2025-09-23;17:04:15;AL  ;Cleared;Synchronization=1,RadioEquipmentClock=1,RadioEquipmentClockReference=PTP;Sync PTP Time Reachability Fault;No PTP messages
2025-09-26;13:28:18;AL  ;Minor ;ENodeBFunction=1;External Link Failure;X2 link problem to one or several neighbouring eNodeBs. AI: PLMN ID-eNB ID 1 = 2221-204753 PLMN ID-eNB ID 2 = 2221-204754
2025-09-26;13:36:12;AL  ;Major ;Synchronization=1,RadioEquipmentClock=1,RadioEquipmentClockReference=PTP;Sync PTP Time Reachability Fault;No PTP messages
2025-09-26;13:38:04;AL  ;Minor ;Synchronization=1,RadioEquipmentClock=1;Radio Clock Service in Time Holdover Mode;Time sync reference failure
2025-09-26;13:52:14;AL  ;Minor ;Synchronization=1,RadioEquipmentClock=1;Radio Clock Service in Time Holdover Mode;Time sync reference failure
2025-09-26;13:52:14;AL  ;Minor ;Synchronization=1,RadioEquipmentClock=1,RadioEquipmentClockReference=SyncE;Sync Reference Quality Level Too Low;
2025-09-26;13:52:37;AL  ;Cleared;Synchronization=1,RadioEquipmentClock=1,RadioEquipmentClockReference=SyncE;Sync Reference Quality Level Too Low;
2025-09-26;13:54:46;AL  ;Minor ;Synchronization=1,RadioEquipmentClock=1;Radio Clock Service in Time Holdover Mode;Time sync reference failure
2025-09-26;13:54:46;AL  ;Minor ;Synchronization=1,RadioEquipmentClock=1,RadioEquipmentClockReference=SyncE;Sync Reference Quality Level Too Low;
2025-09-26;13:55:13;AL  ;Cleared;Synchronization=1,RadioEquipmentClock=1,RadioEquipmentClockReference=SyncE;Sync Reference Quality Level Too Low;
2025-09-26;14:10:53;AL  ;Minor ;Synchronization=1,RadioEquipmentClock=1;Radio Clock Service in Time Holdover Mode;Time sync reference failure
2025-09-26;14:10:53;AL  ;Minor ;Synchronization=1,RadioEquipmentClock=1,RadioEquipmentClockReference=PTP;Sync Reference Quality Level Too Low;
2025-09-26;14:12:01;AL  ;Minor ;Synchronization=1,RadioEquipmentClock=1;Radio Clock Service in Time Holdover Mode;Time sync reference failure
2025-09-26;14:12:01;AL  ;Cleared;Synchronization=1,RadioEquipmentClock=1,RadioEquipmentClockReference=PTP;Sync Reference Quality Level Too Low;
2025-09-26;14:12:18;AL  ;Minor ;Synchronization=1,RadioEquipmentClock=1,RadioEquipmentClockReference=PTP;Sync Reference Quality Level Too Low;
2025-09-26;14:12:22;AL  ;Cleared;Synchronization=1,RadioEquipmentClock=1,RadioEquipmentClockReference=PTP;Sync PTP Time Reachability Fault;No PTP messages
2025-09-26;14:12:22;AL  ;Major ;Synchronization=1,RadioEquipmentClock=1,RadioEquipmentClockReference=PTP;Sync PTP Time Reliability Fault;Master clock class problem, Master clock accuracy problem
2025-09-26;14:12:31;AL  ;Cleared;Synchronization=1,RadioEquipmentClock=1,RadioEquipmentClockReference=PTP;Sync Reference Quality Level Too Low;
2025-09-26;14:13:27;AL  ;Major ;Synchronization=1,RadioEquipmentClock=1,RadioEquipmentClockReference=PTP;Sync PTP Time Reachability Fault;No PTP messages
2025-09-26;14:13:27;AL  ;Cleared;Synchronization=1,RadioEquipmentClock=1,RadioEquipmentClockReference=PTP;Sync PTP Time Reliability Fault;Master clock accuracy problem
2025-09-26;14:19:47;AL  ;Cleared;Synchronization=1,RadioEquipmentClock=1;Radio Clock Service in Time Holdover Mode;Time sync reference failure
2025-09-26;14:20:46;AL  ;Cleared;Synchronization=1,RadioEquipmentClock=1,RadioEquipmentClockReference=PTP;Sync PTP Time Reachability Fault;No PTP messages
2025-09-26;14:27:55;AL  ;Minor ;Synchronization=1,RadioEquipmentClock=1;Radio Clock Service in Time Holdover Mode;Time sync reference administratively locked or not configured
2025-09-26;14:28:17;AL  ;Major ;Synchronization=1,RadioEquipmentClock=1,RadioEquipmentClockReference=PTP;Sync PTP Time Reachability Fault;No PTP messages
2025-09-26;14:51:08;AL  ;Minor ;Synchronization=1,RadioEquipmentClock=1;Radio Clock Service in Time Holdover Mode;Time sync reference administratively locked or not configured
2025-09-26;14:51:08;AL  ;Cleared;Synchronization=1,RadioEquipmentClock=1,RadioEquipmentClockReference=PTP;Sync PTP Time Reachability Fault;No PTP messages
2025-09-26;14:54:54;AL  ;Cleared;Synchronization=1,RadioEquipmentClock=1;Radio Clock Service in Time Holdover Mode;Time sync reference administratively locked or not configured
2025-09-26;14:59:56;AL  ;Minor ;EUtraNetwork=1,ExternalENodeBFunction=2221-213265;Inter Node Feature Incompatibility;Elastic RAN feature is not activated in remote eNodeB. SUPPRESSED
2025-09-26;14:59:56;AL  ;Minor ;EUtraNetwork=1,ExternalENodeBFunction=2221-650032;Inter Node Feature Incompatibility;Elastic RAN feature is not activated in remote eNodeB. SUPPRESSED
2025-09-26;18:48:18;AL  ;Cleared;ENodeBFunction=1;External Link Failure;X2 link problem to one or several neighbouring eNodeBs. AI: PLMN ID-eNB ID 1 = 2221-204753 PLMN ID-eNB ID 2 = 2221-204754
2025-09-28;07:29:12;AL  ;Cleared;EUtraNetwork=1,ExternalENodeBFunction=2221-204910;Inter Node Carrier Aggregation Service Unavailable;Elastic RAN Carrier Aggregation is not available towards remote eNodeB.
2025-09-28;07:29:34;AL  ;Cleared;EUtraNetwork=1,ExternalENodeBFunction=2221-650036;Inter Node Carrier Aggregation Service Unavailable;Elastic RAN Carrier Aggregation is not available towards remote eNodeB.
2025-09-28;07:29:36;AL  ;Minor ;EUtraNetwork=1,ExternalENodeBFunction=2221-205061;Inter Node Carrier Aggregation Service Unavailable;Elastic RAN Carrier Aggregation is not available towards remote eNodeB.
2025-09-28;07:30:14;AL  ;Minor ;EUtraNetwork=1,ExternalENodeBFunction=2221-204910;Inter Node Carrier Aggregation Service Unavailable;Elastic RAN Carrier Aggregation is not available towards remote eNodeB.
2025-09-28;09:04:55;AL  ;Cleared;EUtraNetwork=1,ExternalENodeBFunction=2221-207905;Inter Node Carrier Aggregation Service Unavailable;Elastic RAN Carrier Aggregation is not available towards remote eNodeB.
2025-09-28;09:06:00;AL  ;Minor ;EUtraNetwork=1,ExternalENodeBFunction=2221-205984;Inter Node Carrier Aggregation Service Unavailable;Elastic RAN Carrier Aggregation is not available towards remote eNodeB.
2025-09-28;09:06:39;AL  ;Cleared;EUtraNetwork=1,ExternalENodeBFunction=2221-205985;Inter Node Carrier Aggregation Service Unavailable;Elastic RAN Carrier Aggregation is not available towards remote eNodeB.
2025-09-28;09:06:42;AL  ;Minor ;EUtraNetwork=1,ExternalENodeBFunction=2221-210527;Inter Node Carrier Aggregation Service Unavailable;Elastic RAN Carrier Aggregation is not available towards remote eNodeB.
2025-09-28;09:10:09;AL  ;Cleared;EUtraNetwork=1,ExternalENodeBFunction=2221-650666;Inter Node Carrier Aggregation Service Unavailable;Elastic RAN Carrier Aggregation is not available towards remote eNodeB.
2025-09-28;09:10:12;AL  ;Minor ;EUtraNetwork=1,ExternalENodeBFunction=2221-205985;Inter Node Carrier Aggregation Service Unavailable;Elastic RAN Carrier Aggregation is not available towards remote eNodeB.
2025-09-28;09:11:24;AL  ;Cleared;EUtraNetwork=1,ExternalENodeBFunction=2221-650029;Inter Node Carrier Aggregation Service Unavailable;Elastic RAN Carrier Aggregation is not available towards remote eNodeB.
2025-09-28;09:11:29;AL  ;Cleared;EUtraNetwork=1,ExternalENodeBFunction=2221-207124;Inter Node Carrier Aggregation Service Unavailable;Elastic RAN Carrier Aggregation is not available towards remote eNodeB.
2025-09-28;09:11:31;AL  ;Minor ;EUtraNetwork=1,ExternalENodeBFunction=2221-206973;Inter Node Carrier Aggregation Service Unavailable;Elastic RAN Carrier Aggregation is not available towards remote eNodeB.
2025-09-28;09:11:36;AL  ;Cleared;EUtraNetwork=1,ExternalENodeBFunction=2221-650028;Inter Node Carrier Aggregation Service Unavailable;Elastic RAN Carrier Aggregation is not available towards remote eNodeB.
2025-09-28;09:11:38;AL  ;Minor ;EUtraNetwork=1,ExternalENodeBFunction=2221-207904;Inter Node Carrier Aggregation Service Unavailable;Elastic RAN Carrier Aggregation is not available towards remote eNodeB.
2025-09-28;09:12:03;AL  ;Cleared;EUtraNetwork=1,ExternalENodeBFunction=2221-650031;Inter Node Carrier Aggregation Service Unavailable;Elastic RAN Carrier Aggregation is not available towards remote eNodeB.
2025-09-28;09:12:27;AL  ;Minor ;EUtraNetwork=1,ExternalENodeBFunction=2221-650029;Inter Node Carrier Aggregation Service Unavailable;Elastic RAN Carrier Aggregation is not available towards remote eNodeB.
2025-09-28;09:12:32;AL  ;Minor ;EUtraNetwork=1,ExternalENodeBFunction=2221-207124;Inter Node Carrier Aggregation Service Unavailable;Elastic RAN Carrier Aggregation is not available towards remote eNodeB.
2025-09-28;09:16:22;AL  ;Cleared;EUtraNetwork=1,ExternalENodeBFunction=2221-205969;Inter Node Carrier Aggregation Service Unavailable;Elastic RAN Carrier Aggregation is not available towards remote eNodeB.
2025-09-28;09:17:24;AL  ;Minor ;EUtraNetwork=1,ExternalENodeBFunction=2221-205969;Inter Node Carrier Aggregation Service Unavailable;Elastic RAN Carrier Aggregation is not available towards remote eNodeB.
2025-09-28;09:20:34;AL  ;Cleared;EUtraNetwork=1,ExternalENodeBFunction=2221-210527;Inter Node Carrier Aggregation Service Unavailable;Elastic RAN Carrier Aggregation is not available towards remote eNodeB.
2025-09-28;09:21:03;AL  ;Cleared;EUtraNetwork=1,ExternalENodeBFunction=2221-210526;Inter Node Carrier Aggregation Service Unavailable;Elastic RAN Carrier Aggregation is not available towards remote eNodeB.
2025-09-28;09:21:37;AL  ;Minor ;EUtraNetwork=1,ExternalENodeBFunction=2221-210527;Inter Node Carrier Aggregation Service Unavailable;Elastic RAN Carrier Aggregation is not available towards remote eNodeB.
2025-09-28;09:21:44;AL  ;Minor ;EUtraNetwork=1,ExternalENodeBFunction=2221-210526;Inter Node Carrier Aggregation Service Unavailable;Elastic RAN Carrier Aggregation is not available towards remote eNodeB.
2025-09-28;09:29:28;AL  ;Cleared;EUtraNetwork=1,ExternalENodeBFunction=2221-650029;Inter Node Carrier Aggregation Service Unavailable;Elastic RAN Carrier Aggregation is not available towards remote eNodeB.
2025-09-28;09:29:33;AL  ;Cleared;EUtraNetwork=1,ExternalENodeBFunction=2221-210526;Inter Node Carrier Aggregation Service Unavailable;Elastic RAN Carrier Aggregation is not available towards remote eNodeB.
2025-09-28;09:29:42;AL  ;Cleared;EUtraNetwork=1,ExternalENodeBFunction=2221-206973;Inter Node Carrier Aggregation Service Unavailable;Elastic RAN Carrier Aggregation is not available towards remote eNodeB.
2025-09-28;09:29:46;AL  ;Cleared;EUtraNetwork=1,ExternalENodeBFunction=2221-205984;Inter Node Carrier Aggregation Service Unavailable;Elastic RAN Carrier Aggregation is not available towards remote eNodeB.
2025-09-28;09:29:48;AL  ;Minor ;EUtraNetwork=1,ExternalENodeBFunction=2221-650028;Inter Node Carrier Aggregation Service Unavailable;Elastic RAN Carrier Aggregation is not available towards remote eNodeB.
2025-09-28;09:29:52;AL  ;Minor ;EUtraNetwork=1,ExternalENodeBFunction=2221-650031;Inter Node Carrier Aggregation Service Unavailable;Elastic RAN Carrier Aggregation is not available towards remote eNodeB.
2025-09-28;09:29:53;AL  ;Cleared;EUtraNetwork=1,ExternalENodeBFunction=2221-207904;Inter Node Carrier Aggregation Service Unavailable;Elastic RAN Carrier Aggregation is not available towards remote eNodeB.
2025-09-28;09:30:01;AL  ;Cleared;EUtraNetwork=1,ExternalENodeBFunction=2221-210527;Inter Node Carrier Aggregation Service Unavailable;Elastic RAN Carrier Aggregation is not available towards remote eNodeB.
2025-09-28;09:30:06;AL  ;Cleared;EUtraNetwork=1,ExternalENodeBFunction=2221-205985;Inter Node Carrier Aggregation Service Unavailable;Elastic RAN Carrier Aggregation is not available towards remote eNodeB.
2025-09-28;09:30:06;AL  ;Minor ;EUtraNetwork=1,ExternalENodeBFunction=2221-650036;Inter Node Carrier Aggregation Service Unavailable;Elastic RAN Carrier Aggregation is not available towards remote eNodeB.
2025-09-28;09:30:10;AL  ;Minor ;EUtraNetwork=1,ExternalENodeBFunction=2221-650242;Inter Node Carrier Aggregation Service Unavailable;Elastic RAN Carrier Aggregation is not available towards remote eNodeB.
2025-09-28;09:30:14;AL  ;Cleared;EUtraNetwork=1,ExternalENodeBFunction=2221-207124;Inter Node Carrier Aggregation Service Unavailable;Elastic RAN Carrier Aggregation is not available towards remote eNodeB.
2025-09-28;09:30:18;AL  ;Cleared;EUtraNetwork=1,ExternalENodeBFunction=2221-204910;Inter Node Carrier Aggregation Service Unavailable;Elastic RAN Carrier Aggregation is not available towards remote eNodeB.
2025-09-28;09:30:20;AL  ;Minor ;EUtraNetwork=1,ExternalENodeBFunction=2221-650666;Inter Node Carrier Aggregation Service Unavailable;Elastic RAN Carrier Aggregation is not available towards remote eNodeB.
2025-09-28;09:30:23;AL  ;Cleared;EUtraNetwork=1,ExternalENodeBFunction=2221-205969;Inter Node Carrier Aggregation Service Unavailable;Elastic RAN Carrier Aggregation is not available towards remote eNodeB.
2025-09-28;09:30:30;AL  ;Cleared;EUtraNetwork=1,ExternalENodeBFunction=2221-205061;Inter Node Carrier Aggregation Service Unavailable;Elastic RAN Carrier Aggregation is not available towards remote eNodeB.
2025-09-28;10:37:56;AL  ;Minor ;EUtraNetwork=1,ExternalENodeBFunction=2221-213541;Inter Node Carrier Aggregation Service Unavailable;Elastic RAN Carrier Aggregation is not available towards remote eNodeB.
2025-09-28;11:42:07;AL  ;Minor ;EUtraNetwork=1,ExternalENodeBFunction=2221-207905;Inter Node Carrier Aggregation Service Unavailable;Elastic RAN Carrier Aggregation is not available towards remote eNodeB.
2025-09-28;11:44:01;AL  ;Cleared;EUtraNetwork=1,ExternalENodeBFunction=2221-213541;Inter Node Carrier Aggregation Service Unavailable;Elastic RAN Carrier Aggregation is not available towards remote eNodeB.
2025-09-28;12:00:13;AL  ;Minor ;EUtraNetwork=1,ExternalENodeBFunction=2221-650029;Inter Node Carrier Aggregation Service Unavailable;Elastic RAN Carrier Aggregation is not available towards remote eNodeB.
2025-09-28;15:00:13;AL  ;Minor ;EUtraNetwork=1,ExternalENodeBFunction=2221-210526;Inter Node Carrier Aggregation Service Unavailable;Elastic RAN Carrier Aggregation is not available towards remote eNodeB.
2025-09-29;00:00:13;AL  ;Minor ;EUtraNetwork=1,ExternalENodeBFunction=2221-204910;Inter Node Carrier Aggregation Service Unavailable;Elastic RAN Carrier Aggregation is not available towards remote eNodeB.
2025-09-29;06:01:11;AL  ;Minor ;EUtraNetwork=1,ExternalENodeBFunction=2221-205061;Inter Node Carrier Aggregation Service Unavailable;Elastic RAN Carrier Aggregation is not available towards remote eNodeB.
2025-09-29;14:06:32;AL  ;Minor ;EUtraNetwork=1,ExternalENodeBFunction=2221-210527;Inter Node Carrier Aggregation Service Unavailable;Elastic RAN Carrier Aggregation is not available towards remote eNodeB.
2025-09-30;14:12:07;AL  ;Major ;Synchronization=1,RadioEquipmentClock=1,RadioEquipmentClockReference=PTP;Sync PTP Time Reachability Fault;No PTP messages
2025-09-30;14:13:59;AL  ;Minor ;Synchronization=1,RadioEquipmentClock=1;Radio Clock Service in Time Holdover Mode;Time sync reference failure
2025-09-30;14:22:38;AL  ;Cleared;Synchronization=1,RadioEquipmentClock=1;Radio Clock Service in Time Holdover Mode;Time sync reference failure
2025-09-30;14:23:37;AL  ;Cleared;Synchronization=1,RadioEquipmentClock=1,RadioEquipmentClockReference=PTP;Sync PTP Time Reachability Fault;No PTP messages
2025-09-30;23:48:25;AL  ;Cleared;EUtraNetwork=1,ExternalENodeBFunction=2221-213265;Inter Node Feature Incompatibility;Elastic RAN feature is not activated in remote eNodeB. SUPPRESSED
2025-10-01;03:51:04;AL  ;Cleared;EUtraNetwork=1,ExternalENodeBFunction=2221-650031;Inter Node Carrier Aggregation Service Unavailable;Elastic RAN Carrier Aggregation is not available towards remote eNodeB.
2025-10-01;03:53:27;AL  ;Minor ;EUtraNetwork=1,ExternalENodeBFunction=2221-650031;Inter Node Carrier Aggregation Service Unavailable;Elastic RAN Carrier Aggregation is not available towards remote eNodeB.
2025-10-01;04:11:30;AL  ;Cleared;EUtraNetwork=1,ExternalENodeBFunction=2221-650031;Inter Node Carrier Aggregation Service Unavailable;Elastic RAN Carrier Aggregation is not available towards remote eNodeB.
2025-10-01;04:13:46;AL  ;Minor ;EUtraNetwork=1,ExternalENodeBFunction=2221-650031;Inter Node Carrier Aggregation Service Unavailable;Elastic RAN Carrier Aggregation is not available towards remote eNodeB.
2025-10-01;06:18:56;AL  ;Cleared;EUtraNetwork=1,ExternalENodeBFunction=2221-650031;Inter Node Carrier Aggregation Service Unavailable;Elastic RAN Carrier Aggregation is not available towards remote eNodeB.
2025-10-01;07:07:03;AL  ;Minor ;ENodeBFunction=1;External Link Failure;X2 link problem to one or several neighbouring eNodeBs. AI: PLMN ID-eNB ID 1 = 2221-650784
2025-10-01;10:25:47;AL  ;Cleared;ENodeBFunction=1;External Link Failure;X2 link problem to one or several neighbouring eNodeBs. AI: PLMN ID-eNB ID 1 = 2221-650784
2025-10-01;15:00:14;AL  ;Minor ;EUtraNetwork=1,ExternalENodeBFunction=2221-650031;Inter Node Carrier Aggregation Service Unavailable;Elastic RAN Carrier Aggregation is not available towards remote eNodeB.
2025-10-03;09:12:43;AL  ;Cleared;EUtraNetwork=1,ExternalENodeBFunction=2221-650236;Inter Node Feature Incompatibility;Elastic RAN feature is not activated in remote eNodeB. SUPPRESSED
2025-10-05;07:26:10;AL  ;Cleared;EUtraNetwork=1,ExternalENodeBFunction=2221-204910;Inter Node Carrier Aggregation Service Unavailable;Elastic RAN Carrier Aggregation is not available towards remote eNodeB.
2025-10-05;07:26:31;AL  ;Cleared;EUtraNetwork=1,ExternalENodeBFunction=2221-650036;Inter Node Carrier Aggregation Service Unavailable;Elastic RAN Carrier Aggregation is not available towards remote eNodeB.
2025-10-05;07:26:32;AL  ;Minor ;EUtraNetwork=1,ExternalENodeBFunction=2221-205985;Inter Node Carrier Aggregation Service Unavailable;Elastic RAN Carrier Aggregation is not available towards remote eNodeB.
2025-10-05;07:27:12;AL  ;Minor ;EUtraNetwork=1,ExternalENodeBFunction=2221-204910;Inter Node Carrier Aggregation Service Unavailable;Elastic RAN Carrier Aggregation is not available towards remote eNodeB.
2025-10-05;08:56:23;AL  ;Cleared;EUtraNetwork=1,ExternalENodeBFunction=2221-207905;Inter Node Carrier Aggregation Service Unavailable;Elastic RAN Carrier Aggregation is not available towards remote eNodeB.
2025-10-05;08:57:25;AL  ;Minor ;EUtraNetwork=1,ExternalENodeBFunction=2221-207905;Inter Node Carrier Aggregation Service Unavailable;Elastic RAN Carrier Aggregation is not available towards remote eNodeB.
2025-10-05;08:58:14;AL  ;Cleared;EUtraNetwork=1,ExternalENodeBFunction=2221-205985;Inter Node Carrier Aggregation Service Unavailable;Elastic RAN Carrier Aggregation is not available towards remote eNodeB.
2025-10-05;08:59:16;AL  ;Minor ;EUtraNetwork=1,ExternalENodeBFunction=2221-205985;Inter Node Carrier Aggregation Service Unavailable;Elastic RAN Carrier Aggregation is not available towards remote eNodeB.
2025-10-05;09:00:54;AL  ;Cleared;EUtraNetwork=1,ExternalENodeBFunction=2221-650666;Inter Node Carrier Aggregation Service Unavailable;Elastic RAN Carrier Aggregation is not available towards remote eNodeB.
2025-10-05;09:02:36;AL  ;Cleared;EUtraNetwork=1,ExternalENodeBFunction=2221-650028;Inter Node Carrier Aggregation Service Unavailable;Elastic RAN Carrier Aggregation is not available towards remote eNodeB.
2025-10-05;09:03:20;AL  ;Cleared;EUtraNetwork=1,ExternalENodeBFunction=2221-650029;Inter Node Carrier Aggregation Service Unavailable;Elastic RAN Carrier Aggregation is not available towards remote eNodeB.
2025-10-05;09:03:25;AL  ;Cleared;EUtraNetwork=1,ExternalENodeBFunction=2221-650031;Inter Node Carrier Aggregation Service Unavailable;Elastic RAN Carrier Aggregation is not available towards remote eNodeB.
2025-10-05;09:03:28;AL  ;Minor ;EUtraNetwork=1,ExternalENodeBFunction=2221-650036;Inter Node Carrier Aggregation Service Unavailable;Elastic RAN Carrier Aggregation is not available towards remote eNodeB.
2025-10-05;09:03:39;AL  ;Minor ;EUtraNetwork=1,ExternalENodeBFunction=2221-650028;Inter Node Carrier Aggregation Service Unavailable;Elastic RAN Carrier Aggregation is not available towards remote eNodeB.
2025-10-05;09:04:22;AL  ;Minor ;EUtraNetwork=1,ExternalENodeBFunction=2221-650029;Inter Node Carrier Aggregation Service Unavailable;Elastic RAN Carrier Aggregation is not available towards remote eNodeB.
2025-10-05;09:04:27;AL  ;Minor ;EUtraNetwork=1,ExternalENodeBFunction=2221-650031;Inter Node Carrier Aggregation Service Unavailable;Elastic RAN Carrier Aggregation is not available towards remote eNodeB.
2025-10-05;09:11:09;AL  ;Cleared;EUtraNetwork=1,ExternalENodeBFunction=2221-650242;Inter Node Carrier Aggregation Service Unavailable;Elastic RAN Carrier Aggregation is not available towards remote eNodeB.
2025-10-05;09:11:20;AL  ;Cleared;EUtraNetwork=1,ExternalENodeBFunction=2221-210527;Inter Node Carrier Aggregation Service Unavailable;Elastic RAN Carrier Aggregation is not available towards remote eNodeB.
2025-10-05;09:11:32;AL  ;Cleared;EUtraNetwork=1,ExternalENodeBFunction=2221-210526;Inter Node Carrier Aggregation Service Unavailable;Elastic RAN Carrier Aggregation is not available towards remote eNodeB.
2025-10-05;09:11:55;AL  ;Minor ;EUtraNetwork=1,ExternalENodeBFunction=2221-210526;Inter Node Carrier Aggregation Service Unavailable;Elastic RAN Carrier Aggregation is not available towards remote eNodeB.
2025-10-05;09:12:11;AL  ;Minor ;EUtraNetwork=1,ExternalENodeBFunction=2221-650242;Inter Node Carrier Aggregation Service Unavailable;Elastic RAN Carrier Aggregation is not available towards remote eNodeB.
2025-10-05;09:12:22;AL  ;Minor ;EUtraNetwork=1,ExternalENodeBFunction=2221-210527;Inter Node Carrier Aggregation Service Unavailable;Elastic RAN Carrier Aggregation is not available towards remote eNodeB.
2025-10-05;09:19:02;AL  ;Cleared;EUtraNetwork=1,ExternalENodeBFunction=2221-650029;Inter Node Carrier Aggregation Service Unavailable;Elastic RAN Carrier Aggregation is not available towards remote eNodeB.
2025-10-05;09:19:07;AL  ;Cleared;EUtraNetwork=1,ExternalENodeBFunction=2221-210526;Inter Node Carrier Aggregation Service Unavailable;Elastic RAN Carrier Aggregation is not available towards remote eNodeB.
2025-10-05;09:19:17;AL  ;Cleared;EUtraNetwork=1,ExternalENodeBFunction=2221-650031;Inter Node Carrier Aggregation Service Unavailable;Elastic RAN Carrier Aggregation is not available towards remote eNodeB.
2025-10-05;09:19:26;AL  ;Cleared;EUtraNetwork=1,ExternalENodeBFunction=2221-210527;Inter Node Carrier Aggregation Service Unavailable;Elastic RAN Carrier Aggregation is not available towards remote eNodeB.
2025-10-05;09:19:27;AL  ;Minor ;EUtraNetwork=1,ExternalENodeBFunction=2221-650666;Inter Node Carrier Aggregation Service Unavailable;Elastic RAN Carrier Aggregation is not available towards remote eNodeB.
2025-10-05;09:19:31;AL  ;Cleared;EUtraNetwork=1,ExternalENodeBFunction=2221-205985;Inter Node Carrier Aggregation Service Unavailable;Elastic RAN Carrier Aggregation is not available towards remote eNodeB.
2025-10-05;09:19:38;AL  ;Cleared;EUtraNetwork=1,ExternalENodeBFunction=2221-204910;Inter Node Carrier Aggregation Service Unavailable;Elastic RAN Carrier Aggregation is not available towards remote eNodeB.
2025-10-05;09:19:43;AL  ;Cleared;EUtraNetwork=1,ExternalENodeBFunction=2221-650242;Inter Node Carrier Aggregation Service Unavailable;Elastic RAN Carrier Aggregation is not available towards remote eNodeB.
2025-10-05;09:19:47;AL  ;Cleared;EUtraNetwork=1,ExternalENodeBFunction=2221-650028;Inter Node Carrier Aggregation Service Unavailable;Elastic RAN Carrier Aggregation is not available towards remote eNodeB.
2025-10-05;09:19:53;AL  ;Cleared;EUtraNetwork=1,ExternalENodeBFunction=2221-207905;Inter Node Carrier Aggregation Service Unavailable;Elastic RAN Carrier Aggregation is not available towards remote eNodeB.
2025-10-05;09:19:59;AL  ;Cleared;EUtraNetwork=1,ExternalENodeBFunction=2221-205061;Inter Node Carrier Aggregation Service Unavailable;Elastic RAN Carrier Aggregation is not available towards remote eNodeB.
2025-10-05;09:20:04;AL  ;Cleared;EUtraNetwork=1,ExternalENodeBFunction=2221-650036;Inter Node Carrier Aggregation Service Unavailable;Elastic RAN Carrier Aggregation is not available towards remote eNodeB.
2025-10-05;09:24:40;AL  ;Minor ;EUtraNetwork=1,ExternalENodeBFunction=2221-213541;Inter Node Carrier Aggregation Service Unavailable;Elastic RAN Carrier Aggregation is not available towards remote eNodeB.
2025-10-05;11:13:10;AL  ;Minor ;EUtraNetwork=1,ExternalENodeBFunction=2221-650033;Inter Node Carrier Aggregation Service Unavailable;Elastic RAN Carrier Aggregation is not available towards remote eNodeB.
2025-10-05;11:26:37;AL  ;Cleared;EUtraNetwork=1,ExternalENodeBFunction=2221-213541;Inter Node Carrier Aggregation Service Unavailable;Elastic RAN Carrier Aggregation is not available towards remote eNodeB.
2025-10-05;11:27:05;AL  ;Cleared;EUtraNetwork=1,ExternalENodeBFunction=2221-650033;Inter Node Carrier Aggregation Service Unavailable;Elastic RAN Carrier Aggregation is not available towards remote eNodeB.
2025-10-05;13:00:14;AL  ;Minor ;EUtraNetwork=1,ExternalENodeBFunction=2221-210526;Inter Node Carrier Aggregation Service Unavailable;Elastic RAN Carrier Aggregation is not available towards remote eNodeB.
2025-10-05;15:00:13;AL  ;Minor ;EUtraNetwork=1,ExternalENodeBFunction=2221-207124;Inter Node Carrier Aggregation Service Unavailable;Elastic RAN Carrier Aggregation is not available towards remote eNodeB.
2025-10-05;15:31:03;AL  ;Cleared;EUtraNetwork=1,ExternalENodeBFunction=2221-650149;Inter Node Feature Incompatibility;Elastic RAN feature is not activated in remote eNodeB. SUPPRESSED
2025-10-05;15:40:36;AL  ;Minor ;ENodeBFunction=1;External Link Failure;X2 link problem to one or several neighbouring eNodeBs. AI: PLMN ID-eNB ID 1 = 2221-650149
2025-10-05;15:49:00;AL  ;Cleared;ENodeBFunction=1;External Link Failure;X2 link problem to one or several neighbouring eNodeBs. AI: PLMN ID-eNB ID 1 = 2221-650149
2025-10-05;16:00:34;AL  ;Minor ;ENodeBFunction=1;External Link Failure;X2 link problem to one or several neighbouring eNodeBs. AI: PLMN ID-eNB ID 1 = 2221-650068
2025-10-05;16:06:15;AL  ;Minor ;ENodeBFunction=1;External Link to GNodeB Failure;X2 link problem to one or several neighbouring gNodeBs. AI: PLMN ID-gNB ID 1 = 2221-1054059
2025-10-05;16:08:26;AL  ;Minor ;ENodeBFunction=1;External Link Failure;X2 link problem to one or several neighbouring eNodeBs. AI: PLMN ID-eNB ID 1 = 2221-650068 PLMN ID-eNB ID 2 = 2221-650242
2025-10-05;16:11:50;AL  ;Minor ;ENodeBFunction=1;External Link Failure;X2 link problem to one or several neighbouring eNodeBs. AI: PLMN ID-eNB ID 1 = 2221-650242
2025-10-05;16:12:08;AL  ;Cleared;ENodeBFunction=1;External Link Failure;X2 link problem to one or several neighbouring eNodeBs. AI: PLMN ID-eNB ID 1 = 2221-650242
2025-10-05;16:13:45;AL  ;Minor ;ENodeBFunction=1;External Link to GNodeB Failure;X2 link problem to one or several neighbouring gNodeBs. AI: PLMN ID-gNB ID 1 = 2221-1054059 PLMN ID-gNB ID 2 = 2221-1056184
2025-10-05;16:18:06;AL  ;Cleared;ENodeBFunction=1;External Link to GNodeB Failure;X2 link problem to one or several neighbouring gNodeBs. AI: PLMN ID-gNB ID 1 = 2221-1054059 PLMN ID-gNB ID 2 = 2221-1056184
2025-10-05;17:05:24;AL  ;Minor ;ENodeBFunction=1;External Link to GNodeB Failure;X2 link problem to one or several neighbouring gNodeBs. AI: PLMN ID-gNB ID 1 = 2221-1054059
2025-10-05;17:06:41;AL  ;Cleared;ENodeBFunction=1;External Link to GNodeB Failure;X2 link problem to one or several neighbouring gNodeBs. AI: PLMN ID-gNB ID 1 = 2221-1054059
2025-10-05;17:19:41;AL  ;Minor ;EUtraNetwork=1,ExternalENodeBFunction=2221-213541;Inter Node Carrier Aggregation Service Unavailable;Elastic RAN Carrier Aggregation is not available towards remote eNodeB.
2025-10-05;22:51:29;AL  ;Minor ;EUtraNetwork=1,ExternalENodeBFunction=2221-650149;Inter Node Feature Incompatibility;Elastic RAN feature is not activated in remote eNodeB. SUPPRESSED
2025-10-06;11:18:11;AL  ;Cleared;EUtraNetwork=1,ExternalENodeBFunction=2221-213541;Inter Node Carrier Aggregation Service Unavailable;Elastic RAN Carrier Aggregation is not available towards remote eNodeB.
2025-10-06;11:23:28;AL  ;Minor ;EUtraNetwork=1,ExternalENodeBFunction=2221-213541;Inter Node Carrier Aggregation Service Unavailable;Elastic RAN Carrier Aggregation is not available towards remote eNodeB.
2025-10-06;14:00:13;AL  ;Minor ;EUtraNetwork=1,ExternalENodeBFunction=2221-206973;Inter Node Carrier Aggregation Service Unavailable;Elastic RAN Carrier Aggregation is not available towards remote eNodeB.
2025-10-06;14:00:14;AL  ;Minor ;EUtraNetwork=1,ExternalENodeBFunction=2221-210527;Inter Node Carrier Aggregation Service Unavailable;Elastic RAN Carrier Aggregation is not available towards remote eNodeB.
2025-10-07;06:00:13;AL  ;Minor ;EUtraNetwork=1,ExternalENodeBFunction=2221-207904;Inter Node Carrier Aggregation Service Unavailable;Elastic RAN Carrier Aggregation is not available towards remote eNodeB.
2025-10-07;06:01:27;AL  ;Minor ;EUtraNetwork=1,ExternalENodeBFunction=2221-650036;Inter Node Carrier Aggregation Service Unavailable;Elastic RAN Carrier Aggregation is not available towards remote eNodeB.
2025-10-07;06:01:33;AL  ;Minor ;EUtraNetwork=1,ExternalENodeBFunction=2221-204910;Inter Node Carrier Aggregation Service Unavailable;Elastic RAN Carrier Aggregation is not available towards remote eNodeB.
2025-10-07;06:46:36;AL  ;Minor ;EUtraNetwork=1,ExternalENodeBFunction=2221-205985;Inter Node Carrier Aggregation Service Unavailable;Elastic RAN Carrier Aggregation is not available towards remote eNodeB.


KS74E> lgec -m 30d

251007-11:42:20+0200 19.31.5.213 25.0h MSRBS_NODE_MODEL_25.Q1_198665.224.73_bf81 stopfile=/tmp/924793

Startdate=20250907.094220, Enddate=20251008.094220
Date;Time;Log;Severity;Object;Event;Cause;AdditionalText;AckState;Id;NotificationId;CorrelatedAlarms
Executing action Log.export()
..
Log=AlertLog                    actionId=30021
...
=================================================================================================================
MO                  actionId result      resultInfo
=================================================================================================================
LogM=1,Log=AlertLog 30021    1 (SUCCESS)           
cat  /ericsson/log/amos/moshell_logfiles/t20251007_37258710_53697/logs_moshell/tempfiles/scp-2-amos_20251007-114134_924687/rcslogs/AlertLog_20230607__083146.log > /ericsson/log/amos/moshell_logfiles/t20251007_37258710_53697/logs_moshell/tempfiles/scp-2-amos_20251007-114134_924687/eventLog924793.xml
2025-09-10;14:13:01;EV  ;Warning;EUtranCellFDD=KS74E1;Cell Service Unavailable Auto Recovery Initiated Alert;
2025-09-10;14:13:01;EV  ;Warning;EUtranCellFDD=KS74E3;Cell Service Unavailable Auto Recovery Initiated Alert;
2025-09-10;14:13:01;EV  ;Warning;EUtranCellFDD=KS74E2;Cell Service Unavailable Auto Recovery Initiated Alert;
2025-09-10;14:13:01;EV  ;Warning;EUtranCellFDD=KS74T3;Cell Service Unavailable Auto Recovery Initiated Alert;
2025-09-10;14:13:01;EV  ;Warning;EUtranCellFDD=KS74M3;Cell Service Unavailable Auto Recovery Initiated Alert;
2025-09-10;14:13:02;EV  ;Warning;EUtranCellFDD=KS74T1;Cell Service Unavailable Auto Recovery Initiated Alert;
2025-09-10;14:13:02;EV  ;Warning;EUtranCellFDD=KS74T2;Cell Service Unavailable Auto Recovery Initiated Alert;
2025-09-10;14:13:21;EV  ;Warning;RiLink=S210-1;Radio Interface Connectivity Disturbance Alert;Near end port:FieldReplaceableUnit=BB-1,RiPort=A (transportType=NOT_SET) (Mixed Mode with other ME). SUPPRESSED
2025-09-10;14:13:21;EV  ;Warning;RiLink=S211-1;Radio Interface Connectivity Disturbance Alert;Near end port:FieldReplaceableUnit=BB-1,RiPort=B (transportType=NOT_SET) (Mixed Mode with other ME). SUPPRESSED
2025-09-10;14:13:21;EV  ;Warning;RiLink=S212-1;Radio Interface Connectivity Disturbance Alert;Near end port:FieldReplaceableUnit=BB-1,RiPort=C (transportType=NOT_SET) (Mixed Mode with other ME). SUPPRESSED
2025-09-10;14:13:21;EV  ;Warning;RiLink=S100-1;Radio Interface Connectivity Disturbance Alert;Near end port:FieldReplaceableUnit=BB-1,RiPort=D (transportType=NOT_SET). SUPPRESSED
2025-09-10;14:13:21;EV  ;Warning;RiLink=S102-1;Radio Interface Connectivity Disturbance Alert;Near end port:FieldReplaceableUnit=BB-1,RiPort=E (transportType=NOT_SET). SUPPRESSED
2025-09-10;14:13:26;EV  ;Warning;EUtranCellFDD=KS74E2;Cell Service Available Auto Recovery Successful Alert;
2025-09-10;14:13:26;EV  ;Warning;EUtranCellFDD=KS74E3;Cell Service Available Auto Recovery Successful Alert;
2025-09-10;14:13:26;EV  ;Warning;EUtranCellFDD=KS74E1;Cell Service Available Auto Recovery Successful Alert;
2025-09-10;14:13:27;EV  ;Warning;EUtranCellFDD=KS74T3;Cell Service Available Auto Recovery Successful Alert;
2025-09-10;14:13:27;EV  ;Warning;EUtranCellFDD=KS74M3;Cell Service Available Auto Recovery Successful Alert;
2025-09-10;14:13:28;EV  ;Warning;EUtranCellFDD=KS74T1;Cell Service Available Auto Recovery Successful Alert;
2025-09-10;14:13:31;EV  ;Warning;EUtranCellFDD=KS74T2;Cell Service Available Auto Recovery Successful Alert;
2025-09-26;15:00:00;EV  ;Warning;EUtranCellFDD=KS74E3;Cell Service Unavailable Auto Recovery Initiated Alert;
2025-09-26;15:00:00;EV  ;Warning;EUtranCellFDD=KS74E2;Cell Service Unavailable Auto Recovery Initiated Alert;
2025-09-26;15:00:01;EV  ;Warning;EUtranCellFDD=KS74T3;Cell Service Unavailable Auto Recovery Initiated Alert;
2025-09-26;15:00:01;EV  ;Warning;EUtranCellFDD=KS74M3;Cell Service Unavailable Auto Recovery Initiated Alert;
2025-09-26;15:00:01;EV  ;Warning;EUtranCellFDD=KS74T1;Cell Service Unavailable Auto Recovery Initiated Alert;
2025-09-26;15:00:01;EV  ;Warning;EUtranCellFDD=KS74T2;Cell Service Unavailable Auto Recovery Initiated Alert;
2025-09-26;15:00:01;EV  ;Warning;EUtranCellFDD=KS74E1;Cell Service Unavailable Auto Recovery Initiated Alert;
2025-09-26;15:00:07;EV  ;Warning;RiLink=S210-1;Radio Interface Connectivity Disturbance Alert;Near end port:FieldReplaceableUnit=BB-1,RiPort=A (transportType=NOT_SET) (Mixed Mode with other ME). SUPPRESSED
2025-09-26;15:00:07;EV  ;Warning;RiLink=S211-1;Radio Interface Connectivity Disturbance Alert;Near end port:FieldReplaceableUnit=BB-1,RiPort=B (transportType=NOT_SET) (Mixed Mode with other ME). SUPPRESSED
2025-09-26;15:00:07;EV  ;Warning;RiLink=S212-1;Radio Interface Connectivity Disturbance Alert;Near end port:FieldReplaceableUnit=BB-1,RiPort=C (transportType=NOT_SET) (Mixed Mode with other ME). SUPPRESSED
2025-09-26;15:00:07;EV  ;Warning;RiLink=S100-1;Radio Interface Connectivity Disturbance Alert;Near end port:FieldReplaceableUnit=BB-1,RiPort=D (transportType=NOT_SET). SUPPRESSED
2025-09-26;15:00:07;EV  ;Warning;RiLink=S102-1;Radio Interface Connectivity Disturbance Alert;Near end port:FieldReplaceableUnit=BB-1,RiPort=E (transportType=NOT_SET). SUPPRESSED
2025-09-26;15:00:11;EV  ;Warning;EUtranCellFDD=KS74E2;Cell Service Available Auto Recovery Successful Alert;
2025-09-26;15:00:11;EV  ;Warning;EUtranCellFDD=KS74E3;Cell Service Available Auto Recovery Successful Alert;
2025-09-26;15:00:12;EV  ;Warning;EUtranCellFDD=KS74E1;Cell Service Available Auto Recovery Successful Alert;
2025-09-26;15:00:13;EV  ;Warning;EUtranCellFDD=KS74M3;Cell Service Available Auto Recovery Successful Alert;
2025-09-26;15:00:15;EV  ;Warning;EUtranCellFDD=KS74T3;Cell Service Available Auto Recovery Successful Alert;
2025-09-26;15:00:17;EV  ;Warning;EUtranCellFDD=KS74T2;Cell Service Available Auto Recovery Successful Alert;
2025-09-26;15:00:17;EV  ;Warning;EUtranCellFDD=KS74T1;Cell Service Available Auto Recovery Successful Alert;

Bye...
Output has been logged to file /mta_fs/UserFiles/37258710/amosbatch/2025-10-07_11-07-01_53697/KS74E.log
