Logging to file /mta_fs/UserFiles/37258710/amosbatch/2025-10-07_11-07-01_53697/KS91E.log
                        __  __  ____   _____
                  /\   |  \/  |/ __ \ / ____|
                 /  \  | \  / | |  | | (___  
                / /\ \ | |\/| | |  | |\___ \ 
               / ____ \| |  | | |__| |____) |
              /_/    \_\_|  |_|\____/|_____/
              OSS Framework for MoShell-25.0h 
  Copyright (c) Ericsson AB 2001-2025 - All Rights Reserved
              
           
[1;31mWARNING: [0mthe AMOS version currently running is more than 22 weeks old and is unsupported.
Please upgrade as soon as possible to the latest released version, available from your local Ericsson support.

$amosrb_pid = 1216895

Checking ip contact...OK

HELP MENU            : h
BASIC MO COMMANDS    : m
OTHER MO COMMANDS    : n
OTHER COMMANDS       : o
PM COMMANDS          : p
QUIT                 : q

KS91E> lt all

251007-12:17:46+0200 19.31.2.249 25.0h  stopfile=/tmp/1216699
Looking up temporary_amos account... OK.
Trying temporary_amos_t20251007_37258710_53697_313's password from amos lookupAccount ... OK

$ssh_pid = 1217562

Connected to 19.31.2.249 (SubNetwork=BBMM_rckomc_R,MeContext=KS91E,ManagedElement=KS91E)

Checking MOM version...MSRBS_NODE_MODEL_25.Q1_198665.224.73_bf81
Parsing MOM (cached): /ericsson/log/amos/moshell_logfiles/t20251007_37258710_53697/logs_moshell/tempfiles/scp-2-amos_20251007-121739_1216636/MSRBS_NODE_MODEL_25.Q1_198665.224.73_bf81.xml.cache.gz ......................................................................................................................................................................................................................Done.
Using paramfile /opt/ericsson/amos/moshell/commonjars/pm/PARAM_MSRBSG2_25.Q1.txt
Parsing file /opt/ericsson/amos/moshell/commonjars/pm/PARAM_MSRBSG2_25.Q1.txt ......................................................................................Done.
Using imomdfile /opt/ericsson/amos/moshell/commonjars/pm/IMOMD_MSRBS_22.Q4.txt
Using imomfile /opt/ericsson/amos/moshell/commonjars/pm/IMOM_MSRBS_25.Q1.txt
Connected to 19.31.2.249 (SubNetwork=BBMM_rckomc_R,MeContext=KS91E,ManagedElement=KS91E)

Last MO: 18952. Loaded 18952 MOs. Total: 18953 MOs.

KS91E> hget EUtranCellFDD ^cellid

251007-12:18:07+0200 19.31.2.249 25.0h MSRBS_NODE_MODEL_25.Q1_198665.224.73_bf81 stopfile=/tmp/1216699
.
=================================================================================================================
MO                   cellId
=================================================================================================================
EUtranCellFDD=KS91E1 61    
EUtranCellFDD=KS91E2 62    
EUtranCellFDD=KS91E3 63    
EUtranCellFDD=KS91E4 64    
EUtranCellFDD=KS91L1 21    
EUtranCellFDD=KS91L2 22    
EUtranCellFDD=KS91L3 23    
EUtranCellFDD=KS91L4 24    
=================================================================================================================
Total: 8 MOs

Added 8 MOs to group: hget_group

KS91E> hget NbIotCell ^cellid

251007-12:18:07+0200 19.31.2.249 25.0h MSRBS_NODE_MODEL_25.Q1_198665.224.73_bf81 stopfile=/tmp/1216699
.
=================================================================================================================
MO               cellId
=================================================================================================================
NbIotCell=KS91N1 161   
NbIotCell=KS91N2 162   
NbIotCell=KS91N3 163   
NbIotCell=KS91N4 164   
=================================================================================================================
Total: 4 MOs

Added 4 MOs to group: hget_group

KS91E> hget NRCellDU ^cellLocalId

251007-12:18:08+0200 19.31.2.249 25.0h MSRBS_NODE_MODEL_25.Q1_198665.224.73_bf81 stopfile=/tmp/1216699
Total: 0 MOs

KS91E> lgdc -m 30d

251007-12:18:08+0200 19.31.2.249 25.0h MSRBS_NODE_MODEL_25.Q1_198665.224.73_bf81 stopfile=/tmp/1216699

Startdate=20250907.101808, Enddate=20251008.101808
INFO: Using amos lookupAccount credentials for the export login

Executing action LogM.exportAvailabilityLog()
...LogM=1,exportAvailabilityLog    actionId=40751
......
=================================================================================================================
MO     actionId result      resultInfo
=================================================================================================================
LogM=1 40751    1 (SUCCESS)           
cp /ericsson/log/amos/moshell_logfiles/t20251007_37258710_53697/logs_moshell/tempfiles/scp-2-amos_20251007-121739_1216636/rcslogs/RBS_CS_AVAILABILITY_LOG_20251007101813.xml /ericsson/log/amos/moshell_logfiles/t20251007_37258710_53697/logs_moshell/tempfiles/scp-2-amos_20251007-121739_1216636/availabilityLog1216699.xml
Parsing availabilityLog........Done.
.....
Date;Time;RestartType;SwVersion;SwRelease;RCSDowntime;ApplicationDowntime;TNDowntime;RATsDowntime;ExtraInfo;ExtraInfo2
2025-09-08;02:43:36;PartialOutage(Manual);12% Lrat Cell 21; ();14s;;;;;
2025-09-08;02:43:57;PartialOutage(Manual);12% Lrat Cell 22; ();9s;;;;;
2025-09-08;02:44:14;PartialOutage(Manual);12% Lrat Cell 23; ();9s;;;;;
2025-09-08;02:44:30;PartialOutage(Manual);12% Lrat Cell 24; ();9s;;;;;
2025-09-08;02:44:45;PartialOutage(Manual);12% Lrat Cell 61; ();10s;;;;;
2025-09-08;02:44:58;PartialOutage(Manual);25% Lrat Cell 161 162; ();1s;;;;;
2025-09-08;02:44:59;PartialOutage(Manual);12% Lrat Cell 62; ();13s;;;;;
2025-09-08;02:45:15;PartialOutage(Manual);37% Lrat Cell 161 162 163; ();1s;;;;;
2025-09-08;02:45:16;PartialOutage(Manual);12% Lrat Cell 63; ();3s;;;;;
2025-09-08;02:45:19;PartialOutage(Manual);37% Lrat Cell 162 163; ();13s;;;;;
2025-09-08;02:45:33;PartialOutage(Manual);12% Lrat Cell 64; ();11s;;;;;
2025-09-08;02:45:48;PartialOutage(Manual);43% Lrat Cell 164; ();14s;;;;;
2025-09-09;15:26:19;PartialOutage(System);100% Lrat Cell 61 62 63 64 21 22 23 24; ();15s;;;;;
2025-09-09;15:26:34;PartialOutage(System);100% Lrat Cell 61 62 63 64; ();2s;;;;;
2025-09-09;15:26:36;PartialOutage(System);100% Lrat Cell 62 63 64; ();1s;;;;;
2025-09-09;15:26:37;PartialOutage(System);100% Lrat Cell 63; ();1s;;;;;
2025-09-09;15:26:39;PartialOutage(System);100% Lrat Cell 163; ();2s;;;;;
2025-09-26;13:17:48;SpontaneousCold(Other:PowerReset);CXP9024418/16_R8D21;CXP9024418/16_R8D21 (RCG123.3-3);19731s (5h28m);19980s (5h33m);19742s (5h29m);L=19980s ;Requested: RankCold Other PowerReset Performed: RankCold Other PowerReset;Lrat LRAT Traffic Control active, Lrat LRAT Traffic Control active
2025-09-26;18:50:48;PartialOutage(System);100% Lrat Cell 61 62 63 64 24;CXP9024418/16_R8D21 (RCG123.3-3);1s;;;;;
2025-09-26;18:50:49;PartialOutage(System);100% Lrat Cell 61 62 63 64;CXP9024418/16_R8D21 (RCG123.3-3);1s;;;;;
2025-09-26;18:50:59;PartialOutage(System);25% Lrat Cell 163;CXP9024418/16_R8D21 (RCG123.3-3);3s;;;;;
2025-09-26;18:51:02;PartialOutage(System);12% Lrat Cell 63;CXP9024418/16_R8D21 (RCG123.3-3);6s;;;;;
2025-09-26;18:51:50;PartialOutage(System);25% Lrat Cell 163;CXP9024418/16_R8D21 (RCG123.3-3);1s;;;;;
2025-09-26;18:51:51;PartialOutage(System);100% Lrat Cell 61 62 63 64 21 22 23 24;CXP9024418/16_R8D21 (RCG123.3-3);13s;;;;;
2025-09-26;18:52:04;PartialOutage(System);100% Lrat Cell 61 62 63 64;CXP9024418/16_R8D21 (RCG123.3-3);2s;;;;;
2025-09-26;18:52:06;PartialOutage(System);100% Lrat Cell 63;CXP9024418/16_R8D21 (RCG123.3-3);1s;;;;;
2025-09-26;18:52:07;PartialOutage(System);100% Lrat Cell 163;CXP9024418/16_R8D21 (RCG123.3-3);1s;;;;;
2025-10-06;19:48:01;PgmGrpRestart LRAT ProgramErrEscalated;;CXP9024418/16_R8D21 (RCG123.3-3);23s;;;;;
2025-10-06;19:48:24;PartialOutage(Manual);62% Lrat Cell 61 62 63 64 24;CXP9024418/16_R8D21 (RCG123.3-3);1s;;;;;
2025-10-06;19:48:25;PartialOutage(Manual);50% Lrat Cell 61 62 63 64;CXP9024418/16_R8D21 (RCG123.3-3);1s;;;;;
2025-10-06;19:48:26;PartialOutage(Manual);37% Lrat Cell 62 63 64;CXP9024418/16_R8D21 (RCG123.3-3);1s;;;;;
2025-10-06;19:48:27;PartialOutage(Manual);50% Lrat Cell 162 163;CXP9024418/16_R8D21 (RCG123.3-3);1s;;;;;
2025-10-06;19:48:29;PartialOutage(Manual);25% Lrat Cell 163;CXP9024418/16_R8D21 (RCG123.3-3);2s;;;;;

Node uptime since last restart: 919652 seconds (10 days, 15 hours, 27 minutes, 32 seconds)
------------------------------------------------------------------------------------------------------
Period=30 days       NodeUpgrade      NodeManual       NodeSpontaneous  AllNodeRestarts  PartialOutages  
------------------------------------------------------------------------------------------------------
Number Of outages    0                0                1                1                31              
Total downtime       0s               0s               19980s (5h33m)   19980s (5h33m)   163s (2m43s)    
Downtime per day     0s               0s               666s (11m6s)     666s (11m6s)     5s              
Downtime per outage  0s               0s               19980s (5h33m)   19980s (5h33m)   5s              

KS91E> lgac -m 30d

251007-12:18:20+0200 19.31.2.249 25.0h MSRBS_NODE_MODEL_25.Q1_198665.224.73_bf81 stopfile=/tmp/1216699

Startdate=20250907.101820, Enddate=20251008.101820
Date;Time;Log;Severity;Object;Event;Cause;AdditionalText;AckState;Id;NotificationId;CorrelatedAlarms
Executing action Log.export()
..
Log=AlarmLog                    actionId=40752
..........
=================================================================================================================
MO                  actionId result      resultInfo
=================================================================================================================
LogM=1,Log=AlarmLog 40752    1 (SUCCESS)           
cat  /ericsson/log/amos/moshell_logfiles/t20251007_37258710_53697/logs_moshell/tempfiles/scp-2-amos_20251007-121739_1216636/rcslogs/saLogAlarm_20250525__224601_20250618__110512.log /ericsson/log/amos/moshell_logfiles/t20251007_37258710_53697/logs_moshell/tempfiles/scp-2-amos_20251007-121739_1216636/rcslogs/saLogAlarm_20250618__110512_20250820__121414.log /ericsson/log/amos/moshell_logfiles/t20251007_37258710_53697/logs_moshell/tempfiles/scp-2-amos_20251007-121739_1216636/rcslogs/saLogAlarm_20250820__121414.log > /ericsson/log/amos/moshell_logfiles/t20251007_37258710_53697/logs_moshell/tempfiles/scp-2-amos_20251007-121739_1216636/alarmLog1216699.xml
2025-09-07;11:54:30;AL  ;Cleared;EUtraNetwork=1,ExternalENodeBFunction=2221-650657;Inter Node Carrier Aggregation Service Unavailable;Elastic RAN Carrier Aggregation is not available towards remote eNodeB.
2025-09-08;02:00:00;AL  ;Minor ;EUtraNetwork=1,ExternalENodeBFunction=2221-206154;Inter Node Feature Incompatibility;Inter eNodeB CA feature is not activated in remote eNodeB. SUPPRESSED
2025-09-08;02:30:59;AL  ;Minor ;EUtraNetwork=1,ExternalENodeBFunction=2221-206255;Inter Node Feature Incompatibility;Inter eNodeB CA feature is not activated in remote eNodeB. SUPPRESSED
2025-09-08;02:43:35;AL  ;Cleared;EUtraNetwork=1,ExternalENodeBFunction=2221-206255;Inter Node Feature Incompatibility;Inter eNodeB CA feature is not activated in remote eNodeB. SUPPRESSED
2025-09-08;02:43:35;AL  ;Minor ;EUtraNetwork=1,ExternalENodeBFunction=2221-212115;Inter Node Feature Incompatibility;Inter eNodeB CA feature is not activated in remote eNodeB. SUPPRESSED
2025-09-08;02:43:50;AL  ;Cleared;EUtraNetwork=1,ExternalENodeBFunction=2221-212115;Inter Node Feature Incompatibility;Inter eNodeB CA feature is not activated in remote eNodeB. SUPPRESSED
2025-09-08;02:43:50;AL  ;Minor ;EUtraNetwork=1,ExternalENodeBFunction=2221-650034;Inter Node Feature Incompatibility;Inter eNodeB CA feature is not activated in remote eNodeB. SUPPRESSED
2025-09-08;02:43:57;AL  ;Cleared;EUtraNetwork=1,ExternalENodeBFunction=2221-650034;Inter Node Feature Incompatibility;Inter eNodeB CA feature is not activated in remote eNodeB. SUPPRESSED
2025-09-08;02:45:15;AL  ;Cleared;NbIotCell=KS91N3;Service Degraded;This is a secondary alarm, use alarm correlation information in Additional Information to find primary alarm.
2025-09-08;02:45:15;AL  ;Cleared;EUtranCellFDD=KS91E3;Service Degraded;This is a secondary alarm, use alarm correlation information in Additional Information to find primary alarm.
2025-09-08;02:45:32;AL  ;Minor ;EUtranCellFDD=KS91E3;Service Degraded;This is a secondary alarm, use alarm correlation information in Additional Information to find primary alarm.
2025-09-08;02:45:48;AL  ;Minor ;NbIotCell=KS91N3;Service Degraded;This is a secondary alarm, use alarm correlation information in Additional Information to find primary alarm.
2025-09-08;06:01:34;AL  ;Cleared;EUtraNetwork=1,ExternalENodeBFunction=2221-206154;Inter Node Feature Incompatibility;Inter eNodeB CA feature is not activated in remote eNodeB. SUPPRESSED
2025-09-08;15:00:42;AL  ;Minor ;EUtraNetwork=1,ExternalENodeBFunction=2221-650657;Inter Node Carrier Aggregation Service Unavailable;Elastic RAN Carrier Aggregation is not available towards remote eNodeB.
2025-09-09;00:48:24;AL  ;Minor ;EUtraNetwork=1,ExternalENodeBFunction=2221-212115;Inter Node Feature Incompatibility;Inter eNodeB CA feature is not activated in remote eNodeB. SUPPRESSED
2025-09-09;00:56:58;AL  ;Cleared;EUtraNetwork=1,ExternalENodeBFunction=2221-212115;Inter Node Feature Incompatibility;Inter eNodeB CA feature is not activated in remote eNodeB. SUPPRESSED
2025-09-09;00:56:58;AL  ;Minor ;EUtraNetwork=1,ExternalENodeBFunction=2221-206255;Inter Node Feature Incompatibility;Inter eNodeB CA feature is not activated in remote eNodeB. SUPPRESSED
2025-09-09;02:44:52;AL  ;Cleared;EUtraNetwork=1,ExternalENodeBFunction=2221-206255;Inter Node Feature Incompatibility;Inter eNodeB CA feature is not activated in remote eNodeB. SUPPRESSED
2025-09-09;02:44:52;AL  ;Minor ;EUtraNetwork=1,ExternalENodeBFunction=2221-213265;Inter Node Feature Incompatibility;Inter eNodeB CA feature is not activated in remote eNodeB. SUPPRESSED
2025-09-09;02:49:59;AL  ;Cleared;EUtraNetwork=1,ExternalENodeBFunction=2221-213265;Inter Node Feature Incompatibility;Inter eNodeB CA feature is not activated in remote eNodeB. SUPPRESSED
2025-09-09;02:49:59;AL  ;Minor ;EUtraNetwork=1,ExternalENodeBFunction=2221-206255;Inter Node Feature Incompatibility;Inter eNodeB CA feature is not activated in remote eNodeB. SUPPRESSED
2025-09-09;04:41:31;AL  ;Minor ;EUtraNetwork=1,ExternalENodeBFunction=2221-650030;Inter Node Feature Incompatibility;Inter eNodeB CA feature is not activated in remote eNodeB. SUPPRESSED
2025-09-09;04:50:01;AL  ;Cleared;EUtraNetwork=1,ExternalENodeBFunction=2221-650030;Inter Node Feature Incompatibility;Inter eNodeB CA feature is not activated in remote eNodeB. SUPPRESSED
2025-09-09;05:19:00;AL  ;Cleared;EUtraNetwork=1,ExternalENodeBFunction=2221-206255;Inter Node Feature Incompatibility;Inter eNodeB CA feature is not activated in remote eNodeB. SUPPRESSED
2025-09-09;05:19:00;AL  ;Minor ;EUtraNetwork=1,ExternalENodeBFunction=2221-206154;Inter Node Feature Incompatibility;Inter eNodeB CA feature is not activated in remote eNodeB. SUPPRESSED
2025-09-09;05:50:01;AL  ;Cleared;EUtraNetwork=1,ExternalENodeBFunction=2221-206154;Inter Node Feature Incompatibility;Inter eNodeB CA feature is not activated in remote eNodeB. SUPPRESSED
2025-09-09;05:50:01;AL  ;Minor ;EUtraNetwork=1,ExternalENodeBFunction=2221-213265;Inter Node Feature Incompatibility;Inter eNodeB CA feature is not activated in remote eNodeB. SUPPRESSED
2025-09-09;05:51:01;AL  ;Cleared;EUtraNetwork=1,ExternalENodeBFunction=2221-213265;Inter Node Feature Incompatibility;Inter eNodeB CA feature is not activated in remote eNodeB. SUPPRESSED
2025-09-09;14:59:18;AL  ;Minor ;Synchronization=1,RadioEquipmentClock=1;Radio Clock Service in Time Holdover Mode;Time sync reference administratively locked or not configured
2025-09-09;15:21:15;AL  ;Cleared;Synchronization=1,RadioEquipmentClock=1;Radio Clock Service in Time Holdover Mode;Time sync reference administratively locked or not configured
2025-09-09;15:26:18;AL  ;Cleared;FieldReplaceableUnit=Radio-S3-1,RfPort=B;RF Reflected Power High;
2025-09-09;15:26:19;AL  ;Cleared;EUtranCellFDD=KS91E3;Service Degraded;This is a secondary alarm, use alarm correlation information in Additional Information to find primary alarm.
2025-09-09;15:26:19;AL  ;Major ;EUtranCellFDD=KS91E3;Service Unavailable;This is a secondary alarm, use alarm correlation information in Additional Information to find primary alarm.
2025-09-09;15:26:19;AL  ;Cleared;NbIotCell=KS91N3;Service Degraded;This is a secondary alarm, use alarm correlation information in Additional Information to find primary alarm.
2025-09-09;15:26:19;AL  ;Major ;NbIotCell=KS91N3;Service Unavailable;This is a secondary alarm, use alarm correlation information in Additional Information to find primary alarm.
2025-09-09;15:26:29;AL  ;Cleared;NbIotCell=KS91N3;Service Unavailable;This is a secondary alarm, use alarm correlation information in Additional Information to find primary alarm.
2025-09-09;15:26:29;AL  ;Cleared;EUtranCellFDD=KS91E3;Service Unavailable;This is a secondary alarm, use alarm correlation information in Additional Information to find primary alarm.
2025-09-09;15:26:31;AL  ;Minor ;FieldReplaceableUnit=Radio-S3-1,RfPort=B;RF Reflected Power High;
2025-09-09;15:26:34;AL  ;Minor ;EUtraNetwork=1,ExternalENodeBFunction=2221-213265;Inter Node Feature Incompatibility;Inter eNodeB CA feature is not activated in remote eNodeB. SUPPRESSED
2025-09-09;15:26:34;AL  ;Minor ;EUtraNetwork=1,ExternalENodeBFunction=2221-650657;Inter Node Feature Incompatibility;Inter eNodeB CA feature is not activated in remote eNodeB. SUPPRESSED
2025-09-09;15:26:34;AL  ;Minor ;EUtraNetwork=1,ExternalENodeBFunction=2221-650034;Inter Node Feature Incompatibility;Inter eNodeB CA feature is not activated in remote eNodeB. SUPPRESSED
2025-09-09;15:26:38;AL  ;Minor ;EUtranCellFDD=KS91E3;Service Degraded;This is a secondary alarm, use alarm correlation information in Additional Information to find primary alarm.
2025-09-09;15:26:41;AL  ;Minor ;NbIotCell=KS91N3;Service Degraded;This is a secondary alarm, use alarm correlation information in Additional Information to find primary alarm.
2025-09-09;15:35:08;AL  ;Cleared;EUtraNetwork=1,ExternalENodeBFunction=2221-213265;Inter Node Feature Incompatibility;Inter eNodeB CA feature is not activated in remote eNodeB. SUPPRESSED
2025-09-09;15:35:08;AL  ;Cleared;EUtraNetwork=1,ExternalENodeBFunction=2221-650034;Inter Node Feature Incompatibility;Inter eNodeB CA feature is not activated in remote eNodeB. SUPPRESSED
2025-09-09;15:35:08;AL  ;Cleared;EUtraNetwork=1,ExternalENodeBFunction=2221-650657;Inter Node Feature Incompatibility;Inter eNodeB CA feature is not activated in remote eNodeB. SUPPRESSED
2025-09-09;17:09:04;AL  ;Major ;Synchronization=1,RadioEquipmentClock=1,RadioEquipmentClockReference=PTP;Sync PTP Time Reliability Fault;Master clock class problem, Master clock accuracy problem
2025-09-09;17:11:06;AL  ;Minor ;Synchronization=1,RadioEquipmentClock=1;Radio Clock Service in Time Holdover Mode;Time sync reference failure
2025-09-09;17:14:29;AL  ;Cleared;Synchronization=1,RadioEquipmentClock=1;Radio Clock Service in Time Holdover Mode;Time sync reference failure
2025-09-09;17:15:28;AL  ;Cleared;Synchronization=1,RadioEquipmentClock=1,RadioEquipmentClockReference=PTP;Sync PTP Time Reliability Fault;Master clock accuracy problem
2025-09-09;18:43:15;AL  ;Major ;Synchronization=1,RadioEquipmentClock=1,RadioEquipmentClockReference=PTP;Sync PTP Time Reliability Fault;Master clock class problem, Master clock accuracy problem
2025-09-09;18:45:48;AL  ;Cleared;Synchronization=1,RadioEquipmentClock=1,RadioEquipmentClockReference=PTP;Sync PTP Time Reliability Fault;Master clock accuracy problem
2025-09-09;22:43:43;AL  ;Major ;Synchronization=1,RadioEquipmentClock=1,RadioEquipmentClockReference=PTP;Sync PTP Time Reliability Fault;Master clock class problem, Master clock accuracy problem
2025-09-09;22:45:45;AL  ;Minor ;Synchronization=1,RadioEquipmentClock=1;Radio Clock Service in Time Holdover Mode;Time sync reference failure
2025-09-09;22:51:54;AL  ;Cleared;Synchronization=1,RadioEquipmentClock=1;Radio Clock Service in Time Holdover Mode;Time sync reference failure
2025-09-09;22:52:53;AL  ;Cleared;Synchronization=1,RadioEquipmentClock=1,RadioEquipmentClockReference=PTP;Sync PTP Time Reliability Fault;Master clock accuracy problem
2025-09-10;00:23:15;AL  ;Major ;Synchronization=1,RadioEquipmentClock=1,RadioEquipmentClockReference=PTP;Sync PTP Time Reliability Fault;Master clock class problem, Master clock accuracy problem
2025-09-10;00:25:17;AL  ;Minor ;Synchronization=1,RadioEquipmentClock=1;Radio Clock Service in Time Holdover Mode;Time sync reference failure
2025-09-10;00:29:43;AL  ;Cleared;Synchronization=1,RadioEquipmentClock=1;Radio Clock Service in Time Holdover Mode;Time sync reference failure
2025-09-10;00:30:42;AL  ;Cleared;Synchronization=1,RadioEquipmentClock=1,RadioEquipmentClockReference=PTP;Sync PTP Time Reliability Fault;Master clock accuracy problem
2025-09-10;02:29:44;AL  ;Major ;Synchronization=1,RadioEquipmentClock=1,RadioEquipmentClockReference=PTP;Sync PTP Time Reliability Fault;Master clock class problem, Master clock accuracy problem
2025-09-10;02:31:46;AL  ;Minor ;Synchronization=1,RadioEquipmentClock=1;Radio Clock Service in Time Holdover Mode;Time sync reference failure
2025-09-10;02:37:16;AL  ;Cleared;Synchronization=1,RadioEquipmentClock=1;Radio Clock Service in Time Holdover Mode;Time sync reference failure
2025-09-10;02:38:15;AL  ;Cleared;Synchronization=1,RadioEquipmentClock=1,RadioEquipmentClockReference=PTP;Sync PTP Time Reliability Fault;Master clock accuracy problem
2025-09-10;03:12:30;AL  ;Major ;Synchronization=1,RadioEquipmentClock=1,RadioEquipmentClockReference=PTP;Sync PTP Time Reliability Fault;Master clock class problem, Master clock accuracy problem
2025-09-10;03:14:32;AL  ;Minor ;Synchronization=1,RadioEquipmentClock=1;Radio Clock Service in Time Holdover Mode;Time sync reference failure
2025-09-10;03:19:07;AL  ;Cleared;Synchronization=1,RadioEquipmentClock=1;Radio Clock Service in Time Holdover Mode;Time sync reference failure
2025-09-10;03:20:06;AL  ;Cleared;Synchronization=1,RadioEquipmentClock=1,RadioEquipmentClockReference=PTP;Sync PTP Time Reliability Fault;Master clock accuracy problem
2025-09-10;03:24:08;AL  ;Major ;Synchronization=1,RadioEquipmentClock=1,RadioEquipmentClockReference=PTP;Sync PTP Time Reliability Fault;Master clock class problem, Master clock accuracy problem
2025-09-10;03:26:10;AL  ;Minor ;Synchronization=1,RadioEquipmentClock=1;Radio Clock Service in Time Holdover Mode;Time sync reference failure
2025-09-10;03:54:08;AL  ;Cleared;Synchronization=1,RadioEquipmentClock=1;Radio Clock Service in Time Holdover Mode;Time sync reference failure
2025-09-10;03:55:07;AL  ;Cleared;Synchronization=1,RadioEquipmentClock=1,RadioEquipmentClockReference=PTP;Sync PTP Time Reliability Fault;Master clock accuracy problem
2025-09-10;06:03:22;AL  ;Major ;Synchronization=1,RadioEquipmentClock=1,RadioEquipmentClockReference=PTP;Sync PTP Time Reliability Fault;Master clock class problem, Master clock accuracy problem
2025-09-10;06:05:24;AL  ;Minor ;Synchronization=1,RadioEquipmentClock=1;Radio Clock Service in Time Holdover Mode;Time sync reference failure
2025-09-10;06:09:29;AL  ;Cleared;Synchronization=1,RadioEquipmentClock=1;Radio Clock Service in Time Holdover Mode;Time sync reference failure
2025-09-10;06:10:28;AL  ;Cleared;Synchronization=1,RadioEquipmentClock=1,RadioEquipmentClockReference=PTP;Sync PTP Time Reliability Fault;Master clock accuracy problem
2025-09-10;07:19:58;AL  ;Major ;Synchronization=1,RadioEquipmentClock=1,RadioEquipmentClockReference=PTP;Sync PTP Time Reliability Fault;Master clock class problem, Master clock accuracy problem
2025-09-10;07:22:00;AL  ;Minor ;Synchronization=1,RadioEquipmentClock=1;Radio Clock Service in Time Holdover Mode;Time sync reference failure
2025-09-10;07:32:11;AL  ;Cleared;Synchronization=1,RadioEquipmentClock=1;Radio Clock Service in Time Holdover Mode;Time sync reference failure
2025-09-10;07:33:10;AL  ;Cleared;Synchronization=1,RadioEquipmentClock=1,RadioEquipmentClockReference=PTP;Sync PTP Time Reliability Fault;Master clock accuracy problem
2025-09-10;07:55:44;AL  ;Minor ;ENodeBFunction=1;External Link Failure;X2 link problem to one or several neighbouring eNodeBs. AI: PLMN ID-eNB ID 1 = 2221-213660
2025-09-10;08:04:46;AL  ;Major ;Synchronization=1,RadioEquipmentClock=1,RadioEquipmentClockReference=PTP;Sync PTP Time Reliability Fault;Master clock class problem, Master clock accuracy problem
2025-09-10;08:06:48;AL  ;Minor ;Synchronization=1,RadioEquipmentClock=1;Radio Clock Service in Time Holdover Mode;Time sync reference failure
2025-09-10;08:13:32;AL  ;Cleared;Synchronization=1,RadioEquipmentClock=1;Radio Clock Service in Time Holdover Mode;Time sync reference failure
2025-09-10;08:14:31;AL  ;Cleared;Synchronization=1,RadioEquipmentClock=1,RadioEquipmentClockReference=PTP;Sync PTP Time Reliability Fault;Master clock accuracy problem
2025-09-10;08:18:34;AL  ;Major ;Synchronization=1,RadioEquipmentClock=1,RadioEquipmentClockReference=PTP;Sync PTP Time Reliability Fault;Master clock class problem, Master clock accuracy problem, Master time not traceable
2025-09-10;08:20:36;AL  ;Minor ;Synchronization=1,RadioEquipmentClock=1;Radio Clock Service in Time Holdover Mode;Time sync reference failure
2025-09-10;08:23:20;AL  ;Cleared;Synchronization=1,RadioEquipmentClock=1;Radio Clock Service in Time Holdover Mode;Time sync reference failure
2025-09-10;08:24:19;AL  ;Cleared;Synchronization=1,RadioEquipmentClock=1,RadioEquipmentClockReference=PTP;Sync PTP Time Reliability Fault;Master time not traceable
2025-09-10;09:13:39;AL  ;Cleared;ENodeBFunction=1;External Link Failure;X2 link problem to one or several neighbouring eNodeBs. AI: PLMN ID-eNB ID 1 = 2221-213660
2025-09-10;13:06:38;AL  ;Major ;Synchronization=1,RadioEquipmentClock=1,RadioEquipmentClockReference=PTP;Sync PTP Time Reliability Fault;Master clock class problem, Master clock accuracy problem
2025-09-10;13:08:40;AL  ;Minor ;Synchronization=1,RadioEquipmentClock=1;Radio Clock Service in Time Holdover Mode;Time sync reference failure
2025-09-10;13:15:14;AL  ;Cleared;Synchronization=1,RadioEquipmentClock=1;Radio Clock Service in Time Holdover Mode;Time sync reference failure
2025-09-10;13:16:13;AL  ;Cleared;Synchronization=1,RadioEquipmentClock=1,RadioEquipmentClockReference=PTP;Sync PTP Time Reliability Fault;Master clock accuracy problem
2025-09-10;13:17:28;AL  ;Major ;Synchronization=1,RadioEquipmentClock=1,RadioEquipmentClockReference=PTP;Sync PTP Time Reliability Fault;Master clock class problem, Master clock accuracy problem
2025-09-10;13:19:30;AL  ;Minor ;Synchronization=1,RadioEquipmentClock=1;Radio Clock Service in Time Holdover Mode;Time sync reference failure
2025-09-10;13:20:27;AL  ;Cleared;Synchronization=1,RadioEquipmentClock=1;Radio Clock Service in Time Holdover Mode;Time sync reference failure
2025-09-10;13:21:26;AL  ;Cleared;Synchronization=1,RadioEquipmentClock=1,RadioEquipmentClockReference=PTP;Sync PTP Time Reliability Fault;Master clock accuracy problem
2025-09-10;13:24:48;AL  ;Major ;Synchronization=1,RadioEquipmentClock=1,RadioEquipmentClockReference=PTP;Sync PTP Time Reliability Fault;Master clock class problem, Master clock accuracy problem
2025-09-10;13:26:50;AL  ;Minor ;Synchronization=1,RadioEquipmentClock=1;Radio Clock Service in Time Holdover Mode;Time sync reference failure
2025-09-10;13:32:10;AL  ;Cleared;Synchronization=1,RadioEquipmentClock=1;Radio Clock Service in Time Holdover Mode;Time sync reference failure
2025-09-10;13:33:09;AL  ;Cleared;Synchronization=1,RadioEquipmentClock=1,RadioEquipmentClockReference=PTP;Sync PTP Time Reliability Fault;Master clock accuracy problem
2025-09-11;00:01:03;AL  ;Minor ;ENodeBFunction=1;External Link Failure;X2 link problem to one or several neighbouring eNodeBs. AI: PLMN ID-eNB ID 1 = 2221-213186
2025-09-11;01:51:58;AL  ;Minor ;EUtraNetwork=1,ExternalENodeBFunction=2221-206154;Inter Node Feature Incompatibility;Inter eNodeB CA feature is not activated in remote eNodeB. SUPPRESSED
2025-09-11;03:26:32;AL  ;Cleared;EUtraNetwork=1,ExternalENodeBFunction=2221-206154;Inter Node Feature Incompatibility;Inter eNodeB CA feature is not activated in remote eNodeB. SUPPRESSED
2025-09-11;03:26:32;AL  ;Minor ;EUtraNetwork=1,ExternalENodeBFunction=2221-212115;Inter Node Feature Incompatibility;Inter eNodeB CA feature is not activated in remote eNodeB. SUPPRESSED
2025-09-11;03:39:59;AL  ;Cleared;EUtraNetwork=1,ExternalENodeBFunction=2221-212115;Inter Node Feature Incompatibility;Inter eNodeB CA feature is not activated in remote eNodeB. SUPPRESSED
2025-09-11;03:39:59;AL  ;Minor ;EUtraNetwork=1,ExternalENodeBFunction=2221-206154;Inter Node Feature Incompatibility;Inter eNodeB CA feature is not activated in remote eNodeB. SUPPRESSED
2025-09-11;05:30:01;AL  ;Cleared;EUtraNetwork=1,ExternalENodeBFunction=2221-206154;Inter Node Feature Incompatibility;Inter eNodeB CA feature is not activated in remote eNodeB. SUPPRESSED
2025-09-11;05:30:01;AL  ;Minor ;EUtraNetwork=1,ExternalENodeBFunction=2221-212115;Inter Node Feature Incompatibility;Inter eNodeB CA feature is not activated in remote eNodeB. SUPPRESSED
2025-09-11;05:30:57;AL  ;Cleared;EUtraNetwork=1,ExternalENodeBFunction=2221-212115;Inter Node Feature Incompatibility;Inter eNodeB CA feature is not activated in remote eNodeB. SUPPRESSED
2025-09-11;06:11:55;AL  ;Minor ;ENodeBFunction=1;External Link Failure;X2 link problem to one or several neighbouring eNodeBs. AI: PLMN ID-eNB ID 1 = 2221-213186 PLMN ID-eNB ID 2 = 2221-650217 PLMN ID-eNB ID 3 = 2221-206383
2025-09-11;06:16:11;AL  ;Minor ;ENodeBFunction=1;External Link Failure;X2 link problem to one or several neighbouring eNodeBs. AI: PLMN ID-eNB ID 1 = 2221-213186 PLMN ID-eNB ID 2 = 2221-650217 PLMN ID-eNB ID 3 = 2221-206383
2025-09-11;06:28:00;AL  ;Minor ;ENodeBFunction=1;External Link Failure;X2 link problem to one or several neighbouring eNodeBs. AI: PLMN ID-eNB ID 1 = 2221-213186 PLMN ID-eNB ID 2 = 2221-650217 PLMN ID-eNB ID 3 = 2221-206383 PLMN ID-eNB ID 4 = 2221-650497
2025-09-11;06:28:21;AL  ;Minor ;ENodeBFunction=1;External Link to GNodeB Failure;X2 link problem to one or several neighbouring gNodeBs. AI: PLMN ID-gNB ID 1 = 2221-1054059
2025-09-11;06:41:45;AL  ;Minor ;ENodeBFunction=1;External Link Failure;X2 link problem to one or several neighbouring eNodeBs. AI: PLMN ID-eNB ID 1 = 2221-213186 PLMN ID-eNB ID 2 = 2221-650217 PLMN ID-eNB ID 3 = 2221-206383 PLMN ID-eNB ID 4 = 2221-650497 PLMN ID-eNB ID 5 = 2221-650066 PLMN ID-eNB ID 6 = 2221-212115
2025-09-11;06:41:45;AL  ;Minor ;ENodeBFunction=1;External Link to GNodeB Failure;X2 link problem to one or several neighbouring gNodeBs. AI: PLMN ID-gNB ID 1 = 2221-1054059 PLMN ID-gNB ID 2 = 2221-1056184
2025-09-11;06:47:18;AL  ;Minor ;ENodeBFunction=1;External Link to GNodeB Failure;X2 link problem to one or several neighbouring gNodeBs. AI: PLMN ID-gNB ID 1 = 2221-1054059
2025-09-11;06:48:28;AL  ;Minor ;ENodeBFunction=1;External Link Failure;X2 link problem to one or several neighbouring eNodeBs. AI: PLMN ID-eNB ID 1 = 2221-213186 PLMN ID-eNB ID 2 = 2221-650217 PLMN ID-eNB ID 3 = 2221-206383 PLMN ID-eNB ID 4 = 2221-650497 PLMN ID-eNB ID 5 = 2221-650066 PLMN ID-eNB ID 6 = 2221-212115 PLMN ID-eNB ID 7 = 2221-650324 PLMN ID-eNB ID 8 = 2221-208897
2025-09-11;06:52:50;AL  ;Minor ;ENodeBFunction=1;External Link Failure;X2 link problem to one or several neighbouring eNodeBs. AI: PLMN ID-eNB ID 1 = 2221-213186 PLMN ID-eNB ID 2 = 2221-650217 PLMN ID-eNB ID 3 = 2221-206383 PLMN ID-eNB ID 4 = 2221-650497 PLMN ID-eNB ID 5 = 2221-650066 PLMN ID-eNB ID 6 = 2221-208897 PLMN ID-eNB ID 7 = 2221-650242 PLMN ID-eNB ID 8 = 2221-213265
2025-09-11;06:57:07;AL  ;Cleared;ENodeBFunction=1;External Link to GNodeB Failure;X2 link problem to one or several neighbouring gNodeBs. AI: PLMN ID-gNB ID 1 = 2221-1054059
2025-09-11;06:57:12;AL  ;Minor ;ENodeBFunction=1;External Link Failure;X2 link problem to one or several neighbouring eNodeBs. AI: PLMN ID-eNB ID 1 = 2221-213186 PLMN ID-eNB ID 2 = 2221-650217 PLMN ID-eNB ID 3 = 2221-206383 PLMN ID-eNB ID 4 = 2221-208897 PLMN ID-eNB ID 5 = 2221-650242 PLMN ID-eNB ID 6 = 2221-213265
2025-09-11;07:06:41;AL  ;Minor ;ENodeBFunction=1;External Link Failure;X2 link problem to one or several neighbouring eNodeBs. AI: PLMN ID-eNB ID 1 = 2221-650217 PLMN ID-eNB ID 2 = 2221-206383 PLMN ID-eNB ID 3 = 2221-208897 PLMN ID-eNB ID 4 = 2221-650242 PLMN ID-eNB ID 5 = 2221-213265
2025-09-11;07:42:40;AL  ;Minor ;ENodeBFunction=1;External Link Failure;X2 link problem to one or several neighbouring eNodeBs. AI: PLMN ID-eNB ID 1 = 2221-650217 PLMN ID-eNB ID 2 = 2221-208897 PLMN ID-eNB ID 3 = 2221-650242 PLMN ID-eNB ID 4 = 2221-213265
2025-09-11;07:46:05;AL  ;Minor ;ENodeBFunction=1;External Link Failure;X2 link problem to one or several neighbouring eNodeBs. AI: PLMN ID-eNB ID 1 = 2221-650242 PLMN ID-eNB ID 2 = 2221-213265
2025-09-11;11:09:29;AL  ;Cleared;ENodeBFunction=1;External Link Failure;X2 link problem to one or several neighbouring eNodeBs. AI: PLMN ID-eNB ID 1 = 2221-213265
2025-09-12;18:26:06;AL  ;Minor ;ENodeBFunction=1;External Link Failure;X2 link problem to one or several neighbouring eNodeBs. AI: PLMN ID-eNB ID 1 = 2221-207649
2025-09-12;18:26:56;AL  ;Cleared;ENodeBFunction=1;External Link Failure;X2 link problem to one or several neighbouring eNodeBs. AI: PLMN ID-eNB ID 1 = 2221-207649
2025-09-14;09:44:56;AL  ;Cleared;EUtraNetwork=1,ExternalENodeBFunction=2221-650657;Inter Node Carrier Aggregation Service Unavailable;Elastic RAN Carrier Aggregation is not available towards remote eNodeB.
2025-09-14;09:45:58;AL  ;Minor ;EUtraNetwork=1,ExternalENodeBFunction=2221-650657;Inter Node Carrier Aggregation Service Unavailable;Elastic RAN Carrier Aggregation is not available towards remote eNodeB.
2025-09-14;12:03:14;AL  ;Cleared;EUtraNetwork=1,ExternalENodeBFunction=2221-650657;Inter Node Carrier Aggregation Service Unavailable;Elastic RAN Carrier Aggregation is not available towards remote eNodeB.
2025-09-15;18:58:01;AL  ;Minor ;EUtraNetwork=1,ExternalENodeBFunction=2221-650657;Inter Node Carrier Aggregation Service Unavailable;Elastic RAN Carrier Aggregation is not available towards remote eNodeB.
2025-09-16;09:53:45;AL  ;Warning;ENodeBFunction=1;PLMN Service Redundancy Lost;S1 connection failure for PLMN connected with link represented by MO listed in Additional Information. AI: PLMN = ["2221"],DN1=ManagedElement=1,ENodeBFunction=1,TermPointToMme=5,
2025-09-16;09:56:15;AL  ;Cleared;ENodeBFunction=1;PLMN Service Redundancy Lost;S1 connection failure for PLMN connected with link represented by MO listed in Additional Information. AI: PLMN = ["2221"],DN1=ManagedElement=1,ENodeBFunction=1,TermPointToMme=5,
2025-09-16;10:03:02;AL  ;Warning;ENodeBFunction=1;PLMN Service Redundancy Lost;S1 connection failure for PLMN connected with link represented by MO listed in Additional Information. AI: PLMN = ["2221"],DN1=ManagedElement=1,ENodeBFunction=1,TermPointToMme=5,
2025-09-16;10:03:32;AL  ;Cleared;ENodeBFunction=1;PLMN Service Redundancy Lost;S1 connection failure for PLMN connected with link represented by MO listed in Additional Information. AI: PLMN = ["2221"],DN1=ManagedElement=1,ENodeBFunction=1,TermPointToMme=5,
2025-09-17;14:55:56;AL  ;Minor ;ENodeBFunction=1;External Link Failure;X2 link problem to one or several neighbouring eNodeBs. AI: PLMN ID-eNB ID 1 = 2221-650217 PLMN ID-eNB ID 2 = 2221-206383
2025-09-17;15:55:08;AL  ;Minor ;ENodeBFunction=1;External Link Failure;X2 link problem to one or several neighbouring eNodeBs. AI: PLMN ID-eNB ID 1 = 2221-650217
2025-09-17;15:55:35;AL  ;Cleared;ENodeBFunction=1;External Link Failure;X2 link problem to one or several neighbouring eNodeBs. AI: PLMN ID-eNB ID 1 = 2221-650217
2025-09-17;16:20:56;AL  ;Minor ;EUtraNetwork=1,ExternalENodeBFunction=2221-206154;Inter Node Feature Incompatibility;Inter eNodeB CA feature is not activated in remote eNodeB. SUPPRESSED
2025-09-17;16:26:36;AL  ;Cleared;EUtraNetwork=1,ExternalENodeBFunction=2221-206154;Inter Node Feature Incompatibility;Inter eNodeB CA feature is not activated in remote eNodeB. SUPPRESSED
2025-09-17;16:30:29;AL  ;Minor ;ENodeBFunction=1;External Link Failure;X2 link problem to one or several neighbouring eNodeBs. AI: PLMN ID-eNB ID 1 = 2221-650027 PLMN ID-eNB ID 2 = 2221-205969 PLMN ID-eNB ID 3 = 2221-650032
2025-09-17;17:04:41;AL  ;Cleared;ENodeBFunction=1;External Link Failure;X2 link problem to one or several neighbouring eNodeBs. AI: PLMN ID-eNB ID 1 = 2221-650027 PLMN ID-eNB ID 2 = 2221-205969 PLMN ID-eNB ID 3 = 2221-650032
2025-09-19;09:27:36;AL  ;Minor ;ENodeBFunction=1;External Link Failure;X2 link problem to one or several neighbouring eNodeBs. AI: PLMN ID-eNB ID 1 = 2221-206383
2025-09-19;09:47:01;AL  ;Minor ;ENodeBFunction=1;External Link Failure;X2 link problem to one or several neighbouring eNodeBs. AI: PLMN ID-eNB ID 1 = 2221-206383
2025-09-19;10:05:39;AL  ;Minor ;ENodeBFunction=1;External Link Failure;X2 link problem to one or several neighbouring eNodeBs. AI: PLMN ID-eNB ID 1 = 2221-206383 PLMN ID-eNB ID 2 = 2221-650217
2025-09-19;10:32:23;AL  ;Minor ;ENodeBFunction=1;External Link Failure;X2 link problem to one or several neighbouring eNodeBs. AI: PLMN ID-eNB ID 1 = 2221-650217
2025-09-19;10:32:42;AL  ;Cleared;ENodeBFunction=1;External Link Failure;X2 link problem to one or several neighbouring eNodeBs. AI: PLMN ID-eNB ID 1 = 2221-650217
2025-09-21;09:33:13;AL  ;Cleared;EUtraNetwork=1,ExternalENodeBFunction=2221-650657;Inter Node Carrier Aggregation Service Unavailable;Elastic RAN Carrier Aggregation is not available towards remote eNodeB.
2025-09-21;09:34:15;AL  ;Minor ;EUtraNetwork=1,ExternalENodeBFunction=2221-650657;Inter Node Carrier Aggregation Service Unavailable;Elastic RAN Carrier Aggregation is not available towards remote eNodeB.
2025-09-21;11:43:34;AL  ;Cleared;EUtraNetwork=1,ExternalENodeBFunction=2221-650657;Inter Node Carrier Aggregation Service Unavailable;Elastic RAN Carrier Aggregation is not available towards remote eNodeB.
2025-09-21;14:58:01;AL  ;Minor ;EUtraNetwork=1,ExternalENodeBFunction=2221-650657;Inter Node Carrier Aggregation Service Unavailable;Elastic RAN Carrier Aggregation is not available towards remote eNodeB.
2025-09-24;07:12:15;AL  ;Warning;ENodeBFunction=1;PLMN Service Redundancy Lost;S1 connection failure for PLMN connected with link represented by MO listed in Additional Information. AI: PLMN = ["2221"],DN1=ManagedElement=1,ENodeBFunction=1,TermPointToMme=3,
2025-09-24;07:12:46;AL  ;Cleared;ENodeBFunction=1;PLMN Service Redundancy Lost;S1 connection failure for PLMN connected with link represented by MO listed in Additional Information. AI: PLMN = ["2221"],DN1=ManagedElement=1,ENodeBFunction=1,TermPointToMme=3,
2025-09-25;06:57:41;AL  ;Minor ;ENodeBFunction=1;External Link Failure;X2 link problem to one or several neighbouring eNodeBs. AI: PLMN ID-eNB ID 1 = 2221-650759
2025-09-25;13:32:49;AL  ;Cleared;ENodeBFunction=1;External Link Failure;X2 link problem to one or several neighbouring eNodeBs. AI: PLMN ID-eNB ID 1 = 2221-650759
2025-09-26;08:36:43;AL  ;Warning;ENodeBFunction=1;PLMN Service Redundancy Lost;S1 connection failure for PLMN connected with link represented by MO listed in Additional Information. AI: PLMN = ["2221"],DN1=ManagedElement=1,ENodeBFunction=1,TermPointToMme=2,
2025-09-26;08:37:13;AL  ;Cleared;ENodeBFunction=1;PLMN Service Redundancy Lost;S1 connection failure for PLMN connected with link represented by MO listed in Additional Information. AI: PLMN = ["2221"],DN1=ManagedElement=1,ENodeBFunction=1,TermPointToMme=2,
2025-09-26;13:18:16;AL  ;Minor ;EthernetPort=ERAN;Ethernet Link Failure;Connected to physical port TnPort=IDL_A1
2025-09-26;13:18:16;AL  ;Minor ;EthernetPort=TN_A;Ethernet Link Failure;Connected to physical port TnPort=TN_A
2025-09-26;13:18:49;AL  ;Cleared;EthernetPort=ERAN;Ethernet Link Failure;Connected to physical port TnPort=IDL_A1
2025-09-26;13:18:50;AL  ;Cleared;EthernetPort=TN_A;Ethernet Link Failure;Connected to physical port TnPort=TN_A
2025-09-26;18:48:36;AL  ;Major ;Synchronization=1,RadioEquipmentClock=1,RadioEquipmentClockReference=PTP;Sync PTP Time Reliability Fault;Master clock class problem, Master clock accuracy problem
2025-09-26;18:50:48;AL  ;Minor ;ENodeBFunction=1;Sync Time and Phase Accuracy Too Low;Time and phase sync accuracy crossed the threshold for features interworking with NR.
2025-09-26;18:50:48;AL  ;Minor ;EUtranCellFDD=KS91L1;Service Degraded;This is a secondary alarm, use alarm correlation information in Additional Information to find primary alarm.
2025-09-26;18:50:48;AL  ;Minor ;EUtraNetwork=1,ExternalENodeBFunction=2221-650657;Inter Node Feature Incompatibility;Inter eNodeB CA feature is not activated in remote eNodeB. SUPPRESSED
2025-09-26;18:50:48;AL  ;Minor ;EUtranCellFDD=KS91L2;Service Degraded;This is a secondary alarm, use alarm correlation information in Additional Information to find primary alarm.
2025-09-26;18:50:49;AL  ;Minor ;EUtranCellFDD=KS91L3;Service Degraded;This is a secondary alarm, use alarm correlation information in Additional Information to find primary alarm.
2025-09-26;18:50:49;AL  ;Minor ;EUtranCellFDD=KS91L4;Service Degraded;This is a secondary alarm, use alarm correlation information in Additional Information to find primary alarm.
2025-09-26;18:50:50;AL  ;Minor ;EUtranCellFDD=KS91E3;Service Degraded;This is a secondary alarm, use alarm correlation information in Additional Information to find primary alarm.
2025-09-26;18:50:50;AL  ;Minor ;EUtranCellFDD=KS91E4;Service Degraded;This is a secondary alarm, use alarm correlation information in Additional Information to find primary alarm.
2025-09-26;18:50:50;AL  ;Minor ;EUtranCellFDD=KS91E2;Service Degraded;This is a secondary alarm, use alarm correlation information in Additional Information to find primary alarm.
2025-09-26;18:50:50;AL  ;Minor ;EUtranCellFDD=KS91E1;Service Degraded;This is a secondary alarm, use alarm correlation information in Additional Information to find primary alarm.
2025-09-26;18:50:50;AL  ;Minor ;EUtraNetwork=1,ExternalENodeBFunction=2221-650201;Inter Node Feature Incompatibility;Inter eNodeB CA feature is not activated in remote eNodeB. SUPPRESSED
2025-09-26;18:50:52;AL  ;Minor ;EUtraNetwork=1,ExternalENodeBFunction=2221-650657;Inter Node Carrier Aggregation Service Unavailable;Elastic RAN Carrier Aggregation is not available towards remote eNodeB.
2025-09-26;18:50:58;AL  ;Cleared;EUtraNetwork=1,ExternalENodeBFunction=2221-650201;Inter Node Feature Incompatibility;Inter eNodeB CA feature is not activated in remote eNodeB. SUPPRESSED
2025-09-26;18:50:58;AL  ;Cleared;EUtraNetwork=1,ExternalENodeBFunction=2221-650657;Inter Node Feature Incompatibility;Inter eNodeB CA feature is not activated in remote eNodeB. SUPPRESSED
2025-09-26;18:50:58;AL  ;Minor ;EUtraNetwork=1,ExternalENodeBFunction=2221-206154;Inter Node Feature Incompatibility;Inter eNodeB CA feature is not activated in remote eNodeB. SUPPRESSED
2025-09-26;18:51:02;AL  ;Cleared;EUtranCellFDD=KS91E3;Service Degraded;This is a secondary alarm, use alarm correlation information in Additional Information to find primary alarm.
2025-09-26;18:51:07;AL  ;Minor ;FieldReplaceableUnit=Radio-S3-1,RfPort=B;RF Reflected Power High;
2025-09-26;18:51:08;AL  ;Minor ;EUtranCellFDD=KS91E3;Service Degraded;This is a secondary alarm, use alarm correlation information in Additional Information to find primary alarm.
2025-09-26;18:51:09;AL  ;Cleared;EUtraNetwork=1,ExternalENodeBFunction=2221-206154;Inter Node Feature Incompatibility;Inter eNodeB CA feature is not activated in remote eNodeB. SUPPRESSED
2025-09-26;18:51:09;AL  ;Minor ;EUtraNetwork=1,ExternalENodeBFunction=2221-213265;Inter Node Feature Incompatibility;Inter eNodeB CA feature is not activated in remote eNodeB. SUPPRESSED
2025-09-26;18:51:09;AL  ;Minor ;EUtraNetwork=1,ExternalENodeBFunction=2221-650217;Inter Node Feature Incompatibility;Inter eNodeB CA feature is not activated in remote eNodeB. SUPPRESSED
2025-09-26;18:51:11;AL  ;Minor ;NbIotCell=KS91N3;Service Degraded;This is a secondary alarm, use alarm correlation information in Additional Information to find primary alarm.
2025-09-26;18:51:16;AL  ;Cleared;EUtraNetwork=1,ExternalENodeBFunction=2221-213265;Inter Node Feature Incompatibility;Inter eNodeB CA feature is not activated in remote eNodeB. SUPPRESSED
2025-09-26;18:51:16;AL  ;Cleared;EUtraNetwork=1,ExternalENodeBFunction=2221-650217;Inter Node Feature Incompatibility;Inter eNodeB CA feature is not activated in remote eNodeB. SUPPRESSED
2025-09-26;18:51:16;AL  ;Minor ;EUtraNetwork=1,ExternalENodeBFunction=2221-206154;Inter Node Feature Incompatibility;Inter eNodeB CA feature is not activated in remote eNodeB. SUPPRESSED
2025-09-26;18:51:51;AL  ;Cleared;ENodeBFunction=1;Sync Time and Phase Accuracy Too Low;Time and phase sync accuracy crossed the threshold for features interworking with NR.
2025-09-26;18:51:51;AL  ;Cleared;EUtranCellFDD=KS91L1;Service Degraded;This is a secondary alarm, use alarm correlation information in Additional Information to find primary alarm.
2025-09-26;18:51:51;AL  ;Cleared;EUtranCellFDD=KS91L2;Service Degraded;This is a secondary alarm, use alarm correlation information in Additional Information to find primary alarm.
2025-09-26;18:51:51;AL  ;Cleared;EUtranCellFDD=KS91L3;Service Degraded;This is a secondary alarm, use alarm correlation information in Additional Information to find primary alarm.
2025-09-26;18:51:51;AL  ;Cleared;EUtranCellFDD=KS91L4;Service Degraded;This is a secondary alarm, use alarm correlation information in Additional Information to find primary alarm.
2025-09-26;18:51:50;AL  ;Cleared;EUtranCellFDD=KS91E3;Service Degraded;This is a secondary alarm, use alarm correlation information in Additional Information to find primary alarm.
2025-09-26;18:51:51;AL  ;Cleared;EUtranCellFDD=KS91E4;Service Degraded;This is a secondary alarm, use alarm correlation information in Additional Information to find primary alarm.
2025-09-26;18:51:51;AL  ;Cleared;EUtranCellFDD=KS91E2;Service Degraded;This is a secondary alarm, use alarm correlation information in Additional Information to find primary alarm.
2025-09-26;18:51:51;AL  ;Cleared;EUtranCellFDD=KS91E1;Service Degraded;This is a secondary alarm, use alarm correlation information in Additional Information to find primary alarm.
2025-09-26;18:51:50;AL  ;Cleared;FieldReplaceableUnit=Radio-S3-1,RfPort=B;RF Reflected Power High;
2025-09-26;18:51:50;AL  ;Major ;EUtranCellFDD=KS91E3;Service Unavailable;This is a secondary alarm, use alarm correlation information in Additional Information to find primary alarm.
2025-09-26;18:51:51;AL  ;Cleared;NbIotCell=KS91N3;Service Degraded;This is a secondary alarm, use alarm correlation information in Additional Information to find primary alarm.
2025-09-26;18:51:51;AL  ;Major ;NbIotCell=KS91N3;Service Unavailable;This is a secondary alarm, use alarm correlation information in Additional Information to find primary alarm.
2025-09-26;18:51:51;AL  ;Cleared;EUtraNetwork=1,ExternalENodeBFunction=2221-206154;Inter Node Feature Incompatibility;Inter eNodeB CA feature is not activated in remote eNodeB. SUPPRESSED
2025-09-26;18:51:51;AL  ;Minor ;EUtraNetwork=1,ExternalENodeBFunction=2221-650388;Inter Node Feature Incompatibility;Inter eNodeB CA feature is not activated in remote eNodeB. SUPPRESSED
2025-09-26;18:52:01;AL  ;Cleared;NbIotCell=KS91N3;Service Unavailable;This is a secondary alarm, use alarm correlation information in Additional Information to find primary alarm.
2025-09-26;18:52:01;AL  ;Cleared;EUtranCellFDD=KS91E3;Service Unavailable;This is a secondary alarm, use alarm correlation information in Additional Information to find primary alarm.
2025-09-26;18:52:04;AL  ;Minor ;EUtraNetwork=1,ExternalENodeBFunction=2221-213265;Inter Node Feature Incompatibility;Inter eNodeB CA feature is not activated in remote eNodeB. SUPPRESSED
2025-09-26;18:52:04;AL  ;Minor ;EUtraNetwork=1,ExternalENodeBFunction=2221-650657;Inter Node Feature Incompatibility;Inter eNodeB CA feature is not activated in remote eNodeB. SUPPRESSED
2025-09-26;18:52:06;AL  ;Cleared;EUtraNetwork=1,ExternalENodeBFunction=2221-650388;Inter Node Feature Incompatibility;Inter eNodeB CA feature is not activated in remote eNodeB. SUPPRESSED
2025-09-26;18:52:12;AL  ;Minor ;FieldReplaceableUnit=Radio-S3-1,RfPort=B;RF Reflected Power High;
2025-09-26;18:52:13;AL  ;Minor ;EUtranCellFDD=KS91E3;Service Degraded;This is a secondary alarm, use alarm correlation information in Additional Information to find primary alarm.
2025-09-26;18:52:44;AL  ;Cleared;Synchronization=1,RadioEquipmentClock=1,RadioEquipmentClockReference=PTP;Sync PTP Time Reliability Fault;Master time not traceable
2025-09-26;19:00:04;AL  ;Cleared;EUtraNetwork=1,ExternalENodeBFunction=2221-213265;Inter Node Feature Incompatibility;Inter eNodeB CA feature is not activated in remote eNodeB. SUPPRESSED
2025-09-26;19:00:04;AL  ;Cleared;EUtraNetwork=1,ExternalENodeBFunction=2221-650657;Inter Node Feature Incompatibility;Inter eNodeB CA feature is not activated in remote eNodeB. SUPPRESSED
2025-09-26;19:00:04;AL  ;Minor ;EUtraNetwork=1,ExternalENodeBFunction=2221-206154;Inter Node Feature Incompatibility;Inter eNodeB CA feature is not activated in remote eNodeB. SUPPRESSED
2025-09-26;19:00:04;AL  ;Minor ;EUtraNetwork=1,ExternalENodeBFunction=2221-206255;Inter Node Feature Incompatibility;Inter eNodeB CA feature is not activated in remote eNodeB. SUPPRESSED
2025-09-26;19:00:34;AL  ;Cleared;EUtraNetwork=1,ExternalENodeBFunction=2221-206154;Inter Node Feature Incompatibility;Inter eNodeB CA feature is not activated in remote eNodeB. SUPPRESSED
2025-09-26;19:00:34;AL  ;Cleared;EUtraNetwork=1,ExternalENodeBFunction=2221-206255;Inter Node Feature Incompatibility;Inter eNodeB CA feature is not activated in remote eNodeB. SUPPRESSED
2025-09-26;19:00:34;AL  ;Minor ;EUtraNetwork=1,ExternalENodeBFunction=2221-206383;Inter Node Feature Incompatibility;Inter eNodeB CA feature is not activated in remote eNodeB. SUPPRESSED
2025-09-26;19:00:59;AL  ;Cleared;EUtraNetwork=1,ExternalENodeBFunction=2221-206383;Inter Node Feature Incompatibility;Inter eNodeB CA feature is not activated in remote eNodeB. SUPPRESSED
2025-09-26;19:01:29;AL  ;Minor ;EUtraNetwork=1,ExternalENodeBFunction=2221-650217;Inter Node Feature Incompatibility;Inter eNodeB CA feature is not activated in remote eNodeB. SUPPRESSED
2025-09-26;19:06:58;AL  ;Cleared;EUtraNetwork=1,ExternalENodeBFunction=2221-650217;Inter Node Feature Incompatibility;Inter eNodeB CA feature is not activated in remote eNodeB. SUPPRESSED
2025-09-26;19:06:59;AL  ;Minor ;EUtraNetwork=1,ExternalENodeBFunction=2221-206154;Inter Node Feature Incompatibility;Inter eNodeB CA feature is not activated in remote eNodeB. SUPPRESSED
2025-09-26;19:07:34;AL  ;Cleared;EUtraNetwork=1,ExternalENodeBFunction=2221-206154;Inter Node Feature Incompatibility;Inter eNodeB CA feature is not activated in remote eNodeB. SUPPRESSED
2025-09-26;19:36:32;AL  ;Minor ;EUtraNetwork=1,ExternalENodeBFunction=2221-206383;Inter Node Feature Incompatibility;Inter eNodeB CA feature is not activated in remote eNodeB. SUPPRESSED
2025-09-26;19:37:26;AL  ;Minor ;EUtraNetwork=1,ExternalENodeBFunction=2221-650217;Inter Node Feature Incompatibility;Inter eNodeB CA feature is not activated in remote eNodeB. SUPPRESSED
2025-09-26;19:40:59;AL  ;Cleared;EUtraNetwork=1,ExternalENodeBFunction=2221-206383;Inter Node Feature Incompatibility;Inter eNodeB CA feature is not activated in remote eNodeB. SUPPRESSED
2025-09-26;19:40:59;AL  ;Cleared;EUtraNetwork=1,ExternalENodeBFunction=2221-650217;Inter Node Feature Incompatibility;Inter eNodeB CA feature is not activated in remote eNodeB. SUPPRESSED
2025-09-26;19:47:02;AL  ;Minor ;EUtraNetwork=1,ExternalENodeBFunction=2221-208332;Inter Node Feature Incompatibility;Inter eNodeB CA feature is not activated in remote eNodeB. SUPPRESSED
2025-09-26;19:47:14;AL  ;Cleared;EUtraNetwork=1,ExternalENodeBFunction=2221-208332;Inter Node Feature Incompatibility;Inter eNodeB CA feature is not activated in remote eNodeB. SUPPRESSED
2025-09-26;19:47:44;AL  ;Minor ;EUtraNetwork=1,ExternalENodeBFunction=2221-206383;Inter Node Feature Incompatibility;Inter eNodeB CA feature is not activated in remote eNodeB. SUPPRESSED
2025-09-26;19:48:39;AL  ;Minor ;EUtraNetwork=1,ExternalENodeBFunction=2221-650217;Inter Node Feature Incompatibility;Inter eNodeB CA feature is not activated in remote eNodeB. SUPPRESSED
2025-09-26;19:48:59;AL  ;Cleared;EUtraNetwork=1,ExternalENodeBFunction=2221-206383;Inter Node Feature Incompatibility;Inter eNodeB CA feature is not activated in remote eNodeB. SUPPRESSED
2025-09-26;19:48:59;AL  ;Cleared;EUtraNetwork=1,ExternalENodeBFunction=2221-650217;Inter Node Feature Incompatibility;Inter eNodeB CA feature is not activated in remote eNodeB. SUPPRESSED
2025-09-26;19:50:04;AL  ;Minor ;EUtraNetwork=1,ExternalENodeBFunction=2221-206383;Inter Node Feature Incompatibility;Inter eNodeB CA feature is not activated in remote eNodeB. SUPPRESSED
2025-09-26;19:50:59;AL  ;Cleared;EUtraNetwork=1,ExternalENodeBFunction=2221-206383;Inter Node Feature Incompatibility;Inter eNodeB CA feature is not activated in remote eNodeB. SUPPRESSED
2025-09-26;19:50:59;AL  ;Minor ;EUtraNetwork=1,ExternalENodeBFunction=2221-650217;Inter Node Feature Incompatibility;Inter eNodeB CA feature is not activated in remote eNodeB. SUPPRESSED
2025-09-26;19:52:59;AL  ;Cleared;EUtraNetwork=1,ExternalENodeBFunction=2221-650217;Inter Node Feature Incompatibility;Inter eNodeB CA feature is not activated in remote eNodeB. SUPPRESSED
2025-09-26;23:07:26;AL  ;Minor ;EUtraNetwork=1,ExternalENodeBFunction=2221-206255;Inter Node Feature Incompatibility;Inter eNodeB CA feature is not activated in remote eNodeB. SUPPRESSED
2025-09-26;23:26:04;AL  ;Cleared;EUtraNetwork=1,ExternalENodeBFunction=2221-206255;Inter Node Feature Incompatibility;Inter eNodeB CA feature is not activated in remote eNodeB. SUPPRESSED
2025-09-27;00:17:59;AL  ;Minor ;EUtraNetwork=1,ExternalENodeBFunction=2221-206255;Inter Node Feature Incompatibility;Inter eNodeB CA feature is not activated in remote eNodeB. SUPPRESSED
2025-09-27;00:26:59;AL  ;Minor ;EUtraNetwork=1,ExternalENodeBFunction=2221-208332;Inter Node Feature Incompatibility;Inter eNodeB CA feature is not activated in remote eNodeB. SUPPRESSED
2025-09-27;05:46:00;AL  ;Cleared;EUtraNetwork=1,ExternalENodeBFunction=2221-208332;Inter Node Feature Incompatibility;Inter eNodeB CA feature is not activated in remote eNodeB. SUPPRESSED
2025-09-27;05:46:00;AL  ;Minor ;EUtraNetwork=1,ExternalENodeBFunction=2221-206383;Inter Node Feature Incompatibility;Inter eNodeB CA feature is not activated in remote eNodeB. SUPPRESSED
2025-09-27;05:54:00;AL  ;Cleared;EUtraNetwork=1,ExternalENodeBFunction=2221-206383;Inter Node Feature Incompatibility;Inter eNodeB CA feature is not activated in remote eNodeB. SUPPRESSED
2025-09-27;05:54:00;AL  ;Minor ;EUtraNetwork=1,ExternalENodeBFunction=2221-206154;Inter Node Feature Incompatibility;Inter eNodeB CA feature is not activated in remote eNodeB. SUPPRESSED
2025-09-27;05:54:54;AL  ;Minor ;EUtraNetwork=1,ExternalENodeBFunction=2221-206383;Inter Node Feature Incompatibility;Inter eNodeB CA feature is not activated in remote eNodeB. SUPPRESSED
2025-09-27;05:55:12;AL  ;Cleared;EUtraNetwork=1,ExternalENodeBFunction=2221-206383;Inter Node Feature Incompatibility;Inter eNodeB CA feature is not activated in remote eNodeB. SUPPRESSED
2025-09-27;06:01:05;AL  ;Minor ;EUtraNetwork=1,ExternalENodeBFunction=2221-206154;Inter Node Feature Incompatibility;Inter eNodeB CA feature is not activated in remote eNodeB. SUPPRESSED
2025-09-27;06:01:04;AL  ;Cleared;EUtraNetwork=1,ExternalENodeBFunction=2221-206255;Inter Node Feature Incompatibility;Inter eNodeB CA feature is not activated in remote eNodeB. SUPPRESSED
2025-09-27;06:01:05;AL  ;Cleared;EUtraNetwork=1,ExternalENodeBFunction=2221-206154;Inter Node Feature Incompatibility;Inter eNodeB CA feature is not activated in remote eNodeB. SUPPRESSED
2025-09-28;09:33:54;AL  ;Cleared;EUtraNetwork=1,ExternalENodeBFunction=2221-650657;Inter Node Carrier Aggregation Service Unavailable;Elastic RAN Carrier Aggregation is not available towards remote eNodeB.
2025-09-28;09:34:56;AL  ;Minor ;EUtraNetwork=1,ExternalENodeBFunction=2221-650657;Inter Node Carrier Aggregation Service Unavailable;Elastic RAN Carrier Aggregation is not available towards remote eNodeB.
2025-09-28;11:42:06;AL  ;Cleared;EUtraNetwork=1,ExternalENodeBFunction=2221-650657;Inter Node Carrier Aggregation Service Unavailable;Elastic RAN Carrier Aggregation is not available towards remote eNodeB.
2025-09-28;23:26:00;AL  ;Minor ;EUtraNetwork=1,ExternalENodeBFunction=2221-650388;Inter Node Feature Incompatibility;Inter eNodeB CA feature is not activated in remote eNodeB. SUPPRESSED
2025-09-28;23:26:05;AL  ;Cleared;EUtraNetwork=1,ExternalENodeBFunction=2221-650388;Inter Node Feature Incompatibility;Inter eNodeB CA feature is not activated in remote eNodeB. SUPPRESSED
2025-09-28;23:26:05;AL  ;Minor ;EUtraNetwork=1,ExternalENodeBFunction=2221-206154;Inter Node Feature Incompatibility;Inter eNodeB CA feature is not activated in remote eNodeB. SUPPRESSED
2025-09-29;00:56:59;AL  ;Minor ;EUtraNetwork=1,ExternalENodeBFunction=2221-206255;Inter Node Feature Incompatibility;Inter eNodeB CA feature is not activated in remote eNodeB. SUPPRESSED
2025-09-29;04:52:06;AL  ;Cleared;EUtraNetwork=1,ExternalENodeBFunction=2221-206255;Inter Node Feature Incompatibility;Inter eNodeB CA feature is not activated in remote eNodeB. SUPPRESSED
2025-09-29;04:52:06;AL  ;Minor ;EUtraNetwork=1,ExternalENodeBFunction=2221-212115;Inter Node Feature Incompatibility;Inter eNodeB CA feature is not activated in remote eNodeB. SUPPRESSED
2025-09-29;04:55:00;AL  ;Cleared;EUtraNetwork=1,ExternalENodeBFunction=2221-212115;Inter Node Feature Incompatibility;Inter eNodeB CA feature is not activated in remote eNodeB. SUPPRESSED
2025-09-29;05:56:00;AL  ;Cleared;EUtraNetwork=1,ExternalENodeBFunction=2221-206154;Inter Node Feature Incompatibility;Inter eNodeB CA feature is not activated in remote eNodeB. SUPPRESSED
2025-09-29;06:01:06;AL  ;Minor ;EUtraNetwork=1,ExternalENodeBFunction=2221-650657;Inter Node Carrier Aggregation Service Unavailable;Elastic RAN Carrier Aggregation is not available towards remote eNodeB.
2025-09-29;23:22:38;AL  ;Minor ;EUtraNetwork=1,ExternalENodeBFunction=2221-650388;Inter Node Feature Incompatibility;Inter eNodeB CA feature is not activated in remote eNodeB. SUPPRESSED
2025-09-29;23:22:44;AL  ;Cleared;EUtraNetwork=1,ExternalENodeBFunction=2221-650388;Inter Node Feature Incompatibility;Inter eNodeB CA feature is not activated in remote eNodeB. SUPPRESSED
2025-09-29;23:22:44;AL  ;Minor ;EUtraNetwork=1,ExternalENodeBFunction=2221-206154;Inter Node Feature Incompatibility;Inter eNodeB CA feature is not activated in remote eNodeB. SUPPRESSED
2025-09-30;00:00:59;AL  ;Minor ;EUtraNetwork=1,ExternalENodeBFunction=2221-206255;Inter Node Feature Incompatibility;Inter eNodeB CA feature is not activated in remote eNodeB. SUPPRESSED
2025-09-30;04:46:00;AL  ;Cleared;EUtraNetwork=1,ExternalENodeBFunction=2221-206255;Inter Node Feature Incompatibility;Inter eNodeB CA feature is not activated in remote eNodeB. SUPPRESSED
2025-09-30;05:07:03;AL  ;Minor ;EUtraNetwork=1,ExternalENodeBFunction=2221-208332;Inter Node Feature Incompatibility;Inter eNodeB CA feature is not activated in remote eNodeB. SUPPRESSED
2025-09-30;05:11:00;AL  ;Cleared;EUtraNetwork=1,ExternalENodeBFunction=2221-208332;Inter Node Feature Incompatibility;Inter eNodeB CA feature is not activated in remote eNodeB. SUPPRESSED
2025-09-30;06:01:04;AL  ;Cleared;EUtraNetwork=1,ExternalENodeBFunction=2221-206154;Inter Node Feature Incompatibility;Inter eNodeB CA feature is not activated in remote eNodeB. SUPPRESSED
2025-09-30;14:12:02;AL  ;Major ;Synchronization=1,RadioEquipmentClock=1,RadioEquipmentClockReference=PTP;Sync PTP Time Reliability Fault;Master time not traceable, Master timescale not PTP
2025-09-30;14:30:52;AL  ;Cleared;Synchronization=1,RadioEquipmentClock=1,RadioEquipmentClockReference=PTP;Sync PTP Time Reliability Fault;Master time not traceable
2025-10-01;02:00:59;AL  ;Minor ;EUtraNetwork=1,ExternalENodeBFunction=2221-650657;Inter Node Feature Incompatibility;Inter eNodeB CA feature is not activated in remote eNodeB. SUPPRESSED
2025-10-01;02:02:05;AL  ;Cleared;EUtraNetwork=1,ExternalENodeBFunction=2221-650657;Inter Node Feature Incompatibility;Inter eNodeB CA feature is not activated in remote eNodeB. SUPPRESSED
2025-10-01;02:02:05;AL  ;Minor ;EUtraNetwork=1,ExternalENodeBFunction=2221-206255;Inter Node Feature Incompatibility;Inter eNodeB CA feature is not activated in remote eNodeB. SUPPRESSED
2025-10-01;05:21:00;AL  ;Cleared;EUtraNetwork=1,ExternalENodeBFunction=2221-206255;Inter Node Feature Incompatibility;Inter eNodeB CA feature is not activated in remote eNodeB. SUPPRESSED
2025-10-01;05:21:00;AL  ;Minor ;EUtraNetwork=1,ExternalENodeBFunction=2221-213617;Inter Node Feature Incompatibility;Inter eNodeB CA feature is not activated in remote eNodeB. SUPPRESSED
2025-10-01;05:25:01;AL  ;Cleared;EUtraNetwork=1,ExternalENodeBFunction=2221-213617;Inter Node Feature Incompatibility;Inter eNodeB CA feature is not activated in remote eNodeB. SUPPRESSED
2025-10-02;01:25:01;AL  ;Minor ;EUtraNetwork=1,ExternalENodeBFunction=2221-206255;Inter Node Feature Incompatibility;Inter eNodeB CA feature is not activated in remote eNodeB. SUPPRESSED
2025-10-02;05:21:00;AL  ;Cleared;EUtraNetwork=1,ExternalENodeBFunction=2221-206255;Inter Node Feature Incompatibility;Inter eNodeB CA feature is not activated in remote eNodeB. SUPPRESSED
2025-10-02;05:21:00;AL  ;Minor ;EUtraNetwork=1,ExternalENodeBFunction=2221-206154;Inter Node Feature Incompatibility;Inter eNodeB CA feature is not activated in remote eNodeB. SUPPRESSED
2025-10-02;05:35:01;AL  ;Minor ;EUtraNetwork=1,ExternalENodeBFunction=2221-206154;Inter Node Feature Incompatibility;Inter eNodeB CA feature is not activated in remote eNodeB. SUPPRESSED
2025-10-02;05:35:34;AL  ;Cleared;EUtraNetwork=1,ExternalENodeBFunction=2221-206154;Inter Node Feature Incompatibility;Inter eNodeB CA feature is not activated in remote eNodeB. SUPPRESSED
2025-10-03;01:26:59;AL  ;Minor ;EUtraNetwork=1,ExternalENodeBFunction=2221-650657;Inter Node Feature Incompatibility;Inter eNodeB CA feature is not activated in remote eNodeB. SUPPRESSED
2025-10-03;01:29:51;AL  ;Cleared;EUtraNetwork=1,ExternalENodeBFunction=2221-650657;Inter Node Feature Incompatibility;Inter eNodeB CA feature is not activated in remote eNodeB. SUPPRESSED
2025-10-03;01:29:51;AL  ;Minor ;EUtraNetwork=1,ExternalENodeBFunction=2221-206255;Inter Node Feature Incompatibility;Inter eNodeB CA feature is not activated in remote eNodeB. SUPPRESSED
2025-10-03;05:14:46;AL  ;Minor ;EUtraNetwork=1,ExternalENodeBFunction=2221-650201;Inter Node Feature Incompatibility;Inter eNodeB CA feature is not activated in remote eNodeB. SUPPRESSED
2025-10-03;05:15:00;AL  ;Cleared;EUtraNetwork=1,ExternalENodeBFunction=2221-650201;Inter Node Feature Incompatibility;Inter eNodeB CA feature is not activated in remote eNodeB. SUPPRESSED
2025-10-03;05:29:00;AL  ;Cleared;EUtraNetwork=1,ExternalENodeBFunction=2221-206255;Inter Node Feature Incompatibility;Inter eNodeB CA feature is not activated in remote eNodeB. SUPPRESSED
2025-10-03;05:29:00;AL  ;Minor ;EUtraNetwork=1,ExternalENodeBFunction=2221-213265;Inter Node Feature Incompatibility;Inter eNodeB CA feature is not activated in remote eNodeB. SUPPRESSED
2025-10-03;05:32:02;AL  ;Cleared;EUtraNetwork=1,ExternalENodeBFunction=2221-213265;Inter Node Feature Incompatibility;Inter eNodeB CA feature is not activated in remote eNodeB. SUPPRESSED
2025-10-03;07:41:37;AL  ;Warning;ENodeBFunction=1;PLMN Service Redundancy Lost;S1 connection failure for PLMN connected with link represented by MO listed in Additional Information. AI: PLMN = ["2221"],DN1=ManagedElement=1,ENodeBFunction=1,TermPointToMme=2,
2025-10-03;07:42:07;AL  ;Cleared;ENodeBFunction=1;PLMN Service Redundancy Lost;S1 connection failure for PLMN connected with link represented by MO listed in Additional Information. AI: PLMN = ["2221"],DN1=ManagedElement=1,ENodeBFunction=1,TermPointToMme=2,
2025-10-04;00:39:59;AL  ;Minor ;EUtraNetwork=1,ExternalENodeBFunction=2221-650657;Inter Node Feature Incompatibility;Inter eNodeB CA feature is not activated in remote eNodeB. SUPPRESSED
2025-10-04;00:44:59;AL  ;Cleared;EUtraNetwork=1,ExternalENodeBFunction=2221-650657;Inter Node Feature Incompatibility;Inter eNodeB CA feature is not activated in remote eNodeB. SUPPRESSED
2025-10-04;00:44:59;AL  ;Minor ;EUtraNetwork=1,ExternalENodeBFunction=2221-206255;Inter Node Feature Incompatibility;Inter eNodeB CA feature is not activated in remote eNodeB. SUPPRESSED
2025-10-04;04:07:09;AL  ;Minor ;EUtraNetwork=1,ExternalENodeBFunction=2221-650388;Inter Node Feature Incompatibility;Inter eNodeB CA feature is not activated in remote eNodeB. SUPPRESSED
2025-10-04;04:10:42;AL  ;Cleared;EUtraNetwork=1,ExternalENodeBFunction=2221-650388;Inter Node Feature Incompatibility;Inter eNodeB CA feature is not activated in remote eNodeB. SUPPRESSED
2025-10-04;05:47:01;AL  ;Minor ;EUtraNetwork=1,ExternalENodeBFunction=2221-206255;Inter Node Feature Incompatibility;Inter eNodeB CA feature is not activated in remote eNodeB. SUPPRESSED
2025-10-04;05:53:00;AL  ;Cleared;EUtraNetwork=1,ExternalENodeBFunction=2221-206255;Inter Node Feature Incompatibility;Inter eNodeB CA feature is not activated in remote eNodeB. SUPPRESSED
2025-10-05;01:44:59;AL  ;Minor ;EUtraNetwork=1,ExternalENodeBFunction=2221-650657;Inter Node Feature Incompatibility;Inter eNodeB CA feature is not activated in remote eNodeB. SUPPRESSED
2025-10-05;01:45:46;AL  ;Cleared;EUtraNetwork=1,ExternalENodeBFunction=2221-650657;Inter Node Feature Incompatibility;Inter eNodeB CA feature is not activated in remote eNodeB. SUPPRESSED
2025-10-05;01:45:46;AL  ;Minor ;EUtraNetwork=1,ExternalENodeBFunction=2221-206255;Inter Node Feature Incompatibility;Inter eNodeB CA feature is not activated in remote eNodeB. SUPPRESSED
2025-10-05;05:55:39;AL  ;Minor ;EUtraNetwork=1,ExternalENodeBFunction=2221-213265;Inter Node Feature Incompatibility;Inter eNodeB CA feature is not activated in remote eNodeB. SUPPRESSED
2025-10-05;05:57:24;AL  ;Cleared;EUtraNetwork=1,ExternalENodeBFunction=2221-213265;Inter Node Feature Incompatibility;Inter eNodeB CA feature is not activated in remote eNodeB. SUPPRESSED
2025-10-05;06:01:04;AL  ;Minor ;EUtraNetwork=1,ExternalENodeBFunction=2221-206255;Inter Node Feature Incompatibility;Inter eNodeB CA feature is not activated in remote eNodeB. SUPPRESSED
2025-10-05;06:01:05;AL  ;Cleared;EUtraNetwork=1,ExternalENodeBFunction=2221-206255;Inter Node Feature Incompatibility;Inter eNodeB CA feature is not activated in remote eNodeB. SUPPRESSED
2025-10-05;09:23:35;AL  ;Cleared;EUtraNetwork=1,ExternalENodeBFunction=2221-650657;Inter Node Carrier Aggregation Service Unavailable;Elastic RAN Carrier Aggregation is not available towards remote eNodeB.
2025-10-05;09:24:37;AL  ;Minor ;EUtraNetwork=1,ExternalENodeBFunction=2221-650657;Inter Node Carrier Aggregation Service Unavailable;Elastic RAN Carrier Aggregation is not available towards remote eNodeB.
2025-10-05;11:25:49;AL  ;Cleared;EUtraNetwork=1,ExternalENodeBFunction=2221-650657;Inter Node Carrier Aggregation Service Unavailable;Elastic RAN Carrier Aggregation is not available towards remote eNodeB.
2025-10-05;15:40:37;AL  ;Minor ;ENodeBFunction=1;External Link Failure;X2 link problem to one or several neighbouring eNodeBs. AI: PLMN ID-eNB ID 1 = 2221-650149
2025-10-05;15:45:27;AL  ;Minor ;ENodeBFunction=1;External Link Failure;X2 link problem to one or several neighbouring eNodeBs. AI: PLMN ID-eNB ID 1 = 2221-650149 PLMN ID-eNB ID 2 = 2221-650212 PLMN ID-eNB ID 3 = 2221-206383 PLMN ID-eNB ID 4 = 2221-650217
2025-10-05;15:49:05;AL  ;Minor ;ENodeBFunction=1;External Link Failure;X2 link problem to one or several neighbouring eNodeBs. AI: PLMN ID-eNB ID 1 = 2221-206383 PLMN ID-eNB ID 2 = 2221-650217
2025-10-05;15:58:02;AL  ;Minor ;EUtraNetwork=1,ExternalENodeBFunction=2221-650657;Inter Node Carrier Aggregation Service Unavailable;Elastic RAN Carrier Aggregation is not available towards remote eNodeB.
2025-10-05;16:05:33;AL  ;Minor ;ENodeBFunction=1;External Link Failure;X2 link problem to one or several neighbouring eNodeBs. AI: PLMN ID-eNB ID 1 = 2221-206383 PLMN ID-eNB ID 2 = 2221-650217 PLMN ID-eNB ID 3 = 2221-650066
2025-10-05;16:06:15;AL  ;Minor ;ENodeBFunction=1;External Link to GNodeB Failure;X2 link problem to one or several neighbouring gNodeBs. AI: PLMN ID-gNB ID 1 = 2221-1054059
2025-10-05;16:08:18;AL  ;Minor ;ENodeBFunction=1;External Link Failure;X2 link problem to one or several neighbouring eNodeBs. AI: PLMN ID-eNB ID 1 = 2221-650066 PLMN ID-eNB ID 2 = 2221-650242 PLMN ID-eNB ID 3 = 2221-208897
2025-10-05;16:11:44;AL  ;Minor ;ENodeBFunction=1;External Link Failure;X2 link problem to one or several neighbouring eNodeBs. AI: PLMN ID-eNB ID 1 = 2221-650066 PLMN ID-eNB ID 2 = 2221-650242
2025-10-05;16:13:51;AL  ;Minor ;ENodeBFunction=1;External Link to GNodeB Failure;X2 link problem to one or several neighbouring gNodeBs. AI: PLMN ID-gNB ID 1 = 2221-1054059 PLMN ID-gNB ID 2 = 2221-1056184
2025-10-05;16:14:11;AL  ;Minor ;ENodeBFunction=1;External Link Failure;X2 link problem to one or several neighbouring eNodeBs. AI: PLMN ID-eNB ID 1 = 2221-650066 PLMN ID-eNB ID 2 = 2221-212115
2025-10-05;16:18:06;AL  ;Cleared;ENodeBFunction=1;External Link to GNodeB Failure;X2 link problem to one or several neighbouring gNodeBs. AI: PLMN ID-gNB ID 1 = 2221-1054059 PLMN ID-gNB ID 2 = 2221-1056184
2025-10-05;16:18:10;AL  ;Minor ;ENodeBFunction=1;External Link Failure;X2 link problem to one or several neighbouring eNodeBs. AI: PLMN ID-eNB ID 1 = 2221-650324
2025-10-05;16:19:09;AL  ;Cleared;ENodeBFunction=1;External Link Failure;X2 link problem to one or several neighbouring eNodeBs. AI: PLMN ID-eNB ID 1 = 2221-650324
2025-10-05;17:05:23;AL  ;Minor ;ENodeBFunction=1;External Link to GNodeB Failure;X2 link problem to one or several neighbouring gNodeBs. AI: PLMN ID-gNB ID 1 = 2221-1054059
2025-10-05;17:05:32;AL  ;Minor ;ENodeBFunction=1;External Link Failure;X2 link problem to one or several neighbouring eNodeBs. AI: PLMN ID-eNB ID 1 = 2221-650066
2025-10-05;17:06:40;AL  ;Cleared;ENodeBFunction=1;External Link to GNodeB Failure;X2 link problem to one or several neighbouring gNodeBs. AI: PLMN ID-gNB ID 1 = 2221-1054059
2025-10-05;17:08:09;AL  ;Cleared;ENodeBFunction=1;External Link Failure;X2 link problem to one or several neighbouring eNodeBs. AI: PLMN ID-eNB ID 1 = 2221-650066
2025-10-05;23:28:59;AL  ;Minor ;EUtraNetwork=1,ExternalENodeBFunction=2221-650388;Inter Node Feature Incompatibility;Inter eNodeB CA feature is not activated in remote eNodeB. SUPPRESSED
2025-10-05;23:29:07;AL  ;Cleared;EUtraNetwork=1,ExternalENodeBFunction=2221-650388;Inter Node Feature Incompatibility;Inter eNodeB CA feature is not activated in remote eNodeB. SUPPRESSED
2025-10-05;23:29:07;AL  ;Minor ;EUtraNetwork=1,ExternalENodeBFunction=2221-206154;Inter Node Feature Incompatibility;Inter eNodeB CA feature is not activated in remote eNodeB. SUPPRESSED
2025-10-05;23:50:58;AL  ;Minor ;EUtraNetwork=1,ExternalENodeBFunction=2221-206255;Inter Node Feature Incompatibility;Inter eNodeB CA feature is not activated in remote eNodeB. SUPPRESSED
2025-10-06;01:00:59;AL  ;Minor ;EUtraNetwork=1,ExternalENodeBFunction=2221-206383;Inter Node Feature Incompatibility;Inter eNodeB CA feature is not activated in remote eNodeB. SUPPRESSED
2025-10-06;02:07:59;AL  ;Minor ;EUtraNetwork=1,ExternalENodeBFunction=2221-208332;Inter Node Feature Incompatibility;Inter eNodeB CA feature is not activated in remote eNodeB. SUPPRESSED
2025-10-06;02:36:33;AL  ;Cleared;EUtraNetwork=1,ExternalENodeBFunction=2221-206383;Inter Node Feature Incompatibility;Inter eNodeB CA feature is not activated in remote eNodeB. SUPPRESSED
2025-10-06;02:36:57;AL  ;Cleared;EUtraNetwork=1,ExternalENodeBFunction=2221-208332;Inter Node Feature Incompatibility;Inter eNodeB CA feature is not activated in remote eNodeB. SUPPRESSED
2025-10-06;02:37:00;AL  ;Cleared;EUtraNetwork=1,ExternalENodeBFunction=2221-206255;Inter Node Feature Incompatibility;Inter eNodeB CA feature is not activated in remote eNodeB. SUPPRESSED
2025-10-06;02:37:27;AL  ;Minor ;EUtraNetwork=1,ExternalENodeBFunction=2221-206383;Inter Node Feature Incompatibility;Inter eNodeB CA feature is not activated in remote eNodeB. SUPPRESSED
2025-10-06;02:37:30;AL  ;Minor ;EUtraNetwork=1,ExternalENodeBFunction=2221-650217;Inter Node Feature Incompatibility;Inter eNodeB CA feature is not activated in remote eNodeB. SUPPRESSED
2025-10-06;02:42:15;AL  ;Cleared;EUtraNetwork=1,ExternalENodeBFunction=2221-650217;Inter Node Feature Incompatibility;Inter eNodeB CA feature is not activated in remote eNodeB. SUPPRESSED
2025-10-06;02:42:15;AL  ;Minor ;EUtraNetwork=1,ExternalENodeBFunction=2221-206255;Inter Node Feature Incompatibility;Inter eNodeB CA feature is not activated in remote eNodeB. SUPPRESSED
2025-10-06;02:50:59;AL  ;Minor ;EUtraNetwork=1,ExternalENodeBFunction=2221-208332;Inter Node Feature Incompatibility;Inter eNodeB CA feature is not activated in remote eNodeB. SUPPRESSED
2025-10-06;02:52:02;AL  ;Cleared;EUtraNetwork=1,ExternalENodeBFunction=2221-208332;Inter Node Feature Incompatibility;Inter eNodeB CA feature is not activated in remote eNodeB. SUPPRESSED
2025-10-06;02:52:02;AL  ;Cleared;EUtraNetwork=1,ExternalENodeBFunction=2221-206255;Inter Node Feature Incompatibility;Inter eNodeB CA feature is not activated in remote eNodeB. SUPPRESSED
2025-10-06;02:52:02;AL  ;Minor ;EUtraNetwork=1,ExternalENodeBFunction=2221-650201;Inter Node Feature Incompatibility;Inter eNodeB CA feature is not activated in remote eNodeB. SUPPRESSED
2025-10-06;02:52:02;AL  ;Minor ;EUtraNetwork=1,ExternalENodeBFunction=2221-212115;Inter Node Feature Incompatibility;Inter eNodeB CA feature is not activated in remote eNodeB. SUPPRESSED
2025-10-06;02:53:49;AL  ;Cleared;EUtraNetwork=1,ExternalENodeBFunction=2221-212115;Inter Node Feature Incompatibility;Inter eNodeB CA feature is not activated in remote eNodeB. SUPPRESSED
2025-10-06;02:53:49;AL  ;Cleared;EUtraNetwork=1,ExternalENodeBFunction=2221-650201;Inter Node Feature Incompatibility;Inter eNodeB CA feature is not activated in remote eNodeB. SUPPRESSED
2025-10-06;02:53:49;AL  ;Minor ;EUtraNetwork=1,ExternalENodeBFunction=2221-206255;Inter Node Feature Incompatibility;Inter eNodeB CA feature is not activated in remote eNodeB. SUPPRESSED
2025-10-06;02:53:49;AL  ;Minor ;EUtraNetwork=1,ExternalENodeBFunction=2221-208332;Inter Node Feature Incompatibility;Inter eNodeB CA feature is not activated in remote eNodeB. SUPPRESSED
2025-10-06;03:52:02;AL  ;Cleared;EUtraNetwork=1,ExternalENodeBFunction=2221-208332;Inter Node Feature Incompatibility;Inter eNodeB CA feature is not activated in remote eNodeB. SUPPRESSED
2025-10-06;03:52:02;AL  ;Cleared;EUtraNetwork=1,ExternalENodeBFunction=2221-206255;Inter Node Feature Incompatibility;Inter eNodeB CA feature is not activated in remote eNodeB. SUPPRESSED
2025-10-06;03:52:02;AL  ;Minor ;EUtraNetwork=1,ExternalENodeBFunction=2221-650201;Inter Node Feature Incompatibility;Inter eNodeB CA feature is not activated in remote eNodeB. SUPPRESSED
2025-10-06;03:52:02;AL  ;Minor ;EUtraNetwork=1,ExternalENodeBFunction=2221-212115;Inter Node Feature Incompatibility;Inter eNodeB CA feature is not activated in remote eNodeB. SUPPRESSED
2025-10-06;04:29:42;AL  ;Cleared;EUtraNetwork=1,ExternalENodeBFunction=2221-212115;Inter Node Feature Incompatibility;Inter eNodeB CA feature is not activated in remote eNodeB. SUPPRESSED
2025-10-06;04:29:42;AL  ;Cleared;EUtraNetwork=1,ExternalENodeBFunction=2221-650201;Inter Node Feature Incompatibility;Inter eNodeB CA feature is not activated in remote eNodeB. SUPPRESSED
2025-10-06;04:29:42;AL  ;Minor ;EUtraNetwork=1,ExternalENodeBFunction=2221-206255;Inter Node Feature Incompatibility;Inter eNodeB CA feature is not activated in remote eNodeB. SUPPRESSED
2025-10-06;04:29:42;AL  ;Minor ;EUtraNetwork=1,ExternalENodeBFunction=2221-208332;Inter Node Feature Incompatibility;Inter eNodeB CA feature is not activated in remote eNodeB. SUPPRESSED
2025-10-06;04:31:00;AL  ;Cleared;EUtraNetwork=1,ExternalENodeBFunction=2221-208332;Inter Node Feature Incompatibility;Inter eNodeB CA feature is not activated in remote eNodeB. SUPPRESSED
2025-10-06;04:46:00;AL  ;Cleared;EUtraNetwork=1,ExternalENodeBFunction=2221-206383;Inter Node Feature Incompatibility;Inter eNodeB CA feature is not activated in remote eNodeB. SUPPRESSED
2025-10-06;05:51:59;AL  ;Minor ;EUtraNetwork=1,ExternalENodeBFunction=2221-206383;Inter Node Feature Incompatibility;Inter eNodeB CA feature is not activated in remote eNodeB. SUPPRESSED
2025-10-06;05:53:00;AL  ;Cleared;EUtraNetwork=1,ExternalENodeBFunction=2221-206383;Inter Node Feature Incompatibility;Inter eNodeB CA feature is not activated in remote eNodeB. SUPPRESSED
2025-10-06;06:01:04;AL  ;Cleared;EUtraNetwork=1,ExternalENodeBFunction=2221-206255;Inter Node Feature Incompatibility;Inter eNodeB CA feature is not activated in remote eNodeB. SUPPRESSED
2025-10-06;06:01:20;AL  ;Cleared;EUtraNetwork=1,ExternalENodeBFunction=2221-206154;Inter Node Feature Incompatibility;Inter eNodeB CA feature is not activated in remote eNodeB. SUPPRESSED
2025-10-06;19:48:01;AL  ;Cleared;EUtranCellFDD=KS91E3;Service Degraded;This is a secondary alarm, use alarm correlation information in Additional Information to find primary alarm.
2025-10-06;19:48:01;AL  ;Cleared;EUtraNetwork=1,ExternalENodeBFunction=2221-650657;Inter Node Carrier Aggregation Service Unavailable;Elastic RAN Carrier Aggregation is not available towards remote eNodeB.
2025-10-06;19:48:27;AL  ;Minor ;EUtraNetwork=1,ExternalENodeBFunction=2221-650657;Inter Node Carrier Aggregation Service Unavailable;Elastic RAN Carrier Aggregation is not available towards remote eNodeB.
2025-10-06;19:48:28;AL  ;Minor ;EUtranCellFDD=KS91E3;Service Degraded;This is a secondary alarm, use alarm correlation information in Additional Information to find primary alarm.
2025-10-06;19:48:29;AL  ;Minor ;EUtraNetwork=1,ExternalENodeBFunction=2221-208332;Inter Node Feature Incompatibility;Inter eNodeB CA feature is not activated in remote eNodeB. SUPPRESSED
2025-10-06;19:48:31;AL  ;Minor ;NbIotCell=KS91N3;Service Degraded;This is a secondary alarm, use alarm correlation information in Additional Information to find primary alarm.
2025-10-06;19:48:39;AL  ;Cleared;EUtraNetwork=1,ExternalENodeBFunction=2221-208332;Inter Node Feature Incompatibility;Inter eNodeB CA feature is not activated in remote eNodeB. SUPPRESSED


KS91E> lgec -m 30d

251007-12:18:29+0200 19.31.2.249 25.0h MSRBS_NODE_MODEL_25.Q1_198665.224.73_bf81 stopfile=/tmp/1216699

Startdate=20250907.101829, Enddate=20251008.101830
Date;Time;Log;Severity;Object;Event;Cause;AdditionalText;AckState;Id;NotificationId;CorrelatedAlarms
Executing action Log.export()
..
Log=AlertLog                    actionId=40753
...
=================================================================================================================
MO                  actionId result      resultInfo
=================================================================================================================
LogM=1,Log=AlertLog 40753    1 (SUCCESS)           
cat  /ericsson/log/amos/moshell_logfiles/t20251007_37258710_53697/logs_moshell/tempfiles/scp-2-amos_20251007-121739_1216636/rcslogs/AlertLog_20220810__090001.log > /ericsson/log/amos/moshell_logfiles/t20251007_37258710_53697/logs_moshell/tempfiles/scp-2-amos_20251007-121739_1216636/eventLog1216699.xml
2025-09-09;15:26:23;EV  ;Warning;EUtranCellFDD=KS91E4;Cell Service Unavailable Auto Recovery Initiated Alert;
2025-09-09;15:26:23;EV  ;Warning;EUtranCellFDD=KS91L3;Cell Service Unavailable Auto Recovery Initiated Alert;
2025-09-09;15:26:23;EV  ;Warning;EUtranCellFDD=KS91L4;Cell Service Unavailable Auto Recovery Initiated Alert;
2025-09-09;15:26:23;EV  ;Warning;EUtranCellFDD=KS91E1;Cell Service Unavailable Auto Recovery Initiated Alert;
2025-09-09;15:26:23;EV  ;Warning;EUtranCellFDD=KS91E2;Cell Service Unavailable Auto Recovery Initiated Alert;
2025-09-09;15:26:29;EV  ;Warning;RiLink=S1-1;Radio Interface Connectivity Disturbance Alert;Near end port:FieldReplaceableUnit=BB-1,RiPort=A (transportType=NOT_SET). SUPPRESSED
2025-09-09;15:26:29;EV  ;Warning;RiLink=S2-1;Radio Interface Connectivity Disturbance Alert;Near end port:FieldReplaceableUnit=BB-1,RiPort=B (transportType=NOT_SET). SUPPRESSED
2025-09-09;15:26:29;EV  ;Warning;RiLink=S3-1;Radio Interface Connectivity Disturbance Alert;Near end port:FieldReplaceableUnit=BB-1,RiPort=C (transportType=NOT_SET). SUPPRESSED
2025-09-09;15:26:29;EV  ;Warning;RiLink=S180-1;Radio Interface Connectivity Disturbance Alert;Near end port:FieldReplaceableUnit=BB-1,RiPort=D (transportType=NOT_SET). SUPPRESSED
2025-09-09;15:26:29;EV  ;Warning;RiLink=S182-1;Radio Interface Connectivity Disturbance Alert;Near end port:FieldReplaceableUnit=BB-1,RiPort=E (transportType=NOT_SET). SUPPRESSED
2025-09-09;15:26:29;EV  ;Warning;RiLink=S4-1;Radio Interface Connectivity Disturbance Alert;Near end port:FieldReplaceableUnit=BB-1,RiPort=F (transportType=NOT_SET). SUPPRESSED
2025-09-09;15:26:34;EV  ;Warning;EUtranCellFDD=KS91L3;Cell Service Available Auto Recovery Successful Alert;
2025-09-09;15:26:34;EV  ;Warning;EUtranCellFDD=KS91L4;Cell Service Available Auto Recovery Successful Alert;
2025-09-09;15:26:36;EV  ;Warning;EUtranCellFDD=KS91E1;Cell Service Available Auto Recovery Successful Alert;
2025-09-09;15:26:37;EV  ;Warning;EUtranCellFDD=KS91E2;Cell Service Available Auto Recovery Successful Alert;
2025-09-09;15:26:37;EV  ;Warning;EUtranCellFDD=KS91E4;Cell Service Available Auto Recovery Successful Alert;
2025-09-26;13:18:58;EV  ;Warning;FieldReplaceableUnit=Radio-S180-1;Radio Restart Alert;Restart details are listed in Additional Information AI: Restartdetails=[{"RC":"Other","RT":"Power On","ERI":"FALSE"}] :SUPPRESSED
2025-09-26;13:18:59;EV  ;Warning;FieldReplaceableUnit=Radio-S182-1;Radio Restart Alert;Restart details are listed in Additional Information AI: Restartdetails=[{"RC":"Other","RT":"Power On","ERI":"FALSE"}] :SUPPRESSED
2025-09-26;13:19:15;EV  ;Warning;ManagedElement=KS91E;System Restart Alert;Requested Restart Category: Other, Requested Restart Type: Power, Performed Restart Category: Other, Performed Restart Type: Power. AI: SystemRestart=[{"RRC":"Other","RRT":"Power","PRC":"Other","PRT":"Power"}]
2025-09-26;18:50:38;EV  ;Warning;RiLink=S1-1;Radio Interface Connectivity Disturbance Alert;Near end port:FieldReplaceableUnit=BB-1,RiPort=A (transportType=NOT_SET). SUPPRESSED
2025-09-26;18:50:38;EV  ;Warning;RiLink=S2-1;Radio Interface Connectivity Disturbance Alert;Near end port:FieldReplaceableUnit=BB-1,RiPort=B (transportType=NOT_SET). SUPPRESSED
2025-09-26;18:50:38;EV  ;Warning;RiLink=S3-1;Radio Interface Connectivity Disturbance Alert;Near end port:FieldReplaceableUnit=BB-1,RiPort=C (transportType=NOT_SET). SUPPRESSED
2025-09-26;18:50:38;EV  ;Warning;RiLink=S4-1;Radio Interface Connectivity Disturbance Alert;Near end port:FieldReplaceableUnit=BB-1,RiPort=F (transportType=NOT_SET). SUPPRESSED
2025-09-26;18:50:38;EV  ;Warning;RiLink=S180-1;Radio Interface Connectivity Disturbance Alert;Near end port:FieldReplaceableUnit=BB-1,RiPort=D (transportType=NOT_SET). SUPPRESSED
2025-09-26;18:50:38;EV  ;Warning;RiLink=S182-1;Radio Interface Connectivity Disturbance Alert;Near end port:FieldReplaceableUnit=BB-1,RiPort=E (transportType=NOT_SET). SUPPRESSED
2025-09-26;18:51:55;EV  ;Warning;EUtranCellFDD=KS91E2;Cell Service Unavailable Auto Recovery Initiated Alert;
2025-09-26;18:51:55;EV  ;Warning;EUtranCellFDD=KS91E4;Cell Service Unavailable Auto Recovery Initiated Alert;
2025-09-26;18:51:55;EV  ;Warning;EUtranCellFDD=KS91L4;Cell Service Unavailable Auto Recovery Initiated Alert;
2025-09-26;18:51:55;EV  ;Warning;EUtranCellFDD=KS91E1;Cell Service Unavailable Auto Recovery Initiated Alert;
2025-09-26;18:52:01;EV  ;Warning;RiLink=S1-1;Radio Interface Connectivity Disturbance Alert;Near end port:FieldReplaceableUnit=BB-1,RiPort=A (transportType=NOT_SET). SUPPRESSED
2025-09-26;18:52:01;EV  ;Warning;RiLink=S2-1;Radio Interface Connectivity Disturbance Alert;Near end port:FieldReplaceableUnit=BB-1,RiPort=B (transportType=NOT_SET). SUPPRESSED
2025-09-26;18:52:01;EV  ;Warning;RiLink=S3-1;Radio Interface Connectivity Disturbance Alert;Near end port:FieldReplaceableUnit=BB-1,RiPort=C (transportType=NOT_SET). SUPPRESSED
2025-09-26;18:52:01;EV  ;Warning;RiLink=S180-1;Radio Interface Connectivity Disturbance Alert;Near end port:FieldReplaceableUnit=BB-1,RiPort=D (transportType=NOT_SET). SUPPRESSED
2025-09-26;18:52:01;EV  ;Warning;RiLink=S182-1;Radio Interface Connectivity Disturbance Alert;Near end port:FieldReplaceableUnit=BB-1,RiPort=E (transportType=NOT_SET). SUPPRESSED
2025-09-26;18:52:01;EV  ;Warning;RiLink=S4-1;Radio Interface Connectivity Disturbance Alert;Near end port:FieldReplaceableUnit=BB-1,RiPort=F (transportType=NOT_SET). SUPPRESSED
2025-09-26;18:52:04;EV  ;Warning;EUtranCellFDD=KS91L4;Cell Service Available Auto Recovery Successful Alert;
2025-09-26;18:52:06;EV  ;Warning;EUtranCellFDD=KS91E2;Cell Service Available Auto Recovery Successful Alert;
2025-09-26;18:52:06;EV  ;Warning;EUtranCellFDD=KS91E1;Cell Service Available Auto Recovery Successful Alert;
2025-09-26;18:52:06;EV  ;Warning;EUtranCellFDD=KS91E4;Cell Service Available Auto Recovery Successful Alert;

Bye...
Output has been logged to file /mta_fs/UserFiles/37258710/amosbatch/2025-10-07_11-07-01_53697/KS91E.log
