Logging to file /mta_fs/UserFiles/37258710/amosbatch/2025-10-07_11-07-01_53697/KS9CT.log
                        __  __  ____   _____
                  /\   |  \/  |/ __ \ / ____|
                 /  \  | \  / | |  | | (___  
                / /\ \ | |\/| | |  | |\___ \ 
               / ____ \| |  | | |__| |____) |
              /_/    \_\_|  |_|\____/|_____/
              OSS Framework for MoShell-25.0h 
  Copyright (c) Ericsson AB 2001-2025 - All Rights Reserved
              
           
[1;31mWARNING: [0mthe AMOS version currently running is more than 22 weeks old and is unsupported.
Please upgrade as soon as possible to the latest released version, available from your local Ericsson support.

$amosrb_pid = 786394

Checking ip contact...OK

HELP MENU            : h
BASIC MO COMMANDS    : m
OTHER MO COMMANDS    : n
OTHER COMMANDS       : o
PM COMMANDS          : p
QUIT                 : q

KS9CT> lt all

251007-11:25:35+0200 19.31.6.215 25.0h  stopfile=/tmp/786206
Looking up temporary_amos account... OK.
Trying temporary_amos_t20251007_37258710_53697_313's password from amos lookupAccount ... OK

$ssh_pid = 786979

Connected to 19.31.6.215 (SubNetwork=BBMM_rckomc_R,MeContext=KS9CT,ManagedElement=KS9CT)

Checking MOM version...MSRBS_NODE_MODEL_25.Q1_693.28324.131_62ac
Parsing MOM (cached): /ericsson/log/amos/moshell_logfiles/t20251007_37258710_53697/logs_moshell/tempfiles/scp-2-amos_20251007-112528_786136/MSRBS_NODE_MODEL_25.Q1_693.28324.131_62ac.xml.cache.gz ..................................................................................................................................................................................................................................Done.
Using paramfile /opt/ericsson/amos/moshell/commonjars/pm/PARAM_MSRBS_25.Q1.txt
Parsing file /opt/ericsson/amos/moshell/commonjars/pm/PARAM_MSRBS_25.Q1.txt .......................................................................................Done.
Using imomdfile /opt/ericsson/amos/moshell/commonjars/pm/IMOMD_MSRBS_22.Q4.txt
Using imomfile /opt/ericsson/amos/moshell/commonjars/pm/IMOM_MSRBS_25.Q1.txt
Connected to 19.31.6.215 (SubNetwork=BBMM_rckomc_R,MeContext=KS9CT,ManagedElement=KS9CT)

Last MO: 17618. Loaded 17618 MOs. Total: 17619 MOs.

KS9CT> hget EUtranCellFDD ^cellid

251007-11:25:48+0200 19.31.6.215 25.0h MSRBS_NODE_MODEL_25.Q1_693.28324.131_62ac stopfile=/tmp/786206
.
=================================================================================================================
MO                   cellId
=================================================================================================================
EUtranCellFDD=KS9CE1 61    
EUtranCellFDD=KS9CE2 62    
EUtranCellFDD=KS9CE3 63    
EUtranCellFDD=KS9CM1 31    
EUtranCellFDD=KS9CM2 32    
EUtranCellFDD=KS9CM3 33    
EUtranCellFDD=KS9CT1 41    
EUtranCellFDD=KS9CT2 42    
EUtranCellFDD=KS9CT3 43    
=================================================================================================================
Total: 9 MOs

Added 9 MOs to group: hget_group

KS9CT> hget NbIotCell ^cellid

251007-11:25:48+0200 19.31.6.215 25.0h MSRBS_NODE_MODEL_25.Q1_693.28324.131_62ac stopfile=/tmp/786206
.
=================================================================================================================
MO               cellId
=================================================================================================================
NbIotCell=KS9CN1 161   
NbIotCell=KS9CN2 162   
NbIotCell=KS9CN3 163   
=================================================================================================================
Total: 3 MOs

Added 3 MOs to group: hget_group

KS9CT> hget NRCellDU ^cellLocalId

251007-11:25:49+0200 19.31.6.215 25.0h MSRBS_NODE_MODEL_25.Q1_693.28324.131_62ac stopfile=/tmp/786206
Total: 0 MOs

KS9CT> lgdc -m 30d

251007-11:25:49+0200 19.31.6.215 25.0h MSRBS_NODE_MODEL_25.Q1_693.28324.131_62ac stopfile=/tmp/786206

Startdate=20250907.092549, Enddate=20251008.092549
INFO: Using amos lookupAccount credentials for the export login

Executing action LogM.exportAvailabilityLog()
...LogM=1,exportAvailabilityLog    actionId=3073
...
=================================================================================================================
MO     actionId result      resultInfo
=================================================================================================================
LogM=1 3073     1 (SUCCESS)           
cp /ericsson/log/amos/moshell_logfiles/t20251007_37258710_53697/logs_moshell/tempfiles/scp-2-amos_20251007-112528_786136/rcslogs/RBS_CS_AVAILABILITY_LOG_20251007092552.xml /ericsson/log/amos/moshell_logfiles/t20251007_37258710_53697/logs_moshell/tempfiles/scp-2-amos_20251007-112528_786136/availabilityLog786206.xml
Parsing availabilityLog.......Done.
....
Date;Time;RestartType;SwVersion;SwRelease;RCSDowntime;ApplicationDowntime;TNDowntime;RATsDowntime;ExtraInfo;ExtraInfo2
2025-09-08;05:35:02;PartialOutage(Manual);11% Lrat Cell 61; ();9s;;;;;
2025-09-08;05:35:22;PartialOutage(Manual);3% Lrat Cell 62; ();10s;;;;;
2025-09-08;05:35:38;PartialOutage(Manual);46% Lrat Cell 162 163; ();3s;;;;;
2025-09-08;05:35:41;PartialOutage(Manual);4% Lrat Cell 63; ();8s;;;;;
2025-09-08;05:35:54;PartialOutage(Manual);5% Lrat Cell 31; ();4s;;;;;
2025-09-08;05:35:58;PartialOutage(Manual);50% Lrat Cell 163; ();6s;;;;;
2025-09-08;05:36:18;PartialOutage(Manual);4% Lrat Cell 32; ();7s;;;;;
2025-09-08;05:36:31;PartialOutage(Manual);11% Lrat Cell 33; ();10s;;;;;
2025-09-08;05:36:48;PartialOutage(Manual);11% Lrat Cell 41; ();7s;;;;;
2025-09-08;05:36:58;PartialOutage(Manual);11% Lrat Cell 42; ();11s;;;;;
2025-09-08;05:37:17;PartialOutage(Manual);11% Lrat Cell 43; ();4s;;;;;
2025-09-10;23:41:03;PartialOutage(System);100% Lrat Cell 161 162 163; ();653s (10m53s);;;;;
2025-09-10;23:51:56;PartialOutage(System);100% Lrat Cell 63 31 32 33 41 42 43; ();1s;;;;;
2025-09-10;23:51:57;PartialOutage(Transmission);100% Lrat Cell 31 32 33 41 42; ();1s;;;;;
2025-09-10;23:53:13;PartialOutage(System);100% Lrat Cell 161 162 163; ();62s (1m2s);;;;;
2025-09-10;23:54:15;PartialOutage(System);100% Lrat Cell 31 32 33 41 42 43; ();1s;;;;;
2025-09-10;23:54:16;PartialOutage(Transmission);100% Lrat Cell 31 32 33 41 42; ();1s;;;;;
2025-09-11;04:46:47;PartialOutage(System);100% Lrat Cell 161 162 163; ();214s (3m34s);;;;;
2025-09-11;04:50:22;PartialOutage(Transmission);100% Lrat Cell 31 32 41 42; ();1s;;;;;
2025-10-05;14:20:51;PartialOutage(System);100% Lrat Cell 161 162 163; ();210s (3m30s);;;;;
2025-10-05;14:24:22;PartialOutage(Transmission);100% Lrat Cell 31 32 41 42; ();1s;;;;;
2025-10-05;14:55:35;PartialOutage(System);100% Lrat Cell 161 162 163; ();103s (1m43s);;;;;
2025-10-05;14:57:18;PartialOutage(System);100% Lrat Cell 31 32 33 41 42 43; ();1s;;;;;
2025-10-05;14:57:19;PartialOutage(Transmission);100% Lrat Cell 31 32 33 41 42; ();1s;;;;;

Node uptime since last restart: 152918 seconds (1 days, 18 hours, 28 minutes, 38 seconds)
------------------------------------------------------------------------------------------------------
Period=30 days       NodeUpgrade      NodeManual       NodeSpontaneous  AllNodeRestarts  PartialOutages  
------------------------------------------------------------------------------------------------------
Number Of outages    0                0                0                0                24              
Total downtime       0s               0s               0s               0s               1329s (22m9s)   
Downtime per day     0s               0s               0s               0s               44s             
Downtime per outage  0s               0s               0s               0s               55s             

KS9CT> lgac -m 30d

251007-11:25:58+0200 19.31.6.215 25.0h MSRBS_NODE_MODEL_25.Q1_693.28324.131_62ac stopfile=/tmp/786206

Startdate=20250907.092558, Enddate=20251008.092559
Date;Time;Log;Severity;Object;Event;Cause;AdditionalText;AckState;Id;NotificationId;CorrelatedAlarms
Executing action Log.export()
..
Log=AlarmLog                    actionId=3074
..........
=================================================================================================================
MO                  actionId result      resultInfo
=================================================================================================================
LogM=1,Log=AlarmLog 3074     1 (SUCCESS)           
cat  /ericsson/log/amos/moshell_logfiles/t20251007_37258710_53697/logs_moshell/tempfiles/scp-2-amos_20251007-112528_786136/rcslogs/saLogAlarm_20231030__130013_20240826__035940.log /ericsson/log/amos/moshell_logfiles/t20251007_37258710_53697/logs_moshell/tempfiles/scp-2-amos_20251007-112528_786136/rcslogs/saLogAlarm_20240826__035940_20241122__131437.log /ericsson/log/amos/moshell_logfiles/t20251007_37258710_53697/logs_moshell/tempfiles/scp-2-amos_20251007-112528_786136/rcslogs/saLogAlarm_20241122__131437_20250224__231648.log /ericsson/log/amos/moshell_logfiles/t20251007_37258710_53697/logs_moshell/tempfiles/scp-2-amos_20251007-112528_786136/rcslogs/saLogAlarm_20250224__231648.log > /ericsson/log/amos/moshell_logfiles/t20251007_37258710_53697/logs_moshell/tempfiles/scp-2-amos_20251007-112528_786136/alarmLog786206.xml
2025-09-10;23:40:59;AL  ;Warning;ENodeBFunction=1;PLMN Service Redundancy Lost;S1 connection failure for PLMN connected with link represented by MO listed in Additional Information. AI: PLMN = ["2221"],DN1=ManagedElement=1,ENodeBFunction=1,TermPointToMme=5,DN2=ManagedElement=1,ENodeBFunction=1,TermPointToMme=4,DN3=ManagedElement=1,ENodeBFunction=1,TermPointToMme=2,DN4=ManagedElement=1,ENodeBFunction=1,TermPointToMme=1,
2025-09-10;23:41:03;AL  ;Cleared;ENodeBFunction=1;PLMN Service Redundancy Lost;S1 connection failure for PLMN connected with link represented by MO listed in Additional Information. AI: PLMN = ["2221"],DN1=ManagedElement=1,ENodeBFunction=1,TermPointToMme=5,DN2=ManagedElement=1,ENodeBFunction=1,TermPointToMme=4,DN3=ManagedElement=1,ENodeBFunction=1,TermPointToMme=2,DN4=ManagedElement=1,ENodeBFunction=1,TermPointToMme=1,
2025-09-10;23:41:03;AL  ;Minor ;ENodeBFunction=1;PLMN Service Unavailable;S1 Connection Failure for PLMNs listed in Additional Information. AI: PLMN = ["2221"],
2025-09-10;23:41:03;AL  ;Major ;EUtranCellFDD=KS9CT3;Service Unavailable;This is a secondary alarm, use alarm correlation information in Additional Information to find primary alarm.
2025-09-10;23:41:03;AL  ;Major ;EUtranCellFDD=KS9CT2;Service Unavailable;This is a secondary alarm, use alarm correlation information in Additional Information to find primary alarm.
2025-09-10;23:41:03;AL  ;Major ;EUtranCellFDD=KS9CT1;Service Unavailable;This is a secondary alarm, use alarm correlation information in Additional Information to find primary alarm.
2025-09-10;23:41:03;AL  ;Major ;EUtranCellFDD=KS9CM3;Service Unavailable;This is a secondary alarm, use alarm correlation information in Additional Information to find primary alarm.
2025-09-10;23:41:03;AL  ;Major ;EUtranCellFDD=KS9CM2;Service Unavailable;This is a secondary alarm, use alarm correlation information in Additional Information to find primary alarm.
2025-09-10;23:41:03;AL  ;Major ;EUtranCellFDD=KS9CM1;Service Unavailable;This is a secondary alarm, use alarm correlation information in Additional Information to find primary alarm.
2025-09-10;23:41:03;AL  ;Major ;EUtranCellFDD=KS9CE3;Service Unavailable;This is a secondary alarm, use alarm correlation information in Additional Information to find primary alarm.
2025-09-10;23:41:03;AL  ;Major ;EUtranCellFDD=KS9CE2;Service Unavailable;This is a secondary alarm, use alarm correlation information in Additional Information to find primary alarm.
2025-09-10;23:41:03;AL  ;Major ;EUtranCellFDD=KS9CE1;Service Unavailable;This is a secondary alarm, use alarm correlation information in Additional Information to find primary alarm.
2025-09-10;23:41:03;AL  ;Major ;NbIotCell=KS9CN3;Service Unavailable;This is a secondary alarm, use alarm correlation information in Additional Information to find primary alarm.
2025-09-10;23:41:03;AL  ;Major ;NbIotCell=KS9CN2;Service Unavailable;This is a secondary alarm, use alarm correlation information in Additional Information to find primary alarm.
2025-09-10;23:41:03;AL  ;Major ;NbIotCell=KS9CN1;Service Unavailable;This is a secondary alarm, use alarm correlation information in Additional Information to find primary alarm.
2025-09-10;23:41:51;AL  ;Major ;Synchronization=1,RadioEquipmentClock=1,RadioEquipmentClockReference=PTP8275_2;Sync PTP Time Reachability Fault;No PTP messages
2025-09-10;23:51:55;AL  ;Cleared;ENodeBFunction=1;PLMN Service Unavailable;S1 Connection Failure for PLMNs listed in Additional Information. AI: PLMN = ["2221"],
2025-09-10;23:51:55;AL  ;Cleared;EUtranCellFDD=KS9CT3;Service Unavailable;This is a secondary alarm, use alarm correlation information in Additional Information to find primary alarm.
2025-09-10;23:51:55;AL  ;Cleared;EUtranCellFDD=KS9CT2;Service Unavailable;This is a secondary alarm, use alarm correlation information in Additional Information to find primary alarm.
2025-09-10;23:51:55;AL  ;Cleared;EUtranCellFDD=KS9CT1;Service Unavailable;This is a secondary alarm, use alarm correlation information in Additional Information to find primary alarm.
2025-09-10;23:51:55;AL  ;Cleared;EUtranCellFDD=KS9CM3;Service Unavailable;This is a secondary alarm, use alarm correlation information in Additional Information to find primary alarm.
2025-09-10;23:51:55;AL  ;Cleared;EUtranCellFDD=KS9CM2;Service Unavailable;This is a secondary alarm, use alarm correlation information in Additional Information to find primary alarm.
2025-09-10;23:51:55;AL  ;Cleared;EUtranCellFDD=KS9CM1;Service Unavailable;This is a secondary alarm, use alarm correlation information in Additional Information to find primary alarm.
2025-09-10;23:51:55;AL  ;Cleared;EUtranCellFDD=KS9CE3;Service Unavailable;This is a secondary alarm, use alarm correlation information in Additional Information to find primary alarm.
2025-09-10;23:51:55;AL  ;Cleared;EUtranCellFDD=KS9CE2;Service Unavailable;This is a secondary alarm, use alarm correlation information in Additional Information to find primary alarm.
2025-09-10;23:51:55;AL  ;Cleared;EUtranCellFDD=KS9CE1;Service Unavailable;This is a secondary alarm, use alarm correlation information in Additional Information to find primary alarm.
2025-09-10;23:51:55;AL  ;Cleared;NbIotCell=KS9CN3;Service Unavailable;This is a secondary alarm, use alarm correlation information in Additional Information to find primary alarm.
2025-09-10;23:51:55;AL  ;Cleared;NbIotCell=KS9CN2;Service Unavailable;This is a secondary alarm, use alarm correlation information in Additional Information to find primary alarm.
2025-09-10;23:51:55;AL  ;Cleared;NbIotCell=KS9CN1;Service Unavailable;This is a secondary alarm, use alarm correlation information in Additional Information to find primary alarm.
2025-09-10;23:53:07;AL  ;Warning;ENodeBFunction=1;PLMN Service Redundancy Lost;S1 connection failure for PLMN connected with link represented by MO listed in Additional Information. AI: PLMN = ["2221"],DN1=ManagedElement=1,ENodeBFunction=1,TermPointToMme=3,
2025-09-10;23:53:13;AL  ;Cleared;ENodeBFunction=1;PLMN Service Redundancy Lost;S1 connection failure for PLMN connected with link represented by MO listed in Additional Information. AI: PLMN = ["2221"],DN1=ManagedElement=1,ENodeBFunction=1,TermPointToMme=4,DN2=ManagedElement=1,ENodeBFunction=1,TermPointToMme=3,DN3=ManagedElement=1,ENodeBFunction=1,TermPointToMme=2,DN4=ManagedElement=1,ENodeBFunction=1,TermPointToMme=1,
2025-09-10;23:53:13;AL  ;Minor ;ENodeBFunction=1;PLMN Service Unavailable;S1 Connection Failure for PLMNs listed in Additional Information. AI: PLMN = ["2221"],
2025-09-10;23:53:13;AL  ;Major ;EUtranCellFDD=KS9CT3;Service Unavailable;This is a secondary alarm, use alarm correlation information in Additional Information to find primary alarm.
2025-09-10;23:53:13;AL  ;Major ;EUtranCellFDD=KS9CT2;Service Unavailable;This is a secondary alarm, use alarm correlation information in Additional Information to find primary alarm.
2025-09-10;23:53:13;AL  ;Major ;EUtranCellFDD=KS9CT1;Service Unavailable;This is a secondary alarm, use alarm correlation information in Additional Information to find primary alarm.
2025-09-10;23:53:13;AL  ;Major ;EUtranCellFDD=KS9CM3;Service Unavailable;This is a secondary alarm, use alarm correlation information in Additional Information to find primary alarm.
2025-09-10;23:53:13;AL  ;Major ;EUtranCellFDD=KS9CM2;Service Unavailable;This is a secondary alarm, use alarm correlation information in Additional Information to find primary alarm.
2025-09-10;23:53:13;AL  ;Major ;EUtranCellFDD=KS9CM1;Service Unavailable;This is a secondary alarm, use alarm correlation information in Additional Information to find primary alarm.
2025-09-10;23:53:13;AL  ;Major ;EUtranCellFDD=KS9CE3;Service Unavailable;This is a secondary alarm, use alarm correlation information in Additional Information to find primary alarm.
2025-09-10;23:53:13;AL  ;Major ;EUtranCellFDD=KS9CE2;Service Unavailable;This is a secondary alarm, use alarm correlation information in Additional Information to find primary alarm.
2025-09-10;23:53:13;AL  ;Major ;EUtranCellFDD=KS9CE1;Service Unavailable;This is a secondary alarm, use alarm correlation information in Additional Information to find primary alarm.
2025-09-10;23:53:13;AL  ;Major ;NbIotCell=KS9CN3;Service Unavailable;This is a secondary alarm, use alarm correlation information in Additional Information to find primary alarm.
2025-09-10;23:53:13;AL  ;Major ;NbIotCell=KS9CN2;Service Unavailable;This is a secondary alarm, use alarm correlation information in Additional Information to find primary alarm.
2025-09-10;23:53:13;AL  ;Major ;NbIotCell=KS9CN1;Service Unavailable;This is a secondary alarm, use alarm correlation information in Additional Information to find primary alarm.
2025-09-10;23:54:14;AL  ;Cleared;ENodeBFunction=1;PLMN Service Unavailable;S1 Connection Failure for PLMNs listed in Additional Information. AI: PLMN = ["2221"],
2025-09-10;23:54:14;AL  ;Cleared;EUtranCellFDD=KS9CT3;Service Unavailable;This is a secondary alarm, use alarm correlation information in Additional Information to find primary alarm.
2025-09-10;23:54:14;AL  ;Cleared;EUtranCellFDD=KS9CT2;Service Unavailable;This is a secondary alarm, use alarm correlation information in Additional Information to find primary alarm.
2025-09-10;23:54:14;AL  ;Cleared;EUtranCellFDD=KS9CT1;Service Unavailable;This is a secondary alarm, use alarm correlation information in Additional Information to find primary alarm.
2025-09-10;23:54:14;AL  ;Cleared;EUtranCellFDD=KS9CM3;Service Unavailable;This is a secondary alarm, use alarm correlation information in Additional Information to find primary alarm.
2025-09-10;23:54:14;AL  ;Cleared;EUtranCellFDD=KS9CM2;Service Unavailable;This is a secondary alarm, use alarm correlation information in Additional Information to find primary alarm.
2025-09-10;23:54:14;AL  ;Cleared;EUtranCellFDD=KS9CM1;Service Unavailable;This is a secondary alarm, use alarm correlation information in Additional Information to find primary alarm.
2025-09-10;23:54:14;AL  ;Cleared;EUtranCellFDD=KS9CE3;Service Unavailable;This is a secondary alarm, use alarm correlation information in Additional Information to find primary alarm.
2025-09-10;23:54:14;AL  ;Cleared;EUtranCellFDD=KS9CE2;Service Unavailable;This is a secondary alarm, use alarm correlation information in Additional Information to find primary alarm.
2025-09-10;23:54:14;AL  ;Cleared;EUtranCellFDD=KS9CE1;Service Unavailable;This is a secondary alarm, use alarm correlation information in Additional Information to find primary alarm.
2025-09-10;23:54:14;AL  ;Cleared;NbIotCell=KS9CN3;Service Unavailable;This is a secondary alarm, use alarm correlation information in Additional Information to find primary alarm.
2025-09-10;23:54:14;AL  ;Cleared;NbIotCell=KS9CN2;Service Unavailable;This is a secondary alarm, use alarm correlation information in Additional Information to find primary alarm.
2025-09-10;23:54:14;AL  ;Cleared;NbIotCell=KS9CN1;Service Unavailable;This is a secondary alarm, use alarm correlation information in Additional Information to find primary alarm.
2025-09-10;23:54:14;AL  ;Warning;ENodeBFunction=1;PLMN Service Redundancy Lost;S1 connection failure for PLMN connected with link represented by MO listed in Additional Information. AI: PLMN = ["2221"],DN1=ManagedElement=1,ENodeBFunction=1,TermPointToMme=5,DN2=ManagedElement=1,ENodeBFunction=1,TermPointToMme=4,DN3=ManagedElement=1,ENodeBFunction=1,TermPointToMme=2,DN4=ManagedElement=1,ENodeBFunction=1,TermPointToMme=1,
2025-09-10;23:54:20;AL  ;Cleared;ENodeBFunction=1;PLMN Service Redundancy Lost;S1 connection failure for PLMN connected with link represented by MO listed in Additional Information. AI: PLMN = ["2221"],DN1=ManagedElement=1,ENodeBFunction=1,TermPointToMme=5,
2025-09-10;23:55:59;AL  ;Cleared;Synchronization=1,RadioEquipmentClock=1,RadioEquipmentClockReference=PTP8275_2;Sync PTP Time Reachability Fault;No granted service from PTP grandmaster
2025-09-11;04:46:47;AL  ;Minor ;ENodeBFunction=1;PLMN Service Unavailable;S1 Connection Failure for PLMNs listed in Additional Information. AI: PLMN = ["2221"],
2025-09-11;04:46:47;AL  ;Major ;EUtranCellFDD=KS9CT3;Service Unavailable;This is a secondary alarm, use alarm correlation information in Additional Information to find primary alarm.
2025-09-11;04:46:47;AL  ;Major ;EUtranCellFDD=KS9CT2;Service Unavailable;This is a secondary alarm, use alarm correlation information in Additional Information to find primary alarm.
2025-09-11;04:46:47;AL  ;Major ;EUtranCellFDD=KS9CT1;Service Unavailable;This is a secondary alarm, use alarm correlation information in Additional Information to find primary alarm.
2025-09-11;04:46:47;AL  ;Major ;EUtranCellFDD=KS9CM3;Service Unavailable;This is a secondary alarm, use alarm correlation information in Additional Information to find primary alarm.
2025-09-11;04:46:47;AL  ;Major ;EUtranCellFDD=KS9CM2;Service Unavailable;This is a secondary alarm, use alarm correlation information in Additional Information to find primary alarm.
2025-09-11;04:46:47;AL  ;Major ;EUtranCellFDD=KS9CM1;Service Unavailable;This is a secondary alarm, use alarm correlation information in Additional Information to find primary alarm.
2025-09-11;04:46:47;AL  ;Major ;EUtranCellFDD=KS9CE3;Service Unavailable;This is a secondary alarm, use alarm correlation information in Additional Information to find primary alarm.
2025-09-11;04:46:47;AL  ;Major ;EUtranCellFDD=KS9CE2;Service Unavailable;This is a secondary alarm, use alarm correlation information in Additional Information to find primary alarm.
2025-09-11;04:46:47;AL  ;Major ;EUtranCellFDD=KS9CE1;Service Unavailable;This is a secondary alarm, use alarm correlation information in Additional Information to find primary alarm.
2025-09-11;04:46:47;AL  ;Major ;NbIotCell=KS9CN3;Service Unavailable;This is a secondary alarm, use alarm correlation information in Additional Information to find primary alarm.
2025-09-11;04:46:47;AL  ;Major ;NbIotCell=KS9CN2;Service Unavailable;This is a secondary alarm, use alarm correlation information in Additional Information to find primary alarm.
2025-09-11;04:46:47;AL  ;Major ;NbIotCell=KS9CN1;Service Unavailable;This is a secondary alarm, use alarm correlation information in Additional Information to find primary alarm.
2025-09-11;04:47:39;AL  ;Major ;Synchronization=1,RadioEquipmentClock=1,RadioEquipmentClockReference=PTP8275_2;Sync PTP Time Reachability Fault;No PTP messages
2025-09-11;04:50:20;AL  ;Cleared;ENodeBFunction=1;PLMN Service Unavailable;S1 Connection Failure for PLMNs listed in Additional Information. AI: PLMN = ["2221"],
2025-09-11;04:50:20;AL  ;Cleared;EUtranCellFDD=KS9CT3;Service Unavailable;This is a secondary alarm, use alarm correlation information in Additional Information to find primary alarm.
2025-09-11;04:50:20;AL  ;Cleared;EUtranCellFDD=KS9CT2;Service Unavailable;This is a secondary alarm, use alarm correlation information in Additional Information to find primary alarm.
2025-09-11;04:50:20;AL  ;Cleared;EUtranCellFDD=KS9CT1;Service Unavailable;This is a secondary alarm, use alarm correlation information in Additional Information to find primary alarm.
2025-09-11;04:50:20;AL  ;Cleared;EUtranCellFDD=KS9CM3;Service Unavailable;This is a secondary alarm, use alarm correlation information in Additional Information to find primary alarm.
2025-09-11;04:50:20;AL  ;Cleared;EUtranCellFDD=KS9CM2;Service Unavailable;This is a secondary alarm, use alarm correlation information in Additional Information to find primary alarm.
2025-09-11;04:50:20;AL  ;Cleared;EUtranCellFDD=KS9CM1;Service Unavailable;This is a secondary alarm, use alarm correlation information in Additional Information to find primary alarm.
2025-09-11;04:50:20;AL  ;Cleared;EUtranCellFDD=KS9CE3;Service Unavailable;This is a secondary alarm, use alarm correlation information in Additional Information to find primary alarm.
2025-09-11;04:50:20;AL  ;Cleared;EUtranCellFDD=KS9CE2;Service Unavailable;This is a secondary alarm, use alarm correlation information in Additional Information to find primary alarm.
2025-09-11;04:50:20;AL  ;Cleared;EUtranCellFDD=KS9CE1;Service Unavailable;This is a secondary alarm, use alarm correlation information in Additional Information to find primary alarm.
2025-09-11;04:50:20;AL  ;Cleared;NbIotCell=KS9CN3;Service Unavailable;This is a secondary alarm, use alarm correlation information in Additional Information to find primary alarm.
2025-09-11;04:50:20;AL  ;Cleared;NbIotCell=KS9CN2;Service Unavailable;This is a secondary alarm, use alarm correlation information in Additional Information to find primary alarm.
2025-09-11;04:50:20;AL  ;Cleared;NbIotCell=KS9CN1;Service Unavailable;This is a secondary alarm, use alarm correlation information in Additional Information to find primary alarm.
2025-09-11;04:52:17;AL  ;Cleared;Synchronization=1,RadioEquipmentClock=1,RadioEquipmentClockReference=PTP8275_2;Sync PTP Time Reachability Fault;No PTP messages
2025-09-16;09:53:45;AL  ;Warning;ENodeBFunction=1;PLMN Service Redundancy Lost;S1 connection failure for PLMN connected with link represented by MO listed in Additional Information. AI: PLMN = ["2221"],DN1=ManagedElement=1,ENodeBFunction=1,TermPointToMme=5,
2025-09-16;09:56:15;AL  ;Cleared;ENodeBFunction=1;PLMN Service Redundancy Lost;S1 connection failure for PLMN connected with link represented by MO listed in Additional Information. AI: PLMN = ["2221"],DN1=ManagedElement=1,ENodeBFunction=1,TermPointToMme=5,
2025-09-24;03:16:43;AL  ;Critical;FieldReplaceableUnit=BB-1,AlarmPort=4;External Alarm;ALLARME FASE E RETE
2025-09-24;03:17:29;AL  ;Cleared;FieldReplaceableUnit=BB-1,AlarmPort=4;External Alarm;ALLARME FASE E RETE
2025-09-24;03:21:02;AL  ;Critical;FieldReplaceableUnit=BB-1,AlarmPort=4;External Alarm;ALLARME FASE E RETE
2025-09-24;03:21:43;AL  ;Cleared;FieldReplaceableUnit=BB-1,AlarmPort=4;External Alarm;ALLARME FASE E RETE
2025-09-24;03:22:36;AL  ;Critical;FieldReplaceableUnit=BB-1,AlarmPort=4;External Alarm;ALLARME FASE E RETE
2025-09-24;03:23:02;AL  ;Cleared;FieldReplaceableUnit=BB-1,AlarmPort=4;External Alarm;ALLARME FASE E RETE
2025-09-29;13:05:19;AL  ;Minor ;ENodeBFunction=1;External Link Failure;X2 link problem to one or several neighbouring eNodeBs. AI: PLMN ID-eNB ID 1 = 2221-650774
2025-09-30;06:54:49;AL  ;Minor ;ENodeBFunction=1;External Link Failure;X2 link problem to one or several neighbouring eNodeBs. AI: PLMN ID-eNB ID 1 = 2221-650774 PLMN ID-eNB ID 2 = 2221-650449
2025-10-03;10:42:24;AL  ;Minor ;ENodeBFunction=1;External Link Failure;X2 link problem to one or several neighbouring eNodeBs. AI: PLMN ID-eNB ID 1 = 2221-650449
2025-10-05;09:25:42;AL  ;Cleared;ENodeBFunction=1;External Link Failure;X2 link problem to one or several neighbouring eNodeBs. AI: PLMN ID-eNB ID 1 = 2221-650449
2025-10-05;11:46:47;AL  ;Minor ;ENodeBFunction=1;External Link Failure;X2 link problem to one or several neighbouring eNodeBs. AI: PLMN ID-eNB ID 1 = 2221-650599
2025-10-05;12:12:47;AL  ;Cleared;ENodeBFunction=1;External Link Failure;X2 link problem to one or several neighbouring eNodeBs. AI: PLMN ID-eNB ID 1 = 2221-650599
2025-10-05;12:22:25;AL  ;Minor ;ENodeBFunction=1;External Link Failure;X2 link problem to one or several neighbouring eNodeBs. AI: PLMN ID-eNB ID 1 = 2221-650599
2025-10-05;12:43:05;AL  ;Cleared;ENodeBFunction=1;External Link Failure;X2 link problem to one or several neighbouring eNodeBs. AI: PLMN ID-eNB ID 1 = 2221-650599
2025-10-05;14:20:46;AL  ;Warning;ENodeBFunction=1;PLMN Service Redundancy Lost;S1 connection failure for PLMN connected with link represented by MO listed in Additional Information. AI: PLMN = ["2221"],DN1=ManagedElement=1,ENodeBFunction=1,TermPointToMme=5,DN2=ManagedElement=1,ENodeBFunction=1,TermPointToMme=4,DN3=ManagedElement=1,ENodeBFunction=1,TermPointToMme=2,DN4=ManagedElement=1,ENodeBFunction=1,TermPointToMme=1,
2025-10-05;14:20:51;AL  ;Cleared;ENodeBFunction=1;PLMN Service Redundancy Lost;S1 connection failure for PLMN connected with link represented by MO listed in Additional Information. AI: PLMN = ["2221"],DN1=ManagedElement=1,ENodeBFunction=1,TermPointToMme=5,DN2=ManagedElement=1,ENodeBFunction=1,TermPointToMme=4,DN3=ManagedElement=1,ENodeBFunction=1,TermPointToMme=2,DN4=ManagedElement=1,ENodeBFunction=1,TermPointToMme=1,
2025-10-05;14:20:51;AL  ;Minor ;ENodeBFunction=1;PLMN Service Unavailable;S1 Connection Failure for PLMNs listed in Additional Information. AI: PLMN = ["2221"],
2025-10-05;14:20:51;AL  ;Major ;EUtranCellFDD=KS9CT3;Service Unavailable;This is a secondary alarm, use alarm correlation information in Additional Information to find primary alarm.
2025-10-05;14:20:51;AL  ;Major ;EUtranCellFDD=KS9CT2;Service Unavailable;This is a secondary alarm, use alarm correlation information in Additional Information to find primary alarm.
2025-10-05;14:20:51;AL  ;Major ;EUtranCellFDD=KS9CT1;Service Unavailable;This is a secondary alarm, use alarm correlation information in Additional Information to find primary alarm.
2025-10-05;14:20:51;AL  ;Major ;EUtranCellFDD=KS9CM3;Service Unavailable;This is a secondary alarm, use alarm correlation information in Additional Information to find primary alarm.
2025-10-05;14:20:51;AL  ;Major ;EUtranCellFDD=KS9CM2;Service Unavailable;This is a secondary alarm, use alarm correlation information in Additional Information to find primary alarm.
2025-10-05;14:20:51;AL  ;Major ;EUtranCellFDD=KS9CM1;Service Unavailable;This is a secondary alarm, use alarm correlation information in Additional Information to find primary alarm.
2025-10-05;14:20:51;AL  ;Major ;EUtranCellFDD=KS9CE3;Service Unavailable;This is a secondary alarm, use alarm correlation information in Additional Information to find primary alarm.
2025-10-05;14:20:51;AL  ;Major ;EUtranCellFDD=KS9CE2;Service Unavailable;This is a secondary alarm, use alarm correlation information in Additional Information to find primary alarm.
2025-10-05;14:20:51;AL  ;Major ;EUtranCellFDD=KS9CE1;Service Unavailable;This is a secondary alarm, use alarm correlation information in Additional Information to find primary alarm.
2025-10-05;14:20:51;AL  ;Major ;NbIotCell=KS9CN3;Service Unavailable;This is a secondary alarm, use alarm correlation information in Additional Information to find primary alarm.
2025-10-05;14:20:51;AL  ;Major ;NbIotCell=KS9CN2;Service Unavailable;This is a secondary alarm, use alarm correlation information in Additional Information to find primary alarm.
2025-10-05;14:20:51;AL  ;Major ;NbIotCell=KS9CN1;Service Unavailable;This is a secondary alarm, use alarm correlation information in Additional Information to find primary alarm.
2025-10-05;14:21:42;AL  ;Major ;Synchronization=1,RadioEquipmentClock=1,RadioEquipmentClockReference=PTP8275_2;Sync PTP Time Reachability Fault;No PTP messages
2025-10-05;14:24:20;AL  ;Warning;ENodeBFunction=1;PLMN Service Redundancy Lost;S1 connection failure for PLMN connected with link represented by MO listed in Additional Information. AI: PLMN = ["2221"],DN1=ManagedElement=1,ENodeBFunction=1,TermPointToMme=3,
2025-10-05;14:24:20;AL  ;Cleared;ENodeBFunction=1;PLMN Service Unavailable;S1 Connection Failure for PLMNs listed in Additional Information. AI: PLMN = ["2221"],
2025-10-05;14:24:20;AL  ;Cleared;EUtranCellFDD=KS9CT3;Service Unavailable;This is a secondary alarm, use alarm correlation information in Additional Information to find primary alarm.
2025-10-05;14:24:20;AL  ;Cleared;EUtranCellFDD=KS9CT2;Service Unavailable;This is a secondary alarm, use alarm correlation information in Additional Information to find primary alarm.
2025-10-05;14:24:20;AL  ;Cleared;EUtranCellFDD=KS9CT1;Service Unavailable;This is a secondary alarm, use alarm correlation information in Additional Information to find primary alarm.
2025-10-05;14:24:20;AL  ;Cleared;EUtranCellFDD=KS9CM3;Service Unavailable;This is a secondary alarm, use alarm correlation information in Additional Information to find primary alarm.
2025-10-05;14:24:20;AL  ;Cleared;EUtranCellFDD=KS9CM2;Service Unavailable;This is a secondary alarm, use alarm correlation information in Additional Information to find primary alarm.
2025-10-05;14:24:20;AL  ;Cleared;EUtranCellFDD=KS9CM1;Service Unavailable;This is a secondary alarm, use alarm correlation information in Additional Information to find primary alarm.
2025-10-05;14:24:20;AL  ;Cleared;EUtranCellFDD=KS9CE3;Service Unavailable;This is a secondary alarm, use alarm correlation information in Additional Information to find primary alarm.
2025-10-05;14:24:20;AL  ;Cleared;EUtranCellFDD=KS9CE2;Service Unavailable;This is a secondary alarm, use alarm correlation information in Additional Information to find primary alarm.
2025-10-05;14:24:20;AL  ;Cleared;EUtranCellFDD=KS9CE1;Service Unavailable;This is a secondary alarm, use alarm correlation information in Additional Information to find primary alarm.
2025-10-05;14:24:20;AL  ;Cleared;NbIotCell=KS9CN3;Service Unavailable;This is a secondary alarm, use alarm correlation information in Additional Information to find primary alarm.
2025-10-05;14:24:20;AL  ;Cleared;NbIotCell=KS9CN2;Service Unavailable;This is a secondary alarm, use alarm correlation information in Additional Information to find primary alarm.
2025-10-05;14:24:20;AL  ;Cleared;NbIotCell=KS9CN1;Service Unavailable;This is a secondary alarm, use alarm correlation information in Additional Information to find primary alarm.
2025-10-05;14:24:25;AL  ;Cleared;ENodeBFunction=1;PLMN Service Redundancy Lost;S1 connection failure for PLMN connected with link represented by MO listed in Additional Information. AI: PLMN = ["2221"],DN1=ManagedElement=1,ENodeBFunction=1,TermPointToMme=3,
2025-10-05;14:26:05;AL  ;Cleared;Synchronization=1,RadioEquipmentClock=1,RadioEquipmentClockReference=PTP8275_2;Sync PTP Time Reachability Fault;No PTP messages
2025-10-05;14:55:35;AL  ;Minor ;ENodeBFunction=1;PLMN Service Unavailable;S1 Connection Failure for PLMNs listed in Additional Information. AI: PLMN = ["2221"],
2025-10-05;14:55:35;AL  ;Major ;EUtranCellFDD=KS9CT3;Service Unavailable;This is a secondary alarm, use alarm correlation information in Additional Information to find primary alarm.
2025-10-05;14:55:35;AL  ;Major ;EUtranCellFDD=KS9CT2;Service Unavailable;This is a secondary alarm, use alarm correlation information in Additional Information to find primary alarm.
2025-10-05;14:55:35;AL  ;Major ;EUtranCellFDD=KS9CT1;Service Unavailable;This is a secondary alarm, use alarm correlation information in Additional Information to find primary alarm.
2025-10-05;14:55:35;AL  ;Major ;EUtranCellFDD=KS9CM3;Service Unavailable;This is a secondary alarm, use alarm correlation information in Additional Information to find primary alarm.
2025-10-05;14:55:35;AL  ;Major ;EUtranCellFDD=KS9CM2;Service Unavailable;This is a secondary alarm, use alarm correlation information in Additional Information to find primary alarm.
2025-10-05;14:55:35;AL  ;Major ;EUtranCellFDD=KS9CM1;Service Unavailable;This is a secondary alarm, use alarm correlation information in Additional Information to find primary alarm.
2025-10-05;14:55:35;AL  ;Major ;EUtranCellFDD=KS9CE3;Service Unavailable;This is a secondary alarm, use alarm correlation information in Additional Information to find primary alarm.
2025-10-05;14:55:35;AL  ;Major ;EUtranCellFDD=KS9CE2;Service Unavailable;This is a secondary alarm, use alarm correlation information in Additional Information to find primary alarm.
2025-10-05;14:55:35;AL  ;Major ;EUtranCellFDD=KS9CE1;Service Unavailable;This is a secondary alarm, use alarm correlation information in Additional Information to find primary alarm.
2025-10-05;14:55:35;AL  ;Major ;NbIotCell=KS9CN3;Service Unavailable;This is a secondary alarm, use alarm correlation information in Additional Information to find primary alarm.
2025-10-05;14:55:35;AL  ;Major ;NbIotCell=KS9CN2;Service Unavailable;This is a secondary alarm, use alarm correlation information in Additional Information to find primary alarm.
2025-10-05;14:55:35;AL  ;Major ;NbIotCell=KS9CN1;Service Unavailable;This is a secondary alarm, use alarm correlation information in Additional Information to find primary alarm.
2025-10-05;14:55:45;AL  ;Minor ;ENodeBFunction=1;External Link Failure;X2 link problem to one or several neighbouring eNodeBs. AI: PLMN ID-eNB ID 1 = 2221-650599
2025-10-05;14:56:29;AL  ;Major ;Synchronization=1,RadioEquipmentClock=1,RadioEquipmentClockReference=PTP8275_2;Sync PTP Time Reachability Fault;No PTP messages
2025-10-05;14:57:17;AL  ;Cleared;ENodeBFunction=1;PLMN Service Unavailable;S1 Connection Failure for PLMNs listed in Additional Information. AI: PLMN = ["2221"],
2025-10-05;14:57:17;AL  ;Cleared;EUtranCellFDD=KS9CT3;Service Unavailable;This is a secondary alarm, use alarm correlation information in Additional Information to find primary alarm.
2025-10-05;14:57:17;AL  ;Cleared;EUtranCellFDD=KS9CT2;Service Unavailable;This is a secondary alarm, use alarm correlation information in Additional Information to find primary alarm.
2025-10-05;14:57:17;AL  ;Cleared;EUtranCellFDD=KS9CT1;Service Unavailable;This is a secondary alarm, use alarm correlation information in Additional Information to find primary alarm.
2025-10-05;14:57:17;AL  ;Cleared;EUtranCellFDD=KS9CM3;Service Unavailable;This is a secondary alarm, use alarm correlation information in Additional Information to find primary alarm.
2025-10-05;14:57:17;AL  ;Cleared;EUtranCellFDD=KS9CM2;Service Unavailable;This is a secondary alarm, use alarm correlation information in Additional Information to find primary alarm.
2025-10-05;14:57:17;AL  ;Cleared;EUtranCellFDD=KS9CM1;Service Unavailable;This is a secondary alarm, use alarm correlation information in Additional Information to find primary alarm.
2025-10-05;14:57:17;AL  ;Cleared;EUtranCellFDD=KS9CE3;Service Unavailable;This is a secondary alarm, use alarm correlation information in Additional Information to find primary alarm.
2025-10-05;14:57:17;AL  ;Cleared;EUtranCellFDD=KS9CE2;Service Unavailable;This is a secondary alarm, use alarm correlation information in Additional Information to find primary alarm.
2025-10-05;14:57:17;AL  ;Cleared;EUtranCellFDD=KS9CE1;Service Unavailable;This is a secondary alarm, use alarm correlation information in Additional Information to find primary alarm.
2025-10-05;14:57:17;AL  ;Cleared;NbIotCell=KS9CN3;Service Unavailable;This is a secondary alarm, use alarm correlation information in Additional Information to find primary alarm.
2025-10-05;14:57:17;AL  ;Cleared;NbIotCell=KS9CN2;Service Unavailable;This is a secondary alarm, use alarm correlation information in Additional Information to find primary alarm.
2025-10-05;14:57:17;AL  ;Cleared;NbIotCell=KS9CN1;Service Unavailable;This is a secondary alarm, use alarm correlation information in Additional Information to find primary alarm.
2025-10-05;14:59:13;AL  ;Cleared;Synchronization=1,RadioEquipmentClock=1,RadioEquipmentClockReference=PTP8275_2;Sync PTP Time Reachability Fault;No PTP messages
2025-10-05;15:06:09;AL  ;Cleared;ENodeBFunction=1;External Link Failure;X2 link problem to one or several neighbouring eNodeBs. AI: PLMN ID-eNB ID 1 = 2221-650599


KS9CT> lgec -m 30d

251007-11:26:08+0200 19.31.6.215 25.0h MSRBS_NODE_MODEL_25.Q1_693.28324.131_62ac stopfile=/tmp/786206

Startdate=20250907.092608, Enddate=20251008.092608
Date;Time;Log;Severity;Object;Event;Cause;AdditionalText;AckState;Id;NotificationId;CorrelatedAlarms
Executing action Log.export()
..
Log=AlertLog                    actionId=3075
...
=================================================================================================================
MO                  actionId result      resultInfo
=================================================================================================================
LogM=1,Log=AlertLog 3075     1 (SUCCESS)           
cat  /ericsson/log/amos/moshell_logfiles/t20251007_37258710_53697/logs_moshell/tempfiles/scp-2-amos_20251007-112528_786136/rcslogs/AlertLog_20231030__130031_20250224__231718.log /ericsson/log/amos/moshell_logfiles/t20251007_37258710_53697/logs_moshell/tempfiles/scp-2-amos_20251007-112528_786136/rcslogs/AlertLog_20250224__231718.log > /ericsson/log/amos/moshell_logfiles/t20251007_37258710_53697/logs_moshell/tempfiles/scp-2-amos_20251007-112528_786136/eventLog786206.xml

Bye...
Output has been logged to file /mta_fs/UserFiles/37258710/amosbatch/2025-10-07_11-07-01_53697/KS9CT.log
