Logging to file /mta_fs/UserFiles/37258710/amosbatch/2025-10-07_11-07-01_53697/RC13E.log
                        __  __  ____   _____
                  /\   |  \/  |/ __ \ / ____|
                 /  \  | \  / | |  | | (___  
                / /\ \ | |\/| | |  | |\___ \ 
               / ____ \| |  | | |__| |____) |
              /_/    \_\_|  |_|\____/|_____/
              OSS Framework for MoShell-25.0h 
  Copyright (c) Ericsson AB 2001-2025 - All Rights Reserved
              
           
[1;31mWARNING: [0mthe AMOS version currently running is more than 22 weeks old and is unsupported.
Please upgrade as soon as possible to the latest released version, available from your local Ericsson support.

$amosrb_pid = 734430

Checking ip contact...OK

HELP MENU            : h
BASIC MO COMMANDS    : m
OTHER MO COMMANDS    : n
OTHER COMMANDS       : o
PM COMMANDS          : p
QUIT                 : q

RC13E> lt all

251007-11:19:31+0200 19.31.12.228 25.0h  stopfile=/tmp/734043
Looking up temporary_amos account... OK.
Trying temporary_amos_t20251007_37258710_53697_313's password from amos lookupAccount ... OK

$ssh_pid = 735446

Connected to 19.31.12.228 (SubNetwork=BBMM_rckomc_R,MeContext=RC13E,ManagedElement=RC13E)

Checking MOM version...MSRBS_NODE_MODEL_25.Q1_693.28324.131_62ac
Parsing MOM (cached): /ericsson/log/amos/moshell_logfiles/t20251007_37258710_53697/logs_moshell/tempfiles/scp-2-amos_20251007-111923_733930/MSRBS_NODE_MODEL_25.Q1_693.28324.131_62ac.xml.cache.gz ..................................................................................................................................................................................................................................Done.
Using paramfile /opt/ericsson/amos/moshell/commonjars/pm/PARAM_MSRBS_25.Q1.txt
Parsing file /opt/ericsson/amos/moshell/commonjars/pm/PARAM_MSRBS_25.Q1.txt .......................................................................................Done.
Using imomdfile /opt/ericsson/amos/moshell/commonjars/pm/IMOMD_MSRBS_22.Q4.txt
Using imomfile /opt/ericsson/amos/moshell/commonjars/pm/IMOM_MSRBS_25.Q1.txt
Connected to 19.31.12.228 (SubNetwork=BBMM_rckomc_R,MeContext=RC13E,ManagedElement=RC13E)

Last MO: 20270. Loaded 20270 MOs. Total: 20271 MOs.

RC13E> hget EUtranCellFDD ^cellid

251007-11:19:46+0200 19.31.12.228 25.0h MSRBS_NODE_MODEL_25.Q1_693.28324.131_62ac stopfile=/tmp/734043
.
=================================================================================================================
MO                   cellId
=================================================================================================================
EUtranCellFDD=RC13E1 61    
EUtranCellFDD=RC13E2 62    
EUtranCellFDD=RC13E3 63    
EUtranCellFDD=RC13E4 64    
EUtranCellFDD=RC13F1 81    
EUtranCellFDD=RC13F2 82    
EUtranCellFDD=RC13F3 83    
EUtranCellFDD=RC13F4 84    
EUtranCellFDD=RC13L1 21    
EUtranCellFDD=RC13L2 22    
EUtranCellFDD=RC13L3 23    
EUtranCellFDD=RC13L4 24    
=================================================================================================================
Total: 12 MOs

Added 12 MOs to group: hget_group

RC13E> hget NbIotCell ^cellid

251007-11:19:47+0200 19.31.12.228 25.0h MSRBS_NODE_MODEL_25.Q1_693.28324.131_62ac stopfile=/tmp/734043
.
=================================================================================================================
MO               cellId
=================================================================================================================
NbIotCell=RC13N1 161   
NbIotCell=RC13N2 162   
NbIotCell=RC13N3 163   
NbIotCell=RC13N4 164   
=================================================================================================================
Total: 4 MOs

Added 4 MOs to group: hget_group

RC13E> hget NRCellDU ^cellLocalId

251007-11:19:47+0200 19.31.12.228 25.0h MSRBS_NODE_MODEL_25.Q1_693.28324.131_62ac stopfile=/tmp/734043
Total: 0 MOs

RC13E> lgdc -m 30d

251007-11:19:47+0200 19.31.12.228 25.0h MSRBS_NODE_MODEL_25.Q1_693.28324.131_62ac stopfile=/tmp/734043

Startdate=20250907.091947, Enddate=20251008.091947
INFO: Using amos lookupAccount credentials for the export login

Executing action LogM.exportAvailabilityLog()
...LogM=1,exportAvailabilityLog    actionId=36322
...
=================================================================================================================
MO     actionId result      resultInfo
=================================================================================================================
LogM=1 36322    1 (SUCCESS)           
cp /ericsson/log/amos/moshell_logfiles/t20251007_37258710_53697/logs_moshell/tempfiles/scp-2-amos_20251007-111923_733930/rcslogs/RBS_CS_AVAILABILITY_LOG_20251007091950.xml /ericsson/log/amos/moshell_logfiles/t20251007_37258710_53697/logs_moshell/tempfiles/scp-2-amos_20251007-111923_733930/availabilityLog734043.xml
Parsing availabilityLog.......Done.
....
Date;Time;RestartType;SwVersion;SwRelease;RCSDowntime;ApplicationDowntime;TNDowntime;RATsDowntime;ExtraInfo;ExtraInfo2
2025-09-08;04:47:01;PartialOutage(Manual);8% Lrat Cell 63; ();9s;;;;;
2025-09-08;04:47:12;PartialOutage(Manual);25% Lrat Cell 162 163; ();4s;;;;;
2025-09-08;04:47:16;PartialOutage(Manual);8% Lrat Cell 62; ();6s;;;;;
2025-09-08;04:47:24;PartialOutage(Manual);8% Lrat Cell 64; ();9s;;;;;
2025-09-08;04:47:35;PartialOutage(Manual);41% Lrat Cell 161 164; ();3s;;;;;
2025-09-08;04:47:38;PartialOutage(Manual);8% Lrat Cell 61; ();9s;;;;;
2025-09-08;04:47:48;PartialOutage(Manual);43% Lrat Cell 161; ();8s;;;;;
2025-09-08;04:48:00;PartialOutage(Manual);8% Lrat Cell 83; ();9s;;;;;
2025-09-08;04:48:20;PartialOutage(Manual);8% Lrat Cell 82; ();7s;;;;;
2025-09-08;04:48:32;PartialOutage(Manual);8% Lrat Cell 81; ();8s;;;;;
2025-09-08;04:48:45;PartialOutage(Manual);8% Lrat Cell 22; ();8s;;;;;
2025-09-08;04:48:56;PartialOutage(Manual);8% Lrat Cell 21; ();8s;;;;;
2025-09-08;04:49:07;PartialOutage(Manual);8% Lrat Cell 24; ();10s;;;;;
2025-09-08;04:49:19;PartialOutage(Manual);8% Lrat Cell 23; ();10s;;;;;
2025-09-26;08:24:58;PartialOutage(Manual);25% Lrat Cell 162; ();6s;;;;;
2025-09-26;08:25:04;PartialOutage(Manual);0% Lrat Cell 62; ();76s (1m16s);;;;;
2025-09-26;08:26:20;PartialOutage(Manual);25% Lrat Cell 162 163; ();31s;;;;;
2025-09-26;08:26:51;PartialOutage(Manual);31% Lrat Cell 163; ();36s;;;;;
2025-09-26;08:35:46;PartialOutage(Manual);25% Lrat Cell 162; ();179s (2m59s);;;;;
2025-09-26;08:42:44;PartialOutage(Manual);25% Lrat Cell 162; ();2s;;;;;
2025-09-26;08:42:46;PartialOutage(Manual);8% Lrat Cell 62; ();786s (13m6s);;;;;
2025-09-26;08:56:04;PartialOutage(Manual);25% Lrat Cell 163; ();2s;;;;;
2025-09-26;08:56:06;PartialOutage(Manual);8% Lrat Cell 63; ();170s (2m50s);;;;;
2025-09-26;12:02:45;ManualCold(1);CXP2010174/2_R27J08;CXP2010174/2_R27J08 (25.Q1);78s (1m18s);144s (2m24s);104s (1m44s);L=144s G=153s ;Requested: RankCold OperatorInitiated Cold Performed: RankCold OperatorInitiated Cold;Lrat LRAT Traffic Control active, Grat GRAT Traffic Control active
2025-09-26;12:05:09;PartialOutage(Manual);92% Lrat Cell 61 62 63 64 81 83 84 21 22 23 24;CXP2010174/2_R27J08 (25.Q1);1s;;;;;
2025-09-26;12:05:10;PartialOutage(Manual);67% Lrat Cell 61 62 63 64 21 22 23 24;CXP2010174/2_R27J08 (25.Q1);1s;;;;;
2025-09-26;12:05:11;PartialOutage(Manual);42% Lrat Cell 61 62 63 64 24;CXP2010174/2_R27J08 (25.Q1);1s;;;;;
2025-09-26;12:05:12;PartialOutage(Manual);33% Lrat Cell 61 62 63 64;CXP2010174/2_R27J08 (25.Q1);1s;;;;;
2025-09-26;12:05:13;PartialOutage(Manual);75% Lrat Cell 161 163 164;CXP2010174/2_R27J08 (25.Q1);1s;;;;;

Node uptime since last restart: 940488 seconds (10 days, 21 hours, 14 minutes, 48 seconds)
------------------------------------------------------------------------------------------------------
Period=30 days       NodeUpgrade      NodeManual       NodeSpontaneous  AllNodeRestarts  PartialOutages  
------------------------------------------------------------------------------------------------------
Number Of outages    0                1                0                1                28              
Total downtime       0s               144s (2m24s)     0s               144s (2m24s)     1401s (23m21s)  
Downtime per day     0s               5s               0s               5s               47s             
Downtime per outage  0s               144s (2m24s)     0s               144s (2m24s)     50s             

RC13E> lgac -m 30d

251007-11:19:57+0200 19.31.12.228 25.0h MSRBS_NODE_MODEL_25.Q1_693.28324.131_62ac stopfile=/tmp/734043

Startdate=20250907.091957, Enddate=20251008.091957
Date;Time;Log;Severity;Object;Event;Cause;AdditionalText;AckState;Id;NotificationId;CorrelatedAlarms
Executing action Log.export()
..
Log=AlarmLog                    actionId=36323
.............
=================================================================================================================
MO                  actionId result      resultInfo
=================================================================================================================
LogM=1,Log=AlarmLog 36323    1 (SUCCESS)           
cat  /ericsson/log/amos/moshell_logfiles/t20251007_37258710_53697/logs_moshell/tempfiles/scp-2-amos_20251007-111923_733930/rcslogs/saLogAlarm_20231220__133950_20240901__111659.log /ericsson/log/amos/moshell_logfiles/t20251007_37258710_53697/logs_moshell/tempfiles/scp-2-amos_20251007-111923_733930/rcslogs/saLogAlarm_20240901__111659_20250224__233842.log /ericsson/log/amos/moshell_logfiles/t20251007_37258710_53697/logs_moshell/tempfiles/scp-2-amos_20251007-111923_733930/rcslogs/saLogAlarm_20250224__233842.log > /ericsson/log/amos/moshell_logfiles/t20251007_37258710_53697/logs_moshell/tempfiles/scp-2-amos_20251007-111923_733930/alarmLog734043.xml
2025-09-07;09:48:15;AL  ;Cleared;EUtraNetwork=1,ExternalENodeBFunction=2221-650818;Inter Node Carrier Aggregation Service Unavailable;Elastic RAN Carrier Aggregation is not available towards remote eNodeB.
2025-09-07;09:48:20;AL  ;Cleared;EUtraNetwork=1,ExternalENodeBFunction=2221-650782;Inter Node Carrier Aggregation Service Unavailable;Elastic RAN Carrier Aggregation is not available towards remote eNodeB.
2025-09-07;09:48:24;AL  ;Minor ;EUtraNetwork=1,ExternalENodeBFunction=2221-650818;Inter Node Carrier Aggregation Service Unavailable;Elastic RAN Carrier Aggregation is not available towards remote eNodeB.
2025-09-07;09:49:13;AL  ;Minor ;EUtraNetwork=1,ExternalENodeBFunction=2221-650782;Inter Node Carrier Aggregation Service Unavailable;Elastic RAN Carrier Aggregation is not available towards remote eNodeB.
2025-09-07;10:06:57;AL  ;Cleared;EUtraNetwork=1,ExternalENodeBFunction=2221-650818;Inter Node Carrier Aggregation Service Unavailable;Elastic RAN Carrier Aggregation is not available towards remote eNodeB.
2025-09-07;10:12:20;AL  ;Cleared;EUtraNetwork=1,ExternalENodeBFunction=2221-650782;Inter Node Carrier Aggregation Service Unavailable;Elastic RAN Carrier Aggregation is not available towards remote eNodeB.
2025-09-07;11:59:34;AL  ;Minor ;ENodeBFunction=1;External Link Failure;X2 link problem to one or several neighbouring eNodeBs. AI: PLMN ID-eNB ID 1 = 2221-600715
2025-09-08;03:41:48;AL  ;Warning;ENodeBFunction=1;PLMN Service Redundancy Lost;S1 connection failure for PLMN connected with link represented by MO listed in Additional Information. AI: PLMN = ["2221"],DN1=ManagedElement=1,ENodeBFunction=1,TermPointToMme=4,
2025-09-08;03:42:19;AL  ;Cleared;ENodeBFunction=1;PLMN Service Redundancy Lost;S1 connection failure for PLMN connected with link represented by MO listed in Additional Information. AI: PLMN = ["2221"],DN1=ManagedElement=1,ENodeBFunction=1,TermPointToMme=4,
2025-09-08;06:29:50;AL  ;Cleared;ENodeBFunction=1;External Link Failure;X2 link problem to one or several neighbouring eNodeBs. AI: PLMN ID-eNB ID 1 = 2221-600715
2025-09-08;10:28:50;AL  ;Minor ;ENodeBFunction=1;External Link Failure;X2 link problem to one or several neighbouring eNodeBs. AI: PLMN ID-eNB ID 1 = 2221-211921
2025-09-08;15:38:50;AL  ;Cleared;ENodeBFunction=1;External Link Failure;X2 link problem to one or several neighbouring eNodeBs. AI: PLMN ID-eNB ID 1 = 2221-211921
2025-09-08;23:19:33;AL  ;Minor ;ENodeBFunction=1;External Link Failure;X2 link problem to one or several neighbouring eNodeBs. AI: PLMN ID-eNB ID 1 = 2221-600147
2025-09-08;23:20:11;AL  ;Cleared;ENodeBFunction=1;External Link Failure;X2 link problem to one or several neighbouring eNodeBs. AI: PLMN ID-eNB ID 1 = 2221-600147
2025-09-09;08:23:25;AL  ;Minor ;EUtraNetwork=1,ExternalENodeBFunction=2221-650818;Inter Node Carrier Aggregation Service Unavailable;Elastic RAN Carrier Aggregation is not available towards remote eNodeB.
2025-09-10;08:29:52;AL  ;Minor ;ENodeBFunction=1;External Link Failure;X2 link problem to one or several neighbouring eNodeBs. AI: PLMN ID-eNB ID 1 = 2221-600733
2025-09-10;09:50:44;AL  ;Minor ;ENodeBFunction=1;External Link Failure;X2 link problem to one or several neighbouring eNodeBs. AI: PLMN ID-eNB ID 1 = 2221-600733 PLMN ID-eNB ID 2 = 2221-600610 PLMN ID-eNB ID 3 = 2221-206128
2025-09-10;12:19:55;AL  ;Minor ;ENodeBFunction=1;External Link Failure;X2 link problem to one or several neighbouring eNodeBs. AI: PLMN ID-eNB ID 1 = 2221-600733
2025-09-10;12:46:15;AL  ;Cleared;ENodeBFunction=1;External Link Failure;X2 link problem to one or several neighbouring eNodeBs. AI: PLMN ID-eNB ID 1 = 2221-600733
2025-09-11;06:30:29;AL  ;Minor ;ENodeBFunction=1;External Link Failure;X2 link problem to one or several neighbouring eNodeBs. AI: PLMN ID-eNB ID 1 = 2221-601301
2025-09-11;09:34:26;AL  ;Minor ;ENodeBFunction=1;External Link Failure;X2 link problem to one or several neighbouring eNodeBs. AI: PLMN ID-eNB ID 1 = 2221-601301 PLMN ID-eNB ID 2 = 2221-211921
2025-09-11;11:44:47;AL  ;Minor ;ENodeBFunction=1;External Link Failure;X2 link problem to one or several neighbouring eNodeBs. AI: PLMN ID-eNB ID 1 = 2221-601301 PLMN ID-eNB ID 2 = 2221-211921 PLMN ID-eNB ID 3 = 2221-213966 PLMN ID-eNB ID 4 = 2221-213965
2025-09-11;11:56:26;AL  ;Minor ;ENodeBFunction=1;External Link Failure;X2 link problem to one or several neighbouring eNodeBs. AI: PLMN ID-eNB ID 1 = 2221-601301 PLMN ID-eNB ID 2 = 2221-211921
2025-09-11;13:32:11;AL  ;Minor ;ENodeBFunction=1;External Link Failure;X2 link problem to one or several neighbouring eNodeBs. AI: PLMN ID-eNB ID 1 = 2221-211921
2025-09-12;08:23:33;AL  ;Minor ;ENodeBFunction=1;External Link Failure;X2 link problem to one or several neighbouring eNodeBs. AI: PLMN ID-eNB ID 1 = 2221-211921 PLMN ID-eNB ID 2 = 2221-212482
2025-09-12;14:30:12;AL  ;Cleared;EUtraNetwork=1,ExternalENodeBFunction=2221-650218;Inter Node Feature Incompatibility;Elastic RAN feature is not activated in remote eNodeB
2025-09-12;15:12:50;AL  ;Minor ;EUtraNetwork=1,ExternalENodeBFunction=2221-650782;Inter Node Carrier Aggregation Service Unavailable;Elastic RAN Carrier Aggregation is not available towards remote eNodeB.
2025-09-12;19:35:48;AL  ;Minor ;ENodeBFunction=1;External Link Failure;X2 link problem to one or several neighbouring eNodeBs. AI: PLMN ID-eNB ID 1 = 2221-212482 PLMN ID-eNB ID 2 = 2221-600829 PLMN ID-eNB ID 3 = 2221-600792 PLMN ID-eNB ID 4 = 2221-600978
2025-09-13;10:43:11;AL  ;Minor ;ENodeBFunction=1;External Link Failure;X2 link problem to one or several neighbouring eNodeBs. AI: PLMN ID-eNB ID 1 = 2221-600829 PLMN ID-eNB ID 2 = 2221-600792 PLMN ID-eNB ID 3 = 2221-600978
2025-09-13;10:43:37;AL  ;Cleared;ENodeBFunction=1;External Link Failure;X2 link problem to one or several neighbouring eNodeBs. AI: PLMN ID-eNB ID 1 = 2221-600829 PLMN ID-eNB ID 2 = 2221-600792 PLMN ID-eNB ID 3 = 2221-600978
2025-09-14;05:04:55;AL  ;Minor ;EUtraNetwork=1,ExternalENodeBFunction=2221-211205;Inconsistent Configuration;Elastic RAN cannot be activated towards remote eNodeB. VLAN IDs do not match. Expected Vlan Id: 3908, Please check the eRAN Vlan Id at the remote eNodeB
2025-09-14;06:01:42;AL  ;Minor ;EUtraNetwork=1,ExternalENodeBFunction=2221-650069;Inter Node Carrier Aggregation Service Unavailable;Elastic RAN Carrier Aggregation is not available towards remote eNodeB.
2025-09-14;09:54:29;AL  ;Cleared;EUtraNetwork=1,ExternalENodeBFunction=2221-650818;Inter Node Carrier Aggregation Service Unavailable;Elastic RAN Carrier Aggregation is not available towards remote eNodeB.
2025-09-14;09:54:34;AL  ;Cleared;EUtraNetwork=1,ExternalENodeBFunction=2221-650782;Inter Node Carrier Aggregation Service Unavailable;Elastic RAN Carrier Aggregation is not available towards remote eNodeB.
2025-09-14;09:54:34;AL  ;Minor ;EUtraNetwork=1,ExternalENodeBFunction=2221-650818;Inter Node Carrier Aggregation Service Unavailable;Elastic RAN Carrier Aggregation is not available towards remote eNodeB.
2025-09-14;09:54:39;AL  ;Cleared;EUtraNetwork=1,ExternalENodeBFunction=2221-650069;Inter Node Carrier Aggregation Service Unavailable;Elastic RAN Carrier Aggregation is not available towards remote eNodeB.
2025-09-14;09:55:28;AL  ;Minor ;EUtraNetwork=1,ExternalENodeBFunction=2221-650782;Inter Node Carrier Aggregation Service Unavailable;Elastic RAN Carrier Aggregation is not available towards remote eNodeB.
2025-09-14;10:14:11;AL  ;Cleared;EUtraNetwork=1,ExternalENodeBFunction=2221-650818;Inter Node Carrier Aggregation Service Unavailable;Elastic RAN Carrier Aggregation is not available towards remote eNodeB.
2025-09-14;10:18:44;AL  ;Cleared;EUtraNetwork=1,ExternalENodeBFunction=2221-650782;Inter Node Carrier Aggregation Service Unavailable;Elastic RAN Carrier Aggregation is not available towards remote eNodeB.
2025-09-15;07:42:34;AL  ;Minor ;ENodeBFunction=1;External Link Failure;X2 link problem to one or several neighbouring eNodeBs. AI: PLMN ID-eNB ID 1 = 2221-600829 PLMN ID-eNB ID 2 = 2221-600792 PLMN ID-eNB ID 3 = 2221-600978
2025-09-16;10:04:48;AL  ;Warning;ENodeBFunction=1;PLMN Service Redundancy Lost;S1 connection failure for PLMN connected with link represented by MO listed in Additional Information. AI: PLMN = ["2221"],DN1=ManagedElement=1,ENodeBFunction=1,TermPointToMme=5,
2025-09-16;10:05:18;AL  ;Cleared;ENodeBFunction=1;PLMN Service Redundancy Lost;S1 connection failure for PLMN connected with link represented by MO listed in Additional Information. AI: PLMN = ["2221"],DN1=ManagedElement=1,ENodeBFunction=1,TermPointToMme=5,
2025-09-16;10:39:10;AL  ;Minor ;ENodeBFunction=1;External Link Failure;X2 link problem to one or several neighbouring eNodeBs. AI: PLMN ID-eNB ID 1 = 2221-600829 PLMN ID-eNB ID 2 = 2221-600978
2025-09-16;10:39:25;AL  ;Cleared;ENodeBFunction=1;External Link Failure;X2 link problem to one or several neighbouring eNodeBs. AI: PLMN ID-eNB ID 1 = 2221-600829 PLMN ID-eNB ID 2 = 2221-600978
2025-09-18;08:57:32;AL  ;Major ;Synchronization=1,RadioEquipmentClock=1,RadioEquipmentClockReference=PTP;Sync PTP Time Reliability Fault;Master clock class problem, Master clock accuracy problem, Master time not traceable
2025-09-18;09:01:24;AL  ;Cleared;Synchronization=1,RadioEquipmentClock=1,RadioEquipmentClockReference=PTP;Sync PTP Time Reliability Fault;Master time not traceable
2025-09-18;15:33:16;AL  ;Minor ;ENodeBFunction=1;External Link Failure;X2 link problem to one or several neighbouring eNodeBs. AI: PLMN ID-eNB ID 1 = 2221-600193
2025-09-19;05:48:04;AL  ;Cleared;ENodeBFunction=1;External Link Failure;X2 link problem to one or several neighbouring eNodeBs. AI: PLMN ID-eNB ID 1 = 2221-600193
2025-09-19;13:15:10;AL  ;Minor ;ENodeBFunction=1;External Link Failure;X2 link problem to one or several neighbouring eNodeBs. AI: PLMN ID-eNB ID 1 = 2221-600715 PLMN ID-eNB ID 2 = 2221-600868
2025-09-19;13:16:55;AL  ;Cleared;ENodeBFunction=1;External Link Failure;X2 link problem to one or several neighbouring eNodeBs. AI: PLMN ID-eNB ID 1 = 2221-600868 PLMN ID-eNB ID 2 = 2221-600268
2025-09-20;20:47:37;AL  ;Minor ;ENodeBFunction=1;External Link Failure;X2 link problem to one or several neighbouring eNodeBs. AI: PLMN ID-eNB ID 1 = 2221-650502
2025-09-21;09:41:23;AL  ;Cleared;ENodeBFunction=1;External Link Failure;X2 link problem to one or several neighbouring eNodeBs. AI: PLMN ID-eNB ID 1 = 2221-650502
2025-09-22;07:52:29;AL  ;Minor ;ENodeBFunction=1;External Link Failure;X2 link problem to one or several neighbouring eNodeBs. AI: PLMN ID-eNB ID 1 = 2221-600911
2025-09-22;07:52:50;AL  ;Cleared;ENodeBFunction=1;External Link Failure;X2 link problem to one or several neighbouring eNodeBs. AI: PLMN ID-eNB ID 1 = 2221-600911
2025-09-22;21:10:57;AL  ;Minor ;ENodeBFunction=1;External Link Failure;X2 link problem to one or several neighbouring eNodeBs. AI: PLMN ID-eNB ID 1 = 2221-600829 PLMN ID-eNB ID 2 = 2221-600978
2025-09-22;21:13:20;AL  ;Minor ;ENodeBFunction=1;External Link Failure;X2 link problem to one or several neighbouring eNodeBs. AI: PLMN ID-eNB ID 1 = 2221-212482
2025-09-22;21:35:07;AL  ;Cleared;ENodeBFunction=1;External Link Failure;X2 link problem to one or several neighbouring eNodeBs. AI: PLMN ID-eNB ID 1 = 2221-212482
2025-09-23;04:17:38;AL  ;Minor ;ENodeBFunction=1;External Link Failure;X2 link problem to one or several neighbouring eNodeBs. AI: PLMN ID-eNB ID 1 = 2221-600792 PLMN ID-eNB ID 2 = 2221-600978
2025-09-23;04:33:24;AL  ;Minor ;ENodeBFunction=1;External Link Failure;X2 link problem to one or several neighbouring eNodeBs. AI: PLMN ID-eNB ID 1 = 2221-600792 PLMN ID-eNB ID 2 = 2221-600978 PLMN ID-eNB ID 3 = 2221-600829 PLMN ID-eNB ID 4 = 2221-212482
2025-09-23;06:30:41;AL  ;Minor ;ENodeBFunction=1;External Link Failure;X2 link problem to one or several neighbouring eNodeBs. AI: PLMN ID-eNB ID 1 = 2221-212482
2025-09-23;08:09:31;AL  ;Cleared;ENodeBFunction=1;External Link Failure;X2 link problem to one or several neighbouring eNodeBs. AI: PLMN ID-eNB ID 1 = 2221-212482
2025-09-23;10:01:00;AL  ;Minor ;ENodeBFunction=1;External Link Failure;X2 link problem to one or several neighbouring eNodeBs. AI: PLMN ID-eNB ID 1 = 2221-650482
2025-09-23;10:09:27;AL  ;Cleared;ENodeBFunction=1;External Link Failure;X2 link problem to one or several neighbouring eNodeBs. AI: PLMN ID-eNB ID 1 = 2221-650482
2025-09-23;23:40:52;AL  ;Cleared;EUtraNetwork=1,ExternalENodeBFunction=2221-600914;Inter Node Feature Incompatibility;Elastic RAN feature is not activated in remote eNodeB
2025-09-24;05:53:08;AL  ;Minor ;ENodeBFunction=1;External Link Failure;X2 link problem to one or several neighbouring eNodeBs. AI: PLMN ID-eNB ID 1 = 2221-601248
2025-09-24;09:00:26;AL  ;Cleared;ENodeBFunction=1;External Link Failure;X2 link problem to one or several neighbouring eNodeBs. AI: PLMN ID-eNB ID 1 = 2221-601248
2025-09-24;10:38:35;AL  ;Minor ;EUtraNetwork=1,ExternalENodeBFunction=2221-650789;Inter Node Carrier Aggregation Service Unavailable;Elastic RAN Carrier Aggregation is not available towards remote eNodeB.
2025-09-25;06:42:15;AL  ;Minor ;ENodeBFunction=1;External Link Failure;X2 link problem to one or several neighbouring eNodeBs. AI: PLMN ID-eNB ID 1 = 2221-600936
2025-09-25;13:12:51;AL  ;Minor ;EUtraNetwork=1,ExternalENodeBFunction=2221-650782;Inter Node Carrier Aggregation Service Unavailable;Elastic RAN Carrier Aggregation is not available towards remote eNodeB.
2025-09-25;13:22:39;AL  ;Cleared;ENodeBFunction=1;External Link Failure;X2 link problem to one or several neighbouring eNodeBs. AI: PLMN ID-eNB ID 1 = 2221-600936
2025-09-25;15:22:43;AL  ;Minor ;ENodeBFunction=1;External Link Failure;X2 link problem to one or several neighbouring eNodeBs. AI: PLMN ID-eNB ID 1 = 2221-600829
2025-09-25;16:28:43;AL  ;Cleared;ENodeBFunction=1;External Link Failure;X2 link problem to one or several neighbouring eNodeBs. AI: PLMN ID-eNB ID 1 = 2221-600829
2025-09-25;20:09:54;AL  ;Warning;ENodeBFunction=1;PLMN Service Redundancy Lost;S1 connection failure for PLMN connected with link represented by MO listed in Additional Information. AI: PLMN = ["2221"],DN1=ManagedElement=1,ENodeBFunction=1,TermPointToMme=4,
2025-09-25;20:10:24;AL  ;Cleared;ENodeBFunction=1;PLMN Service Redundancy Lost;S1 connection failure for PLMN connected with link represented by MO listed in Additional Information. AI: PLMN = ["2221"],DN1=ManagedElement=1,ENodeBFunction=1,TermPointToMme=4,
2025-09-26;06:46:05;AL  ;Minor ;ENodeBFunction=1;External Link Failure;X2 link problem to one or several neighbouring eNodeBs. AI: PLMN ID-eNB ID 1 = 2221-600936
2025-09-26;07:22:07;AL  ;Minor ;ENodeBFunction=1;External Link Failure;X2 link problem to one or several neighbouring eNodeBs. AI: PLMN ID-eNB ID 1 = 2221-600936 PLMN ID-eNB ID 2 = 2221-205191
2025-09-26;07:56:02;AL  ;Major ;Synchronization=1,RadioEquipmentClock=1,RadioEquipmentClockReference=PTP;Sync PTP Time Reliability Fault;Master clock class problem, Master clock accuracy problem, Master time not traceable
2025-09-26;08:01:00;AL  ;Cleared;Synchronization=1,RadioEquipmentClock=1,RadioEquipmentClockReference=PTP;Sync PTP Time Reliability Fault;Master time not traceable
2025-09-26;08:20:21;AL  ;Minor ;ENodeBFunction=1;External Link Failure;X2 link problem to one or several neighbouring eNodeBs. AI: PLMN ID-eNB ID 1 = 2221-600936 PLMN ID-eNB ID 2 = 2221-205191 PLMN ID-eNB ID 3 = 2221-650504
2025-09-26;08:25:05;AL  ;Minor ;EUtraNetwork=1,ExternalENodeBFunction=2221-650218;Inter Node Feature Incompatibility;Elastic RAN feature is not activated in remote eNodeB
2025-09-26;08:26:53;AL  ;Minor ;EUtraNetwork=1,ExternalENodeBFunction=2221-650818;Inter Node Carrier Aggregation Service Unavailable;Elastic RAN Carrier Aggregation is not available towards remote eNodeB.
2025-09-26;09:32:09;AL  ;Minor ;ENodeBFunction=1;External Link Failure;X2 link problem to one or several neighbouring eNodeBs. AI: PLMN ID-eNB ID 1 = 2221-600936 PLMN ID-eNB ID 2 = 2221-205191 PLMN ID-eNB ID 3 = 2221-650504 PLMN ID-eNB ID 4 = 2221-204184
2025-09-26;10:01:03;AL  ;Minor ;ENodeBFunction=1;External Link Failure;X2 link problem to one or several neighbouring eNodeBs. AI: PLMN ID-eNB ID 1 = 2221-600936 PLMN ID-eNB ID 2 = 2221-205191 PLMN ID-eNB ID 3 = 2221-650504
2025-09-26;10:14:35;AL  ;Minor ;ENodeBFunction=1;External Link Failure;X2 link problem to one or several neighbouring eNodeBs. AI: PLMN ID-eNB ID 1 = 2221-600936 PLMN ID-eNB ID 2 = 2221-205191
2025-09-26;12:05:17;AL  ;Minor ;EUtraNetwork=1,ExternalENodeBFunction=2221-650818;Inter Node Carrier Aggregation Service Unavailable;Elastic RAN Carrier Aggregation is not available towards remote eNodeB.
2025-09-26;12:05:18;AL  ;Minor ;EUtraNetwork=1,ExternalENodeBFunction=2221-650782;Inter Node Carrier Aggregation Service Unavailable;Elastic RAN Carrier Aggregation is not available towards remote eNodeB.
2025-09-26;12:13:46;AL  ;Minor ;ENodeBFunction=1;External Link Failure;X2 link problem to one or several neighbouring eNodeBs. AI: PLMN ID-eNB ID 1 = 2221-600936
2025-09-26;12:15:09;AL  ;Minor ;ENodeBFunction=1;External Link Failure;X2 link problem to one or several neighbouring eNodeBs. AI: PLMN ID-eNB ID 1 = 2221-600936 PLMN ID-eNB ID 2 = 2221-205191
2025-09-26;12:46:54;AL  ;Minor ;ENodeBFunction=1;External Link Failure;X2 link problem to one or several neighbouring eNodeBs. AI: PLMN ID-eNB ID 1 = 2221-600936 PLMN ID-eNB ID 2 = 2221-205191 PLMN ID-eNB ID 3 = 2221-601229
2025-09-26;12:53:37;AL  ;Minor ;ENodeBFunction=1;External Link Failure;X2 link problem to one or several neighbouring eNodeBs. AI: PLMN ID-eNB ID 1 = 2221-205191 PLMN ID-eNB ID 2 = 2221-601229
2025-09-26;14:15:30;AL  ;Minor ;ENodeBFunction=1;External Link Failure;X2 link problem to one or several neighbouring eNodeBs. AI: PLMN ID-eNB ID 1 = 2221-601229
2025-09-26;14:42:00;AL  ;Cleared;ENodeBFunction=1;External Link Failure;X2 link problem to one or several neighbouring eNodeBs. AI: PLMN ID-eNB ID 1 = 2221-601229
2025-09-26;18:52:54;AL  ;Minor ;ENodeBFunction=1;External Link Failure;X2 link problem to one or several neighbouring eNodeBs. AI: PLMN ID-eNB ID 1 = 2221-213258 PLMN ID-eNB ID 2 = 2221-213259
2025-09-27;07:00:51;AL  ;Minor ;ENodeBFunction=1;External Link Failure;X2 link problem to one or several neighbouring eNodeBs. AI: PLMN ID-eNB ID 1 = 2221-213258 PLMN ID-eNB ID 2 = 2221-213259 PLMN ID-eNB ID 3 = 2221-205191
2025-09-27;07:49:03;AL  ;Minor ;ENodeBFunction=1;External Link Failure;X2 link problem to one or several neighbouring eNodeBs. AI: PLMN ID-eNB ID 1 = 2221-213258 PLMN ID-eNB ID 2 = 2221-213259
2025-09-27;11:42:08;AL  ;Minor ;ENodeBFunction=1;External Link Failure;X2 link problem to one or several neighbouring eNodeBs. AI: PLMN ID-eNB ID 1 = 2221-213258 PLMN ID-eNB ID 2 = 2221-213259 PLMN ID-eNB ID 3 = 2221-211205
2025-09-27;11:43:16;AL  ;Minor ;ENodeBFunction=1;External Link Failure;X2 link problem to one or several neighbouring eNodeBs. AI: PLMN ID-eNB ID 1 = 2221-213258 PLMN ID-eNB ID 2 = 2221-213259 PLMN ID-eNB ID 3 = 2221-211205 PLMN ID-eNB ID 4 = 2221-211206 PLMN ID-eNB ID 5 = 2221-601153
2025-09-27;11:45:55;AL  ;Minor ;ENodeBFunction=1;External Link Failure;X2 link problem to one or several neighbouring eNodeBs. AI: PLMN ID-eNB ID 1 = 2221-213258 PLMN ID-eNB ID 2 = 2221-213259 PLMN ID-eNB ID 3 = 2221-211205 PLMN ID-eNB ID 4 = 2221-211206 PLMN ID-eNB ID 5 = 2221-601153 PLMN ID-eNB ID 6 = 2221-601527
2025-09-27;11:58:01;AL  ;Minor ;ENodeBFunction=1;External Link Failure;X2 link problem to one or several neighbouring eNodeBs. AI: PLMN ID-eNB ID 1 = 2221-213258 PLMN ID-eNB ID 2 = 2221-213259 PLMN ID-eNB ID 3 = 2221-211205 PLMN ID-eNB ID 4 = 2221-211206 PLMN ID-eNB ID 5 = 2221-601153
2025-09-27;11:58:40;AL  ;Minor ;EUtraNetwork=1,ExternalENodeBFunction=2221-211205;Inconsistent Configuration;Elastic RAN cannot be activated towards remote eNodeB. VLAN IDs do not match. Expected Vlan Id: 3908, Please check the eRAN Vlan Id at the remote eNodeB
2025-09-27;12:10:16;AL  ;Cleared;EUtraNetwork=1,ExternalENodeBFunction=2221-211205;Inconsistent Configuration;Elastic RAN cannot be activated towards remote eNodeB. VLAN IDs do not match. Expected Vlan Id: 3908, Please check the eRAN Vlan Id at the remote eNodeB
2025-09-27;12:13:25;AL  ;Minor ;EUtraNetwork=1,ExternalENodeBFunction=2221-211205;Inconsistent Configuration;Elastic RAN cannot be activated towards remote eNodeB. VLAN IDs do not match. Expected Vlan Id: 3908, Please check the eRAN Vlan Id at the remote eNodeB
2025-09-27;12:26:50;AL  ;Cleared;EUtraNetwork=1,ExternalENodeBFunction=2221-211205;Inconsistent Configuration;Elastic RAN cannot be activated towards remote eNodeB. VLAN IDs do not match. Expected Vlan Id: 3908, Please check the eRAN Vlan Id at the remote eNodeB
2025-09-27;12:36:05;AL  ;Minor ;ENodeBFunction=1;External Link Failure;X2 link problem to one or several neighbouring eNodeBs. AI: PLMN ID-eNB ID 1 = 2221-213258 PLMN ID-eNB ID 2 = 2221-213259 PLMN ID-eNB ID 3 = 2221-211206 PLMN ID-eNB ID 4 = 2221-601153
2025-09-27;12:44:10;AL  ;Minor ;ENodeBFunction=1;External Link Failure;X2 link problem to one or several neighbouring eNodeBs. AI: PLMN ID-eNB ID 1 = 2221-213258 PLMN ID-eNB ID 2 = 2221-213259
2025-09-27;12:44:17;AL  ;Minor ;EUtraNetwork=1,ExternalENodeBFunction=2221-211205;Inconsistent Configuration;Elastic RAN cannot be activated towards remote eNodeB. VLAN IDs do not match. Expected Vlan Id: 3908, Please check the eRAN Vlan Id at the remote eNodeB
2025-09-28;00:49:28;AL  ;Minor ;ENodeBFunction=1;External Link Failure;X2 link problem to one or several neighbouring eNodeBs. AI: PLMN ID-eNB ID 1 = 2221-213258 PLMN ID-eNB ID 2 = 2221-213259 PLMN ID-eNB ID 3 = 2221-213712
2025-09-28;07:23:35;AL  ;Minor ;ENodeBFunction=1;External Link Failure;X2 link problem to one or several neighbouring eNodeBs. AI: PLMN ID-eNB ID 1 = 2221-213258 PLMN ID-eNB ID 2 = 2221-213259 PLMN ID-eNB ID 3 = 2221-213712 PLMN ID-eNB ID 4 = 2221-205191
2025-09-28;07:47:46;AL  ;Minor ;ENodeBFunction=1;External Link Failure;X2 link problem to one or several neighbouring eNodeBs. AI: PLMN ID-eNB ID 1 = 2221-213258 PLMN ID-eNB ID 2 = 2221-213259 PLMN ID-eNB ID 3 = 2221-205191
2025-09-28;08:26:31;AL  ;Minor ;ENodeBFunction=1;External Link Failure;X2 link problem to one or several neighbouring eNodeBs. AI: PLMN ID-eNB ID 1 = 2221-213258 PLMN ID-eNB ID 2 = 2221-213259 PLMN ID-eNB ID 3 = 2221-205191 PLMN ID-eNB ID 4 = 2221-213712
2025-09-28;09:04:54;AL  ;Minor ;ENodeBFunction=1;External Link Failure;X2 link problem to one or several neighbouring eNodeBs. AI: PLMN ID-eNB ID 1 = 2221-213258 PLMN ID-eNB ID 2 = 2221-213259 PLMN ID-eNB ID 3 = 2221-205191
2025-09-28;09:42:29;AL  ;Cleared;EUtraNetwork=1,ExternalENodeBFunction=2221-650818;Inter Node Carrier Aggregation Service Unavailable;Elastic RAN Carrier Aggregation is not available towards remote eNodeB.
2025-09-28;09:42:30;AL  ;Cleared;ENodeBFunction=1;External Link Failure;X2 link problem to one or several neighbouring eNodeBs. AI: PLMN ID-eNB ID 1 = 2221-213258 PLMN ID-eNB ID 2 = 2221-213259 PLMN ID-eNB ID 3 = 2221-205191
2025-09-28;09:42:34;AL  ;Cleared;EUtraNetwork=1,ExternalENodeBFunction=2221-650782;Inter Node Carrier Aggregation Service Unavailable;Elastic RAN Carrier Aggregation is not available towards remote eNodeB.
2025-09-28;09:42:51;AL  ;Minor ;EUtraNetwork=1,ExternalENodeBFunction=2221-650818;Inter Node Carrier Aggregation Service Unavailable;Elastic RAN Carrier Aggregation is not available towards remote eNodeB.
2025-09-28;09:43:03;AL  ;Minor ;EUtraNetwork=1,ExternalENodeBFunction=2221-650782;Inter Node Carrier Aggregation Service Unavailable;Elastic RAN Carrier Aggregation is not available towards remote eNodeB.
2025-09-28;09:59:26;AL  ;Cleared;EUtraNetwork=1,ExternalENodeBFunction=2221-650818;Inter Node Carrier Aggregation Service Unavailable;Elastic RAN Carrier Aggregation is not available towards remote eNodeB.
2025-09-28;10:04:27;AL  ;Cleared;EUtraNetwork=1,ExternalENodeBFunction=2221-650782;Inter Node Carrier Aggregation Service Unavailable;Elastic RAN Carrier Aggregation is not available towards remote eNodeB.
2025-09-28;10:18:38;AL  ;Minor ;ENodeBFunction=1;External Link Failure;X2 link problem to one or several neighbouring eNodeBs. AI: PLMN ID-eNB ID 1 = 2221-601301
2025-09-28;21:47:58;AL  ;Minor ;EUtraNetwork=1,ExternalENodeBFunction=2221-601072;Inter Node Feature Incompatibility;Elastic RAN feature is not activated in remote eNodeB
2025-09-29;13:29:26;AL  ;Cleared;ENodeBFunction=1;External Link Failure;X2 link problem to one or several neighbouring eNodeBs. AI: PLMN ID-eNB ID 1 = 2221-601301
2025-09-30;03:05:12;AL  ;Minor ;EUtraNetwork=1,ExternalENodeBFunction=2221-601002;Inconsistent Configuration;Elastic RAN cannot be activated towards remote eNodeB. VLAN IDs do not match. Expected Vlan Id: 3908, Please check the eRAN Vlan Id at the remote eNodeB
2025-09-30;06:48:35;AL  ;Minor ;ENodeBFunction=1;External Link Failure;X2 link problem to one or several neighbouring eNodeBs. AI: PLMN ID-eNB ID 1 = 2221-205076
2025-09-30;12:40:14;AL  ;Cleared;ENodeBFunction=1;External Link Failure;X2 link problem to one or several neighbouring eNodeBs. AI: PLMN ID-eNB ID 1 = 2221-205076
2025-10-01;08:36:54;AL  ;Minor ;ENodeBFunction=1;External Link Failure;X2 link problem to one or several neighbouring eNodeBs. AI: PLMN ID-eNB ID 1 = 2221-600829
2025-10-01;11:26:15;AL  ;Cleared;ENodeBFunction=1;External Link Failure;X2 link problem to one or several neighbouring eNodeBs. AI: PLMN ID-eNB ID 1 = 2221-600829
2025-10-02;10:22:43;AL  ;Minor ;ENodeBFunction=1;External Link Failure;X2 link problem to one or several neighbouring eNodeBs. AI: PLMN ID-eNB ID 1 = 2221-650054
2025-10-02;12:05:03;AL  ;Cleared;ENodeBFunction=1;External Link Failure;X2 link problem to one or several neighbouring eNodeBs. AI: PLMN ID-eNB ID 1 = 2221-650054
2025-10-02;13:04:31;AL  ;Cleared;EUtraNetwork=1,ExternalENodeBFunction=2221-601072;Inter Node Feature Incompatibility;Elastic RAN feature is not activated in remote eNodeB
2025-10-02;23:41:53;AL  ;Minor ;ENodeBFunction=1;External Link Failure;X2 link problem to one or several neighbouring eNodeBs. AI: PLMN ID-eNB ID 1 = 2221-213184
2025-10-03;08:44:52;AL  ;Minor ;ENodeBFunction=1;External Link Failure;X2 link problem to one or several neighbouring eNodeBs. AI: PLMN ID-eNB ID 1 = 2221-213184 PLMN ID-eNB ID 2 = 2221-207321
2025-10-03;09:46:08;AL  ;Minor ;ENodeBFunction=1;External Link Failure;X2 link problem to one or several neighbouring eNodeBs. AI: PLMN ID-eNB ID 1 = 2221-213184
2025-10-03;13:44:39;AL  ;Cleared;ENodeBFunction=1;External Link Failure;X2 link problem to one or several neighbouring eNodeBs. AI: PLMN ID-eNB ID 1 = 2221-213184
2025-10-03;15:01:46;AL  ;Minor ;EUtraNetwork=1,ExternalENodeBFunction=2221-211615;Inter Node Carrier Aggregation Service Unavailable;Elastic RAN Carrier Aggregation is not available towards remote eNodeB.
2025-10-03;18:06:35;AL  ;Major ;Synchronization=1,RadioEquipmentClock=1,RadioEquipmentClockReference=PTP;Sync PTP Time Reliability Fault;Master clock class problem, Master clock accuracy problem, Master time not traceable
2025-10-03;18:12:35;AL  ;Cleared;Synchronization=1,RadioEquipmentClock=1,RadioEquipmentClockReference=PTP;Sync PTP Time Reliability Fault;Master time not traceable
2025-10-04;02:43:11;AL  ;Minor ;ENodeBFunction=1;External Link Failure;X2 link problem to one or several neighbouring eNodeBs. AI: PLMN ID-eNB ID 1 = 2221-650504
2025-10-04;02:47:59;AL  ;Cleared;ENodeBFunction=1;External Link Failure;X2 link problem to one or several neighbouring eNodeBs. AI: PLMN ID-eNB ID 1 = 2221-650504
2025-10-04;03:54:16;AL  ;Minor ;ENodeBFunction=1;External Link Failure;X2 link problem to one or several neighbouring eNodeBs. AI: PLMN ID-eNB ID 1 = 2221-650504
2025-10-04;03:54:59;AL  ;Cleared;ENodeBFunction=1;External Link Failure;X2 link problem to one or several neighbouring eNodeBs. AI: PLMN ID-eNB ID 1 = 2221-650504
2025-10-04;09:07:25;AL  ;Minor ;ENodeBFunction=1;External Link Failure;X2 link problem to one or several neighbouring eNodeBs. AI: PLMN ID-eNB ID 1 = 2221-650505
2025-10-04;12:25:37;AL  ;Cleared;ENodeBFunction=1;External Link Failure;X2 link problem to one or several neighbouring eNodeBs. AI: PLMN ID-eNB ID 1 = 2221-650505
2025-10-05;09:31:10;AL  ;Cleared;EUtraNetwork=1,ExternalENodeBFunction=2221-211615;Inter Node Carrier Aggregation Service Unavailable;Elastic RAN Carrier Aggregation is not available towards remote eNodeB.
2025-10-05;09:32:12;AL  ;Minor ;EUtraNetwork=1,ExternalENodeBFunction=2221-211615;Inter Node Carrier Aggregation Service Unavailable;Elastic RAN Carrier Aggregation is not available towards remote eNodeB.
2025-10-05;11:03:17;AL  ;Cleared;EUtraNetwork=1,ExternalENodeBFunction=2221-211615;Inter Node Carrier Aggregation Service Unavailable;Elastic RAN Carrier Aggregation is not available towards remote eNodeB.
2025-10-06;06:12:51;AL  ;Minor ;EUtraNetwork=1,ExternalENodeBFunction=2221-650782;Inter Node Carrier Aggregation Service Unavailable;Elastic RAN Carrier Aggregation is not available towards remote eNodeB.
2025-10-06;11:48:17;AL  ;Minor ;ENodeBFunction=1;External Link Failure;X2 link problem to one or several neighbouring eNodeBs. AI: PLMN ID-eNB ID 1 = 2221-209907 PLMN ID-eNB ID 2 = 2221-209906


RC13E> lgec -m 30d

251007-11:20:08+0200 19.31.12.228 25.0h MSRBS_NODE_MODEL_25.Q1_693.28324.131_62ac stopfile=/tmp/734043

Startdate=20250907.092008, Enddate=20251008.092008
Date;Time;Log;Severity;Object;Event;Cause;AdditionalText;AckState;Id;NotificationId;CorrelatedAlarms
Executing action Log.export()
..
Log=AlertLog                    actionId=36324
...
=================================================================================================================
MO                  actionId result      resultInfo
=================================================================================================================
LogM=1,Log=AlertLog 36324    1 (SUCCESS)           
cat  /ericsson/log/amos/moshell_logfiles/t20251007_37258710_53697/logs_moshell/tempfiles/scp-2-amos_20251007-111923_733930/rcslogs/AlertLog_20231220__134009_20250224__233915.log /ericsson/log/amos/moshell_logfiles/t20251007_37258710_53697/logs_moshell/tempfiles/scp-2-amos_20251007-111923_733930/rcslogs/AlertLog_20250224__233915.log > /ericsson/log/amos/moshell_logfiles/t20251007_37258710_53697/logs_moshell/tempfiles/scp-2-amos_20251007-111923_733930/eventLog734043.xml
2025-09-26;12:05:30;EV  ;Warning;ManagedElement=RC13E;System Restart Alert;Requested Restart Category: Operator Initiated, Requested Restart Type: Cold, Performed Restart Category: Operator Initiated, Performed Restart Type: Cold. AI: SystemRestart=[{"RRC":"Operator Initiated","RRT":"Cold","PRC":"Operator Initiated","PRT":"Cold"}] UI=[{"PN":"Baseband 6631","PNR":"KDU1370071/11","PR":"R2A","SN":"E96A00X79R","SR":"R27J08","SW":"CXP2010174_2"}]

Bye...
Output has been logged to file /mta_fs/UserFiles/37258710/amosbatch/2025-10-07_11-07-01_53697/RC13E.log
