Logging to file /mta_fs/UserFiles/37258710/amosbatch/2025-10-07_11-07-01_53697/RC27T.log
                        __  __  ____   _____
                  /\   |  \/  |/ __ \ / ____|
                 /  \  | \  / | |  | | (___  
                / /\ \ | |\/| | |  | |\___ \ 
               / ____ \| |  | | |__| |____) |
              /_/    \_\_|  |_|\____/|_____/
              OSS Framework for MoShell-25.0h 
  Copyright (c) Ericsson AB 2001-2025 - All Rights Reserved
              
           
[1;31mWARNING: [0mthe AMOS version currently running is more than 22 weeks old and is unsupported.
Please upgrade as soon as possible to the latest released version, available from your local Ericsson support.

$amosrb_pid = 853273

Checking ip contact...OK

HELP MENU            : h
BASIC MO COMMANDS    : m
OTHER MO COMMANDS    : n
OTHER COMMANDS       : o
PM COMMANDS          : p
QUIT                 : q

RC27T> lt all

251007-11:33:19+0200 19.31.14.172 25.0h  stopfile=/tmp/852912
Looking up temporary_amos account... OK.
Trying temporary_amos_t20251007_37258710_53697_313's password from amos lookupAccount ... OK

$ssh_pid = 854619

Connected to 19.31.14.172 (SubNetwork=BBMM_rckomc_R,MeContext=RC27T,ManagedElement=RC27T)

Checking MOM version...MSRBS_NODE_MODEL_25.Q1_693.28324.131_62ac
Parsing MOM (cached): /ericsson/log/amos/moshell_logfiles/t20251007_37258710_53697/logs_moshell/tempfiles/scp-2-amos_20251007-113312_852835/MSRBS_NODE_MODEL_25.Q1_693.28324.131_62ac.xml.cache.gz ..................................................................................................................................................................................................................................Done.
Using paramfile /opt/ericsson/amos/moshell/commonjars/pm/PARAM_MSRBS_25.Q1.txt
Parsing file /opt/ericsson/amos/moshell/commonjars/pm/PARAM_MSRBS_25.Q1.txt .......................................................................................Done.
Using imomdfile /opt/ericsson/amos/moshell/commonjars/pm/IMOMD_MSRBS_22.Q4.txt
Using imomfile /opt/ericsson/amos/moshell/commonjars/pm/IMOM_MSRBS_25.Q1.txt
Connected to 19.31.14.172 (SubNetwork=BBMM_rckomc_R,MeContext=RC27T,ManagedElement=RC27T)

Last MO: 17990. Loaded 17990 MOs. Total: 17991 MOs.

RC27T> hget EUtranCellFDD ^cellid

251007-11:33:35+0200 19.31.14.172 25.0h MSRBS_NODE_MODEL_25.Q1_693.28324.131_62ac stopfile=/tmp/852912
.
=================================================================================================================
MO                   cellId
=================================================================================================================
EUtranCellFDD=RC27E1 61    
EUtranCellFDD=RC27E2 62    
EUtranCellFDD=RC27E3 63    
EUtranCellFDD=RC27M1 31    
EUtranCellFDD=RC27M2 32    
EUtranCellFDD=RC27M3 33    
EUtranCellFDD=RC27T1 41    
EUtranCellFDD=RC27T2 42    
EUtranCellFDD=RC27T3 43    
=================================================================================================================
Total: 9 MOs

Added 9 MOs to group: hget_group

RC27T> hget NbIotCell ^cellid

251007-11:33:35+0200 19.31.14.172 25.0h MSRBS_NODE_MODEL_25.Q1_693.28324.131_62ac stopfile=/tmp/852912
.
=================================================================================================================
MO               cellId
=================================================================================================================
NbIotCell=RC27N1 161   
NbIotCell=RC27N2 162   
NbIotCell=RC27N3 163   
=================================================================================================================
Total: 3 MOs

Added 3 MOs to group: hget_group

RC27T> hget NRCellDU ^cellLocalId

251007-11:33:36+0200 19.31.14.172 25.0h MSRBS_NODE_MODEL_25.Q1_693.28324.131_62ac stopfile=/tmp/852912
Total: 0 MOs

RC27T> lgdc -m 30d

251007-11:33:36+0200 19.31.14.172 25.0h MSRBS_NODE_MODEL_25.Q1_693.28324.131_62ac stopfile=/tmp/852912

Startdate=20250907.093336, Enddate=20251008.093336
INFO: Using amos lookupAccount credentials for the export login

Executing action LogM.exportAvailabilityLog()
...LogM=1,exportAvailabilityLog    actionId=34888
...
=================================================================================================================
MO     actionId result      resultInfo
=================================================================================================================
LogM=1 34888    1 (SUCCESS)           
cp /ericsson/log/amos/moshell_logfiles/t20251007_37258710_53697/logs_moshell/tempfiles/scp-2-amos_20251007-113312_852835/rcslogs/RBS_CS_AVAILABILITY_LOG_20251007093339.xml /ericsson/log/amos/moshell_logfiles/t20251007_37258710_53697/logs_moshell/tempfiles/scp-2-amos_20251007-113312_852835/availabilityLog852912.xml
Parsing availabilityLog.......Done.
....
Date;Time;RestartType;SwVersion;SwRelease;RCSDowntime;ApplicationDowntime;TNDowntime;RATsDowntime;ExtraInfo;ExtraInfo2
2025-09-08;01:42:35;PartialOutage(Manual);11% Lrat Cell 62; ();10s;;;;;
2025-09-08;01:42:47;PartialOutage(Manual);11% Lrat Cell 61; ();11s;;;;;
2025-09-08;01:43:00;PartialOutage(Manual);11% Lrat Cell 33; ();6s;;;;;
2025-09-08;01:43:06;PartialOutage(Manual);53% Lrat Cell 161; ();3s;;;;;
2025-09-08;01:43:11;PartialOutage(Manual);11% Lrat Cell 32; ();5s;;;;;
2025-09-08;01:43:21;PartialOutage(Manual);11% Lrat Cell 31; ();9s;;;;;
2025-09-08;01:43:32;PartialOutage(Manual);11% Lrat Cell 63; ();10s;;;;;
2025-09-08;01:43:42;PartialOutage(Manual);11% Lrat Cell 41; ();13s;;;;;
2025-09-08;01:43:56;PartialOutage(Manual);11% Lrat Cell 43; ();3s;;;;;
2025-09-08;01:44:12;PartialOutage(Manual);11% Lrat Cell 42; ();6s;;;;;
2025-09-18;21:34:56;SpontaneousCold(Other:PowerReset);CXP2010174/2_R27J08;CXP2010174/2_R27J08 (25.Q1);125s (2m5s);449s (7m29s);144s (2m24s);L=449s ;Requested: RankCold Other PowerReset Performed: RankCold Other PowerReset;Lrat LRAT Traffic Control active
2025-09-18;21:42:25;PartialOutage(System);100% Lrat Cell 61 62 63 41 42;CXP2010174/2_R27J08 (25.Q1);1s;;;;;
2025-09-18;21:42:26;PartialOutage(System);100% Lrat Cell 161 162 163;CXP2010174/2_R27J08 (25.Q1);1s;;;;;
2025-09-18;21:42:27;PartialOutage(Manual);100% Lrat Cell 161 162 163;CXP2010174/2_R27J08 (25.Q1);1s;;;;;
2025-09-18;21:47:28;PartialOutage(System);100% Lrat Cell 61 62 63 31 32 33 41 42 43;CXP2010174/2_R27J08 (25.Q1);9s;;;;;
2025-09-18;21:47:37;PartialOutage(System);100% Lrat Cell 31 32 33 41 42 43;CXP2010174/2_R27J08 (25.Q1);1s;;;;;
2025-09-18;22:25:49;PartialOutage(System);100% Lrat Cell 61 62 63 31 32 33 41 42 43;CXP2010174/2_R27J08 (25.Q1);8s;;;;;
2025-09-18;22:25:57;PartialOutage(System);100% Lrat Cell 62 63 31 32 41 42;CXP2010174/2_R27J08 (25.Q1);1s;;;;;
2025-09-18;22:25:58;PartialOutage(System);100% Lrat Cell 32 41 42;CXP2010174/2_R27J08 (25.Q1);1s;;;;;
2025-09-18;22:26:01;PartialOutage(System);100% Lrat Cell 41;CXP2010174/2_R27J08 (25.Q1);1s;;;;;

Node uptime since last restart: 1597880 seconds (18 days, 11 hours, 51 minutes, 20 seconds)
------------------------------------------------------------------------------------------------------
Period=30 days       NodeUpgrade      NodeManual       NodeSpontaneous  AllNodeRestarts  PartialOutages  
------------------------------------------------------------------------------------------------------
Number Of outages    0                0                1                1                19              
Total downtime       0s               0s               449s (7m29s)     449s (7m29s)     100s (1m40s)    
Downtime per day     0s               0s               15s              15s              3s              
Downtime per outage  0s               0s               449s (7m29s)     449s (7m29s)     5s              

RC27T> lgac -m 30d

251007-11:33:46+0200 19.31.14.172 25.0h MSRBS_NODE_MODEL_25.Q1_693.28324.131_62ac stopfile=/tmp/852912

Startdate=20250907.093346, Enddate=20251008.093346
Date;Time;Log;Severity;Object;Event;Cause;AdditionalText;AckState;Id;NotificationId;CorrelatedAlarms
Executing action Log.export()
..
Log=AlarmLog                    actionId=34889
.................
=================================================================================================================
MO                  actionId result      resultInfo
=================================================================================================================
LogM=1,Log=AlarmLog 34889    1 (SUCCESS)           
cat  /ericsson/log/amos/moshell_logfiles/t20251007_37258710_53697/logs_moshell/tempfiles/scp-2-amos_20251007-113312_852835/rcslogs/saLogAlarm_20230905__084548_20250224__231414.log /ericsson/log/amos/moshell_logfiles/t20251007_37258710_53697/logs_moshell/tempfiles/scp-2-amos_20251007-113312_852835/rcslogs/saLogAlarm_20250224__231414.log > /ericsson/log/amos/moshell_logfiles/t20251007_37258710_53697/logs_moshell/tempfiles/scp-2-amos_20251007-113312_852835/alarmLog852912.xml
2025-09-07;13:28:22;AL  ;Cleared;ENodeBFunction=1;External Link to GNodeB Failure;X2 link problem to one or several neighbouring gNodeBs. AI: PLMN ID-gNB ID 1 = 2221-1056235
2025-09-10;09:50:58;AL  ;Minor ;ENodeBFunction=1;External Link Failure;X2 link problem to one or several neighbouring eNodeBs. AI: PLMN ID-eNB ID 1 = 2221-600610
2025-09-10;12:20:00;AL  ;Cleared;ENodeBFunction=1;External Link Failure;X2 link problem to one or several neighbouring eNodeBs. AI: PLMN ID-eNB ID 1 = 2221-600610
2025-09-16;10:00:40;AL  ;Warning;ENodeBFunction=1;PLMN Service Redundancy Lost;S1 connection failure for PLMN connected with link represented by MO listed in Additional Information. AI: PLMN = ["2221"],DN1=ManagedElement=1,ENodeBFunction=1,TermPointToMme=5,
2025-09-16;10:01:10;AL  ;Cleared;ENodeBFunction=1;PLMN Service Redundancy Lost;S1 connection failure for PLMN connected with link represented by MO listed in Additional Information. AI: PLMN = ["2221"],DN1=ManagedElement=1,ENodeBFunction=1,TermPointToMme=5,
2025-09-18;20:27:48;AL  ;Minor ;ENodeBFunction=1;External Link Failure;X2 link problem to one or several neighbouring eNodeBs. AI: PLMN ID-eNB ID 1 = 2221-212976
2025-09-18;21:37:21;AL  ;Minor ;EthernetPort=TN_IDL_A_1;Ethernet Link Failure;Connected to physical port TnPort=TN_IDL_A_1
2025-09-18;21:37:21;AL  ;Minor ;EthernetPort=TN_IDL_B;Ethernet Link Failure;Connected to physical port TnPort=TN_IDL_B
2025-09-18;21:37:28;AL  ;Cleared;EthernetPort=TN_IDL_A_1;Ethernet Link Failure;Connected to physical port TnPort=TN_IDL_A_1
2025-09-18;21:38:36;AL  ;Major ;Synchronization=1,RadioEquipmentClock=1,RadioEquipmentClockReference=PTP8275_2;Sync PTP Time Reachability Fault;No PTP messages, No granted service from PTP grandmaster
2025-09-18;21:40:37;AL  ;Cleared;EthernetPort=TN_IDL_B;Ethernet Link Failure;Connected to physical port TnPort=TN_IDL_B
2025-09-18;21:41:17;AL  ;Major ;EUtranCellFDD=RC27E2;Service Unavailable;This is a secondary alarm, use alarm correlation information in Additional Information to find primary alarm.
2025-09-18;21:41:17;AL  ;Major ;NbIotCell=RC27N2;Service Unavailable;This is a secondary alarm, use alarm correlation information in Additional Information to find primary alarm.
2025-09-18;21:41:17;AL  ;Major ;EUtranCellFDD=RC27E1;Service Unavailable;This is a secondary alarm, use alarm correlation information in Additional Information to find primary alarm.
2025-09-18;21:41:17;AL  ;Major ;EUtranCellFDD=RC27E3;Service Unavailable;This is a secondary alarm, use alarm correlation information in Additional Information to find primary alarm.
2025-09-18;21:41:17;AL  ;Major ;NbIotCell=RC27N1;Service Unavailable;This is a secondary alarm, use alarm correlation information in Additional Information to find primary alarm.
2025-09-18;21:41:17;AL  ;Major ;NbIotCell=RC27N3;Service Unavailable;This is a secondary alarm, use alarm correlation information in Additional Information to find primary alarm.
2025-09-18;21:41:18;AL  ;Major ;EUtranCellFDD=RC27M3;Service Unavailable;This is a secondary alarm, use alarm correlation information in Additional Information to find primary alarm.
2025-09-18;21:41:18;AL  ;Major ;EUtranCellFDD=RC27T3;Service Unavailable;This is a secondary alarm, use alarm correlation information in Additional Information to find primary alarm.
2025-09-18;21:41:19;AL  ;Major ;EUtranCellFDD=RC27M1;Service Unavailable;This is a secondary alarm, use alarm correlation information in Additional Information to find primary alarm.
2025-09-18;21:41:19;AL  ;Major ;EUtranCellFDD=RC27T1;Service Unavailable;This is a secondary alarm, use alarm correlation information in Additional Information to find primary alarm.
2025-09-18;21:41:20;AL  ;Major ;EUtranCellFDD=RC27M2;Service Unavailable;This is a secondary alarm, use alarm correlation information in Additional Information to find primary alarm.
2025-09-18;21:41:20;AL  ;Major ;EUtranCellFDD=RC27T2;Service Unavailable;This is a secondary alarm, use alarm correlation information in Additional Information to find primary alarm.
2025-09-18;21:42:22;AL  ;Cleared;EUtranCellFDD=RC27T3;Service Unavailable;This is a secondary alarm, use alarm correlation information in Additional Information to find primary alarm.
2025-09-18;21:42:22;AL  ;Cleared;EUtranCellFDD=RC27M1;Service Unavailable;This is a secondary alarm, use alarm correlation information in Additional Information to find primary alarm.
2025-09-18;21:42:22;AL  ;Cleared;EUtranCellFDD=RC27T1;Service Unavailable;This is a secondary alarm, use alarm correlation information in Additional Information to find primary alarm.
2025-09-18;21:42:22;AL  ;Cleared;EUtranCellFDD=RC27M2;Service Unavailable;This is a secondary alarm, use alarm correlation information in Additional Information to find primary alarm.
2025-09-18;21:42:22;AL  ;Cleared;EUtranCellFDD=RC27T2;Service Unavailable;This is a secondary alarm, use alarm correlation information in Additional Information to find primary alarm.
2025-09-18;21:42:22;AL  ;Cleared;EUtranCellFDD=RC27M3;Service Unavailable;This is a secondary alarm, use alarm correlation information in Additional Information to find primary alarm.
2025-09-18;21:42:22;AL  ;Cleared;EUtranCellFDD=RC27E3;Service Unavailable;This is a secondary alarm, use alarm correlation information in Additional Information to find primary alarm.
2025-09-18;21:42:22;AL  ;Cleared;EUtranCellFDD=RC27E2;Service Unavailable;This is a secondary alarm, use alarm correlation information in Additional Information to find primary alarm.
2025-09-18;21:42:22;AL  ;Cleared;EUtranCellFDD=RC27E1;Service Unavailable;This is a secondary alarm, use alarm correlation information in Additional Information to find primary alarm.
2025-09-18;21:42:25;AL  ;Minor ;ENodeBFunction=1;Sync Time and Phase Accuracy Too Low;Time and phase sync accuracy crossed the threshold for features interworking with NR.
2025-09-18;21:42:25;AL  ;Minor ;EUtranCellFDD=RC27T3;Service Degraded;This is a secondary alarm, use alarm correlation information in Additional Information to find primary alarm.
2025-09-18;21:42:25;AL  ;Minor ;EUtranCellFDD=RC27M3;Service Degraded;This is a secondary alarm, use alarm correlation information in Additional Information to find primary alarm.
2025-09-18;21:42:25;AL  ;Minor ;EUtranCellFDD=RC27M2;Service Degraded;This is a secondary alarm, use alarm correlation information in Additional Information to find primary alarm.
2025-09-18;21:42:25;AL  ;Minor ;EUtranCellFDD=RC27M1;Service Degraded;This is a secondary alarm, use alarm correlation information in Additional Information to find primary alarm.
2025-09-18;21:42:26;AL  ;Minor ;EUtranCellFDD=RC27T2;Service Degraded;This is a secondary alarm, use alarm correlation information in Additional Information to find primary alarm.
2025-09-18;21:42:26;AL  ;Minor ;EUtranCellFDD=RC27T1;Service Degraded;This is a secondary alarm, use alarm correlation information in Additional Information to find primary alarm.
2025-09-18;21:42:26;AL  ;Minor ;EUtranCellFDD=RC27E2;Service Degraded;This is a secondary alarm, use alarm correlation information in Additional Information to find primary alarm.
2025-09-18;21:42:26;AL  ;Cleared;NbIotCell=RC27N2;Service Unavailable;This is a secondary alarm, use alarm correlation information in Additional Information to find primary alarm.
2025-09-18;21:42:27;AL  ;Minor ;EUtranCellFDD=RC27E1;Service Degraded;This is a secondary alarm, use alarm correlation information in Additional Information to find primary alarm.
2025-09-18;21:42:27;AL  ;Cleared;NbIotCell=RC27N1;Service Unavailable;This is a secondary alarm, use alarm correlation information in Additional Information to find primary alarm.
2025-09-18;21:42:27;AL  ;Cleared;NbIotCell=RC27N3;Service Unavailable;This is a secondary alarm, use alarm correlation information in Additional Information to find primary alarm.
2025-09-18;21:42:27;AL  ;Minor ;EUtranCellFDD=RC27E3;Service Degraded;This is a secondary alarm, use alarm correlation information in Additional Information to find primary alarm.
2025-09-18;21:44:18;AL  ;Cleared;Synchronization=1,RadioEquipmentClock=1,RadioEquipmentClockReference=PTP8275_2;Sync PTP Time Reachability Fault;No granted service from PTP grandmaster
2025-09-18;21:47:28;AL  ;Cleared;EUtranCellFDD=RC27E1;Service Degraded;This is a secondary alarm, use alarm correlation information in Additional Information to find primary alarm.
2025-09-18;21:47:28;AL  ;Cleared;EUtranCellFDD=RC27E2;Service Degraded;This is a secondary alarm, use alarm correlation information in Additional Information to find primary alarm.
2025-09-18;21:47:28;AL  ;Cleared;EUtranCellFDD=RC27E3;Service Degraded;This is a secondary alarm, use alarm correlation information in Additional Information to find primary alarm.
2025-09-18;21:47:28;AL  ;Cleared;EUtranCellFDD=RC27M2;Service Degraded;This is a secondary alarm, use alarm correlation information in Additional Information to find primary alarm.
2025-09-18;21:47:28;AL  ;Cleared;EUtranCellFDD=RC27M3;Service Degraded;This is a secondary alarm, use alarm correlation information in Additional Information to find primary alarm.
2025-09-18;21:47:28;AL  ;Cleared;EUtranCellFDD=RC27T1;Service Degraded;This is a secondary alarm, use alarm correlation information in Additional Information to find primary alarm.
2025-09-18;21:47:28;AL  ;Cleared;EUtranCellFDD=RC27T2;Service Degraded;This is a secondary alarm, use alarm correlation information in Additional Information to find primary alarm.
2025-09-18;21:47:28;AL  ;Cleared;EUtranCellFDD=RC27T3;Service Degraded;This is a secondary alarm, use alarm correlation information in Additional Information to find primary alarm.
2025-09-18;21:47:28;AL  ;Cleared;EUtranCellFDD=RC27M1;Service Degraded;This is a secondary alarm, use alarm correlation information in Additional Information to find primary alarm.
2025-09-18;21:47:28;AL  ;Cleared;ENodeBFunction=1;Sync Time and Phase Accuracy Too Low;Time and phase sync accuracy crossed the threshold for features interworking with NR.
2025-09-18;22:25:44;AL  ;Minor ;ENodeBFunction=1;Sync Time and Phase Accuracy Too Low;Time and phase sync accuracy crossed the threshold for features interworking with NR.
2025-09-18;22:25:44;AL  ;Minor ;EUtranCellFDD=RC27E1;Service Degraded;This is a secondary alarm, use alarm correlation information in Additional Information to find primary alarm.
2025-09-18;22:25:44;AL  ;Minor ;EUtranCellFDD=RC27E2;Service Degraded;This is a secondary alarm, use alarm correlation information in Additional Information to find primary alarm.
2025-09-18;22:25:44;AL  ;Minor ;EUtranCellFDD=RC27E3;Service Degraded;This is a secondary alarm, use alarm correlation information in Additional Information to find primary alarm.
2025-09-18;22:25:44;AL  ;Minor ;EUtranCellFDD=RC27T1;Service Degraded;This is a secondary alarm, use alarm correlation information in Additional Information to find primary alarm.
2025-09-18;22:25:44;AL  ;Minor ;EUtranCellFDD=RC27T2;Service Degraded;This is a secondary alarm, use alarm correlation information in Additional Information to find primary alarm.
2025-09-18;22:25:44;AL  ;Minor ;EUtranCellFDD=RC27T3;Service Degraded;This is a secondary alarm, use alarm correlation information in Additional Information to find primary alarm.
2025-09-18;22:25:49;AL  ;Cleared;EUtranCellFDD=RC27E1;Service Degraded;This is a secondary alarm, use alarm correlation information in Additional Information to find primary alarm.
2025-09-18;22:25:49;AL  ;Cleared;EUtranCellFDD=RC27E2;Service Degraded;This is a secondary alarm, use alarm correlation information in Additional Information to find primary alarm.
2025-09-18;22:25:49;AL  ;Cleared;EUtranCellFDD=RC27E3;Service Degraded;This is a secondary alarm, use alarm correlation information in Additional Information to find primary alarm.
2025-09-18;22:25:49;AL  ;Cleared;EUtranCellFDD=RC27T1;Service Degraded;This is a secondary alarm, use alarm correlation information in Additional Information to find primary alarm.
2025-09-18;22:25:49;AL  ;Cleared;EUtranCellFDD=RC27T2;Service Degraded;This is a secondary alarm, use alarm correlation information in Additional Information to find primary alarm.
2025-09-18;22:25:49;AL  ;Cleared;EUtranCellFDD=RC27T3;Service Degraded;This is a secondary alarm, use alarm correlation information in Additional Information to find primary alarm.
2025-09-18;22:25:49;AL  ;Cleared;ENodeBFunction=1;Sync Time and Phase Accuracy Too Low;Time and phase sync accuracy crossed the threshold for features interworking with NR.
2025-09-20;20:48:00;AL  ;Minor ;ENodeBFunction=1;External Link Failure;X2 link problem to one or several neighbouring eNodeBs. AI: PLMN ID-eNB ID 1 = 2221-650502
2025-09-20;20:48:09;AL  ;Minor ;ENodeBFunction=1;External Link to GNodeB Failure;X2 link problem to one or several neighbouring gNodeBs. AI: PLMN ID-gNB ID 1 = 2221-1053356
2025-09-21;09:48:25;AL  ;Cleared;ENodeBFunction=1;External Link Failure;X2 link problem to one or several neighbouring eNodeBs. AI: PLMN ID-eNB ID 1 = 2221-650502
2025-09-22;14:06:20;AL  ;Cleared;ENodeBFunction=1;External Link to GNodeB Failure;X2 link problem to one or several neighbouring gNodeBs. AI: PLMN ID-gNB ID 1 = 2221-1053356
2025-10-02;23:41:47;AL  ;Minor ;ENodeBFunction=1;External Link Failure;X2 link problem to one or several neighbouring eNodeBs. AI: PLMN ID-eNB ID 1 = 2221-213184
2025-10-03;13:44:38;AL  ;Cleared;ENodeBFunction=1;External Link Failure;X2 link problem to one or several neighbouring eNodeBs. AI: PLMN ID-eNB ID 1 = 2221-213184
2025-10-04;09:06:19;AL  ;Minor ;ENodeBFunction=1;External Link Failure;X2 link problem to one or several neighbouring eNodeBs. AI: PLMN ID-eNB ID 1 = 2221-650505
2025-10-04;12:25:35;AL  ;Cleared;ENodeBFunction=1;External Link Failure;X2 link problem to one or several neighbouring eNodeBs. AI: PLMN ID-eNB ID 1 = 2221-650505


RC27T> lgec -m 30d

251007-11:33:57+0200 19.31.14.172 25.0h MSRBS_NODE_MODEL_25.Q1_693.28324.131_62ac stopfile=/tmp/852912

Startdate=20250907.093357, Enddate=20251008.093357
Date;Time;Log;Severity;Object;Event;Cause;AdditionalText;AckState;Id;NotificationId;CorrelatedAlarms
Executing action Log.export()
..
Log=AlertLog                    actionId=34890
...
=================================================================================================================
MO                  actionId result      resultInfo
=================================================================================================================
LogM=1,Log=AlertLog 34890    1 (SUCCESS)           
cat  /ericsson/log/amos/moshell_logfiles/t20251007_37258710_53697/logs_moshell/tempfiles/scp-2-amos_20251007-113312_852835/rcslogs/AlertLog_20230905__084606_20250224__231445.log /ericsson/log/amos/moshell_logfiles/t20251007_37258710_53697/logs_moshell/tempfiles/scp-2-amos_20251007-113312_852835/rcslogs/AlertLog_20250224__231445.log > /ericsson/log/amos/moshell_logfiles/t20251007_37258710_53697/logs_moshell/tempfiles/scp-2-amos_20251007-113312_852835/eventLog852912.xml
2025-09-18;21:38:20;EV  ;Warning;ManagedElement=RC27T;System Restart Alert;Requested Restart Category: Other, Requested Restart Type: Power, Performed Restart Category: Other, Performed Restart Type: Power. AI: SystemRestart=[{"RRC":"Other","RRT":"Power","PRC":"Other","PRT":"Power"}] UI=[{"PN":"Baseband 6631","PNR":"KDU1370071/11","PR":"R3C","SN":"E23E730979","SR":"R27J08","SW":"CXP2010174_2"}]
2025-09-18;21:38:35;EV  ;Warning;FieldReplaceableUnit=Radio-S102-1;Radio Restart Alert;Restart details are listed in Additional Information AI: Restartdetails=[{"RC":"Other","RT":"Power On","ERI":"FALSE"}] UI=[{"PN":Radio 4499 44B1 44B3 C,"PNR":KRC 161 787/1,"PR":R2F,"SN":E23E683400,"SR":R101LX,"SW":CXP9013268/15}] :SUPPRESSED
2025-09-18;21:38:35;EV  ;Warning;FieldReplaceableUnit=Radio-S100-1;Radio Restart Alert;Restart details are listed in Additional Information AI: Restartdetails=[{"RC":"Other","RT":"Power On","ERI":"FALSE"}] UI=[{"PN":Radio 4499 44B1 44B3 C,"PNR":KRC 161 787/1,"PR":R2F,"SN":E55L454707,"SR":R101LX,"SW":CXP9013268/15}] :SUPPRESSED
2025-09-18;21:47:31;EV  ;Warning;RiLink=S100-1;Radio Interface Connectivity Disturbance Alert;Near end port:FieldReplaceableUnit=BB-1,RiPort=D (transportType=NOT_SET). SUPPRESSED
2025-09-18;21:47:31;EV  ;Warning;RiLink=S102-1;Radio Interface Connectivity Disturbance Alert;Near end port:FieldReplaceableUnit=BB-1,RiPort=E (transportType=NOT_SET). SUPPRESSED
2025-09-18;21:47:31;EV  ;Warning;RiLink=S3-1;Radio Interface Connectivity Disturbance Alert;Near end port:FieldReplaceableUnit=BB-1,RiPort=C (transportType=NOT_SET). SUPPRESSED
2025-09-18;21:47:31;EV  ;Warning;RiLink=S2-1;Radio Interface Connectivity Disturbance Alert;Near end port:FieldReplaceableUnit=BB-1,RiPort=B (transportType=NOT_SET). SUPPRESSED
2025-09-18;21:47:31;EV  ;Warning;RiLink=S1-1;Radio Interface Connectivity Disturbance Alert;Near end port:FieldReplaceableUnit=BB-1,RiPort=A (transportType=NOT_SET). SUPPRESSED
2025-09-18;22:25:52;EV  ;Warning;RiLink=S100-1;Radio Interface Connectivity Disturbance Alert;Near end port:FieldReplaceableUnit=BB-1,RiPort=D (transportType=NOT_SET). SUPPRESSED
2025-09-18;22:25:52;EV  ;Warning;RiLink=S102-1;Radio Interface Connectivity Disturbance Alert;Near end port:FieldReplaceableUnit=BB-1,RiPort=E (transportType=NOT_SET). SUPPRESSED
2025-09-18;22:25:52;EV  ;Warning;RiLink=S3-1;Radio Interface Connectivity Disturbance Alert;Near end port:FieldReplaceableUnit=BB-1,RiPort=C (transportType=NOT_SET). SUPPRESSED
2025-09-18;22:25:52;EV  ;Warning;RiLink=S2-1;Radio Interface Connectivity Disturbance Alert;Near end port:FieldReplaceableUnit=BB-1,RiPort=B (transportType=NOT_SET). SUPPRESSED
2025-09-18;22:25:52;EV  ;Warning;RiLink=S1-1;Radio Interface Connectivity Disturbance Alert;Near end port:FieldReplaceableUnit=BB-1,RiPort=A (transportType=NOT_SET). SUPPRESSED

Bye...
Output has been logged to file /mta_fs/UserFiles/37258710/amosbatch/2025-10-07_11-07-01_53697/RC27T.log
