Logging to file /mta_fs/UserFiles/37258710/amosbatch/2025-10-07_11-07-01_53697/RC2CT.log
                        __  __  ____   _____
                  /\   |  \/  |/ __ \ / ____|
                 /  \  | \  / | |  | | (___  
                / /\ \ | |\/| | |  | |\___ \ 
               / ____ \| |  | | |__| |____) |
              /_/    \_\_|  |_|\____/|_____/
              OSS Framework for MoShell-25.0h 
  Copyright (c) Ericsson AB 2001-2025 - All Rights Reserved
              
           
[1;31mWARNING: [0mthe AMOS version currently running is more than 22 weeks old and is unsupported.
Please upgrade as soon as possible to the latest released version, available from your local Ericsson support.

$amosrb_pid = 1228564

Checking ip contact...OK

HELP MENU            : h
BASIC MO COMMANDS    : m
OTHER MO COMMANDS    : n
OTHER COMMANDS       : o
PM COMMANDS          : p
QUIT                 : q

RC2CT> lt all

251007-12:19:27+0200 19.31.14.218 25.0h  stopfile=/tmp/1228100
Looking up temporary_amos account... OK.
Trying temporary_amos_t20251007_37258710_53697_313's password from amos lookupAccount ... OK

$ssh_pid = 1230246

Connected to 19.31.14.218 (SubNetwork=BBMM_rckomc_R,MeContext=RC2CT,ManagedElement=RC2CT)

Checking MOM version...MSRBS_NODE_MODEL_25.Q1_198665.224.73_bf81
Parsing MOM (cached): /ericsson/log/amos/moshell_logfiles/t20251007_37258710_53697/logs_moshell/tempfiles/scp-2-amos_20251007-121919_1228041/MSRBS_NODE_MODEL_25.Q1_198665.224.73_bf81.xml.cache.gz ......................................................................................................................................................................................................................Done.
Using paramfile /opt/ericsson/amos/moshell/commonjars/pm/PARAM_MSRBSG2_25.Q1.txt
Parsing file /opt/ericsson/amos/moshell/commonjars/pm/PARAM_MSRBSG2_25.Q1.txt ......................................................................................Done.
Using imomdfile /opt/ericsson/amos/moshell/commonjars/pm/IMOMD_MSRBS_22.Q4.txt
Using imomfile /opt/ericsson/amos/moshell/commonjars/pm/IMOM_MSRBS_25.Q1.txt
Connected to 19.31.14.218 (SubNetwork=BBMM_rckomc_R,MeContext=RC2CT,ManagedElement=RC2CT)

Last MO: 19370. Loaded 19370 MOs. Total: 19371 MOs.

RC2CT> hget EUtranCellFDD ^cellid

251007-12:19:47+0200 19.31.14.218 25.0h MSRBS_NODE_MODEL_25.Q1_198665.224.73_bf81 stopfile=/tmp/1228100
.
=================================================================================================================
MO                   cellId
=================================================================================================================
EUtranCellFDD=RC2CE1 61    
EUtranCellFDD=RC2CE2 62    
EUtranCellFDD=RC2CE3 63    
EUtranCellFDD=RC2CM1 31    
EUtranCellFDD=RC2CM2 32    
EUtranCellFDD=RC2CM3 33    
EUtranCellFDD=RC2CT1 41    
EUtranCellFDD=RC2CT2 42    
EUtranCellFDD=RC2CT3 43    
=================================================================================================================
Total: 9 MOs

Added 9 MOs to group: hget_group

RC2CT> hget NbIotCell ^cellid

251007-12:19:48+0200 19.31.14.218 25.0h MSRBS_NODE_MODEL_25.Q1_198665.224.73_bf81 stopfile=/tmp/1228100
.
=================================================================================================================
MO               cellId
=================================================================================================================
NbIotCell=RC2CN1 161   
NbIotCell=RC2CN2 162   
NbIotCell=RC2CN3 163   
=================================================================================================================
Total: 3 MOs

Added 3 MOs to group: hget_group

RC2CT> hget NRCellDU ^cellLocalId

251007-12:19:48+0200 19.31.14.218 25.0h MSRBS_NODE_MODEL_25.Q1_198665.224.73_bf81 stopfile=/tmp/1228100
Total: 0 MOs

RC2CT> lgdc -m 30d

251007-12:19:48+0200 19.31.14.218 25.0h MSRBS_NODE_MODEL_25.Q1_198665.224.73_bf81 stopfile=/tmp/1228100

Startdate=20250907.101948, Enddate=20251008.101948
INFO: Using amos lookupAccount credentials for the export login

Executing action LogM.exportAvailabilityLog()
...LogM=1,exportAvailabilityLog    actionId=29380
......
=================================================================================================================
MO     actionId result      resultInfo
=================================================================================================================
LogM=1 29380    1 (SUCCESS)           
cp /ericsson/log/amos/moshell_logfiles/t20251007_37258710_53697/logs_moshell/tempfiles/scp-2-amos_20251007-121919_1228041/rcslogs/RBS_CS_AVAILABILITY_LOG_20251007101953.xml /ericsson/log/amos/moshell_logfiles/t20251007_37258710_53697/logs_moshell/tempfiles/scp-2-amos_20251007-121919_1228041/availabilityLog1228100.xml
Parsing availabilityLog........Done.
.....
Date;Time;RestartType;SwVersion;SwRelease;RCSDowntime;ApplicationDowntime;TNDowntime;RATsDowntime;ExtraInfo;ExtraInfo2
2025-09-08;02:44:53;PartialOutage(Manual);11% Lrat Cell 33; ();11s;;;;;
2025-09-08;02:45:09;PartialOutage(Manual);11% Lrat Cell 31; ();15s;;;;;
2025-09-08;02:45:28;PartialOutage(Manual);11% Lrat Cell 32; ();10s;;;;;
2025-09-08;02:45:41;PartialOutage(Manual);33% Lrat Cell 163; ();1s;;;;;
2025-09-08;02:45:42;PartialOutage(Manual);11% Lrat Cell 63; ();12s;;;;;
2025-09-08;02:45:58;PartialOutage(Manual);33% Lrat Cell 161 163; ();1s;;;;;
2025-09-08;02:45:59;PartialOutage(Manual);11% Lrat Cell 61; ();11s;;;;;
2025-09-08;02:46:14;PartialOutage(Manual);50% Lrat Cell 161 162 163; ();1s;;;;;
2025-09-08;02:46:15;PartialOutage(Manual);50% Lrat Cell 161 162; ();4s;;;;;
2025-09-08;02:46:19;PartialOutage(Manual);11% Lrat Cell 62; ();8s;;;;;
2025-09-08;02:46:31;PartialOutage(Manual);53% Lrat Cell 162; ();3s;;;;;
2025-09-08;02:46:34;PartialOutage(Manual);11% Lrat Cell 42; ();9s;;;;;
2025-09-08;02:46:47;PartialOutage(Manual);11% Lrat Cell 43; ();2s;;;;;
2025-09-08;02:46:59;PartialOutage(Manual);11% Lrat Cell 41; ();10s;;;;;
2025-10-07;07:44:00;PartialOutage(Manual);100% Lrat Cell 161 162 163; ();1s;;;;;
2025-10-07;07:44:01;PartialOutage(Manual);33% Lrat Cell 31 32 33; ();1s;;;;;
2025-10-07;07:44:02;PartialOutage(Manual);44% Lrat Cell 63 31 32 33; ();1s;;;;;
2025-10-07;07:44:03;PartialOutage(Manual);56% Lrat Cell 63 31 32 33 42; ();1s;;;;;
2025-10-07;07:44:04;PartialOutage(Manual);78% Lrat Cell 61 63 31 32 33 42 43; ();2s;;;;;

Node uptime since last restart: 2532771 seconds (29 days, 7 hours, 32 minutes, 51 seconds)
------------------------------------------------------------------------------------------------------
Period=30 days       NodeUpgrade      NodeManual       NodeSpontaneous  AllNodeRestarts  PartialOutages  
------------------------------------------------------------------------------------------------------
Number Of outages    0                0                0                0                19              
Total downtime       0s               0s               0s               0s               104s (1m44s)    
Downtime per day     0s               0s               0s               0s               3s              
Downtime per outage  0s               0s               0s               0s               5s              

RC2CT> lgac -m 30d

251007-12:20:00+0200 19.31.14.218 25.0h MSRBS_NODE_MODEL_25.Q1_198665.224.73_bf81 stopfile=/tmp/1228100

Startdate=20250907.102000, Enddate=20251008.102000
Date;Time;Log;Severity;Object;Event;Cause;AdditionalText;AckState;Id;NotificationId;CorrelatedAlarms
Executing action Log.export()
..
Log=AlarmLog                    actionId=29381
..........
=================================================================================================================
MO                  actionId result      resultInfo
=================================================================================================================
LogM=1,Log=AlarmLog 29381    1 (SUCCESS)           
cat  /ericsson/log/amos/moshell_logfiles/t20251007_37258710_53697/logs_moshell/tempfiles/scp-2-amos_20251007-121919_1228041/rcslogs/saLogAlarm_20221211__142831_20240308__094030.log /ericsson/log/amos/moshell_logfiles/t20251007_37258710_53697/logs_moshell/tempfiles/scp-2-amos_20251007-121919_1228041/rcslogs/saLogAlarm_20240308__094030_20250605__190700.log /ericsson/log/amos/moshell_logfiles/t20251007_37258710_53697/logs_moshell/tempfiles/scp-2-amos_20251007-121919_1228041/rcslogs/saLogAlarm_20250605__190700.log > /ericsson/log/amos/moshell_logfiles/t20251007_37258710_53697/logs_moshell/tempfiles/scp-2-amos_20251007-121919_1228041/alarmLog1228100.xml
2025-09-07;11:59:56;AL  ;Minor ;ENodeBFunction=1;External Link Failure;X2 link problem to one or several neighbouring eNodeBs. AI: PLMN ID-eNB ID 1 = 2221-600715
2025-09-08;02:46:48;AL  ;Minor ;EUtraNetwork=1,ExternalENodeBFunction=2221-208365;Inter Node Feature Incompatibility;Inter eNodeB CA feature is not activated in remote eNodeB. SUPPRESSED
2025-09-08;02:46:57;AL  ;Cleared;EUtraNetwork=1,ExternalENodeBFunction=2221-208365;Inter Node Feature Incompatibility;Inter eNodeB CA feature is not activated in remote eNodeB. SUPPRESSED
2025-09-08;03:41:49;AL  ;Minor ;EUtraNetwork=1,ExternalENodeBFunction=2221-208365;Inter Node Feature Incompatibility;Inter eNodeB CA feature is not activated in remote eNodeB. SUPPRESSED
2025-09-08;03:41:57;AL  ;Cleared;EUtraNetwork=1,ExternalENodeBFunction=2221-208365;Inter Node Feature Incompatibility;Inter eNodeB CA feature is not activated in remote eNodeB. SUPPRESSED
2025-09-08;06:29:52;AL  ;Cleared;ENodeBFunction=1;External Link Failure;X2 link problem to one or several neighbouring eNodeBs. AI: PLMN ID-eNB ID 1 = 2221-600715
2025-09-08;13:28:37;AL  ;Minor ;ENodeBFunction=1;External Link Failure;X2 link problem to one or several neighbouring eNodeBs. AI: PLMN ID-eNB ID 1 = 2221-600684
2025-09-08;14:50:40;AL  ;Cleared;ENodeBFunction=1;External Link Failure;X2 link problem to one or several neighbouring eNodeBs. AI: PLMN ID-eNB ID 1 = 2221-600684
2025-09-09;02:40:49;AL  ;Minor ;EUtraNetwork=1,ExternalENodeBFunction=2221-208365;Inter Node Feature Incompatibility;Inter eNodeB CA feature is not activated in remote eNodeB. SUPPRESSED
2025-09-09;02:41:21;AL  ;Cleared;EUtraNetwork=1,ExternalENodeBFunction=2221-208365;Inter Node Feature Incompatibility;Inter eNodeB CA feature is not activated in remote eNodeB. SUPPRESSED
2025-09-09;02:42:21;AL  ;Minor ;EUtraNetwork=1,ExternalENodeBFunction=2221-208365;Inter Node Feature Incompatibility;Inter eNodeB CA feature is not activated in remote eNodeB. SUPPRESSED
2025-09-09;03:00:59;AL  ;Cleared;EUtraNetwork=1,ExternalENodeBFunction=2221-208365;Inter Node Feature Incompatibility;Inter eNodeB CA feature is not activated in remote eNodeB. SUPPRESSED
2025-09-09;11:33:28;AL  ;Minor ;ENodeBFunction=1;External Link to GNodeB Failure;X2 link problem to one or several neighbouring gNodeBs. AI: PLMN ID-gNB ID 1 = 2221-1051621
2025-09-09;12:44:29;AL  ;Cleared;ENodeBFunction=1;External Link to GNodeB Failure;X2 link problem to one or several neighbouring gNodeBs. AI: PLMN ID-gNB ID 1 = 2221-1051621
2025-09-10;23:21:32;AL  ;Minor ;ENodeBFunction=1;External Link Failure;X2 link problem to one or several neighbouring eNodeBs. AI: PLMN ID-eNB ID 1 = 2221-207704
2025-09-10;23:37:28;AL  ;Minor ;ENodeBFunction=1;External Link Failure;X2 link problem to one or several neighbouring eNodeBs. AI: PLMN ID-eNB ID 1 = 2221-207704 PLMN ID-eNB ID 2 = 2221-601340
2025-09-10;23:40:50;AL  ;Minor ;ENodeBFunction=1;External Link Failure;X2 link problem to one or several neighbouring eNodeBs. AI: PLMN ID-eNB ID 1 = 2221-601340
2025-09-10;23:51:40;AL  ;Cleared;ENodeBFunction=1;External Link Failure;X2 link problem to one or several neighbouring eNodeBs. AI: PLMN ID-eNB ID 1 = 2221-601340
2025-09-11;00:02:02;AL  ;Minor ;ENodeBFunction=1;External Link Failure;X2 link problem to one or several neighbouring eNodeBs. AI: PLMN ID-eNB ID 1 = 2221-601340
2025-09-11;00:04:51;AL  ;Cleared;ENodeBFunction=1;External Link Failure;X2 link problem to one or several neighbouring eNodeBs. AI: PLMN ID-eNB ID 1 = 2221-601340
2025-09-11;00:34:47;AL  ;Minor ;ENodeBFunction=1;External Link Failure;X2 link problem to one or several neighbouring eNodeBs. AI: PLMN ID-eNB ID 1 = 2221-601340
2025-09-11;00:44:05;AL  ;Cleared;ENodeBFunction=1;External Link Failure;X2 link problem to one or several neighbouring eNodeBs. AI: PLMN ID-eNB ID 1 = 2221-601340
2025-09-11;06:30:29;AL  ;Minor ;ENodeBFunction=1;External Link Failure;X2 link problem to one or several neighbouring eNodeBs. AI: PLMN ID-eNB ID 1 = 2221-601301
2025-09-11;11:45:08;AL  ;Minor ;ENodeBFunction=1;External Link Failure;X2 link problem to one or several neighbouring eNodeBs. AI: PLMN ID-eNB ID 1 = 2221-601301 PLMN ID-eNB ID 2 = 2221-213965
2025-09-11;11:56:22;AL  ;Minor ;ENodeBFunction=1;External Link Failure;X2 link problem to one or several neighbouring eNodeBs. AI: PLMN ID-eNB ID 1 = 2221-601301
2025-09-11;13:32:12;AL  ;Cleared;ENodeBFunction=1;External Link Failure;X2 link problem to one or several neighbouring eNodeBs. AI: PLMN ID-eNB ID 1 = 2221-601301
2025-09-11;23:51:17;AL  ;Minor ;EUtraNetwork=1,ExternalENodeBFunction=2221-208365;Inter Node Feature Incompatibility;Inter eNodeB CA feature is not activated in remote eNodeB. SUPPRESSED
2025-09-11;23:51:33;AL  ;Cleared;EUtraNetwork=1,ExternalENodeBFunction=2221-208365;Inter Node Feature Incompatibility;Inter eNodeB CA feature is not activated in remote eNodeB. SUPPRESSED
2025-09-16;10:03:37;AL  ;Warning;ENodeBFunction=1;PLMN Service Redundancy Lost;S1 connection failure for PLMN connected with link represented by MO listed in Additional Information. AI: PLMN = ["2221"],DN1=ManagedElement=1,ENodeBFunction=1,TermPointToMme=5,
2025-09-16;10:04:07;AL  ;Cleared;ENodeBFunction=1;PLMN Service Redundancy Lost;S1 connection failure for PLMN connected with link represented by MO listed in Additional Information. AI: PLMN = ["2221"],DN1=ManagedElement=1,ENodeBFunction=1,TermPointToMme=5,
2025-09-18;08:57:37;AL  ;Major ;Synchronization=1,RadioEquipmentClock=1,RadioEquipmentClockReference=PTP;Sync PTP Time Reachability Fault;No PTP messages
2025-09-18;08:59:57;AL  ;Minor ;Synchronization=1,RadioEquipmentClock=1;Radio Clock Service in Time Holdover Mode;Time sync reference failure
2025-09-18;09:01:24;AL  ;Cleared;Synchronization=1,RadioEquipmentClock=1;Radio Clock Service in Time Holdover Mode;Time sync reference failure
2025-09-18;09:02:23;AL  ;Cleared;Synchronization=1,RadioEquipmentClock=1,RadioEquipmentClockReference=PTP;Sync PTP Time Reachability Fault;No PTP messages
2025-09-18;09:05:17;AL  ;Major ;Synchronization=1,RadioEquipmentClock=1,RadioEquipmentClockReference=PTP;Sync PTP Time Reachability Fault;No PTP messages
2025-09-18;09:07:09;AL  ;Minor ;Synchronization=1,RadioEquipmentClock=1;Radio Clock Service in Time Holdover Mode;Time sync reference failure
2025-09-18;09:10:18;AL  ;Cleared;Synchronization=1,RadioEquipmentClock=1;Radio Clock Service in Time Holdover Mode;Time sync reference failure
2025-09-18;09:11:17;AL  ;Cleared;Synchronization=1,RadioEquipmentClock=1,RadioEquipmentClockReference=PTP;Sync PTP Time Reachability Fault;No PTP messages
2025-09-19;07:09:53;AL  ;Minor ;ENodeBFunction=1;External Link Failure;X2 link problem to one or several neighbouring eNodeBs. AI: PLMN ID-eNB ID 1 = 2221-208472
2025-09-19;12:08:33;AL  ;Cleared;ENodeBFunction=1;External Link Failure;X2 link problem to one or several neighbouring eNodeBs. AI: PLMN ID-eNB ID 1 = 2221-208472
2025-09-19;13:15:48;AL  ;Minor ;ENodeBFunction=1;External Link Failure;X2 link problem to one or several neighbouring eNodeBs. AI: PLMN ID-eNB ID 1 = 2221-600715
2025-09-19;13:17:01;AL  ;Cleared;ENodeBFunction=1;External Link Failure;X2 link problem to one or several neighbouring eNodeBs. AI: PLMN ID-eNB ID 1 = 2221-600715
2025-09-20;20:48:16;AL  ;Minor ;ENodeBFunction=1;External Link Failure;X2 link problem to one or several neighbouring eNodeBs. AI: PLMN ID-eNB ID 1 = 2221-650502
2025-09-21;09:50:09;AL  ;Cleared;ENodeBFunction=1;External Link Failure;X2 link problem to one or several neighbouring eNodeBs. AI: PLMN ID-eNB ID 1 = 2221-650502
2025-09-22;07:52:37;AL  ;Minor ;ENodeBFunction=1;External Link Failure;X2 link problem to one or several neighbouring eNodeBs. AI: PLMN ID-eNB ID 1 = 2221-600911
2025-09-22;07:52:53;AL  ;Cleared;ENodeBFunction=1;External Link Failure;X2 link problem to one or several neighbouring eNodeBs. AI: PLMN ID-eNB ID 1 = 2221-600911
2025-09-25;06:43:19;AL  ;Minor ;ENodeBFunction=1;External Link Failure;X2 link problem to one or several neighbouring eNodeBs. AI: PLMN ID-eNB ID 1 = 2221-600936
2025-09-25;13:22:40;AL  ;Cleared;ENodeBFunction=1;External Link Failure;X2 link problem to one or several neighbouring eNodeBs. AI: PLMN ID-eNB ID 1 = 2221-600936
2025-09-26;06:46:24;AL  ;Minor ;ENodeBFunction=1;External Link Failure;X2 link problem to one or several neighbouring eNodeBs. AI: PLMN ID-eNB ID 1 = 2221-600936
2025-09-26;07:08:21;AL  ;Minor ;ENodeBFunction=1;External Link Failure;X2 link problem to one or several neighbouring eNodeBs. AI: PLMN ID-eNB ID 1 = 2221-600936 PLMN ID-eNB ID 2 = 2221-208472
2025-09-26;07:56:11;AL  ;Major ;Synchronization=1,RadioEquipmentClock=1,RadioEquipmentClockReference=PTP;Sync PTP Time Reachability Fault;No PTP messages
2025-09-26;07:58:31;AL  ;Minor ;Synchronization=1,RadioEquipmentClock=1;Radio Clock Service in Time Holdover Mode;Time sync reference failure
2025-09-26;07:59:14;AL  ;Cleared;Synchronization=1,RadioEquipmentClock=1;Radio Clock Service in Time Holdover Mode;Time sync reference failure
2025-09-26;08:00:13;AL  ;Cleared;Synchronization=1,RadioEquipmentClock=1,RadioEquipmentClockReference=PTP;Sync PTP Time Reachability Fault;No PTP messages
2025-09-26;08:04:12;AL  ;Major ;Synchronization=1,RadioEquipmentClock=1,RadioEquipmentClockReference=PTP;Sync PTP Time Reachability Fault;No PTP messages
2025-09-26;08:06:04;AL  ;Minor ;Synchronization=1,RadioEquipmentClock=1;Radio Clock Service in Time Holdover Mode;Time sync reference failure
2025-09-26;08:10:43;AL  ;Cleared;Synchronization=1,RadioEquipmentClock=1;Radio Clock Service in Time Holdover Mode;Time sync reference failure
2025-09-26;08:11:42;AL  ;Cleared;Synchronization=1,RadioEquipmentClock=1,RadioEquipmentClockReference=PTP;Sync PTP Time Reachability Fault;No PTP messages
2025-09-26;08:20:21;AL  ;Minor ;ENodeBFunction=1;External Link to GNodeB Failure;X2 link problem to one or several neighbouring gNodeBs. AI: PLMN ID-gNB ID 1 = 2221-1057137
2025-09-26;08:20:26;AL  ;Minor ;ENodeBFunction=1;External Link Failure;X2 link problem to one or several neighbouring eNodeBs. AI: PLMN ID-eNB ID 1 = 2221-600936 PLMN ID-eNB ID 2 = 2221-208472 PLMN ID-eNB ID 3 = 2221-650504
2025-09-26;09:32:24;AL  ;Minor ;ENodeBFunction=1;External Link Failure;X2 link problem to one or several neighbouring eNodeBs. AI: PLMN ID-eNB ID 1 = 2221-600936 PLMN ID-eNB ID 2 = 2221-208472 PLMN ID-eNB ID 3 = 2221-650504 PLMN ID-eNB ID 4 = 2221-204183
2025-09-26;10:01:06;AL  ;Minor ;ENodeBFunction=1;External Link Failure;X2 link problem to one or several neighbouring eNodeBs. AI: PLMN ID-eNB ID 1 = 2221-600936 PLMN ID-eNB ID 2 = 2221-208472 PLMN ID-eNB ID 3 = 2221-650504
2025-09-26;10:14:36;AL  ;Minor ;ENodeBFunction=1;External Link Failure;X2 link problem to one or several neighbouring eNodeBs. AI: PLMN ID-eNB ID 1 = 2221-600936 PLMN ID-eNB ID 2 = 2221-208472
2025-09-26;10:14:42;AL  ;Cleared;ENodeBFunction=1;External Link to GNodeB Failure;X2 link problem to one or several neighbouring gNodeBs. AI: PLMN ID-gNB ID 1 = 2221-1057137
2025-09-26;12:53:38;AL  ;Minor ;ENodeBFunction=1;External Link Failure;X2 link problem to one or several neighbouring eNodeBs. AI: PLMN ID-eNB ID 1 = 2221-208472
2025-09-26;13:25:00;AL  ;Cleared;ENodeBFunction=1;External Link Failure;X2 link problem to one or several neighbouring eNodeBs. AI: PLMN ID-eNB ID 1 = 2221-208472
2025-09-27;11:43:43;AL  ;Minor ;ENodeBFunction=1;External Link Failure;X2 link problem to one or several neighbouring eNodeBs. AI: PLMN ID-eNB ID 1 = 2221-601153 PLMN ID-eNB ID 2 = 2221-211205
2025-09-27;11:45:59;AL  ;Minor ;ENodeBFunction=1;External Link Failure;X2 link problem to one or several neighbouring eNodeBs. AI: PLMN ID-eNB ID 1 = 2221-601153 PLMN ID-eNB ID 2 = 2221-211205 PLMN ID-eNB ID 3 = 2221-601527
2025-09-27;11:58:03;AL  ;Minor ;ENodeBFunction=1;External Link Failure;X2 link problem to one or several neighbouring eNodeBs. AI: PLMN ID-eNB ID 1 = 2221-601153 PLMN ID-eNB ID 2 = 2221-211205
2025-09-27;11:58:50;AL  ;Cleared;ENodeBFunction=1;External Link Failure;X2 link problem to one or several neighbouring eNodeBs. AI: PLMN ID-eNB ID 1 = 2221-601153 PLMN ID-eNB ID 2 = 2221-211205
2025-09-27;12:37:03;AL  ;Minor ;ENodeBFunction=1;External Link Failure;X2 link problem to one or several neighbouring eNodeBs. AI: PLMN ID-eNB ID 1 = 2221-211205 PLMN ID-eNB ID 2 = 2221-601153
2025-09-27;12:44:18;AL  ;Cleared;ENodeBFunction=1;External Link Failure;X2 link problem to one or several neighbouring eNodeBs. AI: PLMN ID-eNB ID 1 = 2221-211205 PLMN ID-eNB ID 2 = 2221-601153
2025-09-28;10:18:57;AL  ;Minor ;ENodeBFunction=1;External Link Failure;X2 link problem to one or several neighbouring eNodeBs. AI: PLMN ID-eNB ID 1 = 2221-601301
2025-09-29;13:29:27;AL  ;Cleared;ENodeBFunction=1;External Link Failure;X2 link problem to one or several neighbouring eNodeBs. AI: PLMN ID-eNB ID 1 = 2221-601301
2025-10-02;08:41:16;AL  ;Minor ;ENodeBFunction=1;External Link Failure;X2 link problem to one or several neighbouring eNodeBs. AI: PLMN ID-eNB ID 1 = 2221-209644
2025-10-02;13:41:08;AL  ;Cleared;ENodeBFunction=1;External Link Failure;X2 link problem to one or several neighbouring eNodeBs. AI: PLMN ID-eNB ID 1 = 2221-209644
2025-10-03;12:15:29;AL  ;Minor ;ENodeBFunction=1;External Link Failure;X2 link problem to one or several neighbouring eNodeBs. AI: PLMN ID-eNB ID 1 = 2221-206047
2025-10-03;12:45:57;AL  ;Cleared;ENodeBFunction=1;External Link Failure;X2 link problem to one or several neighbouring eNodeBs. AI: PLMN ID-eNB ID 1 = 2221-206047
2025-10-04;02:43:47;AL  ;Minor ;ENodeBFunction=1;External Link to GNodeB Failure;X2 link problem to one or several neighbouring gNodeBs. AI: PLMN ID-gNB ID 1 = 2221-1057137
2025-10-04;02:43:54;AL  ;Minor ;ENodeBFunction=1;External Link Failure;X2 link problem to one or several neighbouring eNodeBs. AI: PLMN ID-eNB ID 1 = 2221-650504
2025-10-04;02:48:00;AL  ;Cleared;ENodeBFunction=1;External Link Failure;X2 link problem to one or several neighbouring eNodeBs. AI: PLMN ID-eNB ID 1 = 2221-650504
2025-10-04;02:48:15;AL  ;Cleared;ENodeBFunction=1;External Link to GNodeB Failure;X2 link problem to one or several neighbouring gNodeBs. AI: PLMN ID-gNB ID 1 = 2221-1057137
2025-10-04;03:53:57;AL  ;Minor ;ENodeBFunction=1;External Link to GNodeB Failure;X2 link problem to one or several neighbouring gNodeBs. AI: PLMN ID-gNB ID 1 = 2221-1057137
2025-10-04;03:54:18;AL  ;Minor ;ENodeBFunction=1;External Link Failure;X2 link problem to one or several neighbouring eNodeBs. AI: PLMN ID-eNB ID 1 = 2221-650504
2025-10-04;03:54:59;AL  ;Cleared;ENodeBFunction=1;External Link Failure;X2 link problem to one or several neighbouring eNodeBs. AI: PLMN ID-eNB ID 1 = 2221-650504
2025-10-04;03:55:15;AL  ;Cleared;ENodeBFunction=1;External Link to GNodeB Failure;X2 link problem to one or several neighbouring gNodeBs. AI: PLMN ID-gNB ID 1 = 2221-1057137
2025-10-06;07:57:23;AL  ;Critical;FieldReplaceableUnit=BB-1,AlarmPort=2;External Alarm;ALLARME PORTA
2025-10-06;07:57:36;AL  ;Cleared;FieldReplaceableUnit=BB-1,AlarmPort=2;External Alarm;ALLARME PORTA
2025-10-06;07:57:42;AL  ;Critical;FieldReplaceableUnit=BB-1,AlarmPort=7;External Alarm;ALLARME PORTA B154
2025-10-06;07:57:55;AL  ;Cleared;FieldReplaceableUnit=BB-1,AlarmPort=7;External Alarm;ALLARME PORTA B154
2025-10-06;11:48:40;AL  ;Minor ;ENodeBFunction=1;External Link Failure;X2 link problem to one or several neighbouring eNodeBs. AI: PLMN ID-eNB ID 1 = 2221-209907 PLMN ID-eNB ID 2 = 2221-209906
2025-10-07;09:46:36;AL  ;Cleared;ENodeBFunction=1;External Link Failure;X2 link problem to one or several neighbouring eNodeBs. AI: PLMN ID-eNB ID 1 = 2221-209907 PLMN ID-eNB ID 2 = 2221-209906


RC2CT> lgec -m 30d

251007-12:20:10+0200 19.31.14.218 25.0h MSRBS_NODE_MODEL_25.Q1_198665.224.73_bf81 stopfile=/tmp/1228100

Startdate=20250907.102010, Enddate=20251008.102010
Date;Time;Log;Severity;Object;Event;Cause;AdditionalText;AckState;Id;NotificationId;CorrelatedAlarms
Executing action Log.export()
..
Log=AlertLog                    actionId=29382
...
=================================================================================================================
MO                  actionId result      resultInfo
=================================================================================================================
LogM=1,Log=AlertLog 29382    1 (SUCCESS)           
cat  /ericsson/log/amos/moshell_logfiles/t20251007_37258710_53697/logs_moshell/tempfiles/scp-2-amos_20251007-121919_1228041/rcslogs/AlertLog_20220721__075432.log > /ericsson/log/amos/moshell_logfiles/t20251007_37258710_53697/logs_moshell/tempfiles/scp-2-amos_20251007-121919_1228041/eventLog1228100.xml

Bye...
Output has been logged to file /mta_fs/UserFiles/37258710/amosbatch/2025-10-07_11-07-01_53697/RC2CT.log
