Logging to file /mta_fs/UserFiles/37258710/amosbatch/2025-10-07_11-07-01_53697/RC3FT.log
                        __  __  ____   _____
                  /\   |  \/  |/ __ \ / ____|
                 /  \  | \  / | |  | | (___  
                / /\ \ | |\/| | |  | |\___ \ 
               / ____ \| |  | | |__| |____) |
              /_/    \_\_|  |_|\____/|_____/
              OSS Framework for MoShell-25.0h 
  Copyright (c) Ericsson AB 2001-2025 - All Rights Reserved
              
           
[1;31mWARNING: [0mthe AMOS version currently running is more than 22 weeks old and is unsupported.
Please upgrade as soon as possible to the latest released version, available from your local Ericsson support.

$amosrb_pid = 1339787

Checking ip contact...OK

HELP MENU            : h
BASIC MO COMMANDS    : m
OTHER MO COMMANDS    : n
OTHER COMMANDS       : o
PM COMMANDS          : p
QUIT                 : q

RC3FT> lt all

251007-12:34:06+0200 19.31.15.252 25.0h  stopfile=/tmp/1339419
Looking up temporary_amos account... OK.
Trying temporary_amos_t20251007_37258710_53697_313's password from amos lookupAccount ... OK

$ssh_pid = 1340998

Connected to 19.31.15.252 (SubNetwork=BBMM_rckomc_R,MeContext=RC3FT,ManagedElement=RC3FT)

Checking MOM version...MSRBS_NODE_MODEL_25.Q1_198665.224.73_bf81
Parsing MOM (cached): /ericsson/log/amos/moshell_logfiles/t20251007_37258710_53697/logs_moshell/tempfiles/scp-2-amos_20251007-123359_1339359/MSRBS_NODE_MODEL_25.Q1_198665.224.73_bf81.xml.cache.gz ......................................................................................................................................................................................................................Done.
Using paramfile /opt/ericsson/amos/moshell/commonjars/pm/PARAM_MSRBSG2_25.Q1.txt
Parsing file /opt/ericsson/amos/moshell/commonjars/pm/PARAM_MSRBSG2_25.Q1.txt ......................................................................................Done.
Using imomdfile /opt/ericsson/amos/moshell/commonjars/pm/IMOMD_MSRBS_22.Q4.txt
Using imomfile /opt/ericsson/amos/moshell/commonjars/pm/IMOM_MSRBS_25.Q1.txt
Connected to 19.31.15.252 (SubNetwork=BBMM_rckomc_R,MeContext=RC3FT,ManagedElement=RC3FT)

Last MO: 17745. Loaded 17745 MOs. Total: 17746 MOs.

RC3FT> hget EUtranCellFDD ^cellid

251007-12:34:25+0200 19.31.15.252 25.0h MSRBS_NODE_MODEL_25.Q1_198665.224.73_bf81 stopfile=/tmp/1339419
.
=================================================================================================================
MO                   cellId
=================================================================================================================
EUtranCellFDD=RC3FE1 61    
EUtranCellFDD=RC3FE2 62    
EUtranCellFDD=RC3FE3 63    
EUtranCellFDD=RC3FM1 31    
EUtranCellFDD=RC3FM2 32    
EUtranCellFDD=RC3FM3 33    
EUtranCellFDD=RC3FT1 41    
EUtranCellFDD=RC3FT2 42    
EUtranCellFDD=RC3FT3 43    
=================================================================================================================
Total: 9 MOs

Added 9 MOs to group: hget_group

RC3FT> hget NbIotCell ^cellid

251007-12:34:26+0200 19.31.15.252 25.0h MSRBS_NODE_MODEL_25.Q1_198665.224.73_bf81 stopfile=/tmp/1339419
.
=================================================================================================================
MO               cellId
=================================================================================================================
NbIotCell=RC3FN1 161   
NbIotCell=RC3FN2 162   
NbIotCell=RC3FN3 163   
=================================================================================================================
Total: 3 MOs

Added 3 MOs to group: hget_group

RC3FT> hget NRCellDU ^cellLocalId

251007-12:34:26+0200 19.31.15.252 25.0h MSRBS_NODE_MODEL_25.Q1_198665.224.73_bf81 stopfile=/tmp/1339419
Total: 0 MOs

RC3FT> lgdc -m 30d

251007-12:34:26+0200 19.31.15.252 25.0h MSRBS_NODE_MODEL_25.Q1_198665.224.73_bf81 stopfile=/tmp/1339419

Startdate=20250907.103426, Enddate=20251008.103426
INFO: Using amos lookupAccount credentials for the export login

Executing action LogM.exportAvailabilityLog()
...LogM=1,exportAvailabilityLog    actionId=27867
......
=================================================================================================================
MO     actionId result      resultInfo
=================================================================================================================
LogM=1 27867    1 (SUCCESS)           
cp /ericsson/log/amos/moshell_logfiles/t20251007_37258710_53697/logs_moshell/tempfiles/scp-2-amos_20251007-123359_1339359/rcslogs/RBS_CS_AVAILABILITY_LOG_20251007103431.xml /ericsson/log/amos/moshell_logfiles/t20251007_37258710_53697/logs_moshell/tempfiles/scp-2-amos_20251007-123359_1339359/availabilityLog1339419.xml
Parsing availabilityLog........Done.
.....
Date;Time;RestartType;SwVersion;SwRelease;RCSDowntime;ApplicationDowntime;TNDowntime;RATsDowntime;ExtraInfo;ExtraInfo2
2025-09-08;05:42:16;PartialOutage(Manual);11% Lrat Cell 33; ();9s;;;;;
2025-09-08;05:42:28;PartialOutage(Manual);11% Lrat Cell 31; ();9s;;;;;
2025-09-08;05:42:40;PartialOutage(Manual);11% Lrat Cell 32; ();9s;;;;;
2025-09-08;05:42:54;PartialOutage(Manual);11% Lrat Cell 42; ();9s;;;;;
2025-09-08;05:43:09;PartialOutage(Manual);11% Lrat Cell 41; ();6s;;;;;
2025-09-08;05:43:19;PartialOutage(Manual);11% Lrat Cell 63; ();11s;;;;;
2025-09-08;05:43:32;PartialOutage(Manual);11% Lrat Cell 61; ();11s;;;;;
2025-09-08;05:43:44;PartialOutage(Manual);50% Lrat Cell 161; ();5s;;;;;
2025-09-08;05:43:49;PartialOutage(Manual);11% Lrat Cell 62; ();11s;;;;;
2025-09-08;05:44:01;PartialOutage(Manual);55% Lrat Cell 162; ();6s;;;;;
2025-09-08;05:44:07;PartialOutage(Manual);9% Lrat Cell 43; ();10s;;;;;
2025-09-24;10:58:18;PartialOutage(System);100% Lrat Cell 61 62 63 31 32 33 41 42 43; ();15s;;;;;
2025-09-24;10:58:33;PartialOutage(System);100% Lrat Cell 61 62 31 32 41 42; ();1s;;;;;
2025-09-24;10:58:34;PartialOutage(System);100% Lrat Cell 162; ();1s;;;;;
2025-10-02;23:31:21;PartialOutage(System);100% Lrat Cell 61 62 63 31 32 33 41 42 43; ();8s;;;;;
2025-10-02;23:31:29;PartialOutage(System);100% Lrat Cell 61 63 31 32 33 41 42; ();1s;;;;;
2025-10-03;18:24:21;PartialOutage(System);100% Lrat Cell 161 162 163; ();14s;;;;;
2025-10-03;18:24:35;PartialOutage(System);100% Lrat Cell 61 63 31 32 41 42 43; ();1s;;;;;
2025-10-03;18:24:36;PartialOutage(System);100% Lrat Cell 31 32 41 42; ();1s;;;;;
2025-10-03;18:24:37;PartialOutage(System);100% Lrat Cell 32 42; ();2s;;;;;
2025-10-03;18:24:39;PartialOutage(System);100% Lrat Cell 42; ();1s;;;;;

Node uptime since last restart: 317398 seconds (3 days, 16 hours, 9 minutes, 58 seconds)
------------------------------------------------------------------------------------------------------
Period=30 days       NodeUpgrade      NodeManual       NodeSpontaneous  AllNodeRestarts  PartialOutages  
------------------------------------------------------------------------------------------------------
Number Of outages    0                0                0                0                21              
Total downtime       0s               0s               0s               0s               141s (2m21s)    
Downtime per day     0s               0s               0s               0s               5s              
Downtime per outage  0s               0s               0s               0s               7s              

RC3FT> lgac -m 30d

251007-12:34:38+0200 19.31.15.252 25.0h MSRBS_NODE_MODEL_25.Q1_198665.224.73_bf81 stopfile=/tmp/1339419

Startdate=20250907.103438, Enddate=20251008.103438
Date;Time;Log;Severity;Object;Event;Cause;AdditionalText;AckState;Id;NotificationId;CorrelatedAlarms
Executing action Log.export()
..
Log=AlarmLog                    actionId=27868
...
=================================================================================================================
MO                  actionId result      resultInfo
=================================================================================================================
LogM=1,Log=AlarmLog 27868    1 (SUCCESS)           
cat  /ericsson/log/amos/moshell_logfiles/t20251007_37258710_53697/logs_moshell/tempfiles/scp-2-amos_20251007-123359_1339359/rcslogs/saLogAlarm_20220324__085723_20241020__110946.log /ericsson/log/amos/moshell_logfiles/t20251007_37258710_53697/logs_moshell/tempfiles/scp-2-amos_20251007-123359_1339359/rcslogs/saLogAlarm_20241020__110946.log > /ericsson/log/amos/moshell_logfiles/t20251007_37258710_53697/logs_moshell/tempfiles/scp-2-amos_20251007-123359_1339359/alarmLog1339419.xml
2025-09-16;09:57:08;AL  ;Warning;ENodeBFunction=1;PLMN Service Redundancy Lost;S1 connection failure for PLMN connected with link represented by MO listed in Additional Information. AI: PLMN = ["2221"],DN1=ManagedElement=1,ENodeBFunction=1,TermPointToMme=5,
2025-09-16;09:57:38;AL  ;Cleared;ENodeBFunction=1;PLMN Service Redundancy Lost;S1 connection failure for PLMN connected with link represented by MO listed in Additional Information. AI: PLMN = ["2221"],DN1=ManagedElement=1,ENodeBFunction=1,TermPointToMme=5,
2025-09-29;11:40:39;AL  ;Minor ;ENodeBFunction=1;External Link Failure;X2 link problem to one or several neighbouring eNodeBs. AI: PLMN ID-eNB ID 1 = 2221-650230
2025-09-29;14:42:28;AL  ;Cleared;ENodeBFunction=1;External Link Failure;X2 link problem to one or several neighbouring eNodeBs. AI: PLMN ID-eNB ID 1 = 2221-650230
2025-10-04;09:07:33;AL  ;Minor ;ENodeBFunction=1;External Link Failure;X2 link problem to one or several neighbouring eNodeBs. AI: PLMN ID-eNB ID 1 = 2221-650505 PLMN ID-eNB ID 2 = 2221-650347
2025-10-04;12:25:21;AL  ;Minor ;ENodeBFunction=1;External Link Failure;X2 link problem to one or several neighbouring eNodeBs. AI: PLMN ID-eNB ID 1 = 2221-650347
2025-10-05;09:43:38;AL  ;Cleared;ENodeBFunction=1;External Link Failure;X2 link problem to one or several neighbouring eNodeBs. AI: PLMN ID-eNB ID 1 = 2221-650347


RC3FT> lgec -m 30d

251007-12:34:44+0200 19.31.15.252 25.0h MSRBS_NODE_MODEL_25.Q1_198665.224.73_bf81 stopfile=/tmp/1339419

Startdate=20250907.103444, Enddate=20251008.103444
Date;Time;Log;Severity;Object;Event;Cause;AdditionalText;AckState;Id;NotificationId;CorrelatedAlarms
Executing action Log.export()
..
Log=AlertLog                    actionId=27869
...
=================================================================================================================
MO                  actionId result      resultInfo
=================================================================================================================
LogM=1,Log=AlertLog 27869    1 (SUCCESS)           
cat  /ericsson/log/amos/moshell_logfiles/t20251007_37258710_53697/logs_moshell/tempfiles/scp-2-amos_20251007-123359_1339359/rcslogs/AlertLog_20220324__085813.log > /ericsson/log/amos/moshell_logfiles/t20251007_37258710_53697/logs_moshell/tempfiles/scp-2-amos_20251007-123359_1339359/eventLog1339419.xml
2025-09-24;10:58:22;EV  ;Warning;EUtranCellFDD=RC3FE1;Cell Service Unavailable Auto Recovery Initiated Alert;
2025-09-24;10:58:22;EV  ;Warning;EUtranCellFDD=RC3FM2;Cell Service Unavailable Auto Recovery Initiated Alert;
2025-09-24;10:58:22;EV  ;Warning;EUtranCellFDD=RC3FE2;Cell Service Unavailable Auto Recovery Initiated Alert;
2025-09-24;10:58:22;EV  ;Warning;EUtranCellFDD=RC3FE3;Cell Service Unavailable Auto Recovery Initiated Alert;
2025-09-24;10:58:22;EV  ;Warning;EUtranCellFDD=RC3FM3;Cell Service Unavailable Auto Recovery Initiated Alert;
2025-09-24;10:58:22;EV  ;Warning;EUtranCellFDD=RC3FM1;Cell Service Unavailable Auto Recovery Initiated Alert;
2025-09-24;10:58:22;EV  ;Warning;EUtranCellFDD=RC3FT2;Cell Service Unavailable Auto Recovery Initiated Alert;
2025-09-24;10:58:22;EV  ;Warning;EUtranCellFDD=RC3FT1;Cell Service Unavailable Auto Recovery Initiated Alert;
2025-09-24;10:58:22;EV  ;Warning;EUtranCellFDD=RC3FT3;Cell Service Unavailable Auto Recovery Initiated Alert;
2025-09-24;10:58:28;EV  ;Warning;RiLink=S1-1;Radio Interface Connectivity Disturbance Alert;Near end port:FieldReplaceableUnit=BB-1,RiPort=A (transportType=NOT_SET). SUPPRESSED
2025-09-24;10:58:28;EV  ;Warning;RiLink=S2-1;Radio Interface Connectivity Disturbance Alert;Near end port:FieldReplaceableUnit=BB-1,RiPort=B (transportType=NOT_SET). SUPPRESSED
2025-09-24;10:58:28;EV  ;Warning;RiLink=S3-1;Radio Interface Connectivity Disturbance Alert;Near end port:FieldReplaceableUnit=BB-1,RiPort=C (transportType=NOT_SET). SUPPRESSED
2025-09-24;10:58:28;EV  ;Warning;RiLink=S100-1;Radio Interface Connectivity Disturbance Alert;Near end port:FieldReplaceableUnit=BB-1,RiPort=D (transportType=NOT_SET). SUPPRESSED
2025-09-24;10:58:28;EV  ;Warning;RiLink=S102-1;Radio Interface Connectivity Disturbance Alert;Near end port:FieldReplaceableUnit=BB-1,RiPort=E (transportType=NOT_SET). SUPPRESSED
2025-09-24;10:58:33;EV  ;Warning;EUtranCellFDD=RC3FT3;Cell Service Available Auto Recovery Successful Alert;
2025-09-24;10:58:33;EV  ;Warning;EUtranCellFDD=RC3FM3;Cell Service Available Auto Recovery Successful Alert;
2025-09-24;10:58:33;EV  ;Warning;EUtranCellFDD=RC3FE3;Cell Service Available Auto Recovery Successful Alert;
2025-09-24;10:58:34;EV  ;Warning;EUtranCellFDD=RC3FE1;Cell Service Available Auto Recovery Successful Alert;
2025-09-24;10:58:34;EV  ;Warning;EUtranCellFDD=RC3FM1;Cell Service Available Auto Recovery Successful Alert;
2025-09-24;10:58:34;EV  ;Warning;EUtranCellFDD=RC3FE2;Cell Service Available Auto Recovery Successful Alert;
2025-09-24;10:58:37;EV  ;Warning;EUtranCellFDD=RC3FM2;Cell Service Available Auto Recovery Successful Alert;
2025-09-24;10:58:37;EV  ;Warning;EUtranCellFDD=RC3FT2;Cell Service Available Auto Recovery Successful Alert;
2025-09-24;10:58:37;EV  ;Warning;EUtranCellFDD=RC3FT1;Cell Service Available Auto Recovery Successful Alert;
2025-10-02;23:31:24;EV  ;Warning;RiLink=S1-1;Radio Interface Connectivity Disturbance Alert;Near end port:FieldReplaceableUnit=BB-1,RiPort=A (transportType=NOT_SET). SUPPRESSED
2025-10-02;23:31:24;EV  ;Warning;RiLink=S2-1;Radio Interface Connectivity Disturbance Alert;Near end port:FieldReplaceableUnit=BB-1,RiPort=B (transportType=NOT_SET). SUPPRESSED
2025-10-02;23:31:24;EV  ;Warning;RiLink=S3-1;Radio Interface Connectivity Disturbance Alert;Near end port:FieldReplaceableUnit=BB-1,RiPort=C (transportType=NOT_SET). SUPPRESSED
2025-10-02;23:31:24;EV  ;Warning;RiLink=S100-1;Radio Interface Connectivity Disturbance Alert;Near end port:FieldReplaceableUnit=BB-1,RiPort=D (transportType=NOT_SET). SUPPRESSED
2025-10-02;23:31:24;EV  ;Warning;RiLink=S102-1;Radio Interface Connectivity Disturbance Alert;Near end port:FieldReplaceableUnit=BB-1,RiPort=E (transportType=NOT_SET). SUPPRESSED
2025-10-03;18:24:25;EV  ;Warning;EUtranCellFDD=RC3FE2;Cell Service Unavailable Auto Recovery Initiated Alert;
2025-10-03;18:24:25;EV  ;Warning;EUtranCellFDD=RC3FE3;Cell Service Unavailable Auto Recovery Initiated Alert;
2025-10-03;18:24:25;EV  ;Warning;EUtranCellFDD=RC3FM2;Cell Service Unavailable Auto Recovery Initiated Alert;
2025-10-03;18:24:25;EV  ;Warning;EUtranCellFDD=RC3FM1;Cell Service Unavailable Auto Recovery Initiated Alert;
2025-10-03;18:24:25;EV  ;Warning;EUtranCellFDD=RC3FM3;Cell Service Unavailable Auto Recovery Initiated Alert;
2025-10-03;18:24:25;EV  ;Warning;EUtranCellFDD=RC3FT1;Cell Service Unavailable Auto Recovery Initiated Alert;
2025-10-03;18:24:25;EV  ;Warning;EUtranCellFDD=RC3FT2;Cell Service Unavailable Auto Recovery Initiated Alert;
2025-10-03;18:24:25;EV  ;Warning;EUtranCellFDD=RC3FT3;Cell Service Unavailable Auto Recovery Initiated Alert;
2025-10-03;18:24:25;EV  ;Warning;EUtranCellFDD=RC3FE1;Cell Service Unavailable Auto Recovery Initiated Alert;
2025-10-03;18:24:31;EV  ;Warning;RiLink=S1-1;Radio Interface Connectivity Disturbance Alert;Near end port:FieldReplaceableUnit=BB-1,RiPort=A (transportType=NOT_SET). SUPPRESSED
2025-10-03;18:24:31;EV  ;Warning;RiLink=S2-1;Radio Interface Connectivity Disturbance Alert;Near end port:FieldReplaceableUnit=BB-1,RiPort=B (transportType=NOT_SET). SUPPRESSED
2025-10-03;18:24:31;EV  ;Warning;RiLink=S3-1;Radio Interface Connectivity Disturbance Alert;Near end port:FieldReplaceableUnit=BB-1,RiPort=C (transportType=NOT_SET). SUPPRESSED
2025-10-03;18:24:31;EV  ;Warning;RiLink=S100-1;Radio Interface Connectivity Disturbance Alert;Near end port:FieldReplaceableUnit=BB-1,RiPort=D (transportType=NOT_SET). SUPPRESSED
2025-10-03;18:24:31;EV  ;Warning;RiLink=S102-1;Radio Interface Connectivity Disturbance Alert;Near end port:FieldReplaceableUnit=BB-1,RiPort=E (transportType=NOT_SET). SUPPRESSED
2025-10-03;18:24:35;EV  ;Warning;EUtranCellFDD=RC3FM3;Cell Service Available Auto Recovery Successful Alert;
2025-10-03;18:24:35;EV  ;Warning;EUtranCellFDD=RC3FE2;Cell Service Available Auto Recovery Successful Alert;
2025-10-03;18:24:36;EV  ;Warning;EUtranCellFDD=RC3FE1;Cell Service Available Auto Recovery Successful Alert;
2025-10-03;18:24:36;EV  ;Warning;EUtranCellFDD=RC3FT3;Cell Service Available Auto Recovery Successful Alert;
2025-10-03;18:24:36;EV  ;Warning;EUtranCellFDD=RC3FE3;Cell Service Available Auto Recovery Successful Alert;
2025-10-03;18:24:37;EV  ;Warning;EUtranCellFDD=RC3FM1;Cell Service Available Auto Recovery Successful Alert;
2025-10-03;18:24:37;EV  ;Warning;EUtranCellFDD=RC3FT1;Cell Service Available Auto Recovery Successful Alert;
2025-10-03;18:24:39;EV  ;Warning;EUtranCellFDD=RC3FM2;Cell Service Available Auto Recovery Successful Alert;
2025-10-03;18:24:40;EV  ;Warning;EUtranCellFDD=RC3FT2;Cell Service Available Auto Recovery Successful Alert;

Bye...
Output has been logged to file /mta_fs/UserFiles/37258710/amosbatch/2025-10-07_11-07-01_53697/RC3FT.log
