Logging to file /mta_fs/UserFiles/37258710/amosbatch/2025-10-07_11-07-01_53697/RC42L.log
                        __  __  ____   _____
                  /\   |  \/  |/ __ \ / ____|
                 /  \  | \  / | |  | | (___  
                / /\ \ | |\/| | |  | |\___ \ 
               / ____ \| |  | | |__| |____) |
              /_/    \_\_|  |_|\____/|_____/
              OSS Framework for MoShell-25.0h 
  Copyright (c) Ericsson AB 2001-2025 - All Rights Reserved
              
           
[1;31mWARNING: [0mthe AMOS version currently running is more than 22 weeks old and is unsupported.
Please upgrade as soon as possible to the latest released version, available from your local Ericsson support.

$amosrb_pid = 661573

Checking ip contact...OK

HELP MENU            : h
BASIC MO COMMANDS    : m
OTHER MO COMMANDS    : n
OTHER COMMANDS       : o
PM COMMANDS          : p
QUIT                 : q

RC42L> lt all

251007-11:10:58+0200 19.31.12.137 25.0h  stopfile=/tmp/661103
Looking up temporary_amos account... OK.
Trying temporary_amos_t20251007_37258710_53697_313's password from amos lookupAccount ... OK

$ssh_pid = 663751

Connected to 19.31.12.137 (SubNetwork=BBMM_rckomc_R,MeContext=RC42L,ManagedElement=RC42L)

Checking MOM version...MSRBS_NODE_MODEL_25.Q1_693.28324.131_62ac
Parsing MOM (cached): /ericsson/log/amos/moshell_logfiles/t20251007_37258710_53697/logs_moshell/tempfiles/scp-2-amos_20251007-111051_661043/MSRBS_NODE_MODEL_25.Q1_693.28324.131_62ac.xml.cache.gz ..................................................................................................................................................................................................................................Done.
Using paramfile /opt/ericsson/amos/moshell/commonjars/pm/PARAM_MSRBS_25.Q1.txt
Parsing file /opt/ericsson/amos/moshell/commonjars/pm/PARAM_MSRBS_25.Q1.txt .......................................................................................Done.
Using imomdfile /opt/ericsson/amos/moshell/commonjars/pm/IMOMD_MSRBS_22.Q4.txt
Using imomfile /opt/ericsson/amos/moshell/commonjars/pm/IMOM_MSRBS_25.Q1.txt
Connected to 19.31.12.137 (SubNetwork=BBMM_rckomc_R,MeContext=RC42L,ManagedElement=RC42L)

Last MO: 17778. Loaded 17778 MOs. Total: 17779 MOs.

RC42L> hget EUtranCellFDD ^cellid

251007-11:11:12+0200 19.31.12.137 25.0h MSRBS_NODE_MODEL_25.Q1_693.28324.131_62ac stopfile=/tmp/661103

=================================================================================================================
MO                   cellId
=================================================================================================================
EUtranCellFDD=RC42L1 21    
EUtranCellFDD=RC42L2 22    
=================================================================================================================
Total: 2 MOs

Added 2 MOs to group: hget_group

RC42L> hget NbIotCell ^cellid

251007-11:11:13+0200 19.31.12.137 25.0h MSRBS_NODE_MODEL_25.Q1_693.28324.131_62ac stopfile=/tmp/661103
Total: 0 MOs

RC42L> hget NRCellDU ^cellLocalId

251007-11:11:13+0200 19.31.12.137 25.0h MSRBS_NODE_MODEL_25.Q1_693.28324.131_62ac stopfile=/tmp/661103
Total: 0 MOs

RC42L> lgdc -m 30d

251007-11:11:13+0200 19.31.12.137 25.0h MSRBS_NODE_MODEL_25.Q1_693.28324.131_62ac stopfile=/tmp/661103

Startdate=20250907.091113, Enddate=20251008.091113
INFO: Using amos lookupAccount credentials for the export login

Executing action LogM.exportAvailabilityLog()
...LogM=1,exportAvailabilityLog    actionId=37763
...
=================================================================================================================
MO     actionId result      resultInfo
=================================================================================================================
LogM=1 37763    1 (SUCCESS)           
cp /ericsson/log/amos/moshell_logfiles/t20251007_37258710_53697/logs_moshell/tempfiles/scp-2-amos_20251007-111051_661043/rcslogs/RBS_CS_AVAILABILITY_LOG_20251007091115.xml /ericsson/log/amos/moshell_logfiles/t20251007_37258710_53697/logs_moshell/tempfiles/scp-2-amos_20251007-111051_661043/availabilityLog661103.xml
Parsing availabilityLog....Done.
.
Date;Time;RestartType;SwVersion;SwRelease;RCSDowntime;ApplicationDowntime;TNDowntime;RATsDowntime;ExtraInfo;ExtraInfo2
2025-09-08;05:28:32;PartialOutage(Manual);50% Lrat Cell 21; ();10s;;;;;
2025-09-08;05:28:48;PartialOutage(Manual);50% Lrat Cell 22; ();9s;;;;;
2025-10-05;19:36:48;SpontaneousCold(Other:PowerReset);CXP2010174/2_R27J08;CXP2010174/2_R27J08 (25.Q1);116s (1m56s);342s (5m42s);141s (2m21s);L=350s G=342s ;Requested: RankCold Other PowerReset Performed: RankCold Other PowerReset;Grat GRAT Traffic Control active, Lrat LRAT Traffic Control active
2025-10-05;19:47:32;PartialOutage(System);100% Lrat Cell 21 22;CXP2010174/2_R27J08 (25.Q1);6s;;;;;

Node uptime since last restart: 134931 seconds (1 days, 13 hours, 28 minutes, 51 seconds)
------------------------------------------------------------------------------------------------------
Period=30 days       NodeUpgrade      NodeManual       NodeSpontaneous  AllNodeRestarts  PartialOutages  
------------------------------------------------------------------------------------------------------
Number Of outages    0                0                1                1                3               
Total downtime       0s               0s               342s (5m42s)     342s (5m42s)     25s             
Downtime per day     0s               0s               11s              11s              1s              
Downtime per outage  0s               0s               342s (5m42s)     342s (5m42s)     8s              

RC42L> lgac -m 30d

251007-11:11:22+0200 19.31.12.137 25.0h MSRBS_NODE_MODEL_25.Q1_693.28324.131_62ac stopfile=/tmp/661103

Startdate=20250907.091122, Enddate=20251008.091122
Date;Time;Log;Severity;Object;Event;Cause;AdditionalText;AckState;Id;NotificationId;CorrelatedAlarms
Executing action Log.export()
..
Log=AlarmLog                    actionId=37764
......
=================================================================================================================
MO                  actionId result      resultInfo
=================================================================================================================
LogM=1,Log=AlarmLog 37764    1 (SUCCESS)           
cat  /ericsson/log/amos/moshell_logfiles/t20251007_37258710_53697/logs_moshell/tempfiles/scp-2-amos_20251007-111051_661043/rcslogs/saLogAlarm_20240314__090046_20241205__142938.log /ericsson/log/amos/moshell_logfiles/t20251007_37258710_53697/logs_moshell/tempfiles/scp-2-amos_20251007-111051_661043/rcslogs/saLogAlarm_20241205__142938_20250226__231955.log /ericsson/log/amos/moshell_logfiles/t20251007_37258710_53697/logs_moshell/tempfiles/scp-2-amos_20251007-111051_661043/rcslogs/saLogAlarm_20250226__231955.log > /ericsson/log/amos/moshell_logfiles/t20251007_37258710_53697/logs_moshell/tempfiles/scp-2-amos_20251007-111051_661043/alarmLog661103.xml
2025-09-07;10:03:16;AL  ;Cleared;EUtraNetwork=1,ExternalENodeBFunction=2221-650058;Inter Node Carrier Aggregation Service Unavailable;Elastic RAN Carrier Aggregation is not available towards remote eNodeB.
2025-09-07;10:03:21;AL  ;Cleared;EUtraNetwork=1,ExternalENodeBFunction=2221-208427;Inter Node Carrier Aggregation Service Unavailable;Elastic RAN Carrier Aggregation is not available towards remote eNodeB.
2025-09-07;10:03:25;AL  ;Cleared;EUtraNetwork=1,ExternalENodeBFunction=2221-650280;Inter Node Carrier Aggregation Service Unavailable;Elastic RAN Carrier Aggregation is not available towards remote eNodeB.
2025-09-07;10:03:30;AL  ;Cleared;EUtraNetwork=1,ExternalENodeBFunction=2221-203204;Inter Node Carrier Aggregation Service Unavailable;Elastic RAN Carrier Aggregation is not available towards remote eNodeB.
2025-09-07;10:04:12;AL  ;Minor ;EUtraNetwork=1,ExternalENodeBFunction=2221-203204;Inter Node Carrier Aggregation Service Unavailable;Elastic RAN Carrier Aggregation is not available towards remote eNodeB.
2025-09-07;11:16:28;AL  ;Cleared;EUtraNetwork=1,ExternalENodeBFunction=2221-203204;Inter Node Carrier Aggregation Service Unavailable;Elastic RAN Carrier Aggregation is not available towards remote eNodeB.
2025-09-08;03:41:51;AL  ;Warning;ENodeBFunction=1;PLMN Service Redundancy Lost;S1 connection failure for PLMN connected with link represented by MO listed in Additional Information. AI: PLMN = ["2221"],DN1=ManagedElement=1,ENodeBFunction=1,TermPointToMme=2,
2025-09-08;03:42:21;AL  ;Cleared;ENodeBFunction=1;PLMN Service Redundancy Lost;S1 connection failure for PLMN connected with link represented by MO listed in Additional Information. AI: PLMN = ["2221"],DN1=ManagedElement=1,ENodeBFunction=1,TermPointToMme=2,
2025-09-09;09:01:58;AL  ;Minor ;EUtraNetwork=1,ExternalENodeBFunction=2221-208427;Inter Node Carrier Aggregation Service Unavailable;Elastic RAN Carrier Aggregation is not available towards remote eNodeB.
2025-09-10;19:44:34;AL  ;Minor ;ENodeBFunction=1;External Link Failure;X2 link problem to one or several neighbouring eNodeBs. AI: PLMN ID-eNB ID 1 = 2221-202870
2025-09-10;22:50:53;AL  ;Minor ;ENodeBFunction=1;External Link Failure;X2 link problem to one or several neighbouring eNodeBs. AI: PLMN ID-eNB ID 1 = 2221-202870 PLMN ID-eNB ID 2 = 2221-601340
2025-09-11;00:52:54;AL  ;Minor ;ENodeBFunction=1;External Link Failure;X2 link problem to one or several neighbouring eNodeBs. AI: PLMN ID-eNB ID 1 = 2221-202870
2025-09-11;08:59:12;AL  ;Cleared;ENodeBFunction=1;External Link Failure;X2 link problem to one or several neighbouring eNodeBs. AI: PLMN ID-eNB ID 1 = 2221-202870
2025-09-11;11:45:08;AL  ;Minor ;ENodeBFunction=1;External Link Failure;X2 link problem to one or several neighbouring eNodeBs. AI: PLMN ID-eNB ID 1 = 2221-213966
2025-09-11;11:56:41;AL  ;Cleared;ENodeBFunction=1;External Link Failure;X2 link problem to one or several neighbouring eNodeBs. AI: PLMN ID-eNB ID 1 = 2221-213966
2025-09-11;15:01:41;AL  ;Minor ;EUtraNetwork=1,ExternalENodeBFunction=2221-600670;Inconsistent Configuration;Elastic RAN cannot be activated towards remote eNodeB. VLAN IDs do not match. Expected Vlan Id: 3908, Please check the eRAN Vlan Id at the remote eNodeB
2025-09-14;00:27:39;AL  ;Cleared;EUtraNetwork=1,ExternalENodeBFunction=2221-600670;Inconsistent Configuration;Elastic RAN cannot be activated towards remote eNodeB. VLAN IDs do not match. Expected Vlan Id: 3908, Please check the eRAN Vlan Id at the remote eNodeB
2025-09-14;10:09:36;AL  ;Cleared;EUtraNetwork=1,ExternalENodeBFunction=2221-208427;Inter Node Carrier Aggregation Service Unavailable;Elastic RAN Carrier Aggregation is not available towards remote eNodeB.
2025-09-16;07:01:58;AL  ;Minor ;EUtraNetwork=1,ExternalENodeBFunction=2221-208427;Inter Node Carrier Aggregation Service Unavailable;Elastic RAN Carrier Aggregation is not available towards remote eNodeB.
2025-09-16;10:04:48;AL  ;Warning;ENodeBFunction=1;PLMN Service Redundancy Lost;S1 connection failure for PLMN connected with link represented by MO listed in Additional Information. AI: PLMN = ["2221"],DN1=ManagedElement=1,ENodeBFunction=1,TermPointToMme=5,
2025-09-16;10:05:18;AL  ;Cleared;ENodeBFunction=1;PLMN Service Redundancy Lost;S1 connection failure for PLMN connected with link represented by MO listed in Additional Information. AI: PLMN = ["2221"],DN1=ManagedElement=1,ENodeBFunction=1,TermPointToMme=5,
2025-09-19;07:00:20;AL  ;Cleared;EUtraNetwork=1,ExternalENodeBFunction=2221-208471;Inconsistent Configuration;Elastic RAN cannot be activated towards remote eNodeB. VLAN IDs do not match. Expected Vlan Id: 3908, Please check the eRAN Vlan Id at the remote eNodeB
2025-09-19;07:09:03;AL  ;Minor ;ENodeBFunction=1;External Link Failure;X2 link problem to one or several neighbouring eNodeBs. AI: PLMN ID-eNB ID 1 = 2221-208471
2025-09-19;12:08:57;AL  ;Cleared;ENodeBFunction=1;External Link Failure;X2 link problem to one or several neighbouring eNodeBs. AI: PLMN ID-eNB ID 1 = 2221-208471
2025-09-20;14:16:34;AL  ;Minor ;EUtraNetwork=1,ExternalENodeBFunction=2221-208471;Inconsistent Configuration;Elastic RAN cannot be activated towards remote eNodeB. VLAN IDs do not match. Expected Vlan Id: 3908, Please check the eRAN Vlan Id at the remote eNodeB
2025-09-21;09:04:12;AL  ;Minor ;ENodeBFunction=1;External Link Failure;X2 link problem to one or several neighbouring eNodeBs. AI: PLMN ID-eNB ID 1 = 2221-206628 PLMN ID-eNB ID 2 = 2221-206629
2025-09-21;09:08:27;AL  ;Cleared;ENodeBFunction=1;External Link Failure;X2 link problem to one or several neighbouring eNodeBs. AI: PLMN ID-eNB ID 1 = 2221-206628 PLMN ID-eNB ID 2 = 2221-206629
2025-09-21;09:55:02;AL  ;Cleared;EUtraNetwork=1,ExternalENodeBFunction=2221-208427;Inter Node Carrier Aggregation Service Unavailable;Elastic RAN Carrier Aggregation is not available towards remote eNodeB.
2025-09-23;09:01:58;AL  ;Minor ;EUtraNetwork=1,ExternalENodeBFunction=2221-208427;Inter Node Carrier Aggregation Service Unavailable;Elastic RAN Carrier Aggregation is not available towards remote eNodeB.
2025-09-24;09:11:01;AL  ;Warning;ENodeBFunction=1;PLMN Service Redundancy Lost;S1 connection failure for PLMN connected with link represented by MO listed in Additional Information. AI: PLMN = ["2221"],DN1=ManagedElement=1,ENodeBFunction=1,TermPointToMme=1,
2025-09-24;09:11:31;AL  ;Cleared;ENodeBFunction=1;PLMN Service Redundancy Lost;S1 connection failure for PLMN connected with link represented by MO listed in Additional Information. AI: PLMN = ["2221"],DN1=ManagedElement=1,ENodeBFunction=1,TermPointToMme=1,
2025-09-25;20:09:51;AL  ;Warning;ENodeBFunction=1;PLMN Service Redundancy Lost;S1 connection failure for PLMN connected with link represented by MO listed in Additional Information. AI: PLMN = ["2221"],DN1=ManagedElement=1,ENodeBFunction=1,TermPointToMme=2,DN2=ManagedElement=1,ENodeBFunction=1,TermPointToMme=1,
2025-09-25;20:10:23;AL  ;Cleared;ENodeBFunction=1;PLMN Service Redundancy Lost;S1 connection failure for PLMN connected with link represented by MO listed in Additional Information. AI: PLMN = ["2221"],DN1=ManagedElement=1,ENodeBFunction=1,TermPointToMme=2,
2025-09-26;06:58:46;AL  ;Cleared;EUtraNetwork=1,ExternalENodeBFunction=2221-208471;Inconsistent Configuration;Elastic RAN cannot be activated towards remote eNodeB. VLAN IDs do not match. Expected Vlan Id: 3908, Please check the eRAN Vlan Id at the remote eNodeB
2025-09-26;07:08:15;AL  ;Minor ;ENodeBFunction=1;External Link Failure;X2 link problem to one or several neighbouring eNodeBs. AI: PLMN ID-eNB ID 1 = 2221-208471
2025-09-26;09:31:31;AL  ;Minor ;ENodeBFunction=1;External Link Failure;X2 link problem to one or several neighbouring eNodeBs. AI: PLMN ID-eNB ID 1 = 2221-208471 PLMN ID-eNB ID 2 = 2221-204184
2025-09-26;10:01:54;AL  ;Minor ;ENodeBFunction=1;External Link Failure;X2 link problem to one or several neighbouring eNodeBs. AI: PLMN ID-eNB ID 1 = 2221-208471
2025-09-26;13:25:28;AL  ;Cleared;ENodeBFunction=1;External Link Failure;X2 link problem to one or several neighbouring eNodeBs. AI: PLMN ID-eNB ID 1 = 2221-208471
2025-09-27;07:40:02;AL  ;Minor ;ENodeBFunction=1;External Link Failure;X2 link problem to one or several neighbouring eNodeBs. AI: PLMN ID-eNB ID 1 = 2221-206629 PLMN ID-eNB ID 2 = 2221-206628
2025-09-27;08:12:43;AL  ;Minor ;ENodeBFunction=1;External Link Failure;X2 link problem to one or several neighbouring eNodeBs. AI: PLMN ID-eNB ID 1 = 2221-206629
2025-09-27;08:18:10;AL  ;Cleared;ENodeBFunction=1;External Link Failure;X2 link problem to one or several neighbouring eNodeBs. AI: PLMN ID-eNB ID 1 = 2221-206629
2025-09-27;08:54:14;AL  ;Minor ;ENodeBFunction=1;External Link Failure;X2 link problem to one or several neighbouring eNodeBs. AI: PLMN ID-eNB ID 1 = 2221-206628
2025-09-27;08:54:56;AL  ;Cleared;ENodeBFunction=1;External Link Failure;X2 link problem to one or several neighbouring eNodeBs. AI: PLMN ID-eNB ID 1 = 2221-206629
2025-09-27;09:53:16;AL  ;Minor ;ENodeBFunction=1;External Link Failure;X2 link problem to one or several neighbouring eNodeBs. AI: PLMN ID-eNB ID 1 = 2221-206628
2025-09-27;10:00:28;AL  ;Cleared;ENodeBFunction=1;External Link Failure;X2 link problem to one or several neighbouring eNodeBs. AI: PLMN ID-eNB ID 1 = 2221-206628 PLMN ID-eNB ID 2 = 2221-206629
2025-09-27;10:09:53;AL  ;Minor ;ENodeBFunction=1;External Link Failure;X2 link problem to one or several neighbouring eNodeBs. AI: PLMN ID-eNB ID 1 = 2221-206629
2025-09-27;10:11:03;AL  ;Cleared;ENodeBFunction=1;External Link Failure;X2 link problem to one or several neighbouring eNodeBs. AI: PLMN ID-eNB ID 1 = 2221-206629
2025-09-27;10:55:50;AL  ;Minor ;ENodeBFunction=1;External Link Failure;X2 link problem to one or several neighbouring eNodeBs. AI: PLMN ID-eNB ID 1 = 2221-206629
2025-09-27;10:57:08;AL  ;Minor ;ENodeBFunction=1;External Link Failure;X2 link problem to one or several neighbouring eNodeBs. AI: PLMN ID-eNB ID 1 = 2221-206629 PLMN ID-eNB ID 2 = 2221-206628
2025-09-27;11:30:18;AL  ;Minor ;EUtraNetwork=1,ExternalENodeBFunction=2221-208471;Inconsistent Configuration;Elastic RAN cannot be activated towards remote eNodeB. VLAN IDs do not match. Expected Vlan Id: 3908, Please check the eRAN Vlan Id at the remote eNodeB
2025-09-27;11:30:52;AL  ;Minor ;ENodeBFunction=1;External Link Failure;X2 link problem to one or several neighbouring eNodeBs. AI: PLMN ID-eNB ID 1 = 2221-206629
2025-09-27;11:31:59;AL  ;Cleared;ENodeBFunction=1;External Link Failure;X2 link problem to one or several neighbouring eNodeBs. AI: PLMN ID-eNB ID 1 = 2221-206629
2025-09-27;11:43:48;AL  ;Minor ;ENodeBFunction=1;External Link Failure;X2 link problem to one or several neighbouring eNodeBs. AI: PLMN ID-eNB ID 1 = 2221-206629
2025-09-27;11:50:12;AL  ;Minor ;ENodeBFunction=1;External Link Failure;X2 link problem to one or several neighbouring eNodeBs. AI: PLMN ID-eNB ID 1 = 2221-206629
2025-09-27;11:50:30;AL  ;Cleared;ENodeBFunction=1;External Link Failure;X2 link problem to one or several neighbouring eNodeBs. AI: PLMN ID-eNB ID 1 = 2221-206629
2025-09-27;12:06:59;AL  ;Minor ;ENodeBFunction=1;External Link Failure;X2 link problem to one or several neighbouring eNodeBs. AI: PLMN ID-eNB ID 1 = 2221-206629
2025-09-27;12:09:59;AL  ;Minor ;ENodeBFunction=1;External Link Failure;X2 link problem to one or several neighbouring eNodeBs. AI: PLMN ID-eNB ID 1 = 2221-206629 PLMN ID-eNB ID 2 = 2221-206628
2025-09-27;15:08:27;AL  ;Minor ;ENodeBFunction=1;External Link Failure;X2 link problem to one or several neighbouring eNodeBs. AI: PLMN ID-eNB ID 1 = 2221-206629
2025-09-27;15:12:01;AL  ;Cleared;ENodeBFunction=1;External Link Failure;X2 link problem to one or several neighbouring eNodeBs. AI: PLMN ID-eNB ID 1 = 2221-206629
2025-09-27;15:22:15;AL  ;Minor ;ENodeBFunction=1;External Link Failure;X2 link problem to one or several neighbouring eNodeBs. AI: PLMN ID-eNB ID 1 = 2221-206629
2025-09-27;15:29:45;AL  ;Minor ;ENodeBFunction=1;External Link Failure;X2 link problem to one or several neighbouring eNodeBs. AI: PLMN ID-eNB ID 1 = 2221-206629 PLMN ID-eNB ID 2 = 2221-206628
2025-09-27;15:39:40;AL  ;Minor ;ENodeBFunction=1;External Link Failure;X2 link problem to one or several neighbouring eNodeBs. AI: PLMN ID-eNB ID 1 = 2221-206629
2025-09-27;15:49:37;AL  ;Minor ;ENodeBFunction=1;External Link Failure;X2 link problem to one or several neighbouring eNodeBs. AI: PLMN ID-eNB ID 1 = 2221-206629 PLMN ID-eNB ID 2 = 2221-206628
2025-09-27;15:51:27;AL  ;Minor ;ENodeBFunction=1;External Link Failure;X2 link problem to one or several neighbouring eNodeBs. AI: PLMN ID-eNB ID 1 = 2221-206629
2025-09-27;16:00:03;AL  ;Minor ;ENodeBFunction=1;External Link Failure;X2 link problem to one or several neighbouring eNodeBs. AI: PLMN ID-eNB ID 1 = 2221-206629 PLMN ID-eNB ID 2 = 2221-206628
2025-09-27;16:29:20;AL  ;Minor ;ENodeBFunction=1;External Link Failure;X2 link problem to one or several neighbouring eNodeBs. AI: PLMN ID-eNB ID 1 = 2221-206629
2025-09-27;16:38:06;AL  ;Minor ;ENodeBFunction=1;External Link Failure;X2 link problem to one or several neighbouring eNodeBs. AI: PLMN ID-eNB ID 1 = 2221-206629 PLMN ID-eNB ID 2 = 2221-206628
2025-09-27;18:12:10;AL  ;Minor ;ENodeBFunction=1;External Link Failure;X2 link problem to one or several neighbouring eNodeBs. AI: PLMN ID-eNB ID 1 = 2221-206629
2025-09-27;18:15:59;AL  ;Cleared;ENodeBFunction=1;External Link Failure;X2 link problem to one or several neighbouring eNodeBs. AI: PLMN ID-eNB ID 1 = 2221-206629
2025-09-27;18:58:02;AL  ;Minor ;ENodeBFunction=1;External Link Failure;X2 link problem to one or several neighbouring eNodeBs. AI: PLMN ID-eNB ID 1 = 2221-206628 PLMN ID-eNB ID 2 = 2221-206629
2025-09-27;19:45:18;AL  ;Cleared;ENodeBFunction=1;External Link Failure;X2 link problem to one or several neighbouring eNodeBs. AI: PLMN ID-eNB ID 1 = 2221-206628 PLMN ID-eNB ID 2 = 2221-206629
2025-09-27;20:02:56;AL  ;Minor ;ENodeBFunction=1;External Link Failure;X2 link problem to one or several neighbouring eNodeBs. AI: PLMN ID-eNB ID 1 = 2221-206629
2025-09-27;20:03:17;AL  ;Cleared;ENodeBFunction=1;External Link Failure;X2 link problem to one or several neighbouring eNodeBs. AI: PLMN ID-eNB ID 1 = 2221-206629
2025-09-27;20:11:09;AL  ;Minor ;ENodeBFunction=1;External Link Failure;X2 link problem to one or several neighbouring eNodeBs. AI: PLMN ID-eNB ID 1 = 2221-206628
2025-09-27;20:16:36;AL  ;Minor ;ENodeBFunction=1;External Link Failure;X2 link problem to one or several neighbouring eNodeBs. AI: PLMN ID-eNB ID 1 = 2221-206628 PLMN ID-eNB ID 2 = 2221-206629
2025-09-27;20:20:00;AL  ;Cleared;ENodeBFunction=1;External Link Failure;X2 link problem to one or several neighbouring eNodeBs. AI: PLMN ID-eNB ID 1 = 2221-206628 PLMN ID-eNB ID 2 = 2221-206629
2025-09-27;20:40:43;AL  ;Minor ;ENodeBFunction=1;External Link Failure;X2 link problem to one or several neighbouring eNodeBs. AI: PLMN ID-eNB ID 1 = 2221-206629
2025-09-27;20:55:56;AL  ;Minor ;ENodeBFunction=1;External Link Failure;X2 link problem to one or several neighbouring eNodeBs. AI: PLMN ID-eNB ID 1 = 2221-206629 PLMN ID-eNB ID 2 = 2221-206628
2025-09-27;21:38:30;AL  ;Minor ;ENodeBFunction=1;External Link Failure;X2 link problem to one or several neighbouring eNodeBs. AI: PLMN ID-eNB ID 1 = 2221-206629
2025-09-27;21:57:01;AL  ;Cleared;ENodeBFunction=1;External Link Failure;X2 link problem to one or several neighbouring eNodeBs. AI: PLMN ID-eNB ID 1 = 2221-206629
2025-09-27;22:06:06;AL  ;Minor ;ENodeBFunction=1;External Link Failure;X2 link problem to one or several neighbouring eNodeBs. AI: PLMN ID-eNB ID 1 = 2221-206629
2025-09-27;22:06:27;AL  ;Cleared;ENodeBFunction=1;External Link Failure;X2 link problem to one or several neighbouring eNodeBs. AI: PLMN ID-eNB ID 1 = 2221-206629
2025-09-27;22:56:14;AL  ;Minor ;ENodeBFunction=1;External Link Failure;X2 link problem to one or several neighbouring eNodeBs. AI: PLMN ID-eNB ID 1 = 2221-206628
2025-09-27;23:00:25;AL  ;Cleared;ENodeBFunction=1;External Link Failure;X2 link problem to one or several neighbouring eNodeBs. AI: PLMN ID-eNB ID 1 = 2221-206629
2025-09-28;09:56:00;AL  ;Cleared;EUtraNetwork=1,ExternalENodeBFunction=2221-208427;Inter Node Carrier Aggregation Service Unavailable;Elastic RAN Carrier Aggregation is not available towards remote eNodeB.
2025-10-01;06:01:59;AL  ;Minor ;EUtraNetwork=1,ExternalENodeBFunction=2221-208427;Inter Node Carrier Aggregation Service Unavailable;Elastic RAN Carrier Aggregation is not available towards remote eNodeB.
2025-10-02;07:42:55;AL  ;Minor ;ENodeBFunction=1;External Link Failure;X2 link problem to one or several neighbouring eNodeBs. AI: PLMN ID-eNB ID 1 = 2221-650659
2025-10-02;07:43:10;AL  ;Cleared;ENodeBFunction=1;External Link Failure;X2 link problem to one or several neighbouring eNodeBs. AI: PLMN ID-eNB ID 1 = 2221-650659
2025-10-02;08:40:39;AL  ;Minor ;ENodeBFunction=1;External Link Failure;X2 link problem to one or several neighbouring eNodeBs. AI: PLMN ID-eNB ID 1 = 2221-212588
2025-10-02;13:41:29;AL  ;Cleared;ENodeBFunction=1;External Link Failure;X2 link problem to one or several neighbouring eNodeBs. AI: PLMN ID-eNB ID 1 = 2221-212588
2025-10-05;09:44:18;AL  ;Cleared;EUtraNetwork=1,ExternalENodeBFunction=2221-208427;Inter Node Carrier Aggregation Service Unavailable;Elastic RAN Carrier Aggregation is not available towards remote eNodeB.
2025-10-05;10:51:45;AL  ;Minor ;EUtraNetwork=1,ExternalENodeBFunction=2221-203204;Inter Node Carrier Aggregation Service Unavailable;Elastic RAN Carrier Aggregation is not available towards remote eNodeB.
2025-10-05;19:39:24;AL  ;Minor ;Synchronization=1,RadioEquipmentClock=1,RadioEquipmentClockReference=SyncE;Sync Reference Quality Level Too Low;
2025-10-05;19:42:13;AL  ;Cleared;Synchronization=1,RadioEquipmentClock=1,RadioEquipmentClockReference=SyncE;Sync Reference Quality Level Too Low;
2025-10-05;19:42:38;AL  ;Minor ;ENodeBFunction=1;Sync Time and Phase Accuracy Too Low;Time and phase sync accuracy crossed the threshold for features interworking with NR.
2025-10-05;19:42:38;AL  ;Minor ;EUtranCellFDD=RC42L1;Service Degraded;This is a secondary alarm, use alarm correlation information in Additional Information to find primary alarm.
2025-10-05;19:42:38;AL  ;Minor ;EUtranCellFDD=RC42L2;Service Degraded;This is a secondary alarm, use alarm correlation information in Additional Information to find primary alarm.
2025-10-05;19:42:50;AL  ;Minor ;EUtraNetwork=1,ExternalENodeBFunction=2221-203204;Inter Node Carrier Aggregation Service Unavailable;Elastic RAN Carrier Aggregation is not available towards remote eNodeB.
2025-10-05;19:47:32;AL  ;Cleared;EUtranCellFDD=RC42L1;Service Degraded;This is a secondary alarm, use alarm correlation information in Additional Information to find primary alarm.
2025-10-05;19:47:32;AL  ;Cleared;EUtranCellFDD=RC42L2;Service Degraded;This is a secondary alarm, use alarm correlation information in Additional Information to find primary alarm.
2025-10-05;19:47:32;AL  ;Cleared;ENodeBFunction=1;Sync Time and Phase Accuracy Too Low;Time and phase sync accuracy crossed the threshold for features interworking with NR.
2025-10-05;22:24:40;AL  ;Minor ;ENodeBFunction=1;External Link Failure;X2 link problem to one or several neighbouring eNodeBs. AI: PLMN ID-eNB ID 1 = 2221-206629
2025-10-05;22:41:22;AL  ;Cleared;ENodeBFunction=1;External Link Failure;X2 link problem to one or several neighbouring eNodeBs. AI: PLMN ID-eNB ID 1 = 2221-206629
2025-10-05;23:01:52;AL  ;Minor ;ENodeBFunction=1;External Link Failure;X2 link problem to one or several neighbouring eNodeBs. AI: PLMN ID-eNB ID 1 = 2221-206628 PLMN ID-eNB ID 2 = 2221-206629
2025-10-05;23:03:06;AL  ;Minor ;ENodeBFunction=1;External Link Failure;X2 link problem to one or several neighbouring eNodeBs. AI: PLMN ID-eNB ID 1 = 2221-206629
2025-10-05;23:10:27;AL  ;Cleared;ENodeBFunction=1;External Link Failure;X2 link problem to one or several neighbouring eNodeBs. AI: PLMN ID-eNB ID 1 = 2221-206629
2025-10-06;00:20:58;AL  ;Minor ;ENodeBFunction=1;External Link Failure;X2 link problem to one or several neighbouring eNodeBs. AI: PLMN ID-eNB ID 1 = 2221-206629
2025-10-06;00:21:18;AL  ;Cleared;ENodeBFunction=1;External Link Failure;X2 link problem to one or several neighbouring eNodeBs. AI: PLMN ID-eNB ID 1 = 2221-206629
2025-10-07;06:01:40;AL  ;Minor ;EUtraNetwork=1,ExternalENodeBFunction=2221-208427;Inter Node Carrier Aggregation Service Unavailable;Elastic RAN Carrier Aggregation is not available towards remote eNodeB.


RC42L> lgec -m 30d

251007-11:11:29+0200 19.31.12.137 25.0h MSRBS_NODE_MODEL_25.Q1_693.28324.131_62ac stopfile=/tmp/661103

Startdate=20250907.091129, Enddate=20251008.091129
Date;Time;Log;Severity;Object;Event;Cause;AdditionalText;AckState;Id;NotificationId;CorrelatedAlarms
Executing action Log.export()
..
Log=AlertLog                    actionId=37765
...
=================================================================================================================
MO                  actionId result      resultInfo
=================================================================================================================
LogM=1,Log=AlertLog 37765    1 (SUCCESS)           
cat  /ericsson/log/amos/moshell_logfiles/t20251007_37258710_53697/logs_moshell/tempfiles/scp-2-amos_20251007-111051_661043/rcslogs/AlertLog_20240314__090104_20250226__232028.log /ericsson/log/amos/moshell_logfiles/t20251007_37258710_53697/logs_moshell/tempfiles/scp-2-amos_20251007-111051_661043/rcslogs/AlertLog_20250226__232028.log > /ericsson/log/amos/moshell_logfiles/t20251007_37258710_53697/logs_moshell/tempfiles/scp-2-amos_20251007-111051_661043/eventLog661103.xml
2025-10-05;19:40:09;EV  ;Warning;ManagedElement=RC42L;System Restart Alert;Requested Restart Category: Other, Requested Restart Type: Power, Performed Restart Category: Other, Performed Restart Type: Power. AI: SystemRestart=[{"RRC":"Other","RRT":"Power","PRC":"Other","PRT":"Power"}] UI=[{"PN":"Baseband 6631","PNR":"KDU1370071/11","PR":"R3F","SN":"E96A0137MF","SR":"R27J08","SW":"CXP2010174_2"}]
2025-10-05;19:40:11;EV  ;Warning;FieldReplaceableUnit=Radio-S211-1;Radio Restart Alert;Restart details are listed in Additional Information (Mixed Mode with other ME). AI: Restartdetails=[{"RC":"Other","RT":"Power On","ERI":"FALSE"}] UI=[{"PN":Radio 2279 22B8 22B20 C,"PNR":KRC 161 864/1,"PR":R1F,"SN":TU8U02CJN2,"SR":R101LX,"SW":CXP9013268/15}] :SUPPRESSED
2025-10-05;19:40:12;EV  ;Warning;FieldReplaceableUnit=Radio-S210-1;Radio Restart Alert;Restart details are listed in Additional Information (Mixed Mode with other ME). AI: Restartdetails=[{"RC":"Other","RT":"Power On","ERI":"FALSE"}] UI=[{"PN":Radio 2279 22B8 22B20 C,"PNR":KRC 161 864/1,"PR":R1F,"SN":TU8U02CJ0K,"SR":R101LX,"SW":CXP9013268/15}] :SUPPRESSED
2025-10-05;19:40:19;EV  ;Warning;FieldReplaceableUnit=Radio-S180-1;Radio Restart Alert;Restart details are listed in Additional Information AI: Restartdetails=[{"RC":"Other","RT":"Power On","ERI":"FALSE"}] UI=[{"PN":Radio 4415 B7,"PNR":KRC 161 495/1,"PR":R5FE,"SN":DH80207519,"SR":R101LX,"SW":CXP9013268/15}] :SUPPRESSED
2025-10-05;19:42:11;EV  ;Warning;RiLink=S180-1;Radio Interface Connectivity Disturbance Alert;Near end port:FieldReplaceableUnit=BB-1,RiPort=D (transportType=NOT_SET). SUPPRESSED
2025-10-05;19:42:11;EV  ;Warning;RiLink=S211-1;Radio Interface Connectivity Disturbance Alert;Near end port:FieldReplaceableUnit=BB-1,RiPort=B (transportType=NOT_SET) (Mixed Mode with other ME). SUPPRESSED
2025-10-05;19:42:11;EV  ;Warning;RiLink=S210-1;Radio Interface Connectivity Disturbance Alert;Near end port:FieldReplaceableUnit=BB-1,RiPort=A (transportType=NOT_SET) (Mixed Mode with other ME). SUPPRESSED
2025-10-05;19:47:35;EV  ;Warning;RiLink=S180-1;Radio Interface Connectivity Disturbance Alert;Near end port:FieldReplaceableUnit=BB-1,RiPort=D (transportType=NOT_SET). SUPPRESSED
2025-10-05;19:47:35;EV  ;Warning;RiLink=S211-1;Radio Interface Connectivity Disturbance Alert;Near end port:FieldReplaceableUnit=BB-1,RiPort=B (transportType=NOT_SET) (Mixed Mode with other ME). SUPPRESSED
2025-10-05;19:47:35;EV  ;Warning;RiLink=S210-1;Radio Interface Connectivity Disturbance Alert;Near end port:FieldReplaceableUnit=BB-1,RiPort=A (transportType=NOT_SET) (Mixed Mode with other ME). SUPPRESSED

Bye...
Output has been logged to file /mta_fs/UserFiles/37258710/amosbatch/2025-10-07_11-07-01_53697/RC42L.log
