Logging to file /mta_fs/UserFiles/37258710/amosbatch/2025-10-07_11-07-01_53697/RC48L.log
                        __  __  ____   _____
                  /\   |  \/  |/ __ \ / ____|
                 /  \  | \  / | |  | | (___  
                / /\ \ | |\/| | |  | |\___ \ 
               / ____ \| |  | | |__| |____) |
              /_/    \_\_|  |_|\____/|_____/
              OSS Framework for MoShell-25.0h 
  Copyright (c) Ericsson AB 2001-2025 - All Rights Reserved
              
           
[1;31mWARNING: [0mthe AMOS version currently running is more than 22 weeks old and is unsupported.
Please upgrade as soon as possible to the latest released version, available from your local Ericsson support.

$amosrb_pid = 627610

Checking ip contact...OK

HELP MENU            : h
BASIC MO COMMANDS    : m
OTHER MO COMMANDS    : n
OTHER COMMANDS       : o
PM COMMANDS          : p
QUIT                 : q

RC48L> lt all

251007-11:07:26+0200 19.31.14.129 25.0h  stopfile=/tmp/627350
Looking up temporary_amos account... OK.
Trying temporary_amos_t20251007_37258710_53697_552's password from amos lookupAccount ... OK

$ssh_pid = 630183

Connected to 19.31.14.129 (SubNetwork=BBMM_rckomc_R,MeContext=RC48L,ManagedElement=RC48L)

Fetching 198 MOM fragments via HTTPS
......................................................................................................................................................................................................
Checking MOM version...MSRBS_NODE_MODEL_25.Q1_198665.224.73_bf81
Copying /ericsson/log/amos/moshell_logfiles/t20251007_37258710_53697/logs_moshell/tempfiles/scp-2-amos_20251007-110719_627287/com_node_mim.xml.gz to /home/shared/t20251007_37258710_53697/moshell/jarxml/MSRBS_NODE_MODEL_25.Q1_198665.224.73_bf81.xml.gz
Parsing MOM: /home/shared/t20251007_37258710_53697/moshell/jarxml/MSRBS_NODE_MODEL_25.Q1_198665.224.73_bf81.xml.gz ........................................................................................................................................................................................................................................................Done.
Caching MOM to: /home/shared/t20251007_37258710_53697/moshell/jarxml/MSRBS_NODE_MODEL_25.Q1_198665.224.73_bf81.xml.cache .....Done.
Compressing to: /home/shared/t20251007_37258710_53697/moshell/jarxml/MSRBS_NODE_MODEL_25.Q1_198665.224.73_bf81.xml.cache.gz ...Done.
Using paramfile /opt/ericsson/amos/moshell/commonjars/pm/PARAM_MSRBSG2_25.Q1.txt
Parsing file /opt/ericsson/amos/moshell/commonjars/pm/PARAM_MSRBSG2_25.Q1.txt ......................................................................................Done.
Using imomdfile /opt/ericsson/amos/moshell/commonjars/pm/IMOMD_MSRBS_22.Q4.txt
Using imomfile /opt/ericsson/amos/moshell/commonjars/pm/IMOM_MSRBS_25.Q1.txt
Connected to 19.31.14.129 (SubNetwork=BBMM_rckomc_R,MeContext=RC48L,ManagedElement=RC48L)

Last MO: 16480. Loaded 16480 MOs. Total: 16481 MOs.

RC48L> hget EUtranCellFDD ^cellid

251007-11:08:49+0200 19.31.14.129 25.0h MSRBS_NODE_MODEL_25.Q1_198665.224.73_bf81 stopfile=/tmp/627350

=================================================================================================================
MO                   cellId
=================================================================================================================
EUtranCellFDD=RC48L1 21    
EUtranCellFDD=RC48L2 22    
=================================================================================================================
Total: 2 MOs

Added 2 MOs to group: hget_group

RC48L> hget NbIotCell ^cellid

251007-11:08:49+0200 19.31.14.129 25.0h MSRBS_NODE_MODEL_25.Q1_198665.224.73_bf81 stopfile=/tmp/627350
Total: 0 MOs

RC48L> hget NRCellDU ^cellLocalId

251007-11:08:49+0200 19.31.14.129 25.0h MSRBS_NODE_MODEL_25.Q1_198665.224.73_bf81 stopfile=/tmp/627350
Total: 0 MOs

RC48L> lgdc -m 30d

251007-11:08:50+0200 19.31.14.129 25.0h MSRBS_NODE_MODEL_25.Q1_198665.224.73_bf81 stopfile=/tmp/627350

Startdate=20250907.090850, Enddate=20251008.090850
INFO: Using amos lookupAccount credentials for the export login

Executing action LogM.exportAvailabilityLog()
...LogM=1,exportAvailabilityLog    actionId=38931
...
=================================================================================================================
MO     actionId result      resultInfo
=================================================================================================================
LogM=1 38931    1 (SUCCESS)           
cp /ericsson/log/amos/moshell_logfiles/t20251007_37258710_53697/logs_moshell/tempfiles/scp-2-amos_20251007-110719_627287/rcslogs/RBS_CS_AVAILABILITY_LOG_20251007090853.xml /ericsson/log/amos/moshell_logfiles/t20251007_37258710_53697/logs_moshell/tempfiles/scp-2-amos_20251007-110719_627287/availabilityLog627350.xml
Parsing availabilityLog....Done.
.
Date;Time;RestartType;SwVersion;SwRelease;RCSDowntime;ApplicationDowntime;TNDowntime;RATsDowntime;ExtraInfo;ExtraInfo2
2025-09-08;03:11:54;PartialOutage(Manual);50% Lrat Cell 22; ();7s;;;;;
2025-09-08;03:12:05;PartialOutage(Manual);50% Lrat Cell 21; ();24s;;;;;

Node uptime since last restart: 2526990 seconds (29 days, 5 hours, 56 minutes, 30 seconds)
------------------------------------------------------------------------------------------------------
Period=30 days       NodeUpgrade      NodeManual       NodeSpontaneous  AllNodeRestarts  PartialOutages  
------------------------------------------------------------------------------------------------------
Number Of outages    0                0                0                0                2               
Total downtime       0s               0s               0s               0s               31s             
Downtime per day     0s               0s               0s               0s               1s              
Downtime per outage  0s               0s               0s               0s               16s             

RC48L> lgac -m 30d

251007-11:08:59+0200 19.31.14.129 25.0h MSRBS_NODE_MODEL_25.Q1_198665.224.73_bf81 stopfile=/tmp/627350

Startdate=20250907.090859, Enddate=20251008.090859
Date;Time;Log;Severity;Object;Event;Cause;AdditionalText;AckState;Id;NotificationId;CorrelatedAlarms
Executing action Log.export()
..
Log=AlarmLog                    actionId=38932
...
=================================================================================================================
MO                  actionId result      resultInfo
=================================================================================================================
LogM=1,Log=AlarmLog 38932    1 (SUCCESS)           
cat  /ericsson/log/amos/moshell_logfiles/t20251007_37258710_53697/logs_moshell/tempfiles/scp-2-amos_20251007-110719_627287/rcslogs/saLogAlarm_20240403__075224.log > /ericsson/log/amos/moshell_logfiles/t20251007_37258710_53697/logs_moshell/tempfiles/scp-2-amos_20251007-110719_627287/alarmLog627350.xml
2025-09-08;17:01:00;AL  ;Minor ;EUtraNetwork=1,ExternalENodeBFunction=2221-601527;Inter Node Feature Incompatibility;Inter eNodeB CA feature is not activated in remote eNodeB
2025-09-13;13:00:41;AL  ;Cleared;EUtraNetwork=1,ExternalENodeBFunction=2221-601527;Inter Node Feature Incompatibility;Inter eNodeB CA feature is not activated in remote eNodeB
2025-09-16;10:00:05;AL  ;Warning;ENodeBFunction=1;PLMN Service Redundancy Lost;S1 connection failure for PLMN connected with link represented by MO listed in Additional Information. AI: PLMN = ["2221"],DN1=ManagedElement=1,ENodeBFunction=1,TermPointToMme=5,
2025-09-16;10:00:35;AL  ;Cleared;ENodeBFunction=1;PLMN Service Redundancy Lost;S1 connection failure for PLMN connected with link represented by MO listed in Additional Information. AI: PLMN = ["2221"],DN1=ManagedElement=1,ENodeBFunction=1,TermPointToMme=5,
2025-09-18;08:57:28;AL  ;Major ;Synchronization=1,RadioEquipmentClock=1,RadioEquipmentClockReference=PTP;Sync PTP Time Reliability Fault;Master clock class problem, Master clock accuracy problem, Master time not traceable
2025-09-18;09:03:23;AL  ;Cleared;Synchronization=1,RadioEquipmentClock=1,RadioEquipmentClockReference=PTP;Sync PTP Time Reliability Fault;Master time not traceable
2025-09-19;13:14:18;AL  ;Minor ;ENodeBFunction=1;External Link Failure;X2 link problem to one or several neighbouring eNodeBs. AI: PLMN ID-eNB ID 1 = 2221-208345
2025-09-19;13:18:18;AL  ;Cleared;ENodeBFunction=1;External Link Failure;X2 link problem to one or several neighbouring eNodeBs. AI: PLMN ID-eNB ID 1 = 2221-208345
2025-09-26;07:56:02;AL  ;Major ;Synchronization=1,RadioEquipmentClock=1,RadioEquipmentClockReference=PTP;Sync PTP Time Reliability Fault;Master clock class problem, Master clock accuracy problem, Master time not traceable
2025-09-26;08:01:14;AL  ;Cleared;Synchronization=1,RadioEquipmentClock=1,RadioEquipmentClockReference=PTP;Sync PTP Time Reliability Fault;Master time not traceable
2025-09-26;18:54:24;AL  ;Minor ;ENodeBFunction=1;External Link Failure;X2 link problem to one or several neighbouring eNodeBs. AI: PLMN ID-eNB ID 1 = 2221-213259
2025-09-28;09:57:53;AL  ;Cleared;ENodeBFunction=1;External Link Failure;X2 link problem to one or several neighbouring eNodeBs. AI: PLMN ID-eNB ID 1 = 2221-213259


RC48L> lgec -m 30d

251007-11:09:05+0200 19.31.14.129 25.0h MSRBS_NODE_MODEL_25.Q1_198665.224.73_bf81 stopfile=/tmp/627350

Startdate=20250907.090905, Enddate=20251008.090905
Date;Time;Log;Severity;Object;Event;Cause;AdditionalText;AckState;Id;NotificationId;CorrelatedAlarms
Executing action Log.export()
..
Log=AlertLog                    actionId=38933
...
=================================================================================================================
MO                  actionId result      resultInfo
=================================================================================================================
LogM=1,Log=AlertLog 38933    1 (SUCCESS)           
cat  /ericsson/log/amos/moshell_logfiles/t20251007_37258710_53697/logs_moshell/tempfiles/scp-2-amos_20251007-110719_627287/rcslogs/AlertLog_20240403__075307.log > /ericsson/log/amos/moshell_logfiles/t20251007_37258710_53697/logs_moshell/tempfiles/scp-2-amos_20251007-110719_627287/eventLog627350.xml

Bye...
Output has been logged to file /mta_fs/UserFiles/37258710/amosbatch/2025-10-07_11-07-01_53697/RC48L.log
