Logging to file /mta_fs/UserFiles/37258710/amosbatch/2025-10-07_11-07-01_53697/RC73T.log
                        __  __  ____   _____
                  /\   |  \/  |/ __ \ / ____|
                 /  \  | \  / | |  | | (___  
                / /\ \ | |\/| | |  | |\___ \ 
               / ____ \| |  | | |__| |____) |
              /_/    \_\_|  |_|\____/|_____/
              OSS Framework for MoShell-25.0h 
  Copyright (c) Ericsson AB 2001-2025 - All Rights Reserved
              
           
[1;31mWARNING: [0mthe AMOS version currently running is more than 22 weeks old and is unsupported.
Please upgrade as soon as possible to the latest released version, available from your local Ericsson support.

$amosrb_pid = 902163

Checking ip contact...OK

HELP MENU            : h
BASIC MO COMMANDS    : m
OTHER MO COMMANDS    : n
OTHER COMMANDS       : o
PM COMMANDS          : p
QUIT                 : q

RC73T> lt all

251007-11:39:00+0200 19.31.12.198 25.0h  stopfile=/tmp/902036
Looking up temporary_amos account... OK.
Trying temporary_amos_t20251007_37258710_53697_313's password from amos lookupAccount ... OK

$ssh_pid = 903186

Connected to 19.31.12.198 (SubNetwork=BBMM_rckomc_R,MeContext=RC73T,ManagedElement=RC73T)

Checking MOM version...MSRBS_NODE_MODEL_25.Q1_693.28324.131_62ac
Parsing MOM (cached): /ericsson/log/amos/moshell_logfiles/t20251007_37258710_53697/logs_moshell/tempfiles/scp-2-amos_20251007-113853_901972/MSRBS_NODE_MODEL_25.Q1_693.28324.131_62ac.xml.cache.gz ..................................................................................................................................................................................................................................Done.
Using paramfile /opt/ericsson/amos/moshell/commonjars/pm/PARAM_MSRBS_25.Q1.txt
Parsing file /opt/ericsson/amos/moshell/commonjars/pm/PARAM_MSRBS_25.Q1.txt .......................................................................................Done.
Using imomdfile /opt/ericsson/amos/moshell/commonjars/pm/IMOMD_MSRBS_22.Q4.txt
Using imomfile /opt/ericsson/amos/moshell/commonjars/pm/IMOM_MSRBS_25.Q1.txt
Connected to 19.31.12.198 (SubNetwork=BBMM_rckomc_R,MeContext=RC73T,ManagedElement=RC73T)

Last MO: 19023. Loaded 19023 MOs. Total: 19024 MOs.

RC73T> hget EUtranCellFDD ^cellid

251007-11:39:14+0200 19.31.12.198 25.0h MSRBS_NODE_MODEL_25.Q1_693.28324.131_62ac stopfile=/tmp/902036
.
=================================================================================================================
MO                   cellId
=================================================================================================================
EUtranCellFDD=RC73E1 61    
EUtranCellFDD=RC73E2 62    
EUtranCellFDD=RC73E3 63    
EUtranCellFDD=RC73M1 31    
EUtranCellFDD=RC73M2 32    
EUtranCellFDD=RC73M3 33    
EUtranCellFDD=RC73T1 41    
EUtranCellFDD=RC73T2 42    
EUtranCellFDD=RC73T3 43    
=================================================================================================================
Total: 9 MOs

Added 9 MOs to group: hget_group

RC73T> hget NbIotCell ^cellid

251007-11:39:15+0200 19.31.12.198 25.0h MSRBS_NODE_MODEL_25.Q1_693.28324.131_62ac stopfile=/tmp/902036
.
=================================================================================================================
MO               cellId
=================================================================================================================
NbIotCell=RC73N1 161   
NbIotCell=RC73N2 162   
NbIotCell=RC73N3 163   
=================================================================================================================
Total: 3 MOs

Added 3 MOs to group: hget_group

RC73T> hget NRCellDU ^cellLocalId

251007-11:39:15+0200 19.31.12.198 25.0h MSRBS_NODE_MODEL_25.Q1_693.28324.131_62ac stopfile=/tmp/902036
Total: 0 MOs

RC73T> lgdc -m 30d

251007-11:39:15+0200 19.31.12.198 25.0h MSRBS_NODE_MODEL_25.Q1_693.28324.131_62ac stopfile=/tmp/902036

Startdate=20250907.093915, Enddate=20251008.093915
INFO: Using amos lookupAccount credentials for the export login

Executing action LogM.exportAvailabilityLog()
...LogM=1,exportAvailabilityLog    actionId=50807
...
=================================================================================================================
MO     actionId result      resultInfo
=================================================================================================================
LogM=1 50807    1 (SUCCESS)           
cp /ericsson/log/amos/moshell_logfiles/t20251007_37258710_53697/logs_moshell/tempfiles/scp-2-amos_20251007-113853_901972/rcslogs/RBS_CS_AVAILABILITY_LOG_20251007093918.xml /ericsson/log/amos/moshell_logfiles/t20251007_37258710_53697/logs_moshell/tempfiles/scp-2-amos_20251007-113853_901972/availabilityLog902036.xml
Parsing availabilityLog.....Done.
..
Date;Time;RestartType;SwVersion;SwRelease;RCSDowntime;ApplicationDowntime;TNDowntime;RATsDowntime;ExtraInfo;ExtraInfo2
2025-09-08;00:35:15;PartialOutage(Manual);11% Lrat Cell 32; ();10s;;;;;
2025-09-08;00:35:29;PartialOutage(Manual);11% Lrat Cell 33; ();13s;;;;;
2025-09-08;00:35:44;PartialOutage(Manual);11% Lrat Cell 31; ();13s;;;;;
2025-09-08;00:36:00;PartialOutage(Manual);11% Lrat Cell 41; ();10s;;;;;
2025-09-08;00:36:13;PartialOutage(Manual);11% Lrat Cell 42; ();10s;;;;;
2025-09-08;00:36:25;PartialOutage(Manual);11% Lrat Cell 43; ();9s;;;;;
2025-09-08;00:36:36;PartialOutage(Manual);11% Lrat Cell 62; ();7s;;;;;
2025-09-08;00:36:47;PartialOutage(Manual);11% Lrat Cell 63; ();9s;;;;;
2025-09-08;00:36:59;PartialOutage(Manual);50% Lrat Cell 161 162 163; ();3s;;;;;
2025-09-08;00:37:02;PartialOutage(Manual);11% Lrat Cell 61; ();8s;;;;;
2025-09-08;00:37:15;PartialOutage(Manual);58% Lrat Cell 161; ();18s;;;;;

Node uptime since last restart: 2538111 seconds (29 days, 9 hours, 1 minutes, 51 seconds)
------------------------------------------------------------------------------------------------------
Period=30 days       NodeUpgrade      NodeManual       NodeSpontaneous  AllNodeRestarts  PartialOutages  
------------------------------------------------------------------------------------------------------
Number Of outages    0                0                0                0                11              
Total downtime       0s               0s               0s               0s               110s (1m50s)    
Downtime per day     0s               0s               0s               0s               4s              
Downtime per outage  0s               0s               0s               0s               10s             

RC73T> lgac -m 30d

251007-11:39:24+0200 19.31.12.198 25.0h MSRBS_NODE_MODEL_25.Q1_693.28324.131_62ac stopfile=/tmp/902036

Startdate=20250907.093924, Enddate=20251008.093924
Date;Time;Log;Severity;Object;Event;Cause;AdditionalText;AckState;Id;NotificationId;CorrelatedAlarms
Executing action Log.export()
..
Log=AlarmLog                    actionId=50808
......
=================================================================================================================
MO                  actionId result      resultInfo
=================================================================================================================
LogM=1,Log=AlarmLog 50808    1 (SUCCESS)           
cat  /ericsson/log/amos/moshell_logfiles/t20251007_37258710_53697/logs_moshell/tempfiles/scp-2-amos_20251007-113853_901972/rcslogs/saLogAlarm_20230712__065808_20250226__234031.log /ericsson/log/amos/moshell_logfiles/t20251007_37258710_53697/logs_moshell/tempfiles/scp-2-amos_20251007-113853_901972/rcslogs/saLogAlarm_20250226__234031.log > /ericsson/log/amos/moshell_logfiles/t20251007_37258710_53697/logs_moshell/tempfiles/scp-2-amos_20251007-113853_901972/alarmLog902036.xml
2025-09-07;09:58:16;AL  ;Cleared;EUtraNetwork=1,ExternalENodeBFunction=2221-204951;Inter Node Carrier Aggregation Service Unavailable;Elastic RAN Carrier Aggregation is not available towards remote eNodeB.
2025-09-07;09:58:59;AL  ;Minor ;EUtraNetwork=1,ExternalENodeBFunction=2221-204951;Inter Node Carrier Aggregation Service Unavailable;Elastic RAN Carrier Aggregation is not available towards remote eNodeB.
2025-09-07;10:00:24;AL  ;Cleared;EUtraNetwork=1,ExternalENodeBFunction=2221-650660;Inter Node Carrier Aggregation Service Unavailable;Elastic RAN Carrier Aggregation is not available towards remote eNodeB.
2025-09-07;10:00:35;AL  ;Minor ;EUtraNetwork=1,ExternalENodeBFunction=2221-205468;Inter Node Carrier Aggregation Service Unavailable;Elastic RAN Carrier Aggregation is not available towards remote eNodeB.
2025-09-07;10:04:10;AL  ;Cleared;EUtraNetwork=1,ExternalENodeBFunction=2221-650050;Inter Node Carrier Aggregation Service Unavailable;Elastic RAN Carrier Aggregation is not available towards remote eNodeB.
2025-09-07;10:05:12;AL  ;Minor ;EUtraNetwork=1,ExternalENodeBFunction=2221-650050;Inter Node Carrier Aggregation Service Unavailable;Elastic RAN Carrier Aggregation is not available towards remote eNodeB.
2025-09-07;10:18:53;AL  ;Cleared;EUtraNetwork=1,ExternalENodeBFunction=2221-205468;Inter Node Carrier Aggregation Service Unavailable;Elastic RAN Carrier Aggregation is not available towards remote eNodeB.
2025-09-07;10:19:06;AL  ;Minor ;EUtraNetwork=1,ExternalENodeBFunction=2221-205468;Inter Node Carrier Aggregation Service Unavailable;Elastic RAN Carrier Aggregation is not available towards remote eNodeB.
2025-09-07;10:19:38;AL  ;Cleared;EUtraNetwork=1,ExternalENodeBFunction=2221-209057;Inter Node Carrier Aggregation Service Unavailable;Elastic RAN Carrier Aggregation is not available towards remote eNodeB.
2025-09-07;10:19:43;AL  ;Minor ;EUtraNetwork=1,ExternalENodeBFunction=2221-208496;Inconsistent Configuration;Elastic RAN cannot be activated towards remote eNodeB. VLAN IDs do not match. Expected Vlan Id: 3908, Please check the eRAN Vlan Id at the remote eNodeB
2025-09-07;10:19:44;AL  ;Cleared;EUtraNetwork=1,ExternalENodeBFunction=2221-650342;Inter Node Carrier Aggregation Service Unavailable;Elastic RAN Carrier Aggregation is not available towards remote eNodeB.
2025-09-07;10:19:48;AL  ;Minor ;EUtraNetwork=1,ExternalENodeBFunction=2221-208582;Inconsistent Configuration;Elastic RAN cannot be activated towards remote eNodeB. VLAN IDs do not match. Expected Vlan Id: 3908, Please check the eRAN Vlan Id at the remote eNodeB
2025-09-07;10:19:52;AL  ;Cleared;EUtraNetwork=1,ExternalENodeBFunction=2221-650585;Inter Node Carrier Aggregation Service Unavailable;Elastic RAN Carrier Aggregation is not available towards remote eNodeB.
2025-09-07;10:19:59;AL  ;Cleared;EUtraNetwork=1,ExternalENodeBFunction=2221-650050;Inter Node Carrier Aggregation Service Unavailable;Elastic RAN Carrier Aggregation is not available towards remote eNodeB.
2025-09-07;10:20:00;AL  ;Minor ;EUtraNetwork=1,ExternalENodeBFunction=2221-209647;Inconsistent Configuration;Elastic RAN cannot be activated towards remote eNodeB. VLAN IDs do not match. Expected Vlan Id: 3908, Please check the eRAN Vlan Id at the remote eNodeB
2025-09-07;10:20:04;AL  ;Cleared;EUtraNetwork=1,ExternalENodeBFunction=2221-204951;Inter Node Carrier Aggregation Service Unavailable;Elastic RAN Carrier Aggregation is not available towards remote eNodeB.
2025-09-07;10:20:04;AL  ;Minor ;EUtraNetwork=1,ExternalENodeBFunction=2221-211205;Inconsistent Configuration;Elastic RAN cannot be activated towards remote eNodeB. VLAN IDs do not match. Expected Vlan Id: 3908, Please check the eRAN Vlan Id at the remote eNodeB
2025-09-07;10:20:08;AL  ;Cleared;EUtraNetwork=1,ExternalENodeBFunction=2221-205468;Inter Node Carrier Aggregation Service Unavailable;Elastic RAN Carrier Aggregation is not available towards remote eNodeB.
2025-09-07;10:20:10;AL  ;Minor ;EUtraNetwork=1,ExternalENodeBFunction=2221-211245;Inconsistent Configuration;Elastic RAN cannot be activated towards remote eNodeB. VLAN IDs do not match. Expected Vlan Id: 3908, Please check the eRAN Vlan Id at the remote eNodeB
2025-09-07;10:20:15;AL  ;Cleared;EUtraNetwork=1,ExternalENodeBFunction=2221-211975;Inter Node Carrier Aggregation Service Unavailable;Elastic RAN Carrier Aggregation is not available towards remote eNodeB.
2025-09-07;10:20:16;AL  ;Minor ;EUtraNetwork=1,ExternalENodeBFunction=2221-650585;Inter Node Carrier Aggregation Service Unavailable;Elastic RAN Carrier Aggregation is not available towards remote eNodeB.
2025-09-07;10:20:25;AL  ;Cleared;EUtraNetwork=1,ExternalENodeBFunction=2221-650059;Inter Node Carrier Aggregation Service Unavailable;Elastic RAN Carrier Aggregation is not available towards remote eNodeB.
2025-09-07;10:20:33;AL  ;Cleared;EUtraNetwork=1,ExternalENodeBFunction=2221-650061;Inter Node Carrier Aggregation Service Unavailable;Elastic RAN Carrier Aggregation is not available towards remote eNodeB.
2025-09-07;10:20:38;AL  ;Minor ;EUtraNetwork=1,ExternalENodeBFunction=2221-600086;Inconsistent Configuration;Elastic RAN cannot be activated towards remote eNodeB. VLAN IDs do not match. Expected Vlan Id: 3908, Please check the eRAN Vlan Id at the remote eNodeB
2025-09-07;10:20:38;AL  ;Cleared;EUtraNetwork=1,ExternalENodeBFunction=2221-211915;Inter Node Carrier Aggregation Service Unavailable;Elastic RAN Carrier Aggregation is not available towards remote eNodeB.
2025-09-07;10:20:47;AL  ;Minor ;EUtraNetwork=1,ExternalENodeBFunction=2221-600421;Inconsistent Configuration;Elastic RAN cannot be activated towards remote eNodeB. VLAN IDs do not match. Expected Vlan Id: 3908, Please check the eRAN Vlan Id at the remote eNodeB
2025-09-07;10:33:44;AL  ;Minor ;EUtraNetwork=1,ExternalENodeBFunction=2221-211884;Inter Node Carrier Aggregation Service Unavailable;Elastic RAN Carrier Aggregation is not available towards remote eNodeB.
2025-09-07;10:38:24;AL  ;Cleared;EUtraNetwork=1,ExternalENodeBFunction=2221-211884;Inter Node Carrier Aggregation Service Unavailable;Elastic RAN Carrier Aggregation is not available towards remote eNodeB.
2025-09-07;10:39:07;AL  ;Minor ;EUtraNetwork=1,ExternalENodeBFunction=2221-211884;Inter Node Carrier Aggregation Service Unavailable;Elastic RAN Carrier Aggregation is not available towards remote eNodeB.
2025-09-07;10:56:48;AL  ;Cleared;EUtraNetwork=1,ExternalENodeBFunction=2221-650585;Inter Node Carrier Aggregation Service Unavailable;Elastic RAN Carrier Aggregation is not available towards remote eNodeB.
2025-09-07;10:57:21;AL  ;Minor ;EUtraNetwork=1,ExternalENodeBFunction=2221-600891;Inconsistent Configuration;Elastic RAN cannot be activated towards remote eNodeB. VLAN IDs do not match. Expected Vlan Id: 3908, Please check the eRAN Vlan Id at the remote eNodeB
2025-09-07;16:03:13;AL  ;Minor ;EUtraNetwork=1,ExternalENodeBFunction=2221-650058;Inter Node Carrier Aggregation Service Unavailable;Elastic RAN Carrier Aggregation is not available towards remote eNodeB.
2025-09-07;16:31:31;AL  ;Minor ;EUtraNetwork=1,ExternalENodeBFunction=2221-211552;Inconsistent Configuration;Elastic RAN cannot be activated towards remote eNodeB. VLAN IDs do not match. Expected Vlan Id: 3908, Please check the eRAN Vlan Id at the remote eNodeB
2025-09-07;16:31:35;AL  ;Minor ;EUtraNetwork=1,ExternalENodeBFunction=2221-650051;Inter Node Carrier Aggregation Service Unavailable;Elastic RAN Carrier Aggregation is not available towards remote eNodeB.
2025-09-07;16:31:37;AL  ;Minor ;EUtraNetwork=1,ExternalENodeBFunction=2221-650266;Inter Node Carrier Aggregation Service Unavailable;Elastic RAN Carrier Aggregation is not available towards remote eNodeB.
2025-09-07;18:01:38;AL  ;Minor ;EUtraNetwork=1,ExternalENodeBFunction=2221-650050;Inter Node Carrier Aggregation Service Unavailable;Elastic RAN Carrier Aggregation is not available towards remote eNodeB.
2025-09-07;23:46:09;AL  ;Cleared;EUtraNetwork=1,ExternalENodeBFunction=2221-211205;Inconsistent Configuration;Elastic RAN cannot be activated towards remote eNodeB. VLAN IDs do not match. Expected Vlan Id: 3908, Please check the eRAN Vlan Id at the remote eNodeB
2025-09-08;00:36:16;AL  ;Minor ;EUtraNetwork=1,ExternalENodeBFunction=2221-650660;Inter Node Carrier Aggregation Service Unavailable;Elastic RAN Carrier Aggregation is not available towards remote eNodeB.
2025-09-08;00:37:03;AL  ;Minor ;EUtraNetwork=1,ExternalENodeBFunction=2221-600181;Inter Node Feature Incompatibility;Elastic RAN feature is not activated in remote eNodeB. SUPPRESSED
2025-09-08;01:50:00;AL  ;Minor ;EUtraNetwork=1,ExternalENodeBFunction=2221-205379;Inter Node Carrier Aggregation Service Unavailable;Elastic RAN Carrier Aggregation is not available towards remote eNodeB.
2025-09-08;02:36:59;AL  ;Minor ;EUtraNetwork=1,ExternalENodeBFunction=2221-650059;Inter Node Carrier Aggregation Service Unavailable;Elastic RAN Carrier Aggregation is not available towards remote eNodeB.
2025-09-08;04:36:22;AL  ;Minor ;EUtraNetwork=1,ExternalENodeBFunction=2221-650342;Inter Node Carrier Aggregation Service Unavailable;Elastic RAN Carrier Aggregation is not available towards remote eNodeB.
2025-09-08;04:37:00;AL  ;Minor ;EUtraNetwork=1,ExternalENodeBFunction=2221-205634;Inconsistent Configuration;Elastic RAN cannot be activated towards remote eNodeB. VLAN IDs do not match. Expected Vlan Id: 3908, Please check the eRAN Vlan Id at the remote eNodeB
2025-09-08;06:01:35;AL  ;Minor ;EUtraNetwork=1,ExternalENodeBFunction=2221-204951;Inter Node Carrier Aggregation Service Unavailable;Elastic RAN Carrier Aggregation is not available towards remote eNodeB.
2025-09-08;07:04:53;AL  ;Cleared;EUtraNetwork=1,ExternalENodeBFunction=2221-650051;Inter Node Carrier Aggregation Service Unavailable;Elastic RAN Carrier Aggregation is not available towards remote eNodeB.
2025-09-08;07:13:48;AL  ;Minor ;ENodeBFunction=1;External Link Failure;X2 link problem to one or several neighbouring eNodeBs. AI: PLMN ID-eNB ID 1 = 2221-650051
2025-09-08;07:22:09;AL  ;Minor ;ENodeBFunction=1;External Link Failure;X2 link problem to one or several neighbouring eNodeBs. AI: PLMN ID-eNB ID 1 = 2221-650051 PLMN ID-eNB ID 2 = 2221-650802
2025-09-08;07:36:58;AL  ;Minor ;EUtraNetwork=1,ExternalENodeBFunction=2221-211975;Inter Node Carrier Aggregation Service Unavailable;Elastic RAN Carrier Aggregation is not available towards remote eNodeB.
2025-09-08;09:15:51;AL  ;Minor ;EUtraNetwork=1,ExternalENodeBFunction=2221-209057;Inter Node Carrier Aggregation Service Unavailable;Elastic RAN Carrier Aggregation is not available towards remote eNodeB.
2025-09-08;12:36:48;AL  ;Minor ;ENodeBFunction=1;External Link Failure;X2 link problem to one or several neighbouring eNodeBs. AI: PLMN ID-eNB ID 1 = 2221-650802
2025-09-08;12:40:31;AL  ;Cleared;ENodeBFunction=1;External Link Failure;X2 link problem to one or several neighbouring eNodeBs. AI: PLMN ID-eNB ID 1 = 2221-650802
2025-09-09;20:19:59;AL  ;Minor ;ENodeBFunction=1;External Link Failure;X2 link problem to one or several neighbouring eNodeBs. AI: PLMN ID-eNB ID 1 = 2221-210238
2025-09-10;15:55:33;AL  ;Cleared;ENodeBFunction=1;External Link Failure;X2 link problem to one or several neighbouring eNodeBs. AI: PLMN ID-eNB ID 1 = 2221-210238
2025-09-10;19:44:16;AL  ;Minor ;ENodeBFunction=1;External Link Failure;X2 link problem to one or several neighbouring eNodeBs. AI: PLMN ID-eNB ID 1 = 2221-202870
2025-09-10;23:37:09;AL  ;Minor ;ENodeBFunction=1;External Link Failure;X2 link problem to one or several neighbouring eNodeBs. AI: PLMN ID-eNB ID 1 = 2221-202870 PLMN ID-eNB ID 2 = 2221-601340
2025-09-10;23:42:02;AL  ;Minor ;ENodeBFunction=1;External Link Failure;X2 link problem to one or several neighbouring eNodeBs. AI: PLMN ID-eNB ID 1 = 2221-202870
2025-09-11;00:01:45;AL  ;Minor ;ENodeBFunction=1;External Link Failure;X2 link problem to one or several neighbouring eNodeBs. AI: PLMN ID-eNB ID 1 = 2221-202870 PLMN ID-eNB ID 2 = 2221-601340
2025-09-11;00:04:32;AL  ;Minor ;ENodeBFunction=1;External Link Failure;X2 link problem to one or several neighbouring eNodeBs. AI: PLMN ID-eNB ID 1 = 2221-202870
2025-09-11;00:34:51;AL  ;Minor ;ENodeBFunction=1;External Link Failure;X2 link problem to one or several neighbouring eNodeBs. AI: PLMN ID-eNB ID 1 = 2221-202870 PLMN ID-eNB ID 2 = 2221-601340
2025-09-11;00:43:46;AL  ;Minor ;ENodeBFunction=1;External Link Failure;X2 link problem to one or several neighbouring eNodeBs. AI: PLMN ID-eNB ID 1 = 2221-202870
2025-09-11;08:57:55;AL  ;Cleared;ENodeBFunction=1;External Link Failure;X2 link problem to one or several neighbouring eNodeBs. AI: PLMN ID-eNB ID 1 = 2221-202870
2025-09-13;23:46:14;AL  ;Cleared;EUtraNetwork=1,ExternalENodeBFunction=2221-211552;Inconsistent Configuration;Elastic RAN cannot be activated towards remote eNodeB. VLAN IDs do not match. Expected Vlan Id: 3908, Please check the eRAN Vlan Id at the remote eNodeB
2025-09-14;10:04:55;AL  ;Cleared;EUtraNetwork=1,ExternalENodeBFunction=2221-204951;Inter Node Carrier Aggregation Service Unavailable;Elastic RAN Carrier Aggregation is not available towards remote eNodeB.
2025-09-14;10:05:48;AL  ;Minor ;EUtraNetwork=1,ExternalENodeBFunction=2221-204951;Inter Node Carrier Aggregation Service Unavailable;Elastic RAN Carrier Aggregation is not available towards remote eNodeB.
2025-09-14;10:06:59;AL  ;Cleared;EUtraNetwork=1,ExternalENodeBFunction=2221-650660;Inter Node Carrier Aggregation Service Unavailable;Elastic RAN Carrier Aggregation is not available towards remote eNodeB.
2025-09-14;10:08:01;AL  ;Minor ;EUtraNetwork=1,ExternalENodeBFunction=2221-650660;Inter Node Carrier Aggregation Service Unavailable;Elastic RAN Carrier Aggregation is not available towards remote eNodeB.
2025-09-14;10:08:09;AL  ;Cleared;EUtraNetwork=1,ExternalENodeBFunction=2221-205379;Inter Node Carrier Aggregation Service Unavailable;Elastic RAN Carrier Aggregation is not available towards remote eNodeB.
2025-09-14;10:08:34;AL  ;Minor ;EUtraNetwork=1,ExternalENodeBFunction=2221-205379;Inter Node Carrier Aggregation Service Unavailable;Elastic RAN Carrier Aggregation is not available towards remote eNodeB.
2025-09-14;10:10:05;AL  ;Cleared;EUtraNetwork=1,ExternalENodeBFunction=2221-650050;Inter Node Carrier Aggregation Service Unavailable;Elastic RAN Carrier Aggregation is not available towards remote eNodeB.
2025-09-14;10:10:21;AL  ;Minor ;EUtraNetwork=1,ExternalENodeBFunction=2221-203402;Inconsistent Configuration;Elastic RAN cannot be activated towards remote eNodeB. VLAN IDs do not match. Expected Vlan Id: 3908, Please check the eRAN Vlan Id at the remote eNodeB
2025-09-14;10:10:43;AL  ;Minor ;EUtraNetwork=1,ExternalENodeBFunction=2221-650050;Inter Node Carrier Aggregation Service Unavailable;Elastic RAN Carrier Aggregation is not available towards remote eNodeB.
2025-09-14;10:26:08;AL  ;Cleared;EUtraNetwork=1,ExternalENodeBFunction=2221-209057;Inter Node Carrier Aggregation Service Unavailable;Elastic RAN Carrier Aggregation is not available towards remote eNodeB.
2025-09-14;10:26:14;AL  ;Cleared;EUtraNetwork=1,ExternalENodeBFunction=2221-650342;Inter Node Carrier Aggregation Service Unavailable;Elastic RAN Carrier Aggregation is not available towards remote eNodeB.
2025-09-14;10:26:21;AL  ;Cleared;EUtraNetwork=1,ExternalENodeBFunction=2221-650266;Inter Node Carrier Aggregation Service Unavailable;Elastic RAN Carrier Aggregation is not available towards remote eNodeB.
2025-09-14;10:26:26;AL  ;Cleared;EUtraNetwork=1,ExternalENodeBFunction=2221-650050;Inter Node Carrier Aggregation Service Unavailable;Elastic RAN Carrier Aggregation is not available towards remote eNodeB.
2025-09-14;10:26:30;AL  ;Cleared;EUtraNetwork=1,ExternalENodeBFunction=2221-204951;Inter Node Carrier Aggregation Service Unavailable;Elastic RAN Carrier Aggregation is not available towards remote eNodeB.
2025-09-14;10:26:34;AL  ;Cleared;EUtraNetwork=1,ExternalENodeBFunction=2221-650058;Inter Node Carrier Aggregation Service Unavailable;Elastic RAN Carrier Aggregation is not available towards remote eNodeB.
2025-09-14;10:26:39;AL  ;Cleared;EUtraNetwork=1,ExternalENodeBFunction=2221-211975;Inter Node Carrier Aggregation Service Unavailable;Elastic RAN Carrier Aggregation is not available towards remote eNodeB.
2025-09-14;10:26:42;AL  ;Minor ;EUtraNetwork=1,ExternalENodeBFunction=2221-211000;Inconsistent Configuration;Elastic RAN cannot be activated towards remote eNodeB. VLAN IDs do not match. Expected Vlan Id: 3908, Please check the eRAN Vlan Id at the remote eNodeB
2025-09-14;10:26:44;AL  ;Cleared;EUtraNetwork=1,ExternalENodeBFunction=2221-205379;Inter Node Carrier Aggregation Service Unavailable;Elastic RAN Carrier Aggregation is not available towards remote eNodeB.
2025-09-14;10:26:50;AL  ;Cleared;EUtraNetwork=1,ExternalENodeBFunction=2221-650660;Inter Node Carrier Aggregation Service Unavailable;Elastic RAN Carrier Aggregation is not available towards remote eNodeB.
2025-09-14;10:26:55;AL  ;Cleared;EUtraNetwork=1,ExternalENodeBFunction=2221-211884;Inter Node Carrier Aggregation Service Unavailable;Elastic RAN Carrier Aggregation is not available towards remote eNodeB.
2025-09-14;10:26:58;AL  ;Cleared;EUtraNetwork=1,ExternalENodeBFunction=2221-650059;Inter Node Carrier Aggregation Service Unavailable;Elastic RAN Carrier Aggregation is not available towards remote eNodeB.
2025-09-14;10:26:59;AL  ;Minor ;EUtraNetwork=1,ExternalENodeBFunction=2221-211552;Inconsistent Configuration;Elastic RAN cannot be activated towards remote eNodeB. VLAN IDs do not match. Expected Vlan Id: 3908, Please check the eRAN Vlan Id at the remote eNodeB
2025-09-14;10:27:06;AL  ;Minor ;EUtraNetwork=1,ExternalENodeBFunction=2221-211915;Inter Node Carrier Aggregation Service Unavailable;Elastic RAN Carrier Aggregation is not available towards remote eNodeB.
2025-09-14;10:27:13;AL  ;Minor ;EUtraNetwork=1,ExternalENodeBFunction=2221-212605;Inter Node Carrier Aggregation Service Unavailable;Elastic RAN Carrier Aggregation is not available towards remote eNodeB.
2025-09-14;10:40:55;AL  ;Cleared;EUtraNetwork=1,ExternalENodeBFunction=2221-211915;Inter Node Carrier Aggregation Service Unavailable;Elastic RAN Carrier Aggregation is not available towards remote eNodeB.
2025-09-14;10:41:21;AL  ;Minor ;EUtraNetwork=1,ExternalENodeBFunction=2221-211915;Inter Node Carrier Aggregation Service Unavailable;Elastic RAN Carrier Aggregation is not available towards remote eNodeB.
2025-09-14;10:55:36;AL  ;Cleared;EUtraNetwork=1,ExternalENodeBFunction=2221-212605;Inter Node Carrier Aggregation Service Unavailable;Elastic RAN Carrier Aggregation is not available towards remote eNodeB.
2025-09-14;10:56:23;AL  ;Minor ;EUtraNetwork=1,ExternalENodeBFunction=2221-212605;Inter Node Carrier Aggregation Service Unavailable;Elastic RAN Carrier Aggregation is not available towards remote eNodeB.
2025-09-14;10:56:39;AL  ;Minor ;EUtraNetwork=1,ExternalENodeBFunction=2221-650051;Inter Node Carrier Aggregation Service Unavailable;Elastic RAN Carrier Aggregation is not available towards remote eNodeB.
2025-09-14;11:02:06;AL  ;Minor ;EUtraNetwork=1,ExternalENodeBFunction=2221-650585;Inter Node Carrier Aggregation Service Unavailable;Elastic RAN Carrier Aggregation is not available towards remote eNodeB.
2025-09-14;11:04:16;AL  ;Cleared;EUtraNetwork=1,ExternalENodeBFunction=2221-650585;Inter Node Carrier Aggregation Service Unavailable;Elastic RAN Carrier Aggregation is not available towards remote eNodeB.
2025-09-14;11:04:28;AL  ;Minor ;EUtraNetwork=1,ExternalENodeBFunction=2221-650585;Inter Node Carrier Aggregation Service Unavailable;Elastic RAN Carrier Aggregation is not available towards remote eNodeB.
2025-09-14;18:37:11;AL  ;Minor ;EUtraNetwork=1,ExternalENodeBFunction=2221-650143;Inter Node Carrier Aggregation Service Unavailable;Elastic RAN Carrier Aggregation is not available towards remote eNodeB.
2025-09-14;18:37:15;AL  ;Minor ;EUtraNetwork=1,ExternalENodeBFunction=2221-650061;Inter Node Carrier Aggregation Service Unavailable;Elastic RAN Carrier Aggregation is not available towards remote eNodeB.
2025-09-14;18:40:40;AL  ;Minor ;EUtraNetwork=1,ExternalENodeBFunction=2221-204952;Inter Node Carrier Aggregation Service Unavailable;Elastic RAN Carrier Aggregation is not available towards remote eNodeB.
2025-09-14;19:07:07;AL  ;Minor ;EUtraNetwork=1,ExternalENodeBFunction=2221-600510;Inconsistent Configuration;Elastic RAN cannot be activated towards remote eNodeB. VLAN IDs do not match. Expected Vlan Id: 3908, Please check the eRAN Vlan Id at the remote eNodeB
2025-09-14;21:37:12;AL  ;Minor ;EUtraNetwork=1,ExternalENodeBFunction=2221-209057;Inter Node Carrier Aggregation Service Unavailable;Elastic RAN Carrier Aggregation is not available towards remote eNodeB.
2025-09-15;06:01:37;AL  ;Minor ;EUtraNetwork=1,ExternalENodeBFunction=2221-204951;Inter Node Carrier Aggregation Service Unavailable;Elastic RAN Carrier Aggregation is not available towards remote eNodeB.
2025-09-15;07:36:58;AL  ;Minor ;EUtraNetwork=1,ExternalENodeBFunction=2221-211975;Inter Node Carrier Aggregation Service Unavailable;Elastic RAN Carrier Aggregation is not available towards remote eNodeB.
2025-09-15;09:20:50;AL  ;Minor ;EUtraNetwork=1,ExternalENodeBFunction=2221-650059;Inter Node Carrier Aggregation Service Unavailable;Elastic RAN Carrier Aggregation is not available towards remote eNodeB.
2025-09-16;02:20:10;AL  ;Cleared;EUtraNetwork=1,ExternalENodeBFunction=2221-208582;Inconsistent Configuration;Elastic RAN cannot be activated towards remote eNodeB. VLAN IDs do not match. Expected Vlan Id: 3908, Please check the eRAN Vlan Id at the remote eNodeB
2025-09-16;02:20:10;AL  ;Cleared;EUtraNetwork=1,ExternalENodeBFunction=2221-600086;Inconsistent Configuration;Elastic RAN cannot be activated towards remote eNodeB. VLAN IDs do not match. Expected Vlan Id: 3908, Please check the eRAN Vlan Id at the remote eNodeB
2025-09-16;10:05:59;AL  ;Warning;ENodeBFunction=1;PLMN Service Redundancy Lost;S1 connection failure for PLMN connected with link represented by MO listed in Additional Information. AI: PLMN = ["2221"],DN1=ManagedElement=1,ENodeBFunction=1,TermPointToMme=5,
2025-09-16;10:06:29;AL  ;Cleared;ENodeBFunction=1;PLMN Service Redundancy Lost;S1 connection failure for PLMN connected with link represented by MO listed in Additional Information. AI: PLMN = ["2221"],DN1=ManagedElement=1,ENodeBFunction=1,TermPointToMme=5,
2025-09-21;09:03:20;AL  ;Minor ;ENodeBFunction=1;External Link Failure;X2 link problem to one or several neighbouring eNodeBs. AI: PLMN ID-eNB ID 1 = 2221-206629
2025-09-21;09:08:17;AL  ;Cleared;ENodeBFunction=1;External Link Failure;X2 link problem to one or several neighbouring eNodeBs. AI: PLMN ID-eNB ID 1 = 2221-206629
2025-09-21;09:50:24;AL  ;Cleared;EUtraNetwork=1,ExternalENodeBFunction=2221-204952;Inter Node Carrier Aggregation Service Unavailable;Elastic RAN Carrier Aggregation is not available towards remote eNodeB.
2025-09-21;09:50:46;AL  ;Cleared;EUtraNetwork=1,ExternalENodeBFunction=2221-204951;Inter Node Carrier Aggregation Service Unavailable;Elastic RAN Carrier Aggregation is not available towards remote eNodeB.
2025-09-21;09:51:28;AL  ;Minor ;EUtraNetwork=1,ExternalENodeBFunction=2221-204951;Inter Node Carrier Aggregation Service Unavailable;Elastic RAN Carrier Aggregation is not available towards remote eNodeB.
2025-09-21;09:58:55;AL  ;Cleared;EUtraNetwork=1,ExternalENodeBFunction=2221-650051;Inter Node Carrier Aggregation Service Unavailable;Elastic RAN Carrier Aggregation is not available towards remote eNodeB.
2025-09-21;10:10:29;AL  ;Cleared;EUtraNetwork=1,ExternalENodeBFunction=2221-209057;Inter Node Carrier Aggregation Service Unavailable;Elastic RAN Carrier Aggregation is not available towards remote eNodeB.
2025-09-21;10:10:35;AL  ;Cleared;EUtraNetwork=1,ExternalENodeBFunction=2221-650585;Inter Node Carrier Aggregation Service Unavailable;Elastic RAN Carrier Aggregation is not available towards remote eNodeB.
2025-09-21;10:10:41;AL  ;Cleared;EUtraNetwork=1,ExternalENodeBFunction=2221-204951;Inter Node Carrier Aggregation Service Unavailable;Elastic RAN Carrier Aggregation is not available towards remote eNodeB.
2025-09-21;10:10:42;AL  ;Minor ;EUtraNetwork=1,ExternalENodeBFunction=2221-208582;Inconsistent Configuration;Elastic RAN cannot be activated towards remote eNodeB. VLAN IDs do not match. Expected Vlan Id: 3908, Please check the eRAN Vlan Id at the remote eNodeB
2025-09-21;10:10:45;AL  ;Cleared;EUtraNetwork=1,ExternalENodeBFunction=2221-211975;Inter Node Carrier Aggregation Service Unavailable;Elastic RAN Carrier Aggregation is not available towards remote eNodeB.
2025-09-21;10:10:50;AL  ;Cleared;EUtraNetwork=1,ExternalENodeBFunction=2221-212605;Inter Node Carrier Aggregation Service Unavailable;Elastic RAN Carrier Aggregation is not available towards remote eNodeB.
2025-09-21;10:10:53;AL  ;Cleared;EUtraNetwork=1,ExternalENodeBFunction=2221-650059;Inter Node Carrier Aggregation Service Unavailable;Elastic RAN Carrier Aggregation is not available towards remote eNodeB.
2025-09-21;10:11:00;AL  ;Cleared;EUtraNetwork=1,ExternalENodeBFunction=2221-650143;Inter Node Carrier Aggregation Service Unavailable;Elastic RAN Carrier Aggregation is not available towards remote eNodeB.
2025-09-21;10:11:04;AL  ;Cleared;EUtraNetwork=1,ExternalENodeBFunction=2221-650061;Inter Node Carrier Aggregation Service Unavailable;Elastic RAN Carrier Aggregation is not available towards remote eNodeB.
2025-09-21;10:11:09;AL  ;Cleared;EUtraNetwork=1,ExternalENodeBFunction=2221-211915;Inter Node Carrier Aggregation Service Unavailable;Elastic RAN Carrier Aggregation is not available towards remote eNodeB.
2025-09-21;10:11:15;AL  ;Minor ;EUtraNetwork=1,ExternalENodeBFunction=2221-600086;Inconsistent Configuration;Elastic RAN cannot be activated towards remote eNodeB. VLAN IDs do not match. Expected Vlan Id: 3908, Please check the eRAN Vlan Id at the remote eNodeB
2025-09-21;13:27:01;AL  ;Minor ;EUtraNetwork=1,ExternalENodeBFunction=2221-650342;Inter Node Carrier Aggregation Service Unavailable;Elastic RAN Carrier Aggregation is not available towards remote eNodeB.
2025-09-21;16:25:41;AL  ;Minor ;EUtraNetwork=1,ExternalENodeBFunction=2221-650050;Inter Node Carrier Aggregation Service Unavailable;Elastic RAN Carrier Aggregation is not available towards remote eNodeB.
2025-09-21;19:07:17;AL  ;Minor ;EUtraNetwork=1,ExternalENodeBFunction=2221-650058;Inter Node Carrier Aggregation Service Unavailable;Elastic RAN Carrier Aggregation is not available towards remote eNodeB.
2025-09-21;23:46:19;AL  ;Cleared;EUtraNetwork=1,ExternalENodeBFunction=2221-211552;Inconsistent Configuration;Elastic RAN cannot be activated towards remote eNodeB. VLAN IDs do not match. Expected Vlan Id: 3908, Please check the eRAN Vlan Id at the remote eNodeB
2025-09-22;06:36:36;AL  ;Minor ;EUtraNetwork=1,ExternalENodeBFunction=2221-204951;Inter Node Carrier Aggregation Service Unavailable;Elastic RAN Carrier Aggregation is not available towards remote eNodeB.
2025-09-22;06:36:39;AL  ;Minor ;EUtraNetwork=1,ExternalENodeBFunction=2221-650266;Inter Node Carrier Aggregation Service Unavailable;Elastic RAN Carrier Aggregation is not available towards remote eNodeB.
2025-09-22;10:37:12;AL  ;Minor ;EUtraNetwork=1,ExternalENodeBFunction=2221-209057;Inter Node Carrier Aggregation Service Unavailable;Elastic RAN Carrier Aggregation is not available towards remote eNodeB.
2025-09-22;13:36:57;AL  ;Minor ;EUtraNetwork=1,ExternalENodeBFunction=2221-211975;Inter Node Carrier Aggregation Service Unavailable;Elastic RAN Carrier Aggregation is not available towards remote eNodeB.
2025-09-22;19:36:47;AL  ;Minor ;EUtraNetwork=1,ExternalENodeBFunction=2221-650585;Inter Node Carrier Aggregation Service Unavailable;Elastic RAN Carrier Aggregation is not available towards remote eNodeB.
2025-09-22;19:42:04;AL  ;Minor ;EUtraNetwork=1,ExternalENodeBFunction=2221-650730;Inter Node Carrier Aggregation Service Unavailable;Elastic RAN Carrier Aggregation is not available towards remote eNodeB.
2025-09-22;23:37:10;AL  ;Minor ;EUtraNetwork=1,ExternalENodeBFunction=2221-211552;Inconsistent Configuration;Elastic RAN cannot be activated towards remote eNodeB. VLAN IDs do not match. Expected Vlan Id: 3908, Please check the eRAN Vlan Id at the remote eNodeB
2025-09-23;11:14:50;AL  ;Minor ;EUtraNetwork=1,ExternalENodeBFunction=2221-211915;Inter Node Carrier Aggregation Service Unavailable;Elastic RAN Carrier Aggregation is not available towards remote eNodeB.
2025-09-24;09:11:02;AL  ;Warning;ENodeBFunction=1;PLMN Service Redundancy Lost;S1 connection failure for PLMN connected with link represented by MO listed in Additional Information. AI: PLMN = ["2221"],DN1=ManagedElement=1,ENodeBFunction=1,TermPointToMme=3,DN2=ManagedElement=1,ENodeBFunction=1,TermPointToMme=1,
2025-09-24;09:11:04;AL  ;Cleared;EUtraNetwork=1,ExternalENodeBFunction=2221-600891;Inconsistent Configuration;Elastic RAN cannot be activated towards remote eNodeB. VLAN IDs do not match. Expected Vlan Id: 3908, Please check the eRAN Vlan Id at the remote eNodeB
2025-09-24;09:11:11;AL  ;Cleared;EUtraNetwork=1,ExternalENodeBFunction=2221-600181;Inter Node Feature Incompatibility;Elastic RAN feature is not activated in remote eNodeB. SUPPRESSED
2025-09-24;09:11:11;AL  ;Cleared;EUtraNetwork=1,ExternalENodeBFunction=2221-211552;Inconsistent Configuration;Elastic RAN cannot be activated towards remote eNodeB. VLAN IDs do not match. Expected Vlan Id: 3908, Please check the eRAN Vlan Id at the remote eNodeB
2025-09-24;09:11:11;AL  ;Cleared;EUtraNetwork=1,ExternalENodeBFunction=2221-600420;Inconsistent Configuration;Elastic RAN cannot be activated towards remote eNodeB. VLAN IDs do not match. Expected Vlan Id: 3908, Please check the eRAN Vlan Id at the remote eNodeB
2025-09-24;09:11:13;AL  ;Cleared;EUtraNetwork=1,ExternalENodeBFunction=2221-203402;Inconsistent Configuration;Elastic RAN cannot be activated towards remote eNodeB. VLAN IDs do not match. Expected Vlan Id: 3908, Please check the eRAN Vlan Id at the remote eNodeB
2025-09-24;09:11:28;AL  ;Minor ;EUtraNetwork=1,ExternalENodeBFunction=2221-600891;Inconsistent Configuration;Elastic RAN cannot be activated towards remote eNodeB. VLAN IDs do not match. Expected Vlan Id: 3908, Please check the eRAN Vlan Id at the remote eNodeB
2025-09-24;09:11:29;AL  ;Minor ;EUtraNetwork=1,ExternalENodeBFunction=2221-211552;Inconsistent Configuration;Elastic RAN cannot be activated towards remote eNodeB. VLAN IDs do not match. Expected Vlan Id: 3908, Please check the eRAN Vlan Id at the remote eNodeB
2025-09-24;09:11:33;AL  ;Cleared;ENodeBFunction=1;PLMN Service Redundancy Lost;S1 connection failure for PLMN connected with link represented by MO listed in Additional Information. AI: PLMN = ["2221"],DN1=ManagedElement=1,ENodeBFunction=1,TermPointToMme=3,
2025-09-24;09:11:35;AL  ;Minor ;EUtraNetwork=1,ExternalENodeBFunction=2221-203402;Inconsistent Configuration;Elastic RAN cannot be activated towards remote eNodeB. VLAN IDs do not match. Expected Vlan Id: 3908, Please check the eRAN Vlan Id at the remote eNodeB
2025-09-24;09:11:53;AL  ;Minor ;EUtraNetwork=1,ExternalENodeBFunction=2221-600420;Inconsistent Configuration;Elastic RAN cannot be activated towards remote eNodeB. VLAN IDs do not match. Expected Vlan Id: 3908, Please check the eRAN Vlan Id at the remote eNodeB
2025-09-24;11:21:11;AL  ;Minor ;EUtraNetwork=1,ExternalENodeBFunction=2221-650059;Inter Node Carrier Aggregation Service Unavailable;Elastic RAN Carrier Aggregation is not available towards remote eNodeB.
2025-09-24;23:46:21;AL  ;Cleared;EUtraNetwork=1,ExternalENodeBFunction=2221-211552;Inconsistent Configuration;Elastic RAN cannot be activated towards remote eNodeB. VLAN IDs do not match. Expected Vlan Id: 3908, Please check the eRAN Vlan Id at the remote eNodeB
2025-09-25;01:48:12;AL  ;Cleared;EUtraNetwork=1,ExternalENodeBFunction=2221-600086;Inconsistent Configuration;Elastic RAN cannot be activated towards remote eNodeB. VLAN IDs do not match. Expected Vlan Id: 3908, Please check the eRAN Vlan Id at the remote eNodeB
2025-09-26;08:33:04;AL  ;Minor ;ENodeBFunction=1;External Link Failure;X2 link problem to one or several neighbouring eNodeBs. AI: PLMN ID-eNB ID 1 = 2221-18775
2025-09-27;07:39:54;AL  ;Minor ;ENodeBFunction=1;External Link Failure;X2 link problem to one or several neighbouring eNodeBs. AI: PLMN ID-eNB ID 1 = 2221-18775 PLMN ID-eNB ID 2 = 2221-206629
2025-09-27;07:46:45;AL  ;Minor ;ENodeBFunction=1;External Link Failure;X2 link problem to one or several neighbouring eNodeBs. AI: PLMN ID-eNB ID 1 = 2221-18775
2025-09-27;07:56:33;AL  ;Minor ;ENodeBFunction=1;External Link Failure;X2 link problem to one or several neighbouring eNodeBs. AI: PLMN ID-eNB ID 1 = 2221-18775 PLMN ID-eNB ID 2 = 2221-206629
2025-09-27;08:12:36;AL  ;Minor ;ENodeBFunction=1;External Link Failure;X2 link problem to one or several neighbouring eNodeBs. AI: PLMN ID-eNB ID 1 = 2221-18775
2025-09-27;09:53:29;AL  ;Minor ;ENodeBFunction=1;External Link Failure;X2 link problem to one or several neighbouring eNodeBs. AI: PLMN ID-eNB ID 1 = 2221-18775 PLMN ID-eNB ID 2 = 2221-206629
2025-09-27;10:00:18;AL  ;Minor ;ENodeBFunction=1;External Link Failure;X2 link problem to one or several neighbouring eNodeBs. AI: PLMN ID-eNB ID 1 = 2221-18775
2025-09-27;11:00:04;AL  ;Minor ;ENodeBFunction=1;External Link Failure;X2 link problem to one or several neighbouring eNodeBs. AI: PLMN ID-eNB ID 1 = 2221-18775 PLMN ID-eNB ID 2 = 2221-206629
2025-09-27;11:26:47;AL  ;Minor ;ENodeBFunction=1;External Link Failure;X2 link problem to one or several neighbouring eNodeBs. AI: PLMN ID-eNB ID 1 = 2221-18775
2025-09-27;12:09:52;AL  ;Minor ;ENodeBFunction=1;External Link Failure;X2 link problem to one or several neighbouring eNodeBs. AI: PLMN ID-eNB ID 1 = 2221-18775 PLMN ID-eNB ID 2 = 2221-206629
2025-09-27;15:08:01;AL  ;Minor ;ENodeBFunction=1;External Link Failure;X2 link problem to one or several neighbouring eNodeBs. AI: PLMN ID-eNB ID 1 = 2221-18775
2025-09-27;15:30:19;AL  ;Minor ;ENodeBFunction=1;External Link Failure;X2 link problem to one or several neighbouring eNodeBs. AI: PLMN ID-eNB ID 1 = 2221-18775 PLMN ID-eNB ID 2 = 2221-206629
2025-09-27;15:38:01;AL  ;Minor ;ENodeBFunction=1;External Link Failure;X2 link problem to one or several neighbouring eNodeBs. AI: PLMN ID-eNB ID 1 = 2221-18775
2025-09-27;15:46:58;AL  ;Minor ;ENodeBFunction=1;External Link Failure;X2 link problem to one or several neighbouring eNodeBs. AI: PLMN ID-eNB ID 1 = 2221-18775 PLMN ID-eNB ID 2 = 2221-206629
2025-09-28;00:12:03;AL  ;Minor ;ENodeBFunction=1;External Link Failure;X2 link problem to one or several neighbouring eNodeBs. AI: PLMN ID-eNB ID 1 = 2221-18775
2025-09-28;05:27:33;AL  ;Cleared;EUtraNetwork=1,ExternalENodeBFunction=2221-208582;Inconsistent Configuration;Elastic RAN cannot be activated towards remote eNodeB. VLAN IDs do not match. Expected Vlan Id: 3908, Please check the eRAN Vlan Id at the remote eNodeB
2025-09-28;09:51:27;AL  ;Cleared;EUtraNetwork=1,ExternalENodeBFunction=2221-204951;Inter Node Carrier Aggregation Service Unavailable;Elastic RAN Carrier Aggregation is not available towards remote eNodeB.
2025-09-28;09:51:51;AL  ;Minor ;EUtraNetwork=1,ExternalENodeBFunction=2221-204951;Inter Node Carrier Aggregation Service Unavailable;Elastic RAN Carrier Aggregation is not available towards remote eNodeB.
2025-09-28;09:56:52;AL  ;Cleared;EUtraNetwork=1,ExternalENodeBFunction=2221-650050;Inter Node Carrier Aggregation Service Unavailable;Elastic RAN Carrier Aggregation is not available towards remote eNodeB.
2025-09-28;09:57:28;AL  ;Minor ;EUtraNetwork=1,ExternalENodeBFunction=2221-650050;Inter Node Carrier Aggregation Service Unavailable;Elastic RAN Carrier Aggregation is not available towards remote eNodeB.
2025-09-28;10:11:32;AL  ;Cleared;EUtraNetwork=1,ExternalENodeBFunction=2221-209057;Inter Node Carrier Aggregation Service Unavailable;Elastic RAN Carrier Aggregation is not available towards remote eNodeB.
2025-09-28;10:11:38;AL  ;Cleared;EUtraNetwork=1,ExternalENodeBFunction=2221-650342;Inter Node Carrier Aggregation Service Unavailable;Elastic RAN Carrier Aggregation is not available towards remote eNodeB.
2025-09-28;10:11:41;AL  ;Minor ;EUtraNetwork=1,ExternalENodeBFunction=2221-205379;Inter Node Carrier Aggregation Service Unavailable;Elastic RAN Carrier Aggregation is not available towards remote eNodeB.
2025-09-28;10:11:42;AL  ;Cleared;ENodeBFunction=1;External Link Failure;X2 link problem to one or several neighbouring eNodeBs. AI: PLMN ID-eNB ID 1 = 2221-18775
2025-09-28;10:11:45;AL  ;Cleared;EUtraNetwork=1,ExternalENodeBFunction=2221-650585;Inter Node Carrier Aggregation Service Unavailable;Elastic RAN Carrier Aggregation is not available towards remote eNodeB.
2025-09-28;10:11:52;AL  ;Cleared;EUtraNetwork=1,ExternalENodeBFunction=2221-650730;Inter Node Carrier Aggregation Service Unavailable;Elastic RAN Carrier Aggregation is not available towards remote eNodeB.
2025-09-28;10:11:56;AL  ;Cleared;EUtraNetwork=1,ExternalENodeBFunction=2221-650266;Inter Node Carrier Aggregation Service Unavailable;Elastic RAN Carrier Aggregation is not available towards remote eNodeB.
2025-09-28;10:11:59;AL  ;Minor ;EUtraNetwork=1,ExternalENodeBFunction=2221-208582;Inconsistent Configuration;Elastic RAN cannot be activated towards remote eNodeB. VLAN IDs do not match. Expected Vlan Id: 3908, Please check the eRAN Vlan Id at the remote eNodeB
2025-09-28;10:12:00;AL  ;Cleared;EUtraNetwork=1,ExternalENodeBFunction=2221-650050;Inter Node Carrier Aggregation Service Unavailable;Elastic RAN Carrier Aggregation is not available towards remote eNodeB.
2025-09-28;10:12:05;AL  ;Cleared;EUtraNetwork=1,ExternalENodeBFunction=2221-204951;Inter Node Carrier Aggregation Service Unavailable;Elastic RAN Carrier Aggregation is not available towards remote eNodeB.
2025-09-28;10:12:09;AL  ;Cleared;EUtraNetwork=1,ExternalENodeBFunction=2221-650058;Inter Node Carrier Aggregation Service Unavailable;Elastic RAN Carrier Aggregation is not available towards remote eNodeB.
2025-09-28;10:12:14;AL  ;Cleared;EUtraNetwork=1,ExternalENodeBFunction=2221-211975;Inter Node Carrier Aggregation Service Unavailable;Elastic RAN Carrier Aggregation is not available towards remote eNodeB.
2025-09-28;10:12:18;AL  ;Cleared;EUtraNetwork=1,ExternalENodeBFunction=2221-650059;Inter Node Carrier Aggregation Service Unavailable;Elastic RAN Carrier Aggregation is not available towards remote eNodeB.
2025-09-28;10:12:26;AL  ;Cleared;EUtraNetwork=1,ExternalENodeBFunction=2221-211915;Inter Node Carrier Aggregation Service Unavailable;Elastic RAN Carrier Aggregation is not available towards remote eNodeB.
2025-09-28;10:12:31;AL  ;Minor ;EUtraNetwork=1,ExternalENodeBFunction=2221-211552;Inconsistent Configuration;Elastic RAN cannot be activated towards remote eNodeB. VLAN IDs do not match. Expected Vlan Id: 3908, Please check the eRAN Vlan Id at the remote eNodeB
2025-09-28;10:12:37;AL  ;Minor ;EUtraNetwork=1,ExternalENodeBFunction=2221-212605;Inter Node Carrier Aggregation Service Unavailable;Elastic RAN Carrier Aggregation is not available towards remote eNodeB.
2025-09-28;10:38:31;AL  ;Cleared;EUtraNetwork=1,ExternalENodeBFunction=2221-212605;Inter Node Carrier Aggregation Service Unavailable;Elastic RAN Carrier Aggregation is not available towards remote eNodeB.
2025-09-28;10:39:07;AL  ;Minor ;EUtraNetwork=1,ExternalENodeBFunction=2221-600086;Inconsistent Configuration;Elastic RAN cannot be activated towards remote eNodeB. VLAN IDs do not match. Expected Vlan Id: 3908, Please check the eRAN Vlan Id at the remote eNodeB
2025-09-28;10:39:18;AL  ;Minor ;EUtraNetwork=1,ExternalENodeBFunction=2221-212605;Inter Node Carrier Aggregation Service Unavailable;Elastic RAN Carrier Aggregation is not available towards remote eNodeB.
2025-09-28;10:56:51;AL  ;Minor ;EUtraNetwork=1,ExternalENodeBFunction=2221-650051;Inter Node Carrier Aggregation Service Unavailable;Elastic RAN Carrier Aggregation is not available towards remote eNodeB.
2025-09-28;13:36:58;AL  ;Minor ;EUtraNetwork=1,ExternalENodeBFunction=2221-650143;Inter Node Carrier Aggregation Service Unavailable;Elastic RAN Carrier Aggregation is not available towards remote eNodeB.
2025-09-28;13:37:02;AL  ;Minor ;EUtraNetwork=1,ExternalENodeBFunction=2221-650061;Inter Node Carrier Aggregation Service Unavailable;Elastic RAN Carrier Aggregation is not available towards remote eNodeB.
2025-09-28;16:51:15;AL  ;Minor ;EUtraNetwork=1,ExternalENodeBFunction=2221-650050;Inter Node Carrier Aggregation Service Unavailable;Elastic RAN Carrier Aggregation is not available towards remote eNodeB.
2025-09-29;23:46:24;AL  ;Cleared;EUtraNetwork=1,ExternalENodeBFunction=2221-211552;Inconsistent Configuration;Elastic RAN cannot be activated towards remote eNodeB. VLAN IDs do not match. Expected Vlan Id: 3908, Please check the eRAN Vlan Id at the remote eNodeB
2025-10-01;09:15:26;AL  ;Cleared;EUtraNetwork=1,ExternalENodeBFunction=2221-208582;Inconsistent Configuration;Elastic RAN cannot be activated towards remote eNodeB. VLAN IDs do not match. Expected Vlan Id: 3908, Please check the eRAN Vlan Id at the remote eNodeB
2025-10-01;09:16:11;AL  ;Minor ;EUtraNetwork=1,ExternalENodeBFunction=2221-204951;Inter Node Carrier Aggregation Service Unavailable;Elastic RAN Carrier Aggregation is not available towards remote eNodeB.
2025-10-03;12:14:31;AL  ;Minor ;ENodeBFunction=1;External Link Failure;X2 link problem to one or several neighbouring eNodeBs. AI: PLMN ID-eNB ID 1 = 2221-206047
2025-10-03;12:45:36;AL  ;Cleared;ENodeBFunction=1;External Link Failure;X2 link problem to one or several neighbouring eNodeBs. AI: PLMN ID-eNB ID 1 = 2221-206047 PLMN ID-eNB ID 2 = 2221-206048
2025-10-05;09:39:26;AL  ;Cleared;EUtraNetwork=1,ExternalENodeBFunction=2221-204951;Inter Node Carrier Aggregation Service Unavailable;Elastic RAN Carrier Aggregation is not available towards remote eNodeB.
2025-10-05;09:40:18;AL  ;Minor ;EUtraNetwork=1,ExternalENodeBFunction=2221-204951;Inter Node Carrier Aggregation Service Unavailable;Elastic RAN Carrier Aggregation is not available towards remote eNodeB.
2025-10-05;09:42:54;AL  ;Cleared;EUtraNetwork=1,ExternalENodeBFunction=2221-205379;Inter Node Carrier Aggregation Service Unavailable;Elastic RAN Carrier Aggregation is not available towards remote eNodeB.
2025-10-05;09:43:23;AL  ;Minor ;EUtraNetwork=1,ExternalENodeBFunction=2221-208582;Inconsistent Configuration;Elastic RAN cannot be activated towards remote eNodeB. VLAN IDs do not match. Expected Vlan Id: 3908, Please check the eRAN Vlan Id at the remote eNodeB
2025-10-05;09:43:52;AL  ;Minor ;EUtraNetwork=1,ExternalENodeBFunction=2221-205379;Inter Node Carrier Aggregation Service Unavailable;Elastic RAN Carrier Aggregation is not available towards remote eNodeB.
2025-10-05;09:44:49;AL  ;Cleared;EUtraNetwork=1,ExternalENodeBFunction=2221-650050;Inter Node Carrier Aggregation Service Unavailable;Elastic RAN Carrier Aggregation is not available towards remote eNodeB.
2025-10-05;09:45:25;AL  ;Minor ;EUtraNetwork=1,ExternalENodeBFunction=2221-650050;Inter Node Carrier Aggregation Service Unavailable;Elastic RAN Carrier Aggregation is not available towards remote eNodeB.
2025-10-05;09:47:28;AL  ;Cleared;EUtraNetwork=1,ExternalENodeBFunction=2221-650051;Inter Node Carrier Aggregation Service Unavailable;Elastic RAN Carrier Aggregation is not available towards remote eNodeB.
2025-10-05;09:58:26;AL  ;Cleared;EUtraNetwork=1,ExternalENodeBFunction=2221-600086;Inconsistent Configuration;Elastic RAN cannot be activated towards remote eNodeB. VLAN IDs do not match. Expected Vlan Id: 3908, Please check the eRAN Vlan Id at the remote eNodeB
2025-10-05;09:58:30;AL  ;Cleared;EUtraNetwork=1,ExternalENodeBFunction=2221-650050;Inter Node Carrier Aggregation Service Unavailable;Elastic RAN Carrier Aggregation is not available towards remote eNodeB.
2025-10-05;09:58:31;AL  ;Minor ;EUtraNetwork=1,ExternalENodeBFunction=2221-209057;Inter Node Carrier Aggregation Service Unavailable;Elastic RAN Carrier Aggregation is not available towards remote eNodeB.
2025-10-05;09:58:35;AL  ;Cleared;EUtraNetwork=1,ExternalENodeBFunction=2221-204951;Inter Node Carrier Aggregation Service Unavailable;Elastic RAN Carrier Aggregation is not available towards remote eNodeB.
2025-10-05;09:58:39;AL  ;Cleared;EUtraNetwork=1,ExternalENodeBFunction=2221-205634;Inconsistent Configuration;Elastic RAN cannot be activated towards remote eNodeB. VLAN IDs do not match. Expected Vlan Id: 3908, Please check the eRAN Vlan Id at the remote eNodeB
2025-10-05;09:58:41;AL  ;Minor ;EUtraNetwork=1,ExternalENodeBFunction=2221-210444;Inter Node Carrier Aggregation Service Unavailable;Elastic RAN Carrier Aggregation is not available towards remote eNodeB.
2025-10-05;09:58:44;AL  ;Cleared;EUtraNetwork=1,ExternalENodeBFunction=2221-205379;Inter Node Carrier Aggregation Service Unavailable;Elastic RAN Carrier Aggregation is not available towards remote eNodeB.
2025-10-05;09:58:49;AL  ;Cleared;EUtraNetwork=1,ExternalENodeBFunction=2221-212605;Inter Node Carrier Aggregation Service Unavailable;Elastic RAN Carrier Aggregation is not available towards remote eNodeB.
2025-10-05;09:58:53;AL  ;Cleared;EUtraNetwork=1,ExternalENodeBFunction=2221-203402;Inconsistent Configuration;Elastic RAN cannot be activated towards remote eNodeB. VLAN IDs do not match. Expected Vlan Id: 3908, Please check the eRAN Vlan Id at the remote eNodeB
2025-10-05;09:58:58;AL  ;Cleared;EUtraNetwork=1,ExternalENodeBFunction=2221-208496;Inconsistent Configuration;Elastic RAN cannot be activated towards remote eNodeB. VLAN IDs do not match. Expected Vlan Id: 3908, Please check the eRAN Vlan Id at the remote eNodeB
2025-10-05;09:59:00;AL  ;Minor ;EUtraNetwork=1,ExternalENodeBFunction=2221-211552;Inconsistent Configuration;Elastic RAN cannot be activated towards remote eNodeB. VLAN IDs do not match. Expected Vlan Id: 3908, Please check the eRAN Vlan Id at the remote eNodeB
2025-10-05;09:59:02;AL  ;Cleared;EUtraNetwork=1,ExternalENodeBFunction=2221-650143;Inter Node Carrier Aggregation Service Unavailable;Elastic RAN Carrier Aggregation is not available towards remote eNodeB.
2025-10-05;09:59:06;AL  ;Cleared;EUtraNetwork=1,ExternalENodeBFunction=2221-650061;Inter Node Carrier Aggregation Service Unavailable;Elastic RAN Carrier Aggregation is not available towards remote eNodeB.
2025-10-05;09:59:06;AL  ;Minor ;EUtraNetwork=1,ExternalENodeBFunction=2221-211915;Inter Node Carrier Aggregation Service Unavailable;Elastic RAN Carrier Aggregation is not available towards remote eNodeB.
2025-10-05;09:59:11;AL  ;Minor ;EUtraNetwork=1,ExternalENodeBFunction=2221-211975;Inter Node Carrier Aggregation Service Unavailable;Elastic RAN Carrier Aggregation is not available towards remote eNodeB.
2025-10-05;10:09:22;AL  ;Cleared;EUtraNetwork=1,ExternalENodeBFunction=2221-211975;Inter Node Carrier Aggregation Service Unavailable;Elastic RAN Carrier Aggregation is not available towards remote eNodeB.
2025-10-05;10:10:23;AL  ;Minor ;EUtraNetwork=1,ExternalENodeBFunction=2221-211975;Inter Node Carrier Aggregation Service Unavailable;Elastic RAN Carrier Aggregation is not available towards remote eNodeB.
2025-10-05;10:11:46;AL  ;Cleared;EUtraNetwork=1,ExternalENodeBFunction=2221-211915;Inter Node Carrier Aggregation Service Unavailable;Elastic RAN Carrier Aggregation is not available towards remote eNodeB.
2025-10-05;10:12:08;AL  ;Minor ;EUtraNetwork=1,ExternalENodeBFunction=2221-211915;Inter Node Carrier Aggregation Service Unavailable;Elastic RAN Carrier Aggregation is not available towards remote eNodeB.
2025-10-05;10:30:35;AL  ;Cleared;EUtraNetwork=1,ExternalENodeBFunction=2221-209057;Inter Node Carrier Aggregation Service Unavailable;Elastic RAN Carrier Aggregation is not available towards remote eNodeB.
2025-10-05;10:30:49;AL  ;Minor ;EUtraNetwork=1,ExternalENodeBFunction=2221-209057;Inter Node Carrier Aggregation Service Unavailable;Elastic RAN Carrier Aggregation is not available towards remote eNodeB.
2025-10-05;10:31:38;AL  ;Cleared;EUtraNetwork=1,ExternalENodeBFunction=2221-210444;Inter Node Carrier Aggregation Service Unavailable;Elastic RAN Carrier Aggregation is not available towards remote eNodeB.
2025-10-05;10:31:54;AL  ;Minor ;EUtraNetwork=1,ExternalENodeBFunction=2221-210444;Inter Node Carrier Aggregation Service Unavailable;Elastic RAN Carrier Aggregation is not available towards remote eNodeB.
2025-10-05;12:57:36;AL  ;Minor ;EUtraNetwork=1,ExternalENodeBFunction=2221-650266;Inter Node Carrier Aggregation Service Unavailable;Elastic RAN Carrier Aggregation is not available towards remote eNodeB.
2025-10-05;14:50:50;AL  ;Minor ;EUtraNetwork=1,ExternalENodeBFunction=2221-650059;Inter Node Carrier Aggregation Service Unavailable;Elastic RAN Carrier Aggregation is not available towards remote eNodeB.
2025-10-05;19:07:09;AL  ;Minor ;EUtraNetwork=1,ExternalENodeBFunction=2221-650585;Inter Node Carrier Aggregation Service Unavailable;Elastic RAN Carrier Aggregation is not available towards remote eNodeB.
2025-10-05;19:07:10;AL  ;Minor ;EUtraNetwork=1,ExternalENodeBFunction=2221-650058;Inter Node Carrier Aggregation Service Unavailable;Elastic RAN Carrier Aggregation is not available towards remote eNodeB.
2025-10-05;23:02:03;AL  ;Minor ;ENodeBFunction=1;External Link Failure;X2 link problem to one or several neighbouring eNodeBs. AI: PLMN ID-eNB ID 1 = 2221-206629
2025-10-05;23:10:26;AL  ;Cleared;ENodeBFunction=1;External Link Failure;X2 link problem to one or several neighbouring eNodeBs. AI: PLMN ID-eNB ID 1 = 2221-206629
2025-10-06;12:37:53;AL  ;Cleared;EUtraNetwork=1,ExternalENodeBFunction=2221-600510;Inconsistent Configuration;Elastic RAN cannot be activated towards remote eNodeB. VLAN IDs do not match. Expected Vlan Id: 3908, Please check the eRAN Vlan Id at the remote eNodeB
2025-10-06;12:46:47;AL  ;Minor ;ENodeBFunction=1;External Link Failure;X2 link problem to one or several neighbouring eNodeBs. AI: PLMN ID-eNB ID 1 = 2221-600510
2025-10-06;13:02:45;AL  ;Cleared;ENodeBFunction=1;External Link Failure;X2 link problem to one or several neighbouring eNodeBs. AI: PLMN ID-eNB ID 1 = 2221-600510
2025-10-06;23:46:28;AL  ;Cleared;EUtraNetwork=1,ExternalENodeBFunction=2221-211552;Inconsistent Configuration;Elastic RAN cannot be activated towards remote eNodeB. VLAN IDs do not match. Expected Vlan Id: 3908, Please check the eRAN Vlan Id at the remote eNodeB


RC73T> lgec -m 30d

251007-11:39:32+0200 19.31.12.198 25.0h MSRBS_NODE_MODEL_25.Q1_693.28324.131_62ac stopfile=/tmp/902036

Startdate=20250907.093932, Enddate=20251008.093932
Date;Time;Log;Severity;Object;Event;Cause;AdditionalText;AckState;Id;NotificationId;CorrelatedAlarms
Executing action Log.export()
..
Log=AlertLog                    actionId=50809
...
=================================================================================================================
MO                  actionId result      resultInfo
=================================================================================================================
LogM=1,Log=AlertLog 50809    1 (SUCCESS)           
cat  /ericsson/log/amos/moshell_logfiles/t20251007_37258710_53697/logs_moshell/tempfiles/scp-2-amos_20251007-113853_901972/rcslogs/AlertLog_20230712__065826_20250226__234101.log /ericsson/log/amos/moshell_logfiles/t20251007_37258710_53697/logs_moshell/tempfiles/scp-2-amos_20251007-113853_901972/rcslogs/AlertLog_20250226__234101.log > /ericsson/log/amos/moshell_logfiles/t20251007_37258710_53697/logs_moshell/tempfiles/scp-2-amos_20251007-113853_901972/eventLog902036.xml
2025-09-09;22:46:15;EV  ;Warning;RiLink=S211-1;Radio Interface Connectivity Disturbance Alert;Near end port:FieldReplaceableUnit=BB-1,RiPort=H (transportType=NOT_SET) (Mixed Mode with other ME). SUPPRESSED
2025-09-10;22:20:56;EV  ;Warning;RiLink=S211-1;Radio Interface Connectivity Disturbance Alert;Near end port:FieldReplaceableUnit=BB-1,RiPort=H (transportType=NOT_SET) (Mixed Mode with other ME). SUPPRESSED
2025-09-11;14:39:05;EV  ;Warning;RiLink=S211-1;Radio Interface Connectivity Disturbance Alert;Near end port:FieldReplaceableUnit=BB-1,RiPort=H (transportType=NOT_SET) (Mixed Mode with other ME). SUPPRESSED
2025-09-16;11:08:09;EV  ;Warning;RiLink=S211-1;Radio Interface Connectivity Disturbance Alert;Near end port:FieldReplaceableUnit=BB-1,RiPort=H (transportType=NOT_SET) (Mixed Mode with other ME). SUPPRESSED
2025-09-22;10:12:44;EV  ;Warning;RiLink=S211-1;Radio Interface Connectivity Disturbance Alert;Near end port:FieldReplaceableUnit=BB-1,RiPort=H (transportType=NOT_SET) (Mixed Mode with other ME). SUPPRESSED
2025-09-25;05:25:10;EV  ;Warning;RiLink=S211-1;Radio Interface Connectivity Disturbance Alert;Near end port:FieldReplaceableUnit=BB-1,RiPort=H (transportType=NOT_SET) (Mixed Mode with other ME). SUPPRESSED
2025-09-28;06:33:51;EV  ;Warning;RiLink=S211-1;Radio Interface Connectivity Disturbance Alert;Near end port:FieldReplaceableUnit=BB-1,RiPort=H (transportType=NOT_SET) (Mixed Mode with other ME). SUPPRESSED
2025-09-29;01:27:58;EV  ;Warning;RiLink=S211-1;Radio Interface Connectivity Disturbance Alert;Near end port:FieldReplaceableUnit=BB-1,RiPort=H (transportType=NOT_SET) (Mixed Mode with other ME). SUPPRESSED
2025-10-01;02:53:04;EV  ;Warning;RiLink=S211-1;Radio Interface Connectivity Disturbance Alert;Near end port:FieldReplaceableUnit=BB-1,RiPort=H (transportType=NOT_SET) (Mixed Mode with other ME). SUPPRESSED

Bye...
Output has been logged to file /mta_fs/UserFiles/37258710/amosbatch/2025-10-07_11-07-01_53697/RC73T.log
