Logging to file /mta_fs/UserFiles/37258710/amosbatch/2025-10-07_11-07-01_53697/RL1FT.log
                        __  __  ____   _____
                  /\   |  \/  |/ __ \ / ____|
                 /  \  | \  / | |  | | (___  
                / /\ \ | |\/| | |  | |\___ \ 
               / ____ \| |  | | |__| |____) |
              /_/    \_\_|  |_|\____/|_____/
              OSS Framework for MoShell-25.0h 
  Copyright (c) Ericsson AB 2001-2025 - All Rights Reserved
              
           
[1;31mWARNING: [0mthe AMOS version currently running is more than 22 weeks old and is unsupported.
Please upgrade as soon as possible to the latest released version, available from your local Ericsson support.

$amosrb_pid = 1262878

Checking ip contact...OK

HELP MENU            : h
BASIC MO COMMANDS    : m
OTHER MO COMMANDS    : n
OTHER COMMANDS       : o
PM COMMANDS          : p
QUIT                 : q

RL1FT> lt all

251007-12:23:59+0200 19.31.15.243 25.0h  stopfile=/tmp/1262497
Looking up temporary_amos account... OK.
Trying temporary_amos_t20251007_37258710_53697_313's password from amos lookupAccount ... OK

$ssh_pid = 1263763

Connected to 19.31.15.243 (SubNetwork=BBMM_rckomc_R,MeContext=RL1FT,ManagedElement=RL1FT)

Checking MOM version...MSRBS_NODE_MODEL_25.Q1_198665.224.73_bf81
Parsing MOM (cached): /ericsson/log/amos/moshell_logfiles/t20251007_37258710_53697/logs_moshell/tempfiles/scp-2-amos_20251007-122353_1262433/MSRBS_NODE_MODEL_25.Q1_198665.224.73_bf81.xml.cache.gz ......................................................................................................................................................................................................................Done.
Using paramfile /opt/ericsson/amos/moshell/commonjars/pm/PARAM_MSRBSG2_25.Q1.txt
Parsing file /opt/ericsson/amos/moshell/commonjars/pm/PARAM_MSRBSG2_25.Q1.txt ......................................................................................Done.
Using imomdfile /opt/ericsson/amos/moshell/commonjars/pm/IMOMD_MSRBS_22.Q4.txt
Using imomfile /opt/ericsson/amos/moshell/commonjars/pm/IMOM_MSRBS_25.Q1.txt
Connected to 19.31.15.243 (SubNetwork=BBMM_rckomc_R,MeContext=RL1FT,ManagedElement=RL1FT)

Last MO: 17816. Loaded 17816 MOs. Total: 17817 MOs.

RL1FT> hget EUtranCellFDD ^cellid

251007-12:24:18+0200 19.31.15.243 25.0h MSRBS_NODE_MODEL_25.Q1_198665.224.73_bf81 stopfile=/tmp/1262497
.
=================================================================================================================
MO                   cellId
=================================================================================================================
EUtranCellFDD=RL1FE1 61    
EUtranCellFDD=RL1FE2 62    
EUtranCellFDD=RL1FE3 63    
EUtranCellFDD=RL1FM1 31    
EUtranCellFDD=RL1FM2 32    
EUtranCellFDD=RL1FM3 33    
EUtranCellFDD=RL1FT1 41    
EUtranCellFDD=RL1FT2 42    
EUtranCellFDD=RL1FT3 43    
=================================================================================================================
Total: 9 MOs

Added 9 MOs to group: hget_group

RL1FT> hget NbIotCell ^cellid

251007-12:24:19+0200 19.31.15.243 25.0h MSRBS_NODE_MODEL_25.Q1_198665.224.73_bf81 stopfile=/tmp/1262497
.
=================================================================================================================
MO               cellId
=================================================================================================================
NbIotCell=RL1FN1 161   
NbIotCell=RL1FN2 162   
NbIotCell=RL1FN3 163   
=================================================================================================================
Total: 3 MOs

Added 3 MOs to group: hget_group

RL1FT> hget NRCellDU ^cellLocalId

251007-12:24:19+0200 19.31.15.243 25.0h MSRBS_NODE_MODEL_25.Q1_198665.224.73_bf81 stopfile=/tmp/1262497
Total: 0 MOs

RL1FT> lgdc -m 30d

251007-12:24:19+0200 19.31.15.243 25.0h MSRBS_NODE_MODEL_25.Q1_198665.224.73_bf81 stopfile=/tmp/1262497

Startdate=20250907.102419, Enddate=20251008.102419
INFO: Using amos lookupAccount credentials for the export login

Executing action LogM.exportAvailabilityLog()
...LogM=1,exportAvailabilityLog    actionId=63618
......
=================================================================================================================
MO     actionId result      resultInfo
=================================================================================================================
LogM=1 63618    1 (SUCCESS)           
cp /ericsson/log/amos/moshell_logfiles/t20251007_37258710_53697/logs_moshell/tempfiles/scp-2-amos_20251007-122353_1262433/rcslogs/RBS_CS_AVAILABILITY_LOG_20251007102424.xml /ericsson/log/amos/moshell_logfiles/t20251007_37258710_53697/logs_moshell/tempfiles/scp-2-amos_20251007-122353_1262433/availabilityLog1262497.xml
Parsing availabilityLog........Done.
.....
Date;Time;RestartType;SwVersion;SwRelease;RCSDowntime;ApplicationDowntime;TNDowntime;RATsDowntime;ExtraInfo;ExtraInfo2
2025-09-08;04:20:46;PartialOutage(Manual);11% Lrat Cell 42; ();12s;;;;;
2025-09-08;04:21:03;PartialOutage(Manual);11% Lrat Cell 41; ();12s;;;;;
2025-09-08;04:21:24;PartialOutage(Manual);11% Lrat Cell 43; ();12s;;;;;
2025-09-08;04:21:40;PartialOutage(Manual);33% Lrat Cell 163; ();1s;;;;;
2025-09-08;04:21:41;PartialOutage(Manual);11% Lrat Cell 63; ();9s;;;;;
2025-09-08;04:21:55;PartialOutage(Manual);11% Lrat Cell 62; ();9s;;;;;
2025-09-08;04:22:08;PartialOutage(Manual);50% Lrat Cell 161 162 163; ();1s;;;;;
2025-09-08;04:22:09;PartialOutage(Manual);11% Lrat Cell 61; ();8s;;;;;
2025-09-08;04:22:22;PartialOutage(Manual);8% Lrat Cell 31; ();4s;;;;;
2025-09-08;04:22:26;PartialOutage(Manual);58% Lrat Cell 161; ();9s;;;;;
2025-09-08;04:22:38;PartialOutage(Manual);8% Lrat Cell 33; ();6s;;;;;
2025-09-08;04:22:56;PartialOutage(Manual);11% Lrat Cell 32; ();8s;;;;;
2025-09-13;11:11:08;PartialOutage(System);100% Lrat Cell 161 162 163; ();14s;;;;;
2025-09-13;11:11:22;PartialOutage(System);100% Lrat Cell 31 32 33 41 42 43; ();1s;;;;;
2025-09-13;11:11:26;PartialOutage(System);100% Lrat Cell 41 42; ();1s;;;;;
2025-09-18;13:08:59;PartialOutage(System);100% Lrat Cell 161 162 163; ();12s;;;;;
2025-09-18;13:09:11;PartialOutage(System);100% Lrat Cell 61 62 31 32 33 41 42 43; ();1s;;;;;
2025-09-18;13:09:12;PartialOutage(System);100% Lrat Cell 162; ();1s;;;;;
2025-09-18;13:09:13;PartialOutage(System);100% Lrat Cell 32 42; ();1s;;;;;
2025-09-22;17:48:33;PartialOutage(System);100% Lrat Cell 61 62 63 31 32 33 41 42 43; ();14s;;;;;
2025-09-22;17:48:47;PartialOutage(System);100% Lrat Cell 31 32 33 41 42 43; ();1s;;;;;
2025-09-22;17:48:49;PartialOutage(System);100% Lrat Cell 32 41 42; ();2s;;;;;
2025-09-22;17:48:51;PartialOutage(System);100% Lrat Cell 41; ();1s;;;;;

Node uptime since last restart: 1269339 seconds (14 days, 16 hours, 35 minutes, 39 seconds)
------------------------------------------------------------------------------------------------------
Period=30 days       NodeUpgrade      NodeManual       NodeSpontaneous  AllNodeRestarts  PartialOutages  
------------------------------------------------------------------------------------------------------
Number Of outages    0                0                0                0                23              
Total downtime       0s               0s               0s               0s               140s (2m20s)    
Downtime per day     0s               0s               0s               0s               5s              
Downtime per outage  0s               0s               0s               0s               6s              

RL1FT> lgac -m 30d

251007-12:24:31+0200 19.31.15.243 25.0h MSRBS_NODE_MODEL_25.Q1_198665.224.73_bf81 stopfile=/tmp/1262497

Startdate=20250907.102431, Enddate=20251008.102431
Date;Time;Log;Severity;Object;Event;Cause;AdditionalText;AckState;Id;NotificationId;CorrelatedAlarms
Executing action Log.export()
..
Log=AlarmLog                    actionId=63619
...
=================================================================================================================
MO                  actionId result      resultInfo
=================================================================================================================
LogM=1,Log=AlarmLog 63619    1 (SUCCESS)           
cat  /ericsson/log/amos/moshell_logfiles/t20251007_37258710_53697/logs_moshell/tempfiles/scp-2-amos_20251007-122353_1262433/rcslogs/saLogAlarm_20250415__111339.log > /ericsson/log/amos/moshell_logfiles/t20251007_37258710_53697/logs_moshell/tempfiles/scp-2-amos_20251007-122353_1262433/alarmLog1262497.xml
2025-09-07;10:30:04;AL  ;Cleared;EUtraNetwork=1,ExternalENodeBFunction=2221-650588;Inter Node Carrier Aggregation Service Unavailable;Elastic RAN Carrier Aggregation is not available towards remote eNodeB.
2025-09-07;10:30:11;AL  ;Cleared;EUtraNetwork=1,ExternalENodeBFunction=2221-206457;Inter Node Carrier Aggregation Service Unavailable;Elastic RAN Carrier Aggregation is not available towards remote eNodeB.
2025-09-08;06:19:40;AL  ;Minor ;EUtraNetwork=1,ExternalENodeBFunction=2221-650588;Inter Node Carrier Aggregation Service Unavailable;Elastic RAN Carrier Aggregation is not available towards remote eNodeB.
2025-09-10;04:08:15;AL  ;Minor ;EUtraNetwork=1,ExternalENodeBFunction=2221-206457;Inter Node Carrier Aggregation Service Unavailable;Elastic RAN Carrier Aggregation is not available towards remote eNodeB.
2025-09-13;10:31:25;AL  ;Warning;Synchronization=1,RadioEquipmentClock=1,NodeGroupSyncMember=1;Node Group Sync Loss of All SoCC;Phase error
2025-09-13;10:32:32;AL  ;Cleared;Synchronization=1,RadioEquipmentClock=1,NodeGroupSyncMember=1;Node Group Sync Loss of All SoCC;Phase error
2025-09-13;10:34:54;AL  ;Warning;Synchronization=1,RadioEquipmentClock=1,NodeGroupSyncMember=1;Node Group Sync Loss of All SoCC;The CPRI link is down
2025-09-13;10:59:50;AL  ;Warning;Synchronization=1,RadioEquipmentClock=1,NodeGroupSyncMember=1;Node Group Sync Loss of All SoCC;The CPRI link is down, Absence of NGSC_BCM
2025-09-13;11:00:25;AL  ;Cleared;Synchronization=1,RadioEquipmentClock=1,NodeGroupSyncMember=1;Node Group Sync Loss of All SoCC;Absence of NGSC_BCM
2025-09-13;11:11:08;AL  ;Cleared;AntennaUnitGroup=210,AntennaNearUnit=RET_1800_2100;No Connection;Antenna near unit controller occupied.
2025-09-13;11:11:08;AL  ;Cleared;AntennaUnitGroup=210,AntennaNearUnit=RET_2600;No Connection;Antenna near unit controller occupied.
2025-09-13;11:11:08;AL  ;Cleared;AntennaUnitGroup=210,AntennaNearUnit=RET_800_900;No Connection;Antenna near unit controller occupied.
2025-09-13;11:11:08;AL  ;Cleared;AntennaUnitGroup=211,AntennaNearUnit=RET_1800_2100;No Connection;Antenna near unit controller occupied.
2025-09-13;11:11:08;AL  ;Cleared;AntennaUnitGroup=211,AntennaNearUnit=RET_2600;No Connection;Antenna near unit controller occupied.
2025-09-13;11:11:08;AL  ;Cleared;AntennaUnitGroup=211,AntennaNearUnit=RET_800_900;No Connection;Antenna near unit controller occupied.
2025-09-13;11:11:08;AL  ;Cleared;AntennaUnitGroup=212,AntennaNearUnit=RET_1800_2100;No Connection;Antenna near unit controller occupied.
2025-09-13;11:11:08;AL  ;Cleared;AntennaUnitGroup=212,AntennaNearUnit=RET_2600;No Connection;Antenna near unit controller occupied.
2025-09-13;11:11:08;AL  ;Cleared;AntennaUnitGroup=212,AntennaNearUnit=RET_800_900;No Connection;Antenna near unit controller occupied.
2025-09-13;11:11:08;AL  ;Minor ;EUtraNetwork=1,ExternalENodeBFunction=2221-650584;Inter Node Feature Incompatibility;Elastic RAN feature is not activated in remote eNodeB. SUPPRESSED
2025-09-13;11:11:30;AL  ;Minor ;AntennaUnitGroup=212,AntennaNearUnit=RET_1800_2100;No Connection;Antenna near unit controller occupied.
2025-09-13;11:11:30;AL  ;Minor ;AntennaUnitGroup=212,AntennaNearUnit=RET_2600;No Connection;Antenna near unit controller occupied.
2025-09-13;11:11:30;AL  ;Minor ;AntennaUnitGroup=212,AntennaNearUnit=RET_800_900;No Connection;Antenna near unit controller occupied.
2025-09-13;11:11:30;AL  ;Minor ;AntennaUnitGroup=210,AntennaNearUnit=RET_1800_2100;No Connection;Antenna near unit controller occupied.
2025-09-13;11:11:30;AL  ;Minor ;AntennaUnitGroup=210,AntennaNearUnit=RET_2600;No Connection;Antenna near unit controller occupied.
2025-09-13;11:11:30;AL  ;Minor ;AntennaUnitGroup=210,AntennaNearUnit=RET_800_900;No Connection;Antenna near unit controller occupied.
2025-09-13;11:11:30;AL  ;Minor ;AntennaUnitGroup=211,AntennaNearUnit=RET_1800_2100;No Connection;Antenna near unit controller occupied.
2025-09-13;11:11:30;AL  ;Minor ;AntennaUnitGroup=211,AntennaNearUnit=RET_2600;No Connection;Antenna near unit controller occupied.
2025-09-13;11:11:30;AL  ;Minor ;AntennaUnitGroup=211,AntennaNearUnit=RET_800_900;No Connection;Antenna near unit controller occupied.
2025-09-14;10:37:55;AL  ;Cleared;EUtraNetwork=1,ExternalENodeBFunction=2221-650588;Inter Node Carrier Aggregation Service Unavailable;Elastic RAN Carrier Aggregation is not available towards remote eNodeB.
2025-09-14;10:38:02;AL  ;Cleared;EUtraNetwork=1,ExternalENodeBFunction=2221-206457;Inter Node Carrier Aggregation Service Unavailable;Elastic RAN Carrier Aggregation is not available towards remote eNodeB.
2025-09-15;04:08:15;AL  ;Minor ;EUtraNetwork=1,ExternalENodeBFunction=2221-206457;Inter Node Carrier Aggregation Service Unavailable;Elastic RAN Carrier Aggregation is not available towards remote eNodeB.
2025-09-16;06:30:45;AL  ;Minor ;EUtraNetwork=1,ExternalENodeBFunction=2221-650588;Inter Node Carrier Aggregation Service Unavailable;Elastic RAN Carrier Aggregation is not available towards remote eNodeB.
2025-09-16;09:58:18;AL  ;Warning;ENodeBFunction=1;PLMN Service Redundancy Lost;S1 connection failure for PLMN connected with link represented by MO listed in Additional Information. AI: PLMN = ["2221"],DN1=ManagedElement=1,ENodeBFunction=1,TermPointToMme=5,
2025-09-16;09:58:48;AL  ;Cleared;ENodeBFunction=1;PLMN Service Redundancy Lost;S1 connection failure for PLMN connected with link represented by MO listed in Additional Information. AI: PLMN = ["2221"],DN1=ManagedElement=1,ENodeBFunction=1,TermPointToMme=5,
2025-09-18;12:28:52;AL  ;Warning;Synchronization=1,RadioEquipmentClock=1,NodeGroupSyncMember=1;Node Group Sync Loss of All SoCC;Phase error
2025-09-18;12:31:48;AL  ;Warning;Synchronization=1,RadioEquipmentClock=1,NodeGroupSyncMember=1;Node Group Sync Loss of All SoCC;Phase error, Absence of NGSC_BCM
2025-09-18;12:32:19;AL  ;Cleared;Synchronization=1,RadioEquipmentClock=1,NodeGroupSyncMember=1;Node Group Sync Loss of All SoCC;Absence of NGSC_BCM
2025-09-18;12:34:25;AL  ;Warning;Synchronization=1,RadioEquipmentClock=1,NodeGroupSyncMember=1;Node Group Sync Loss of All SoCC;The CPRI link is down
2025-09-18;12:47:20;AL  ;Minor ;EthernetPort=TN_B;Ethernet Link Failure;Connected to physical port TnPort=TN_B
2025-09-18;12:47:20;AL  ;Minor ;EthernetPort=ERAN;Ethernet Link Failure;Connected to physical port TnPort=IDL_A1
2025-09-18;12:47:46;AL  ;Cleared;EthernetPort=ERAN;Ethernet Link Failure;Connected to physical port TnPort=IDL_A1
2025-09-18;12:48:27;AL  ;Warning;Synchronization=1,RadioEquipmentClock=1,NodeGroupSyncMember=1;Node Group Sync Loss of All SoCC;The CPRI link is down, Absence of NGSC_BCM
2025-09-18;12:48:27;AL  ;Cleared;EthernetPort=TN_B;Ethernet Link Failure;Connected to physical port TnPort=TN_B
2025-09-18;12:48:58;AL  ;Cleared;Synchronization=1,RadioEquipmentClock=1,NodeGroupSyncMember=1;Node Group Sync Loss of All SoCC;Absence of NGSC_BCM
2025-09-18;13:05:54;AL  ;Minor ;ENodeBFunction=1;Sync Time and Phase Accuracy Too Low;Time and phase sync accuracy crossed the threshold for features interworking with NR.
2025-09-18;13:05:54;AL  ;Minor ;EUtranCellFDD=RL1FE1;Service Degraded;This is a secondary alarm, use alarm correlation information in Additional Information to find primary alarm.
2025-09-18;13:05:54;AL  ;Minor ;EUtranCellFDD=RL1FE2;Service Degraded;This is a secondary alarm, use alarm correlation information in Additional Information to find primary alarm.
2025-09-18;13:05:54;AL  ;Minor ;EUtranCellFDD=RL1FE3;Service Degraded;This is a secondary alarm, use alarm correlation information in Additional Information to find primary alarm.
2025-09-18;13:05:54;AL  ;Minor ;EUtranCellFDD=RL1FM1;Service Degraded;This is a secondary alarm, use alarm correlation information in Additional Information to find primary alarm.
2025-09-18;13:05:54;AL  ;Minor ;EUtranCellFDD=RL1FM2;Service Degraded;This is a secondary alarm, use alarm correlation information in Additional Information to find primary alarm.
2025-09-18;13:05:54;AL  ;Minor ;EUtranCellFDD=RL1FM3;Service Degraded;This is a secondary alarm, use alarm correlation information in Additional Information to find primary alarm.
2025-09-18;13:05:54;AL  ;Minor ;EUtranCellFDD=RL1FT1;Service Degraded;This is a secondary alarm, use alarm correlation information in Additional Information to find primary alarm.
2025-09-18;13:05:54;AL  ;Minor ;EUtranCellFDD=RL1FT2;Service Degraded;This is a secondary alarm, use alarm correlation information in Additional Information to find primary alarm.
2025-09-18;13:05:54;AL  ;Minor ;EUtranCellFDD=RL1FT3;Service Degraded;This is a secondary alarm, use alarm correlation information in Additional Information to find primary alarm.
2025-09-18;13:08:59;AL  ;Cleared;AntennaUnitGroup=210,AntennaNearUnit=RET_1800_2100;No Connection;Antenna near unit controller occupied.
2025-09-18;13:08:59;AL  ;Cleared;AntennaUnitGroup=210,AntennaNearUnit=RET_2600;No Connection;Antenna near unit controller occupied.
2025-09-18;13:08:59;AL  ;Cleared;AntennaUnitGroup=210,AntennaNearUnit=RET_800_900;No Connection;Antenna near unit controller occupied.
2025-09-18;13:08:59;AL  ;Cleared;AntennaUnitGroup=211,AntennaNearUnit=RET_1800_2100;No Connection;Antenna near unit controller occupied.
2025-09-18;13:08:59;AL  ;Cleared;AntennaUnitGroup=211,AntennaNearUnit=RET_2600;No Connection;Antenna near unit controller occupied.
2025-09-18;13:08:59;AL  ;Cleared;AntennaUnitGroup=211,AntennaNearUnit=RET_800_900;No Connection;Antenna near unit controller occupied.
2025-09-18;13:08:59;AL  ;Cleared;AntennaUnitGroup=212,AntennaNearUnit=RET_1800_2100;No Connection;Antenna near unit controller occupied.
2025-09-18;13:08:59;AL  ;Cleared;AntennaUnitGroup=212,AntennaNearUnit=RET_2600;No Connection;Antenna near unit controller occupied.
2025-09-18;13:08:59;AL  ;Cleared;AntennaUnitGroup=212,AntennaNearUnit=RET_800_900;No Connection;Antenna near unit controller occupied.
2025-09-18;13:08:59;AL  ;Cleared;EUtranCellFDD=RL1FT3;Service Degraded;This is a secondary alarm, use alarm correlation information in Additional Information to find primary alarm.
2025-09-18;13:08:59;AL  ;Cleared;EUtranCellFDD=RL1FE1;Service Degraded;This is a secondary alarm, use alarm correlation information in Additional Information to find primary alarm.
2025-09-18;13:08:59;AL  ;Cleared;EUtranCellFDD=RL1FE3;Service Degraded;This is a secondary alarm, use alarm correlation information in Additional Information to find primary alarm.
2025-09-18;13:08:59;AL  ;Cleared;EUtranCellFDD=RL1FM1;Service Degraded;This is a secondary alarm, use alarm correlation information in Additional Information to find primary alarm.
2025-09-18;13:08:59;AL  ;Cleared;EUtranCellFDD=RL1FM2;Service Degraded;This is a secondary alarm, use alarm correlation information in Additional Information to find primary alarm.
2025-09-18;13:08:59;AL  ;Cleared;EUtranCellFDD=RL1FM3;Service Degraded;This is a secondary alarm, use alarm correlation information in Additional Information to find primary alarm.
2025-09-18;13:08:59;AL  ;Cleared;EUtranCellFDD=RL1FT1;Service Degraded;This is a secondary alarm, use alarm correlation information in Additional Information to find primary alarm.
2025-09-18;13:08:59;AL  ;Cleared;EUtranCellFDD=RL1FT2;Service Degraded;This is a secondary alarm, use alarm correlation information in Additional Information to find primary alarm.
2025-09-18;13:08:59;AL  ;Cleared;EUtranCellFDD=RL1FE2;Service Degraded;This is a secondary alarm, use alarm correlation information in Additional Information to find primary alarm.
2025-09-18;13:08:59;AL  ;Cleared;ENodeBFunction=1;Sync Time and Phase Accuracy Too Low;Time and phase sync accuracy crossed the threshold for features interworking with NR.
2025-09-18;13:09:19;AL  ;Minor ;AntennaUnitGroup=210,AntennaNearUnit=RET_1800_2100;No Connection;Antenna near unit controller occupied.
2025-09-18;13:09:19;AL  ;Minor ;AntennaUnitGroup=210,AntennaNearUnit=RET_2600;No Connection;Antenna near unit controller occupied.
2025-09-18;13:09:19;AL  ;Minor ;AntennaUnitGroup=210,AntennaNearUnit=RET_800_900;No Connection;Antenna near unit controller occupied.
2025-09-18;13:09:19;AL  ;Minor ;AntennaUnitGroup=211,AntennaNearUnit=RET_1800_2100;No Connection;Antenna near unit controller occupied.
2025-09-18;13:09:19;AL  ;Minor ;AntennaUnitGroup=211,AntennaNearUnit=RET_2600;No Connection;Antenna near unit controller occupied.
2025-09-18;13:09:19;AL  ;Minor ;AntennaUnitGroup=211,AntennaNearUnit=RET_800_900;No Connection;Antenna near unit controller occupied.
2025-09-18;13:09:19;AL  ;Minor ;AntennaUnitGroup=212,AntennaNearUnit=RET_1800_2100;No Connection;Antenna near unit controller occupied.
2025-09-18;13:09:19;AL  ;Minor ;AntennaUnitGroup=212,AntennaNearUnit=RET_2600;No Connection;Antenna near unit controller occupied.
2025-09-18;13:09:19;AL  ;Minor ;AntennaUnitGroup=212,AntennaNearUnit=RET_800_900;No Connection;Antenna near unit controller occupied.
2025-09-18;22:09:12;AL  ;Minor ;EUtraNetwork=1,ExternalENodeBFunction=2221-650619;Inter Node Carrier Aggregation Service Unavailable;Elastic RAN Carrier Aggregation is not available towards remote eNodeB.
2025-09-19;13:59:40;AL  ;Minor ;FieldReplaceableUnit=BB-1,AlarmPort=8;External Alarm;Allarme PORTA
2025-09-19;14:01:15;AL  ;Cleared;FieldReplaceableUnit=BB-1,AlarmPort=8;External Alarm;Allarme PORTA
2025-09-19;14:13:06;AL  ;Minor ;FieldReplaceableUnit=BB-1,AlarmPort=8;External Alarm;Allarme PORTA
2025-09-20;09:01:12;AL  ;Minor ;EUtraNetwork=1,ExternalENodeBFunction=2221-207198;Inter Node Carrier Aggregation Service Unavailable;Elastic RAN Carrier Aggregation is not available towards remote eNodeB.
2025-09-21;09:54:11;AL  ;Cleared;EUtraNetwork=1,ExternalENodeBFunction=2221-207198;Inter Node Carrier Aggregation Service Unavailable;Elastic RAN Carrier Aggregation is not available towards remote eNodeB.
2025-09-21;09:55:16;AL  ;Minor ;EUtraNetwork=1,ExternalENodeBFunction=2221-207198;Inter Node Carrier Aggregation Service Unavailable;Elastic RAN Carrier Aggregation is not available towards remote eNodeB.
2025-09-21;10:21:29;AL  ;Cleared;EUtraNetwork=1,ExternalENodeBFunction=2221-650588;Inter Node Carrier Aggregation Service Unavailable;Elastic RAN Carrier Aggregation is not available towards remote eNodeB.
2025-09-21;10:21:35;AL  ;Cleared;EUtraNetwork=1,ExternalENodeBFunction=2221-207198;Inter Node Carrier Aggregation Service Unavailable;Elastic RAN Carrier Aggregation is not available towards remote eNodeB.
2025-09-21;10:21:38;AL  ;Cleared;EUtraNetwork=1,ExternalENodeBFunction=2221-650619;Inter Node Carrier Aggregation Service Unavailable;Elastic RAN Carrier Aggregation is not available towards remote eNodeB.
2025-09-21;10:21:44;AL  ;Cleared;EUtraNetwork=1,ExternalENodeBFunction=2221-206457;Inter Node Carrier Aggregation Service Unavailable;Elastic RAN Carrier Aggregation is not available towards remote eNodeB.
2025-09-22;16:09:13;AL  ;Minor ;EUtraNetwork=1,ExternalENodeBFunction=2221-206457;Inter Node Carrier Aggregation Service Unavailable;Elastic RAN Carrier Aggregation is not available towards remote eNodeB.
2025-09-22;17:48:32;AL  ;Cleared;AntennaUnitGroup=210,AntennaNearUnit=RET_1800_2100;No Connection;Antenna near unit controller occupied.
2025-09-22;17:48:32;AL  ;Cleared;AntennaUnitGroup=210,AntennaNearUnit=RET_2600;No Connection;Antenna near unit controller occupied.
2025-09-22;17:48:32;AL  ;Cleared;AntennaUnitGroup=210,AntennaNearUnit=RET_800_900;No Connection;Antenna near unit controller occupied.
2025-09-22;17:48:32;AL  ;Cleared;AntennaUnitGroup=211,AntennaNearUnit=RET_1800_2100;No Connection;Antenna near unit controller occupied.
2025-09-22;17:48:32;AL  ;Cleared;AntennaUnitGroup=211,AntennaNearUnit=RET_2600;No Connection;Antenna near unit controller occupied.
2025-09-22;17:48:32;AL  ;Cleared;AntennaUnitGroup=211,AntennaNearUnit=RET_800_900;No Connection;Antenna near unit controller occupied.
2025-09-22;17:48:32;AL  ;Cleared;AntennaUnitGroup=212,AntennaNearUnit=RET_1800_2100;No Connection;Antenna near unit controller occupied.
2025-09-22;17:48:32;AL  ;Cleared;AntennaUnitGroup=212,AntennaNearUnit=RET_2600;No Connection;Antenna near unit controller occupied.
2025-09-22;17:48:32;AL  ;Cleared;AntennaUnitGroup=212,AntennaNearUnit=RET_800_900;No Connection;Antenna near unit controller occupied.
2025-09-22;17:48:54;AL  ;Minor ;AntennaUnitGroup=211,AntennaNearUnit=RET_1800_2100;No Connection;Antenna near unit controller occupied.
2025-09-22;17:48:54;AL  ;Minor ;AntennaUnitGroup=211,AntennaNearUnit=RET_2600;No Connection;Antenna near unit controller occupied.
2025-09-22;17:48:54;AL  ;Minor ;AntennaUnitGroup=211,AntennaNearUnit=RET_800_900;No Connection;Antenna near unit controller occupied.
2025-09-22;17:48:54;AL  ;Minor ;AntennaUnitGroup=210,AntennaNearUnit=RET_1800_2100;No Connection;Antenna near unit controller occupied.
2025-09-22;17:48:54;AL  ;Minor ;AntennaUnitGroup=210,AntennaNearUnit=RET_2600;No Connection;Antenna near unit controller occupied.
2025-09-22;17:48:54;AL  ;Minor ;AntennaUnitGroup=210,AntennaNearUnit=RET_800_900;No Connection;Antenna near unit controller occupied.
2025-09-22;17:48:54;AL  ;Minor ;AntennaUnitGroup=212,AntennaNearUnit=RET_1800_2100;No Connection;Antenna near unit controller occupied.
2025-09-22;17:48:54;AL  ;Minor ;AntennaUnitGroup=212,AntennaNearUnit=RET_2600;No Connection;Antenna near unit controller occupied.
2025-09-22;17:48:55;AL  ;Minor ;AntennaUnitGroup=212,AntennaNearUnit=RET_800_900;No Connection;Antenna near unit controller occupied.
2025-09-25;06:30:45;AL  ;Minor ;EUtraNetwork=1,ExternalENodeBFunction=2221-650588;Inter Node Carrier Aggregation Service Unavailable;Elastic RAN Carrier Aggregation is not available towards remote eNodeB.
2025-09-26;09:31:42;AL  ;Cleared;EUtraNetwork=1,ExternalENodeBFunction=2221-650231;Inter Node Feature Incompatibility;Elastic RAN feature is not activated in remote eNodeB. SUPPRESSED
2025-09-26;10:01:47;AL  ;Minor ;EUtraNetwork=1,ExternalENodeBFunction=2221-207198;Inter Node Carrier Aggregation Service Unavailable;Elastic RAN Carrier Aggregation is not available towards remote eNodeB.
2025-09-28;09:55:09;AL  ;Cleared;EUtraNetwork=1,ExternalENodeBFunction=2221-207198;Inter Node Carrier Aggregation Service Unavailable;Elastic RAN Carrier Aggregation is not available towards remote eNodeB.
2025-09-28;09:56:11;AL  ;Minor ;EUtraNetwork=1,ExternalENodeBFunction=2221-207198;Inter Node Carrier Aggregation Service Unavailable;Elastic RAN Carrier Aggregation is not available towards remote eNodeB.
2025-09-28;10:21:35;AL  ;Cleared;EUtraNetwork=1,ExternalENodeBFunction=2221-650588;Inter Node Carrier Aggregation Service Unavailable;Elastic RAN Carrier Aggregation is not available towards remote eNodeB.
2025-09-28;10:21:40;AL  ;Cleared;EUtraNetwork=1,ExternalENodeBFunction=2221-207198;Inter Node Carrier Aggregation Service Unavailable;Elastic RAN Carrier Aggregation is not available towards remote eNodeB.
2025-09-28;10:21:44;AL  ;Cleared;EUtraNetwork=1,ExternalENodeBFunction=2221-206457;Inter Node Carrier Aggregation Service Unavailable;Elastic RAN Carrier Aggregation is not available towards remote eNodeB.
2025-09-29;03:48:48;AL  ;Minor ;EUtraNetwork=1,ExternalENodeBFunction=2221-650588;Inter Node Carrier Aggregation Service Unavailable;Elastic RAN Carrier Aggregation is not available towards remote eNodeB.
2025-10-01;04:48:48;AL  ;Minor ;EUtraNetwork=1,ExternalENodeBFunction=2221-206457;Inter Node Carrier Aggregation Service Unavailable;Elastic RAN Carrier Aggregation is not available towards remote eNodeB.
2025-10-04;09:07:34;AL  ;Minor ;ENodeBFunction=1;External Link Failure;X2 link problem to one or several neighbouring eNodeBs. AI: PLMN ID-eNB ID 1 = 2221-650505
2025-10-04;12:25:16;AL  ;Cleared;ENodeBFunction=1;External Link Failure;X2 link problem to one or several neighbouring eNodeBs. AI: PLMN ID-eNB ID 1 = 2221-650505
2025-10-05;10:08:41;AL  ;Cleared;EUtraNetwork=1,ExternalENodeBFunction=2221-650588;Inter Node Carrier Aggregation Service Unavailable;Elastic RAN Carrier Aggregation is not available towards remote eNodeB.
2025-10-05;10:08:47;AL  ;Cleared;EUtraNetwork=1,ExternalENodeBFunction=2221-206457;Inter Node Carrier Aggregation Service Unavailable;Elastic RAN Carrier Aggregation is not available towards remote eNodeB.
2025-10-06;14:48:48;AL  ;Minor ;EUtraNetwork=1,ExternalENodeBFunction=2221-650588;Inter Node Carrier Aggregation Service Unavailable;Elastic RAN Carrier Aggregation is not available towards remote eNodeB.
2025-10-07;08:39:05;AL  ;Minor ;ENodeBFunction=1;External Link Failure;X2 link problem to one or several neighbouring eNodeBs. AI: PLMN ID-eNB ID 1 = 2221-650708


RL1FT> lgec -m 30d

251007-12:24:37+0200 19.31.15.243 25.0h MSRBS_NODE_MODEL_25.Q1_198665.224.73_bf81 stopfile=/tmp/1262497

Startdate=20250907.102437, Enddate=20251008.102437
Date;Time;Log;Severity;Object;Event;Cause;AdditionalText;AckState;Id;NotificationId;CorrelatedAlarms
Executing action Log.export()
..
Log=AlertLog                    actionId=63620
...
=================================================================================================================
MO                  actionId result      resultInfo
=================================================================================================================
LogM=1,Log=AlertLog 63620    1 (SUCCESS)           
cat  /ericsson/log/amos/moshell_logfiles/t20251007_37258710_53697/logs_moshell/tempfiles/scp-2-amos_20251007-122353_1262433/rcslogs/AlertLog_20250415__111430.log > /ericsson/log/amos/moshell_logfiles/t20251007_37258710_53697/logs_moshell/tempfiles/scp-2-amos_20251007-122353_1262433/eventLog1262497.xml
2025-09-13;11:11:12;EV  ;Warning;EUtranCellFDD=RL1FT3;Cell Service Unavailable Auto Recovery Initiated Alert;
2025-09-13;11:11:12;EV  ;Warning;EUtranCellFDD=RL1FE3;Cell Service Unavailable Auto Recovery Initiated Alert;
2025-09-13;11:11:12;EV  ;Warning;EUtranCellFDD=RL1FM3;Cell Service Unavailable Auto Recovery Initiated Alert;
2025-09-13;11:11:12;EV  ;Warning;EUtranCellFDD=RL1FT1;Cell Service Unavailable Auto Recovery Initiated Alert;
2025-09-13;11:11:12;EV  ;Warning;EUtranCellFDD=RL1FT2;Cell Service Unavailable Auto Recovery Initiated Alert;
2025-09-13;11:11:12;EV  ;Warning;EUtranCellFDD=RL1FE2;Cell Service Unavailable Auto Recovery Initiated Alert;
2025-09-13;11:11:12;EV  ;Warning;EUtranCellFDD=RL1FE1;Cell Service Unavailable Auto Recovery Initiated Alert;
2025-09-13;11:11:18;EV  ;Warning;RiLink=S210-1;Radio Interface Connectivity Disturbance Alert;Near end port:FieldReplaceableUnit=BB-1,RiPort=A (transportType=NOT_SET) (Mixed Mode with other ME). SUPPRESSED
2025-09-13;11:11:18;EV  ;Warning;RiLink=S211-1;Radio Interface Connectivity Disturbance Alert;Near end port:FieldReplaceableUnit=BB-1,RiPort=B (transportType=NOT_SET) (Mixed Mode with other ME). SUPPRESSED
2025-09-13;11:11:18;EV  ;Warning;RiLink=S212-1;Radio Interface Connectivity Disturbance Alert;Near end port:FieldReplaceableUnit=BB-1,RiPort=C (transportType=NOT_SET) (Mixed Mode with other ME). SUPPRESSED
2025-09-13;11:11:18;EV  ;Warning;RiLink=S100-1;Radio Interface Connectivity Disturbance Alert;Near end port:FieldReplaceableUnit=BB-1,RiPort=D (transportType=NOT_SET). SUPPRESSED
2025-09-13;11:11:18;EV  ;Warning;RiLink=S102-1;Radio Interface Connectivity Disturbance Alert;Near end port:FieldReplaceableUnit=BB-1,RiPort=E (transportType=NOT_SET). SUPPRESSED
2025-09-13;11:11:22;EV  ;Warning;EUtranCellFDD=RL1FE1;Cell Service Available Auto Recovery Successful Alert;
2025-09-13;11:11:22;EV  ;Warning;EUtranCellFDD=RL1FE3;Cell Service Available Auto Recovery Successful Alert;
2025-09-13;11:11:22;EV  ;Warning;EUtranCellFDD=RL1FE2;Cell Service Available Auto Recovery Successful Alert;
2025-09-13;11:11:23;EV  ;Warning;EUtranCellFDD=RL1FT3;Cell Service Available Auto Recovery Successful Alert;
2025-09-13;11:11:23;EV  ;Warning;EUtranCellFDD=RL1FM3;Cell Service Available Auto Recovery Successful Alert;
2025-09-13;11:11:27;EV  ;Warning;EUtranCellFDD=RL1FT2;Cell Service Available Auto Recovery Successful Alert;
2025-09-13;11:11:27;EV  ;Warning;EUtranCellFDD=RL1FT1;Cell Service Available Auto Recovery Successful Alert;
2025-09-18;13:09:07;EV  ;Warning;RiLink=S210-1;Radio Interface Connectivity Disturbance Alert;Near end port:FieldReplaceableUnit=BB-1,RiPort=A (transportType=NOT_SET) (Mixed Mode with other ME). SUPPRESSED
2025-09-18;13:09:07;EV  ;Warning;RiLink=S211-1;Radio Interface Connectivity Disturbance Alert;Near end port:FieldReplaceableUnit=BB-1,RiPort=B (transportType=NOT_SET) (Mixed Mode with other ME). SUPPRESSED
2025-09-18;13:09:07;EV  ;Warning;RiLink=S212-1;Radio Interface Connectivity Disturbance Alert;Near end port:FieldReplaceableUnit=BB-1,RiPort=C (transportType=NOT_SET) (Mixed Mode with other ME). SUPPRESSED
2025-09-18;13:09:07;EV  ;Warning;RiLink=S100-1;Radio Interface Connectivity Disturbance Alert;Near end port:FieldReplaceableUnit=BB-1,RiPort=D (transportType=NOT_SET). SUPPRESSED
2025-09-18;13:09:07;EV  ;Warning;RiLink=S102-1;Radio Interface Connectivity Disturbance Alert;Near end port:FieldReplaceableUnit=BB-1,RiPort=E (transportType=NOT_SET). SUPPRESSED
2025-09-22;17:48:37;EV  ;Warning;EUtranCellFDD=RL1FE1;Cell Service Unavailable Auto Recovery Initiated Alert;
2025-09-22;17:48:37;EV  ;Warning;EUtranCellFDD=RL1FE2;Cell Service Unavailable Auto Recovery Initiated Alert;
2025-09-22;17:48:37;EV  ;Warning;EUtranCellFDD=RL1FE3;Cell Service Unavailable Auto Recovery Initiated Alert;
2025-09-22;17:48:37;EV  ;Warning;EUtranCellFDD=RL1FT2;Cell Service Unavailable Auto Recovery Initiated Alert;
2025-09-22;17:48:37;EV  ;Warning;EUtranCellFDD=RL1FT3;Cell Service Unavailable Auto Recovery Initiated Alert;
2025-09-22;17:48:42;EV  ;Warning;RiLink=S210-1;Radio Interface Connectivity Disturbance Alert;Near end port:FieldReplaceableUnit=BB-1,RiPort=A (transportType=NOT_SET) (Mixed Mode with other ME). SUPPRESSED
2025-09-22;17:48:42;EV  ;Warning;RiLink=S211-1;Radio Interface Connectivity Disturbance Alert;Near end port:FieldReplaceableUnit=BB-1,RiPort=B (transportType=NOT_SET) (Mixed Mode with other ME). SUPPRESSED
2025-09-22;17:48:42;EV  ;Warning;RiLink=S212-1;Radio Interface Connectivity Disturbance Alert;Near end port:FieldReplaceableUnit=BB-1,RiPort=C (transportType=NOT_SET) (Mixed Mode with other ME). SUPPRESSED
2025-09-22;17:48:42;EV  ;Warning;RiLink=S100-1;Radio Interface Connectivity Disturbance Alert;Near end port:FieldReplaceableUnit=BB-1,RiPort=D (transportType=NOT_SET). SUPPRESSED
2025-09-22;17:48:42;EV  ;Warning;RiLink=S102-1;Radio Interface Connectivity Disturbance Alert;Near end port:FieldReplaceableUnit=BB-1,RiPort=E (transportType=NOT_SET). SUPPRESSED
2025-09-22;17:48:47;EV  ;Warning;EUtranCellFDD=RL1FE3;Cell Service Available Auto Recovery Successful Alert;
2025-09-22;17:48:47;EV  ;Warning;EUtranCellFDD=RL1FE1;Cell Service Available Auto Recovery Successful Alert;
2025-09-22;17:48:47;EV  ;Warning;EUtranCellFDD=RL1FE2;Cell Service Available Auto Recovery Successful Alert;
2025-09-22;17:48:48;EV  ;Warning;EUtranCellFDD=RL1FT3;Cell Service Available Auto Recovery Successful Alert;
2025-09-22;17:48:52;EV  ;Warning;EUtranCellFDD=RL1FT2;Cell Service Available Auto Recovery Successful Alert;

Bye...
Output has been logged to file /mta_fs/UserFiles/37258710/amosbatch/2025-10-07_11-07-01_53697/RL1FT.log
