Logging to file /mta_fs/UserFiles/37258710/amosbatch/2025-10-07_11-07-01_53697/RL1FL.log
                        __  __  ____   _____
                  /\   |  \/  |/ __ \ / ____|
                 /  \  | \  / | |  | | (___  
                / /\ \ | |\/| | |  | |\___ \ 
               / ____ \| |  | | |__| |____) |
              /_/    \_\_|  |_|\____/|_____/
              OSS Framework for MoShell-25.0h 
  Copyright (c) Ericsson AB 2001-2025 - All Rights Reserved
              
           
[1;31mWARNING: [0mthe AMOS version currently running is more than 22 weeks old and is unsupported.
Please upgrade as soon as possible to the latest released version, available from your local Ericsson support.

$amosrb_pid = 1261884

Checking ip contact...OK

HELP MENU            : h
BASIC MO COMMANDS    : m
OTHER MO COMMANDS    : n
OTHER COMMANDS       : o
PM COMMANDS          : p
QUIT                 : q

RL1FL> lt all

251007-12:23:51+0200 19.31.15.242 25.0h  stopfile=/tmp/1261695
Looking up temporary_amos account... OK.
Trying temporary_amos_t20251007_37258710_53697_313's password from amos lookupAccount ... OK

$ssh_pid = 1262940

Connected to 19.31.15.242 (SubNetwork=BBMM_rckomc_R,MeContext=RL1FL,ManagedElement=RL1FL)

Checking MOM version...MSRBS_NODE_MODEL_25.Q1_198665.224.73_bf81
Parsing MOM (cached): /ericsson/log/amos/moshell_logfiles/t20251007_37258710_53697/logs_moshell/tempfiles/scp-2-amos_20251007-122345_1261629/MSRBS_NODE_MODEL_25.Q1_198665.224.73_bf81.xml.cache.gz ......................................................................................................................................................................................................................Done.
Using paramfile /opt/ericsson/amos/moshell/commonjars/pm/PARAM_MSRBSG2_25.Q1.txt
Parsing file /opt/ericsson/amos/moshell/commonjars/pm/PARAM_MSRBSG2_25.Q1.txt ......................................................................................Done.
Using imomdfile /opt/ericsson/amos/moshell/commonjars/pm/IMOMD_MSRBS_22.Q4.txt
Using imomfile /opt/ericsson/amos/moshell/commonjars/pm/IMOM_MSRBS_25.Q1.txt
Connected to 19.31.15.242 (SubNetwork=BBMM_rckomc_R,MeContext=RL1FL,ManagedElement=RL1FL)

Last MO: 16737. Loaded 16737 MOs. Total: 16738 MOs.

RL1FL> hget EUtranCellFDD ^cellid

251007-12:24:10+0200 19.31.15.242 25.0h MSRBS_NODE_MODEL_25.Q1_198665.224.73_bf81 stopfile=/tmp/1261695

=================================================================================================================
MO                   cellId
=================================================================================================================
EUtranCellFDD=RL1FL1 21    
EUtranCellFDD=RL1FL2 22    
EUtranCellFDD=RL1FL3 23    
=================================================================================================================
Total: 3 MOs

Added 3 MOs to group: hget_group

RL1FL> hget NbIotCell ^cellid

251007-12:24:11+0200 19.31.15.242 25.0h MSRBS_NODE_MODEL_25.Q1_198665.224.73_bf81 stopfile=/tmp/1261695
Total: 0 MOs

RL1FL> hget NRCellDU ^cellLocalId

251007-12:24:11+0200 19.31.15.242 25.0h MSRBS_NODE_MODEL_25.Q1_198665.224.73_bf81 stopfile=/tmp/1261695
Total: 0 MOs

RL1FL> lgdc -m 30d

251007-12:24:11+0200 19.31.15.242 25.0h MSRBS_NODE_MODEL_25.Q1_198665.224.73_bf81 stopfile=/tmp/1261695

Startdate=20250907.102411, Enddate=20251008.102411
INFO: Using amos lookupAccount credentials for the export login

Executing action LogM.exportAvailabilityLog()
...LogM=1,exportAvailabilityLog    actionId=3156
......
=================================================================================================================
MO     actionId result      resultInfo
=================================================================================================================
LogM=1 3156     1 (SUCCESS)           
cp /ericsson/log/amos/moshell_logfiles/t20251007_37258710_53697/logs_moshell/tempfiles/scp-2-amos_20251007-122345_1261629/rcslogs/RBS_CS_AVAILABILITY_LOG_20251007102416.xml /ericsson/log/amos/moshell_logfiles/t20251007_37258710_53697/logs_moshell/tempfiles/scp-2-amos_20251007-122345_1261629/availabilityLog1261695.xml
Parsing availabilityLog........Done.
.....
Date;Time;RestartType;SwVersion;SwRelease;RCSDowntime;ApplicationDowntime;TNDowntime;RATsDowntime;ExtraInfo;ExtraInfo2
2025-09-08;04:37:01;PartialOutage(Manual);33% Lrat Cell 23; ();8s;;;;;
2025-09-08;04:37:13;PartialOutage(Manual);33% Lrat Cell 22; ();8s;;;;;
2025-09-08;04:37:27;PartialOutage(Manual);33% Lrat Cell 21; ();9s;;;;;
2025-09-12;06:36:00;PartialOutage(System);100% Lrat Cell 21 22 23; ();6s;;;;;
2025-09-12;06:36:06;PartialOutage(System);100% Lrat Cell 22; ();1s;;;;;
2025-09-12;06:36:20;PartialOutage(System);67% Lrat Cell 21 22; ();1s;;;;;
2025-09-12;06:36:21;PartialOutage(System);100% Lrat Cell 21 22 23; ();5s;;;;;
2025-09-12;06:36:26;PartialOutage(System);100% Lrat Cell 21 22; ();1s;;;;;
2025-09-13;10:26:50;PartialOutage(System);100% Lrat Cell 21 22 23; ();6s;;;;;
2025-09-13;10:26:56;PartialOutage(System);100% Lrat Cell 22; ();1s;;;;;
2025-09-13;10:27:25;PartialOutage(System);33% Lrat Cell 21; ();1s;;;;;
2025-09-13;10:27:26;PartialOutage(System);100% Lrat Cell 21 22 23; ();11s;;;;;
2025-09-13;10:27:40;PartialOutage(System);33% Lrat Cell 21; ();1s;;;;;
2025-09-13;10:27:41;PartialOutage(System);100% Lrat Cell 21 22 23; ();5s;;;;;
2025-09-13;10:27:50;PartialOutage(System);100% Lrat Cell 21 22 23; ();11s;;;;;
2025-09-13;10:28:06;PartialOutage(System);100% Lrat Cell 21 22 23; ();238s (3m58s);;;;;
2025-09-13;10:32:11;PartialOutage(System);100% Lrat Cell 21 22 23; ();3s;;;;;
2025-09-13;10:32:14;PartialOutage(System);67% Lrat Cell 21 22; ();1s;;;;;
2025-09-13;10:32:22;PartialOutage(System);100% Lrat Cell 21 22 23; ();6s;;;;;
2025-09-13;10:32:28;PartialOutage(System);100% Lrat Cell 21 22; ();1s;;;;;
2025-09-13;10:32:39;PartialOutage(System);100% Lrat Cell 21 22 23; ();6s;;;;;
2025-09-13;10:34:38;PartialOutage(System);100% Lrat Cell 21 22 23; ();7s;;;;;
2025-09-13;10:59:50;PartialOutage(System);100% Lrat Cell 21 22 23; ();9s;;;;;
2025-09-13;10:59:59;PartialOutage(System);100% Lrat Cell 22; ();1s;;;;;
2025-09-13;11:04:50;PartialOutage(System);67% Lrat Cell 21 22; ();1s;;;;;
2025-09-13;11:04:51;PartialOutage(System);100% Lrat Cell 21 22 23; ();6s;;;;;
2025-09-13;11:05:03;PartialOutage(System);100% Lrat Cell 21 22 23; ();6s;;;;;
2025-09-13;11:05:09;PartialOutage(System);100% Lrat Cell 22; ();1s;;;;;
2025-09-13;11:11:20;PartialOutage(System);100% Lrat Cell 21 22 23; ();6s;;;;;
2025-09-18;12:19:55;PartialOutage(System);100% Lrat Cell 21 22 23; ();6s;;;;;
2025-09-18;12:20:01;PartialOutage(System);100% Lrat Cell 22; ();1s;;;;;
2025-09-18;12:20:30;PartialOutage(System);100% Lrat Cell 21 22 23; ();6s;;;;;
2025-09-18;12:20:36;PartialOutage(System);100% Lrat Cell 22; ();1s;;;;;
2025-09-18;12:20:41;PartialOutage(System);100% Lrat Cell 21 22 23; ();9s;;;;;
2025-09-18;12:20:50;PartialOutage(System);100% Lrat Cell 22; ();1s;;;;;
2025-09-18;12:21:00;PartialOutage(System);100% Lrat Cell 21 22 23; ();6s;;;;;
2025-09-18;12:21:06;PartialOutage(System);100% Lrat Cell 22; ();1s;;;;;
2025-09-18;12:21:11;PartialOutage(System);100% Lrat Cell 21 22 23; ();6s;;;;;
2025-09-18;12:21:19;PartialOutage(System);100% Lrat Cell 21 22 23; ();17s;;;;;
2025-09-18;12:21:36;PartialOutage(System);100% Lrat Cell 21 22; ();1s;;;;;
2025-09-18;12:21:53;PartialOutage(System);100% Lrat Cell 21 22 23; ();6s;;;;;
2025-09-18;12:21:59;PartialOutage(System);100% Lrat Cell 21; ();1s;;;;;
2025-09-18;12:22:03;PartialOutage(System);100% Lrat Cell 21 22 23; ();4s;;;;;
2025-09-18;12:22:11;PartialOutage(System);100% Lrat Cell 21 22 23; ();3s;;;;;
2025-09-18;12:22:14;PartialOutage(System);67% Lrat Cell 21 22; ();1s;;;;;
2025-09-18;12:22:18;PartialOutage(System);67% Lrat Cell 21 22; ();1s;;;;;
2025-09-18;12:22:19;PartialOutage(System);100% Lrat Cell 21 22 23; ();5s;;;;;
2025-09-18;12:22:24;PartialOutage(System);100% Lrat Cell 21 22; ();1s;;;;;
2025-09-18;12:22:29;PartialOutage(System);100% Lrat Cell 21 22 23; ();5s;;;;;
2025-09-18;12:22:34;PartialOutage(System);100% Lrat Cell 21 22; ();1s;;;;;
2025-09-18;12:22:39;PartialOutage(System);100% Lrat Cell 21 22 23; ();6s;;;;;
2025-09-18;12:22:45;PartialOutage(System);100% Lrat Cell 22; ();1s;;;;;
2025-09-18;12:22:49;PartialOutage(System);100% Lrat Cell 21 22 23; ();8s;;;;;
2025-09-18;12:22:57;PartialOutage(System);100% Lrat Cell 21 22; ();1s;;;;;
2025-09-18;12:23:03;PartialOutage(System);100% Lrat Cell 21 22 23; ();201s (3m21s);;;;;
2025-09-18;12:26:24;PartialOutage(System);100% Lrat Cell 21 22; ();1s;;;;;
2025-09-18;12:26:33;PartialOutage(System);100% Lrat Cell 21 22 23; ();9s;;;;;
2025-09-18;12:26:47;PartialOutage(System);100% Lrat Cell 21 22 23; ();24s;;;;;
2025-09-18;12:27:11;PartialOutage(System);100% Lrat Cell 21 22; ();1s;;;;;
2025-09-18;12:27:15;PartialOutage(System);100% Lrat Cell 21 22 23; ();4s;;;;;
2025-09-18;12:27:23;PartialOutage(System);100% Lrat Cell 21 22 23; ();3s;;;;;
2025-09-18;12:27:26;PartialOutage(System);67% Lrat Cell 21 22; ();1s;;;;;
2025-09-18;12:27:31;PartialOutage(System);100% Lrat Cell 21 22 23; ();3s;;;;;
2025-09-18;12:27:34;PartialOutage(System);33% Lrat Cell 22; ();1s;;;;;
2025-09-18;12:27:38;PartialOutage(System);100% Lrat Cell 21 22 23; ();11s;;;;;
2025-09-18;12:27:49;PartialOutage(System);100% Lrat Cell 22; ();1s;;;;;
2025-09-18;12:27:53;PartialOutage(System);100% Lrat Cell 21 22 23; ();9s;;;;;
2025-09-18;12:28:07;PartialOutage(System);67% Lrat Cell 21 23; ();1s;;;;;
2025-09-18;12:28:08;PartialOutage(System);100% Lrat Cell 21 22 23; ();226s (3m46s);;;;;
2025-09-18;12:31:54;PartialOutage(System);100% Lrat Cell 21 22; ();1s;;;;;
2025-09-18;12:32:01;PartialOutage(System);100% Lrat Cell 21 22 23; ();4s;;;;;
2025-09-18;12:32:12;PartialOutage(System);100% Lrat Cell 21 22 23; ();4s;;;;;
2025-09-18;12:32:25;PartialOutage(System);100% Lrat Cell 21 22 23; ();6s;;;;;
2025-09-18;12:32:43;PartialOutage(System);100% Lrat Cell 21 22 23; ();6s;;;;;
2025-09-18;12:34:09;PartialOutage(System);100% Lrat Cell 21 22 23; ();7s;;;;;
2025-09-18;12:35:29;PartialOutage(System);100% Lrat Cell 21 22 23; ();4s;;;;;
2025-09-18;12:35:33;PartialOutage(System);67% Lrat Cell 21 22; ();1s;;;;;
2025-09-18;12:47:19;ManualCold(31);CXP9024418/16_R8D21;CXP9024418/16_R8D21 (RCG123.3-3);58s;93s (1m33s);69s (1m9s);L=93s G=98s ;Requested: RankCold OperatorInitiated Cold Performed: RankCold OperatorInitiated Cold;Lrat LRAT Traffic Control active, Grat GRAT Traffic Control active
2025-09-18;12:48:52;PartialOutage(Manual);33% Lrat Cell 22;CXP9024418/16_R8D21 (RCG123.3-3);6s;;;;;
2025-09-18;13:09:09;PartialOutage(System);100% Lrat Cell 21 22 23;CXP9024418/16_R8D21 (RCG123.3-3);11s;;;;;
2025-09-18;13:09:20;PartialOutage(System);100% Lrat Cell 22;CXP9024418/16_R8D21 (RCG123.3-3);1s;;;;;
2025-09-22;17:48:45;PartialOutage(System);100% Lrat Cell 21 22 23;CXP9024418/16_R8D21 (RCG123.3-3);6s;;;;;
2025-09-26;00:09:08;PartialOutage(System);100% Lrat Cell 21 22 23;CXP9024418/16_R8D21 (RCG123.3-3);3s;;;;;
2025-09-26;00:09:11;PartialOutage(System);67% Lrat Cell 21 22;CXP9024418/16_R8D21 (RCG123.3-3);1s;;;;;
2025-09-26;00:09:16;PartialOutage(System);100% Lrat Cell 21 22 23;CXP9024418/16_R8D21 (RCG123.3-3);3s;;;;;
2025-09-26;00:09:19;PartialOutage(System);33% Lrat Cell 22;CXP9024418/16_R8D21 (RCG123.3-3);1s;;;;;
2025-09-26;00:09:26;PartialOutage(System);100% Lrat Cell 21 22 23;CXP9024418/16_R8D21 (RCG123.3-3);4s;;;;;
2025-09-26;00:09:34;PartialOutage(System);100% Lrat Cell 21 22 23;CXP9024418/16_R8D21 (RCG123.3-3);3s;;;;;
2025-09-26;00:09:37;PartialOutage(System);67% Lrat Cell 21 22;CXP9024418/16_R8D21 (RCG123.3-3);1s;;;;;
2025-09-26;00:09:42;PartialOutage(System);100% Lrat Cell 21 22 23;CXP9024418/16_R8D21 (RCG123.3-3);3s;;;;;
2025-09-26;00:09:45;PartialOutage(System);33% Lrat Cell 22;CXP9024418/16_R8D21 (RCG123.3-3);1s;;;;;
2025-09-26;00:09:49;PartialOutage(System);100% Lrat Cell 21 22 23;CXP9024418/16_R8D21 (RCG123.3-3);4s;;;;;
2025-09-26;00:09:56;PartialOutage(System);100% Lrat Cell 21 22 23;CXP9024418/16_R8D21 (RCG123.3-3);39s;;;;;
2025-09-26;00:10:40;PartialOutage(System);100% Lrat Cell 21 22 23;CXP9024418/16_R8D21 (RCG123.3-3);4s;;;;;
2025-09-26;00:10:49;PartialOutage(System);100% Lrat Cell 21 22 23;CXP9024418/16_R8D21 (RCG123.3-3);13s;;;;;
2025-09-26;00:11:02;PartialOutage(System);100% Lrat Cell 21 22;CXP9024418/16_R8D21 (RCG123.3-3);1s;;;;;
2025-09-26;00:11:09;PartialOutage(System);100% Lrat Cell 21 22 23;CXP9024418/16_R8D21 (RCG123.3-3);6s;;;;;
2025-09-26;00:11:15;PartialOutage(System);100% Lrat Cell 22;CXP9024418/16_R8D21 (RCG123.3-3);1s;;;;;

Node uptime since last restart: 1632931 seconds (18 days, 21 hours, 35 minutes, 31 seconds)
------------------------------------------------------------------------------------------------------
Period=30 days       NodeUpgrade      NodeManual       NodeSpontaneous  AllNodeRestarts  PartialOutages  
------------------------------------------------------------------------------------------------------
Number Of outages    0                1                0                1                97              
Total downtime       0s               93s (1m33s)      0s               93s (1m33s)      1107s (18m27s)  
Downtime per day     0s               3s               0s               3s               37s             
Downtime per outage  0s               93s (1m33s)      0s               93s (1m33s)      11s             

RL1FL> lgac -m 30d

251007-12:24:23+0200 19.31.15.242 25.0h MSRBS_NODE_MODEL_25.Q1_198665.224.73_bf81 stopfile=/tmp/1261695

Startdate=20250907.102424, Enddate=20251008.102424
Date;Time;Log;Severity;Object;Event;Cause;AdditionalText;AckState;Id;NotificationId;CorrelatedAlarms
Executing action Log.export()
..
Log=AlarmLog                    actionId=3157
..........
=================================================================================================================
MO                  actionId result      resultInfo
=================================================================================================================
LogM=1,Log=AlarmLog 3157     1 (SUCCESS)           
cat  /ericsson/log/amos/moshell_logfiles/t20251007_37258710_53697/logs_moshell/tempfiles/scp-2-amos_20251007-122345_1261629/rcslogs/saLogAlarm_20250412__185444_20250413__185531.log /ericsson/log/amos/moshell_logfiles/t20251007_37258710_53697/logs_moshell/tempfiles/scp-2-amos_20251007-122345_1261629/rcslogs/saLogAlarm_20250413__185531_20250414__231524.log /ericsson/log/amos/moshell_logfiles/t20251007_37258710_53697/logs_moshell/tempfiles/scp-2-amos_20251007-122345_1261629/rcslogs/saLogAlarm_20250414__231524.log > /ericsson/log/amos/moshell_logfiles/t20251007_37258710_53697/logs_moshell/tempfiles/scp-2-amos_20251007-122345_1261629/alarmLog1261695.xml
2025-09-08;23:03:18;AL  ;Minor ;EUtraNetwork=1,ExternalENodeBFunction=2221-650708;Inter Node Feature Incompatibility;Elastic RAN feature is not activated in remote eNodeB. SUPPRESSED
2025-09-13;10:28:01;AL  ;Minor ;ENodeBFunction=1;Sync Time and Phase Accuracy Too Low;Time and phase sync accuracy crossed the threshold for features interworking with NR.
2025-09-13;10:28:01;AL  ;Minor ;EUtranCellFDD=RL1FL3;Service Degraded;This is a secondary alarm, use alarm correlation information in Additional Information to find primary alarm.
2025-09-13;10:28:01;AL  ;Minor ;EUtranCellFDD=RL1FL1;Service Degraded;This is a secondary alarm, use alarm correlation information in Additional Information to find primary alarm.
2025-09-13;10:28:01;AL  ;Minor ;EUtranCellFDD=RL1FL2;Service Degraded;This is a secondary alarm, use alarm correlation information in Additional Information to find primary alarm.
2025-09-13;10:28:06;AL  ;Cleared;EUtranCellFDD=RL1FL1;Service Degraded;This is a secondary alarm, use alarm correlation information in Additional Information to find primary alarm.
2025-09-13;10:28:06;AL  ;Cleared;EUtranCellFDD=RL1FL2;Service Degraded;This is a secondary alarm, use alarm correlation information in Additional Information to find primary alarm.
2025-09-13;10:28:06;AL  ;Cleared;EUtranCellFDD=RL1FL3;Service Degraded;This is a secondary alarm, use alarm correlation information in Additional Information to find primary alarm.
2025-09-13;10:28:06;AL  ;Cleared;ENodeBFunction=1;Sync Time and Phase Accuracy Too Low;Time and phase sync accuracy crossed the threshold for features interworking with NR.
2025-09-13;10:34:25;AL  ;Minor ;ENodeBFunction=1;Sync Time and Phase Accuracy Too Low;Time and phase sync accuracy crossed the threshold for features interworking with NR.
2025-09-13;10:34:25;AL  ;Minor ;EUtranCellFDD=RL1FL1;Service Degraded;This is a secondary alarm, use alarm correlation information in Additional Information to find primary alarm.
2025-09-13;10:34:25;AL  ;Minor ;EUtranCellFDD=RL1FL2;Service Degraded;This is a secondary alarm, use alarm correlation information in Additional Information to find primary alarm.
2025-09-13;10:34:25;AL  ;Minor ;EUtranCellFDD=RL1FL3;Service Degraded;This is a secondary alarm, use alarm correlation information in Additional Information to find primary alarm.
2025-09-13;10:34:38;AL  ;Cleared;EUtranCellFDD=RL1FL1;Service Degraded;This is a secondary alarm, use alarm correlation information in Additional Information to find primary alarm.
2025-09-13;10:34:38;AL  ;Cleared;EUtranCellFDD=RL1FL2;Service Degraded;This is a secondary alarm, use alarm correlation information in Additional Information to find primary alarm.
2025-09-13;10:34:38;AL  ;Cleared;EUtranCellFDD=RL1FL3;Service Degraded;This is a secondary alarm, use alarm correlation information in Additional Information to find primary alarm.
2025-09-13;10:34:38;AL  ;Cleared;ENodeBFunction=1;Sync Time and Phase Accuracy Too Low;Time and phase sync accuracy crossed the threshold for features interworking with NR.
2025-09-13;10:36:06;AL  ;Minor ;ENodeBFunction=1;Sync Time and Phase Accuracy Too Low;Time and phase sync accuracy crossed the threshold for features interworking with NR.
2025-09-13;10:36:06;AL  ;Minor ;EUtranCellFDD=RL1FL1;Service Degraded;This is a secondary alarm, use alarm correlation information in Additional Information to find primary alarm.
2025-09-13;10:36:06;AL  ;Minor ;EUtranCellFDD=RL1FL2;Service Degraded;This is a secondary alarm, use alarm correlation information in Additional Information to find primary alarm.
2025-09-13;10:36:06;AL  ;Minor ;EUtranCellFDD=RL1FL3;Service Degraded;This is a secondary alarm, use alarm correlation information in Additional Information to find primary alarm.
2025-09-13;10:37:30;AL  ;Warning;Synchronization=1,RadioEquipmentClock=1,NodeGroupSyncMember=1;Node Group Sync Loss of All SoCC;The CPRI link is down
2025-09-13;10:42:43;AL  ;Minor ;RiLink=S211-1;Link Failure;Not in operation. Near end port:FieldReplaceableUnit=BB-1,RiPort=B (transportType=NOT_SET) (Mixed Mode with other ME).
2025-09-13;10:42:43;AL  ;Minor ;RiLink=S210-1;Link Failure;Not in operation. Near end port:FieldReplaceableUnit=BB-1,RiPort=A (transportType=NOT_SET) (Mixed Mode with other ME).
2025-09-13;10:42:43;AL  ;Minor ;RiLink=S212-1;Link Failure;Not in operation. Near end port:FieldReplaceableUnit=BB-1,RiPort=C (transportType=NOT_SET) (Mixed Mode with other ME).
2025-09-13;10:59:48;AL  ;Warning;Synchronization=1,RadioEquipmentClock=1,NodeGroupSyncMember=1;Node Group Sync Loss of All SoCC;Absence of NGSC_BCM
2025-09-13;10:59:50;AL  ;Cleared;EUtranCellFDD=RL1FL1;Service Degraded;This is a secondary alarm, use alarm correlation information in Additional Information to find primary alarm.
2025-09-13;10:59:50;AL  ;Cleared;EUtranCellFDD=RL1FL2;Service Degraded;This is a secondary alarm, use alarm correlation information in Additional Information to find primary alarm.
2025-09-13;10:59:50;AL  ;Cleared;EUtranCellFDD=RL1FL3;Service Degraded;This is a secondary alarm, use alarm correlation information in Additional Information to find primary alarm.
2025-09-13;10:59:50;AL  ;Cleared;ENodeBFunction=1;Sync Time and Phase Accuracy Too Low;Time and phase sync accuracy crossed the threshold for features interworking with NR.
2025-09-13;11:00:14;AL  ;Cleared;Synchronization=1,RadioEquipmentClock=1,NodeGroupSyncMember=1;Node Group Sync Loss of All SoCC;Absence of NGSC_BCM
2025-09-13;11:00:26;AL  ;Cleared;RiLink=S212-1;Link Failure;Not in operation. Near end port:FieldReplaceableUnit=BB-1,RiPort=C (transportType=NOT_SET) (Mixed Mode with other ME).
2025-09-13;11:00:26;AL  ;Cleared;RiLink=S210-1;Link Failure;Not in operation. Near end port:FieldReplaceableUnit=BB-1,RiPort=A (transportType=NOT_SET) (Mixed Mode with other ME).
2025-09-13;11:00:26;AL  ;Cleared;RiLink=S211-1;Link Failure;Not in operation. Near end port:FieldReplaceableUnit=BB-1,RiPort=B (transportType=NOT_SET) (Mixed Mode with other ME).
2025-09-13;11:04:59;AL  ;Minor ;ENodeBFunction=1;Sync Time and Phase Accuracy Too Low;Time and phase sync accuracy crossed the threshold for features interworking with NR.
2025-09-13;11:04:59;AL  ;Minor ;EUtranCellFDD=RL1FL1;Service Degraded;This is a secondary alarm, use alarm correlation information in Additional Information to find primary alarm.
2025-09-13;11:04:59;AL  ;Minor ;EUtranCellFDD=RL1FL2;Service Degraded;This is a secondary alarm, use alarm correlation information in Additional Information to find primary alarm.
2025-09-13;11:04:59;AL  ;Minor ;EUtranCellFDD=RL1FL3;Service Degraded;This is a secondary alarm, use alarm correlation information in Additional Information to find primary alarm.
2025-09-13;11:05:03;AL  ;Cleared;EUtranCellFDD=RL1FL1;Service Degraded;This is a secondary alarm, use alarm correlation information in Additional Information to find primary alarm.
2025-09-13;11:05:03;AL  ;Cleared;EUtranCellFDD=RL1FL2;Service Degraded;This is a secondary alarm, use alarm correlation information in Additional Information to find primary alarm.
2025-09-13;11:05:03;AL  ;Cleared;EUtranCellFDD=RL1FL3;Service Degraded;This is a secondary alarm, use alarm correlation information in Additional Information to find primary alarm.
2025-09-13;11:05:03;AL  ;Cleared;ENodeBFunction=1;Sync Time and Phase Accuracy Too Low;Time and phase sync accuracy crossed the threshold for features interworking with NR.
2025-09-13;11:11:08;AL  ;Minor ;ENodeBFunction=1;Sync Time and Phase Accuracy Too Low;Time and phase sync accuracy crossed the threshold for features interworking with NR.
2025-09-13;11:11:08;AL  ;Minor ;EUtranCellFDD=RL1FL1;Service Degraded;This is a secondary alarm, use alarm correlation information in Additional Information to find primary alarm.
2025-09-13;11:11:08;AL  ;Minor ;EUtranCellFDD=RL1FL2;Service Degraded;This is a secondary alarm, use alarm correlation information in Additional Information to find primary alarm.
2025-09-13;11:11:08;AL  ;Minor ;EUtranCellFDD=RL1FL3;Service Degraded;This is a secondary alarm, use alarm correlation information in Additional Information to find primary alarm.
2025-09-13;11:11:20;AL  ;Cleared;EUtranCellFDD=RL1FL1;Service Degraded;This is a secondary alarm, use alarm correlation information in Additional Information to find primary alarm.
2025-09-13;11:11:20;AL  ;Cleared;EUtranCellFDD=RL1FL2;Service Degraded;This is a secondary alarm, use alarm correlation information in Additional Information to find primary alarm.
2025-09-13;11:11:20;AL  ;Cleared;EUtranCellFDD=RL1FL3;Service Degraded;This is a secondary alarm, use alarm correlation information in Additional Information to find primary alarm.
2025-09-13;11:11:20;AL  ;Cleared;ENodeBFunction=1;Sync Time and Phase Accuracy Too Low;Time and phase sync accuracy crossed the threshold for features interworking with NR.
2025-09-16;09:58:54;AL  ;Warning;ENodeBFunction=1;PLMN Service Redundancy Lost;S1 connection failure for PLMN connected with link represented by MO listed in Additional Information. AI: PLMN = ["2221"],DN1=ManagedElement=1,ENodeBFunction=1,TermPointToMme=5,
2025-09-16;09:59:24;AL  ;Cleared;ENodeBFunction=1;PLMN Service Redundancy Lost;S1 connection failure for PLMN connected with link represented by MO listed in Additional Information. AI: PLMN = ["2221"],DN1=ManagedElement=1,ENodeBFunction=1,TermPointToMme=5,
2025-09-18;12:21:49;AL  ;Minor ;ENodeBFunction=1;Sync Time and Phase Accuracy Too Low;Time and phase sync accuracy crossed the threshold for features interworking with NR.
2025-09-18;12:21:49;AL  ;Minor ;EUtranCellFDD=RL1FL1;Service Degraded;This is a secondary alarm, use alarm correlation information in Additional Information to find primary alarm.
2025-09-18;12:21:49;AL  ;Minor ;EUtranCellFDD=RL1FL2;Service Degraded;This is a secondary alarm, use alarm correlation information in Additional Information to find primary alarm.
2025-09-18;12:21:49;AL  ;Minor ;EUtranCellFDD=RL1FL3;Service Degraded;This is a secondary alarm, use alarm correlation information in Additional Information to find primary alarm.
2025-09-18;12:21:53;AL  ;Cleared;EUtranCellFDD=RL1FL1;Service Degraded;This is a secondary alarm, use alarm correlation information in Additional Information to find primary alarm.
2025-09-18;12:21:53;AL  ;Cleared;EUtranCellFDD=RL1FL2;Service Degraded;This is a secondary alarm, use alarm correlation information in Additional Information to find primary alarm.
2025-09-18;12:21:53;AL  ;Cleared;EUtranCellFDD=RL1FL3;Service Degraded;This is a secondary alarm, use alarm correlation information in Additional Information to find primary alarm.
2025-09-18;12:21:53;AL  ;Cleared;ENodeBFunction=1;Sync Time and Phase Accuracy Too Low;Time and phase sync accuracy crossed the threshold for features interworking with NR.
2025-09-18;12:22:58;AL  ;Minor ;ENodeBFunction=1;Sync Time and Phase Accuracy Too Low;Time and phase sync accuracy crossed the threshold for features interworking with NR.
2025-09-18;12:22:58;AL  ;Minor ;EUtranCellFDD=RL1FL1;Service Degraded;This is a secondary alarm, use alarm correlation information in Additional Information to find primary alarm.
2025-09-18;12:22:58;AL  ;Minor ;EUtranCellFDD=RL1FL3;Service Degraded;This is a secondary alarm, use alarm correlation information in Additional Information to find primary alarm.
2025-09-18;12:22:58;AL  ;Minor ;EUtranCellFDD=RL1FL2;Service Degraded;This is a secondary alarm, use alarm correlation information in Additional Information to find primary alarm.
2025-09-18;12:23:03;AL  ;Cleared;EUtranCellFDD=RL1FL1;Service Degraded;This is a secondary alarm, use alarm correlation information in Additional Information to find primary alarm.
2025-09-18;12:23:03;AL  ;Cleared;EUtranCellFDD=RL1FL2;Service Degraded;This is a secondary alarm, use alarm correlation information in Additional Information to find primary alarm.
2025-09-18;12:23:03;AL  ;Cleared;EUtranCellFDD=RL1FL3;Service Degraded;This is a secondary alarm, use alarm correlation information in Additional Information to find primary alarm.
2025-09-18;12:23:03;AL  ;Cleared;ENodeBFunction=1;Sync Time and Phase Accuracy Too Low;Time and phase sync accuracy crossed the threshold for features interworking with NR.
2025-09-18;12:26:42;AL  ;Minor ;ENodeBFunction=1;Sync Time and Phase Accuracy Too Low;Time and phase sync accuracy crossed the threshold for features interworking with NR.
2025-09-18;12:26:42;AL  ;Minor ;EUtranCellFDD=RL1FL3;Service Degraded;This is a secondary alarm, use alarm correlation information in Additional Information to find primary alarm.
2025-09-18;12:26:42;AL  ;Minor ;EUtranCellFDD=RL1FL1;Service Degraded;This is a secondary alarm, use alarm correlation information in Additional Information to find primary alarm.
2025-09-18;12:26:42;AL  ;Minor ;EUtranCellFDD=RL1FL2;Service Degraded;This is a secondary alarm, use alarm correlation information in Additional Information to find primary alarm.
2025-09-18;12:26:47;AL  ;Cleared;EUtranCellFDD=RL1FL1;Service Degraded;This is a secondary alarm, use alarm correlation information in Additional Information to find primary alarm.
2025-09-18;12:26:47;AL  ;Cleared;EUtranCellFDD=RL1FL2;Service Degraded;This is a secondary alarm, use alarm correlation information in Additional Information to find primary alarm.
2025-09-18;12:26:47;AL  ;Cleared;EUtranCellFDD=RL1FL3;Service Degraded;This is a secondary alarm, use alarm correlation information in Additional Information to find primary alarm.
2025-09-18;12:26:47;AL  ;Cleared;ENodeBFunction=1;Sync Time and Phase Accuracy Too Low;Time and phase sync accuracy crossed the threshold for features interworking with NR.
2025-09-18;12:28:02;AL  ;Minor ;ENodeBFunction=1;Sync Time and Phase Accuracy Too Low;Time and phase sync accuracy crossed the threshold for features interworking with NR.
2025-09-18;12:28:02;AL  ;Minor ;EUtranCellFDD=RL1FL3;Service Degraded;This is a secondary alarm, use alarm correlation information in Additional Information to find primary alarm.
2025-09-18;12:28:02;AL  ;Minor ;EUtranCellFDD=RL1FL1;Service Degraded;This is a secondary alarm, use alarm correlation information in Additional Information to find primary alarm.
2025-09-18;12:28:02;AL  ;Minor ;EUtranCellFDD=RL1FL2;Service Degraded;This is a secondary alarm, use alarm correlation information in Additional Information to find primary alarm.
2025-09-18;12:28:07;AL  ;Cleared;EUtranCellFDD=RL1FL3;Service Degraded;This is a secondary alarm, use alarm correlation information in Additional Information to find primary alarm.
2025-09-18;12:28:07;AL  ;Cleared;EUtranCellFDD=RL1FL1;Service Degraded;This is a secondary alarm, use alarm correlation information in Additional Information to find primary alarm.
2025-09-18;12:28:08;AL  ;Cleared;EUtranCellFDD=RL1FL2;Service Degraded;This is a secondary alarm, use alarm correlation information in Additional Information to find primary alarm.
2025-09-18;12:28:08;AL  ;Cleared;ENodeBFunction=1;Sync Time and Phase Accuracy Too Low;Time and phase sync accuracy crossed the threshold for features interworking with NR.
2025-09-18;12:28:56;AL  ;Minor ;RiLink=S210-1;Link Failure;Not in operation. Near end port:FieldReplaceableUnit=BB-1,RiPort=A (transportType=NOT_SET) (Mixed Mode with other ME).
2025-09-18;12:29:06;AL  ;Minor ;RiLink=S212-1;Link Failure;Not in operation. Near end port:FieldReplaceableUnit=BB-1,RiPort=C (transportType=NOT_SET) (Mixed Mode with other ME).
2025-09-18;12:32:32;AL  ;Cleared;RiLink=S212-1;Link Failure;Not in operation. Near end port:FieldReplaceableUnit=BB-1,RiPort=C (transportType=NOT_SET) (Mixed Mode with other ME).
2025-09-18;12:32:42;AL  ;Cleared;RiLink=S210-1;Link Failure;Not in operation. Near end port:FieldReplaceableUnit=BB-1,RiPort=A (transportType=NOT_SET) (Mixed Mode with other ME).
2025-09-18;12:33:57;AL  ;Minor ;ENodeBFunction=1;Sync Time and Phase Accuracy Too Low;Time and phase sync accuracy crossed the threshold for features interworking with NR.
2025-09-18;12:33:57;AL  ;Minor ;EUtranCellFDD=RL1FL1;Service Degraded;This is a secondary alarm, use alarm correlation information in Additional Information to find primary alarm.
2025-09-18;12:33:57;AL  ;Minor ;EUtranCellFDD=RL1FL2;Service Degraded;This is a secondary alarm, use alarm correlation information in Additional Information to find primary alarm.
2025-09-18;12:33:57;AL  ;Minor ;EUtranCellFDD=RL1FL3;Service Degraded;This is a secondary alarm, use alarm correlation information in Additional Information to find primary alarm.
2025-09-18;12:34:09;AL  ;Cleared;EUtranCellFDD=RL1FL1;Service Degraded;This is a secondary alarm, use alarm correlation information in Additional Information to find primary alarm.
2025-09-18;12:34:09;AL  ;Cleared;EUtranCellFDD=RL1FL2;Service Degraded;This is a secondary alarm, use alarm correlation information in Additional Information to find primary alarm.
2025-09-18;12:34:09;AL  ;Cleared;EUtranCellFDD=RL1FL3;Service Degraded;This is a secondary alarm, use alarm correlation information in Additional Information to find primary alarm.
2025-09-18;12:34:09;AL  ;Cleared;ENodeBFunction=1;Sync Time and Phase Accuracy Too Low;Time and phase sync accuracy crossed the threshold for features interworking with NR.
2025-09-18;12:35:25;AL  ;Minor ;ENodeBFunction=1;Sync Time and Phase Accuracy Too Low;Time and phase sync accuracy crossed the threshold for features interworking with NR.
2025-09-18;12:35:25;AL  ;Minor ;EUtranCellFDD=RL1FL1;Service Degraded;This is a secondary alarm, use alarm correlation information in Additional Information to find primary alarm.
2025-09-18;12:35:25;AL  ;Minor ;EUtranCellFDD=RL1FL2;Service Degraded;This is a secondary alarm, use alarm correlation information in Additional Information to find primary alarm.
2025-09-18;12:35:25;AL  ;Minor ;EUtranCellFDD=RL1FL3;Service Degraded;This is a secondary alarm, use alarm correlation information in Additional Information to find primary alarm.
2025-09-18;12:35:29;AL  ;Cleared;EUtranCellFDD=RL1FL2;Service Degraded;This is a secondary alarm, use alarm correlation information in Additional Information to find primary alarm.
2025-09-18;12:35:29;AL  ;Cleared;EUtranCellFDD=RL1FL3;Service Degraded;This is a secondary alarm, use alarm correlation information in Additional Information to find primary alarm.
2025-09-18;12:35:29;AL  ;Cleared;EUtranCellFDD=RL1FL1;Service Degraded;This is a secondary alarm, use alarm correlation information in Additional Information to find primary alarm.
2025-09-18;12:35:29;AL  ;Cleared;ENodeBFunction=1;Sync Time and Phase Accuracy Too Low;Time and phase sync accuracy crossed the threshold for features interworking with NR.
2025-09-18;12:37:04;AL  ;Warning;Synchronization=1,RadioEquipmentClock=1,NodeGroupSyncMember=1;Node Group Sync Loss of All SoCC;The CPRI link is down
2025-09-18;12:41:38;AL  ;Minor ;ENodeBFunction=1;Sync Time and Phase Accuracy Too Low;Time and phase sync accuracy crossed the threshold for features interworking with NR.
2025-09-18;12:41:38;AL  ;Minor ;EUtranCellFDD=RL1FL1;Service Degraded;This is a secondary alarm, use alarm correlation information in Additional Information to find primary alarm.
2025-09-18;12:41:39;AL  ;Minor ;EUtranCellFDD=RL1FL2;Service Degraded;This is a secondary alarm, use alarm correlation information in Additional Information to find primary alarm.
2025-09-18;12:41:39;AL  ;Minor ;EUtranCellFDD=RL1FL3;Service Degraded;This is a secondary alarm, use alarm correlation information in Additional Information to find primary alarm.
2025-09-18;12:42:16;AL  ;Minor ;RiLink=S212-1;Link Failure;Not in operation. Near end port:FieldReplaceableUnit=BB-1,RiPort=C (transportType=NOT_SET) (Mixed Mode with other ME).
2025-09-18;12:42:16;AL  ;Minor ;RiLink=S211-1;Link Failure;Not in operation. Near end port:FieldReplaceableUnit=BB-1,RiPort=B (transportType=NOT_SET) (Mixed Mode with other ME).
2025-09-18;12:42:16;AL  ;Minor ;RiLink=S210-1;Link Failure;Not in operation. Near end port:FieldReplaceableUnit=BB-1,RiPort=A (transportType=NOT_SET) (Mixed Mode with other ME).
2025-09-18;12:46:59;AL  ;Cleared;RiLink=S210-1;Link Failure;Not in operation. Near end port:FieldReplaceableUnit=BB-1,RiPort=A (transportType=NOT_SET) (Mixed Mode with other ME).
2025-09-18;12:46:59;AL  ;Cleared;RiLink=S211-1;Link Failure;Not in operation. Near end port:FieldReplaceableUnit=BB-1,RiPort=B (transportType=NOT_SET) (Mixed Mode with other ME).
2025-09-18;12:46:59;AL  ;Cleared;RiLink=S212-1;Link Failure;Not in operation. Near end port:FieldReplaceableUnit=BB-1,RiPort=C (transportType=NOT_SET) (Mixed Mode with other ME).
2025-09-18;12:48:51;AL  ;Minor ;EUtraNetwork=1,ExternalENodeBFunction=2221-650231;Inter Node Feature Incompatibility;Elastic RAN feature is not activated in remote eNodeB. SUPPRESSED
2025-09-18;12:48:51;AL  ;Minor ;EUtraNetwork=1,ExternalENodeBFunction=2221-650620;Inter Node Feature Incompatibility;Elastic RAN feature is not activated in remote eNodeB. SUPPRESSED
2025-09-18;12:48:51;AL  ;Minor ;EUtraNetwork=1,ExternalENodeBFunction=2221-650179;Inter Node Feature Incompatibility;Elastic RAN feature is not activated in remote eNodeB. SUPPRESSED
2025-09-18;12:48:51;AL  ;Minor ;EUtraNetwork=1,ExternalENodeBFunction=2221-206982;Inter Node Feature Incompatibility;Elastic RAN feature is not activated in remote eNodeB. SUPPRESSED
2025-09-18;12:48:51;AL  ;Minor ;EUtraNetwork=1,ExternalENodeBFunction=2221-650708;Inter Node Feature Incompatibility;Elastic RAN feature is not activated in remote eNodeB. SUPPRESSED
2025-09-18;13:05:55;AL  ;Minor ;ENodeBFunction=1;Sync Time and Phase Accuracy Too Low;Time and phase sync accuracy crossed the threshold for features interworking with NR.
2025-09-18;13:05:55;AL  ;Minor ;EUtranCellFDD=RL1FL1;Service Degraded;This is a secondary alarm, use alarm correlation information in Additional Information to find primary alarm.
2025-09-18;13:05:55;AL  ;Minor ;EUtranCellFDD=RL1FL2;Service Degraded;This is a secondary alarm, use alarm correlation information in Additional Information to find primary alarm.
2025-09-18;13:05:55;AL  ;Minor ;EUtranCellFDD=RL1FL3;Service Degraded;This is a secondary alarm, use alarm correlation information in Additional Information to find primary alarm.
2025-09-18;13:09:08;AL  ;Minor ;ENodeBFunction=1;Sync Time and Phase Accuracy Too Low;Time and phase sync accuracy crossed the threshold for features interworking with NR.
2025-09-18;13:09:08;AL  ;Minor ;EUtranCellFDD=RL1FL1;Service Degraded;This is a secondary alarm, use alarm correlation information in Additional Information to find primary alarm.
2025-09-18;13:09:08;AL  ;Minor ;EUtranCellFDD=RL1FL2;Service Degraded;This is a secondary alarm, use alarm correlation information in Additional Information to find primary alarm.
2025-09-18;13:09:08;AL  ;Minor ;EUtranCellFDD=RL1FL3;Service Degraded;This is a secondary alarm, use alarm correlation information in Additional Information to find primary alarm.
2025-09-18;13:09:09;AL  ;Cleared;EUtranCellFDD=RL1FL1;Service Degraded;This is a secondary alarm, use alarm correlation information in Additional Information to find primary alarm.
2025-09-18;13:09:09;AL  ;Cleared;EUtranCellFDD=RL1FL2;Service Degraded;This is a secondary alarm, use alarm correlation information in Additional Information to find primary alarm.
2025-09-18;13:09:09;AL  ;Cleared;EUtranCellFDD=RL1FL3;Service Degraded;This is a secondary alarm, use alarm correlation information in Additional Information to find primary alarm.
2025-09-18;13:09:09;AL  ;Cleared;ENodeBFunction=1;Sync Time and Phase Accuracy Too Low;Time and phase sync accuracy crossed the threshold for features interworking with NR.
2025-09-22;17:48:33;AL  ;Minor ;ENodeBFunction=1;Sync Time and Phase Accuracy Too Low;Time and phase sync accuracy crossed the threshold for features interworking with NR.
2025-09-22;17:48:33;AL  ;Minor ;EUtranCellFDD=RL1FL1;Service Degraded;This is a secondary alarm, use alarm correlation information in Additional Information to find primary alarm.
2025-09-22;17:48:33;AL  ;Minor ;EUtranCellFDD=RL1FL2;Service Degraded;This is a secondary alarm, use alarm correlation information in Additional Information to find primary alarm.
2025-09-22;17:48:33;AL  ;Minor ;EUtranCellFDD=RL1FL3;Service Degraded;This is a secondary alarm, use alarm correlation information in Additional Information to find primary alarm.
2025-09-22;17:48:45;AL  ;Cleared;EUtranCellFDD=RL1FL1;Service Degraded;This is a secondary alarm, use alarm correlation information in Additional Information to find primary alarm.
2025-09-22;17:48:45;AL  ;Cleared;EUtranCellFDD=RL1FL2;Service Degraded;This is a secondary alarm, use alarm correlation information in Additional Information to find primary alarm.
2025-09-22;17:48:45;AL  ;Cleared;EUtranCellFDD=RL1FL3;Service Degraded;This is a secondary alarm, use alarm correlation information in Additional Information to find primary alarm.
2025-09-22;17:48:45;AL  ;Cleared;ENodeBFunction=1;Sync Time and Phase Accuracy Too Low;Time and phase sync accuracy crossed the threshold for features interworking with NR.
2025-09-26;00:10:35;AL  ;Minor ;ENodeBFunction=1;Sync Time and Phase Accuracy Too Low;Time and phase sync accuracy crossed the threshold for features interworking with NR.
2025-09-26;00:10:35;AL  ;Minor ;EUtranCellFDD=RL1FL1;Service Degraded;This is a secondary alarm, use alarm correlation information in Additional Information to find primary alarm.
2025-09-26;00:10:35;AL  ;Minor ;EUtranCellFDD=RL1FL3;Service Degraded;This is a secondary alarm, use alarm correlation information in Additional Information to find primary alarm.
2025-09-26;00:10:35;AL  ;Minor ;EUtranCellFDD=RL1FL2;Service Degraded;This is a secondary alarm, use alarm correlation information in Additional Information to find primary alarm.
2025-09-26;00:10:49;AL  ;Cleared;EUtranCellFDD=RL1FL1;Service Degraded;This is a secondary alarm, use alarm correlation information in Additional Information to find primary alarm.
2025-09-26;00:10:49;AL  ;Cleared;EUtranCellFDD=RL1FL2;Service Degraded;This is a secondary alarm, use alarm correlation information in Additional Information to find primary alarm.
2025-09-26;00:10:49;AL  ;Cleared;EUtranCellFDD=RL1FL3;Service Degraded;This is a secondary alarm, use alarm correlation information in Additional Information to find primary alarm.
2025-09-26;00:10:49;AL  ;Cleared;ENodeBFunction=1;Sync Time and Phase Accuracy Too Low;Time and phase sync accuracy crossed the threshold for features interworking with NR.
2025-09-26;09:32:05;AL  ;Cleared;EUtraNetwork=1,ExternalENodeBFunction=2221-650231;Inter Node Feature Incompatibility;Elastic RAN feature is not activated in remote eNodeB. SUPPRESSED
2025-09-26;23:33:59;AL  ;Minor ;EUtraNetwork=1,ExternalENodeBFunction=2221-650231;Inter Node Feature Incompatibility;Elastic RAN feature is not activated in remote eNodeB. SUPPRESSED
2025-09-28;09:24:02;AL  ;Cleared;EUtraNetwork=1,ExternalENodeBFunction=2221-650708;Inter Node Feature Incompatibility;Elastic RAN feature is not activated in remote eNodeB. SUPPRESSED
2025-09-28;21:52:05;AL  ;Minor ;EUtraNetwork=1,ExternalENodeBFunction=2221-650708;Inter Node Feature Incompatibility;Elastic RAN feature is not activated in remote eNodeB. SUPPRESSED
2025-09-29;14:30:51;AL  ;Warning;ENodeBFunction=1;PLMN Service Redundancy Lost;S1 connection failure for PLMN connected with link represented by MO listed in Additional Information. AI: PLMN = ["2221"],DN1=ManagedElement=1,ENodeBFunction=1,TermPointToMme=5,
2025-09-29;14:31:21;AL  ;Cleared;ENodeBFunction=1;PLMN Service Redundancy Lost;S1 connection failure for PLMN connected with link represented by MO listed in Additional Information. AI: PLMN = ["2221"],DN1=ManagedElement=1,ENodeBFunction=1,TermPointToMme=5,
2025-10-07;08:29:32;AL  ;Cleared;EUtraNetwork=1,ExternalENodeBFunction=2221-650708;Inter Node Feature Incompatibility;Elastic RAN feature is not activated in remote eNodeB. SUPPRESSED
2025-10-07;08:39:05;AL  ;Minor ;ENodeBFunction=1;External Link Failure;X2 link problem to one or several neighbouring eNodeBs. AI: PLMN ID-eNB ID 1 = 2221-650708


RL1FL> lgec -m 30d

251007-12:24:33+0200 19.31.15.242 25.0h MSRBS_NODE_MODEL_25.Q1_198665.224.73_bf81 stopfile=/tmp/1261695

Startdate=20250907.102433, Enddate=20251008.102433
Date;Time;Log;Severity;Object;Event;Cause;AdditionalText;AckState;Id;NotificationId;CorrelatedAlarms
Executing action Log.export()
..
Log=AlertLog                    actionId=3158
...
=================================================================================================================
MO                  actionId result      resultInfo
=================================================================================================================
LogM=1,Log=AlertLog 3158     1 (SUCCESS)           
cat  /ericsson/log/amos/moshell_logfiles/t20251007_37258710_53697/logs_moshell/tempfiles/scp-2-amos_20251007-122345_1261629/rcslogs/AlertLog_20220622__074050.log > /ericsson/log/amos/moshell_logfiles/t20251007_37258710_53697/logs_moshell/tempfiles/scp-2-amos_20251007-122345_1261629/eventLog1261695.xml
2025-09-12;06:36:03;EV  ;Warning;RiLink=S210-1;Radio Interface Connectivity Disturbance Alert;Near end port:FieldReplaceableUnit=BB-1,RiPort=A (transportType=NOT_SET) (Mixed Mode with other ME). SUPPRESSED
2025-09-12;06:36:03;EV  ;Warning;RiLink=S211-1;Radio Interface Connectivity Disturbance Alert;Near end port:FieldReplaceableUnit=BB-1,RiPort=B (transportType=NOT_SET) (Mixed Mode with other ME). SUPPRESSED
2025-09-12;06:36:03;EV  ;Warning;RiLink=S212-1;Radio Interface Connectivity Disturbance Alert;Near end port:FieldReplaceableUnit=BB-1,RiPort=C (transportType=NOT_SET) (Mixed Mode with other ME). SUPPRESSED
2025-09-12;06:36:03;EV  ;Warning;RiLink=S180-1;Radio Interface Connectivity Disturbance Alert;Near end port:FieldReplaceableUnit=BB-1,RiPort=D (transportType=NOT_SET). SUPPRESSED
2025-09-12;06:36:03;EV  ;Warning;RiLink=S182-1;Radio Interface Connectivity Disturbance Alert;Near end port:FieldReplaceableUnit=BB-1,RiPort=E (transportType=NOT_SET). SUPPRESSED
2025-09-13;10:26:53;EV  ;Warning;RiLink=S210-1;Radio Interface Connectivity Disturbance Alert;Near end port:FieldReplaceableUnit=BB-1,RiPort=A (transportType=NOT_SET) (Mixed Mode with other ME). SUPPRESSED
2025-09-13;10:26:53;EV  ;Warning;RiLink=S211-1;Radio Interface Connectivity Disturbance Alert;Near end port:FieldReplaceableUnit=BB-1,RiPort=B (transportType=NOT_SET) (Mixed Mode with other ME). SUPPRESSED
2025-09-13;10:26:53;EV  ;Warning;RiLink=S212-1;Radio Interface Connectivity Disturbance Alert;Near end port:FieldReplaceableUnit=BB-1,RiPort=C (transportType=NOT_SET) (Mixed Mode with other ME). SUPPRESSED
2025-09-13;10:26:53;EV  ;Warning;RiLink=S180-1;Radio Interface Connectivity Disturbance Alert;Near end port:FieldReplaceableUnit=BB-1,RiPort=D (transportType=NOT_SET). SUPPRESSED
2025-09-13;10:26:53;EV  ;Warning;RiLink=S182-1;Radio Interface Connectivity Disturbance Alert;Near end port:FieldReplaceableUnit=BB-1,RiPort=E (transportType=NOT_SET). SUPPRESSED
2025-09-13;10:27:34;EV  ;Warning;RiLink=S210-1;Radio Interface Connectivity Disturbance Alert;Near end port:FieldReplaceableUnit=BB-1,RiPort=A (transportType=NOT_SET) (Mixed Mode with other ME). SUPPRESSED
2025-09-13;10:27:34;EV  ;Warning;RiLink=S211-1;Radio Interface Connectivity Disturbance Alert;Near end port:FieldReplaceableUnit=BB-1,RiPort=B (transportType=NOT_SET) (Mixed Mode with other ME). SUPPRESSED
2025-09-13;10:27:34;EV  ;Warning;RiLink=S212-1;Radio Interface Connectivity Disturbance Alert;Near end port:FieldReplaceableUnit=BB-1,RiPort=C (transportType=NOT_SET) (Mixed Mode with other ME). SUPPRESSED
2025-09-13;10:27:34;EV  ;Warning;RiLink=S180-1;Radio Interface Connectivity Disturbance Alert;Near end port:FieldReplaceableUnit=BB-1,RiPort=D (transportType=NOT_SET). SUPPRESSED
2025-09-13;10:27:34;EV  ;Warning;RiLink=S182-1;Radio Interface Connectivity Disturbance Alert;Near end port:FieldReplaceableUnit=BB-1,RiPort=E (transportType=NOT_SET). SUPPRESSED
2025-09-13;10:27:54;EV  ;Warning;EUtranCellFDD=RL1FL3;Cell Service Unavailable Auto Recovery Initiated Alert;
2025-09-13;10:28:01;EV  ;Warning;EUtranCellFDD=RL1FL3;Cell Service Available Auto Recovery Successful Alert;
2025-09-13;10:28:10;EV  ;Warning;EUtranCellFDD=RL1FL1;Cell Service Unavailable Auto Recovery Initiated Alert;
2025-09-13;10:28:10;EV  ;Warning;EUtranCellFDD=RL1FL2;Cell Service Unavailable Auto Recovery Initiated Alert;
2025-09-13;10:28:10;EV  ;Warning;EUtranCellFDD=RL1FL3;Cell Service Unavailable Auto Recovery Initiated Alert;
2025-09-13;10:32:01;EV  ;Warning;RiLink=S180-1;Radio Interface Connectivity Disturbance Alert;Near end port:FieldReplaceableUnit=BB-1,RiPort=D (transportType=NOT_SET). SUPPRESSED
2025-09-13;10:32:01;EV  ;Warning;RiLink=S182-1;Radio Interface Connectivity Disturbance Alert;Near end port:FieldReplaceableUnit=BB-1,RiPort=E (transportType=NOT_SET). SUPPRESSED
2025-09-13;10:32:04;EV  ;Warning;EUtranCellFDD=RL1FL1;Cell Service Available Auto Recovery Successful Alert;
2025-09-13;10:32:04;EV  ;Warning;EUtranCellFDD=RL1FL2;Cell Service Available Auto Recovery Successful Alert;
2025-09-13;10:32:42;EV  ;Warning;RiLink=S211-1;Radio Interface Connectivity Disturbance Alert;Near end port:FieldReplaceableUnit=BB-1,RiPort=B (transportType=NOT_SET) (Mixed Mode with other ME). SUPPRESSED
2025-09-13;10:34:23;EV  ;Warning;RiLink=S211-1;Radio Interface Connectivity Disturbance Alert;Near end port:FieldReplaceableUnit=BB-1,RiPort=B (transportType=NOT_SET) (Mixed Mode with other ME). SUPPRESSED
2025-09-13;10:34:23;EV  ;Warning;RiLink=S210-1;Radio Interface Connectivity Disturbance Alert;Near end port:FieldReplaceableUnit=BB-1,RiPort=A (transportType=NOT_SET) (Mixed Mode with other ME). SUPPRESSED
2025-09-13;10:34:23;EV  ;Warning;RiLink=S212-1;Radio Interface Connectivity Disturbance Alert;Near end port:FieldReplaceableUnit=BB-1,RiPort=C (transportType=NOT_SET) (Mixed Mode with other ME). SUPPRESSED
2025-09-13;10:34:41;EV  ;Warning;RiLink=S180-1;Radio Interface Connectivity Disturbance Alert;Near end port:FieldReplaceableUnit=BB-1,RiPort=D (transportType=NOT_SET). SUPPRESSED
2025-09-13;10:34:41;EV  ;Warning;RiLink=S182-1;Radio Interface Connectivity Disturbance Alert;Near end port:FieldReplaceableUnit=BB-1,RiPort=E (transportType=NOT_SET). SUPPRESSED
2025-09-13;10:59:54;EV  ;Warning;EUtranCellFDD=RL1FL1;Cell Service Unavailable Auto Recovery Initiated Alert;
2025-09-13;10:59:54;EV  ;Warning;EUtranCellFDD=RL1FL2;Cell Service Unavailable Auto Recovery Initiated Alert;
2025-09-13;10:59:56;EV  ;Warning;RiLink=S180-1;Radio Interface Connectivity Disturbance Alert;Near end port:FieldReplaceableUnit=BB-1,RiPort=D (transportType=NOT_SET). SUPPRESSED
2025-09-13;10:59:56;EV  ;Warning;RiLink=S182-1;Radio Interface Connectivity Disturbance Alert;Near end port:FieldReplaceableUnit=BB-1,RiPort=E (transportType=NOT_SET). SUPPRESSED
2025-09-13;10:59:59;EV  ;Warning;EUtranCellFDD=RL1FL1;Cell Service Available Auto Recovery Successful Alert;
2025-09-13;11:00:00;EV  ;Warning;EUtranCellFDD=RL1FL2;Cell Service Available Auto Recovery Successful Alert;
2025-09-13;11:04:54;EV  ;Warning;RiLink=S212-1;Radio Interface Connectivity Disturbance Alert;Near end port:FieldReplaceableUnit=BB-1,RiPort=C (transportType=NOT_SET) (Mixed Mode with other ME). SUPPRESSED
2025-09-13;11:04:54;EV  ;Warning;RiLink=S180-1;Radio Interface Connectivity Disturbance Alert;Near end port:FieldReplaceableUnit=BB-1,RiPort=D (transportType=NOT_SET). SUPPRESSED
2025-09-13;11:04:54;EV  ;Warning;RiLink=S182-1;Radio Interface Connectivity Disturbance Alert;Near end port:FieldReplaceableUnit=BB-1,RiPort=E (transportType=NOT_SET). SUPPRESSED
2025-09-13;11:04:58;EV  ;Warning;RiLink=S211-1;Radio Interface Connectivity Disturbance Alert;Near end port:FieldReplaceableUnit=BB-1,RiPort=B (transportType=NOT_SET) (Mixed Mode with other ME). SUPPRESSED
2025-09-13;11:04:58;EV  ;Warning;RiLink=S210-1;Radio Interface Connectivity Disturbance Alert;Near end port:FieldReplaceableUnit=BB-1,RiPort=A (transportType=NOT_SET) (Mixed Mode with other ME). SUPPRESSED
2025-09-13;11:11:23;EV  ;Warning;RiLink=S210-1;Radio Interface Connectivity Disturbance Alert;Near end port:FieldReplaceableUnit=BB-1,RiPort=A (transportType=NOT_SET) (Mixed Mode with other ME). SUPPRESSED
2025-09-13;11:11:23;EV  ;Warning;RiLink=S211-1;Radio Interface Connectivity Disturbance Alert;Near end port:FieldReplaceableUnit=BB-1,RiPort=B (transportType=NOT_SET) (Mixed Mode with other ME). SUPPRESSED
2025-09-13;11:11:23;EV  ;Warning;RiLink=S212-1;Radio Interface Connectivity Disturbance Alert;Near end port:FieldReplaceableUnit=BB-1,RiPort=C (transportType=NOT_SET) (Mixed Mode with other ME). SUPPRESSED
2025-09-13;11:11:23;EV  ;Warning;RiLink=S180-1;Radio Interface Connectivity Disturbance Alert;Near end port:FieldReplaceableUnit=BB-1,RiPort=D (transportType=NOT_SET). SUPPRESSED
2025-09-13;11:11:23;EV  ;Warning;RiLink=S182-1;Radio Interface Connectivity Disturbance Alert;Near end port:FieldReplaceableUnit=BB-1,RiPort=E (transportType=NOT_SET). SUPPRESSED
2025-09-18;12:19:58;EV  ;Warning;RiLink=S210-1;Radio Interface Connectivity Disturbance Alert;Near end port:FieldReplaceableUnit=BB-1,RiPort=A (transportType=NOT_SET) (Mixed Mode with other ME). SUPPRESSED
2025-09-18;12:19:58;EV  ;Warning;RiLink=S211-1;Radio Interface Connectivity Disturbance Alert;Near end port:FieldReplaceableUnit=BB-1,RiPort=B (transportType=NOT_SET) (Mixed Mode with other ME). SUPPRESSED
2025-09-18;12:19:58;EV  ;Warning;RiLink=S212-1;Radio Interface Connectivity Disturbance Alert;Near end port:FieldReplaceableUnit=BB-1,RiPort=C (transportType=NOT_SET) (Mixed Mode with other ME). SUPPRESSED
2025-09-18;12:19:58;EV  ;Warning;RiLink=S180-1;Radio Interface Connectivity Disturbance Alert;Near end port:FieldReplaceableUnit=BB-1,RiPort=D (transportType=NOT_SET). SUPPRESSED
2025-09-18;12:19:58;EV  ;Warning;RiLink=S182-1;Radio Interface Connectivity Disturbance Alert;Near end port:FieldReplaceableUnit=BB-1,RiPort=E (transportType=NOT_SET). SUPPRESSED
2025-09-18;12:20:33;EV  ;Warning;RiLink=S210-1;Radio Interface Connectivity Disturbance Alert;Near end port:FieldReplaceableUnit=BB-1,RiPort=A (transportType=NOT_SET) (Mixed Mode with other ME). SUPPRESSED
2025-09-18;12:20:33;EV  ;Warning;RiLink=S211-1;Radio Interface Connectivity Disturbance Alert;Near end port:FieldReplaceableUnit=BB-1,RiPort=B (transportType=NOT_SET) (Mixed Mode with other ME). SUPPRESSED
2025-09-18;12:20:33;EV  ;Warning;RiLink=S180-1;Radio Interface Connectivity Disturbance Alert;Near end port:FieldReplaceableUnit=BB-1,RiPort=D (transportType=NOT_SET). SUPPRESSED
2025-09-18;12:20:33;EV  ;Warning;RiLink=S182-1;Radio Interface Connectivity Disturbance Alert;Near end port:FieldReplaceableUnit=BB-1,RiPort=E (transportType=NOT_SET). SUPPRESSED
2025-09-18;12:20:38;EV  ;Warning;RiLink=S212-1;Radio Interface Connectivity Disturbance Alert;Near end port:FieldReplaceableUnit=BB-1,RiPort=C (transportType=NOT_SET) (Mixed Mode with other ME). SUPPRESSED
2025-09-18;12:20:45;EV  ;Warning;EUtranCellFDD=RL1FL1;Cell Service Unavailable Auto Recovery Initiated Alert;
2025-09-18;12:20:45;EV  ;Warning;EUtranCellFDD=RL1FL2;Cell Service Unavailable Auto Recovery Initiated Alert;
2025-09-18;12:20:45;EV  ;Warning;EUtranCellFDD=RL1FL3;Cell Service Unavailable Auto Recovery Initiated Alert;
2025-09-18;12:20:50;EV  ;Warning;EUtranCellFDD=RL1FL1;Cell Service Available Auto Recovery Successful Alert;
2025-09-18;12:20:51;EV  ;Warning;EUtranCellFDD=RL1FL2;Cell Service Available Auto Recovery Successful Alert;
2025-09-18;12:21:23;EV  ;Warning;EUtranCellFDD=RL1FL1;Cell Service Unavailable Auto Recovery Initiated Alert;
2025-09-18;12:21:23;EV  ;Warning;EUtranCellFDD=RL1FL2;Cell Service Unavailable Auto Recovery Initiated Alert;
2025-09-18;12:21:23;EV  ;Warning;EUtranCellFDD=RL1FL3;Cell Service Unavailable Auto Recovery Initiated Alert;
2025-09-18;12:21:37;EV  ;Warning;EUtranCellFDD=RL1FL1;Cell Service Available Auto Recovery Successful Alert;
2025-09-18;12:21:37;EV  ;Warning;EUtranCellFDD=RL1FL2;Cell Service Available Auto Recovery Successful Alert;
2025-09-18;12:22:53;EV  ;Warning;EUtranCellFDD=RL1FL3;Cell Service Unavailable Auto Recovery Initiated Alert;
2025-09-18;12:22:57;EV  ;Warning;EUtranCellFDD=RL1FL3;Cell Service Available Auto Recovery Successful Alert;
2025-09-18;12:23:07;EV  ;Warning;EUtranCellFDD=RL1FL1;Cell Service Unavailable Auto Recovery Initiated Alert;
2025-09-18;12:23:07;EV  ;Warning;EUtranCellFDD=RL1FL2;Cell Service Unavailable Auto Recovery Initiated Alert;
2025-09-18;12:23:07;EV  ;Warning;EUtranCellFDD=RL1FL3;Cell Service Unavailable Auto Recovery Initiated Alert;
2025-09-18;12:26:22;EV  ;Warning;RiLink=S180-1;Radio Interface Connectivity Disturbance Alert;Near end port:FieldReplaceableUnit=BB-1,RiPort=D (transportType=NOT_SET). SUPPRESSED
2025-09-18;12:26:22;EV  ;Warning;RiLink=S182-1;Radio Interface Connectivity Disturbance Alert;Near end port:FieldReplaceableUnit=BB-1,RiPort=E (transportType=NOT_SET). SUPPRESSED
2025-09-18;12:26:25;EV  ;Warning;EUtranCellFDD=RL1FL1;Cell Service Available Auto Recovery Successful Alert;
2025-09-18;12:26:25;EV  ;Warning;EUtranCellFDD=RL1FL2;Cell Service Available Auto Recovery Successful Alert;
2025-09-18;12:26:37;EV  ;Warning;EUtranCellFDD=RL1FL1;Cell Service Unavailable Auto Recovery Initiated Alert;
2025-09-18;12:26:37;EV  ;Warning;EUtranCellFDD=RL1FL2;Cell Service Unavailable Auto Recovery Initiated Alert;
2025-09-18;12:26:37;EV  ;Warning;EUtranCellFDD=RL1FL3;Cell Service Unavailable Auto Recovery Initiated Alert;
2025-09-18;12:26:42;EV  ;Warning;EUtranCellFDD=RL1FL3;Cell Service Available Auto Recovery Successful Alert;
2025-09-18;12:26:42;EV  ;Warning;EUtranCellFDD=RL1FL1;Cell Service Available Auto Recovery Successful Alert;
2025-09-18;12:26:42;EV  ;Warning;EUtranCellFDD=RL1FL2;Cell Service Available Auto Recovery Successful Alert;
2025-09-18;12:26:51;EV  ;Warning;EUtranCellFDD=RL1FL1;Cell Service Unavailable Auto Recovery Initiated Alert;
2025-09-18;12:26:51;EV  ;Warning;EUtranCellFDD=RL1FL2;Cell Service Unavailable Auto Recovery Initiated Alert;
2025-09-18;12:26:51;EV  ;Warning;EUtranCellFDD=RL1FL3;Cell Service Unavailable Auto Recovery Initiated Alert;
2025-09-18;12:27:12;EV  ;Warning;EUtranCellFDD=RL1FL1;Cell Service Available Auto Recovery Successful Alert;
2025-09-18;12:27:12;EV  ;Warning;EUtranCellFDD=RL1FL2;Cell Service Available Auto Recovery Successful Alert;
2025-09-18;12:27:42;EV  ;Warning;EUtranCellFDD=RL1FL3;Cell Service Unavailable Auto Recovery Initiated Alert;
2025-09-18;12:27:49;EV  ;Warning;EUtranCellFDD=RL1FL3;Cell Service Available Auto Recovery Successful Alert;
2025-09-18;12:27:57;EV  ;Warning;EUtranCellFDD=RL1FL3;Cell Service Unavailable Auto Recovery Initiated Alert;
2025-09-18;12:27:58;EV  ;Warning;RiLink=S211-1;Radio Interface Connectivity Disturbance Alert;Near end port:FieldReplaceableUnit=BB-1,RiPort=B (transportType=NOT_SET) (Mixed Mode with other ME). SUPPRESSED
2025-09-18;12:28:02;EV  ;Warning;EUtranCellFDD=RL1FL3;Cell Service Available Auto Recovery Successful Alert;
2025-09-18;12:28:11;EV  ;Warning;EUtranCellFDD=RL1FL3;Cell Service Unavailable Auto Recovery Initiated Alert;
2025-09-18;12:28:11;EV  ;Warning;EUtranCellFDD=RL1FL1;Cell Service Unavailable Auto Recovery Initiated Alert;
2025-09-18;12:28:12;EV  ;Warning;EUtranCellFDD=RL1FL2;Cell Service Unavailable Auto Recovery Initiated Alert;
2025-09-18;12:31:52;EV  ;Warning;RiLink=S180-1;Radio Interface Connectivity Disturbance Alert;Near end port:FieldReplaceableUnit=BB-1,RiPort=D (transportType=NOT_SET). SUPPRESSED
2025-09-18;12:31:52;EV  ;Warning;RiLink=S182-1;Radio Interface Connectivity Disturbance Alert;Near end port:FieldReplaceableUnit=BB-1,RiPort=E (transportType=NOT_SET). SUPPRESSED
2025-09-18;12:31:55;EV  ;Warning;EUtranCellFDD=RL1FL1;Cell Service Available Auto Recovery Successful Alert;
2025-09-18;12:31:55;EV  ;Warning;EUtranCellFDD=RL1FL2;Cell Service Available Auto Recovery Successful Alert;
2025-09-18;12:32:46;EV  ;Warning;RiLink=S210-1;Radio Interface Connectivity Disturbance Alert;Near end port:FieldReplaceableUnit=BB-1,RiPort=A (transportType=NOT_SET) (Mixed Mode with other ME). SUPPRESSED
2025-09-18;12:32:46;EV  ;Warning;RiLink=S212-1;Radio Interface Connectivity Disturbance Alert;Near end port:FieldReplaceableUnit=BB-1,RiPort=C (transportType=NOT_SET) (Mixed Mode with other ME). SUPPRESSED
2025-09-18;12:32:46;EV  ;Warning;RiLink=S180-1;Radio Interface Connectivity Disturbance Alert;Near end port:FieldReplaceableUnit=BB-1,RiPort=D (transportType=NOT_SET). SUPPRESSED
2025-09-18;12:32:46;EV  ;Warning;RiLink=S182-1;Radio Interface Connectivity Disturbance Alert;Near end port:FieldReplaceableUnit=BB-1,RiPort=E (transportType=NOT_SET). SUPPRESSED
2025-09-18;12:33:56;EV  ;Warning;RiLink=S212-1;Radio Interface Connectivity Disturbance Alert;Near end port:FieldReplaceableUnit=BB-1,RiPort=C (transportType=NOT_SET) (Mixed Mode with other ME). SUPPRESSED
2025-09-18;12:33:56;EV  ;Warning;RiLink=S211-1;Radio Interface Connectivity Disturbance Alert;Near end port:FieldReplaceableUnit=BB-1,RiPort=B (transportType=NOT_SET) (Mixed Mode with other ME). SUPPRESSED
2025-09-18;12:33:56;EV  ;Warning;RiLink=S210-1;Radio Interface Connectivity Disturbance Alert;Near end port:FieldReplaceableUnit=BB-1,RiPort=A (transportType=NOT_SET) (Mixed Mode with other ME). SUPPRESSED
2025-09-18;12:34:12;EV  ;Warning;RiLink=S180-1;Radio Interface Connectivity Disturbance Alert;Near end port:FieldReplaceableUnit=BB-1,RiPort=D (transportType=NOT_SET). SUPPRESSED
2025-09-18;12:34:12;EV  ;Warning;RiLink=S182-1;Radio Interface Connectivity Disturbance Alert;Near end port:FieldReplaceableUnit=BB-1,RiPort=E (transportType=NOT_SET). SUPPRESSED
2025-09-18;12:35:29;EV  ;Warning;RiLink=S180-1;Radio Interface Connectivity Disturbance Alert;Near end port:FieldReplaceableUnit=BB-1,RiPort=D (transportType=NOT_SET). SUPPRESSED
2025-09-18;12:35:29;EV  ;Warning;RiLink=S182-1;Radio Interface Connectivity Disturbance Alert;Near end port:FieldReplaceableUnit=BB-1,RiPort=E (transportType=NOT_SET). SUPPRESSED
2025-09-18;12:49:28;EV  ;Warning;ManagedElement=RL1FL;System Restart Alert;Requested Restart Category: Operator Initiated, Requested Restart Type: Cold, Performed Restart Category: Operator Initiated, Performed Restart Type: Cold. AI: SystemRestart=[{"RRC":"Operator Initiated","RRT":"Cold","PRC":"Operator Initiated","PRT":"Cold"}]
2025-09-18;13:09:13;EV  ;Warning;EUtranCellFDD=RL1FL3;Cell Service Unavailable Auto Recovery Initiated Alert;
2025-09-18;13:09:17;EV  ;Warning;RiLink=S210-1;Radio Interface Connectivity Disturbance Alert;Near end port:FieldReplaceableUnit=BB-1,RiPort=A (transportType=NOT_SET) (Mixed Mode with other ME). SUPPRESSED
2025-09-18;13:09:17;EV  ;Warning;RiLink=S211-1;Radio Interface Connectivity Disturbance Alert;Near end port:FieldReplaceableUnit=BB-1,RiPort=B (transportType=NOT_SET) (Mixed Mode with other ME). SUPPRESSED
2025-09-18;13:09:17;EV  ;Warning;RiLink=S212-1;Radio Interface Connectivity Disturbance Alert;Near end port:FieldReplaceableUnit=BB-1,RiPort=C (transportType=NOT_SET) (Mixed Mode with other ME). SUPPRESSED
2025-09-18;13:09:17;EV  ;Warning;RiLink=S180-1;Radio Interface Connectivity Disturbance Alert;Near end port:FieldReplaceableUnit=BB-1,RiPort=D (transportType=NOT_SET). SUPPRESSED
2025-09-18;13:09:17;EV  ;Warning;RiLink=S182-1;Radio Interface Connectivity Disturbance Alert;Near end port:FieldReplaceableUnit=BB-1,RiPort=E (transportType=NOT_SET). SUPPRESSED
2025-09-18;13:09:20;EV  ;Warning;EUtranCellFDD=RL1FL3;Cell Service Available Auto Recovery Successful Alert;
2025-09-22;17:48:48;EV  ;Warning;RiLink=S210-1;Radio Interface Connectivity Disturbance Alert;Near end port:FieldReplaceableUnit=BB-1,RiPort=A (transportType=NOT_SET) (Mixed Mode with other ME). SUPPRESSED
2025-09-22;17:48:48;EV  ;Warning;RiLink=S211-1;Radio Interface Connectivity Disturbance Alert;Near end port:FieldReplaceableUnit=BB-1,RiPort=B (transportType=NOT_SET) (Mixed Mode with other ME). SUPPRESSED
2025-09-22;17:48:48;EV  ;Warning;RiLink=S212-1;Radio Interface Connectivity Disturbance Alert;Near end port:FieldReplaceableUnit=BB-1,RiPort=C (transportType=NOT_SET) (Mixed Mode with other ME). SUPPRESSED
2025-09-22;17:48:48;EV  ;Warning;RiLink=S180-1;Radio Interface Connectivity Disturbance Alert;Near end port:FieldReplaceableUnit=BB-1,RiPort=D (transportType=NOT_SET). SUPPRESSED
2025-09-22;17:48:48;EV  ;Warning;RiLink=S182-1;Radio Interface Connectivity Disturbance Alert;Near end port:FieldReplaceableUnit=BB-1,RiPort=E (transportType=NOT_SET). SUPPRESSED
2025-09-26;00:09:09;EV  ;Warning;RiLink=S210-1;Radio Interface Connectivity Disturbance Alert;Near end port:FieldReplaceableUnit=BB-1,RiPort=A (transportType=NOT_SET) (Mixed Mode with other ME). SUPPRESSED
2025-09-26;00:09:09;EV  ;Warning;RiLink=S211-1;Radio Interface Connectivity Disturbance Alert;Near end port:FieldReplaceableUnit=BB-1,RiPort=B (transportType=NOT_SET) (Mixed Mode with other ME). SUPPRESSED
2025-09-26;00:09:09;EV  ;Warning;RiLink=S212-1;Radio Interface Connectivity Disturbance Alert;Near end port:FieldReplaceableUnit=BB-1,RiPort=C (transportType=NOT_SET) (Mixed Mode with other ME). SUPPRESSED
2025-09-26;00:09:09;EV  ;Warning;RiLink=S180-1;Radio Interface Connectivity Disturbance Alert;Near end port:FieldReplaceableUnit=BB-1,RiPort=D (transportType=NOT_SET). SUPPRESSED
2025-09-26;00:09:09;EV  ;Warning;RiLink=S182-1;Radio Interface Connectivity Disturbance Alert;Near end port:FieldReplaceableUnit=BB-1,RiPort=E (transportType=NOT_SET). SUPPRESSED
2025-09-26;00:10:00;EV  ;Warning;EUtranCellFDD=RL1FL3;Cell Service Unavailable Auto Recovery Initiated Alert;
2025-09-26;00:10:00;EV  ;Warning;EUtranCellFDD=RL1FL1;Cell Service Unavailable Auto Recovery Initiated Alert;
2025-09-26;00:10:00;EV  ;Warning;EUtranCellFDD=RL1FL2;Cell Service Unavailable Auto Recovery Initiated Alert;
2025-09-26;00:10:32;EV  ;Warning;RiLink=S180-1;Radio Interface Connectivity Disturbance Alert;Near end port:FieldReplaceableUnit=BB-1,RiPort=D (transportType=NOT_SET). SUPPRESSED
2025-09-26;00:10:32;EV  ;Warning;RiLink=S182-1;Radio Interface Connectivity Disturbance Alert;Near end port:FieldReplaceableUnit=BB-1,RiPort=E (transportType=NOT_SET). SUPPRESSED
2025-09-26;00:10:35;EV  ;Warning;EUtranCellFDD=RL1FL1;Cell Service Available Auto Recovery Successful Alert;
2025-09-26;00:10:35;EV  ;Warning;EUtranCellFDD=RL1FL2;Cell Service Available Auto Recovery Successful Alert;
2025-09-26;00:10:53;EV  ;Warning;EUtranCellFDD=RL1FL1;Cell Service Unavailable Auto Recovery Initiated Alert;
2025-09-26;00:10:53;EV  ;Warning;EUtranCellFDD=RL1FL2;Cell Service Unavailable Auto Recovery Initiated Alert;
2025-09-26;00:10:53;EV  ;Warning;EUtranCellFDD=RL1FL3;Cell Service Unavailable Auto Recovery Initiated Alert;
2025-09-26;00:11:03;EV  ;Warning;EUtranCellFDD=RL1FL1;Cell Service Available Auto Recovery Successful Alert;
2025-09-26;00:11:03;EV  ;Warning;EUtranCellFDD=RL1FL2;Cell Service Available Auto Recovery Successful Alert;

Bye...
Output has been logged to file /mta_fs/UserFiles/37258710/amosbatch/2025-10-07_11-07-01_53697/RL1FL.log
