Logging to file /mta_fs/UserFiles/37258710/amosbatch/2025-10-07_11-07-01_53697/RL2BT.log
                        __  __  ____   _____
                  /\   |  \/  |/ __ \ / ____|
                 /  \  | \  / | |  | | (___  
                / /\ \ | |\/| | |  | |\___ \ 
               / ____ \| |  | | |__| |____) |
              /_/    \_\_|  |_|\____/|_____/
              OSS Framework for MoShell-25.0h 
  Copyright (c) Ericsson AB 2001-2025 - All Rights Reserved
              
           
[1;31mWARNING: [0mthe AMOS version currently running is more than 22 weeks old and is unsupported.
Please upgrade as soon as possible to the latest released version, available from your local Ericsson support.

$amosrb_pid = 843159

Checking ip contact...OK

HELP MENU            : h
BASIC MO COMMANDS    : m
OTHER MO COMMANDS    : n
OTHER COMMANDS       : o
PM COMMANDS          : p
QUIT                 : q

RL2BT> lt all

251007-11:32:02+0200 19.31.15.211 25.0h  stopfile=/tmp/842710
Looking up temporary_amos account... OK.
Trying temporary_amos_t20251007_37258710_53697_313's password from amos lookupAccount ... OK

$ssh_pid = 844139

Connected to 19.31.15.211 (SubNetwork=BBMM_rckomc_R,MeContext=RL2BT,ManagedElement=RL2BT)

Checking MOM version...MSRBS_NODE_MODEL_25.Q1_693.28324.131_62ac
Parsing MOM (cached): /ericsson/log/amos/moshell_logfiles/t20251007_37258710_53697/logs_moshell/tempfiles/scp-2-amos_20251007-113155_842645/MSRBS_NODE_MODEL_25.Q1_693.28324.131_62ac.xml.cache.gz ..................................................................................................................................................................................................................................Done.
Using paramfile /opt/ericsson/amos/moshell/commonjars/pm/PARAM_MSRBS_25.Q1.txt
Parsing file /opt/ericsson/amos/moshell/commonjars/pm/PARAM_MSRBS_25.Q1.txt .......................................................................................Done.
Using imomdfile /opt/ericsson/amos/moshell/commonjars/pm/IMOMD_MSRBS_22.Q4.txt
Using imomfile /opt/ericsson/amos/moshell/commonjars/pm/IMOM_MSRBS_25.Q1.txt
Connected to 19.31.15.211 (SubNetwork=BBMM_rckomc_R,MeContext=RL2BT,ManagedElement=RL2BT)

Last MO: 18489. Loaded 18489 MOs. Total: 18490 MOs.

RL2BT> hget EUtranCellFDD ^cellid

251007-11:32:16+0200 19.31.15.211 25.0h MSRBS_NODE_MODEL_25.Q1_693.28324.131_62ac stopfile=/tmp/842710
.
=================================================================================================================
MO                   cellId
=================================================================================================================
EUtranCellFDD=RL2BE1 61    
EUtranCellFDD=RL2BE2 62    
EUtranCellFDD=RL2BE3 63    
EUtranCellFDD=RL2BM1 31    
EUtranCellFDD=RL2BM2 32    
EUtranCellFDD=RL2BM3 33    
EUtranCellFDD=RL2BT1 41    
EUtranCellFDD=RL2BT2 42    
EUtranCellFDD=RL2BT3 43    
=================================================================================================================
Total: 9 MOs

Added 9 MOs to group: hget_group

RL2BT> hget NbIotCell ^cellid

251007-11:32:17+0200 19.31.15.211 25.0h MSRBS_NODE_MODEL_25.Q1_693.28324.131_62ac stopfile=/tmp/842710
.
=================================================================================================================
MO               cellId
=================================================================================================================
NbIotCell=RL2BN1 161   
NbIotCell=RL2BN2 162   
NbIotCell=RL2BN3 163   
=================================================================================================================
Total: 3 MOs

Added 3 MOs to group: hget_group

RL2BT> hget NRCellDU ^cellLocalId

251007-11:32:17+0200 19.31.15.211 25.0h MSRBS_NODE_MODEL_25.Q1_693.28324.131_62ac stopfile=/tmp/842710
Total: 0 MOs

RL2BT> lgdc -m 30d

251007-11:32:17+0200 19.31.15.211 25.0h MSRBS_NODE_MODEL_25.Q1_693.28324.131_62ac stopfile=/tmp/842710

Startdate=20250907.093217, Enddate=20251008.093217
INFO: Using amos lookupAccount credentials for the export login

Executing action LogM.exportAvailabilityLog()
...LogM=1,exportAvailabilityLog    actionId=50203
...
=================================================================================================================
MO     actionId result      resultInfo
=================================================================================================================
LogM=1 50203    1 (SUCCESS)           
cp /ericsson/log/amos/moshell_logfiles/t20251007_37258710_53697/logs_moshell/tempfiles/scp-2-amos_20251007-113155_842645/rcslogs/RBS_CS_AVAILABILITY_LOG_20251007093220.xml /ericsson/log/amos/moshell_logfiles/t20251007_37258710_53697/logs_moshell/tempfiles/scp-2-amos_20251007-113155_842645/availabilityLog842710.xml
Parsing availabilityLog.....Done.
..
Date;Time;RestartType;SwVersion;SwRelease;RCSDowntime;ApplicationDowntime;TNDowntime;RATsDowntime;ExtraInfo;ExtraInfo2
2025-09-08;00:31:49;PartialOutage(Manual);33% Lrat Cell 161; ();2s;;;;;
2025-09-08;00:31:51;PartialOutage(Manual);11% Lrat Cell 61; ();7s;;;;;
2025-09-08;00:32:02;PartialOutage(Manual);33% Lrat Cell 161 162; ();1s;;;;;
2025-09-08;00:32:03;PartialOutage(Manual);11% Lrat Cell 62; ();10s;;;;;
2025-09-08;00:32:17;PartialOutage(Manual);55% Lrat Cell 162; ();5s;;;;;
2025-09-08;00:32:22;PartialOutage(Manual);50% Lrat Cell 162 163; ();3s;;;;;
2025-09-08;00:32:25;PartialOutage(Manual);8% Lrat Cell 63; ();5s;;;;;
2025-09-08;00:32:31;PartialOutage(Manual);53% Lrat Cell 163; ();9s;;;;;
2025-09-08;00:32:40;PartialOutage(Manual);7% Lrat Cell 31; ();10s;;;;;
2025-09-08;00:32:54;PartialOutage(Manual);11% Lrat Cell 32; ();12s;;;;;
2025-09-08;00:33:09;PartialOutage(Manual);11% Lrat Cell 33; ();8s;;;;;
2025-09-08;00:33:22;PartialOutage(Manual);11% Lrat Cell 41; ();7s;;;;;
2025-09-08;00:33:34;PartialOutage(Manual);11% Lrat Cell 42; ();6s;;;;;
2025-09-08;00:33:44;PartialOutage(Manual);11% Lrat Cell 43; ();7s;;;;;
2025-09-22;17:48:31;PartialOutage(System);100% Lrat Cell 61 62 63 31 32 33 41 42 43; ();15s;;;;;
2025-09-22;17:48:46;PartialOutage(System);100% Lrat Cell 31 32 33 41 42 43; ();1s;;;;;
2025-09-22;17:48:47;PartialOutage(System);100% Lrat Cell 31 32 41 42; ();1s;;;;;
2025-09-22;17:48:48;PartialOutage(System);100% Lrat Cell 32 42; ();2s;;;;;
2025-09-22;17:48:50;PartialOutage(System);100% Lrat Cell 42; ();1s;;;;;

Node uptime since last restart: 1266215 seconds (14 days, 15 hours, 43 minutes, 35 seconds)
------------------------------------------------------------------------------------------------------
Period=30 days       NodeUpgrade      NodeManual       NodeSpontaneous  AllNodeRestarts  PartialOutages  
------------------------------------------------------------------------------------------------------
Number Of outages    0                0                0                0                19              
Total downtime       0s               0s               0s               0s               112s (1m52s)    
Downtime per day     0s               0s               0s               0s               4s              
Downtime per outage  0s               0s               0s               0s               6s              

RL2BT> lgac -m 30d

251007-11:32:26+0200 19.31.15.211 25.0h MSRBS_NODE_MODEL_25.Q1_693.28324.131_62ac stopfile=/tmp/842710

Startdate=20250907.093226, Enddate=20251008.093226
Date;Time;Log;Severity;Object;Event;Cause;AdditionalText;AckState;Id;NotificationId;CorrelatedAlarms
Executing action Log.export()
..
Log=AlarmLog                    actionId=50204
..........
=================================================================================================================
MO                  actionId result      resultInfo
=================================================================================================================
LogM=1,Log=AlarmLog 50204    1 (SUCCESS)           
cat  /ericsson/log/amos/moshell_logfiles/t20251007_37258710_53697/logs_moshell/tempfiles/scp-2-amos_20251007-113155_842645/rcslogs/saLogAlarm_20250210__135508_20250215__003849.log /ericsson/log/amos/moshell_logfiles/t20251007_37258710_53697/logs_moshell/tempfiles/scp-2-amos_20251007-113155_842645/rcslogs/saLogAlarm_20250215__003849_20250219__074459.log /ericsson/log/amos/moshell_logfiles/t20251007_37258710_53697/logs_moshell/tempfiles/scp-2-amos_20251007-113155_842645/rcslogs/saLogAlarm_20250219__074459_20250226__233129.log /ericsson/log/amos/moshell_logfiles/t20251007_37258710_53697/logs_moshell/tempfiles/scp-2-amos_20251007-113155_842645/rcslogs/saLogAlarm_20250226__233129.log > /ericsson/log/amos/moshell_logfiles/t20251007_37258710_53697/logs_moshell/tempfiles/scp-2-amos_20251007-113155_842645/alarmLog842710.xml
2025-09-07;09:33:28;AL  ;Minor ;ENodeBFunction=1;External Link Failure;X2 link problem to one or several neighbouring eNodeBs. AI: PLMN ID-eNB ID 1 = 2221-650705
2025-09-07;10:32:58;AL  ;Cleared;ENodeBFunction=1;External Link Failure;X2 link problem to one or several neighbouring eNodeBs. AI: PLMN ID-eNB ID 1 = 2221-650705
2025-09-08;12:34:56;AL  ;Minor ;ENodeBFunction=1;External Link Failure;X2 link problem to one or several neighbouring eNodeBs. AI: PLMN ID-eNB ID 1 = 2221-650275
2025-09-08;14:12:03;AL  ;Cleared;ENodeBFunction=1;External Link Failure;X2 link problem to one or several neighbouring eNodeBs. AI: PLMN ID-eNB ID 1 = 2221-650275
2025-09-16;09:58:54;AL  ;Warning;ENodeBFunction=1;PLMN Service Redundancy Lost;S1 connection failure for PLMN connected with link represented by MO listed in Additional Information. AI: PLMN = ["2221"],DN1=ManagedElement=1,ENodeBFunction=1,TermPointToMme=5,
2025-09-16;10:00:24;AL  ;Cleared;ENodeBFunction=1;PLMN Service Redundancy Lost;S1 connection failure for PLMN connected with link represented by MO listed in Additional Information. AI: PLMN = ["2221"],DN1=ManagedElement=1,ENodeBFunction=1,TermPointToMme=5,
2025-09-17;13:41:09;AL  ;Minor ;ENodeBFunction=1;External Link Failure;X2 link problem to one or several neighbouring eNodeBs. AI: PLMN ID-eNB ID 1 = 2221-650617
2025-09-18;17:01:20;AL  ;Cleared;ENodeBFunction=1;External Link Failure;X2 link problem to one or several neighbouring eNodeBs. AI: PLMN ID-eNB ID 1 = 2221-650617
2025-09-22;13:06:21;AL  ;Minor ;ENodeBFunction=1;External Link Failure;X2 link problem to one or several neighbouring eNodeBs. AI: PLMN ID-eNB ID 1 = 2221-650617
2025-09-22;13:07:00;AL  ;Cleared;ENodeBFunction=1;External Link Failure;X2 link problem to one or several neighbouring eNodeBs. AI: PLMN ID-eNB ID 1 = 2221-650617
2025-09-22;15:56:07;AL  ;Minor ;ENodeBFunction=1;External Link Failure;X2 link problem to one or several neighbouring eNodeBs. AI: PLMN ID-eNB ID 1 = 2221-650617
2025-09-22;20:05:08;AL  ;Cleared;ENodeBFunction=1;External Link Failure;X2 link problem to one or several neighbouring eNodeBs. AI: PLMN ID-eNB ID 1 = 2221-650617
2025-09-27;18:11:06;AL  ;Minor ;ENodeBFunction=1;External Link Failure;X2 link problem to one or several neighbouring eNodeBs. AI: PLMN ID-eNB ID 1 = 2221-204288
2025-09-27;20:23:24;AL  ;Cleared;ENodeBFunction=1;External Link Failure;X2 link problem to one or several neighbouring eNodeBs. AI: PLMN ID-eNB ID 1 = 2221-204288
2025-09-27;20:37:54;AL  ;Minor ;ENodeBFunction=1;External Link Failure;X2 link problem to one or several neighbouring eNodeBs. AI: PLMN ID-eNB ID 1 = 2221-204288
2025-09-28;10:23:43;AL  ;Cleared;ENodeBFunction=1;External Link Failure;X2 link problem to one or several neighbouring eNodeBs. AI: PLMN ID-eNB ID 1 = 2221-204288
2025-09-29;11:38:54;AL  ;Minor ;ENodeBFunction=1;External Link Failure;X2 link problem to one or several neighbouring eNodeBs. AI: PLMN ID-eNB ID 1 = 2221-650230
2025-09-29;14:42:24;AL  ;Cleared;ENodeBFunction=1;External Link Failure;X2 link problem to one or several neighbouring eNodeBs. AI: PLMN ID-eNB ID 1 = 2221-650230
2025-09-30;08:45:33;AL  ;Warning;ENodeBFunction=1;PLMN Service Redundancy Lost;S1 connection failure for PLMN connected with link represented by MO listed in Additional Information. AI: PLMN = ["2221"],DN1=ManagedElement=1,ENodeBFunction=1,TermPointToMme=5,
2025-09-30;08:46:03;AL  ;Cleared;ENodeBFunction=1;PLMN Service Redundancy Lost;S1 connection failure for PLMN connected with link represented by MO listed in Additional Information. AI: PLMN = ["2221"],DN1=ManagedElement=1,ENodeBFunction=1,TermPointToMme=5,
2025-10-04;09:07:20;AL  ;Minor ;ENodeBFunction=1;External Link Failure;X2 link problem to one or several neighbouring eNodeBs. AI: PLMN ID-eNB ID 1 = 2221-650505
2025-10-04;12:25:16;AL  ;Cleared;ENodeBFunction=1;External Link Failure;X2 link problem to one or several neighbouring eNodeBs. AI: PLMN ID-eNB ID 1 = 2221-650505


RL2BT> lgec -m 30d

251007-11:32:35+0200 19.31.15.211 25.0h MSRBS_NODE_MODEL_25.Q1_693.28324.131_62ac stopfile=/tmp/842710

Startdate=20250907.093235, Enddate=20251008.093235
Date;Time;Log;Severity;Object;Event;Cause;AdditionalText;AckState;Id;NotificationId;CorrelatedAlarms
Executing action Log.export()
..
Log=AlertLog                    actionId=50205
...
=================================================================================================================
MO                  actionId result      resultInfo
=================================================================================================================
LogM=1,Log=AlertLog 50205    1 (SUCCESS)           
cat  /ericsson/log/amos/moshell_logfiles/t20251007_37258710_53697/logs_moshell/tempfiles/scp-2-amos_20251007-113155_842645/rcslogs/AlertLog_20230913__082857_20250226__233159.log /ericsson/log/amos/moshell_logfiles/t20251007_37258710_53697/logs_moshell/tempfiles/scp-2-amos_20251007-113155_842645/rcslogs/AlertLog_20250226__233159.log > /ericsson/log/amos/moshell_logfiles/t20251007_37258710_53697/logs_moshell/tempfiles/scp-2-amos_20251007-113155_842645/eventLog842710.xml
2025-09-22;17:48:35;EV  ;Warning;EUtranCellFDD=RL2BE1;Cell Service Unavailable Auto Recovery Initiated Alert;
2025-09-22;17:48:35;EV  ;Warning;NbIotCell=RL2BN1;Cell Service Unavailable Auto Recovery Initiated Alert;
2025-09-22;17:48:35;EV  ;Warning;EUtranCellFDD=RL2BE2;Cell Service Unavailable Auto Recovery Initiated Alert;
2025-09-22;17:48:35;EV  ;Warning;NbIotCell=RL2BN2;Cell Service Unavailable Auto Recovery Initiated Alert;
2025-09-22;17:48:35;EV  ;Warning;EUtranCellFDD=RL2BE3;Cell Service Unavailable Auto Recovery Initiated Alert;
2025-09-22;17:48:35;EV  ;Warning;NbIotCell=RL2BN3;Cell Service Unavailable Auto Recovery Initiated Alert;
2025-09-22;17:48:41;EV  ;Warning;RiLink=S100-1;Radio Interface Connectivity Disturbance Alert;Near end port:FieldReplaceableUnit=BB-1,RiPort=D (transportType=NOT_SET). SUPPRESSED
2025-09-22;17:48:41;EV  ;Warning;RiLink=S102-1;Radio Interface Connectivity Disturbance Alert;Near end port:FieldReplaceableUnit=BB-1,RiPort=E (transportType=NOT_SET). SUPPRESSED
2025-09-22;17:48:41;EV  ;Warning;RiLink=S212-1;Radio Interface Connectivity Disturbance Alert;Near end port:FieldReplaceableUnit=BB-1,RiPort=C (transportType=NOT_SET) (Mixed Mode with other ME). SUPPRESSED
2025-09-22;17:48:41;EV  ;Warning;RiLink=S211-1;Radio Interface Connectivity Disturbance Alert;Near end port:FieldReplaceableUnit=BB-1,RiPort=B (transportType=NOT_SET) (Mixed Mode with other ME). SUPPRESSED
2025-09-22;17:48:41;EV  ;Warning;RiLink=S210-1;Radio Interface Connectivity Disturbance Alert;Near end port:FieldReplaceableUnit=BB-1,RiPort=A (transportType=NOT_SET) (Mixed Mode with other ME). SUPPRESSED
2025-09-22;17:48:46;EV  ;Warning;EUtranCellFDD=RL2BE1;Cell Service Available Auto Recovery Successful Alert;
2025-09-22;17:48:46;EV  ;Warning;EUtranCellFDD=RL2BE3;Cell Service Available Auto Recovery Successful Alert;
2025-09-22;17:48:46;EV  ;Warning;EUtranCellFDD=RL2BE2;Cell Service Available Auto Recovery Successful Alert;
2025-09-22;17:48:47;EV  ;Warning;NbIotCell=RL2BN1;Cell Service Available Auto Recovery Successful Alert;
2025-09-22;17:48:47;EV  ;Warning;NbIotCell=RL2BN3;Cell Service Available Auto Recovery Successful Alert;
2025-09-22;17:48:47;EV  ;Warning;NbIotCell=RL2BN2;Cell Service Available Auto Recovery Successful Alert;

Bye...
Output has been logged to file /mta_fs/UserFiles/37258710/amosbatch/2025-10-07_11-07-01_53697/RL2BT.log
