Logging to file /mta_fs/UserFiles/37258710/amosbatch/2025-10-07_11-07-01_53697/RL46E.log
                        __  __  ____   _____
                  /\   |  \/  |/ __ \ / ____|
                 /  \  | \  / | |  | | (___  
                / /\ \ | |\/| | |  | |\___ \ 
               / ____ \| |  | | |__| |____) |
              /_/    \_\_|  |_|\____/|_____/
              OSS Framework for MoShell-25.0h 
  Copyright (c) Ericsson AB 2001-2025 - All Rights Reserved
              
           
[1;31mWARNING: [0mthe AMOS version currently running is more than 22 weeks old and is unsupported.
Please upgrade as soon as possible to the latest released version, available from your local Ericsson support.

$amosrb_pid = 675982

Checking ip contact...OK

HELP MENU            : h
BASIC MO COMMANDS    : m
OTHER MO COMMANDS    : n
OTHER COMMANDS       : o
PM COMMANDS          : p
QUIT                 : q

RL46E> lt all

251007-11:12:40+0200 19.31.14.141 25.0h  stopfile=/tmp/675469
Looking up temporary_amos account... OK.
Trying temporary_amos_t20251007_37258710_53697_313's password from amos lookupAccount ... OK

$ssh_pid = 678020

Connected to 19.31.14.141 (SubNetwork=BBMM_rckomc_R,MeContext=RL46E,ManagedElement=RL46E)

Checking MOM version...MSRBS_NODE_MODEL_25.Q1_693.28324.131_62ac
Parsing MOM (cached): /ericsson/log/amos/moshell_logfiles/t20251007_37258710_53697/logs_moshell/tempfiles/scp-2-amos_20251007-111232_675404/MSRBS_NODE_MODEL_25.Q1_693.28324.131_62ac.xml.cache.gz ..................................................................................................................................................................................................................................Done.
Using paramfile /opt/ericsson/amos/moshell/commonjars/pm/PARAM_MSRBS_25.Q1.txt
Parsing file /opt/ericsson/amos/moshell/commonjars/pm/PARAM_MSRBS_25.Q1.txt .......................................................................................Done.
Using imomdfile /opt/ericsson/amos/moshell/commonjars/pm/IMOMD_MSRBS_22.Q4.txt
Using imomfile /opt/ericsson/amos/moshell/commonjars/pm/IMOM_MSRBS_25.Q1.txt
Connected to 19.31.14.141 (SubNetwork=BBMM_rckomc_R,MeContext=RL46E,ManagedElement=RL46E)

Last MO: 19972. Loaded 19972 MOs. Total: 19973 MOs.

RL46E> hget EUtranCellFDD ^cellid

251007-11:12:54+0200 19.31.14.141 25.0h MSRBS_NODE_MODEL_25.Q1_693.28324.131_62ac stopfile=/tmp/675469
.
=================================================================================================================
MO                   cellId
=================================================================================================================
EUtranCellFDD=RL46E1 61    
EUtranCellFDD=RL46E2 62    
EUtranCellFDD=RL46E3 63    
EUtranCellFDD=RL46M1 31    
EUtranCellFDD=RL46M2 32    
EUtranCellFDD=RL46M3 33    
EUtranCellFDD=RL46T1 41    
EUtranCellFDD=RL46T2 42    
EUtranCellFDD=RL46T3 43    
=================================================================================================================
Total: 9 MOs

Added 9 MOs to group: hget_group

RL46E> hget NbIotCell ^cellid

251007-11:12:55+0200 19.31.14.141 25.0h MSRBS_NODE_MODEL_25.Q1_693.28324.131_62ac stopfile=/tmp/675469
.
=================================================================================================================
MO               cellId
=================================================================================================================
NbIotCell=RL46N1 161   
NbIotCell=RL46N2 162   
NbIotCell=RL46N3 163   
=================================================================================================================
Total: 3 MOs

Added 3 MOs to group: hget_group

RL46E> hget NRCellDU ^cellLocalId

251007-11:12:55+0200 19.31.14.141 25.0h MSRBS_NODE_MODEL_25.Q1_693.28324.131_62ac stopfile=/tmp/675469
Total: 0 MOs

RL46E> lgdc -m 30d

251007-11:12:55+0200 19.31.14.141 25.0h MSRBS_NODE_MODEL_25.Q1_693.28324.131_62ac stopfile=/tmp/675469

Startdate=20250907.091255, Enddate=20251008.091255
INFO: Using amos lookupAccount credentials for the export login

Executing action LogM.exportAvailabilityLog()
...LogM=1,exportAvailabilityLog    actionId=49361
...
=================================================================================================================
MO     actionId result      resultInfo
=================================================================================================================
LogM=1 49361    1 (SUCCESS)           
cp /ericsson/log/amos/moshell_logfiles/t20251007_37258710_53697/logs_moshell/tempfiles/scp-2-amos_20251007-111232_675404/rcslogs/RBS_CS_AVAILABILITY_LOG_20251007091257.xml /ericsson/log/amos/moshell_logfiles/t20251007_37258710_53697/logs_moshell/tempfiles/scp-2-amos_20251007-111232_675404/availabilityLog675469.xml
Parsing availabilityLog....Done.
.
Date;Time;RestartType;SwVersion;SwRelease;RCSDowntime;ApplicationDowntime;TNDowntime;RATsDowntime;ExtraInfo;ExtraInfo2
2025-09-08;07:35:34;PartialOutage(Manual);33% Lrat Cell 163; ();2s;;;;;
2025-09-08;07:35:36;PartialOutage(Manual);11% Lrat Cell 63; ();8s;;;;;
2025-09-08;07:35:57;PartialOutage(Manual);3% Lrat Cell 61; ();8s;;;;;
2025-09-08;07:36:09;PartialOutage(Manual);41% Lrat Cell 161; ();5s;;;;;
2025-09-08;07:36:14;PartialOutage(Manual);39% Lrat Cell 161 162; ();2s;;;;;
2025-09-08;07:36:16;PartialOutage(Manual);4% Lrat Cell 62; ();7s;;;;;
2025-09-08;07:36:25;PartialOutage(Manual);44% Lrat Cell 162; ();6s;;;;;
2025-09-08;07:36:31;PartialOutage(Manual);4% Lrat Cell 33; ();10s;;;;;
2025-09-08;07:36:48;PartialOutage(Manual);11% Lrat Cell 31; ();10s;;;;;
2025-09-08;07:37:05;PartialOutage(Manual);11% Lrat Cell 32; ();9s;;;;;
2025-09-08;07:37:25;PartialOutage(Manual);11% Lrat Cell 42; ();5s;;;;;
2025-09-08;07:37:36;PartialOutage(Manual);11% Lrat Cell 43; ();7s;;;;;
2025-09-08;07:37:51;PartialOutage(Manual);11% Lrat Cell 41; ();5s;;;;;

Node uptime since last restart: 2511307 seconds (29 days, 1 hours, 35 minutes, 7 seconds)
------------------------------------------------------------------------------------------------------
Period=30 days       NodeUpgrade      NodeManual       NodeSpontaneous  AllNodeRestarts  PartialOutages  
------------------------------------------------------------------------------------------------------
Number Of outages    0                0                0                0                13              
Total downtime       0s               0s               0s               0s               84s (1m24s)     
Downtime per day     0s               0s               0s               0s               3s              
Downtime per outage  0s               0s               0s               0s               6s              

RL46E> lgac -m 30d

251007-11:13:03+0200 19.31.14.141 25.0h MSRBS_NODE_MODEL_25.Q1_693.28324.131_62ac stopfile=/tmp/675469

Startdate=20250907.091304, Enddate=20251008.091304
Date;Time;Log;Severity;Object;Event;Cause;AdditionalText;AckState;Id;NotificationId;CorrelatedAlarms
Executing action Log.export()
..
Log=AlarmLog                    actionId=49362
......
=================================================================================================================
MO                  actionId result      resultInfo
=================================================================================================================
LogM=1,Log=AlarmLog 49362    1 (SUCCESS)           
cat  /ericsson/log/amos/moshell_logfiles/t20251007_37258710_53697/logs_moshell/tempfiles/scp-2-amos_20251007-111232_675404/rcslogs/saLogAlarm_20240301__081403_20250226__232114.log /ericsson/log/amos/moshell_logfiles/t20251007_37258710_53697/logs_moshell/tempfiles/scp-2-amos_20251007-111232_675404/rcslogs/saLogAlarm_20250226__232114.log > /ericsson/log/amos/moshell_logfiles/t20251007_37258710_53697/logs_moshell/tempfiles/scp-2-amos_20251007-111232_675404/alarmLog675469.xml
2025-09-07;10:34:58;AL  ;Cleared;EUtraNetwork=1,ExternalENodeBFunction=2221-208849;Inter Node Carrier Aggregation Service Unavailable;Elastic RAN Carrier Aggregation is not available towards remote eNodeB.
2025-09-07;10:35:02;AL  ;Minor ;EUtraNetwork=1,ExternalENodeBFunction=2221-650057;Inter Node Carrier Aggregation Service Unavailable;Elastic RAN Carrier Aggregation is not available towards remote eNodeB.
2025-09-07;10:35:41;AL  ;Cleared;EUtraNetwork=1,ExternalENodeBFunction=2221-650294;Inter Node Carrier Aggregation Service Unavailable;Elastic RAN Carrier Aggregation is not available towards remote eNodeB.
2025-09-07;10:36:02;AL  ;Minor ;EUtraNetwork=1,ExternalENodeBFunction=2221-208849;Inter Node Carrier Aggregation Service Unavailable;Elastic RAN Carrier Aggregation is not available towards remote eNodeB.
2025-09-07;10:38:14;AL  ;Cleared;EUtraNetwork=1,ExternalENodeBFunction=2221-650143;Inter Node Carrier Aggregation Service Unavailable;Elastic RAN Carrier Aggregation is not available towards remote eNodeB.
2025-09-07;10:38:18;AL  ;Cleared;EUtraNetwork=1,ExternalENodeBFunction=2221-211367;Inter Node Carrier Aggregation Service Unavailable;Elastic RAN Carrier Aggregation is not available towards remote eNodeB.
2025-09-07;10:38:25;AL  ;Cleared;EUtraNetwork=1,ExternalENodeBFunction=2221-209975;Inter Node Carrier Aggregation Service Unavailable;Elastic RAN Carrier Aggregation is not available towards remote eNodeB.
2025-09-07;10:38:25;AL  ;Minor ;EUtraNetwork=1,ExternalENodeBFunction=2221-204752;Inter Node Carrier Aggregation Service Unavailable;Elastic RAN Carrier Aggregation is not available towards remote eNodeB.
2025-09-07;10:38:29;AL  ;Cleared;EUtraNetwork=1,ExternalENodeBFunction=2221-208849;Inter Node Carrier Aggregation Service Unavailable;Elastic RAN Carrier Aggregation is not available towards remote eNodeB.
2025-09-07;10:38:29;AL  ;Minor ;EUtraNetwork=1,ExternalENodeBFunction=2221-204757;Inter Node Carrier Aggregation Service Unavailable;Elastic RAN Carrier Aggregation is not available towards remote eNodeB.
2025-09-07;10:38:34;AL  ;Cleared;EUtraNetwork=1,ExternalENodeBFunction=2221-650057;Inter Node Carrier Aggregation Service Unavailable;Elastic RAN Carrier Aggregation is not available towards remote eNodeB.
2025-09-07;10:38:34;AL  ;Minor ;EUtraNetwork=1,ExternalENodeBFunction=2221-206054;Inter Node Carrier Aggregation Service Unavailable;Elastic RAN Carrier Aggregation is not available towards remote eNodeB.
2025-09-07;10:38:39;AL  ;Cleared;EUtraNetwork=1,ExternalENodeBFunction=2221-650157;Inter Node Carrier Aggregation Service Unavailable;Elastic RAN Carrier Aggregation is not available towards remote eNodeB.
2025-09-07;10:38:40;AL  ;Minor ;EUtraNetwork=1,ExternalENodeBFunction=2221-206055;Inter Node Carrier Aggregation Service Unavailable;Elastic RAN Carrier Aggregation is not available towards remote eNodeB.
2025-09-07;10:38:44;AL  ;Cleared;EUtraNetwork=1,ExternalENodeBFunction=2221-202978;Inter Node Carrier Aggregation Service Unavailable;Elastic RAN Carrier Aggregation is not available towards remote eNodeB.
2025-09-07;10:38:44;AL  ;Minor ;EUtraNetwork=1,ExternalENodeBFunction=2221-207920;Inter Node Carrier Aggregation Service Unavailable;Elastic RAN Carrier Aggregation is not available towards remote eNodeB.
2025-09-07;10:38:50;AL  ;Cleared;EUtraNetwork=1,ExternalENodeBFunction=2221-650063;Inter Node Carrier Aggregation Service Unavailable;Elastic RAN Carrier Aggregation is not available towards remote eNodeB.
2025-09-07;10:38:56;AL  ;Cleared;EUtraNetwork=1,ExternalENodeBFunction=2221-208934;Inter Node Carrier Aggregation Service Unavailable;Elastic RAN Carrier Aggregation is not available towards remote eNodeB.
2025-09-07;10:38:58;AL  ;Minor ;EUtraNetwork=1,ExternalENodeBFunction=2221-650143;Inter Node Carrier Aggregation Service Unavailable;Elastic RAN Carrier Aggregation is not available towards remote eNodeB.
2025-09-07;10:39:00;AL  ;Cleared;EUtraNetwork=1,ExternalENodeBFunction=2221-211480;Inter Node Carrier Aggregation Service Unavailable;Elastic RAN Carrier Aggregation is not available towards remote eNodeB.
2025-09-07;10:39:04;AL  ;Cleared;EUtraNetwork=1,ExternalENodeBFunction=2221-204536;Inter Node Carrier Aggregation Service Unavailable;Elastic RAN Carrier Aggregation is not available towards remote eNodeB.
2025-09-07;10:39:11;AL  ;Minor ;EUtraNetwork=1,ExternalENodeBFunction=2221-211887;Inter Node Carrier Aggregation Service Unavailable;Elastic RAN Carrier Aggregation is not available towards remote eNodeB.
2025-09-07;10:39:13;AL  ;Minor ;EUtraNetwork=1,ExternalENodeBFunction=2221-650057;Inter Node Carrier Aggregation Service Unavailable;Elastic RAN Carrier Aggregation is not available towards remote eNodeB.
2025-09-07;10:47:15;AL  ;Cleared;EUtraNetwork=1,ExternalENodeBFunction=2221-211887;Inter Node Carrier Aggregation Service Unavailable;Elastic RAN Carrier Aggregation is not available towards remote eNodeB.
2025-09-07;10:47:28;AL  ;Minor ;EUtraNetwork=1,ExternalENodeBFunction=2221-211887;Inter Node Carrier Aggregation Service Unavailable;Elastic RAN Carrier Aggregation is not available towards remote eNodeB.
2025-09-07;11:10:27;AL  ;Cleared;EUtraNetwork=1,ExternalENodeBFunction=2221-206054;Inter Node Carrier Aggregation Service Unavailable;Elastic RAN Carrier Aggregation is not available towards remote eNodeB.
2025-09-07;11:10:29;AL  ;Cleared;EUtraNetwork=1,ExternalENodeBFunction=2221-206055;Inter Node Carrier Aggregation Service Unavailable;Elastic RAN Carrier Aggregation is not available towards remote eNodeB.
2025-09-07;11:11:00;AL  ;Minor ;EUtraNetwork=1,ExternalENodeBFunction=2221-206055;Inter Node Carrier Aggregation Service Unavailable;Elastic RAN Carrier Aggregation is not available towards remote eNodeB.
2025-09-07;11:11:26;AL  ;Minor ;EUtraNetwork=1,ExternalENodeBFunction=2221-206054;Inter Node Carrier Aggregation Service Unavailable;Elastic RAN Carrier Aggregation is not available towards remote eNodeB.
2025-09-07;11:17:35;AL  ;Cleared;EUtraNetwork=1,ExternalENodeBFunction=2221-204757;Inter Node Carrier Aggregation Service Unavailable;Elastic RAN Carrier Aggregation is not available towards remote eNodeB.
2025-09-07;11:18:40;AL  ;Minor ;EUtraNetwork=1,ExternalENodeBFunction=2221-204757;Inter Node Carrier Aggregation Service Unavailable;Elastic RAN Carrier Aggregation is not available towards remote eNodeB.
2025-09-07;11:24:57;AL  ;Cleared;EUtraNetwork=1,ExternalENodeBFunction=2221-207920;Inter Node Carrier Aggregation Service Unavailable;Elastic RAN Carrier Aggregation is not available towards remote eNodeB.
2025-09-07;11:25:40;AL  ;Minor ;EUtraNetwork=1,ExternalENodeBFunction=2221-207920;Inter Node Carrier Aggregation Service Unavailable;Elastic RAN Carrier Aggregation is not available towards remote eNodeB.
2025-09-07;13:42:49;AL  ;Minor ;EUtraNetwork=1,ExternalENodeBFunction=2221-650478;Inter Node Carrier Aggregation Service Unavailable;Elastic RAN Carrier Aggregation is not available towards remote eNodeB.
2025-09-07;15:17:08;AL  ;Minor ;EUtraNetwork=1,ExternalENodeBFunction=2221-650070;Inter Node Carrier Aggregation Service Unavailable;Elastic RAN Carrier Aggregation is not available towards remote eNodeB.
2025-09-07;18:01:54;AL  ;Minor ;EUtraNetwork=1,ExternalENodeBFunction=2221-650071;Inter Node Carrier Aggregation Service Unavailable;Elastic RAN Carrier Aggregation is not available towards remote eNodeB.
2025-09-08;07:14:08;AL  ;Minor ;ENodeBFunction=1;External Link Failure;X2 link problem to one or several neighbouring eNodeBs. AI: PLMN ID-eNB ID 1 = 2221-650051
2025-09-08;07:36:16;AL  ;Minor ;EUtraNetwork=1,ExternalENodeBFunction=2221-650064;Inter Node Feature Incompatibility;Elastic RAN feature is not activated in remote eNodeB
2025-09-08;12:36:58;AL  ;Cleared;ENodeBFunction=1;External Link Failure;X2 link problem to one or several neighbouring eNodeBs. AI: PLMN ID-eNB ID 1 = 2221-650051
2025-09-09;11:32:55;AL  ;Minor ;ENodeBFunction=1;External Link Failure;X2 link problem to one or several neighbouring eNodeBs. AI: PLMN ID-eNB ID 1 = 2221-650158
2025-09-09;12:44:23;AL  ;Cleared;ENodeBFunction=1;External Link Failure;X2 link problem to one or several neighbouring eNodeBs. AI: PLMN ID-eNB ID 1 = 2221-650158
2025-09-10;19:44:00;AL  ;Minor ;ENodeBFunction=1;External Link Failure;X2 link problem to one or several neighbouring eNodeBs. AI: PLMN ID-eNB ID 1 = 2221-202870
2025-09-10;23:37:16;AL  ;Minor ;ENodeBFunction=1;External Link Failure;X2 link problem to one or several neighbouring eNodeBs. AI: PLMN ID-eNB ID 1 = 2221-202870 PLMN ID-eNB ID 2 = 2221-601340
2025-09-10;23:51:35;AL  ;Minor ;ENodeBFunction=1;External Link Failure;X2 link problem to one or several neighbouring eNodeBs. AI: PLMN ID-eNB ID 1 = 2221-202870
2025-09-11;00:01:03;AL  ;Minor ;ENodeBFunction=1;External Link Failure;X2 link problem to one or several neighbouring eNodeBs. AI: PLMN ID-eNB ID 1 = 2221-202870 PLMN ID-eNB ID 2 = 2221-601340
2025-09-11;00:04:46;AL  ;Minor ;ENodeBFunction=1;External Link Failure;X2 link problem to one or several neighbouring eNodeBs. AI: PLMN ID-eNB ID 1 = 2221-202870
2025-09-11;00:34:38;AL  ;Minor ;ENodeBFunction=1;External Link Failure;X2 link problem to one or several neighbouring eNodeBs. AI: PLMN ID-eNB ID 1 = 2221-202870 PLMN ID-eNB ID 2 = 2221-601340
2025-09-11;00:44:00;AL  ;Minor ;ENodeBFunction=1;External Link Failure;X2 link problem to one or several neighbouring eNodeBs. AI: PLMN ID-eNB ID 1 = 2221-202870
2025-09-11;08:58:08;AL  ;Cleared;ENodeBFunction=1;External Link Failure;X2 link problem to one or several neighbouring eNodeBs. AI: PLMN ID-eNB ID 1 = 2221-202870
2025-09-14;04:18:01;AL  ;Minor ;EUtraNetwork=1,ExternalENodeBFunction=2221-202607;Inconsistent Configuration;Elastic RAN cannot be activated towards remote eNodeB. VLAN IDs do not match. Expected Vlan Id: 3908, Please check the eRAN Vlan Id at the remote eNodeB
2025-09-14;10:24:03;AL  ;Cleared;EUtraNetwork=1,ExternalENodeBFunction=2221-204752;Inter Node Carrier Aggregation Service Unavailable;Elastic RAN Carrier Aggregation is not available towards remote eNodeB.
2025-09-14;10:24:28;AL  ;Minor ;EUtraNetwork=1,ExternalENodeBFunction=2221-202978;Inter Node Carrier Aggregation Service Unavailable;Elastic RAN Carrier Aggregation is not available towards remote eNodeB.
2025-09-14;10:25:21;AL  ;Cleared;EUtraNetwork=1,ExternalENodeBFunction=2221-650070;Inter Node Carrier Aggregation Service Unavailable;Elastic RAN Carrier Aggregation is not available towards remote eNodeB.
2025-09-14;10:26:12;AL  ;Minor ;EUtraNetwork=1,ExternalENodeBFunction=2221-650070;Inter Node Carrier Aggregation Service Unavailable;Elastic RAN Carrier Aggregation is not available towards remote eNodeB.
2025-09-14;10:28:22;AL  ;Cleared;EUtraNetwork=1,ExternalENodeBFunction=2221-650057;Inter Node Carrier Aggregation Service Unavailable;Elastic RAN Carrier Aggregation is not available towards remote eNodeB.
2025-09-14;10:29:09;AL  ;Minor ;EUtraNetwork=1,ExternalENodeBFunction=2221-650057;Inter Node Carrier Aggregation Service Unavailable;Elastic RAN Carrier Aggregation is not available towards remote eNodeB.
2025-09-14;10:45:36;AL  ;Cleared;EUtraNetwork=1,ExternalENodeBFunction=2221-211887;Inter Node Carrier Aggregation Service Unavailable;Elastic RAN Carrier Aggregation is not available towards remote eNodeB.
2025-09-14;10:45:39;AL  ;Minor ;EUtraNetwork=1,ExternalENodeBFunction=2221-650294;Inter Node Carrier Aggregation Service Unavailable;Elastic RAN Carrier Aggregation is not available towards remote eNodeB.
2025-09-14;10:45:42;AL  ;Cleared;EUtraNetwork=1,ExternalENodeBFunction=2221-206055;Inter Node Carrier Aggregation Service Unavailable;Elastic RAN Carrier Aggregation is not available towards remote eNodeB.
2025-09-14;10:45:46;AL  ;Cleared;EUtraNetwork=1,ExternalENodeBFunction=2221-650478;Inter Node Carrier Aggregation Service Unavailable;Elastic RAN Carrier Aggregation is not available towards remote eNodeB.
2025-09-14;10:45:47;AL  ;Cleared;EUtraNetwork=1,ExternalENodeBFunction=2221-650143;Inter Node Carrier Aggregation Service Unavailable;Elastic RAN Carrier Aggregation is not available towards remote eNodeB.
2025-09-14;10:45:50;AL  ;Minor ;EUtraNetwork=1,ExternalENodeBFunction=2221-204751;Inter Node Carrier Aggregation Service Unavailable;Elastic RAN Carrier Aggregation is not available towards remote eNodeB.
2025-09-14;10:45:51;AL  ;Cleared;EUtraNetwork=1,ExternalENodeBFunction=2221-650057;Inter Node Carrier Aggregation Service Unavailable;Elastic RAN Carrier Aggregation is not available towards remote eNodeB.
2025-09-14;10:45:51;AL  ;Minor ;EUtraNetwork=1,ExternalENodeBFunction=2221-204752;Inter Node Carrier Aggregation Service Unavailable;Elastic RAN Carrier Aggregation is not available towards remote eNodeB.
2025-09-14;10:45:57;AL  ;Cleared;EUtraNetwork=1,ExternalENodeBFunction=2221-202978;Inter Node Carrier Aggregation Service Unavailable;Elastic RAN Carrier Aggregation is not available towards remote eNodeB.
2025-09-14;10:45:57;AL  ;Minor ;EUtraNetwork=1,ExternalENodeBFunction=2221-207660;Inter Node Carrier Aggregation Service Unavailable;Elastic RAN Carrier Aggregation is not available towards remote eNodeB.
2025-09-14;10:46:03;AL  ;Cleared;EUtraNetwork=1,ExternalENodeBFunction=2221-650070;Inter Node Carrier Aggregation Service Unavailable;Elastic RAN Carrier Aggregation is not available towards remote eNodeB.
2025-09-14;10:46:03;AL  ;Minor ;EUtraNetwork=1,ExternalENodeBFunction=2221-208849;Inter Node Carrier Aggregation Service Unavailable;Elastic RAN Carrier Aggregation is not available towards remote eNodeB.
2025-09-14;10:46:10;AL  ;Cleared;EUtraNetwork=1,ExternalENodeBFunction=2221-204757;Inter Node Carrier Aggregation Service Unavailable;Elastic RAN Carrier Aggregation is not available towards remote eNodeB.
2025-09-14;10:46:10;AL  ;Minor ;EUtraNetwork=1,ExternalENodeBFunction=2221-209975;Inter Node Carrier Aggregation Service Unavailable;Elastic RAN Carrier Aggregation is not available towards remote eNodeB.
2025-09-14;10:46:14;AL  ;Minor ;EUtraNetwork=1,ExternalENodeBFunction=2221-650143;Inter Node Carrier Aggregation Service Unavailable;Elastic RAN Carrier Aggregation is not available towards remote eNodeB.
2025-09-14;10:46:16;AL  ;Cleared;EUtraNetwork=1,ExternalENodeBFunction=2221-207920;Inter Node Carrier Aggregation Service Unavailable;Elastic RAN Carrier Aggregation is not available towards remote eNodeB.
2025-09-14;10:46:22;AL  ;Cleared;EUtraNetwork=1,ExternalENodeBFunction=2221-206054;Inter Node Carrier Aggregation Service Unavailable;Elastic RAN Carrier Aggregation is not available towards remote eNodeB.
2025-09-14;10:46:22;AL  ;Minor ;EUtraNetwork=1,ExternalENodeBFunction=2221-210749;Inter Node Carrier Aggregation Service Unavailable;Elastic RAN Carrier Aggregation is not available towards remote eNodeB.
2025-09-14;10:46:27;AL  ;Cleared;EUtraNetwork=1,ExternalENodeBFunction=2221-650071;Inter Node Carrier Aggregation Service Unavailable;Elastic RAN Carrier Aggregation is not available towards remote eNodeB.
2025-09-14;10:46:28;AL  ;Minor ;EUtraNetwork=1,ExternalENodeBFunction=2221-211367;Inter Node Carrier Aggregation Service Unavailable;Elastic RAN Carrier Aggregation is not available towards remote eNodeB.
2025-09-14;10:46:34;AL  ;Cleared;EUtraNetwork=1,ExternalENodeBFunction=2221-650143;Inter Node Carrier Aggregation Service Unavailable;Elastic RAN Carrier Aggregation is not available towards remote eNodeB.
2025-09-14;10:46:34;AL  ;Minor ;EUtraNetwork=1,ExternalENodeBFunction=2221-211480;Inter Node Carrier Aggregation Service Unavailable;Elastic RAN Carrier Aggregation is not available towards remote eNodeB.
2025-09-14;10:51:16;AL  ;Minor ;EUtraNetwork=1,ExternalENodeBFunction=2221-650574;Inter Node Carrier Aggregation Service Unavailable;Elastic RAN Carrier Aggregation is not available towards remote eNodeB.
2025-09-14;11:02:32;AL  ;Cleared;EUtraNetwork=1,ExternalENodeBFunction=2221-209975;Inter Node Carrier Aggregation Service Unavailable;Elastic RAN Carrier Aggregation is not available towards remote eNodeB.
2025-09-14;11:02:53;AL  ;Minor ;EUtraNetwork=1,ExternalENodeBFunction=2221-209975;Inter Node Carrier Aggregation Service Unavailable;Elastic RAN Carrier Aggregation is not available towards remote eNodeB.
2025-09-14;11:20:47;AL  ;Cleared;EUtraNetwork=1,ExternalENodeBFunction=2221-211367;Inter Node Carrier Aggregation Service Unavailable;Elastic RAN Carrier Aggregation is not available towards remote eNodeB.
2025-09-14;11:21:13;AL  ;Minor ;EUtraNetwork=1,ExternalENodeBFunction=2221-211367;Inter Node Carrier Aggregation Service Unavailable;Elastic RAN Carrier Aggregation is not available towards remote eNodeB.
2025-09-14;11:26:32;AL  ;Cleared;EUtraNetwork=1,ExternalENodeBFunction=2221-211480;Inter Node Carrier Aggregation Service Unavailable;Elastic RAN Carrier Aggregation is not available towards remote eNodeB.
2025-09-14;11:27:03;AL  ;Minor ;EUtraNetwork=1,ExternalENodeBFunction=2221-211480;Inter Node Carrier Aggregation Service Unavailable;Elastic RAN Carrier Aggregation is not available towards remote eNodeB.
2025-09-14;12:37:04;AL  ;Minor ;EUtraNetwork=1,ExternalENodeBFunction=2221-203402;Inconsistent Configuration;Elastic RAN cannot be activated towards remote eNodeB. VLAN IDs do not match. Expected Vlan Id: 3908, Please check the eRAN Vlan Id at the remote eNodeB
2025-09-14;18:25:04;AL  ;Minor ;EUtraNetwork=1,ExternalENodeBFunction=2221-650157;Inter Node Carrier Aggregation Service Unavailable;Elastic RAN Carrier Aggregation is not available towards remote eNodeB.
2025-09-16;08:36:49;AL  ;Minor ;ENodeBFunction=1;External Link Failure;X2 link problem to one or several neighbouring eNodeBs. AI: PLMN ID-eNB ID 1 = 2221-650151
2025-09-16;09:53:18;AL  ;Warning;ENodeBFunction=1;PLMN Service Redundancy Lost;S1 connection failure for PLMN connected with link represented by MO listed in Additional Information. AI: PLMN = ["2221"],DN1=ManagedElement=1,ENodeBFunction=1,TermPointToMme=5,
2025-09-16;09:53:48;AL  ;Cleared;ENodeBFunction=1;PLMN Service Redundancy Lost;S1 connection failure for PLMN connected with link represented by MO listed in Additional Information. AI: PLMN = ["2221"],DN1=ManagedElement=1,ENodeBFunction=1,TermPointToMme=5,
2025-09-16;09:56:05;AL  ;Warning;ENodeBFunction=1;PLMN Service Redundancy Lost;S1 connection failure for PLMN connected with link represented by MO listed in Additional Information. AI: PLMN = ["2221"],DN1=ManagedElement=1,ENodeBFunction=1,TermPointToMme=5,
2025-09-16;09:56:35;AL  ;Cleared;ENodeBFunction=1;PLMN Service Redundancy Lost;S1 connection failure for PLMN connected with link represented by MO listed in Additional Information. AI: PLMN = ["2221"],DN1=ManagedElement=1,ENodeBFunction=1,TermPointToMme=5,
2025-09-16;09:58:18;AL  ;Warning;ENodeBFunction=1;PLMN Service Redundancy Lost;S1 connection failure for PLMN connected with link represented by MO listed in Additional Information. AI: PLMN = ["2221"],DN1=ManagedElement=1,ENodeBFunction=1,TermPointToMme=5,
2025-09-16;09:58:48;AL  ;Cleared;ENodeBFunction=1;PLMN Service Redundancy Lost;S1 connection failure for PLMN connected with link represented by MO listed in Additional Information. AI: PLMN = ["2221"],DN1=ManagedElement=1,ENodeBFunction=1,TermPointToMme=5,
2025-09-16;13:11:17;AL  ;Cleared;ENodeBFunction=1;External Link Failure;X2 link problem to one or several neighbouring eNodeBs. AI: PLMN ID-eNB ID 1 = 2221-650151
2025-09-16;23:22:11;AL  ;Cleared;EUtraNetwork=1,ExternalENodeBFunction=2221-203402;Inconsistent Configuration;Elastic RAN cannot be activated towards remote eNodeB. VLAN IDs do not match. Expected Vlan Id: 3908, Please check the eRAN Vlan Id at the remote eNodeB
2025-09-19;10:23:16;AL  ;Cleared;EUtraNetwork=1,ExternalENodeBFunction=2221-211794;Inconsistent Configuration;Elastic RAN cannot be activated towards remote eNodeB. VLAN IDs do not match. Expected Vlan Id: 3908, Please check the eRAN Vlan Id at the remote eNodeB
2025-09-19;10:23:17;AL  ;Cleared;EUtraNetwork=1,ExternalENodeBFunction=2221-600186;Inconsistent Configuration;Elastic RAN cannot be activated towards remote eNodeB. VLAN IDs do not match. Expected Vlan Id: 3908, Please check the eRAN Vlan Id at the remote eNodeB
2025-09-19;10:23:51;AL  ;Minor ;EUtraNetwork=1,ExternalENodeBFunction=2221-600186;Inconsistent Configuration;Elastic RAN cannot be activated towards remote eNodeB. VLAN IDs do not match. Expected Vlan Id: 3908, Please check the eRAN Vlan Id at the remote eNodeB
2025-09-19;10:24:57;AL  ;Cleared;EUtraNetwork=1,ExternalENodeBFunction=2221-600186;Inconsistent Configuration;Elastic RAN cannot be activated towards remote eNodeB. VLAN IDs do not match. Expected Vlan Id: 3908, Please check the eRAN Vlan Id at the remote eNodeB
2025-09-19;10:25:13;AL  ;Minor ;EUtraNetwork=1,ExternalENodeBFunction=2221-600186;Inconsistent Configuration;Elastic RAN cannot be activated towards remote eNodeB. VLAN IDs do not match. Expected Vlan Id: 3908, Please check the eRAN Vlan Id at the remote eNodeB
2025-09-20;11:05:37;AL  ;Cleared;EUtraNetwork=1,ExternalENodeBFunction=2221-600186;Inconsistent Configuration;Elastic RAN cannot be activated towards remote eNodeB. VLAN IDs do not match. Expected Vlan Id: 3908, Please check the eRAN Vlan Id at the remote eNodeB
2025-09-20;11:10:42;AL  ;Minor ;EUtraNetwork=1,ExternalENodeBFunction=2221-600186;Inconsistent Configuration;Elastic RAN cannot be activated towards remote eNodeB. VLAN IDs do not match. Expected Vlan Id: 3908, Please check the eRAN Vlan Id at the remote eNodeB
2025-09-21;10:08:16;AL  ;Cleared;EUtraNetwork=1,ExternalENodeBFunction=2221-650574;Inter Node Carrier Aggregation Service Unavailable;Elastic RAN Carrier Aggregation is not available towards remote eNodeB.
2025-09-21;10:08:34;AL  ;Cleared;EUtraNetwork=1,ExternalENodeBFunction=2221-204752;Inter Node Carrier Aggregation Service Unavailable;Elastic RAN Carrier Aggregation is not available towards remote eNodeB.
2025-09-21;10:08:36;AL  ;Minor ;EUtraNetwork=1,ExternalENodeBFunction=2221-202978;Inter Node Carrier Aggregation Service Unavailable;Elastic RAN Carrier Aggregation is not available towards remote eNodeB.
2025-09-21;10:08:45;AL  ;Cleared;EUtraNetwork=1,ExternalENodeBFunction=2221-210749;Inter Node Carrier Aggregation Service Unavailable;Elastic RAN Carrier Aggregation is not available towards remote eNodeB.
2025-09-21;10:08:45;AL  ;Cleared;EUtraNetwork=1,ExternalENodeBFunction=2221-204751;Inter Node Carrier Aggregation Service Unavailable;Elastic RAN Carrier Aggregation is not available towards remote eNodeB.
2025-09-21;10:08:46;AL  ;Minor ;EUtraNetwork=1,ExternalENodeBFunction=2221-203402;Inconsistent Configuration;Elastic RAN cannot be activated towards remote eNodeB. VLAN IDs do not match. Expected Vlan Id: 3908, Please check the eRAN Vlan Id at the remote eNodeB
2025-09-21;10:08:50;AL  ;Minor ;EUtraNetwork=1,ExternalENodeBFunction=2221-204752;Inter Node Carrier Aggregation Service Unavailable;Elastic RAN Carrier Aggregation is not available towards remote eNodeB.
2025-09-21;10:09:15;AL  ;Minor ;EUtraNetwork=1,ExternalENodeBFunction=2221-650574;Inter Node Carrier Aggregation Service Unavailable;Elastic RAN Carrier Aggregation is not available towards remote eNodeB.
2025-09-21;10:09:47;AL  ;Minor ;EUtraNetwork=1,ExternalENodeBFunction=2221-210749;Inter Node Carrier Aggregation Service Unavailable;Elastic RAN Carrier Aggregation is not available towards remote eNodeB.
2025-09-21;10:25:52;AL  ;Cleared;EUtraNetwork=1,ExternalENodeBFunction=2221-208849;Inter Node Carrier Aggregation Service Unavailable;Elastic RAN Carrier Aggregation is not available towards remote eNodeB.
2025-09-21;10:26:35;AL  ;Cleared;EUtraNetwork=1,ExternalENodeBFunction=2221-650294;Inter Node Carrier Aggregation Service Unavailable;Elastic RAN Carrier Aggregation is not available towards remote eNodeB.
2025-09-21;10:26:47;AL  ;Minor ;EUtraNetwork=1,ExternalENodeBFunction=2221-208849;Inter Node Carrier Aggregation Service Unavailable;Elastic RAN Carrier Aggregation is not available towards remote eNodeB.
2025-09-21;10:27:38;AL  ;Minor ;EUtraNetwork=1,ExternalENodeBFunction=2221-650294;Inter Node Carrier Aggregation Service Unavailable;Elastic RAN Carrier Aggregation is not available towards remote eNodeB.
2025-09-21;10:29:09;AL  ;Cleared;EUtraNetwork=1,ExternalENodeBFunction=2221-650574;Inter Node Carrier Aggregation Service Unavailable;Elastic RAN Carrier Aggregation is not available towards remote eNodeB.
2025-09-21;10:29:15;AL  ;Cleared;EUtraNetwork=1,ExternalENodeBFunction=2221-211367;Inter Node Carrier Aggregation Service Unavailable;Elastic RAN Carrier Aggregation is not available towards remote eNodeB.
2025-09-21;10:29:22;AL  ;Cleared;EUtraNetwork=1,ExternalENodeBFunction=2221-209975;Inter Node Carrier Aggregation Service Unavailable;Elastic RAN Carrier Aggregation is not available towards remote eNodeB.
2025-09-21;10:29:26;AL  ;Cleared;EUtraNetwork=1,ExternalENodeBFunction=2221-650294;Inter Node Carrier Aggregation Service Unavailable;Elastic RAN Carrier Aggregation is not available towards remote eNodeB.
2025-09-21;10:29:27;AL  ;Minor ;EUtraNetwork=1,ExternalENodeBFunction=2221-204751;Inter Node Carrier Aggregation Service Unavailable;Elastic RAN Carrier Aggregation is not available towards remote eNodeB.
2025-09-21;10:29:32;AL  ;Cleared;EUtraNetwork=1,ExternalENodeBFunction=2221-208849;Inter Node Carrier Aggregation Service Unavailable;Elastic RAN Carrier Aggregation is not available towards remote eNodeB.
2025-09-21;10:29:33;AL  ;Minor ;EUtraNetwork=1,ExternalENodeBFunction=2221-206054;Inter Node Carrier Aggregation Service Unavailable;Elastic RAN Carrier Aggregation is not available towards remote eNodeB.
2025-09-21;10:29:37;AL  ;Cleared;EUtraNetwork=1,ExternalENodeBFunction=2221-650157;Inter Node Carrier Aggregation Service Unavailable;Elastic RAN Carrier Aggregation is not available towards remote eNodeB.
2025-09-21;10:29:38;AL  ;Minor ;EUtraNetwork=1,ExternalENodeBFunction=2221-206055;Inter Node Carrier Aggregation Service Unavailable;Elastic RAN Carrier Aggregation is not available towards remote eNodeB.
2025-09-21;10:29:42;AL  ;Cleared;EUtraNetwork=1,ExternalENodeBFunction=2221-202978;Inter Node Carrier Aggregation Service Unavailable;Elastic RAN Carrier Aggregation is not available towards remote eNodeB.
2025-09-21;10:29:43;AL  ;Minor ;EUtraNetwork=1,ExternalENodeBFunction=2221-207920;Inter Node Carrier Aggregation Service Unavailable;Elastic RAN Carrier Aggregation is not available towards remote eNodeB.
2025-09-21;10:29:48;AL  ;Cleared;EUtraNetwork=1,ExternalENodeBFunction=2221-210749;Inter Node Carrier Aggregation Service Unavailable;Elastic RAN Carrier Aggregation is not available towards remote eNodeB.
2025-09-21;10:29:49;AL  ;Minor ;EUtraNetwork=1,ExternalENodeBFunction=2221-208934;Inter Node Carrier Aggregation Service Unavailable;Elastic RAN Carrier Aggregation is not available towards remote eNodeB.
2025-09-21;10:29:53;AL  ;Cleared;EUtraNetwork=1,ExternalENodeBFunction=2221-211480;Inter Node Carrier Aggregation Service Unavailable;Elastic RAN Carrier Aggregation is not available towards remote eNodeB.
2025-09-21;10:29:57;AL  ;Cleared;EUtraNetwork=1,ExternalENodeBFunction=2221-204752;Inter Node Carrier Aggregation Service Unavailable;Elastic RAN Carrier Aggregation is not available towards remote eNodeB.
2025-09-21;10:30:02;AL  ;Cleared;EUtraNetwork=1,ExternalENodeBFunction=2221-207660;Inter Node Carrier Aggregation Service Unavailable;Elastic RAN Carrier Aggregation is not available towards remote eNodeB.
2025-09-21;10:30:03;AL  ;Minor ;EUtraNetwork=1,ExternalENodeBFunction=2221-211794;Inconsistent Configuration;Elastic RAN cannot be activated towards remote eNodeB. VLAN IDs do not match. Expected Vlan Id: 3908, Please check the eRAN Vlan Id at the remote eNodeB
2025-09-21;10:30:09;AL  ;Minor ;EUtraNetwork=1,ExternalENodeBFunction=2221-211887;Inter Node Carrier Aggregation Service Unavailable;Elastic RAN Carrier Aggregation is not available towards remote eNodeB.
2025-09-21;10:38:00;AL  ;Cleared;EUtraNetwork=1,ExternalENodeBFunction=2221-211887;Inter Node Carrier Aggregation Service Unavailable;Elastic RAN Carrier Aggregation is not available towards remote eNodeB.
2025-09-21;10:38:06;AL  ;Minor ;EUtraNetwork=1,ExternalENodeBFunction=2221-211887;Inter Node Carrier Aggregation Service Unavailable;Elastic RAN Carrier Aggregation is not available towards remote eNodeB.
2025-09-21;10:38:50;AL  ;Minor ;EUtraNetwork=1,ExternalENodeBFunction=2221-650057;Inter Node Carrier Aggregation Service Unavailable;Elastic RAN Carrier Aggregation is not available towards remote eNodeB.
2025-09-21;10:46:33;AL  ;Minor ;EUtraNetwork=1,ExternalENodeBFunction=2221-650413;Inter Node Carrier Aggregation Service Unavailable;Elastic RAN Carrier Aggregation is not available towards remote eNodeB.
2025-09-21;11:00:24;AL  ;Cleared;EUtraNetwork=1,ExternalENodeBFunction=2221-206055;Inter Node Carrier Aggregation Service Unavailable;Elastic RAN Carrier Aggregation is not available towards remote eNodeB.
2025-09-21;11:00:25;AL  ;Cleared;EUtraNetwork=1,ExternalENodeBFunction=2221-206054;Inter Node Carrier Aggregation Service Unavailable;Elastic RAN Carrier Aggregation is not available towards remote eNodeB.
2025-09-21;11:00:32;AL  ;Minor ;EUtraNetwork=1,ExternalENodeBFunction=2221-206055;Inter Node Carrier Aggregation Service Unavailable;Elastic RAN Carrier Aggregation is not available towards remote eNodeB.
2025-09-21;11:01:26;AL  ;Minor ;EUtraNetwork=1,ExternalENodeBFunction=2221-206054;Inter Node Carrier Aggregation Service Unavailable;Elastic RAN Carrier Aggregation is not available towards remote eNodeB.
2025-09-21;11:12:10;AL  ;Cleared;EUtraNetwork=1,ExternalENodeBFunction=2221-208934;Inter Node Carrier Aggregation Service Unavailable;Elastic RAN Carrier Aggregation is not available towards remote eNodeB.
2025-09-21;11:12:31;AL  ;Minor ;EUtraNetwork=1,ExternalENodeBFunction=2221-208934;Inter Node Carrier Aggregation Service Unavailable;Elastic RAN Carrier Aggregation is not available towards remote eNodeB.
2025-09-21;11:14:31;AL  ;Cleared;EUtraNetwork=1,ExternalENodeBFunction=2221-207920;Inter Node Carrier Aggregation Service Unavailable;Elastic RAN Carrier Aggregation is not available towards remote eNodeB.
2025-09-21;11:15:14;AL  ;Minor ;EUtraNetwork=1,ExternalENodeBFunction=2221-207920;Inter Node Carrier Aggregation Service Unavailable;Elastic RAN Carrier Aggregation is not available towards remote eNodeB.
2025-09-21;20:16:30;AL  ;Minor ;EUtraNetwork=1,ExternalENodeBFunction=2221-212059;Inter Node Carrier Aggregation Service Unavailable;Elastic RAN Carrier Aggregation is not available towards remote eNodeB.
2025-09-21;20:42:14;AL  ;Minor ;EUtraNetwork=1,ExternalENodeBFunction=2221-650070;Inter Node Carrier Aggregation Service Unavailable;Elastic RAN Carrier Aggregation is not available towards remote eNodeB.
2025-09-21;23:47:39;AL  ;Cleared;EUtraNetwork=1,ExternalENodeBFunction=2221-203212;Inconsistent Configuration;Elastic RAN cannot be activated towards remote eNodeB. VLAN IDs do not match. Expected Vlan Id: 3908, Please check the eRAN Vlan Id at the remote eNodeB
2025-09-23;23:31:02;AL  ;Minor ;EUtraNetwork=1,ExternalENodeBFunction=2221-203212;Inconsistent Configuration;Elastic RAN cannot be activated towards remote eNodeB. VLAN IDs do not match. Expected Vlan Id: 3908, Please check the eRAN Vlan Id at the remote eNodeB
2025-09-23;23:32:02;AL  ;Minor ;EUtraNetwork=1,ExternalENodeBFunction=2221-211480;Inter Node Carrier Aggregation Service Unavailable;Elastic RAN Carrier Aggregation is not available towards remote eNodeB.
2025-09-24;09:11:26;AL  ;Cleared;EUtraNetwork=1,ExternalENodeBFunction=2221-650060;Inter Node Feature Incompatibility;Elastic RAN feature is not activated in remote eNodeB
2025-09-26;09:30:57;AL  ;Minor ;ENodeBFunction=1;External Link Failure;X2 link problem to one or several neighbouring eNodeBs. AI: PLMN ID-eNB ID 1 = 2221-204184
2025-09-26;10:01:01;AL  ;Cleared;ENodeBFunction=1;External Link Failure;X2 link problem to one or several neighbouring eNodeBs. AI: PLMN ID-eNB ID 1 = 2221-204184 PLMN ID-eNB ID 2 = 2221-204183
2025-09-27;09:35:58;AL  ;Cleared;EUtraNetwork=1,ExternalENodeBFunction=2221-202607;Inconsistent Configuration;Elastic RAN cannot be activated towards remote eNodeB. VLAN IDs do not match. Expected Vlan Id: 3908, Please check the eRAN Vlan Id at the remote eNodeB
2025-09-27;11:43:24;AL  ;Minor ;ENodeBFunction=1;External Link Failure;X2 link problem to one or several neighbouring eNodeBs. AI: PLMN ID-eNB ID 1 = 2221-211205
2025-09-27;11:58:50;AL  ;Cleared;ENodeBFunction=1;External Link Failure;X2 link problem to one or several neighbouring eNodeBs. AI: PLMN ID-eNB ID 1 = 2221-211205
2025-09-27;12:36:57;AL  ;Minor ;ENodeBFunction=1;External Link Failure;X2 link problem to one or several neighbouring eNodeBs. AI: PLMN ID-eNB ID 1 = 2221-211205
2025-09-27;12:44:19;AL  ;Cleared;ENodeBFunction=1;External Link Failure;X2 link problem to one or several neighbouring eNodeBs. AI: PLMN ID-eNB ID 1 = 2221-211205
2025-09-27;12:58:45;AL  ;Minor ;ENodeBFunction=1;External Link Failure;X2 link problem to one or several neighbouring eNodeBs. AI: PLMN ID-eNB ID 1 = 2221-650803
2025-09-27;14:19:23;AL  ;Cleared;ENodeBFunction=1;External Link Failure;X2 link problem to one or several neighbouring eNodeBs. AI: PLMN ID-eNB ID 1 = 2221-650803
2025-09-27;23:22:20;AL  ;Cleared;EUtraNetwork=1,ExternalENodeBFunction=2221-203402;Inconsistent Configuration;Elastic RAN cannot be activated towards remote eNodeB. VLAN IDs do not match. Expected Vlan Id: 3908, Please check the eRAN Vlan Id at the remote eNodeB
2025-09-28;10:09:12;AL  ;Cleared;EUtraNetwork=1,ExternalENodeBFunction=2221-204751;Inter Node Carrier Aggregation Service Unavailable;Elastic RAN Carrier Aggregation is not available towards remote eNodeB.
2025-09-28;10:10:14;AL  ;Minor ;EUtraNetwork=1,ExternalENodeBFunction=2221-204751;Inter Node Carrier Aggregation Service Unavailable;Elastic RAN Carrier Aggregation is not available towards remote eNodeB.
2025-09-28;10:10:23;AL  ;Cleared;EUtraNetwork=1,ExternalENodeBFunction=2221-650070;Inter Node Carrier Aggregation Service Unavailable;Elastic RAN Carrier Aggregation is not available towards remote eNodeB.
2025-09-28;10:10:32;AL  ;Minor ;EUtraNetwork=1,ExternalENodeBFunction=2221-202978;Inter Node Carrier Aggregation Service Unavailable;Elastic RAN Carrier Aggregation is not available towards remote eNodeB.
2025-09-28;10:12:48;AL  ;Cleared;EUtraNetwork=1,ExternalENodeBFunction=2221-650057;Inter Node Carrier Aggregation Service Unavailable;Elastic RAN Carrier Aggregation is not available towards remote eNodeB.
2025-09-28;10:26:06;AL  ;Minor ;EUtraNetwork=1,ExternalENodeBFunction=2221-650294;Inter Node Carrier Aggregation Service Unavailable;Elastic RAN Carrier Aggregation is not available towards remote eNodeB.
2025-09-28;10:28:52;AL  ;Cleared;EUtraNetwork=1,ExternalENodeBFunction=2221-211887;Inter Node Carrier Aggregation Service Unavailable;Elastic RAN Carrier Aggregation is not available towards remote eNodeB.
2025-09-28;10:28:58;AL  ;Cleared;EUtraNetwork=1,ExternalENodeBFunction=2221-206055;Inter Node Carrier Aggregation Service Unavailable;Elastic RAN Carrier Aggregation is not available towards remote eNodeB.
2025-09-28;10:29:02;AL  ;Cleared;EUtraNetwork=1,ExternalENodeBFunction=2221-650294;Inter Node Carrier Aggregation Service Unavailable;Elastic RAN Carrier Aggregation is not available towards remote eNodeB.
2025-09-28;10:29:02;AL  ;Minor ;EUtraNetwork=1,ExternalENodeBFunction=2221-204536;Inter Node Carrier Aggregation Service Unavailable;Elastic RAN Carrier Aggregation is not available towards remote eNodeB.
2025-09-28;10:29:08;AL  ;Cleared;EUtraNetwork=1,ExternalENodeBFunction=2221-204751;Inter Node Carrier Aggregation Service Unavailable;Elastic RAN Carrier Aggregation is not available towards remote eNodeB.
2025-09-28;10:29:08;AL  ;Minor ;EUtraNetwork=1,ExternalENodeBFunction=2221-204752;Inter Node Carrier Aggregation Service Unavailable;Elastic RAN Carrier Aggregation is not available towards remote eNodeB.
2025-09-28;10:29:12;AL  ;Cleared;EUtraNetwork=1,ExternalENodeBFunction=2221-202978;Inter Node Carrier Aggregation Service Unavailable;Elastic RAN Carrier Aggregation is not available towards remote eNodeB.
2025-09-28;10:29:13;AL  ;Minor ;EUtraNetwork=1,ExternalENodeBFunction=2221-208849;Inter Node Carrier Aggregation Service Unavailable;Elastic RAN Carrier Aggregation is not available towards remote eNodeB.
2025-09-28;10:29:19;AL  ;Cleared;EUtraNetwork=1,ExternalENodeBFunction=2221-208934;Inter Node Carrier Aggregation Service Unavailable;Elastic RAN Carrier Aggregation is not available towards remote eNodeB.
2025-09-28;10:29:19;AL  ;Minor ;EUtraNetwork=1,ExternalENodeBFunction=2221-209975;Inter Node Carrier Aggregation Service Unavailable;Elastic RAN Carrier Aggregation is not available towards remote eNodeB.
2025-09-28;10:29:23;AL  ;Cleared;EUtraNetwork=1,ExternalENodeBFunction=2221-211480;Inter Node Carrier Aggregation Service Unavailable;Elastic RAN Carrier Aggregation is not available towards remote eNodeB.
2025-09-28;10:29:23;AL  ;Minor ;EUtraNetwork=1,ExternalENodeBFunction=2221-211367;Inter Node Carrier Aggregation Service Unavailable;Elastic RAN Carrier Aggregation is not available towards remote eNodeB.
2025-09-28;10:29:27;AL  ;Cleared;EUtraNetwork=1,ExternalENodeBFunction=2221-212059;Inter Node Carrier Aggregation Service Unavailable;Elastic RAN Carrier Aggregation is not available towards remote eNodeB.
2025-09-28;10:29:32;AL  ;Cleared;EUtraNetwork=1,ExternalENodeBFunction=2221-207920;Inter Node Carrier Aggregation Service Unavailable;Elastic RAN Carrier Aggregation is not available towards remote eNodeB.
2025-09-28;10:29:37;AL  ;Cleared;EUtraNetwork=1,ExternalENodeBFunction=2221-206054;Inter Node Carrier Aggregation Service Unavailable;Elastic RAN Carrier Aggregation is not available towards remote eNodeB.
2025-09-28;10:29:43;AL  ;Cleared;EUtraNetwork=1,ExternalENodeBFunction=2221-650413;Inter Node Carrier Aggregation Service Unavailable;Elastic RAN Carrier Aggregation is not available towards remote eNodeB.
2025-09-28;10:29:45;AL  ;Minor ;EUtraNetwork=1,ExternalENodeBFunction=2221-211927;Inter Node Carrier Aggregation Service Unavailable;Elastic RAN Carrier Aggregation is not available towards remote eNodeB.
2025-09-28;10:29:46;AL  ;Minor ;EUtraNetwork=1,ExternalENodeBFunction=2221-650294;Inter Node Carrier Aggregation Service Unavailable;Elastic RAN Carrier Aggregation is not available towards remote eNodeB.
2025-09-28;10:30:35;AL  ;Minor ;EUtraNetwork=1,ExternalENodeBFunction=2221-650413;Inter Node Carrier Aggregation Service Unavailable;Elastic RAN Carrier Aggregation is not available towards remote eNodeB.
2025-09-28;10:37:32;AL  ;Cleared;EUtraNetwork=1,ExternalENodeBFunction=2221-650413;Inter Node Carrier Aggregation Service Unavailable;Elastic RAN Carrier Aggregation is not available towards remote eNodeB.
2025-09-28;10:45:28;AL  ;Cleared;EUtraNetwork=1,ExternalENodeBFunction=2221-209975;Inter Node Carrier Aggregation Service Unavailable;Elastic RAN Carrier Aggregation is not available towards remote eNodeB.
2025-09-28;10:45:34;AL  ;Minor ;EUtraNetwork=1,ExternalENodeBFunction=2221-209975;Inter Node Carrier Aggregation Service Unavailable;Elastic RAN Carrier Aggregation is not available towards remote eNodeB.
2025-09-28;11:01:11;AL  ;Cleared;EUtraNetwork=1,ExternalENodeBFunction=2221-211367;Inter Node Carrier Aggregation Service Unavailable;Elastic RAN Carrier Aggregation is not available towards remote eNodeB.
2025-09-28;11:01:59;AL  ;Minor ;EUtraNetwork=1,ExternalENodeBFunction=2221-211367;Inter Node Carrier Aggregation Service Unavailable;Elastic RAN Carrier Aggregation is not available towards remote eNodeB.
2025-09-28;11:13:05;AL  ;Cleared;EUtraNetwork=1,ExternalENodeBFunction=2221-204536;Inter Node Carrier Aggregation Service Unavailable;Elastic RAN Carrier Aggregation is not available towards remote eNodeB.
2025-09-28;11:13:31;AL  ;Minor ;EUtraNetwork=1,ExternalENodeBFunction=2221-204536;Inter Node Carrier Aggregation Service Unavailable;Elastic RAN Carrier Aggregation is not available towards remote eNodeB.
2025-09-28;18:37:56;AL  ;Minor ;EUtraNetwork=1,ExternalENodeBFunction=2221-203402;Inconsistent Configuration;Elastic RAN cannot be activated towards remote eNodeB. VLAN IDs do not match. Expected Vlan Id: 3908, Please check the eRAN Vlan Id at the remote eNodeB
2025-09-28;18:37:57;AL  ;Minor ;EUtraNetwork=1,ExternalENodeBFunction=2221-650478;Inter Node Carrier Aggregation Service Unavailable;Elastic RAN Carrier Aggregation is not available towards remote eNodeB.
2025-09-29;23:47:42;AL  ;Cleared;EUtraNetwork=1,ExternalENodeBFunction=2221-203212;Inconsistent Configuration;Elastic RAN cannot be activated towards remote eNodeB. VLAN IDs do not match. Expected Vlan Id: 3908, Please check the eRAN Vlan Id at the remote eNodeB
2025-09-29;23:48:38;AL  ;Minor ;EUtraNetwork=1,ExternalENodeBFunction=2221-203212;Inconsistent Configuration;Elastic RAN cannot be activated towards remote eNodeB. VLAN IDs do not match. Expected Vlan Id: 3908, Please check the eRAN Vlan Id at the remote eNodeB
2025-09-30;00:26:46;AL  ;Minor ;EUtraNetwork=1,ExternalENodeBFunction=2221-650070;Inter Node Carrier Aggregation Service Unavailable;Elastic RAN Carrier Aggregation is not available towards remote eNodeB.
2025-10-01;09:23:30;AL  ;Minor ;ENodeBFunction=1;External Link Failure;X2 link problem to one or several neighbouring eNodeBs. AI: PLMN ID-eNB ID 1 = 2221-650803
2025-10-01;10:32:46;AL  ;Cleared;ENodeBFunction=1;External Link Failure;X2 link problem to one or several neighbouring eNodeBs. AI: PLMN ID-eNB ID 1 = 2221-650803
2025-10-01;22:56:58;AL  ;Minor ;EUtraNetwork=1,ExternalENodeBFunction=2221-211887;Inter Node Carrier Aggregation Service Unavailable;Elastic RAN Carrier Aggregation is not available towards remote eNodeB.
2025-10-01;23:22:25;AL  ;Minor ;EUtraNetwork=1,ExternalENodeBFunction=2221-206054;Inter Node Carrier Aggregation Service Unavailable;Elastic RAN Carrier Aggregation is not available towards remote eNodeB.
2025-10-02;07:44:43;AL  ;Minor ;ENodeBFunction=1;External Link Failure;X2 link problem to one or several neighbouring eNodeBs. AI: PLMN ID-eNB ID 1 = 2221-600088
2025-10-02;08:40:22;AL  ;Minor ;ENodeBFunction=1;External Link Failure;X2 link problem to one or several neighbouring eNodeBs. AI: PLMN ID-eNB ID 1 = 2221-600088 PLMN ID-eNB ID 2 = 2221-212588
2025-10-02;10:22:11;AL  ;Minor ;ENodeBFunction=1;External Link Failure;X2 link problem to one or several neighbouring eNodeBs. AI: PLMN ID-eNB ID 1 = 2221-600088 PLMN ID-eNB ID 2 = 2221-212588 PLMN ID-eNB ID 3 = 2221-209644 PLMN ID-eNB ID 4 = 2221-650054
2025-10-02;12:05:02;AL  ;Minor ;ENodeBFunction=1;External Link Failure;X2 link problem to one or several neighbouring eNodeBs. AI: PLMN ID-eNB ID 1 = 2221-600088 PLMN ID-eNB ID 2 = 2221-212588 PLMN ID-eNB ID 3 = 2221-209644
2025-10-02;13:40:55;AL  ;Cleared;ENodeBFunction=1;External Link Failure;X2 link problem to one or several neighbouring eNodeBs. AI: PLMN ID-eNB ID 1 = 2221-600088 PLMN ID-eNB ID 2 = 2221-212588 PLMN ID-eNB ID 3 = 2221-209644
2025-10-02;16:43:00;AL  ;Minor ;ENodeBFunction=1;External Link Failure;X2 link problem to one or several neighbouring eNodeBs. AI: PLMN ID-eNB ID 1 = 2221-600088
2025-10-02;16:45:20;AL  ;Cleared;ENodeBFunction=1;External Link Failure;X2 link problem to one or several neighbouring eNodeBs. AI: PLMN ID-eNB ID 1 = 2221-600088
2025-10-03;12:14:49;AL  ;Minor ;ENodeBFunction=1;External Link Failure;X2 link problem to one or several neighbouring eNodeBs. AI: PLMN ID-eNB ID 1 = 2221-206048
2025-10-03;12:45:42;AL  ;Cleared;ENodeBFunction=1;External Link Failure;X2 link problem to one or several neighbouring eNodeBs. AI: PLMN ID-eNB ID 1 = 2221-206048
2025-10-04;23:22:26;AL  ;Cleared;EUtraNetwork=1,ExternalENodeBFunction=2221-203402;Inconsistent Configuration;Elastic RAN cannot be activated towards remote eNodeB. VLAN IDs do not match. Expected Vlan Id: 3908, Please check the eRAN Vlan Id at the remote eNodeB
2025-10-05;09:55:53;AL  ;Cleared;EUtraNetwork=1,ExternalENodeBFunction=2221-204752;Inter Node Carrier Aggregation Service Unavailable;Elastic RAN Carrier Aggregation is not available towards remote eNodeB.
2025-10-05;09:56:40;AL  ;Minor ;EUtraNetwork=1,ExternalENodeBFunction=2221-204752;Inter Node Carrier Aggregation Service Unavailable;Elastic RAN Carrier Aggregation is not available towards remote eNodeB.
2025-10-05;09:57:57;AL  ;Cleared;EUtraNetwork=1,ExternalENodeBFunction=2221-650070;Inter Node Carrier Aggregation Service Unavailable;Elastic RAN Carrier Aggregation is not available towards remote eNodeB.
2025-10-05;09:58:32;AL  ;Minor ;EUtraNetwork=1,ExternalENodeBFunction=2221-650070;Inter Node Carrier Aggregation Service Unavailable;Elastic RAN Carrier Aggregation is not available towards remote eNodeB.
2025-10-05;10:12:42;AL  ;Cleared;EUtraNetwork=1,ExternalENodeBFunction=2221-208849;Inter Node Carrier Aggregation Service Unavailable;Elastic RAN Carrier Aggregation is not available towards remote eNodeB.
2025-10-05;10:13:02;AL  ;Minor ;EUtraNetwork=1,ExternalENodeBFunction=2221-208849;Inter Node Carrier Aggregation Service Unavailable;Elastic RAN Carrier Aggregation is not available towards remote eNodeB.
2025-10-05;10:13:26;AL  ;Cleared;EUtraNetwork=1,ExternalENodeBFunction=2221-650294;Inter Node Carrier Aggregation Service Unavailable;Elastic RAN Carrier Aggregation is not available towards remote eNodeB.
2025-10-05;10:13:30;AL  ;Minor ;EUtraNetwork=1,ExternalENodeBFunction=2221-202978;Inter Node Carrier Aggregation Service Unavailable;Elastic RAN Carrier Aggregation is not available towards remote eNodeB.
2025-10-05;10:15:32;AL  ;Cleared;EUtraNetwork=1,ExternalENodeBFunction=2221-211927;Inter Node Carrier Aggregation Service Unavailable;Elastic RAN Carrier Aggregation is not available towards remote eNodeB.
2025-10-05;10:16:01;AL  ;Cleared;EUtraNetwork=1,ExternalENodeBFunction=2221-211887;Inter Node Carrier Aggregation Service Unavailable;Elastic RAN Carrier Aggregation is not available towards remote eNodeB.
2025-10-05;10:16:06;AL  ;Cleared;EUtraNetwork=1,ExternalENodeBFunction=2221-211367;Inter Node Carrier Aggregation Service Unavailable;Elastic RAN Carrier Aggregation is not available towards remote eNodeB.
2025-10-05;10:16:07;AL  ;Minor ;EUtraNetwork=1,ExternalENodeBFunction=2221-206055;Inter Node Carrier Aggregation Service Unavailable;Elastic RAN Carrier Aggregation is not available towards remote eNodeB.
2025-10-05;10:16:14;AL  ;Cleared;EUtraNetwork=1,ExternalENodeBFunction=2221-209975;Inter Node Carrier Aggregation Service Unavailable;Elastic RAN Carrier Aggregation is not available towards remote eNodeB.
2025-10-05;10:16:14;AL  ;Minor ;EUtraNetwork=1,ExternalENodeBFunction=2221-207920;Inter Node Carrier Aggregation Service Unavailable;Elastic RAN Carrier Aggregation is not available towards remote eNodeB.
2025-10-05;10:16:18;AL  ;Cleared;EUtraNetwork=1,ExternalENodeBFunction=2221-650478;Inter Node Carrier Aggregation Service Unavailable;Elastic RAN Carrier Aggregation is not available towards remote eNodeB.
2025-10-05;10:16:18;AL  ;Minor ;EUtraNetwork=1,ExternalENodeBFunction=2221-208934;Inter Node Carrier Aggregation Service Unavailable;Elastic RAN Carrier Aggregation is not available towards remote eNodeB.
2025-10-05;10:16:23;AL  ;Cleared;EUtraNetwork=1,ExternalENodeBFunction=2221-208849;Inter Node Carrier Aggregation Service Unavailable;Elastic RAN Carrier Aggregation is not available towards remote eNodeB.
2025-10-05;10:16:23;AL  ;Minor ;EUtraNetwork=1,ExternalENodeBFunction=2221-211480;Inter Node Carrier Aggregation Service Unavailable;Elastic RAN Carrier Aggregation is not available towards remote eNodeB.
2025-10-05;10:16:27;AL  ;Cleared;EUtraNetwork=1,ExternalENodeBFunction=2221-202978;Inter Node Carrier Aggregation Service Unavailable;Elastic RAN Carrier Aggregation is not available towards remote eNodeB.
2025-10-05;10:16:30;AL  ;Minor ;EUtraNetwork=1,ExternalENodeBFunction=2221-211927;Inter Node Carrier Aggregation Service Unavailable;Elastic RAN Carrier Aggregation is not available towards remote eNodeB.
2025-10-05;10:16:33;AL  ;Cleared;EUtraNetwork=1,ExternalENodeBFunction=2221-650070;Inter Node Carrier Aggregation Service Unavailable;Elastic RAN Carrier Aggregation is not available towards remote eNodeB.
2025-10-05;10:16:40;AL  ;Cleared;EUtraNetwork=1,ExternalENodeBFunction=2221-204752;Inter Node Carrier Aggregation Service Unavailable;Elastic RAN Carrier Aggregation is not available towards remote eNodeB.
2025-10-05;10:16:45;AL  ;Cleared;EUtraNetwork=1,ExternalENodeBFunction=2221-206054;Inter Node Carrier Aggregation Service Unavailable;Elastic RAN Carrier Aggregation is not available towards remote eNodeB.
2025-10-05;10:16:50;AL  ;Cleared;EUtraNetwork=1,ExternalENodeBFunction=2221-204536;Inter Node Carrier Aggregation Service Unavailable;Elastic RAN Carrier Aggregation is not available towards remote eNodeB.
2025-10-05;10:16:57;AL  ;Minor ;EUtraNetwork=1,ExternalENodeBFunction=2221-650057;Inter Node Carrier Aggregation Service Unavailable;Elastic RAN Carrier Aggregation is not available towards remote eNodeB.
2025-10-05;10:45:51;AL  ;Cleared;EUtraNetwork=1,ExternalENodeBFunction=2221-206055;Inter Node Carrier Aggregation Service Unavailable;Elastic RAN Carrier Aggregation is not available towards remote eNodeB.
2025-10-05;10:45:59;AL  ;Minor ;EUtraNetwork=1,ExternalENodeBFunction=2221-650071;Inter Node Carrier Aggregation Service Unavailable;Elastic RAN Carrier Aggregation is not available towards remote eNodeB.
2025-10-05;10:46:54;AL  ;Minor ;EUtraNetwork=1,ExternalENodeBFunction=2221-206055;Inter Node Carrier Aggregation Service Unavailable;Elastic RAN Carrier Aggregation is not available towards remote eNodeB.
2025-10-05;10:53:15;AL  ;Cleared;EUtraNetwork=1,ExternalENodeBFunction=2221-211480;Inter Node Carrier Aggregation Service Unavailable;Elastic RAN Carrier Aggregation is not available towards remote eNodeB.
2025-10-05;10:54:16;AL  ;Minor ;EUtraNetwork=1,ExternalENodeBFunction=2221-211480;Inter Node Carrier Aggregation Service Unavailable;Elastic RAN Carrier Aggregation is not available towards remote eNodeB.
2025-10-05;10:56:49;AL  ;Cleared;EUtraNetwork=1,ExternalENodeBFunction=2221-208934;Inter Node Carrier Aggregation Service Unavailable;Elastic RAN Carrier Aggregation is not available towards remote eNodeB.
2025-10-05;10:57:47;AL  ;Minor ;EUtraNetwork=1,ExternalENodeBFunction=2221-208934;Inter Node Carrier Aggregation Service Unavailable;Elastic RAN Carrier Aggregation is not available towards remote eNodeB.
2025-10-05;10:59:06;AL  ;Cleared;EUtraNetwork=1,ExternalENodeBFunction=2221-207920;Inter Node Carrier Aggregation Service Unavailable;Elastic RAN Carrier Aggregation is not available towards remote eNodeB.
2025-10-05;10:59:51;AL  ;Minor ;EUtraNetwork=1,ExternalENodeBFunction=2221-207920;Inter Node Carrier Aggregation Service Unavailable;Elastic RAN Carrier Aggregation is not available towards remote eNodeB.
2025-10-05;14:40:22;AL  ;Minor ;EUtraNetwork=1,ExternalENodeBFunction=2221-211367;Inter Node Carrier Aggregation Service Unavailable;Elastic RAN Carrier Aggregation is not available towards remote eNodeB.
2025-10-05;16:40:44;AL  ;Minor ;EUtraNetwork=1,ExternalENodeBFunction=2221-650294;Inter Node Carrier Aggregation Service Unavailable;Elastic RAN Carrier Aggregation is not available towards remote eNodeB.
2025-10-06;12:46:54;AL  ;Minor ;ENodeBFunction=1;External Link Failure;X2 link problem to one or several neighbouring eNodeBs. AI: PLMN ID-eNB ID 1 = 2221-600510
2025-10-06;13:02:55;AL  ;Cleared;ENodeBFunction=1;External Link Failure;X2 link problem to one or several neighbouring eNodeBs. AI: PLMN ID-eNB ID 1 = 2221-600510


RL46E> lgec -m 30d

251007-11:13:11+0200 19.31.14.141 25.0h MSRBS_NODE_MODEL_25.Q1_693.28324.131_62ac stopfile=/tmp/675469

Startdate=20250907.091311, Enddate=20251008.091311
Date;Time;Log;Severity;Object;Event;Cause;AdditionalText;AckState;Id;NotificationId;CorrelatedAlarms
Executing action Log.export()
..
Log=AlertLog                    actionId=49363
...
=================================================================================================================
MO                  actionId result      resultInfo
=================================================================================================================
LogM=1,Log=AlertLog 49363    1 (SUCCESS)           
cat  /ericsson/log/amos/moshell_logfiles/t20251007_37258710_53697/logs_moshell/tempfiles/scp-2-amos_20251007-111232_675404/rcslogs/AlertLog_20240301__081420_20250226__232143.log /ericsson/log/amos/moshell_logfiles/t20251007_37258710_53697/logs_moshell/tempfiles/scp-2-amos_20251007-111232_675404/rcslogs/AlertLog_20250226__232143.log > /ericsson/log/amos/moshell_logfiles/t20251007_37258710_53697/logs_moshell/tempfiles/scp-2-amos_20251007-111232_675404/eventLog675469.xml

Bye...
Output has been logged to file /mta_fs/UserFiles/37258710/amosbatch/2025-10-07_11-07-01_53697/RL46E.log
