Logging to file /mta_fs/UserFiles/37258710/amosbatch/2025-10-07_11-07-01_53697/RL51L.log
                        __  __  ____   _____
                  /\   |  \/  |/ __ \ / ____|
                 /  \  | \  / | |  | | (___  
                / /\ \ | |\/| | |  | |\___ \ 
               / ____ \| |  | | |__| |____) |
              /_/    \_\_|  |_|\____/|_____/
              OSS Framework for MoShell-25.0h 
  Copyright (c) Ericsson AB 2001-2025 - All Rights Reserved
              
           
[1;31mWARNING: [0mthe AMOS version currently running is more than 22 weeks old and is unsupported.
Please upgrade as soon as possible to the latest released version, available from your local Ericsson support.

$amosrb_pid = 934061

Checking ip contact...OK

HELP MENU            : h
BASIC MO COMMANDS    : m
OTHER MO COMMANDS    : n
OTHER COMMANDS       : o
PM COMMANDS          : p
QUIT                 : q

RL51L> lt all

251007-11:42:43+0200 19.31.14.183 25.0h  stopfile=/tmp/933856
Looking up temporary_amos account... OK.
Trying temporary_amos_t20251007_37258710_53697_313's password from amos lookupAccount ... OK

$ssh_pid = 935141

Connected to 19.31.14.183 (SubNetwork=BBMM_rckomc_R,MeContext=RL51L,ManagedElement=RL51L)

Checking MOM version...MSRBS_NODE_MODEL_25.Q1_693.28324.131_62ac
Parsing MOM (cached): /ericsson/log/amos/moshell_logfiles/t20251007_37258710_53697/logs_moshell/tempfiles/scp-2-amos_20251007-114236_933793/MSRBS_NODE_MODEL_25.Q1_693.28324.131_62ac.xml.cache.gz ..................................................................................................................................................................................................................................Done.
Using paramfile /opt/ericsson/amos/moshell/commonjars/pm/PARAM_MSRBS_25.Q1.txt
Parsing file /opt/ericsson/amos/moshell/commonjars/pm/PARAM_MSRBS_25.Q1.txt .......................................................................................Done.
Using imomdfile /opt/ericsson/amos/moshell/commonjars/pm/IMOMD_MSRBS_22.Q4.txt
Using imomfile /opt/ericsson/amos/moshell/commonjars/pm/IMOM_MSRBS_25.Q1.txt
Connected to 19.31.14.183 (SubNetwork=BBMM_rckomc_R,MeContext=RL51L,ManagedElement=RL51L)

Last MO: 18398. Loaded 18398 MOs. Total: 18399 MOs.

RL51L> hget EUtranCellFDD ^cellid

251007-11:42:58+0200 19.31.14.183 25.0h MSRBS_NODE_MODEL_25.Q1_693.28324.131_62ac stopfile=/tmp/933856
.
=================================================================================================================
MO                   cellId
=================================================================================================================
EUtranCellFDD=RL51E2 62    
EUtranCellFDD=RL51E3 63    
EUtranCellFDD=RL51L1 21    
EUtranCellFDD=RL51L2 22    
EUtranCellFDD=RL51L3 23    
=================================================================================================================
Total: 5 MOs

Added 5 MOs to group: hget_group

RL51L> hget NbIotCell ^cellid

251007-11:42:58+0200 19.31.14.183 25.0h MSRBS_NODE_MODEL_25.Q1_693.28324.131_62ac stopfile=/tmp/933856
.
=================================================================================================================
MO               cellId
=================================================================================================================
NbIotCell=RL51N2 162   
NbIotCell=RL51N3 163   
=================================================================================================================
Total: 2 MOs

Added 2 MOs to group: hget_group

RL51L> hget NRCellDU ^cellLocalId

251007-11:42:59+0200 19.31.14.183 25.0h MSRBS_NODE_MODEL_25.Q1_693.28324.131_62ac stopfile=/tmp/933856
Total: 0 MOs

RL51L> lgdc -m 30d

251007-11:42:59+0200 19.31.14.183 25.0h MSRBS_NODE_MODEL_25.Q1_693.28324.131_62ac stopfile=/tmp/933856

Startdate=20250907.094259, Enddate=20251008.094259
INFO: Using amos lookupAccount credentials for the export login

Executing action LogM.exportAvailabilityLog()
...LogM=1,exportAvailabilityLog    actionId=50198
...
=================================================================================================================
MO     actionId result      resultInfo
=================================================================================================================
LogM=1 50198    1 (SUCCESS)           
cp /ericsson/log/amos/moshell_logfiles/t20251007_37258710_53697/logs_moshell/tempfiles/scp-2-amos_20251007-114236_933793/rcslogs/RBS_CS_AVAILABILITY_LOG_20251007094301.xml /ericsson/log/amos/moshell_logfiles/t20251007_37258710_53697/logs_moshell/tempfiles/scp-2-amos_20251007-114236_933793/availabilityLog933856.xml
Parsing availabilityLog......Done.
...
Date;Time;RestartType;SwVersion;SwRelease;RCSDowntime;ApplicationDowntime;TNDowntime;RATsDowntime;ExtraInfo;ExtraInfo2
2025-09-08;07:41:18;PartialOutage(Manual);20% Lrat Cell 21; ();13s;;;;;
2025-09-08;07:41:35;PartialOutage(Manual);20% Lrat Cell 22; ();8s;;;;;
2025-09-08;07:41:58;PartialOutage(Manual);20% Lrat Cell 23; ();2s;;;;;
2025-09-08;07:42:04;PartialOutage(Manual);20% Lrat Cell 63; ();20s;;;;;
2025-09-08;07:42:24;PartialOutage(Manual);50% Lrat Cell 162 163; ();1s;;;;;
2025-09-08;07:42:28;PartialOutage(Manual);20% Lrat Cell 62; ();7s;;;;;
2025-09-08;07:42:39;PartialOutage(Manual);62% Lrat Cell 162; ();10s;;;;;

Node uptime since last restart: 2512819 seconds (29 days, 2 hours, 0 minutes, 19 seconds)
------------------------------------------------------------------------------------------------------
Period=30 days       NodeUpgrade      NodeManual       NodeSpontaneous  AllNodeRestarts  PartialOutages  
------------------------------------------------------------------------------------------------------
Number Of outages    0                0                0                0                7               
Total downtime       0s               0s               0s               0s               61s (1m1s)      
Downtime per day     0s               0s               0s               0s               2s              
Downtime per outage  0s               0s               0s               0s               9s              

RL51L> lgac -m 30d

251007-11:43:08+0200 19.31.14.183 25.0h MSRBS_NODE_MODEL_25.Q1_693.28324.131_62ac stopfile=/tmp/933856

Startdate=20250907.094308, Enddate=20251008.094308
Date;Time;Log;Severity;Object;Event;Cause;AdditionalText;AckState;Id;NotificationId;CorrelatedAlarms
Executing action Log.export()
..
Log=AlarmLog                    actionId=50199
..........
=================================================================================================================
MO                  actionId result      resultInfo
=================================================================================================================
LogM=1,Log=AlarmLog 50199    1 (SUCCESS)           
cat  /ericsson/log/amos/moshell_logfiles/t20251007_37258710_53697/logs_moshell/tempfiles/scp-2-amos_20251007-114236_933793/rcslogs/saLogAlarm_20230530__070033_20240423__172239.log /ericsson/log/amos/moshell_logfiles/t20251007_37258710_53697/logs_moshell/tempfiles/scp-2-amos_20251007-114236_933793/rcslogs/saLogAlarm_20240423__172239_20250226__233642.log /ericsson/log/amos/moshell_logfiles/t20251007_37258710_53697/logs_moshell/tempfiles/scp-2-amos_20251007-114236_933793/rcslogs/saLogAlarm_20250226__233642.log > /ericsson/log/amos/moshell_logfiles/t20251007_37258710_53697/logs_moshell/tempfiles/scp-2-amos_20251007-114236_933793/alarmLog933856.xml
2025-09-07;09:47:31;AL  ;Cleared;EUtraNetwork=1,ExternalENodeBFunction=2221-650048;Inter Node Carrier Aggregation Service Unavailable;Elastic RAN Carrier Aggregation is not available towards remote eNodeB.
2025-09-07;09:48:08;AL  ;Minor ;EUtraNetwork=1,ExternalENodeBFunction=2221-650048;Inter Node Carrier Aggregation Service Unavailable;Elastic RAN Carrier Aggregation is not available towards remote eNodeB.
2025-09-07;10:05:18;AL  ;Cleared;EUtraNetwork=1,ExternalENodeBFunction=2221-650067;Inter Node Carrier Aggregation Service Unavailable;Elastic RAN Carrier Aggregation is not available towards remote eNodeB.
2025-09-07;10:05:33;AL  ;Minor ;EUtraNetwork=1,ExternalENodeBFunction=2221-650067;Inter Node Carrier Aggregation Service Unavailable;Elastic RAN Carrier Aggregation is not available towards remote eNodeB.
2025-09-07;10:34:42;AL  ;Cleared;EUtraNetwork=1,ExternalENodeBFunction=2221-208849;Inter Node Carrier Aggregation Service Unavailable;Elastic RAN Carrier Aggregation is not available towards remote eNodeB.
2025-09-07;10:35:08;AL  ;Minor ;EUtraNetwork=1,ExternalENodeBFunction=2221-208849;Inter Node Carrier Aggregation Service Unavailable;Elastic RAN Carrier Aggregation is not available towards remote eNodeB.
2025-09-07;10:38:04;AL  ;Cleared;EUtraNetwork=1,ExternalENodeBFunction=2221-650143;Inter Node Carrier Aggregation Service Unavailable;Elastic RAN Carrier Aggregation is not available towards remote eNodeB.
2025-09-07;10:38:18;AL  ;Minor ;EUtraNetwork=1,ExternalENodeBFunction=2221-202977;Inter Node Carrier Aggregation Service Unavailable;Elastic RAN Carrier Aggregation is not available towards remote eNodeB.
2025-09-07;10:42:24;AL  ;Cleared;EUtraNetwork=1,ExternalENodeBFunction=2221-209975;Inter Node Carrier Aggregation Service Unavailable;Elastic RAN Carrier Aggregation is not available towards remote eNodeB.
2025-09-07;10:42:26;AL  ;Minor ;EUtraNetwork=1,ExternalENodeBFunction=2221-204636;Inconsistent Configuration;Elastic RAN cannot be activated towards remote eNodeB. VLAN IDs do not match. Expected Vlan Id: 3908, Please check the eRAN Vlan Id at the remote eNodeB
2025-09-07;10:42:27;AL  ;Cleared;EUtraNetwork=1,ExternalENodeBFunction=2221-650067;Inter Node Carrier Aggregation Service Unavailable;Elastic RAN Carrier Aggregation is not available towards remote eNodeB.
2025-09-07;10:42:29;AL  ;Minor ;EUtraNetwork=1,ExternalENodeBFunction=2221-211114;Inter Node Carrier Aggregation Service Unavailable;Elastic RAN Carrier Aggregation is not available towards remote eNodeB.
2025-09-07;10:42:33;AL  ;Cleared;EUtraNetwork=1,ExternalENodeBFunction=2221-208849;Inter Node Carrier Aggregation Service Unavailable;Elastic RAN Carrier Aggregation is not available towards remote eNodeB.
2025-09-07;10:42:38;AL  ;Cleared;EUtraNetwork=1,ExternalENodeBFunction=2221-650048;Inter Node Carrier Aggregation Service Unavailable;Elastic RAN Carrier Aggregation is not available towards remote eNodeB.
2025-09-07;10:42:39;AL  ;Minor ;EUtraNetwork=1,ExternalENodeBFunction=2221-211614;Inter Node Carrier Aggregation Service Unavailable;Elastic RAN Carrier Aggregation is not available towards remote eNodeB.
2025-09-07;10:42:42;AL  ;Cleared;EUtraNetwork=1,ExternalENodeBFunction=2221-202977;Inter Node Carrier Aggregation Service Unavailable;Elastic RAN Carrier Aggregation is not available towards remote eNodeB.
2025-09-07;10:42:43;AL  ;Minor ;EUtraNetwork=1,ExternalENodeBFunction=2221-212452;Inter Node Carrier Aggregation Service Unavailable;Elastic RAN Carrier Aggregation is not available towards remote eNodeB.
2025-09-07;10:45:25;AL  ;Cleared;EUtraNetwork=1,ExternalENodeBFunction=2221-212452;Inter Node Carrier Aggregation Service Unavailable;Elastic RAN Carrier Aggregation is not available towards remote eNodeB.
2025-09-07;10:45:36;AL  ;Minor ;EUtraNetwork=1,ExternalENodeBFunction=2221-212452;Inter Node Carrier Aggregation Service Unavailable;Elastic RAN Carrier Aggregation is not available towards remote eNodeB.
2025-09-07;17:01:35;AL  ;Minor ;EUtraNetwork=1,ExternalENodeBFunction=2221-650537;Inter Node Carrier Aggregation Service Unavailable;Elastic RAN Carrier Aggregation is not available towards remote eNodeB.
2025-09-07;17:17:29;AL  ;Minor ;EUtraNetwork=1,ExternalENodeBFunction=2221-650294;Inter Node Carrier Aggregation Service Unavailable;Elastic RAN Carrier Aggregation is not available towards remote eNodeB.
2025-09-08;07:14:11;AL  ;Minor ;ENodeBFunction=1;External Link Failure;X2 link problem to one or several neighbouring eNodeBs. AI: PLMN ID-eNB ID 1 = 2221-650051
2025-09-08;07:42:04;AL  ;Minor ;EUtraNetwork=1,ExternalENodeBFunction=2221-650097;Inter Node Feature Incompatibility;Elastic RAN feature is not activated in remote eNodeB. SUPPRESSED
2025-09-08;12:38:52;AL  ;Cleared;ENodeBFunction=1;External Link Failure;X2 link problem to one or several neighbouring eNodeBs. AI: PLMN ID-eNB ID 1 = 2221-650051
2025-09-11;00:19:10;AL  ;Cleared;EUtraNetwork=1,ExternalENodeBFunction=2221-600479;Inconsistent Configuration;Elastic RAN cannot be activated towards remote eNodeB. VLAN IDs do not match. Expected Vlan Id: 3908, Please check the eRAN Vlan Id at the remote eNodeB
2025-09-11;16:43:27;AL  ;Cleared;EUtraNetwork=1,ExternalENodeBFunction=2221-204636;Inconsistent Configuration;Elastic RAN cannot be activated towards remote eNodeB. VLAN IDs do not match. Expected Vlan Id: 3908, Please check the eRAN Vlan Id at the remote eNodeB
2025-09-12;09:00:58;AL  ;Minor ;ENodeBFunction=1;External Link Failure;X2 link problem to one or several neighbouring eNodeBs. AI: PLMN ID-eNB ID 1 = 2221-205188
2025-09-12;09:02:10;AL  ;Cleared;ENodeBFunction=1;External Link Failure;X2 link problem to one or several neighbouring eNodeBs. AI: PLMN ID-eNB ID 1 = 2221-205188
2025-09-14;09:52:09;AL  ;Cleared;EUtraNetwork=1,ExternalENodeBFunction=2221-211614;Inter Node Carrier Aggregation Service Unavailable;Elastic RAN Carrier Aggregation is not available towards remote eNodeB.
2025-09-14;09:52:28;AL  ;Minor ;EUtraNetwork=1,ExternalENodeBFunction=2221-211614;Inter Node Carrier Aggregation Service Unavailable;Elastic RAN Carrier Aggregation is not available towards remote eNodeB.
2025-09-14;10:34:58;AL  ;Cleared;EUtraNetwork=1,ExternalENodeBFunction=2221-211114;Inter Node Carrier Aggregation Service Unavailable;Elastic RAN Carrier Aggregation is not available towards remote eNodeB.
2025-09-14;10:35:37;AL  ;Minor ;EUtraNetwork=1,ExternalENodeBFunction=2221-211114;Inter Node Carrier Aggregation Service Unavailable;Elastic RAN Carrier Aggregation is not available towards remote eNodeB.
2025-09-14;10:42:44;AL  ;Cleared;EUtraNetwork=1,ExternalENodeBFunction=2221-650294;Inter Node Carrier Aggregation Service Unavailable;Elastic RAN Carrier Aggregation is not available towards remote eNodeB.
2025-09-14;10:42:58;AL  ;Minor ;EUtraNetwork=1,ExternalENodeBFunction=2221-650294;Inter Node Carrier Aggregation Service Unavailable;Elastic RAN Carrier Aggregation is not available towards remote eNodeB.
2025-09-14;10:49:47;AL  ;Cleared;EUtraNetwork=1,ExternalENodeBFunction=2221-211614;Inter Node Carrier Aggregation Service Unavailable;Elastic RAN Carrier Aggregation is not available towards remote eNodeB.
2025-09-14;10:49:52;AL  ;Cleared;EUtraNetwork=1,ExternalENodeBFunction=2221-650294;Inter Node Carrier Aggregation Service Unavailable;Elastic RAN Carrier Aggregation is not available towards remote eNodeB.
2025-09-14;10:49:52;AL  ;Minor ;EUtraNetwork=1,ExternalENodeBFunction=2221-202977;Inter Node Carrier Aggregation Service Unavailable;Elastic RAN Carrier Aggregation is not available towards remote eNodeB.
2025-09-14;10:49:56;AL  ;Minor ;EUtraNetwork=1,ExternalENodeBFunction=2221-204537;Inter Node Carrier Aggregation Service Unavailable;Elastic RAN Carrier Aggregation is not available towards remote eNodeB.
2025-09-14;10:49:56;AL  ;Cleared;EUtraNetwork=1,ExternalENodeBFunction=2221-650537;Inter Node Carrier Aggregation Service Unavailable;Elastic RAN Carrier Aggregation is not available towards remote eNodeB.
2025-09-14;10:49:59;AL  ;Minor ;EUtraNetwork=1,ExternalENodeBFunction=2221-204636;Inconsistent Configuration;Elastic RAN cannot be activated towards remote eNodeB. VLAN IDs do not match. Expected Vlan Id: 3908, Please check the eRAN Vlan Id at the remote eNodeB
2025-09-14;10:50:00;AL  ;Cleared;EUtraNetwork=1,ExternalENodeBFunction=2221-211114;Inter Node Carrier Aggregation Service Unavailable;Elastic RAN Carrier Aggregation is not available towards remote eNodeB.
2025-09-14;10:50:05;AL  ;Cleared;EUtraNetwork=1,ExternalENodeBFunction=2221-212452;Inter Node Carrier Aggregation Service Unavailable;Elastic RAN Carrier Aggregation is not available towards remote eNodeB.
2025-09-14;10:50:05;AL  ;Minor ;EUtraNetwork=1,ExternalENodeBFunction=2221-208849;Inter Node Carrier Aggregation Service Unavailable;Elastic RAN Carrier Aggregation is not available towards remote eNodeB.
2025-09-14;11:01:44;AL  ;Minor ;EUtraNetwork=1,ExternalENodeBFunction=2221-209975;Inter Node Carrier Aggregation Service Unavailable;Elastic RAN Carrier Aggregation is not available towards remote eNodeB.
2025-09-14;11:14:27;AL  ;Cleared;EUtraNetwork=1,ExternalENodeBFunction=2221-202977;Inter Node Carrier Aggregation Service Unavailable;Elastic RAN Carrier Aggregation is not available towards remote eNodeB.
2025-09-14;11:14:57;AL  ;Minor ;EUtraNetwork=1,ExternalENodeBFunction=2221-202977;Inter Node Carrier Aggregation Service Unavailable;Elastic RAN Carrier Aggregation is not available towards remote eNodeB.
2025-09-14;11:32:46;AL  ;Cleared;EUtraNetwork=1,ExternalENodeBFunction=2221-204537;Inter Node Carrier Aggregation Service Unavailable;Elastic RAN Carrier Aggregation is not available towards remote eNodeB.
2025-09-14;11:33:43;AL  ;Minor ;EUtraNetwork=1,ExternalENodeBFunction=2221-204537;Inter Node Carrier Aggregation Service Unavailable;Elastic RAN Carrier Aggregation is not available towards remote eNodeB.
2025-09-14;20:41:00;AL  ;Minor ;EUtraNetwork=1,ExternalENodeBFunction=2221-600479;Inconsistent Configuration;Elastic RAN cannot be activated towards remote eNodeB. VLAN IDs do not match. Expected Vlan Id: 3908, Please check the eRAN Vlan Id at the remote eNodeB
2025-09-14;21:18:02;AL  ;Minor ;EUtraNetwork=1,ExternalENodeBFunction=2221-650048;Inter Node Carrier Aggregation Service Unavailable;Elastic RAN Carrier Aggregation is not available towards remote eNodeB.
2025-09-16;10:01:51;AL  ;Warning;ENodeBFunction=1;PLMN Service Redundancy Lost;S1 connection failure for PLMN connected with link represented by MO listed in Additional Information. AI: PLMN = ["2221"],DN1=ManagedElement=1,ENodeBFunction=1,TermPointToMme=5,
2025-09-16;10:02:21;AL  ;Cleared;ENodeBFunction=1;PLMN Service Redundancy Lost;S1 connection failure for PLMN connected with link represented by MO listed in Additional Information. AI: PLMN = ["2221"],DN1=ManagedElement=1,ENodeBFunction=1,TermPointToMme=5,
2025-09-19;07:09:35;AL  ;Minor ;ENodeBFunction=1;External Link Failure;X2 link problem to one or several neighbouring eNodeBs. AI: PLMN ID-eNB ID 1 = 2221-208471
2025-09-19;12:09:09;AL  ;Minor ;ENodeBFunction=1;External Link Failure;X2 link problem to one or several neighbouring eNodeBs. AI: PLMN ID-eNB ID 1 = 2221-208472
2025-09-19;12:10:10;AL  ;Cleared;ENodeBFunction=1;External Link Failure;X2 link problem to one or several neighbouring eNodeBs. AI: PLMN ID-eNB ID 1 = 2221-208472
2025-09-19;16:43:31;AL  ;Cleared;EUtraNetwork=1,ExternalENodeBFunction=2221-204636;Inconsistent Configuration;Elastic RAN cannot be activated towards remote eNodeB. VLAN IDs do not match. Expected Vlan Id: 3908, Please check the eRAN Vlan Id at the remote eNodeB
2025-09-21;09:40:41;AL  ;Cleared;EUtraNetwork=1,ExternalENodeBFunction=2221-650048;Inter Node Carrier Aggregation Service Unavailable;Elastic RAN Carrier Aggregation is not available towards remote eNodeB.
2025-09-21;09:41:42;AL  ;Minor ;EUtraNetwork=1,ExternalENodeBFunction=2221-650048;Inter Node Carrier Aggregation Service Unavailable;Elastic RAN Carrier Aggregation is not available towards remote eNodeB.
2025-09-21;10:25:45;AL  ;Cleared;EUtraNetwork=1,ExternalENodeBFunction=2221-208849;Inter Node Carrier Aggregation Service Unavailable;Elastic RAN Carrier Aggregation is not available towards remote eNodeB.
2025-09-21;10:26:16;AL  ;Minor ;EUtraNetwork=1,ExternalENodeBFunction=2221-208849;Inter Node Carrier Aggregation Service Unavailable;Elastic RAN Carrier Aggregation is not available towards remote eNodeB.
2025-09-21;10:33:15;AL  ;Cleared;EUtraNetwork=1,ExternalENodeBFunction=2221-209975;Inter Node Carrier Aggregation Service Unavailable;Elastic RAN Carrier Aggregation is not available towards remote eNodeB.
2025-09-21;10:33:18;AL  ;Minor ;EUtraNetwork=1,ExternalENodeBFunction=2221-204636;Inconsistent Configuration;Elastic RAN cannot be activated towards remote eNodeB. VLAN IDs do not match. Expected Vlan Id: 3908, Please check the eRAN Vlan Id at the remote eNodeB
2025-09-21;10:33:19;AL  ;Cleared;EUtraNetwork=1,ExternalENodeBFunction=2221-204537;Inter Node Carrier Aggregation Service Unavailable;Elastic RAN Carrier Aggregation is not available towards remote eNodeB.
2025-09-21;10:33:23;AL  ;Cleared;EUtraNetwork=1,ExternalENodeBFunction=2221-208849;Inter Node Carrier Aggregation Service Unavailable;Elastic RAN Carrier Aggregation is not available towards remote eNodeB.
2025-09-21;10:33:24;AL  ;Minor ;EUtraNetwork=1,ExternalENodeBFunction=2221-211614;Inter Node Carrier Aggregation Service Unavailable;Elastic RAN Carrier Aggregation is not available towards remote eNodeB.
2025-09-21;10:33:28;AL  ;Cleared;EUtraNetwork=1,ExternalENodeBFunction=2221-650048;Inter Node Carrier Aggregation Service Unavailable;Elastic RAN Carrier Aggregation is not available towards remote eNodeB.
2025-09-21;10:33:32;AL  ;Cleared;EUtraNetwork=1,ExternalENodeBFunction=2221-202977;Inter Node Carrier Aggregation Service Unavailable;Elastic RAN Carrier Aggregation is not available towards remote eNodeB.
2025-09-21;10:33:34;AL  ;Minor ;EUtraNetwork=1,ExternalENodeBFunction=2221-650054;Inter Node Carrier Aggregation Service Unavailable;Elastic RAN Carrier Aggregation is not available towards remote eNodeB.
2025-09-21;10:33:39;AL  ;Minor ;EUtraNetwork=1,ExternalENodeBFunction=2221-650061;Inter Node Carrier Aggregation Service Unavailable;Elastic RAN Carrier Aggregation is not available towards remote eNodeB.
2025-09-21;10:44:20;AL  ;Cleared;EUtraNetwork=1,ExternalENodeBFunction=2221-650054;Inter Node Carrier Aggregation Service Unavailable;Elastic RAN Carrier Aggregation is not available towards remote eNodeB.
2025-09-21;10:45:16;AL  ;Minor ;EUtraNetwork=1,ExternalENodeBFunction=2221-650054;Inter Node Carrier Aggregation Service Unavailable;Elastic RAN Carrier Aggregation is not available towards remote eNodeB.
2025-09-21;14:09:19;AL  ;Minor ;EUtraNetwork=1,ExternalENodeBFunction=2221-650478;Inter Node Carrier Aggregation Service Unavailable;Elastic RAN Carrier Aggregation is not available towards remote eNodeB.
2025-09-21;15:57:24;AL  ;Minor ;EUtraNetwork=1,ExternalENodeBFunction=2221-650067;Inter Node Carrier Aggregation Service Unavailable;Elastic RAN Carrier Aggregation is not available towards remote eNodeB.
2025-09-26;07:07:27;AL  ;Minor ;ENodeBFunction=1;External Link Failure;X2 link problem to one or several neighbouring eNodeBs. AI: PLMN ID-eNB ID 1 = 2221-208472
2025-09-26;09:31:30;AL  ;Minor ;ENodeBFunction=1;External Link Failure;X2 link problem to one or several neighbouring eNodeBs. AI: PLMN ID-eNB ID 1 = 2221-208472 PLMN ID-eNB ID 2 = 2221-208471 PLMN ID-eNB ID 3 = 2221-204184
2025-09-26;10:02:13;AL  ;Minor ;ENodeBFunction=1;External Link Failure;X2 link problem to one or several neighbouring eNodeBs. AI: PLMN ID-eNB ID 1 = 2221-208472 PLMN ID-eNB ID 2 = 2221-208471
2025-09-26;13:25:41;AL  ;Minor ;ENodeBFunction=1;External Link Failure;X2 link problem to one or several neighbouring eNodeBs. AI: PLMN ID-eNB ID 1 = 2221-208472
2025-09-26;13:26:31;AL  ;Cleared;ENodeBFunction=1;External Link Failure;X2 link problem to one or several neighbouring eNodeBs. AI: PLMN ID-eNB ID 1 = 2221-208472
2025-09-27;12:58:59;AL  ;Minor ;ENodeBFunction=1;External Link Failure;X2 link problem to one or several neighbouring eNodeBs. AI: PLMN ID-eNB ID 1 = 2221-650803
2025-09-27;14:19:57;AL  ;Cleared;ENodeBFunction=1;External Link Failure;X2 link problem to one or several neighbouring eNodeBs. AI: PLMN ID-eNB ID 1 = 2221-650803
2025-09-28;09:40:45;AL  ;Cleared;EUtraNetwork=1,ExternalENodeBFunction=2221-211614;Inter Node Carrier Aggregation Service Unavailable;Elastic RAN Carrier Aggregation is not available towards remote eNodeB.
2025-09-28;09:41:13;AL  ;Minor ;EUtraNetwork=1,ExternalENodeBFunction=2221-211614;Inter Node Carrier Aggregation Service Unavailable;Elastic RAN Carrier Aggregation is not available towards remote eNodeB.
2025-09-28;09:58:22;AL  ;Cleared;EUtraNetwork=1,ExternalENodeBFunction=2221-650067;Inter Node Carrier Aggregation Service Unavailable;Elastic RAN Carrier Aggregation is not available towards remote eNodeB.
2025-09-28;09:59:21;AL  ;Minor ;EUtraNetwork=1,ExternalENodeBFunction=2221-650067;Inter Node Carrier Aggregation Service Unavailable;Elastic RAN Carrier Aggregation is not available towards remote eNodeB.
2025-09-28;10:24:44;AL  ;Cleared;EUtraNetwork=1,ExternalENodeBFunction=2221-650061;Inter Node Carrier Aggregation Service Unavailable;Elastic RAN Carrier Aggregation is not available towards remote eNodeB.
2025-09-28;10:25:46;AL  ;Minor ;EUtraNetwork=1,ExternalENodeBFunction=2221-650061;Inter Node Carrier Aggregation Service Unavailable;Elastic RAN Carrier Aggregation is not available towards remote eNodeB.
2025-09-28;10:32:54;AL  ;Cleared;EUtraNetwork=1,ExternalENodeBFunction=2221-650054;Inter Node Carrier Aggregation Service Unavailable;Elastic RAN Carrier Aggregation is not available towards remote eNodeB.
2025-09-28;10:32:58;AL  ;Cleared;EUtraNetwork=1,ExternalENodeBFunction=2221-650067;Inter Node Carrier Aggregation Service Unavailable;Elastic RAN Carrier Aggregation is not available towards remote eNodeB.
2025-09-28;10:33:04;AL  ;Cleared;EUtraNetwork=1,ExternalENodeBFunction=2221-211614;Inter Node Carrier Aggregation Service Unavailable;Elastic RAN Carrier Aggregation is not available towards remote eNodeB.
2025-09-28;10:33:05;AL  ;Minor ;EUtraNetwork=1,ExternalENodeBFunction=2221-208849;Inter Node Carrier Aggregation Service Unavailable;Elastic RAN Carrier Aggregation is not available towards remote eNodeB.
2025-09-28;10:33:09;AL  ;Cleared;EUtraNetwork=1,ExternalENodeBFunction=2221-650478;Inter Node Carrier Aggregation Service Unavailable;Elastic RAN Carrier Aggregation is not available towards remote eNodeB.
2025-09-28;10:33:10;AL  ;Minor ;EUtraNetwork=1,ExternalENodeBFunction=2221-209975;Inter Node Carrier Aggregation Service Unavailable;Elastic RAN Carrier Aggregation is not available towards remote eNodeB.
2025-09-28;10:33:14;AL  ;Cleared;EUtraNetwork=1,ExternalENodeBFunction=2221-650061;Inter Node Carrier Aggregation Service Unavailable;Elastic RAN Carrier Aggregation is not available towards remote eNodeB.
2025-09-28;10:33:19;AL  ;Minor ;EUtraNetwork=1,ExternalENodeBFunction=2221-650048;Inter Node Carrier Aggregation Service Unavailable;Elastic RAN Carrier Aggregation is not available towards remote eNodeB.
2025-09-28;10:34:58;AL  ;Minor ;EUtraNetwork=1,ExternalENodeBFunction=2221-211114;Inter Node Carrier Aggregation Service Unavailable;Elastic RAN Carrier Aggregation is not available towards remote eNodeB.
2025-09-28;10:45:16;AL  ;Cleared;EUtraNetwork=1,ExternalENodeBFunction=2221-209975;Inter Node Carrier Aggregation Service Unavailable;Elastic RAN Carrier Aggregation is not available towards remote eNodeB.
2025-09-28;10:45:44;AL  ;Minor ;EUtraNetwork=1,ExternalENodeBFunction=2221-209975;Inter Node Carrier Aggregation Service Unavailable;Elastic RAN Carrier Aggregation is not available towards remote eNodeB.
2025-09-28;19:58:00;AL  ;Minor ;EUtraNetwork=1,ExternalENodeBFunction=2221-650070;Inter Node Carrier Aggregation Service Unavailable;Elastic RAN Carrier Aggregation is not available towards remote eNodeB.
2025-10-01;09:23:29;AL  ;Minor ;ENodeBFunction=1;External Link Failure;X2 link problem to one or several neighbouring eNodeBs. AI: PLMN ID-eNB ID 1 = 2221-650803
2025-10-01;10:33:20;AL  ;Cleared;ENodeBFunction=1;External Link Failure;X2 link problem to one or several neighbouring eNodeBs. AI: PLMN ID-eNB ID 1 = 2221-650803
2025-10-02;00:35:44;AL  ;Cleared;EUtraNetwork=1,ExternalENodeBFunction=2221-600479;Inconsistent Configuration;Elastic RAN cannot be activated towards remote eNodeB. VLAN IDs do not match. Expected Vlan Id: 3908, Please check the eRAN Vlan Id at the remote eNodeB
2025-10-02;07:44:53;AL  ;Minor ;ENodeBFunction=1;External Link Failure;X2 link problem to one or several neighbouring eNodeBs. AI: PLMN ID-eNB ID 1 = 2221-600088
2025-10-02;08:41:14;AL  ;Minor ;ENodeBFunction=1;External Link Failure;X2 link problem to one or several neighbouring eNodeBs. AI: PLMN ID-eNB ID 1 = 2221-600088 PLMN ID-eNB ID 2 = 2221-212588
2025-10-02;10:22:31;AL  ;Minor ;ENodeBFunction=1;External Link Failure;X2 link problem to one or several neighbouring eNodeBs. AI: PLMN ID-eNB ID 1 = 2221-600088 PLMN ID-eNB ID 2 = 2221-212588 PLMN ID-eNB ID 3 = 2221-209838
2025-10-02;12:05:02;AL  ;Minor ;ENodeBFunction=1;External Link Failure;X2 link problem to one or several neighbouring eNodeBs. AI: PLMN ID-eNB ID 1 = 2221-600088 PLMN ID-eNB ID 2 = 2221-212588 PLMN ID-eNB ID 3 = 2221-650054
2025-10-02;13:41:22;AL  ;Minor ;ENodeBFunction=1;External Link Failure;X2 link problem to one or several neighbouring eNodeBs. AI: PLMN ID-eNB ID 1 = 2221-212588
2025-10-02;13:41:42;AL  ;Cleared;ENodeBFunction=1;External Link Failure;X2 link problem to one or several neighbouring eNodeBs. AI: PLMN ID-eNB ID 1 = 2221-212588
2025-10-02;16:42:49;AL  ;Minor ;ENodeBFunction=1;External Link Failure;X2 link problem to one or several neighbouring eNodeBs. AI: PLMN ID-eNB ID 1 = 2221-600088
2025-10-02;16:45:46;AL  ;Cleared;ENodeBFunction=1;External Link Failure;X2 link problem to one or several neighbouring eNodeBs. AI: PLMN ID-eNB ID 1 = 2221-600088
2025-10-05;09:29:49;AL  ;Cleared;EUtraNetwork=1,ExternalENodeBFunction=2221-650048;Inter Node Carrier Aggregation Service Unavailable;Elastic RAN Carrier Aggregation is not available towards remote eNodeB.
2025-10-05;09:30:12;AL  ;Minor ;EUtraNetwork=1,ExternalENodeBFunction=2221-650048;Inter Node Carrier Aggregation Service Unavailable;Elastic RAN Carrier Aggregation is not available towards remote eNodeB.
2025-10-05;09:57:46;AL  ;Cleared;EUtraNetwork=1,ExternalENodeBFunction=2221-650070;Inter Node Carrier Aggregation Service Unavailable;Elastic RAN Carrier Aggregation is not available towards remote eNodeB.
2025-10-05;09:58:02;AL  ;Minor ;EUtraNetwork=1,ExternalENodeBFunction=2221-650070;Inter Node Carrier Aggregation Service Unavailable;Elastic RAN Carrier Aggregation is not available towards remote eNodeB.
2025-10-05;10:06:16;AL  ;Cleared;EUtraNetwork=1,ExternalENodeBFunction=2221-211114;Inter Node Carrier Aggregation Service Unavailable;Elastic RAN Carrier Aggregation is not available towards remote eNodeB.
2025-10-05;10:12:35;AL  ;Cleared;EUtraNetwork=1,ExternalENodeBFunction=2221-208849;Inter Node Carrier Aggregation Service Unavailable;Elastic RAN Carrier Aggregation is not available towards remote eNodeB.
2025-10-05;10:12:43;AL  ;Minor ;EUtraNetwork=1,ExternalENodeBFunction=2221-208849;Inter Node Carrier Aggregation Service Unavailable;Elastic RAN Carrier Aggregation is not available towards remote eNodeB.
2025-10-05;10:20:03;AL  ;Cleared;EUtraNetwork=1,ExternalENodeBFunction=2221-209975;Inter Node Carrier Aggregation Service Unavailable;Elastic RAN Carrier Aggregation is not available towards remote eNodeB.
2025-10-05;10:20:07;AL  ;Minor ;EUtraNetwork=1,ExternalENodeBFunction=2221-600479;Inconsistent Configuration;Elastic RAN cannot be activated towards remote eNodeB. VLAN IDs do not match. Expected Vlan Id: 3908, Please check the eRAN Vlan Id at the remote eNodeB
2025-10-05;10:20:08;AL  ;Cleared;EUtraNetwork=1,ExternalENodeBFunction=2221-208849;Inter Node Carrier Aggregation Service Unavailable;Elastic RAN Carrier Aggregation is not available towards remote eNodeB.
2025-10-05;10:20:13;AL  ;Cleared;EUtraNetwork=1,ExternalENodeBFunction=2221-650048;Inter Node Carrier Aggregation Service Unavailable;Elastic RAN Carrier Aggregation is not available towards remote eNodeB.
2025-10-05;10:20:14;AL  ;Minor ;EUtraNetwork=1,ExternalENodeBFunction=2221-650067;Inter Node Carrier Aggregation Service Unavailable;Elastic RAN Carrier Aggregation is not available towards remote eNodeB.
2025-10-05;10:20:18;AL  ;Cleared;EUtraNetwork=1,ExternalENodeBFunction=2221-650070;Inter Node Carrier Aggregation Service Unavailable;Elastic RAN Carrier Aggregation is not available towards remote eNodeB.
2025-10-05;10:20:19;AL  ;Minor ;EUtraNetwork=1,ExternalENodeBFunction=2221-650143;Inter Node Carrier Aggregation Service Unavailable;Elastic RAN Carrier Aggregation is not available towards remote eNodeB.
2025-10-05;10:20:24;AL  ;Minor ;EUtraNetwork=1,ExternalENodeBFunction=2221-650478;Inter Node Carrier Aggregation Service Unavailable;Elastic RAN Carrier Aggregation is not available towards remote eNodeB.
2025-10-05;10:32:14;AL  ;Cleared;EUtraNetwork=1,ExternalENodeBFunction=2221-650478;Inter Node Carrier Aggregation Service Unavailable;Elastic RAN Carrier Aggregation is not available towards remote eNodeB.
2025-10-05;10:32:55;AL  ;Minor ;EUtraNetwork=1,ExternalENodeBFunction=2221-650825;Inter Node Carrier Aggregation Service Unavailable;Elastic RAN Carrier Aggregation is not available towards remote eNodeB.
2025-10-05;10:33:07;AL  ;Minor ;EUtraNetwork=1,ExternalENodeBFunction=2221-650478;Inter Node Carrier Aggregation Service Unavailable;Elastic RAN Carrier Aggregation is not available towards remote eNodeB.


RL51L> lgec -m 30d

251007-11:43:17+0200 19.31.14.183 25.0h MSRBS_NODE_MODEL_25.Q1_693.28324.131_62ac stopfile=/tmp/933856

Startdate=20250907.094317, Enddate=20251008.094317
Date;Time;Log;Severity;Object;Event;Cause;AdditionalText;AckState;Id;NotificationId;CorrelatedAlarms
Executing action Log.export()
..
Log=AlertLog                    actionId=50200
...
=================================================================================================================
MO                  actionId result      resultInfo
=================================================================================================================
LogM=1,Log=AlertLog 50200    1 (SUCCESS)           
cat  /ericsson/log/amos/moshell_logfiles/t20251007_37258710_53697/logs_moshell/tempfiles/scp-2-amos_20251007-114236_933793/rcslogs/AlertLog_20230530__070055_20250226__233714.log /ericsson/log/amos/moshell_logfiles/t20251007_37258710_53697/logs_moshell/tempfiles/scp-2-amos_20251007-114236_933793/rcslogs/AlertLog_20250226__233714.log > /ericsson/log/amos/moshell_logfiles/t20251007_37258710_53697/logs_moshell/tempfiles/scp-2-amos_20251007-114236_933793/eventLog933856.xml

Bye...
Output has been logged to file /mta_fs/UserFiles/37258710/amosbatch/2025-10-07_11-07-01_53697/RL51L.log
