Logging to file /mta_fs/UserFiles/37258710/amosbatch/2025-10-07_11-07-01_53697/RL59L.log
                        __  __  ____   _____
                  /\   |  \/  |/ __ \ / ____|
                 /  \  | \  / | |  | | (___  
                / /\ \ | |\/| | |  | |\___ \ 
               / ____ \| |  | | |__| |____) |
              /_/    \_\_|  |_|\____/|_____/
              OSS Framework for MoShell-25.0h 
  Copyright (c) Ericsson AB 2001-2025 - All Rights Reserved
              
           
[1;31mWARNING: [0mthe AMOS version currently running is more than 22 weeks old and is unsupported.
Please upgrade as soon as possible to the latest released version, available from your local Ericsson support.

$amosrb_pid = 629240

Checking ip contact...OK

HELP MENU            : h
BASIC MO COMMANDS    : m
OTHER MO COMMANDS    : n
OTHER COMMANDS       : o
PM COMMANDS          : p
QUIT                 : q

RL59L> lt all

251007-11:07:32+0200 19.31.14.132 25.0h  stopfile=/tmp/628694
Looking up temporary_amos account... OK.
Trying temporary_amos_t20251007_37258710_53697_313's password from amos lookupAccount ... OK

$ssh_pid = 630710

Connected to 19.31.14.132 (SubNetwork=BBMM_rckomc_R,MeContext=RL59L,ManagedElement=RL59L)

Fetching 187 MOM fragments via HTTPS
...........................................................................................................................................................................................
Checking MOM version...MSRBS_NODE_MODEL_25.Q1_693.28324.131_62ac
Parsing MOM: /home/shared/t20251007_37258710_53697/moshell/jarxml/MSRBS_NODE_MODEL_25.Q1_693.28324.131_62ac.xml.gz ........................................................................................................................................................................................................................................................................Done.
Caching MOM to: /home/shared/t20251007_37258710_53697/moshell/jarxml/MSRBS_NODE_MODEL_25.Q1_693.28324.131_62ac.xml.cache .....Done.
Compressing to: /home/shared/t20251007_37258710_53697/moshell/jarxml/MSRBS_NODE_MODEL_25.Q1_693.28324.131_62ac.xml.cache.gz ...Done.
Using paramfile /opt/ericsson/amos/moshell/commonjars/pm/PARAM_MSRBS_25.Q1.txt
Parsing file /opt/ericsson/amos/moshell/commonjars/pm/PARAM_MSRBS_25.Q1.txt .......................................................................................Done.
Using imomdfile /opt/ericsson/amos/moshell/commonjars/pm/IMOMD_MSRBS_22.Q4.txt
Using imomfile /opt/ericsson/amos/moshell/commonjars/pm/IMOM_MSRBS_25.Q1.txt
Connected to 19.31.14.132 (SubNetwork=BBMM_rckomc_R,MeContext=RL59L,ManagedElement=RL59L)

Last MO: 18629. Loaded 18629 MOs. Total: 18630 MOs.

RL59L> hget EUtranCellFDD ^cellid

251007-11:08:42+0200 19.31.14.132 25.0h MSRBS_NODE_MODEL_25.Q1_693.28324.131_62ac stopfile=/tmp/628694
.
=================================================================================================================
MO                   cellId
=================================================================================================================
EUtranCellFDD=RL59E1 61    
EUtranCellFDD=RL59E2 62    
EUtranCellFDD=RL59E3 63    
EUtranCellFDD=RL59L1 21    
EUtranCellFDD=RL59L2 22    
EUtranCellFDD=RL59L3 23    
=================================================================================================================
Total: 6 MOs

Added 6 MOs to group: hget_group

RL59L> hget NbIotCell ^cellid

251007-11:08:43+0200 19.31.14.132 25.0h MSRBS_NODE_MODEL_25.Q1_693.28324.131_62ac stopfile=/tmp/628694
.
=================================================================================================================
MO               cellId
=================================================================================================================
NbIotCell=RL59N1 161   
NbIotCell=RL59N2 162   
NbIotCell=RL59N3 163   
=================================================================================================================
Total: 3 MOs

Added 3 MOs to group: hget_group

RL59L> hget NRCellDU ^cellLocalId

251007-11:08:43+0200 19.31.14.132 25.0h MSRBS_NODE_MODEL_25.Q1_693.28324.131_62ac stopfile=/tmp/628694
Total: 0 MOs

RL59L> lgdc -m 30d

251007-11:08:43+0200 19.31.14.132 25.0h MSRBS_NODE_MODEL_25.Q1_693.28324.131_62ac stopfile=/tmp/628694

Startdate=20250907.090843, Enddate=20251008.090843
INFO: Using amos lookupAccount credentials for the export login

Executing action LogM.exportAvailabilityLog()
...LogM=1,exportAvailabilityLog    actionId=50470
...
=================================================================================================================
MO     actionId result      resultInfo
=================================================================================================================
LogM=1 50470    1 (SUCCESS)           
cp /ericsson/log/amos/moshell_logfiles/t20251007_37258710_53697/logs_moshell/tempfiles/scp-2-amos_20251007-110725_628548/rcslogs/RBS_CS_AVAILABILITY_LOG_20251007090845.xml /ericsson/log/amos/moshell_logfiles/t20251007_37258710_53697/logs_moshell/tempfiles/scp-2-amos_20251007-110725_628548/availabilityLog628694.xml
Parsing availabilityLog....Done.
.
Date;Time;RestartType;SwVersion;SwRelease;RCSDowntime;ApplicationDowntime;TNDowntime;RATsDowntime;ExtraInfo;ExtraInfo2
2025-09-08;08:22:59;PartialOutage(Manual);33% Lrat Cell 162; ();1s;;;;;
2025-09-08;08:23:00;PartialOutage(Manual);17% Lrat Cell 62; ();10s;;;;;
2025-09-08;08:23:11;PartialOutage(Manual);33% Lrat Cell 161 162; ();1s;;;;;
2025-09-08;08:23:12;PartialOutage(Manual);17% Lrat Cell 61; ();12s;;;;;
2025-09-08;08:23:25;PartialOutage(Manual);50% Lrat Cell 161 162 163; ();1s;;;;;
2025-09-08;08:23:26;PartialOutage(Manual);17% Lrat Cell 63; ();1s;;;;;
2025-09-08;08:23:27;PartialOutage(Manual);50% Lrat Cell 161 163; ();11s;;;;;
2025-09-08;08:23:39;PartialOutage(Manual);17% Lrat Cell 21; ();5s;;;;;
2025-09-08;08:23:44;PartialOutage(Manual);57% Lrat Cell 163; ();6s;;;;;
2025-09-08;08:23:53;PartialOutage(Manual);17% Lrat Cell 23; ();6s;;;;;
2025-09-08;08:24:08;PartialOutage(Manual);17% Lrat Cell 22; ();10s;;;;;

Node uptime since last restart: 2508274 seconds (29 days, 0 hours, 44 minutes, 34 seconds)
------------------------------------------------------------------------------------------------------
Period=30 days       NodeUpgrade      NodeManual       NodeSpontaneous  AllNodeRestarts  PartialOutages  
------------------------------------------------------------------------------------------------------
Number Of outages    0                0                0                0                11              
Total downtime       0s               0s               0s               0s               64s (1m4s)      
Downtime per day     0s               0s               0s               0s               2s              
Downtime per outage  0s               0s               0s               0s               6s              

RL59L> lgac -m 30d

251007-11:08:52+0200 19.31.14.132 25.0h MSRBS_NODE_MODEL_25.Q1_693.28324.131_62ac stopfile=/tmp/628694

Startdate=20250907.090852, Enddate=20251008.090852
Date;Time;Log;Severity;Object;Event;Cause;AdditionalText;AckState;Id;NotificationId;CorrelatedAlarms
Executing action Log.export()
..
Log=AlarmLog                    actionId=50471
...
=================================================================================================================
MO                  actionId result      resultInfo
=================================================================================================================
LogM=1,Log=AlarmLog 50471    1 (SUCCESS)           
cat  /ericsson/log/amos/moshell_logfiles/t20251007_37258710_53697/logs_moshell/tempfiles/scp-2-amos_20251007-110725_628548/rcslogs/saLogAlarm_20240328__083010_20250226__233539.log /ericsson/log/amos/moshell_logfiles/t20251007_37258710_53697/logs_moshell/tempfiles/scp-2-amos_20251007-110725_628548/rcslogs/saLogAlarm_20250226__233539.log > /ericsson/log/amos/moshell_logfiles/t20251007_37258710_53697/logs_moshell/tempfiles/scp-2-amos_20251007-110725_628548/alarmLog628694.xml
2025-09-08;08:23:24;AL  ;Minor ;EUtraNetwork=1,ExternalENodeBFunction=2221-650413;Inter Node Feature Incompatibility;Inter eNodeB CA feature is not activated in remote eNodeB
2025-09-08;08:23:38;AL  ;Cleared;EUtraNetwork=1,ExternalENodeBFunction=2221-650413;Inter Node Feature Incompatibility;Inter eNodeB CA feature is not activated in remote eNodeB
2025-09-08;13:27:50;AL  ;Minor ;ENodeBFunction=1;External Link Failure;X2 link problem to one or several neighbouring eNodeBs. AI: PLMN ID-eNB ID 1 = 2221-600684
2025-09-08;13:53:42;AL  ;Minor ;ENodeBFunction=1;External Link Failure;X2 link problem to one or several neighbouring eNodeBs. AI: PLMN ID-eNB ID 1 = 2221-600684 PLMN ID-eNB ID 2 = 2221-601274
2025-09-08;14:50:37;AL  ;Minor ;ENodeBFunction=1;External Link Failure;X2 link problem to one or several neighbouring eNodeBs. AI: PLMN ID-eNB ID 1 = 2221-601274
2025-09-09;07:57:03;AL  ;Cleared;ENodeBFunction=1;External Link Failure;X2 link problem to one or several neighbouring eNodeBs. AI: PLMN ID-eNB ID 1 = 2221-601274
2025-09-10;19:44:34;AL  ;Minor ;ENodeBFunction=1;External Link Failure;X2 link problem to one or several neighbouring eNodeBs. AI: PLMN ID-eNB ID 1 = 2221-202870
2025-09-10;23:36:55;AL  ;Minor ;ENodeBFunction=1;External Link Failure;X2 link problem to one or several neighbouring eNodeBs. AI: PLMN ID-eNB ID 1 = 2221-202870 PLMN ID-eNB ID 2 = 2221-601340
2025-09-10;23:51:30;AL  ;Minor ;ENodeBFunction=1;External Link Failure;X2 link problem to one or several neighbouring eNodeBs. AI: PLMN ID-eNB ID 1 = 2221-202870
2025-09-11;00:01:37;AL  ;Minor ;ENodeBFunction=1;External Link Failure;X2 link problem to one or several neighbouring eNodeBs. AI: PLMN ID-eNB ID 1 = 2221-202870 PLMN ID-eNB ID 2 = 2221-601340
2025-09-11;00:04:41;AL  ;Minor ;ENodeBFunction=1;External Link Failure;X2 link problem to one or several neighbouring eNodeBs. AI: PLMN ID-eNB ID 1 = 2221-202870
2025-09-11;00:36:34;AL  ;Minor ;ENodeBFunction=1;External Link Failure;X2 link problem to one or several neighbouring eNodeBs. AI: PLMN ID-eNB ID 1 = 2221-202870 PLMN ID-eNB ID 2 = 2221-601340
2025-09-11;00:43:55;AL  ;Minor ;ENodeBFunction=1;External Link Failure;X2 link problem to one or several neighbouring eNodeBs. AI: PLMN ID-eNB ID 1 = 2221-202870
2025-09-11;08:58:04;AL  ;Cleared;ENodeBFunction=1;External Link Failure;X2 link problem to one or several neighbouring eNodeBs. AI: PLMN ID-eNB ID 1 = 2221-202870
2025-09-11;11:44:49;AL  ;Minor ;ENodeBFunction=1;External Link Failure;X2 link problem to one or several neighbouring eNodeBs. AI: PLMN ID-eNB ID 1 = 2221-213965 PLMN ID-eNB ID 2 = 2221-213966
2025-09-11;11:56:30;AL  ;Minor ;ENodeBFunction=1;External Link Failure;X2 link problem to one or several neighbouring eNodeBs. AI: PLMN ID-eNB ID 1 = 2221-213965
2025-09-11;11:56:47;AL  ;Cleared;ENodeBFunction=1;External Link Failure;X2 link problem to one or several neighbouring eNodeBs. AI: PLMN ID-eNB ID 1 = 2221-213965
2025-09-12;08:24:14;AL  ;Minor ;ENodeBFunction=1;External Link Failure;X2 link problem to one or several neighbouring eNodeBs. AI: PLMN ID-eNB ID 1 = 2221-211255
2025-09-13;10:43:26;AL  ;Cleared;ENodeBFunction=1;External Link Failure;X2 link problem to one or several neighbouring eNodeBs. AI: PLMN ID-eNB ID 1 = 2221-211255
2025-09-14;10:55:08;AL  ;Minor ;EUtraNetwork=1,ExternalENodeBFunction=2221-650057;Inter Node Carrier Aggregation Service Unavailable;Elastic RAN Carrier Aggregation is not available towards remote eNodeB.
2025-09-15;07:42:32;AL  ;Minor ;ENodeBFunction=1;External Link Failure;X2 link problem to one or several neighbouring eNodeBs. AI: PLMN ID-eNB ID 1 = 2221-211255
2025-09-16;10:06:34;AL  ;Warning;ENodeBFunction=1;PLMN Service Redundancy Lost;S1 connection failure for PLMN connected with link represented by MO listed in Additional Information. AI: PLMN = ["2221"],DN1=ManagedElement=1,ENodeBFunction=1,TermPointToMme=5,
2025-09-16;10:09:04;AL  ;Cleared;ENodeBFunction=1;PLMN Service Redundancy Lost;S1 connection failure for PLMN connected with link represented by MO listed in Additional Information. AI: PLMN = ["2221"],DN1=ManagedElement=1,ENodeBFunction=1,TermPointToMme=5,
2025-09-16;17:43:55;AL  ;Cleared;ENodeBFunction=1;External Link Failure;X2 link problem to one or several neighbouring eNodeBs. AI: PLMN ID-eNB ID 1 = 2221-211255
2025-09-18;08:57:28;AL  ;Major ;Synchronization=1,RadioEquipmentClock=1,RadioEquipmentClockReference=PTP;Sync PTP Time Reliability Fault;Master clock class problem, Master clock accuracy problem, Master time not traceable
2025-09-18;09:03:24;AL  ;Cleared;Synchronization=1,RadioEquipmentClock=1,RadioEquipmentClockReference=PTP;Sync PTP Time Reliability Fault;Master time not traceable
2025-09-21;10:12:44;AL  ;Cleared;EUtraNetwork=1,ExternalENodeBFunction=2221-650057;Inter Node Carrier Aggregation Service Unavailable;Elastic RAN Carrier Aggregation is not available towards remote eNodeB.
2025-09-22;07:51:38;AL  ;Minor ;ENodeBFunction=1;External Link Failure;X2 link problem to one or several neighbouring eNodeBs. AI: PLMN ID-eNB ID 1 = 2221-600911
2025-09-22;07:51:58;AL  ;Cleared;ENodeBFunction=1;External Link Failure;X2 link problem to one or several neighbouring eNodeBs. AI: PLMN ID-eNB ID 1 = 2221-600911
2025-09-22;21:11:34;AL  ;Minor ;ENodeBFunction=1;External Link Failure;X2 link problem to one or several neighbouring eNodeBs. AI: PLMN ID-eNB ID 1 = 2221-211255
2025-09-22;21:36:06;AL  ;Cleared;ENodeBFunction=1;External Link Failure;X2 link problem to one or several neighbouring eNodeBs. AI: PLMN ID-eNB ID 1 = 2221-211255
2025-09-23;04:33:24;AL  ;Minor ;ENodeBFunction=1;External Link Failure;X2 link problem to one or several neighbouring eNodeBs. AI: PLMN ID-eNB ID 1 = 2221-211255
2025-09-23;08:09:31;AL  ;Cleared;ENodeBFunction=1;External Link Failure;X2 link problem to one or several neighbouring eNodeBs. AI: PLMN ID-eNB ID 1 = 2221-211255
2025-09-24;07:25:38;AL  ;Minor ;ENodeBFunction=1;External Link Failure;X2 link problem to one or several neighbouring eNodeBs. AI: PLMN ID-eNB ID 1 = 2221-600395
2025-09-24;11:02:39;AL  ;Cleared;ENodeBFunction=1;External Link Failure;X2 link problem to one or several neighbouring eNodeBs. AI: PLMN ID-eNB ID 1 = 2221-600395
2025-09-25;06:42:32;AL  ;Minor ;ENodeBFunction=1;External Link Failure;X2 link problem to one or several neighbouring eNodeBs. AI: PLMN ID-eNB ID 1 = 2221-600936
2025-09-25;13:22:37;AL  ;Cleared;ENodeBFunction=1;External Link Failure;X2 link problem to one or several neighbouring eNodeBs. AI: PLMN ID-eNB ID 1 = 2221-600936
2025-09-26;06:45:58;AL  ;Minor ;ENodeBFunction=1;External Link Failure;X2 link problem to one or several neighbouring eNodeBs. AI: PLMN ID-eNB ID 1 = 2221-600936
2025-09-26;07:56:03;AL  ;Major ;Synchronization=1,RadioEquipmentClock=1,RadioEquipmentClockReference=PTP;Sync PTP Time Reliability Fault;Master clock class problem, Master clock accuracy problem, Master time not traceable
2025-09-26;08:01:13;AL  ;Cleared;Synchronization=1,RadioEquipmentClock=1,RadioEquipmentClockReference=PTP;Sync PTP Time Reliability Fault;Master time not traceable
2025-09-26;12:53:35;AL  ;Cleared;ENodeBFunction=1;External Link Failure;X2 link problem to one or several neighbouring eNodeBs. AI: PLMN ID-eNB ID 1 = 2221-600936
2025-09-26;18:53:07;AL  ;Minor ;ENodeBFunction=1;External Link Failure;X2 link problem to one or several neighbouring eNodeBs. AI: PLMN ID-eNB ID 1 = 2221-213259 PLMN ID-eNB ID 2 = 2221-213258
2025-09-27;11:42:46;AL  ;Minor ;ENodeBFunction=1;External Link Failure;X2 link problem to one or several neighbouring eNodeBs. AI: PLMN ID-eNB ID 1 = 2221-213259 PLMN ID-eNB ID 2 = 2221-213258 PLMN ID-eNB ID 3 = 2221-211205 PLMN ID-eNB ID 4 = 2221-211206
2025-09-27;11:45:21;AL  ;Minor ;ENodeBFunction=1;External Link Failure;X2 link problem to one or several neighbouring eNodeBs. AI: PLMN ID-eNB ID 1 = 2221-213259 PLMN ID-eNB ID 2 = 2221-213258 PLMN ID-eNB ID 3 = 2221-211205 PLMN ID-eNB ID 4 = 2221-211206 PLMN ID-eNB ID 5 = 2221-601527
2025-09-27;11:57:57;AL  ;Minor ;ENodeBFunction=1;External Link Failure;X2 link problem to one or several neighbouring eNodeBs. AI: PLMN ID-eNB ID 1 = 2221-213259 PLMN ID-eNB ID 2 = 2221-213258 PLMN ID-eNB ID 3 = 2221-211205 PLMN ID-eNB ID 4 = 2221-211206
2025-09-27;12:36:30;AL  ;Minor ;ENodeBFunction=1;External Link Failure;X2 link problem to one or several neighbouring eNodeBs. AI: PLMN ID-eNB ID 1 = 2221-213259 PLMN ID-eNB ID 2 = 2221-213258 PLMN ID-eNB ID 3 = 2221-211206 PLMN ID-eNB ID 4 = 2221-211205
2025-09-27;12:44:09;AL  ;Minor ;ENodeBFunction=1;External Link Failure;X2 link problem to one or several neighbouring eNodeBs. AI: PLMN ID-eNB ID 1 = 2221-213259 PLMN ID-eNB ID 2 = 2221-213258
2025-09-28;07:58:03;AL  ;Minor ;ENodeBFunction=1;External Link Failure;X2 link problem to one or several neighbouring eNodeBs. AI: PLMN ID-eNB ID 1 = 2221-213259 PLMN ID-eNB ID 2 = 2221-213258 PLMN ID-eNB ID 3 = 2221-601274
2025-09-28;08:09:35;AL  ;Minor ;ENodeBFunction=1;External Link Failure;X2 link problem to one or several neighbouring eNodeBs. AI: PLMN ID-eNB ID 1 = 2221-213259 PLMN ID-eNB ID 2 = 2221-213258
2025-09-28;10:35:54;AL  ;Cleared;ENodeBFunction=1;External Link Failure;X2 link problem to one or several neighbouring eNodeBs. AI: PLMN ID-eNB ID 1 = 2221-213259 PLMN ID-eNB ID 2 = 2221-213258
2025-09-29;02:38:00;AL  ;Minor ;EUtraNetwork=1,ExternalENodeBFunction=2221-208365;Inter Node Feature Incompatibility;Inter eNodeB CA feature is not activated in remote eNodeB
2025-09-29;02:38:05;AL  ;Cleared;EUtraNetwork=1,ExternalENodeBFunction=2221-208365;Inter Node Feature Incompatibility;Inter eNodeB CA feature is not activated in remote eNodeB
2025-10-01;08:34:42;AL  ;Minor ;ENodeBFunction=1;External Link Failure;X2 link problem to one or several neighbouring eNodeBs. AI: PLMN ID-eNB ID 1 = 2221-211255
2025-10-01;10:30:42;AL  ;Minor ;ENodeBFunction=1;External Link Failure;X2 link problem to one or several neighbouring eNodeBs. AI: PLMN ID-eNB ID 1 = 2221-211255 PLMN ID-eNB ID 2 = 2221-601274
2025-10-01;11:26:12;AL  ;Minor ;ENodeBFunction=1;External Link Failure;X2 link problem to one or several neighbouring eNodeBs. AI: PLMN ID-eNB ID 1 = 2221-601274
2025-10-01;14:40:12;AL  ;Cleared;ENodeBFunction=1;External Link Failure;X2 link problem to one or several neighbouring eNodeBs. AI: PLMN ID-eNB ID 1 = 2221-601274
2025-10-02;07:34:31;AL  ;Minor ;ENodeBFunction=1;External Link Failure;X2 link problem to one or several neighbouring eNodeBs. AI: PLMN ID-eNB ID 1 = 2221-601274
2025-10-02;07:35:54;AL  ;Cleared;ENodeBFunction=1;External Link Failure;X2 link problem to one or several neighbouring eNodeBs. AI: PLMN ID-eNB ID 1 = 2221-601274
2025-10-03;10:03:44;AL  ;Minor ;ENodeBFunction=1;External Link Failure;X2 link problem to one or several neighbouring eNodeBs. AI: PLMN ID-eNB ID 1 = 2221-601274
2025-10-05;10:22:50;AL  ;Cleared;ENodeBFunction=1;External Link Failure;X2 link problem to one or several neighbouring eNodeBs. AI: PLMN ID-eNB ID 1 = 2221-601274


RL59L> lgec -m 30d

251007-11:08:57+0200 19.31.14.132 25.0h MSRBS_NODE_MODEL_25.Q1_693.28324.131_62ac stopfile=/tmp/628694

Startdate=20250907.090858, Enddate=20251008.090858
Date;Time;Log;Severity;Object;Event;Cause;AdditionalText;AckState;Id;NotificationId;CorrelatedAlarms
Executing action Log.export()
..
Log=AlertLog                    actionId=50472
...
=================================================================================================================
MO                  actionId result      resultInfo
=================================================================================================================
LogM=1,Log=AlertLog 50472    1 (SUCCESS)           
cat  /ericsson/log/amos/moshell_logfiles/t20251007_37258710_53697/logs_moshell/tempfiles/scp-2-amos_20251007-110725_628548/rcslogs/AlertLog_20240328__083029_20250226__233611.log /ericsson/log/amos/moshell_logfiles/t20251007_37258710_53697/logs_moshell/tempfiles/scp-2-amos_20251007-110725_628548/rcslogs/AlertLog_20250226__233611.log > /ericsson/log/amos/moshell_logfiles/t20251007_37258710_53697/logs_moshell/tempfiles/scp-2-amos_20251007-110725_628548/eventLog628694.xml

Bye...
Output has been logged to file /mta_fs/UserFiles/37258710/amosbatch/2025-10-07_11-07-01_53697/RL59L.log
