Logging to file /mta_fs/UserFiles/37258710/amosbatch/2025-10-07_11-07-01_53697/RL7AT.log
                        __  __  ____   _____
                  /\   |  \/  |/ __ \ / ____|
                 /  \  | \  / | |  | | (___  
                / /\ \ | |\/| | |  | |\___ \ 
               / ____ \| |  | | |__| |____) |
              /_/    \_\_|  |_|\____/|_____/
              OSS Framework for MoShell-25.0h 
  Copyright (c) Ericsson AB 2001-2025 - All Rights Reserved
              
           
[1;31mWARNING: [0mthe AMOS version currently running is more than 22 weeks old and is unsupported.
Please upgrade as soon as possible to the latest released version, available from your local Ericsson support.

$amosrb_pid = 884429

Checking ip contact...OK

HELP MENU            : h
BASIC MO COMMANDS    : m
OTHER MO COMMANDS    : n
OTHER COMMANDS       : o
PM COMMANDS          : p
QUIT                 : q

RL7AT> lt all

251007-11:36:49+0200 19.31.12.193 25.0h  stopfile=/tmp/883966
Looking up temporary_amos account... OK.
Trying temporary_amos_t20251007_37258710_53697_313's password from amos lookupAccount ... OK

$ssh_pid = 886046

Connected to 19.31.12.193 (SubNetwork=BBMM_rckomc_R,MeContext=RL7AT,ManagedElement=RL7AT)

Checking MOM version...MSRBS_NODE_MODEL_25.Q1_198665.224.73_bf81
Parsing MOM (cached): /ericsson/log/amos/moshell_logfiles/t20251007_37258710_53697/logs_moshell/tempfiles/scp-2-amos_20251007-113642_883893/MSRBS_NODE_MODEL_25.Q1_198665.224.73_bf81.xml.cache.gz ......................................................................................................................................................................................................................Done.
Using paramfile /opt/ericsson/amos/moshell/commonjars/pm/PARAM_MSRBSG2_25.Q1.txt
Parsing file /opt/ericsson/amos/moshell/commonjars/pm/PARAM_MSRBSG2_25.Q1.txt ......................................................................................Done.
Using imomdfile /opt/ericsson/amos/moshell/commonjars/pm/IMOMD_MSRBS_22.Q4.txt
Using imomfile /opt/ericsson/amos/moshell/commonjars/pm/IMOM_MSRBS_25.Q1.txt
Connected to 19.31.12.193 (SubNetwork=BBMM_rckomc_R,MeContext=RL7AT,ManagedElement=RL7AT)

Last MO: 21107. Loaded 21107 MOs. Total: 21108 MOs.

RL7AT> hget EUtranCellFDD ^cellid

251007-11:37:12+0200 19.31.12.193 25.0h MSRBS_NODE_MODEL_25.Q1_198665.224.73_bf81 stopfile=/tmp/883966
.
=================================================================================================================
MO                   cellId
=================================================================================================================
EUtranCellFDD=RL7AE1 61    
EUtranCellFDD=RL7AE2 62    
EUtranCellFDD=RL7AE3 63    
EUtranCellFDD=RL7AM1 31    
EUtranCellFDD=RL7AM2 32    
EUtranCellFDD=RL7AM3 33    
EUtranCellFDD=RL7AT1 41    
EUtranCellFDD=RL7AT2 42    
EUtranCellFDD=RL7AT3 43    
=================================================================================================================
Total: 9 MOs

Added 9 MOs to group: hget_group

RL7AT> hget NbIotCell ^cellid

251007-11:37:13+0200 19.31.12.193 25.0h MSRBS_NODE_MODEL_25.Q1_198665.224.73_bf81 stopfile=/tmp/883966
.
=================================================================================================================
MO               cellId
=================================================================================================================
NbIotCell=RL7AN1 161   
NbIotCell=RL7AN2 162   
NbIotCell=RL7AN3 163   
=================================================================================================================
Total: 3 MOs

Added 3 MOs to group: hget_group

RL7AT> hget NRCellDU ^cellLocalId

251007-11:37:13+0200 19.31.12.193 25.0h MSRBS_NODE_MODEL_25.Q1_198665.224.73_bf81 stopfile=/tmp/883966
Total: 0 MOs

RL7AT> lgdc -m 30d

251007-11:37:13+0200 19.31.12.193 25.0h MSRBS_NODE_MODEL_25.Q1_198665.224.73_bf81 stopfile=/tmp/883966

Startdate=20250907.093713, Enddate=20251008.093713
INFO: Using amos lookupAccount credentials for the export login

Executing action LogM.exportAvailabilityLog()
...LogM=1,exportAvailabilityLog    actionId=51207
...
=================================================================================================================
MO     actionId result      resultInfo
=================================================================================================================
LogM=1 51207    1 (SUCCESS)           
cp /ericsson/log/amos/moshell_logfiles/t20251007_37258710_53697/logs_moshell/tempfiles/scp-2-amos_20251007-113642_883893/rcslogs/RBS_CS_AVAILABILITY_LOG_20251007093717.xml /ericsson/log/amos/moshell_logfiles/t20251007_37258710_53697/logs_moshell/tempfiles/scp-2-amos_20251007-113642_883893/availabilityLog883966.xml
Parsing availabilityLog.....Done.
..
Date;Time;RestartType;SwVersion;SwRelease;RCSDowntime;ApplicationDowntime;TNDowntime;RATsDowntime;ExtraInfo;ExtraInfo2
2025-09-08;01:59:16;PartialOutage(Manual);11% Lrat Cell 63; ();8s;;;;;
2025-09-08;01:59:28;PartialOutage(Manual);11% Lrat Cell 61; ();8s;;;;;
2025-09-08;01:59:39;PartialOutage(Manual);50% Lrat Cell 161 162 163; ();4s;;;;;
2025-09-08;01:59:43;PartialOutage(Manual);11% Lrat Cell 62; ();1s;;;;;
2025-09-08;01:59:44;PartialOutage(Manual);50% Lrat Cell 161 162; ();5s;;;;;
2025-09-08;01:59:52;PartialOutage(Manual);11% Lrat Cell 42; ();5s;;;;;
2025-09-08;01:59:57;PartialOutage(Manual);50% Lrat Cell 162; ();6s;;;;;
2025-09-08;02:00:10;PartialOutage(Manual);8% Lrat Cell 43; ();2s;;;;;
2025-09-08;02:00:23;PartialOutage(Manual);11% Lrat Cell 41; ();8s;;;;;
2025-09-08;02:00:36;PartialOutage(Manual);11% Lrat Cell 33; ();6s;;;;;
2025-09-08;02:00:51;PartialOutage(Manual);11% Lrat Cell 31; ();9s;;;;;
2025-09-08;02:01:03;PartialOutage(Manual);11% Lrat Cell 32; ();11s;;;;;

Node uptime since last restart: 2532969 seconds (29 days, 7 hours, 36 minutes, 9 seconds)
------------------------------------------------------------------------------------------------------
Period=30 days       NodeUpgrade      NodeManual       NodeSpontaneous  AllNodeRestarts  PartialOutages  
------------------------------------------------------------------------------------------------------
Number Of outages    0                0                0                0                12              
Total downtime       0s               0s               0s               0s               73s (1m13s)     
Downtime per day     0s               0s               0s               0s               2s              
Downtime per outage  0s               0s               0s               0s               6s              

RL7AT> lgac -m 30d

251007-11:37:23+0200 19.31.12.193 25.0h MSRBS_NODE_MODEL_25.Q1_198665.224.73_bf81 stopfile=/tmp/883966

Startdate=20250907.093723, Enddate=20251008.093723
Date;Time;Log;Severity;Object;Event;Cause;AdditionalText;AckState;Id;NotificationId;CorrelatedAlarms
Executing action Log.export()
..
Log=AlarmLog                    actionId=51208
..........
=================================================================================================================
MO                  actionId result      resultInfo
=================================================================================================================
LogM=1,Log=AlarmLog 51208    1 (SUCCESS)           
cat  /ericsson/log/amos/moshell_logfiles/t20251007_37258710_53697/logs_moshell/tempfiles/scp-2-amos_20251007-113642_883893/rcslogs/saLogAlarm_20230720__072507_20241024__141638.log /ericsson/log/amos/moshell_logfiles/t20251007_37258710_53697/logs_moshell/tempfiles/scp-2-amos_20251007-113642_883893/rcslogs/saLogAlarm_20241024__141638_20250613__130320.log /ericsson/log/amos/moshell_logfiles/t20251007_37258710_53697/logs_moshell/tempfiles/scp-2-amos_20251007-113642_883893/rcslogs/saLogAlarm_20250613__130320.log > /ericsson/log/amos/moshell_logfiles/t20251007_37258710_53697/logs_moshell/tempfiles/scp-2-amos_20251007-113642_883893/alarmLog883966.xml
2025-09-07;10:20:04;AL  ;Cleared;EUtraNetwork=1,ExternalENodeBFunction=2221-650803;Inter Node Carrier Aggregation Service Unavailable;Elastic RAN Carrier Aggregation is not available towards remote eNodeB.
2025-09-07;10:35:30;AL  ;Minor ;EUtraNetwork=1,ExternalENodeBFunction=2221-650294;Inter Node Carrier Aggregation Service Unavailable;Elastic RAN Carrier Aggregation is not available towards remote eNodeB.
2025-09-07;10:55:49;AL  ;Cleared;EUtraNetwork=1,ExternalENodeBFunction=2221-650294;Inter Node Carrier Aggregation Service Unavailable;Elastic RAN Carrier Aggregation is not available towards remote eNodeB.
2025-09-07;10:56:29;AL  ;Minor ;EUtraNetwork=1,ExternalENodeBFunction=2221-650294;Inter Node Carrier Aggregation Service Unavailable;Elastic RAN Carrier Aggregation is not available towards remote eNodeB.
2025-09-07;13:42:50;AL  ;Minor ;EUtraNetwork=1,ExternalENodeBFunction=2221-650252;Inter Node Carrier Aggregation Service Unavailable;Elastic RAN Carrier Aggregation is not available towards remote eNodeB.
2025-09-07;16:50:17;AL  ;Minor ;EUtraNetwork=1,ExternalENodeBFunction=2221-212063;Inter Node Carrier Aggregation Service Unavailable;Elastic RAN Carrier Aggregation is not available towards remote eNodeB.
2025-09-07;21:36:04;AL  ;Minor ;EUtraNetwork=1,ExternalENodeBFunction=2221-211114;Inter Node Carrier Aggregation Service Unavailable;Elastic RAN Carrier Aggregation is not available towards remote eNodeB.
2025-09-08;07:14:27;AL  ;Minor ;ENodeBFunction=1;External Link Failure;X2 link problem to one or several neighbouring eNodeBs. AI: PLMN ID-eNB ID 1 = 2221-650051
2025-09-08;12:36:50;AL  ;Cleared;ENodeBFunction=1;External Link Failure;X2 link problem to one or several neighbouring eNodeBs. AI: PLMN ID-eNB ID 1 = 2221-650051
2025-09-08;13:28:38;AL  ;Minor ;ENodeBFunction=1;External Link Failure;X2 link problem to one or several neighbouring eNodeBs. AI: PLMN ID-eNB ID 1 = 2221-600684
2025-09-08;14:50:35;AL  ;Cleared;ENodeBFunction=1;External Link Failure;X2 link problem to one or several neighbouring eNodeBs. AI: PLMN ID-eNB ID 1 = 2221-600684
2025-09-08;23:20:28;AL  ;Minor ;ENodeBFunction=1;External Link Failure;X2 link problem to one or several neighbouring eNodeBs. AI: PLMN ID-eNB ID 1 = 2221-600051
2025-09-08;23:20:44;AL  ;Cleared;ENodeBFunction=1;External Link Failure;X2 link problem to one or several neighbouring eNodeBs. AI: PLMN ID-eNB ID 1 = 2221-600051
2025-09-09;03:25:37;AL  ;Minor ;EUtraNetwork=1,ExternalENodeBFunction=2221-202870;Inter Node Feature Incompatibility;Inter eNodeB CA feature is not activated in remote eNodeB. SUPPRESSED
2025-09-09;03:29:59;AL  ;Cleared;EUtraNetwork=1,ExternalENodeBFunction=2221-202870;Inter Node Feature Incompatibility;Inter eNodeB CA feature is not activated in remote eNodeB. SUPPRESSED
2025-09-09;11:33:34;AL  ;Minor ;ENodeBFunction=1;External Link Failure;X2 link problem to one or several neighbouring eNodeBs. AI: PLMN ID-eNB ID 1 = 2221-650158
2025-09-09;12:44:19;AL  ;Cleared;ENodeBFunction=1;External Link Failure;X2 link problem to one or several neighbouring eNodeBs. AI: PLMN ID-eNB ID 1 = 2221-650158
2025-09-10;08:30:10;AL  ;Minor ;ENodeBFunction=1;External Link Failure;X2 link problem to one or several neighbouring eNodeBs. AI: PLMN ID-eNB ID 1 = 2221-600733
2025-09-10;12:46:10;AL  ;Cleared;ENodeBFunction=1;External Link Failure;X2 link problem to one or several neighbouring eNodeBs. AI: PLMN ID-eNB ID 1 = 2221-600733
2025-09-10;14:08:26;AL  ;Minor ;EUtraNetwork=1,ExternalENodeBFunction=2221-650803;Inter Node Carrier Aggregation Service Unavailable;Elastic RAN Carrier Aggregation is not available towards remote eNodeB.
2025-09-10;19:44:30;AL  ;Minor ;ENodeBFunction=1;External Link Failure;X2 link problem to one or several neighbouring eNodeBs. AI: PLMN ID-eNB ID 1 = 2221-202870
2025-09-10;23:38:06;AL  ;Minor ;ENodeBFunction=1;External Link Failure;X2 link problem to one or several neighbouring eNodeBs. AI: PLMN ID-eNB ID 1 = 2221-202870 PLMN ID-eNB ID 2 = 2221-601340
2025-09-10;23:51:26;AL  ;Minor ;ENodeBFunction=1;External Link Failure;X2 link problem to one or several neighbouring eNodeBs. AI: PLMN ID-eNB ID 1 = 2221-202870
2025-09-11;00:01:50;AL  ;Minor ;ENodeBFunction=1;External Link Failure;X2 link problem to one or several neighbouring eNodeBs. AI: PLMN ID-eNB ID 1 = 2221-202870 PLMN ID-eNB ID 2 = 2221-601340
2025-09-11;00:04:37;AL  ;Minor ;ENodeBFunction=1;External Link Failure;X2 link problem to one or several neighbouring eNodeBs. AI: PLMN ID-eNB ID 1 = 2221-202870
2025-09-11;00:35:32;AL  ;Minor ;ENodeBFunction=1;External Link Failure;X2 link problem to one or several neighbouring eNodeBs. AI: PLMN ID-eNB ID 1 = 2221-202870 PLMN ID-eNB ID 2 = 2221-601340
2025-09-11;00:43:51;AL  ;Minor ;ENodeBFunction=1;External Link Failure;X2 link problem to one or several neighbouring eNodeBs. AI: PLMN ID-eNB ID 1 = 2221-202870
2025-09-11;06:30:30;AL  ;Minor ;ENodeBFunction=1;External Link Failure;X2 link problem to one or several neighbouring eNodeBs. AI: PLMN ID-eNB ID 1 = 2221-202870 PLMN ID-eNB ID 2 = 2221-601301
2025-09-11;08:57:59;AL  ;Minor ;ENodeBFunction=1;External Link Failure;X2 link problem to one or several neighbouring eNodeBs. AI: PLMN ID-eNB ID 1 = 2221-601301
2025-09-11;11:45:08;AL  ;Minor ;ENodeBFunction=1;External Link Failure;X2 link problem to one or several neighbouring eNodeBs. AI: PLMN ID-eNB ID 1 = 2221-601301 PLMN ID-eNB ID 2 = 2221-213965 PLMN ID-eNB ID 3 = 2221-213966
2025-09-11;11:56:27;AL  ;Minor ;ENodeBFunction=1;External Link Failure;X2 link problem to one or several neighbouring eNodeBs. AI: PLMN ID-eNB ID 1 = 2221-601301 PLMN ID-eNB ID 2 = 2221-213966
2025-09-11;13:32:08;AL  ;Cleared;ENodeBFunction=1;External Link Failure;X2 link problem to one or several neighbouring eNodeBs. AI: PLMN ID-eNB ID 1 = 2221-601301
2025-09-11;22:44:35;AL  ;Minor ;EUtraNetwork=1,ExternalENodeBFunction=2221-202870;Inter Node Feature Incompatibility;Inter eNodeB CA feature is not activated in remote eNodeB. SUPPRESSED
2025-09-11;22:54:59;AL  ;Cleared;EUtraNetwork=1,ExternalENodeBFunction=2221-202870;Inter Node Feature Incompatibility;Inter eNodeB CA feature is not activated in remote eNodeB. SUPPRESSED
2025-09-12;08:24:28;AL  ;Minor ;ENodeBFunction=1;External Link Failure;X2 link problem to one or several neighbouring eNodeBs. AI: PLMN ID-eNB ID 1 = 2221-211255 PLMN ID-eNB ID 2 = 2221-600978 PLMN ID-eNB ID 3 = 2221-600829 PLMN ID-eNB ID 4 = 2221-600792
2025-09-13;10:43:18;AL  ;Minor ;ENodeBFunction=1;External Link Failure;X2 link problem to one or several neighbouring eNodeBs. AI: PLMN ID-eNB ID 1 = 2221-600978 PLMN ID-eNB ID 2 = 2221-600829 PLMN ID-eNB ID 3 = 2221-600792
2025-09-13;10:43:35;AL  ;Cleared;ENodeBFunction=1;External Link Failure;X2 link problem to one or several neighbouring eNodeBs. AI: PLMN ID-eNB ID 1 = 2221-600978 PLMN ID-eNB ID 2 = 2221-600829 PLMN ID-eNB ID 3 = 2221-600792
2025-09-13;19:07:21;AL  ;Minor ;EUtraNetwork=1,ExternalENodeBFunction=2221-211205;Inconsistent Configuration;Elastic RAN cannot be activated towards remote eNodeB. VLAN IDs do not match. Expected Vlan Id: 3908, Please check the eRAN Vlan Id at the remote eNodeB
2025-09-14;04:56:52;AL  ;Cleared;EUtraNetwork=1,ExternalENodeBFunction=2221-211205;Inconsistent Configuration;Elastic RAN cannot be activated towards remote eNodeB. VLAN IDs do not match. Expected Vlan Id: 3908, Please check the eRAN Vlan Id at the remote eNodeB
2025-09-14;05:05:02;AL  ;Minor ;EUtraNetwork=1,ExternalENodeBFunction=2221-211205;Inconsistent Configuration;Elastic RAN cannot be activated towards remote eNodeB. VLAN IDs do not match. Expected Vlan Id: 3908, Please check the eRAN Vlan Id at the remote eNodeB
2025-09-14;10:26:25;AL  ;Cleared;EUtraNetwork=1,ExternalENodeBFunction=2221-650803;Inter Node Carrier Aggregation Service Unavailable;Elastic RAN Carrier Aggregation is not available towards remote eNodeB.
2025-09-14;10:35:04;AL  ;Cleared;EUtraNetwork=1,ExternalENodeBFunction=2221-211114;Inter Node Carrier Aggregation Service Unavailable;Elastic RAN Carrier Aggregation is not available towards remote eNodeB.
2025-09-14;10:42:53;AL  ;Cleared;EUtraNetwork=1,ExternalENodeBFunction=2221-650294;Inter Node Carrier Aggregation Service Unavailable;Elastic RAN Carrier Aggregation is not available towards remote eNodeB.
2025-09-14;10:45:46;AL  ;Cleared;EUtraNetwork=1,ExternalENodeBFunction=2221-650252;Inter Node Carrier Aggregation Service Unavailable;Elastic RAN Carrier Aggregation is not available towards remote eNodeB.
2025-09-14;11:02:07;AL  ;Cleared;EUtraNetwork=1,ExternalENodeBFunction=2221-212063;Inter Node Carrier Aggregation Service Unavailable;Elastic RAN Carrier Aggregation is not available towards remote eNodeB.
2025-09-14;20:10:14;AL  ;Minor ;EUtraNetwork=1,ExternalENodeBFunction=2221-650051;Inter Node Carrier Aggregation Service Unavailable;Elastic RAN Carrier Aggregation is not available towards remote eNodeB.
2025-09-15;07:43:28;AL  ;Minor ;ENodeBFunction=1;External Link Failure;X2 link problem to one or several neighbouring eNodeBs. AI: PLMN ID-eNB ID 1 = 2221-211255 PLMN ID-eNB ID 2 = 2221-600792 PLMN ID-eNB ID 3 = 2221-600829 PLMN ID-eNB ID 4 = 2221-600978
2025-09-15;11:37:01;AL  ;Minor ;ENodeBFunction=1;External Link Failure;X2 link problem to one or several neighbouring eNodeBs. AI: PLMN ID-eNB ID 1 = 2221-211255 PLMN ID-eNB ID 2 = 2221-600792 PLMN ID-eNB ID 3 = 2221-600829 PLMN ID-eNB ID 4 = 2221-600978 PLMN ID-eNB ID 5 = 2221-211368
2025-09-16;02:20:10;AL  ;Minor ;EUtraNetwork=1,ExternalENodeBFunction=2221-202870;Inter Node Feature Incompatibility;Inter eNodeB CA feature is not activated in remote eNodeB. SUPPRESSED
2025-09-16;02:20:42;AL  ;Cleared;EUtraNetwork=1,ExternalENodeBFunction=2221-202870;Inter Node Feature Incompatibility;Inter eNodeB CA feature is not activated in remote eNodeB. SUPPRESSED
2025-09-16;02:33:01;AL  ;Minor ;EUtraNetwork=1,ExternalENodeBFunction=2221-202870;Inter Node Feature Incompatibility;Inter eNodeB CA feature is not activated in remote eNodeB. SUPPRESSED
2025-09-16;03:21:57;AL  ;Minor ;EUtraNetwork=1,ExternalENodeBFunction=2221-601191;Inter Node Feature Incompatibility;Inter eNodeB CA feature is not activated in remote eNodeB. SUPPRESSED
2025-09-16;03:25:53;AL  ;Cleared;EUtraNetwork=1,ExternalENodeBFunction=2221-601191;Inter Node Feature Incompatibility;Inter eNodeB CA feature is not activated in remote eNodeB. SUPPRESSED
2025-09-16;05:00:17;AL  ;Minor ;EUtraNetwork=1,ExternalENodeBFunction=2221-208365;Inter Node Feature Incompatibility;Inter eNodeB CA feature is not activated in remote eNodeB. SUPPRESSED
2025-09-16;05:01:00;AL  ;Cleared;EUtraNetwork=1,ExternalENodeBFunction=2221-208365;Inter Node Feature Incompatibility;Inter eNodeB CA feature is not activated in remote eNodeB. SUPPRESSED
2025-09-16;06:01:03;AL  ;Cleared;EUtraNetwork=1,ExternalENodeBFunction=2221-202870;Inter Node Feature Incompatibility;Inter eNodeB CA feature is not activated in remote eNodeB. SUPPRESSED
2025-09-16;10:03:02;AL  ;Warning;ENodeBFunction=1;PLMN Service Redundancy Lost;S1 connection failure for PLMN connected with link represented by MO listed in Additional Information. AI: PLMN = ["2221"],DN1=ManagedElement=1,ENodeBFunction=1,TermPointToMme=5,
2025-09-16;10:03:32;AL  ;Cleared;ENodeBFunction=1;PLMN Service Redundancy Lost;S1 connection failure for PLMN connected with link represented by MO listed in Additional Information. AI: PLMN = ["2221"],DN1=ManagedElement=1,ENodeBFunction=1,TermPointToMme=5,
2025-09-16;10:39:19;AL  ;Minor ;ENodeBFunction=1;External Link Failure;X2 link problem to one or several neighbouring eNodeBs. AI: PLMN ID-eNB ID 1 = 2221-211368
2025-09-18;08:57:35;AL  ;Major ;Synchronization=1,RadioEquipmentClock=1,RadioEquipmentClockReference=PTP;Sync PTP Time Reachability Fault;No PTP messages
2025-09-18;09:06:45;AL  ;Cleared;Synchronization=1,RadioEquipmentClock=1,RadioEquipmentClockReference=PTP;Sync PTP Time Reachability Fault;No PTP messages
2025-09-19;00:05:39;AL  ;Minor ;FieldReplaceableUnit=BB-1,AlarmPort=4;External Alarm;Allarme Fase e Rete
2025-09-19;00:11:04;AL  ;Cleared;FieldReplaceableUnit=BB-1,AlarmPort=4;External Alarm;Allarme Fase e Rete
2025-09-19;00:12:42;AL  ;Minor ;FieldReplaceableUnit=BB-1,AlarmPort=4;External Alarm;Allarme Fase e Rete
2025-09-19;00:13:20;AL  ;Cleared;FieldReplaceableUnit=BB-1,AlarmPort=4;External Alarm;Allarme Fase e Rete
2025-09-19;07:09:52;AL  ;Minor ;ENodeBFunction=1;External Link Failure;X2 link problem to one or several neighbouring eNodeBs. AI: PLMN ID-eNB ID 1 = 2221-211368 PLMN ID-eNB ID 2 = 2221-208472
2025-09-19;09:33:33;AL  ;Minor ;ENodeBFunction=1;External Link Failure;X2 link problem to one or several neighbouring eNodeBs. AI: PLMN ID-eNB ID 1 = 2221-208472
2025-09-19;12:08:23;AL  ;Cleared;ENodeBFunction=1;External Link Failure;X2 link problem to one or several neighbouring eNodeBs. AI: PLMN ID-eNB ID 1 = 2221-208472
2025-09-20;05:09:47;AL  ;Minor ;ENodeBFunction=1;External Link Failure;X2 link problem to one or several neighbouring eNodeBs. AI: PLMN ID-eNB ID 1 = 2221-213585
2025-09-20;10:23:26;AL  ;Cleared;EUtraNetwork=1,ExternalENodeBFunction=2221-208581;Inconsistent Configuration;Elastic RAN cannot be activated towards remote eNodeB. VLAN IDs do not match. Expected Vlan Id: 3908, Please check the eRAN Vlan Id at the remote eNodeB
2025-09-20;13:34:53;AL  ;Cleared;ENodeBFunction=1;External Link Failure;X2 link problem to one or several neighbouring eNodeBs. AI: PLMN ID-eNB ID 1 = 2221-213585
2025-09-20;19:07:04;AL  ;Minor ;EUtraNetwork=1,ExternalENodeBFunction=2221-650803;Inter Node Carrier Aggregation Service Unavailable;Elastic RAN Carrier Aggregation is not available towards remote eNodeB.
2025-09-20;20:48:15;AL  ;Minor ;ENodeBFunction=1;External Link Failure;X2 link problem to one or several neighbouring eNodeBs. AI: PLMN ID-eNB ID 1 = 2221-650502
2025-09-21;09:04:15;AL  ;Minor ;ENodeBFunction=1;External Link Failure;X2 link problem to one or several neighbouring eNodeBs. AI: PLMN ID-eNB ID 1 = 2221-650502 PLMN ID-eNB ID 2 = 2221-206629
2025-09-21;09:08:18;AL  ;Minor ;ENodeBFunction=1;External Link Failure;X2 link problem to one or several neighbouring eNodeBs. AI: PLMN ID-eNB ID 1 = 2221-650502
2025-09-21;09:58:38;AL  ;Cleared;EUtraNetwork=1,ExternalENodeBFunction=2221-650051;Inter Node Carrier Aggregation Service Unavailable;Elastic RAN Carrier Aggregation is not available towards remote eNodeB.
2025-09-21;10:11:29;AL  ;Cleared;EUtraNetwork=1,ExternalENodeBFunction=2221-650803;Inter Node Carrier Aggregation Service Unavailable;Elastic RAN Carrier Aggregation is not available towards remote eNodeB.
2025-09-21;10:46:31;AL  ;Cleared;ENodeBFunction=1;External Link Failure;X2 link problem to one or several neighbouring eNodeBs. AI: PLMN ID-eNB ID 1 = 2221-650502
2025-09-21;14:09:19;AL  ;Minor ;EUtraNetwork=1,ExternalENodeBFunction=2221-209516;Inter Node Carrier Aggregation Service Unavailable;Elastic RAN Carrier Aggregation is not available towards remote eNodeB.
2025-09-21;16:41:46;AL  ;Minor ;EUtraNetwork=1,ExternalENodeBFunction=2221-211114;Inter Node Carrier Aggregation Service Unavailable;Elastic RAN Carrier Aggregation is not available towards remote eNodeB.
2025-09-22;02:58:08;AL  ;Minor ;ENodeBFunction=1;External Link Failure;X2 link problem to one or several neighbouring eNodeBs. AI: PLMN ID-eNB ID 1 = 2221-211368
2025-09-22;04:42:32;AL  ;Minor ;EUtraNetwork=1,ExternalENodeBFunction=2221-600186;Inconsistent Configuration;Elastic RAN cannot be activated towards remote eNodeB. VLAN IDs do not match. Expected Vlan Id: 3908, Please check the eRAN Vlan Id at the remote eNodeB
2025-09-22;10:25:32;AL  ;Cleared;ENodeBFunction=1;External Link Failure;X2 link problem to one or several neighbouring eNodeBs. AI: PLMN ID-eNB ID 1 = 2221-211368
2025-09-22;21:11:42;AL  ;Minor ;ENodeBFunction=1;External Link Failure;X2 link problem to one or several neighbouring eNodeBs. AI: PLMN ID-eNB ID 1 = 2221-212482 PLMN ID-eNB ID 2 = 2221-211255 PLMN ID-eNB ID 3 = 2221-600829 PLMN ID-eNB ID 4 = 2221-600792 PLMN ID-eNB ID 5 = 2221-600978
2025-09-22;21:13:18;AL  ;Minor ;ENodeBFunction=1;External Link Failure;X2 link problem to one or several neighbouring eNodeBs. AI: PLMN ID-eNB ID 1 = 2221-212482 PLMN ID-eNB ID 2 = 2221-211255
2025-09-22;21:36:15;AL  ;Cleared;ENodeBFunction=1;External Link Failure;X2 link problem to one or several neighbouring eNodeBs. AI: PLMN ID-eNB ID 1 = 2221-212482 PLMN ID-eNB ID 2 = 2221-211255
2025-09-23;04:18:23;AL  ;Minor ;ENodeBFunction=1;External Link Failure;X2 link problem to one or several neighbouring eNodeBs. AI: PLMN ID-eNB ID 1 = 2221-600792 PLMN ID-eNB ID 2 = 2221-600829 PLMN ID-eNB ID 3 = 2221-600978
2025-09-23;04:33:24;AL  ;Minor ;ENodeBFunction=1;External Link Failure;X2 link problem to one or several neighbouring eNodeBs. AI: PLMN ID-eNB ID 1 = 2221-600792 PLMN ID-eNB ID 2 = 2221-600829 PLMN ID-eNB ID 3 = 2221-600978 PLMN ID-eNB ID 4 = 2221-211255 PLMN ID-eNB ID 5 = 2221-212482
2025-09-23;06:30:39;AL  ;Minor ;ENodeBFunction=1;External Link Failure;X2 link problem to one or several neighbouring eNodeBs. AI: PLMN ID-eNB ID 1 = 2221-211255 PLMN ID-eNB ID 2 = 2221-212482
2025-09-23;08:09:31;AL  ;Cleared;ENodeBFunction=1;External Link Failure;X2 link problem to one or several neighbouring eNodeBs. AI: PLMN ID-eNB ID 1 = 2221-211255 PLMN ID-eNB ID 2 = 2221-212482
2025-09-24;05:53:35;AL  ;Minor ;ENodeBFunction=1;External Link Failure;X2 link problem to one or several neighbouring eNodeBs. AI: PLMN ID-eNB ID 1 = 2221-601365
2025-09-24;07:26:00;AL  ;Minor ;ENodeBFunction=1;External Link Failure;X2 link problem to one or several neighbouring eNodeBs. AI: PLMN ID-eNB ID 1 = 2221-601365 PLMN ID-eNB ID 2 = 2221-600395
2025-09-24;07:56:29;AL  ;Minor ;ENodeBFunction=1;External Link Failure;X2 link problem to one or several neighbouring eNodeBs. AI: PLMN ID-eNB ID 1 = 2221-600395 PLMN ID-eNB ID 2 = 2221-212241
2025-09-24;09:11:02;AL  ;Warning;ENodeBFunction=1;PLMN Service Redundancy Lost;S1 connection failure for PLMN connected with link represented by MO listed in Additional Information. AI: PLMN = ["2221"],DN1=ManagedElement=1,ENodeBFunction=1,TermPointToMme=5,
2025-09-24;09:11:11;AL  ;Minor ;EUtraNetwork=1,ExternalENodeBFunction=2221-207418;Inter Node Feature Incompatibility;Inter eNodeB CA feature is not activated in remote eNodeB. SUPPRESSED
2025-09-24;09:11:11;AL  ;Cleared;EUtraNetwork=1,ExternalENodeBFunction=2221-600186;Inconsistent Configuration;Elastic RAN cannot be activated towards remote eNodeB. VLAN IDs do not match. Expected Vlan Id: 3908, Please check the eRAN Vlan Id at the remote eNodeB
2025-09-24;09:11:16;AL  ;Cleared;EUtraNetwork=1,ExternalENodeBFunction=2221-207418;Inter Node Feature Incompatibility;Inter eNodeB CA feature is not activated in remote eNodeB. SUPPRESSED
2025-09-24;09:11:18;AL  ;Minor ;EUtraNetwork=1,ExternalENodeBFunction=2221-600186;Inconsistent Configuration;Elastic RAN cannot be activated towards remote eNodeB. VLAN IDs do not match. Expected Vlan Id: 3908, Please check the eRAN Vlan Id at the remote eNodeB
2025-09-24;09:11:32;AL  ;Cleared;ENodeBFunction=1;PLMN Service Redundancy Lost;S1 connection failure for PLMN connected with link represented by MO listed in Additional Information. AI: PLMN = ["2221"],DN1=ManagedElement=1,ENodeBFunction=1,TermPointToMme=5,
2025-09-24;11:02:38;AL  ;Minor ;ENodeBFunction=1;External Link Failure;X2 link problem to one or several neighbouring eNodeBs. AI: PLMN ID-eNB ID 1 = 2221-212241
2025-09-24;11:03:49;AL  ;Cleared;ENodeBFunction=1;External Link Failure;X2 link problem to one or several neighbouring eNodeBs. AI: PLMN ID-eNB ID 1 = 2221-212241
2025-09-24;23:27:01;AL  ;Minor ;EUtraNetwork=1,ExternalENodeBFunction=2221-202870;Inter Node Feature Incompatibility;Inter eNodeB CA feature is not activated in remote eNodeB. SUPPRESSED
2025-09-25;01:21:57;AL  ;Cleared;EUtraNetwork=1,ExternalENodeBFunction=2221-202870;Inter Node Feature Incompatibility;Inter eNodeB CA feature is not activated in remote eNodeB. SUPPRESSED
2025-09-25;06:43:18;AL  ;Minor ;ENodeBFunction=1;External Link Failure;X2 link problem to one or several neighbouring eNodeBs. AI: PLMN ID-eNB ID 1 = 2221-600936
2025-09-25;12:56:08;AL  ;Minor ;ENodeBFunction=1;External Link Failure;X2 link problem to one or several neighbouring eNodeBs. AI: PLMN ID-eNB ID 1 = 2221-600936 PLMN ID-eNB ID 2 = 2221-601365
2025-09-25;13:22:36;AL  ;Minor ;ENodeBFunction=1;External Link Failure;X2 link problem to one or several neighbouring eNodeBs. AI: PLMN ID-eNB ID 1 = 2221-601365
2025-09-25;15:22:42;AL  ;Minor ;ENodeBFunction=1;External Link Failure;X2 link problem to one or several neighbouring eNodeBs. AI: PLMN ID-eNB ID 1 = 2221-601365 PLMN ID-eNB ID 2 = 2221-600829
2025-09-25;16:28:39;AL  ;Minor ;ENodeBFunction=1;External Link Failure;X2 link problem to one or several neighbouring eNodeBs. AI: PLMN ID-eNB ID 1 = 2221-601365
2025-09-26;06:46:24;AL  ;Minor ;ENodeBFunction=1;External Link Failure;X2 link problem to one or several neighbouring eNodeBs. AI: PLMN ID-eNB ID 1 = 2221-601365 PLMN ID-eNB ID 2 = 2221-600936
2025-09-26;07:08:21;AL  ;Minor ;ENodeBFunction=1;External Link Failure;X2 link problem to one or several neighbouring eNodeBs. AI: PLMN ID-eNB ID 1 = 2221-601365 PLMN ID-eNB ID 2 = 2221-600936 PLMN ID-eNB ID 3 = 2221-208472
2025-09-26;07:23:01;AL  ;Minor ;ENodeBFunction=1;External Link Failure;X2 link problem to one or several neighbouring eNodeBs. AI: PLMN ID-eNB ID 1 = 2221-601365 PLMN ID-eNB ID 2 = 2221-600936 PLMN ID-eNB ID 3 = 2221-208472 PLMN ID-eNB ID 4 = 2221-205191
2025-09-26;07:29:33;AL  ;Minor ;ENodeBFunction=1;External Link Failure;X2 link problem to one or several neighbouring eNodeBs. AI: PLMN ID-eNB ID 1 = 2221-601365 PLMN ID-eNB ID 2 = 2221-600936 PLMN ID-eNB ID 3 = 2221-208472 PLMN ID-eNB ID 4 = 2221-205191 PLMN ID-eNB ID 5 = 2221-211368
2025-09-26;07:56:07;AL  ;Major ;Synchronization=1,RadioEquipmentClock=1,RadioEquipmentClockReference=PTP;Sync PTP Time Reachability Fault;No PTP messages
2025-09-26;08:05:35;AL  ;Cleared;Synchronization=1,RadioEquipmentClock=1,RadioEquipmentClockReference=PTP;Sync PTP Time Reachability Fault;No PTP messages
2025-09-26;08:20:27;AL  ;Minor ;ENodeBFunction=1;External Link Failure;X2 link problem to one or several neighbouring eNodeBs. AI: PLMN ID-eNB ID 1 = 2221-601365 PLMN ID-eNB ID 2 = 2221-600936 PLMN ID-eNB ID 3 = 2221-208472 PLMN ID-eNB ID 4 = 2221-205191 PLMN ID-eNB ID 5 = 2221-211368 PLMN ID-eNB ID 6 = 2221-650504
2025-09-26;09:32:24;AL  ;Minor ;ENodeBFunction=1;External Link Failure;X2 link problem to one or several neighbouring eNodeBs. AI: PLMN ID-eNB ID 1 = 2221-601365 PLMN ID-eNB ID 2 = 2221-600936 PLMN ID-eNB ID 3 = 2221-208472 PLMN ID-eNB ID 4 = 2221-205191 PLMN ID-eNB ID 5 = 2221-211368 PLMN ID-eNB ID 6 = 2221-650504 PLMN ID-eNB ID 7 = 2221-204184 PLMN ID-eNB ID 8 = 2221-204183
2025-09-26;10:00:55;AL  ;Minor ;ENodeBFunction=1;External Link Failure;X2 link problem to one or several neighbouring eNodeBs. AI: PLMN ID-eNB ID 1 = 2221-601365 PLMN ID-eNB ID 2 = 2221-600936 PLMN ID-eNB ID 3 = 2221-208472 PLMN ID-eNB ID 4 = 2221-205191 PLMN ID-eNB ID 5 = 2221-211368 PLMN ID-eNB ID 6 = 2221-650504
2025-09-26;10:14:32;AL  ;Minor ;ENodeBFunction=1;External Link Failure;X2 link problem to one or several neighbouring eNodeBs. AI: PLMN ID-eNB ID 1 = 2221-601365 PLMN ID-eNB ID 2 = 2221-600936 PLMN ID-eNB ID 3 = 2221-208472 PLMN ID-eNB ID 4 = 2221-205191 PLMN ID-eNB ID 5 = 2221-211368
2025-09-26;12:42:37;AL  ;Minor ;ENodeBFunction=1;External Link Failure;X2 link problem to one or several neighbouring eNodeBs. AI: PLMN ID-eNB ID 1 = 2221-600936 PLMN ID-eNB ID 2 = 2221-208472 PLMN ID-eNB ID 3 = 2221-205191 PLMN ID-eNB ID 4 = 2221-211368
2025-09-26;12:53:34;AL  ;Minor ;ENodeBFunction=1;External Link Failure;X2 link problem to one or several neighbouring eNodeBs. AI: PLMN ID-eNB ID 1 = 2221-208472 PLMN ID-eNB ID 2 = 2221-205191 PLMN ID-eNB ID 3 = 2221-211368
2025-09-26;13:24:50;AL  ;Minor ;ENodeBFunction=1;External Link Failure;X2 link problem to one or several neighbouring eNodeBs. AI: PLMN ID-eNB ID 1 = 2221-205191 PLMN ID-eNB ID 2 = 2221-211368
2025-09-26;14:15:28;AL  ;Minor ;ENodeBFunction=1;External Link Failure;X2 link problem to one or several neighbouring eNodeBs. AI: PLMN ID-eNB ID 1 = 2221-211368
2025-09-26;15:45:44;AL  ;Cleared;ENodeBFunction=1;External Link Failure;X2 link problem to one or several neighbouring eNodeBs. AI: PLMN ID-eNB ID 1 = 2221-211368
2025-09-26;15:56:31;AL  ;Minor ;ENodeBFunction=1;External Link Failure;X2 link problem to one or several neighbouring eNodeBs. AI: PLMN ID-eNB ID 1 = 2221-211368
2025-09-26;16:04:15;AL  ;Cleared;ENodeBFunction=1;External Link Failure;X2 link problem to one or several neighbouring eNodeBs. AI: PLMN ID-eNB ID 1 = 2221-211368
2025-09-26;18:53:24;AL  ;Minor ;ENodeBFunction=1;External Link Failure;X2 link problem to one or several neighbouring eNodeBs. AI: PLMN ID-eNB ID 1 = 2221-213258
2025-09-27;07:01:50;AL  ;Minor ;ENodeBFunction=1;External Link Failure;X2 link problem to one or several neighbouring eNodeBs. AI: PLMN ID-eNB ID 1 = 2221-213258 PLMN ID-eNB ID 2 = 2221-213259 PLMN ID-eNB ID 3 = 2221-205191
2025-09-27;07:40:03;AL  ;Minor ;ENodeBFunction=1;External Link Failure;X2 link problem to one or several neighbouring eNodeBs. AI: PLMN ID-eNB ID 1 = 2221-213258 PLMN ID-eNB ID 2 = 2221-213259 PLMN ID-eNB ID 3 = 2221-205191 PLMN ID-eNB ID 4 = 2221-206629
2025-09-27;07:46:46;AL  ;Minor ;ENodeBFunction=1;External Link Failure;X2 link problem to one or several neighbouring eNodeBs. AI: PLMN ID-eNB ID 1 = 2221-213258 PLMN ID-eNB ID 2 = 2221-213259 PLMN ID-eNB ID 3 = 2221-205191
2025-09-27;07:49:01;AL  ;Minor ;ENodeBFunction=1;External Link Failure;X2 link problem to one or several neighbouring eNodeBs. AI: PLMN ID-eNB ID 1 = 2221-213258 PLMN ID-eNB ID 2 = 2221-213259
2025-09-27;07:57:04;AL  ;Minor ;ENodeBFunction=1;External Link Failure;X2 link problem to one or several neighbouring eNodeBs. AI: PLMN ID-eNB ID 1 = 2221-213258 PLMN ID-eNB ID 2 = 2221-213259 PLMN ID-eNB ID 3 = 2221-206629
2025-09-27;08:12:37;AL  ;Minor ;ENodeBFunction=1;External Link Failure;X2 link problem to one or several neighbouring eNodeBs. AI: PLMN ID-eNB ID 1 = 2221-213258 PLMN ID-eNB ID 2 = 2221-213259
2025-09-27;09:54:29;AL  ;Minor ;ENodeBFunction=1;External Link Failure;X2 link problem to one or several neighbouring eNodeBs. AI: PLMN ID-eNB ID 1 = 2221-213258 PLMN ID-eNB ID 2 = 2221-213259 PLMN ID-eNB ID 3 = 2221-206629
2025-09-27;10:00:20;AL  ;Minor ;ENodeBFunction=1;External Link Failure;X2 link problem to one or several neighbouring eNodeBs. AI: PLMN ID-eNB ID 1 = 2221-213258 PLMN ID-eNB ID 2 = 2221-213259
2025-09-27;11:00:48;AL  ;Minor ;ENodeBFunction=1;External Link Failure;X2 link problem to one or several neighbouring eNodeBs. AI: PLMN ID-eNB ID 1 = 2221-213258 PLMN ID-eNB ID 2 = 2221-213259 PLMN ID-eNB ID 3 = 2221-206629
2025-09-27;11:26:50;AL  ;Minor ;ENodeBFunction=1;External Link Failure;X2 link problem to one or several neighbouring eNodeBs. AI: PLMN ID-eNB ID 1 = 2221-213258 PLMN ID-eNB ID 2 = 2221-213259
2025-09-27;11:34:01;AL  ;Cleared;EUtraNetwork=1,ExternalENodeBFunction=2221-211205;Inconsistent Configuration;Elastic RAN cannot be activated towards remote eNodeB. VLAN IDs do not match. Expected Vlan Id: 3908, Please check the eRAN Vlan Id at the remote eNodeB
2025-09-27;11:43:34;AL  ;Minor ;ENodeBFunction=1;External Link Failure;X2 link problem to one or several neighbouring eNodeBs. AI: PLMN ID-eNB ID 1 = 2221-213258 PLMN ID-eNB ID 2 = 2221-213259 PLMN ID-eNB ID 3 = 2221-211205 PLMN ID-eNB ID 4 = 2221-207197 PLMN ID-eNB ID 5 = 2221-601153
2025-09-27;11:46:00;AL  ;Minor ;ENodeBFunction=1;External Link Failure;X2 link problem to one or several neighbouring eNodeBs. AI: PLMN ID-eNB ID 1 = 2221-213258 PLMN ID-eNB ID 2 = 2221-213259 PLMN ID-eNB ID 3 = 2221-211205 PLMN ID-eNB ID 4 = 2221-207197 PLMN ID-eNB ID 5 = 2221-601153 PLMN ID-eNB ID 6 = 2221-601527
2025-09-27;11:57:55;AL  ;Minor ;ENodeBFunction=1;External Link Failure;X2 link problem to one or several neighbouring eNodeBs. AI: PLMN ID-eNB ID 1 = 2221-213258 PLMN ID-eNB ID 2 = 2221-213259 PLMN ID-eNB ID 3 = 2221-211205 PLMN ID-eNB ID 4 = 2221-207197 PLMN ID-eNB ID 5 = 2221-601153
2025-09-27;11:58:31;AL  ;Minor ;EUtraNetwork=1,ExternalENodeBFunction=2221-211205;Inconsistent Configuration;Elastic RAN cannot be activated towards remote eNodeB. VLAN IDs do not match. Expected Vlan Id: 3908, Please check the eRAN Vlan Id at the remote eNodeB
2025-09-27;12:10:38;AL  ;Minor ;ENodeBFunction=1;External Link Failure;X2 link problem to one or several neighbouring eNodeBs. AI: PLMN ID-eNB ID 1 = 2221-213258 PLMN ID-eNB ID 2 = 2221-213259 PLMN ID-eNB ID 3 = 2221-206629
2025-09-27;12:10:41;AL  ;Cleared;EUtraNetwork=1,ExternalENodeBFunction=2221-211205;Inconsistent Configuration;Elastic RAN cannot be activated towards remote eNodeB. VLAN IDs do not match. Expected Vlan Id: 3908, Please check the eRAN Vlan Id at the remote eNodeB
2025-09-27;12:13:14;AL  ;Minor ;EUtraNetwork=1,ExternalENodeBFunction=2221-211205;Inconsistent Configuration;Elastic RAN cannot be activated towards remote eNodeB. VLAN IDs do not match. Expected Vlan Id: 3908, Please check the eRAN Vlan Id at the remote eNodeB
2025-09-27;12:27:29;AL  ;Cleared;EUtraNetwork=1,ExternalENodeBFunction=2221-211205;Inconsistent Configuration;Elastic RAN cannot be activated towards remote eNodeB. VLAN IDs do not match. Expected Vlan Id: 3908, Please check the eRAN Vlan Id at the remote eNodeB
2025-09-27;12:37:03;AL  ;Minor ;ENodeBFunction=1;External Link Failure;X2 link problem to one or several neighbouring eNodeBs. AI: PLMN ID-eNB ID 1 = 2221-213258 PLMN ID-eNB ID 2 = 2221-213259 PLMN ID-eNB ID 3 = 2221-206629 PLMN ID-eNB ID 4 = 2221-211205 PLMN ID-eNB ID 5 = 2221-207197 PLMN ID-eNB ID 6 = 2221-601153
2025-09-27;12:44:00;AL  ;Minor ;EUtraNetwork=1,ExternalENodeBFunction=2221-211205;Inconsistent Configuration;Elastic RAN cannot be activated towards remote eNodeB. VLAN IDs do not match. Expected Vlan Id: 3908, Please check the eRAN Vlan Id at the remote eNodeB
2025-09-27;12:44:08;AL  ;Minor ;ENodeBFunction=1;External Link Failure;X2 link problem to one or several neighbouring eNodeBs. AI: PLMN ID-eNB ID 1 = 2221-213258 PLMN ID-eNB ID 2 = 2221-213259 PLMN ID-eNB ID 3 = 2221-206629
2025-09-27;12:59:22;AL  ;Minor ;ENodeBFunction=1;External Link Failure;X2 link problem to one or several neighbouring eNodeBs. AI: PLMN ID-eNB ID 1 = 2221-213258 PLMN ID-eNB ID 2 = 2221-213259 PLMN ID-eNB ID 3 = 2221-206629 PLMN ID-eNB ID 4 = 2221-650803
2025-09-27;14:19:21;AL  ;Minor ;ENodeBFunction=1;External Link Failure;X2 link problem to one or several neighbouring eNodeBs. AI: PLMN ID-eNB ID 1 = 2221-213258 PLMN ID-eNB ID 2 = 2221-213259 PLMN ID-eNB ID 3 = 2221-206629
2025-09-27;15:08:02;AL  ;Minor ;ENodeBFunction=1;External Link Failure;X2 link problem to one or several neighbouring eNodeBs. AI: PLMN ID-eNB ID 1 = 2221-213258 PLMN ID-eNB ID 2 = 2221-213259
2025-09-27;15:30:38;AL  ;Minor ;ENodeBFunction=1;External Link Failure;X2 link problem to one or several neighbouring eNodeBs. AI: PLMN ID-eNB ID 1 = 2221-213258 PLMN ID-eNB ID 2 = 2221-213259 PLMN ID-eNB ID 3 = 2221-206629
2025-09-27;15:38:24;AL  ;Minor ;ENodeBFunction=1;External Link Failure;X2 link problem to one or several neighbouring eNodeBs. AI: PLMN ID-eNB ID 1 = 2221-213258 PLMN ID-eNB ID 2 = 2221-213259
2025-09-27;15:50:07;AL  ;Minor ;ENodeBFunction=1;External Link Failure;X2 link problem to one or several neighbouring eNodeBs. AI: PLMN ID-eNB ID 1 = 2221-213258 PLMN ID-eNB ID 2 = 2221-213259 PLMN ID-eNB ID 3 = 2221-206629
2025-09-27;15:51:22;AL  ;Minor ;ENodeBFunction=1;External Link Failure;X2 link problem to one or several neighbouring eNodeBs. AI: PLMN ID-eNB ID 1 = 2221-213258 PLMN ID-eNB ID 2 = 2221-213259
2025-09-27;16:01:10;AL  ;Minor ;ENodeBFunction=1;External Link Failure;X2 link problem to one or several neighbouring eNodeBs. AI: PLMN ID-eNB ID 1 = 2221-213258 PLMN ID-eNB ID 2 = 2221-213259 PLMN ID-eNB ID 3 = 2221-206629
2025-09-27;16:22:38;AL  ;Minor ;ENodeBFunction=1;External Link Failure;X2 link problem to one or several neighbouring eNodeBs. AI: PLMN ID-eNB ID 1 = 2221-213258 PLMN ID-eNB ID 2 = 2221-213259 PLMN ID-eNB ID 3 = 2221-206629
2025-09-27;16:40:50;AL  ;Minor ;ENodeBFunction=1;External Link Failure;X2 link problem to one or several neighbouring eNodeBs. AI: PLMN ID-eNB ID 1 = 2221-213258 PLMN ID-eNB ID 2 = 2221-213259
2025-09-27;16:50:37;AL  ;Minor ;ENodeBFunction=1;External Link Failure;X2 link problem to one or several neighbouring eNodeBs. AI: PLMN ID-eNB ID 1 = 2221-213258 PLMN ID-eNB ID 2 = 2221-213259 PLMN ID-eNB ID 3 = 2221-206629
2025-09-27;18:13:32;AL  ;Minor ;ENodeBFunction=1;External Link Failure;X2 link problem to one or several neighbouring eNodeBs. AI: PLMN ID-eNB ID 1 = 2221-213258 PLMN ID-eNB ID 2 = 2221-213259
2025-09-27;19:07:56;AL  ;Minor ;ENodeBFunction=1;External Link Failure;X2 link problem to one or several neighbouring eNodeBs. AI: PLMN ID-eNB ID 1 = 2221-213258 PLMN ID-eNB ID 2 = 2221-213259 PLMN ID-eNB ID 3 = 2221-206629
2025-09-28;00:49:30;AL  ;Minor ;ENodeBFunction=1;External Link Failure;X2 link problem to one or several neighbouring eNodeBs. AI: PLMN ID-eNB ID 1 = 2221-213258 PLMN ID-eNB ID 2 = 2221-213259 PLMN ID-eNB ID 3 = 2221-206629 PLMN ID-eNB ID 4 = 2221-213713
2025-09-28;03:33:03;AL  ;Minor ;ENodeBFunction=1;External Link Failure;X2 link problem to one or several neighbouring eNodeBs. AI: PLMN ID-eNB ID 1 = 2221-213258 PLMN ID-eNB ID 2 = 2221-213259 PLMN ID-eNB ID 3 = 2221-213713
2025-09-28;07:24:13;AL  ;Minor ;ENodeBFunction=1;External Link Failure;X2 link problem to one or several neighbouring eNodeBs. AI: PLMN ID-eNB ID 1 = 2221-213258 PLMN ID-eNB ID 2 = 2221-213259 PLMN ID-eNB ID 3 = 2221-213713 PLMN ID-eNB ID 4 = 2221-205191
2025-09-28;07:46:48;AL  ;Minor ;ENodeBFunction=1;External Link Failure;X2 link problem to one or several neighbouring eNodeBs. AI: PLMN ID-eNB ID 1 = 2221-213258 PLMN ID-eNB ID 2 = 2221-213259 PLMN ID-eNB ID 3 = 2221-205191
2025-09-28;08:26:56;AL  ;Minor ;ENodeBFunction=1;External Link Failure;X2 link problem to one or several neighbouring eNodeBs. AI: PLMN ID-eNB ID 1 = 2221-213258 PLMN ID-eNB ID 2 = 2221-213259 PLMN ID-eNB ID 3 = 2221-205191 PLMN ID-eNB ID 4 = 2221-213713
2025-09-28;09:03:59;AL  ;Minor ;ENodeBFunction=1;External Link Failure;X2 link problem to one or several neighbouring eNodeBs. AI: PLMN ID-eNB ID 1 = 2221-213258 PLMN ID-eNB ID 2 = 2221-213259 PLMN ID-eNB ID 3 = 2221-205191
2025-09-28;09:56:43;AL  ;Minor ;EUtraNetwork=1,ExternalENodeBFunction=2221-650050;Inter Node Carrier Aggregation Service Unavailable;Elastic RAN Carrier Aggregation is not available towards remote eNodeB.
2025-09-28;10:18:59;AL  ;Minor ;ENodeBFunction=1;External Link Failure;X2 link problem to one or several neighbouring eNodeBs. AI: PLMN ID-eNB ID 1 = 2221-213258 PLMN ID-eNB ID 2 = 2221-213259 PLMN ID-eNB ID 3 = 2221-205191 PLMN ID-eNB ID 4 = 2221-601301
2025-09-28;10:19:30;AL  ;Cleared;EUtraNetwork=1,ExternalENodeBFunction=2221-211114;Inter Node Carrier Aggregation Service Unavailable;Elastic RAN Carrier Aggregation is not available towards remote eNodeB.
2025-09-28;10:26:12;AL  ;Minor ;EUtraNetwork=1,ExternalENodeBFunction=2221-650294;Inter Node Carrier Aggregation Service Unavailable;Elastic RAN Carrier Aggregation is not available towards remote eNodeB.
2025-09-28;10:33:10;AL  ;Cleared;EUtraNetwork=1,ExternalENodeBFunction=2221-209516;Inter Node Carrier Aggregation Service Unavailable;Elastic RAN Carrier Aggregation is not available towards remote eNodeB.
2025-09-28;10:45:44;AL  ;Minor ;ENodeBFunction=1;External Link Failure;X2 link problem to one or several neighbouring eNodeBs. AI: PLMN ID-eNB ID 1 = 2221-213258
2025-09-28;10:45:51;AL  ;Cleared;EUtraNetwork=1,ExternalENodeBFunction=2221-650294;Inter Node Carrier Aggregation Service Unavailable;Elastic RAN Carrier Aggregation is not available towards remote eNodeB.
2025-09-28;10:45:58;AL  ;Cleared;EUtraNetwork=1,ExternalENodeBFunction=2221-650050;Inter Node Carrier Aggregation Service Unavailable;Elastic RAN Carrier Aggregation is not available towards remote eNodeB.
2025-09-28;10:45:59;AL  ;Minor ;EUtraNetwork=1,ExternalENodeBFunction=2221-650294;Inter Node Carrier Aggregation Service Unavailable;Elastic RAN Carrier Aggregation is not available towards remote eNodeB.
2025-09-28;10:45:59;AL  ;Cleared;ENodeBFunction=1;External Link Failure;X2 link problem to one or several neighbouring eNodeBs. AI: PLMN ID-eNB ID 1 = 2221-213258
2025-09-28;10:47:02;AL  ;Minor ;EUtraNetwork=1,ExternalENodeBFunction=2221-650050;Inter Node Carrier Aggregation Service Unavailable;Elastic RAN Carrier Aggregation is not available towards remote eNodeB.
2025-09-28;11:47:29;AL  ;Minor ;ENodeBFunction=1;External Link Failure;X2 link problem to one or several neighbouring eNodeBs. AI: PLMN ID-eNB ID 1 = 2221-601518
2025-09-28;15:17:53;AL  ;Cleared;ENodeBFunction=1;External Link Failure;X2 link problem to one or several neighbouring eNodeBs. AI: PLMN ID-eNB ID 1 = 2221-601518
2025-09-28;16:39:01;AL  ;Minor ;ENodeBFunction=1;External Link Failure;X2 link problem to one or several neighbouring eNodeBs. AI: PLMN ID-eNB ID 1 = 2221-212052
2025-09-28;18:37:58;AL  ;Minor ;EUtraNetwork=1,ExternalENodeBFunction=2221-650252;Inter Node Carrier Aggregation Service Unavailable;Elastic RAN Carrier Aggregation is not available towards remote eNodeB.
2025-09-29;17:38:47;AL  ;Cleared;ENodeBFunction=1;External Link Failure;X2 link problem to one or several neighbouring eNodeBs. AI: PLMN ID-eNB ID 1 = 2221-212052
2025-09-29;22:24:22;AL  ;Minor ;EUtraNetwork=1,ExternalENodeBFunction=2221-211114;Inter Node Carrier Aggregation Service Unavailable;Elastic RAN Carrier Aggregation is not available towards remote eNodeB.
2025-09-30;06:48:43;AL  ;Minor ;EUtraNetwork=1,ExternalENodeBFunction=2221-202870;Inter Node Feature Incompatibility;Inter eNodeB CA feature is not activated in remote eNodeB. SUPPRESSED
2025-09-30;06:49:57;AL  ;Cleared;EUtraNetwork=1,ExternalENodeBFunction=2221-202870;Inter Node Feature Incompatibility;Inter eNodeB CA feature is not activated in remote eNodeB. SUPPRESSED
2025-09-30;07:07:00;AL  ;Minor ;ENodeBFunction=1;External Link Failure;X2 link problem to one or several neighbouring eNodeBs. AI: PLMN ID-eNB ID 1 = 2221-209137
2025-09-30;08:42:06;AL  ;Cleared;ENodeBFunction=1;External Link Failure;X2 link problem to one or several neighbouring eNodeBs. AI: PLMN ID-eNB ID 1 = 2221-209137
2025-09-30;17:43:11;AL  ;Minor ;ENodeBFunction=1;External Link Failure;X2 link problem to one or several neighbouring eNodeBs. AI: PLMN ID-eNB ID 1 = 2221-601327
2025-10-01;06:53:17;AL  ;Cleared;ENodeBFunction=1;External Link Failure;X2 link problem to one or several neighbouring eNodeBs. AI: PLMN ID-eNB ID 1 = 2221-601327
2025-10-01;08:35:35;AL  ;Minor ;ENodeBFunction=1;External Link Failure;X2 link problem to one or several neighbouring eNodeBs. AI: PLMN ID-eNB ID 1 = 2221-211255
2025-10-01;08:37:32;AL  ;Minor ;ENodeBFunction=1;External Link Failure;X2 link problem to one or several neighbouring eNodeBs. AI: PLMN ID-eNB ID 1 = 2221-211255 PLMN ID-eNB ID 2 = 2221-600829
2025-10-01;09:22:51;AL  ;Minor ;ENodeBFunction=1;External Link Failure;X2 link problem to one or several neighbouring eNodeBs. AI: PLMN ID-eNB ID 1 = 2221-211255 PLMN ID-eNB ID 2 = 2221-600829 PLMN ID-eNB ID 3 = 2221-650803
2025-10-01;09:46:12;AL  ;Minor ;ENodeBFunction=1;External Link Failure;X2 link problem to one or several neighbouring eNodeBs. AI: PLMN ID-eNB ID 1 = 2221-211255 PLMN ID-eNB ID 2 = 2221-600829 PLMN ID-eNB ID 3 = 2221-650803 PLMN ID-eNB ID 4 = 2221-205921
2025-10-01;10:32:44;AL  ;Minor ;ENodeBFunction=1;External Link Failure;X2 link problem to one or several neighbouring eNodeBs. AI: PLMN ID-eNB ID 1 = 2221-211255 PLMN ID-eNB ID 2 = 2221-600829 PLMN ID-eNB ID 3 = 2221-205921
2025-10-01;11:26:04;AL  ;Minor ;ENodeBFunction=1;External Link Failure;X2 link problem to one or several neighbouring eNodeBs. AI: PLMN ID-eNB ID 1 = 2221-205921
2025-10-01;14:36:41;AL  ;Cleared;ENodeBFunction=1;External Link Failure;X2 link problem to one or several neighbouring eNodeBs. AI: PLMN ID-eNB ID 1 = 2221-205921
2025-10-02;07:43:40;AL  ;Minor ;ENodeBFunction=1;External Link Failure;X2 link problem to one or several neighbouring eNodeBs. AI: PLMN ID-eNB ID 1 = 2221-650659
2025-10-02;07:43:56;AL  ;Cleared;ENodeBFunction=1;External Link Failure;X2 link problem to one or several neighbouring eNodeBs. AI: PLMN ID-eNB ID 1 = 2221-650659
2025-10-02;07:45:13;AL  ;Minor ;ENodeBFunction=1;External Link Failure;X2 link problem to one or several neighbouring eNodeBs. AI: PLMN ID-eNB ID 1 = 2221-600088
2025-10-02;08:41:15;AL  ;Minor ;ENodeBFunction=1;External Link Failure;X2 link problem to one or several neighbouring eNodeBs. AI: PLMN ID-eNB ID 1 = 2221-600088 PLMN ID-eNB ID 2 = 2221-212588 PLMN ID-eNB ID 3 = 2221-209644
2025-10-02;10:23:21;AL  ;Minor ;ENodeBFunction=1;External Link Failure;X2 link problem to one or several neighbouring eNodeBs. AI: PLMN ID-eNB ID 1 = 2221-600088 PLMN ID-eNB ID 2 = 2221-212588 PLMN ID-eNB ID 3 = 2221-209644 PLMN ID-eNB ID 4 = 2221-650054
2025-10-02;12:04:56;AL  ;Minor ;ENodeBFunction=1;External Link Failure;X2 link problem to one or several neighbouring eNodeBs. AI: PLMN ID-eNB ID 1 = 2221-600088 PLMN ID-eNB ID 2 = 2221-212588 PLMN ID-eNB ID 3 = 2221-209644
2025-10-02;13:40:53;AL  ;Cleared;ENodeBFunction=1;External Link Failure;X2 link problem to one or several neighbouring eNodeBs. AI: PLMN ID-eNB ID 1 = 2221-600088 PLMN ID-eNB ID 2 = 2221-212588 PLMN ID-eNB ID 3 = 2221-209644
2025-10-02;16:43:07;AL  ;Minor ;ENodeBFunction=1;External Link Failure;X2 link problem to one or several neighbouring eNodeBs. AI: PLMN ID-eNB ID 1 = 2221-600088
2025-10-02;16:45:18;AL  ;Cleared;ENodeBFunction=1;External Link Failure;X2 link problem to one or several neighbouring eNodeBs. AI: PLMN ID-eNB ID 1 = 2221-600088
2025-10-03;00:07:01;AL  ;Minor ;EUtraNetwork=1,ExternalENodeBFunction=2221-650182;Inter Node Feature Incompatibility;Inter eNodeB CA feature is not activated in remote eNodeB. SUPPRESSED
2025-10-03;00:09:30;AL  ;Cleared;EUtraNetwork=1,ExternalENodeBFunction=2221-650182;Inter Node Feature Incompatibility;Inter eNodeB CA feature is not activated in remote eNodeB. SUPPRESSED
2025-10-03;00:09:30;AL  ;Minor ;EUtraNetwork=1,ExternalENodeBFunction=2221-202870;Inter Node Feature Incompatibility;Inter eNodeB CA feature is not activated in remote eNodeB. SUPPRESSED
2025-10-03;00:55:59;AL  ;Cleared;EUtraNetwork=1,ExternalENodeBFunction=2221-202870;Inter Node Feature Incompatibility;Inter eNodeB CA feature is not activated in remote eNodeB. SUPPRESSED
2025-10-03;12:15:29;AL  ;Minor ;ENodeBFunction=1;External Link Failure;X2 link problem to one or several neighbouring eNodeBs. AI: PLMN ID-eNB ID 1 = 2221-206048
2025-10-03;12:45:38;AL  ;Cleared;ENodeBFunction=1;External Link Failure;X2 link problem to one or several neighbouring eNodeBs. AI: PLMN ID-eNB ID 1 = 2221-206048
2025-10-04;02:43:58;AL  ;Minor ;ENodeBFunction=1;External Link Failure;X2 link problem to one or several neighbouring eNodeBs. AI: PLMN ID-eNB ID 1 = 2221-650504
2025-10-04;02:47:56;AL  ;Cleared;ENodeBFunction=1;External Link Failure;X2 link problem to one or several neighbouring eNodeBs. AI: PLMN ID-eNB ID 1 = 2221-650504
2025-10-04;03:53:50;AL  ;Minor ;ENodeBFunction=1;External Link Failure;X2 link problem to one or several neighbouring eNodeBs. AI: PLMN ID-eNB ID 1 = 2221-650504
2025-10-04;03:54:56;AL  ;Cleared;ENodeBFunction=1;External Link Failure;X2 link problem to one or several neighbouring eNodeBs. AI: PLMN ID-eNB ID 1 = 2221-650504
2025-10-05;09:44:04;AL  ;Cleared;EUtraNetwork=1,ExternalENodeBFunction=2221-650050;Inter Node Carrier Aggregation Service Unavailable;Elastic RAN Carrier Aggregation is not available towards remote eNodeB.
2025-10-05;10:06:22;AL  ;Cleared;EUtraNetwork=1,ExternalENodeBFunction=2221-211114;Inter Node Carrier Aggregation Service Unavailable;Elastic RAN Carrier Aggregation is not available towards remote eNodeB.
2025-10-05;10:13:03;AL  ;Cleared;EUtraNetwork=1,ExternalENodeBFunction=2221-650294;Inter Node Carrier Aggregation Service Unavailable;Elastic RAN Carrier Aggregation is not available towards remote eNodeB.
2025-10-05;10:16:18;AL  ;Cleared;EUtraNetwork=1,ExternalENodeBFunction=2221-650252;Inter Node Carrier Aggregation Service Unavailable;Elastic RAN Carrier Aggregation is not available towards remote eNodeB.
2025-10-05;10:20:24;AL  ;Minor ;EUtraNetwork=1,ExternalENodeBFunction=2221-209516;Inter Node Carrier Aggregation Service Unavailable;Elastic RAN Carrier Aggregation is not available towards remote eNodeB.
2025-10-05;10:32:14;AL  ;Cleared;EUtraNetwork=1,ExternalENodeBFunction=2221-209516;Inter Node Carrier Aggregation Service Unavailable;Elastic RAN Carrier Aggregation is not available towards remote eNodeB.
2025-10-05;10:33:08;AL  ;Minor ;EUtraNetwork=1,ExternalENodeBFunction=2221-209516;Inter Node Carrier Aggregation Service Unavailable;Elastic RAN Carrier Aggregation is not available towards remote eNodeB.
2025-10-05;11:12:37;AL  ;Minor ;EUtraNetwork=1,ExternalENodeBFunction=2221-203213;Inconsistent Configuration;Elastic RAN cannot be activated towards remote eNodeB. VLAN IDs do not match. Expected Vlan Id: 3908, Please check the eRAN Vlan Id at the remote eNodeB
2025-10-05;22:47:35;AL  ;Minor ;EUtraNetwork=1,ExternalENodeBFunction=2221-650050;Inter Node Carrier Aggregation Service Unavailable;Elastic RAN Carrier Aggregation is not available towards remote eNodeB.
2025-10-05;23:02:32;AL  ;Minor ;ENodeBFunction=1;External Link Failure;X2 link problem to one or several neighbouring eNodeBs. AI: PLMN ID-eNB ID 1 = 2221-206629
2025-10-05;23:27:04;AL  ;Cleared;ENodeBFunction=1;External Link Failure;X2 link problem to one or several neighbouring eNodeBs. AI: PLMN ID-eNB ID 1 = 2221-206629
2025-10-06;11:48:39;AL  ;Minor ;ENodeBFunction=1;External Link Failure;X2 link problem to one or several neighbouring eNodeBs. AI: PLMN ID-eNB ID 1 = 2221-209906
2025-10-06;12:47:25;AL  ;Minor ;ENodeBFunction=1;External Link Failure;X2 link problem to one or several neighbouring eNodeBs. AI: PLMN ID-eNB ID 1 = 2221-209906 PLMN ID-eNB ID 2 = 2221-600510
2025-10-06;13:02:47;AL  ;Minor ;ENodeBFunction=1;External Link Failure;X2 link problem to one or several neighbouring eNodeBs. AI: PLMN ID-eNB ID 1 = 2221-209906
2025-10-06;22:15:08;AL  ;Minor ;EUtraNetwork=1,ExternalENodeBFunction=2221-211114;Inter Node Carrier Aggregation Service Unavailable;Elastic RAN Carrier Aggregation is not available towards remote eNodeB.


RL7AT> lgec -m 30d

251007-11:37:32+0200 19.31.12.193 25.0h MSRBS_NODE_MODEL_25.Q1_198665.224.73_bf81 stopfile=/tmp/883966

Startdate=20250907.093732, Enddate=20251008.093733
Date;Time;Log;Severity;Object;Event;Cause;AdditionalText;AckState;Id;NotificationId;CorrelatedAlarms
Executing action Log.export()
..
Log=AlertLog                    actionId=51209
...
=================================================================================================================
MO                  actionId result      resultInfo
=================================================================================================================
LogM=1,Log=AlertLog 51209    1 (SUCCESS)           
cat  /ericsson/log/amos/moshell_logfiles/t20251007_37258710_53697/logs_moshell/tempfiles/scp-2-amos_20251007-113642_883893/rcslogs/AlertLog_20230720__072550.log > /ericsson/log/amos/moshell_logfiles/t20251007_37258710_53697/logs_moshell/tempfiles/scp-2-amos_20251007-113642_883893/eventLog883966.xml

Bye...
Output has been logged to file /mta_fs/UserFiles/37258710/amosbatch/2025-10-07_11-07-01_53697/RL7AT.log
