Logging to file /mta_fs/UserFiles/37258710/amosbatch/2025-10-07_11-07-01_53697/RL7ET.log
                        __  __  ____   _____
                  /\   |  \/  |/ __ \ / ____|
                 /  \  | \  / | |  | | (___  
                / /\ \ | |\/| | |  | |\___ \ 
               / ____ \| |  | | |__| |____) |
              /_/    \_\_|  |_|\____/|_____/
              OSS Framework for MoShell-25.0h 
  Copyright (c) Ericsson AB 2001-2025 - All Rights Reserved
              
           
[1;31mWARNING: [0mthe AMOS version currently running is more than 22 weeks old and is unsupported.
Please upgrade as soon as possible to the latest released version, available from your local Ericsson support.

$amosrb_pid = 823195

Checking ip contact...OK

HELP MENU            : h
BASIC MO COMMANDS    : m
OTHER MO COMMANDS    : n
OTHER COMMANDS       : o
PM COMMANDS          : p
QUIT                 : q

RL7ET> lt all

251007-11:29:46+0200 19.31.12.174 25.0h  stopfile=/tmp/823076
Looking up temporary_amos account... OK.
Trying temporary_amos_t20251007_37258710_53697_313's password from amos lookupAccount ... OK

$ssh_pid = 824284

Connected to 19.31.12.174 (SubNetwork=BBMM_rckomc_R,MeContext=RL7ET,ManagedElement=RL7ET)

Checking MOM version...MSRBS_NODE_MODEL_25.Q1_693.28324.131_62ac
Parsing MOM (cached): /ericsson/log/amos/moshell_logfiles/t20251007_37258710_53697/logs_moshell/tempfiles/scp-2-amos_20251007-112939_823009/MSRBS_NODE_MODEL_25.Q1_693.28324.131_62ac.xml.cache.gz ..................................................................................................................................................................................................................................Done.
Using paramfile /opt/ericsson/amos/moshell/commonjars/pm/PARAM_MSRBS_25.Q1.txt
Parsing file /opt/ericsson/amos/moshell/commonjars/pm/PARAM_MSRBS_25.Q1.txt .......................................................................................Done.
Using imomdfile /opt/ericsson/amos/moshell/commonjars/pm/IMOMD_MSRBS_22.Q4.txt
Using imomfile /opt/ericsson/amos/moshell/commonjars/pm/IMOM_MSRBS_25.Q1.txt
Connected to 19.31.12.174 (SubNetwork=BBMM_rckomc_R,MeContext=RL7ET,ManagedElement=RL7ET)

Last MO: 18302. Loaded 18302 MOs. Total: 18303 MOs.

RL7ET> hget EUtranCellFDD ^cellid

251007-11:29:59+0200 19.31.12.174 25.0h MSRBS_NODE_MODEL_25.Q1_693.28324.131_62ac stopfile=/tmp/823076
.
=================================================================================================================
MO                   cellId
=================================================================================================================
EUtranCellFDD=RL7EE1 61    
EUtranCellFDD=RL7EE2 62    
EUtranCellFDD=RL7EM1 31    
EUtranCellFDD=RL7EM2 32    
EUtranCellFDD=RL7ET1 41    
EUtranCellFDD=RL7ET2 42    
=================================================================================================================
Total: 6 MOs

Added 6 MOs to group: hget_group

RL7ET> hget NbIotCell ^cellid

251007-11:30:00+0200 19.31.12.174 25.0h MSRBS_NODE_MODEL_25.Q1_693.28324.131_62ac stopfile=/tmp/823076
.
=================================================================================================================
MO               cellId
=================================================================================================================
NbIotCell=RL7EN1 161   
NbIotCell=RL7EN2 162   
=================================================================================================================
Total: 2 MOs

Added 2 MOs to group: hget_group

RL7ET> hget NRCellDU ^cellLocalId

251007-11:30:00+0200 19.31.12.174 25.0h MSRBS_NODE_MODEL_25.Q1_693.28324.131_62ac stopfile=/tmp/823076
Total: 0 MOs

RL7ET> lgdc -m 30d

251007-11:30:01+0200 19.31.12.174 25.0h MSRBS_NODE_MODEL_25.Q1_693.28324.131_62ac stopfile=/tmp/823076

Startdate=20250907.093001, Enddate=20251008.093001
INFO: Using amos lookupAccount credentials for the export login

Executing action LogM.exportAvailabilityLog()
...LogM=1,exportAvailabilityLog    actionId=51068
...
=================================================================================================================
MO     actionId result      resultInfo
=================================================================================================================
LogM=1 51068    1 (SUCCESS)           
cp /ericsson/log/amos/moshell_logfiles/t20251007_37258710_53697/logs_moshell/tempfiles/scp-2-amos_20251007-112939_823009/rcslogs/RBS_CS_AVAILABILITY_LOG_20251007093003.xml /ericsson/log/amos/moshell_logfiles/t20251007_37258710_53697/logs_moshell/tempfiles/scp-2-amos_20251007-112939_823009/availabilityLog823076.xml
Parsing availabilityLog....Done.
.
Date;Time;RestartType;SwVersion;SwRelease;RCSDowntime;ApplicationDowntime;TNDowntime;RATsDowntime;ExtraInfo;ExtraInfo2
2025-09-08;02:04:13;PartialOutage(Manual);17% Lrat Cell 31; ();10s;;;;;
2025-09-08;02:04:25;PartialOutage(Manual);17% Lrat Cell 32; ();16s;;;;;
2025-09-08;02:04:47;PartialOutage(Manual);17% Lrat Cell 41; ();7s;;;;;
2025-09-08;02:04:57;PartialOutage(Manual);17% Lrat Cell 42; ();11s;;;;;
2025-09-08;02:05:10;PartialOutage(Manual);50% Lrat Cell 161; ();3s;;;;;
2025-09-08;02:05:13;PartialOutage(Manual);17% Lrat Cell 61; ();7s;;;;;
2025-09-08;02:05:24;PartialOutage(Manual);17% Lrat Cell 62; ();8s;;;;;
2025-09-08;02:05:39;PartialOutage(Manual);83% Lrat Cell 162; ();9s;;;;;

Node uptime since last restart: 2532261 seconds (29 days, 7 hours, 24 minutes, 21 seconds)
------------------------------------------------------------------------------------------------------
Period=30 days       NodeUpgrade      NodeManual       NodeSpontaneous  AllNodeRestarts  PartialOutages  
------------------------------------------------------------------------------------------------------
Number Of outages    0                0                0                0                8               
Total downtime       0s               0s               0s               0s               71s (1m11s)     
Downtime per day     0s               0s               0s               0s               2s              
Downtime per outage  0s               0s               0s               0s               9s              

RL7ET> lgac -m 30d

251007-11:30:09+0200 19.31.12.174 25.0h MSRBS_NODE_MODEL_25.Q1_693.28324.131_62ac stopfile=/tmp/823076

Startdate=20250907.093010, Enddate=20251008.093010
Date;Time;Log;Severity;Object;Event;Cause;AdditionalText;AckState;Id;NotificationId;CorrelatedAlarms
Executing action Log.export()
..
Log=AlarmLog                    actionId=51069
......
=================================================================================================================
MO                  actionId result      resultInfo
=================================================================================================================
LogM=1,Log=AlarmLog 51069    1 (SUCCESS)           
cat  /ericsson/log/amos/moshell_logfiles/t20251007_37258710_53697/logs_moshell/tempfiles/scp-2-amos_20251007-112939_823009/rcslogs/saLogAlarm_20230926__084552_20250226__234619.log /ericsson/log/amos/moshell_logfiles/t20251007_37258710_53697/logs_moshell/tempfiles/scp-2-amos_20251007-112939_823009/rcslogs/saLogAlarm_20250226__234619.log > /ericsson/log/amos/moshell_logfiles/t20251007_37258710_53697/logs_moshell/tempfiles/scp-2-amos_20251007-112939_823009/alarmLog823076.xml
2025-09-07;10:06:05;AL  ;Cleared;EUtraNetwork=1,ExternalENodeBFunction=2221-212239;Inter Node Carrier Aggregation Service Unavailable;Elastic RAN Carrier Aggregation is not available towards remote eNodeB.
2025-09-07;10:06:19;AL  ;Minor ;EUtraNetwork=1,ExternalENodeBFunction=2221-212239;Inter Node Carrier Aggregation Service Unavailable;Elastic RAN Carrier Aggregation is not available towards remote eNodeB.
2025-09-07;10:18:10;AL  ;Cleared;EUtraNetwork=1,ExternalENodeBFunction=2221-205467;Inter Node Carrier Aggregation Service Unavailable;Elastic RAN Carrier Aggregation is not available towards remote eNodeB.
2025-09-07;10:18:28;AL  ;Minor ;EUtraNetwork=1,ExternalENodeBFunction=2221-205467;Inter Node Carrier Aggregation Service Unavailable;Elastic RAN Carrier Aggregation is not available towards remote eNodeB.
2025-09-07;10:19:13;AL  ;Cleared;EUtraNetwork=1,ExternalENodeBFunction=2221-209913;Inter Node Carrier Aggregation Service Unavailable;Elastic RAN Carrier Aggregation is not available towards remote eNodeB.
2025-09-07;10:19:52;AL  ;Cleared;EUtraNetwork=1,ExternalENodeBFunction=2221-650548;Inter Node Carrier Aggregation Service Unavailable;Elastic RAN Carrier Aggregation is not available towards remote eNodeB.
2025-09-07;10:20:16;AL  ;Minor ;EUtraNetwork=1,ExternalENodeBFunction=2221-650548;Inter Node Carrier Aggregation Service Unavailable;Elastic RAN Carrier Aggregation is not available towards remote eNodeB.
2025-09-07;10:31:02;AL  ;Cleared;EUtraNetwork=1,ExternalENodeBFunction=2221-211975;Inter Node Carrier Aggregation Service Unavailable;Elastic RAN Carrier Aggregation is not available towards remote eNodeB.
2025-09-07;10:31:17;AL  ;Cleared;EUtraNetwork=1,ExternalENodeBFunction=2221-650342;Inter Node Carrier Aggregation Service Unavailable;Elastic RAN Carrier Aggregation is not available towards remote eNodeB.
2025-09-07;10:31:20;AL  ;Minor ;EUtraNetwork=1,ExternalENodeBFunction=2221-650051;Inter Node Carrier Aggregation Service Unavailable;Elastic RAN Carrier Aggregation is not available towards remote eNodeB.
2025-09-07;10:31:20;AL  ;Minor ;EUtraNetwork=1,ExternalENodeBFunction=2221-211975;Inter Node Carrier Aggregation Service Unavailable;Elastic RAN Carrier Aggregation is not available towards remote eNodeB.
2025-09-07;10:31:51;AL  ;Minor ;EUtraNetwork=1,ExternalENodeBFunction=2221-650342;Inter Node Carrier Aggregation Service Unavailable;Elastic RAN Carrier Aggregation is not available towards remote eNodeB.
2025-09-07;10:54:28;AL  ;Cleared;EUtraNetwork=1,ExternalENodeBFunction=2221-209057;Inter Node Carrier Aggregation Service Unavailable;Elastic RAN Carrier Aggregation is not available towards remote eNodeB.
2025-09-07;10:54:44;AL  ;Cleared;EUtraNetwork=1,ExternalENodeBFunction=2221-650059;Inter Node Carrier Aggregation Service Unavailable;Elastic RAN Carrier Aggregation is not available towards remote eNodeB.
2025-09-07;10:55:05;AL  ;Minor ;EUtraNetwork=1,ExternalENodeBFunction=2221-209057;Inter Node Carrier Aggregation Service Unavailable;Elastic RAN Carrier Aggregation is not available towards remote eNodeB.
2025-09-07;10:55:15;AL  ;Minor ;EUtraNetwork=1,ExternalENodeBFunction=2221-650059;Inter Node Carrier Aggregation Service Unavailable;Elastic RAN Carrier Aggregation is not available towards remote eNodeB.
2025-09-07;10:56:14;AL  ;Cleared;EUtraNetwork=1,ExternalENodeBFunction=2221-209057;Inter Node Carrier Aggregation Service Unavailable;Elastic RAN Carrier Aggregation is not available towards remote eNodeB.
2025-09-07;10:56:19;AL  ;Cleared;EUtraNetwork=1,ExternalENodeBFunction=2221-650342;Inter Node Carrier Aggregation Service Unavailable;Elastic RAN Carrier Aggregation is not available towards remote eNodeB.
2025-09-07;10:56:26;AL  ;Cleared;EUtraNetwork=1,ExternalENodeBFunction=2221-212239;Inter Node Carrier Aggregation Service Unavailable;Elastic RAN Carrier Aggregation is not available towards remote eNodeB.
2025-09-07;10:56:30;AL  ;Cleared;EUtraNetwork=1,ExternalENodeBFunction=2221-210144;Inter Node Carrier Aggregation Service Unavailable;Elastic RAN Carrier Aggregation is not available towards remote eNodeB.
2025-09-07;10:56:35;AL  ;Cleared;EUtraNetwork=1,ExternalENodeBFunction=2221-650266;Inter Node Carrier Aggregation Service Unavailable;Elastic RAN Carrier Aggregation is not available towards remote eNodeB.
2025-09-07;10:56:39;AL  ;Cleared;EUtraNetwork=1,ExternalENodeBFunction=2221-205467;Inter Node Carrier Aggregation Service Unavailable;Elastic RAN Carrier Aggregation is not available towards remote eNodeB.
2025-09-07;10:56:43;AL  ;Cleared;EUtraNetwork=1,ExternalENodeBFunction=2221-211975;Inter Node Carrier Aggregation Service Unavailable;Elastic RAN Carrier Aggregation is not available towards remote eNodeB.
2025-09-07;10:56:48;AL  ;Cleared;EUtraNetwork=1,ExternalENodeBFunction=2221-650548;Inter Node Carrier Aggregation Service Unavailable;Elastic RAN Carrier Aggregation is not available towards remote eNodeB.
2025-09-07;10:56:53;AL  ;Cleared;EUtraNetwork=1,ExternalENodeBFunction=2221-650051;Inter Node Carrier Aggregation Service Unavailable;Elastic RAN Carrier Aggregation is not available towards remote eNodeB.
2025-09-07;10:56:59;AL  ;Cleared;EUtraNetwork=1,ExternalENodeBFunction=2221-203402;Inconsistent Configuration;Elastic RAN cannot be activated towards remote eNodeB. VLAN IDs do not match. Expected Vlan Id: 3908, Please check the eRAN Vlan Id at the remote eNodeB
2025-09-07;10:57:03;AL  ;Cleared;EUtraNetwork=1,ExternalENodeBFunction=2221-650059;Inter Node Carrier Aggregation Service Unavailable;Elastic RAN Carrier Aggregation is not available towards remote eNodeB.
2025-09-07;11:51:05;AL  ;Minor ;EUtraNetwork=1,ExternalENodeBFunction=2221-650342;Inter Node Carrier Aggregation Service Unavailable;Elastic RAN Carrier Aggregation is not available towards remote eNodeB.
2025-09-07;13:51:05;AL  ;Minor ;EUtraNetwork=1,ExternalENodeBFunction=2221-211975;Inter Node Carrier Aggregation Service Unavailable;Elastic RAN Carrier Aggregation is not available towards remote eNodeB.
2025-09-07;16:51:05;AL  ;Minor ;EUtraNetwork=1,ExternalENodeBFunction=2221-650059;Inter Node Carrier Aggregation Service Unavailable;Elastic RAN Carrier Aggregation is not available towards remote eNodeB.
2025-09-08;07:14:08;AL  ;Minor ;ENodeBFunction=1;External Link Failure;X2 link problem to one or several neighbouring eNodeBs. AI: PLMN ID-eNB ID 1 = 2221-650051
2025-09-08;07:21:48;AL  ;Minor ;ENodeBFunction=1;External Link Failure;X2 link problem to one or several neighbouring eNodeBs. AI: PLMN ID-eNB ID 1 = 2221-650051 PLMN ID-eNB ID 2 = 2221-650802
2025-09-08;10:05:21;AL  ;Minor ;EUtraNetwork=1,ExternalENodeBFunction=2221-650266;Inter Node Carrier Aggregation Service Unavailable;Elastic RAN Carrier Aggregation is not available towards remote eNodeB.
2025-09-08;12:36:47;AL  ;Minor ;ENodeBFunction=1;External Link Failure;X2 link problem to one or several neighbouring eNodeBs. AI: PLMN ID-eNB ID 1 = 2221-650802
2025-09-08;12:40:30;AL  ;Cleared;ENodeBFunction=1;External Link Failure;X2 link problem to one or several neighbouring eNodeBs. AI: PLMN ID-eNB ID 1 = 2221-650802
2025-09-08;20:05:33;AL  ;Minor ;EUtraNetwork=1,ExternalENodeBFunction=2221-209057;Inter Node Carrier Aggregation Service Unavailable;Elastic RAN Carrier Aggregation is not available towards remote eNodeB.
2025-09-09;02:33:28;AL  ;Minor ;EUtraNetwork=1,ExternalENodeBFunction=2221-211552;Inconsistent Configuration;Elastic RAN cannot be activated towards remote eNodeB. VLAN IDs do not match. Expected Vlan Id: 3908, Please check the eRAN Vlan Id at the remote eNodeB
2025-09-09;10:00:06;AL  ;Minor ;EUtraNetwork=1,ExternalENodeBFunction=2221-650051;Inter Node Carrier Aggregation Service Unavailable;Elastic RAN Carrier Aggregation is not available towards remote eNodeB.
2025-09-09;11:00:14;AL  ;Cleared;EUtraNetwork=1,ExternalENodeBFunction=2221-650051;Inter Node Carrier Aggregation Service Unavailable;Elastic RAN Carrier Aggregation is not available towards remote eNodeB.
2025-09-09;15:05:22;AL  ;Minor ;EUtraNetwork=1,ExternalENodeBFunction=2221-212239;Inter Node Carrier Aggregation Service Unavailable;Elastic RAN Carrier Aggregation is not available towards remote eNodeB.
2025-09-09;20:19:49;AL  ;Minor ;ENodeBFunction=1;External Link Failure;X2 link problem to one or several neighbouring eNodeBs. AI: PLMN ID-eNB ID 1 = 2221-210238
2025-09-10;15:55:32;AL  ;Cleared;ENodeBFunction=1;External Link Failure;X2 link problem to one or several neighbouring eNodeBs. AI: PLMN ID-eNB ID 1 = 2221-210238
2025-09-10;22:50:50;AL  ;Minor ;ENodeBFunction=1;External Link Failure;X2 link problem to one or several neighbouring eNodeBs. AI: PLMN ID-eNB ID 1 = 2221-601340
2025-09-10;23:50:04;AL  ;Cleared;EUtraNetwork=1,ExternalENodeBFunction=2221-211552;Inconsistent Configuration;Elastic RAN cannot be activated towards remote eNodeB. VLAN IDs do not match. Expected Vlan Id: 3908, Please check the eRAN Vlan Id at the remote eNodeB
2025-09-11;01:12:41;AL  ;Cleared;ENodeBFunction=1;External Link Failure;X2 link problem to one or several neighbouring eNodeBs. AI: PLMN ID-eNB ID 1 = 2221-601340
2025-09-12;00:38:29;AL  ;Minor ;EUtraNetwork=1,ExternalENodeBFunction=2221-205467;Inter Node Carrier Aggregation Service Unavailable;Elastic RAN Carrier Aggregation is not available towards remote eNodeB.
2025-09-13;08:05:21;AL  ;Minor ;EUtraNetwork=1,ExternalENodeBFunction=2221-210144;Inter Node Carrier Aggregation Service Unavailable;Elastic RAN Carrier Aggregation is not available towards remote eNodeB.
2025-09-14;09:05:08;AL  ;Minor ;EUtraNetwork=1,ExternalENodeBFunction=2221-211552;Inconsistent Configuration;Elastic RAN cannot be activated towards remote eNodeB. VLAN IDs do not match. Expected Vlan Id: 3908, Please check the eRAN Vlan Id at the remote eNodeB
2025-09-14;10:12:12;AL  ;Cleared;EUtraNetwork=1,ExternalENodeBFunction=2221-212239;Inter Node Carrier Aggregation Service Unavailable;Elastic RAN Carrier Aggregation is not available towards remote eNodeB.
2025-09-14;10:13:11;AL  ;Minor ;EUtraNetwork=1,ExternalENodeBFunction=2221-212239;Inter Node Carrier Aggregation Service Unavailable;Elastic RAN Carrier Aggregation is not available towards remote eNodeB.
2025-09-14;10:13:14;AL  ;Minor ;EUtraNetwork=1,ExternalENodeBFunction=2221-650051;Inter Node Carrier Aggregation Service Unavailable;Elastic RAN Carrier Aggregation is not available towards remote eNodeB.
2025-09-14;10:25:15;AL  ;Cleared;EUtraNetwork=1,ExternalENodeBFunction=2221-205467;Inter Node Carrier Aggregation Service Unavailable;Elastic RAN Carrier Aggregation is not available towards remote eNodeB.
2025-09-14;10:25:29;AL  ;Minor ;EUtraNetwork=1,ExternalENodeBFunction=2221-205467;Inter Node Carrier Aggregation Service Unavailable;Elastic RAN Carrier Aggregation is not available towards remote eNodeB.
2025-09-14;10:37:59;AL  ;Cleared;EUtraNetwork=1,ExternalENodeBFunction=2221-211975;Inter Node Carrier Aggregation Service Unavailable;Elastic RAN Carrier Aggregation is not available towards remote eNodeB.
2025-09-14;10:38:20;AL  ;Cleared;EUtraNetwork=1,ExternalENodeBFunction=2221-650342;Inter Node Carrier Aggregation Service Unavailable;Elastic RAN Carrier Aggregation is not available towards remote eNodeB.
2025-09-14;10:38:49;AL  ;Minor ;EUtraNetwork=1,ExternalENodeBFunction=2221-211975;Inter Node Carrier Aggregation Service Unavailable;Elastic RAN Carrier Aggregation is not available towards remote eNodeB.
2025-09-14;10:38:54;AL  ;Minor ;EUtraNetwork=1,ExternalENodeBFunction=2221-650342;Inter Node Carrier Aggregation Service Unavailable;Elastic RAN Carrier Aggregation is not available towards remote eNodeB.
2025-09-14;11:01:35;AL  ;Cleared;EUtraNetwork=1,ExternalENodeBFunction=2221-209057;Inter Node Carrier Aggregation Service Unavailable;Elastic RAN Carrier Aggregation is not available towards remote eNodeB.
2025-09-14;11:01:54;AL  ;Cleared;EUtraNetwork=1,ExternalENodeBFunction=2221-650059;Inter Node Carrier Aggregation Service Unavailable;Elastic RAN Carrier Aggregation is not available towards remote eNodeB.
2025-09-14;11:02:00;AL  ;Minor ;EUtraNetwork=1,ExternalENodeBFunction=2221-209057;Inter Node Carrier Aggregation Service Unavailable;Elastic RAN Carrier Aggregation is not available towards remote eNodeB.
2025-09-14;11:02:06;AL  ;Minor ;EUtraNetwork=1,ExternalENodeBFunction=2221-650548;Inter Node Carrier Aggregation Service Unavailable;Elastic RAN Carrier Aggregation is not available towards remote eNodeB.
2025-09-14;11:02:21;AL  ;Minor ;EUtraNetwork=1,ExternalENodeBFunction=2221-650059;Inter Node Carrier Aggregation Service Unavailable;Elastic RAN Carrier Aggregation is not available towards remote eNodeB.
2025-09-14;11:03:42;AL  ;Cleared;EUtraNetwork=1,ExternalENodeBFunction=2221-209057;Inter Node Carrier Aggregation Service Unavailable;Elastic RAN Carrier Aggregation is not available towards remote eNodeB.
2025-09-14;11:03:47;AL  ;Cleared;EUtraNetwork=1,ExternalENodeBFunction=2221-650342;Inter Node Carrier Aggregation Service Unavailable;Elastic RAN Carrier Aggregation is not available towards remote eNodeB.
2025-09-14;11:03:54;AL  ;Cleared;EUtraNetwork=1,ExternalENodeBFunction=2221-212239;Inter Node Carrier Aggregation Service Unavailable;Elastic RAN Carrier Aggregation is not available towards remote eNodeB.
2025-09-14;11:03:58;AL  ;Cleared;EUtraNetwork=1,ExternalENodeBFunction=2221-210144;Inter Node Carrier Aggregation Service Unavailable;Elastic RAN Carrier Aggregation is not available towards remote eNodeB.
2025-09-14;11:04:02;AL  ;Cleared;EUtraNetwork=1,ExternalENodeBFunction=2221-650266;Inter Node Carrier Aggregation Service Unavailable;Elastic RAN Carrier Aggregation is not available towards remote eNodeB.
2025-09-14;11:04:07;AL  ;Cleared;EUtraNetwork=1,ExternalENodeBFunction=2221-205467;Inter Node Carrier Aggregation Service Unavailable;Elastic RAN Carrier Aggregation is not available towards remote eNodeB.
2025-09-14;11:04:11;AL  ;Cleared;EUtraNetwork=1,ExternalENodeBFunction=2221-211975;Inter Node Carrier Aggregation Service Unavailable;Elastic RAN Carrier Aggregation is not available towards remote eNodeB.
2025-09-14;11:04:16;AL  ;Cleared;EUtraNetwork=1,ExternalENodeBFunction=2221-650548;Inter Node Carrier Aggregation Service Unavailable;Elastic RAN Carrier Aggregation is not available towards remote eNodeB.
2025-09-14;11:04:21;AL  ;Cleared;EUtraNetwork=1,ExternalENodeBFunction=2221-650051;Inter Node Carrier Aggregation Service Unavailable;Elastic RAN Carrier Aggregation is not available towards remote eNodeB.
2025-09-14;11:04:27;AL  ;Cleared;EUtraNetwork=1,ExternalENodeBFunction=2221-650059;Inter Node Carrier Aggregation Service Unavailable;Elastic RAN Carrier Aggregation is not available towards remote eNodeB.
2025-09-14;11:04:28;AL  ;Minor ;EUtraNetwork=1,ExternalENodeBFunction=2221-650548;Inter Node Carrier Aggregation Service Unavailable;Elastic RAN Carrier Aggregation is not available towards remote eNodeB.
2025-09-14;13:05:33;AL  ;Minor ;EUtraNetwork=1,ExternalENodeBFunction=2221-650342;Inter Node Carrier Aggregation Service Unavailable;Elastic RAN Carrier Aggregation is not available towards remote eNodeB.
2025-09-14;14:05:35;AL  ;Minor ;EUtraNetwork=1,ExternalENodeBFunction=2221-211975;Inter Node Carrier Aggregation Service Unavailable;Elastic RAN Carrier Aggregation is not available towards remote eNodeB.
2025-09-14;23:05:33;AL  ;Minor ;EUtraNetwork=1,ExternalENodeBFunction=2221-209057;Inter Node Carrier Aggregation Service Unavailable;Elastic RAN Carrier Aggregation is not available towards remote eNodeB.
2025-09-15;11:36:37;AL  ;Minor ;ENodeBFunction=1;External Link Failure;X2 link problem to one or several neighbouring eNodeBs. AI: PLMN ID-eNB ID 1 = 2221-650679
2025-09-15;11:36:56;AL  ;Minor ;ENodeBFunction=1;External Link to GNodeB Failure;X2 link problem to one or several neighbouring gNodeBs. AI: PLMN ID-gNB ID 1 = 2221-1055448
2025-09-16;06:05:34;AL  ;Minor ;EUtraNetwork=1,ExternalENodeBFunction=2221-650059;Inter Node Carrier Aggregation Service Unavailable;Elastic RAN Carrier Aggregation is not available towards remote eNodeB.
2025-09-16;10:03:02;AL  ;Warning;ENodeBFunction=1;PLMN Service Redundancy Lost;S1 connection failure for PLMN connected with link represented by MO listed in Additional Information. AI: PLMN = ["2221"],DN1=ManagedElement=1,ENodeBFunction=1,TermPointToMme=5,
2025-09-16;10:03:32;AL  ;Cleared;ENodeBFunction=1;PLMN Service Redundancy Lost;S1 connection failure for PLMN connected with link represented by MO listed in Additional Information. AI: PLMN = ["2221"],DN1=ManagedElement=1,ENodeBFunction=1,TermPointToMme=5,
2025-09-16;20:05:21;AL  ;Minor ;EUtraNetwork=1,ExternalENodeBFunction=2221-650266;Inter Node Carrier Aggregation Service Unavailable;Elastic RAN Carrier Aggregation is not available towards remote eNodeB.
2025-09-18;06:02:05;AL  ;Minor ;EUtraNetwork=1,ExternalENodeBFunction=2221-212239;Inter Node Carrier Aggregation Service Unavailable;Elastic RAN Carrier Aggregation is not available towards remote eNodeB.
2025-09-18;09:01:27;AL  ;Minor ;EUtraNetwork=1,ExternalENodeBFunction=2221-209913;Inter Node Carrier Aggregation Service Unavailable;Elastic RAN Carrier Aggregation is not available towards remote eNodeB.
2025-09-18;10:57:45;AL  ;Cleared;ENodeBFunction=1;External Link to GNodeB Failure;X2 link problem to one or several neighbouring gNodeBs. AI: PLMN ID-gNB ID 1 = 2221-1055448
2025-09-18;21:38:16;AL  ;Cleared;ENodeBFunction=1;External Link Failure;X2 link problem to one or several neighbouring eNodeBs. AI: PLMN ID-eNB ID 1 = 2221-650679
2025-09-19;22:05:21;AL  ;Minor ;EUtraNetwork=1,ExternalENodeBFunction=2221-210144;Inter Node Carrier Aggregation Service Unavailable;Elastic RAN Carrier Aggregation is not available towards remote eNodeB.
2025-09-19;23:50:07;AL  ;Cleared;EUtraNetwork=1,ExternalENodeBFunction=2221-211552;Inconsistent Configuration;Elastic RAN cannot be activated towards remote eNodeB. VLAN IDs do not match. Expected Vlan Id: 3908, Please check the eRAN Vlan Id at the remote eNodeB
2025-09-20;09:04:53;AL  ;Minor ;EUtraNetwork=1,ExternalENodeBFunction=2221-211552;Inconsistent Configuration;Elastic RAN cannot be activated towards remote eNodeB. VLAN IDs do not match. Expected Vlan Id: 3908, Please check the eRAN Vlan Id at the remote eNodeB
2025-09-21;09:57:38;AL  ;Cleared;EUtraNetwork=1,ExternalENodeBFunction=2221-212239;Inter Node Carrier Aggregation Service Unavailable;Elastic RAN Carrier Aggregation is not available towards remote eNodeB.
2025-09-21;09:57:52;AL  ;Minor ;EUtraNetwork=1,ExternalENodeBFunction=2221-212239;Inter Node Carrier Aggregation Service Unavailable;Elastic RAN Carrier Aggregation is not available towards remote eNodeB.
2025-09-21;10:10:11;AL  ;Cleared;EUtraNetwork=1,ExternalENodeBFunction=2221-209913;Inter Node Carrier Aggregation Service Unavailable;Elastic RAN Carrier Aggregation is not available towards remote eNodeB.
2025-09-21;10:10:35;AL  ;Cleared;EUtraNetwork=1,ExternalENodeBFunction=2221-650548;Inter Node Carrier Aggregation Service Unavailable;Elastic RAN Carrier Aggregation is not available towards remote eNodeB.
2025-09-21;10:10:38;AL  ;Minor ;EUtraNetwork=1,ExternalENodeBFunction=2221-650051;Inter Node Carrier Aggregation Service Unavailable;Elastic RAN Carrier Aggregation is not available towards remote eNodeB.
2025-09-21;10:21:49;AL  ;Cleared;EUtraNetwork=1,ExternalENodeBFunction=2221-211975;Inter Node Carrier Aggregation Service Unavailable;Elastic RAN Carrier Aggregation is not available towards remote eNodeB.
2025-09-21;10:22:12;AL  ;Minor ;EUtraNetwork=1,ExternalENodeBFunction=2221-211975;Inter Node Carrier Aggregation Service Unavailable;Elastic RAN Carrier Aggregation is not available towards remote eNodeB.
2025-09-21;10:22:35;AL  ;Cleared;EUtraNetwork=1,ExternalENodeBFunction=2221-650342;Inter Node Carrier Aggregation Service Unavailable;Elastic RAN Carrier Aggregation is not available towards remote eNodeB.
2025-09-21;10:23:30;AL  ;Minor ;EUtraNetwork=1,ExternalENodeBFunction=2221-650342;Inter Node Carrier Aggregation Service Unavailable;Elastic RAN Carrier Aggregation is not available towards remote eNodeB.
2025-09-21;10:44:35;AL  ;Cleared;EUtraNetwork=1,ExternalENodeBFunction=2221-650059;Inter Node Carrier Aggregation Service Unavailable;Elastic RAN Carrier Aggregation is not available towards remote eNodeB.
2025-09-21;10:44:36;AL  ;Cleared;EUtraNetwork=1,ExternalENodeBFunction=2221-209057;Inter Node Carrier Aggregation Service Unavailable;Elastic RAN Carrier Aggregation is not available towards remote eNodeB.
2025-09-21;10:44:42;AL  ;Minor ;EUtraNetwork=1,ExternalENodeBFunction=2221-209057;Inter Node Carrier Aggregation Service Unavailable;Elastic RAN Carrier Aggregation is not available towards remote eNodeB.
2025-09-21;10:44:57;AL  ;Minor ;EUtraNetwork=1,ExternalENodeBFunction=2221-650059;Inter Node Carrier Aggregation Service Unavailable;Elastic RAN Carrier Aggregation is not available towards remote eNodeB.
2025-09-21;10:46:44;AL  ;Cleared;EUtraNetwork=1,ExternalENodeBFunction=2221-209057;Inter Node Carrier Aggregation Service Unavailable;Elastic RAN Carrier Aggregation is not available towards remote eNodeB.
2025-09-21;10:46:49;AL  ;Cleared;EUtraNetwork=1,ExternalENodeBFunction=2221-650342;Inter Node Carrier Aggregation Service Unavailable;Elastic RAN Carrier Aggregation is not available towards remote eNodeB.
2025-09-21;10:46:56;AL  ;Cleared;EUtraNetwork=1,ExternalENodeBFunction=2221-212239;Inter Node Carrier Aggregation Service Unavailable;Elastic RAN Carrier Aggregation is not available towards remote eNodeB.
2025-09-21;10:47:00;AL  ;Cleared;EUtraNetwork=1,ExternalENodeBFunction=2221-210144;Inter Node Carrier Aggregation Service Unavailable;Elastic RAN Carrier Aggregation is not available towards remote eNodeB.
2025-09-21;10:47:04;AL  ;Cleared;EUtraNetwork=1,ExternalENodeBFunction=2221-650266;Inter Node Carrier Aggregation Service Unavailable;Elastic RAN Carrier Aggregation is not available towards remote eNodeB.
2025-09-21;10:47:08;AL  ;Cleared;EUtraNetwork=1,ExternalENodeBFunction=2221-211975;Inter Node Carrier Aggregation Service Unavailable;Elastic RAN Carrier Aggregation is not available towards remote eNodeB.
2025-09-21;10:47:13;AL  ;Cleared;EUtraNetwork=1,ExternalENodeBFunction=2221-650051;Inter Node Carrier Aggregation Service Unavailable;Elastic RAN Carrier Aggregation is not available towards remote eNodeB.
2025-09-21;10:47:18;AL  ;Cleared;EUtraNetwork=1,ExternalENodeBFunction=2221-650059;Inter Node Carrier Aggregation Service Unavailable;Elastic RAN Carrier Aggregation is not available towards remote eNodeB.
2025-09-21;13:05:34;AL  ;Minor ;EUtraNetwork=1,ExternalENodeBFunction=2221-650342;Inter Node Carrier Aggregation Service Unavailable;Elastic RAN Carrier Aggregation is not available towards remote eNodeB.
2025-09-21;15:05:34;AL  ;Minor ;EUtraNetwork=1,ExternalENodeBFunction=2221-211975;Inter Node Carrier Aggregation Service Unavailable;Elastic RAN Carrier Aggregation is not available towards remote eNodeB.
2025-09-22;02:58:04;AL  ;Minor ;ENodeBFunction=1;External Link to GNodeB Failure;X2 link problem to one or several neighbouring gNodeBs. AI: PLMN ID-gNB ID 1 = 2221-1055448
2025-09-22;10:26:19;AL  ;Cleared;ENodeBFunction=1;External Link to GNodeB Failure;X2 link problem to one or several neighbouring gNodeBs. AI: PLMN ID-gNB ID 1 = 2221-1055448
2025-09-22;16:05:34;AL  ;Minor ;EUtraNetwork=1,ExternalENodeBFunction=2221-650059;Inter Node Carrier Aggregation Service Unavailable;Elastic RAN Carrier Aggregation is not available towards remote eNodeB.
2025-09-22;19:36:47;AL  ;Minor ;EUtraNetwork=1,ExternalENodeBFunction=2221-650548;Inter Node Carrier Aggregation Service Unavailable;Elastic RAN Carrier Aggregation is not available towards remote eNodeB.
2025-09-22;23:50:09;AL  ;Minor ;EUtraNetwork=1,ExternalENodeBFunction=2221-211552;Inconsistent Configuration;Elastic RAN cannot be activated towards remote eNodeB. VLAN IDs do not match. Expected Vlan Id: 3908, Please check the eRAN Vlan Id at the remote eNodeB
2025-09-23;08:05:33;AL  ;Minor ;EUtraNetwork=1,ExternalENodeBFunction=2221-209057;Inter Node Carrier Aggregation Service Unavailable;Elastic RAN Carrier Aggregation is not available towards remote eNodeB.
2025-09-23;13:17:52;AL  ;Minor ;EUtraNetwork=1,ExternalENodeBFunction=2221-650051;Inter Node Carrier Aggregation Service Unavailable;Elastic RAN Carrier Aggregation is not available towards remote eNodeB.
2025-09-23;14:05:21;AL  ;Minor ;EUtraNetwork=1,ExternalENodeBFunction=2221-650266;Inter Node Carrier Aggregation Service Unavailable;Elastic RAN Carrier Aggregation is not available towards remote eNodeB.
2025-09-24;06:02:04;AL  ;Minor ;EUtraNetwork=1,ExternalENodeBFunction=2221-212239;Inter Node Carrier Aggregation Service Unavailable;Elastic RAN Carrier Aggregation is not available towards remote eNodeB.
2025-09-24;10:01:18;AL  ;Minor ;ENodeBFunction=1;External Link Failure;X2 link problem to one or several neighbouring eNodeBs. AI: PLMN ID-eNB ID 1 = 2221-600180
2025-09-24;10:10:37;AL  ;Cleared;ENodeBFunction=1;External Link Failure;X2 link problem to one or several neighbouring eNodeBs. AI: PLMN ID-eNB ID 1 = 2221-600180
2025-09-25;11:05:22;AL  ;Minor ;EUtraNetwork=1,ExternalENodeBFunction=2221-210144;Inter Node Carrier Aggregation Service Unavailable;Elastic RAN Carrier Aggregation is not available towards remote eNodeB.
2025-09-26;07:29:46;AL  ;Minor ;ENodeBFunction=1;External Link to GNodeB Failure;X2 link problem to one or several neighbouring gNodeBs. AI: PLMN ID-gNB ID 1 = 2221-1055448
2025-09-26;15:45:35;AL  ;Cleared;ENodeBFunction=1;External Link to GNodeB Failure;X2 link problem to one or several neighbouring gNodeBs. AI: PLMN ID-gNB ID 1 = 2221-1055448
2025-09-26;15:56:25;AL  ;Minor ;ENodeBFunction=1;External Link to GNodeB Failure;X2 link problem to one or several neighbouring gNodeBs. AI: PLMN ID-gNB ID 1 = 2221-1055448
2025-09-26;16:05:06;AL  ;Cleared;ENodeBFunction=1;External Link to GNodeB Failure;X2 link problem to one or several neighbouring gNodeBs. AI: PLMN ID-gNB ID 1 = 2221-1055448
2025-09-27;00:38:36;AL  ;Minor ;EUtraNetwork=1,ExternalENodeBFunction=2221-205467;Inter Node Carrier Aggregation Service Unavailable;Elastic RAN Carrier Aggregation is not available towards remote eNodeB.
2025-09-27;23:50:10;AL  ;Cleared;EUtraNetwork=1,ExternalENodeBFunction=2221-211552;Inconsistent Configuration;Elastic RAN cannot be activated towards remote eNodeB. VLAN IDs do not match. Expected Vlan Id: 3908, Please check the eRAN Vlan Id at the remote eNodeB
2025-09-28;09:58:23;AL  ;Cleared;EUtraNetwork=1,ExternalENodeBFunction=2221-212239;Inter Node Carrier Aggregation Service Unavailable;Elastic RAN Carrier Aggregation is not available towards remote eNodeB.
2025-09-28;09:59:12;AL  ;Minor ;EUtraNetwork=1,ExternalENodeBFunction=2221-212239;Inter Node Carrier Aggregation Service Unavailable;Elastic RAN Carrier Aggregation is not available towards remote eNodeB.
2025-09-28;09:59:21;AL  ;Cleared;EUtraNetwork=1,ExternalENodeBFunction=2221-650051;Inter Node Carrier Aggregation Service Unavailable;Elastic RAN Carrier Aggregation is not available towards remote eNodeB.
2025-09-28;10:01:01;AL  ;Minor ;EUtraNetwork=1,ExternalENodeBFunction=2221-650051;Inter Node Carrier Aggregation Service Unavailable;Elastic RAN Carrier Aggregation is not available towards remote eNodeB.
2025-09-28;10:10:13;AL  ;Cleared;EUtraNetwork=1,ExternalENodeBFunction=2221-205467;Inter Node Carrier Aggregation Service Unavailable;Elastic RAN Carrier Aggregation is not available towards remote eNodeB.
2025-09-28;10:11:00;AL  ;Minor ;EUtraNetwork=1,ExternalENodeBFunction=2221-205467;Inter Node Carrier Aggregation Service Unavailable;Elastic RAN Carrier Aggregation is not available towards remote eNodeB.
2025-09-28;10:11:45;AL  ;Cleared;EUtraNetwork=1,ExternalENodeBFunction=2221-650548;Inter Node Carrier Aggregation Service Unavailable;Elastic RAN Carrier Aggregation is not available towards remote eNodeB.
2025-09-28;10:21:53;AL  ;Cleared;EUtraNetwork=1,ExternalENodeBFunction=2221-211975;Inter Node Carrier Aggregation Service Unavailable;Elastic RAN Carrier Aggregation is not available towards remote eNodeB.
2025-09-28;10:22:37;AL  ;Minor ;EUtraNetwork=1,ExternalENodeBFunction=2221-211975;Inter Node Carrier Aggregation Service Unavailable;Elastic RAN Carrier Aggregation is not available towards remote eNodeB.
2025-09-28;10:22:43;AL  ;Cleared;EUtraNetwork=1,ExternalENodeBFunction=2221-650342;Inter Node Carrier Aggregation Service Unavailable;Elastic RAN Carrier Aggregation is not available towards remote eNodeB.
2025-09-28;10:22:58;AL  ;Minor ;EUtraNetwork=1,ExternalENodeBFunction=2221-650342;Inter Node Carrier Aggregation Service Unavailable;Elastic RAN Carrier Aggregation is not available towards remote eNodeB.
2025-09-28;10:43:46;AL  ;Cleared;EUtraNetwork=1,ExternalENodeBFunction=2221-209057;Inter Node Carrier Aggregation Service Unavailable;Elastic RAN Carrier Aggregation is not available towards remote eNodeB.
2025-09-28;10:44:00;AL  ;Cleared;EUtraNetwork=1,ExternalENodeBFunction=2221-650059;Inter Node Carrier Aggregation Service Unavailable;Elastic RAN Carrier Aggregation is not available towards remote eNodeB.
2025-09-28;10:44:15;AL  ;Minor ;EUtraNetwork=1,ExternalENodeBFunction=2221-650059;Inter Node Carrier Aggregation Service Unavailable;Elastic RAN Carrier Aggregation is not available towards remote eNodeB.
2025-09-28;10:44:30;AL  ;Minor ;EUtraNetwork=1,ExternalENodeBFunction=2221-209057;Inter Node Carrier Aggregation Service Unavailable;Elastic RAN Carrier Aggregation is not available towards remote eNodeB.
2025-09-28;10:45:57;AL  ;Cleared;EUtraNetwork=1,ExternalENodeBFunction=2221-209057;Inter Node Carrier Aggregation Service Unavailable;Elastic RAN Carrier Aggregation is not available towards remote eNodeB.
2025-09-28;10:46:02;AL  ;Cleared;EUtraNetwork=1,ExternalENodeBFunction=2221-650342;Inter Node Carrier Aggregation Service Unavailable;Elastic RAN Carrier Aggregation is not available towards remote eNodeB.
2025-09-28;10:46:10;AL  ;Cleared;EUtraNetwork=1,ExternalENodeBFunction=2221-212239;Inter Node Carrier Aggregation Service Unavailable;Elastic RAN Carrier Aggregation is not available towards remote eNodeB.
2025-09-28;10:46:14;AL  ;Cleared;EUtraNetwork=1,ExternalENodeBFunction=2221-210144;Inter Node Carrier Aggregation Service Unavailable;Elastic RAN Carrier Aggregation is not available towards remote eNodeB.
2025-09-28;10:46:18;AL  ;Cleared;EUtraNetwork=1,ExternalENodeBFunction=2221-650266;Inter Node Carrier Aggregation Service Unavailable;Elastic RAN Carrier Aggregation is not available towards remote eNodeB.
2025-09-28;10:46:22;AL  ;Cleared;EUtraNetwork=1,ExternalENodeBFunction=2221-205467;Inter Node Carrier Aggregation Service Unavailable;Elastic RAN Carrier Aggregation is not available towards remote eNodeB.
2025-09-28;10:46:26;AL  ;Cleared;EUtraNetwork=1,ExternalENodeBFunction=2221-211975;Inter Node Carrier Aggregation Service Unavailable;Elastic RAN Carrier Aggregation is not available towards remote eNodeB.
2025-09-28;10:46:31;AL  ;Cleared;EUtraNetwork=1,ExternalENodeBFunction=2221-650051;Inter Node Carrier Aggregation Service Unavailable;Elastic RAN Carrier Aggregation is not available towards remote eNodeB.
2025-09-28;10:46:36;AL  ;Cleared;EUtraNetwork=1,ExternalENodeBFunction=2221-650059;Inter Node Carrier Aggregation Service Unavailable;Elastic RAN Carrier Aggregation is not available towards remote eNodeB.
2025-09-28;12:05:33;AL  ;Minor ;EUtraNetwork=1,ExternalENodeBFunction=2221-650342;Inter Node Carrier Aggregation Service Unavailable;Elastic RAN Carrier Aggregation is not available towards remote eNodeB.
2025-09-28;13:05:34;AL  ;Minor ;EUtraNetwork=1,ExternalENodeBFunction=2221-211975;Inter Node Carrier Aggregation Service Unavailable;Elastic RAN Carrier Aggregation is not available towards remote eNodeB.
2025-09-29;06:00:02;AL  ;Minor ;EUtraNetwork=1,ExternalENodeBFunction=2221-209057;Inter Node Carrier Aggregation Service Unavailable;Elastic RAN Carrier Aggregation is not available towards remote eNodeB.
2025-09-30;12:05:34;AL  ;Minor ;EUtraNetwork=1,ExternalENodeBFunction=2221-650059;Inter Node Carrier Aggregation Service Unavailable;Elastic RAN Carrier Aggregation is not available towards remote eNodeB.
2025-09-30;17:04:53;AL  ;Minor ;EUtraNetwork=1,ExternalENodeBFunction=2221-211552;Inconsistent Configuration;Elastic RAN cannot be activated towards remote eNodeB. VLAN IDs do not match. Expected Vlan Id: 3908, Please check the eRAN Vlan Id at the remote eNodeB
2025-10-02;00:03:40;AL  ;Cleared;EUtraNetwork=1,ExternalENodeBFunction=2221-650342;Inter Node Carrier Aggregation Service Unavailable;Elastic RAN Carrier Aggregation is not available towards remote eNodeB.
2025-10-02;00:03:40;AL  ;Cleared;EUtraNetwork=1,ExternalENodeBFunction=2221-650422;Inter Node Feature Incompatibility;Elastic RAN feature is not activated in remote eNodeB. SUPPRESSED
2025-10-02;00:03:47;AL  ;Cleared;EUtraNetwork=1,ExternalENodeBFunction=2221-211975;Inter Node Carrier Aggregation Service Unavailable;Elastic RAN Carrier Aggregation is not available towards remote eNodeB.
2025-10-02;00:18:47;AL  ;Minor ;EUtraNetwork=1,ExternalENodeBFunction=2221-650342;Inter Node Carrier Aggregation Service Unavailable;Elastic RAN Carrier Aggregation is not available towards remote eNodeB.
2025-10-02;00:18:52;AL  ;Minor ;EUtraNetwork=1,ExternalENodeBFunction=2221-211975;Inter Node Carrier Aggregation Service Unavailable;Elastic RAN Carrier Aggregation is not available towards remote eNodeB.
2025-10-02;03:05:21;AL  ;Minor ;EUtraNetwork=1,ExternalENodeBFunction=2221-203402;Inconsistent Configuration;Elastic RAN cannot be activated towards remote eNodeB. VLAN IDs do not match. Expected Vlan Id: 3908, Please check the eRAN Vlan Id at the remote eNodeB
2025-10-02;07:34:10;AL  ;Minor ;EUtraNetwork=1,ExternalENodeBFunction=2221-650051;Inter Node Carrier Aggregation Service Unavailable;Elastic RAN Carrier Aggregation is not available towards remote eNodeB.
2025-10-02;11:01:27;AL  ;Minor ;EUtraNetwork=1,ExternalENodeBFunction=2221-209913;Inter Node Carrier Aggregation Service Unavailable;Elastic RAN Carrier Aggregation is not available towards remote eNodeB.
2025-10-02;11:05:22;AL  ;Minor ;EUtraNetwork=1,ExternalENodeBFunction=2221-650266;Inter Node Carrier Aggregation Service Unavailable;Elastic RAN Carrier Aggregation is not available towards remote eNodeB.
2025-10-02;23:50:12;AL  ;Cleared;EUtraNetwork=1,ExternalENodeBFunction=2221-211552;Inconsistent Configuration;Elastic RAN cannot be activated towards remote eNodeB. VLAN IDs do not match. Expected Vlan Id: 3908, Please check the eRAN Vlan Id at the remote eNodeB
2025-10-03;12:05:22;AL  ;Minor ;EUtraNetwork=1,ExternalENodeBFunction=2221-212239;Inter Node Carrier Aggregation Service Unavailable;Elastic RAN Carrier Aggregation is not available towards remote eNodeB.
2025-10-03;12:14:35;AL  ;Minor ;ENodeBFunction=1;External Link Failure;X2 link problem to one or several neighbouring eNodeBs. AI: PLMN ID-eNB ID 1 = 2221-206047
2025-10-03;12:45:35;AL  ;Cleared;ENodeBFunction=1;External Link Failure;X2 link problem to one or several neighbouring eNodeBs. AI: PLMN ID-eNB ID 1 = 2221-206047 PLMN ID-eNB ID 2 = 2221-206048
2025-10-03;23:43:28;AL  ;Cleared;EUtraNetwork=1,ExternalENodeBFunction=2221-650266;Inter Node Carrier Aggregation Service Unavailable;Elastic RAN Carrier Aggregation is not available towards remote eNodeB.
2025-10-05;09:46:16;AL  ;Cleared;EUtraNetwork=1,ExternalENodeBFunction=2221-212239;Inter Node Carrier Aggregation Service Unavailable;Elastic RAN Carrier Aggregation is not available towards remote eNodeB.
2025-10-05;09:46:25;AL  ;Minor ;EUtraNetwork=1,ExternalENodeBFunction=2221-212239;Inter Node Carrier Aggregation Service Unavailable;Elastic RAN Carrier Aggregation is not available towards remote eNodeB.
2025-10-05;09:47:11;AL  ;Cleared;EUtraNetwork=1,ExternalENodeBFunction=2221-650051;Inter Node Carrier Aggregation Service Unavailable;Elastic RAN Carrier Aggregation is not available towards remote eNodeB.
2025-10-05;09:48:28;AL  ;Minor ;EUtraNetwork=1,ExternalENodeBFunction=2221-650051;Inter Node Carrier Aggregation Service Unavailable;Elastic RAN Carrier Aggregation is not available towards remote eNodeB.
2025-10-05;09:57:32;AL  ;Cleared;EUtraNetwork=1,ExternalENodeBFunction=2221-209913;Inter Node Carrier Aggregation Service Unavailable;Elastic RAN Carrier Aggregation is not available towards remote eNodeB.
2025-10-05;10:09:17;AL  ;Cleared;EUtraNetwork=1,ExternalENodeBFunction=2221-211975;Inter Node Carrier Aggregation Service Unavailable;Elastic RAN Carrier Aggregation is not available towards remote eNodeB.
2025-10-05;10:09:35;AL  ;Cleared;EUtraNetwork=1,ExternalENodeBFunction=2221-650342;Inter Node Carrier Aggregation Service Unavailable;Elastic RAN Carrier Aggregation is not available towards remote eNodeB.
2025-10-05;10:09:45;AL  ;Minor ;EUtraNetwork=1,ExternalENodeBFunction=2221-650342;Inter Node Carrier Aggregation Service Unavailable;Elastic RAN Carrier Aggregation is not available towards remote eNodeB.
2025-10-05;10:09:46;AL  ;Minor ;EUtraNetwork=1,ExternalENodeBFunction=2221-211975;Inter Node Carrier Aggregation Service Unavailable;Elastic RAN Carrier Aggregation is not available towards remote eNodeB.
2025-10-05;10:30:25;AL  ;Cleared;EUtraNetwork=1,ExternalENodeBFunction=2221-209057;Inter Node Carrier Aggregation Service Unavailable;Elastic RAN Carrier Aggregation is not available towards remote eNodeB.
2025-10-05;10:30:37;AL  ;Cleared;EUtraNetwork=1,ExternalENodeBFunction=2221-650059;Inter Node Carrier Aggregation Service Unavailable;Elastic RAN Carrier Aggregation is not available towards remote eNodeB.
2025-10-05;10:31:03;AL  ;Minor ;EUtraNetwork=1,ExternalENodeBFunction=2221-209057;Inter Node Carrier Aggregation Service Unavailable;Elastic RAN Carrier Aggregation is not available towards remote eNodeB.
2025-10-05;10:31:22;AL  ;Minor ;EUtraNetwork=1,ExternalENodeBFunction=2221-650059;Inter Node Carrier Aggregation Service Unavailable;Elastic RAN Carrier Aggregation is not available towards remote eNodeB.
2025-10-05;10:32:10;AL  ;Cleared;EUtraNetwork=1,ExternalENodeBFunction=2221-209057;Inter Node Carrier Aggregation Service Unavailable;Elastic RAN Carrier Aggregation is not available towards remote eNodeB.
2025-10-05;10:32:16;AL  ;Cleared;EUtraNetwork=1,ExternalENodeBFunction=2221-650342;Inter Node Carrier Aggregation Service Unavailable;Elastic RAN Carrier Aggregation is not available towards remote eNodeB.
2025-10-05;10:32:23;AL  ;Cleared;EUtraNetwork=1,ExternalENodeBFunction=2221-212239;Inter Node Carrier Aggregation Service Unavailable;Elastic RAN Carrier Aggregation is not available towards remote eNodeB.
2025-10-05;10:32:34;AL  ;Cleared;EUtraNetwork=1,ExternalENodeBFunction=2221-211975;Inter Node Carrier Aggregation Service Unavailable;Elastic RAN Carrier Aggregation is not available towards remote eNodeB.
2025-10-05;10:32:39;AL  ;Cleared;EUtraNetwork=1,ExternalENodeBFunction=2221-650051;Inter Node Carrier Aggregation Service Unavailable;Elastic RAN Carrier Aggregation is not available towards remote eNodeB.
2025-10-05;10:32:44;AL  ;Cleared;EUtraNetwork=1,ExternalENodeBFunction=2221-203402;Inconsistent Configuration;Elastic RAN cannot be activated towards remote eNodeB. VLAN IDs do not match. Expected Vlan Id: 3908, Please check the eRAN Vlan Id at the remote eNodeB
2025-10-05;13:05:34;AL  ;Minor ;EUtraNetwork=1,ExternalENodeBFunction=2221-650342;Inter Node Carrier Aggregation Service Unavailable;Elastic RAN Carrier Aggregation is not available towards remote eNodeB.
2025-10-05;14:57:05;AL  ;Minor ;EUtraNetwork=1,ExternalENodeBFunction=2221-211975;Inter Node Carrier Aggregation Service Unavailable;Elastic RAN Carrier Aggregation is not available towards remote eNodeB.
2025-10-05;19:07:09;AL  ;Minor ;EUtraNetwork=1,ExternalENodeBFunction=2221-650548;Inter Node Carrier Aggregation Service Unavailable;Elastic RAN Carrier Aggregation is not available towards remote eNodeB.
2025-10-05;21:05:21;AL  ;Minor ;EUtraNetwork=1,ExternalENodeBFunction=2221-650266;Inter Node Carrier Aggregation Service Unavailable;Elastic RAN Carrier Aggregation is not available towards remote eNodeB.
2025-10-06;12:47:14;AL  ;Minor ;ENodeBFunction=1;External Link Failure;X2 link problem to one or several neighbouring eNodeBs. AI: PLMN ID-eNB ID 1 = 2221-600510
2025-10-06;13:02:44;AL  ;Cleared;ENodeBFunction=1;External Link Failure;X2 link problem to one or several neighbouring eNodeBs. AI: PLMN ID-eNB ID 1 = 2221-600510
2025-10-06;15:01:40;AL  ;Minor ;EUtraNetwork=1,ExternalENodeBFunction=2221-211552;Inconsistent Configuration;Elastic RAN cannot be activated towards remote eNodeB. VLAN IDs do not match. Expected Vlan Id: 3908, Please check the eRAN Vlan Id at the remote eNodeB


RL7ET> lgec -m 30d

251007-11:30:17+0200 19.31.12.174 25.0h MSRBS_NODE_MODEL_25.Q1_693.28324.131_62ac stopfile=/tmp/823076

Startdate=20250907.093017, Enddate=20251008.093017
Date;Time;Log;Severity;Object;Event;Cause;AdditionalText;AckState;Id;NotificationId;CorrelatedAlarms
Executing action Log.export()
..
Log=AlertLog                    actionId=51070
...
=================================================================================================================
MO                  actionId result      resultInfo
=================================================================================================================
LogM=1,Log=AlertLog 51070    1 (SUCCESS)           
cat  /ericsson/log/amos/moshell_logfiles/t20251007_37258710_53697/logs_moshell/tempfiles/scp-2-amos_20251007-112939_823009/rcslogs/AlertLog_20230926__084610_20250226__234650.log /ericsson/log/amos/moshell_logfiles/t20251007_37258710_53697/logs_moshell/tempfiles/scp-2-amos_20251007-112939_823009/rcslogs/AlertLog_20250226__234650.log > /ericsson/log/amos/moshell_logfiles/t20251007_37258710_53697/logs_moshell/tempfiles/scp-2-amos_20251007-112939_823009/eventLog823076.xml

Bye...
Output has been logged to file /mta_fs/UserFiles/37258710/amosbatch/2025-10-07_11-07-01_53697/RL7ET.log
