Logging to file /mta_fs/UserFiles/37258710/amosbatch/2025-10-07_11-07-01_53697/RL9CL.log
                        __  __  ____   _____
                  /\   |  \/  |/ __ \ / ____|
                 /  \  | \  / | |  | | (___  
                / /\ \ | |\/| | |  | |\___ \ 
               / ____ \| |  | | |__| |____) |
              /_/    \_\_|  |_|\____/|_____/
              OSS Framework for MoShell-25.0h 
  Copyright (c) Ericsson AB 2001-2025 - All Rights Reserved
              
           
[1;31mWARNING: [0mthe AMOS version currently running is more than 22 weeks old and is unsupported.
Please upgrade as soon as possible to the latest released version, available from your local Ericsson support.

$amosrb_pid = 1172521

Checking ip contact...OK

HELP MENU            : h
BASIC MO COMMANDS    : m
OTHER MO COMMANDS    : n
OTHER COMMANDS       : o
PM COMMANDS          : p
QUIT                 : q

RL9CL> lt all

251007-12:11:59+0200 19.31.13.236 25.0h  stopfile=/tmp/1172109
Looking up temporary_amos account... OK.
Trying temporary_amos_t20251007_37258710_53697_313's password from amos lookupAccount ... OK

$ssh_pid = 1173782

Connected to 19.31.13.236 (SubNetwork=BBMM_rckomc_R,MeContext=RL9CL,ManagedElement=RL9CL)

Checking MOM version...MSRBS_NODE_MODEL_25.Q1_198665.224.73_bf81
Parsing MOM (cached): /ericsson/log/amos/moshell_logfiles/t20251007_37258710_53697/logs_moshell/tempfiles/scp-2-amos_20251007-121152_1172046/MSRBS_NODE_MODEL_25.Q1_198665.224.73_bf81.xml.cache.gz ......................................................................................................................................................................................................................Done.
Using paramfile /opt/ericsson/amos/moshell/commonjars/pm/PARAM_MSRBSG2_25.Q1.txt
Parsing file /opt/ericsson/amos/moshell/commonjars/pm/PARAM_MSRBSG2_25.Q1.txt ......................................................................................Done.
Using imomdfile /opt/ericsson/amos/moshell/commonjars/pm/IMOMD_MSRBS_22.Q4.txt
Using imomfile /opt/ericsson/amos/moshell/commonjars/pm/IMOM_MSRBS_25.Q1.txt
Connected to 19.31.13.236 (SubNetwork=BBMM_rckomc_R,MeContext=RL9CL,ManagedElement=RL9CL)

Last MO: 16613. Loaded 16613 MOs. Total: 16614 MOs.

RL9CL> hget EUtranCellFDD ^cellid

251007-12:12:18+0200 19.31.13.236 25.0h MSRBS_NODE_MODEL_25.Q1_198665.224.73_bf81 stopfile=/tmp/1172109

=================================================================================================================
MO                   cellId
=================================================================================================================
EUtranCellFDD=RL9CL1 21    
EUtranCellFDD=RL9CL2 22    
=================================================================================================================
Total: 2 MOs

Added 2 MOs to group: hget_group

RL9CL> hget NbIotCell ^cellid

251007-12:12:19+0200 19.31.13.236 25.0h MSRBS_NODE_MODEL_25.Q1_198665.224.73_bf81 stopfile=/tmp/1172109
Total: 0 MOs

RL9CL> hget NRCellDU ^cellLocalId

251007-12:12:19+0200 19.31.13.236 25.0h MSRBS_NODE_MODEL_25.Q1_198665.224.73_bf81 stopfile=/tmp/1172109
Total: 0 MOs

RL9CL> lgdc -m 30d

251007-12:12:20+0200 19.31.13.236 25.0h MSRBS_NODE_MODEL_25.Q1_198665.224.73_bf81 stopfile=/tmp/1172109

Startdate=20250907.101220, Enddate=20251008.101220
INFO: Using amos lookupAccount credentials for the export login

Executing action LogM.exportAvailabilityLog()
...LogM=1,exportAvailabilityLog    actionId=50917
...
=================================================================================================================
MO     actionId result      resultInfo
=================================================================================================================
LogM=1 50917    1 (SUCCESS)           
cp /ericsson/log/amos/moshell_logfiles/t20251007_37258710_53697/logs_moshell/tempfiles/scp-2-amos_20251007-121152_1172046/rcslogs/RBS_CS_AVAILABILITY_LOG_20251007101223.xml /ericsson/log/amos/moshell_logfiles/t20251007_37258710_53697/logs_moshell/tempfiles/scp-2-amos_20251007-121152_1172046/availabilityLog1172109.xml
Parsing availabilityLog....Done.
.
Date;Time;RestartType;SwVersion;SwRelease;RCSDowntime;ApplicationDowntime;TNDowntime;RATsDowntime;ExtraInfo;ExtraInfo2
2025-09-08;08:28:19;PartialOutage(Manual);50% Lrat Cell 21; ();8s;;;;;
2025-09-08;08:28:41;PartialOutage(Manual);50% Lrat Cell 22; ();6s;;;;;

Node uptime since last restart: 2511822 seconds (29 days, 1 hours, 43 minutes, 42 seconds)
------------------------------------------------------------------------------------------------------
Period=30 days       NodeUpgrade      NodeManual       NodeSpontaneous  AllNodeRestarts  PartialOutages  
------------------------------------------------------------------------------------------------------
Number Of outages    0                0                0                0                2               
Total downtime       0s               0s               0s               0s               14s             
Downtime per day     0s               0s               0s               0s               0s              
Downtime per outage  0s               0s               0s               0s               7s              

RL9CL> lgac -m 30d

251007-12:12:29+0200 19.31.13.236 25.0h MSRBS_NODE_MODEL_25.Q1_198665.224.73_bf81 stopfile=/tmp/1172109

Startdate=20250907.101229, Enddate=20251008.101230
Date;Time;Log;Severity;Object;Event;Cause;AdditionalText;AckState;Id;NotificationId;CorrelatedAlarms
Executing action Log.export()
..
Log=AlarmLog                    actionId=50918
...
=================================================================================================================
MO                  actionId result      resultInfo
=================================================================================================================
LogM=1,Log=AlarmLog 50918    1 (SUCCESS)           
cat  /ericsson/log/amos/moshell_logfiles/t20251007_37258710_53697/logs_moshell/tempfiles/scp-2-amos_20251007-121152_1172046/rcslogs/saLogAlarm_20220923__093024.log > /ericsson/log/amos/moshell_logfiles/t20251007_37258710_53697/logs_moshell/tempfiles/scp-2-amos_20251007-121152_1172046/alarmLog1172109.xml
2025-09-16;10:01:51;AL  ;Warning;ENodeBFunction=1;PLMN Service Redundancy Lost;S1 connection failure for PLMN connected with link represented by MO listed in Additional Information. AI: PLMN = ["2221"],DN1=ManagedElement=1,ENodeBFunction=1,TermPointToMme=5,
2025-09-16;10:02:21;AL  ;Cleared;ENodeBFunction=1;PLMN Service Redundancy Lost;S1 connection failure for PLMN connected with link represented by MO listed in Additional Information. AI: PLMN = ["2221"],DN1=ManagedElement=1,ENodeBFunction=1,TermPointToMme=5,
2025-09-18;08:57:25;AL  ;Major ;Synchronization=1,RadioEquipmentClock=1,RadioEquipmentClockReference=PTP;Sync PTP Time Reliability Fault;Master time not traceable, Master timescale not PTP
2025-09-18;09:07:30;AL  ;Cleared;Synchronization=1,RadioEquipmentClock=1,RadioEquipmentClockReference=PTP;Sync PTP Time Reliability Fault;Master timescale not PTP
2025-09-24;07:12:16;AL  ;Warning;ENodeBFunction=1;PLMN Service Redundancy Lost;S1 connection failure for PLMN connected with link represented by MO listed in Additional Information. AI: PLMN = ["2221"],DN1=ManagedElement=1,ENodeBFunction=1,TermPointToMme=3,
2025-09-24;07:12:46;AL  ;Cleared;ENodeBFunction=1;PLMN Service Redundancy Lost;S1 connection failure for PLMN connected with link represented by MO listed in Additional Information. AI: PLMN = ["2221"],DN1=ManagedElement=1,ENodeBFunction=1,TermPointToMme=3,
2025-09-24;09:11:02;AL  ;Warning;ENodeBFunction=1;PLMN Service Redundancy Lost;S1 connection failure for PLMN connected with link represented by MO listed in Additional Information. AI: PLMN = ["2221"],DN1=ManagedElement=1,ENodeBFunction=1,TermPointToMme=2,DN2=ManagedElement=1,ENodeBFunction=1,TermPointToMme=1,
2025-09-24;09:11:36;AL  ;Cleared;ENodeBFunction=1;PLMN Service Redundancy Lost;S1 connection failure for PLMN connected with link represented by MO listed in Additional Information. AI: PLMN = ["2221"],DN1=ManagedElement=1,ENodeBFunction=1,TermPointToMme=2,
2025-09-26;07:56:00;AL  ;Major ;Synchronization=1,RadioEquipmentClock=1,RadioEquipmentClockReference=PTP;Sync PTP Time Reliability Fault;Master time not traceable, Master timescale not PTP
2025-09-26;08:05:34;AL  ;Cleared;Synchronization=1,RadioEquipmentClock=1,RadioEquipmentClockReference=PTP;Sync PTP Time Reliability Fault;Master timescale not PTP
2025-10-01;09:23:12;AL  ;Minor ;ENodeBFunction=1;External Link Failure;X2 link problem to one or several neighbouring eNodeBs. AI: PLMN ID-eNB ID 1 = 2221-212848
2025-10-01;09:24:13;AL  ;Minor ;ENodeBFunction=1;External Link Failure;X2 link problem to one or several neighbouring eNodeBs. AI: PLMN ID-eNB ID 1 = 2221-212848 PLMN ID-eNB ID 2 = 2221-212847
2025-10-05;06:30:38;AL  ;Minor ;ENodeBFunction=1;External Link Failure;X2 link problem to one or several neighbouring eNodeBs. AI: PLMN ID-eNB ID 1 = 2221-212848 PLMN ID-eNB ID 2 = 2221-212847 PLMN ID-eNB ID 3 = 2221-650636
2025-10-05;06:33:06;AL  ;Minor ;ENodeBFunction=1;External Link Failure;X2 link problem to one or several neighbouring eNodeBs. AI: PLMN ID-eNB ID 1 = 2221-212848 PLMN ID-eNB ID 2 = 2221-212847
2025-10-05;10:38:47;AL  ;Cleared;ENodeBFunction=1;External Link Failure;X2 link problem to one or several neighbouring eNodeBs. AI: PLMN ID-eNB ID 1 = 2221-212848 PLMN ID-eNB ID 2 = 2221-212847


RL9CL> lgec -m 30d

251007-12:12:35+0200 19.31.13.236 25.0h MSRBS_NODE_MODEL_25.Q1_198665.224.73_bf81 stopfile=/tmp/1172109

Startdate=20250907.101235, Enddate=20251008.101236
Date;Time;Log;Severity;Object;Event;Cause;AdditionalText;AckState;Id;NotificationId;CorrelatedAlarms
Executing action Log.export()
..
Log=AlertLog                    actionId=50919
...
=================================================================================================================
MO                  actionId result      resultInfo
=================================================================================================================
LogM=1,Log=AlertLog 50919    1 (SUCCESS)           
cat  /ericsson/log/amos/moshell_logfiles/t20251007_37258710_53697/logs_moshell/tempfiles/scp-2-amos_20251007-121152_1172046/rcslogs/AlertLog_20220923__093108.log > /ericsson/log/amos/moshell_logfiles/t20251007_37258710_53697/logs_moshell/tempfiles/scp-2-amos_20251007-121152_1172046/eventLog1172109.xml

Bye...
Output has been logged to file /mta_fs/UserFiles/37258710/amosbatch/2025-10-07_11-07-01_53697/RL9CL.log
