Logging to file /mta_fs/UserFiles/37258710/amosbatch/2025-10-07_11-07-01_53697/RLA9T.log
                        __  __  ____   _____
                  /\   |  \/  |/ __ \ / ____|
                 /  \  | \  / | |  | | (___  
                / /\ \ | |\/| | |  | |\___ \ 
               / ____ \| |  | | |__| |____) |
              /_/    \_\_|  |_|\____/|_____/
              OSS Framework for MoShell-25.0h 
  Copyright (c) Ericsson AB 2001-2025 - All Rights Reserved
              
           
[1;31mWARNING: [0mthe AMOS version currently running is more than 22 weeks old and is unsupported.
Please upgrade as soon as possible to the latest released version, available from your local Ericsson support.

$amosrb_pid = 1161322

Checking ip contact...OK

HELP MENU            : h
BASIC MO COMMANDS    : m
OTHER MO COMMANDS    : n
OTHER COMMANDS       : o
PM COMMANDS          : p
QUIT                 : q

RLA9T> lt all

251007-12:10:31+0200 19.31.14.210 25.0h  stopfile=/tmp/1161127
Looking up temporary_amos account... OK.
Trying temporary_amos_t20251007_37258710_53697_313's password from amos lookupAccount ... OK

$ssh_pid = 1162447

Connected to 19.31.14.210 (SubNetwork=BBMM_rckomc_R,MeContext=RLA9T,ManagedElement=RLA9T)

Checking MOM version...MSRBS_NODE_MODEL_25.Q1_693.28324.131_62ac
Parsing MOM (cached): /ericsson/log/amos/moshell_logfiles/t20251007_37258710_53697/logs_moshell/tempfiles/scp-2-amos_20251007-121024_1161065/MSRBS_NODE_MODEL_25.Q1_693.28324.131_62ac.xml.cache.gz ..................................................................................................................................................................................................................................Done.
Using paramfile /opt/ericsson/amos/moshell/commonjars/pm/PARAM_MSRBS_25.Q1.txt
Parsing file /opt/ericsson/amos/moshell/commonjars/pm/PARAM_MSRBS_25.Q1.txt .......................................................................................Done.
Using imomdfile /opt/ericsson/amos/moshell/commonjars/pm/IMOMD_MSRBS_22.Q4.txt
Using imomfile /opt/ericsson/amos/moshell/commonjars/pm/IMOM_MSRBS_25.Q1.txt
Connected to 19.31.14.210 (SubNetwork=BBMM_rckomc_R,MeContext=RLA9T,ManagedElement=RLA9T)

Last MO: 21756. Loaded 21756 MOs. Total: 21757 MOs.

RLA9T> hget EUtranCellFDD ^cellid

251007-12:10:46+0200 19.31.14.210 25.0h MSRBS_NODE_MODEL_25.Q1_693.28324.131_62ac stopfile=/tmp/1161127
.
=================================================================================================================
MO                   cellId
=================================================================================================================
EUtranCellFDD=RLA9E1 61    
EUtranCellFDD=RLA9E2 62    
EUtranCellFDD=RLA9E3 63    
EUtranCellFDD=RLA9M1 31    
EUtranCellFDD=RLA9M2 32    
EUtranCellFDD=RLA9M3 33    
EUtranCellFDD=RLA9T1 41    
EUtranCellFDD=RLA9T2 42    
EUtranCellFDD=RLA9T3 43    
=================================================================================================================
Total: 9 MOs

Added 9 MOs to group: hget_group

RLA9T> hget NbIotCell ^cellid

251007-12:10:47+0200 19.31.14.210 25.0h MSRBS_NODE_MODEL_25.Q1_693.28324.131_62ac stopfile=/tmp/1161127
.
=================================================================================================================
MO               cellId
=================================================================================================================
NbIotCell=RLA9N1 161   
NbIotCell=RLA9N2 162   
NbIotCell=RLA9N3 163   
=================================================================================================================
Total: 3 MOs

Added 3 MOs to group: hget_group

RLA9T> hget NRCellDU ^cellLocalId

251007-12:10:47+0200 19.31.14.210 25.0h MSRBS_NODE_MODEL_25.Q1_693.28324.131_62ac stopfile=/tmp/1161127
.
=================================================================================================================
MO              cellLocalId
=================================================================================================================
NRCellDU=RLA9V1 571        
NRCellDU=RLA9V2 572        
NRCellDU=RLA9V3 573        
=================================================================================================================
Total: 3 MOs

Added 3 MOs to group: hget_group

RLA9T> lgdc -m 30d

251007-12:10:48+0200 19.31.14.210 25.0h MSRBS_NODE_MODEL_25.Q1_693.28324.131_62ac stopfile=/tmp/1161127

Startdate=20250907.101048, Enddate=20251008.101048
INFO: Using amos lookupAccount credentials for the export login

Executing action LogM.exportAvailabilityLog()
...LogM=1,exportAvailabilityLog    actionId=49964
...
=================================================================================================================
MO     actionId result      resultInfo
=================================================================================================================
LogM=1 49964    1 (SUCCESS)           
cp /ericsson/log/amos/moshell_logfiles/t20251007_37258710_53697/logs_moshell/tempfiles/scp-2-amos_20251007-121024_1161065/rcslogs/RBS_CS_AVAILABILITY_LOG_20251007101051.xml /ericsson/log/amos/moshell_logfiles/t20251007_37258710_53697/logs_moshell/tempfiles/scp-2-amos_20251007-121024_1161065/availabilityLog1161127.xml
Parsing availabilityLog.......Done.
....
Date;Time;RestartType;SwVersion;SwRelease;RCSDowntime;ApplicationDowntime;TNDowntime;RATsDowntime;ExtraInfo;ExtraInfo2
2025-09-08;03:55:59;PartialOutage(Manual);11% Lrat Cell 42; ();11s;;;;;
2025-09-08;03:56:14;PartialOutage(Manual);11% Lrat Cell 43; ();5s;;;;;
2025-09-08;03:56:21;PartialOutage(Manual);11% Lrat Cell 41; ();11s;;;;;
2025-09-08;03:56:36;PartialOutage(Manual);11% Lrat Cell 33; ();9s;;;;;
2025-09-08;03:56:50;PartialOutage(Manual);11% Lrat Cell 31; ();9s;;;;;
2025-09-08;03:57:03;PartialOutage(Manual);11% Lrat Cell 32; ();9s;;;;;
2025-09-08;03:57:15;PartialOutage(Manual);33% Lrat Cell 163; ();2s;;;;;
2025-09-08;03:57:17;PartialOutage(Manual);11% Lrat Cell 63; ();8s;;;;;
2025-09-08;03:57:30;PartialOutage(Manual);5% Lrat Cell 61; ();8s;;;;;
2025-09-08;03:57:42;PartialOutage(Manual);44% Lrat Cell 161 162 163; ();15s;;;;;
2025-09-08;03:57:57;PartialOutage(Manual);4% Lrat Cell 62; ();8s;;;;;
2025-09-08;03:58:09;PartialOutage(Manual);66% Lrat Cell 162; ();15s;;;;;
2025-10-01;03:27:28;PartialOutage(Manual);33% GNBDU Cell 571; ();21s;;;;;
2025-10-06;03:00:09;PartialOutage(Manual);33% GNBDU Cell 571; ();22s;;;;;

Node uptime since last restart: 112227 seconds (1 days, 7 hours, 10 minutes, 27 seconds)
------------------------------------------------------------------------------------------------------
Period=30 days       NodeUpgrade      NodeManual       NodeSpontaneous  AllNodeRestarts  PartialOutages  
------------------------------------------------------------------------------------------------------
Number Of outages    0                0                0                0                14              
Total downtime       0s               0s               0s               0s               153s (2m33s)    
Downtime per day     0s               0s               0s               0s               5s              
Downtime per outage  0s               0s               0s               0s               11s             

RLA9T> lgac -m 30d

251007-12:10:58+0200 19.31.14.210 25.0h MSRBS_NODE_MODEL_25.Q1_693.28324.131_62ac stopfile=/tmp/1161127

Startdate=20250907.101058, Enddate=20251008.101058
Date;Time;Log;Severity;Object;Event;Cause;AdditionalText;AckState;Id;NotificationId;CorrelatedAlarms
Executing action Log.export()
..
Log=AlarmLog                    actionId=49965
.............
=================================================================================================================
MO                  actionId result      resultInfo
=================================================================================================================
LogM=1,Log=AlarmLog 49965    1 (SUCCESS)           
cat  /ericsson/log/amos/moshell_logfiles/t20251007_37258710_53697/logs_moshell/tempfiles/scp-2-amos_20251007-121024_1161065/rcslogs/saLogAlarm_20241130__090504_20250226__232052.log /ericsson/log/amos/moshell_logfiles/t20251007_37258710_53697/logs_moshell/tempfiles/scp-2-amos_20251007-121024_1161065/rcslogs/saLogAlarm_20250226__232052_20250516__042713.log /ericsson/log/amos/moshell_logfiles/t20251007_37258710_53697/logs_moshell/tempfiles/scp-2-amos_20251007-121024_1161065/rcslogs/saLogAlarm_20250516__042713.log > /ericsson/log/amos/moshell_logfiles/t20251007_37258710_53697/logs_moshell/tempfiles/scp-2-amos_20251007-121024_1161065/alarmLog1161127.xml
2025-09-08;07:13:28;AL  ;Minor ;ENodeBFunction=1;External Link Failure;X2 link problem to one or several neighbouring eNodeBs. AI: PLMN ID-eNB ID 1 = 2221-650051
2025-09-08;12:38:39;AL  ;Cleared;ENodeBFunction=1;External Link Failure;X2 link problem to one or several neighbouring eNodeBs. AI: PLMN ID-eNB ID 1 = 2221-650051
2025-09-08;13:28:50;AL  ;Minor ;ENodeBFunction=1;External Link Failure;X2 link problem to one or several neighbouring eNodeBs. AI: PLMN ID-eNB ID 1 = 2221-600684
2025-09-08;14:51:38;AL  ;Cleared;ENodeBFunction=1;External Link Failure;X2 link problem to one or several neighbouring eNodeBs. AI: PLMN ID-eNB ID 1 = 2221-600684
2025-09-09;11:26:47;AL  ;Minor ;GNBCUCPFunction=1;XnC Link to GNodeB Failure;XnC link problem to gNodeBs listed in Additional Information. AI: PLMN ID-gNB ID 1 = 222:01-1050254 PLMN ID-gNB ID 2 = 222:01-1053051 PLMN ID-gNB ID 3 = 222:01-1051621
2025-09-09;11:32:36;AL  ;Minor ;ENodeBFunction=1;External Link Failure;X2 link problem to one or several neighbouring eNodeBs. AI: PLMN ID-eNB ID 1 = 2221-650158
2025-09-09;11:33:29;AL  ;Minor ;ENodeBFunction=1;External Link to GNodeB Failure;X2 link problem to one or several neighbouring gNodeBs. AI: PLMN ID-gNB ID 1 = 2221-1051621
2025-09-09;12:44:02;AL  ;Minor ;GNBCUCPFunction=1;XnC Link to GNodeB Failure;XnC link problem to gNodeBs listed in Additional Information. AI: PLMN ID-gNB ID 1 = 222:01-1050254 PLMN ID-gNB ID 2 = 222:01-1053051
2025-09-09;12:44:31;AL  ;Cleared;ENodeBFunction=1;External Link to GNodeB Failure;X2 link problem to one or several neighbouring gNodeBs. AI: PLMN ID-gNB ID 1 = 2221-1051621
2025-09-09;12:45:02;AL  ;Cleared;ENodeBFunction=1;External Link Failure;X2 link problem to one or several neighbouring eNodeBs. AI: PLMN ID-eNB ID 1 = 2221-650158
2025-09-10;22:50:50;AL  ;Minor ;ENodeBFunction=1;External Link Failure;X2 link problem to one or several neighbouring eNodeBs. AI: PLMN ID-eNB ID 1 = 2221-601340
2025-09-11;01:12:22;AL  ;Cleared;ENodeBFunction=1;External Link Failure;X2 link problem to one or several neighbouring eNodeBs. AI: PLMN ID-eNB ID 1 = 2221-601340
2025-09-11;06:29:01;AL  ;Minor ;ENodeBFunction=1;External Link Failure;X2 link problem to one or several neighbouring eNodeBs. AI: PLMN ID-eNB ID 1 = 2221-601301
2025-09-11;11:44:24;AL  ;Minor ;ENodeBFunction=1;External Link Failure;X2 link problem to one or several neighbouring eNodeBs. AI: PLMN ID-eNB ID 1 = 2221-601301 PLMN ID-eNB ID 2 = 2221-213966
2025-09-11;11:56:55;AL  ;Minor ;ENodeBFunction=1;External Link Failure;X2 link problem to one or several neighbouring eNodeBs. AI: PLMN ID-eNB ID 1 = 2221-601301
2025-09-11;13:34:13;AL  ;Cleared;ENodeBFunction=1;External Link Failure;X2 link problem to one or several neighbouring eNodeBs. AI: PLMN ID-eNB ID 1 = 2221-601301
2025-09-12;08:23:53;AL  ;Minor ;ENodeBFunction=1;External Link Failure;X2 link problem to one or several neighbouring eNodeBs. AI: PLMN ID-eNB ID 1 = 2221-211255
2025-09-12;08:59:35;AL  ;Minor ;GNBCUCPFunction=1;XnC Link to GNodeB Failure;XnC link problem to gNodeBs listed in Additional Information. AI: PLMN ID-gNB ID 1 = 222:01-1050254 PLMN ID-gNB ID 2 = 222:01-1053051 PLMN ID-gNB ID 3 = 222:01-1051890
2025-09-12;09:01:20;AL  ;Minor ;GNBCUCPFunction=1;XnC Link to GNodeB Failure;XnC link problem to gNodeBs listed in Additional Information. AI: PLMN ID-gNB ID 1 = 222:01-1050254 PLMN ID-gNB ID 2 = 222:01-1053051
2025-09-12;14:39:16;AL  ;Minor ;ENodeBFunction=1;External Link Failure;X2 link problem to one or several neighbouring eNodeBs. AI: PLMN ID-eNB ID 1 = 2221-211255 PLMN ID-eNB ID 2 = 2221-600978 PLMN ID-eNB ID 3 = 2221-650219
2025-09-13;10:43:23;AL  ;Minor ;ENodeBFunction=1;External Link Failure;X2 link problem to one or several neighbouring eNodeBs. AI: PLMN ID-eNB ID 1 = 2221-600978
2025-09-13;10:44:51;AL  ;Cleared;ENodeBFunction=1;External Link Failure;X2 link problem to one or several neighbouring eNodeBs. AI: PLMN ID-eNB ID 1 = 2221-600978
2025-09-13;13:47:08;AL  ;Minor ;ENodeBFunction=1;External Link Failure;X2 link problem to one or several neighbouring eNodeBs. AI: PLMN ID-eNB ID 1 = 2221-601340
2025-09-13;13:47:24;AL  ;Cleared;ENodeBFunction=1;External Link Failure;X2 link problem to one or several neighbouring eNodeBs. AI: PLMN ID-eNB ID 1 = 2221-601340
2025-09-15;07:42:08;AL  ;Minor ;ENodeBFunction=1;External Link Failure;X2 link problem to one or several neighbouring eNodeBs. AI: PLMN ID-eNB ID 1 = 2221-211255
2025-09-16;09:58:54;AL  ;Warning;ENodeBFunction=1;PLMN Service Redundancy Lost;S1 connection failure for PLMN connected with link represented by MO listed in Additional Information. AI: PLMN = ["2221"],DN1=ManagedElement=1,ENodeBFunction=1,TermPointToMme=5,
2025-09-16;09:59:24;AL  ;Cleared;ENodeBFunction=1;PLMN Service Redundancy Lost;S1 connection failure for PLMN connected with link represented by MO listed in Additional Information. AI: PLMN = ["2221"],DN1=ManagedElement=1,ENodeBFunction=1,TermPointToMme=5,
2025-09-16;10:39:32;AL  ;Minor ;ENodeBFunction=1;External Link Failure;X2 link problem to one or several neighbouring eNodeBs. AI: PLMN ID-eNB ID 1 = 2221-600978
2025-09-16;10:40:35;AL  ;Cleared;ENodeBFunction=1;External Link Failure;X2 link problem to one or several neighbouring eNodeBs. AI: PLMN ID-eNB ID 1 = 2221-600978
2025-09-18;08:57:37;AL  ;Major ;Synchronization=1,RadioEquipmentClock=1,RadioEquipmentClockReference=PTP;Sync PTP Time Reachability Fault;No PTP messages
2025-09-18;08:59:57;AL  ;Minor ;Synchronization=1,RadioEquipmentClock=1;Radio Clock Service in Time Holdover Mode;Time sync reference failure
2025-09-18;09:01:24;AL  ;Cleared;Synchronization=1,RadioEquipmentClock=1;Radio Clock Service in Time Holdover Mode;Time sync reference failure
2025-09-18;09:02:23;AL  ;Cleared;Synchronization=1,RadioEquipmentClock=1,RadioEquipmentClockReference=PTP;Sync PTP Time Reachability Fault;No PTP messages
2025-09-18;09:05:17;AL  ;Major ;Synchronization=1,RadioEquipmentClock=1,RadioEquipmentClockReference=PTP;Sync PTP Time Reachability Fault;No PTP messages
2025-09-18;09:07:09;AL  ;Minor ;Synchronization=1,RadioEquipmentClock=1;Radio Clock Service in Time Holdover Mode;Time sync reference failure
2025-09-18;09:10:18;AL  ;Cleared;Synchronization=1,RadioEquipmentClock=1;Radio Clock Service in Time Holdover Mode;Time sync reference failure
2025-09-18;09:11:17;AL  ;Cleared;Synchronization=1,RadioEquipmentClock=1,RadioEquipmentClockReference=PTP;Sync PTP Time Reachability Fault;No PTP messages
2025-09-19;07:08:54;AL  ;Minor ;ENodeBFunction=1;External Link Failure;X2 link problem to one or several neighbouring eNodeBs. AI: PLMN ID-eNB ID 1 = 2221-208472
2025-09-19;08:26:18;AL  ;Minor ;ENodeBFunction=1;External Link Failure;X2 link problem to one or several neighbouring eNodeBs. AI: PLMN ID-eNB ID 1 = 2221-208472 PLMN ID-eNB ID 2 = 2221-600835
2025-09-19;12:10:04;AL  ;Minor ;ENodeBFunction=1;External Link Failure;X2 link problem to one or several neighbouring eNodeBs. AI: PLMN ID-eNB ID 1 = 2221-600835
2025-09-19;13:15:16;AL  ;Minor ;ENodeBFunction=1;External Link Failure;X2 link problem to one or several neighbouring eNodeBs. AI: PLMN ID-eNB ID 1 = 2221-600835 PLMN ID-eNB ID 2 = 2221-212970
2025-09-19;13:19:15;AL  ;Minor ;ENodeBFunction=1;External Link Failure;X2 link problem to one or several neighbouring eNodeBs. AI: PLMN ID-eNB ID 1 = 2221-600835
2025-09-19;13:43:43;AL  ;Cleared;ENodeBFunction=1;External Link Failure;X2 link problem to one or several neighbouring eNodeBs. AI: PLMN ID-eNB ID 1 = 2221-600835
2025-09-21;08:58:04;AL  ;Minor ;GNBCUCPFunction=1;XnC Link to GNodeB Failure;XnC link problem to gNodeBs listed in Additional Information. AI: PLMN ID-gNB ID 1 = 222:01-1050254 PLMN ID-gNB ID 2 = 222:01-1053051 PLMN ID-gNB ID 3 = 222:01-1051890
2025-09-21;09:02:14;AL  ;Minor ;GNBCUCPFunction=1;XnC Link to GNodeB Failure;XnC link problem to gNodeBs listed in Additional Information. AI: PLMN ID-gNB ID 1 = 222:01-1050254 PLMN ID-gNB ID 2 = 222:01-1053051
2025-09-22;21:10:44;AL  ;Minor ;ENodeBFunction=1;External Link Failure;X2 link problem to one or several neighbouring eNodeBs. AI: PLMN ID-eNB ID 1 = 2221-211255
2025-09-22;21:14:31;AL  ;Minor ;ENodeBFunction=1;External Link Failure;X2 link problem to one or several neighbouring eNodeBs. AI: PLMN ID-eNB ID 1 = 2221-211255
2025-09-22;21:24:12;AL  ;Minor ;ENodeBFunction=1;External Link Failure;X2 link problem to one or several neighbouring eNodeBs. AI: PLMN ID-eNB ID 1 = 2221-211255 PLMN ID-eNB ID 2 = 2221-600978
2025-09-22;21:35:16;AL  ;Cleared;ENodeBFunction=1;External Link Failure;X2 link problem to one or several neighbouring eNodeBs. AI: PLMN ID-eNB ID 1 = 2221-211255
2025-09-23;04:21:23;AL  ;Minor ;ENodeBFunction=1;External Link Failure;X2 link problem to one or several neighbouring eNodeBs. AI: PLMN ID-eNB ID 1 = 2221-600978
2025-09-23;04:33:25;AL  ;Minor ;ENodeBFunction=1;External Link Failure;X2 link problem to one or several neighbouring eNodeBs. AI: PLMN ID-eNB ID 1 = 2221-600978 PLMN ID-eNB ID 2 = 2221-211255
2025-09-23;06:31:51;AL  ;Minor ;ENodeBFunction=1;External Link Failure;X2 link problem to one or several neighbouring eNodeBs. AI: PLMN ID-eNB ID 1 = 2221-211255
2025-09-23;08:09:32;AL  ;Cleared;ENodeBFunction=1;External Link Failure;X2 link problem to one or several neighbouring eNodeBs. AI: PLMN ID-eNB ID 1 = 2221-211255
2025-09-24;07:12:15;AL  ;Warning;ENodeBFunction=1;PLMN Service Redundancy Lost;S1 connection failure for PLMN connected with link represented by MO listed in Additional Information. AI: PLMN = ["2221"],DN1=ManagedElement=1,ENodeBFunction=1,TermPointToMme=3,
2025-09-24;07:12:46;AL  ;Cleared;ENodeBFunction=1;PLMN Service Redundancy Lost;S1 connection failure for PLMN connected with link represented by MO listed in Additional Information. AI: PLMN = ["2221"],DN1=ManagedElement=1,ENodeBFunction=1,TermPointToMme=3,
2025-09-25;08:57:00;AL  ;Minor ;ENodeBFunction=1;External Link Failure;X2 link problem to one or several neighbouring eNodeBs. AI: PLMN ID-eNB ID 1 = 2221-650533
2025-09-25;08:57:18;AL  ;Cleared;ENodeBFunction=1;External Link Failure;X2 link problem to one or several neighbouring eNodeBs. AI: PLMN ID-eNB ID 1 = 2221-650533
2025-09-26;07:07:59;AL  ;Minor ;ENodeBFunction=1;External Link Failure;X2 link problem to one or several neighbouring eNodeBs. AI: PLMN ID-eNB ID 1 = 2221-208472
2025-09-26;07:56:11;AL  ;Major ;Synchronization=1,RadioEquipmentClock=1,RadioEquipmentClockReference=PTP;Sync PTP Time Reachability Fault;No PTP messages
2025-09-26;07:58:31;AL  ;Minor ;Synchronization=1,RadioEquipmentClock=1;Radio Clock Service in Time Holdover Mode;Time sync reference failure
2025-09-26;07:59:14;AL  ;Cleared;Synchronization=1,RadioEquipmentClock=1;Radio Clock Service in Time Holdover Mode;Time sync reference failure
2025-09-26;08:00:13;AL  ;Cleared;Synchronization=1,RadioEquipmentClock=1,RadioEquipmentClockReference=PTP;Sync PTP Time Reachability Fault;No PTP messages
2025-09-26;08:04:12;AL  ;Major ;Synchronization=1,RadioEquipmentClock=1,RadioEquipmentClockReference=PTP;Sync PTP Time Reachability Fault;No PTP messages
2025-09-26;08:06:04;AL  ;Minor ;Synchronization=1,RadioEquipmentClock=1;Radio Clock Service in Time Holdover Mode;Time sync reference failure
2025-09-26;08:10:43;AL  ;Cleared;Synchronization=1,RadioEquipmentClock=1;Radio Clock Service in Time Holdover Mode;Time sync reference failure
2025-09-26;08:11:42;AL  ;Cleared;Synchronization=1,RadioEquipmentClock=1,RadioEquipmentClockReference=PTP;Sync PTP Time Reachability Fault;No PTP messages
2025-09-26;08:19:54;AL  ;Minor ;ENodeBFunction=1;External Link Failure;X2 link problem to one or several neighbouring eNodeBs. AI: PLMN ID-eNB ID 1 = 2221-208472 PLMN ID-eNB ID 2 = 2221-650504
2025-09-26;08:20:21;AL  ;Minor ;ENodeBFunction=1;External Link to GNodeB Failure;X2 link problem to one or several neighbouring gNodeBs. AI: PLMN ID-gNB ID 1 = 2221-1057137
2025-09-26;09:31:54;AL  ;Minor ;ENodeBFunction=1;External Link Failure;X2 link problem to one or several neighbouring eNodeBs. AI: PLMN ID-eNB ID 1 = 2221-208472 PLMN ID-eNB ID 2 = 2221-650504 PLMN ID-eNB ID 3 = 2221-204183 PLMN ID-eNB ID 4 = 2221-204184
2025-09-26;10:02:53;AL  ;Minor ;ENodeBFunction=1;External Link Failure;X2 link problem to one or several neighbouring eNodeBs. AI: PLMN ID-eNB ID 1 = 2221-208472 PLMN ID-eNB ID 2 = 2221-650504 PLMN ID-eNB ID 3 = 2221-204183
2025-09-26;10:14:42;AL  ;Cleared;ENodeBFunction=1;External Link to GNodeB Failure;X2 link problem to one or several neighbouring gNodeBs. AI: PLMN ID-gNB ID 1 = 2221-1057137
2025-09-26;10:15:52;AL  ;Minor ;ENodeBFunction=1;External Link Failure;X2 link problem to one or several neighbouring eNodeBs. AI: PLMN ID-eNB ID 1 = 2221-208472
2025-09-26;13:26:26;AL  ;Cleared;ENodeBFunction=1;External Link Failure;X2 link problem to one or several neighbouring eNodeBs. AI: PLMN ID-eNB ID 1 = 2221-208472
2025-09-26;19:07:03;AL  ;Minor ;EUtraNetwork=1,ExternalENodeBFunction=2221-204635;Inter Node Feature Incompatibility;Inter eNodeB CA feature is not activated in remote eNodeB. SUPPRESSED
2025-09-26;19:13:06;AL  ;Cleared;EUtraNetwork=1,ExternalENodeBFunction=2221-204635;Inter Node Feature Incompatibility;Inter eNodeB CA feature is not activated in remote eNodeB. SUPPRESSED
2025-09-26;19:13:12;AL  ;Minor ;EUtraNetwork=1,ExternalENodeBFunction=2221-204635;Inter Node Feature Incompatibility;Inter eNodeB CA feature is not activated in remote eNodeB. SUPPRESSED
2025-09-26;19:14:00;AL  ;Cleared;EUtraNetwork=1,ExternalENodeBFunction=2221-204635;Inter Node Feature Incompatibility;Inter eNodeB CA feature is not activated in remote eNodeB. SUPPRESSED
2025-09-27;00:13:59;AL  ;Minor ;EUtraNetwork=1,ExternalENodeBFunction=2221-204635;Inter Node Feature Incompatibility;Inter eNodeB CA feature is not activated in remote eNodeB. SUPPRESSED
2025-09-27;00:15:58;AL  ;Cleared;EUtraNetwork=1,ExternalENodeBFunction=2221-204635;Inter Node Feature Incompatibility;Inter eNodeB CA feature is not activated in remote eNodeB. SUPPRESSED
2025-09-27;11:42:49;AL  ;Minor ;ENodeBFunction=1;External Link Failure;X2 link problem to one or several neighbouring eNodeBs. AI: PLMN ID-eNB ID 1 = 2221-211205 PLMN ID-eNB ID 2 = 2221-601153
2025-09-27;11:46:00;AL  ;Minor ;ENodeBFunction=1;External Link Failure;X2 link problem to one or several neighbouring eNodeBs. AI: PLMN ID-eNB ID 1 = 2221-211205 PLMN ID-eNB ID 2 = 2221-601153 PLMN ID-eNB ID 3 = 2221-601527
2025-09-27;11:59:31;AL  ;Minor ;ENodeBFunction=1;External Link Failure;X2 link problem to one or several neighbouring eNodeBs. AI: PLMN ID-eNB ID 1 = 2221-211205
2025-09-27;12:00:08;AL  ;Cleared;ENodeBFunction=1;External Link Failure;X2 link problem to one or several neighbouring eNodeBs. AI: PLMN ID-eNB ID 1 = 2221-211205
2025-09-27;12:37:03;AL  ;Minor ;ENodeBFunction=1;External Link Failure;X2 link problem to one or several neighbouring eNodeBs. AI: PLMN ID-eNB ID 1 = 2221-601153 PLMN ID-eNB ID 2 = 2221-211205
2025-09-27;12:45:12;AL  ;Minor ;ENodeBFunction=1;External Link Failure;X2 link problem to one or several neighbouring eNodeBs. AI: PLMN ID-eNB ID 1 = 2221-211205
2025-09-27;12:45:38;AL  ;Cleared;ENodeBFunction=1;External Link Failure;X2 link problem to one or several neighbouring eNodeBs. AI: PLMN ID-eNB ID 1 = 2221-211205
2025-09-27;12:59:21;AL  ;Minor ;ENodeBFunction=1;External Link Failure;X2 link problem to one or several neighbouring eNodeBs. AI: PLMN ID-eNB ID 1 = 2221-650803
2025-09-27;14:20:17;AL  ;Cleared;ENodeBFunction=1;External Link Failure;X2 link problem to one or several neighbouring eNodeBs. AI: PLMN ID-eNB ID 1 = 2221-650803
2025-09-28;00:52:55;AL  ;Minor ;ENodeBFunction=1;External Link Failure;X2 link problem to one or several neighbouring eNodeBs. AI: PLMN ID-eNB ID 1 = 2221-212379
2025-09-28;09:21:57;AL  ;Cleared;ENodeBFunction=1;External Link Failure;X2 link problem to one or several neighbouring eNodeBs. AI: PLMN ID-eNB ID 1 = 2221-212379
2025-09-28;10:18:50;AL  ;Minor ;ENodeBFunction=1;External Link Failure;X2 link problem to one or several neighbouring eNodeBs. AI: PLMN ID-eNB ID 1 = 2221-601301
2025-09-28;10:55:50;AL  ;Cleared;ENodeBFunction=1;External Link Failure;X2 link problem to one or several neighbouring eNodeBs. AI: PLMN ID-eNB ID 1 = 2221-601301
2025-09-28;11:47:07;AL  ;Minor ;ENodeBFunction=1;External Link Failure;X2 link problem to one or several neighbouring eNodeBs. AI: PLMN ID-eNB ID 1 = 2221-601518
2025-09-28;15:18:08;AL  ;Cleared;ENodeBFunction=1;External Link Failure;X2 link problem to one or several neighbouring eNodeBs. AI: PLMN ID-eNB ID 1 = 2221-601518
2025-09-30;06:49:04;AL  ;Minor ;ENodeBFunction=1;External Link Failure;X2 link problem to one or several neighbouring eNodeBs. AI: PLMN ID-eNB ID 1 = 2221-205076
2025-09-30;12:48:09;AL  ;Cleared;ENodeBFunction=1;External Link Failure;X2 link problem to one or several neighbouring eNodeBs. AI: PLMN ID-eNB ID 1 = 2221-205076
2025-10-01;08:35:00;AL  ;Minor ;ENodeBFunction=1;External Link Failure;X2 link problem to one or several neighbouring eNodeBs. AI: PLMN ID-eNB ID 1 = 2221-211255
2025-10-01;09:23:26;AL  ;Minor ;ENodeBFunction=1;External Link Failure;X2 link problem to one or several neighbouring eNodeBs. AI: PLMN ID-eNB ID 1 = 2221-211255 PLMN ID-eNB ID 2 = 2221-650803
2025-10-01;10:33:40;AL  ;Minor ;ENodeBFunction=1;External Link Failure;X2 link problem to one or several neighbouring eNodeBs. AI: PLMN ID-eNB ID 1 = 2221-211255
2025-10-01;11:26:09;AL  ;Cleared;ENodeBFunction=1;External Link Failure;X2 link problem to one or several neighbouring eNodeBs. AI: PLMN ID-eNB ID 1 = 2221-211255
2025-10-02;07:43:02;AL  ;Minor ;ENodeBFunction=1;External Link Failure;X2 link problem to one or several neighbouring eNodeBs. AI: PLMN ID-eNB ID 1 = 2221-650659
2025-10-02;07:43:18;AL  ;Cleared;ENodeBFunction=1;External Link Failure;X2 link problem to one or several neighbouring eNodeBs. AI: PLMN ID-eNB ID 1 = 2221-650659
2025-10-02;08:41:15;AL  ;Minor ;ENodeBFunction=1;External Link Failure;X2 link problem to one or several neighbouring eNodeBs. AI: PLMN ID-eNB ID 1 = 2221-209644
2025-10-02;10:22:54;AL  ;Minor ;ENodeBFunction=1;External Link Failure;X2 link problem to one or several neighbouring eNodeBs. AI: PLMN ID-eNB ID 1 = 2221-209644 PLMN ID-eNB ID 2 = 2221-650054
2025-10-02;12:06:22;AL  ;Minor ;ENodeBFunction=1;External Link Failure;X2 link problem to one or several neighbouring eNodeBs. AI: PLMN ID-eNB ID 1 = 2221-209644
2025-10-02;13:42:37;AL  ;Cleared;ENodeBFunction=1;External Link Failure;X2 link problem to one or several neighbouring eNodeBs. AI: PLMN ID-eNB ID 1 = 2221-209644
2025-10-04;02:43:45;AL  ;Minor ;ENodeBFunction=1;External Link to GNodeB Failure;X2 link problem to one or several neighbouring gNodeBs. AI: PLMN ID-gNB ID 1 = 2221-1057137
2025-10-04;02:43:50;AL  ;Minor ;ENodeBFunction=1;External Link Failure;X2 link problem to one or several neighbouring eNodeBs. AI: PLMN ID-eNB ID 1 = 2221-650504
2025-10-04;02:48:12;AL  ;Cleared;ENodeBFunction=1;External Link to GNodeB Failure;X2 link problem to one or several neighbouring gNodeBs. AI: PLMN ID-gNB ID 1 = 2221-1057137
2025-10-04;02:49:17;AL  ;Cleared;ENodeBFunction=1;External Link Failure;X2 link problem to one or several neighbouring eNodeBs. AI: PLMN ID-eNB ID 1 = 2221-650504
2025-10-04;03:54:23;AL  ;Minor ;ENodeBFunction=1;External Link Failure;X2 link problem to one or several neighbouring eNodeBs. AI: PLMN ID-eNB ID 1 = 2221-650504
2025-10-04;03:54:43;AL  ;Minor ;ENodeBFunction=1;External Link to GNodeB Failure;X2 link problem to one or several neighbouring gNodeBs. AI: PLMN ID-gNB ID 1 = 2221-1057137
2025-10-04;03:54:59;AL  ;Cleared;ENodeBFunction=1;External Link to GNodeB Failure;X2 link problem to one or several neighbouring gNodeBs. AI: PLMN ID-gNB ID 1 = 2221-1057137
2025-10-04;03:56:15;AL  ;Cleared;ENodeBFunction=1;External Link Failure;X2 link problem to one or several neighbouring eNodeBs. AI: PLMN ID-eNB ID 1 = 2221-650504


RLA9T> lgec -m 30d

251007-12:11:08+0200 19.31.14.210 25.0h MSRBS_NODE_MODEL_25.Q1_693.28324.131_62ac stopfile=/tmp/1161127

Startdate=20250907.101109, Enddate=20251008.101109
Date;Time;Log;Severity;Object;Event;Cause;AdditionalText;AckState;Id;NotificationId;CorrelatedAlarms
Executing action Log.export()
..
Log=AlertLog                    actionId=49966
...
=================================================================================================================
MO                  actionId result      resultInfo
=================================================================================================================
LogM=1,Log=AlertLog 49966    1 (SUCCESS)           
cat  /ericsson/log/amos/moshell_logfiles/t20251007_37258710_53697/logs_moshell/tempfiles/scp-2-amos_20251007-121024_1161065/rcslogs/AlertLog_20210425__093354_20250226__232122.log /ericsson/log/amos/moshell_logfiles/t20251007_37258710_53697/logs_moshell/tempfiles/scp-2-amos_20251007-121024_1161065/rcslogs/AlertLog_20250226__232122.log > /ericsson/log/amos/moshell_logfiles/t20251007_37258710_53697/logs_moshell/tempfiles/scp-2-amos_20251007-121024_1161065/eventLog1161127.xml
2025-10-01;03:27:38;EV  ;Warning;NRCellDU=RLA9V1;Cell Service Unavailable Auto Recovery Initiated Alert;
2025-10-06;03:00:20;EV  ;Warning;NRCellDU=RLA9V1;Cell Service Unavailable Auto Recovery Initiated Alert;

Bye...
Output has been logged to file /mta_fs/UserFiles/37258710/amosbatch/2025-10-07_11-07-01_53697/RLA9T.log
