Logging to file /mta_fs/UserFiles/37258710/amosbatch/2025-10-07_11-07-01_53697/RLB9L.log
                        __  __  ____   _____
                  /\   |  \/  |/ __ \ / ____|
                 /  \  | \  / | |  | | (___  
                / /\ \ | |\/| | |  | |\___ \ 
               / ____ \| |  | | |__| |____) |
              /_/    \_\_|  |_|\____/|_____/
              OSS Framework for MoShell-25.0h 
  Copyright (c) Ericsson AB 2001-2025 - All Rights Reserved
              
           
[1;31mWARNING: [0mthe AMOS version currently running is more than 22 weeks old and is unsupported.
Please upgrade as soon as possible to the latest released version, available from your local Ericsson support.

$amosrb_pid = 1309146

Checking ip contact...OK

HELP MENU            : h
BASIC MO COMMANDS    : m
OTHER MO COMMANDS    : n
OTHER COMMANDS       : o
PM COMMANDS          : p
QUIT                 : q

RLB9L> lt all

251007-12:30:07+0200 19.31.14.225 25.0h  stopfile=/tmp/1308376
Looking up temporary_amos account... OK.
Trying temporary_amos_t20251007_37258710_53697_313's password from amos lookupAccount ... OK

$ssh_pid = 1311116

Connected to 19.31.14.225 (SubNetwork=BBMM_rckomc_R,MeContext=RLB9L,ManagedElement=RLB9L)

Checking MOM version...MSRBS_NODE_MODEL_25.Q1_198665.224.73_bf81
Parsing MOM (cached): /ericsson/log/amos/moshell_logfiles/t20251007_37258710_53697/logs_moshell/tempfiles/scp-2-amos_20251007-123000_1308275/MSRBS_NODE_MODEL_25.Q1_198665.224.73_bf81.xml.cache.gz ......................................................................................................................................................................................................................Done.
Using paramfile /opt/ericsson/amos/moshell/commonjars/pm/PARAM_MSRBSG2_25.Q1.txt
Parsing file /opt/ericsson/amos/moshell/commonjars/pm/PARAM_MSRBSG2_25.Q1.txt ......................................................................................Done.
Using imomdfile /opt/ericsson/amos/moshell/commonjars/pm/IMOMD_MSRBS_22.Q4.txt
Using imomfile /opt/ericsson/amos/moshell/commonjars/pm/IMOM_MSRBS_25.Q1.txt
Connected to 19.31.14.225 (SubNetwork=BBMM_rckomc_R,MeContext=RLB9L,ManagedElement=RLB9L)

Last MO: 17058. Loaded 17058 MOs. Total: 17059 MOs.

RLB9L> hget EUtranCellFDD ^cellid

251007-12:30:27+0200 19.31.14.225 25.0h MSRBS_NODE_MODEL_25.Q1_198665.224.73_bf81 stopfile=/tmp/1308376

=================================================================================================================
MO                   cellId
=================================================================================================================
EUtranCellFDD=RLB9L1 21    
EUtranCellFDD=RLB9L2 22    
EUtranCellFDD=RLB9L3 23    
=================================================================================================================
Total: 3 MOs

Added 3 MOs to group: hget_group

RLB9L> hget NbIotCell ^cellid

251007-12:30:28+0200 19.31.14.225 25.0h MSRBS_NODE_MODEL_25.Q1_198665.224.73_bf81 stopfile=/tmp/1308376
Total: 0 MOs

RLB9L> hget NRCellDU ^cellLocalId

251007-12:30:28+0200 19.31.14.225 25.0h MSRBS_NODE_MODEL_25.Q1_198665.224.73_bf81 stopfile=/tmp/1308376
Total: 0 MOs

RLB9L> lgdc -m 30d

251007-12:30:28+0200 19.31.14.225 25.0h MSRBS_NODE_MODEL_25.Q1_198665.224.73_bf81 stopfile=/tmp/1308376

Startdate=20250907.103028, Enddate=20251008.103028
INFO: Using amos lookupAccount credentials for the export login

Executing action LogM.exportAvailabilityLog()
...LogM=1,exportAvailabilityLog    actionId=51218
...
=================================================================================================================
MO     actionId result      resultInfo
=================================================================================================================
LogM=1 51218    1 (SUCCESS)           
cp /ericsson/log/amos/moshell_logfiles/t20251007_37258710_53697/logs_moshell/tempfiles/scp-2-amos_20251007-123000_1308275/rcslogs/RBS_CS_AVAILABILITY_LOG_20251007103032.xml /ericsson/log/amos/moshell_logfiles/t20251007_37258710_53697/logs_moshell/tempfiles/scp-2-amos_20251007-123000_1308275/availabilityLog1308376.xml
Parsing availabilityLog.....Done.
..
Date;Time;RestartType;SwVersion;SwRelease;RCSDowntime;ApplicationDowntime;TNDowntime;RATsDowntime;ExtraInfo;ExtraInfo2
2025-09-08;04:41:32;PartialOutage(Manual);33% Lrat Cell 23; ();10s;;;;;
2025-09-08;04:41:46;PartialOutage(Manual);33% Lrat Cell 22; ();10s;;;;;
2025-09-08;04:42:01;PartialOutage(Manual);33% Lrat Cell 21; ();18s;;;;;

Node uptime since last restart: 2526499 seconds (29 days, 5 hours, 48 minutes, 19 seconds)
------------------------------------------------------------------------------------------------------
Period=30 days       NodeUpgrade      NodeManual       NodeSpontaneous  AllNodeRestarts  PartialOutages  
------------------------------------------------------------------------------------------------------
Number Of outages    0                0                0                0                3               
Total downtime       0s               0s               0s               0s               38s             
Downtime per day     0s               0s               0s               0s               1s              
Downtime per outage  0s               0s               0s               0s               13s             

RLB9L> lgac -m 30d

251007-12:30:38+0200 19.31.14.225 25.0h MSRBS_NODE_MODEL_25.Q1_198665.224.73_bf81 stopfile=/tmp/1308376

Startdate=20250907.103038, Enddate=20251008.103038
Date;Time;Log;Severity;Object;Event;Cause;AdditionalText;AckState;Id;NotificationId;CorrelatedAlarms
Executing action Log.export()
..
Log=AlarmLog                    actionId=51219
..........
=================================================================================================================
MO                  actionId result      resultInfo
=================================================================================================================
LogM=1,Log=AlarmLog 51219    1 (SUCCESS)           
cat  /ericsson/log/amos/moshell_logfiles/t20251007_37258710_53697/logs_moshell/tempfiles/scp-2-amos_20251007-123000_1308275/rcslogs/saLogAlarm_20250221__113352_20250223__141522.log /ericsson/log/amos/moshell_logfiles/t20251007_37258710_53697/logs_moshell/tempfiles/scp-2-amos_20251007-123000_1308275/rcslogs/saLogAlarm_20250223__141522_20250225__164000.log /ericsson/log/amos/moshell_logfiles/t20251007_37258710_53697/logs_moshell/tempfiles/scp-2-amos_20251007-123000_1308275/rcslogs/saLogAlarm_20250225__164000.log > /ericsson/log/amos/moshell_logfiles/t20251007_37258710_53697/logs_moshell/tempfiles/scp-2-amos_20251007-123000_1308275/alarmLog1308376.xml
2025-09-07;10:38:40;AL  ;Minor ;EUtraNetwork=1,ExternalENodeBFunction=2221-650252;Inter Node Carrier Aggregation Service Unavailable;Elastic RAN Carrier Aggregation is not available towards remote eNodeB.
2025-09-07;11:10:29;AL  ;Cleared;EUtraNetwork=1,ExternalENodeBFunction=2221-650252;Inter Node Carrier Aggregation Service Unavailable;Elastic RAN Carrier Aggregation is not available towards remote eNodeB.
2025-09-07;11:11:00;AL  ;Minor ;EUtraNetwork=1,ExternalENodeBFunction=2221-650252;Inter Node Carrier Aggregation Service Unavailable;Elastic RAN Carrier Aggregation is not available towards remote eNodeB.
2025-09-14;10:45:42;AL  ;Cleared;EUtraNetwork=1,ExternalENodeBFunction=2221-650252;Inter Node Carrier Aggregation Service Unavailable;Elastic RAN Carrier Aggregation is not available towards remote eNodeB.
2025-09-16;10:02:26;AL  ;Warning;ENodeBFunction=1;PLMN Service Redundancy Lost;S1 connection failure for PLMN connected with link represented by MO listed in Additional Information. AI: PLMN = ["2221"],DN1=ManagedElement=1,ENodeBFunction=1,TermPointToMme=5,
2025-09-16;10:02:56;AL  ;Cleared;ENodeBFunction=1;PLMN Service Redundancy Lost;S1 connection failure for PLMN connected with link represented by MO listed in Additional Information. AI: PLMN = ["2221"],DN1=ManagedElement=1,ENodeBFunction=1,TermPointToMme=5,
2025-09-18;08:57:29;AL  ;Major ;Synchronization=1,RadioEquipmentClock=1,RadioEquipmentClockReference=PTP;Sync PTP Time Reliability Fault;Master clock class problem, Master clock accuracy problem, Master time not traceable
2025-09-18;09:03:24;AL  ;Cleared;Synchronization=1,RadioEquipmentClock=1,RadioEquipmentClockReference=PTP;Sync PTP Time Reliability Fault;Master time not traceable
2025-09-19;13:14:18;AL  ;Minor ;ENodeBFunction=1;External Link Failure;X2 link problem to one or several neighbouring eNodeBs. AI: PLMN ID-eNB ID 1 = 2221-208345
2025-09-19;13:18:13;AL  ;Cleared;ENodeBFunction=1;External Link Failure;X2 link problem to one or several neighbouring eNodeBs. AI: PLMN ID-eNB ID 1 = 2221-208345
2025-09-21;10:29:38;AL  ;Minor ;EUtraNetwork=1,ExternalENodeBFunction=2221-650252;Inter Node Carrier Aggregation Service Unavailable;Elastic RAN Carrier Aggregation is not available towards remote eNodeB.
2025-09-21;11:00:24;AL  ;Cleared;EUtraNetwork=1,ExternalENodeBFunction=2221-650252;Inter Node Carrier Aggregation Service Unavailable;Elastic RAN Carrier Aggregation is not available towards remote eNodeB.
2025-09-21;11:00:32;AL  ;Minor ;EUtraNetwork=1,ExternalENodeBFunction=2221-650252;Inter Node Carrier Aggregation Service Unavailable;Elastic RAN Carrier Aggregation is not available towards remote eNodeB.
2025-09-21;11:10:55;AL  ;Minor ;EUtraNetwork=1,ExternalENodeBFunction=2221-211164;Inter Node Carrier Aggregation Service Unavailable;Elastic RAN Carrier Aggregation is not available towards remote eNodeB.
2025-09-26;07:56:03;AL  ;Major ;Synchronization=1,RadioEquipmentClock=1,RadioEquipmentClockReference=PTP;Sync PTP Time Reliability Fault;Master clock class problem, Master clock accuracy problem, Master time not traceable
2025-09-26;08:01:14;AL  ;Cleared;Synchronization=1,RadioEquipmentClock=1,RadioEquipmentClockReference=PTP;Sync PTP Time Reliability Fault;Master time not traceable
2025-09-27;17:52:35;AL  ;Minor ;AntennaUnitGroup=212;RX Branch Imbalance Fault;Antenna diagram mismatch. The RF Branches are listed in Additional Information. AI: DN1=RfBranch=2 RAT1=G
2025-09-28;10:28:58;AL  ;Cleared;EUtraNetwork=1,ExternalENodeBFunction=2221-650252;Inter Node Carrier Aggregation Service Unavailable;Elastic RAN Carrier Aggregation is not available towards remote eNodeB.
2025-09-28;10:59:26;AL  ;Cleared;EUtraNetwork=1,ExternalENodeBFunction=2221-211164;Inter Node Carrier Aggregation Service Unavailable;Elastic RAN Carrier Aggregation is not available towards remote eNodeB.
2025-09-28;19:42:37;AL  ;Cleared;AntennaUnitGroup=212;RX Branch Imbalance Fault;Antenna diagram mismatch. The RF Branches are listed in Additional Information. AI: DN1=RfBranch=2 RAT1=G
2025-10-05;10:16:07;AL  ;Minor ;EUtraNetwork=1,ExternalENodeBFunction=2221-650252;Inter Node Carrier Aggregation Service Unavailable;Elastic RAN Carrier Aggregation is not available towards remote eNodeB.
2025-10-05;10:45:51;AL  ;Cleared;EUtraNetwork=1,ExternalENodeBFunction=2221-650252;Inter Node Carrier Aggregation Service Unavailable;Elastic RAN Carrier Aggregation is not available towards remote eNodeB.
2025-10-05;10:46:54;AL  ;Minor ;EUtraNetwork=1,ExternalENodeBFunction=2221-650252;Inter Node Carrier Aggregation Service Unavailable;Elastic RAN Carrier Aggregation is not available towards remote eNodeB.


RLB9L> lgec -m 30d

251007-12:30:48+0200 19.31.14.225 25.0h MSRBS_NODE_MODEL_25.Q1_198665.224.73_bf81 stopfile=/tmp/1308376

Startdate=20250907.103048, Enddate=20251008.103048
Date;Time;Log;Severity;Object;Event;Cause;AdditionalText;AckState;Id;NotificationId;CorrelatedAlarms
Executing action Log.export()
..
Log=AlertLog                    actionId=51220
...
=================================================================================================================
MO                  actionId result      resultInfo
=================================================================================================================
LogM=1,Log=AlertLog 51220    1 (SUCCESS)           
cat  /ericsson/log/amos/moshell_logfiles/t20251007_37258710_53697/logs_moshell/tempfiles/scp-2-amos_20251007-123000_1308275/rcslogs/AlertLog_20220504__083745.log > /ericsson/log/amos/moshell_logfiles/t20251007_37258710_53697/logs_moshell/tempfiles/scp-2-amos_20251007-123000_1308275/eventLog1308376.xml

Bye...
Output has been logged to file /mta_fs/UserFiles/37258710/amosbatch/2025-10-07_11-07-01_53697/RLB9L.log
