Logging to file /mta_fs/UserFiles/37258710/amosbatch/2025-10-07_11-07-01_53697/RLC3F.log
                        __  __  ____   _____
                  /\   |  \/  |/ __ \ / ____|
                 /  \  | \  / | |  | | (___  
                / /\ \ | |\/| | |  | |\___ \ 
               / ____ \| |  | | |__| |____) |
              /_/    \_\_|  |_|\____/|_____/
              OSS Framework for MoShell-25.0h 
  Copyright (c) Ericsson AB 2001-2025 - All Rights Reserved
              
           
[1;31mWARNING: [0mthe AMOS version currently running is more than 22 weeks old and is unsupported.
Please upgrade as soon as possible to the latest released version, available from your local Ericsson support.

$amosrb_pid = 813369

Checking ip contact...OK

HELP MENU            : h
BASIC MO COMMANDS    : m
OTHER MO COMMANDS    : n
OTHER COMMANDS       : o
PM COMMANDS          : p
QUIT                 : q

RLC3F> lt all

251007-11:28:38+0200 19.31.14.164 25.0h  stopfile=/tmp/813152
Looking up temporary_amos account... OK.
Trying temporary_amos_t20251007_37258710_53697_313's password from amos lookupAccount ... OK

$ssh_pid = 814820

Connected to 19.31.14.164 (SubNetwork=BBMM_rckomc_R,MeContext=RLC3F,ManagedElement=RLC3F)

Checking MOM version...MSRBS_NODE_MODEL_25.Q1_693.28324.131_62ac
Parsing MOM (cached): /ericsson/log/amos/moshell_logfiles/t20251007_37258710_53697/logs_moshell/tempfiles/scp-2-amos_20251007-112831_813084/MSRBS_NODE_MODEL_25.Q1_693.28324.131_62ac.xml.cache.gz ..................................................................................................................................................................................................................................Done.
Using paramfile /opt/ericsson/amos/moshell/commonjars/pm/PARAM_MSRBS_25.Q1.txt
Parsing file /opt/ericsson/amos/moshell/commonjars/pm/PARAM_MSRBS_25.Q1.txt .......................................................................................Done.
Using imomdfile /opt/ericsson/amos/moshell/commonjars/pm/IMOMD_MSRBS_22.Q4.txt
Using imomfile /opt/ericsson/amos/moshell/commonjars/pm/IMOM_MSRBS_25.Q1.txt
Connected to 19.31.14.164 (SubNetwork=BBMM_rckomc_R,MeContext=RLC3F,ManagedElement=RLC3F)

Last MO: 18159. Loaded 18159 MOs. Total: 18160 MOs.

RLC3F> hget EUtranCellFDD ^cellid

251007-11:28:52+0200 19.31.14.164 25.0h MSRBS_NODE_MODEL_25.Q1_693.28324.131_62ac stopfile=/tmp/813152
.
=================================================================================================================
MO                   cellId
=================================================================================================================
EUtranCellFDD=RLC3E1 61    
EUtranCellFDD=RLC3E2 62    
EUtranCellFDD=RLC3F2 82    
EUtranCellFDD=RLC3L1 21    
EUtranCellFDD=RLC3L2 22    
=================================================================================================================
Total: 5 MOs

Added 5 MOs to group: hget_group

RLC3F> hget NbIotCell ^cellid

251007-11:28:52+0200 19.31.14.164 25.0h MSRBS_NODE_MODEL_25.Q1_693.28324.131_62ac stopfile=/tmp/813152
.
=================================================================================================================
MO               cellId
=================================================================================================================
NbIotCell=RLC3N1 161   
NbIotCell=RLC3N2 162   
=================================================================================================================
Total: 2 MOs

Added 2 MOs to group: hget_group

RLC3F> hget NRCellDU ^cellLocalId

251007-11:28:52+0200 19.31.14.164 25.0h MSRBS_NODE_MODEL_25.Q1_693.28324.131_62ac stopfile=/tmp/813152
Total: 0 MOs

RLC3F> lgdc -m 30d

251007-11:28:53+0200 19.31.14.164 25.0h MSRBS_NODE_MODEL_25.Q1_693.28324.131_62ac stopfile=/tmp/813152

Startdate=20250907.092853, Enddate=20251008.092853
INFO: Using amos lookupAccount credentials for the export login

Executing action LogM.exportAvailabilityLog()
...LogM=1,exportAvailabilityLog    actionId=49352
...
=================================================================================================================
MO     actionId result      resultInfo
=================================================================================================================
LogM=1 49352    1 (SUCCESS)           
cp /ericsson/log/amos/moshell_logfiles/t20251007_37258710_53697/logs_moshell/tempfiles/scp-2-amos_20251007-112831_813084/rcslogs/RBS_CS_AVAILABILITY_LOG_20251007092855.xml /ericsson/log/amos/moshell_logfiles/t20251007_37258710_53697/logs_moshell/tempfiles/scp-2-amos_20251007-112831_813084/availabilityLog813152.xml
Parsing availabilityLog....Done.
.
Date;Time;RestartType;SwVersion;SwRelease;RCSDowntime;ApplicationDowntime;TNDowntime;RATsDowntime;ExtraInfo;ExtraInfo2
2025-09-08;02:40:01;PartialOutage(Manual);20% Lrat Cell 21; ();9s;;;;;
2025-09-08;02:40:14;PartialOutage(Manual);20% Lrat Cell 22; ();8s;;;;;
2025-09-08;02:40:28;PartialOutage(Manual);20% Lrat Cell 82; ();7s;;;;;
2025-09-08;02:40:42;PartialOutage(Manual);20% Lrat Cell 61; ();12s;;;;;
2025-09-08;02:40:55;PartialOutage(Manual);20% Lrat Cell 62; ();11s;;;;;
2025-09-08;02:41:09;PartialOutage(Manual);75% Lrat Cell 162; ();14s;;;;;

Node uptime since last restart: 2530058 seconds (29 days, 6 hours, 47 minutes, 38 seconds)
------------------------------------------------------------------------------------------------------
Period=30 days       NodeUpgrade      NodeManual       NodeSpontaneous  AllNodeRestarts  PartialOutages  
------------------------------------------------------------------------------------------------------
Number Of outages    0                0                0                0                6               
Total downtime       0s               0s               0s               0s               61s (1m1s)      
Downtime per day     0s               0s               0s               0s               2s              
Downtime per outage  0s               0s               0s               0s               10s             

RLC3F> lgac -m 30d

251007-11:29:01+0200 19.31.14.164 25.0h MSRBS_NODE_MODEL_25.Q1_693.28324.131_62ac stopfile=/tmp/813152

Startdate=20250907.092901, Enddate=20251008.092901
Date;Time;Log;Severity;Object;Event;Cause;AdditionalText;AckState;Id;NotificationId;CorrelatedAlarms
Executing action Log.export()
..
Log=AlarmLog                    actionId=49353
......
=================================================================================================================
MO                  actionId result      resultInfo
=================================================================================================================
LogM=1,Log=AlarmLog 49353    1 (SUCCESS)           
cat  /ericsson/log/amos/moshell_logfiles/t20251007_37258710_53697/logs_moshell/tempfiles/scp-2-amos_20251007-112831_813084/rcslogs/saLogAlarm_20250129__234804_20250226__232015.log /ericsson/log/amos/moshell_logfiles/t20251007_37258710_53697/logs_moshell/tempfiles/scp-2-amos_20251007-112831_813084/rcslogs/saLogAlarm_20250226__232015_20250815__232144.log /ericsson/log/amos/moshell_logfiles/t20251007_37258710_53697/logs_moshell/tempfiles/scp-2-amos_20251007-112831_813084/rcslogs/saLogAlarm_20250815__232144.log > /ericsson/log/amos/moshell_logfiles/t20251007_37258710_53697/logs_moshell/tempfiles/scp-2-amos_20251007-112831_813084/alarmLog813152.xml
2025-09-07;11:59:56;AL  ;Minor ;ENodeBFunction=1;External Link Failure;X2 link problem to one or several neighbouring eNodeBs. AI: PLMN ID-eNB ID 1 = 2221-600715
2025-09-07;19:07:00;AL  ;Minor ;EUtraNetwork=1,ExternalENodeBFunction=2221-203204;Inter Node Feature Incompatibility;Inter eNodeB CA feature is not activated in remote eNodeB. SUPPRESSED
2025-09-07;20:53:59;AL  ;Minor ;EUtraNetwork=1,ExternalENodeBFunction=2221-203204;Inter Node Feature Incompatibility;Inter eNodeB CA feature is not activated in remote eNodeB. SUPPRESSED
2025-09-07;20:53:59;AL  ;Minor ;EUtraNetwork=1,ExternalENodeBFunction=2221-650060;Inter Node Feature Incompatibility;Inter eNodeB CA feature is not activated in remote eNodeB. SUPPRESSED
2025-09-07;20:55:13;AL  ;Cleared;EUtraNetwork=1,ExternalENodeBFunction=2221-650060;Inter Node Feature Incompatibility;Inter eNodeB CA feature is not activated in remote eNodeB. SUPPRESSED
2025-09-08;02:40:01;AL  ;Cleared;EUtraNetwork=1,ExternalENodeBFunction=2221-203204;Inter Node Feature Incompatibility;Inter eNodeB CA feature is not activated in remote eNodeB. SUPPRESSED
2025-09-08;02:40:01;AL  ;Minor ;EUtraNetwork=1,ExternalENodeBFunction=2221-650060;Inter Node Feature Incompatibility;Inter eNodeB CA feature is not activated in remote eNodeB. SUPPRESSED
2025-09-08;02:40:06;AL  ;Cleared;EUtraNetwork=1,ExternalENodeBFunction=2221-650060;Inter Node Feature Incompatibility;Inter eNodeB CA feature is not activated in remote eNodeB. SUPPRESSED
2025-09-08;02:40:14;AL  ;Minor ;EUtraNetwork=1,ExternalENodeBFunction=2221-650788;Inter Node Feature Incompatibility;Inter eNodeB CA feature is not activated in remote eNodeB. SUPPRESSED
2025-09-08;02:40:20;AL  ;Cleared;EUtraNetwork=1,ExternalENodeBFunction=2221-650788;Inter Node Feature Incompatibility;Inter eNodeB CA feature is not activated in remote eNodeB. SUPPRESSED
2025-09-08;02:52:16;AL  ;Minor ;EUtraNetwork=1,ExternalENodeBFunction=2221-650060;Inter Node Feature Incompatibility;Inter eNodeB CA feature is not activated in remote eNodeB. SUPPRESSED
2025-09-08;02:52:21;AL  ;Cleared;EUtraNetwork=1,ExternalENodeBFunction=2221-650060;Inter Node Feature Incompatibility;Inter eNodeB CA feature is not activated in remote eNodeB. SUPPRESSED
2025-09-08;02:52:21;AL  ;Minor ;EUtraNetwork=1,ExternalENodeBFunction=2221-203204;Inter Node Feature Incompatibility;Inter eNodeB CA feature is not activated in remote eNodeB. SUPPRESSED
2025-09-08;04:34:20;AL  ;Cleared;EUtraNetwork=1,ExternalENodeBFunction=2221-203204;Inter Node Feature Incompatibility;Inter eNodeB CA feature is not activated in remote eNodeB. SUPPRESSED
2025-09-08;04:34:29;AL  ;Minor ;EUtraNetwork=1,ExternalENodeBFunction=2221-203204;Inter Node Feature Incompatibility;Inter eNodeB CA feature is not activated in remote eNodeB. SUPPRESSED
2025-09-08;04:34:35;AL  ;Cleared;EUtraNetwork=1,ExternalENodeBFunction=2221-203204;Inter Node Feature Incompatibility;Inter eNodeB CA feature is not activated in remote eNodeB. SUPPRESSED
2025-09-08;04:34:41;AL  ;Minor ;EUtraNetwork=1,ExternalENodeBFunction=2221-203204;Inter Node Feature Incompatibility;Inter eNodeB CA feature is not activated in remote eNodeB. SUPPRESSED
2025-09-08;04:46:07;AL  ;Cleared;EUtraNetwork=1,ExternalENodeBFunction=2221-203204;Inter Node Feature Incompatibility;Inter eNodeB CA feature is not activated in remote eNodeB. SUPPRESSED
2025-09-08;04:47:02;AL  ;Minor ;EUtraNetwork=1,ExternalENodeBFunction=2221-650060;Inter Node Feature Incompatibility;Inter eNodeB CA feature is not activated in remote eNodeB. SUPPRESSED
2025-09-08;04:47:10;AL  ;Cleared;EUtraNetwork=1,ExternalENodeBFunction=2221-650060;Inter Node Feature Incompatibility;Inter eNodeB CA feature is not activated in remote eNodeB. SUPPRESSED
2025-09-08;04:47:10;AL  ;Minor ;EUtraNetwork=1,ExternalENodeBFunction=2221-203204;Inter Node Feature Incompatibility;Inter eNodeB CA feature is not activated in remote eNodeB. SUPPRESSED
2025-09-08;06:01:10;AL  ;Minor ;EUtraNetwork=1,ExternalENodeBFunction=2221-203204;Inter Node Feature Incompatibility;Inter eNodeB CA feature is not activated in remote eNodeB. SUPPRESSED
2025-09-08;06:01:23;AL  ;Cleared;EUtraNetwork=1,ExternalENodeBFunction=2221-203204;Inter Node Feature Incompatibility;Inter eNodeB CA feature is not activated in remote eNodeB. SUPPRESSED
2025-09-08;06:30:58;AL  ;Cleared;ENodeBFunction=1;External Link Failure;X2 link problem to one or several neighbouring eNodeBs. AI: PLMN ID-eNB ID 1 = 2221-600715
2025-09-08;07:14:26;AL  ;Minor ;ENodeBFunction=1;External Link Failure;X2 link problem to one or several neighbouring eNodeBs. AI: PLMN ID-eNB ID 1 = 2221-212239
2025-09-08;12:37:43;AL  ;Cleared;ENodeBFunction=1;External Link Failure;X2 link problem to one or several neighbouring eNodeBs. AI: PLMN ID-eNB ID 1 = 2221-212239
2025-09-08;19:07:28;AL  ;Minor ;EUtraNetwork=1,ExternalENodeBFunction=2221-650788;Inter Node Feature Incompatibility;Inter eNodeB CA feature is not activated in remote eNodeB. SUPPRESSED
2025-09-08;19:07:36;AL  ;Cleared;EUtraNetwork=1,ExternalENodeBFunction=2221-650788;Inter Node Feature Incompatibility;Inter eNodeB CA feature is not activated in remote eNodeB. SUPPRESSED
2025-09-08;19:07:36;AL  ;Minor ;EUtraNetwork=1,ExternalENodeBFunction=2221-203204;Inter Node Feature Incompatibility;Inter eNodeB CA feature is not activated in remote eNodeB. SUPPRESSED
2025-09-08;19:09:59;AL  ;Minor ;EUtraNetwork=1,ExternalENodeBFunction=2221-203204;Inter Node Feature Incompatibility;Inter eNodeB CA feature is not activated in remote eNodeB. SUPPRESSED
2025-09-09;06:01:10;AL  ;Minor ;EUtraNetwork=1,ExternalENodeBFunction=2221-203204;Inter Node Feature Incompatibility;Inter eNodeB CA feature is not activated in remote eNodeB. SUPPRESSED
2025-09-09;06:01:23;AL  ;Cleared;EUtraNetwork=1,ExternalENodeBFunction=2221-203204;Inter Node Feature Incompatibility;Inter eNodeB CA feature is not activated in remote eNodeB. SUPPRESSED
2025-09-09;19:08:41;AL  ;Minor ;EUtraNetwork=1,ExternalENodeBFunction=2221-650060;Inter Node Feature Incompatibility;Inter eNodeB CA feature is not activated in remote eNodeB. SUPPRESSED
2025-09-09;19:08:59;AL  ;Cleared;EUtraNetwork=1,ExternalENodeBFunction=2221-650060;Inter Node Feature Incompatibility;Inter eNodeB CA feature is not activated in remote eNodeB. SUPPRESSED
2025-09-09;19:08:59;AL  ;Minor ;EUtraNetwork=1,ExternalENodeBFunction=2221-203204;Inter Node Feature Incompatibility;Inter eNodeB CA feature is not activated in remote eNodeB. SUPPRESSED
2025-09-10;06:01:10;AL  ;Minor ;EUtraNetwork=1,ExternalENodeBFunction=2221-203204;Inter Node Feature Incompatibility;Inter eNodeB CA feature is not activated in remote eNodeB. SUPPRESSED
2025-09-10;06:01:23;AL  ;Cleared;EUtraNetwork=1,ExternalENodeBFunction=2221-203204;Inter Node Feature Incompatibility;Inter eNodeB CA feature is not activated in remote eNodeB. SUPPRESSED
2025-09-10;19:06:59;AL  ;Minor ;EUtraNetwork=1,ExternalENodeBFunction=2221-203204;Inter Node Feature Incompatibility;Inter eNodeB CA feature is not activated in remote eNodeB. SUPPRESSED
2025-09-11;06:01:10;AL  ;Minor ;EUtraNetwork=1,ExternalENodeBFunction=2221-203204;Inter Node Feature Incompatibility;Inter eNodeB CA feature is not activated in remote eNodeB. SUPPRESSED
2025-09-11;06:01:23;AL  ;Cleared;EUtraNetwork=1,ExternalENodeBFunction=2221-203204;Inter Node Feature Incompatibility;Inter eNodeB CA feature is not activated in remote eNodeB. SUPPRESSED
2025-09-11;19:07:12;AL  ;Minor ;EUtraNetwork=1,ExternalENodeBFunction=2221-203204;Inter Node Feature Incompatibility;Inter eNodeB CA feature is not activated in remote eNodeB. SUPPRESSED
2025-09-11;19:10:58;AL  ;Minor ;EUtraNetwork=1,ExternalENodeBFunction=2221-203204;Inter Node Feature Incompatibility;Inter eNodeB CA feature is not activated in remote eNodeB. SUPPRESSED
2025-09-12;04:40:48;AL  ;Cleared;EUtraNetwork=1,ExternalENodeBFunction=2221-203204;Inter Node Feature Incompatibility;Inter eNodeB CA feature is not activated in remote eNodeB. SUPPRESSED
2025-09-12;04:43:15;AL  ;Minor ;EUtraNetwork=1,ExternalENodeBFunction=2221-203204;Inter Node Feature Incompatibility;Inter eNodeB CA feature is not activated in remote eNodeB. SUPPRESSED
2025-09-12;06:01:10;AL  ;Minor ;EUtraNetwork=1,ExternalENodeBFunction=2221-203204;Inter Node Feature Incompatibility;Inter eNodeB CA feature is not activated in remote eNodeB. SUPPRESSED
2025-09-12;06:01:23;AL  ;Cleared;EUtraNetwork=1,ExternalENodeBFunction=2221-203204;Inter Node Feature Incompatibility;Inter eNodeB CA feature is not activated in remote eNodeB. SUPPRESSED
2025-09-12;19:10:31;AL  ;Minor ;EUtraNetwork=1,ExternalENodeBFunction=2221-650788;Inter Node Feature Incompatibility;Inter eNodeB CA feature is not activated in remote eNodeB. SUPPRESSED
2025-09-12;19:10:59;AL  ;Cleared;EUtraNetwork=1,ExternalENodeBFunction=2221-650788;Inter Node Feature Incompatibility;Inter eNodeB CA feature is not activated in remote eNodeB. SUPPRESSED
2025-09-12;19:10:59;AL  ;Minor ;EUtraNetwork=1,ExternalENodeBFunction=2221-203204;Inter Node Feature Incompatibility;Inter eNodeB CA feature is not activated in remote eNodeB. SUPPRESSED
2025-09-12;21:54:59;AL  ;Minor ;EUtraNetwork=1,ExternalENodeBFunction=2221-203204;Inter Node Feature Incompatibility;Inter eNodeB CA feature is not activated in remote eNodeB. SUPPRESSED
2025-09-12;21:54:58;AL  ;Minor ;EUtraNetwork=1,ExternalENodeBFunction=2221-650060;Inter Node Feature Incompatibility;Inter eNodeB CA feature is not activated in remote eNodeB. SUPPRESSED
2025-09-12;21:57:59;AL  ;Cleared;EUtraNetwork=1,ExternalENodeBFunction=2221-650060;Inter Node Feature Incompatibility;Inter eNodeB CA feature is not activated in remote eNodeB. SUPPRESSED
2025-09-13;06:01:10;AL  ;Minor ;EUtraNetwork=1,ExternalENodeBFunction=2221-203204;Inter Node Feature Incompatibility;Inter eNodeB CA feature is not activated in remote eNodeB. SUPPRESSED
2025-09-13;06:01:22;AL  ;Cleared;EUtraNetwork=1,ExternalENodeBFunction=2221-203204;Inter Node Feature Incompatibility;Inter eNodeB CA feature is not activated in remote eNodeB. SUPPRESSED
2025-09-13;09:58:44;AL  ;Minor ;EUtraNetwork=1,ExternalENodeBFunction=2221-203204;Inter Node Feature Incompatibility;Inter eNodeB CA feature is not activated in remote eNodeB. SUPPRESSED
2025-09-13;09:59:41;AL  ;Cleared;EUtraNetwork=1,ExternalENodeBFunction=2221-203204;Inter Node Feature Incompatibility;Inter eNodeB CA feature is not activated in remote eNodeB. SUPPRESSED
2025-09-13;19:07:04;AL  ;Minor ;EUtraNetwork=1,ExternalENodeBFunction=2221-203204;Inter Node Feature Incompatibility;Inter eNodeB CA feature is not activated in remote eNodeB. SUPPRESSED
2025-09-13;21:52:25;AL  ;Minor ;EUtraNetwork=1,ExternalENodeBFunction=2221-203204;Inter Node Feature Incompatibility;Inter eNodeB CA feature is not activated in remote eNodeB. SUPPRESSED
2025-09-13;21:52:25;AL  ;Minor ;EUtraNetwork=1,ExternalENodeBFunction=2221-650060;Inter Node Feature Incompatibility;Inter eNodeB CA feature is not activated in remote eNodeB. SUPPRESSED
2025-09-13;21:53:26;AL  ;Cleared;EUtraNetwork=1,ExternalENodeBFunction=2221-650060;Inter Node Feature Incompatibility;Inter eNodeB CA feature is not activated in remote eNodeB. SUPPRESSED
2025-09-14;04:41:02;AL  ;Minor ;EUtraNetwork=1,ExternalENodeBFunction=2221-650060;Inter Node Feature Incompatibility;Inter eNodeB CA feature is not activated in remote eNodeB. SUPPRESSED
2025-09-14;04:42:00;AL  ;Cleared;EUtraNetwork=1,ExternalENodeBFunction=2221-650060;Inter Node Feature Incompatibility;Inter eNodeB CA feature is not activated in remote eNodeB. SUPPRESSED
2025-09-14;06:01:10;AL  ;Minor ;EUtraNetwork=1,ExternalENodeBFunction=2221-203204;Inter Node Feature Incompatibility;Inter eNodeB CA feature is not activated in remote eNodeB. SUPPRESSED
2025-09-14;06:01:22;AL  ;Cleared;EUtraNetwork=1,ExternalENodeBFunction=2221-203204;Inter Node Feature Incompatibility;Inter eNodeB CA feature is not activated in remote eNodeB. SUPPRESSED
2025-09-14;19:16:59;AL  ;Minor ;EUtraNetwork=1,ExternalENodeBFunction=2221-203204;Inter Node Feature Incompatibility;Inter eNodeB CA feature is not activated in remote eNodeB. SUPPRESSED
2025-09-14;21:14:11;AL  ;Minor ;EUtraNetwork=1,ExternalENodeBFunction=2221-650060;Inter Node Feature Incompatibility;Inter eNodeB CA feature is not activated in remote eNodeB. SUPPRESSED
2025-09-14;21:14:36;AL  ;Cleared;EUtraNetwork=1,ExternalENodeBFunction=2221-650060;Inter Node Feature Incompatibility;Inter eNodeB CA feature is not activated in remote eNodeB. SUPPRESSED
2025-09-15;06:01:22;AL  ;Cleared;EUtraNetwork=1,ExternalENodeBFunction=2221-203204;Inter Node Feature Incompatibility;Inter eNodeB CA feature is not activated in remote eNodeB. SUPPRESSED
2025-09-15;19:07:00;AL  ;Minor ;EUtraNetwork=1,ExternalENodeBFunction=2221-203204;Inter Node Feature Incompatibility;Inter eNodeB CA feature is not activated in remote eNodeB. SUPPRESSED
2025-09-15;22:56:01;AL  ;Minor ;EUtraNetwork=1,ExternalENodeBFunction=2221-203204;Inter Node Feature Incompatibility;Inter eNodeB CA feature is not activated in remote eNodeB. SUPPRESSED
2025-09-15;22:56:01;AL  ;Minor ;EUtraNetwork=1,ExternalENodeBFunction=2221-650060;Inter Node Feature Incompatibility;Inter eNodeB CA feature is not activated in remote eNodeB. SUPPRESSED
2025-09-15;22:57:36;AL  ;Cleared;EUtraNetwork=1,ExternalENodeBFunction=2221-650060;Inter Node Feature Incompatibility;Inter eNodeB CA feature is not activated in remote eNodeB. SUPPRESSED
2025-09-16;06:01:10;AL  ;Minor ;EUtraNetwork=1,ExternalENodeBFunction=2221-203204;Inter Node Feature Incompatibility;Inter eNodeB CA feature is not activated in remote eNodeB. SUPPRESSED
2025-09-16;06:01:23;AL  ;Cleared;EUtraNetwork=1,ExternalENodeBFunction=2221-203204;Inter Node Feature Incompatibility;Inter eNodeB CA feature is not activated in remote eNodeB. SUPPRESSED
2025-09-16;10:05:23;AL  ;Warning;ENodeBFunction=1;PLMN Service Redundancy Lost;S1 connection failure for PLMN connected with link represented by MO listed in Additional Information. AI: PLMN = ["2221"],DN1=ManagedElement=1,ENodeBFunction=1,TermPointToMme=5,
2025-09-16;10:05:53;AL  ;Cleared;ENodeBFunction=1;PLMN Service Redundancy Lost;S1 connection failure for PLMN connected with link represented by MO listed in Additional Information. AI: PLMN = ["2221"],DN1=ManagedElement=1,ENodeBFunction=1,TermPointToMme=5,
2025-09-16;19:07:21;AL  ;Minor ;EUtraNetwork=1,ExternalENodeBFunction=2221-203204;Inter Node Feature Incompatibility;Inter eNodeB CA feature is not activated in remote eNodeB. SUPPRESSED
2025-09-16;21:08:59;AL  ;Minor ;EUtraNetwork=1,ExternalENodeBFunction=2221-203204;Inter Node Feature Incompatibility;Inter eNodeB CA feature is not activated in remote eNodeB. SUPPRESSED
2025-09-16;21:08:58;AL  ;Minor ;EUtraNetwork=1,ExternalENodeBFunction=2221-650060;Inter Node Feature Incompatibility;Inter eNodeB CA feature is not activated in remote eNodeB. SUPPRESSED
2025-09-16;21:09:15;AL  ;Cleared;EUtraNetwork=1,ExternalENodeBFunction=2221-650060;Inter Node Feature Incompatibility;Inter eNodeB CA feature is not activated in remote eNodeB. SUPPRESSED
2025-09-16;22:26:26;AL  ;Minor ;EUtraNetwork=1,ExternalENodeBFunction=2221-650060;Inter Node Feature Incompatibility;Inter eNodeB CA feature is not activated in remote eNodeB. SUPPRESSED
2025-09-16;22:26:39;AL  ;Cleared;EUtraNetwork=1,ExternalENodeBFunction=2221-650060;Inter Node Feature Incompatibility;Inter eNodeB CA feature is not activated in remote eNodeB. SUPPRESSED
2025-09-17;06:01:10;AL  ;Minor ;EUtraNetwork=1,ExternalENodeBFunction=2221-203204;Inter Node Feature Incompatibility;Inter eNodeB CA feature is not activated in remote eNodeB. SUPPRESSED
2025-09-17;06:01:22;AL  ;Cleared;EUtraNetwork=1,ExternalENodeBFunction=2221-203204;Inter Node Feature Incompatibility;Inter eNodeB CA feature is not activated in remote eNodeB. SUPPRESSED
2025-09-17;19:17:59;AL  ;Minor ;EUtraNetwork=1,ExternalENodeBFunction=2221-650788;Inter Node Feature Incompatibility;Inter eNodeB CA feature is not activated in remote eNodeB. SUPPRESSED
2025-09-17;19:18:52;AL  ;Cleared;EUtraNetwork=1,ExternalENodeBFunction=2221-650788;Inter Node Feature Incompatibility;Inter eNodeB CA feature is not activated in remote eNodeB. SUPPRESSED
2025-09-17;19:18:52;AL  ;Minor ;EUtraNetwork=1,ExternalENodeBFunction=2221-203204;Inter Node Feature Incompatibility;Inter eNodeB CA feature is not activated in remote eNodeB. SUPPRESSED
2025-09-17;21:52:59;AL  ;Minor ;EUtraNetwork=1,ExternalENodeBFunction=2221-203204;Inter Node Feature Incompatibility;Inter eNodeB CA feature is not activated in remote eNodeB. SUPPRESSED
2025-09-18;06:01:10;AL  ;Minor ;EUtraNetwork=1,ExternalENodeBFunction=2221-203204;Inter Node Feature Incompatibility;Inter eNodeB CA feature is not activated in remote eNodeB. SUPPRESSED
2025-09-18;06:01:22;AL  ;Cleared;EUtraNetwork=1,ExternalENodeBFunction=2221-203204;Inter Node Feature Incompatibility;Inter eNodeB CA feature is not activated in remote eNodeB. SUPPRESSED
2025-09-18;08:57:37;AL  ;Major ;Synchronization=1,RadioEquipmentClock=1,RadioEquipmentClockReference=PTP;Sync PTP Time Reliability Fault;Master clock class problem, Master clock accuracy problem, Master time not traceable
2025-09-18;09:04:08;AL  ;Cleared;Synchronization=1,RadioEquipmentClock=1,RadioEquipmentClockReference=PTP;Sync PTP Time Reliability Fault;Master time not traceable
2025-09-18;19:07:33;AL  ;Minor ;EUtraNetwork=1,ExternalENodeBFunction=2221-203204;Inter Node Feature Incompatibility;Inter eNodeB CA feature is not activated in remote eNodeB. SUPPRESSED
2025-09-18;20:36:42;AL  ;Minor ;EUtraNetwork=1,ExternalENodeBFunction=2221-203204;Inter Node Feature Incompatibility;Inter eNodeB CA feature is not activated in remote eNodeB. SUPPRESSED
2025-09-18;20:36:42;AL  ;Minor ;EUtraNetwork=1,ExternalENodeBFunction=2221-650060;Inter Node Feature Incompatibility;Inter eNodeB CA feature is not activated in remote eNodeB. SUPPRESSED
2025-09-18;20:38:06;AL  ;Cleared;EUtraNetwork=1,ExternalENodeBFunction=2221-650060;Inter Node Feature Incompatibility;Inter eNodeB CA feature is not activated in remote eNodeB. SUPPRESSED
2025-09-19;06:01:10;AL  ;Minor ;EUtraNetwork=1,ExternalENodeBFunction=2221-203204;Inter Node Feature Incompatibility;Inter eNodeB CA feature is not activated in remote eNodeB. SUPPRESSED
2025-09-19;06:01:22;AL  ;Cleared;EUtraNetwork=1,ExternalENodeBFunction=2221-203204;Inter Node Feature Incompatibility;Inter eNodeB CA feature is not activated in remote eNodeB. SUPPRESSED
2025-09-19;13:14:17;AL  ;Minor ;ENodeBFunction=1;External Link Failure;X2 link problem to one or several neighbouring eNodeBs. AI: PLMN ID-eNB ID 1 = 2221-600715
2025-09-19;13:15:36;AL  ;Minor ;ENodeBFunction=1;External Link Failure;X2 link problem to one or several neighbouring eNodeBs. AI: PLMN ID-eNB ID 1 = 2221-600715 PLMN ID-eNB ID 2 = 2221-212971
2025-09-19;13:18:08;AL  ;Cleared;ENodeBFunction=1;External Link Failure;X2 link problem to one or several neighbouring eNodeBs. AI: PLMN ID-eNB ID 1 = 2221-600715 PLMN ID-eNB ID 2 = 2221-212971
2025-09-19;19:23:04;AL  ;Minor ;EUtraNetwork=1,ExternalENodeBFunction=2221-650788;Inter Node Feature Incompatibility;Inter eNodeB CA feature is not activated in remote eNodeB. SUPPRESSED
2025-09-19;19:23:10;AL  ;Cleared;EUtraNetwork=1,ExternalENodeBFunction=2221-650788;Inter Node Feature Incompatibility;Inter eNodeB CA feature is not activated in remote eNodeB. SUPPRESSED
2025-09-19;19:23:10;AL  ;Minor ;EUtraNetwork=1,ExternalENodeBFunction=2221-203204;Inter Node Feature Incompatibility;Inter eNodeB CA feature is not activated in remote eNodeB. SUPPRESSED
2025-09-19;20:01:08;AL  ;Cleared;EUtraNetwork=1,ExternalENodeBFunction=2221-203204;Inter Node Feature Incompatibility;Inter eNodeB CA feature is not activated in remote eNodeB. SUPPRESSED
2025-09-19;20:01:08;AL  ;Minor ;EUtraNetwork=1,ExternalENodeBFunction=2221-650788;Inter Node Feature Incompatibility;Inter eNodeB CA feature is not activated in remote eNodeB. SUPPRESSED
2025-09-19;20:01:59;AL  ;Cleared;EUtraNetwork=1,ExternalENodeBFunction=2221-650788;Inter Node Feature Incompatibility;Inter eNodeB CA feature is not activated in remote eNodeB. SUPPRESSED
2025-09-19;20:01:59;AL  ;Minor ;EUtraNetwork=1,ExternalENodeBFunction=2221-203204;Inter Node Feature Incompatibility;Inter eNodeB CA feature is not activated in remote eNodeB. SUPPRESSED
2025-09-19;21:16:20;AL  ;Minor ;EUtraNetwork=1,ExternalENodeBFunction=2221-650060;Inter Node Feature Incompatibility;Inter eNodeB CA feature is not activated in remote eNodeB. SUPPRESSED
2025-09-19;21:16:58;AL  ;Cleared;EUtraNetwork=1,ExternalENodeBFunction=2221-650060;Inter Node Feature Incompatibility;Inter eNodeB CA feature is not activated in remote eNodeB. SUPPRESSED
2025-09-20;06:01:10;AL  ;Minor ;EUtraNetwork=1,ExternalENodeBFunction=2221-203204;Inter Node Feature Incompatibility;Inter eNodeB CA feature is not activated in remote eNodeB. SUPPRESSED
2025-09-20;06:01:23;AL  ;Cleared;EUtraNetwork=1,ExternalENodeBFunction=2221-203204;Inter Node Feature Incompatibility;Inter eNodeB CA feature is not activated in remote eNodeB. SUPPRESSED
2025-09-20;06:11:47;AL  ;Minor ;EUtraNetwork=1,ExternalENodeBFunction=2221-203204;Inter Node Feature Incompatibility;Inter eNodeB CA feature is not activated in remote eNodeB. SUPPRESSED
2025-09-20;06:15:49;AL  ;Cleared;EUtraNetwork=1,ExternalENodeBFunction=2221-203204;Inter Node Feature Incompatibility;Inter eNodeB CA feature is not activated in remote eNodeB. SUPPRESSED
2025-09-20;06:27:02;AL  ;Minor ;EUtraNetwork=1,ExternalENodeBFunction=2221-203204;Inter Node Feature Incompatibility;Inter eNodeB CA feature is not activated in remote eNodeB. SUPPRESSED
2025-09-20;06:28:36;AL  ;Cleared;EUtraNetwork=1,ExternalENodeBFunction=2221-203204;Inter Node Feature Incompatibility;Inter eNodeB CA feature is not activated in remote eNodeB. SUPPRESSED
2025-09-20;19:07:09;AL  ;Minor ;EUtraNetwork=1,ExternalENodeBFunction=2221-203204;Inter Node Feature Incompatibility;Inter eNodeB CA feature is not activated in remote eNodeB. SUPPRESSED
2025-09-20;23:11:32;AL  ;Minor ;EUtraNetwork=1,ExternalENodeBFunction=2221-203204;Inter Node Feature Incompatibility;Inter eNodeB CA feature is not activated in remote eNodeB. SUPPRESSED
2025-09-20;23:11:31;AL  ;Minor ;EUtraNetwork=1,ExternalENodeBFunction=2221-650060;Inter Node Feature Incompatibility;Inter eNodeB CA feature is not activated in remote eNodeB. SUPPRESSED
2025-09-20;23:11:37;AL  ;Cleared;EUtraNetwork=1,ExternalENodeBFunction=2221-650060;Inter Node Feature Incompatibility;Inter eNodeB CA feature is not activated in remote eNodeB. SUPPRESSED
2025-09-21;06:01:10;AL  ;Minor ;EUtraNetwork=1,ExternalENodeBFunction=2221-203204;Inter Node Feature Incompatibility;Inter eNodeB CA feature is not activated in remote eNodeB. SUPPRESSED
2025-09-21;06:01:23;AL  ;Cleared;EUtraNetwork=1,ExternalENodeBFunction=2221-203204;Inter Node Feature Incompatibility;Inter eNodeB CA feature is not activated in remote eNodeB. SUPPRESSED
2025-09-21;08:53:53;AL  ;Minor ;EUtraNetwork=1,ExternalENodeBFunction=2221-203204;Inter Node Feature Incompatibility;Inter eNodeB CA feature is not activated in remote eNodeB. SUPPRESSED
2025-09-21;09:03:26;AL  ;Minor ;ENodeBFunction=1;External Link Failure;X2 link problem to one or several neighbouring eNodeBs. AI: PLMN ID-eNB ID 1 = 2221-206628
2025-09-21;09:08:29;AL  ;Cleared;ENodeBFunction=1;External Link Failure;X2 link problem to one or several neighbouring eNodeBs. AI: PLMN ID-eNB ID 1 = 2221-206628
2025-09-21;09:08:30;AL  ;Cleared;EUtraNetwork=1,ExternalENodeBFunction=2221-203204;Inter Node Feature Incompatibility;Inter eNodeB CA feature is not activated in remote eNodeB. SUPPRESSED
2025-09-21;09:11:48;AL  ;Minor ;EUtraNetwork=1,ExternalENodeBFunction=2221-203204;Inter Node Feature Incompatibility;Inter eNodeB CA feature is not activated in remote eNodeB. SUPPRESSED
2025-09-21;09:13:51;AL  ;Cleared;EUtraNetwork=1,ExternalENodeBFunction=2221-203204;Inter Node Feature Incompatibility;Inter eNodeB CA feature is not activated in remote eNodeB. SUPPRESSED
2025-09-21;09:15:09;AL  ;Minor ;EUtraNetwork=1,ExternalENodeBFunction=2221-203204;Inter Node Feature Incompatibility;Inter eNodeB CA feature is not activated in remote eNodeB. SUPPRESSED
2025-09-21;11:40:49;AL  ;Minor ;EUtraNetwork=1,ExternalENodeBFunction=2221-650788;Inter Node Feature Incompatibility;Inter eNodeB CA feature is not activated in remote eNodeB. SUPPRESSED
2025-09-21;11:43:35;AL  ;Cleared;EUtraNetwork=1,ExternalENodeBFunction=2221-650788;Inter Node Feature Incompatibility;Inter eNodeB CA feature is not activated in remote eNodeB. SUPPRESSED
2025-09-21;14:27:07;AL  ;Cleared;EUtraNetwork=1,ExternalENodeBFunction=2221-203204;Inter Node Feature Incompatibility;Inter eNodeB CA feature is not activated in remote eNodeB. SUPPRESSED
2025-09-21;21:04:52;AL  ;Minor ;EUtraNetwork=1,ExternalENodeBFunction=2221-650060;Inter Node Feature Incompatibility;Inter eNodeB CA feature is not activated in remote eNodeB. SUPPRESSED
2025-09-21;21:04:52;AL  ;Minor ;EUtraNetwork=1,ExternalENodeBFunction=2221-203204;Inter Node Feature Incompatibility;Inter eNodeB CA feature is not activated in remote eNodeB. SUPPRESSED
2025-09-21;21:04:58;AL  ;Cleared;EUtraNetwork=1,ExternalENodeBFunction=2221-650060;Inter Node Feature Incompatibility;Inter eNodeB CA feature is not activated in remote eNodeB. SUPPRESSED
2025-09-21;22:57:24;AL  ;Cleared;EUtraNetwork=1,ExternalENodeBFunction=2221-203204;Inter Node Feature Incompatibility;Inter eNodeB CA feature is not activated in remote eNodeB. SUPPRESSED
2025-09-21;22:57:24;AL  ;Minor ;EUtraNetwork=1,ExternalENodeBFunction=2221-650060;Inter Node Feature Incompatibility;Inter eNodeB CA feature is not activated in remote eNodeB. SUPPRESSED
2025-09-21;22:57:51;AL  ;Cleared;EUtraNetwork=1,ExternalENodeBFunction=2221-650060;Inter Node Feature Incompatibility;Inter eNodeB CA feature is not activated in remote eNodeB. SUPPRESSED
2025-09-21;22:57:51;AL  ;Minor ;EUtraNetwork=1,ExternalENodeBFunction=2221-203204;Inter Node Feature Incompatibility;Inter eNodeB CA feature is not activated in remote eNodeB. SUPPRESSED
2025-09-22;06:01:10;AL  ;Minor ;EUtraNetwork=1,ExternalENodeBFunction=2221-203204;Inter Node Feature Incompatibility;Inter eNodeB CA feature is not activated in remote eNodeB. SUPPRESSED
2025-09-22;06:01:23;AL  ;Cleared;EUtraNetwork=1,ExternalENodeBFunction=2221-203204;Inter Node Feature Incompatibility;Inter eNodeB CA feature is not activated in remote eNodeB. SUPPRESSED
2025-09-22;19:07:08;AL  ;Minor ;EUtraNetwork=1,ExternalENodeBFunction=2221-650060;Inter Node Feature Incompatibility;Inter eNodeB CA feature is not activated in remote eNodeB. SUPPRESSED
2025-09-22;19:07:08;AL  ;Minor ;EUtraNetwork=1,ExternalENodeBFunction=2221-203204;Inter Node Feature Incompatibility;Inter eNodeB CA feature is not activated in remote eNodeB. SUPPRESSED
2025-09-22;19:07:12;AL  ;Cleared;EUtraNetwork=1,ExternalENodeBFunction=2221-650060;Inter Node Feature Incompatibility;Inter eNodeB CA feature is not activated in remote eNodeB. SUPPRESSED
2025-09-22;19:13:59;AL  ;Minor ;EUtraNetwork=1,ExternalENodeBFunction=2221-203204;Inter Node Feature Incompatibility;Inter eNodeB CA feature is not activated in remote eNodeB. SUPPRESSED
2025-09-22;23:21:58;AL  ;Minor ;EUtraNetwork=1,ExternalENodeBFunction=2221-650060;Inter Node Feature Incompatibility;Inter eNodeB CA feature is not activated in remote eNodeB. SUPPRESSED
2025-09-22;23:22:08;AL  ;Cleared;EUtraNetwork=1,ExternalENodeBFunction=2221-650060;Inter Node Feature Incompatibility;Inter eNodeB CA feature is not activated in remote eNodeB. SUPPRESSED
2025-09-23;06:01:10;AL  ;Minor ;EUtraNetwork=1,ExternalENodeBFunction=2221-203204;Inter Node Feature Incompatibility;Inter eNodeB CA feature is not activated in remote eNodeB. SUPPRESSED
2025-09-23;06:01:23;AL  ;Cleared;EUtraNetwork=1,ExternalENodeBFunction=2221-203204;Inter Node Feature Incompatibility;Inter eNodeB CA feature is not activated in remote eNodeB. SUPPRESSED
2025-09-23;07:56:40;AL  ;Minor ;EUtraNetwork=1,ExternalENodeBFunction=2221-203204;Inter Node Feature Incompatibility;Inter eNodeB CA feature is not activated in remote eNodeB. SUPPRESSED
2025-09-23;19:06:59;AL  ;Minor ;EUtraNetwork=1,ExternalENodeBFunction=2221-203204;Inter Node Feature Incompatibility;Inter eNodeB CA feature is not activated in remote eNodeB. SUPPRESSED
2025-09-23;19:07:59;AL  ;Minor ;EUtraNetwork=1,ExternalENodeBFunction=2221-203204;Inter Node Feature Incompatibility;Inter eNodeB CA feature is not activated in remote eNodeB. SUPPRESSED
2025-09-23;19:27:05;AL  ;Cleared;EUtraNetwork=1,ExternalENodeBFunction=2221-203204;Inter Node Feature Incompatibility;Inter eNodeB CA feature is not activated in remote eNodeB. SUPPRESSED
2025-09-23;19:27:05;AL  ;Minor ;EUtraNetwork=1,ExternalENodeBFunction=2221-650060;Inter Node Feature Incompatibility;Inter eNodeB CA feature is not activated in remote eNodeB. SUPPRESSED
2025-09-23;19:27:32;AL  ;Cleared;EUtraNetwork=1,ExternalENodeBFunction=2221-650060;Inter Node Feature Incompatibility;Inter eNodeB CA feature is not activated in remote eNodeB. SUPPRESSED
2025-09-23;19:27:32;AL  ;Minor ;EUtraNetwork=1,ExternalENodeBFunction=2221-205376;Inter Node Feature Incompatibility;Inter eNodeB CA feature is not activated in remote eNodeB. SUPPRESSED
2025-09-23;19:27:32;AL  ;Minor ;EUtraNetwork=1,ExternalENodeBFunction=2221-203204;Inter Node Feature Incompatibility;Inter eNodeB CA feature is not activated in remote eNodeB. SUPPRESSED
2025-09-24;06:01:10;AL  ;Minor ;EUtraNetwork=1,ExternalENodeBFunction=2221-203204;Inter Node Feature Incompatibility;Inter eNodeB CA feature is not activated in remote eNodeB. SUPPRESSED
2025-09-24;06:02:01;AL  ;Cleared;EUtraNetwork=1,ExternalENodeBFunction=2221-205376;Inter Node Feature Incompatibility;Inter eNodeB CA feature is not activated in remote eNodeB. SUPPRESSED
2025-09-24;12:58:32;AL  ;Minor ;EUtraNetwork=1,ExternalENodeBFunction=2221-650788;Inter Node Feature Incompatibility;Inter eNodeB CA feature is not activated in remote eNodeB. SUPPRESSED
2025-09-24;13:01:19;AL  ;Cleared;EUtraNetwork=1,ExternalENodeBFunction=2221-650788;Inter Node Feature Incompatibility;Inter eNodeB CA feature is not activated in remote eNodeB. SUPPRESSED
2025-09-24;19:06:59;AL  ;Minor ;EUtraNetwork=1,ExternalENodeBFunction=2221-203204;Inter Node Feature Incompatibility;Inter eNodeB CA feature is not activated in remote eNodeB. SUPPRESSED
2025-09-24;19:08:02;AL  ;Minor ;EUtraNetwork=1,ExternalENodeBFunction=2221-205376;Inter Node Feature Incompatibility;Inter eNodeB CA feature is not activated in remote eNodeB. SUPPRESSED
2025-09-25;06:01:10;AL  ;Minor ;EUtraNetwork=1,ExternalENodeBFunction=2221-203204;Inter Node Feature Incompatibility;Inter eNodeB CA feature is not activated in remote eNodeB. SUPPRESSED
2025-09-25;06:02:01;AL  ;Cleared;EUtraNetwork=1,ExternalENodeBFunction=2221-205376;Inter Node Feature Incompatibility;Inter eNodeB CA feature is not activated in remote eNodeB. SUPPRESSED
2025-09-25;07:32:01;AL  ;Minor ;EUtraNetwork=1,ExternalENodeBFunction=2221-650060;Inter Node Feature Incompatibility;Inter eNodeB CA feature is not activated in remote eNodeB. SUPPRESSED
2025-09-25;07:33:34;AL  ;Cleared;EUtraNetwork=1,ExternalENodeBFunction=2221-650060;Inter Node Feature Incompatibility;Inter eNodeB CA feature is not activated in remote eNodeB. SUPPRESSED
2025-09-25;12:41:31;AL  ;Minor ;EUtraNetwork=1,ExternalENodeBFunction=2221-650060;Inter Node Feature Incompatibility;Inter eNodeB CA feature is not activated in remote eNodeB. SUPPRESSED
2025-09-25;12:47:00;AL  ;Cleared;EUtraNetwork=1,ExternalENodeBFunction=2221-650060;Inter Node Feature Incompatibility;Inter eNodeB CA feature is not activated in remote eNodeB. SUPPRESSED
2025-09-25;13:01:21;AL  ;Cleared;EUtraNetwork=1,ExternalENodeBFunction=2221-203204;Inter Node Feature Incompatibility;Inter eNodeB CA feature is not activated in remote eNodeB. SUPPRESSED
2025-09-25;13:04:06;AL  ;Minor ;EUtraNetwork=1,ExternalENodeBFunction=2221-203204;Inter Node Feature Incompatibility;Inter eNodeB CA feature is not activated in remote eNodeB. SUPPRESSED
2025-09-25;14:31:23;AL  ;Minor ;EUtraNetwork=1,ExternalENodeBFunction=2221-650788;Inter Node Feature Incompatibility;Inter eNodeB CA feature is not activated in remote eNodeB. SUPPRESSED
2025-09-25;14:32:17;AL  ;Cleared;EUtraNetwork=1,ExternalENodeBFunction=2221-650788;Inter Node Feature Incompatibility;Inter eNodeB CA feature is not activated in remote eNodeB. SUPPRESSED
2025-09-25;19:06:59;AL  ;Minor ;EUtraNetwork=1,ExternalENodeBFunction=2221-203204;Inter Node Feature Incompatibility;Inter eNodeB CA feature is not activated in remote eNodeB. SUPPRESSED
2025-09-25;19:13:00;AL  ;Minor ;EUtraNetwork=1,ExternalENodeBFunction=2221-203204;Inter Node Feature Incompatibility;Inter eNodeB CA feature is not activated in remote eNodeB. SUPPRESSED
2025-09-25;19:13:00;AL  ;Minor ;EUtraNetwork=1,ExternalENodeBFunction=2221-205376;Inter Node Feature Incompatibility;Inter eNodeB CA feature is not activated in remote eNodeB. SUPPRESSED
2025-09-26;06:01:10;AL  ;Minor ;EUtraNetwork=1,ExternalENodeBFunction=2221-203204;Inter Node Feature Incompatibility;Inter eNodeB CA feature is not activated in remote eNodeB. SUPPRESSED
2025-09-26;06:02:01;AL  ;Cleared;EUtraNetwork=1,ExternalENodeBFunction=2221-205376;Inter Node Feature Incompatibility;Inter eNodeB CA feature is not activated in remote eNodeB. SUPPRESSED
2025-09-26;07:56:02;AL  ;Major ;Synchronization=1,RadioEquipmentClock=1,RadioEquipmentClockReference=PTP;Sync PTP Time Reliability Fault;Master clock class problem, Master clock accuracy problem, Master time not traceable
2025-09-26;08:01:44;AL  ;Cleared;Synchronization=1,RadioEquipmentClock=1,RadioEquipmentClockReference=PTP;Sync PTP Time Reliability Fault;Master time not traceable
2025-09-26;09:31:32;AL  ;Minor ;ENodeBFunction=1;External Link Failure;X2 link problem to one or several neighbouring eNodeBs. AI: PLMN ID-eNB ID 1 = 2221-204184
2025-09-26;10:02:05;AL  ;Cleared;ENodeBFunction=1;External Link Failure;X2 link problem to one or several neighbouring eNodeBs. AI: PLMN ID-eNB ID 1 = 2221-204184
2025-09-26;19:06:58;AL  ;Minor ;EUtraNetwork=1,ExternalENodeBFunction=2221-203204;Inter Node Feature Incompatibility;Inter eNodeB CA feature is not activated in remote eNodeB. SUPPRESSED
2025-09-26;19:07:12;AL  ;Minor ;EUtraNetwork=1,ExternalENodeBFunction=2221-205376;Inter Node Feature Incompatibility;Inter eNodeB CA feature is not activated in remote eNodeB. SUPPRESSED
2025-09-26;23:22:38;AL  ;Minor ;EUtraNetwork=1,ExternalENodeBFunction=2221-211000;Inter Node Feature Incompatibility;Inter eNodeB CA feature is not activated in remote eNodeB. SUPPRESSED
2025-09-26;23:22:55;AL  ;Cleared;EUtraNetwork=1,ExternalENodeBFunction=2221-211000;Inter Node Feature Incompatibility;Inter eNodeB CA feature is not activated in remote eNodeB. SUPPRESSED
2025-09-27;06:01:10;AL  ;Minor ;EUtraNetwork=1,ExternalENodeBFunction=2221-203204;Inter Node Feature Incompatibility;Inter eNodeB CA feature is not activated in remote eNodeB. SUPPRESSED
2025-09-27;06:02:01;AL  ;Cleared;EUtraNetwork=1,ExternalENodeBFunction=2221-205376;Inter Node Feature Incompatibility;Inter eNodeB CA feature is not activated in remote eNodeB. SUPPRESSED
2025-09-27;07:39:54;AL  ;Minor ;ENodeBFunction=1;External Link Failure;X2 link problem to one or several neighbouring eNodeBs. AI: PLMN ID-eNB ID 1 = 2221-206628
2025-09-27;08:12:45;AL  ;Cleared;ENodeBFunction=1;External Link Failure;X2 link problem to one or several neighbouring eNodeBs. AI: PLMN ID-eNB ID 1 = 2221-206628
2025-09-27;08:54:45;AL  ;Minor ;ENodeBFunction=1;External Link Failure;X2 link problem to one or several neighbouring eNodeBs. AI: PLMN ID-eNB ID 1 = 2221-206628
2025-09-27;08:55:07;AL  ;Cleared;ENodeBFunction=1;External Link Failure;X2 link problem to one or several neighbouring eNodeBs. AI: PLMN ID-eNB ID 1 = 2221-206628
2025-09-27;09:53:46;AL  ;Minor ;ENodeBFunction=1;External Link Failure;X2 link problem to one or several neighbouring eNodeBs. AI: PLMN ID-eNB ID 1 = 2221-206628
2025-09-27;10:00:30;AL  ;Cleared;ENodeBFunction=1;External Link Failure;X2 link problem to one or several neighbouring eNodeBs. AI: PLMN ID-eNB ID 1 = 2221-206628
2025-09-27;11:00:50;AL  ;Minor ;ENodeBFunction=1;External Link Failure;X2 link problem to one or several neighbouring eNodeBs. AI: PLMN ID-eNB ID 1 = 2221-206628
2025-09-27;11:31:41;AL  ;Cleared;ENodeBFunction=1;External Link Failure;X2 link problem to one or several neighbouring eNodeBs. AI: PLMN ID-eNB ID 1 = 2221-206628
2025-09-27;11:42:46;AL  ;Minor ;ENodeBFunction=1;External Link Failure;X2 link problem to one or several neighbouring eNodeBs. AI: PLMN ID-eNB ID 1 = 2221-211206
2025-09-27;11:50:16;AL  ;Minor ;ENodeBFunction=1;External Link Failure;X2 link problem to one or several neighbouring eNodeBs. AI: PLMN ID-eNB ID 1 = 2221-211206
2025-09-27;11:59:02;AL  ;Cleared;ENodeBFunction=1;External Link Failure;X2 link problem to one or several neighbouring eNodeBs. AI: PLMN ID-eNB ID 1 = 2221-211206
2025-09-27;12:06:38;AL  ;Minor ;ENodeBFunction=1;External Link Failure;X2 link problem to one or several neighbouring eNodeBs. AI: PLMN ID-eNB ID 1 = 2221-206628
2025-09-27;12:36:07;AL  ;Minor ;ENodeBFunction=1;External Link Failure;X2 link problem to one or several neighbouring eNodeBs. AI: PLMN ID-eNB ID 1 = 2221-206628 PLMN ID-eNB ID 2 = 2221-211206
2025-09-27;12:44:30;AL  ;Minor ;ENodeBFunction=1;External Link Failure;X2 link problem to one or several neighbouring eNodeBs. AI: PLMN ID-eNB ID 1 = 2221-206628
2025-09-27;15:08:30;AL  ;Cleared;ENodeBFunction=1;External Link Failure;X2 link problem to one or several neighbouring eNodeBs. AI: PLMN ID-eNB ID 1 = 2221-206628
2025-09-27;15:10:49;AL  ;Minor ;EUtraNetwork=1,ExternalENodeBFunction=2221-650788;Inter Node Feature Incompatibility;Inter eNodeB CA feature is not activated in remote eNodeB. SUPPRESSED
2025-09-27;15:11:32;AL  ;Cleared;EUtraNetwork=1,ExternalENodeBFunction=2221-650788;Inter Node Feature Incompatibility;Inter eNodeB CA feature is not activated in remote eNodeB. SUPPRESSED
2025-09-27;15:29:16;AL  ;Minor ;ENodeBFunction=1;External Link Failure;X2 link problem to one or several neighbouring eNodeBs. AI: PLMN ID-eNB ID 1 = 2221-206628
2025-09-27;15:39:42;AL  ;Cleared;ENodeBFunction=1;External Link Failure;X2 link problem to one or several neighbouring eNodeBs. AI: PLMN ID-eNB ID 1 = 2221-206628
2025-09-27;15:49:11;AL  ;Minor ;ENodeBFunction=1;External Link Failure;X2 link problem to one or several neighbouring eNodeBs. AI: PLMN ID-eNB ID 1 = 2221-206628
2025-09-27;15:51:30;AL  ;Cleared;ENodeBFunction=1;External Link Failure;X2 link problem to one or several neighbouring eNodeBs. AI: PLMN ID-eNB ID 1 = 2221-206628
2025-09-27;16:00:55;AL  ;Minor ;ENodeBFunction=1;External Link Failure;X2 link problem to one or several neighbouring eNodeBs. AI: PLMN ID-eNB ID 1 = 2221-206628
2025-09-27;16:29:21;AL  ;Cleared;ENodeBFunction=1;External Link Failure;X2 link problem to one or several neighbouring eNodeBs. AI: PLMN ID-eNB ID 1 = 2221-206628
2025-09-27;16:38:29;AL  ;Minor ;ENodeBFunction=1;External Link Failure;X2 link problem to one or several neighbouring eNodeBs. AI: PLMN ID-eNB ID 1 = 2221-206628
2025-09-27;18:12:13;AL  ;Cleared;ENodeBFunction=1;External Link Failure;X2 link problem to one or several neighbouring eNodeBs. AI: PLMN ID-eNB ID 1 = 2221-206628
2025-09-27;18:58:19;AL  ;Minor ;ENodeBFunction=1;External Link Failure;X2 link problem to one or several neighbouring eNodeBs. AI: PLMN ID-eNB ID 1 = 2221-206628
2025-09-27;19:06:58;AL  ;Minor ;EUtraNetwork=1,ExternalENodeBFunction=2221-203204;Inter Node Feature Incompatibility;Inter eNodeB CA feature is not activated in remote eNodeB. SUPPRESSED
2025-09-27;19:07:59;AL  ;Minor ;EUtraNetwork=1,ExternalENodeBFunction=2221-203204;Inter Node Feature Incompatibility;Inter eNodeB CA feature is not activated in remote eNodeB. SUPPRESSED
2025-09-27;19:36:10;AL  ;Cleared;EUtraNetwork=1,ExternalENodeBFunction=2221-203204;Inter Node Feature Incompatibility;Inter eNodeB CA feature is not activated in remote eNodeB. SUPPRESSED
2025-09-27;19:36:10;AL  ;Minor ;EUtraNetwork=1,ExternalENodeBFunction=2221-650060;Inter Node Feature Incompatibility;Inter eNodeB CA feature is not activated in remote eNodeB. SUPPRESSED
2025-09-27;19:36:10;AL  ;Minor ;EUtraNetwork=1,ExternalENodeBFunction=2221-205376;Inter Node Feature Incompatibility;Inter eNodeB CA feature is not activated in remote eNodeB. SUPPRESSED
2025-09-27;19:38:59;AL  ;Cleared;EUtraNetwork=1,ExternalENodeBFunction=2221-650060;Inter Node Feature Incompatibility;Inter eNodeB CA feature is not activated in remote eNodeB. SUPPRESSED
2025-09-27;19:38:59;AL  ;Minor ;EUtraNetwork=1,ExternalENodeBFunction=2221-203204;Inter Node Feature Incompatibility;Inter eNodeB CA feature is not activated in remote eNodeB. SUPPRESSED
2025-09-27;19:46:19;AL  ;Cleared;ENodeBFunction=1;External Link Failure;X2 link problem to one or several neighbouring eNodeBs. AI: PLMN ID-eNB ID 1 = 2221-206628
2025-09-27;20:10:44;AL  ;Minor ;ENodeBFunction=1;External Link Failure;X2 link problem to one or several neighbouring eNodeBs. AI: PLMN ID-eNB ID 1 = 2221-206628
2025-09-27;20:20:02;AL  ;Cleared;ENodeBFunction=1;External Link Failure;X2 link problem to one or several neighbouring eNodeBs. AI: PLMN ID-eNB ID 1 = 2221-206628
2025-09-27;20:57:36;AL  ;Minor ;ENodeBFunction=1;External Link Failure;X2 link problem to one or several neighbouring eNodeBs. AI: PLMN ID-eNB ID 1 = 2221-206628
2025-09-27;21:38:32;AL  ;Cleared;ENodeBFunction=1;External Link Failure;X2 link problem to one or several neighbouring eNodeBs. AI: PLMN ID-eNB ID 1 = 2221-206628
2025-09-27;22:55:35;AL  ;Minor ;ENodeBFunction=1;External Link Failure;X2 link problem to one or several neighbouring eNodeBs. AI: PLMN ID-eNB ID 1 = 2221-206628
2025-09-27;22:56:55;AL  ;Cleared;ENodeBFunction=1;External Link Failure;X2 link problem to one or several neighbouring eNodeBs. AI: PLMN ID-eNB ID 1 = 2221-206628
2025-09-28;06:01:22;AL  ;Minor ;EUtraNetwork=1,ExternalENodeBFunction=2221-203204;Inter Node Feature Incompatibility;Inter eNodeB CA feature is not activated in remote eNodeB. SUPPRESSED
2025-09-28;06:02:01;AL  ;Cleared;EUtraNetwork=1,ExternalENodeBFunction=2221-205376;Inter Node Feature Incompatibility;Inter eNodeB CA feature is not activated in remote eNodeB. SUPPRESSED
2025-09-28;19:06:59;AL  ;Minor ;EUtraNetwork=1,ExternalENodeBFunction=2221-203204;Inter Node Feature Incompatibility;Inter eNodeB CA feature is not activated in remote eNodeB. SUPPRESSED
2025-09-28;19:07:00;AL  ;Minor ;EUtraNetwork=1,ExternalENodeBFunction=2221-205376;Inter Node Feature Incompatibility;Inter eNodeB CA feature is not activated in remote eNodeB. SUPPRESSED
2025-09-29;02:03:58;AL  ;Minor ;EUtraNetwork=1,ExternalENodeBFunction=2221-650060;Inter Node Feature Incompatibility;Inter eNodeB CA feature is not activated in remote eNodeB. SUPPRESSED
2025-09-29;02:05:38;AL  ;Cleared;EUtraNetwork=1,ExternalENodeBFunction=2221-650060;Inter Node Feature Incompatibility;Inter eNodeB CA feature is not activated in remote eNodeB. SUPPRESSED
2025-09-29;06:01:10;AL  ;Minor ;EUtraNetwork=1,ExternalENodeBFunction=2221-203204;Inter Node Feature Incompatibility;Inter eNodeB CA feature is not activated in remote eNodeB. SUPPRESSED
2025-09-29;06:02:01;AL  ;Cleared;EUtraNetwork=1,ExternalENodeBFunction=2221-205376;Inter Node Feature Incompatibility;Inter eNodeB CA feature is not activated in remote eNodeB. SUPPRESSED
2025-09-29;06:16:23;AL  ;Minor ;EUtraNetwork=1,ExternalENodeBFunction=2221-211000;Inter Node Feature Incompatibility;Inter eNodeB CA feature is not activated in remote eNodeB. SUPPRESSED
2025-09-29;06:17:11;AL  ;Cleared;EUtraNetwork=1,ExternalENodeBFunction=2221-211000;Inter Node Feature Incompatibility;Inter eNodeB CA feature is not activated in remote eNodeB. SUPPRESSED
2025-09-29;07:04:55;AL  ;Cleared;EUtraNetwork=1,ExternalENodeBFunction=2221-203204;Inter Node Feature Incompatibility;Inter eNodeB CA feature is not activated in remote eNodeB. SUPPRESSED
2025-09-29;19:06:59;AL  ;Minor ;EUtraNetwork=1,ExternalENodeBFunction=2221-203204;Inter Node Feature Incompatibility;Inter eNodeB CA feature is not activated in remote eNodeB. SUPPRESSED
2025-09-29;21:23:59;AL  ;Cleared;EUtraNetwork=1,ExternalENodeBFunction=2221-203204;Inter Node Feature Incompatibility;Inter eNodeB CA feature is not activated in remote eNodeB. SUPPRESSED
2025-09-29;21:23:59;AL  ;Minor ;EUtraNetwork=1,ExternalENodeBFunction=2221-650060;Inter Node Feature Incompatibility;Inter eNodeB CA feature is not activated in remote eNodeB. SUPPRESSED
2025-09-29;21:24:56;AL  ;Cleared;EUtraNetwork=1,ExternalENodeBFunction=2221-650060;Inter Node Feature Incompatibility;Inter eNodeB CA feature is not activated in remote eNodeB. SUPPRESSED
2025-09-29;21:24:56;AL  ;Minor ;EUtraNetwork=1,ExternalENodeBFunction=2221-203204;Inter Node Feature Incompatibility;Inter eNodeB CA feature is not activated in remote eNodeB. SUPPRESSED
2025-09-30;06:01:10;AL  ;Minor ;EUtraNetwork=1,ExternalENodeBFunction=2221-203204;Inter Node Feature Incompatibility;Inter eNodeB CA feature is not activated in remote eNodeB. SUPPRESSED
2025-09-30;06:01:23;AL  ;Cleared;EUtraNetwork=1,ExternalENodeBFunction=2221-203204;Inter Node Feature Incompatibility;Inter eNodeB CA feature is not activated in remote eNodeB. SUPPRESSED
2025-09-30;19:06:59;AL  ;Minor ;EUtraNetwork=1,ExternalENodeBFunction=2221-203204;Inter Node Feature Incompatibility;Inter eNodeB CA feature is not activated in remote eNodeB. SUPPRESSED
2025-09-30;19:08:59;AL  ;Minor ;EUtraNetwork=1,ExternalENodeBFunction=2221-203204;Inter Node Feature Incompatibility;Inter eNodeB CA feature is not activated in remote eNodeB. SUPPRESSED
2025-09-30;19:08:59;AL  ;Minor ;EUtraNetwork=1,ExternalENodeBFunction=2221-650060;Inter Node Feature Incompatibility;Inter eNodeB CA feature is not activated in remote eNodeB. SUPPRESSED
2025-09-30;19:09:07;AL  ;Cleared;EUtraNetwork=1,ExternalENodeBFunction=2221-650060;Inter Node Feature Incompatibility;Inter eNodeB CA feature is not activated in remote eNodeB. SUPPRESSED
2025-09-30;19:09:07;AL  ;Minor ;EUtraNetwork=1,ExternalENodeBFunction=2221-205376;Inter Node Feature Incompatibility;Inter eNodeB CA feature is not activated in remote eNodeB. SUPPRESSED
2025-10-01;06:01:10;AL  ;Minor ;EUtraNetwork=1,ExternalENodeBFunction=2221-203204;Inter Node Feature Incompatibility;Inter eNodeB CA feature is not activated in remote eNodeB. SUPPRESSED
2025-10-01;06:01:23;AL  ;Cleared;EUtraNetwork=1,ExternalENodeBFunction=2221-203204;Inter Node Feature Incompatibility;Inter eNodeB CA feature is not activated in remote eNodeB. SUPPRESSED
2025-10-01;06:02:01;AL  ;Cleared;EUtraNetwork=1,ExternalENodeBFunction=2221-205376;Inter Node Feature Incompatibility;Inter eNodeB CA feature is not activated in remote eNodeB. SUPPRESSED
2025-10-01;19:07:10;AL  ;Minor ;EUtraNetwork=1,ExternalENodeBFunction=2221-203204;Inter Node Feature Incompatibility;Inter eNodeB CA feature is not activated in remote eNodeB. SUPPRESSED
2025-10-01;21:06:59;AL  ;Cleared;EUtraNetwork=1,ExternalENodeBFunction=2221-203204;Inter Node Feature Incompatibility;Inter eNodeB CA feature is not activated in remote eNodeB. SUPPRESSED
2025-10-01;21:06:59;AL  ;Minor ;EUtraNetwork=1,ExternalENodeBFunction=2221-650060;Inter Node Feature Incompatibility;Inter eNodeB CA feature is not activated in remote eNodeB. SUPPRESSED
2025-10-01;21:08:35;AL  ;Cleared;EUtraNetwork=1,ExternalENodeBFunction=2221-650060;Inter Node Feature Incompatibility;Inter eNodeB CA feature is not activated in remote eNodeB. SUPPRESSED
2025-10-01;21:08:35;AL  ;Minor ;EUtraNetwork=1,ExternalENodeBFunction=2221-203204;Inter Node Feature Incompatibility;Inter eNodeB CA feature is not activated in remote eNodeB. SUPPRESSED
2025-10-01;23:22:01;AL  ;Minor ;EUtraNetwork=1,ExternalENodeBFunction=2221-650060;Inter Node Feature Incompatibility;Inter eNodeB CA feature is not activated in remote eNodeB. SUPPRESSED
2025-10-01;23:22:53;AL  ;Cleared;EUtraNetwork=1,ExternalENodeBFunction=2221-650060;Inter Node Feature Incompatibility;Inter eNodeB CA feature is not activated in remote eNodeB. SUPPRESSED
2025-10-02;06:01:10;AL  ;Minor ;EUtraNetwork=1,ExternalENodeBFunction=2221-203204;Inter Node Feature Incompatibility;Inter eNodeB CA feature is not activated in remote eNodeB. SUPPRESSED
2025-10-02;06:01:23;AL  ;Cleared;EUtraNetwork=1,ExternalENodeBFunction=2221-203204;Inter Node Feature Incompatibility;Inter eNodeB CA feature is not activated in remote eNodeB. SUPPRESSED
2025-10-02;08:41:15;AL  ;Minor ;ENodeBFunction=1;External Link Failure;X2 link problem to one or several neighbouring eNodeBs. AI: PLMN ID-eNB ID 1 = 2221-209644
2025-10-02;13:42:46;AL  ;Cleared;ENodeBFunction=1;External Link Failure;X2 link problem to one or several neighbouring eNodeBs. AI: PLMN ID-eNB ID 1 = 2221-209644
2025-10-02;19:07:01;AL  ;Minor ;EUtraNetwork=1,ExternalENodeBFunction=2221-203204;Inter Node Feature Incompatibility;Inter eNodeB CA feature is not activated in remote eNodeB. SUPPRESSED
2025-10-02;19:44:11;AL  ;Minor ;EUtraNetwork=1,ExternalENodeBFunction=2221-650060;Inter Node Feature Incompatibility;Inter eNodeB CA feature is not activated in remote eNodeB. SUPPRESSED
2025-10-02;19:44:16;AL  ;Cleared;EUtraNetwork=1,ExternalENodeBFunction=2221-650060;Inter Node Feature Incompatibility;Inter eNodeB CA feature is not activated in remote eNodeB. SUPPRESSED
2025-10-02;20:02:59;AL  ;Cleared;EUtraNetwork=1,ExternalENodeBFunction=2221-203204;Inter Node Feature Incompatibility;Inter eNodeB CA feature is not activated in remote eNodeB. SUPPRESSED
2025-10-02;20:02:59;AL  ;Minor ;EUtraNetwork=1,ExternalENodeBFunction=2221-650060;Inter Node Feature Incompatibility;Inter eNodeB CA feature is not activated in remote eNodeB. SUPPRESSED
2025-10-02;20:03:53;AL  ;Cleared;EUtraNetwork=1,ExternalENodeBFunction=2221-650060;Inter Node Feature Incompatibility;Inter eNodeB CA feature is not activated in remote eNodeB. SUPPRESSED
2025-10-02;20:03:53;AL  ;Minor ;EUtraNetwork=1,ExternalENodeBFunction=2221-203204;Inter Node Feature Incompatibility;Inter eNodeB CA feature is not activated in remote eNodeB. SUPPRESSED
2025-10-02;20:03:53;AL  ;Minor ;EUtraNetwork=1,ExternalENodeBFunction=2221-205376;Inter Node Feature Incompatibility;Inter eNodeB CA feature is not activated in remote eNodeB. SUPPRESSED
2025-10-03;05:44:01;AL  ;Minor ;EUtraNetwork=1,ExternalENodeBFunction=2221-211000;Inter Node Feature Incompatibility;Inter eNodeB CA feature is not activated in remote eNodeB. SUPPRESSED
2025-10-03;05:49:00;AL  ;Cleared;EUtraNetwork=1,ExternalENodeBFunction=2221-211000;Inter Node Feature Incompatibility;Inter eNodeB CA feature is not activated in remote eNodeB. SUPPRESSED
2025-10-03;06:01:09;AL  ;Minor ;EUtraNetwork=1,ExternalENodeBFunction=2221-203204;Inter Node Feature Incompatibility;Inter eNodeB CA feature is not activated in remote eNodeB. SUPPRESSED
2025-10-03;06:01:22;AL  ;Cleared;EUtraNetwork=1,ExternalENodeBFunction=2221-203204;Inter Node Feature Incompatibility;Inter eNodeB CA feature is not activated in remote eNodeB. SUPPRESSED
2025-10-03;06:02:01;AL  ;Cleared;EUtraNetwork=1,ExternalENodeBFunction=2221-205376;Inter Node Feature Incompatibility;Inter eNodeB CA feature is not activated in remote eNodeB. SUPPRESSED
2025-10-03;12:14:50;AL  ;Minor ;ENodeBFunction=1;External Link Failure;X2 link problem to one or several neighbouring eNodeBs. AI: PLMN ID-eNB ID 1 = 2221-206047
2025-10-03;12:46:57;AL  ;Cleared;ENodeBFunction=1;External Link Failure;X2 link problem to one or several neighbouring eNodeBs. AI: PLMN ID-eNB ID 1 = 2221-206047
2025-10-03;19:06:59;AL  ;Minor ;EUtraNetwork=1,ExternalENodeBFunction=2221-203204;Inter Node Feature Incompatibility;Inter eNodeB CA feature is not activated in remote eNodeB. SUPPRESSED
2025-10-03;19:07:59;AL  ;Minor ;EUtraNetwork=1,ExternalENodeBFunction=2221-203204;Inter Node Feature Incompatibility;Inter eNodeB CA feature is not activated in remote eNodeB. SUPPRESSED
2025-10-03;20:39:59;AL  ;Minor ;EUtraNetwork=1,ExternalENodeBFunction=2221-203204;Inter Node Feature Incompatibility;Inter eNodeB CA feature is not activated in remote eNodeB. SUPPRESSED
2025-10-03;20:39:59;AL  ;Minor ;EUtraNetwork=1,ExternalENodeBFunction=2221-650060;Inter Node Feature Incompatibility;Inter eNodeB CA feature is not activated in remote eNodeB. SUPPRESSED
2025-10-03;20:40:59;AL  ;Cleared;EUtraNetwork=1,ExternalENodeBFunction=2221-650060;Inter Node Feature Incompatibility;Inter eNodeB CA feature is not activated in remote eNodeB. SUPPRESSED
2025-10-04;02:41:02;AL  ;Minor ;EUtraNetwork=1,ExternalENodeBFunction=2221-650060;Inter Node Feature Incompatibility;Inter eNodeB CA feature is not activated in remote eNodeB. SUPPRESSED
2025-10-04;02:45:27;AL  ;Cleared;EUtraNetwork=1,ExternalENodeBFunction=2221-650060;Inter Node Feature Incompatibility;Inter eNodeB CA feature is not activated in remote eNodeB. SUPPRESSED
2025-10-04;06:01:10;AL  ;Minor ;EUtraNetwork=1,ExternalENodeBFunction=2221-203204;Inter Node Feature Incompatibility;Inter eNodeB CA feature is not activated in remote eNodeB. SUPPRESSED
2025-10-04;06:01:23;AL  ;Cleared;EUtraNetwork=1,ExternalENodeBFunction=2221-203204;Inter Node Feature Incompatibility;Inter eNodeB CA feature is not activated in remote eNodeB. SUPPRESSED
2025-10-04;19:06:58;AL  ;Minor ;EUtraNetwork=1,ExternalENodeBFunction=2221-203204;Inter Node Feature Incompatibility;Inter eNodeB CA feature is not activated in remote eNodeB. SUPPRESSED
2025-10-04;19:07:59;AL  ;Minor ;EUtraNetwork=1,ExternalENodeBFunction=2221-203204;Inter Node Feature Incompatibility;Inter eNodeB CA feature is not activated in remote eNodeB. SUPPRESSED
2025-10-04;19:08:16;AL  ;Minor ;EUtraNetwork=1,ExternalENodeBFunction=2221-650060;Inter Node Feature Incompatibility;Inter eNodeB CA feature is not activated in remote eNodeB. SUPPRESSED
2025-10-04;19:08:58;AL  ;Cleared;EUtraNetwork=1,ExternalENodeBFunction=2221-650060;Inter Node Feature Incompatibility;Inter eNodeB CA feature is not activated in remote eNodeB. SUPPRESSED
2025-10-04;19:08:58;AL  ;Minor ;EUtraNetwork=1,ExternalENodeBFunction=2221-205376;Inter Node Feature Incompatibility;Inter eNodeB CA feature is not activated in remote eNodeB. SUPPRESSED
2025-10-05;06:01:23;AL  ;Cleared;EUtraNetwork=1,ExternalENodeBFunction=2221-203204;Inter Node Feature Incompatibility;Inter eNodeB CA feature is not activated in remote eNodeB. SUPPRESSED
2025-10-05;06:02:01;AL  ;Cleared;EUtraNetwork=1,ExternalENodeBFunction=2221-205376;Inter Node Feature Incompatibility;Inter eNodeB CA feature is not activated in remote eNodeB. SUPPRESSED
2025-10-05;19:15:11;AL  ;Minor ;EUtraNetwork=1,ExternalENodeBFunction=2221-650060;Inter Node Feature Incompatibility;Inter eNodeB CA feature is not activated in remote eNodeB. SUPPRESSED
2025-10-05;19:15:11;AL  ;Minor ;EUtraNetwork=1,ExternalENodeBFunction=2221-203204;Inter Node Feature Incompatibility;Inter eNodeB CA feature is not activated in remote eNodeB. SUPPRESSED
2025-10-05;19:15:58;AL  ;Cleared;EUtraNetwork=1,ExternalENodeBFunction=2221-650060;Inter Node Feature Incompatibility;Inter eNodeB CA feature is not activated in remote eNodeB. SUPPRESSED
2025-10-05;22:17:08;AL  ;Minor ;EUtraNetwork=1,ExternalENodeBFunction=2221-203204;Inter Node Feature Incompatibility;Inter eNodeB CA feature is not activated in remote eNodeB. SUPPRESSED
2025-10-05;23:01:50;AL  ;Minor ;ENodeBFunction=1;External Link Failure;X2 link problem to one or several neighbouring eNodeBs. AI: PLMN ID-eNB ID 1 = 2221-206628
2025-10-05;23:03:08;AL  ;Cleared;ENodeBFunction=1;External Link Failure;X2 link problem to one or several neighbouring eNodeBs. AI: PLMN ID-eNB ID 1 = 2221-206628
2025-10-06;06:01:10;AL  ;Minor ;EUtraNetwork=1,ExternalENodeBFunction=2221-203204;Inter Node Feature Incompatibility;Inter eNodeB CA feature is not activated in remote eNodeB. SUPPRESSED
2025-10-06;06:01:22;AL  ;Cleared;EUtraNetwork=1,ExternalENodeBFunction=2221-203204;Inter Node Feature Incompatibility;Inter eNodeB CA feature is not activated in remote eNodeB. SUPPRESSED
2025-10-06;19:07:09;AL  ;Minor ;EUtraNetwork=1,ExternalENodeBFunction=2221-203204;Inter Node Feature Incompatibility;Inter eNodeB CA feature is not activated in remote eNodeB. SUPPRESSED
2025-10-06;20:06:21;AL  ;Cleared;EUtraNetwork=1,ExternalENodeBFunction=2221-203204;Inter Node Feature Incompatibility;Inter eNodeB CA feature is not activated in remote eNodeB. SUPPRESSED
2025-10-06;20:06:21;AL  ;Minor ;EUtraNetwork=1,ExternalENodeBFunction=2221-650060;Inter Node Feature Incompatibility;Inter eNodeB CA feature is not activated in remote eNodeB. SUPPRESSED
2025-10-06;20:07:23;AL  ;Cleared;EUtraNetwork=1,ExternalENodeBFunction=2221-650060;Inter Node Feature Incompatibility;Inter eNodeB CA feature is not activated in remote eNodeB. SUPPRESSED
2025-10-06;20:07:23;AL  ;Minor ;EUtraNetwork=1,ExternalENodeBFunction=2221-205376;Inter Node Feature Incompatibility;Inter eNodeB CA feature is not activated in remote eNodeB. SUPPRESSED
2025-10-06;20:07:23;AL  ;Minor ;EUtraNetwork=1,ExternalENodeBFunction=2221-203204;Inter Node Feature Incompatibility;Inter eNodeB CA feature is not activated in remote eNodeB. SUPPRESSED
2025-10-07;05:58:41;AL  ;Minor ;EUtraNetwork=1,ExternalENodeBFunction=2221-650060;Inter Node Feature Incompatibility;Inter eNodeB CA feature is not activated in remote eNodeB. SUPPRESSED
2025-10-07;05:59:00;AL  ;Cleared;EUtraNetwork=1,ExternalENodeBFunction=2221-650060;Inter Node Feature Incompatibility;Inter eNodeB CA feature is not activated in remote eNodeB. SUPPRESSED
2025-10-07;06:01:09;AL  ;Minor ;EUtraNetwork=1,ExternalENodeBFunction=2221-203204;Inter Node Feature Incompatibility;Inter eNodeB CA feature is not activated in remote eNodeB. SUPPRESSED
2025-10-07;06:01:23;AL  ;Cleared;EUtraNetwork=1,ExternalENodeBFunction=2221-203204;Inter Node Feature Incompatibility;Inter eNodeB CA feature is not activated in remote eNodeB. SUPPRESSED
2025-10-07;06:02:01;AL  ;Cleared;EUtraNetwork=1,ExternalENodeBFunction=2221-205376;Inter Node Feature Incompatibility;Inter eNodeB CA feature is not activated in remote eNodeB. SUPPRESSED
2025-10-07;07:48:47;AL  ;Minor ;EUtraNetwork=1,ExternalENodeBFunction=2221-203204;Inter Node Feature Incompatibility;Inter eNodeB CA feature is not activated in remote eNodeB. SUPPRESSED
2025-10-07;07:49:55;AL  ;Cleared;EUtraNetwork=1,ExternalENodeBFunction=2221-203204;Inter Node Feature Incompatibility;Inter eNodeB CA feature is not activated in remote eNodeB. SUPPRESSED
2025-10-07;07:53:02;AL  ;Minor ;EUtraNetwork=1,ExternalENodeBFunction=2221-203204;Inter Node Feature Incompatibility;Inter eNodeB CA feature is not activated in remote eNodeB. SUPPRESSED
2025-10-07;07:54:09;AL  ;Cleared;EUtraNetwork=1,ExternalENodeBFunction=2221-203204;Inter Node Feature Incompatibility;Inter eNodeB CA feature is not activated in remote eNodeB. SUPPRESSED
2025-10-07;07:55:02;AL  ;Minor ;EUtraNetwork=1,ExternalENodeBFunction=2221-203204;Inter Node Feature Incompatibility;Inter eNodeB CA feature is not activated in remote eNodeB. SUPPRESSED
2025-10-07;07:57:13;AL  ;Cleared;EUtraNetwork=1,ExternalENodeBFunction=2221-203204;Inter Node Feature Incompatibility;Inter eNodeB CA feature is not activated in remote eNodeB. SUPPRESSED
2025-10-07;07:58:25;AL  ;Minor ;EUtraNetwork=1,ExternalENodeBFunction=2221-203204;Inter Node Feature Incompatibility;Inter eNodeB CA feature is not activated in remote eNodeB. SUPPRESSED
2025-10-07;08:02:46;AL  ;Cleared;EUtraNetwork=1,ExternalENodeBFunction=2221-203204;Inter Node Feature Incompatibility;Inter eNodeB CA feature is not activated in remote eNodeB. SUPPRESSED
2025-10-07;08:04:01;AL  ;Minor ;EUtraNetwork=1,ExternalENodeBFunction=2221-203204;Inter Node Feature Incompatibility;Inter eNodeB CA feature is not activated in remote eNodeB. SUPPRESSED
2025-10-07;08:06:29;AL  ;Cleared;EUtraNetwork=1,ExternalENodeBFunction=2221-203204;Inter Node Feature Incompatibility;Inter eNodeB CA feature is not activated in remote eNodeB. SUPPRESSED


RLC3F> lgec -m 30d

251007-11:29:09+0200 19.31.14.164 25.0h MSRBS_NODE_MODEL_25.Q1_693.28324.131_62ac stopfile=/tmp/813152

Startdate=20250907.092909, Enddate=20251008.092909
Date;Time;Log;Severity;Object;Event;Cause;AdditionalText;AckState;Id;NotificationId;CorrelatedAlarms
Executing action Log.export()
..
Log=AlertLog                    actionId=49354
...
=================================================================================================================
MO                  actionId result      resultInfo
=================================================================================================================
LogM=1,Log=AlertLog 49354    1 (SUCCESS)           
cat  /ericsson/log/amos/moshell_logfiles/t20251007_37258710_53697/logs_moshell/tempfiles/scp-2-amos_20251007-112831_813084/rcslogs/AlertLog_20231011__082819_20250226__232047.log /ericsson/log/amos/moshell_logfiles/t20251007_37258710_53697/logs_moshell/tempfiles/scp-2-amos_20251007-112831_813084/rcslogs/AlertLog_20250226__232047.log > /ericsson/log/amos/moshell_logfiles/t20251007_37258710_53697/logs_moshell/tempfiles/scp-2-amos_20251007-112831_813084/eventLog813152.xml

Bye...
Output has been logged to file /mta_fs/UserFiles/37258710/amosbatch/2025-10-07_11-07-01_53697/RLC3F.log
