Logging to file /mta_fs/UserFiles/37258710/amosbatch/2025-10-07_11-07-01_53697/RLC4T.log
                        __  __  ____   _____
                  /\   |  \/  |/ __ \ / ____|
                 /  \  | \  / | |  | | (___  
                / /\ \ | |\/| | |  | |\___ \ 
               / ____ \| |  | | |__| |____) |
              /_/    \_\_|  |_|\____/|_____/
              OSS Framework for MoShell-25.0h 
  Copyright (c) Ericsson AB 2001-2025 - All Rights Reserved
              
           
[1;31mWARNING: [0mthe AMOS version currently running is more than 22 weeks old and is unsupported.
Please upgrade as soon as possible to the latest released version, available from your local Ericsson support.

$amosrb_pid = 732865

Checking ip contact...OK

HELP MENU            : h
BASIC MO COMMANDS    : m
OTHER MO COMMANDS    : n
OTHER COMMANDS       : o
PM COMMANDS          : p
QUIT                 : q

RLC4T> lt all

251007-11:19:24+0200 19.31.14.150 25.0h  stopfile=/tmp/732336
Looking up temporary_amos account... OK.
Trying temporary_amos_t20251007_37258710_53697_313's password from amos lookupAccount ... OK

$ssh_pid = 734765

Connected to 19.31.14.150 (SubNetwork=BBMM_rckomc_R,MeContext=RLC4T,ManagedElement=RLC4T)

Checking MOM version...MSRBS_NODE_MODEL_25.Q1_693.28324.131_62ac
Parsing MOM (cached): /ericsson/log/amos/moshell_logfiles/t20251007_37258710_53697/logs_moshell/tempfiles/scp-2-amos_20251007-111917_732180/MSRBS_NODE_MODEL_25.Q1_693.28324.131_62ac.xml.cache.gz ..................................................................................................................................................................................................................................Done.
Using paramfile /opt/ericsson/amos/moshell/commonjars/pm/PARAM_MSRBS_25.Q1.txt
Parsing file /opt/ericsson/amos/moshell/commonjars/pm/PARAM_MSRBS_25.Q1.txt .......................................................................................Done.
Using imomdfile /opt/ericsson/amos/moshell/commonjars/pm/IMOMD_MSRBS_22.Q4.txt
Using imomfile /opt/ericsson/amos/moshell/commonjars/pm/IMOM_MSRBS_25.Q1.txt
Connected to 19.31.14.150 (SubNetwork=BBMM_rckomc_R,MeContext=RLC4T,ManagedElement=RLC4T)

Last MO: 18015. Loaded 18015 MOs. Total: 18016 MOs.

RLC4T> hget EUtranCellFDD ^cellid

251007-11:19:38+0200 19.31.14.150 25.0h MSRBS_NODE_MODEL_25.Q1_693.28324.131_62ac stopfile=/tmp/732336
.
=================================================================================================================
MO                   cellId
=================================================================================================================
EUtranCellFDD=RLC4M1 31    
EUtranCellFDD=RLC4M2 32    
EUtranCellFDD=RLC4M3 33    
EUtranCellFDD=RLC4T1 41    
EUtranCellFDD=RLC4T2 42    
EUtranCellFDD=RLC4T3 43    
=================================================================================================================
Total: 6 MOs

Added 6 MOs to group: hget_group

RLC4T> hget NbIotCell ^cellid

251007-11:19:38+0200 19.31.14.150 25.0h MSRBS_NODE_MODEL_25.Q1_693.28324.131_62ac stopfile=/tmp/732336
Total: 0 MOs

RLC4T> hget NRCellDU ^cellLocalId

251007-11:19:38+0200 19.31.14.150 25.0h MSRBS_NODE_MODEL_25.Q1_693.28324.131_62ac stopfile=/tmp/732336
Total: 0 MOs

RLC4T> lgdc -m 30d

251007-11:19:39+0200 19.31.14.150 25.0h MSRBS_NODE_MODEL_25.Q1_693.28324.131_62ac stopfile=/tmp/732336

Startdate=20250907.091939, Enddate=20251008.091939
INFO: Using amos lookupAccount credentials for the export login

Executing action LogM.exportAvailabilityLog()
...LogM=1,exportAvailabilityLog    actionId=49372
...
=================================================================================================================
MO     actionId result      resultInfo
=================================================================================================================
LogM=1 49372    1 (SUCCESS)           
cp /ericsson/log/amos/moshell_logfiles/t20251007_37258710_53697/logs_moshell/tempfiles/scp-2-amos_20251007-111917_732180/rcslogs/RBS_CS_AVAILABILITY_LOG_20251007091941.xml /ericsson/log/amos/moshell_logfiles/t20251007_37258710_53697/logs_moshell/tempfiles/scp-2-amos_20251007-111917_732180/availabilityLog732336.xml
Parsing availabilityLog....Done.
.
Date;Time;RestartType;SwVersion;SwRelease;RCSDowntime;ApplicationDowntime;TNDowntime;RATsDowntime;ExtraInfo;ExtraInfo2
2025-09-08;02:26:16;PartialOutage(Manual);17% Lrat Cell 31; ();10s;;;;;
2025-09-08;02:26:32;PartialOutage(Manual);17% Lrat Cell 32; ();12s;;;;;
2025-09-08;02:26:47;PartialOutage(Manual);17% Lrat Cell 33; ();11s;;;;;
2025-09-08;02:27:03;PartialOutage(Manual);17% Lrat Cell 41; ();11s;;;;;
2025-09-08;02:27:17;PartialOutage(Manual);17% Lrat Cell 42; ();10s;;;;;
2025-09-08;02:27:33;PartialOutage(Manual);17% Lrat Cell 43; ();7s;;;;;

Node uptime since last restart: 2530327 seconds (29 days, 6 hours, 52 minutes, 7 seconds)
------------------------------------------------------------------------------------------------------
Period=30 days       NodeUpgrade      NodeManual       NodeSpontaneous  AllNodeRestarts  PartialOutages  
------------------------------------------------------------------------------------------------------
Number Of outages    0                0                0                0                6               
Total downtime       0s               0s               0s               0s               61s (1m1s)      
Downtime per day     0s               0s               0s               0s               2s              
Downtime per outage  0s               0s               0s               0s               10s             

RLC4T> lgac -m 30d

251007-11:19:47+0200 19.31.14.150 25.0h MSRBS_NODE_MODEL_25.Q1_693.28324.131_62ac stopfile=/tmp/732336

Startdate=20250907.091947, Enddate=20251008.091947
Date;Time;Log;Severity;Object;Event;Cause;AdditionalText;AckState;Id;NotificationId;CorrelatedAlarms
Executing action Log.export()
..
Log=AlarmLog                    actionId=49373
......
=================================================================================================================
MO                  actionId result      resultInfo
=================================================================================================================
LogM=1,Log=AlarmLog 49373    1 (SUCCESS)           
cat  /ericsson/log/amos/moshell_logfiles/t20251007_37258710_53697/logs_moshell/tempfiles/scp-2-amos_20251007-111917_732180/rcslogs/saLogAlarm_20231221__093026_20250226__232121.log /ericsson/log/amos/moshell_logfiles/t20251007_37258710_53697/logs_moshell/tempfiles/scp-2-amos_20251007-111917_732180/rcslogs/saLogAlarm_20250226__232121.log > /ericsson/log/amos/moshell_logfiles/t20251007_37258710_53697/logs_moshell/tempfiles/scp-2-amos_20251007-111917_732180/alarmLog732336.xml
2025-09-07;10:38:18;AL  ;Cleared;EUtraNetwork=1,ExternalENodeBFunction=2221-650252;Inter Node Carrier Aggregation Service Unavailable;Elastic RAN Carrier Aggregation is not available towards remote eNodeB.
2025-09-07;10:38:18;AL  ;Cleared;EUtraNetwork=1,ExternalENodeBFunction=2221-650252;Inter Node Feature Incompatibility;Inter eNodeB CA feature is not activated in remote eNodeB
2025-09-07;10:38:57;AL  ;Minor ;EUtraNetwork=1,ExternalENodeBFunction=2221-650252;Inter Node Feature Incompatibility;Inter eNodeB CA feature is not activated in remote eNodeB
2025-09-09;08:13:58;AL  ;Major ;Synchronization=1,RadioEquipmentClock=1,RadioEquipmentClockReference=PTP;Sync PTP Time Reachability Fault;No PTP messages
2025-09-09;08:27:29;AL  ;Cleared;Synchronization=1,RadioEquipmentClock=1,RadioEquipmentClockReference=PTP;Sync PTP Time Reachability Fault;No PTP messages
2025-09-09;11:33:04;AL  ;Minor ;ENodeBFunction=1;External Link Failure;X2 link problem to one or several neighbouring eNodeBs. AI: PLMN ID-eNB ID 1 = 2221-650158
2025-09-09;12:44:41;AL  ;Cleared;ENodeBFunction=1;External Link Failure;X2 link problem to one or several neighbouring eNodeBs. AI: PLMN ID-eNB ID 1 = 2221-650158
2025-09-10;22:50:51;AL  ;Minor ;ENodeBFunction=1;External Link Failure;X2 link problem to one or several neighbouring eNodeBs. AI: PLMN ID-eNB ID 1 = 2221-601340
2025-09-11;00:53:00;AL  ;Cleared;ENodeBFunction=1;External Link Failure;X2 link problem to one or several neighbouring eNodeBs. AI: PLMN ID-eNB ID 1 = 2221-601340
2025-09-14;10:46:28;AL  ;Minor ;EUtraNetwork=1,ExternalENodeBFunction=2221-650252;Inter Node Carrier Aggregation Service Unavailable;Elastic RAN Carrier Aggregation is not available towards remote eNodeB.
2025-09-14;11:20:47;AL  ;Cleared;EUtraNetwork=1,ExternalENodeBFunction=2221-650252;Inter Node Carrier Aggregation Service Unavailable;Elastic RAN Carrier Aggregation is not available towards remote eNodeB.
2025-09-14;11:20:47;AL  ;Cleared;EUtraNetwork=1,ExternalENodeBFunction=2221-650252;Inter Node Feature Incompatibility;Inter eNodeB CA feature is not activated in remote eNodeB
2025-09-14;11:21:13;AL  ;Minor ;EUtraNetwork=1,ExternalENodeBFunction=2221-650252;Inter Node Carrier Aggregation Service Unavailable;Elastic RAN Carrier Aggregation is not available towards remote eNodeB.
2025-09-16;10:01:51;AL  ;Warning;ENodeBFunction=1;PLMN Service Redundancy Lost;S1 connection failure for PLMN connected with link represented by MO listed in Additional Information. AI: PLMN = ["2221"],DN1=ManagedElement=1,ENodeBFunction=1,TermPointToMme=5,
2025-09-16;10:02:21;AL  ;Cleared;ENodeBFunction=1;PLMN Service Redundancy Lost;S1 connection failure for PLMN connected with link represented by MO listed in Additional Information. AI: PLMN = ["2221"],DN1=ManagedElement=1,ENodeBFunction=1,TermPointToMme=5,
2025-09-19;09:07:29;AL  ;Minor ;EUtraNetwork=1,ExternalENodeBFunction=2221-650252;Inter Node Feature Incompatibility;Inter eNodeB CA feature is not activated in remote eNodeB
2025-09-21;10:29:15;AL  ;Cleared;EUtraNetwork=1,ExternalENodeBFunction=2221-650252;Inter Node Carrier Aggregation Service Unavailable;Elastic RAN Carrier Aggregation is not available towards remote eNodeB.
2025-09-21;10:29:15;AL  ;Cleared;EUtraNetwork=1,ExternalENodeBFunction=2221-650252;Inter Node Feature Incompatibility;Inter eNodeB CA feature is not activated in remote eNodeB
2025-09-21;10:30:16;AL  ;Minor ;EUtraNetwork=1,ExternalENodeBFunction=2221-650252;Inter Node Feature Incompatibility;Inter eNodeB CA feature is not activated in remote eNodeB
2025-09-28;10:29:23;AL  ;Minor ;EUtraNetwork=1,ExternalENodeBFunction=2221-650252;Inter Node Carrier Aggregation Service Unavailable;Elastic RAN Carrier Aggregation is not available towards remote eNodeB.
2025-09-28;11:01:11;AL  ;Cleared;EUtraNetwork=1,ExternalENodeBFunction=2221-650252;Inter Node Carrier Aggregation Service Unavailable;Elastic RAN Carrier Aggregation is not available towards remote eNodeB.
2025-09-28;11:01:11;AL  ;Cleared;EUtraNetwork=1,ExternalENodeBFunction=2221-650252;Inter Node Feature Incompatibility;Inter eNodeB CA feature is not activated in remote eNodeB
2025-09-28;11:01:59;AL  ;Minor ;EUtraNetwork=1,ExternalENodeBFunction=2221-650252;Inter Node Carrier Aggregation Service Unavailable;Elastic RAN Carrier Aggregation is not available towards remote eNodeB.
2025-09-29;14:30:51;AL  ;Warning;ENodeBFunction=1;PLMN Service Redundancy Lost;S1 connection failure for PLMN connected with link represented by MO listed in Additional Information. AI: PLMN = ["2221"],DN1=ManagedElement=1,ENodeBFunction=1,TermPointToMme=5,
2025-09-29;14:31:21;AL  ;Cleared;ENodeBFunction=1;PLMN Service Redundancy Lost;S1 connection failure for PLMN connected with link represented by MO listed in Additional Information. AI: PLMN = ["2221"],DN1=ManagedElement=1,ENodeBFunction=1,TermPointToMme=5,
2025-10-01;19:01:56;AL  ;Minor ;EUtraNetwork=1,ExternalENodeBFunction=2221-650252;Inter Node Feature Incompatibility;Inter eNodeB CA feature is not activated in remote eNodeB
2025-10-02;07:45:06;AL  ;Minor ;ENodeBFunction=1;External Link Failure;X2 link problem to one or several neighbouring eNodeBs. AI: PLMN ID-eNB ID 1 = 2221-600088
2025-10-02;13:41:16;AL  ;Cleared;ENodeBFunction=1;External Link Failure;X2 link problem to one or several neighbouring eNodeBs. AI: PLMN ID-eNB ID 1 = 2221-600088
2025-10-02;16:42:45;AL  ;Minor ;ENodeBFunction=1;External Link Failure;X2 link problem to one or several neighbouring eNodeBs. AI: PLMN ID-eNB ID 1 = 2221-600088
2025-10-02;16:45:41;AL  ;Cleared;ENodeBFunction=1;External Link Failure;X2 link problem to one or several neighbouring eNodeBs. AI: PLMN ID-eNB ID 1 = 2221-600088
2025-10-05;10:16:06;AL  ;Cleared;EUtraNetwork=1,ExternalENodeBFunction=2221-650252;Inter Node Carrier Aggregation Service Unavailable;Elastic RAN Carrier Aggregation is not available towards remote eNodeB.
2025-10-05;10:16:06;AL  ;Cleared;EUtraNetwork=1,ExternalENodeBFunction=2221-650252;Inter Node Feature Incompatibility;Inter eNodeB CA feature is not activated in remote eNodeB
2025-10-05;10:16:24;AL  ;Minor ;EUtraNetwork=1,ExternalENodeBFunction=2221-650252;Inter Node Feature Incompatibility;Inter eNodeB CA feature is not activated in remote eNodeB
2025-10-05;13:56:27;AL  ;Minor ;EUtraNetwork=1,ExternalENodeBFunction=2221-650413;Inter Node Carrier Aggregation Service Unavailable;Elastic RAN Carrier Aggregation is not available towards remote eNodeB.
2025-10-05;14:40:22;AL  ;Minor ;EUtraNetwork=1,ExternalENodeBFunction=2221-650252;Inter Node Carrier Aggregation Service Unavailable;Elastic RAN Carrier Aggregation is not available towards remote eNodeB.


RLC4T> lgec -m 30d

251007-11:19:55+0200 19.31.14.150 25.0h MSRBS_NODE_MODEL_25.Q1_693.28324.131_62ac stopfile=/tmp/732336

Startdate=20250907.091955, Enddate=20251008.091955
Date;Time;Log;Severity;Object;Event;Cause;AdditionalText;AckState;Id;NotificationId;CorrelatedAlarms
Executing action Log.export()
..
Log=AlertLog                    actionId=49374
...
=================================================================================================================
MO                  actionId result      resultInfo
=================================================================================================================
LogM=1,Log=AlertLog 49374    1 (SUCCESS)           
cat  /ericsson/log/amos/moshell_logfiles/t20251007_37258710_53697/logs_moshell/tempfiles/scp-2-amos_20251007-111917_732180/rcslogs/AlertLog_20231221__093044_20250226__232151.log /ericsson/log/amos/moshell_logfiles/t20251007_37258710_53697/logs_moshell/tempfiles/scp-2-amos_20251007-111917_732180/rcslogs/AlertLog_20250226__232151.log > /ericsson/log/amos/moshell_logfiles/t20251007_37258710_53697/logs_moshell/tempfiles/scp-2-amos_20251007-111917_732180/eventLog732336.xml

Bye...
Output has been logged to file /mta_fs/UserFiles/37258710/amosbatch/2025-10-07_11-07-01_53697/RLC4T.log
