Logging to file /mta_fs/UserFiles/37258710/amosbatch/2025-10-07_11-07-01_53697/RLD4E.log
                        __  __  ____   _____
                  /\   |  \/  |/ __ \ / ____|
                 /  \  | \  / | |  | | (___  
                / /\ \ | |\/| | |  | |\___ \ 
               / ____ \| |  | | |__| |____) |
              /_/    \_\_|  |_|\____/|_____/
              OSS Framework for MoShell-25.0h 
  Copyright (c) Ericsson AB 2001-2025 - All Rights Reserved
              
           
[1;31mWARNING: [0mthe AMOS version currently running is more than 22 weeks old and is unsupported.
Please upgrade as soon as possible to the latest released version, available from your local Ericsson support.

$amosrb_pid = 756670

Checking ip contact...OK

HELP MENU            : h
BASIC MO COMMANDS    : m
OTHER MO COMMANDS    : n
OTHER COMMANDS       : o
PM COMMANDS          : p
QUIT                 : q

RLD4E> lt all

251007-11:22:04+0200 19.31.14.154 25.0h  stopfile=/tmp/756232
Looking up temporary_amos account... OK.
Trying temporary_amos_t20251007_37258710_53697_313's password from amos lookupAccount ... OK

$ssh_pid = 758381

Connected to 19.31.14.154 (SubNetwork=BBMM_rckomc_R,MeContext=RLD4E,ManagedElement=RLD4E)

Checking MOM version...MSRBS_NODE_MODEL_25.Q1_693.28324.131_62ac
Parsing MOM (cached): /ericsson/log/amos/moshell_logfiles/t20251007_37258710_53697/logs_moshell/tempfiles/scp-2-amos_20251007-112157_756088/MSRBS_NODE_MODEL_25.Q1_693.28324.131_62ac.xml.cache.gz ..................................................................................................................................................................................................................................Done.
Using paramfile /opt/ericsson/amos/moshell/commonjars/pm/PARAM_MSRBS_25.Q1.txt
Parsing file /opt/ericsson/amos/moshell/commonjars/pm/PARAM_MSRBS_25.Q1.txt .......................................................................................Done.
Using imomdfile /opt/ericsson/amos/moshell/commonjars/pm/IMOMD_MSRBS_22.Q4.txt
Using imomfile /opt/ericsson/amos/moshell/commonjars/pm/IMOM_MSRBS_25.Q1.txt
Connected to 19.31.14.154 (SubNetwork=BBMM_rckomc_R,MeContext=RLD4E,ManagedElement=RLD4E)

Last MO: 17867. Loaded 17867 MOs. Total: 17868 MOs.

RLD4E> hget EUtranCellFDD ^cellid

251007-11:22:17+0200 19.31.14.154 25.0h MSRBS_NODE_MODEL_25.Q1_693.28324.131_62ac stopfile=/tmp/756232
.
=================================================================================================================
MO                   cellId
=================================================================================================================
EUtranCellFDD=RLD4E1 61    
EUtranCellFDD=RLD4E2 62    
EUtranCellFDD=RLD4E3 63    
EUtranCellFDD=RLD4M1 31    
EUtranCellFDD=RLD4M2 32    
EUtranCellFDD=RLD4M3 33    
EUtranCellFDD=RLD4T1 41    
EUtranCellFDD=RLD4T2 42    
EUtranCellFDD=RLD4T3 43    
=================================================================================================================
Total: 9 MOs

Added 9 MOs to group: hget_group

RLD4E> hget NbIotCell ^cellid

251007-11:22:18+0200 19.31.14.154 25.0h MSRBS_NODE_MODEL_25.Q1_693.28324.131_62ac stopfile=/tmp/756232
.
=================================================================================================================
MO               cellId
=================================================================================================================
NbIotCell=RLD4N1 161   
NbIotCell=RLD4N2 162   
NbIotCell=RLD4N3 163   
=================================================================================================================
Total: 3 MOs

Added 3 MOs to group: hget_group

RLD4E> hget NRCellDU ^cellLocalId

251007-11:22:18+0200 19.31.14.154 25.0h MSRBS_NODE_MODEL_25.Q1_693.28324.131_62ac stopfile=/tmp/756232
Total: 0 MOs

RLD4E> lgdc -m 30d

251007-11:22:19+0200 19.31.14.154 25.0h MSRBS_NODE_MODEL_25.Q1_693.28324.131_62ac stopfile=/tmp/756232

Startdate=20250907.092219, Enddate=20251008.092219
INFO: Using amos lookupAccount credentials for the export login

Executing action LogM.exportAvailabilityLog()
...LogM=1,exportAvailabilityLog    actionId=51040
...
=================================================================================================================
MO     actionId result      resultInfo
=================================================================================================================
LogM=1 51040    1 (SUCCESS)           
cp /ericsson/log/amos/moshell_logfiles/t20251007_37258710_53697/logs_moshell/tempfiles/scp-2-amos_20251007-112157_756088/rcslogs/RBS_CS_AVAILABILITY_LOG_20251007092221.xml /ericsson/log/amos/moshell_logfiles/t20251007_37258710_53697/logs_moshell/tempfiles/scp-2-amos_20251007-112157_756088/availabilityLog756232.xml
Parsing availabilityLog.....Done.
..
Date;Time;RestartType;SwVersion;SwRelease;RCSDowntime;ApplicationDowntime;TNDowntime;RATsDowntime;ExtraInfo;ExtraInfo2
2025-09-08;03:40:51;PartialOutage(Manual);11% Lrat Cell 31; ();12s;;;;;
2025-09-08;03:41:05;PartialOutage(Manual);11% Lrat Cell 32; ();11s;;;;;
2025-09-08;03:41:19;PartialOutage(Manual);11% Lrat Cell 33; ();14s;;;;;
2025-09-08;03:41:36;PartialOutage(Manual);11% Lrat Cell 61; ();9s;;;;;
2025-09-08;03:41:48;PartialOutage(Manual);33% Lrat Cell 161 162; ();1s;;;;;
2025-09-08;03:41:49;PartialOutage(Manual);11% Lrat Cell 62; ();8s;;;;;
2025-09-08;03:42:03;PartialOutage(Manual);7% Lrat Cell 63; ();3s;;;;;
2025-09-08;03:42:06;PartialOutage(Manual);55% Lrat Cell 162 163; ();7s;;;;;
2025-09-08;03:42:17;PartialOutage(Manual);8% Lrat Cell 41; ();3s;;;;;
2025-09-08;03:42:20;PartialOutage(Manual);58% Lrat Cell 163; ();11s;;;;;
2025-09-08;03:42:33;PartialOutage(Manual);9% Lrat Cell 42; ();3s;;;;;
2025-09-08;03:42:50;PartialOutage(Manual);11% Lrat Cell 43; ();8s;;;;;

Node uptime since last restart: 2525969 seconds (29 days, 5 hours, 39 minutes, 29 seconds)
------------------------------------------------------------------------------------------------------
Period=30 days       NodeUpgrade      NodeManual       NodeSpontaneous  AllNodeRestarts  PartialOutages  
------------------------------------------------------------------------------------------------------
Number Of outages    0                0                0                0                12              
Total downtime       0s               0s               0s               0s               90s (1m30s)     
Downtime per day     0s               0s               0s               0s               3s              
Downtime per outage  0s               0s               0s               0s               8s              

RLD4E> lgac -m 30d

251007-11:22:27+0200 19.31.14.154 25.0h MSRBS_NODE_MODEL_25.Q1_693.28324.131_62ac stopfile=/tmp/756232

Startdate=20250907.092227, Enddate=20251008.092227
Date;Time;Log;Severity;Object;Event;Cause;AdditionalText;AckState;Id;NotificationId;CorrelatedAlarms
Executing action Log.export()
..
Log=AlarmLog                    actionId=51041
..........
=================================================================================================================
MO                  actionId result      resultInfo
=================================================================================================================
LogM=1,Log=AlarmLog 51041    1 (SUCCESS)           
cat  /ericsson/log/amos/moshell_logfiles/t20251007_37258710_53697/logs_moshell/tempfiles/scp-2-amos_20251007-112157_756088/rcslogs/saLogAlarm_20250226__052326_20250226__113720.log /ericsson/log/amos/moshell_logfiles/t20251007_37258710_53697/logs_moshell/tempfiles/scp-2-amos_20251007-112157_756088/rcslogs/saLogAlarm_20250226__113720_20250226__175007.log /ericsson/log/amos/moshell_logfiles/t20251007_37258710_53697/logs_moshell/tempfiles/scp-2-amos_20251007-112157_756088/rcslogs/saLogAlarm_20250226__175007_20250226__234558.log /ericsson/log/amos/moshell_logfiles/t20251007_37258710_53697/logs_moshell/tempfiles/scp-2-amos_20251007-112157_756088/rcslogs/saLogAlarm_20250226__234558.log > /ericsson/log/amos/moshell_logfiles/t20251007_37258710_53697/logs_moshell/tempfiles/scp-2-amos_20251007-112157_756088/alarmLog756232.xml
2025-09-08;08:42:55;AL  ;Minor ;EUtraNetwork=1,ExternalENodeBFunction=2221-601527;Inter Node Feature Incompatibility;Inter eNodeB CA feature is not activated in remote eNodeB
2025-09-10;23:49:30;AL  ;Cleared;EUtraNetwork=1,ExternalENodeBFunction=2221-601527;Inter Node Feature Incompatibility;Inter eNodeB CA feature is not activated in remote eNodeB
2025-09-16;10:04:48;AL  ;Warning;ENodeBFunction=1;PLMN Service Redundancy Lost;S1 connection failure for PLMN connected with link represented by MO listed in Additional Information. AI: PLMN = ["2221"],DN1=ManagedElement=1,ENodeBFunction=1,TermPointToMme=5,
2025-09-16;10:05:18;AL  ;Cleared;ENodeBFunction=1;PLMN Service Redundancy Lost;S1 connection failure for PLMN connected with link represented by MO listed in Additional Information. AI: PLMN = ["2221"],DN1=ManagedElement=1,ENodeBFunction=1,TermPointToMme=5,
2025-09-18;08:57:37;AL  ;Major ;Synchronization=1,RadioEquipmentClock=1,RadioEquipmentClockReference=PTP;Sync PTP Time Reachability Fault;No PTP messages
2025-09-18;08:59:57;AL  ;Minor ;Synchronization=1,RadioEquipmentClock=1;Radio Clock Service in Time Holdover Mode;Time sync reference failure
2025-09-18;09:01:24;AL  ;Cleared;Synchronization=1,RadioEquipmentClock=1;Radio Clock Service in Time Holdover Mode;Time sync reference failure
2025-09-18;09:02:23;AL  ;Cleared;Synchronization=1,RadioEquipmentClock=1,RadioEquipmentClockReference=PTP;Sync PTP Time Reachability Fault;No PTP messages
2025-09-18;09:05:17;AL  ;Major ;Synchronization=1,RadioEquipmentClock=1,RadioEquipmentClockReference=PTP;Sync PTP Time Reachability Fault;No PTP messages
2025-09-18;09:07:09;AL  ;Minor ;Synchronization=1,RadioEquipmentClock=1;Radio Clock Service in Time Holdover Mode;Time sync reference failure
2025-09-18;09:10:18;AL  ;Cleared;Synchronization=1,RadioEquipmentClock=1;Radio Clock Service in Time Holdover Mode;Time sync reference failure
2025-09-18;09:11:17;AL  ;Cleared;Synchronization=1,RadioEquipmentClock=1,RadioEquipmentClockReference=PTP;Sync PTP Time Reachability Fault;No PTP messages
2025-09-26;07:56:11;AL  ;Major ;Synchronization=1,RadioEquipmentClock=1,RadioEquipmentClockReference=PTP;Sync PTP Time Reachability Fault;No PTP messages
2025-09-26;07:58:31;AL  ;Minor ;Synchronization=1,RadioEquipmentClock=1;Radio Clock Service in Time Holdover Mode;Time sync reference failure
2025-09-26;07:59:14;AL  ;Cleared;Synchronization=1,RadioEquipmentClock=1;Radio Clock Service in Time Holdover Mode;Time sync reference failure
2025-09-26;08:00:13;AL  ;Cleared;Synchronization=1,RadioEquipmentClock=1,RadioEquipmentClockReference=PTP;Sync PTP Time Reachability Fault;No PTP messages
2025-09-26;08:04:12;AL  ;Major ;Synchronization=1,RadioEquipmentClock=1,RadioEquipmentClockReference=PTP;Sync PTP Time Reachability Fault;No PTP messages
2025-09-26;08:06:04;AL  ;Minor ;Synchronization=1,RadioEquipmentClock=1;Radio Clock Service in Time Holdover Mode;Time sync reference failure
2025-09-26;08:10:43;AL  ;Cleared;Synchronization=1,RadioEquipmentClock=1;Radio Clock Service in Time Holdover Mode;Time sync reference failure
2025-09-26;08:11:42;AL  ;Cleared;Synchronization=1,RadioEquipmentClock=1,RadioEquipmentClockReference=PTP;Sync PTP Time Reachability Fault;No PTP messages
2025-10-07;06:01:03;AL  ;Minor ;EUtraNetwork=1,ExternalENodeBFunction=2221-211887;Inter Node Feature Incompatibility;Inter eNodeB CA feature is not activated in remote eNodeB


RLD4E> lgec -m 30d

251007-11:22:37+0200 19.31.14.154 25.0h MSRBS_NODE_MODEL_25.Q1_693.28324.131_62ac stopfile=/tmp/756232

Startdate=20250907.092237, Enddate=20251008.092237
Date;Time;Log;Severity;Object;Event;Cause;AdditionalText;AckState;Id;NotificationId;CorrelatedAlarms
Executing action Log.export()
..
Log=AlertLog                    actionId=51042
...
=================================================================================================================
MO                  actionId result      resultInfo
=================================================================================================================
LogM=1,Log=AlertLog 51042    1 (SUCCESS)           
cat  /ericsson/log/amos/moshell_logfiles/t20251007_37258710_53697/logs_moshell/tempfiles/scp-2-amos_20251007-112157_756088/rcslogs/AlertLog_20231207__083739_20250226__234629.log /ericsson/log/amos/moshell_logfiles/t20251007_37258710_53697/logs_moshell/tempfiles/scp-2-amos_20251007-112157_756088/rcslogs/AlertLog_20250226__234629.log > /ericsson/log/amos/moshell_logfiles/t20251007_37258710_53697/logs_moshell/tempfiles/scp-2-amos_20251007-112157_756088/eventLog756232.xml

Bye...
Output has been logged to file /mta_fs/UserFiles/37258710/amosbatch/2025-10-07_11-07-01_53697/RLD4E.log
