Logging to file /mta_fs/UserFiles/37258710/amosbatch/2025-10-07_11-07-01_53697/RLD8L.log
                        __  __  ____   _____
                  /\   |  \/  |/ __ \ / ____|
                 /  \  | \  / | |  | | (___  
                / /\ \ | |\/| | |  | |\___ \ 
               / ____ \| |  | | |__| |____) |
              /_/    \_\_|  |_|\____/|_____/
              OSS Framework for MoShell-25.0h 
  Copyright (c) Ericsson AB 2001-2025 - All Rights Reserved
              
           
[1;31mWARNING: [0mthe AMOS version currently running is more than 22 weeks old and is unsupported.
Please upgrade as soon as possible to the latest released version, available from your local Ericsson support.

$amosrb_pid = 770028

Checking ip contact...OK

HELP MENU            : h
BASIC MO COMMANDS    : m
OTHER MO COMMANDS    : n
OTHER COMMANDS       : o
PM COMMANDS          : p
QUIT                 : q

RLD8L> lt all

251007-11:23:41+0200 19.31.12.161 25.0h  stopfile=/tmp/769797
Looking up temporary_amos account... OK.
Trying temporary_amos_t20251007_37258710_53697_313's password from amos lookupAccount ... OK

$ssh_pid = 771264

Connected to 19.31.12.161 (SubNetwork=BBMM_rckomc_R,MeContext=RLD8L,ManagedElement=RLD8L)

Checking MOM version...MSRBS_NODE_MODEL_25.Q1_693.28324.131_62ac
Parsing MOM (cached): /ericsson/log/amos/moshell_logfiles/t20251007_37258710_53697/logs_moshell/tempfiles/scp-2-amos_20251007-112334_769698/MSRBS_NODE_MODEL_25.Q1_693.28324.131_62ac.xml.cache.gz ..................................................................................................................................................................................................................................Done.
Using paramfile /opt/ericsson/amos/moshell/commonjars/pm/PARAM_MSRBS_25.Q1.txt
Parsing file /opt/ericsson/amos/moshell/commonjars/pm/PARAM_MSRBS_25.Q1.txt .......................................................................................Done.
Using imomdfile /opt/ericsson/amos/moshell/commonjars/pm/IMOMD_MSRBS_22.Q4.txt
Using imomfile /opt/ericsson/amos/moshell/commonjars/pm/IMOM_MSRBS_25.Q1.txt
Connected to 19.31.12.161 (SubNetwork=BBMM_rckomc_R,MeContext=RLD8L,ManagedElement=RLD8L)

Last MO: 17241. Loaded 17241 MOs. Total: 17242 MOs.

RLD8L> hget EUtranCellFDD ^cellid

251007-11:23:54+0200 19.31.12.161 25.0h MSRBS_NODE_MODEL_25.Q1_693.28324.131_62ac stopfile=/tmp/769797
.
=================================================================================================================
MO                   cellId
=================================================================================================================
EUtranCellFDD=RLD8E1 61    
EUtranCellFDD=RLD8E2 62    
EUtranCellFDD=RLD8F1 81    
EUtranCellFDD=RLD8F2 82    
EUtranCellFDD=RLD8L1 21    
EUtranCellFDD=RLD8L2 22    
=================================================================================================================
Total: 6 MOs

Added 6 MOs to group: hget_group

RLD8L> hget NbIotCell ^cellid

251007-11:23:55+0200 19.31.12.161 25.0h MSRBS_NODE_MODEL_25.Q1_693.28324.131_62ac stopfile=/tmp/769797
.
=================================================================================================================
MO               cellId
=================================================================================================================
NbIotCell=RLD8N1 161   
NbIotCell=RLD8N2 162   
=================================================================================================================
Total: 2 MOs

Added 2 MOs to group: hget_group

RLD8L> hget NRCellDU ^cellLocalId

251007-11:23:55+0200 19.31.12.161 25.0h MSRBS_NODE_MODEL_25.Q1_693.28324.131_62ac stopfile=/tmp/769797
Total: 0 MOs

RLD8L> lgdc -m 30d

251007-11:23:55+0200 19.31.12.161 25.0h MSRBS_NODE_MODEL_25.Q1_693.28324.131_62ac stopfile=/tmp/769797

Startdate=20250907.092355, Enddate=20251008.092355
INFO: Using amos lookupAccount credentials for the export login

Executing action LogM.exportAvailabilityLog()
...LogM=1,exportAvailabilityLog    actionId=50791
...
=================================================================================================================
MO     actionId result      resultInfo
=================================================================================================================
LogM=1 50791    1 (SUCCESS)           
cp /ericsson/log/amos/moshell_logfiles/t20251007_37258710_53697/logs_moshell/tempfiles/scp-2-amos_20251007-112334_769698/rcslogs/RBS_CS_AVAILABILITY_LOG_20251007092358.xml /ericsson/log/amos/moshell_logfiles/t20251007_37258710_53697/logs_moshell/tempfiles/scp-2-amos_20251007-112334_769698/availabilityLog769797.xml
Parsing availabilityLog......Done.
...
Date;Time;RestartType;SwVersion;SwRelease;RCSDowntime;ApplicationDowntime;TNDowntime;RATsDowntime;ExtraInfo;ExtraInfo2
2025-09-08;02:53:06;PartialOutage(Manual);17% Lrat Cell 62; ();11s;;;;;
2025-09-08;02:53:17;PartialOutage(Manual);17% Lrat Cell 61; ();10s;;;;;
2025-09-08;02:53:27;PartialOutage(Manual);17% Lrat Cell 61 22; ();1s;;;;;
2025-09-08;02:53:28;PartialOutage(Manual);66% Lrat Cell 161; ();7s;;;;;
2025-09-08;02:53:39;PartialOutage(Manual);17% Lrat Cell 21; ();11s;;;;;
2025-09-08;02:53:57;PartialOutage(Manual);17% Lrat Cell 82; ();10s;;;;;
2025-09-08;02:54:10;PartialOutage(Manual);17% Lrat Cell 81; ();7s;;;;;

Node uptime since last restart: 2528987 seconds (29 days, 6 hours, 29 minutes, 47 seconds)
------------------------------------------------------------------------------------------------------
Period=30 days       NodeUpgrade      NodeManual       NodeSpontaneous  AllNodeRestarts  PartialOutages  
------------------------------------------------------------------------------------------------------
Number Of outages    0                0                0                0                7               
Total downtime       0s               0s               0s               0s               57s             
Downtime per day     0s               0s               0s               0s               2s              
Downtime per outage  0s               0s               0s               0s               8s              

RLD8L> lgac -m 30d

251007-11:24:04+0200 19.31.12.161 25.0h MSRBS_NODE_MODEL_25.Q1_693.28324.131_62ac stopfile=/tmp/769797

Startdate=20250907.092404, Enddate=20251008.092405
Date;Time;Log;Severity;Object;Event;Cause;AdditionalText;AckState;Id;NotificationId;CorrelatedAlarms
Executing action Log.export()
..
Log=AlarmLog                    actionId=50792
......
=================================================================================================================
MO                  actionId result      resultInfo
=================================================================================================================
LogM=1,Log=AlarmLog 50792    1 (SUCCESS)           
cat  /ericsson/log/amos/moshell_logfiles/t20251007_37258710_53697/logs_moshell/tempfiles/scp-2-amos_20251007-112334_769698/rcslogs/saLogAlarm_20231122__093355_20240725__125333.log /ericsson/log/amos/moshell_logfiles/t20251007_37258710_53697/logs_moshell/tempfiles/scp-2-amos_20251007-112334_769698/rcslogs/saLogAlarm_20240725__125333_20250227__001334.log /ericsson/log/amos/moshell_logfiles/t20251007_37258710_53697/logs_moshell/tempfiles/scp-2-amos_20251007-112334_769698/rcslogs/saLogAlarm_20250227__001334.log > /ericsson/log/amos/moshell_logfiles/t20251007_37258710_53697/logs_moshell/tempfiles/scp-2-amos_20251007-112334_769698/alarmLog769797.xml
2025-09-08;01:14:09;AL  ;Minor ;EUtraNetwork=1,ExternalENodeBFunction=2221-209648;Inter Node Feature Incompatibility;Inter eNodeB CA feature is not activated in remote eNodeB. SUPPRESSED
2025-09-08;02:15:26;AL  ;Minor ;EUtraNetwork=1,ExternalENodeBFunction=2221-650060;Inter Node Feature Incompatibility;Inter eNodeB CA feature is not activated in remote eNodeB. SUPPRESSED
2025-09-08;02:20:47;AL  ;Cleared;EUtraNetwork=1,ExternalENodeBFunction=2221-650060;Inter Node Feature Incompatibility;Inter eNodeB CA feature is not activated in remote eNodeB. SUPPRESSED
2025-09-08;02:32:54;AL  ;Minor ;EUtraNetwork=1,ExternalENodeBFunction=2221-650060;Inter Node Feature Incompatibility;Inter eNodeB CA feature is not activated in remote eNodeB. SUPPRESSED
2025-09-08;02:53:17;AL  ;Cleared;EUtraNetwork=1,ExternalENodeBFunction=2221-209648;Inter Node Feature Incompatibility;Inter eNodeB CA feature is not activated in remote eNodeB. SUPPRESSED
2025-09-08;02:53:28;AL  ;Minor ;EUtraNetwork=1,ExternalENodeBFunction=2221-209648;Inter Node Feature Incompatibility;Inter eNodeB CA feature is not activated in remote eNodeB. SUPPRESSED
2025-09-08;02:53:57;AL  ;Cleared;EUtranCellFDD=RLD8F2;Service Degraded;This is a secondary alarm, use alarm correlation information in Additional Information to find primary alarm.
2025-09-08;02:54:07;AL  ;Minor ;EUtranCellFDD=RLD8F2;Service Degraded;This is a secondary alarm, use alarm correlation information in Additional Information to find primary alarm.
2025-09-08;02:58:04;AL  ;Cleared;EUtraNetwork=1,ExternalENodeBFunction=2221-650060;Inter Node Feature Incompatibility;Inter eNodeB CA feature is not activated in remote eNodeB. SUPPRESSED
2025-09-08;03:04:59;AL  ;Minor ;EUtraNetwork=1,ExternalENodeBFunction=2221-650060;Inter Node Feature Incompatibility;Inter eNodeB CA feature is not activated in remote eNodeB. SUPPRESSED
2025-09-08;03:07:11;AL  ;Cleared;EUtraNetwork=1,ExternalENodeBFunction=2221-650060;Inter Node Feature Incompatibility;Inter eNodeB CA feature is not activated in remote eNodeB. SUPPRESSED
2025-09-08;03:12:43;AL  ;Minor ;EUtraNetwork=1,ExternalENodeBFunction=2221-209648;Inter Node Feature Incompatibility;Inter eNodeB CA feature is not activated in remote eNodeB. SUPPRESSED
2025-09-08;03:12:43;AL  ;Minor ;EUtraNetwork=1,ExternalENodeBFunction=2221-650060;Inter Node Feature Incompatibility;Inter eNodeB CA feature is not activated in remote eNodeB. SUPPRESSED
2025-09-08;03:13:02;AL  ;Cleared;EUtraNetwork=1,ExternalENodeBFunction=2221-650060;Inter Node Feature Incompatibility;Inter eNodeB CA feature is not activated in remote eNodeB. SUPPRESSED
2025-09-08;03:23:59;AL  ;Minor ;EUtraNetwork=1,ExternalENodeBFunction=2221-650060;Inter Node Feature Incompatibility;Inter eNodeB CA feature is not activated in remote eNodeB. SUPPRESSED
2025-09-08;03:24:15;AL  ;Cleared;EUtraNetwork=1,ExternalENodeBFunction=2221-650060;Inter Node Feature Incompatibility;Inter eNodeB CA feature is not activated in remote eNodeB. SUPPRESSED
2025-09-08;06:01:35;AL  ;Minor ;EUtraNetwork=1,ExternalENodeBFunction=2221-209648;Inter Node Feature Incompatibility;Inter eNodeB CA feature is not activated in remote eNodeB. SUPPRESSED
2025-09-08;06:01:51;AL  ;Cleared;EUtraNetwork=1,ExternalENodeBFunction=2221-209648;Inter Node Feature Incompatibility;Inter eNodeB CA feature is not activated in remote eNodeB. SUPPRESSED
2025-09-08;07:13:46;AL  ;Minor ;ENodeBFunction=1;External Link Failure;X2 link problem to one or several neighbouring eNodeBs. AI: PLMN ID-eNB ID 1 = 2221-650051
2025-09-08;12:38:05;AL  ;Minor ;ENodeBFunction=1;External Link Failure;X2 link problem to one or several neighbouring eNodeBs. AI: PLMN ID-eNB ID 1 = 2221-650051
2025-09-08;12:38:38;AL  ;Cleared;ENodeBFunction=1;External Link Failure;X2 link problem to one or several neighbouring eNodeBs. AI: PLMN ID-eNB ID 1 = 2221-650051
2025-09-08;19:08:00;AL  ;Minor ;EUtraNetwork=1,ExternalENodeBFunction=2221-650060;Inter Node Feature Incompatibility;Inter eNodeB CA feature is not activated in remote eNodeB. SUPPRESSED
2025-09-08;19:08:09;AL  ;Cleared;EUtraNetwork=1,ExternalENodeBFunction=2221-650060;Inter Node Feature Incompatibility;Inter eNodeB CA feature is not activated in remote eNodeB. SUPPRESSED
2025-09-09;00:56:11;AL  ;Minor ;EUtraNetwork=1,ExternalENodeBFunction=2221-209648;Inter Node Feature Incompatibility;Inter eNodeB CA feature is not activated in remote eNodeB. SUPPRESSED
2025-09-09;03:25:11;AL  ;Minor ;EUtraNetwork=1,ExternalENodeBFunction=2221-650060;Inter Node Feature Incompatibility;Inter eNodeB CA feature is not activated in remote eNodeB. SUPPRESSED
2025-09-09;03:25:34;AL  ;Cleared;EUtraNetwork=1,ExternalENodeBFunction=2221-650060;Inter Node Feature Incompatibility;Inter eNodeB CA feature is not activated in remote eNodeB. SUPPRESSED
2025-09-09;03:29:40;AL  ;Minor ;EUtraNetwork=1,ExternalENodeBFunction=2221-650060;Inter Node Feature Incompatibility;Inter eNodeB CA feature is not activated in remote eNodeB. SUPPRESSED
2025-09-09;03:30:07;AL  ;Cleared;EUtraNetwork=1,ExternalENodeBFunction=2221-650060;Inter Node Feature Incompatibility;Inter eNodeB CA feature is not activated in remote eNodeB. SUPPRESSED
2025-09-09;03:31:59;AL  ;Minor ;EUtraNetwork=1,ExternalENodeBFunction=2221-650060;Inter Node Feature Incompatibility;Inter eNodeB CA feature is not activated in remote eNodeB. SUPPRESSED
2025-09-09;06:01:18;AL  ;Cleared;EUtraNetwork=1,ExternalENodeBFunction=2221-650060;Inter Node Feature Incompatibility;Inter eNodeB CA feature is not activated in remote eNodeB. SUPPRESSED
2025-09-09;06:01:35;AL  ;Cleared;EUtraNetwork=1,ExternalENodeBFunction=2221-209648;Inter Node Feature Incompatibility;Inter eNodeB CA feature is not activated in remote eNodeB. SUPPRESSED
2025-09-09;19:17:17;AL  ;Minor ;EUtraNetwork=1,ExternalENodeBFunction=2221-209648;Inter Node Feature Incompatibility;Inter eNodeB CA feature is not activated in remote eNodeB. SUPPRESSED
2025-09-09;19:17:17;AL  ;Minor ;EUtraNetwork=1,ExternalENodeBFunction=2221-650060;Inter Node Feature Incompatibility;Inter eNodeB CA feature is not activated in remote eNodeB. SUPPRESSED
2025-09-09;19:19:48;AL  ;Cleared;EUtraNetwork=1,ExternalENodeBFunction=2221-209648;Inter Node Feature Incompatibility;Inter eNodeB CA feature is not activated in remote eNodeB. SUPPRESSED
2025-09-09;19:19:48;AL  ;Cleared;EUtraNetwork=1,ExternalENodeBFunction=2221-650060;Inter Node Feature Incompatibility;Inter eNodeB CA feature is not activated in remote eNodeB. SUPPRESSED
2025-09-10;01:01:58;AL  ;Minor ;EUtraNetwork=1,ExternalENodeBFunction=2221-209648;Inter Node Feature Incompatibility;Inter eNodeB CA feature is not activated in remote eNodeB. SUPPRESSED
2025-09-10;01:53:22;AL  ;Cleared;EUtraNetwork=1,ExternalENodeBFunction=2221-209648;Inter Node Feature Incompatibility;Inter eNodeB CA feature is not activated in remote eNodeB. SUPPRESSED
2025-09-10;01:53:22;AL  ;Minor ;EUtraNetwork=1,ExternalENodeBFunction=2221-650060;Inter Node Feature Incompatibility;Inter eNodeB CA feature is not activated in remote eNodeB. SUPPRESSED
2025-09-10;01:59:07;AL  ;Cleared;EUtraNetwork=1,ExternalENodeBFunction=2221-650060;Inter Node Feature Incompatibility;Inter eNodeB CA feature is not activated in remote eNodeB. SUPPRESSED
2025-09-10;01:59:07;AL  ;Minor ;EUtraNetwork=1,ExternalENodeBFunction=2221-209648;Inter Node Feature Incompatibility;Inter eNodeB CA feature is not activated in remote eNodeB. SUPPRESSED
2025-09-10;06:01:36;AL  ;Cleared;EUtraNetwork=1,ExternalENodeBFunction=2221-209648;Inter Node Feature Incompatibility;Inter eNodeB CA feature is not activated in remote eNodeB. SUPPRESSED
2025-09-10;16:04:35;AL  ;Minor ;EUtraNetwork=1,ExternalENodeBFunction=2221-650060;Inter Node Feature Incompatibility;Inter eNodeB CA feature is not activated in remote eNodeB. SUPPRESSED
2025-09-10;16:15:30;AL  ;Cleared;EUtraNetwork=1,ExternalENodeBFunction=2221-650060;Inter Node Feature Incompatibility;Inter eNodeB CA feature is not activated in remote eNodeB. SUPPRESSED
2025-09-10;22:50:51;AL  ;Minor ;ENodeBFunction=1;External Link Failure;X2 link problem to one or several neighbouring eNodeBs. AI: PLMN ID-eNB ID 1 = 2221-601340
2025-09-11;00:16:04;AL  ;Minor ;EUtraNetwork=1,ExternalENodeBFunction=2221-650051;Inter Node Feature Incompatibility;Inter eNodeB CA feature is not activated in remote eNodeB. SUPPRESSED
2025-09-11;00:19:59;AL  ;Minor ;EUtraNetwork=1,ExternalENodeBFunction=2221-650060;Inter Node Feature Incompatibility;Inter eNodeB CA feature is not activated in remote eNodeB. SUPPRESSED
2025-09-11;01:12:18;AL  ;Cleared;ENodeBFunction=1;External Link Failure;X2 link problem to one or several neighbouring eNodeBs. AI: PLMN ID-eNB ID 1 = 2221-601340
2025-09-11;06:01:18;AL  ;Cleared;EUtraNetwork=1,ExternalENodeBFunction=2221-650060;Inter Node Feature Incompatibility;Inter eNodeB CA feature is not activated in remote eNodeB. SUPPRESSED
2025-09-11;06:01:35;AL  ;Minor ;EUtraNetwork=1,ExternalENodeBFunction=2221-650051;Inter Node Feature Incompatibility;Inter eNodeB CA feature is not activated in remote eNodeB. SUPPRESSED
2025-09-11;06:01:35;AL  ;Cleared;EUtraNetwork=1,ExternalENodeBFunction=2221-650051;Inter Node Feature Incompatibility;Inter eNodeB CA feature is not activated in remote eNodeB. SUPPRESSED
2025-09-12;00:20:07;AL  ;Minor ;EUtraNetwork=1,ExternalENodeBFunction=2221-650051;Inter Node Feature Incompatibility;Inter eNodeB CA feature is not activated in remote eNodeB. SUPPRESSED
2025-09-12;00:21:59;AL  ;Minor ;EUtraNetwork=1,ExternalENodeBFunction=2221-650060;Inter Node Feature Incompatibility;Inter eNodeB CA feature is not activated in remote eNodeB. SUPPRESSED
2025-09-12;02:04:54;AL  ;Cleared;EUtraNetwork=1,ExternalENodeBFunction=2221-650060;Inter Node Feature Incompatibility;Inter eNodeB CA feature is not activated in remote eNodeB. SUPPRESSED
2025-09-12;02:16:59;AL  ;Minor ;EUtraNetwork=1,ExternalENodeBFunction=2221-650060;Inter Node Feature Incompatibility;Inter eNodeB CA feature is not activated in remote eNodeB. SUPPRESSED
2025-09-12;06:01:14;AL  ;Cleared;EUtraNetwork=1,ExternalENodeBFunction=2221-650060;Inter Node Feature Incompatibility;Inter eNodeB CA feature is not activated in remote eNodeB. SUPPRESSED
2025-09-12;06:01:18;AL  ;Cleared;EUtraNetwork=1,ExternalENodeBFunction=2221-650051;Inter Node Feature Incompatibility;Inter eNodeB CA feature is not activated in remote eNodeB. SUPPRESSED
2025-09-12;07:02:50;AL  ;Minor ;EUtraNetwork=1,ExternalENodeBFunction=2221-650051;Inter Node Feature Incompatibility;Inter eNodeB CA feature is not activated in remote eNodeB. SUPPRESSED
2025-09-12;07:07:27;AL  ;Cleared;EUtraNetwork=1,ExternalENodeBFunction=2221-650051;Inter Node Feature Incompatibility;Inter eNodeB CA feature is not activated in remote eNodeB. SUPPRESSED
2025-09-12;19:08:00;AL  ;Minor ;EUtraNetwork=1,ExternalENodeBFunction=2221-650060;Inter Node Feature Incompatibility;Inter eNodeB CA feature is not activated in remote eNodeB. SUPPRESSED
2025-09-12;19:08:09;AL  ;Cleared;EUtraNetwork=1,ExternalENodeBFunction=2221-650060;Inter Node Feature Incompatibility;Inter eNodeB CA feature is not activated in remote eNodeB. SUPPRESSED
2025-09-12;23:45:33;AL  ;Minor ;EUtraNetwork=1,ExternalENodeBFunction=2221-650051;Inter Node Feature Incompatibility;Inter eNodeB CA feature is not activated in remote eNodeB. SUPPRESSED
2025-09-13;00:28:58;AL  ;Minor ;EUtraNetwork=1,ExternalENodeBFunction=2221-650060;Inter Node Feature Incompatibility;Inter eNodeB CA feature is not activated in remote eNodeB. SUPPRESSED
2025-09-13;06:01:18;AL  ;Cleared;EUtraNetwork=1,ExternalENodeBFunction=2221-650060;Inter Node Feature Incompatibility;Inter eNodeB CA feature is not activated in remote eNodeB. SUPPRESSED
2025-09-13;06:01:58;AL  ;Cleared;EUtraNetwork=1,ExternalENodeBFunction=2221-650051;Inter Node Feature Incompatibility;Inter eNodeB CA feature is not activated in remote eNodeB. SUPPRESSED
2025-09-14;00:00:16;AL  ;Minor ;EUtraNetwork=1,ExternalENodeBFunction=2221-650051;Inter Node Feature Incompatibility;Inter eNodeB CA feature is not activated in remote eNodeB. SUPPRESSED
2025-09-14;02:19:58;AL  ;Minor ;EUtraNetwork=1,ExternalENodeBFunction=2221-650060;Inter Node Feature Incompatibility;Inter eNodeB CA feature is not activated in remote eNodeB. SUPPRESSED
2025-09-14;06:01:14;AL  ;Cleared;EUtraNetwork=1,ExternalENodeBFunction=2221-650060;Inter Node Feature Incompatibility;Inter eNodeB CA feature is not activated in remote eNodeB. SUPPRESSED
2025-09-14;06:01:59;AL  ;Cleared;EUtraNetwork=1,ExternalENodeBFunction=2221-650051;Inter Node Feature Incompatibility;Inter eNodeB CA feature is not activated in remote eNodeB. SUPPRESSED
2025-09-15;00:24:59;AL  ;Minor ;EUtraNetwork=1,ExternalENodeBFunction=2221-650051;Inter Node Feature Incompatibility;Inter eNodeB CA feature is not activated in remote eNodeB. SUPPRESSED
2025-09-15;01:03:59;AL  ;Minor ;EUtraNetwork=1,ExternalENodeBFunction=2221-650060;Inter Node Feature Incompatibility;Inter eNodeB CA feature is not activated in remote eNodeB. SUPPRESSED
2025-09-15;06:01:14;AL  ;Cleared;EUtraNetwork=1,ExternalENodeBFunction=2221-650060;Inter Node Feature Incompatibility;Inter eNodeB CA feature is not activated in remote eNodeB. SUPPRESSED
2025-09-15;06:01:59;AL  ;Cleared;EUtraNetwork=1,ExternalENodeBFunction=2221-650051;Inter Node Feature Incompatibility;Inter eNodeB CA feature is not activated in remote eNodeB. SUPPRESSED
2025-09-15;23:39:59;AL  ;Minor ;EUtraNetwork=1,ExternalENodeBFunction=2221-650051;Inter Node Feature Incompatibility;Inter eNodeB CA feature is not activated in remote eNodeB. SUPPRESSED
2025-09-16;00:37:58;AL  ;Minor ;EUtraNetwork=1,ExternalENodeBFunction=2221-650060;Inter Node Feature Incompatibility;Inter eNodeB CA feature is not activated in remote eNodeB. SUPPRESSED
2025-09-16;06:01:14;AL  ;Cleared;EUtraNetwork=1,ExternalENodeBFunction=2221-650060;Inter Node Feature Incompatibility;Inter eNodeB CA feature is not activated in remote eNodeB. SUPPRESSED
2025-09-16;06:01:58;AL  ;Cleared;EUtraNetwork=1,ExternalENodeBFunction=2221-650051;Inter Node Feature Incompatibility;Inter eNodeB CA feature is not activated in remote eNodeB. SUPPRESSED
2025-09-16;09:00:05;AL  ;Minor ;EUtraNetwork=1,ExternalENodeBFunction=2221-650051;Inter Node Feature Incompatibility;Inter eNodeB CA feature is not activated in remote eNodeB. SUPPRESSED
2025-09-16;10:05:23;AL  ;Warning;ENodeBFunction=1;PLMN Service Redundancy Lost;S1 connection failure for PLMN connected with link represented by MO listed in Additional Information. AI: PLMN = ["2221"],DN1=ManagedElement=1,ENodeBFunction=1,TermPointToMme=5,
2025-09-16;10:06:23;AL  ;Cleared;ENodeBFunction=1;PLMN Service Redundancy Lost;S1 connection failure for PLMN connected with link represented by MO listed in Additional Information. AI: PLMN = ["2221"],DN1=ManagedElement=1,ENodeBFunction=1,TermPointToMme=5,
2025-09-16;10:50:33;AL  ;Cleared;EUtraNetwork=1,ExternalENodeBFunction=2221-650051;Inter Node Feature Incompatibility;Inter eNodeB CA feature is not activated in remote eNodeB. SUPPRESSED
2025-09-18;00:31:58;AL  ;Minor ;EUtraNetwork=1,ExternalENodeBFunction=2221-650051;Inter Node Feature Incompatibility;Inter eNodeB CA feature is not activated in remote eNodeB. SUPPRESSED
2025-09-18;01:57:59;AL  ;Minor ;EUtraNetwork=1,ExternalENodeBFunction=2221-650060;Inter Node Feature Incompatibility;Inter eNodeB CA feature is not activated in remote eNodeB. SUPPRESSED
2025-09-18;06:01:18;AL  ;Cleared;EUtraNetwork=1,ExternalENodeBFunction=2221-650060;Inter Node Feature Incompatibility;Inter eNodeB CA feature is not activated in remote eNodeB. SUPPRESSED
2025-09-18;06:01:59;AL  ;Cleared;EUtraNetwork=1,ExternalENodeBFunction=2221-650051;Inter Node Feature Incompatibility;Inter eNodeB CA feature is not activated in remote eNodeB. SUPPRESSED
2025-09-18;08:57:28;AL  ;Major ;Synchronization=1,RadioEquipmentClock=1,RadioEquipmentClockReference=PTP;Sync PTP Time Reliability Fault;Master clock class problem, Master clock accuracy problem, Master time not traceable
2025-09-18;09:03:53;AL  ;Cleared;Synchronization=1,RadioEquipmentClock=1,RadioEquipmentClockReference=PTP;Sync PTP Time Reliability Fault;Master time not traceable
2025-09-18;13:20:02;AL  ;Minor ;EUtraNetwork=1,ExternalENodeBFunction=2221-650051;Inter Node Feature Incompatibility;Inter eNodeB CA feature is not activated in remote eNodeB. SUPPRESSED
2025-09-18;13:46:35;AL  ;Cleared;EUtraNetwork=1,ExternalENodeBFunction=2221-650051;Inter Node Feature Incompatibility;Inter eNodeB CA feature is not activated in remote eNodeB. SUPPRESSED
2025-09-18;22:04:58;AL  ;Minor ;EUtraNetwork=1,ExternalENodeBFunction=2221-650051;Inter Node Feature Incompatibility;Inter eNodeB CA feature is not activated in remote eNodeB. SUPPRESSED
2025-09-18;23:47:04;AL  ;Minor ;EUtraNetwork=1,ExternalENodeBFunction=2221-650060;Inter Node Feature Incompatibility;Inter eNodeB CA feature is not activated in remote eNodeB. SUPPRESSED
2025-09-19;06:01:18;AL  ;Cleared;EUtraNetwork=1,ExternalENodeBFunction=2221-650060;Inter Node Feature Incompatibility;Inter eNodeB CA feature is not activated in remote eNodeB. SUPPRESSED
2025-09-19;06:01:59;AL  ;Cleared;EUtraNetwork=1,ExternalENodeBFunction=2221-650051;Inter Node Feature Incompatibility;Inter eNodeB CA feature is not activated in remote eNodeB. SUPPRESSED
2025-09-19;09:04:52;AL  ;Minor ;EUtraNetwork=1,ExternalENodeBFunction=2221-650051;Inter Node Feature Incompatibility;Inter eNodeB CA feature is not activated in remote eNodeB. SUPPRESSED
2025-09-19;09:08:58;AL  ;Cleared;EUtraNetwork=1,ExternalENodeBFunction=2221-650051;Inter Node Feature Incompatibility;Inter eNodeB CA feature is not activated in remote eNodeB. SUPPRESSED
2025-09-19;19:24:58;AL  ;Minor ;EUtraNetwork=1,ExternalENodeBFunction=2221-650051;Inter Node Feature Incompatibility;Inter eNodeB CA feature is not activated in remote eNodeB. SUPPRESSED
2025-09-19;19:43:58;AL  ;Minor ;EUtraNetwork=1,ExternalENodeBFunction=2221-650051;Inter Node Feature Incompatibility;Inter eNodeB CA feature is not activated in remote eNodeB. SUPPRESSED
2025-09-19;22:24:59;AL  ;Minor ;EUtraNetwork=1,ExternalENodeBFunction=2221-650060;Inter Node Feature Incompatibility;Inter eNodeB CA feature is not activated in remote eNodeB. SUPPRESSED
2025-09-20;06:01:18;AL  ;Cleared;EUtraNetwork=1,ExternalENodeBFunction=2221-650060;Inter Node Feature Incompatibility;Inter eNodeB CA feature is not activated in remote eNodeB. SUPPRESSED
2025-09-20;06:01:59;AL  ;Cleared;EUtraNetwork=1,ExternalENodeBFunction=2221-650051;Inter Node Feature Incompatibility;Inter eNodeB CA feature is not activated in remote eNodeB. SUPPRESSED
2025-09-20;22:32:59;AL  ;Minor ;EUtraNetwork=1,ExternalENodeBFunction=2221-650051;Inter Node Feature Incompatibility;Inter eNodeB CA feature is not activated in remote eNodeB. SUPPRESSED
2025-09-20;22:52:24;AL  ;Minor ;EUtraNetwork=1,ExternalENodeBFunction=2221-650060;Inter Node Feature Incompatibility;Inter eNodeB CA feature is not activated in remote eNodeB. SUPPRESSED
2025-09-21;06:01:18;AL  ;Cleared;EUtraNetwork=1,ExternalENodeBFunction=2221-650060;Inter Node Feature Incompatibility;Inter eNodeB CA feature is not activated in remote eNodeB. SUPPRESSED
2025-09-21;06:01:58;AL  ;Cleared;EUtraNetwork=1,ExternalENodeBFunction=2221-650051;Inter Node Feature Incompatibility;Inter eNodeB CA feature is not activated in remote eNodeB. SUPPRESSED
2025-09-21;22:01:22;AL  ;Minor ;EUtraNetwork=1,ExternalENodeBFunction=2221-650051;Inter Node Feature Incompatibility;Inter eNodeB CA feature is not activated in remote eNodeB. SUPPRESSED
2025-09-21;23:52:58;AL  ;Minor ;EUtraNetwork=1,ExternalENodeBFunction=2221-650060;Inter Node Feature Incompatibility;Inter eNodeB CA feature is not activated in remote eNodeB. SUPPRESSED
2025-09-22;06:01:14;AL  ;Cleared;EUtraNetwork=1,ExternalENodeBFunction=2221-650060;Inter Node Feature Incompatibility;Inter eNodeB CA feature is not activated in remote eNodeB. SUPPRESSED
2025-09-22;06:01:18;AL  ;Cleared;EUtraNetwork=1,ExternalENodeBFunction=2221-650051;Inter Node Feature Incompatibility;Inter eNodeB CA feature is not activated in remote eNodeB. SUPPRESSED
2025-09-22;22:11:59;AL  ;Minor ;EUtraNetwork=1,ExternalENodeBFunction=2221-650051;Inter Node Feature Incompatibility;Inter eNodeB CA feature is not activated in remote eNodeB. SUPPRESSED
2025-09-22;22:58:58;AL  ;Minor ;EUtraNetwork=1,ExternalENodeBFunction=2221-650060;Inter Node Feature Incompatibility;Inter eNodeB CA feature is not activated in remote eNodeB. SUPPRESSED
2025-09-23;06:01:18;AL  ;Cleared;EUtraNetwork=1,ExternalENodeBFunction=2221-650060;Inter Node Feature Incompatibility;Inter eNodeB CA feature is not activated in remote eNodeB. SUPPRESSED
2025-09-23;06:01:58;AL  ;Cleared;EUtraNetwork=1,ExternalENodeBFunction=2221-650051;Inter Node Feature Incompatibility;Inter eNodeB CA feature is not activated in remote eNodeB. SUPPRESSED
2025-09-23;13:13:13;AL  ;Minor ;EUtraNetwork=1,ExternalENodeBFunction=2221-650051;Inter Node Feature Incompatibility;Inter eNodeB CA feature is not activated in remote eNodeB. SUPPRESSED
2025-09-23;13:17:48;AL  ;Cleared;EUtraNetwork=1,ExternalENodeBFunction=2221-650051;Inter Node Feature Incompatibility;Inter eNodeB CA feature is not activated in remote eNodeB. SUPPRESSED
2025-09-23;19:23:59;AL  ;Minor ;EUtraNetwork=1,ExternalENodeBFunction=2221-650051;Inter Node Feature Incompatibility;Inter eNodeB CA feature is not activated in remote eNodeB. SUPPRESSED
2025-09-23;19:27:29;AL  ;Cleared;EUtraNetwork=1,ExternalENodeBFunction=2221-650051;Inter Node Feature Incompatibility;Inter eNodeB CA feature is not activated in remote eNodeB. SUPPRESSED
2025-09-23;23:00:27;AL  ;Minor ;EUtraNetwork=1,ExternalENodeBFunction=2221-650051;Inter Node Feature Incompatibility;Inter eNodeB CA feature is not activated in remote eNodeB. SUPPRESSED
2025-09-23;23:32:58;AL  ;Minor ;EUtraNetwork=1,ExternalENodeBFunction=2221-650060;Inter Node Feature Incompatibility;Inter eNodeB CA feature is not activated in remote eNodeB. SUPPRESSED
2025-09-24;06:01:19;AL  ;Cleared;EUtraNetwork=1,ExternalENodeBFunction=2221-650060;Inter Node Feature Incompatibility;Inter eNodeB CA feature is not activated in remote eNodeB. SUPPRESSED
2025-09-24;06:01:58;AL  ;Cleared;EUtraNetwork=1,ExternalENodeBFunction=2221-650051;Inter Node Feature Incompatibility;Inter eNodeB CA feature is not activated in remote eNodeB. SUPPRESSED
2025-09-24;07:13:53;AL  ;Minor ;EUtraNetwork=1,ExternalENodeBFunction=2221-650051;Inter Node Feature Incompatibility;Inter eNodeB CA feature is not activated in remote eNodeB. SUPPRESSED
2025-09-24;07:18:35;AL  ;Cleared;EUtraNetwork=1,ExternalENodeBFunction=2221-650051;Inter Node Feature Incompatibility;Inter eNodeB CA feature is not activated in remote eNodeB. SUPPRESSED
2025-09-24;22:51:06;AL  ;Minor ;EUtraNetwork=1,ExternalENodeBFunction=2221-650051;Inter Node Feature Incompatibility;Inter eNodeB CA feature is not activated in remote eNodeB. SUPPRESSED
2025-09-24;23:57:29;AL  ;Minor ;EUtraNetwork=1,ExternalENodeBFunction=2221-650060;Inter Node Feature Incompatibility;Inter eNodeB CA feature is not activated in remote eNodeB. SUPPRESSED
2025-09-25;06:01:14;AL  ;Cleared;EUtraNetwork=1,ExternalENodeBFunction=2221-650060;Inter Node Feature Incompatibility;Inter eNodeB CA feature is not activated in remote eNodeB. SUPPRESSED
2025-09-25;06:01:18;AL  ;Cleared;EUtraNetwork=1,ExternalENodeBFunction=2221-650051;Inter Node Feature Incompatibility;Inter eNodeB CA feature is not activated in remote eNodeB. SUPPRESSED
2025-09-25;22:56:59;AL  ;Minor ;EUtraNetwork=1,ExternalENodeBFunction=2221-650051;Inter Node Feature Incompatibility;Inter eNodeB CA feature is not activated in remote eNodeB. SUPPRESSED
2025-09-25;23:52:10;AL  ;Minor ;EUtraNetwork=1,ExternalENodeBFunction=2221-650060;Inter Node Feature Incompatibility;Inter eNodeB CA feature is not activated in remote eNodeB. SUPPRESSED
2025-09-26;06:01:18;AL  ;Cleared;EUtraNetwork=1,ExternalENodeBFunction=2221-650060;Inter Node Feature Incompatibility;Inter eNodeB CA feature is not activated in remote eNodeB. SUPPRESSED
2025-09-26;06:01:59;AL  ;Cleared;EUtraNetwork=1,ExternalENodeBFunction=2221-650051;Inter Node Feature Incompatibility;Inter eNodeB CA feature is not activated in remote eNodeB. SUPPRESSED
2025-09-26;07:27:50;AL  ;Minor ;EUtraNetwork=1,ExternalENodeBFunction=2221-650051;Inter Node Feature Incompatibility;Inter eNodeB CA feature is not activated in remote eNodeB. SUPPRESSED
2025-09-26;07:29:01;AL  ;Cleared;EUtraNetwork=1,ExternalENodeBFunction=2221-650051;Inter Node Feature Incompatibility;Inter eNodeB CA feature is not activated in remote eNodeB. SUPPRESSED
2025-09-26;07:56:08;AL  ;Major ;Synchronization=1,RadioEquipmentClock=1,RadioEquipmentClockReference=PTP;Sync PTP Time Reliability Fault;Master clock class problem, Master clock accuracy problem, Master time not traceable
2025-09-26;08:02:08;AL  ;Cleared;Synchronization=1,RadioEquipmentClock=1,RadioEquipmentClockReference=PTP;Sync PTP Time Reliability Fault;Master time not traceable
2025-09-26;19:24:00;AL  ;Minor ;EUtraNetwork=1,ExternalENodeBFunction=2221-650051;Inter Node Feature Incompatibility;Inter eNodeB CA feature is not activated in remote eNodeB. SUPPRESSED
2025-09-26;19:25:59;AL  ;Cleared;EUtraNetwork=1,ExternalENodeBFunction=2221-650051;Inter Node Feature Incompatibility;Inter eNodeB CA feature is not activated in remote eNodeB. SUPPRESSED
2025-09-26;23:44:59;AL  ;Minor ;EUtraNetwork=1,ExternalENodeBFunction=2221-650051;Inter Node Feature Incompatibility;Inter eNodeB CA feature is not activated in remote eNodeB. SUPPRESSED
2025-09-27;00:08:05;AL  ;Minor ;EUtraNetwork=1,ExternalENodeBFunction=2221-650060;Inter Node Feature Incompatibility;Inter eNodeB CA feature is not activated in remote eNodeB. SUPPRESSED
2025-09-27;06:01:14;AL  ;Cleared;EUtraNetwork=1,ExternalENodeBFunction=2221-650060;Inter Node Feature Incompatibility;Inter eNodeB CA feature is not activated in remote eNodeB. SUPPRESSED
2025-09-27;06:01:18;AL  ;Cleared;EUtraNetwork=1,ExternalENodeBFunction=2221-650051;Inter Node Feature Incompatibility;Inter eNodeB CA feature is not activated in remote eNodeB. SUPPRESSED
2025-09-27;14:02:06;AL  ;Minor ;EUtraNetwork=1,ExternalENodeBFunction=2221-650060;Inter Node Feature Incompatibility;Inter eNodeB CA feature is not activated in remote eNodeB. SUPPRESSED
2025-09-27;14:17:02;AL  ;Cleared;EUtraNetwork=1,ExternalENodeBFunction=2221-650060;Inter Node Feature Incompatibility;Inter eNodeB CA feature is not activated in remote eNodeB. SUPPRESSED
2025-09-27;19:10:59;AL  ;Minor ;EUtraNetwork=1,ExternalENodeBFunction=2221-650060;Inter Node Feature Incompatibility;Inter eNodeB CA feature is not activated in remote eNodeB. SUPPRESSED
2025-09-27;19:10:59;AL  ;Minor ;EUtraNetwork=1,ExternalENodeBFunction=2221-650051;Inter Node Feature Incompatibility;Inter eNodeB CA feature is not activated in remote eNodeB. SUPPRESSED
2025-09-27;19:12:59;AL  ;Cleared;EUtraNetwork=1,ExternalENodeBFunction=2221-650051;Inter Node Feature Incompatibility;Inter eNodeB CA feature is not activated in remote eNodeB. SUPPRESSED
2025-09-27;19:12:59;AL  ;Cleared;EUtraNetwork=1,ExternalENodeBFunction=2221-650060;Inter Node Feature Incompatibility;Inter eNodeB CA feature is not activated in remote eNodeB. SUPPRESSED
2025-09-27;23:56:20;AL  ;Minor ;EUtraNetwork=1,ExternalENodeBFunction=2221-650051;Inter Node Feature Incompatibility;Inter eNodeB CA feature is not activated in remote eNodeB. SUPPRESSED
2025-09-28;00:15:59;AL  ;Minor ;EUtraNetwork=1,ExternalENodeBFunction=2221-650060;Inter Node Feature Incompatibility;Inter eNodeB CA feature is not activated in remote eNodeB. SUPPRESSED
2025-09-28;06:01:18;AL  ;Cleared;EUtraNetwork=1,ExternalENodeBFunction=2221-650060;Inter Node Feature Incompatibility;Inter eNodeB CA feature is not activated in remote eNodeB. SUPPRESSED
2025-09-28;06:01:59;AL  ;Cleared;EUtraNetwork=1,ExternalENodeBFunction=2221-650051;Inter Node Feature Incompatibility;Inter eNodeB CA feature is not activated in remote eNodeB. SUPPRESSED
2025-09-28;22:36:58;AL  ;Minor ;EUtraNetwork=1,ExternalENodeBFunction=2221-650051;Inter Node Feature Incompatibility;Inter eNodeB CA feature is not activated in remote eNodeB. SUPPRESSED
2025-09-29;00:13:59;AL  ;Minor ;EUtraNetwork=1,ExternalENodeBFunction=2221-650060;Inter Node Feature Incompatibility;Inter eNodeB CA feature is not activated in remote eNodeB. SUPPRESSED
2025-09-29;06:01:35;AL  ;Minor ;EUtraNetwork=1,ExternalENodeBFunction=2221-650060;Inter Node Feature Incompatibility;Inter eNodeB CA feature is not activated in remote eNodeB. SUPPRESSED
2025-09-29;06:01:47;AL  ;Cleared;EUtraNetwork=1,ExternalENodeBFunction=2221-650060;Inter Node Feature Incompatibility;Inter eNodeB CA feature is not activated in remote eNodeB. SUPPRESSED
2025-09-29;06:01:58;AL  ;Cleared;EUtraNetwork=1,ExternalENodeBFunction=2221-650051;Inter Node Feature Incompatibility;Inter eNodeB CA feature is not activated in remote eNodeB. SUPPRESSED
2025-09-29;19:10:46;AL  ;Minor ;EUtraNetwork=1,ExternalENodeBFunction=2221-650060;Inter Node Feature Incompatibility;Inter eNodeB CA feature is not activated in remote eNodeB. SUPPRESSED
2025-09-29;19:10:59;AL  ;Cleared;EUtraNetwork=1,ExternalENodeBFunction=2221-650060;Inter Node Feature Incompatibility;Inter eNodeB CA feature is not activated in remote eNodeB. SUPPRESSED
2025-09-29;22:58:14;AL  ;Minor ;EUtraNetwork=1,ExternalENodeBFunction=2221-650051;Inter Node Feature Incompatibility;Inter eNodeB CA feature is not activated in remote eNodeB. SUPPRESSED
2025-09-29;23:31:59;AL  ;Minor ;EUtraNetwork=1,ExternalENodeBFunction=2221-650060;Inter Node Feature Incompatibility;Inter eNodeB CA feature is not activated in remote eNodeB. SUPPRESSED
2025-09-30;06:01:35;AL  ;Minor ;EUtraNetwork=1,ExternalENodeBFunction=2221-650060;Inter Node Feature Incompatibility;Inter eNodeB CA feature is not activated in remote eNodeB. SUPPRESSED
2025-09-30;06:01:47;AL  ;Cleared;EUtraNetwork=1,ExternalENodeBFunction=2221-650060;Inter Node Feature Incompatibility;Inter eNodeB CA feature is not activated in remote eNodeB. SUPPRESSED
2025-09-30;06:01:59;AL  ;Cleared;EUtraNetwork=1,ExternalENodeBFunction=2221-650051;Inter Node Feature Incompatibility;Inter eNodeB CA feature is not activated in remote eNodeB. SUPPRESSED
2025-09-30;23:28:59;AL  ;Minor ;EUtraNetwork=1,ExternalENodeBFunction=2221-650060;Inter Node Feature Incompatibility;Inter eNodeB CA feature is not activated in remote eNodeB. SUPPRESSED
2025-10-01;06:01:37;AL  ;Minor ;EUtraNetwork=1,ExternalENodeBFunction=2221-650060;Inter Node Feature Incompatibility;Inter eNodeB CA feature is not activated in remote eNodeB. SUPPRESSED
2025-10-01;06:01:47;AL  ;Cleared;EUtraNetwork=1,ExternalENodeBFunction=2221-650060;Inter Node Feature Incompatibility;Inter eNodeB CA feature is not activated in remote eNodeB. SUPPRESSED
2025-10-01;06:23:23;AL  ;Minor ;EUtraNetwork=1,ExternalENodeBFunction=2221-650051;Inter Node Feature Incompatibility;Inter eNodeB CA feature is not activated in remote eNodeB. SUPPRESSED
2025-10-01;06:44:06;AL  ;Cleared;EUtraNetwork=1,ExternalENodeBFunction=2221-650051;Inter Node Feature Incompatibility;Inter eNodeB CA feature is not activated in remote eNodeB. SUPPRESSED
2025-10-01;19:13:59;AL  ;Minor ;EUtraNetwork=1,ExternalENodeBFunction=2221-650060;Inter Node Feature Incompatibility;Inter eNodeB CA feature is not activated in remote eNodeB. SUPPRESSED
2025-10-01;19:13:59;AL  ;Minor ;EUtraNetwork=1,ExternalENodeBFunction=2221-650051;Inter Node Feature Incompatibility;Inter eNodeB CA feature is not activated in remote eNodeB. SUPPRESSED
2025-10-01;19:14:58;AL  ;Cleared;EUtraNetwork=1,ExternalENodeBFunction=2221-650051;Inter Node Feature Incompatibility;Inter eNodeB CA feature is not activated in remote eNodeB. SUPPRESSED
2025-10-01;19:14:58;AL  ;Cleared;EUtraNetwork=1,ExternalENodeBFunction=2221-650060;Inter Node Feature Incompatibility;Inter eNodeB CA feature is not activated in remote eNodeB. SUPPRESSED
2025-10-01;22:53:59;AL  ;Minor ;EUtraNetwork=1,ExternalENodeBFunction=2221-650051;Inter Node Feature Incompatibility;Inter eNodeB CA feature is not activated in remote eNodeB. SUPPRESSED
2025-10-02;00:33:58;AL  ;Minor ;EUtraNetwork=1,ExternalENodeBFunction=2221-650060;Inter Node Feature Incompatibility;Inter eNodeB CA feature is not activated in remote eNodeB. SUPPRESSED
2025-10-02;06:01:18;AL  ;Cleared;EUtraNetwork=1,ExternalENodeBFunction=2221-650060;Inter Node Feature Incompatibility;Inter eNodeB CA feature is not activated in remote eNodeB. SUPPRESSED
2025-10-02;06:01:35;AL  ;Minor ;EUtraNetwork=1,ExternalENodeBFunction=2221-650051;Inter Node Feature Incompatibility;Inter eNodeB CA feature is not activated in remote eNodeB. SUPPRESSED
2025-10-02;06:01:47;AL  ;Cleared;EUtraNetwork=1,ExternalENodeBFunction=2221-650051;Inter Node Feature Incompatibility;Inter eNodeB CA feature is not activated in remote eNodeB. SUPPRESSED
2025-10-02;15:14:22;AL  ;Minor ;EUtraNetwork=1,ExternalENodeBFunction=2221-650051;Inter Node Feature Incompatibility;Inter eNodeB CA feature is not activated in remote eNodeB. SUPPRESSED
2025-10-02;15:14:39;AL  ;Cleared;EUtraNetwork=1,ExternalENodeBFunction=2221-650051;Inter Node Feature Incompatibility;Inter eNodeB CA feature is not activated in remote eNodeB. SUPPRESSED
2025-10-03;00:19:07;AL  ;Minor ;EUtraNetwork=1,ExternalENodeBFunction=2221-650060;Inter Node Feature Incompatibility;Inter eNodeB CA feature is not activated in remote eNodeB. SUPPRESSED
2025-10-03;06:01:35;AL  ;Minor ;EUtraNetwork=1,ExternalENodeBFunction=2221-650060;Inter Node Feature Incompatibility;Inter eNodeB CA feature is not activated in remote eNodeB. SUPPRESSED
2025-10-03;06:01:47;AL  ;Cleared;EUtraNetwork=1,ExternalENodeBFunction=2221-650060;Inter Node Feature Incompatibility;Inter eNodeB CA feature is not activated in remote eNodeB. SUPPRESSED
2025-10-03;19:07:02;AL  ;Minor ;EUtraNetwork=1,ExternalENodeBFunction=2221-650060;Inter Node Feature Incompatibility;Inter eNodeB CA feature is not activated in remote eNodeB. SUPPRESSED
2025-10-03;19:07:07;AL  ;Cleared;EUtraNetwork=1,ExternalENodeBFunction=2221-650060;Inter Node Feature Incompatibility;Inter eNodeB CA feature is not activated in remote eNodeB. SUPPRESSED
2025-10-03;22:35:07;AL  ;Minor ;EUtraNetwork=1,ExternalENodeBFunction=2221-650051;Inter Node Feature Incompatibility;Inter eNodeB CA feature is not activated in remote eNodeB. SUPPRESSED
2025-10-03;22:56:59;AL  ;Minor ;EUtraNetwork=1,ExternalENodeBFunction=2221-650060;Inter Node Feature Incompatibility;Inter eNodeB CA feature is not activated in remote eNodeB. SUPPRESSED
2025-10-04;06:01:18;AL  ;Cleared;EUtraNetwork=1,ExternalENodeBFunction=2221-650060;Inter Node Feature Incompatibility;Inter eNodeB CA feature is not activated in remote eNodeB. SUPPRESSED
2025-10-04;06:01:58;AL  ;Cleared;EUtraNetwork=1,ExternalENodeBFunction=2221-650051;Inter Node Feature Incompatibility;Inter eNodeB CA feature is not activated in remote eNodeB. SUPPRESSED
2025-10-04;06:04:59;AL  ;Minor ;EUtraNetwork=1,ExternalENodeBFunction=2221-650051;Inter Node Feature Incompatibility;Inter eNodeB CA feature is not activated in remote eNodeB. SUPPRESSED
2025-10-04;06:40:07;AL  ;Cleared;EUtraNetwork=1,ExternalENodeBFunction=2221-650051;Inter Node Feature Incompatibility;Inter eNodeB CA feature is not activated in remote eNodeB. SUPPRESSED
2025-10-04;23:40:53;AL  ;Minor ;EUtraNetwork=1,ExternalENodeBFunction=2221-650051;Inter Node Feature Incompatibility;Inter eNodeB CA feature is not activated in remote eNodeB. SUPPRESSED
2025-10-05;00:47:59;AL  ;Minor ;EUtraNetwork=1,ExternalENodeBFunction=2221-650060;Inter Node Feature Incompatibility;Inter eNodeB CA feature is not activated in remote eNodeB. SUPPRESSED
2025-10-05;06:01:18;AL  ;Cleared;EUtraNetwork=1,ExternalENodeBFunction=2221-650060;Inter Node Feature Incompatibility;Inter eNodeB CA feature is not activated in remote eNodeB. SUPPRESSED
2025-10-05;06:01:58;AL  ;Cleared;EUtraNetwork=1,ExternalENodeBFunction=2221-650051;Inter Node Feature Incompatibility;Inter eNodeB CA feature is not activated in remote eNodeB. SUPPRESSED
2025-10-06;00:07:59;AL  ;Minor ;EUtraNetwork=1,ExternalENodeBFunction=2221-650060;Inter Node Feature Incompatibility;Inter eNodeB CA feature is not activated in remote eNodeB. SUPPRESSED
2025-10-06;06:01:18;AL  ;Cleared;EUtraNetwork=1,ExternalENodeBFunction=2221-650060;Inter Node Feature Incompatibility;Inter eNodeB CA feature is not activated in remote eNodeB. SUPPRESSED
2025-10-06;19:08:00;AL  ;Minor ;EUtraNetwork=1,ExternalENodeBFunction=2221-650060;Inter Node Feature Incompatibility;Inter eNodeB CA feature is not activated in remote eNodeB. SUPPRESSED
2025-10-06;19:08:05;AL  ;Cleared;EUtraNetwork=1,ExternalENodeBFunction=2221-650060;Inter Node Feature Incompatibility;Inter eNodeB CA feature is not activated in remote eNodeB. SUPPRESSED


RLD8L> lgec -m 30d

251007-11:24:12+0200 19.31.12.161 25.0h MSRBS_NODE_MODEL_25.Q1_693.28324.131_62ac stopfile=/tmp/769797

Startdate=20250907.092412, Enddate=20251008.092412
Date;Time;Log;Severity;Object;Event;Cause;AdditionalText;AckState;Id;NotificationId;CorrelatedAlarms
Executing action Log.export()
..
Log=AlertLog                    actionId=50793
...
=================================================================================================================
MO                  actionId result      resultInfo
=================================================================================================================
LogM=1,Log=AlertLog 50793    1 (SUCCESS)           
cat  /ericsson/log/amos/moshell_logfiles/t20251007_37258710_53697/logs_moshell/tempfiles/scp-2-amos_20251007-112334_769698/rcslogs/AlertLog_20231122__093413_20250227__001407.log /ericsson/log/amos/moshell_logfiles/t20251007_37258710_53697/logs_moshell/tempfiles/scp-2-amos_20251007-112334_769698/rcslogs/AlertLog_20250227__001407.log > /ericsson/log/amos/moshell_logfiles/t20251007_37258710_53697/logs_moshell/tempfiles/scp-2-amos_20251007-112334_769698/eventLog769797.xml

Bye...
Output has been logged to file /mta_fs/UserFiles/37258710/amosbatch/2025-10-07_11-07-01_53697/RLD8L.log
