Logging to file /mta_fs/UserFiles/37258710/amosbatch/2025-10-07_11-07-01_53697/RLE1T.log
                        __  __  ____   _____
                  /\   |  \/  |/ __ \ / ____|
                 /  \  | \  / | |  | | (___  
                / /\ \ | |\/| | |  | |\___ \ 
               / ____ \| |  | | |__| |____) |
              /_/    \_\_|  |_|\____/|_____/
              OSS Framework for MoShell-25.0h 
  Copyright (c) Ericsson AB 2001-2025 - All Rights Reserved
              
           
[1;31mWARNING: [0mthe AMOS version currently running is more than 22 weeks old and is unsupported.
Please upgrade as soon as possible to the latest released version, available from your local Ericsson support.

$amosrb_pid = 876038

Checking ip contact...OK

HELP MENU            : h
BASIC MO COMMANDS    : m
OTHER MO COMMANDS    : n
OTHER COMMANDS       : o
PM COMMANDS          : p
QUIT                 : q

RLE1T> lt all

251007-11:35:51+0200 19.31.12.191 25.0h  stopfile=/tmp/875703
Looking up temporary_amos account... OK.
Trying temporary_amos_t20251007_37258710_53697_313's password from amos lookupAccount ... OK

$ssh_pid = 877781

Connected to 19.31.12.191 (SubNetwork=BBMM_rckomc_R,MeContext=RLE1T,ManagedElement=RLE1T)

Checking MOM version...MSRBS_NODE_MODEL_25.Q1_198665.224.73_bf81
Parsing MOM (cached): /ericsson/log/amos/moshell_logfiles/t20251007_37258710_53697/logs_moshell/tempfiles/scp-2-amos_20251007-113544_875622/MSRBS_NODE_MODEL_25.Q1_198665.224.73_bf81.xml.cache.gz ......................................................................................................................................................................................................................Done.
Using paramfile /opt/ericsson/amos/moshell/commonjars/pm/PARAM_MSRBSG2_25.Q1.txt
Parsing file /opt/ericsson/amos/moshell/commonjars/pm/PARAM_MSRBSG2_25.Q1.txt ......................................................................................Done.
Using imomdfile /opt/ericsson/amos/moshell/commonjars/pm/IMOMD_MSRBS_22.Q4.txt
Using imomfile /opt/ericsson/amos/moshell/commonjars/pm/IMOM_MSRBS_25.Q1.txt
Connected to 19.31.12.191 (SubNetwork=BBMM_rckomc_R,MeContext=RLE1T,ManagedElement=RLE1T)

Last MO: 16958. Loaded 16958 MOs. Total: 16959 MOs.

RLE1T> hget EUtranCellFDD ^cellid

251007-11:36:11+0200 19.31.12.191 25.0h MSRBS_NODE_MODEL_25.Q1_198665.224.73_bf81 stopfile=/tmp/875703
.
=================================================================================================================
MO                   cellId
=================================================================================================================
EUtranCellFDD=RLE1E2 62    
EUtranCellFDD=RLE1M1 31    
EUtranCellFDD=RLE1M2 32    
EUtranCellFDD=RLE1T1 41    
EUtranCellFDD=RLE1T2 42    
=================================================================================================================
Total: 5 MOs

Added 5 MOs to group: hget_group

RLE1T> hget NbIotCell ^cellid

251007-11:36:11+0200 19.31.12.191 25.0h MSRBS_NODE_MODEL_25.Q1_198665.224.73_bf81 stopfile=/tmp/875703

=================================================================================================================
MO               cellId
=================================================================================================================
NbIotCell=RLE1N2 162   
=================================================================================================================
Total: 1 MOs

Added 1 MOs to group: hget_group

RLE1T> hget NRCellDU ^cellLocalId

251007-11:36:12+0200 19.31.12.191 25.0h MSRBS_NODE_MODEL_25.Q1_198665.224.73_bf81 stopfile=/tmp/875703
Total: 0 MOs

RLE1T> lgdc -m 30d

251007-11:36:12+0200 19.31.12.191 25.0h MSRBS_NODE_MODEL_25.Q1_198665.224.73_bf81 stopfile=/tmp/875703

Startdate=20250907.093612, Enddate=20251008.093612
INFO: Using amos lookupAccount credentials for the export login

Executing action LogM.exportAvailabilityLog()
...LogM=1,exportAvailabilityLog    actionId=49423
...
=================================================================================================================
MO     actionId result      resultInfo
=================================================================================================================
LogM=1 49423    1 (SUCCESS)           
cp /ericsson/log/amos/moshell_logfiles/t20251007_37258710_53697/logs_moshell/tempfiles/scp-2-amos_20251007-113544_875622/rcslogs/RBS_CS_AVAILABILITY_LOG_20251007093615.xml /ericsson/log/amos/moshell_logfiles/t20251007_37258710_53697/logs_moshell/tempfiles/scp-2-amos_20251007-113544_875622/availabilityLog875703.xml
Parsing availabilityLog....Done.
.
Date;Time;RestartType;SwVersion;SwRelease;RCSDowntime;ApplicationDowntime;TNDowntime;RATsDowntime;ExtraInfo;ExtraInfo2
2025-09-08;03:26:30;PartialOutage(Manual);20% Lrat Cell 32; ();11s;;;;;
2025-09-08;03:26:45;PartialOutage(Manual);20% Lrat Cell 31; ();10s;;;;;
2025-09-08;03:26:58;PartialOutage(Manual);20% Lrat Cell 42; ();11s;;;;;
2025-09-08;03:27:12;PartialOutage(Manual);20% Lrat Cell 41; ();11s;;;;;
2025-09-08;03:27:25;PartialOutage(Manual);100% Lrat Cell 162; ();1s;;;;;
2025-09-08;03:27:26;PartialOutage(Manual);20% Lrat Cell 62; ();8s;;;;;

Node uptime since last restart: 2527691 seconds (29 days, 6 hours, 8 minutes, 11 seconds)
------------------------------------------------------------------------------------------------------
Period=30 days       NodeUpgrade      NodeManual       NodeSpontaneous  AllNodeRestarts  PartialOutages  
------------------------------------------------------------------------------------------------------
Number Of outages    0                0                0                0                6               
Total downtime       0s               0s               0s               0s               52s             
Downtime per day     0s               0s               0s               0s               2s              
Downtime per outage  0s               0s               0s               0s               9s              

RLE1T> lgac -m 30d

251007-11:36:22+0200 19.31.12.191 25.0h MSRBS_NODE_MODEL_25.Q1_198665.224.73_bf81 stopfile=/tmp/875703

Startdate=20250907.093622, Enddate=20251008.093622
Date;Time;Log;Severity;Object;Event;Cause;AdditionalText;AckState;Id;NotificationId;CorrelatedAlarms
Executing action Log.export()
..
Log=AlarmLog                    actionId=49424
...
=================================================================================================================
MO                  actionId result      resultInfo
=================================================================================================================
LogM=1,Log=AlarmLog 49424    1 (SUCCESS)           
cat  /ericsson/log/amos/moshell_logfiles/t20251007_37258710_53697/logs_moshell/tempfiles/scp-2-amos_20251007-113544_875622/rcslogs/saLogAlarm_20230726__083608.log > /ericsson/log/amos/moshell_logfiles/t20251007_37258710_53697/logs_moshell/tempfiles/scp-2-amos_20251007-113544_875622/alarmLog875703.xml
2025-09-07;11:21:16;AL  ;Minor ;EUtraNetwork=1,ExternalENodeBFunction=2221-211164;Inter Node Carrier Aggregation Service Unavailable;Elastic RAN Carrier Aggregation is not available towards remote eNodeB.
2025-09-07;11:22:47;AL  ;Cleared;EUtraNetwork=1,ExternalENodeBFunction=2221-211164;Inter Node Carrier Aggregation Service Unavailable;Elastic RAN Carrier Aggregation is not available towards remote eNodeB.
2025-09-07;19:06:59;AL  ;Minor ;EUtraNetwork=1,ExternalENodeBFunction=2221-209050;Inter Node Feature Incompatibility;Inter eNodeB CA feature is not activated in remote eNodeB. SUPPRESSED
2025-09-07;19:09:58;AL  ;Minor ;EUtraNetwork=1,ExternalENodeBFunction=2221-650788;Inter Node Feature Incompatibility;Inter eNodeB CA feature is not activated in remote eNodeB. SUPPRESSED
2025-09-07;19:11:56;AL  ;Cleared;EUtraNetwork=1,ExternalENodeBFunction=2221-650788;Inter Node Feature Incompatibility;Inter eNodeB CA feature is not activated in remote eNodeB. SUPPRESSED
2025-09-07;19:55:00;AL  ;Minor ;EUtraNetwork=1,ExternalENodeBFunction=2221-650788;Inter Node Feature Incompatibility;Inter eNodeB CA feature is not activated in remote eNodeB. SUPPRESSED
2025-09-07;20:14:39;AL  ;Cleared;EUtraNetwork=1,ExternalENodeBFunction=2221-650788;Inter Node Feature Incompatibility;Inter eNodeB CA feature is not activated in remote eNodeB. SUPPRESSED
2025-09-08;00:15:59;AL  ;Minor ;EUtraNetwork=1,ExternalENodeBFunction=2221-650788;Inter Node Feature Incompatibility;Inter eNodeB CA feature is not activated in remote eNodeB. SUPPRESSED
2025-09-08;00:37:11;AL  ;Cleared;EUtraNetwork=1,ExternalENodeBFunction=2221-650788;Inter Node Feature Incompatibility;Inter eNodeB CA feature is not activated in remote eNodeB. SUPPRESSED
2025-09-08;00:53:59;AL  ;Minor ;EUtraNetwork=1,ExternalENodeBFunction=2221-650788;Inter Node Feature Incompatibility;Inter eNodeB CA feature is not activated in remote eNodeB. SUPPRESSED
2025-09-08;00:59:28;AL  ;Cleared;EUtraNetwork=1,ExternalENodeBFunction=2221-650788;Inter Node Feature Incompatibility;Inter eNodeB CA feature is not activated in remote eNodeB. SUPPRESSED
2025-09-08;01:11:30;AL  ;Minor ;EUtraNetwork=1,ExternalENodeBFunction=2221-650788;Inter Node Feature Incompatibility;Inter eNodeB CA feature is not activated in remote eNodeB. SUPPRESSED
2025-09-08;05:42:09;AL  ;Cleared;EUtraNetwork=1,ExternalENodeBFunction=2221-650788;Inter Node Feature Incompatibility;Inter eNodeB CA feature is not activated in remote eNodeB. SUPPRESSED
2025-09-08;05:42:29;AL  ;Minor ;EUtraNetwork=1,ExternalENodeBFunction=2221-650788;Inter Node Feature Incompatibility;Inter eNodeB CA feature is not activated in remote eNodeB. SUPPRESSED
2025-09-08;05:42:35;AL  ;Cleared;EUtraNetwork=1,ExternalENodeBFunction=2221-650788;Inter Node Feature Incompatibility;Inter eNodeB CA feature is not activated in remote eNodeB. SUPPRESSED
2025-09-08;06:01:32;AL  ;Cleared;EUtraNetwork=1,ExternalENodeBFunction=2221-209050;Inter Node Feature Incompatibility;Inter eNodeB CA feature is not activated in remote eNodeB. SUPPRESSED
2025-09-08;06:01:41;AL  ;Minor ;EUtraNetwork=1,ExternalENodeBFunction=2221-207418;Inter Node Feature Incompatibility;Inter eNodeB CA feature is not activated in remote eNodeB. SUPPRESSED
2025-09-08;06:01:41;AL  ;Minor ;EUtraNetwork=1,ExternalENodeBFunction=2221-208472;Inter Node Feature Incompatibility;Inter eNodeB CA feature is not activated in remote eNodeB. SUPPRESSED
2025-09-08;07:40:35;AL  ;Minor ;EUtraNetwork=1,ExternalENodeBFunction=2221-209050;Inter Node Feature Incompatibility;Inter eNodeB CA feature is not activated in remote eNodeB. SUPPRESSED
2025-09-08;07:40:45;AL  ;Cleared;EUtraNetwork=1,ExternalENodeBFunction=2221-209050;Inter Node Feature Incompatibility;Inter eNodeB CA feature is not activated in remote eNodeB. SUPPRESSED
2025-09-08;21:33:59;AL  ;Minor ;EUtraNetwork=1,ExternalENodeBFunction=2221-209050;Inter Node Feature Incompatibility;Inter eNodeB CA feature is not activated in remote eNodeB. SUPPRESSED
2025-09-08;22:43:05;AL  ;Minor ;EUtraNetwork=1,ExternalENodeBFunction=2221-650788;Inter Node Feature Incompatibility;Inter eNodeB CA feature is not activated in remote eNodeB. SUPPRESSED
2025-09-09;06:01:30;AL  ;Minor ;EUtraNetwork=1,ExternalENodeBFunction=2221-650788;Inter Node Feature Incompatibility;Inter eNodeB CA feature is not activated in remote eNodeB. SUPPRESSED
2025-09-09;06:01:31;AL  ;Cleared;EUtraNetwork=1,ExternalENodeBFunction=2221-650788;Inter Node Feature Incompatibility;Inter eNodeB CA feature is not activated in remote eNodeB. SUPPRESSED
2025-09-09;06:01:35;AL  ;Cleared;EUtraNetwork=1,ExternalENodeBFunction=2221-209050;Inter Node Feature Incompatibility;Inter eNodeB CA feature is not activated in remote eNodeB. SUPPRESSED
2025-09-09;06:01:41;AL  ;Minor ;EUtraNetwork=1,ExternalENodeBFunction=2221-207418;Inter Node Feature Incompatibility;Inter eNodeB CA feature is not activated in remote eNodeB. SUPPRESSED
2025-09-09;06:01:41;AL  ;Minor ;EUtraNetwork=1,ExternalENodeBFunction=2221-208472;Inter Node Feature Incompatibility;Inter eNodeB CA feature is not activated in remote eNodeB. SUPPRESSED
2025-09-09;19:25:22;AL  ;Minor ;EUtraNetwork=1,ExternalENodeBFunction=2221-209050;Inter Node Feature Incompatibility;Inter eNodeB CA feature is not activated in remote eNodeB. SUPPRESSED
2025-09-09;19:25:22;AL  ;Minor ;EUtraNetwork=1,ExternalENodeBFunction=2221-650788;Inter Node Feature Incompatibility;Inter eNodeB CA feature is not activated in remote eNodeB. SUPPRESSED
2025-09-09;19:52:59;AL  ;Cleared;EUtraNetwork=1,ExternalENodeBFunction=2221-209050;Inter Node Feature Incompatibility;Inter eNodeB CA feature is not activated in remote eNodeB. SUPPRESSED
2025-09-09;19:52:59;AL  ;Cleared;EUtraNetwork=1,ExternalENodeBFunction=2221-650788;Inter Node Feature Incompatibility;Inter eNodeB CA feature is not activated in remote eNodeB. SUPPRESSED
2025-09-09;22:31:16;AL  ;Minor ;EUtraNetwork=1,ExternalENodeBFunction=2221-209050;Inter Node Feature Incompatibility;Inter eNodeB CA feature is not activated in remote eNodeB. SUPPRESSED
2025-09-10;00:23:59;AL  ;Minor ;EUtraNetwork=1,ExternalENodeBFunction=2221-650788;Inter Node Feature Incompatibility;Inter eNodeB CA feature is not activated in remote eNodeB. SUPPRESSED
2025-09-10;06:01:11;AL  ;Cleared;EUtraNetwork=1,ExternalENodeBFunction=2221-650788;Inter Node Feature Incompatibility;Inter eNodeB CA feature is not activated in remote eNodeB. SUPPRESSED
2025-09-10;06:01:32;AL  ;Cleared;EUtraNetwork=1,ExternalENodeBFunction=2221-209050;Inter Node Feature Incompatibility;Inter eNodeB CA feature is not activated in remote eNodeB. SUPPRESSED
2025-09-10;06:01:41;AL  ;Minor ;EUtraNetwork=1,ExternalENodeBFunction=2221-207418;Inter Node Feature Incompatibility;Inter eNodeB CA feature is not activated in remote eNodeB. SUPPRESSED
2025-09-10;06:01:41;AL  ;Minor ;EUtraNetwork=1,ExternalENodeBFunction=2221-208472;Inter Node Feature Incompatibility;Inter eNodeB CA feature is not activated in remote eNodeB. SUPPRESSED
2025-09-10;13:49:38;AL  ;Minor ;EUtraNetwork=1,ExternalENodeBFunction=2221-209050;Inter Node Feature Incompatibility;Inter eNodeB CA feature is not activated in remote eNodeB. SUPPRESSED
2025-09-10;17:46:14;AL  ;Cleared;EUtraNetwork=1,ExternalENodeBFunction=2221-209050;Inter Node Feature Incompatibility;Inter eNodeB CA feature is not activated in remote eNodeB. SUPPRESSED
2025-09-10;19:16:59;AL  ;Minor ;EUtraNetwork=1,ExternalENodeBFunction=2221-209050;Inter Node Feature Incompatibility;Inter eNodeB CA feature is not activated in remote eNodeB. SUPPRESSED
2025-09-10;19:16:59;AL  ;Minor ;EUtraNetwork=1,ExternalENodeBFunction=2221-650788;Inter Node Feature Incompatibility;Inter eNodeB CA feature is not activated in remote eNodeB. SUPPRESSED
2025-09-10;19:17:40;AL  ;Cleared;EUtraNetwork=1,ExternalENodeBFunction=2221-209050;Inter Node Feature Incompatibility;Inter eNodeB CA feature is not activated in remote eNodeB. SUPPRESSED
2025-09-10;19:17:40;AL  ;Cleared;EUtraNetwork=1,ExternalENodeBFunction=2221-650788;Inter Node Feature Incompatibility;Inter eNodeB CA feature is not activated in remote eNodeB. SUPPRESSED
2025-09-10;19:42:59;AL  ;Minor ;EUtraNetwork=1,ExternalENodeBFunction=2221-209050;Inter Node Feature Incompatibility;Inter eNodeB CA feature is not activated in remote eNodeB. SUPPRESSED
2025-09-10;19:42:59;AL  ;Minor ;EUtraNetwork=1,ExternalENodeBFunction=2221-650788;Inter Node Feature Incompatibility;Inter eNodeB CA feature is not activated in remote eNodeB. SUPPRESSED
2025-09-10;19:43:59;AL  ;Cleared;EUtraNetwork=1,ExternalENodeBFunction=2221-209050;Inter Node Feature Incompatibility;Inter eNodeB CA feature is not activated in remote eNodeB. SUPPRESSED
2025-09-10;19:43:59;AL  ;Cleared;EUtraNetwork=1,ExternalENodeBFunction=2221-650788;Inter Node Feature Incompatibility;Inter eNodeB CA feature is not activated in remote eNodeB. SUPPRESSED
2025-09-10;21:45:34;AL  ;Minor ;EUtraNetwork=1,ExternalENodeBFunction=2221-209050;Inter Node Feature Incompatibility;Inter eNodeB CA feature is not activated in remote eNodeB. SUPPRESSED
2025-09-10;23:30:59;AL  ;Minor ;EUtraNetwork=1,ExternalENodeBFunction=2221-650788;Inter Node Feature Incompatibility;Inter eNodeB CA feature is not activated in remote eNodeB. SUPPRESSED
2025-09-11;06:01:26;AL  ;Cleared;EUtraNetwork=1,ExternalENodeBFunction=2221-650788;Inter Node Feature Incompatibility;Inter eNodeB CA feature is not activated in remote eNodeB. SUPPRESSED
2025-09-11;06:01:36;AL  ;Cleared;EUtraNetwork=1,ExternalENodeBFunction=2221-209050;Inter Node Feature Incompatibility;Inter eNodeB CA feature is not activated in remote eNodeB. SUPPRESSED
2025-09-11;06:01:41;AL  ;Minor ;EUtraNetwork=1,ExternalENodeBFunction=2221-208472;Inter Node Feature Incompatibility;Inter eNodeB CA feature is not activated in remote eNodeB. SUPPRESSED
2025-09-11;06:01:41;AL  ;Minor ;EUtraNetwork=1,ExternalENodeBFunction=2221-207418;Inter Node Feature Incompatibility;Inter eNodeB CA feature is not activated in remote eNodeB. SUPPRESSED
2025-09-11;19:07:00;AL  ;Minor ;EUtraNetwork=1,ExternalENodeBFunction=2221-207418;Inter Node Feature Incompatibility;Inter eNodeB CA feature is not activated in remote eNodeB. SUPPRESSED
2025-09-11;19:07:01;AL  ;Minor ;EUtraNetwork=1,ExternalENodeBFunction=2221-208472;Inter Node Feature Incompatibility;Inter eNodeB CA feature is not activated in remote eNodeB. SUPPRESSED
2025-09-11;19:29:59;AL  ;Minor ;EUtraNetwork=1,ExternalENodeBFunction=2221-209050;Inter Node Feature Incompatibility;Inter eNodeB CA feature is not activated in remote eNodeB. SUPPRESSED
2025-09-11;19:29:59;AL  ;Minor ;EUtraNetwork=1,ExternalENodeBFunction=2221-650788;Inter Node Feature Incompatibility;Inter eNodeB CA feature is not activated in remote eNodeB. SUPPRESSED
2025-09-11;19:33:13;AL  ;Cleared;EUtraNetwork=1,ExternalENodeBFunction=2221-209050;Inter Node Feature Incompatibility;Inter eNodeB CA feature is not activated in remote eNodeB. SUPPRESSED
2025-09-11;19:33:13;AL  ;Cleared;EUtraNetwork=1,ExternalENodeBFunction=2221-650788;Inter Node Feature Incompatibility;Inter eNodeB CA feature is not activated in remote eNodeB. SUPPRESSED
2025-09-11;23:16:59;AL  ;Minor ;EUtraNetwork=1,ExternalENodeBFunction=2221-209050;Inter Node Feature Incompatibility;Inter eNodeB CA feature is not activated in remote eNodeB. SUPPRESSED
2025-09-11;23:51:59;AL  ;Minor ;EUtraNetwork=1,ExternalENodeBFunction=2221-650788;Inter Node Feature Incompatibility;Inter eNodeB CA feature is not activated in remote eNodeB. SUPPRESSED
2025-09-12;06:01:26;AL  ;Cleared;EUtraNetwork=1,ExternalENodeBFunction=2221-650788;Inter Node Feature Incompatibility;Inter eNodeB CA feature is not activated in remote eNodeB. SUPPRESSED
2025-09-12;06:01:35;AL  ;Cleared;EUtraNetwork=1,ExternalENodeBFunction=2221-209050;Inter Node Feature Incompatibility;Inter eNodeB CA feature is not activated in remote eNodeB. SUPPRESSED
2025-09-12;06:01:42;AL  ;Minor ;EUtraNetwork=1,ExternalENodeBFunction=2221-208472;Inter Node Feature Incompatibility;Inter eNodeB CA feature is not activated in remote eNodeB. SUPPRESSED
2025-09-12;06:01:42;AL  ;Minor ;EUtraNetwork=1,ExternalENodeBFunction=2221-207418;Inter Node Feature Incompatibility;Inter eNodeB CA feature is not activated in remote eNodeB. SUPPRESSED
2025-09-12;08:52:09;AL  ;Minor ;EUtraNetwork=1,ExternalENodeBFunction=2221-209050;Inter Node Feature Incompatibility;Inter eNodeB CA feature is not activated in remote eNodeB. SUPPRESSED
2025-09-12;09:01:42;AL  ;Minor ;ENodeBFunction=1;External Link Failure;X2 link problem to one or several neighbouring eNodeBs. AI: PLMN ID-eNB ID 1 = 2221-205188
2025-09-12;09:01:58;AL  ;Cleared;ENodeBFunction=1;External Link Failure;X2 link problem to one or several neighbouring eNodeBs. AI: PLMN ID-eNB ID 1 = 2221-205188
2025-09-12;09:05:04;AL  ;Cleared;EUtraNetwork=1,ExternalENodeBFunction=2221-209050;Inter Node Feature Incompatibility;Inter eNodeB CA feature is not activated in remote eNodeB. SUPPRESSED
2025-09-12;13:46:41;AL  ;Minor ;EUtraNetwork=1,ExternalENodeBFunction=2221-650788;Inter Node Feature Incompatibility;Inter eNodeB CA feature is not activated in remote eNodeB. SUPPRESSED
2025-09-12;13:56:07;AL  ;Cleared;EUtraNetwork=1,ExternalENodeBFunction=2221-650788;Inter Node Feature Incompatibility;Inter eNodeB CA feature is not activated in remote eNodeB. SUPPRESSED
2025-09-12;13:56:07;AL  ;Minor ;EUtraNetwork=1,ExternalENodeBFunction=2221-209050;Inter Node Feature Incompatibility;Inter eNodeB CA feature is not activated in remote eNodeB. SUPPRESSED
2025-09-12;14:00:57;AL  ;Cleared;EUtraNetwork=1,ExternalENodeBFunction=2221-209050;Inter Node Feature Incompatibility;Inter eNodeB CA feature is not activated in remote eNodeB. SUPPRESSED
2025-09-12;14:01:02;AL  ;Minor ;EUtraNetwork=1,ExternalENodeBFunction=2221-209050;Inter Node Feature Incompatibility;Inter eNodeB CA feature is not activated in remote eNodeB. SUPPRESSED
2025-09-12;14:01:09;AL  ;Cleared;EUtraNetwork=1,ExternalENodeBFunction=2221-209050;Inter Node Feature Incompatibility;Inter eNodeB CA feature is not activated in remote eNodeB. SUPPRESSED
2025-09-12;19:08:00;AL  ;Minor ;EUtraNetwork=1,ExternalENodeBFunction=2221-650788;Inter Node Feature Incompatibility;Inter eNodeB CA feature is not activated in remote eNodeB. SUPPRESSED
2025-09-12;19:08:09;AL  ;Cleared;EUtraNetwork=1,ExternalENodeBFunction=2221-650788;Inter Node Feature Incompatibility;Inter eNodeB CA feature is not activated in remote eNodeB. SUPPRESSED
2025-09-12;19:19:05;AL  ;Minor ;EUtraNetwork=1,ExternalENodeBFunction=2221-209050;Inter Node Feature Incompatibility;Inter eNodeB CA feature is not activated in remote eNodeB. SUPPRESSED
2025-09-12;20:54:01;AL  ;Minor ;EUtraNetwork=1,ExternalENodeBFunction=2221-208472;Inter Node Feature Incompatibility;Inter eNodeB CA feature is not activated in remote eNodeB. SUPPRESSED
2025-09-12;20:54:01;AL  ;Cleared;EUtraNetwork=1,ExternalENodeBFunction=2221-209050;Inter Node Feature Incompatibility;Inter eNodeB CA feature is not activated in remote eNodeB. SUPPRESSED
2025-09-12;20:54:01;AL  ;Minor ;EUtraNetwork=1,ExternalENodeBFunction=2221-650788;Inter Node Feature Incompatibility;Inter eNodeB CA feature is not activated in remote eNodeB. SUPPRESSED
2025-09-12;20:59:54;AL  ;Cleared;EUtraNetwork=1,ExternalENodeBFunction=2221-650788;Inter Node Feature Incompatibility;Inter eNodeB CA feature is not activated in remote eNodeB. SUPPRESSED
2025-09-12;20:59:54;AL  ;Minor ;EUtraNetwork=1,ExternalENodeBFunction=2221-209050;Inter Node Feature Incompatibility;Inter eNodeB CA feature is not activated in remote eNodeB. SUPPRESSED
2025-09-12;23:00:59;AL  ;Minor ;EUtraNetwork=1,ExternalENodeBFunction=2221-650788;Inter Node Feature Incompatibility;Inter eNodeB CA feature is not activated in remote eNodeB. SUPPRESSED
2025-09-12;23:14:59;AL  ;Cleared;EUtraNetwork=1,ExternalENodeBFunction=2221-650788;Inter Node Feature Incompatibility;Inter eNodeB CA feature is not activated in remote eNodeB. SUPPRESSED
2025-09-13;02:19:59;AL  ;Minor ;EUtraNetwork=1,ExternalENodeBFunction=2221-650788;Inter Node Feature Incompatibility;Inter eNodeB CA feature is not activated in remote eNodeB. SUPPRESSED
2025-09-13;06:01:09;AL  ;Cleared;EUtraNetwork=1,ExternalENodeBFunction=2221-650788;Inter Node Feature Incompatibility;Inter eNodeB CA feature is not activated in remote eNodeB. SUPPRESSED
2025-09-13;06:01:42;AL  ;Minor ;EUtraNetwork=1,ExternalENodeBFunction=2221-208472;Inter Node Feature Incompatibility;Inter eNodeB CA feature is not activated in remote eNodeB. SUPPRESSED
2025-09-13;06:01:43;AL  ;Minor ;EUtraNetwork=1,ExternalENodeBFunction=2221-209050;Inter Node Feature Incompatibility;Inter eNodeB CA feature is not activated in remote eNodeB. SUPPRESSED
2025-09-13;06:01:55;AL  ;Minor ;EUtraNetwork=1,ExternalENodeBFunction=2221-207418;Inter Node Feature Incompatibility;Inter eNodeB CA feature is not activated in remote eNodeB. SUPPRESSED
2025-09-13;06:01:51;AL  ;Cleared;EUtraNetwork=1,ExternalENodeBFunction=2221-209050;Inter Node Feature Incompatibility;Inter eNodeB CA feature is not activated in remote eNodeB. SUPPRESSED
2025-09-13;13:47:07;AL  ;Minor ;EUtraNetwork=1,ExternalENodeBFunction=2221-209050;Inter Node Feature Incompatibility;Inter eNodeB CA feature is not activated in remote eNodeB. SUPPRESSED
2025-09-13;13:47:15;AL  ;Cleared;EUtraNetwork=1,ExternalENodeBFunction=2221-209050;Inter Node Feature Incompatibility;Inter eNodeB CA feature is not activated in remote eNodeB. SUPPRESSED
2025-09-13;19:07:00;AL  ;Minor ;EUtraNetwork=1,ExternalENodeBFunction=2221-208472;Inter Node Feature Incompatibility;Inter eNodeB CA feature is not activated in remote eNodeB. SUPPRESSED
2025-09-13;19:07:03;AL  ;Minor ;EUtraNetwork=1,ExternalENodeBFunction=2221-209050;Inter Node Feature Incompatibility;Inter eNodeB CA feature is not activated in remote eNodeB. SUPPRESSED
2025-09-14;00:16:18;AL  ;Minor ;EUtraNetwork=1,ExternalENodeBFunction=2221-650788;Inter Node Feature Incompatibility;Inter eNodeB CA feature is not activated in remote eNodeB. SUPPRESSED
2025-09-14;06:01:32;AL  ;Cleared;EUtraNetwork=1,ExternalENodeBFunction=2221-650788;Inter Node Feature Incompatibility;Inter eNodeB CA feature is not activated in remote eNodeB. SUPPRESSED
2025-09-14;06:01:41;AL  ;Minor ;EUtraNetwork=1,ExternalENodeBFunction=2221-208472;Inter Node Feature Incompatibility;Inter eNodeB CA feature is not activated in remote eNodeB. SUPPRESSED
2025-09-14;06:01:55;AL  ;Minor ;EUtraNetwork=1,ExternalENodeBFunction=2221-207418;Inter Node Feature Incompatibility;Inter eNodeB CA feature is not activated in remote eNodeB. SUPPRESSED
2025-09-14;06:01:51;AL  ;Cleared;EUtraNetwork=1,ExternalENodeBFunction=2221-209050;Inter Node Feature Incompatibility;Inter eNodeB CA feature is not activated in remote eNodeB. SUPPRESSED
2025-09-14;09:31:54;AL  ;Minor ;EUtraNetwork=1,ExternalENodeBFunction=2221-650788;Inter Node Feature Incompatibility;Inter eNodeB CA feature is not activated in remote eNodeB. SUPPRESSED
2025-09-14;09:58:16;AL  ;Minor ;EUtraNetwork=1,ExternalENodeBFunction=2221-211164;Inter Node Carrier Aggregation Service Unavailable;Elastic RAN Carrier Aggregation is not available towards remote eNodeB.
2025-09-14;11:23:16;AL  ;Cleared;EUtraNetwork=1,ExternalENodeBFunction=2221-650788;Inter Node Feature Incompatibility;Inter eNodeB CA feature is not activated in remote eNodeB. SUPPRESSED
2025-09-14;11:29:20;AL  ;Cleared;EUtraNetwork=1,ExternalENodeBFunction=2221-211164;Inter Node Carrier Aggregation Service Unavailable;Elastic RAN Carrier Aggregation is not available towards remote eNodeB.
2025-09-14;19:06:59;AL  ;Minor ;EUtraNetwork=1,ExternalENodeBFunction=2221-205376;Inter Node Feature Incompatibility;Inter eNodeB CA feature is not activated in remote eNodeB. SUPPRESSED
2025-09-14;19:21:59;AL  ;Minor ;EUtraNetwork=1,ExternalENodeBFunction=2221-209050;Inter Node Feature Incompatibility;Inter eNodeB CA feature is not activated in remote eNodeB. SUPPRESSED
2025-09-14;19:21:59;AL  ;Minor ;EUtraNetwork=1,ExternalENodeBFunction=2221-650788;Inter Node Feature Incompatibility;Inter eNodeB CA feature is not activated in remote eNodeB. SUPPRESSED
2025-09-14;19:25:56;AL  ;Cleared;EUtraNetwork=1,ExternalENodeBFunction=2221-209050;Inter Node Feature Incompatibility;Inter eNodeB CA feature is not activated in remote eNodeB. SUPPRESSED
2025-09-14;19:25:56;AL  ;Cleared;EUtraNetwork=1,ExternalENodeBFunction=2221-650788;Inter Node Feature Incompatibility;Inter eNodeB CA feature is not activated in remote eNodeB. SUPPRESSED
2025-09-14;22:43:19;AL  ;Minor ;EUtraNetwork=1,ExternalENodeBFunction=2221-209050;Inter Node Feature Incompatibility;Inter eNodeB CA feature is not activated in remote eNodeB. SUPPRESSED
2025-09-15;00:06:54;AL  ;Minor ;EUtraNetwork=1,ExternalENodeBFunction=2221-650788;Inter Node Feature Incompatibility;Inter eNodeB CA feature is not activated in remote eNodeB. SUPPRESSED
2025-09-15;06:01:11;AL  ;Cleared;EUtraNetwork=1,ExternalENodeBFunction=2221-650788;Inter Node Feature Incompatibility;Inter eNodeB CA feature is not activated in remote eNodeB. SUPPRESSED
2025-09-15;06:01:42;AL  ;Minor ;EUtraNetwork=1,ExternalENodeBFunction=2221-208472;Inter Node Feature Incompatibility;Inter eNodeB CA feature is not activated in remote eNodeB. SUPPRESSED
2025-09-15;06:01:43;AL  ;Minor ;EUtraNetwork=1,ExternalENodeBFunction=2221-209050;Inter Node Feature Incompatibility;Inter eNodeB CA feature is not activated in remote eNodeB. SUPPRESSED
2025-09-15;06:01:55;AL  ;Minor ;EUtraNetwork=1,ExternalENodeBFunction=2221-207418;Inter Node Feature Incompatibility;Inter eNodeB CA feature is not activated in remote eNodeB. SUPPRESSED
2025-09-15;06:01:51;AL  ;Cleared;EUtraNetwork=1,ExternalENodeBFunction=2221-209050;Inter Node Feature Incompatibility;Inter eNodeB CA feature is not activated in remote eNodeB. SUPPRESSED
2025-09-15;19:06:59;AL  ;Minor ;EUtraNetwork=1,ExternalENodeBFunction=2221-208472;Inter Node Feature Incompatibility;Inter eNodeB CA feature is not activated in remote eNodeB. SUPPRESSED
2025-09-15;19:14:04;AL  ;Minor ;EUtraNetwork=1,ExternalENodeBFunction=2221-209050;Inter Node Feature Incompatibility;Inter eNodeB CA feature is not activated in remote eNodeB. SUPPRESSED
2025-09-15;20:56:34;AL  ;Minor ;EUtraNetwork=1,ExternalENodeBFunction=2221-650788;Inter Node Feature Incompatibility;Inter eNodeB CA feature is not activated in remote eNodeB. SUPPRESSED
2025-09-16;06:01:11;AL  ;Cleared;EUtraNetwork=1,ExternalENodeBFunction=2221-650788;Inter Node Feature Incompatibility;Inter eNodeB CA feature is not activated in remote eNodeB. SUPPRESSED
2025-09-16;06:01:42;AL  ;Minor ;EUtraNetwork=1,ExternalENodeBFunction=2221-208472;Inter Node Feature Incompatibility;Inter eNodeB CA feature is not activated in remote eNodeB. SUPPRESSED
2025-09-16;06:01:43;AL  ;Minor ;EUtraNetwork=1,ExternalENodeBFunction=2221-209050;Inter Node Feature Incompatibility;Inter eNodeB CA feature is not activated in remote eNodeB. SUPPRESSED
2025-09-16;06:01:55;AL  ;Minor ;EUtraNetwork=1,ExternalENodeBFunction=2221-207418;Inter Node Feature Incompatibility;Inter eNodeB CA feature is not activated in remote eNodeB. SUPPRESSED
2025-09-16;06:01:51;AL  ;Cleared;EUtraNetwork=1,ExternalENodeBFunction=2221-209050;Inter Node Feature Incompatibility;Inter eNodeB CA feature is not activated in remote eNodeB. SUPPRESSED
2025-09-16;09:59:29;AL  ;Warning;ENodeBFunction=1;PLMN Service Redundancy Lost;S1 connection failure for PLMN connected with link represented by MO listed in Additional Information. AI: PLMN = ["2221"],DN1=ManagedElement=1,ENodeBFunction=1,TermPointToMme=5,
2025-09-16;09:59:59;AL  ;Cleared;ENodeBFunction=1;PLMN Service Redundancy Lost;S1 connection failure for PLMN connected with link represented by MO listed in Additional Information. AI: PLMN = ["2221"],DN1=ManagedElement=1,ENodeBFunction=1,TermPointToMme=5,
2025-09-16;19:18:37;AL  ;Minor ;EUtraNetwork=1,ExternalENodeBFunction=2221-209050;Inter Node Feature Incompatibility;Inter eNodeB CA feature is not activated in remote eNodeB. SUPPRESSED
2025-09-16;22:36:59;AL  ;Minor ;EUtraNetwork=1,ExternalENodeBFunction=2221-650788;Inter Node Feature Incompatibility;Inter eNodeB CA feature is not activated in remote eNodeB. SUPPRESSED
2025-09-17;06:01:11;AL  ;Cleared;EUtraNetwork=1,ExternalENodeBFunction=2221-650788;Inter Node Feature Incompatibility;Inter eNodeB CA feature is not activated in remote eNodeB. SUPPRESSED
2025-09-17;06:01:42;AL  ;Minor ;EUtraNetwork=1,ExternalENodeBFunction=2221-208472;Inter Node Feature Incompatibility;Inter eNodeB CA feature is not activated in remote eNodeB. SUPPRESSED
2025-09-17;06:01:43;AL  ;Minor ;EUtraNetwork=1,ExternalENodeBFunction=2221-209050;Inter Node Feature Incompatibility;Inter eNodeB CA feature is not activated in remote eNodeB. SUPPRESSED
2025-09-17;06:01:55;AL  ;Minor ;EUtraNetwork=1,ExternalENodeBFunction=2221-207418;Inter Node Feature Incompatibility;Inter eNodeB CA feature is not activated in remote eNodeB. SUPPRESSED
2025-09-17;06:01:51;AL  ;Cleared;EUtraNetwork=1,ExternalENodeBFunction=2221-209050;Inter Node Feature Incompatibility;Inter eNodeB CA feature is not activated in remote eNodeB. SUPPRESSED
2025-09-17;19:06:59;AL  ;Minor ;EUtraNetwork=1,ExternalENodeBFunction=2221-208472;Inter Node Feature Incompatibility;Inter eNodeB CA feature is not activated in remote eNodeB. SUPPRESSED
2025-09-17;19:09:59;AL  ;Minor ;EUtraNetwork=1,ExternalENodeBFunction=2221-209050;Inter Node Feature Incompatibility;Inter eNodeB CA feature is not activated in remote eNodeB. SUPPRESSED
2025-09-17;19:09:59;AL  ;Minor ;EUtraNetwork=1,ExternalENodeBFunction=2221-650788;Inter Node Feature Incompatibility;Inter eNodeB CA feature is not activated in remote eNodeB. SUPPRESSED
2025-09-17;19:11:15;AL  ;Cleared;EUtraNetwork=1,ExternalENodeBFunction=2221-209050;Inter Node Feature Incompatibility;Inter eNodeB CA feature is not activated in remote eNodeB. SUPPRESSED
2025-09-17;19:11:15;AL  ;Cleared;EUtraNetwork=1,ExternalENodeBFunction=2221-650788;Inter Node Feature Incompatibility;Inter eNodeB CA feature is not activated in remote eNodeB. SUPPRESSED
2025-09-17;21:29:49;AL  ;Minor ;EUtraNetwork=1,ExternalENodeBFunction=2221-209050;Inter Node Feature Incompatibility;Inter eNodeB CA feature is not activated in remote eNodeB. SUPPRESSED
2025-09-17;23:02:06;AL  ;Minor ;EUtraNetwork=1,ExternalENodeBFunction=2221-650788;Inter Node Feature Incompatibility;Inter eNodeB CA feature is not activated in remote eNodeB. SUPPRESSED
2025-09-18;06:01:11;AL  ;Cleared;EUtraNetwork=1,ExternalENodeBFunction=2221-650788;Inter Node Feature Incompatibility;Inter eNodeB CA feature is not activated in remote eNodeB. SUPPRESSED
2025-09-18;06:01:41;AL  ;Minor ;EUtraNetwork=1,ExternalENodeBFunction=2221-208472;Inter Node Feature Incompatibility;Inter eNodeB CA feature is not activated in remote eNodeB. SUPPRESSED
2025-09-18;06:01:43;AL  ;Minor ;EUtraNetwork=1,ExternalENodeBFunction=2221-209050;Inter Node Feature Incompatibility;Inter eNodeB CA feature is not activated in remote eNodeB. SUPPRESSED
2025-09-18;06:01:54;AL  ;Minor ;EUtraNetwork=1,ExternalENodeBFunction=2221-207418;Inter Node Feature Incompatibility;Inter eNodeB CA feature is not activated in remote eNodeB. SUPPRESSED
2025-09-18;06:01:51;AL  ;Cleared;EUtraNetwork=1,ExternalENodeBFunction=2221-209050;Inter Node Feature Incompatibility;Inter eNodeB CA feature is not activated in remote eNodeB. SUPPRESSED
2025-09-18;08:57:35;AL  ;Major ;Synchronization=1,RadioEquipmentClock=1,RadioEquipmentClockReference=PTP;Sync PTP Time Reachability Fault;No PTP messages
2025-09-18;09:06:44;AL  ;Cleared;Synchronization=1,RadioEquipmentClock=1,RadioEquipmentClockReference=PTP;Sync PTP Time Reachability Fault;No PTP messages
2025-09-18;19:01:41;AL  ;Minor ;EUtraNetwork=1,ExternalENodeBFunction=2221-650788;Inter Node Feature Incompatibility;Inter eNodeB CA feature is not activated in remote eNodeB. SUPPRESSED
2025-09-18;19:06:58;AL  ;Cleared;EUtraNetwork=1,ExternalENodeBFunction=2221-650788;Inter Node Feature Incompatibility;Inter eNodeB CA feature is not activated in remote eNodeB. SUPPRESSED
2025-09-18;19:07:59;AL  ;Minor ;EUtraNetwork=1,ExternalENodeBFunction=2221-208472;Inter Node Feature Incompatibility;Inter eNodeB CA feature is not activated in remote eNodeB. SUPPRESSED
2025-09-18;19:08:00;AL  ;Minor ;EUtraNetwork=1,ExternalENodeBFunction=2221-650788;Inter Node Feature Incompatibility;Inter eNodeB CA feature is not activated in remote eNodeB. SUPPRESSED
2025-09-18;19:11:03;AL  ;Cleared;EUtraNetwork=1,ExternalENodeBFunction=2221-650788;Inter Node Feature Incompatibility;Inter eNodeB CA feature is not activated in remote eNodeB. SUPPRESSED
2025-09-18;19:15:04;AL  ;Minor ;EUtraNetwork=1,ExternalENodeBFunction=2221-209050;Inter Node Feature Incompatibility;Inter eNodeB CA feature is not activated in remote eNodeB. SUPPRESSED
2025-09-18;19:15:04;AL  ;Minor ;EUtraNetwork=1,ExternalENodeBFunction=2221-650788;Inter Node Feature Incompatibility;Inter eNodeB CA feature is not activated in remote eNodeB. SUPPRESSED
2025-09-18;19:19:59;AL  ;Cleared;EUtraNetwork=1,ExternalENodeBFunction=2221-650788;Inter Node Feature Incompatibility;Inter eNodeB CA feature is not activated in remote eNodeB. SUPPRESSED
2025-09-19;00:55:59;AL  ;Minor ;EUtraNetwork=1,ExternalENodeBFunction=2221-650788;Inter Node Feature Incompatibility;Inter eNodeB CA feature is not activated in remote eNodeB. SUPPRESSED
2025-09-19;06:01:11;AL  ;Cleared;EUtraNetwork=1,ExternalENodeBFunction=2221-650788;Inter Node Feature Incompatibility;Inter eNodeB CA feature is not activated in remote eNodeB. SUPPRESSED
2025-09-19;06:01:41;AL  ;Minor ;EUtraNetwork=1,ExternalENodeBFunction=2221-208472;Inter Node Feature Incompatibility;Inter eNodeB CA feature is not activated in remote eNodeB. SUPPRESSED
2025-09-19;06:01:43;AL  ;Minor ;EUtraNetwork=1,ExternalENodeBFunction=2221-209050;Inter Node Feature Incompatibility;Inter eNodeB CA feature is not activated in remote eNodeB. SUPPRESSED
2025-09-19;06:01:55;AL  ;Minor ;EUtraNetwork=1,ExternalENodeBFunction=2221-207418;Inter Node Feature Incompatibility;Inter eNodeB CA feature is not activated in remote eNodeB. SUPPRESSED
2025-09-19;06:01:51;AL  ;Cleared;EUtraNetwork=1,ExternalENodeBFunction=2221-209050;Inter Node Feature Incompatibility;Inter eNodeB CA feature is not activated in remote eNodeB. SUPPRESSED
2025-09-19;07:00:21;AL  ;Cleared;EUtraNetwork=1,ExternalENodeBFunction=2221-208472;Inter Node Feature Incompatibility;Inter eNodeB CA feature is not activated in remote eNodeB. SUPPRESSED
2025-09-19;07:00:21;AL  ;Minor ;EUtraNetwork=1,ExternalENodeBFunction=2221-209050;Inter Node Feature Incompatibility;Inter eNodeB CA feature is not activated in remote eNodeB. SUPPRESSED
2025-09-19;07:09:54;AL  ;Minor ;ENodeBFunction=1;External Link Failure;X2 link problem to one or several neighbouring eNodeBs. AI: PLMN ID-eNB ID 1 = 2221-208472
2025-09-19;12:10:01;AL  ;Cleared;ENodeBFunction=1;External Link Failure;X2 link problem to one or several neighbouring eNodeBs. AI: PLMN ID-eNB ID 1 = 2221-208472
2025-09-19;12:11:57;AL  ;Cleared;EUtraNetwork=1,ExternalENodeBFunction=2221-209050;Inter Node Feature Incompatibility;Inter eNodeB CA feature is not activated in remote eNodeB. SUPPRESSED
2025-09-19;12:11:57;AL  ;Minor ;EUtraNetwork=1,ExternalENodeBFunction=2221-208472;Inter Node Feature Incompatibility;Inter eNodeB CA feature is not activated in remote eNodeB. SUPPRESSED
2025-09-19;12:16:08;AL  ;Minor ;EUtraNetwork=1,ExternalENodeBFunction=2221-209050;Inter Node Feature Incompatibility;Inter eNodeB CA feature is not activated in remote eNodeB. SUPPRESSED
2025-09-19;12:16:23;AL  ;Cleared;EUtraNetwork=1,ExternalENodeBFunction=2221-209050;Inter Node Feature Incompatibility;Inter eNodeB CA feature is not activated in remote eNodeB. SUPPRESSED
2025-09-19;19:08:59;AL  ;Minor ;EUtraNetwork=1,ExternalENodeBFunction=2221-209050;Inter Node Feature Incompatibility;Inter eNodeB CA feature is not activated in remote eNodeB. SUPPRESSED
2025-09-19;23:35:59;AL  ;Minor ;EUtraNetwork=1,ExternalENodeBFunction=2221-650788;Inter Node Feature Incompatibility;Inter eNodeB CA feature is not activated in remote eNodeB. SUPPRESSED
2025-09-20;06:01:11;AL  ;Cleared;EUtraNetwork=1,ExternalENodeBFunction=2221-650788;Inter Node Feature Incompatibility;Inter eNodeB CA feature is not activated in remote eNodeB. SUPPRESSED
2025-09-20;06:01:41;AL  ;Minor ;EUtraNetwork=1,ExternalENodeBFunction=2221-208472;Inter Node Feature Incompatibility;Inter eNodeB CA feature is not activated in remote eNodeB. SUPPRESSED
2025-09-20;06:01:43;AL  ;Minor ;EUtraNetwork=1,ExternalENodeBFunction=2221-209050;Inter Node Feature Incompatibility;Inter eNodeB CA feature is not activated in remote eNodeB. SUPPRESSED
2025-09-20;06:01:54;AL  ;Minor ;EUtraNetwork=1,ExternalENodeBFunction=2221-207418;Inter Node Feature Incompatibility;Inter eNodeB CA feature is not activated in remote eNodeB. SUPPRESSED
2025-09-20;06:01:51;AL  ;Cleared;EUtraNetwork=1,ExternalENodeBFunction=2221-209050;Inter Node Feature Incompatibility;Inter eNodeB CA feature is not activated in remote eNodeB. SUPPRESSED
2025-09-20;19:07:38;AL  ;Minor ;EUtraNetwork=1,ExternalENodeBFunction=2221-209050;Inter Node Feature Incompatibility;Inter eNodeB CA feature is not activated in remote eNodeB. SUPPRESSED
2025-09-20;19:07:38;AL  ;Minor ;EUtraNetwork=1,ExternalENodeBFunction=2221-650788;Inter Node Feature Incompatibility;Inter eNodeB CA feature is not activated in remote eNodeB. SUPPRESSED
2025-09-20;19:07:58;AL  ;Cleared;EUtraNetwork=1,ExternalENodeBFunction=2221-209050;Inter Node Feature Incompatibility;Inter eNodeB CA feature is not activated in remote eNodeB. SUPPRESSED
2025-09-20;19:07:58;AL  ;Cleared;EUtraNetwork=1,ExternalENodeBFunction=2221-650788;Inter Node Feature Incompatibility;Inter eNodeB CA feature is not activated in remote eNodeB. SUPPRESSED
2025-09-20;20:44:04;AL  ;Minor ;EUtraNetwork=1,ExternalENodeBFunction=2221-209050;Inter Node Feature Incompatibility;Inter eNodeB CA feature is not activated in remote eNodeB. SUPPRESSED
2025-09-20;23:29:43;AL  ;Minor ;EUtraNetwork=1,ExternalENodeBFunction=2221-650788;Inter Node Feature Incompatibility;Inter eNodeB CA feature is not activated in remote eNodeB. SUPPRESSED
2025-09-21;06:01:32;AL  ;Cleared;EUtraNetwork=1,ExternalENodeBFunction=2221-650788;Inter Node Feature Incompatibility;Inter eNodeB CA feature is not activated in remote eNodeB. SUPPRESSED
2025-09-21;06:01:41;AL  ;Minor ;EUtraNetwork=1,ExternalENodeBFunction=2221-208472;Inter Node Feature Incompatibility;Inter eNodeB CA feature is not activated in remote eNodeB. SUPPRESSED
2025-09-21;06:01:55;AL  ;Minor ;EUtraNetwork=1,ExternalENodeBFunction=2221-207418;Inter Node Feature Incompatibility;Inter eNodeB CA feature is not activated in remote eNodeB. SUPPRESSED
2025-09-21;06:01:51;AL  ;Cleared;EUtraNetwork=1,ExternalENodeBFunction=2221-209050;Inter Node Feature Incompatibility;Inter eNodeB CA feature is not activated in remote eNodeB. SUPPRESSED
2025-09-21;08:54:32;AL  ;Minor ;EUtraNetwork=1,ExternalENodeBFunction=2221-209050;Inter Node Feature Incompatibility;Inter eNodeB CA feature is not activated in remote eNodeB. SUPPRESSED
2025-09-21;09:05:51;AL  ;Cleared;EUtraNetwork=1,ExternalENodeBFunction=2221-209050;Inter Node Feature Incompatibility;Inter eNodeB CA feature is not activated in remote eNodeB. SUPPRESSED
2025-09-21;09:05:57;AL  ;Minor ;EUtraNetwork=1,ExternalENodeBFunction=2221-209050;Inter Node Feature Incompatibility;Inter eNodeB CA feature is not activated in remote eNodeB. SUPPRESSED
2025-09-21;09:06:02;AL  ;Cleared;EUtraNetwork=1,ExternalENodeBFunction=2221-209050;Inter Node Feature Incompatibility;Inter eNodeB CA feature is not activated in remote eNodeB. SUPPRESSED
2025-09-21;09:59:19;AL  ;Minor ;EUtraNetwork=1,ExternalENodeBFunction=2221-209050;Inter Node Feature Incompatibility;Inter eNodeB CA feature is not activated in remote eNodeB. SUPPRESSED
2025-09-21;10:40:37;AL  ;Minor ;EUtraNetwork=1,ExternalENodeBFunction=2221-211164;Inter Node Carrier Aggregation Service Unavailable;Elastic RAN Carrier Aggregation is not available towards remote eNodeB.
2025-09-21;10:46:16;AL  ;Cleared;EUtraNetwork=1,ExternalENodeBFunction=2221-209050;Inter Node Feature Incompatibility;Inter eNodeB CA feature is not activated in remote eNodeB. SUPPRESSED
2025-09-21;11:11:03;AL  ;Cleared;EUtraNetwork=1,ExternalENodeBFunction=2221-211164;Inter Node Carrier Aggregation Service Unavailable;Elastic RAN Carrier Aggregation is not available towards remote eNodeB.
2025-09-21;22:03:14;AL  ;Minor ;EUtraNetwork=1,ExternalENodeBFunction=2221-209050;Inter Node Feature Incompatibility;Inter eNodeB CA feature is not activated in remote eNodeB. SUPPRESSED
2025-09-21;23:38:15;AL  ;Minor ;EUtraNetwork=1,ExternalENodeBFunction=2221-650788;Inter Node Feature Incompatibility;Inter eNodeB CA feature is not activated in remote eNodeB. SUPPRESSED
2025-09-22;06:01:11;AL  ;Cleared;EUtraNetwork=1,ExternalENodeBFunction=2221-650788;Inter Node Feature Incompatibility;Inter eNodeB CA feature is not activated in remote eNodeB. SUPPRESSED
2025-09-22;06:01:41;AL  ;Minor ;EUtraNetwork=1,ExternalENodeBFunction=2221-208472;Inter Node Feature Incompatibility;Inter eNodeB CA feature is not activated in remote eNodeB. SUPPRESSED
2025-09-22;06:01:43;AL  ;Minor ;EUtraNetwork=1,ExternalENodeBFunction=2221-209050;Inter Node Feature Incompatibility;Inter eNodeB CA feature is not activated in remote eNodeB. SUPPRESSED
2025-09-22;06:01:55;AL  ;Minor ;EUtraNetwork=1,ExternalENodeBFunction=2221-207418;Inter Node Feature Incompatibility;Inter eNodeB CA feature is not activated in remote eNodeB. SUPPRESSED
2025-09-22;06:01:51;AL  ;Cleared;EUtraNetwork=1,ExternalENodeBFunction=2221-209050;Inter Node Feature Incompatibility;Inter eNodeB CA feature is not activated in remote eNodeB. SUPPRESSED
2025-09-22;19:06:59;AL  ;Minor ;EUtraNetwork=1,ExternalENodeBFunction=2221-208472;Inter Node Feature Incompatibility;Inter eNodeB CA feature is not activated in remote eNodeB. SUPPRESSED
2025-09-22;19:07:11;AL  ;Minor ;EUtraNetwork=1,ExternalENodeBFunction=2221-209050;Inter Node Feature Incompatibility;Inter eNodeB CA feature is not activated in remote eNodeB. SUPPRESSED
2025-09-22;19:07:11;AL  ;Minor ;EUtraNetwork=1,ExternalENodeBFunction=2221-650788;Inter Node Feature Incompatibility;Inter eNodeB CA feature is not activated in remote eNodeB. SUPPRESSED
2025-09-22;19:07:22;AL  ;Cleared;EUtraNetwork=1,ExternalENodeBFunction=2221-209050;Inter Node Feature Incompatibility;Inter eNodeB CA feature is not activated in remote eNodeB. SUPPRESSED
2025-09-22;19:07:22;AL  ;Cleared;EUtraNetwork=1,ExternalENodeBFunction=2221-650788;Inter Node Feature Incompatibility;Inter eNodeB CA feature is not activated in remote eNodeB. SUPPRESSED
2025-09-22;22:55:26;AL  ;Minor ;EUtraNetwork=1,ExternalENodeBFunction=2221-209050;Inter Node Feature Incompatibility;Inter eNodeB CA feature is not activated in remote eNodeB. SUPPRESSED
2025-09-22;23:29:59;AL  ;Minor ;EUtraNetwork=1,ExternalENodeBFunction=2221-650788;Inter Node Feature Incompatibility;Inter eNodeB CA feature is not activated in remote eNodeB. SUPPRESSED
2025-09-23;06:01:11;AL  ;Cleared;EUtraNetwork=1,ExternalENodeBFunction=2221-650788;Inter Node Feature Incompatibility;Inter eNodeB CA feature is not activated in remote eNodeB. SUPPRESSED
2025-09-23;06:01:41;AL  ;Minor ;EUtraNetwork=1,ExternalENodeBFunction=2221-208472;Inter Node Feature Incompatibility;Inter eNodeB CA feature is not activated in remote eNodeB. SUPPRESSED
2025-09-23;06:01:43;AL  ;Minor ;EUtraNetwork=1,ExternalENodeBFunction=2221-209050;Inter Node Feature Incompatibility;Inter eNodeB CA feature is not activated in remote eNodeB. SUPPRESSED
2025-09-23;06:01:55;AL  ;Minor ;EUtraNetwork=1,ExternalENodeBFunction=2221-207418;Inter Node Feature Incompatibility;Inter eNodeB CA feature is not activated in remote eNodeB. SUPPRESSED
2025-09-23;06:01:51;AL  ;Cleared;EUtraNetwork=1,ExternalENodeBFunction=2221-209050;Inter Node Feature Incompatibility;Inter eNodeB CA feature is not activated in remote eNodeB. SUPPRESSED
2025-09-23;14:01:41;AL  ;Minor ;EUtraNetwork=1,ExternalENodeBFunction=2221-650788;Inter Node Feature Incompatibility;Inter eNodeB CA feature is not activated in remote eNodeB. SUPPRESSED
2025-09-23;14:16:28;AL  ;Cleared;EUtraNetwork=1,ExternalENodeBFunction=2221-650788;Inter Node Feature Incompatibility;Inter eNodeB CA feature is not activated in remote eNodeB. SUPPRESSED
2025-09-23;22:23:59;AL  ;Minor ;EUtraNetwork=1,ExternalENodeBFunction=2221-209050;Inter Node Feature Incompatibility;Inter eNodeB CA feature is not activated in remote eNodeB. SUPPRESSED
2025-09-23;23:15:01;AL  ;Minor ;EUtraNetwork=1,ExternalENodeBFunction=2221-650788;Inter Node Feature Incompatibility;Inter eNodeB CA feature is not activated in remote eNodeB. SUPPRESSED
2025-09-24;06:01:11;AL  ;Cleared;EUtraNetwork=1,ExternalENodeBFunction=2221-650788;Inter Node Feature Incompatibility;Inter eNodeB CA feature is not activated in remote eNodeB. SUPPRESSED
2025-09-24;06:01:41;AL  ;Minor ;EUtraNetwork=1,ExternalENodeBFunction=2221-208472;Inter Node Feature Incompatibility;Inter eNodeB CA feature is not activated in remote eNodeB. SUPPRESSED
2025-09-24;06:01:43;AL  ;Minor ;EUtraNetwork=1,ExternalENodeBFunction=2221-209050;Inter Node Feature Incompatibility;Inter eNodeB CA feature is not activated in remote eNodeB. SUPPRESSED
2025-09-24;06:01:54;AL  ;Minor ;EUtraNetwork=1,ExternalENodeBFunction=2221-207418;Inter Node Feature Incompatibility;Inter eNodeB CA feature is not activated in remote eNodeB. SUPPRESSED
2025-09-24;06:01:51;AL  ;Cleared;EUtraNetwork=1,ExternalENodeBFunction=2221-209050;Inter Node Feature Incompatibility;Inter eNodeB CA feature is not activated in remote eNodeB. SUPPRESSED
2025-09-24;09:11:02;AL  ;Warning;ENodeBFunction=1;PLMN Service Redundancy Lost;S1 connection failure for PLMN connected with link represented by MO listed in Additional Information. AI: PLMN = ["2221"],DN1=ManagedElement=1,ENodeBFunction=1,TermPointToMme=5,DN2=ManagedElement=1,ENodeBFunction=1,TermPointToMme=3,
2025-09-24;09:11:33;AL  ;Cleared;ENodeBFunction=1;PLMN Service Redundancy Lost;S1 connection failure for PLMN connected with link represented by MO listed in Additional Information. AI: PLMN = ["2221"],DN1=ManagedElement=1,ENodeBFunction=1,TermPointToMme=3,
2025-09-24;19:06:58;AL  ;Minor ;EUtraNetwork=1,ExternalENodeBFunction=2221-208472;Inter Node Feature Incompatibility;Inter eNodeB CA feature is not activated in remote eNodeB. SUPPRESSED
2025-09-24;22:52:59;AL  ;Minor ;EUtraNetwork=1,ExternalENodeBFunction=2221-209050;Inter Node Feature Incompatibility;Inter eNodeB CA feature is not activated in remote eNodeB. SUPPRESSED
2025-09-24;23:16:23;AL  ;Minor ;EUtraNetwork=1,ExternalENodeBFunction=2221-650788;Inter Node Feature Incompatibility;Inter eNodeB CA feature is not activated in remote eNodeB. SUPPRESSED
2025-09-25;06:01:11;AL  ;Cleared;EUtraNetwork=1,ExternalENodeBFunction=2221-650788;Inter Node Feature Incompatibility;Inter eNodeB CA feature is not activated in remote eNodeB. SUPPRESSED
2025-09-25;06:01:42;AL  ;Minor ;EUtraNetwork=1,ExternalENodeBFunction=2221-208472;Inter Node Feature Incompatibility;Inter eNodeB CA feature is not activated in remote eNodeB. SUPPRESSED
2025-09-25;06:01:43;AL  ;Minor ;EUtraNetwork=1,ExternalENodeBFunction=2221-209050;Inter Node Feature Incompatibility;Inter eNodeB CA feature is not activated in remote eNodeB. SUPPRESSED
2025-09-25;06:01:55;AL  ;Minor ;EUtraNetwork=1,ExternalENodeBFunction=2221-207418;Inter Node Feature Incompatibility;Inter eNodeB CA feature is not activated in remote eNodeB. SUPPRESSED
2025-09-25;06:01:51;AL  ;Cleared;EUtraNetwork=1,ExternalENodeBFunction=2221-209050;Inter Node Feature Incompatibility;Inter eNodeB CA feature is not activated in remote eNodeB. SUPPRESSED
2025-09-25;19:06:58;AL  ;Minor ;EUtraNetwork=1,ExternalENodeBFunction=2221-208472;Inter Node Feature Incompatibility;Inter eNodeB CA feature is not activated in remote eNodeB. SUPPRESSED
2025-09-25;19:06:59;AL  ;Minor ;EUtraNetwork=1,ExternalENodeBFunction=2221-207418;Inter Node Feature Incompatibility;Inter eNodeB CA feature is not activated in remote eNodeB. SUPPRESSED
2025-09-25;20:09:54;AL  ;Warning;ENodeBFunction=1;PLMN Service Redundancy Lost;S1 connection failure for PLMN connected with link represented by MO listed in Additional Information. AI: PLMN = ["2221"],DN1=ManagedElement=1,ENodeBFunction=1,TermPointToMme=5,
2025-09-25;20:10:24;AL  ;Cleared;ENodeBFunction=1;PLMN Service Redundancy Lost;S1 connection failure for PLMN connected with link represented by MO listed in Additional Information. AI: PLMN = ["2221"],DN1=ManagedElement=1,ENodeBFunction=1,TermPointToMme=5,
2025-09-25;22:29:59;AL  ;Minor ;EUtraNetwork=1,ExternalENodeBFunction=2221-209050;Inter Node Feature Incompatibility;Inter eNodeB CA feature is not activated in remote eNodeB. SUPPRESSED
2025-09-25;22:47:59;AL  ;Minor ;EUtraNetwork=1,ExternalENodeBFunction=2221-650788;Inter Node Feature Incompatibility;Inter eNodeB CA feature is not activated in remote eNodeB. SUPPRESSED
2025-09-26;06:01:11;AL  ;Cleared;EUtraNetwork=1,ExternalENodeBFunction=2221-650788;Inter Node Feature Incompatibility;Inter eNodeB CA feature is not activated in remote eNodeB. SUPPRESSED
2025-09-26;06:01:41;AL  ;Minor ;EUtraNetwork=1,ExternalENodeBFunction=2221-208472;Inter Node Feature Incompatibility;Inter eNodeB CA feature is not activated in remote eNodeB. SUPPRESSED
2025-09-26;06:01:43;AL  ;Minor ;EUtraNetwork=1,ExternalENodeBFunction=2221-209050;Inter Node Feature Incompatibility;Inter eNodeB CA feature is not activated in remote eNodeB. SUPPRESSED
2025-09-26;06:01:54;AL  ;Minor ;EUtraNetwork=1,ExternalENodeBFunction=2221-207418;Inter Node Feature Incompatibility;Inter eNodeB CA feature is not activated in remote eNodeB. SUPPRESSED
2025-09-26;06:01:51;AL  ;Cleared;EUtraNetwork=1,ExternalENodeBFunction=2221-209050;Inter Node Feature Incompatibility;Inter eNodeB CA feature is not activated in remote eNodeB. SUPPRESSED
2025-09-26;06:58:46;AL  ;Cleared;EUtraNetwork=1,ExternalENodeBFunction=2221-208472;Inter Node Feature Incompatibility;Inter eNodeB CA feature is not activated in remote eNodeB. SUPPRESSED
2025-09-26;06:58:46;AL  ;Minor ;EUtraNetwork=1,ExternalENodeBFunction=2221-209050;Inter Node Feature Incompatibility;Inter eNodeB CA feature is not activated in remote eNodeB. SUPPRESSED
2025-09-26;07:08:19;AL  ;Minor ;ENodeBFunction=1;External Link Failure;X2 link problem to one or several neighbouring eNodeBs. AI: PLMN ID-eNB ID 1 = 2221-208472
2025-09-26;07:56:07;AL  ;Major ;Synchronization=1,RadioEquipmentClock=1,RadioEquipmentClockReference=PTP;Sync PTP Time Reachability Fault;No PTP messages
2025-09-26;08:05:35;AL  ;Cleared;Synchronization=1,RadioEquipmentClock=1,RadioEquipmentClockReference=PTP;Sync PTP Time Reachability Fault;No PTP messages
2025-09-26;13:26:23;AL  ;Cleared;ENodeBFunction=1;External Link Failure;X2 link problem to one or several neighbouring eNodeBs. AI: PLMN ID-eNB ID 1 = 2221-208472
2025-09-26;13:28:26;AL  ;Cleared;EUtraNetwork=1,ExternalENodeBFunction=2221-209050;Inter Node Feature Incompatibility;Inter eNodeB CA feature is not activated in remote eNodeB. SUPPRESSED
2025-09-26;13:28:26;AL  ;Minor ;EUtraNetwork=1,ExternalENodeBFunction=2221-208472;Inter Node Feature Incompatibility;Inter eNodeB CA feature is not activated in remote eNodeB. SUPPRESSED
2025-09-26;13:29:56;AL  ;Minor ;EUtraNetwork=1,ExternalENodeBFunction=2221-209050;Inter Node Feature Incompatibility;Inter eNodeB CA feature is not activated in remote eNodeB. SUPPRESSED
2025-09-26;13:30:14;AL  ;Cleared;EUtraNetwork=1,ExternalENodeBFunction=2221-209050;Inter Node Feature Incompatibility;Inter eNodeB CA feature is not activated in remote eNodeB. SUPPRESSED
2025-09-26;19:06:59;AL  ;Minor ;EUtraNetwork=1,ExternalENodeBFunction=2221-208472;Inter Node Feature Incompatibility;Inter eNodeB CA feature is not activated in remote eNodeB. SUPPRESSED
2025-09-26;19:43:13;AL  ;Minor ;EUtraNetwork=1,ExternalENodeBFunction=2221-209050;Inter Node Feature Incompatibility;Inter eNodeB CA feature is not activated in remote eNodeB. SUPPRESSED
2025-09-26;23:17:59;AL  ;Minor ;EUtraNetwork=1,ExternalENodeBFunction=2221-650788;Inter Node Feature Incompatibility;Inter eNodeB CA feature is not activated in remote eNodeB. SUPPRESSED
2025-09-27;06:01:11;AL  ;Cleared;EUtraNetwork=1,ExternalENodeBFunction=2221-650788;Inter Node Feature Incompatibility;Inter eNodeB CA feature is not activated in remote eNodeB. SUPPRESSED
2025-09-27;06:01:41;AL  ;Minor ;EUtraNetwork=1,ExternalENodeBFunction=2221-208472;Inter Node Feature Incompatibility;Inter eNodeB CA feature is not activated in remote eNodeB. SUPPRESSED
2025-09-27;06:01:41;AL  ;Minor ;EUtraNetwork=1,ExternalENodeBFunction=2221-209050;Inter Node Feature Incompatibility;Inter eNodeB CA feature is not activated in remote eNodeB. SUPPRESSED
2025-09-27;06:01:54;AL  ;Minor ;EUtraNetwork=1,ExternalENodeBFunction=2221-207418;Inter Node Feature Incompatibility;Inter eNodeB CA feature is not activated in remote eNodeB. SUPPRESSED
2025-09-27;06:01:51;AL  ;Cleared;EUtraNetwork=1,ExternalENodeBFunction=2221-209050;Inter Node Feature Incompatibility;Inter eNodeB CA feature is not activated in remote eNodeB. SUPPRESSED
2025-09-27;10:01:54;AL  ;Minor ;EUtraNetwork=1,ExternalENodeBFunction=2221-650788;Inter Node Feature Incompatibility;Inter eNodeB CA feature is not activated in remote eNodeB. SUPPRESSED
2025-09-27;10:39:47;AL  ;Cleared;EUtraNetwork=1,ExternalENodeBFunction=2221-650788;Inter Node Feature Incompatibility;Inter eNodeB CA feature is not activated in remote eNodeB. SUPPRESSED
2025-09-27;16:46:41;AL  ;Minor ;EUtraNetwork=1,ExternalENodeBFunction=2221-650788;Inter Node Feature Incompatibility;Inter eNodeB CA feature is not activated in remote eNodeB. SUPPRESSED
2025-09-27;17:01:10;AL  ;Cleared;EUtraNetwork=1,ExternalENodeBFunction=2221-650788;Inter Node Feature Incompatibility;Inter eNodeB CA feature is not activated in remote eNodeB. SUPPRESSED
2025-09-27;19:06:59;AL  ;Minor ;EUtraNetwork=1,ExternalENodeBFunction=2221-208472;Inter Node Feature Incompatibility;Inter eNodeB CA feature is not activated in remote eNodeB. SUPPRESSED
2025-09-27;19:06:59;AL  ;Minor ;EUtraNetwork=1,ExternalENodeBFunction=2221-207418;Inter Node Feature Incompatibility;Inter eNodeB CA feature is not activated in remote eNodeB. SUPPRESSED
2025-09-27;20:48:59;AL  ;Minor ;EUtraNetwork=1,ExternalENodeBFunction=2221-209050;Inter Node Feature Incompatibility;Inter eNodeB CA feature is not activated in remote eNodeB. SUPPRESSED
2025-09-27;22:28:10;AL  ;Minor ;EUtraNetwork=1,ExternalENodeBFunction=2221-650788;Inter Node Feature Incompatibility;Inter eNodeB CA feature is not activated in remote eNodeB. SUPPRESSED
2025-09-28;04:14:16;AL  ;Cleared;EUtraNetwork=1,ExternalENodeBFunction=2221-650788;Inter Node Feature Incompatibility;Inter eNodeB CA feature is not activated in remote eNodeB. SUPPRESSED
2025-09-28;04:26:59;AL  ;Minor ;EUtraNetwork=1,ExternalENodeBFunction=2221-650788;Inter Node Feature Incompatibility;Inter eNodeB CA feature is not activated in remote eNodeB. SUPPRESSED
2025-09-28;06:01:12;AL  ;Cleared;EUtraNetwork=1,ExternalENodeBFunction=2221-650788;Inter Node Feature Incompatibility;Inter eNodeB CA feature is not activated in remote eNodeB. SUPPRESSED
2025-09-28;06:01:32;AL  ;Cleared;EUtraNetwork=1,ExternalENodeBFunction=2221-209050;Inter Node Feature Incompatibility;Inter eNodeB CA feature is not activated in remote eNodeB. SUPPRESSED
2025-09-28;06:01:41;AL  ;Minor ;EUtraNetwork=1,ExternalENodeBFunction=2221-208472;Inter Node Feature Incompatibility;Inter eNodeB CA feature is not activated in remote eNodeB. SUPPRESSED
2025-09-28;06:01:41;AL  ;Minor ;EUtraNetwork=1,ExternalENodeBFunction=2221-207418;Inter Node Feature Incompatibility;Inter eNodeB CA feature is not activated in remote eNodeB. SUPPRESSED
2025-09-28;07:04:09;AL  ;Minor ;EUtraNetwork=1,ExternalENodeBFunction=2221-209050;Inter Node Feature Incompatibility;Inter eNodeB CA feature is not activated in remote eNodeB. SUPPRESSED
2025-09-28;07:09:57;AL  ;Cleared;EUtraNetwork=1,ExternalENodeBFunction=2221-209050;Inter Node Feature Incompatibility;Inter eNodeB CA feature is not activated in remote eNodeB. SUPPRESSED
2025-09-28;10:39:55;AL  ;Minor ;EUtraNetwork=1,ExternalENodeBFunction=2221-211164;Inter Node Carrier Aggregation Service Unavailable;Elastic RAN Carrier Aggregation is not available towards remote eNodeB.
2025-09-28;11:08:45;AL  ;Cleared;EUtraNetwork=1,ExternalENodeBFunction=2221-207418;Inter Node Feature Incompatibility;Inter eNodeB CA feature is not activated in remote eNodeB. SUPPRESSED
2025-09-28;11:08:45;AL  ;Minor ;EUtraNetwork=1,ExternalENodeBFunction=2221-209050;Inter Node Feature Incompatibility;Inter eNodeB CA feature is not activated in remote eNodeB. SUPPRESSED
2025-09-28;11:09:23;AL  ;Cleared;EUtraNetwork=1,ExternalENodeBFunction=2221-211164;Inter Node Carrier Aggregation Service Unavailable;Elastic RAN Carrier Aggregation is not available towards remote eNodeB.
2025-09-28;11:09:47;AL  ;Cleared;EUtraNetwork=1,ExternalENodeBFunction=2221-209050;Inter Node Feature Incompatibility;Inter eNodeB CA feature is not activated in remote eNodeB. SUPPRESSED
2025-09-28;11:09:47;AL  ;Minor ;EUtraNetwork=1,ExternalENodeBFunction=2221-207418;Inter Node Feature Incompatibility;Inter eNodeB CA feature is not activated in remote eNodeB. SUPPRESSED
2025-09-28;19:06:58;AL  ;Minor ;EUtraNetwork=1,ExternalENodeBFunction=2221-208472;Inter Node Feature Incompatibility;Inter eNodeB CA feature is not activated in remote eNodeB. SUPPRESSED
2025-09-28;19:06:59;AL  ;Minor ;EUtraNetwork=1,ExternalENodeBFunction=2221-207418;Inter Node Feature Incompatibility;Inter eNodeB CA feature is not activated in remote eNodeB. SUPPRESSED
2025-09-28;19:24:59;AL  ;Minor ;EUtraNetwork=1,ExternalENodeBFunction=2221-209050;Inter Node Feature Incompatibility;Inter eNodeB CA feature is not activated in remote eNodeB. SUPPRESSED
2025-09-28;19:24:59;AL  ;Minor ;EUtraNetwork=1,ExternalENodeBFunction=2221-650788;Inter Node Feature Incompatibility;Inter eNodeB CA feature is not activated in remote eNodeB. SUPPRESSED
2025-09-28;19:25:59;AL  ;Cleared;EUtraNetwork=1,ExternalENodeBFunction=2221-209050;Inter Node Feature Incompatibility;Inter eNodeB CA feature is not activated in remote eNodeB. SUPPRESSED
2025-09-28;19:25:59;AL  ;Cleared;EUtraNetwork=1,ExternalENodeBFunction=2221-650788;Inter Node Feature Incompatibility;Inter eNodeB CA feature is not activated in remote eNodeB. SUPPRESSED
2025-09-28;21:47:59;AL  ;Minor ;EUtraNetwork=1,ExternalENodeBFunction=2221-209050;Inter Node Feature Incompatibility;Inter eNodeB CA feature is not activated in remote eNodeB. SUPPRESSED
2025-09-28;23:20:22;AL  ;Minor ;EUtraNetwork=1,ExternalENodeBFunction=2221-650788;Inter Node Feature Incompatibility;Inter eNodeB CA feature is not activated in remote eNodeB. SUPPRESSED
2025-09-29;06:01:32;AL  ;Cleared;EUtraNetwork=1,ExternalENodeBFunction=2221-650788;Inter Node Feature Incompatibility;Inter eNodeB CA feature is not activated in remote eNodeB. SUPPRESSED
2025-09-29;06:01:42;AL  ;Minor ;EUtraNetwork=1,ExternalENodeBFunction=2221-208472;Inter Node Feature Incompatibility;Inter eNodeB CA feature is not activated in remote eNodeB. SUPPRESSED
2025-09-29;06:01:55;AL  ;Minor ;EUtraNetwork=1,ExternalENodeBFunction=2221-209050;Inter Node Feature Incompatibility;Inter eNodeB CA feature is not activated in remote eNodeB. SUPPRESSED
2025-09-29;06:01:56;AL  ;Cleared;EUtraNetwork=1,ExternalENodeBFunction=2221-209050;Inter Node Feature Incompatibility;Inter eNodeB CA feature is not activated in remote eNodeB. SUPPRESSED
2025-09-29;09:28:05;AL  ;Minor ;EUtraNetwork=1,ExternalENodeBFunction=2221-209050;Inter Node Feature Incompatibility;Inter eNodeB CA feature is not activated in remote eNodeB. SUPPRESSED
2025-09-29;10:18:46;AL  ;Cleared;EUtraNetwork=1,ExternalENodeBFunction=2221-209050;Inter Node Feature Incompatibility;Inter eNodeB CA feature is not activated in remote eNodeB. SUPPRESSED
2025-09-29;19:06:59;AL  ;Minor ;EUtraNetwork=1,ExternalENodeBFunction=2221-208472;Inter Node Feature Incompatibility;Inter eNodeB CA feature is not activated in remote eNodeB. SUPPRESSED
2025-09-29;19:07:59;AL  ;Minor ;EUtraNetwork=1,ExternalENodeBFunction=2221-208472;Inter Node Feature Incompatibility;Inter eNodeB CA feature is not activated in remote eNodeB. SUPPRESSED
2025-09-29;21:28:04;AL  ;Minor ;EUtraNetwork=1,ExternalENodeBFunction=2221-209050;Inter Node Feature Incompatibility;Inter eNodeB CA feature is not activated in remote eNodeB. SUPPRESSED
2025-09-29;22:57:25;AL  ;Minor ;EUtraNetwork=1,ExternalENodeBFunction=2221-650788;Inter Node Feature Incompatibility;Inter eNodeB CA feature is not activated in remote eNodeB. SUPPRESSED
2025-09-30;06:01:32;AL  ;Cleared;EUtraNetwork=1,ExternalENodeBFunction=2221-650788;Inter Node Feature Incompatibility;Inter eNodeB CA feature is not activated in remote eNodeB. SUPPRESSED
2025-09-30;06:01:41;AL  ;Minor ;EUtraNetwork=1,ExternalENodeBFunction=2221-208472;Inter Node Feature Incompatibility;Inter eNodeB CA feature is not activated in remote eNodeB. SUPPRESSED
2025-09-30;06:01:55;AL  ;Minor ;EUtraNetwork=1,ExternalENodeBFunction=2221-209050;Inter Node Feature Incompatibility;Inter eNodeB CA feature is not activated in remote eNodeB. SUPPRESSED
2025-09-30;06:01:56;AL  ;Cleared;EUtraNetwork=1,ExternalENodeBFunction=2221-209050;Inter Node Feature Incompatibility;Inter eNodeB CA feature is not activated in remote eNodeB. SUPPRESSED
2025-09-30;19:06:59;AL  ;Minor ;EUtraNetwork=1,ExternalENodeBFunction=2221-207418;Inter Node Feature Incompatibility;Inter eNodeB CA feature is not activated in remote eNodeB. SUPPRESSED
2025-09-30;19:07:02;AL  ;Minor ;EUtraNetwork=1,ExternalENodeBFunction=2221-208472;Inter Node Feature Incompatibility;Inter eNodeB CA feature is not activated in remote eNodeB. SUPPRESSED
2025-09-30;21:29:23;AL  ;Minor ;EUtraNetwork=1,ExternalENodeBFunction=2221-209050;Inter Node Feature Incompatibility;Inter eNodeB CA feature is not activated in remote eNodeB. SUPPRESSED
2025-09-30;21:29:23;AL  ;Minor ;EUtraNetwork=1,ExternalENodeBFunction=2221-650788;Inter Node Feature Incompatibility;Inter eNodeB CA feature is not activated in remote eNodeB. SUPPRESSED
2025-09-30;21:31:58;AL  ;Cleared;EUtraNetwork=1,ExternalENodeBFunction=2221-209050;Inter Node Feature Incompatibility;Inter eNodeB CA feature is not activated in remote eNodeB. SUPPRESSED
2025-09-30;21:31:58;AL  ;Cleared;EUtraNetwork=1,ExternalENodeBFunction=2221-650788;Inter Node Feature Incompatibility;Inter eNodeB CA feature is not activated in remote eNodeB. SUPPRESSED
2025-09-30;22:48:59;AL  ;Minor ;EUtraNetwork=1,ExternalENodeBFunction=2221-209050;Inter Node Feature Incompatibility;Inter eNodeB CA feature is not activated in remote eNodeB. SUPPRESSED
2025-10-01;00:21:59;AL  ;Minor ;EUtraNetwork=1,ExternalENodeBFunction=2221-650788;Inter Node Feature Incompatibility;Inter eNodeB CA feature is not activated in remote eNodeB. SUPPRESSED
2025-10-01;06:01:11;AL  ;Cleared;EUtraNetwork=1,ExternalENodeBFunction=2221-650788;Inter Node Feature Incompatibility;Inter eNodeB CA feature is not activated in remote eNodeB. SUPPRESSED
2025-10-01;06:01:41;AL  ;Minor ;EUtraNetwork=1,ExternalENodeBFunction=2221-208472;Inter Node Feature Incompatibility;Inter eNodeB CA feature is not activated in remote eNodeB. SUPPRESSED
2025-10-01;06:01:43;AL  ;Minor ;EUtraNetwork=1,ExternalENodeBFunction=2221-209050;Inter Node Feature Incompatibility;Inter eNodeB CA feature is not activated in remote eNodeB. SUPPRESSED
2025-10-01;06:01:54;AL  ;Minor ;EUtraNetwork=1,ExternalENodeBFunction=2221-207418;Inter Node Feature Incompatibility;Inter eNodeB CA feature is not activated in remote eNodeB. SUPPRESSED
2025-10-01;06:01:54;AL  ;Cleared;EUtraNetwork=1,ExternalENodeBFunction=2221-209050;Inter Node Feature Incompatibility;Inter eNodeB CA feature is not activated in remote eNodeB. SUPPRESSED
2025-10-01;08:32:24;AL  ;Minor ;EUtraNetwork=1,ExternalENodeBFunction=2221-209050;Inter Node Feature Incompatibility;Inter eNodeB CA feature is not activated in remote eNodeB. SUPPRESSED
2025-10-01;09:42:16;AL  ;Cleared;EUtraNetwork=1,ExternalENodeBFunction=2221-209050;Inter Node Feature Incompatibility;Inter eNodeB CA feature is not activated in remote eNodeB. SUPPRESSED
2025-10-01;22:04:59;AL  ;Minor ;EUtraNetwork=1,ExternalENodeBFunction=2221-209050;Inter Node Feature Incompatibility;Inter eNodeB CA feature is not activated in remote eNodeB. SUPPRESSED
2025-10-01;22:04:59;AL  ;Minor ;EUtraNetwork=1,ExternalENodeBFunction=2221-650788;Inter Node Feature Incompatibility;Inter eNodeB CA feature is not activated in remote eNodeB. SUPPRESSED
2025-10-01;22:07:11;AL  ;Cleared;EUtraNetwork=1,ExternalENodeBFunction=2221-209050;Inter Node Feature Incompatibility;Inter eNodeB CA feature is not activated in remote eNodeB. SUPPRESSED
2025-10-01;22:07:11;AL  ;Cleared;EUtraNetwork=1,ExternalENodeBFunction=2221-650788;Inter Node Feature Incompatibility;Inter eNodeB CA feature is not activated in remote eNodeB. SUPPRESSED
2025-10-01;22:38:59;AL  ;Minor ;EUtraNetwork=1,ExternalENodeBFunction=2221-209050;Inter Node Feature Incompatibility;Inter eNodeB CA feature is not activated in remote eNodeB. SUPPRESSED
2025-10-01;23:35:59;AL  ;Minor ;EUtraNetwork=1,ExternalENodeBFunction=2221-650788;Inter Node Feature Incompatibility;Inter eNodeB CA feature is not activated in remote eNodeB. SUPPRESSED
2025-10-02;06:01:32;AL  ;Cleared;EUtraNetwork=1,ExternalENodeBFunction=2221-650788;Inter Node Feature Incompatibility;Inter eNodeB CA feature is not activated in remote eNodeB. SUPPRESSED
2025-10-02;06:01:42;AL  ;Minor ;EUtraNetwork=1,ExternalENodeBFunction=2221-208472;Inter Node Feature Incompatibility;Inter eNodeB CA feature is not activated in remote eNodeB. SUPPRESSED
2025-10-02;06:01:55;AL  ;Minor ;EUtraNetwork=1,ExternalENodeBFunction=2221-209050;Inter Node Feature Incompatibility;Inter eNodeB CA feature is not activated in remote eNodeB. SUPPRESSED
2025-10-02;06:01:57;AL  ;Cleared;EUtraNetwork=1,ExternalENodeBFunction=2221-209050;Inter Node Feature Incompatibility;Inter eNodeB CA feature is not activated in remote eNodeB. SUPPRESSED
2025-10-02;09:01:54;AL  ;Minor ;EUtraNetwork=1,ExternalENodeBFunction=2221-650788;Inter Node Feature Incompatibility;Inter eNodeB CA feature is not activated in remote eNodeB. SUPPRESSED
2025-10-02;09:18:30;AL  ;Cleared;EUtraNetwork=1,ExternalENodeBFunction=2221-650788;Inter Node Feature Incompatibility;Inter eNodeB CA feature is not activated in remote eNodeB. SUPPRESSED
2025-10-02;19:06:59;AL  ;Minor ;EUtraNetwork=1,ExternalENodeBFunction=2221-208472;Inter Node Feature Incompatibility;Inter eNodeB CA feature is not activated in remote eNodeB. SUPPRESSED
2025-10-02;20:09:59;AL  ;Minor ;EUtraNetwork=1,ExternalENodeBFunction=2221-209050;Inter Node Feature Incompatibility;Inter eNodeB CA feature is not activated in remote eNodeB. SUPPRESSED
2025-10-02;20:09:59;AL  ;Minor ;EUtraNetwork=1,ExternalENodeBFunction=2221-650788;Inter Node Feature Incompatibility;Inter eNodeB CA feature is not activated in remote eNodeB. SUPPRESSED
2025-10-02;20:32:59;AL  ;Cleared;EUtraNetwork=1,ExternalENodeBFunction=2221-209050;Inter Node Feature Incompatibility;Inter eNodeB CA feature is not activated in remote eNodeB. SUPPRESSED
2025-10-02;20:32:59;AL  ;Cleared;EUtraNetwork=1,ExternalENodeBFunction=2221-650788;Inter Node Feature Incompatibility;Inter eNodeB CA feature is not activated in remote eNodeB. SUPPRESSED
2025-10-02;22:33:10;AL  ;Minor ;EUtraNetwork=1,ExternalENodeBFunction=2221-209050;Inter Node Feature Incompatibility;Inter eNodeB CA feature is not activated in remote eNodeB. SUPPRESSED
2025-10-02;23:43:24;AL  ;Minor ;EUtraNetwork=1,ExternalENodeBFunction=2221-650788;Inter Node Feature Incompatibility;Inter eNodeB CA feature is not activated in remote eNodeB. SUPPRESSED
2025-10-03;06:01:11;AL  ;Cleared;EUtraNetwork=1,ExternalENodeBFunction=2221-650788;Inter Node Feature Incompatibility;Inter eNodeB CA feature is not activated in remote eNodeB. SUPPRESSED
2025-10-03;06:01:41;AL  ;Minor ;EUtraNetwork=1,ExternalENodeBFunction=2221-208472;Inter Node Feature Incompatibility;Inter eNodeB CA feature is not activated in remote eNodeB. SUPPRESSED
2025-10-03;06:01:41;AL  ;Minor ;EUtraNetwork=1,ExternalENodeBFunction=2221-209050;Inter Node Feature Incompatibility;Inter eNodeB CA feature is not activated in remote eNodeB. SUPPRESSED
2025-10-03;06:01:54;AL  ;Minor ;EUtraNetwork=1,ExternalENodeBFunction=2221-207418;Inter Node Feature Incompatibility;Inter eNodeB CA feature is not activated in remote eNodeB. SUPPRESSED
2025-10-03;06:01:54;AL  ;Cleared;EUtraNetwork=1,ExternalENodeBFunction=2221-209050;Inter Node Feature Incompatibility;Inter eNodeB CA feature is not activated in remote eNodeB. SUPPRESSED
2025-10-03;11:01:41;AL  ;Minor ;EUtraNetwork=1,ExternalENodeBFunction=2221-650788;Inter Node Feature Incompatibility;Inter eNodeB CA feature is not activated in remote eNodeB. SUPPRESSED
2025-10-03;11:21:43;AL  ;Cleared;EUtraNetwork=1,ExternalENodeBFunction=2221-650788;Inter Node Feature Incompatibility;Inter eNodeB CA feature is not activated in remote eNodeB. SUPPRESSED
2025-10-03;19:07:00;AL  ;Minor ;EUtraNetwork=1,ExternalENodeBFunction=2221-208472;Inter Node Feature Incompatibility;Inter eNodeB CA feature is not activated in remote eNodeB. SUPPRESSED
2025-10-03;21:20:08;AL  ;Minor ;EUtraNetwork=1,ExternalENodeBFunction=2221-209050;Inter Node Feature Incompatibility;Inter eNodeB CA feature is not activated in remote eNodeB. SUPPRESSED
2025-10-03;23:12:06;AL  ;Minor ;EUtraNetwork=1,ExternalENodeBFunction=2221-650788;Inter Node Feature Incompatibility;Inter eNodeB CA feature is not activated in remote eNodeB. SUPPRESSED
2025-10-04;06:01:46;AL  ;Cleared;EUtraNetwork=1,ExternalENodeBFunction=2221-650788;Inter Node Feature Incompatibility;Inter eNodeB CA feature is not activated in remote eNodeB. SUPPRESSED
2025-10-04;06:01:54;AL  ;Minor ;EUtraNetwork=1,ExternalENodeBFunction=2221-208472;Inter Node Feature Incompatibility;Inter eNodeB CA feature is not activated in remote eNodeB. SUPPRESSED
2025-10-04;06:01:55;AL  ;Minor ;EUtraNetwork=1,ExternalENodeBFunction=2221-209050;Inter Node Feature Incompatibility;Inter eNodeB CA feature is not activated in remote eNodeB. SUPPRESSED
2025-10-04;06:01:57;AL  ;Cleared;EUtraNetwork=1,ExternalENodeBFunction=2221-209050;Inter Node Feature Incompatibility;Inter eNodeB CA feature is not activated in remote eNodeB. SUPPRESSED
2025-10-04;22:01:24;AL  ;Minor ;EUtraNetwork=1,ExternalENodeBFunction=2221-209050;Inter Node Feature Incompatibility;Inter eNodeB CA feature is not activated in remote eNodeB. SUPPRESSED
2025-10-05;00:15:59;AL  ;Minor ;EUtraNetwork=1,ExternalENodeBFunction=2221-650788;Inter Node Feature Incompatibility;Inter eNodeB CA feature is not activated in remote eNodeB. SUPPRESSED
2025-10-05;06:01:46;AL  ;Cleared;EUtraNetwork=1,ExternalENodeBFunction=2221-650788;Inter Node Feature Incompatibility;Inter eNodeB CA feature is not activated in remote eNodeB. SUPPRESSED
2025-10-05;06:01:55;AL  ;Minor ;EUtraNetwork=1,ExternalENodeBFunction=2221-208472;Inter Node Feature Incompatibility;Inter eNodeB CA feature is not activated in remote eNodeB. SUPPRESSED
2025-10-05;06:01:55;AL  ;Minor ;EUtraNetwork=1,ExternalENodeBFunction=2221-209050;Inter Node Feature Incompatibility;Inter eNodeB CA feature is not activated in remote eNodeB. SUPPRESSED
2025-10-05;06:01:56;AL  ;Cleared;EUtraNetwork=1,ExternalENodeBFunction=2221-209050;Inter Node Feature Incompatibility;Inter eNodeB CA feature is not activated in remote eNodeB. SUPPRESSED
2025-10-05;10:55:37;AL  ;Minor ;EUtraNetwork=1,ExternalENodeBFunction=2221-211164;Inter Node Carrier Aggregation Service Unavailable;Elastic RAN Carrier Aggregation is not available towards remote eNodeB.
2025-10-05;10:56:52;AL  ;Cleared;EUtraNetwork=1,ExternalENodeBFunction=2221-211164;Inter Node Carrier Aggregation Service Unavailable;Elastic RAN Carrier Aggregation is not available towards remote eNodeB.
2025-10-05;10:57:18;AL  ;Minor ;EUtraNetwork=1,ExternalENodeBFunction=2221-211164;Inter Node Carrier Aggregation Service Unavailable;Elastic RAN Carrier Aggregation is not available towards remote eNodeB.
2025-10-05;19:07:00;AL  ;Minor ;EUtraNetwork=1,ExternalENodeBFunction=2221-208472;Inter Node Feature Incompatibility;Inter eNodeB CA feature is not activated in remote eNodeB. SUPPRESSED
2025-10-05;19:07:00;AL  ;Minor ;EUtraNetwork=1,ExternalENodeBFunction=2221-650788;Inter Node Feature Incompatibility;Inter eNodeB CA feature is not activated in remote eNodeB. SUPPRESSED
2025-10-05;19:07:05;AL  ;Cleared;EUtraNetwork=1,ExternalENodeBFunction=2221-650788;Inter Node Feature Incompatibility;Inter eNodeB CA feature is not activated in remote eNodeB. SUPPRESSED
2025-10-05;20:39:59;AL  ;Minor ;EUtraNetwork=1,ExternalENodeBFunction=2221-209050;Inter Node Feature Incompatibility;Inter eNodeB CA feature is not activated in remote eNodeB. SUPPRESSED
2025-10-05;20:39:59;AL  ;Minor ;EUtraNetwork=1,ExternalENodeBFunction=2221-650788;Inter Node Feature Incompatibility;Inter eNodeB CA feature is not activated in remote eNodeB. SUPPRESSED
2025-10-05;20:41:30;AL  ;Cleared;EUtraNetwork=1,ExternalENodeBFunction=2221-209050;Inter Node Feature Incompatibility;Inter eNodeB CA feature is not activated in remote eNodeB. SUPPRESSED
2025-10-05;20:41:30;AL  ;Cleared;EUtraNetwork=1,ExternalENodeBFunction=2221-650788;Inter Node Feature Incompatibility;Inter eNodeB CA feature is not activated in remote eNodeB. SUPPRESSED
2025-10-05;22:00:02;AL  ;Minor ;EUtraNetwork=1,ExternalENodeBFunction=2221-209050;Inter Node Feature Incompatibility;Inter eNodeB CA feature is not activated in remote eNodeB. SUPPRESSED
2025-10-05;23:50:59;AL  ;Minor ;EUtraNetwork=1,ExternalENodeBFunction=2221-650788;Inter Node Feature Incompatibility;Inter eNodeB CA feature is not activated in remote eNodeB. SUPPRESSED
2025-10-06;06:01:32;AL  ;Cleared;EUtraNetwork=1,ExternalENodeBFunction=2221-650788;Inter Node Feature Incompatibility;Inter eNodeB CA feature is not activated in remote eNodeB. SUPPRESSED
2025-10-06;06:01:41;AL  ;Minor ;EUtraNetwork=1,ExternalENodeBFunction=2221-208472;Inter Node Feature Incompatibility;Inter eNodeB CA feature is not activated in remote eNodeB. SUPPRESSED
2025-10-06;06:01:55;AL  ;Minor ;EUtraNetwork=1,ExternalENodeBFunction=2221-209050;Inter Node Feature Incompatibility;Inter eNodeB CA feature is not activated in remote eNodeB. SUPPRESSED
2025-10-06;06:01:56;AL  ;Cleared;EUtraNetwork=1,ExternalENodeBFunction=2221-209050;Inter Node Feature Incompatibility;Inter eNodeB CA feature is not activated in remote eNodeB. SUPPRESSED
2025-10-06;12:16:45;AL  ;Minor ;EUtraNetwork=1,ExternalENodeBFunction=2221-209050;Inter Node Feature Incompatibility;Inter eNodeB CA feature is not activated in remote eNodeB. SUPPRESSED
2025-10-06;13:19:57;AL  ;Cleared;EUtraNetwork=1,ExternalENodeBFunction=2221-209050;Inter Node Feature Incompatibility;Inter eNodeB CA feature is not activated in remote eNodeB. SUPPRESSED
2025-10-06;19:06:59;AL  ;Minor ;EUtraNetwork=1,ExternalENodeBFunction=2221-208472;Inter Node Feature Incompatibility;Inter eNodeB CA feature is not activated in remote eNodeB. SUPPRESSED
2025-10-06;19:38:59;AL  ;Minor ;EUtraNetwork=1,ExternalENodeBFunction=2221-209050;Inter Node Feature Incompatibility;Inter eNodeB CA feature is not activated in remote eNodeB. SUPPRESSED
2025-10-06;19:38:59;AL  ;Minor ;EUtraNetwork=1,ExternalENodeBFunction=2221-650788;Inter Node Feature Incompatibility;Inter eNodeB CA feature is not activated in remote eNodeB. SUPPRESSED
2025-10-06;19:42:59;AL  ;Cleared;EUtraNetwork=1,ExternalENodeBFunction=2221-209050;Inter Node Feature Incompatibility;Inter eNodeB CA feature is not activated in remote eNodeB. SUPPRESSED
2025-10-06;19:42:59;AL  ;Cleared;EUtraNetwork=1,ExternalENodeBFunction=2221-650788;Inter Node Feature Incompatibility;Inter eNodeB CA feature is not activated in remote eNodeB. SUPPRESSED
2025-10-06;22:26:59;AL  ;Minor ;EUtraNetwork=1,ExternalENodeBFunction=2221-209050;Inter Node Feature Incompatibility;Inter eNodeB CA feature is not activated in remote eNodeB. SUPPRESSED
2025-10-06;23:22:59;AL  ;Minor ;EUtraNetwork=1,ExternalENodeBFunction=2221-650788;Inter Node Feature Incompatibility;Inter eNodeB CA feature is not activated in remote eNodeB. SUPPRESSED
2025-10-07;06:01:32;AL  ;Cleared;EUtraNetwork=1,ExternalENodeBFunction=2221-650788;Inter Node Feature Incompatibility;Inter eNodeB CA feature is not activated in remote eNodeB. SUPPRESSED
2025-10-07;06:01:41;AL  ;Minor ;EUtraNetwork=1,ExternalENodeBFunction=2221-208472;Inter Node Feature Incompatibility;Inter eNodeB CA feature is not activated in remote eNodeB. SUPPRESSED
2025-10-07;06:01:55;AL  ;Minor ;EUtraNetwork=1,ExternalENodeBFunction=2221-209050;Inter Node Feature Incompatibility;Inter eNodeB CA feature is not activated in remote eNodeB. SUPPRESSED
2025-10-07;06:01:57;AL  ;Cleared;EUtraNetwork=1,ExternalENodeBFunction=2221-209050;Inter Node Feature Incompatibility;Inter eNodeB CA feature is not activated in remote eNodeB. SUPPRESSED


RLE1T> lgec -m 30d

251007-11:36:27+0200 19.31.12.191 25.0h MSRBS_NODE_MODEL_25.Q1_198665.224.73_bf81 stopfile=/tmp/875703

Startdate=20250907.093628, Enddate=20251008.093628
Date;Time;Log;Severity;Object;Event;Cause;AdditionalText;AckState;Id;NotificationId;CorrelatedAlarms
Executing action Log.export()
..
Log=AlertLog                    actionId=49425
...
=================================================================================================================
MO                  actionId result      resultInfo
=================================================================================================================
LogM=1,Log=AlertLog 49425    1 (SUCCESS)           
cat  /ericsson/log/amos/moshell_logfiles/t20251007_37258710_53697/logs_moshell/tempfiles/scp-2-amos_20251007-113544_875622/rcslogs/AlertLog_20230726__083652.log > /ericsson/log/amos/moshell_logfiles/t20251007_37258710_53697/logs_moshell/tempfiles/scp-2-amos_20251007-113544_875622/eventLog875703.xml

Bye...
Output has been logged to file /mta_fs/UserFiles/37258710/amosbatch/2025-10-07_11-07-01_53697/RLE1T.log
