Logging to file /mta_fs/UserFiles/37258710/amosbatch/2025-10-07_11-07-01_53697/RLE7T.log
                        __  __  ____   _____
                  /\   |  \/  |/ __ \ / ____|
                 /  \  | \  / | |  | | (___  
                / /\ \ | |\/| | |  | |\___ \ 
               / ____ \| |  | | |__| |____) |
              /_/    \_\_|  |_|\____/|_____/
              OSS Framework for MoShell-25.0h 
  Copyright (c) Ericsson AB 2001-2025 - All Rights Reserved
              
           
[1;31mWARNING: [0mthe AMOS version currently running is more than 22 weeks old and is unsupported.
Please upgrade as soon as possible to the latest released version, available from your local Ericsson support.

$amosrb_pid = 647469

Checking ip contact...OK

HELP MENU            : h
BASIC MO COMMANDS    : m
OTHER MO COMMANDS    : n
OTHER COMMANDS       : o
PM COMMANDS          : p
QUIT                 : q

RLE7T> lt all

251007-11:09:17+0200 19.31.12.134 25.0h  stopfile=/tmp/647000
Looking up temporary_amos account... OK.
Trying temporary_amos_t20251007_37258710_53697_313's password from amos lookupAccount ... OK

$ssh_pid = 649787

Connected to 19.31.12.134 (SubNetwork=BBMM_rckomc_R,MeContext=RLE7T,ManagedElement=RLE7T)

Checking MOM version...MSRBS_NODE_MODEL_25.Q1_693.28324.131_62ac
Parsing MOM (cached): /ericsson/log/amos/moshell_logfiles/t20251007_37258710_53697/logs_moshell/tempfiles/scp-2-amos_20251007-110909_646809/MSRBS_NODE_MODEL_25.Q1_693.28324.131_62ac.xml.cache.gz ..................................................................................................................................................................................................................................Done.
Using paramfile /opt/ericsson/amos/moshell/commonjars/pm/PARAM_MSRBS_25.Q1.txt
Parsing file /opt/ericsson/amos/moshell/commonjars/pm/PARAM_MSRBS_25.Q1.txt .......................................................................................Done.
Using imomdfile /opt/ericsson/amos/moshell/commonjars/pm/IMOMD_MSRBS_22.Q4.txt
Using imomfile /opt/ericsson/amos/moshell/commonjars/pm/IMOM_MSRBS_25.Q1.txt
Connected to 19.31.12.134 (SubNetwork=BBMM_rckomc_R,MeContext=RLE7T,ManagedElement=RLE7T)

Last MO: 17164. Loaded 17164 MOs. Total: 17165 MOs.

RLE7T> hget EUtranCellFDD ^cellid

251007-11:09:30+0200 19.31.12.134 25.0h MSRBS_NODE_MODEL_25.Q1_693.28324.131_62ac stopfile=/tmp/647000
.
=================================================================================================================
MO                   cellId
=================================================================================================================
EUtranCellFDD=RLE7M1 31    
EUtranCellFDD=RLE7M2 32    
EUtranCellFDD=RLE7M3 33    
EUtranCellFDD=RLE7T1 41    
EUtranCellFDD=RLE7T2 42    
EUtranCellFDD=RLE7T3 43    
=================================================================================================================
Total: 6 MOs

Added 6 MOs to group: hget_group

RLE7T> hget NbIotCell ^cellid

251007-11:09:31+0200 19.31.12.134 25.0h MSRBS_NODE_MODEL_25.Q1_693.28324.131_62ac stopfile=/tmp/647000
Total: 0 MOs

RLE7T> hget NRCellDU ^cellLocalId

251007-11:09:31+0200 19.31.12.134 25.0h MSRBS_NODE_MODEL_25.Q1_693.28324.131_62ac stopfile=/tmp/647000
Total: 0 MOs

RLE7T> lgdc -m 30d

251007-11:09:31+0200 19.31.12.134 25.0h MSRBS_NODE_MODEL_25.Q1_693.28324.131_62ac stopfile=/tmp/647000

Startdate=20250907.090931, Enddate=20251008.090932
INFO: Using amos lookupAccount credentials for the export login

Executing action LogM.exportAvailabilityLog()
...LogM=1,exportAvailabilityLog    actionId=20166
...
=================================================================================================================
MO     actionId result      resultInfo
=================================================================================================================
LogM=1 20166    1 (SUCCESS)           
cp /ericsson/log/amos/moshell_logfiles/t20251007_37258710_53697/logs_moshell/tempfiles/scp-2-amos_20251007-110909_646809/rcslogs/RBS_CS_AVAILABILITY_LOG_20251007090933.xml /ericsson/log/amos/moshell_logfiles/t20251007_37258710_53697/logs_moshell/tempfiles/scp-2-amos_20251007-110909_646809/availabilityLog647000.xml
Parsing availabilityLog....Done.
.
Date;Time;RestartType;SwVersion;SwRelease;RCSDowntime;ApplicationDowntime;TNDowntime;RATsDowntime;ExtraInfo;ExtraInfo2
2025-09-08;08:32:47;PartialOutage(Manual);17% Lrat Cell 32; ();10s;;;;;
2025-09-08;08:32:59;PartialOutage(Manual);17% Lrat Cell 31; ();12s;;;;;
2025-09-08;08:33:14;PartialOutage(Manual);17% Lrat Cell 33; ();10s;;;;;
2025-09-08;08:33:30;PartialOutage(Manual);17% Lrat Cell 41; ();11s;;;;;
2025-09-08;08:33:51;PartialOutage(Manual);17% Lrat Cell 43; ();4s;;;;;
2025-09-08;08:34:00;PartialOutage(Manual);17% Lrat Cell 42; ();10s;;;;;

Node uptime since last restart: 2507730 seconds (29 days, 0 hours, 35 minutes, 30 seconds)
------------------------------------------------------------------------------------------------------
Period=30 days       NodeUpgrade      NodeManual       NodeSpontaneous  AllNodeRestarts  PartialOutages  
------------------------------------------------------------------------------------------------------
Number Of outages    0                0                0                0                6               
Total downtime       0s               0s               0s               0s               57s             
Downtime per day     0s               0s               0s               0s               2s              
Downtime per outage  0s               0s               0s               0s               10s             

RLE7T> lgac -m 30d

251007-11:09:40+0200 19.31.12.134 25.0h MSRBS_NODE_MODEL_25.Q1_693.28324.131_62ac stopfile=/tmp/647000

Startdate=20250907.090940, Enddate=20251008.090940
Date;Time;Log;Severity;Object;Event;Cause;AdditionalText;AckState;Id;NotificationId;CorrelatedAlarms
Executing action Log.export()
..
Log=AlarmLog                    actionId=20167
..........
=================================================================================================================
MO                  actionId result      resultInfo
=================================================================================================================
LogM=1,Log=AlarmLog 20167    1 (SUCCESS)           
cat  /ericsson/log/amos/moshell_logfiles/t20251007_37258710_53697/logs_moshell/tempfiles/scp-2-amos_20251007-110909_646809/rcslogs/saLogAlarm_20241110__200614_20241111__022309.log /ericsson/log/amos/moshell_logfiles/t20251007_37258710_53697/logs_moshell/tempfiles/scp-2-amos_20251007-110909_646809/rcslogs/saLogAlarm_20241111__022309_20241111__084007.log /ericsson/log/amos/moshell_logfiles/t20251007_37258710_53697/logs_moshell/tempfiles/scp-2-amos_20251007-110909_646809/rcslogs/saLogAlarm_20241111__084007_20250226__231953.log /ericsson/log/amos/moshell_logfiles/t20251007_37258710_53697/logs_moshell/tempfiles/scp-2-amos_20251007-110909_646809/rcslogs/saLogAlarm_20250226__231953.log > /ericsson/log/amos/moshell_logfiles/t20251007_37258710_53697/logs_moshell/tempfiles/scp-2-amos_20251007-110909_646809/alarmLog647000.xml
2025-09-08;03:41:47;AL  ;Warning;ENodeBFunction=1;PLMN Service Redundancy Lost;S1 connection failure for PLMN connected with link represented by MO listed in Additional Information. AI: PLMN = ["2221"],DN1=ManagedElement=1,ENodeBFunction=1,TermPointToMme=5,DN2=ManagedElement=1,ENodeBFunction=1,TermPointToMme=2,
2025-09-08;03:42:20;AL  ;Cleared;ENodeBFunction=1;PLMN Service Redundancy Lost;S1 connection failure for PLMN connected with link represented by MO listed in Additional Information. AI: PLMN = ["2221"],DN1=ManagedElement=1,ENodeBFunction=1,TermPointToMme=5,
2025-09-10;19:44:33;AL  ;Minor ;ENodeBFunction=1;External Link Failure;X2 link problem to one or several neighbouring eNodeBs. AI: PLMN ID-eNB ID 1 = 2221-202870
2025-09-10;22:50:52;AL  ;Minor ;ENodeBFunction=1;External Link Failure;X2 link problem to one or several neighbouring eNodeBs. AI: PLMN ID-eNB ID 1 = 2221-202870 PLMN ID-eNB ID 2 = 2221-601340
2025-09-11;00:52:51;AL  ;Minor ;ENodeBFunction=1;External Link Failure;X2 link problem to one or several neighbouring eNodeBs. AI: PLMN ID-eNB ID 1 = 2221-202870
2025-09-11;08:59:10;AL  ;Cleared;ENodeBFunction=1;External Link Failure;X2 link problem to one or several neighbouring eNodeBs. AI: PLMN ID-eNB ID 1 = 2221-202870
2025-09-16;09:59:29;AL  ;Warning;ENodeBFunction=1;PLMN Service Redundancy Lost;S1 connection failure for PLMN connected with link represented by MO listed in Additional Information. AI: PLMN = ["2221"],DN1=ManagedElement=1,ENodeBFunction=1,TermPointToMme=5,
2025-09-16;10:00:29;AL  ;Cleared;ENodeBFunction=1;PLMN Service Redundancy Lost;S1 connection failure for PLMN connected with link represented by MO listed in Additional Information. AI: PLMN = ["2221"],DN1=ManagedElement=1,ENodeBFunction=1,TermPointToMme=5,
2025-09-18;08:57:35;AL  ;Major ;Synchronization=1,RadioEquipmentClock=1,RadioEquipmentClockReference=PTP;Sync PTP Time Reachability Fault;No PTP messages
2025-09-18;09:06:45;AL  ;Cleared;Synchronization=1,RadioEquipmentClock=1,RadioEquipmentClockReference=PTP;Sync PTP Time Reachability Fault;No PTP messages
2025-09-24;09:11:02;AL  ;Warning;ENodeBFunction=1;PLMN Service Redundancy Lost;S1 connection failure for PLMN connected with link represented by MO listed in Additional Information. AI: PLMN = ["2221"],DN1=ManagedElement=1,ENodeBFunction=1,TermPointToMme=5,DN2=ManagedElement=1,ENodeBFunction=1,TermPointToMme=2,
2025-09-24;09:11:33;AL  ;Cleared;ENodeBFunction=1;PLMN Service Redundancy Lost;S1 connection failure for PLMN connected with link represented by MO listed in Additional Information. AI: PLMN = ["2221"],DN1=ManagedElement=1,ENodeBFunction=1,TermPointToMme=5,
2025-09-25;20:09:55;AL  ;Warning;ENodeBFunction=1;PLMN Service Redundancy Lost;S1 connection failure for PLMN connected with link represented by MO listed in Additional Information. AI: PLMN = ["2221"],DN1=ManagedElement=1,ENodeBFunction=1,TermPointToMme=5,DN2=ManagedElement=1,ENodeBFunction=1,TermPointToMme=2,
2025-09-25;20:10:29;AL  ;Cleared;ENodeBFunction=1;PLMN Service Redundancy Lost;S1 connection failure for PLMN connected with link represented by MO listed in Additional Information. AI: PLMN = ["2221"],DN1=ManagedElement=1,ENodeBFunction=1,TermPointToMme=5,
2025-09-26;07:56:07;AL  ;Major ;Synchronization=1,RadioEquipmentClock=1,RadioEquipmentClockReference=PTP;Sync PTP Time Reachability Fault;No PTP messages
2025-09-26;08:05:35;AL  ;Cleared;Synchronization=1,RadioEquipmentClock=1,RadioEquipmentClockReference=PTP;Sync PTP Time Reachability Fault;No PTP messages


RLE7T> lgec -m 30d

251007-11:09:49+0200 19.31.12.134 25.0h MSRBS_NODE_MODEL_25.Q1_693.28324.131_62ac stopfile=/tmp/647000

Startdate=20250907.090949, Enddate=20251008.090949
Date;Time;Log;Severity;Object;Event;Cause;AdditionalText;AckState;Id;NotificationId;CorrelatedAlarms
Executing action Log.export()
..
Log=AlertLog                    actionId=20168
...
=================================================================================================================
MO                  actionId result      resultInfo
=================================================================================================================
LogM=1,Log=AlertLog 20168    1 (SUCCESS)           
cat  /ericsson/log/amos/moshell_logfiles/t20251007_37258710_53697/logs_moshell/tempfiles/scp-2-amos_20251007-110909_646809/rcslogs/AlertLog_20240327__092106_20250226__232025.log /ericsson/log/amos/moshell_logfiles/t20251007_37258710_53697/logs_moshell/tempfiles/scp-2-amos_20251007-110909_646809/rcslogs/AlertLog_20250226__232025.log > /ericsson/log/amos/moshell_logfiles/t20251007_37258710_53697/logs_moshell/tempfiles/scp-2-amos_20251007-110909_646809/eventLog647000.xml

Bye...
Output has been logged to file /mta_fs/UserFiles/37258710/amosbatch/2025-10-07_11-07-01_53697/RLE7T.log
