Logging to file /mta_fs/UserFiles/37258710/amosbatch/2025-10-07_11-07-01_53697/SC2AE.log
                        __  __  ____   _____
                  /\   |  \/  |/ __ \ / ____|
                 /  \  | \  / | |  | | (___  
                / /\ \ | |\/| | |  | |\___ \ 
               / ____ \| |  | | |__| |____) |
              /_/    \_\_|  |_|\____/|_____/
              OSS Framework for MoShell-25.0h 
  Copyright (c) Ericsson AB 2001-2025 - All Rights Reserved
              
           
[1;31mWARNING: [0mthe AMOS version currently running is more than 22 weeks old and is unsupported.
Please upgrade as soon as possible to the latest released version, available from your local Ericsson support.

$amosrb_pid = 1072786

Checking ip contact...OK

HELP MENU            : h
BASIC MO COMMANDS    : m
OTHER MO COMMANDS    : n
OTHER COMMANDS       : o
PM COMMANDS          : p
QUIT                 : q

SC2AE> lt all

251007-11:59:33+0200 19.31.3.216 25.0h  stopfile=/tmp/1072614
Looking up temporary_amos account... OK.
Trying temporary_amos_t20251007_37258710_53697_313's password from amos lookupAccount ... OK

$ssh_pid = 1073464

Connected to 19.31.3.216 (SubNetwork=BBMM_rckomc_R,MeContext=SC2AE,ManagedElement=SC2AE)

Checking MOM version...MSRBS_NODE_MODEL_25.Q1_693.28324.131_62ac
Parsing MOM (cached): /ericsson/log/amos/moshell_logfiles/t20251007_37258710_53697/logs_moshell/tempfiles/scp-2-amos_20251007-115926_1072556/MSRBS_NODE_MODEL_25.Q1_693.28324.131_62ac.xml.cache.gz ..................................................................................................................................................................................................................................Done.
Using paramfile /opt/ericsson/amos/moshell/commonjars/pm/PARAM_MSRBS_25.Q1.txt
Parsing file /opt/ericsson/amos/moshell/commonjars/pm/PARAM_MSRBS_25.Q1.txt .......................................................................................Done.
Using imomdfile /opt/ericsson/amos/moshell/commonjars/pm/IMOMD_MSRBS_22.Q4.txt
Using imomfile /opt/ericsson/amos/moshell/commonjars/pm/IMOM_MSRBS_25.Q1.txt
Connected to 19.31.3.216 (SubNetwork=BBMM_rckomc_R,MeContext=SC2AE,ManagedElement=SC2AE)

Last MO: 17405. Loaded 17405 MOs. Total: 17406 MOs.

SC2AE> hget EUtranCellFDD ^cellid

251007-11:59:46+0200 19.31.3.216 25.0h MSRBS_NODE_MODEL_25.Q1_693.28324.131_62ac stopfile=/tmp/1072614
.
=================================================================================================================
MO                   cellId
=================================================================================================================
EUtranCellFDD=SC2AE1 61    
EUtranCellFDD=SC2AE2 62    
EUtranCellFDD=SC2AM1 31    
EUtranCellFDD=SC2AM2 32    
EUtranCellFDD=SC2AT1 41    
EUtranCellFDD=SC2AT2 42    
=================================================================================================================
Total: 6 MOs

Added 6 MOs to group: hget_group

SC2AE> hget NbIotCell ^cellid

251007-11:59:47+0200 19.31.3.216 25.0h MSRBS_NODE_MODEL_25.Q1_693.28324.131_62ac stopfile=/tmp/1072614
.
=================================================================================================================
MO               cellId
=================================================================================================================
NbIotCell=SC2AN1 161   
NbIotCell=SC2AN2 162   
=================================================================================================================
Total: 2 MOs

Added 2 MOs to group: hget_group

SC2AE> hget NRCellDU ^cellLocalId

251007-11:59:47+0200 19.31.3.216 25.0h MSRBS_NODE_MODEL_25.Q1_693.28324.131_62ac stopfile=/tmp/1072614
Total: 0 MOs

SC2AE> lgdc -m 30d

251007-11:59:47+0200 19.31.3.216 25.0h MSRBS_NODE_MODEL_25.Q1_693.28324.131_62ac stopfile=/tmp/1072614

Startdate=20250907.095948, Enddate=20251008.095948
INFO: Using amos lookupAccount credentials for the export login

Executing action LogM.exportAvailabilityLog()
...LogM=1,exportAvailabilityLog    actionId=50185
...
=================================================================================================================
MO     actionId result      resultInfo
=================================================================================================================
LogM=1 50185    1 (SUCCESS)           
cp /ericsson/log/amos/moshell_logfiles/t20251007_37258710_53697/logs_moshell/tempfiles/scp-2-amos_20251007-115926_1072556/rcslogs/RBS_CS_AVAILABILITY_LOG_20251007095950.xml /ericsson/log/amos/moshell_logfiles/t20251007_37258710_53697/logs_moshell/tempfiles/scp-2-amos_20251007-115926_1072556/availabilityLog1072614.xml
Parsing availabilityLog......Done.
...
Date;Time;RestartType;SwVersion;SwRelease;RCSDowntime;ApplicationDowntime;TNDowntime;RATsDowntime;ExtraInfo;ExtraInfo2
2025-09-08;04:46:52;PartialOutage(Manual);17% Lrat Cell 42; ();9s;;;;;
2025-09-08;04:47:05;PartialOutage(Manual);17% Lrat Cell 41; ();7s;;;;;
2025-09-08;04:47:14;PartialOutage(Manual);50% Lrat Cell 162; ();1s;;;;;
2025-09-08;04:47:15;PartialOutage(Manual);17% Lrat Cell 62; ();7s;;;;;
2025-09-08;04:47:26;PartialOutage(Manual);17% Lrat Cell 61; ();7s;;;;;
2025-09-08;04:47:36;PartialOutage(Manual);75% Lrat Cell 161; ();3s;;;;;
2025-09-08;04:47:39;PartialOutage(Manual);17% Lrat Cell 31; ();8s;;;;;
2025-09-08;04:47:51;PartialOutage(Manual);17% Lrat Cell 32; ();9s;;;;;

Node uptime since last restart: 2524317 seconds (29 days, 5 hours, 11 minutes, 57 seconds)
------------------------------------------------------------------------------------------------------
Period=30 days       NodeUpgrade      NodeManual       NodeSpontaneous  AllNodeRestarts  PartialOutages  
------------------------------------------------------------------------------------------------------
Number Of outages    0                0                0                0                8               
Total downtime       0s               0s               0s               0s               51s             
Downtime per day     0s               0s               0s               0s               2s              
Downtime per outage  0s               0s               0s               0s               6s              

SC2AE> lgac -m 30d

251007-11:59:57+0200 19.31.3.216 25.0h MSRBS_NODE_MODEL_25.Q1_693.28324.131_62ac stopfile=/tmp/1072614

Startdate=20250907.095957, Enddate=20251008.095957
Date;Time;Log;Severity;Object;Event;Cause;AdditionalText;AckState;Id;NotificationId;CorrelatedAlarms
Executing action Log.export()
..
Log=AlarmLog                    actionId=50186
..........
=================================================================================================================
MO                  actionId result      resultInfo
=================================================================================================================
LogM=1,Log=AlarmLog 50186    1 (SUCCESS)           
cat  /ericsson/log/amos/moshell_logfiles/t20251007_37258710_53697/logs_moshell/tempfiles/scp-2-amos_20251007-115926_1072556/rcslogs/saLogAlarm_20221215__081518_20241018__004806.log /ericsson/log/amos/moshell_logfiles/t20251007_37258710_53697/logs_moshell/tempfiles/scp-2-amos_20251007-115926_1072556/rcslogs/saLogAlarm_20241018__004806_20250226__233356.log /ericsson/log/amos/moshell_logfiles/t20251007_37258710_53697/logs_moshell/tempfiles/scp-2-amos_20251007-115926_1072556/rcslogs/saLogAlarm_20250226__233356.log > /ericsson/log/amos/moshell_logfiles/t20251007_37258710_53697/logs_moshell/tempfiles/scp-2-amos_20251007-115926_1072556/alarmLog1072614.xml
2025-09-10;23:59:29;AL  ;Cleared;EUtraNetwork=1,ExternalENodeBFunction=2221-650755;Inter Node Feature Incompatibility;Inter eNodeB CA feature is not activated in remote eNodeB. SUPPRESSED
2025-09-11;00:00:49;AL  ;Minor ;EUtraNetwork=1,ExternalENodeBFunction=2221-650755;Inter Node Feature Incompatibility;Inter eNodeB CA feature is not activated in remote eNodeB. SUPPRESSED
2025-09-11;00:21:48;AL  ;Cleared;EUtraNetwork=1,ExternalENodeBFunction=2221-650755;Inter Node Feature Incompatibility;Inter eNodeB CA feature is not activated in remote eNodeB. SUPPRESSED
2025-09-11;00:24:02;AL  ;Minor ;EUtraNetwork=1,ExternalENodeBFunction=2221-650755;Inter Node Feature Incompatibility;Inter eNodeB CA feature is not activated in remote eNodeB. SUPPRESSED
2025-09-11;00:32:48;AL  ;Cleared;EUtraNetwork=1,ExternalENodeBFunction=2221-650755;Inter Node Feature Incompatibility;Inter eNodeB CA feature is not activated in remote eNodeB. SUPPRESSED
2025-09-11;00:42:07;AL  ;Minor ;ENodeBFunction=1;External Link Failure;X2 link problem to one or several neighbouring eNodeBs. AI: PLMN ID-eNB ID 1 = 2221-650755
2025-09-11;00:42:22;AL  ;Minor ;EUtraNetwork=1,ExternalENodeBFunction=2221-650755;Inter Node Feature Incompatibility;Inter eNodeB CA feature is not activated in remote eNodeB. SUPPRESSED
2025-09-11;00:42:37;AL  ;Cleared;ENodeBFunction=1;External Link Failure;X2 link problem to one or several neighbouring eNodeBs. AI: PLMN ID-eNB ID 1 = 2221-650755
2025-09-11;00:42:49;AL  ;Cleared;EUtraNetwork=1,ExternalENodeBFunction=2221-650755;Inter Node Feature Incompatibility;Inter eNodeB CA feature is not activated in remote eNodeB. SUPPRESSED
2025-09-11;00:43:20;AL  ;Minor ;EUtraNetwork=1,ExternalENodeBFunction=2221-650755;Inter Node Feature Incompatibility;Inter eNodeB CA feature is not activated in remote eNodeB. SUPPRESSED
2025-09-11;05:04:05;AL  ;Cleared;EUtraNetwork=1,ExternalENodeBFunction=2221-650755;Inter Node Feature Incompatibility;Inter eNodeB CA feature is not activated in remote eNodeB. SUPPRESSED
2025-09-11;05:05:57;AL  ;Minor ;EUtraNetwork=1,ExternalENodeBFunction=2221-650755;Inter Node Feature Incompatibility;Inter eNodeB CA feature is not activated in remote eNodeB. SUPPRESSED
2025-09-16;09:58:18;AL  ;Warning;ENodeBFunction=1;PLMN Service Redundancy Lost;S1 connection failure for PLMN connected with link represented by MO listed in Additional Information. AI: PLMN = ["2221"],DN1=ManagedElement=1,ENodeBFunction=1,TermPointToMme=5,
2025-09-16;09:58:48;AL  ;Cleared;ENodeBFunction=1;PLMN Service Redundancy Lost;S1 connection failure for PLMN connected with link represented by MO listed in Additional Information. AI: PLMN = ["2221"],DN1=ManagedElement=1,ENodeBFunction=1,TermPointToMme=5,
2025-09-19;07:10:59;AL  ;Minor ;ENodeBFunction=1;External Link to GNodeB Failure;X2 link problem to one or several neighbouring gNodeBs. AI: PLMN ID-gNB ID 1 = 2221-1055456
2025-09-19;12:22:56;AL  ;Cleared;ENodeBFunction=1;External Link to GNodeB Failure;X2 link problem to one or several neighbouring gNodeBs. AI: PLMN ID-gNB ID 1 = 2221-1055456
2025-09-24;07:35:44;AL  ;Cleared;EUtraNetwork=1,ExternalENodeBFunction=2221-650410;Inter Node Feature Incompatibility;Inter eNodeB CA feature is not activated in remote eNodeB. SUPPRESSED
2025-09-24;07:44:31;AL  ;Minor ;ENodeBFunction=1;External Link Failure;X2 link problem to one or several neighbouring eNodeBs. AI: PLMN ID-eNB ID 1 = 2221-650410
2025-09-24;13:28:34;AL  ;Cleared;ENodeBFunction=1;External Link Failure;X2 link problem to one or several neighbouring eNodeBs. AI: PLMN ID-eNB ID 1 = 2221-650410
2025-09-24;13:28:49;AL  ;Minor ;EUtraNetwork=1,ExternalENodeBFunction=2221-650410;Inter Node Feature Incompatibility;Inter eNodeB CA feature is not activated in remote eNodeB. SUPPRESSED
2025-09-24;15:11:12;AL  ;Cleared;EUtraNetwork=1,ExternalENodeBFunction=2221-650755;Inter Node Feature Incompatibility;Inter eNodeB CA feature is not activated in remote eNodeB. SUPPRESSED
2025-09-24;15:20:46;AL  ;Minor ;ENodeBFunction=1;External Link Failure;X2 link problem to one or several neighbouring eNodeBs. AI: PLMN ID-eNB ID 1 = 2221-650755 PLMN ID-eNB ID 2 = 2221-650189
2025-09-25;12:13:03;AL  ;Cleared;ENodeBFunction=1;External Link Failure;X2 link problem to one or several neighbouring eNodeBs. AI: PLMN ID-eNB ID 1 = 2221-650755 PLMN ID-eNB ID 2 = 2221-650189 PLMN ID-eNB ID 3 = 2221-206580
2025-09-25;12:13:19;AL  ;Minor ;EUtraNetwork=1,ExternalENodeBFunction=2221-650755;Inter Node Feature Incompatibility;Inter eNodeB CA feature is not activated in remote eNodeB. SUPPRESSED
2025-09-27;13:33:37;AL  ;Minor ;EUtraNetwork=1,ExternalENodeBFunction=2221-650396;Inter Node Feature Incompatibility;Inter eNodeB CA feature is not activated in remote eNodeB. SUPPRESSED
2025-09-29;23:35:03;AL  ;Cleared;EUtraNetwork=1,ExternalENodeBFunction=2221-650396;Inter Node Feature Incompatibility;Inter eNodeB CA feature is not activated in remote eNodeB. SUPPRESSED
2025-10-05;12:50:44;AL  ;Minor ;FieldReplaceableUnit=BB-1,AlarmPort=1;External Alarm;ALLARME ANOMALIA E GUASTO
2025-10-05;12:50:50;AL  ;Cleared;FieldReplaceableUnit=BB-1,AlarmPort=1;External Alarm;ALLARME ANOMALIA E GUASTO
2025-10-05;14:40:41;AL  ;Cleared;EUtraNetwork=1,ExternalENodeBFunction=2221-650755;Inter Node Feature Incompatibility;Inter eNodeB CA feature is not activated in remote eNodeB. SUPPRESSED
2025-10-05;14:44:50;AL  ;Minor ;EUtraNetwork=1,ExternalENodeBFunction=2221-650755;Inter Node Feature Incompatibility;Inter eNodeB CA feature is not activated in remote eNodeB. SUPPRESSED
2025-10-05;15:33:21;AL  ;Cleared;EUtraNetwork=1,ExternalENodeBFunction=2221-650755;Inter Node Feature Incompatibility;Inter eNodeB CA feature is not activated in remote eNodeB. SUPPRESSED
2025-10-05;15:34:21;AL  ;Minor ;EUtraNetwork=1,ExternalENodeBFunction=2221-650755;Inter Node Feature Incompatibility;Inter eNodeB CA feature is not activated in remote eNodeB. SUPPRESSED


SC2AE> lgec -m 30d

251007-12:00:06+0200 19.31.3.216 25.0h MSRBS_NODE_MODEL_25.Q1_693.28324.131_62ac stopfile=/tmp/1072614

Startdate=20250907.100006, Enddate=20251008.100006
Date;Time;Log;Severity;Object;Event;Cause;AdditionalText;AckState;Id;NotificationId;CorrelatedAlarms
Executing action Log.export()
..
Log=AlertLog                    actionId=50187
...
=================================================================================================================
MO                  actionId result      resultInfo
=================================================================================================================
LogM=1,Log=AlertLog 50187    1 (SUCCESS)           
cat  /ericsson/log/amos/moshell_logfiles/t20251007_37258710_53697/logs_moshell/tempfiles/scp-2-amos_20251007-115926_1072556/rcslogs/AlertLog_20221215__081542_20250226__233427.log /ericsson/log/amos/moshell_logfiles/t20251007_37258710_53697/logs_moshell/tempfiles/scp-2-amos_20251007-115926_1072556/rcslogs/AlertLog_20250226__233427.log > /ericsson/log/amos/moshell_logfiles/t20251007_37258710_53697/logs_moshell/tempfiles/scp-2-amos_20251007-115926_1072556/eventLog1072614.xml

Bye...
Output has been logged to file /mta_fs/UserFiles/37258710/amosbatch/2025-10-07_11-07-01_53697/SC2AE.log
