Logging to file /mta_fs/UserFiles/37258710/amosbatch/2025-10-07_11-07-01_53697/SC6BT.log
                        __  __  ____   _____
                  /\   |  \/  |/ __ \ / ____|
                 /  \  | \  / | |  | | (___  
                / /\ \ | |\/| | |  | |\___ \ 
               / ____ \| |  | | |__| |____) |
              /_/    \_\_|  |_|\____/|_____/
              OSS Framework for MoShell-25.0h 
  Copyright (c) Ericsson AB 2001-2025 - All Rights Reserved
              
           
[1;31mWARNING: [0mthe AMOS version currently running is more than 22 weeks old and is unsupported.
Please upgrade as soon as possible to the latest released version, available from your local Ericsson support.

$amosrb_pid = 1184704

Checking ip contact...OK

HELP MENU            : h
BASIC MO COMMANDS    : m
OTHER MO COMMANDS    : n
OTHER COMMANDS       : o
PM COMMANDS          : p
QUIT                 : q

SC6BT> lt all

251007-12:13:37+0200 19.31.6.237 25.0h  stopfile=/tmp/1184340
Looking up temporary_amos account... OK.
Trying temporary_amos_t20251007_37258710_53697_313's password from amos lookupAccount ... OK

$ssh_pid = 1186555

Connected to 19.31.6.237 (SubNetwork=BBMM_rckomc_R,MeContext=SC6BT,ManagedElement=SC6BT)

Checking MOM version...MSRBS_NODE_MODEL_25.Q1_198665.224.73_bf81
Parsing MOM (cached): /ericsson/log/amos/moshell_logfiles/t20251007_37258710_53697/logs_moshell/tempfiles/scp-2-amos_20251007-121329_1184277/MSRBS_NODE_MODEL_25.Q1_198665.224.73_bf81.xml.cache.gz ......................................................................................................................................................................................................................Done.
Using paramfile /opt/ericsson/amos/moshell/commonjars/pm/PARAM_MSRBSG2_25.Q1.txt
Parsing file /opt/ericsson/amos/moshell/commonjars/pm/PARAM_MSRBSG2_25.Q1.txt ......................................................................................Done.
Using imomdfile /opt/ericsson/amos/moshell/commonjars/pm/IMOMD_MSRBS_22.Q4.txt
Using imomfile /opt/ericsson/amos/moshell/commonjars/pm/IMOM_MSRBS_25.Q1.txt
Connected to 19.31.6.237 (SubNetwork=BBMM_rckomc_R,MeContext=SC6BT,ManagedElement=SC6BT)

Last MO: 17932. Loaded 17932 MOs. Total: 17933 MOs.

SC6BT> hget EUtranCellFDD ^cellid

251007-12:13:56+0200 19.31.6.237 25.0h MSRBS_NODE_MODEL_25.Q1_198665.224.73_bf81 stopfile=/tmp/1184340
.
=================================================================================================================
MO                   cellId
=================================================================================================================
EUtranCellFDD=SC6BE1 61    
EUtranCellFDD=SC6BE2 62    
EUtranCellFDD=SC6BE3 63    
EUtranCellFDD=SC6BM1 31    
EUtranCellFDD=SC6BM2 32    
EUtranCellFDD=SC6BM3 33    
EUtranCellFDD=SC6BT1 41    
EUtranCellFDD=SC6BT2 42    
EUtranCellFDD=SC6BT3 43    
=================================================================================================================
Total: 9 MOs

Added 9 MOs to group: hget_group

SC6BT> hget NbIotCell ^cellid

251007-12:13:57+0200 19.31.6.237 25.0h MSRBS_NODE_MODEL_25.Q1_198665.224.73_bf81 stopfile=/tmp/1184340
.
=================================================================================================================
MO               cellId
=================================================================================================================
NbIotCell=SC6BN1 161   
NbIotCell=SC6BN2 162   
NbIotCell=SC6BN3 163   
=================================================================================================================
Total: 3 MOs

Added 3 MOs to group: hget_group

SC6BT> hget NRCellDU ^cellLocalId

251007-12:13:57+0200 19.31.6.237 25.0h MSRBS_NODE_MODEL_25.Q1_198665.224.73_bf81 stopfile=/tmp/1184340
Total: 0 MOs

SC6BT> lgdc -m 30d

251007-12:13:58+0200 19.31.6.237 25.0h MSRBS_NODE_MODEL_25.Q1_198665.224.73_bf81 stopfile=/tmp/1184340

Startdate=20250907.101358, Enddate=20251008.101358
INFO: Using amos lookupAccount credentials for the export login

Executing action LogM.exportAvailabilityLog()
...LogM=1,exportAvailabilityLog    actionId=50612
......
=================================================================================================================
MO     actionId result      resultInfo
=================================================================================================================
LogM=1 50612    1 (SUCCESS)           
cp /ericsson/log/amos/moshell_logfiles/t20251007_37258710_53697/logs_moshell/tempfiles/scp-2-amos_20251007-121329_1184277/rcslogs/RBS_CS_AVAILABILITY_LOG_20251007101403.xml /ericsson/log/amos/moshell_logfiles/t20251007_37258710_53697/logs_moshell/tempfiles/scp-2-amos_20251007-121329_1184277/availabilityLog1184340.xml
Parsing availabilityLog........Done.
.....
Date;Time;RestartType;SwVersion;SwRelease;RCSDowntime;ApplicationDowntime;TNDowntime;RATsDowntime;ExtraInfo;ExtraInfo2
2025-09-08;03:32:01;PartialOutage(Manual);11% Lrat Cell 41; ();14s;;;;;
2025-09-08;03:32:16;PartialOutage(Manual);11% Lrat Cell 42; ();9s;;;;;
2025-09-08;03:32:30;PartialOutage(Manual);11% Lrat Cell 43; ();11s;;;;;
2025-09-08;03:32:43;PartialOutage(Manual);33% Lrat Cell 161; ();1s;;;;;
2025-09-08;03:32:44;PartialOutage(Manual);11% Lrat Cell 61; ();8s;;;;;
2025-09-08;03:32:58;PartialOutage(Manual);5% Lrat Cell 62; ();8s;;;;;
2025-09-08;03:33:11;PartialOutage(Manual);7% Lrat Cell 63; ();5s;;;;;
2025-09-08;03:33:16;PartialOutage(Manual);44% Lrat Cell 162 163; ();5s;;;;;
2025-09-08;03:33:28;PartialOutage(Manual);5% Lrat Cell 31; ();1s;;;;;
2025-09-08;03:33:29;PartialOutage(Manual);50% Lrat Cell 163; ();10s;;;;;
2025-09-08;03:33:39;PartialOutage(Manual);7% Lrat Cell 31 32; ();1s;;;;;
2025-09-08;03:33:40;PartialOutage(Manual);7% Lrat Cell 32; ();3s;;;;;
2025-09-08;03:33:52;PartialOutage(Manual);11% Lrat Cell 33; ();9s;;;;;

Node uptime since last restart: 2529609 seconds (29 days, 6 hours, 40 minutes, 9 seconds)
------------------------------------------------------------------------------------------------------
Period=30 days       NodeUpgrade      NodeManual       NodeSpontaneous  AllNodeRestarts  PartialOutages  
------------------------------------------------------------------------------------------------------
Number Of outages    0                0                0                0                13              
Total downtime       0s               0s               0s               0s               85s (1m25s)     
Downtime per day     0s               0s               0s               0s               3s              
Downtime per outage  0s               0s               0s               0s               7s              

SC6BT> lgac -m 30d

251007-12:14:10+0200 19.31.6.237 25.0h MSRBS_NODE_MODEL_25.Q1_198665.224.73_bf81 stopfile=/tmp/1184340

Startdate=20250907.101410, Enddate=20251008.101410
Date;Time;Log;Severity;Object;Event;Cause;AdditionalText;AckState;Id;NotificationId;CorrelatedAlarms
Executing action Log.export()
..
Log=AlarmLog                    actionId=50613
..........
=================================================================================================================
MO                  actionId result      resultInfo
=================================================================================================================
LogM=1,Log=AlarmLog 50613    1 (SUCCESS)           
cat  /ericsson/log/amos/moshell_logfiles/t20251007_37258710_53697/logs_moshell/tempfiles/scp-2-amos_20251007-121329_1184277/rcslogs/saLogAlarm_20250801__001457_20250802__183101.log /ericsson/log/amos/moshell_logfiles/t20251007_37258710_53697/logs_moshell/tempfiles/scp-2-amos_20251007-121329_1184277/rcslogs/saLogAlarm_20250802__183101_20250804__032054.log /ericsson/log/amos/moshell_logfiles/t20251007_37258710_53697/logs_moshell/tempfiles/scp-2-amos_20251007-121329_1184277/rcslogs/saLogAlarm_20250804__032054.log > /ericsson/log/amos/moshell_logfiles/t20251007_37258710_53697/logs_moshell/tempfiles/scp-2-amos_20251007-121329_1184277/alarmLog1184340.xml
2025-09-07;11:47:16;AL  ;Cleared;EUtraNetwork=1,ExternalENodeBFunction=2221-650384;Inter Node Carrier Aggregation Service Unavailable;Elastic RAN Carrier Aggregation is not available towards remote eNodeB.
2025-09-07;11:47:22;AL  ;Cleared;EUtraNetwork=1,ExternalENodeBFunction=2221-650129;Inter Node Carrier Aggregation Service Unavailable;Elastic RAN Carrier Aggregation is not available towards remote eNodeB.
2025-09-07;11:47:31;AL  ;Cleared;EUtraNetwork=1,ExternalENodeBFunction=2221-650774;Inter Node Carrier Aggregation Service Unavailable;Elastic RAN Carrier Aggregation is not available towards remote eNodeB.
2025-09-07;11:47:36;AL  ;Cleared;EUtraNetwork=1,ExternalENodeBFunction=2221-213422;Inter Node Carrier Aggregation Service Unavailable;Elastic RAN Carrier Aggregation is not available towards remote eNodeB.
2025-09-07;11:47:48;AL  ;Cleared;EUtraNetwork=1,ExternalENodeBFunction=2221-650104;Inter Node Carrier Aggregation Service Unavailable;Elastic RAN Carrier Aggregation is not available towards remote eNodeB.
2025-09-07;11:47:56;AL  ;Cleared;EUtraNetwork=1,ExternalENodeBFunction=2221-206954;Inter Node Carrier Aggregation Service Unavailable;Elastic RAN Carrier Aggregation is not available towards remote eNodeB.
2025-09-08;03:32:01;AL  ;Cleared;EUtranCellFDD=SC6BT1;Service Degraded;This is a secondary alarm, use alarm correlation information in Additional Information to find primary alarm.
2025-09-08;03:32:15;AL  ;Minor ;EUtranCellFDD=SC6BT1;Service Degraded;This is a secondary alarm, use alarm correlation information in Additional Information to find primary alarm.
2025-09-08;03:33:28;AL  ;Cleared;EUtranCellFDD=SC6BM1;Service Degraded;This is a secondary alarm, use alarm correlation information in Additional Information to find primary alarm.
2025-09-08;03:33:40;AL  ;Minor ;EUtranCellFDD=SC6BM1;Service Degraded;This is a secondary alarm, use alarm correlation information in Additional Information to find primary alarm.
2025-09-08;03:33:49;AL  ;Minor ;EUtranCellFDD=SC6BM2;Unreliable Resource;DL frequency 2137500 and/or UL frequency 1947500 not supported by TMA
2025-09-08;03:34:01;AL  ;Minor ;EUtranCellFDD=SC6BM3;Unreliable Resource;DL frequency 2137500 and/or UL frequency 1947500 not supported by TMA
2025-09-08;03:41:45;AL  ;Minor ;EUtraNetwork=1,ExternalENodeBFunction=2221-207999;Inter Node Carrier Aggregation Service Unavailable;Elastic RAN Carrier Aggregation is not available towards remote eNodeB.
2025-09-08;03:41:58;AL  ;Cleared;EUtranCellFDD=SC6BM3;Unreliable Resource;DL frequency 2137500 and/or UL frequency 1947500 not supported by TMA
2025-09-08;03:41:59;AL  ;Cleared;EUtranCellFDD=SC6BM2;Unreliable Resource;DL frequency 2137500 and/or UL frequency 1947500 not supported by TMA
2025-09-09;14:15:24;AL  ;Cleared;EUtraNetwork=1,ExternalENodeBFunction=2221-400757;Inconsistent Configuration;Elastic RAN cannot be activated towards remote eNodeB. VLAN IDs do not match. Expected Vlan Id: 3908, Please check the eRAN Vlan Id at the remote eNodeB
2025-09-10;23:37:35;AL  ;Minor ;EUtraNetwork=1,ExternalENodeBFunction=2221-650129;Inter Node Carrier Aggregation Service Unavailable;Elastic RAN Carrier Aggregation is not available towards remote eNodeB.
2025-09-10;23:41:44;AL  ;Cleared;EUtraNetwork=1,ExternalENodeBFunction=2221-210878;Inter Node Feature Incompatibility;Elastic RAN feature is not activated in remote eNodeB. SUPPRESSED
2025-09-10;23:45:33;AL  ;Minor ;ENodeBFunction=1;External Link Failure;X2 link problem to one or several neighbouring eNodeBs. AI: PLMN ID-eNB ID 1 = 2221-213655
2025-09-10;23:48:33;AL  ;Minor ;ENodeBFunction=1;External Link Failure;X2 link problem to one or several neighbouring eNodeBs. AI: PLMN ID-eNB ID 1 = 2221-213655 PLMN ID-eNB ID 2 = 2221-400784
2025-09-10;23:56:25;AL  ;Minor ;ENodeBFunction=1;External Link Failure;X2 link problem to one or several neighbouring eNodeBs. AI: PLMN ID-eNB ID 1 = 2221-400784
2025-09-11;04:29:10;AL  ;Cleared;ENodeBFunction=1;External Link Failure;X2 link problem to one or several neighbouring eNodeBs. AI: PLMN ID-eNB ID 1 = 2221-400784
2025-09-11;05:18:37;AL  ;Minor ;EUtraNetwork=1,ExternalENodeBFunction=2221-213422;Inter Node Carrier Aggregation Service Unavailable;Elastic RAN Carrier Aggregation is not available towards remote eNodeB.
2025-09-11;05:22:33;AL  ;Minor ;EUtraNetwork=1,ExternalENodeBFunction=2221-650104;Inter Node Carrier Aggregation Service Unavailable;Elastic RAN Carrier Aggregation is not available towards remote eNodeB.
2025-09-11;10:33:42;AL  ;Minor ;ENodeBFunction=1;External Link Failure;X2 link problem to one or several neighbouring eNodeBs. AI: PLMN ID-eNB ID 1 = 2221-650474
2025-09-11;10:37:28;AL  ;Cleared;EUtraNetwork=1,ExternalENodeBFunction=2221-650104;Inter Node Carrier Aggregation Service Unavailable;Elastic RAN Carrier Aggregation is not available towards remote eNodeB.
2025-09-11;10:37:32;AL  ;Cleared;EUtraNetwork=1,ExternalENodeBFunction=2221-213422;Inter Node Carrier Aggregation Service Unavailable;Elastic RAN Carrier Aggregation is not available towards remote eNodeB.
2025-09-11;10:42:47;AL  ;Minor ;EUtraNetwork=1,ExternalENodeBFunction=2221-650104;Inter Node Carrier Aggregation Service Unavailable;Elastic RAN Carrier Aggregation is not available towards remote eNodeB.
2025-09-11;10:42:52;AL  ;Minor ;EUtraNetwork=1,ExternalENodeBFunction=2221-213422;Inter Node Carrier Aggregation Service Unavailable;Elastic RAN Carrier Aggregation is not available towards remote eNodeB.
2025-09-11;13:27:42;AL  ;Cleared;ENodeBFunction=1;External Link Failure;X2 link problem to one or several neighbouring eNodeBs. AI: PLMN ID-eNB ID 1 = 2221-650474
2025-09-13;14:23:28;AL  ;Cleared;EUtraNetwork=1,ExternalENodeBFunction=2221-650129;Inter Node Carrier Aggregation Service Unavailable;Elastic RAN Carrier Aggregation is not available towards remote eNodeB.
2025-09-13;14:23:29;AL  ;Cleared;EUtraNetwork=1,ExternalENodeBFunction=2221-207999;Inter Node Carrier Aggregation Service Unavailable;Elastic RAN Carrier Aggregation is not available towards remote eNodeB.
2025-09-13;14:23:31;AL  ;Minor ;EUtraNetwork=1,ExternalENodeBFunction=2221-650384;Inter Node Carrier Aggregation Service Unavailable;Elastic RAN Carrier Aggregation is not available towards remote eNodeB.
2025-09-13;14:30:09;AL  ;Minor ;EUtraNetwork=1,ExternalENodeBFunction=2221-207999;Inter Node Carrier Aggregation Service Unavailable;Elastic RAN Carrier Aggregation is not available towards remote eNodeB.
2025-09-13;14:30:14;AL  ;Minor ;EUtraNetwork=1,ExternalENodeBFunction=2221-650129;Inter Node Carrier Aggregation Service Unavailable;Elastic RAN Carrier Aggregation is not available towards remote eNodeB.
2025-09-14;07:03:20;AL  ;Cleared;EUtraNetwork=1,ExternalENodeBFunction=2221-650384;Inter Node Carrier Aggregation Service Unavailable;Elastic RAN Carrier Aggregation is not available towards remote eNodeB.
2025-09-14;07:04:37;AL  ;Minor ;EUtraNetwork=1,ExternalENodeBFunction=2221-650384;Inter Node Carrier Aggregation Service Unavailable;Elastic RAN Carrier Aggregation is not available towards remote eNodeB.
2025-09-14;07:20:00;AL  ;Cleared;EUtraNetwork=1,ExternalENodeBFunction=2221-207999;Inter Node Carrier Aggregation Service Unavailable;Elastic RAN Carrier Aggregation is not available towards remote eNodeB.
2025-09-14;07:20:22;AL  ;Cleared;EUtraNetwork=1,ExternalENodeBFunction=2221-650129;Inter Node Carrier Aggregation Service Unavailable;Elastic RAN Carrier Aggregation is not available towards remote eNodeB.
2025-09-14;07:21:02;AL  ;Minor ;EUtraNetwork=1,ExternalENodeBFunction=2221-207999;Inter Node Carrier Aggregation Service Unavailable;Elastic RAN Carrier Aggregation is not available towards remote eNodeB.
2025-09-14;07:21:31;AL  ;Minor ;EUtraNetwork=1,ExternalENodeBFunction=2221-650129;Inter Node Carrier Aggregation Service Unavailable;Elastic RAN Carrier Aggregation is not available towards remote eNodeB.
2025-09-14;07:23:40;AL  ;Cleared;EUtraNetwork=1,ExternalENodeBFunction=2221-650104;Inter Node Carrier Aggregation Service Unavailable;Elastic RAN Carrier Aggregation is not available towards remote eNodeB.
2025-09-14;07:23:56;AL  ;Cleared;EUtraNetwork=1,ExternalENodeBFunction=2221-213422;Inter Node Carrier Aggregation Service Unavailable;Elastic RAN Carrier Aggregation is not available towards remote eNodeB.
2025-09-14;07:25:07;AL  ;Minor ;EUtraNetwork=1,ExternalENodeBFunction=2221-213422;Inter Node Carrier Aggregation Service Unavailable;Elastic RAN Carrier Aggregation is not available towards remote eNodeB.
2025-09-14;09:42:02;AL  ;Minor ;EUtraNetwork=1,ExternalENodeBFunction=2221-206954;Inter Node Carrier Aggregation Service Unavailable;Elastic RAN Carrier Aggregation is not available towards remote eNodeB.
2025-09-14;09:47:27;AL  ;Minor ;EUtraNetwork=1,ExternalENodeBFunction=2221-650104;Inter Node Carrier Aggregation Service Unavailable;Elastic RAN Carrier Aggregation is not available towards remote eNodeB.
2025-09-14;10:33:22;AL  ;Minor ;EUtraNetwork=1,ExternalENodeBFunction=2221-208462;Inter Node Carrier Aggregation Service Unavailable;Elastic RAN Carrier Aggregation is not available towards remote eNodeB.
2025-09-14;11:56:10;AL  ;Cleared;EUtraNetwork=1,ExternalENodeBFunction=2221-650384;Inter Node Carrier Aggregation Service Unavailable;Elastic RAN Carrier Aggregation is not available towards remote eNodeB.
2025-09-14;11:56:15;AL  ;Cleared;EUtraNetwork=1,ExternalENodeBFunction=2221-650129;Inter Node Carrier Aggregation Service Unavailable;Elastic RAN Carrier Aggregation is not available towards remote eNodeB.
2025-09-14;11:56:24;AL  ;Cleared;EUtraNetwork=1,ExternalENodeBFunction=2221-213422;Inter Node Carrier Aggregation Service Unavailable;Elastic RAN Carrier Aggregation is not available towards remote eNodeB.
2025-09-14;11:56:34;AL  ;Cleared;EUtraNetwork=1,ExternalENodeBFunction=2221-208462;Inter Node Carrier Aggregation Service Unavailable;Elastic RAN Carrier Aggregation is not available towards remote eNodeB.
2025-09-14;11:56:38;AL  ;Cleared;EUtraNetwork=1,ExternalENodeBFunction=2221-650104;Inter Node Carrier Aggregation Service Unavailable;Elastic RAN Carrier Aggregation is not available towards remote eNodeB.
2025-09-14;11:56:46;AL  ;Cleared;EUtraNetwork=1,ExternalENodeBFunction=2221-207999;Inter Node Carrier Aggregation Service Unavailable;Elastic RAN Carrier Aggregation is not available towards remote eNodeB.
2025-09-14;11:56:51;AL  ;Cleared;EUtraNetwork=1,ExternalENodeBFunction=2221-206954;Inter Node Carrier Aggregation Service Unavailable;Elastic RAN Carrier Aggregation is not available towards remote eNodeB.
2025-09-14;11:57:11;AL  ;Minor ;EUtraNetwork=1,ExternalENodeBFunction=2221-206954;Inter Node Carrier Aggregation Service Unavailable;Elastic RAN Carrier Aggregation is not available towards remote eNodeB.
2025-09-15;14:27:41;AL  ;Minor ;EUtraNetwork=1,ExternalENodeBFunction=2221-650104;Inter Node Carrier Aggregation Service Unavailable;Elastic RAN Carrier Aggregation is not available towards remote eNodeB.
2025-09-15;14:29:33;AL  ;Minor ;EUtraNetwork=1,ExternalENodeBFunction=2221-213422;Inter Node Carrier Aggregation Service Unavailable;Elastic RAN Carrier Aggregation is not available towards remote eNodeB.
2025-09-15;14:33:06;AL  ;Minor ;EUtraNetwork=1,ExternalENodeBFunction=2221-650129;Inter Node Carrier Aggregation Service Unavailable;Elastic RAN Carrier Aggregation is not available towards remote eNodeB.
2025-09-16;09:54:30;AL  ;Warning;ENodeBFunction=1;PLMN Service Redundancy Lost;S1 connection failure for PLMN connected with link represented by MO listed in Additional Information. AI: PLMN = ["2221"],DN1=ManagedElement=1,ENodeBFunction=1,TermPointToMme=5,
2025-09-16;09:57:02;AL  ;Cleared;ENodeBFunction=1;PLMN Service Redundancy Lost;S1 connection failure for PLMN connected with link represented by MO listed in Additional Information. AI: PLMN = ["2221"],DN1=ManagedElement=1,ENodeBFunction=1,TermPointToMme=5,
2025-09-16;09:58:54;AL  ;Warning;ENodeBFunction=1;PLMN Service Redundancy Lost;S1 connection failure for PLMN connected with link represented by MO listed in Additional Information. AI: PLMN = ["2221"],DN1=ManagedElement=1,ENodeBFunction=1,TermPointToMme=5,
2025-09-16;09:59:54;AL  ;Cleared;ENodeBFunction=1;PLMN Service Redundancy Lost;S1 connection failure for PLMN connected with link represented by MO listed in Additional Information. AI: PLMN = ["2221"],DN1=ManagedElement=1,ENodeBFunction=1,TermPointToMme=5,
2025-09-17;02:50:23;AL  ;Minor ;EUtraNetwork=1,ExternalENodeBFunction=2221-650601;Inter Node Carrier Aggregation Service Unavailable;Elastic RAN Carrier Aggregation is not available towards remote eNodeB.
2025-09-21;07:19:23;AL  ;Cleared;EUtraNetwork=1,ExternalENodeBFunction=2221-650129;Inter Node Carrier Aggregation Service Unavailable;Elastic RAN Carrier Aggregation is not available towards remote eNodeB.
2025-09-21;07:20:33;AL  ;Minor ;EUtraNetwork=1,ExternalENodeBFunction=2221-650129;Inter Node Carrier Aggregation Service Unavailable;Elastic RAN Carrier Aggregation is not available towards remote eNodeB.
2025-09-21;07:22:23;AL  ;Cleared;EUtraNetwork=1,ExternalENodeBFunction=2221-650104;Inter Node Carrier Aggregation Service Unavailable;Elastic RAN Carrier Aggregation is not available towards remote eNodeB.
2025-09-21;07:22:44;AL  ;Cleared;EUtraNetwork=1,ExternalENodeBFunction=2221-213422;Inter Node Carrier Aggregation Service Unavailable;Elastic RAN Carrier Aggregation is not available towards remote eNodeB.
2025-09-21;07:23:27;AL  ;Minor ;EUtraNetwork=1,ExternalENodeBFunction=2221-650104;Inter Node Carrier Aggregation Service Unavailable;Elastic RAN Carrier Aggregation is not available towards remote eNodeB.
2025-09-21;07:23:54;AL  ;Minor ;EUtraNetwork=1,ExternalENodeBFunction=2221-213422;Inter Node Carrier Aggregation Service Unavailable;Elastic RAN Carrier Aggregation is not available towards remote eNodeB.
2025-09-21;09:29:16;AL  ;Cleared;EUtraNetwork=1,ExternalENodeBFunction=2221-206954;Inter Node Carrier Aggregation Service Unavailable;Elastic RAN Carrier Aggregation is not available towards remote eNodeB.
2025-09-21;09:34:23;AL  ;Cleared;EUtraNetwork=1,ExternalENodeBFunction=2221-650601;Inter Node Carrier Aggregation Service Unavailable;Elastic RAN Carrier Aggregation is not available towards remote eNodeB.
2025-09-21;11:36:27;AL  ;Cleared;EUtraNetwork=1,ExternalENodeBFunction=2221-650129;Inter Node Carrier Aggregation Service Unavailable;Elastic RAN Carrier Aggregation is not available towards remote eNodeB.
2025-09-21;11:36:35;AL  ;Cleared;EUtraNetwork=1,ExternalENodeBFunction=2221-213422;Inter Node Carrier Aggregation Service Unavailable;Elastic RAN Carrier Aggregation is not available towards remote eNodeB.
2025-09-21;11:36:47;AL  ;Cleared;EUtraNetwork=1,ExternalENodeBFunction=2221-650104;Inter Node Carrier Aggregation Service Unavailable;Elastic RAN Carrier Aggregation is not available towards remote eNodeB.
2025-09-21;12:07:14;AL  ;Minor ;ENodeBFunction=1;External Link Failure;X2 link problem to one or several neighbouring eNodeBs. AI: PLMN ID-eNB ID 1 = 2221-400802
2025-09-21;16:02:02;AL  ;Minor ;EUtraNetwork=1,ExternalENodeBFunction=2221-650774;Inter Node Carrier Aggregation Service Unavailable;Elastic RAN Carrier Aggregation is not available towards remote eNodeB.
2025-09-21;20:11:45;AL  ;Minor ;EUtraNetwork=1,ExternalENodeBFunction=2221-650129;Inter Node Carrier Aggregation Service Unavailable;Elastic RAN Carrier Aggregation is not available towards remote eNodeB.
2025-09-22;06:41:47;AL  ;Cleared;ENodeBFunction=1;External Link Failure;X2 link problem to one or several neighbouring eNodeBs. AI: PLMN ID-eNB ID 1 = 2221-400802
2025-09-22;13:59:31;AL  ;Minor ;ENodeBFunction=1;Sync Time and Phase Accuracy Too Low;Time and phase sync accuracy crossed the threshold for features interworking with NR.
2025-09-22;13:59:31;AL  ;Minor ;EUtranCellFDD=SC6BE1;Service Degraded;This is a secondary alarm, use alarm correlation information in Additional Information to find primary alarm.
2025-09-22;13:59:31;AL  ;Minor ;EUtranCellFDD=SC6BE2;Service Degraded;This is a secondary alarm, use alarm correlation information in Additional Information to find primary alarm.
2025-09-22;13:59:31;AL  ;Minor ;EUtranCellFDD=SC6BE3;Service Degraded;This is a secondary alarm, use alarm correlation information in Additional Information to find primary alarm.
2025-09-22;13:59:31;AL  ;Minor ;EUtranCellFDD=SC6BM2;Service Degraded;This is a secondary alarm, use alarm correlation information in Additional Information to find primary alarm.
2025-09-22;13:59:31;AL  ;Minor ;EUtranCellFDD=SC6BM3;Service Degraded;This is a secondary alarm, use alarm correlation information in Additional Information to find primary alarm.
2025-09-22;13:59:31;AL  ;Minor ;EUtranCellFDD=SC6BT2;Service Degraded;This is a secondary alarm, use alarm correlation information in Additional Information to find primary alarm.
2025-09-22;13:59:31;AL  ;Minor ;EUtranCellFDD=SC6BT3;Service Degraded;This is a secondary alarm, use alarm correlation information in Additional Information to find primary alarm.
2025-09-22;14:00:23;AL  ;Cleared;ENodeBFunction=1;Sync Time and Phase Accuracy Too Low;Time and phase sync accuracy crossed the threshold for features interworking with NR.
2025-09-22;14:00:23;AL  ;Cleared;EUtranCellFDD=SC6BE1;Service Degraded;This is a secondary alarm, use alarm correlation information in Additional Information to find primary alarm.
2025-09-22;14:00:23;AL  ;Cleared;EUtranCellFDD=SC6BE2;Service Degraded;This is a secondary alarm, use alarm correlation information in Additional Information to find primary alarm.
2025-09-22;14:00:23;AL  ;Cleared;EUtranCellFDD=SC6BE3;Service Degraded;This is a secondary alarm, use alarm correlation information in Additional Information to find primary alarm.
2025-09-22;14:00:23;AL  ;Cleared;EUtranCellFDD=SC6BM2;Service Degraded;This is a secondary alarm, use alarm correlation information in Additional Information to find primary alarm.
2025-09-22;14:00:23;AL  ;Cleared;EUtranCellFDD=SC6BM3;Service Degraded;This is a secondary alarm, use alarm correlation information in Additional Information to find primary alarm.
2025-09-22;14:00:23;AL  ;Cleared;EUtranCellFDD=SC6BT2;Service Degraded;This is a secondary alarm, use alarm correlation information in Additional Information to find primary alarm.
2025-09-22;14:00:23;AL  ;Cleared;EUtranCellFDD=SC6BT3;Service Degraded;This is a secondary alarm, use alarm correlation information in Additional Information to find primary alarm.
2025-09-24;11:32:15;AL  ;Minor ;EUtraNetwork=1,ExternalENodeBFunction=2221-400757;Inconsistent Configuration;Elastic RAN cannot be activated towards remote eNodeB. VLAN IDs do not match. Expected Vlan Id: 3908, Please check the eRAN Vlan Id at the remote eNodeB
2025-09-24;21:29:39;AL  ;Minor ;ENodeBFunction=1;External Link Failure;X2 link problem to one or several neighbouring eNodeBs. AI: PLMN ID-eNB ID 1 = 2221-213655
2025-09-24;21:36:43;AL  ;Cleared;ENodeBFunction=1;External Link Failure;X2 link problem to one or several neighbouring eNodeBs. AI: PLMN ID-eNB ID 1 = 2221-213655
2025-09-25;06:03:17;AL  ;Cleared;EUtraNetwork=1,ExternalENodeBFunction=2221-400757;Inconsistent Configuration;Elastic RAN cannot be activated towards remote eNodeB. VLAN IDs do not match. Expected Vlan Id: 3908, Please check the eRAN Vlan Id at the remote eNodeB
2025-09-25;06:07:49;AL  ;Minor ;EUtraNetwork=1,ExternalENodeBFunction=2221-400757;Inconsistent Configuration;Elastic RAN cannot be activated towards remote eNodeB. VLAN IDs do not match. Expected Vlan Id: 3908, Please check the eRAN Vlan Id at the remote eNodeB
2025-09-27;14:15:37;AL  ;Minor ;EUtraNetwork=1,ExternalENodeBFunction=2221-400757;Inconsistent Configuration;Elastic RAN cannot be activated towards remote eNodeB. VLAN IDs do not match. Expected Vlan Id: 3908, Please check the eRAN Vlan Id at the remote eNodeB
2025-09-28;07:04:20;AL  ;Minor ;EUtraNetwork=1,ExternalENodeBFunction=2221-650104;Inter Node Carrier Aggregation Service Unavailable;Elastic RAN Carrier Aggregation is not available towards remote eNodeB.
2025-09-28;07:04:21;AL  ;Minor ;EUtraNetwork=1,ExternalENodeBFunction=2221-650384;Inter Node Carrier Aggregation Service Unavailable;Elastic RAN Carrier Aggregation is not available towards remote eNodeB.
2025-09-28;07:18:58;AL  ;Cleared;EUtraNetwork=1,ExternalENodeBFunction=2221-650129;Inter Node Carrier Aggregation Service Unavailable;Elastic RAN Carrier Aggregation is not available towards remote eNodeB.
2025-09-28;07:21:58;AL  ;Cleared;EUtraNetwork=1,ExternalENodeBFunction=2221-650104;Inter Node Carrier Aggregation Service Unavailable;Elastic RAN Carrier Aggregation is not available towards remote eNodeB.
2025-09-28;07:23:02;AL  ;Minor ;EUtraNetwork=1,ExternalENodeBFunction=2221-213422;Inter Node Carrier Aggregation Service Unavailable;Elastic RAN Carrier Aggregation is not available towards remote eNodeB.
2025-09-28;07:23:34;AL  ;Minor ;EUtraNetwork=1,ExternalENodeBFunction=2221-650104;Inter Node Carrier Aggregation Service Unavailable;Elastic RAN Carrier Aggregation is not available towards remote eNodeB.
2025-09-28;09:33:24;AL  ;Cleared;EUtraNetwork=1,ExternalENodeBFunction=2221-650774;Inter Node Carrier Aggregation Service Unavailable;Elastic RAN Carrier Aggregation is not available towards remote eNodeB.
2025-09-28;09:33:26;AL  ;Minor ;EUtraNetwork=1,ExternalENodeBFunction=2221-650129;Inter Node Carrier Aggregation Service Unavailable;Elastic RAN Carrier Aggregation is not available towards remote eNodeB.
2025-09-28;09:34:48;AL  ;Minor ;EUtraNetwork=1,ExternalENodeBFunction=2221-650774;Inter Node Carrier Aggregation Service Unavailable;Elastic RAN Carrier Aggregation is not available towards remote eNodeB.
2025-09-28;11:05:56;AL  ;Minor ;EUtraNetwork=1,ExternalENodeBFunction=2221-206954;Inter Node Carrier Aggregation Service Unavailable;Elastic RAN Carrier Aggregation is not available towards remote eNodeB.
2025-09-28;11:34:52;AL  ;Cleared;EUtraNetwork=1,ExternalENodeBFunction=2221-650384;Inter Node Carrier Aggregation Service Unavailable;Elastic RAN Carrier Aggregation is not available towards remote eNodeB.
2025-09-28;11:34:57;AL  ;Cleared;EUtraNetwork=1,ExternalENodeBFunction=2221-650129;Inter Node Carrier Aggregation Service Unavailable;Elastic RAN Carrier Aggregation is not available towards remote eNodeB.
2025-09-28;11:35:04;AL  ;Cleared;EUtraNetwork=1,ExternalENodeBFunction=2221-650774;Inter Node Carrier Aggregation Service Unavailable;Elastic RAN Carrier Aggregation is not available towards remote eNodeB.
2025-09-28;11:35:08;AL  ;Cleared;EUtraNetwork=1,ExternalENodeBFunction=2221-213422;Inter Node Carrier Aggregation Service Unavailable;Elastic RAN Carrier Aggregation is not available towards remote eNodeB.
2025-09-28;11:35:19;AL  ;Cleared;EUtraNetwork=1,ExternalENodeBFunction=2221-650104;Inter Node Carrier Aggregation Service Unavailable;Elastic RAN Carrier Aggregation is not available towards remote eNodeB.
2025-09-28;11:35:26;AL  ;Cleared;EUtraNetwork=1,ExternalENodeBFunction=2221-206954;Inter Node Carrier Aggregation Service Unavailable;Elastic RAN Carrier Aggregation is not available towards remote eNodeB.
2025-09-28;11:35:31;AL  ;Minor ;EUtraNetwork=1,ExternalENodeBFunction=2221-650384;Inter Node Carrier Aggregation Service Unavailable;Elastic RAN Carrier Aggregation is not available towards remote eNodeB.
2025-09-28;11:35:56;AL  ;Minor ;EUtraNetwork=1,ExternalENodeBFunction=2221-206954;Inter Node Carrier Aggregation Service Unavailable;Elastic RAN Carrier Aggregation is not available towards remote eNodeB.
2025-09-28;20:32:54;AL  ;Minor ;EUtraNetwork=1,ExternalENodeBFunction=2221-650104;Inter Node Carrier Aggregation Service Unavailable;Elastic RAN Carrier Aggregation is not available towards remote eNodeB.
2025-09-29;12:56:27;AL  ;Minor ;EUtraNetwork=1,ExternalENodeBFunction=2221-213422;Inter Node Carrier Aggregation Service Unavailable;Elastic RAN Carrier Aggregation is not available towards remote eNodeB.
2025-09-29;13:06:00;AL  ;Minor ;ENodeBFunction=1;External Link Failure;X2 link problem to one or several neighbouring eNodeBs. AI: PLMN ID-eNB ID 1 = 2221-650774
2025-09-29;14:55:27;AL  ;Minor ;AntennaUnitGroup=210,AntennaNearUnit=RET_1800_2100;No Connection;Antenna near unit controller occupied.
2025-09-29;14:55:32;AL  ;Cleared;AntennaUnitGroup=210,AntennaNearUnit=RET_1800_2100;No Connection;Antenna near unit controller occupied.
2025-09-29;15:06:29;AL  ;Minor ;ENodeBFunction=1;External Link Failure;X2 link problem to one or several neighbouring eNodeBs. AI: PLMN ID-eNB ID 1 = 2221-650774 PLMN ID-eNB ID 2 = 2221-650172
2025-09-29;15:14:04;AL  ;Minor ;ENodeBFunction=1;External Link Failure;X2 link problem to one or several neighbouring eNodeBs. AI: PLMN ID-eNB ID 1 = 2221-650774
2025-09-29;18:27:07;AL  ;Minor ;AntennaUnitGroup=211,AntennaNearUnit=RET_1800_2100;No Connection;Antenna near unit controller occupied.
2025-09-29;18:27:13;AL  ;Cleared;AntennaUnitGroup=211,AntennaNearUnit=RET_1800_2100;No Connection;Antenna near unit controller occupied.
2025-09-29;22:32:04;AL  ;Minor ;AntennaUnitGroup=212,AntennaNearUnit=RET_1800_2100;No Connection;Antenna near unit controller occupied.
2025-09-29;22:32:10;AL  ;Cleared;AntennaUnitGroup=212,AntennaNearUnit=RET_1800_2100;No Connection;Antenna near unit controller occupied.
2025-09-30;06:54:16;AL  ;Minor ;ENodeBFunction=1;External Link Failure;X2 link problem to one or several neighbouring eNodeBs. AI: PLMN ID-eNB ID 1 = 2221-650774 PLMN ID-eNB ID 2 = 2221-650449
2025-09-30;07:33:22;AL  ;Minor ;EUtraNetwork=1,ExternalENodeBFunction=2221-207999;Inter Node Carrier Aggregation Service Unavailable;Elastic RAN Carrier Aggregation is not available towards remote eNodeB.
2025-10-01;17:54:48;AL  ;Cleared;EUtraNetwork=1,ExternalENodeBFunction=2221-650104;Inter Node Carrier Aggregation Service Unavailable;Elastic RAN Carrier Aggregation is not available towards remote eNodeB.
2025-10-01;18:00:05;AL  ;Minor ;EUtraNetwork=1,ExternalENodeBFunction=2221-650104;Inter Node Carrier Aggregation Service Unavailable;Elastic RAN Carrier Aggregation is not available towards remote eNodeB.
2025-10-02;10:40:52;AL  ;Cleared;EUtraNetwork=1,ExternalENodeBFunction=2221-213422;Inter Node Carrier Aggregation Service Unavailable;Elastic RAN Carrier Aggregation is not available towards remote eNodeB.
2025-10-02;10:40:54;AL  ;Minor ;EUtraNetwork=1,ExternalENodeBFunction=2221-650129;Inter Node Carrier Aggregation Service Unavailable;Elastic RAN Carrier Aggregation is not available towards remote eNodeB.
2025-10-02;10:43:08;AL  ;Cleared;EUtraNetwork=1,ExternalENodeBFunction=2221-650104;Inter Node Carrier Aggregation Service Unavailable;Elastic RAN Carrier Aggregation is not available towards remote eNodeB.
2025-10-02;10:48:25;AL  ;Minor ;EUtraNetwork=1,ExternalENodeBFunction=2221-650104;Inter Node Carrier Aggregation Service Unavailable;Elastic RAN Carrier Aggregation is not available towards remote eNodeB.
2025-10-03;10:41:45;AL  ;Minor ;ENodeBFunction=1;External Link Failure;X2 link problem to one or several neighbouring eNodeBs. AI: PLMN ID-eNB ID 1 = 2221-650449
2025-10-05;07:03:26;AL  ;Cleared;EUtraNetwork=1,ExternalENodeBFunction=2221-650384;Inter Node Carrier Aggregation Service Unavailable;Elastic RAN Carrier Aggregation is not available towards remote eNodeB.
2025-10-05;07:05:06;AL  ;Minor ;EUtraNetwork=1,ExternalENodeBFunction=2221-650384;Inter Node Carrier Aggregation Service Unavailable;Elastic RAN Carrier Aggregation is not available towards remote eNodeB.
2025-10-05;07:16:45;AL  ;Cleared;EUtraNetwork=1,ExternalENodeBFunction=2221-207999;Inter Node Carrier Aggregation Service Unavailable;Elastic RAN Carrier Aggregation is not available towards remote eNodeB.
2025-10-05;07:16:47;AL  ;Minor ;EUtraNetwork=1,ExternalENodeBFunction=2221-213422;Inter Node Carrier Aggregation Service Unavailable;Elastic RAN Carrier Aggregation is not available towards remote eNodeB.
2025-10-05;07:17:20;AL  ;Cleared;EUtraNetwork=1,ExternalENodeBFunction=2221-650129;Inter Node Carrier Aggregation Service Unavailable;Elastic RAN Carrier Aggregation is not available towards remote eNodeB.
2025-10-05;07:17:47;AL  ;Minor ;EUtraNetwork=1,ExternalENodeBFunction=2221-207999;Inter Node Carrier Aggregation Service Unavailable;Elastic RAN Carrier Aggregation is not available towards remote eNodeB.
2025-10-05;07:18:22;AL  ;Minor ;EUtraNetwork=1,ExternalENodeBFunction=2221-650129;Inter Node Carrier Aggregation Service Unavailable;Elastic RAN Carrier Aggregation is not available towards remote eNodeB.
2025-10-05;07:20:00;AL  ;Cleared;EUtraNetwork=1,ExternalENodeBFunction=2221-213422;Inter Node Carrier Aggregation Service Unavailable;Elastic RAN Carrier Aggregation is not available towards remote eNodeB.
2025-10-05;07:20:20;AL  ;Cleared;EUtraNetwork=1,ExternalENodeBFunction=2221-650104;Inter Node Carrier Aggregation Service Unavailable;Elastic RAN Carrier Aggregation is not available towards remote eNodeB.
2025-10-05;07:20:23;AL  ;Minor ;EUtraNetwork=1,ExternalENodeBFunction=2221-213422;Inter Node Carrier Aggregation Service Unavailable;Elastic RAN Carrier Aggregation is not available towards remote eNodeB.
2025-10-05;09:19:55;AL  ;Cleared;EUtraNetwork=1,ExternalENodeBFunction=2221-206954;Inter Node Carrier Aggregation Service Unavailable;Elastic RAN Carrier Aggregation is not available towards remote eNodeB.
2025-10-05;09:21:30;AL  ;Minor ;EUtraNetwork=1,ExternalENodeBFunction=2221-206954;Inter Node Carrier Aggregation Service Unavailable;Elastic RAN Carrier Aggregation is not available towards remote eNodeB.
2025-10-05;11:18:56;AL  ;Minor ;EUtraNetwork=1,ExternalENodeBFunction=2221-650104;Inter Node Carrier Aggregation Service Unavailable;Elastic RAN Carrier Aggregation is not available towards remote eNodeB.
2025-10-05;11:18:58;AL  ;Cleared;EUtraNetwork=1,ExternalENodeBFunction=2221-650384;Inter Node Carrier Aggregation Service Unavailable;Elastic RAN Carrier Aggregation is not available towards remote eNodeB.
2025-10-05;11:19:03;AL  ;Cleared;EUtraNetwork=1,ExternalENodeBFunction=2221-650129;Inter Node Carrier Aggregation Service Unavailable;Elastic RAN Carrier Aggregation is not available towards remote eNodeB.
2025-10-05;11:19:09;AL  ;Cleared;ENodeBFunction=1;External Link Failure;X2 link problem to one or several neighbouring eNodeBs. AI: PLMN ID-eNB ID 1 = 2221-650449
2025-10-05;11:19:10;AL  ;Cleared;EUtraNetwork=1,ExternalENodeBFunction=2221-213422;Inter Node Carrier Aggregation Service Unavailable;Elastic RAN Carrier Aggregation is not available towards remote eNodeB.
2025-10-05;11:19:21;AL  ;Cleared;EUtraNetwork=1,ExternalENodeBFunction=2221-207999;Inter Node Carrier Aggregation Service Unavailable;Elastic RAN Carrier Aggregation is not available towards remote eNodeB.
2025-10-05;11:19:24;AL  ;Cleared;EUtraNetwork=1,ExternalENodeBFunction=2221-206954;Inter Node Carrier Aggregation Service Unavailable;Elastic RAN Carrier Aggregation is not available towards remote eNodeB.
2025-10-05;11:47:43;AL  ;Minor ;ENodeBFunction=1;External Link Failure;X2 link problem to one or several neighbouring eNodeBs. AI: PLMN ID-eNB ID 1 = 2221-650599
2025-10-05;11:56:38;AL  ;Minor ;ENodeBFunction=1;External Link Failure;X2 link problem to one or several neighbouring eNodeBs. AI: PLMN ID-eNB ID 1 = 2221-650599 PLMN ID-eNB ID 2 = 2221-213655
2025-10-05;12:02:05;AL  ;Cleared;ENodeBFunction=1;External Link Failure;X2 link problem to one or several neighbouring eNodeBs. AI: PLMN ID-eNB ID 1 = 2221-650599 PLMN ID-eNB ID 2 = 2221-213655
2025-10-05;12:23:05;AL  ;Minor ;ENodeBFunction=1;External Link Failure;X2 link problem to one or several neighbouring eNodeBs. AI: PLMN ID-eNB ID 1 = 2221-213655 PLMN ID-eNB ID 2 = 2221-650599
2025-10-05;12:33:19;AL  ;Minor ;ENodeBFunction=1;External Link Failure;X2 link problem to one or several neighbouring eNodeBs. AI: PLMN ID-eNB ID 1 = 2221-650599
2025-10-05;12:33:46;AL  ;Cleared;ENodeBFunction=1;External Link Failure;X2 link problem to one or several neighbouring eNodeBs. AI: PLMN ID-eNB ID 1 = 2221-650599
2025-10-05;13:58:47;AL  ;Minor ;EUtraNetwork=1,ExternalENodeBFunction=2221-213422;Inter Node Carrier Aggregation Service Unavailable;Elastic RAN Carrier Aggregation is not available towards remote eNodeB.
2025-10-05;14:59:39;AL  ;Minor ;ENodeBFunction=1;External Link Failure;X2 link problem to one or several neighbouring eNodeBs. AI: PLMN ID-eNB ID 1 = 2221-213655 PLMN ID-eNB ID 2 = 2221-650599
2025-10-05;15:06:10;AL  ;Cleared;ENodeBFunction=1;External Link Failure;X2 link problem to one or several neighbouring eNodeBs. AI: PLMN ID-eNB ID 1 = 2221-213655 PLMN ID-eNB ID 2 = 2221-650599
2025-10-05;16:11:34;AL  ;Minor ;ENodeBFunction=1;External Link Failure;X2 link problem to one or several neighbouring eNodeBs. AI: PLMN ID-eNB ID 1 = 2221-650599 PLMN ID-eNB ID 2 = 2221-213655
2025-10-05;16:13:04;AL  ;Cleared;ENodeBFunction=1;External Link Failure;X2 link problem to one or several neighbouring eNodeBs. AI: PLMN ID-eNB ID 1 = 2221-650599 PLMN ID-eNB ID 2 = 2221-213655


SC6BT> lgec -m 30d

251007-12:14:19+0200 19.31.6.237 25.0h MSRBS_NODE_MODEL_25.Q1_198665.224.73_bf81 stopfile=/tmp/1184340

Startdate=20250907.101419, Enddate=20251008.101419
Date;Time;Log;Severity;Object;Event;Cause;AdditionalText;AckState;Id;NotificationId;CorrelatedAlarms
Executing action Log.export()
..
Log=AlertLog                    actionId=50614
...
=================================================================================================================
MO                  actionId result      resultInfo
=================================================================================================================
LogM=1,Log=AlertLog 50614    1 (SUCCESS)           
cat  /ericsson/log/amos/moshell_logfiles/t20251007_37258710_53697/logs_moshell/tempfiles/scp-2-amos_20251007-121329_1184277/rcslogs/AlertLog_20240902__124938.log > /ericsson/log/amos/moshell_logfiles/t20251007_37258710_53697/logs_moshell/tempfiles/scp-2-amos_20251007-121329_1184277/eventLog1184340.xml

Bye...
Output has been logged to file /mta_fs/UserFiles/37258710/amosbatch/2025-10-07_11-07-01_53697/SC6BT.log
