Logging to file /mta_fs/UserFiles/37258710/amosbatch/2025-10-07_11-07-01_53697/SC77L.log
                        __  __  ____   _____
                  /\   |  \/  |/ __ \ / ____|
                 /  \  | \  / | |  | | (___  
                / /\ \ | |\/| | |  | |\___ \ 
               / ____ \| |  | | |__| |____) |
              /_/    \_\_|  |_|\____/|_____/
              OSS Framework for MoShell-25.0h 
  Copyright (c) Ericsson AB 2001-2025 - All Rights Reserved
              
           
[1;31mWARNING: [0mthe AMOS version currently running is more than 22 weeks old and is unsupported.
Please upgrade as soon as possible to the latest released version, available from your local Ericsson support.

$amosrb_pid = 839327

Checking ip contact...OK

HELP MENU            : h
BASIC MO COMMANDS    : m
OTHER MO COMMANDS    : n
OTHER COMMANDS       : o
PM COMMANDS          : p
QUIT                 : q

SC77L> lt all

251007-11:31:40+0200 19.31.3.188 25.0h  stopfile=/tmp/839140
Looking up temporary_amos account... OK.
Trying temporary_amos_t20251007_37258710_53697_313's password from amos lookupAccount ... OK

$ssh_pid = 840512

Connected to 19.31.3.188 (SubNetwork=BBMM_rckomc_R,MeContext=SC77L,ManagedElement=SC77L)

Checking MOM version...MSRBS_NODE_MODEL_25.Q1_693.28324.131_62ac
Parsing MOM (cached): /ericsson/log/amos/moshell_logfiles/t20251007_37258710_53697/logs_moshell/tempfiles/scp-2-amos_20251007-113133_839063/MSRBS_NODE_MODEL_25.Q1_693.28324.131_62ac.xml.cache.gz ..................................................................................................................................................................................................................................Done.
Using paramfile /opt/ericsson/amos/moshell/commonjars/pm/PARAM_MSRBS_25.Q1.txt
Parsing file /opt/ericsson/amos/moshell/commonjars/pm/PARAM_MSRBS_25.Q1.txt .......................................................................................Done.
Using imomdfile /opt/ericsson/amos/moshell/commonjars/pm/IMOMD_MSRBS_22.Q4.txt
Using imomfile /opt/ericsson/amos/moshell/commonjars/pm/IMOM_MSRBS_25.Q1.txt
Connected to 19.31.3.188 (SubNetwork=BBMM_rckomc_R,MeContext=SC77L,ManagedElement=SC77L)

Last MO: 16853. Loaded 16853 MOs. Total: 16854 MOs.

SC77L> hget EUtranCellFDD ^cellid

251007-11:31:53+0200 19.31.3.188 25.0h MSRBS_NODE_MODEL_25.Q1_693.28324.131_62ac stopfile=/tmp/839140

=================================================================================================================
MO                   cellId
=================================================================================================================
EUtranCellFDD=SC77L1 21    
EUtranCellFDD=SC77L2 22    
EUtranCellFDD=SC77L3 23    
=================================================================================================================
Total: 3 MOs

Added 3 MOs to group: hget_group

SC77L> hget NbIotCell ^cellid

251007-11:31:54+0200 19.31.3.188 25.0h MSRBS_NODE_MODEL_25.Q1_693.28324.131_62ac stopfile=/tmp/839140
Total: 0 MOs

SC77L> hget NRCellDU ^cellLocalId

251007-11:31:54+0200 19.31.3.188 25.0h MSRBS_NODE_MODEL_25.Q1_693.28324.131_62ac stopfile=/tmp/839140
Total: 0 MOs

SC77L> lgdc -m 30d

251007-11:31:54+0200 19.31.3.188 25.0h MSRBS_NODE_MODEL_25.Q1_693.28324.131_62ac stopfile=/tmp/839140

Startdate=20250907.093155, Enddate=20251008.093155
INFO: Using amos lookupAccount credentials for the export login

Executing action LogM.exportAvailabilityLog()
...LogM=1,exportAvailabilityLog    actionId=50857
...
=================================================================================================================
MO     actionId result      resultInfo
=================================================================================================================
LogM=1 50857    1 (SUCCESS)           
cp /ericsson/log/amos/moshell_logfiles/t20251007_37258710_53697/logs_moshell/tempfiles/scp-2-amos_20251007-113133_839063/rcslogs/RBS_CS_AVAILABILITY_LOG_20251007093157.xml /ericsson/log/amos/moshell_logfiles/t20251007_37258710_53697/logs_moshell/tempfiles/scp-2-amos_20251007-113133_839063/availabilityLog839140.xml
Parsing availabilityLog.....Done.
..
Date;Time;RestartType;SwVersion;SwRelease;RCSDowntime;ApplicationDowntime;TNDowntime;RATsDowntime;ExtraInfo;ExtraInfo2
2025-09-08;05:28:18;PartialOutage(Manual);33% Lrat Cell 22; ();10s;;;;;
2025-09-08;05:28:33;PartialOutage(Manual);33% Lrat Cell 23; ();10s;;;;;
2025-09-08;05:28:49;PartialOutage(Manual);33% Lrat Cell 21; ();9s;;;;;
2025-10-01;15:50:34;PartialOutage(Transmission);100% Lrat Cell 21 22 23; ();652s (10m52s);;;;;
2025-10-01;16:01:26;PartialOutage(Transmission);100% Lrat Cell 21 22; ();1s;;;;;
2025-10-01;16:05:44;PartialOutage(Transmission);100% Lrat Cell 21 22 23; ();12s;;;;;
2025-10-01;16:05:56;PartialOutage(Transmission);100% Lrat Cell 22 23; ();1s;;;;;

Node uptime since last restart: 494766 seconds (5 days, 17 hours, 26 minutes, 6 seconds)
------------------------------------------------------------------------------------------------------
Period=30 days       NodeUpgrade      NodeManual       NodeSpontaneous  AllNodeRestarts  PartialOutages  
------------------------------------------------------------------------------------------------------
Number Of outages    0                0                0                0                7               
Total downtime       0s               0s               0s               0s               695s (11m35s)   
Downtime per day     0s               0s               0s               0s               23s             
Downtime per outage  0s               0s               0s               0s               99s (1m39s)     

SC77L> lgac -m 30d

251007-11:32:03+0200 19.31.3.188 25.0h MSRBS_NODE_MODEL_25.Q1_693.28324.131_62ac stopfile=/tmp/839140

Startdate=20250907.093203, Enddate=20251008.093204
Date;Time;Log;Severity;Object;Event;Cause;AdditionalText;AckState;Id;NotificationId;CorrelatedAlarms
Executing action Log.export()
..
Log=AlarmLog                    actionId=50858
......
=================================================================================================================
MO                  actionId result      resultInfo
=================================================================================================================
LogM=1,Log=AlarmLog 50858    1 (SUCCESS)           
cat  /ericsson/log/amos/moshell_logfiles/t20251007_37258710_53697/logs_moshell/tempfiles/scp-2-amos_20251007-113133_839063/rcslogs/saLogAlarm_20230914__073303_20250226__234359.log /ericsson/log/amos/moshell_logfiles/t20251007_37258710_53697/logs_moshell/tempfiles/scp-2-amos_20251007-113133_839063/rcslogs/saLogAlarm_20250226__234359.log > /ericsson/log/amos/moshell_logfiles/t20251007_37258710_53697/logs_moshell/tempfiles/scp-2-amos_20251007-113133_839063/alarmLog839140.xml
2025-09-07;11:48:00;AL  ;Cleared;EUtraNetwork=1,ExternalENodeBFunction=2221-450778;Inter Node Carrier Aggregation Service Unavailable;Elastic RAN Carrier Aggregation is not available towards remote eNodeB.
2025-09-07;14:57:51;AL  ;Minor ;EUtraNetwork=1,ExternalENodeBFunction=2221-450778;Inter Node Carrier Aggregation Service Unavailable;Elastic RAN Carrier Aggregation is not available towards remote eNodeB.
2025-09-07;15:04:48;AL  ;Cleared;EUtraNetwork=1,ExternalENodeBFunction=2221-450778;Inter Node Carrier Aggregation Service Unavailable;Elastic RAN Carrier Aggregation is not available towards remote eNodeB.
2025-09-09;06:57:56;AL  ;Cleared;EUtraNetwork=1,ExternalENodeBFunction=2221-650524;Inter Node Feature Incompatibility;Elastic RAN feature is not activated in remote eNodeB. SUPPRESSED
2025-09-09;07:06:37;AL  ;Minor ;ENodeBFunction=1;External Link Failure;X2 link problem to one or several neighbouring eNodeBs. AI: PLMN ID-eNB ID 1 = 2221-650524
2025-09-12;11:39:58;AL  ;Minor ;ENodeBFunction=1;External Link Failure;X2 link problem to one or several neighbouring eNodeBs. AI: PLMN ID-eNB ID 1 = 2221-650524 PLMN ID-eNB ID 2 = 2221-450569
2025-09-12;12:48:02;AL  ;Minor ;ENodeBFunction=1;External Link Failure;X2 link problem to one or several neighbouring eNodeBs. AI: PLMN ID-eNB ID 1 = 2221-650524 PLMN ID-eNB ID 2 = 2221-450546
2025-09-12;13:15:19;AL  ;Minor ;ENodeBFunction=1;External Link Failure;X2 link problem to one or several neighbouring eNodeBs. AI: PLMN ID-eNB ID 1 = 2221-450546
2025-09-13;16:14:47;AL  ;Cleared;ENodeBFunction=1;External Link Failure;X2 link problem to one or several neighbouring eNodeBs. AI: PLMN ID-eNB ID 1 = 2221-450546
2025-09-14;15:02:28;AL  ;Minor ;EUtraNetwork=1,ExternalENodeBFunction=2221-450778;Inter Node Carrier Aggregation Service Unavailable;Elastic RAN Carrier Aggregation is not available towards remote eNodeB.
2025-09-14;15:09:18;AL  ;Cleared;EUtraNetwork=1,ExternalENodeBFunction=2221-450778;Inter Node Carrier Aggregation Service Unavailable;Elastic RAN Carrier Aggregation is not available towards remote eNodeB.
2025-09-15;18:57:25;AL  ;Minor ;EUtraNetwork=1,ExternalENodeBFunction=2221-450778;Inter Node Carrier Aggregation Service Unavailable;Elastic RAN Carrier Aggregation is not available towards remote eNodeB.
2025-09-15;19:06:44;AL  ;Minor ;ENodeBFunction=1;External Link Failure;X2 link problem to one or several neighbouring eNodeBs. AI: PLMN ID-eNB ID 1 = 2221-450546
2025-09-16;01:31:45;AL  ;Cleared;ENodeBFunction=1;External Link Failure;X2 link problem to one or several neighbouring eNodeBs. AI: PLMN ID-eNB ID 1 = 2221-450546
2025-09-16;10:07:09;AL  ;Warning;ENodeBFunction=1;PLMN Service Redundancy Lost;S1 connection failure for PLMN connected with link represented by MO listed in Additional Information. AI: PLMN = ["2221"],DN1=ManagedElement=1,ENodeBFunction=1,TermPointToMme=5,
2025-09-16;10:07:39;AL  ;Cleared;ENodeBFunction=1;PLMN Service Redundancy Lost;S1 connection failure for PLMN connected with link represented by MO listed in Additional Information. AI: PLMN = ["2221"],DN1=ManagedElement=1,ENodeBFunction=1,TermPointToMme=5,
2025-09-21;11:36:54;AL  ;Cleared;EUtraNetwork=1,ExternalENodeBFunction=2221-450778;Inter Node Carrier Aggregation Service Unavailable;Elastic RAN Carrier Aggregation is not available towards remote eNodeB.
2025-09-21;15:05:50;AL  ;Minor ;EUtraNetwork=1,ExternalENodeBFunction=2221-450778;Inter Node Carrier Aggregation Service Unavailable;Elastic RAN Carrier Aggregation is not available towards remote eNodeB.
2025-09-23;09:03:41;AL  ;Minor ;ENodeBFunction=1;External Link Failure;X2 link problem to one or several neighbouring eNodeBs. AI: PLMN ID-eNB ID 1 = 2221-450825
2025-09-23;10:18:40;AL  ;Cleared;ENodeBFunction=1;External Link Failure;X2 link problem to one or several neighbouring eNodeBs. AI: PLMN ID-eNB ID 1 = 2221-450825
2025-09-24;14:48:30;AL  ;Minor ;ENodeBFunction=1;External Link Failure;X2 link problem to one or several neighbouring eNodeBs. AI: PLMN ID-eNB ID 1 = 2221-450282
2025-09-24;14:56:59;AL  ;Cleared;ENodeBFunction=1;External Link Failure;X2 link problem to one or several neighbouring eNodeBs. AI: PLMN ID-eNB ID 1 = 2221-450282
2025-09-28;11:35:38;AL  ;Cleared;EUtraNetwork=1,ExternalENodeBFunction=2221-450778;Inter Node Carrier Aggregation Service Unavailable;Elastic RAN Carrier Aggregation is not available towards remote eNodeB.
2025-09-28;15:04:22;AL  ;Minor ;EUtraNetwork=1,ExternalENodeBFunction=2221-450778;Inter Node Carrier Aggregation Service Unavailable;Elastic RAN Carrier Aggregation is not available towards remote eNodeB.
2025-09-28;15:10:12;AL  ;Cleared;EUtraNetwork=1,ExternalENodeBFunction=2221-450778;Inter Node Carrier Aggregation Service Unavailable;Elastic RAN Carrier Aggregation is not available towards remote eNodeB.
2025-10-01;11:55:13;AL  ;Minor ;ENodeBFunction=1;External Link Failure;X2 link problem to one or several neighbouring eNodeBs. AI: PLMN ID-eNB ID 1 = 2221-205037
2025-10-01;12:51:53;AL  ;Minor ;ENodeBFunction=1;External Link Failure;X2 link problem to one or several neighbouring eNodeBs. AI: PLMN ID-eNB ID 1 = 2221-450784
2025-10-01;12:52:55;AL  ;Cleared;ENodeBFunction=1;External Link Failure;X2 link problem to one or several neighbouring eNodeBs. AI: PLMN ID-eNB ID 1 = 2221-450784
2025-10-01;15:50:10;AL  ;Cleared;EUtraNetwork=1,ExternalENodeBFunction=2221-650827;Inter Node Feature Incompatibility;Elastic RAN feature is not activated in remote eNodeB. SUPPRESSED
2025-10-01;15:50:18;AL  ;Cleared;EUtraNetwork=1,ExternalENodeBFunction=2221-450325;Inconsistent Configuration;Elastic RAN cannot be activated towards remote eNodeB. VLAN IDs do not match. Expected Vlan Id: 3908, Please check the eRAN Vlan Id at the remote eNodeB
2025-10-01;15:50:29;AL  ;Warning;ENodeBFunction=1;PLMN Service Redundancy Lost;S1 connection failure for PLMN connected with link represented by MO listed in Additional Information. AI: PLMN = ["2221"],DN1=ManagedElement=1,ENodeBFunction=1,TermPointToMme=3,DN2=ManagedElement=1,ENodeBFunction=1,TermPointToMme=2,DN3=ManagedElement=1,ENodeBFunction=1,TermPointToMme=1,DN4=ManagedElement=1,ENodeBFunction=1,TermPointToMme=5,
2025-10-01;15:50:34;AL  ;Cleared;ENodeBFunction=1;PLMN Service Redundancy Lost;S1 connection failure for PLMN connected with link represented by MO listed in Additional Information. AI: PLMN = ["2221"],DN1=ManagedElement=1,ENodeBFunction=1,TermPointToMme=3,DN2=ManagedElement=1,ENodeBFunction=1,TermPointToMme=2,DN3=ManagedElement=1,ENodeBFunction=1,TermPointToMme=1,DN4=ManagedElement=1,ENodeBFunction=1,TermPointToMme=5,
2025-10-01;15:50:34;AL  ;Minor ;ENodeBFunction=1;PLMN Service Unavailable;S1 Connection Failure for PLMNs listed in Additional Information. AI: PLMN = ["2221"],
2025-10-01;15:50:34;AL  ;Major ;EUtranCellFDD=SC77L3;Service Unavailable;This is a secondary alarm, use alarm correlation information in Additional Information to find primary alarm.
2025-10-01;15:50:34;AL  ;Major ;EUtranCellFDD=SC77L2;Service Unavailable;This is a secondary alarm, use alarm correlation information in Additional Information to find primary alarm.
2025-10-01;15:50:34;AL  ;Major ;EUtranCellFDD=SC77L1;Service Unavailable;This is a secondary alarm, use alarm correlation information in Additional Information to find primary alarm.
2025-10-01;15:50:37;AL  ;Cleared;EUtraNetwork=1,ExternalENodeBFunction=2221-650344;Inter Node Feature Incompatibility;Elastic RAN feature is not activated in remote eNodeB. SUPPRESSED
2025-10-01;15:51:05;AL  ;Major ;Synchronization=1,RadioEquipmentClock=1,RadioEquipmentClockReference=PTP8275_2;Sync PTP Time Reachability Fault;No PTP messages
2025-10-01;15:51:18;AL  ;Major ;GsmSector=SC77D1,AbisIp=1;BSC Connection Failure;Connection timeout, there is no connection towards the BSC for the GSM Sector.
2025-10-01;15:51:18;AL  ;Major ;GsmSector=SC77D2,AbisIp=1;BSC Connection Failure;Connection timeout, there is no connection towards the BSC for the GSM Sector.
2025-10-01;15:51:18;AL  ;Major ;GsmSector=SC77D3,AbisIp=1;BSC Connection Failure;Connection timeout, there is no connection towards the BSC for the GSM Sector.
2025-10-01;16:01:00;AL  ;Cleared;GsmSector=SC77D1,AbisIp=1;BSC Connection Failure;Connection timeout, there is no connection towards the BSC for the GSM Sector.
2025-10-01;16:01:00;AL  ;Cleared;GsmSector=SC77D3,AbisIp=1;BSC Connection Failure;Connection timeout, there is no connection towards the BSC for the GSM Sector.
2025-10-01;16:01:00;AL  ;Cleared;GsmSector=SC77D2,AbisIp=1;BSC Connection Failure;Connection timeout, there is no connection towards the BSC for the GSM Sector.
2025-10-01;16:01:25;AL  ;Warning;ENodeBFunction=1;PLMN Service Redundancy Lost;S1 connection failure for PLMN connected with link represented by MO listed in Additional Information. AI: PLMN = ["2221"],DN1=ManagedElement=1,ENodeBFunction=1,TermPointToMme=4,
2025-10-01;16:01:25;AL  ;Cleared;ENodeBFunction=1;PLMN Service Unavailable;S1 Connection Failure for PLMNs listed in Additional Information. AI: PLMN = ["2221"],
2025-10-01;16:01:25;AL  ;Cleared;EUtranCellFDD=SC77L3;Service Unavailable;This is a secondary alarm, use alarm correlation information in Additional Information to find primary alarm.
2025-10-01;16:01:25;AL  ;Cleared;EUtranCellFDD=SC77L2;Service Unavailable;This is a secondary alarm, use alarm correlation information in Additional Information to find primary alarm.
2025-10-01;16:01:25;AL  ;Cleared;EUtranCellFDD=SC77L1;Service Unavailable;This is a secondary alarm, use alarm correlation information in Additional Information to find primary alarm.
2025-10-01;16:01:26;AL  ;Minor ;EUtraNetwork=1,ExternalENodeBFunction=2221-650827;Inter Node Feature Incompatibility;Elastic RAN feature is not activated in remote eNodeB. SUPPRESSED
2025-10-01;16:01:29;AL  ;Cleared;ENodeBFunction=1;PLMN Service Redundancy Lost;S1 connection failure for PLMN connected with link represented by MO listed in Additional Information. AI: PLMN = ["2221"],DN1=ManagedElement=1,ENodeBFunction=1,TermPointToMme=4,
2025-10-01;16:01:36;AL  ;Minor ;EUtraNetwork=1,ExternalENodeBFunction=2221-450325;Inconsistent Configuration;Elastic RAN cannot be activated towards remote eNodeB. VLAN IDs do not match. Expected Vlan Id: 3908, Please check the eRAN Vlan Id at the remote eNodeB
2025-10-01;16:03:02;AL  ;Cleared;Synchronization=1,RadioEquipmentClock=1,RadioEquipmentClockReference=PTP8275_2;Sync PTP Time Reachability Fault;No PTP messages
2025-10-01;16:05:19;AL  ;Warning;ENodeBFunction=1;PLMN Service Redundancy Lost;S1 connection failure for PLMN connected with link represented by MO listed in Additional Information. AI: PLMN = ["2221"],DN1=ManagedElement=1,ENodeBFunction=1,TermPointToMme=3,
2025-10-01;16:05:25;AL  ;Cleared;EUtraNetwork=1,ExternalENodeBFunction=2221-650827;Inter Node Feature Incompatibility;Elastic RAN feature is not activated in remote eNodeB. SUPPRESSED
2025-10-01;16:05:27;AL  ;Cleared;EUtraNetwork=1,ExternalENodeBFunction=2221-450325;Inconsistent Configuration;Elastic RAN cannot be activated towards remote eNodeB. VLAN IDs do not match. Expected Vlan Id: 3908, Please check the eRAN Vlan Id at the remote eNodeB
2025-10-01;16:05:44;AL  ;Cleared;ENodeBFunction=1;PLMN Service Redundancy Lost;S1 connection failure for PLMN connected with link represented by MO listed in Additional Information. AI: PLMN = ["2221"],DN1=ManagedElement=1,ENodeBFunction=1,TermPointToMme=4,DN2=ManagedElement=1,ENodeBFunction=1,TermPointToMme=3,DN3=ManagedElement=1,ENodeBFunction=1,TermPointToMme=2,DN4=ManagedElement=1,ENodeBFunction=1,TermPointToMme=5,
2025-10-01;16:05:44;AL  ;Minor ;ENodeBFunction=1;PLMN Service Unavailable;S1 Connection Failure for PLMNs listed in Additional Information. AI: PLMN = ["2221"],
2025-10-01;16:05:44;AL  ;Major ;EUtranCellFDD=SC77L3;Service Unavailable;This is a secondary alarm, use alarm correlation information in Additional Information to find primary alarm.
2025-10-01;16:05:44;AL  ;Major ;EUtranCellFDD=SC77L2;Service Unavailable;This is a secondary alarm, use alarm correlation information in Additional Information to find primary alarm.
2025-10-01;16:05:44;AL  ;Major ;EUtranCellFDD=SC77L1;Service Unavailable;This is a secondary alarm, use alarm correlation information in Additional Information to find primary alarm.
2025-10-01;16:05:55;AL  ;Warning;ENodeBFunction=1;PLMN Service Redundancy Lost;S1 connection failure for PLMN connected with link represented by MO listed in Additional Information. AI: PLMN = ["2221"],DN1=ManagedElement=1,ENodeBFunction=1,TermPointToMme=4,DN2=ManagedElement=1,ENodeBFunction=1,TermPointToMme=2,DN3=ManagedElement=1,ENodeBFunction=1,TermPointToMme=1,DN4=ManagedElement=1,ENodeBFunction=1,TermPointToMme=5,
2025-10-01;16:05:55;AL  ;Cleared;ENodeBFunction=1;PLMN Service Unavailable;S1 Connection Failure for PLMNs listed in Additional Information. AI: PLMN = ["2221"],
2025-10-01;16:05:55;AL  ;Cleared;EUtranCellFDD=SC77L3;Service Unavailable;This is a secondary alarm, use alarm correlation information in Additional Information to find primary alarm.
2025-10-01;16:05:55;AL  ;Cleared;EUtranCellFDD=SC77L2;Service Unavailable;This is a secondary alarm, use alarm correlation information in Additional Information to find primary alarm.
2025-10-01;16:05:55;AL  ;Cleared;EUtranCellFDD=SC77L1;Service Unavailable;This is a secondary alarm, use alarm correlation information in Additional Information to find primary alarm.
2025-10-01;16:05:56;AL  ;Minor ;EUtraNetwork=1,ExternalENodeBFunction=2221-650827;Inter Node Feature Incompatibility;Elastic RAN feature is not activated in remote eNodeB. SUPPRESSED
2025-10-01;16:06:05;AL  ;Minor ;EUtraNetwork=1,ExternalENodeBFunction=2221-450325;Inconsistent Configuration;Elastic RAN cannot be activated towards remote eNodeB. VLAN IDs do not match. Expected Vlan Id: 3908, Please check the eRAN Vlan Id at the remote eNodeB
2025-10-01;16:06:14;AL  ;Cleared;ENodeBFunction=1;PLMN Service Redundancy Lost;S1 connection failure for PLMN connected with link represented by MO listed in Additional Information. AI: PLMN = ["2221"],DN1=ManagedElement=1,ENodeBFunction=1,TermPointToMme=1,
2025-10-01;19:06:59;AL  ;Minor ;EUtraNetwork=1,ExternalENodeBFunction=2221-650344;Inter Node Feature Incompatibility;Elastic RAN feature is not activated in remote eNodeB. SUPPRESSED
2025-10-02;13:28:44;AL  ;Cleared;EUtraNetwork=1,ExternalENodeBFunction=2221-450325;Inconsistent Configuration;Elastic RAN cannot be activated towards remote eNodeB. VLAN IDs do not match. Expected Vlan Id: 3908, Please check the eRAN Vlan Id at the remote eNodeB
2025-10-02;13:37:46;AL  ;Minor ;EUtraNetwork=1,ExternalENodeBFunction=2221-450325;Inconsistent Configuration;Elastic RAN cannot be activated towards remote eNodeB. VLAN IDs do not match. Expected Vlan Id: 3908, Please check the eRAN Vlan Id at the remote eNodeB
2025-10-05;17:30:00;AL  ;Minor ;ENodeBFunction=1;External Link Failure;X2 link problem to one or several neighbouring eNodeBs. AI: PLMN ID-eNB ID 1 = 2221-450546
2025-10-05;17:41:48;AL  ;Cleared;ENodeBFunction=1;External Link Failure;X2 link problem to one or several neighbouring eNodeBs. AI: PLMN ID-eNB ID 1 = 2221-450546


SC77L> lgec -m 30d

251007-11:32:11+0200 19.31.3.188 25.0h MSRBS_NODE_MODEL_25.Q1_693.28324.131_62ac stopfile=/tmp/839140

Startdate=20250907.093211, Enddate=20251008.093211
Date;Time;Log;Severity;Object;Event;Cause;AdditionalText;AckState;Id;NotificationId;CorrelatedAlarms
Executing action Log.export()
..
Log=AlertLog                    actionId=50859
...
=================================================================================================================
MO                  actionId result      resultInfo
=================================================================================================================
LogM=1,Log=AlertLog 50859    1 (SUCCESS)           
cat  /ericsson/log/amos/moshell_logfiles/t20251007_37258710_53697/logs_moshell/tempfiles/scp-2-amos_20251007-113133_839063/rcslogs/AlertLog_20230914__073320_20250226__234431.log /ericsson/log/amos/moshell_logfiles/t20251007_37258710_53697/logs_moshell/tempfiles/scp-2-amos_20251007-113133_839063/rcslogs/AlertLog_20250226__234431.log > /ericsson/log/amos/moshell_logfiles/t20251007_37258710_53697/logs_moshell/tempfiles/scp-2-amos_20251007-113133_839063/eventLog839140.xml

Bye...
Output has been logged to file /mta_fs/UserFiles/37258710/amosbatch/2025-10-07_11-07-01_53697/SC77L.log
