Logging to file /mta_fs/UserFiles/37258710/amosbatch/2025-10-07_11-07-01_53697/SC81E.log
                        __  __  ____   _____
                  /\   |  \/  |/ __ \ / ____|
                 /  \  | \  / | |  | | (___  
                / /\ \ | |\/| | |  | |\___ \ 
               / ____ \| |  | | |__| |____) |
              /_/    \_\_|  |_|\____/|_____/
              OSS Framework for MoShell-25.0h 
  Copyright (c) Ericsson AB 2001-2025 - All Rights Reserved
              
           
[1;31mWARNING: [0mthe AMOS version currently running is more than 22 weeks old and is unsupported.
Please upgrade as soon as possible to the latest released version, available from your local Ericsson support.

$amosrb_pid = 1207811

Checking ip contact...OK

HELP MENU            : h
BASIC MO COMMANDS    : m
OTHER MO COMMANDS    : n
OTHER COMMANDS       : o
PM COMMANDS          : p
QUIT                 : q

SC81E> lt all

251007-12:16:40+0200 19.31.5.241 25.0h  stopfile=/tmp/1207402
Looking up temporary_amos account... OK.
Trying temporary_amos_t20251007_37258710_53697_313's password from amos lookupAccount ... OK

$ssh_pid = 1209072

Connected to 19.31.5.241 (SubNetwork=BBMM_rckomc_R,MeContext=SC81E,ManagedElement=SC81E)

Checking MOM version...MSRBS_NODE_MODEL_25.Q1_198665.224.73_bf81
Parsing MOM (cached): /ericsson/log/amos/moshell_logfiles/t20251007_37258710_53697/logs_moshell/tempfiles/scp-2-amos_20251007-121633_1207273/MSRBS_NODE_MODEL_25.Q1_198665.224.73_bf81.xml.cache.gz ......................................................................................................................................................................................................................Done.
Using paramfile /opt/ericsson/amos/moshell/commonjars/pm/PARAM_MSRBSG2_25.Q1.txt
Parsing file /opt/ericsson/amos/moshell/commonjars/pm/PARAM_MSRBSG2_25.Q1.txt ......................................................................................Done.
Using imomdfile /opt/ericsson/amos/moshell/commonjars/pm/IMOMD_MSRBS_22.Q4.txt
Using imomfile /opt/ericsson/amos/moshell/commonjars/pm/IMOM_MSRBS_25.Q1.txt
Connected to 19.31.5.241 (SubNetwork=BBMM_rckomc_R,MeContext=SC81E,ManagedElement=SC81E)

Last MO: 18035. Loaded 18035 MOs. Total: 18036 MOs.

SC81E> hget EUtranCellFDD ^cellid

251007-12:16:59+0200 19.31.5.241 25.0h MSRBS_NODE_MODEL_25.Q1_198665.224.73_bf81 stopfile=/tmp/1207402
.
=================================================================================================================
MO                   cellId
=================================================================================================================
EUtranCellFDD=SC81E1 61    
EUtranCellFDD=SC81E2 62    
EUtranCellFDD=SC81E3 63    
EUtranCellFDD=SC81M1 31    
EUtranCellFDD=SC81M2 32    
EUtranCellFDD=SC81M3 33    
EUtranCellFDD=SC81T1 41    
EUtranCellFDD=SC81T2 42    
EUtranCellFDD=SC81T3 43    
=================================================================================================================
Total: 9 MOs

Added 9 MOs to group: hget_group

SC81E> hget NbIotCell ^cellid

251007-12:17:00+0200 19.31.5.241 25.0h MSRBS_NODE_MODEL_25.Q1_198665.224.73_bf81 stopfile=/tmp/1207402
.
=================================================================================================================
MO               cellId
=================================================================================================================
NbIotCell=SC81N1 161   
NbIotCell=SC81N2 162   
NbIotCell=SC81N3 163   
=================================================================================================================
Total: 3 MOs

Added 3 MOs to group: hget_group

SC81E> hget NRCellDU ^cellLocalId

251007-12:17:00+0200 19.31.5.241 25.0h MSRBS_NODE_MODEL_25.Q1_198665.224.73_bf81 stopfile=/tmp/1207402
Total: 0 MOs

SC81E> lgdc -m 30d

251007-12:17:00+0200 19.31.5.241 25.0h MSRBS_NODE_MODEL_25.Q1_198665.224.73_bf81 stopfile=/tmp/1207402

Startdate=20250907.101700, Enddate=20251008.101701
INFO: Using amos lookupAccount credentials for the export login

Executing action LogM.exportAvailabilityLog()
...LogM=1,exportAvailabilityLog    actionId=49484
......
=================================================================================================================
MO     actionId result      resultInfo
=================================================================================================================
LogM=1 49484    1 (SUCCESS)           
cp /ericsson/log/amos/moshell_logfiles/t20251007_37258710_53697/logs_moshell/tempfiles/scp-2-amos_20251007-121633_1207273/rcslogs/RBS_CS_AVAILABILITY_LOG_20251007101705.xml /ericsson/log/amos/moshell_logfiles/t20251007_37258710_53697/logs_moshell/tempfiles/scp-2-amos_20251007-121633_1207273/availabilityLog1207402.xml
Parsing availabilityLog........Done.
.....
Date;Time;RestartType;SwVersion;SwRelease;RCSDowntime;ApplicationDowntime;TNDowntime;RATsDowntime;ExtraInfo;ExtraInfo2
2025-09-08;05:15:23;PartialOutage(Manual);11% Lrat Cell 62; ();9s;;;;;
2025-09-08;05:15:40;PartialOutage(Manual);5% Lrat Cell 63; ();8s;;;;;
2025-09-08;05:15:53;PartialOutage(Manual);44% Lrat Cell 163; ();5s;;;;;
2025-09-08;05:15:58;PartialOutage(Manual);5% Lrat Cell 61; ();9s;;;;;
2025-09-08;05:16:09;PartialOutage(Manual);46% Lrat Cell 161; ();5s;;;;;
2025-09-08;05:16:14;PartialOutage(Manual);5% Lrat Cell 32; ();10s;;;;;
2025-09-08;05:16:39;PartialOutage(Manual);11% Lrat Cell 31; ();11s;;;;;
2025-09-08;05:16:54;PartialOutage(Manual);11% Lrat Cell 43; ();10s;;;;;
2025-09-08;05:17:11;PartialOutage(Manual);11% Lrat Cell 41; ();8s;;;;;
2025-09-08;05:17:22;PartialOutage(Manual);11% Lrat Cell 42; ();11s;;;;;
2025-09-09;14:31:33;PartialOutage(System);78% Lrat Cell 61 62 63 31 32 42 43; ();1s;;;;;
2025-09-09;14:31:34;PartialOutage(System);100% Lrat Cell 61 62 63 31 32 33 41 42 43; ();20s;;;;;
2025-09-09;14:31:54;PartialOutage(System);100% Lrat Cell 31 32 41 42; ();1s;;;;;
2025-09-09;14:31:55;PartialOutage(System);100% Lrat Cell 32 42; ();1s;;;;;
2025-09-09;14:31:56;PartialOutage(System);100% Lrat Cell 42; ();1s;;;;;
2025-09-13;13:59:57;PartialOutage(System);11% Lrat Cell 31; ();1s;;;;;
2025-09-13;13:59:58;PartialOutage(System);100% Lrat Cell 61 62 63 31 32 33 41 42 43; ();13s;;;;;
2025-09-13;14:00:11;PartialOutage(System);100% Lrat Cell 61 62 31 32 33 41 42 43; ();1s;;;;;
2025-09-13;14:00:13;PartialOutage(System);100% Lrat Cell 32 42; ();1s;;;;;
2025-09-13;14:00:14;PartialOutage(System);100% Lrat Cell 42; ();1s;;;;;

Node uptime since last restart: 2060217 seconds (23 days, 20 hours, 16 minutes, 57 seconds)
------------------------------------------------------------------------------------------------------
Period=30 days       NodeUpgrade      NodeManual       NodeSpontaneous  AllNodeRestarts  PartialOutages  
------------------------------------------------------------------------------------------------------
Number Of outages    0                0                0                0                20              
Total downtime       0s               0s               0s               0s               127s (2m7s)     
Downtime per day     0s               0s               0s               0s               4s              
Downtime per outage  0s               0s               0s               0s               6s              

SC81E> lgac -m 30d

251007-12:17:12+0200 19.31.5.241 25.0h MSRBS_NODE_MODEL_25.Q1_198665.224.73_bf81 stopfile=/tmp/1207402

Startdate=20250907.101712, Enddate=20251008.101713
Date;Time;Log;Severity;Object;Event;Cause;AdditionalText;AckState;Id;NotificationId;CorrelatedAlarms
Executing action Log.export()
..
Log=AlarmLog                    actionId=49485
...
=================================================================================================================
MO                  actionId result      resultInfo
=================================================================================================================
LogM=1,Log=AlarmLog 49485    1 (SUCCESS)           
cat  /ericsson/log/amos/moshell_logfiles/t20251007_37258710_53697/logs_moshell/tempfiles/scp-2-amos_20251007-121633_1207273/rcslogs/saLogAlarm_20220831__084521_20250713__060836.log /ericsson/log/amos/moshell_logfiles/t20251007_37258710_53697/logs_moshell/tempfiles/scp-2-amos_20251007-121633_1207273/rcslogs/saLogAlarm_20250713__060836.log > /ericsson/log/amos/moshell_logfiles/t20251007_37258710_53697/logs_moshell/tempfiles/scp-2-amos_20251007-121633_1207273/alarmLog1207402.xml
2025-09-07;19:38:01;AL  ;Minor ;EUtraNetwork=1,ExternalENodeBFunction=2221-650028;Inter Node Carrier Aggregation Service Unavailable;Elastic RAN Carrier Aggregation is not available towards remote eNodeB.
2025-09-07;19:38:02;AL  ;Minor ;EUtraNetwork=1,ExternalENodeBFunction=2221-207905;Inter Node Carrier Aggregation Service Unavailable;Elastic RAN Carrier Aggregation is not available towards remote eNodeB.
2025-09-07;19:38:02;AL  ;Minor ;EUtraNetwork=1,ExternalENodeBFunction=2221-650666;Inter Node Carrier Aggregation Service Unavailable;Elastic RAN Carrier Aggregation is not available towards remote eNodeB.
2025-09-07;19:38:02;AL  ;Minor ;EUtraNetwork=1,ExternalENodeBFunction=2221-205985;Inter Node Carrier Aggregation Service Unavailable;Elastic RAN Carrier Aggregation is not available towards remote eNodeB.
2025-09-07;23:40:29;AL  ;Minor ;EUtraNetwork=1,ExternalENodeBFunction=2221-206919;Inter Node Carrier Aggregation Service Unavailable;Elastic RAN Carrier Aggregation is not available towards remote eNodeB.
2025-09-09;07:53:10;AL  ;Minor ;EUtraNetwork=1,ExternalENodeBFunction=2221-650035;Inter Node Carrier Aggregation Service Unavailable;Elastic RAN Carrier Aggregation is not available towards remote eNodeB.
2025-09-09;13:47:46;AL  ;Warning;ENodeBFunction=1;PLMN Service Redundancy Lost;S1 connection failure for PLMN connected with link represented by MO listed in Additional Information. AI: PLMN = ["2221"],DN1=ManagedElement=1,ENodeBFunction=1,TermPointToMme=5,DN2=ManagedElement=1,ENodeBFunction=1,TermPointToMme=4,DN3=ManagedElement=1,ENodeBFunction=1,TermPointToMme=3,DN4=ManagedElement=1,ENodeBFunction=1,TermPointToMme=2,
2025-09-09;13:47:48;AL  ;Cleared;EUtraNetwork=1,ExternalENodeBFunction=2221-650028;Inter Node Carrier Aggregation Service Unavailable;Elastic RAN Carrier Aggregation is not available towards remote eNodeB.
2025-09-09;13:48:18;AL  ;Cleared;ENodeBFunction=1;PLMN Service Redundancy Lost;S1 connection failure for PLMN connected with link represented by MO listed in Additional Information. AI: PLMN = ["2221"],DN1=ManagedElement=1,ENodeBFunction=1,TermPointToMme=2,
2025-09-09;13:48:52;AL  ;Minor ;EUtraNetwork=1,ExternalENodeBFunction=2221-650028;Inter Node Carrier Aggregation Service Unavailable;Elastic RAN Carrier Aggregation is not available towards remote eNodeB.
2025-09-11;06:43:17;AL  ;Cleared;EUtraNetwork=1,ExternalENodeBFunction=2221-213265;Inter Node Feature Incompatibility;Elastic RAN feature is not activated in remote eNodeB. SUPPRESSED
2025-09-11;06:52:50;AL  ;Minor ;ENodeBFunction=1;External Link Failure;X2 link problem to one or several neighbouring eNodeBs. AI: PLMN ID-eNB ID 1 = 2221-213265
2025-09-11;11:09:18;AL  ;Cleared;ENodeBFunction=1;External Link Failure;X2 link problem to one or several neighbouring eNodeBs. AI: PLMN ID-eNB ID 1 = 2221-213265
2025-09-13;13:18:43;AL  ;Cleared;EUtraNetwork=1,ExternalENodeBFunction=2221-650028;Inter Node Carrier Aggregation Service Unavailable;Elastic RAN Carrier Aggregation is not available towards remote eNodeB.
2025-09-13;13:20:16;AL  ;Minor ;EUtraNetwork=1,ExternalENodeBFunction=2221-650028;Inter Node Carrier Aggregation Service Unavailable;Elastic RAN Carrier Aggregation is not available towards remote eNodeB.
2025-09-13;13:59:58;AL  ;Minor ;EUtraNetwork=1,ExternalENodeBFunction=2221-213265;Inter Node Feature Incompatibility;Elastic RAN feature is not activated in remote eNodeB. SUPPRESSED
2025-09-14;07:27:47;AL  ;Cleared;EUtraNetwork=1,ExternalENodeBFunction=2221-650035;Inter Node Carrier Aggregation Service Unavailable;Elastic RAN Carrier Aggregation is not available towards remote eNodeB.
2025-09-14;09:14:06;AL  ;Cleared;EUtraNetwork=1,ExternalENodeBFunction=2221-207905;Inter Node Carrier Aggregation Service Unavailable;Elastic RAN Carrier Aggregation is not available towards remote eNodeB.
2025-09-14;09:16:05;AL  ;Cleared;EUtraNetwork=1,ExternalENodeBFunction=2221-205985;Inter Node Carrier Aggregation Service Unavailable;Elastic RAN Carrier Aggregation is not available towards remote eNodeB.
2025-09-14;09:17:07;AL  ;Minor ;EUtraNetwork=1,ExternalENodeBFunction=2221-205985;Inter Node Carrier Aggregation Service Unavailable;Elastic RAN Carrier Aggregation is not available towards remote eNodeB.
2025-09-14;09:18:36;AL  ;Cleared;EUtraNetwork=1,ExternalENodeBFunction=2221-206919;Inter Node Carrier Aggregation Service Unavailable;Elastic RAN Carrier Aggregation is not available towards remote eNodeB.
2025-09-14;09:19:09;AL  ;Cleared;EUtraNetwork=1,ExternalENodeBFunction=2221-650666;Inter Node Carrier Aggregation Service Unavailable;Elastic RAN Carrier Aggregation is not available towards remote eNodeB.
2025-09-14;09:19:38;AL  ;Minor ;EUtraNetwork=1,ExternalENodeBFunction=2221-206919;Inter Node Carrier Aggregation Service Unavailable;Elastic RAN Carrier Aggregation is not available towards remote eNodeB.
2025-09-14;09:20:12;AL  ;Minor ;EUtraNetwork=1,ExternalENodeBFunction=2221-650666;Inter Node Carrier Aggregation Service Unavailable;Elastic RAN Carrier Aggregation is not available towards remote eNodeB.
2025-09-14;09:20:56;AL  ;Cleared;EUtraNetwork=1,ExternalENodeBFunction=2221-650028;Inter Node Carrier Aggregation Service Unavailable;Elastic RAN Carrier Aggregation is not available towards remote eNodeB.
2025-09-14;09:21:59;AL  ;Minor ;EUtraNetwork=1,ExternalENodeBFunction=2221-650028;Inter Node Carrier Aggregation Service Unavailable;Elastic RAN Carrier Aggregation is not available towards remote eNodeB.
2025-09-14;11:59:19;AL  ;Cleared;EUtraNetwork=1,ExternalENodeBFunction=2221-205985;Inter Node Carrier Aggregation Service Unavailable;Elastic RAN Carrier Aggregation is not available towards remote eNodeB.
2025-09-14;11:59:33;AL  ;Cleared;EUtraNetwork=1,ExternalENodeBFunction=2221-650028;Inter Node Carrier Aggregation Service Unavailable;Elastic RAN Carrier Aggregation is not available towards remote eNodeB.
2025-09-14;11:59:43;AL  ;Cleared;EUtraNetwork=1,ExternalENodeBFunction=2221-206919;Inter Node Carrier Aggregation Service Unavailable;Elastic RAN Carrier Aggregation is not available towards remote eNodeB.
2025-09-14;11:59:48;AL  ;Cleared;EUtraNetwork=1,ExternalENodeBFunction=2221-650666;Inter Node Carrier Aggregation Service Unavailable;Elastic RAN Carrier Aggregation is not available towards remote eNodeB.
2025-09-14;12:00:16;AL  ;Minor ;EUtraNetwork=1,ExternalENodeBFunction=2221-205984;Inter Node Carrier Aggregation Service Unavailable;Elastic RAN Carrier Aggregation is not available towards remote eNodeB.
2025-09-14;17:00:12;AL  ;Minor ;EUtraNetwork=1,ExternalENodeBFunction=2221-206919;Inter Node Carrier Aggregation Service Unavailable;Elastic RAN Carrier Aggregation is not available towards remote eNodeB.
2025-09-14;17:00:13;AL  ;Minor ;EUtraNetwork=1,ExternalENodeBFunction=2221-650028;Inter Node Carrier Aggregation Service Unavailable;Elastic RAN Carrier Aggregation is not available towards remote eNodeB.
2025-09-15;06:01:57;AL  ;Minor ;EUtraNetwork=1,ExternalENodeBFunction=2221-205985;Inter Node Carrier Aggregation Service Unavailable;Elastic RAN Carrier Aggregation is not available towards remote eNodeB.
2025-09-16;00:15:56;AL  ;Cleared;EUtraNetwork=1,ExternalENodeBFunction=2221-650028;Inter Node Carrier Aggregation Service Unavailable;Elastic RAN Carrier Aggregation is not available towards remote eNodeB.
2025-09-16;10:07:09;AL  ;Warning;ENodeBFunction=1;PLMN Service Redundancy Lost;S1 connection failure for PLMN connected with link represented by MO listed in Additional Information. AI: PLMN = ["2221"],DN1=ManagedElement=1,ENodeBFunction=1,TermPointToMme=5,
2025-09-16;10:07:39;AL  ;Cleared;ENodeBFunction=1;PLMN Service Redundancy Lost;S1 connection failure for PLMN connected with link represented by MO listed in Additional Information. AI: PLMN = ["2221"],DN1=ManagedElement=1,ENodeBFunction=1,TermPointToMme=5,
2025-09-16;15:55:23;AL  ;Minor ;EUtraNetwork=1,ExternalENodeBFunction=2221-650028;Inter Node Carrier Aggregation Service Unavailable;Elastic RAN Carrier Aggregation is not available towards remote eNodeB.
2025-09-16;19:07:01;AL  ;Minor ;EUtraNetwork=1,ExternalENodeBFunction=2221-650666;Inter Node Carrier Aggregation Service Unavailable;Elastic RAN Carrier Aggregation is not available towards remote eNodeB.
2025-09-16;19:48:00;AL  ;Minor ;EUtraNetwork=1,ExternalENodeBFunction=2221-208026;Inter Node Carrier Aggregation Service Unavailable;Elastic RAN Carrier Aggregation is not available towards remote eNodeB.
2025-09-18;12:10:09;AL  ;Minor ;EUtraNetwork=1,ExternalENodeBFunction=2221-206255;Inter Node Carrier Aggregation Service Unavailable;Elastic RAN Carrier Aggregation is not available towards remote eNodeB.
2025-09-18;18:15:16;AL  ;Minor ;EUtraNetwork=1,ExternalENodeBFunction=2221-650035;Inter Node Carrier Aggregation Service Unavailable;Elastic RAN Carrier Aggregation is not available towards remote eNodeB.
2025-09-20;07:11:46;AL  ;Cleared;EUtraNetwork=1,ExternalENodeBFunction=2221-206255;Inter Node Carrier Aggregation Service Unavailable;Elastic RAN Carrier Aggregation is not available towards remote eNodeB.
2025-09-20;07:22:31;AL  ;Minor ;EUtraNetwork=1,ExternalENodeBFunction=2221-206255;Inter Node Carrier Aggregation Service Unavailable;Elastic RAN Carrier Aggregation is not available towards remote eNodeB.
2025-09-21;07:25:42;AL  ;Cleared;EUtraNetwork=1,ExternalENodeBFunction=2221-650035;Inter Node Carrier Aggregation Service Unavailable;Elastic RAN Carrier Aggregation is not available towards remote eNodeB.
2025-09-21;09:04:47;AL  ;Cleared;EUtraNetwork=1,ExternalENodeBFunction=2221-205984;Inter Node Carrier Aggregation Service Unavailable;Elastic RAN Carrier Aggregation is not available towards remote eNodeB.
2025-09-21;09:05:09;AL  ;Cleared;EUtraNetwork=1,ExternalENodeBFunction=2221-205985;Inter Node Carrier Aggregation Service Unavailable;Elastic RAN Carrier Aggregation is not available towards remote eNodeB.
2025-09-21;09:06:12;AL  ;Minor ;EUtraNetwork=1,ExternalENodeBFunction=2221-205985;Inter Node Carrier Aggregation Service Unavailable;Elastic RAN Carrier Aggregation is not available towards remote eNodeB.
2025-09-21;09:07:34;AL  ;Cleared;EUtraNetwork=1,ExternalENodeBFunction=2221-206919;Inter Node Carrier Aggregation Service Unavailable;Elastic RAN Carrier Aggregation is not available towards remote eNodeB.
2025-09-21;09:07:36;AL  ;Minor ;EUtraNetwork=1,ExternalENodeBFunction=2221-205984;Inter Node Carrier Aggregation Service Unavailable;Elastic RAN Carrier Aggregation is not available towards remote eNodeB.
2025-09-21;09:08:04;AL  ;Cleared;EUtraNetwork=1,ExternalENodeBFunction=2221-650666;Inter Node Carrier Aggregation Service Unavailable;Elastic RAN Carrier Aggregation is not available towards remote eNodeB.
2025-09-21;09:08:36;AL  ;Minor ;EUtraNetwork=1,ExternalENodeBFunction=2221-206919;Inter Node Carrier Aggregation Service Unavailable;Elastic RAN Carrier Aggregation is not available towards remote eNodeB.
2025-09-21;09:08:39;AL  ;Cleared;EUtraNetwork=1,ExternalENodeBFunction=2221-206255;Inter Node Carrier Aggregation Service Unavailable;Elastic RAN Carrier Aggregation is not available towards remote eNodeB.
2025-09-21;09:09:07;AL  ;Minor ;EUtraNetwork=1,ExternalENodeBFunction=2221-650666;Inter Node Carrier Aggregation Service Unavailable;Elastic RAN Carrier Aggregation is not available towards remote eNodeB.
2025-09-21;09:09:13;AL  ;Cleared;EUtraNetwork=1,ExternalENodeBFunction=2221-208026;Inter Node Carrier Aggregation Service Unavailable;Elastic RAN Carrier Aggregation is not available towards remote eNodeB.
2025-09-21;09:09:42;AL  ;Minor ;EUtraNetwork=1,ExternalENodeBFunction=2221-206255;Inter Node Carrier Aggregation Service Unavailable;Elastic RAN Carrier Aggregation is not available towards remote eNodeB.
2025-09-21;09:10:00;AL  ;Cleared;EUtraNetwork=1,ExternalENodeBFunction=2221-650028;Inter Node Carrier Aggregation Service Unavailable;Elastic RAN Carrier Aggregation is not available towards remote eNodeB.
2025-09-21;09:10:15;AL  ;Minor ;EUtraNetwork=1,ExternalENodeBFunction=2221-208026;Inter Node Carrier Aggregation Service Unavailable;Elastic RAN Carrier Aggregation is not available towards remote eNodeB.
2025-09-21;09:11:03;AL  ;Minor ;EUtraNetwork=1,ExternalENodeBFunction=2221-650028;Inter Node Carrier Aggregation Service Unavailable;Elastic RAN Carrier Aggregation is not available towards remote eNodeB.
2025-09-21;11:00:12;AL  ;Minor ;EUtraNetwork=1,ExternalENodeBFunction=2221-206256;Inter Node Carrier Aggregation Service Unavailable;Elastic RAN Carrier Aggregation is not available towards remote eNodeB.
2025-09-21;11:38:58;AL  ;Cleared;EUtraNetwork=1,ExternalENodeBFunction=2221-205984;Inter Node Carrier Aggregation Service Unavailable;Elastic RAN Carrier Aggregation is not available towards remote eNodeB.
2025-09-21;11:39:03;AL  ;Cleared;EUtraNetwork=1,ExternalENodeBFunction=2221-205985;Inter Node Carrier Aggregation Service Unavailable;Elastic RAN Carrier Aggregation is not available towards remote eNodeB.
2025-09-21;11:39:10;AL  ;Cleared;EUtraNetwork=1,ExternalENodeBFunction=2221-208026;Inter Node Carrier Aggregation Service Unavailable;Elastic RAN Carrier Aggregation is not available towards remote eNodeB.
2025-09-21;11:39:14;AL  ;Cleared;EUtraNetwork=1,ExternalENodeBFunction=2221-206255;Inter Node Carrier Aggregation Service Unavailable;Elastic RAN Carrier Aggregation is not available towards remote eNodeB.
2025-09-21;11:39:20;AL  ;Cleared;EUtraNetwork=1,ExternalENodeBFunction=2221-650028;Inter Node Carrier Aggregation Service Unavailable;Elastic RAN Carrier Aggregation is not available towards remote eNodeB.
2025-09-21;11:39:31;AL  ;Cleared;EUtraNetwork=1,ExternalENodeBFunction=2221-206919;Inter Node Carrier Aggregation Service Unavailable;Elastic RAN Carrier Aggregation is not available towards remote eNodeB.
2025-09-21;11:39:35;AL  ;Cleared;EUtraNetwork=1,ExternalENodeBFunction=2221-206256;Inter Node Carrier Aggregation Service Unavailable;Elastic RAN Carrier Aggregation is not available towards remote eNodeB.
2025-09-21;11:39:39;AL  ;Cleared;EUtraNetwork=1,ExternalENodeBFunction=2221-650666;Inter Node Carrier Aggregation Service Unavailable;Elastic RAN Carrier Aggregation is not available towards remote eNodeB.
2025-09-21;18:00:15;AL  ;Minor ;EUtraNetwork=1,ExternalENodeBFunction=2221-650028;Inter Node Carrier Aggregation Service Unavailable;Elastic RAN Carrier Aggregation is not available towards remote eNodeB.
2025-09-22;06:01:50;AL  ;Minor ;EUtraNetwork=1,ExternalENodeBFunction=2221-205985;Inter Node Carrier Aggregation Service Unavailable;Elastic RAN Carrier Aggregation is not available towards remote eNodeB.
2025-09-22;16:00:13;AL  ;Minor ;EUtraNetwork=1,ExternalENodeBFunction=2221-650666;Inter Node Carrier Aggregation Service Unavailable;Elastic RAN Carrier Aggregation is not available towards remote eNodeB.
2025-09-24;14:07:39;AL  ;Minor ;EUtraNetwork=1,ExternalENodeBFunction=2221-206255;Inter Node Carrier Aggregation Service Unavailable;Elastic RAN Carrier Aggregation is not available towards remote eNodeB.
2025-09-24;20:01:15;AL  ;Minor ;EUtraNetwork=1,ExternalENodeBFunction=2221-208026;Inter Node Carrier Aggregation Service Unavailable;Elastic RAN Carrier Aggregation is not available towards remote eNodeB.
2025-09-25;11:00:13;AL  ;Minor ;EUtraNetwork=1,ExternalENodeBFunction=2221-206256;Inter Node Carrier Aggregation Service Unavailable;Elastic RAN Carrier Aggregation is not available towards remote eNodeB.
2025-09-26;13:28:14;AL  ;Minor ;ENodeBFunction=1;External Link to GNodeB Failure;X2 link problem to one or several neighbouring gNodeBs. AI: PLMN ID-gNB ID 1 = 2221-1051409
2025-09-26;13:28:19;AL  ;Minor ;ENodeBFunction=1;External Link Failure;X2 link problem to one or several neighbouring eNodeBs. AI: PLMN ID-eNB ID 1 = 2221-204754
2025-09-26;13:49:30;AL  ;Minor ;EUtraNetwork=1,ExternalENodeBFunction=2221-206919;Inter Node Carrier Aggregation Service Unavailable;Elastic RAN Carrier Aggregation is not available towards remote eNodeB.
2025-09-26;18:48:37;AL  ;Cleared;ENodeBFunction=1;External Link Failure;X2 link problem to one or several neighbouring eNodeBs. AI: PLMN ID-eNB ID 1 = 2221-204754
2025-09-26;18:48:39;AL  ;Cleared;ENodeBFunction=1;External Link to GNodeB Failure;X2 link problem to one or several neighbouring gNodeBs. AI: PLMN ID-gNB ID 1 = 2221-1051409
2025-09-28;09:06:21;AL  ;Cleared;EUtraNetwork=1,ExternalENodeBFunction=2221-205985;Inter Node Carrier Aggregation Service Unavailable;Elastic RAN Carrier Aggregation is not available towards remote eNodeB.
2025-09-28;09:07:23;AL  ;Minor ;EUtraNetwork=1,ExternalENodeBFunction=2221-205985;Inter Node Carrier Aggregation Service Unavailable;Elastic RAN Carrier Aggregation is not available towards remote eNodeB.
2025-09-28;09:08:49;AL  ;Cleared;EUtraNetwork=1,ExternalENodeBFunction=2221-206919;Inter Node Carrier Aggregation Service Unavailable;Elastic RAN Carrier Aggregation is not available towards remote eNodeB.
2025-09-28;09:09:37;AL  ;Cleared;EUtraNetwork=1,ExternalENodeBFunction=2221-650666;Inter Node Carrier Aggregation Service Unavailable;Elastic RAN Carrier Aggregation is not available towards remote eNodeB.
2025-09-28;09:09:51;AL  ;Minor ;EUtraNetwork=1,ExternalENodeBFunction=2221-206919;Inter Node Carrier Aggregation Service Unavailable;Elastic RAN Carrier Aggregation is not available towards remote eNodeB.
2025-09-28;09:09:54;AL  ;Cleared;EUtraNetwork=1,ExternalENodeBFunction=2221-206256;Inter Node Carrier Aggregation Service Unavailable;Elastic RAN Carrier Aggregation is not available towards remote eNodeB.
2025-09-28;09:10:02;AL  ;Cleared;EUtraNetwork=1,ExternalENodeBFunction=2221-206255;Inter Node Carrier Aggregation Service Unavailable;Elastic RAN Carrier Aggregation is not available towards remote eNodeB.
2025-09-28;09:10:40;AL  ;Minor ;EUtraNetwork=1,ExternalENodeBFunction=2221-650666;Inter Node Carrier Aggregation Service Unavailable;Elastic RAN Carrier Aggregation is not available towards remote eNodeB.
2025-09-28;09:10:55;AL  ;Cleared;EUtraNetwork=1,ExternalENodeBFunction=2221-208026;Inter Node Carrier Aggregation Service Unavailable;Elastic RAN Carrier Aggregation is not available towards remote eNodeB.
2025-09-28;09:10:56;AL  ;Minor ;EUtraNetwork=1,ExternalENodeBFunction=2221-206256;Inter Node Carrier Aggregation Service Unavailable;Elastic RAN Carrier Aggregation is not available towards remote eNodeB.
2025-09-28;09:11:04;AL  ;Minor ;EUtraNetwork=1,ExternalENodeBFunction=2221-206255;Inter Node Carrier Aggregation Service Unavailable;Elastic RAN Carrier Aggregation is not available towards remote eNodeB.
2025-09-28;09:11:27;AL  ;Cleared;EUtraNetwork=1,ExternalENodeBFunction=2221-650028;Inter Node Carrier Aggregation Service Unavailable;Elastic RAN Carrier Aggregation is not available towards remote eNodeB.
2025-09-28;09:11:57;AL  ;Minor ;EUtraNetwork=1,ExternalENodeBFunction=2221-208026;Inter Node Carrier Aggregation Service Unavailable;Elastic RAN Carrier Aggregation is not available towards remote eNodeB.
2025-09-28;09:12:30;AL  ;Minor ;EUtraNetwork=1,ExternalENodeBFunction=2221-650028;Inter Node Carrier Aggregation Service Unavailable;Elastic RAN Carrier Aggregation is not available towards remote eNodeB.
2025-09-28;11:38:21;AL  ;Cleared;EUtraNetwork=1,ExternalENodeBFunction=2221-205985;Inter Node Carrier Aggregation Service Unavailable;Elastic RAN Carrier Aggregation is not available towards remote eNodeB.
2025-09-28;11:38:28;AL  ;Cleared;EUtraNetwork=1,ExternalENodeBFunction=2221-208026;Inter Node Carrier Aggregation Service Unavailable;Elastic RAN Carrier Aggregation is not available towards remote eNodeB.
2025-09-28;11:38:33;AL  ;Cleared;EUtraNetwork=1,ExternalENodeBFunction=2221-206255;Inter Node Carrier Aggregation Service Unavailable;Elastic RAN Carrier Aggregation is not available towards remote eNodeB.
2025-09-28;11:38:39;AL  ;Cleared;EUtraNetwork=1,ExternalENodeBFunction=2221-650028;Inter Node Carrier Aggregation Service Unavailable;Elastic RAN Carrier Aggregation is not available towards remote eNodeB.
2025-09-28;11:38:50;AL  ;Cleared;EUtraNetwork=1,ExternalENodeBFunction=2221-206919;Inter Node Carrier Aggregation Service Unavailable;Elastic RAN Carrier Aggregation is not available towards remote eNodeB.
2025-09-28;11:38:55;AL  ;Cleared;EUtraNetwork=1,ExternalENodeBFunction=2221-206256;Inter Node Carrier Aggregation Service Unavailable;Elastic RAN Carrier Aggregation is not available towards remote eNodeB.
2025-09-28;11:38:59;AL  ;Cleared;EUtraNetwork=1,ExternalENodeBFunction=2221-650666;Inter Node Carrier Aggregation Service Unavailable;Elastic RAN Carrier Aggregation is not available towards remote eNodeB.
2025-09-28;17:00:13;AL  ;Minor ;EUtraNetwork=1,ExternalENodeBFunction=2221-650028;Inter Node Carrier Aggregation Service Unavailable;Elastic RAN Carrier Aggregation is not available towards remote eNodeB.
2025-09-29;06:01:32;AL  ;Minor ;EUtraNetwork=1,ExternalENodeBFunction=2221-205985;Inter Node Carrier Aggregation Service Unavailable;Elastic RAN Carrier Aggregation is not available towards remote eNodeB.
2025-09-29;14:00:13;AL  ;Minor ;EUtraNetwork=1,ExternalENodeBFunction=2221-650666;Inter Node Carrier Aggregation Service Unavailable;Elastic RAN Carrier Aggregation is not available towards remote eNodeB.
2025-09-29;17:01:15;AL  ;Minor ;EUtraNetwork=1,ExternalENodeBFunction=2221-208026;Inter Node Carrier Aggregation Service Unavailable;Elastic RAN Carrier Aggregation is not available towards remote eNodeB.
2025-09-30;13:15:57;AL  ;Minor ;EUtraNetwork=1,ExternalENodeBFunction=2221-207905;Inter Node Carrier Aggregation Service Unavailable;Elastic RAN Carrier Aggregation is not available towards remote eNodeB.
2025-10-01;11:27:14;AL  ;Cleared;EUtraNetwork=1,ExternalENodeBFunction=2221-650028;Inter Node Carrier Aggregation Service Unavailable;Elastic RAN Carrier Aggregation is not available towards remote eNodeB.
2025-10-01;11:28:10;AL  ;Minor ;EUtraNetwork=1,ExternalENodeBFunction=2221-650028;Inter Node Carrier Aggregation Service Unavailable;Elastic RAN Carrier Aggregation is not available towards remote eNodeB.
2025-10-01;11:50:31;AL  ;Critical;FieldReplaceableUnit=BB-1,AlarmPort=2;External Alarm;ALLARME PORTA
2025-10-01;12:00:18;AL  ;Critical;FieldReplaceableUnit=BB-1,AlarmPort=7;External Alarm;ALLARME PORTA B154
2025-10-01;12:00:29;AL  ;Cleared;FieldReplaceableUnit=BB-1,AlarmPort=7;External Alarm;ALLARME PORTA B154
2025-10-01;12:02:32;AL  ;Cleared;FieldReplaceableUnit=BB-1,AlarmPort=2;External Alarm;ALLARME PORTA
2025-10-03;07:42:43;AL  ;Minor ;EUtraNetwork=1,ExternalENodeBFunction=2221-206919;Inter Node Carrier Aggregation Service Unavailable;Elastic RAN Carrier Aggregation is not available towards remote eNodeB.
2025-10-04;18:07:59;AL  ;Cleared;EUtraNetwork=1,ExternalENodeBFunction=2221-650028;Inter Node Carrier Aggregation Service Unavailable;Elastic RAN Carrier Aggregation is not available towards remote eNodeB.
2025-10-05;08:56:19;AL  ;Cleared;EUtraNetwork=1,ExternalENodeBFunction=2221-207905;Inter Node Carrier Aggregation Service Unavailable;Elastic RAN Carrier Aggregation is not available towards remote eNodeB.
2025-10-05;08:58:02;AL  ;Cleared;EUtraNetwork=1,ExternalENodeBFunction=2221-205985;Inter Node Carrier Aggregation Service Unavailable;Elastic RAN Carrier Aggregation is not available towards remote eNodeB.
2025-10-05;08:58:04;AL  ;Minor ;EUtraNetwork=1,ExternalENodeBFunction=2221-205984;Inter Node Carrier Aggregation Service Unavailable;Elastic RAN Carrier Aggregation is not available towards remote eNodeB.
2025-10-05;08:59:04;AL  ;Minor ;EUtraNetwork=1,ExternalENodeBFunction=2221-205985;Inter Node Carrier Aggregation Service Unavailable;Elastic RAN Carrier Aggregation is not available towards remote eNodeB.
2025-10-05;08:59:40;AL  ;Cleared;EUtraNetwork=1,ExternalENodeBFunction=2221-206919;Inter Node Carrier Aggregation Service Unavailable;Elastic RAN Carrier Aggregation is not available towards remote eNodeB.
2025-10-05;09:00:43;AL  ;Minor ;EUtraNetwork=1,ExternalENodeBFunction=2221-206919;Inter Node Carrier Aggregation Service Unavailable;Elastic RAN Carrier Aggregation is not available towards remote eNodeB.
2025-10-05;09:00:47;AL  ;Cleared;EUtraNetwork=1,ExternalENodeBFunction=2221-650666;Inter Node Carrier Aggregation Service Unavailable;Elastic RAN Carrier Aggregation is not available towards remote eNodeB.
2025-10-05;09:01:50;AL  ;Minor ;EUtraNetwork=1,ExternalENodeBFunction=2221-650666;Inter Node Carrier Aggregation Service Unavailable;Elastic RAN Carrier Aggregation is not available towards remote eNodeB.
2025-10-05;09:01:50;AL  ;Cleared;EUtraNetwork=1,ExternalENodeBFunction=2221-208026;Inter Node Carrier Aggregation Service Unavailable;Elastic RAN Carrier Aggregation is not available towards remote eNodeB.
2025-10-05;09:02:52;AL  ;Minor ;EUtraNetwork=1,ExternalENodeBFunction=2221-208026;Inter Node Carrier Aggregation Service Unavailable;Elastic RAN Carrier Aggregation is not available towards remote eNodeB.
2025-10-05;11:21:46;AL  ;Cleared;EUtraNetwork=1,ExternalENodeBFunction=2221-205984;Inter Node Carrier Aggregation Service Unavailable;Elastic RAN Carrier Aggregation is not available towards remote eNodeB.
2025-10-05;11:21:51;AL  ;Cleared;EUtraNetwork=1,ExternalENodeBFunction=2221-205985;Inter Node Carrier Aggregation Service Unavailable;Elastic RAN Carrier Aggregation is not available towards remote eNodeB.
2025-10-05;11:21:57;AL  ;Cleared;EUtraNetwork=1,ExternalENodeBFunction=2221-208026;Inter Node Carrier Aggregation Service Unavailable;Elastic RAN Carrier Aggregation is not available towards remote eNodeB.
2025-10-05;11:22:21;AL  ;Cleared;EUtraNetwork=1,ExternalENodeBFunction=2221-206919;Inter Node Carrier Aggregation Service Unavailable;Elastic RAN Carrier Aggregation is not available towards remote eNodeB.
2025-10-05;11:22:26;AL  ;Cleared;EUtraNetwork=1,ExternalENodeBFunction=2221-650666;Inter Node Carrier Aggregation Service Unavailable;Elastic RAN Carrier Aggregation is not available towards remote eNodeB.
2025-10-05;15:06:10;AL  ;Minor ;EUtraNetwork=1,ExternalENodeBFunction=2221-206919;Inter Node Carrier Aggregation Service Unavailable;Elastic RAN Carrier Aggregation is not available towards remote eNodeB.
2025-10-06;06:01:32;AL  ;Minor ;EUtraNetwork=1,ExternalENodeBFunction=2221-205985;Inter Node Carrier Aggregation Service Unavailable;Elastic RAN Carrier Aggregation is not available towards remote eNodeB.
2025-10-06;06:01:34;AL  ;Minor ;EUtraNetwork=1,ExternalENodeBFunction=2221-650028;Inter Node Carrier Aggregation Service Unavailable;Elastic RAN Carrier Aggregation is not available towards remote eNodeB.
2025-10-06;11:00:13;AL  ;Minor ;EUtraNetwork=1,ExternalENodeBFunction=2221-650666;Inter Node Carrier Aggregation Service Unavailable;Elastic RAN Carrier Aggregation is not available towards remote eNodeB.


SC81E> lgec -m 30d

251007-12:17:18+0200 19.31.5.241 25.0h MSRBS_NODE_MODEL_25.Q1_198665.224.73_bf81 stopfile=/tmp/1207402

Startdate=20250907.101719, Enddate=20251008.101719
Date;Time;Log;Severity;Object;Event;Cause;AdditionalText;AckState;Id;NotificationId;CorrelatedAlarms
Executing action Log.export()
..
Log=AlertLog                    actionId=49486
...
=================================================================================================================
MO                  actionId result      resultInfo
=================================================================================================================
LogM=1,Log=AlertLog 49486    1 (SUCCESS)           
cat  /ericsson/log/amos/moshell_logfiles/t20251007_37258710_53697/logs_moshell/tempfiles/scp-2-amos_20251007-121633_1207273/rcslogs/AlertLog_20220831__084605.log > /ericsson/log/amos/moshell_logfiles/t20251007_37258710_53697/logs_moshell/tempfiles/scp-2-amos_20251007-121633_1207273/eventLog1207402.xml
2025-09-09;14:31:37;EV  ;Warning;EUtranCellFDD=SC81T2;Cell Service Unavailable Auto Recovery Initiated Alert;
2025-09-09;14:31:37;EV  ;Warning;EUtranCellFDD=SC81E2;Cell Service Unavailable Auto Recovery Initiated Alert;
2025-09-09;14:31:37;EV  ;Warning;EUtranCellFDD=SC81T3;Cell Service Unavailable Auto Recovery Initiated Alert;
2025-09-09;14:31:37;EV  ;Warning;EUtranCellFDD=SC81E1;Cell Service Unavailable Auto Recovery Initiated Alert;
2025-09-09;14:31:37;EV  ;Warning;EUtranCellFDD=SC81E3;Cell Service Unavailable Auto Recovery Initiated Alert;
2025-09-09;14:31:38;EV  ;Warning;EUtranCellFDD=SC81M3;Cell Service Unavailable Auto Recovery Initiated Alert;
2025-09-09;14:31:38;EV  ;Warning;EUtranCellFDD=SC81T1;Cell Service Unavailable Auto Recovery Initiated Alert;
2025-09-09;14:31:50;EV  ;Warning;RiLink=S210-1;Radio Interface Connectivity Disturbance Alert;Near end port:FieldReplaceableUnit=BB-1,RiPort=A (transportType=NOT_SET) (Mixed Mode with other ME). SUPPRESSED
2025-09-09;14:31:50;EV  ;Warning;RiLink=S211-1;Radio Interface Connectivity Disturbance Alert;Near end port:FieldReplaceableUnit=BB-1,RiPort=B (transportType=NOT_SET) (Mixed Mode with other ME). SUPPRESSED
2025-09-09;14:31:50;EV  ;Warning;RiLink=S212-1;Radio Interface Connectivity Disturbance Alert;Near end port:FieldReplaceableUnit=BB-1,RiPort=C (transportType=NOT_SET) (Mixed Mode with other ME). SUPPRESSED
2025-09-09;14:31:50;EV  ;Warning;RiLink=S100-1;Radio Interface Connectivity Disturbance Alert;Near end port:FieldReplaceableUnit=BB-1,RiPort=D (transportType=NOT_SET). SUPPRESSED
2025-09-09;14:31:50;EV  ;Warning;RiLink=S102-1;Radio Interface Connectivity Disturbance Alert;Near end port:FieldReplaceableUnit=BB-1,RiPort=E (transportType=NOT_SET). SUPPRESSED
2025-09-09;14:31:54;EV  ;Warning;EUtranCellFDD=SC81E2;Cell Service Available Auto Recovery Successful Alert;
2025-09-09;14:31:54;EV  ;Warning;EUtranCellFDD=SC81E1;Cell Service Available Auto Recovery Successful Alert;
2025-09-09;14:31:54;EV  ;Warning;EUtranCellFDD=SC81E3;Cell Service Available Auto Recovery Successful Alert;
2025-09-09;14:31:54;EV  ;Warning;EUtranCellFDD=SC81T3;Cell Service Available Auto Recovery Successful Alert;
2025-09-09;14:31:54;EV  ;Warning;EUtranCellFDD=SC81M3;Cell Service Available Auto Recovery Successful Alert;
2025-09-09;14:31:55;EV  ;Warning;EUtranCellFDD=SC81T1;Cell Service Available Auto Recovery Successful Alert;
2025-09-09;14:31:57;EV  ;Warning;EUtranCellFDD=SC81T2;Cell Service Available Auto Recovery Successful Alert;
2025-09-13;14:00:02;EV  ;Warning;EUtranCellFDD=SC81E2;Cell Service Unavailable Auto Recovery Initiated Alert;
2025-09-13;14:00:02;EV  ;Warning;EUtranCellFDD=SC81T3;Cell Service Unavailable Auto Recovery Initiated Alert;
2025-09-13;14:00:02;EV  ;Warning;EUtranCellFDD=SC81E1;Cell Service Unavailable Auto Recovery Initiated Alert;
2025-09-13;14:00:02;EV  ;Warning;EUtranCellFDD=SC81E3;Cell Service Unavailable Auto Recovery Initiated Alert;
2025-09-13;14:00:07;EV  ;Warning;RiLink=S210-1;Radio Interface Connectivity Disturbance Alert;Near end port:FieldReplaceableUnit=BB-1,RiPort=A (transportType=NOT_SET) (Mixed Mode with other ME). SUPPRESSED
2025-09-13;14:00:07;EV  ;Warning;RiLink=S211-1;Radio Interface Connectivity Disturbance Alert;Near end port:FieldReplaceableUnit=BB-1,RiPort=B (transportType=NOT_SET) (Mixed Mode with other ME). SUPPRESSED
2025-09-13;14:00:07;EV  ;Warning;RiLink=S212-1;Radio Interface Connectivity Disturbance Alert;Near end port:FieldReplaceableUnit=BB-1,RiPort=C (transportType=NOT_SET) (Mixed Mode with other ME). SUPPRESSED
2025-09-13;14:00:07;EV  ;Warning;RiLink=S100-1;Radio Interface Connectivity Disturbance Alert;Near end port:FieldReplaceableUnit=BB-1,RiPort=D (transportType=NOT_SET). SUPPRESSED
2025-09-13;14:00:07;EV  ;Warning;RiLink=S102-1;Radio Interface Connectivity Disturbance Alert;Near end port:FieldReplaceableUnit=BB-1,RiPort=E (transportType=NOT_SET). SUPPRESSED
2025-09-13;14:00:11;EV  ;Warning;EUtranCellFDD=SC81E3;Cell Service Available Auto Recovery Successful Alert;
2025-09-13;14:00:12;EV  ;Warning;EUtranCellFDD=SC81E2;Cell Service Available Auto Recovery Successful Alert;
2025-09-13;14:00:12;EV  ;Warning;EUtranCellFDD=SC81E1;Cell Service Available Auto Recovery Successful Alert;
2025-09-13;14:00:12;EV  ;Warning;EUtranCellFDD=SC81T3;Cell Service Available Auto Recovery Successful Alert;

Bye...
Output has been logged to file /mta_fs/UserFiles/37258710/amosbatch/2025-10-07_11-07-01_53697/SC81E.log
