Logging to file /mta_fs/UserFiles/37258710/amosbatch/2025-10-07_11-07-01_53697/VV11T.log
                        __  __  ____   _____
                  /\   |  \/  |/ __ \ / ____|
                 /  \  | \  / | |  | | (___  
                / /\ \ | |\/| | |  | |\___ \ 
               / ____ \| |  | | |__| |____) |
              /_/    \_\_|  |_|\____/|_____/
              OSS Framework for MoShell-25.0h 
  Copyright (c) Ericsson AB 2001-2025 - All Rights Reserved
              
           
[1;31mWARNING: [0mthe AMOS version currently running is more than 22 weeks old and is unsupported.
Please upgrade as soon as possible to the latest released version, available from your local Ericsson support.

$amosrb_pid = 1330787

Checking ip contact...OK

HELP MENU            : h
BASIC MO COMMANDS    : m
OTHER MO COMMANDS    : n
OTHER COMMANDS       : o
PM COMMANDS          : p
QUIT                 : q

VV11T> lt all

251007-12:32:59+0200 19.31.10.238 25.0h  stopfile=/tmp/1330400
Looking up temporary_amos account... OK.
Trying temporary_amos_t20251007_37258710_53697_313's password from amos lookupAccount ... OK

$ssh_pid = 1332602

Connected to 19.31.10.238 (SubNetwork=BBMM_rckomc_R,MeContext=VV11T,ManagedElement=VV11T)

Checking MOM version...MSRBS_NODE_MODEL_25.Q1_198665.224.73_bf81
Parsing MOM (cached): /ericsson/log/amos/moshell_logfiles/t20251007_37258710_53697/logs_moshell/tempfiles/scp-2-amos_20251007-123252_1330293/MSRBS_NODE_MODEL_25.Q1_198665.224.73_bf81.xml.cache.gz ......................................................................................................................................................................................................................Done.
Using paramfile /opt/ericsson/amos/moshell/commonjars/pm/PARAM_MSRBSG2_25.Q1.txt
Parsing file /opt/ericsson/amos/moshell/commonjars/pm/PARAM_MSRBSG2_25.Q1.txt ......................................................................................Done.
Using imomdfile /opt/ericsson/amos/moshell/commonjars/pm/IMOMD_MSRBS_22.Q4.txt
Using imomfile /opt/ericsson/amos/moshell/commonjars/pm/IMOM_MSRBS_25.Q1.txt
Connected to 19.31.10.238 (SubNetwork=BBMM_rckomc_R,MeContext=VV11T,ManagedElement=VV11T)

Last MO: 18993. Loaded 18993 MOs. Total: 18994 MOs.

VV11T> hget EUtranCellFDD ^cellid

251007-12:33:19+0200 19.31.10.238 25.0h MSRBS_NODE_MODEL_25.Q1_198665.224.73_bf81 stopfile=/tmp/1330400
.
=================================================================================================================
MO                   cellId
=================================================================================================================
EUtranCellFDD=VV11E1 61    
EUtranCellFDD=VV11E2 62    
EUtranCellFDD=VV11E3 63    
EUtranCellFDD=VV11M1 31    
EUtranCellFDD=VV11M2 32    
EUtranCellFDD=VV11M3 33    
EUtranCellFDD=VV11T1 41    
EUtranCellFDD=VV11T2 42    
EUtranCellFDD=VV11T3 43    
=================================================================================================================
Total: 9 MOs

Added 9 MOs to group: hget_group

VV11T> hget NbIotCell ^cellid

251007-12:33:20+0200 19.31.10.238 25.0h MSRBS_NODE_MODEL_25.Q1_198665.224.73_bf81 stopfile=/tmp/1330400
.
=================================================================================================================
MO               cellId
=================================================================================================================
NbIotCell=VV11N1 161   
NbIotCell=VV11N2 162   
NbIotCell=VV11N3 163   
=================================================================================================================
Total: 3 MOs

Added 3 MOs to group: hget_group

VV11T> hget NRCellDU ^cellLocalId

251007-12:33:20+0200 19.31.10.238 25.0h MSRBS_NODE_MODEL_25.Q1_198665.224.73_bf81 stopfile=/tmp/1330400
Total: 0 MOs

VV11T> lgdc -m 30d

251007-12:33:20+0200 19.31.10.238 25.0h MSRBS_NODE_MODEL_25.Q1_198665.224.73_bf81 stopfile=/tmp/1330400

Startdate=20250907.103320, Enddate=20251008.103320
INFO: Using amos lookupAccount credentials for the export login

Executing action LogM.exportAvailabilityLog()
...LogM=1,exportAvailabilityLog    actionId=21935
......
=================================================================================================================
MO     actionId result      resultInfo
=================================================================================================================
LogM=1 21935    1 (SUCCESS)           
cp /ericsson/log/amos/moshell_logfiles/t20251007_37258710_53697/logs_moshell/tempfiles/scp-2-amos_20251007-123252_1330293/rcslogs/RBS_CS_AVAILABILITY_LOG_20251007103325.xml /ericsson/log/amos/moshell_logfiles/t20251007_37258710_53697/logs_moshell/tempfiles/scp-2-amos_20251007-123252_1330293/availabilityLog1330400.xml
Parsing availabilityLog........Done.
.....
Date;Time;RestartType;SwVersion;SwRelease;RCSDowntime;ApplicationDowntime;TNDowntime;RATsDowntime;ExtraInfo;ExtraInfo2
2025-09-08;08:00:49;PartialOutage(Manual);33% Lrat Cell 161; ();1s;;;;;
2025-09-08;08:00:50;PartialOutage(Manual);11% Lrat Cell 61; ();16s;;;;;
2025-09-08;08:01:13;PartialOutage(Manual);8% Lrat Cell 62; ();5s;;;;;
2025-09-08;08:01:30;PartialOutage(Manual);52% Lrat Cell 161 162 163; ();4s;;;;;
2025-09-08;08:01:34;PartialOutage(Manual);6% Lrat Cell 63; ();3s;;;;;
2025-09-08;08:01:37;PartialOutage(Manual);52% Lrat Cell 162 163; ();7s;;;;;
2025-09-08;08:01:54;PartialOutage(Manual);6% Lrat Cell 31; ();2s;;;;;
2025-09-08;08:01:56;PartialOutage(Manual);55% Lrat Cell 163; ();11s;;;;;
2025-09-08;08:02:14;PartialOutage(Manual);6% Lrat Cell 32; ();1s;;;;;
2025-09-08;08:02:25;PartialOutage(Manual);11% Lrat Cell 33; ();7s;;;;;
2025-09-08;08:02:36;PartialOutage(Manual);11% Lrat Cell 41; ();15s;;;;;
2025-09-08;08:02:52;PartialOutage(Manual);11% Lrat Cell 42; ();13s;;;;;
2025-09-08;08:03:06;PartialOutage(Manual);11% Lrat Cell 43; ();9s;;;;;
2025-09-18;08:34:20;PartialOutage(System);100% Lrat Cell 161 162 163; ();38s;;;;;
2025-09-18;08:34:58;PartialOutage(System);100% Lrat Cell 61 62 63 31 32 41 42; ();1s;;;;;
2025-09-18;08:34:59;PartialOutage(System);100% Lrat Cell 61 62 63; ();1s;;;;;
2025-09-18;08:35:00;PartialOutage(System);100% Lrat Cell 161 163; ();1s;;;;;
2025-09-18;08:35:01;PartialOutage(System);100% Lrat Cell 163; ();1s;;;;;
2025-09-30;07:48:30;SpontaneousCold(Other:PowerReset);CXP9024418/16_R8D21;CXP9024418/16_R8D21 (RCG123.3-3);128s (2m8s);418s (6m58s);139s (2m19s);L=418s ;Requested: RankCold Other PowerReset Performed: RankCold Other PowerReset;Lrat LRAT Traffic Control active
2025-09-30;07:53:38;PartialOutage(System);100% Lrat Cell 61 62 63 31 32 41 42 43;CXP9024418/16_R8D21 (RCG123.3-3);1s;;;;;
2025-09-30;07:53:39;PartialOutage(System);100% Lrat Cell 61 62 63 31 32;CXP9024418/16_R8D21 (RCG123.3-3);1s;;;;;
2025-09-30;07:53:40;PartialOutage(System);100% Lrat Cell 61;CXP9024418/16_R8D21 (RCG123.3-3);1s;;;;;
2025-09-30;07:56:07;PartialOutage(System);22% Lrat Cell 61 62;CXP9024418/16_R8D21 (RCG123.3-3);1s;;;;;
2025-09-30;07:56:08;PartialOutage(System);100% Lrat Cell 61 62 63 31 32 33 41 42 43;CXP9024418/16_R8D21 (RCG123.3-3);15s;;;;;
2025-09-30;07:56:23;PartialOutage(System);100% Lrat Cell 61 62 31 32 41 42 43;CXP9024418/16_R8D21 (RCG123.3-3);1s;;;;;
2025-09-30;07:56:24;PartialOutage(System);100% Lrat Cell 31 32 41 42;CXP9024418/16_R8D21 (RCG123.3-3);1s;;;;;
2025-09-30;07:56:28;PartialOutage(System);100% Lrat Cell 32 42;CXP9024418/16_R8D21 (RCG123.3-3);1s;;;;;
2025-09-30;07:56:29;PartialOutage(System);100% Lrat Cell 32;CXP9024418/16_R8D21 (RCG123.3-3);1s;;;;;
2025-09-30;08:03:48;PartialOutage(System);22% Lrat Cell 62 63;CXP9024418/16_R8D21 (RCG123.3-3);1s;;;;;
2025-09-30;08:03:49;PartialOutage(System);89% Lrat Cell 62 63 31 32 33 41 42 43;CXP9024418/16_R8D21 (RCG123.3-3);1s;;;;;
2025-09-30;08:03:50;PartialOutage(System);100% Lrat Cell 161 162 163;CXP9024418/16_R8D21 (RCG123.3-3);28s;;;;;
2025-09-30;08:04:18;PartialOutage(System);100% Lrat Cell 61 31 32 41 42;CXP9024418/16_R8D21 (RCG123.3-3);1s;;;;;
2025-09-30;08:04:19;PartialOutage(System);100% Lrat Cell 31 32 41 42;CXP9024418/16_R8D21 (RCG123.3-3);1s;;;;;
2025-09-30;08:04:24;PartialOutage(System);100% Lrat Cell 41 42;CXP9024418/16_R8D21 (RCG123.3-3);1s;;;;;
2025-09-30;08:13:57;PartialOutage(System);11% Lrat Cell 63;CXP9024418/16_R8D21 (RCG123.3-3);1s;;;;;
2025-09-30;08:13:58;PartialOutage(System);78% Lrat Cell 63 31 32 33 41 42 43;CXP9024418/16_R8D21 (RCG123.3-3);1s;;;;;
2025-09-30;08:13:59;PartialOutage(System);100% Lrat Cell 161 162 163;CXP9024418/16_R8D21 (RCG123.3-3);45s;;;;;
2025-09-30;08:14:44;PartialOutage(System);100% Lrat Cell 61 31 32 41 42;CXP9024418/16_R8D21 (RCG123.3-3);1s;;;;;
2025-09-30;08:14:45;PartialOutage(System);100% Lrat Cell 161;CXP9024418/16_R8D21 (RCG123.3-3);3s;;;;;
2025-09-30;08:14:48;PartialOutage(System);100% Lrat Cell 61 32 41 42;CXP9024418/16_R8D21 (RCG123.3-3);1s;;;;;
2025-09-30;08:14:49;PartialOutage(System);100% Lrat Cell 32 41 42;CXP9024418/16_R8D21 (RCG123.3-3);1s;;;;;
2025-09-30;08:14:50;PartialOutage(System);100% Lrat Cell 41;CXP9024418/16_R8D21 (RCG123.3-3);1s;;;;;
2025-10-05;08:26:03;PartialOutage(System);56% Lrat Cell 31 32 33 41 42;CXP9024418/16_R8D21 (RCG123.3-3);1s;;;;;
2025-10-05;08:26:04;PartialOutage(System);100% Lrat Cell 161 162 163;CXP9024418/16_R8D21 (RCG123.3-3);16s;;;;;
2025-10-05;08:26:20;PartialOutage(System);100% Lrat Cell 61 31 32 41 42;CXP9024418/16_R8D21 (RCG123.3-3);1s;;;;;
2025-10-05;08:26:21;PartialOutage(System);100% Lrat Cell 161;CXP9024418/16_R8D21 (RCG123.3-3);3s;;;;;
2025-10-05;08:26:24;PartialOutage(System);100% Lrat Cell 32 41 42;CXP9024418/16_R8D21 (RCG123.3-3);2s;;;;;
2025-10-05;08:26:26;PartialOutage(System);100% Lrat Cell 42;CXP9024418/16_R8D21 (RCG123.3-3);1s;;;;;

Node uptime since last restart: 614284 seconds (7 days, 2 hours, 38 minutes, 4 seconds)
------------------------------------------------------------------------------------------------------
Period=30 days       NodeUpgrade      NodeManual       NodeSpontaneous  AllNodeRestarts  PartialOutages  
------------------------------------------------------------------------------------------------------
Number Of outages    0                0                1                1                47              
Total downtime       0s               0s               418s (6m58s)     418s (6m58s)     270s (4m30s)    
Downtime per day     0s               0s               14s              14s              9s              
Downtime per outage  0s               0s               418s (6m58s)     418s (6m58s)     6s              

VV11T> lgac -m 30d

251007-12:33:32+0200 19.31.10.238 25.0h MSRBS_NODE_MODEL_25.Q1_198665.224.73_bf81 stopfile=/tmp/1330400

Startdate=20250907.103332, Enddate=20251008.103332
Date;Time;Log;Severity;Object;Event;Cause;AdditionalText;AckState;Id;NotificationId;CorrelatedAlarms
Executing action Log.export()
..
Log=AlarmLog                    actionId=21936
..........
=================================================================================================================
MO                  actionId result      resultInfo
=================================================================================================================
LogM=1,Log=AlarmLog 21936    1 (SUCCESS)           
cat  /ericsson/log/amos/moshell_logfiles/t20251007_37258710_53697/logs_moshell/tempfiles/scp-2-amos_20251007-123252_1330293/rcslogs/saLogAlarm_20250305__173022_20250314__134138.log /ericsson/log/amos/moshell_logfiles/t20251007_37258710_53697/logs_moshell/tempfiles/scp-2-amos_20251007-123252_1330293/rcslogs/saLogAlarm_20250314__134138_20250516__115714.log /ericsson/log/amos/moshell_logfiles/t20251007_37258710_53697/logs_moshell/tempfiles/scp-2-amos_20251007-123252_1330293/rcslogs/saLogAlarm_20250516__115714.log > /ericsson/log/amos/moshell_logfiles/t20251007_37258710_53697/logs_moshell/tempfiles/scp-2-amos_20251007-123252_1330293/alarmLog1330400.xml
2025-09-08;08:00:49;AL  ;Cleared;NbIotCell=VV11N1;Service Degraded;This is a secondary alarm, use alarm correlation information in Additional Information to find primary alarm.
2025-09-08;08:00:49;AL  ;Cleared;EUtranCellFDD=VV11E1;Service Degraded;This is a secondary alarm, use alarm correlation information in Additional Information to find primary alarm.
2025-09-08;08:01:06;AL  ;Minor ;EUtranCellFDD=VV11E1;Service Degraded;This is a secondary alarm, use alarm correlation information in Additional Information to find primary alarm.
2025-09-08;08:01:37;AL  ;Minor ;NbIotCell=VV11N1;Service Degraded;This is a secondary alarm, use alarm correlation information in Additional Information to find primary alarm.
2025-09-08;08:02:41;AL  ;Minor ;ENodeBFunction=1;External Link Failure;X2 link problem to one or several neighbouring eNodeBs. AI: PLMN ID-eNB ID 1 = 2221-650529
2025-09-08;10:49:53;AL  ;Minor ;AntennaUnitGroup=1;RX Diversity Lost;Unexpected low signal level for uplink path related to RF Branches listed in additional info compared to other branches in its Sector Equipment Function. AI: DN1=RfBranch=2 RAT1=L
2025-09-08;10:49:53;AL  ;Minor ;AntennaUnitGroup=100;RX Diversity Lost;Unexpected low signal level for uplink path related to RF Branches listed in additional info compared to other branches in its Sector Equipment Function. AI: DN1=RfBranch=1_1800 RAT1=L
2025-09-08;11:05:02;AL  ;Cleared;ENodeBFunction=1;External Link Failure;X2 link problem to one or several neighbouring eNodeBs. AI: PLMN ID-eNB ID 1 = 2221-650529
2025-09-10;07:36:26;AL  ;Minor ;ENodeBFunction=1;External Link to GNodeB Failure;X2 link problem to one or several neighbouring gNodeBs. AI: PLMN ID-gNB ID 1 = 2221-1053746
2025-09-10;14:05:31;AL  ;Cleared;ENodeBFunction=1;External Link to GNodeB Failure;X2 link problem to one or several neighbouring gNodeBs. AI: PLMN ID-gNB ID 1 = 2221-1053746
2025-09-10;14:46:02;AL  ;Minor ;ENodeBFunction=1;External Link to GNodeB Failure;X2 link problem to one or several neighbouring gNodeBs. AI: PLMN ID-gNB ID 1 = 2221-1053978
2025-09-10;14:46:07;AL  ;Minor ;ENodeBFunction=1;External Link Failure;X2 link problem to one or several neighbouring eNodeBs. AI: PLMN ID-eNB ID 1 = 2221-650541
2025-09-10;16:58:21;AL  ;Cleared;ENodeBFunction=1;External Link to GNodeB Failure;X2 link problem to one or several neighbouring gNodeBs. AI: PLMN ID-gNB ID 1 = 2221-1053978
2025-09-10;16:58:51;AL  ;Cleared;ENodeBFunction=1;External Link Failure;X2 link problem to one or several neighbouring eNodeBs. AI: PLMN ID-eNB ID 1 = 2221-650541
2025-09-12;09:47:03;AL  ;Minor ;ENodeBFunction=1;External Link Failure;X2 link problem to one or several neighbouring eNodeBs. AI: PLMN ID-eNB ID 1 = 2221-210572 PLMN ID-eNB ID 2 = 2221-650639
2025-09-12;12:28:05;AL  ;Cleared;ENodeBFunction=1;External Link Failure;X2 link problem to one or several neighbouring eNodeBs. AI: PLMN ID-eNB ID 1 = 2221-210572 PLMN ID-eNB ID 2 = 2221-650639
2025-09-13;22:23:28;AL  ;Warning;Synchronization=1,RadioEquipmentClock=1,RadioEquipmentClockReference=NTP1;Sync Frequency PDV Problem;High PDV detected on IP packets towards NTP server
2025-09-14;13:50:18;AL  ;Cleared;Synchronization=1,RadioEquipmentClock=1,RadioEquipmentClockReference=NTP1;Sync Frequency PDV Problem;High PDV detected on IP packets towards NTP server
2025-09-14;14:01:35;AL  ;Minor ;ENodeBFunction=1;External Link Failure;X2 link problem to one or several neighbouring eNodeBs. AI: PLMN ID-eNB ID 1 = 2221-650279
2025-09-14;16:05:37;AL  ;Cleared;ENodeBFunction=1;External Link Failure;X2 link problem to one or several neighbouring eNodeBs. AI: PLMN ID-eNB ID 1 = 2221-650279
2025-09-15;09:28:33;AL  ;Minor ;ENodeBFunction=1;External Link Failure;X2 link problem to one or several neighbouring eNodeBs. AI: PLMN ID-eNB ID 1 = 2221-650677
2025-09-15;13:38:31;AL  ;Cleared;ENodeBFunction=1;External Link Failure;X2 link problem to one or several neighbouring eNodeBs. AI: PLMN ID-eNB ID 1 = 2221-650677
2025-09-16;02:30:26;AL  ;Minor ;ENodeBFunction=1;External Link Failure;X2 link problem to one or several neighbouring eNodeBs. AI: PLMN ID-eNB ID 1 = 2221-650773
2025-09-16;02:40:33;AL  ;Cleared;ENodeBFunction=1;External Link Failure;X2 link problem to one or several neighbouring eNodeBs. AI: PLMN ID-eNB ID 1 = 2221-650773
2025-09-16;08:50:54;AL  ;Minor ;ENodeBFunction=1;External Link Failure;X2 link problem to one or several neighbouring eNodeBs. AI: PLMN ID-eNB ID 1 = 2221-210093 PLMN ID-eNB ID 2 = 2221-650727
2025-09-16;09:59:29;AL  ;Warning;ENodeBFunction=1;PLMN Service Redundancy Lost;S1 connection failure for PLMN connected with link represented by MO listed in Additional Information. AI: PLMN = ["2221"],DN1=ManagedElement=1,ENodeBFunction=1,TermPointToMme=5,
2025-09-16;09:59:59;AL  ;Cleared;ENodeBFunction=1;PLMN Service Redundancy Lost;S1 connection failure for PLMN connected with link represented by MO listed in Additional Information. AI: PLMN = ["2221"],DN1=ManagedElement=1,ENodeBFunction=1,TermPointToMme=5,
2025-09-16;14:58:52;AL  ;Minor ;ENodeBFunction=1;External Link Failure;X2 link problem to one or several neighbouring eNodeBs. AI: PLMN ID-eNB ID 1 = 2221-650727
2025-09-16;14:59:37;AL  ;Cleared;ENodeBFunction=1;External Link Failure;X2 link problem to one or several neighbouring eNodeBs. AI: PLMN ID-eNB ID 1 = 2221-650727
2025-09-16;17:53:06;AL  ;Minor ;ENodeBFunction=1;External Link Failure;X2 link problem to one or several neighbouring eNodeBs. AI: PLMN ID-eNB ID 1 = 2221-650677
2025-09-16;18:02:38;AL  ;Cleared;ENodeBFunction=1;External Link Failure;X2 link problem to one or several neighbouring eNodeBs. AI: PLMN ID-eNB ID 1 = 2221-650677
2025-09-17;08:03:58;AL  ;Minor ;ENodeBFunction=1;External Link to GNodeB Failure;X2 link problem to one or several neighbouring gNodeBs. AI: PLMN ID-gNB ID 1 = 2221-1053746
2025-09-17;13:48:41;AL  ;Cleared;ENodeBFunction=1;External Link to GNodeB Failure;X2 link problem to one or several neighbouring gNodeBs. AI: PLMN ID-gNB ID 1 = 2221-1053746
2025-09-18;08:34:15;AL  ;Warning;ENodeBFunction=1;PLMN Service Redundancy Lost;S1 connection failure for PLMN connected with link represented by MO listed in Additional Information. AI: PLMN = ["2221"],DN1=ManagedElement=1,ENodeBFunction=1,TermPointToMme=5,DN2=ManagedElement=1,ENodeBFunction=1,TermPointToMme=3,DN3=ManagedElement=1,ENodeBFunction=1,TermPointToMme=2,DN4=ManagedElement=1,ENodeBFunction=1,TermPointToMme=1,
2025-09-18;08:34:20;AL  ;Cleared;ENodeBFunction=1;PLMN Service Redundancy Lost;S1 connection failure for PLMN connected with link represented by MO listed in Additional Information. AI: PLMN = ["2221"],DN1=ManagedElement=1,ENodeBFunction=1,TermPointToMme=5,DN2=ManagedElement=1,ENodeBFunction=1,TermPointToMme=3,DN3=ManagedElement=1,ENodeBFunction=1,TermPointToMme=2,DN4=ManagedElement=1,ENodeBFunction=1,TermPointToMme=1,
2025-09-18;08:34:20;AL  ;Minor ;ENodeBFunction=1;PLMN Service Unavailable;S1 Connection Failure for PLMNs listed in Additional Information. AI: PLMN = ["2221"],
2025-09-18;08:34:20;AL  ;Major ;EUtranCellFDD=VV11T3;Service Unavailable;This is a secondary alarm, use alarm correlation information in Additional Information to find primary alarm.
2025-09-18;08:34:20;AL  ;Major ;EUtranCellFDD=VV11T2;Service Unavailable;This is a secondary alarm, use alarm correlation information in Additional Information to find primary alarm.
2025-09-18;08:34:20;AL  ;Major ;EUtranCellFDD=VV11T1;Service Unavailable;This is a secondary alarm, use alarm correlation information in Additional Information to find primary alarm.
2025-09-18;08:34:20;AL  ;Major ;EUtranCellFDD=VV11M3;Service Unavailable;This is a secondary alarm, use alarm correlation information in Additional Information to find primary alarm.
2025-09-18;08:34:20;AL  ;Major ;EUtranCellFDD=VV11M2;Service Unavailable;This is a secondary alarm, use alarm correlation information in Additional Information to find primary alarm.
2025-09-18;08:34:20;AL  ;Major ;EUtranCellFDD=VV11M1;Service Unavailable;This is a secondary alarm, use alarm correlation information in Additional Information to find primary alarm.
2025-09-18;08:34:20;AL  ;Major ;EUtranCellFDD=VV11E3;Service Unavailable;This is a secondary alarm, use alarm correlation information in Additional Information to find primary alarm.
2025-09-18;08:34:20;AL  ;Major ;EUtranCellFDD=VV11E2;Service Unavailable;This is a secondary alarm, use alarm correlation information in Additional Information to find primary alarm.
2025-09-18;08:34:20;AL  ;Cleared;EUtranCellFDD=VV11E1;Service Degraded;This is a secondary alarm, use alarm correlation information in Additional Information to find primary alarm.
2025-09-18;08:34:20;AL  ;Major ;EUtranCellFDD=VV11E1;Service Unavailable;This is a secondary alarm, use alarm correlation information in Additional Information to find primary alarm.
2025-09-18;08:34:20;AL  ;Major ;NbIotCell=VV11N3;Service Unavailable;This is a secondary alarm, use alarm correlation information in Additional Information to find primary alarm.
2025-09-18;08:34:20;AL  ;Major ;NbIotCell=VV11N2;Service Unavailable;This is a secondary alarm, use alarm correlation information in Additional Information to find primary alarm.
2025-09-18;08:34:20;AL  ;Cleared;NbIotCell=VV11N1;Service Degraded;This is a secondary alarm, use alarm correlation information in Additional Information to find primary alarm.
2025-09-18;08:34:20;AL  ;Major ;NbIotCell=VV11N1;Service Unavailable;This is a secondary alarm, use alarm correlation information in Additional Information to find primary alarm.
2025-09-18;08:34:56;AL  ;Warning;ENodeBFunction=1;PLMN Service Redundancy Lost;S1 connection failure for PLMN connected with link represented by MO listed in Additional Information. AI: PLMN = ["2221"],DN1=ManagedElement=1,ENodeBFunction=1,TermPointToMme=5,DN2=ManagedElement=1,ENodeBFunction=1,TermPointToMme=3,DN3=ManagedElement=1,ENodeBFunction=1,TermPointToMme=2,DN4=ManagedElement=1,ENodeBFunction=1,TermPointToMme=1,
2025-09-18;08:34:56;AL  ;Cleared;ENodeBFunction=1;PLMN Service Unavailable;S1 Connection Failure for PLMNs listed in Additional Information. AI: PLMN = ["2221"],
2025-09-18;08:34:56;AL  ;Cleared;EUtranCellFDD=VV11T3;Service Unavailable;This is a secondary alarm, use alarm correlation information in Additional Information to find primary alarm.
2025-09-18;08:34:56;AL  ;Cleared;EUtranCellFDD=VV11T2;Service Unavailable;This is a secondary alarm, use alarm correlation information in Additional Information to find primary alarm.
2025-09-18;08:34:56;AL  ;Cleared;EUtranCellFDD=VV11T1;Service Unavailable;This is a secondary alarm, use alarm correlation information in Additional Information to find primary alarm.
2025-09-18;08:34:56;AL  ;Cleared;EUtranCellFDD=VV11M3;Service Unavailable;This is a secondary alarm, use alarm correlation information in Additional Information to find primary alarm.
2025-09-18;08:34:56;AL  ;Cleared;EUtranCellFDD=VV11M2;Service Unavailable;This is a secondary alarm, use alarm correlation information in Additional Information to find primary alarm.
2025-09-18;08:34:56;AL  ;Cleared;EUtranCellFDD=VV11M1;Service Unavailable;This is a secondary alarm, use alarm correlation information in Additional Information to find primary alarm.
2025-09-18;08:34:56;AL  ;Cleared;EUtranCellFDD=VV11E3;Service Unavailable;This is a secondary alarm, use alarm correlation information in Additional Information to find primary alarm.
2025-09-18;08:34:56;AL  ;Cleared;EUtranCellFDD=VV11E2;Service Unavailable;This is a secondary alarm, use alarm correlation information in Additional Information to find primary alarm.
2025-09-18;08:34:56;AL  ;Cleared;EUtranCellFDD=VV11E1;Service Unavailable;This is a secondary alarm, use alarm correlation information in Additional Information to find primary alarm.
2025-09-18;08:34:56;AL  ;Cleared;NbIotCell=VV11N3;Service Unavailable;This is a secondary alarm, use alarm correlation information in Additional Information to find primary alarm.
2025-09-18;08:34:56;AL  ;Cleared;NbIotCell=VV11N2;Service Unavailable;This is a secondary alarm, use alarm correlation information in Additional Information to find primary alarm.
2025-09-18;08:35:01;AL  ;Minor ;EUtranCellFDD=VV11E1;Service Degraded;This is a secondary alarm, use alarm correlation information in Additional Information to find primary alarm.
2025-09-18;08:35:01;AL  ;Cleared;NbIotCell=VV11N1;Service Unavailable;This is a secondary alarm, use alarm correlation information in Additional Information to find primary alarm.
2025-09-18;08:35:01;AL  ;Minor ;NbIotCell=VV11N1;Service Degraded;This is a secondary alarm, use alarm correlation information in Additional Information to find primary alarm.
2025-09-18;08:35:24;AL  ;Cleared;ENodeBFunction=1;PLMN Service Redundancy Lost;S1 connection failure for PLMN connected with link represented by MO listed in Additional Information. AI: PLMN = ["2221"],DN1=ManagedElement=1,ENodeBFunction=1,TermPointToMme=3,
2025-09-18;08:52:32;AL  ;Minor ;ENodeBFunction=1;External Link Failure;X2 link problem to one or several neighbouring eNodeBs. AI: PLMN ID-eNB ID 1 = 2221-650757
2025-09-18;12:56:38;AL  ;Cleared;ENodeBFunction=1;External Link Failure;X2 link problem to one or several neighbouring eNodeBs. AI: PLMN ID-eNB ID 1 = 2221-650757
2025-09-18;18:17:38;AL  ;Minor ;ENodeBFunction=1;External Link Failure;X2 link problem to one or several neighbouring eNodeBs. AI: PLMN ID-eNB ID 1 = 2221-650560
2025-09-18;20:12:20;AL  ;Minor ;ENodeBFunction=1;External Link Failure;X2 link problem to one or several neighbouring eNodeBs. AI: PLMN ID-eNB ID 1 = 2221-650560 PLMN ID-eNB ID 2 = 2221-650824
2025-09-19;08:25:00;AL  ;Minor ;ENodeBFunction=1;External Link Failure;X2 link problem to one or several neighbouring eNodeBs. AI: PLMN ID-eNB ID 1 = 2221-650560 PLMN ID-eNB ID 2 = 2221-650824 PLMN ID-eNB ID 3 = 2221-210129
2025-09-19;08:28:44;AL  ;Minor ;ENodeBFunction=1;External Link Failure;X2 link problem to one or several neighbouring eNodeBs. AI: PLMN ID-eNB ID 1 = 2221-650560 PLMN ID-eNB ID 2 = 2221-650824
2025-09-19;09:04:40;AL  ;Minor ;ENodeBFunction=1;External Link Failure;X2 link problem to one or several neighbouring eNodeBs. AI: PLMN ID-eNB ID 1 = 2221-650560 PLMN ID-eNB ID 2 = 2221-650824 PLMN ID-eNB ID 3 = 2221-210129
2025-09-19;10:00:17;AL  ;Minor ;ENodeBFunction=1;External Link Failure;X2 link problem to one or several neighbouring eNodeBs. AI: PLMN ID-eNB ID 1 = 2221-650560 PLMN ID-eNB ID 2 = 2221-650824
2025-09-19;15:49:00;AL  ;Minor ;ENodeBFunction=1;External Link Failure;X2 link problem to one or several neighbouring eNodeBs. AI: PLMN ID-eNB ID 1 = 2221-650560
2025-09-21;11:50:04;AL  ;Cleared;ENodeBFunction=1;External Link Failure;X2 link problem to one or several neighbouring eNodeBs. AI: PLMN ID-eNB ID 1 = 2221-650560
2025-09-22;01:20:56;AL  ;Minor ;ENodeBFunction=1;External Link Failure;X2 link problem to one or several neighbouring eNodeBs. AI: PLMN ID-eNB ID 1 = 2221-650279
2025-09-22;07:29:11;AL  ;Minor ;ENodeBFunction=1;External Link Failure;X2 link problem to one or several neighbouring eNodeBs. AI: PLMN ID-eNB ID 1 = 2221-650279 PLMN ID-eNB ID 2 = 2221-650824
2025-09-22;08:47:58;AL  ;Minor ;ENodeBFunction=1;External Link Failure;X2 link problem to one or several neighbouring eNodeBs. AI: PLMN ID-eNB ID 1 = 2221-650824
2025-09-22;13:26:52;AL  ;Minor ;ENodeBFunction=1;External Link Failure;X2 link problem to one or several neighbouring eNodeBs. AI: PLMN ID-eNB ID 1 = 2221-650824 PLMN ID-eNB ID 2 = 2221-205265 PLMN ID-eNB ID 3 = 2221-205266
2025-09-22;14:38:35;AL  ;Minor ;ENodeBFunction=1;External Link Failure;X2 link problem to one or several neighbouring eNodeBs. AI: PLMN ID-eNB ID 1 = 2221-650824 PLMN ID-eNB ID 2 = 2221-205265 PLMN ID-eNB ID 3 = 2221-205266 PLMN ID-eNB ID 4 = 2221-207401
2025-09-22;14:39:48;AL  ;Minor ;ENodeBFunction=1;External Link Failure;X2 link problem to one or several neighbouring eNodeBs. AI: PLMN ID-eNB ID 1 = 2221-650824 PLMN ID-eNB ID 2 = 2221-205265 PLMN ID-eNB ID 3 = 2221-205266 PLMN ID-eNB ID 4 = 2221-207401 PLMN ID-eNB ID 5 = 2221-650632
2025-09-22;14:41:45;AL  ;Minor ;ENodeBFunction=1;External Link to GNodeB Failure;X2 link problem to one or several neighbouring gNodeBs. AI: PLMN ID-gNB ID 1 = 2221-1051710
2025-09-22;17:39:33;AL  ;Minor ;ENodeBFunction=1;External Link Failure;X2 link problem to one or several neighbouring eNodeBs. AI: PLMN ID-eNB ID 1 = 2221-650824 PLMN ID-eNB ID 2 = 2221-205265 PLMN ID-eNB ID 3 = 2221-205266
2025-09-22;17:39:30;AL  ;Cleared;ENodeBFunction=1;External Link to GNodeB Failure;X2 link problem to one or several neighbouring gNodeBs. AI: PLMN ID-gNB ID 1 = 2221-1051710
2025-09-23;00:13:08;AL  ;Minor ;ENodeBFunction=1;External Link Failure;X2 link problem to one or several neighbouring eNodeBs. AI: PLMN ID-eNB ID 1 = 2221-650824 PLMN ID-eNB ID 2 = 2221-205265 PLMN ID-eNB ID 3 = 2221-205266 PLMN ID-eNB ID 4 = 2221-650632
2025-09-23;00:13:31;AL  ;Minor ;ENodeBFunction=1;External Link to GNodeB Failure;X2 link problem to one or several neighbouring gNodeBs. AI: PLMN ID-gNB ID 1 = 2221-1051710
2025-09-23;07:08:35;AL  ;Minor ;ENodeBFunction=1;External Link Failure;X2 link problem to one or several neighbouring eNodeBs. AI: PLMN ID-eNB ID 1 = 2221-205265 PLMN ID-eNB ID 2 = 2221-205266 PLMN ID-eNB ID 3 = 2221-650632 PLMN ID-eNB ID 4 = 2221-207401
2025-09-23;07:27:31;AL  ;Minor ;ENodeBFunction=1;External Link to GNodeB Failure;X2 link problem to one or several neighbouring gNodeBs. AI: PLMN ID-gNB ID 1 = 2221-1051710 PLMN ID-gNB ID 2 = 2221-1053746
2025-09-23;08:40:02;AL  ;Minor ;ENodeBFunction=1;External Link Failure;X2 link problem to one or several neighbouring eNodeBs. AI: PLMN ID-eNB ID 1 = 2221-650632 PLMN ID-eNB ID 2 = 2221-207401
2025-09-23;13:38:39;AL  ;Minor ;ENodeBFunction=1;External Link to GNodeB Failure;X2 link problem to one or several neighbouring gNodeBs. AI: PLMN ID-gNB ID 1 = 2221-1051710
2025-09-25;07:54:39;AL  ;Minor ;ENodeBFunction=1;External Link Failure;X2 link problem to one or several neighbouring eNodeBs. AI: PLMN ID-eNB ID 1 = 2221-650632 PLMN ID-eNB ID 2 = 2221-207401 PLMN ID-eNB ID 3 = 2221-650215
2025-09-25;09:06:35;AL  ;Minor ;ENodeBFunction=1;External Link Failure;X2 link problem to one or several neighbouring eNodeBs. AI: PLMN ID-eNB ID 1 = 2221-650632 PLMN ID-eNB ID 2 = 2221-207401 PLMN ID-eNB ID 3 = 2221-650215 PLMN ID-eNB ID 4 = 2221-650809
2025-09-25;10:17:19;AL  ;Minor ;ENodeBFunction=1;External Link Failure;X2 link problem to one or several neighbouring eNodeBs. AI: PLMN ID-eNB ID 1 = 2221-650632 PLMN ID-eNB ID 2 = 2221-207401 PLMN ID-eNB ID 3 = 2221-650215 PLMN ID-eNB ID 4 = 2221-650809 PLMN ID-eNB ID 5 = 2221-210129
2025-09-25;11:57:18;AL  ;Minor ;ENodeBFunction=1;External Link Failure;X2 link problem to one or several neighbouring eNodeBs. AI: PLMN ID-eNB ID 1 = 2221-650632 PLMN ID-eNB ID 2 = 2221-207401 PLMN ID-eNB ID 3 = 2221-650215 PLMN ID-eNB ID 4 = 2221-650809
2025-09-25;12:55:04;AL  ;Minor ;ENodeBFunction=1;External Link Failure;X2 link problem to one or several neighbouring eNodeBs. AI: PLMN ID-eNB ID 1 = 2221-650632 PLMN ID-eNB ID 2 = 2221-207401 PLMN ID-eNB ID 3 = 2221-650215
2025-09-26;07:32:36;AL  ;Minor ;ENodeBFunction=1;External Link Failure;X2 link problem to one or several neighbouring eNodeBs. AI: PLMN ID-eNB ID 1 = 2221-650632 PLMN ID-eNB ID 2 = 2221-207401
2025-09-26;12:54:19;AL  ;Cleared;ENodeBFunction=1;External Link to GNodeB Failure;X2 link problem to one or several neighbouring gNodeBs. AI: PLMN ID-gNB ID 1 = 2221-1051710
2025-09-26;12:54:32;AL  ;Minor ;ENodeBFunction=1;External Link Failure;X2 link problem to one or several neighbouring eNodeBs. AI: PLMN ID-eNB ID 1 = 2221-650632
2025-09-26;12:54:55;AL  ;Cleared;ENodeBFunction=1;External Link Failure;X2 link problem to one or several neighbouring eNodeBs. AI: PLMN ID-eNB ID 1 = 2221-650632
2025-09-26;13:05:25;AL  ;Minor ;ENodeBFunction=1;External Link to GNodeB Failure;X2 link problem to one or several neighbouring gNodeBs. AI: PLMN ID-gNB ID 1 = 2221-1051710
2025-09-26;13:16:16;AL  ;Cleared;ENodeBFunction=1;External Link to GNodeB Failure;X2 link problem to one or several neighbouring gNodeBs. AI: PLMN ID-gNB ID 1 = 2221-1051710
2025-09-27;08:05:56;AL  ;Minor ;ENodeBFunction=1;External Link Failure;X2 link problem to one or several neighbouring eNodeBs. AI: PLMN ID-eNB ID 1 = 2221-600315
2025-09-27;08:10:02;AL  ;Cleared;ENodeBFunction=1;External Link Failure;X2 link problem to one or several neighbouring eNodeBs. AI: PLMN ID-eNB ID 1 = 2221-600315
2025-09-27;11:06:15;AL  ;Minor ;ENodeBFunction=1;External Link Failure;X2 link problem to one or several neighbouring eNodeBs. AI: PLMN ID-eNB ID 1 = 2221-650300
2025-09-27;11:09:56;AL  ;Minor ;ENodeBFunction=1;External Link Failure;X2 link problem to one or several neighbouring eNodeBs. AI: PLMN ID-eNB ID 1 = 2221-650300 PLMN ID-eNB ID 2 = 2221-210129
2025-09-28;05:42:36;AL  ;Minor ;ENodeBFunction=1;External Link Failure;X2 link problem to one or several neighbouring eNodeBs. AI: PLMN ID-eNB ID 1 = 2221-650300 PLMN ID-eNB ID 2 = 2221-210129 PLMN ID-eNB ID 3 = 2221-650690
2025-09-28;05:44:24;AL  ;Minor ;ENodeBFunction=1;External Link Failure;X2 link problem to one or several neighbouring eNodeBs. AI: PLMN ID-eNB ID 1 = 2221-650300 PLMN ID-eNB ID 2 = 2221-210129
2025-09-28;11:49:22;AL  ;Cleared;ENodeBFunction=1;External Link Failure;X2 link problem to one or several neighbouring eNodeBs. AI: PLMN ID-eNB ID 1 = 2221-650300 PLMN ID-eNB ID 2 = 2221-210129
2025-09-29;11:23:27;AL  ;Minor ;ENodeBFunction=1;External Link Failure;X2 link problem to one or several neighbouring eNodeBs. AI: PLMN ID-eNB ID 1 = 2221-650814
2025-09-29;11:25:55;AL  ;Minor ;ENodeBFunction=1;External Link Failure;X2 link problem to one or several neighbouring eNodeBs. AI: PLMN ID-eNB ID 1 = 2221-650814 PLMN ID-eNB ID 2 = 2221-650529
2025-09-29;19:06:21;AL  ;Minor ;ENodeBFunction=1;External Link Failure;X2 link problem to one or several neighbouring eNodeBs. AI: PLMN ID-eNB ID 1 = 2221-650529
2025-09-29;19:10:11;AL  ;Cleared;ENodeBFunction=1;External Link Failure;X2 link problem to one or several neighbouring eNodeBs. AI: PLMN ID-eNB ID 1 = 2221-650529
2025-09-29;19:17:05;AL  ;Minor ;ENodeBFunction=1;External Link Failure;X2 link problem to one or several neighbouring eNodeBs. AI: PLMN ID-eNB ID 1 = 2221-650814
2025-09-29;19:23:11;AL  ;Cleared;ENodeBFunction=1;External Link Failure;X2 link problem to one or several neighbouring eNodeBs. AI: PLMN ID-eNB ID 1 = 2221-650814
2025-09-30;07:49:00;AL  ;Minor ;EthernetPort=TN_A;Ethernet Link Failure;Connected to physical port TnPort=TN_A
2025-09-30;07:52:55;AL  ;Minor ;FieldReplaceableUnit=Radio-S100-1,RfPort=R;Current Too High;Connected devices demand too much.
2025-09-30;07:52:57;AL  ;Cleared;EthernetPort=TN_A;Ethernet Link Failure;Connected to physical port TnPort=TN_A
2025-09-30;07:53:26;AL  ;Major ;EUtranCellFDD=VV11E1;Service Unavailable;This is a secondary alarm, use alarm correlation information in Additional Information to find primary alarm.
2025-09-30;07:53:26;AL  ;Major ;NbIotCell=VV11N1;Service Unavailable;This is a secondary alarm, use alarm correlation information in Additional Information to find primary alarm.
2025-09-30;07:53:26;AL  ;Major ;EUtranCellFDD=VV11E3;Service Unavailable;This is a secondary alarm, use alarm correlation information in Additional Information to find primary alarm.
2025-09-30;07:53:26;AL  ;Major ;EUtranCellFDD=VV11E2;Service Unavailable;This is a secondary alarm, use alarm correlation information in Additional Information to find primary alarm.
2025-09-30;07:53:26;AL  ;Major ;NbIotCell=VV11N3;Service Unavailable;This is a secondary alarm, use alarm correlation information in Additional Information to find primary alarm.
2025-09-30;07:53:26;AL  ;Major ;NbIotCell=VV11N2;Service Unavailable;This is a secondary alarm, use alarm correlation information in Additional Information to find primary alarm.
2025-09-30;07:53:28;AL  ;Major ;EUtranCellFDD=VV11M3;Service Unavailable;This is a secondary alarm, use alarm correlation information in Additional Information to find primary alarm.
2025-09-30;07:53:28;AL  ;Major ;EUtranCellFDD=VV11T3;Service Unavailable;This is a secondary alarm, use alarm correlation information in Additional Information to find primary alarm.
2025-09-30;07:53:36;AL  ;Cleared;EUtranCellFDD=VV11T3;Service Unavailable;This is a secondary alarm, use alarm correlation information in Additional Information to find primary alarm.
2025-09-30;07:53:36;AL  ;Cleared;EUtranCellFDD=VV11M3;Service Unavailable;This is a secondary alarm, use alarm correlation information in Additional Information to find primary alarm.
2025-09-30;07:53:36;AL  ;Cleared;EUtranCellFDD=VV11E3;Service Unavailable;This is a secondary alarm, use alarm correlation information in Additional Information to find primary alarm.
2025-09-30;07:53:36;AL  ;Cleared;EUtranCellFDD=VV11E2;Service Unavailable;This is a secondary alarm, use alarm correlation information in Additional Information to find primary alarm.
2025-09-30;07:53:36;AL  ;Cleared;EUtranCellFDD=VV11E1;Service Unavailable;This is a secondary alarm, use alarm correlation information in Additional Information to find primary alarm.
2025-09-30;07:53:38;AL  ;Minor ;ENodeBFunction=1;Sync Time and Phase Accuracy Too Low;Time and phase sync accuracy crossed the threshold for features interworking with NR.
2025-09-30;07:53:38;AL  ;Minor ;EUtranCellFDD=VV11M3;Service Degraded;This is a secondary alarm, use alarm correlation information in Additional Information to find primary alarm.
2025-09-30;07:53:39;AL  ;Minor ;EUtranCellFDD=VV11T3;Service Degraded;This is a secondary alarm, use alarm correlation information in Additional Information to find primary alarm.
2025-09-30;07:53:39;AL  ;Minor ;EUtranCellFDD=VV11T2;Service Degraded;This is a secondary alarm, use alarm correlation information in Additional Information to find primary alarm.
2025-09-30;07:53:39;AL  ;Minor ;EUtranCellFDD=VV11T1;Service Degraded;This is a secondary alarm, use alarm correlation information in Additional Information to find primary alarm.
2025-09-30;07:53:40;AL  ;Minor ;EUtranCellFDD=VV11E2;Service Degraded;This is a secondary alarm, use alarm correlation information in Additional Information to find primary alarm.
2025-09-30;07:53:40;AL  ;Cleared;NbIotCell=VV11N2;Service Unavailable;This is a secondary alarm, use alarm correlation information in Additional Information to find primary alarm.
2025-09-30;07:53:40;AL  ;Minor ;EUtranCellFDD=VV11E3;Service Degraded;This is a secondary alarm, use alarm correlation information in Additional Information to find primary alarm.
2025-09-30;07:53:40;AL  ;Cleared;NbIotCell=VV11N3;Service Unavailable;This is a secondary alarm, use alarm correlation information in Additional Information to find primary alarm.
2025-09-30;07:53:40;AL  ;Minor ;EUtranCellFDD=VV11M1;Service Degraded;This is a secondary alarm, use alarm correlation information in Additional Information to find primary alarm.
2025-09-30;07:53:40;AL  ;Minor ;EUtranCellFDD=VV11M2;Service Degraded;This is a secondary alarm, use alarm correlation information in Additional Information to find primary alarm.
2025-09-30;07:53:40;AL  ;Major ;Synchronization=1,RadioEquipmentClock=1,RadioEquipmentClockReference=PTP8275_2;Sync PTP Time Reachability Fault;No PTP messages
2025-09-30;07:53:41;AL  ;Minor ;EUtranCellFDD=VV11E1;Service Degraded;This is a secondary alarm, use alarm correlation information in Additional Information to find primary alarm.
2025-09-30;07:53:41;AL  ;Cleared;NbIotCell=VV11N1;Service Unavailable;This is a secondary alarm, use alarm correlation information in Additional Information to find primary alarm.
2025-09-30;07:53:54;AL  ;Warning;ENodeBFunction=1;PLMN Service Redundancy Lost;S1 connection failure for PLMN connected with link represented by MO listed in Additional Information. AI: PLMN = ["2221"],DN1=ManagedElement=1,ENodeBFunction=1,TermPointToMme=5,DN2=ManagedElement=1,ENodeBFunction=1,TermPointToMme=3,DN3=ManagedElement=1,ENodeBFunction=1,TermPointToMme=2,
2025-09-30;07:56:07;AL  ;Cleared;FieldReplaceableUnit=Radio-S100-1,RfPort=R;Current Too High;Connected devices demand too much.
2025-09-30;07:56:07;AL  ;Cleared;EUtranCellFDD=VV11E1;Service Degraded;This is a secondary alarm, use alarm correlation information in Additional Information to find primary alarm.
2025-09-30;07:56:08;AL  ;Cleared;EUtranCellFDD=VV11E2;Service Degraded;This is a secondary alarm, use alarm correlation information in Additional Information to find primary alarm.
2025-09-30;07:56:08;AL  ;Cleared;EUtranCellFDD=VV11E3;Service Degraded;This is a secondary alarm, use alarm correlation information in Additional Information to find primary alarm.
2025-09-30;07:56:08;AL  ;Cleared;EUtranCellFDD=VV11M1;Service Degraded;This is a secondary alarm, use alarm correlation information in Additional Information to find primary alarm.
2025-09-30;07:56:08;AL  ;Cleared;EUtranCellFDD=VV11M2;Service Degraded;This is a secondary alarm, use alarm correlation information in Additional Information to find primary alarm.
2025-09-30;07:56:08;AL  ;Cleared;EUtranCellFDD=VV11M3;Service Degraded;This is a secondary alarm, use alarm correlation information in Additional Information to find primary alarm.
2025-09-30;07:56:08;AL  ;Cleared;EUtranCellFDD=VV11T1;Service Degraded;This is a secondary alarm, use alarm correlation information in Additional Information to find primary alarm.
2025-09-30;07:56:08;AL  ;Cleared;EUtranCellFDD=VV11T2;Service Degraded;This is a secondary alarm, use alarm correlation information in Additional Information to find primary alarm.
2025-09-30;07:56:08;AL  ;Cleared;EUtranCellFDD=VV11T3;Service Degraded;This is a secondary alarm, use alarm correlation information in Additional Information to find primary alarm.
2025-09-30;07:56:08;AL  ;Cleared;ENodeBFunction=1;Sync Time and Phase Accuracy Too Low;Time and phase sync accuracy crossed the threshold for features interworking with NR.
2025-09-30;07:56:14;AL  ;Cleared;ENodeBFunction=1;PLMN Service Redundancy Lost;S1 connection failure for PLMN connected with link represented by MO listed in Additional Information. AI: PLMN = ["2221"],DN1=ManagedElement=1,ENodeBFunction=1,TermPointToMme=3,
2025-09-30;07:56:23;AL  ;Minor ;ENodeBFunction=1;Sync Time and Phase Accuracy Too Low;Time and phase sync accuracy crossed the threshold for features interworking with NR.
2025-09-30;07:56:23;AL  ;Minor ;EUtranCellFDD=VV11M3;Service Degraded;This is a secondary alarm, use alarm correlation information in Additional Information to find primary alarm.
2025-09-30;07:56:23;AL  ;Minor ;EUtranCellFDD=VV11E3;Service Degraded;This is a secondary alarm, use alarm correlation information in Additional Information to find primary alarm.
2025-09-30;07:56:24;AL  ;Minor ;EUtranCellFDD=VV11E2;Service Degraded;This is a secondary alarm, use alarm correlation information in Additional Information to find primary alarm.
2025-09-30;07:56:24;AL  ;Minor ;EUtranCellFDD=VV11T3;Service Degraded;This is a secondary alarm, use alarm correlation information in Additional Information to find primary alarm.
2025-09-30;07:56:24;AL  ;Minor ;EUtranCellFDD=VV11E1;Service Degraded;This is a secondary alarm, use alarm correlation information in Additional Information to find primary alarm.
2025-09-30;07:56:28;AL  ;Minor ;EUtranCellFDD=VV11T1;Service Degraded;This is a secondary alarm, use alarm correlation information in Additional Information to find primary alarm.
2025-09-30;07:56:28;AL  ;Minor ;EUtranCellFDD=VV11M1;Service Degraded;This is a secondary alarm, use alarm correlation information in Additional Information to find primary alarm.
2025-09-30;07:56:30;AL  ;Minor ;EUtranCellFDD=VV11T2;Service Degraded;This is a secondary alarm, use alarm correlation information in Additional Information to find primary alarm.
2025-09-30;07:56:29;AL  ;Minor ;FieldReplaceableUnit=Radio-S100-1,RfPort=R;Current Too High;Connected devices demand too much.
2025-09-30;07:56:30;AL  ;Minor ;EUtranCellFDD=VV11M2;Service Degraded;This is a secondary alarm, use alarm correlation information in Additional Information to find primary alarm.
2025-09-30;07:57:29;AL  ;Cleared;Synchronization=1,RadioEquipmentClock=1,RadioEquipmentClockReference=PTP8275_2;Sync PTP Time Reachability Fault;No granted service from PTP grandmaster
2025-09-30;08:03:48;AL  ;Cleared;FieldReplaceableUnit=Radio-S100-1,RfPort=R;Current Too High;Connected devices demand too much.
2025-09-30;08:03:48;AL  ;Cleared;EUtranCellFDD=VV11E2;Service Degraded;This is a secondary alarm, use alarm correlation information in Additional Information to find primary alarm.
2025-09-30;08:03:48;AL  ;Cleared;EUtranCellFDD=VV11E3;Service Degraded;This is a secondary alarm, use alarm correlation information in Additional Information to find primary alarm.
2025-09-30;08:03:49;AL  ;Cleared;EUtranCellFDD=VV11M1;Service Degraded;This is a secondary alarm, use alarm correlation information in Additional Information to find primary alarm.
2025-09-30;08:03:49;AL  ;Cleared;EUtranCellFDD=VV11M2;Service Degraded;This is a secondary alarm, use alarm correlation information in Additional Information to find primary alarm.
2025-09-30;08:03:49;AL  ;Cleared;EUtranCellFDD=VV11M3;Service Degraded;This is a secondary alarm, use alarm correlation information in Additional Information to find primary alarm.
2025-09-30;08:03:49;AL  ;Cleared;EUtranCellFDD=VV11T1;Service Degraded;This is a secondary alarm, use alarm correlation information in Additional Information to find primary alarm.
2025-09-30;08:03:49;AL  ;Cleared;EUtranCellFDD=VV11T2;Service Degraded;This is a secondary alarm, use alarm correlation information in Additional Information to find primary alarm.
2025-09-30;08:03:49;AL  ;Cleared;EUtranCellFDD=VV11T3;Service Degraded;This is a secondary alarm, use alarm correlation information in Additional Information to find primary alarm.
2025-09-30;08:03:50;AL  ;Cleared;EUtranCellFDD=VV11E1;Service Degraded;This is a secondary alarm, use alarm correlation information in Additional Information to find primary alarm.
2025-09-30;08:03:50;AL  ;Cleared;ENodeBFunction=1;Sync Time and Phase Accuracy Too Low;Time and phase sync accuracy crossed the threshold for features interworking with NR.
2025-09-30;08:04:24;AL  ;Minor ;FieldReplaceableUnit=Radio-S100-1,RfPort=R;Current Too High;Connected devices demand too much.
2025-09-30;08:06:01;AL  ;Minor ;FieldReplaceableUnit=Radio-S1-1,RfPort=B;VSWR Over Threshold;ReturnLoss 3.4 dB, VSWR 5.2, Sensitivity 1%
2025-09-30;08:06:03;AL  ;Minor ;EUtranCellFDD=VV11E1;Service Degraded;This is a secondary alarm, use alarm correlation information in Additional Information to find primary alarm.
2025-09-30;08:09:45;AL  ;Minor ;ENodeBFunction=1;Sync Time and Phase Accuracy Too Low;Time and phase sync accuracy crossed the threshold for features interworking with NR.
2025-09-30;08:09:45;AL  ;Minor ;EUtranCellFDD=VV11E2;Service Degraded;This is a secondary alarm, use alarm correlation information in Additional Information to find primary alarm.
2025-09-30;08:09:45;AL  ;Minor ;EUtranCellFDD=VV11E3;Service Degraded;This is a secondary alarm, use alarm correlation information in Additional Information to find primary alarm.
2025-09-30;08:09:45;AL  ;Minor ;EUtranCellFDD=VV11M1;Service Degraded;This is a secondary alarm, use alarm correlation information in Additional Information to find primary alarm.
2025-09-30;08:09:45;AL  ;Minor ;EUtranCellFDD=VV11M2;Service Degraded;This is a secondary alarm, use alarm correlation information in Additional Information to find primary alarm.
2025-09-30;08:09:45;AL  ;Minor ;EUtranCellFDD=VV11M3;Service Degraded;This is a secondary alarm, use alarm correlation information in Additional Information to find primary alarm.
2025-09-30;08:09:45;AL  ;Minor ;EUtranCellFDD=VV11T1;Service Degraded;This is a secondary alarm, use alarm correlation information in Additional Information to find primary alarm.
2025-09-30;08:09:45;AL  ;Minor ;EUtranCellFDD=VV11T2;Service Degraded;This is a secondary alarm, use alarm correlation information in Additional Information to find primary alarm.
2025-09-30;08:09:45;AL  ;Minor ;EUtranCellFDD=VV11T3;Service Degraded;This is a secondary alarm, use alarm correlation information in Additional Information to find primary alarm.
2025-09-30;08:13:57;AL  ;Cleared;FieldReplaceableUnit=Radio-S1-1,RfPort=B;VSWR Over Threshold;ReturnLoss 3.4 dB, VSWR 5.2, Sensitivity 1%
2025-09-30;08:13:57;AL  ;Cleared;FieldReplaceableUnit=Radio-S100-1,RfPort=R;Current Too High;Connected devices demand too much.
2025-09-30;08:13:57;AL  ;Cleared;EUtranCellFDD=VV11E3;Service Degraded;This is a secondary alarm, use alarm correlation information in Additional Information to find primary alarm.
2025-09-30;08:13:58;AL  ;Cleared;EUtranCellFDD=VV11M1;Service Degraded;This is a secondary alarm, use alarm correlation information in Additional Information to find primary alarm.
2025-09-30;08:13:58;AL  ;Cleared;EUtranCellFDD=VV11M2;Service Degraded;This is a secondary alarm, use alarm correlation information in Additional Information to find primary alarm.
2025-09-30;08:13:58;AL  ;Cleared;EUtranCellFDD=VV11M3;Service Degraded;This is a secondary alarm, use alarm correlation information in Additional Information to find primary alarm.
2025-09-30;08:13:58;AL  ;Cleared;EUtranCellFDD=VV11T1;Service Degraded;This is a secondary alarm, use alarm correlation information in Additional Information to find primary alarm.
2025-09-30;08:13:58;AL  ;Cleared;EUtranCellFDD=VV11T2;Service Degraded;This is a secondary alarm, use alarm correlation information in Additional Information to find primary alarm.
2025-09-30;08:13:58;AL  ;Cleared;EUtranCellFDD=VV11T3;Service Degraded;This is a secondary alarm, use alarm correlation information in Additional Information to find primary alarm.
2025-09-30;08:13:59;AL  ;Cleared;EUtranCellFDD=VV11E1;Service Degraded;This is a secondary alarm, use alarm correlation information in Additional Information to find primary alarm.
2025-09-30;08:13:59;AL  ;Major ;NbIotCell=VV11N1;Service Unavailable;This is a secondary alarm, use alarm correlation information in Additional Information to find primary alarm.
2025-09-30;08:13:59;AL  ;Cleared;EUtranCellFDD=VV11E2;Service Degraded;This is a secondary alarm, use alarm correlation information in Additional Information to find primary alarm.
2025-09-30;08:13:59;AL  ;Cleared;ENodeBFunction=1;Sync Time and Phase Accuracy Too Low;Time and phase sync accuracy crossed the threshold for features interworking with NR.
2025-09-30;08:14:08;AL  ;Cleared;NbIotCell=VV11N1;Service Unavailable;This is a secondary alarm, use alarm correlation information in Additional Information to find primary alarm.
2025-09-30;08:14:50;AL  ;Minor ;FieldReplaceableUnit=Radio-S1-1,RfPort=B;VSWR Over Threshold;ReturnLoss 3.4 dB, VSWR 5.2, Sensitivity 1%
2025-09-30;08:14:50;AL  ;Minor ;FieldReplaceableUnit=Radio-S100-1,RfPort=R;Current Too High;Connected devices demand too much.
2025-09-30;08:14:51;AL  ;Minor ;EUtranCellFDD=VV11E1;Service Degraded;This is a secondary alarm, use alarm correlation information in Additional Information to find primary alarm.
2025-09-30;08:14:53;AL  ;Minor ;NbIotCell=VV11N1;Service Degraded;This is a secondary alarm, use alarm correlation information in Additional Information to find primary alarm.
2025-09-30;08:58:48;AL  ;Minor ;ENodeBFunction=1;External Link Failure;X2 link problem to one or several neighbouring eNodeBs. AI: PLMN ID-eNB ID 1 = 2221-650220
2025-09-30;13:01:19;AL  ;Cleared;ENodeBFunction=1;External Link Failure;X2 link problem to one or several neighbouring eNodeBs. AI: PLMN ID-eNB ID 1 = 2221-650220
2025-10-02;04:00:40;AL  ;Minor ;ENodeBFunction=1;External Link Failure;X2 link problem to one or several neighbouring eNodeBs. AI: PLMN ID-eNB ID 1 = 2221-650279
2025-10-02;04:03:18;AL  ;Cleared;ENodeBFunction=1;External Link Failure;X2 link problem to one or several neighbouring eNodeBs. AI: PLMN ID-eNB ID 1 = 2221-650279
2025-10-02;08:15:59;AL  ;Minor ;ENodeBFunction=1;External Link Failure;X2 link problem to one or several neighbouring eNodeBs. AI: PLMN ID-eNB ID 1 = 2221-650809
2025-10-02;08:16:14;AL  ;Cleared;ENodeBFunction=1;External Link Failure;X2 link problem to one or several neighbouring eNodeBs. AI: PLMN ID-eNB ID 1 = 2221-650809
2025-10-02;21:11:22;AL  ;Minor ;FieldReplaceableUnit=Radio-S100-1,RfPort=A;VSWR Over Threshold;ReturnLoss 6.0 dB, VSWR 3.0, Sensitivity 1%, Fault on DL FrequencyRange 1805000 - 1880000 kHz
2025-10-02;21:11:24;AL  ;Minor ;EUtranCellFDD=VV11M1;Service Degraded;This is a secondary alarm, use alarm correlation information in Additional Information to find primary alarm.
2025-10-02;21:11:24;AL  ;Minor ;EUtranCellFDD=VV11T1;Service Degraded;This is a secondary alarm, use alarm correlation information in Additional Information to find primary alarm.
2025-10-02;21:25:17;AL  ;Cleared;FieldReplaceableUnit=Radio-S100-1,RfPort=A;VSWR Over Threshold;ReturnLoss 6.0 dB, VSWR 3.0, Sensitivity 1%, Fault on DL FrequencyRange 1805000 - 1880000 kHz
2025-10-02;21:25:19;AL  ;Cleared;EUtranCellFDD=VV11M1;Service Degraded;This is a secondary alarm, use alarm correlation information in Additional Information to find primary alarm.
2025-10-02;21:25:19;AL  ;Cleared;EUtranCellFDD=VV11T1;Service Degraded;This is a secondary alarm, use alarm correlation information in Additional Information to find primary alarm.
2025-10-03;00:00:53;AL  ;Minor ;FieldReplaceableUnit=Radio-S100-1,RfPort=A;VSWR Over Threshold;ReturnLoss 6.0 dB, VSWR 3.0, Sensitivity 1%, Fault on DL FrequencyRange 1805000 - 1880000 kHz
2025-10-03;00:00:54;AL  ;Minor ;EUtranCellFDD=VV11M1;Service Degraded;This is a secondary alarm, use alarm correlation information in Additional Information to find primary alarm.
2025-10-03;00:00:54;AL  ;Minor ;EUtranCellFDD=VV11T1;Service Degraded;This is a secondary alarm, use alarm correlation information in Additional Information to find primary alarm.
2025-10-03;03:50:08;AL  ;Cleared;FieldReplaceableUnit=Radio-S100-1,RfPort=A;VSWR Over Threshold;ReturnLoss 6.0 dB, VSWR 3.0, Sensitivity 1%, Fault on DL FrequencyRange 1805000 - 1880000 kHz
2025-10-03;03:50:09;AL  ;Cleared;EUtranCellFDD=VV11M1;Service Degraded;This is a secondary alarm, use alarm correlation information in Additional Information to find primary alarm.
2025-10-03;03:50:09;AL  ;Cleared;EUtranCellFDD=VV11T1;Service Degraded;This is a secondary alarm, use alarm correlation information in Additional Information to find primary alarm.
2025-10-03;04:59:46;AL  ;Minor ;ENodeBFunction=1;External Link Failure;X2 link problem to one or several neighbouring eNodeBs. AI: PLMN ID-eNB ID 1 = 2221-650300
2025-10-03;07:35:33;AL  ;Minor ;FieldReplaceableUnit=Radio-S100-1,RfPort=A;VSWR Over Threshold;ReturnLoss 6.0 dB, VSWR 3.0, Sensitivity 1%, Fault on DL FrequencyRange 1805000 - 1880000 kHz
2025-10-03;07:35:34;AL  ;Minor ;EUtranCellFDD=VV11M1;Service Degraded;This is a secondary alarm, use alarm correlation information in Additional Information to find primary alarm.
2025-10-03;07:35:34;AL  ;Minor ;EUtranCellFDD=VV11T1;Service Degraded;This is a secondary alarm, use alarm correlation information in Additional Information to find primary alarm.
2025-10-03;09:48:28;AL  ;Minor ;ENodeBFunction=1;External Link Failure;X2 link problem to one or several neighbouring eNodeBs. AI: PLMN ID-eNB ID 1 = 2221-650300 PLMN ID-eNB ID 2 = 2221-650824
2025-10-03;12:45:50;AL  ;Minor ;ENodeBFunction=1;External Link Failure;X2 link problem to one or several neighbouring eNodeBs. AI: PLMN ID-eNB ID 1 = 2221-650300
2025-10-03;17:48:34;AL  ;Cleared;ENodeBFunction=1;External Link Failure;X2 link problem to one or several neighbouring eNodeBs. AI: PLMN ID-eNB ID 1 = 2221-650300
2025-10-03;21:53:49;AL  ;Cleared;FieldReplaceableUnit=Radio-S100-1,RfPort=A;VSWR Over Threshold;ReturnLoss 6.0 dB, VSWR 3.0, Sensitivity 1%, Fault on DL FrequencyRange 1805000 - 1880000 kHz
2025-10-03;21:53:50;AL  ;Cleared;EUtranCellFDD=VV11M1;Service Degraded;This is a secondary alarm, use alarm correlation information in Additional Information to find primary alarm.
2025-10-03;21:53:50;AL  ;Cleared;EUtranCellFDD=VV11T1;Service Degraded;This is a secondary alarm, use alarm correlation information in Additional Information to find primary alarm.
2025-10-03;22:55:44;AL  ;Minor ;FieldReplaceableUnit=Radio-S100-1,RfPort=A;VSWR Over Threshold;ReturnLoss 6.0 dB, VSWR 3.0, Sensitivity 1%, Fault on DL FrequencyRange 1805000 - 1880000 kHz
2025-10-03;22:55:46;AL  ;Minor ;EUtranCellFDD=VV11M1;Service Degraded;This is a secondary alarm, use alarm correlation information in Additional Information to find primary alarm.
2025-10-03;22:55:46;AL  ;Minor ;EUtranCellFDD=VV11T1;Service Degraded;This is a secondary alarm, use alarm correlation information in Additional Information to find primary alarm.
2025-10-05;08:26:02;AL  ;Cleared;FieldReplaceableUnit=Radio-S1-1,RfPort=B;VSWR Over Threshold;ReturnLoss 3.4 dB, VSWR 5.2, Sensitivity 1%
2025-10-05;08:26:03;AL  ;Cleared;FieldReplaceableUnit=Radio-S100-1,RfPort=A;VSWR Over Threshold;ReturnLoss 6.0 dB, VSWR 3.0, Sensitivity 1%, Fault on DL FrequencyRange 1805000 - 1880000 kHz
2025-10-05;08:26:03;AL  ;Cleared;FieldReplaceableUnit=Radio-S100-1,RfPort=R;Current Too High;Connected devices demand too much.
2025-10-05;08:26:03;AL  ;Cleared;EUtranCellFDD=VV11M1;Service Degraded;This is a secondary alarm, use alarm correlation information in Additional Information to find primary alarm.
2025-10-05;08:26:03;AL  ;Cleared;EUtranCellFDD=VV11T1;Service Degraded;This is a secondary alarm, use alarm correlation information in Additional Information to find primary alarm.
2025-10-05;08:26:04;AL  ;Cleared;EUtranCellFDD=VV11E1;Service Degraded;This is a secondary alarm, use alarm correlation information in Additional Information to find primary alarm.
2025-10-05;08:26:04;AL  ;Cleared;NbIotCell=VV11N1;Service Degraded;This is a secondary alarm, use alarm correlation information in Additional Information to find primary alarm.
2025-10-05;08:26:04;AL  ;Major ;NbIotCell=VV11N1;Service Unavailable;This is a secondary alarm, use alarm correlation information in Additional Information to find primary alarm.
2025-10-05;08:26:13;AL  ;Cleared;NbIotCell=VV11N1;Service Unavailable;This is a secondary alarm, use alarm correlation information in Additional Information to find primary alarm.
2025-10-05;08:26:25;AL  ;Minor ;FieldReplaceableUnit=Radio-S1-1,RfPort=B;VSWR Over Threshold;ReturnLoss 3.4 dB, VSWR 5.2, Sensitivity 1%
2025-10-05;08:26:25;AL  ;Minor ;FieldReplaceableUnit=Radio-S100-1,RfPort=A;VSWR Over Threshold;ReturnLoss 6.0 dB, VSWR 3.0, Sensitivity 1%, Fault on DL FrequencyRange 1805000 - 1880000 kHz
2025-10-05;08:26:25;AL  ;Minor ;FieldReplaceableUnit=Radio-S100-1,RfPort=R;Current Too High;Connected devices demand too much.
2025-10-05;08:26:26;AL  ;Minor ;EUtranCellFDD=VV11E1;Service Degraded;This is a secondary alarm, use alarm correlation information in Additional Information to find primary alarm.
2025-10-05;08:26:26;AL  ;Minor ;EUtranCellFDD=VV11M1;Service Degraded;This is a secondary alarm, use alarm correlation information in Additional Information to find primary alarm.
2025-10-05;08:26:26;AL  ;Minor ;EUtranCellFDD=VV11T1;Service Degraded;This is a secondary alarm, use alarm correlation information in Additional Information to find primary alarm.
2025-10-05;08:26:28;AL  ;Minor ;NbIotCell=VV11N1;Service Degraded;This is a secondary alarm, use alarm correlation information in Additional Information to find primary alarm.
2025-10-05;13:19:42;AL  ;Cleared;FieldReplaceableUnit=Radio-S100-1,RfPort=A;VSWR Over Threshold;ReturnLoss 6.0 dB, VSWR 3.0, Sensitivity 1%, Fault on DL FrequencyRange 1805000 - 1880000 kHz
2025-10-05;13:19:43;AL  ;Cleared;EUtranCellFDD=VV11M1;Service Degraded;This is a secondary alarm, use alarm correlation information in Additional Information to find primary alarm.
2025-10-05;13:19:43;AL  ;Cleared;EUtranCellFDD=VV11T1;Service Degraded;This is a secondary alarm, use alarm correlation information in Additional Information to find primary alarm.
2025-10-05;17:52:52;AL  ;Minor ;ENodeBFunction=1;External Link Failure;X2 link problem to one or several neighbouring eNodeBs. AI: PLMN ID-eNB ID 1 = 2221-208205
2025-10-05;17:54:00;AL  ;Cleared;ENodeBFunction=1;External Link Failure;X2 link problem to one or several neighbouring eNodeBs. AI: PLMN ID-eNB ID 1 = 2221-208205
2025-10-05;19:02:57;AL  ;Minor ;FieldReplaceableUnit=Radio-S100-1,RfPort=A;VSWR Over Threshold;ReturnLoss 6.0 dB, VSWR 3.0, Sensitivity 1%, Fault on DL FrequencyRange 1805000 - 1880000 kHz
2025-10-05;19:02:59;AL  ;Minor ;EUtranCellFDD=VV11M1;Service Degraded;This is a secondary alarm, use alarm correlation information in Additional Information to find primary alarm.
2025-10-05;19:02:59;AL  ;Minor ;EUtranCellFDD=VV11T1;Service Degraded;This is a secondary alarm, use alarm correlation information in Additional Information to find primary alarm.
2025-10-05;19:19:12;AL  ;Cleared;FieldReplaceableUnit=Radio-S100-1,RfPort=A;VSWR Over Threshold;ReturnLoss 6.0 dB, VSWR 3.0, Sensitivity 1%, Fault on DL FrequencyRange 1805000 - 1880000 kHz
2025-10-05;19:19:14;AL  ;Cleared;EUtranCellFDD=VV11M1;Service Degraded;This is a secondary alarm, use alarm correlation information in Additional Information to find primary alarm.
2025-10-05;19:19:14;AL  ;Cleared;EUtranCellFDD=VV11T1;Service Degraded;This is a secondary alarm, use alarm correlation information in Additional Information to find primary alarm.
2025-10-05;20:10:48;AL  ;Minor ;ENodeBFunction=1;External Link Failure;X2 link problem to one or several neighbouring eNodeBs. AI: PLMN ID-eNB ID 1 = 2221-650279
2025-10-05;20:17:08;AL  ;Cleared;ENodeBFunction=1;External Link Failure;X2 link problem to one or several neighbouring eNodeBs. AI: PLMN ID-eNB ID 1 = 2221-650279
2025-10-06;02:04:11;AL  ;Minor ;ENodeBFunction=1;External Link Failure;X2 link problem to one or several neighbouring eNodeBs. AI: PLMN ID-eNB ID 1 = 2221-210091
2025-10-06;07:52:12;AL  ;Minor ;ENodeBFunction=1;External Link Failure;X2 link problem to one or several neighbouring eNodeBs. AI: PLMN ID-eNB ID 1 = 2221-210091 PLMN ID-eNB ID 2 = 2221-213328
2025-10-06;08:02:51;AL  ;Minor ;ENodeBFunction=1;External Link Failure;X2 link problem to one or several neighbouring eNodeBs. AI: PLMN ID-eNB ID 1 = 2221-210091
2025-10-06;08:23:23;AL  ;Minor ;ENodeBFunction=1;External Link Failure;X2 link problem to one or several neighbouring eNodeBs. AI: PLMN ID-eNB ID 1 = 2221-210091 PLMN ID-eNB ID 2 = 2221-213328
2025-10-06;09:14:25;AL  ;Minor ;ENodeBFunction=1;External Link Failure;X2 link problem to one or several neighbouring eNodeBs. AI: PLMN ID-eNB ID 1 = 2221-210091
2025-10-06;09:31:34;AL  ;Cleared;ENodeBFunction=1;External Link Failure;X2 link problem to one or several neighbouring eNodeBs. AI: PLMN ID-eNB ID 1 = 2221-210091
2025-10-07;10:11:00;AL  ;Minor ;ENodeBFunction=1;External Link Failure;X2 link problem to one or several neighbouring eNodeBs. AI: PLMN ID-eNB ID 1 = 2221-650220


VV11T> lgec -m 30d

251007-12:33:42+0200 19.31.10.238 25.0h MSRBS_NODE_MODEL_25.Q1_198665.224.73_bf81 stopfile=/tmp/1330400

Startdate=20250907.103342, Enddate=20251008.103342
Date;Time;Log;Severity;Object;Event;Cause;AdditionalText;AckState;Id;NotificationId;CorrelatedAlarms
Executing action Log.export()
..
Log=AlertLog                    actionId=21937
...
=================================================================================================================
MO                  actionId result      resultInfo
=================================================================================================================
LogM=1,Log=AlertLog 21937    1 (SUCCESS)           
cat  /ericsson/log/amos/moshell_logfiles/t20251007_37258710_53697/logs_moshell/tempfiles/scp-2-amos_20251007-123252_1330293/rcslogs/AlertLog_20220407__103917_20250416__192525.log /ericsson/log/amos/moshell_logfiles/t20251007_37258710_53697/logs_moshell/tempfiles/scp-2-amos_20251007-123252_1330293/rcslogs/AlertLog_20250416__192525.log > /ericsson/log/amos/moshell_logfiles/t20251007_37258710_53697/logs_moshell/tempfiles/scp-2-amos_20251007-123252_1330293/eventLog1330400.xml
2025-09-30;07:49:59;EV  ;Warning;ManagedElement=VV11T;System Restart Alert;Requested Restart Category: Other, Requested Restart Type: Power, Performed Restart Category: Other, Performed Restart Type: Power. AI: SystemRestart=[{"RRC":"Other","RRT":"Power","PRC":"Other","PRT":"Power"}]
2025-09-30;07:50:17;EV  ;Warning;FieldReplaceableUnit=Radio-S100-1;Radio Restart Alert;Restart details are listed in Additional Information AI: Restartdetails=[{"RC":"Other","RT":"Power On","ERI":"FALSE"}] :SUPPRESSED
2025-09-30;07:50:18;EV  ;Warning;FieldReplaceableUnit=Radio-S102-1;Radio Restart Alert;Restart details are listed in Additional Information AI: Restartdetails=[{"RC":"Other","RT":"Power On","ERI":"FALSE"}] :SUPPRESSED
2025-09-30;07:56:11;EV  ;Warning;EUtranCellFDD=VV11E1;Cell Service Unavailable Auto Recovery Initiated Alert;
2025-09-30;07:56:12;EV  ;Warning;EUtranCellFDD=VV11E2;Cell Service Unavailable Auto Recovery Initiated Alert;
2025-09-30;07:56:12;EV  ;Warning;EUtranCellFDD=VV11E3;Cell Service Unavailable Auto Recovery Initiated Alert;
2025-09-30;07:56:12;EV  ;Warning;EUtranCellFDD=VV11M3;Cell Service Unavailable Auto Recovery Initiated Alert;
2025-09-30;07:56:12;EV  ;Warning;EUtranCellFDD=VV11T1;Cell Service Unavailable Auto Recovery Initiated Alert;
2025-09-30;07:56:12;EV  ;Warning;EUtranCellFDD=VV11T2;Cell Service Unavailable Auto Recovery Initiated Alert;
2025-09-30;07:56:12;EV  ;Warning;EUtranCellFDD=VV11T3;Cell Service Unavailable Auto Recovery Initiated Alert;
2025-09-30;07:56:18;EV  ;Warning;RiLink=S1-1;Radio Interface Connectivity Disturbance Alert;Near end port:FieldReplaceableUnit=BB-1,RiPort=A (transportType=NOT_SET). SUPPRESSED
2025-09-30;07:56:18;EV  ;Warning;RiLink=S2-1;Radio Interface Connectivity Disturbance Alert;Near end port:FieldReplaceableUnit=BB-1,RiPort=B (transportType=NOT_SET). SUPPRESSED
2025-09-30;07:56:18;EV  ;Warning;RiLink=S3-1;Radio Interface Connectivity Disturbance Alert;Near end port:FieldReplaceableUnit=BB-1,RiPort=C (transportType=NOT_SET). SUPPRESSED
2025-09-30;07:56:18;EV  ;Warning;RiLink=S100-1;Radio Interface Connectivity Disturbance Alert;Near end port:FieldReplaceableUnit=BB-1,RiPort=D (transportType=NOT_SET). SUPPRESSED
2025-09-30;07:56:18;EV  ;Warning;RiLink=S102-1;Radio Interface Connectivity Disturbance Alert;Near end port:FieldReplaceableUnit=BB-1,RiPort=E (transportType=NOT_SET). SUPPRESSED
2025-09-30;07:56:23;EV  ;Warning;EUtranCellFDD=VV11M3;Cell Service Available Auto Recovery Successful Alert;
2025-09-30;07:56:23;EV  ;Warning;EUtranCellFDD=VV11E3;Cell Service Available Auto Recovery Successful Alert;
2025-09-30;07:56:24;EV  ;Warning;EUtranCellFDD=VV11E2;Cell Service Available Auto Recovery Successful Alert;
2025-09-30;07:56:24;EV  ;Warning;EUtranCellFDD=VV11T3;Cell Service Available Auto Recovery Successful Alert;
2025-09-30;07:56:24;EV  ;Warning;EUtranCellFDD=VV11E1;Cell Service Available Auto Recovery Successful Alert;
2025-09-30;07:56:28;EV  ;Warning;EUtranCellFDD=VV11T1;Cell Service Available Auto Recovery Successful Alert;
2025-09-30;07:56:29;EV  ;Warning;EUtranCellFDD=VV11T2;Cell Service Available Auto Recovery Successful Alert;
2025-09-30;08:03:52;EV  ;Warning;EUtranCellFDD=VV11E2;Cell Service Unavailable Auto Recovery Initiated Alert;
2025-09-30;08:03:52;EV  ;Warning;EUtranCellFDD=VV11E3;Cell Service Unavailable Auto Recovery Initiated Alert;
2025-09-30;08:03:53;EV  ;Warning;EUtranCellFDD=VV11T1;Cell Service Unavailable Auto Recovery Initiated Alert;
2025-09-30;08:03:53;EV  ;Warning;EUtranCellFDD=VV11T2;Cell Service Unavailable Auto Recovery Initiated Alert;
2025-09-30;08:03:53;EV  ;Warning;EUtranCellFDD=VV11T3;Cell Service Unavailable Auto Recovery Initiated Alert;
2025-09-30;08:03:54;EV  ;Warning;EUtranCellFDD=VV11E1;Cell Service Unavailable Auto Recovery Initiated Alert;
2025-09-30;08:04:13;EV  ;Warning;RiLink=S1-1;Radio Interface Connectivity Disturbance Alert;Near end port:FieldReplaceableUnit=BB-1,RiPort=A (transportType=NOT_SET). SUPPRESSED
2025-09-30;08:04:13;EV  ;Warning;RiLink=S2-1;Radio Interface Connectivity Disturbance Alert;Near end port:FieldReplaceableUnit=BB-1,RiPort=B (transportType=NOT_SET). SUPPRESSED
2025-09-30;08:04:13;EV  ;Warning;RiLink=S3-1;Radio Interface Connectivity Disturbance Alert;Near end port:FieldReplaceableUnit=BB-1,RiPort=C (transportType=NOT_SET). SUPPRESSED
2025-09-30;08:04:13;EV  ;Warning;RiLink=S100-1;Radio Interface Connectivity Disturbance Alert;Near end port:FieldReplaceableUnit=BB-1,RiPort=D (transportType=NOT_SET). SUPPRESSED
2025-09-30;08:04:13;EV  ;Warning;RiLink=S102-1;Radio Interface Connectivity Disturbance Alert;Near end port:FieldReplaceableUnit=BB-1,RiPort=E (transportType=NOT_SET). SUPPRESSED
2025-09-30;08:04:18;EV  ;Warning;EUtranCellFDD=VV11T3;Cell Service Available Auto Recovery Successful Alert;
2025-09-30;08:04:18;EV  ;Warning;EUtranCellFDD=VV11E2;Cell Service Available Auto Recovery Successful Alert;
2025-09-30;08:04:18;EV  ;Warning;EUtranCellFDD=VV11E3;Cell Service Available Auto Recovery Successful Alert;
2025-09-30;08:04:19;EV  ;Warning;EUtranCellFDD=VV11E1;Cell Service Available Auto Recovery Successful Alert;
2025-09-30;08:04:25;EV  ;Warning;EUtranCellFDD=VV11T2;Cell Service Available Auto Recovery Successful Alert;
2025-09-30;08:04:25;EV  ;Warning;EUtranCellFDD=VV11T1;Cell Service Available Auto Recovery Successful Alert;
2025-09-30;08:14:01;EV  ;Warning;EUtranCellFDD=VV11E3;Cell Service Unavailable Auto Recovery Initiated Alert;
2025-09-30;08:14:02;EV  ;Warning;EUtranCellFDD=VV11M3;Cell Service Unavailable Auto Recovery Initiated Alert;
2025-09-30;08:14:02;EV  ;Warning;EUtranCellFDD=VV11T1;Cell Service Unavailable Auto Recovery Initiated Alert;
2025-09-30;08:14:02;EV  ;Warning;EUtranCellFDD=VV11T2;Cell Service Unavailable Auto Recovery Initiated Alert;
2025-09-30;08:14:02;EV  ;Warning;EUtranCellFDD=VV11T3;Cell Service Unavailable Auto Recovery Initiated Alert;
2025-09-30;08:14:03;EV  ;Warning;EUtranCellFDD=VV11E2;Cell Service Unavailable Auto Recovery Initiated Alert;
2025-09-30;08:14:39;EV  ;Warning;RiLink=S1-1;Radio Interface Connectivity Disturbance Alert;Near end port:FieldReplaceableUnit=BB-1,RiPort=A (transportType=NOT_SET). SUPPRESSED
2025-09-30;08:14:39;EV  ;Warning;RiLink=S2-1;Radio Interface Connectivity Disturbance Alert;Near end port:FieldReplaceableUnit=BB-1,RiPort=B (transportType=NOT_SET). SUPPRESSED
2025-09-30;08:14:39;EV  ;Warning;RiLink=S3-1;Radio Interface Connectivity Disturbance Alert;Near end port:FieldReplaceableUnit=BB-1,RiPort=C (transportType=NOT_SET). SUPPRESSED
2025-09-30;08:14:39;EV  ;Warning;RiLink=S100-1;Radio Interface Connectivity Disturbance Alert;Near end port:FieldReplaceableUnit=BB-1,RiPort=D (transportType=NOT_SET). SUPPRESSED
2025-09-30;08:14:39;EV  ;Warning;RiLink=S102-1;Radio Interface Connectivity Disturbance Alert;Near end port:FieldReplaceableUnit=BB-1,RiPort=E (transportType=NOT_SET). SUPPRESSED
2025-09-30;08:14:44;EV  ;Warning;EUtranCellFDD=VV11M3;Cell Service Available Auto Recovery Successful Alert;
2025-09-30;08:14:44;EV  ;Warning;EUtranCellFDD=VV11T3;Cell Service Available Auto Recovery Successful Alert;
2025-09-30;08:14:44;EV  ;Warning;EUtranCellFDD=VV11E3;Cell Service Available Auto Recovery Successful Alert;
2025-09-30;08:14:44;EV  ;Warning;EUtranCellFDD=VV11E2;Cell Service Available Auto Recovery Successful Alert;
2025-09-30;08:14:50;EV  ;Warning;EUtranCellFDD=VV11T2;Cell Service Available Auto Recovery Successful Alert;
2025-09-30;08:14:51;EV  ;Warning;EUtranCellFDD=VV11T1;Cell Service Available Auto Recovery Successful Alert;
2025-10-05;08:26:07;EV  ;Warning;EUtranCellFDD=VV11T2;Cell Service Unavailable Auto Recovery Initiated Alert;
2025-10-05;08:26:08;EV  ;Warning;EUtranCellFDD=VV11T3;Cell Service Unavailable Auto Recovery Initiated Alert;
2025-10-05;08:26:08;EV  ;Warning;EUtranCellFDD=VV11E2;Cell Service Unavailable Auto Recovery Initiated Alert;
2025-10-05;08:26:08;EV  ;Warning;EUtranCellFDD=VV11E3;Cell Service Unavailable Auto Recovery Initiated Alert;
2025-10-05;08:26:14;EV  ;Warning;RiLink=S1-1;Radio Interface Connectivity Disturbance Alert;Near end port:FieldReplaceableUnit=BB-1,RiPort=A (transportType=NOT_SET). SUPPRESSED
2025-10-05;08:26:14;EV  ;Warning;RiLink=S2-1;Radio Interface Connectivity Disturbance Alert;Near end port:FieldReplaceableUnit=BB-1,RiPort=B (transportType=NOT_SET). SUPPRESSED
2025-10-05;08:26:14;EV  ;Warning;RiLink=S3-1;Radio Interface Connectivity Disturbance Alert;Near end port:FieldReplaceableUnit=BB-1,RiPort=C (transportType=NOT_SET). SUPPRESSED
2025-10-05;08:26:14;EV  ;Warning;RiLink=S100-1;Radio Interface Connectivity Disturbance Alert;Near end port:FieldReplaceableUnit=BB-1,RiPort=D (transportType=NOT_SET). SUPPRESSED
2025-10-05;08:26:14;EV  ;Warning;RiLink=S102-1;Radio Interface Connectivity Disturbance Alert;Near end port:FieldReplaceableUnit=BB-1,RiPort=E (transportType=NOT_SET). SUPPRESSED
2025-10-05;08:26:20;EV  ;Warning;EUtranCellFDD=VV11T3;Cell Service Available Auto Recovery Successful Alert;
2025-10-05;08:26:20;EV  ;Warning;EUtranCellFDD=VV11E2;Cell Service Available Auto Recovery Successful Alert;
2025-10-05;08:26:20;EV  ;Warning;EUtranCellFDD=VV11E3;Cell Service Available Auto Recovery Successful Alert;
2025-10-05;08:26:27;EV  ;Warning;EUtranCellFDD=VV11T2;Cell Service Available Auto Recovery Successful Alert;

Bye...
Output has been logged to file /mta_fs/UserFiles/37258710/amosbatch/2025-10-07_11-07-01_53697/VV11T.log
