Logging to file /mta_fs/UserFiles/37258710/amosbatch/2025-10-07_11-07-01_53697/VV17E.log
                        __  __  ____   _____
                  /\   |  \/  |/ __ \ / ____|
                 /  \  | \  / | |  | | (___  
                / /\ \ | |\/| | |  | |\___ \ 
               / ____ \| |  | | |__| |____) |
              /_/    \_\_|  |_|\____/|_____/
              OSS Framework for MoShell-25.0h 
  Copyright (c) Ericsson AB 2001-2025 - All Rights Reserved
              
           
[1;31mWARNING: [0mthe AMOS version currently running is more than 22 weeks old and is unsupported.
Please upgrade as soon as possible to the latest released version, available from your local Ericsson support.

$amosrb_pid = 881147

Checking ip contact...OK

HELP MENU            : h
BASIC MO COMMANDS    : m
OTHER MO COMMANDS    : n
OTHER COMMANDS       : o
PM COMMANDS          : p
QUIT                 : q

VV17E> lt all

251007-11:36:28+0200 19.31.16.138 25.0h  stopfile=/tmp/880677
Looking up temporary_amos account... OK.
Trying temporary_amos_t20251007_37258710_53697_313's password from amos lookupAccount ... OK

$ssh_pid = 882085

Connected to 19.31.16.138 (SubNetwork=BBMM_rckomc_R,MeContext=VV17E,ManagedElement=VV17E)

Checking MOM version...MSRBS_NODE_MODEL_25.Q1_693.28324.131_62ac
Parsing MOM (cached): /ericsson/log/amos/moshell_logfiles/t20251007_37258710_53697/logs_moshell/tempfiles/scp-2-amos_20251007-113621_880574/MSRBS_NODE_MODEL_25.Q1_693.28324.131_62ac.xml.cache.gz ..................................................................................................................................................................................................................................Done.
Using paramfile /opt/ericsson/amos/moshell/commonjars/pm/PARAM_MSRBS_25.Q1.txt
Parsing file /opt/ericsson/amos/moshell/commonjars/pm/PARAM_MSRBS_25.Q1.txt .......................................................................................Done.
Using imomdfile /opt/ericsson/amos/moshell/commonjars/pm/IMOMD_MSRBS_22.Q4.txt
Using imomfile /opt/ericsson/amos/moshell/commonjars/pm/IMOM_MSRBS_25.Q1.txt
Connected to 19.31.16.138 (SubNetwork=BBMM_rckomc_R,MeContext=VV17E,ManagedElement=VV17E)

Last MO: 22004. Loaded 22004 MOs. Total: 22005 MOs.

VV17E> hget EUtranCellFDD ^cellid

251007-11:36:44+0200 19.31.16.138 25.0h MSRBS_NODE_MODEL_25.Q1_693.28324.131_62ac stopfile=/tmp/880677
.
=================================================================================================================
MO                   cellId
=================================================================================================================
EUtranCellFDD=VV17E1 61    
EUtranCellFDD=VV17E2 62    
EUtranCellFDD=VV17E3 63    
EUtranCellFDD=VV17J1 71    
EUtranCellFDD=VV17J2 72    
EUtranCellFDD=VV17J3 73    
EUtranCellFDD=VV17M1 31    
EUtranCellFDD=VV17M2 32    
EUtranCellFDD=VV17M3 33    
EUtranCellFDD=VV17T1 41    
EUtranCellFDD=VV17T2 42    
EUtranCellFDD=VV17T3 43    
=================================================================================================================
Total: 12 MOs

Added 12 MOs to group: hget_group

VV17E> hget NbIotCell ^cellid

251007-11:36:44+0200 19.31.16.138 25.0h MSRBS_NODE_MODEL_25.Q1_693.28324.131_62ac stopfile=/tmp/880677
.
=================================================================================================================
MO               cellId
=================================================================================================================
NbIotCell=VV17N1 161   
NbIotCell=VV17N2 162   
NbIotCell=VV17N3 163   
=================================================================================================================
Total: 3 MOs

Added 3 MOs to group: hget_group

VV17E> hget NRCellDU ^cellLocalId

251007-11:36:45+0200 19.31.16.138 25.0h MSRBS_NODE_MODEL_25.Q1_693.28324.131_62ac stopfile=/tmp/880677
.
=================================================================================================================
MO              cellLocalId
=================================================================================================================
NRCellDU=VV17G1 561        
NRCellDU=VV17G2 562        
NRCellDU=VV17G3 563        
=================================================================================================================
Total: 3 MOs

Added 3 MOs to group: hget_group

VV17E> lgdc -m 30d

251007-11:36:45+0200 19.31.16.138 25.0h MSRBS_NODE_MODEL_25.Q1_693.28324.131_62ac stopfile=/tmp/880677

Startdate=20250907.093645, Enddate=20251008.093645
INFO: Using amos lookupAccount credentials for the export login

Executing action LogM.exportAvailabilityLog()
...LogM=1,exportAvailabilityLog    actionId=24899
...
=================================================================================================================
MO     actionId result      resultInfo
=================================================================================================================
LogM=1 24899    1 (SUCCESS)           
cp /ericsson/log/amos/moshell_logfiles/t20251007_37258710_53697/logs_moshell/tempfiles/scp-2-amos_20251007-113621_880574/rcslogs/RBS_CS_AVAILABILITY_LOG_20251007093648.xml /ericsson/log/amos/moshell_logfiles/t20251007_37258710_53697/logs_moshell/tempfiles/scp-2-amos_20251007-113621_880574/availabilityLog880677.xml
Parsing availabilityLog........Done.
.....
Date;Time;RestartType;SwVersion;SwRelease;RCSDowntime;ApplicationDowntime;TNDowntime;RATsDowntime;ExtraInfo;ExtraInfo2
2025-09-08;03:33:35;PartialOutage(Manual);8% Lrat Cell 72; ();8s;;;;;
2025-09-08;03:33:41;PartialOutage(System);33% GNBDU Cell 562; ();2s;;;;;
2025-09-08;03:33:48;PartialOutage(Manual);8% Lrat Cell 73; ();8s;;;;;
2025-09-08;03:33:53;PartialOutage(System);33% GNBDU Cell 563; ();3s;;;;;
2025-09-08;03:34:00;PartialOutage(Manual);8% Lrat Cell 71; ();8s;;;;;
2025-09-08;03:34:06;PartialOutage(System);33% GNBDU Cell 561; ();2s;;;;;
2025-09-08;03:34:13;PartialOutage(Manual);8% Lrat Cell 63; ();11s;;;;;
2025-09-08;03:34:25;PartialOutage(Manual);33% Lrat Cell 161 163; ();1s;;;;;
2025-09-08;03:34:26;PartialOutage(Manual);8% Lrat Cell 61; ();10s;;;;;
2025-09-08;03:34:37;PartialOutage(Manual);50% Lrat Cell 161 162 163; ();1s;;;;;
2025-09-08;03:34:38;PartialOutage(Manual);8% Lrat Cell 62; ();11s;;;;;
2025-09-08;03:34:49;PartialOutage(Manual);8% Lrat Cell 31; ();1s;;;;;
2025-09-08;03:34:50;PartialOutage(Manual);55% Lrat Cell 162; ();10s;;;;;
2025-09-08;03:35:03;PartialOutage(Manual);8% Lrat Cell 32; ();2s;;;;;
2025-09-08;03:35:22;PartialOutage(Manual);8% Lrat Cell 33; ();10s;;;;;
2025-09-08;03:35:39;PartialOutage(Manual);8% Lrat Cell 42; ();8s;;;;;
2025-09-08;03:35:49;PartialOutage(Manual);8% Lrat Cell 43; ();8s;;;;;
2025-09-08;03:36:01;PartialOutage(Manual);8% Lrat Cell 41; ();9s;;;;;
2025-09-18;09:55:40;PartialOutage(System);100% GNBDU Cell 561 562 563; ();27s;;;;;
2025-09-18;09:55:40;PartialOutage(System);25% Lrat Cell 61 62 63; ();1s;;;;;
2025-09-18;09:55:41;PartialOutage(System);75% Lrat Cell 61 62 63 31 32 33 41 42 43; ();1s;;;;;
2025-09-18;09:55:42;PartialOutage(System);100% Lrat Cell 61 62 63 71 72 73 31 32 33 41 42 43; ();15s;;;;;
2025-09-18;09:55:57;PartialOutage(System);100% Lrat Cell 61 62 63 71 72 73 31 32 42; ();4s;;;;;
2025-09-18;09:56:01;PartialOutage(System);100% Lrat Cell 61 62 63 71 72 73; ();2s;;;;;
2025-09-18;09:56:03;PartialOutage(System);100% Lrat Cell 63 71 72 73; ();1s;;;;;
2025-09-18;09:56:04;PartialOutage(System);100% Lrat Cell 163; ();1s;;;;;
2025-09-18;09:56:05;PartialOutage(System);100% Lrat Cell 71 72 73; ();1s;;;;;
2025-09-18;09:56:07;PartialOutage(System);100% Lrat Cell 73; ();2s;;;;;
2025-09-18;09:56:07;PartialOutage(System);66% GNBDU Cell 561 563; ();1s;;;;;
2025-09-18;09:56:08;PartialOutage(System);33% GNBDU Cell 563; ();1s;;;;;

Node uptime since last restart: 1640446 seconds (18 days, 23 hours, 40 minutes, 46 seconds)
------------------------------------------------------------------------------------------------------
Period=30 days       NodeUpgrade      NodeManual       NodeSpontaneous  AllNodeRestarts  PartialOutages  
------------------------------------------------------------------------------------------------------
Number Of outages    0                0                0                0                30              
Total downtime       0s               0s               0s               0s               170s (2m50s)    
Downtime per day     0s               0s               0s               0s               6s              
Downtime per outage  0s               0s               0s               0s               6s              

VV17E> lgac -m 30d

251007-11:36:55+0200 19.31.16.138 25.0h MSRBS_NODE_MODEL_25.Q1_693.28324.131_62ac stopfile=/tmp/880677

Startdate=20250907.093655, Enddate=20251008.093655
Date;Time;Log;Severity;Object;Event;Cause;AdditionalText;AckState;Id;NotificationId;CorrelatedAlarms
Executing action Log.export()
..
Log=AlarmLog                    actionId=24900
.............
=================================================================================================================
MO                  actionId result      resultInfo
=================================================================================================================
LogM=1,Log=AlarmLog 24900    1 (SUCCESS)           
cat  /ericsson/log/amos/moshell_logfiles/t20251007_37258710_53697/logs_moshell/tempfiles/scp-2-amos_20251007-113621_880574/rcslogs/saLogAlarm_20250226__232141_20250609__134604.log /ericsson/log/amos/moshell_logfiles/t20251007_37258710_53697/logs_moshell/tempfiles/scp-2-amos_20251007-113621_880574/rcslogs/saLogAlarm_20250609__134604_20250808__035834.log /ericsson/log/amos/moshell_logfiles/t20251007_37258710_53697/logs_moshell/tempfiles/scp-2-amos_20251007-113621_880574/rcslogs/saLogAlarm_20250808__035834.log > /ericsson/log/amos/moshell_logfiles/t20251007_37258710_53697/logs_moshell/tempfiles/scp-2-amos_20251007-113621_880574/alarmLog880677.xml
2025-09-08;03:03:14;AL  ;Minor ;EUtraNetwork=1,ExternalENodeBFunction=2221-208078;Inter Node Feature Incompatibility;Inter eNodeB CA feature is not activated in remote eNodeB. SUPPRESSED
2025-09-08;03:33:37;AL  ;Minor ;EUtraNetwork=1,ExternalENodeBFunction=2221-208078;Inter Node Feature Incompatibility;Inter eNodeB CA feature is not activated in remote eNodeB. SUPPRESSED
2025-09-08;03:33:43;AL  ;Cleared;EUtraNetwork=1,ExternalENodeBFunction=2221-208078;Inter Node Feature Incompatibility;Inter eNodeB CA feature is not activated in remote eNodeB. SUPPRESSED
2025-09-08;03:33:49;AL  ;Minor ;EUtraNetwork=1,ExternalENodeBFunction=2221-208078;Inter Node Feature Incompatibility;Inter eNodeB CA feature is not activated in remote eNodeB. SUPPRESSED
2025-09-08;03:34:00;AL  ;Cleared;EUtraNetwork=1,ExternalENodeBFunction=2221-208078;Inter Node Feature Incompatibility;Inter eNodeB CA feature is not activated in remote eNodeB. SUPPRESSED
2025-09-08;03:34:00;AL  ;Minor ;EUtraNetwork=1,ExternalENodeBFunction=2221-650771;Inter Node Feature Incompatibility;Inter eNodeB CA feature is not activated in remote eNodeB. SUPPRESSED
2025-09-08;03:34:11;AL  ;Cleared;EUtraNetwork=1,ExternalENodeBFunction=2221-650771;Inter Node Feature Incompatibility;Inter eNodeB CA feature is not activated in remote eNodeB. SUPPRESSED
2025-09-08;03:34:14;AL  ;Minor ;EUtraNetwork=1,ExternalENodeBFunction=2221-208078;Inter Node Feature Incompatibility;Inter eNodeB CA feature is not activated in remote eNodeB. SUPPRESSED
2025-09-08;03:35:17;AL  ;Cleared;EUtraNetwork=1,ExternalENodeBFunction=2221-208078;Inter Node Feature Incompatibility;Inter eNodeB CA feature is not activated in remote eNodeB. SUPPRESSED
2025-09-08;03:35:22;AL  ;Minor ;EUtraNetwork=1,ExternalENodeBFunction=2221-208078;Inter Node Feature Incompatibility;Inter eNodeB CA feature is not activated in remote eNodeB. SUPPRESSED
2025-09-08;03:40:43;AL  ;Minor ;EUtraNetwork=1,ExternalENodeBFunction=2221-210091;Inter Node Feature Incompatibility;Inter eNodeB CA feature is not activated in remote eNodeB. SUPPRESSED
2025-09-08;03:40:48;AL  ;Cleared;EUtraNetwork=1,ExternalENodeBFunction=2221-210091;Inter Node Feature Incompatibility;Inter eNodeB CA feature is not activated in remote eNodeB. SUPPRESSED
2025-09-08;03:46:59;AL  ;Minor ;EUtraNetwork=1,ExternalENodeBFunction=2221-208078;Inter Node Feature Incompatibility;Inter eNodeB CA feature is not activated in remote eNodeB. SUPPRESSED
2025-09-08;03:48:24;AL  ;Cleared;EUtraNetwork=1,ExternalENodeBFunction=2221-208078;Inter Node Feature Incompatibility;Inter eNodeB CA feature is not activated in remote eNodeB. SUPPRESSED
2025-09-08;07:48:26;AL  ;Minor ;GNBCUCPFunction=1;XnC Link to GNodeB Failure;XnC link problem to gNodeBs listed in Additional Information. AI: PLMN ID-gNB ID 1 = 222:01-1053854
2025-09-08;07:53:57;AL  ;Minor ;ENodeBFunction=1;External Link Failure;X2 link problem to one or several neighbouring eNodeBs. AI: PLMN ID-eNB ID 1 = 2221-650336
2025-09-08;08:01:15;AL  ;Minor ;ENodeBFunction=1;External Link Failure;X2 link problem to one or several neighbouring eNodeBs. AI: PLMN ID-eNB ID 1 = 2221-650336 PLMN ID-eNB ID 2 = 2221-650529
2025-09-08;11:03:17;AL  ;Cleared;GNBCUCPFunction=1;XnC Link to GNodeB Failure;XnC link problem to gNodeBs listed in Additional Information. AI: PLMN ID-gNB ID 1 = 222:01-1053854
2025-09-08;11:03:58;AL  ;Minor ;ENodeBFunction=1;External Link Failure;X2 link problem to one or several neighbouring eNodeBs. AI: PLMN ID-eNB ID 1 = 2221-650529
2025-09-08;11:04:55;AL  ;Cleared;ENodeBFunction=1;External Link Failure;X2 link problem to one or several neighbouring eNodeBs. AI: PLMN ID-eNB ID 1 = 2221-650529
2025-09-08;12:35:49;AL  ;Minor ;ENodeBFunction=1;External Link Failure;X2 link problem to one or several neighbouring eNodeBs. AI: PLMN ID-eNB ID 1 = 2221-650275
2025-09-08;14:12:56;AL  ;Cleared;ENodeBFunction=1;External Link Failure;X2 link problem to one or several neighbouring eNodeBs. AI: PLMN ID-eNB ID 1 = 2221-650275
2025-09-08;23:39:28;AL  ;Minor ;EUtraNetwork=1,ExternalENodeBFunction=2221-208078;Inter Node Feature Incompatibility;Inter eNodeB CA feature is not activated in remote eNodeB. SUPPRESSED
2025-09-08;23:42:02;AL  ;Cleared;EUtraNetwork=1,ExternalENodeBFunction=2221-208078;Inter Node Feature Incompatibility;Inter eNodeB CA feature is not activated in remote eNodeB. SUPPRESSED
2025-09-09;01:21:59;AL  ;Minor ;EUtraNetwork=1,ExternalENodeBFunction=2221-208078;Inter Node Feature Incompatibility;Inter eNodeB CA feature is not activated in remote eNodeB. SUPPRESSED
2025-09-09;02:17:48;AL  ;Minor ;EUtraNetwork=1,ExternalENodeBFunction=2221-650771;Inter Node Carrier Aggregation Service Unavailable;Elastic RAN Carrier Aggregation is not available towards remote eNodeB.
2025-09-09;02:33:42;AL  ;Minor ;EUtraNetwork=1,ExternalENodeBFunction=2221-208078;Inter Node Feature Incompatibility;Inter eNodeB CA feature is not activated in remote eNodeB. SUPPRESSED
2025-09-09;03:10:08;AL  ;Minor ;EUtraNetwork=1,ExternalENodeBFunction=2221-650111;Inter Node Feature Incompatibility;Inter eNodeB CA feature is not activated in remote eNodeB. SUPPRESSED
2025-09-09;03:10:08;AL  ;Minor ;EUtraNetwork=1,ExternalENodeBFunction=2221-210091;Inter Node Feature Incompatibility;Inter eNodeB CA feature is not activated in remote eNodeB. SUPPRESSED
2025-09-09;03:10:18;AL  ;Cleared;EUtraNetwork=1,ExternalENodeBFunction=2221-210091;Inter Node Feature Incompatibility;Inter eNodeB CA feature is not activated in remote eNodeB. SUPPRESSED
2025-09-09;03:10:18;AL  ;Cleared;EUtraNetwork=1,ExternalENodeBFunction=2221-650111;Inter Node Feature Incompatibility;Inter eNodeB CA feature is not activated in remote eNodeB. SUPPRESSED
2025-09-09;03:46:59;AL  ;Minor ;EUtraNetwork=1,ExternalENodeBFunction=2221-210091;Inter Node Feature Incompatibility;Inter eNodeB CA feature is not activated in remote eNodeB. SUPPRESSED
2025-09-09;05:15:36;AL  ;Minor ;EUtraNetwork=1,ExternalENodeBFunction=2221-210752;Inter Node Feature Incompatibility;Inter eNodeB CA feature is not activated in remote eNodeB. SUPPRESSED
2025-09-09;05:18:59;AL  ;Cleared;EUtraNetwork=1,ExternalENodeBFunction=2221-210752;Inter Node Feature Incompatibility;Inter eNodeB CA feature is not activated in remote eNodeB. SUPPRESSED
2025-09-09;05:34:22;AL  ;Cleared;EUtraNetwork=1,ExternalENodeBFunction=2221-210091;Inter Node Feature Incompatibility;Inter eNodeB CA feature is not activated in remote eNodeB. SUPPRESSED
2025-09-09;05:34:22;AL  ;Cleared;EUtraNetwork=1,ExternalENodeBFunction=2221-208078;Inter Node Feature Incompatibility;Inter eNodeB CA feature is not activated in remote eNodeB. SUPPRESSED
2025-09-09;05:34:22;AL  ;Minor ;EUtraNetwork=1,ExternalENodeBFunction=2221-650279;Inter Node Feature Incompatibility;Inter eNodeB CA feature is not activated in remote eNodeB. SUPPRESSED
2025-09-09;05:34:22;AL  ;Minor ;EUtraNetwork=1,ExternalENodeBFunction=2221-650733;Inter Node Feature Incompatibility;Inter eNodeB CA feature is not activated in remote eNodeB. SUPPRESSED
2025-09-09;05:35:01;AL  ;Cleared;EUtraNetwork=1,ExternalENodeBFunction=2221-650279;Inter Node Feature Incompatibility;Inter eNodeB CA feature is not activated in remote eNodeB. SUPPRESSED
2025-09-09;05:35:01;AL  ;Cleared;EUtraNetwork=1,ExternalENodeBFunction=2221-650733;Inter Node Feature Incompatibility;Inter eNodeB CA feature is not activated in remote eNodeB. SUPPRESSED
2025-09-09;05:35:01;AL  ;Minor ;EUtraNetwork=1,ExternalENodeBFunction=2221-210091;Inter Node Feature Incompatibility;Inter eNodeB CA feature is not activated in remote eNodeB. SUPPRESSED
2025-09-09;05:35:01;AL  ;Minor ;EUtraNetwork=1,ExternalENodeBFunction=2221-208078;Inter Node Feature Incompatibility;Inter eNodeB CA feature is not activated in remote eNodeB. SUPPRESSED
2025-09-09;06:01:05;AL  ;Minor ;EUtraNetwork=1,ExternalENodeBFunction=2221-210091;Inter Node Feature Incompatibility;Inter eNodeB CA feature is not activated in remote eNodeB. SUPPRESSED
2025-09-09;06:01:06;AL  ;Cleared;EUtraNetwork=1,ExternalENodeBFunction=2221-210091;Inter Node Feature Incompatibility;Inter eNodeB CA feature is not activated in remote eNodeB. SUPPRESSED
2025-09-09;06:01:16;AL  ;Cleared;EUtraNetwork=1,ExternalENodeBFunction=2221-208078;Inter Node Feature Incompatibility;Inter eNodeB CA feature is not activated in remote eNodeB. SUPPRESSED
2025-09-09;06:01:16;AL  ;Minor ;EUtraNetwork=1,ExternalENodeBFunction=2221-208052;Inter Node Feature Incompatibility;Inter eNodeB CA feature is not activated in remote eNodeB. SUPPRESSED
2025-09-09;06:01:24;AL  ;Cleared;EUtraNetwork=1,ExternalENodeBFunction=2221-208052;Inter Node Feature Incompatibility;Inter eNodeB CA feature is not activated in remote eNodeB. SUPPRESSED
2025-09-10;15:33:40;AL  ;Minor ;GNBCUCPFunction=1;XnC Link to GNodeB Failure;XnC link problem to gNodeBs listed in Additional Information. AI: PLMN ID-gNB ID 1 = 222:01-1053908
2025-09-10;15:39:59;AL  ;Minor ;ENodeBFunction=1;External Link Failure;X2 link problem to one or several neighbouring eNodeBs. AI: PLMN ID-eNB ID 1 = 2221-650688
2025-09-10;17:12:27;AL  ;Minor ;EUtraNetwork=1,ExternalENodeBFunction=2221-650111;Inter Node Feature Incompatibility;Inter eNodeB CA feature is not activated in remote eNodeB. SUPPRESSED
2025-09-10;17:12:37;AL  ;Cleared;EUtraNetwork=1,ExternalENodeBFunction=2221-650111;Inter Node Feature Incompatibility;Inter eNodeB CA feature is not activated in remote eNodeB. SUPPRESSED
2025-09-10;17:42:37;AL  ;Minor ;EUtraNetwork=1,ExternalENodeBFunction=2221-650256;Inter Node Feature Incompatibility;Inter eNodeB CA feature is not activated in remote eNodeB. SUPPRESSED
2025-09-10;17:47:25;AL  ;Cleared;EUtraNetwork=1,ExternalENodeBFunction=2221-650256;Inter Node Feature Incompatibility;Inter eNodeB CA feature is not activated in remote eNodeB. SUPPRESSED
2025-09-10;18:07:30;AL  ;Minor ;EUtraNetwork=1,ExternalENodeBFunction=2221-650762;Inter Node Feature Incompatibility;Inter eNodeB CA feature is not activated in remote eNodeB. SUPPRESSED
2025-09-10;18:08:03;AL  ;Cleared;EUtraNetwork=1,ExternalENodeBFunction=2221-650762;Inter Node Feature Incompatibility;Inter eNodeB CA feature is not activated in remote eNodeB. SUPPRESSED
2025-09-10;18:23:57;AL  ;Minor ;EUtraNetwork=1,ExternalENodeBFunction=2221-210752;Inter Node Feature Incompatibility;Inter eNodeB CA feature is not activated in remote eNodeB. SUPPRESSED
2025-09-10;18:25:20;AL  ;Cleared;EUtraNetwork=1,ExternalENodeBFunction=2221-210752;Inter Node Feature Incompatibility;Inter eNodeB CA feature is not activated in remote eNodeB. SUPPRESSED
2025-09-10;22:57:53;AL  ;Minor ;ENodeBFunction=1;External Link Failure;X2 link problem to one or several neighbouring eNodeBs. AI: PLMN ID-eNB ID 1 = 2221-650688 PLMN ID-eNB ID 2 = 2221-401368
2025-09-10;23:04:22;AL  ;Minor ;ENodeBFunction=1;External Link Failure;X2 link problem to one or several neighbouring eNodeBs. AI: PLMN ID-eNB ID 1 = 2221-650688 PLMN ID-eNB ID 2 = 2221-401368 PLMN ID-eNB ID 3 = 2221-401055 PLMN ID-eNB ID 4 = 2221-400548 PLMN ID-eNB ID 5 = 2221-401027
2025-09-10;23:08:50;AL  ;Minor ;ENodeBFunction=1;External Link Failure;X2 link problem to one or several neighbouring eNodeBs. AI: PLMN ID-eNB ID 1 = 2221-650688 PLMN ID-eNB ID 2 = 2221-401368 PLMN ID-eNB ID 3 = 2221-400548 PLMN ID-eNB ID 4 = 2221-401027
2025-09-10;23:11:23;AL  ;Minor ;ENodeBFunction=1;External Link Failure;X2 link problem to one or several neighbouring eNodeBs. AI: PLMN ID-eNB ID 1 = 2221-650688 PLMN ID-eNB ID 2 = 2221-400548 PLMN ID-eNB ID 3 = 2221-401027 PLMN ID-eNB ID 4 = 2221-400549
2025-09-10;23:24:20;AL  ;Minor ;ENodeBFunction=1;External Link Failure;X2 link problem to one or several neighbouring eNodeBs. AI: PLMN ID-eNB ID 1 = 2221-650688 PLMN ID-eNB ID 2 = 2221-400548 PLMN ID-eNB ID 3 = 2221-400549 PLMN ID-eNB ID 4 = 2221-213264
2025-09-10;23:35:28;AL  ;Minor ;ENodeBFunction=1;External Link Failure;X2 link problem to one or several neighbouring eNodeBs. AI: PLMN ID-eNB ID 1 = 2221-650688
2025-09-10;23:45:44;AL  ;Minor ;ENodeBFunction=1;External Link Failure;X2 link problem to one or several neighbouring eNodeBs. AI: PLMN ID-eNB ID 1 = 2221-650688 PLMN ID-eNB ID 2 = 2221-650599
2025-09-10;23:47:36;AL  ;Minor ;ENodeBFunction=1;External Link Failure;X2 link problem to one or several neighbouring eNodeBs. AI: PLMN ID-eNB ID 1 = 2221-650688 PLMN ID-eNB ID 2 = 2221-650599 PLMN ID-eNB ID 3 = 2221-400784
2025-09-10;23:55:24;AL  ;Minor ;ENodeBFunction=1;External Link Failure;X2 link problem to one or several neighbouring eNodeBs. AI: PLMN ID-eNB ID 1 = 2221-650688 PLMN ID-eNB ID 2 = 2221-650599 PLMN ID-eNB ID 3 = 2221-400784 PLMN ID-eNB ID 4 = 2221-400548
2025-09-10;23:56:34;AL  ;Minor ;ENodeBFunction=1;External Link Failure;X2 link problem to one or several neighbouring eNodeBs. AI: PLMN ID-eNB ID 1 = 2221-650688 PLMN ID-eNB ID 2 = 2221-400784 PLMN ID-eNB ID 3 = 2221-400548
2025-09-11;04:52:17;AL  ;Minor ;ENodeBFunction=1;External Link Failure;X2 link problem to one or several neighbouring eNodeBs. AI: PLMN ID-eNB ID 1 = 2221-650688 PLMN ID-eNB ID 2 = 2221-400784 PLMN ID-eNB ID 3 = 2221-400548 PLMN ID-eNB ID 4 = 2221-650599
2025-09-11;08:12:42;AL  ;Minor ;ENodeBFunction=1;External Link Failure;X2 link problem to one or several neighbouring eNodeBs. AI: PLMN ID-eNB ID 1 = 2221-650688 PLMN ID-eNB ID 2 = 2221-400548
2025-09-11;10:33:42;AL  ;Minor ;ENodeBFunction=1;External Link Failure;X2 link problem to one or several neighbouring eNodeBs. AI: PLMN ID-eNB ID 1 = 2221-650688 PLMN ID-eNB ID 2 = 2221-400548 PLMN ID-eNB ID 3 = 2221-650474
2025-09-11;13:28:00;AL  ;Minor ;ENodeBFunction=1;External Link Failure;X2 link problem to one or several neighbouring eNodeBs. AI: PLMN ID-eNB ID 1 = 2221-650688 PLMN ID-eNB ID 2 = 2221-400548
2025-09-11;14:20:07;AL  ;Cleared;GNBCUCPFunction=1;XnC Link to GNodeB Failure;XnC link problem to gNodeBs listed in Additional Information. AI: PLMN ID-gNB ID 1 = 222:01-1053908
2025-09-11;14:20:54;AL  ;Minor ;ENodeBFunction=1;External Link Failure;X2 link problem to one or several neighbouring eNodeBs. AI: PLMN ID-eNB ID 1 = 2221-400548
2025-09-11;14:59:24;AL  ;Minor ;ENodeBFunction=1;External Link Failure;X2 link problem to one or several neighbouring eNodeBs. AI: PLMN ID-eNB ID 1 = 2221-400548 PLMN ID-eNB ID 2 = 2221-601210
2025-09-11;15:01:38;AL  ;Minor ;ENodeBFunction=1;External Link Failure;X2 link problem to one or several neighbouring eNodeBs. AI: PLMN ID-eNB ID 1 = 2221-400548
2025-09-11;17:39:22;AL  ;Minor ;ENodeBFunction=1;External Link Failure;X2 link problem to one or several neighbouring eNodeBs. AI: PLMN ID-eNB ID 1 = 2221-400548 PLMN ID-eNB ID 2 = 2221-601210
2025-09-11;17:48:12;AL  ;Minor ;ENodeBFunction=1;External Link Failure;X2 link problem to one or several neighbouring eNodeBs. AI: PLMN ID-eNB ID 1 = 2221-400548
2025-09-11;18:21:14;AL  ;Minor ;ENodeBFunction=1;External Link Failure;X2 link problem to one or several neighbouring eNodeBs. AI: PLMN ID-eNB ID 1 = 2221-400548 PLMN ID-eNB ID 2 = 2221-601210
2025-09-11;18:26:30;AL  ;Minor ;ENodeBFunction=1;External Link Failure;X2 link problem to one or several neighbouring eNodeBs. AI: PLMN ID-eNB ID 1 = 2221-400548 PLMN ID-eNB ID 2 = 2221-601210 PLMN ID-eNB ID 3 = 2221-650183
2025-09-11;18:27:54;AL  ;Minor ;ENodeBFunction=1;External Link Failure;X2 link problem to one or several neighbouring eNodeBs. AI: PLMN ID-eNB ID 1 = 2221-400548 PLMN ID-eNB ID 2 = 2221-650183
2025-09-11;18:50:26;AL  ;Minor ;ENodeBFunction=1;External Link Failure;X2 link problem to one or several neighbouring eNodeBs. AI: PLMN ID-eNB ID 1 = 2221-400548 PLMN ID-eNB ID 2 = 2221-650183 PLMN ID-eNB ID 3 = 2221-601210
2025-09-11;18:52:55;AL  ;Minor ;ENodeBFunction=1;External Link Failure;X2 link problem to one or several neighbouring eNodeBs. AI: PLMN ID-eNB ID 1 = 2221-400548 PLMN ID-eNB ID 2 = 2221-650183
2025-09-11;19:03:53;AL  ;Minor ;ENodeBFunction=1;External Link Failure;X2 link problem to one or several neighbouring eNodeBs. AI: PLMN ID-eNB ID 1 = 2221-400548 PLMN ID-eNB ID 2 = 2221-650183 PLMN ID-eNB ID 3 = 2221-601210
2025-09-11;19:12:37;AL  ;Minor ;ENodeBFunction=1;External Link Failure;X2 link problem to one or several neighbouring eNodeBs. AI: PLMN ID-eNB ID 1 = 2221-400548 PLMN ID-eNB ID 2 = 2221-650183
2025-09-11;19:53:50;AL  ;Minor ;ENodeBFunction=1;External Link Failure;X2 link problem to one or several neighbouring eNodeBs. AI: PLMN ID-eNB ID 1 = 2221-400548 PLMN ID-eNB ID 2 = 2221-650183 PLMN ID-eNB ID 3 = 2221-601210
2025-09-11;20:17:37;AL  ;Minor ;ENodeBFunction=1;External Link Failure;X2 link problem to one or several neighbouring eNodeBs. AI: PLMN ID-eNB ID 1 = 2221-400548 PLMN ID-eNB ID 2 = 2221-650183
2025-09-11;21:15:00;AL  ;Minor ;ENodeBFunction=1;External Link Failure;X2 link problem to one or several neighbouring eNodeBs. AI: PLMN ID-eNB ID 1 = 2221-400548 PLMN ID-eNB ID 2 = 2221-650183 PLMN ID-eNB ID 3 = 2221-601210
2025-09-11;21:21:30;AL  ;Minor ;ENodeBFunction=1;External Link Failure;X2 link problem to one or several neighbouring eNodeBs. AI: PLMN ID-eNB ID 1 = 2221-400548 PLMN ID-eNB ID 2 = 2221-650183
2025-09-11;21:31:42;AL  ;Minor ;ENodeBFunction=1;External Link Failure;X2 link problem to one or several neighbouring eNodeBs. AI: PLMN ID-eNB ID 1 = 2221-400548 PLMN ID-eNB ID 2 = 2221-650183 PLMN ID-eNB ID 3 = 2221-601210
2025-09-11;22:30:39;AL  ;Minor ;ENodeBFunction=1;External Link Failure;X2 link problem to one or several neighbouring eNodeBs. AI: PLMN ID-eNB ID 1 = 2221-400548 PLMN ID-eNB ID 2 = 2221-650183 PLMN ID-eNB ID 3 = 2221-601210
2025-09-11;22:31:58;AL  ;Minor ;ENodeBFunction=1;External Link Failure;X2 link problem to one or several neighbouring eNodeBs. AI: PLMN ID-eNB ID 1 = 2221-400548 PLMN ID-eNB ID 2 = 2221-650183
2025-09-12;00:30:51;AL  ;Minor ;ENodeBFunction=1;External Link Failure;X2 link problem to one or several neighbouring eNodeBs. AI: PLMN ID-eNB ID 1 = 2221-400548 PLMN ID-eNB ID 2 = 2221-650183 PLMN ID-eNB ID 3 = 2221-601210
2025-09-12;00:33:27;AL  ;Minor ;ENodeBFunction=1;External Link Failure;X2 link problem to one or several neighbouring eNodeBs. AI: PLMN ID-eNB ID 1 = 2221-400548 PLMN ID-eNB ID 2 = 2221-650183
2025-09-12;01:58:42;AL  ;Minor ;ENodeBFunction=1;External Link Failure;X2 link problem to one or several neighbouring eNodeBs. AI: PLMN ID-eNB ID 1 = 2221-400548 PLMN ID-eNB ID 2 = 2221-650183 PLMN ID-eNB ID 3 = 2221-601210
2025-09-12;09:46:26;AL  ;Minor ;ENodeBFunction=1;External Link Failure;X2 link problem to one or several neighbouring eNodeBs. AI: PLMN ID-eNB ID 1 = 2221-400548 PLMN ID-eNB ID 2 = 2221-650183 PLMN ID-eNB ID 3 = 2221-650639
2025-09-12;09:56:48;AL  ;Minor ;ENodeBFunction=1;External Link Failure;X2 link problem to one or several neighbouring eNodeBs. AI: PLMN ID-eNB ID 1 = 2221-650183 PLMN ID-eNB ID 2 = 2221-650639 PLMN ID-eNB ID 3 = 2221-210572
2025-09-12;10:02:44;AL  ;Minor ;EUtraNetwork=1,ExternalENodeBFunction=2221-650256;Inter Node Feature Incompatibility;Inter eNodeB CA feature is not activated in remote eNodeB. SUPPRESSED
2025-09-12;10:04:18;AL  ;Cleared;EUtraNetwork=1,ExternalENodeBFunction=2221-650256;Inter Node Feature Incompatibility;Inter eNodeB CA feature is not activated in remote eNodeB. SUPPRESSED
2025-09-12;10:05:16;AL  ;Minor ;EUtraNetwork=1,ExternalENodeBFunction=2221-650111;Inter Node Feature Incompatibility;Inter eNodeB CA feature is not activated in remote eNodeB. SUPPRESSED
2025-09-12;10:05:37;AL  ;Cleared;EUtraNetwork=1,ExternalENodeBFunction=2221-650111;Inter Node Feature Incompatibility;Inter eNodeB CA feature is not activated in remote eNodeB. SUPPRESSED
2025-09-12;10:30:35;AL  ;Minor ;ENodeBFunction=1;External Link Failure;X2 link problem to one or several neighbouring eNodeBs. AI: PLMN ID-eNB ID 1 = 2221-650639 PLMN ID-eNB ID 2 = 2221-210572
2025-09-12;12:28:03;AL  ;Cleared;ENodeBFunction=1;External Link Failure;X2 link problem to one or several neighbouring eNodeBs. AI: PLMN ID-eNB ID 1 = 2221-650639 PLMN ID-eNB ID 2 = 2221-210572
2025-09-12;20:04:26;AL  ;Minor ;ENodeBFunction=1;External Link Failure;X2 link problem to one or several neighbouring eNodeBs. AI: PLMN ID-eNB ID 1 = 2221-601210
2025-09-12;20:34:56;AL  ;Cleared;ENodeBFunction=1;External Link Failure;X2 link problem to one or several neighbouring eNodeBs. AI: PLMN ID-eNB ID 1 = 2221-601210
2025-09-13;13:15:34;AL  ;Minor ;ENodeBFunction=1;External Link Failure;X2 link problem to one or several neighbouring eNodeBs. AI: PLMN ID-eNB ID 1 = 2221-601210
2025-09-13;13:17:05;AL  ;Cleared;ENodeBFunction=1;External Link Failure;X2 link problem to one or several neighbouring eNodeBs. AI: PLMN ID-eNB ID 1 = 2221-601210
2025-09-13;17:32:16;AL  ;Minor ;ENodeBFunction=1;External Link Failure;X2 link problem to one or several neighbouring eNodeBs. AI: PLMN ID-eNB ID 1 = 2221-601210
2025-09-13;17:33:08;AL  ;Cleared;ENodeBFunction=1;External Link Failure;X2 link problem to one or several neighbouring eNodeBs. AI: PLMN ID-eNB ID 1 = 2221-601210
2025-09-14;12:09:24;AL  ;Cleared;EUtraNetwork=1,ExternalENodeBFunction=2221-650771;Inter Node Carrier Aggregation Service Unavailable;Elastic RAN Carrier Aggregation is not available towards remote eNodeB.
2025-09-14;14:01:25;AL  ;Minor ;ENodeBFunction=1;External Link Failure;X2 link problem to one or several neighbouring eNodeBs. AI: PLMN ID-eNB ID 1 = 2221-650279
2025-09-14;16:05:31;AL  ;Cleared;ENodeBFunction=1;External Link Failure;X2 link problem to one or several neighbouring eNodeBs. AI: PLMN ID-eNB ID 1 = 2221-650279
2025-09-15;06:32:16;AL  ;Minor ;ENodeBFunction=1;External Link Failure;X2 link problem to one or several neighbouring eNodeBs. AI: PLMN ID-eNB ID 1 = 2221-601276
2025-09-15;06:33:03;AL  ;Cleared;ENodeBFunction=1;External Link Failure;X2 link problem to one or several neighbouring eNodeBs. AI: PLMN ID-eNB ID 1 = 2221-601276
2025-09-15;08:06:35;AL  ;Minor ;ENodeBFunction=1;External Link Failure;X2 link problem to one or several neighbouring eNodeBs. AI: PLMN ID-eNB ID 1 = 2221-601276
2025-09-15;16:31:45;AL  ;Cleared;ENodeBFunction=1;External Link Failure;X2 link problem to one or several neighbouring eNodeBs. AI: PLMN ID-eNB ID 1 = 2221-601276
2025-09-15;17:10:04;AL  ;Minor ;ENodeBFunction=1;External Link Failure;X2 link problem to one or several neighbouring eNodeBs. AI: PLMN ID-eNB ID 1 = 2221-601276
2025-09-15;17:27:41;AL  ;Cleared;ENodeBFunction=1;External Link Failure;X2 link problem to one or several neighbouring eNodeBs. AI: PLMN ID-eNB ID 1 = 2221-601276
2025-09-15;19:32:35;AL  ;Minor ;ENodeBFunction=1;External Link Failure;X2 link problem to one or several neighbouring eNodeBs. AI: PLMN ID-eNB ID 1 = 2221-601276
2025-09-15;19:53:59;AL  ;Cleared;ENodeBFunction=1;External Link Failure;X2 link problem to one or several neighbouring eNodeBs. AI: PLMN ID-eNB ID 1 = 2221-601276
2025-09-16;00:21:43;AL  ;Minor ;EUtraNetwork=1,ExternalENodeBFunction=2221-650771;Inter Node Feature Incompatibility;Inter eNodeB CA feature is not activated in remote eNodeB. SUPPRESSED
2025-09-16;00:22:14;AL  ;Cleared;EUtraNetwork=1,ExternalENodeBFunction=2221-650771;Inter Node Feature Incompatibility;Inter eNodeB CA feature is not activated in remote eNodeB. SUPPRESSED
2025-09-16;02:29:20;AL  ;Minor ;ENodeBFunction=1;External Link Failure;X2 link problem to one or several neighbouring eNodeBs. AI: PLMN ID-eNB ID 1 = 2221-650773
2025-09-16;02:40:22;AL  ;Cleared;ENodeBFunction=1;External Link Failure;X2 link problem to one or several neighbouring eNodeBs. AI: PLMN ID-eNB ID 1 = 2221-650773
2025-09-16;03:11:55;AL  ;Minor ;EUtraNetwork=1,ExternalENodeBFunction=2221-650256;Inter Node Feature Incompatibility;Inter eNodeB CA feature is not activated in remote eNodeB. SUPPRESSED
2025-09-16;03:12:03;AL  ;Cleared;EUtraNetwork=1,ExternalENodeBFunction=2221-650256;Inter Node Feature Incompatibility;Inter eNodeB CA feature is not activated in remote eNodeB. SUPPRESSED
2025-09-16;03:24:59;AL  ;Minor ;EUtraNetwork=1,ExternalENodeBFunction=2221-208078;Inter Node Feature Incompatibility;Inter eNodeB CA feature is not activated in remote eNodeB. SUPPRESSED
2025-09-16;03:34:12;AL  ;Minor ;EUtraNetwork=1,ExternalENodeBFunction=2221-210091;Inter Node Feature Incompatibility;Inter eNodeB CA feature is not activated in remote eNodeB. SUPPRESSED
2025-09-16;03:34:58;AL  ;Cleared;EUtraNetwork=1,ExternalENodeBFunction=2221-210091;Inter Node Feature Incompatibility;Inter eNodeB CA feature is not activated in remote eNodeB. SUPPRESSED
2025-09-16;03:45:42;AL  ;Minor ;EUtraNetwork=1,ExternalENodeBFunction=2221-210091;Inter Node Feature Incompatibility;Inter eNodeB CA feature is not activated in remote eNodeB. SUPPRESSED
2025-09-16;03:46:14;AL  ;Cleared;EUtraNetwork=1,ExternalENodeBFunction=2221-210091;Inter Node Feature Incompatibility;Inter eNodeB CA feature is not activated in remote eNodeB. SUPPRESSED
2025-09-16;03:55:57;AL  ;Minor ;EUtraNetwork=1,ExternalENodeBFunction=2221-650279;Inter Node Feature Incompatibility;Inter eNodeB CA feature is not activated in remote eNodeB. SUPPRESSED
2025-09-16;04:00:03;AL  ;Cleared;EUtraNetwork=1,ExternalENodeBFunction=2221-650279;Inter Node Feature Incompatibility;Inter eNodeB CA feature is not activated in remote eNodeB. SUPPRESSED
2025-09-16;04:34:32;AL  ;Minor ;EUtraNetwork=1,ExternalENodeBFunction=2221-650111;Inter Node Feature Incompatibility;Inter eNodeB CA feature is not activated in remote eNodeB. SUPPRESSED
2025-09-16;04:37:01;AL  ;Cleared;EUtraNetwork=1,ExternalENodeBFunction=2221-650111;Inter Node Feature Incompatibility;Inter eNodeB CA feature is not activated in remote eNodeB. SUPPRESSED
2025-09-16;05:22:16;AL  ;Minor ;EUtraNetwork=1,ExternalENodeBFunction=2221-650111;Inter Node Feature Incompatibility;Inter eNodeB CA feature is not activated in remote eNodeB. SUPPRESSED
2025-09-16;05:24:00;AL  ;Cleared;EUtraNetwork=1,ExternalENodeBFunction=2221-650111;Inter Node Feature Incompatibility;Inter eNodeB CA feature is not activated in remote eNodeB. SUPPRESSED
2025-09-16;06:01:05;AL  ;Cleared;EUtraNetwork=1,ExternalENodeBFunction=2221-208078;Inter Node Feature Incompatibility;Inter eNodeB CA feature is not activated in remote eNodeB. SUPPRESSED
2025-09-16;06:50:57;AL  ;Minor ;ENodeBFunction=1;External Link Failure;X2 link problem to one or several neighbouring eNodeBs. AI: PLMN ID-eNB ID 1 = 2221-400894
2025-09-16;08:47:19;AL  ;Minor ;GNBCUCPFunction=1;XnC Link to GNodeB Failure;XnC link problem to gNodeBs listed in Additional Information. AI: PLMN ID-gNB ID 1 = 222:01-1053802
2025-09-16;08:53:39;AL  ;Minor ;ENodeBFunction=1;External Link Failure;X2 link problem to one or several neighbouring eNodeBs. AI: PLMN ID-eNB ID 1 = 2221-400894 PLMN ID-eNB ID 2 = 2221-650727
2025-09-16;09:54:30;AL  ;Warning;ENodeBFunction=1;PLMN Service Redundancy Lost;S1 connection failure for PLMN connected with link represented by MO listed in Additional Information. AI: PLMN = ["2221"],DN1=ManagedElement=1,ENodeBFunction=1,TermPointToMme=5,
2025-09-16;09:57:05;AL  ;Cleared;ENodeBFunction=1;PLMN Service Redundancy Lost;S1 connection failure for PLMN connected with link represented by MO listed in Additional Information. AI: PLMN = ["2221"],DN1=ManagedElement=1,ENodeBFunction=1,TermPointToMme=5,
2025-09-16;10:02:26;AL  ;Warning;ENodeBFunction=1;PLMN Service Redundancy Lost;S1 connection failure for PLMN connected with link represented by MO listed in Additional Information. AI: PLMN = ["2221"],DN1=ManagedElement=1,ENodeBFunction=1,TermPointToMme=5,
2025-09-16;10:02:56;AL  ;Cleared;ENodeBFunction=1;PLMN Service Redundancy Lost;S1 connection failure for PLMN connected with link represented by MO listed in Additional Information. AI: PLMN = ["2221"],DN1=ManagedElement=1,ENodeBFunction=1,TermPointToMme=5,
2025-09-16;13:41:04;AL  ;Minor ;ENodeBFunction=1;External Link Failure;X2 link problem to one or several neighbouring eNodeBs. AI: PLMN ID-eNB ID 1 = 2221-650727
2025-09-16;14:58:20;AL  ;Cleared;GNBCUCPFunction=1;XnC Link to GNodeB Failure;XnC link problem to gNodeBs listed in Additional Information. AI: PLMN ID-gNB ID 1 = 222:01-1053802
2025-09-16;14:59:24;AL  ;Cleared;ENodeBFunction=1;External Link Failure;X2 link problem to one or several neighbouring eNodeBs. AI: PLMN ID-eNB ID 1 = 2221-650727
2025-09-17;00:45:38;AL  ;Minor ;EUtraNetwork=1,ExternalENodeBFunction=2221-208078;Inter Node Feature Incompatibility;Inter eNodeB CA feature is not activated in remote eNodeB. SUPPRESSED
2025-09-17;04:46:42;AL  ;Minor ;EUtraNetwork=1,ExternalENodeBFunction=2221-650404;Inter Node Feature Incompatibility;Inter eNodeB CA feature is not activated in remote eNodeB. SUPPRESSED
2025-09-17;04:49:00;AL  ;Cleared;EUtraNetwork=1,ExternalENodeBFunction=2221-650404;Inter Node Feature Incompatibility;Inter eNodeB CA feature is not activated in remote eNodeB. SUPPRESSED
2025-09-17;04:59:29;AL  ;Minor ;ENodeBFunction=1;External Link Failure;X2 link problem to one or several neighbouring eNodeBs. AI: PLMN ID-eNB ID 1 = 2221-601276
2025-09-17;04:59:46;AL  ;Cleared;ENodeBFunction=1;External Link Failure;X2 link problem to one or several neighbouring eNodeBs. AI: PLMN ID-eNB ID 1 = 2221-601276
2025-09-17;05:13:57;AL  ;Minor ;EUtraNetwork=1,ExternalENodeBFunction=2221-650234;Inter Node Feature Incompatibility;Inter eNodeB CA feature is not activated in remote eNodeB. SUPPRESSED
2025-09-17;05:14:01;AL  ;Cleared;EUtraNetwork=1,ExternalENodeBFunction=2221-650234;Inter Node Feature Incompatibility;Inter eNodeB CA feature is not activated in remote eNodeB. SUPPRESSED
2025-09-17;05:36:46;AL  ;Minor ;EUtraNetwork=1,ExternalENodeBFunction=2221-650111;Inter Node Feature Incompatibility;Inter eNodeB CA feature is not activated in remote eNodeB. SUPPRESSED
2025-09-17;05:37:00;AL  ;Cleared;EUtraNetwork=1,ExternalENodeBFunction=2221-650111;Inter Node Feature Incompatibility;Inter eNodeB CA feature is not activated in remote eNodeB. SUPPRESSED
2025-09-17;06:01:05;AL  ;Cleared;EUtraNetwork=1,ExternalENodeBFunction=2221-208078;Inter Node Feature Incompatibility;Inter eNodeB CA feature is not activated in remote eNodeB. SUPPRESSED
2025-09-17;12:15:00;AL  ;Minor ;ENodeBFunction=1;External Link Failure;X2 link problem to one or several neighbouring eNodeBs. AI: PLMN ID-eNB ID 1 = 2221-601276
2025-09-17;12:16:21;AL  ;Cleared;ENodeBFunction=1;External Link Failure;X2 link problem to one or several neighbouring eNodeBs. AI: PLMN ID-eNB ID 1 = 2221-601276
2025-09-17;13:19:22;AL  ;Minor ;ENodeBFunction=1;External Link Failure;X2 link problem to one or several neighbouring eNodeBs. AI: PLMN ID-eNB ID 1 = 2221-601276
2025-09-17;13:39:06;AL  ;Cleared;ENodeBFunction=1;External Link Failure;X2 link problem to one or several neighbouring eNodeBs. AI: PLMN ID-eNB ID 1 = 2221-601276
2025-09-17;15:11:14;AL  ;Minor ;ENodeBFunction=1;External Link Failure;X2 link problem to one or several neighbouring eNodeBs. AI: PLMN ID-eNB ID 1 = 2221-601276
2025-09-17;15:26:15;AL  ;Cleared;ENodeBFunction=1;External Link Failure;X2 link problem to one or several neighbouring eNodeBs. AI: PLMN ID-eNB ID 1 = 2221-601276
2025-09-17;23:19:14;AL  ;Minor ;ENodeBFunction=1;External Link Failure;X2 link problem to one or several neighbouring eNodeBs. AI: PLMN ID-eNB ID 1 = 2221-601276
2025-09-18;00:30:28;AL  ;Cleared;ENodeBFunction=1;External Link Failure;X2 link problem to one or several neighbouring eNodeBs. AI: PLMN ID-eNB ID 1 = 2221-601276
2025-09-18;02:38:47;AL  ;Minor ;ENodeBFunction=1;External Link Failure;X2 link problem to one or several neighbouring eNodeBs. AI: PLMN ID-eNB ID 1 = 2221-601276
2025-09-18;03:39:34;AL  ;Cleared;ENodeBFunction=1;External Link Failure;X2 link problem to one or several neighbouring eNodeBs. AI: PLMN ID-eNB ID 1 = 2221-601276
2025-09-18;05:41:55;AL  ;Minor ;ENodeBFunction=1;External Link Failure;X2 link problem to one or several neighbouring eNodeBs. AI: PLMN ID-eNB ID 1 = 2221-601276
2025-09-18;08:57:34;AL  ;Major ;Synchronization=1,RadioEquipmentClock=1,RadioEquipmentClockReference=PTP;Sync PTP Time Reachability Fault;No PTP messages
2025-09-18;08:59:53;AL  ;Minor ;Synchronization=1,RadioEquipmentClock=1;Radio Clock Service in Time Holdover Mode;Time sync reference failure
2025-09-18;09:01:20;AL  ;Cleared;Synchronization=1,RadioEquipmentClock=1;Radio Clock Service in Time Holdover Mode;Time sync reference failure
2025-09-18;09:02:19;AL  ;Cleared;Synchronization=1,RadioEquipmentClock=1,RadioEquipmentClockReference=PTP;Sync PTP Time Reachability Fault;No PTP messages
2025-09-18;09:08:06;AL  ;Minor ;Synchronization=1,RadioEquipmentClock=1;Radio Clock Service in Time Holdover Mode;Time sync reference administratively locked or not configured
2025-09-18;09:09:09;AL  ;Minor ;Synchronization=1,RadioEquipmentClock=1;Radio Clock Service in Time Holdover Mode;Time sync reference failure
2025-09-18;09:09:09;AL  ;Major ;Synchronization=1,RadioEquipmentClock=1,RadioEquipmentClockReference=PTP;Sync PTP Time Reachability Fault;No PTP messages
2025-09-18;09:15:26;AL  ;Cleared;Synchronization=1,RadioEquipmentClock=1;Radio Clock Service in Time Holdover Mode;Time sync reference failure
2025-09-18;09:16:25;AL  ;Cleared;Synchronization=1,RadioEquipmentClock=1,RadioEquipmentClockReference=PTP;Sync PTP Time Reachability Fault;No PTP messages
2025-09-18;09:23:39;AL  ;Minor ;Synchronization=1,RadioEquipmentClock=1;Radio Clock Service in Time Holdover Mode;Time sync reference administratively locked or not configured
2025-09-18;09:50:38;AL  ;Cleared;Synchronization=1,RadioEquipmentClock=1;Radio Clock Service in Time Holdover Mode;Time sync reference administratively locked or not configured
2025-09-18;09:55:57;AL  ;Minor ;EUtraNetwork=1,ExternalENodeBFunction=2221-650279;Inter Node Feature Incompatibility;Inter eNodeB CA feature is not activated in remote eNodeB. SUPPRESSED
2025-09-18;09:55:57;AL  ;Minor ;EUtraNetwork=1,ExternalENodeBFunction=2221-650733;Inter Node Feature Incompatibility;Inter eNodeB CA feature is not activated in remote eNodeB. SUPPRESSED
2025-09-18;09:56:08;AL  ;Cleared;EUtraNetwork=1,ExternalENodeBFunction=2221-650279;Inter Node Feature Incompatibility;Inter eNodeB CA feature is not activated in remote eNodeB. SUPPRESSED
2025-09-18;09:56:09;AL  ;Cleared;EUtraNetwork=1,ExternalENodeBFunction=2221-650733;Inter Node Feature Incompatibility;Inter eNodeB CA feature is not activated in remote eNodeB. SUPPRESSED
2025-09-18;09:56:09;AL  ;Minor ;EUtraNetwork=1,ExternalENodeBFunction=2221-650762;Inter Node Feature Incompatibility;Inter eNodeB CA feature is not activated in remote eNodeB. SUPPRESSED
2025-09-18;09:58:04;AL  ;Cleared;EUtraNetwork=1,ExternalENodeBFunction=2221-650762;Inter Node Feature Incompatibility;Inter eNodeB CA feature is not activated in remote eNodeB. SUPPRESSED
2025-09-18;10:02:21;AL  ;Minor ;EUtraNetwork=1,ExternalENodeBFunction=2221-650111;Inter Node Feature Incompatibility;Inter eNodeB CA feature is not activated in remote eNodeB. SUPPRESSED
2025-09-18;10:03:26;AL  ;Cleared;EUtraNetwork=1,ExternalENodeBFunction=2221-650111;Inter Node Feature Incompatibility;Inter eNodeB CA feature is not activated in remote eNodeB. SUPPRESSED
2025-09-18;10:12:26;AL  ;Minor ;EUtraNetwork=1,ExternalENodeBFunction=2221-650247;Inter Node Feature Incompatibility;Inter eNodeB CA feature is not activated in remote eNodeB. SUPPRESSED
2025-09-18;10:14:49;AL  ;Cleared;EUtraNetwork=1,ExternalENodeBFunction=2221-650247;Inter Node Feature Incompatibility;Inter eNodeB CA feature is not activated in remote eNodeB. SUPPRESSED
2025-09-18;10:50:09;AL  ;Minor ;EUtraNetwork=1,ExternalENodeBFunction=2221-650318;Inter Node Feature Incompatibility;Inter eNodeB CA feature is not activated in remote eNodeB. SUPPRESSED
2025-09-18;10:50:45;AL  ;Cleared;EUtraNetwork=1,ExternalENodeBFunction=2221-650318;Inter Node Feature Incompatibility;Inter eNodeB CA feature is not activated in remote eNodeB. SUPPRESSED
2025-09-18;11:37:51;AL  ;Minor ;EUtraNetwork=1,ExternalENodeBFunction=2221-650771;Inter Node Feature Incompatibility;Inter eNodeB CA feature is not activated in remote eNodeB. SUPPRESSED
2025-09-18;11:38:21;AL  ;Cleared;EUtraNetwork=1,ExternalENodeBFunction=2221-650771;Inter Node Feature Incompatibility;Inter eNodeB CA feature is not activated in remote eNodeB. SUPPRESSED
2025-09-18;13:08:05;AL  ;Minor ;EUtraNetwork=1,ExternalENodeBFunction=2221-650138;Inter Node Feature Incompatibility;Inter eNodeB CA feature is not activated in remote eNodeB. SUPPRESSED
2025-09-18;13:08:14;AL  ;Cleared;EUtraNetwork=1,ExternalENodeBFunction=2221-650138;Inter Node Feature Incompatibility;Inter eNodeB CA feature is not activated in remote eNodeB. SUPPRESSED
2025-09-18;13:43:43;AL  ;Minor ;EUtraNetwork=1,ExternalENodeBFunction=2221-650771;Inter Node Feature Incompatibility;Inter eNodeB CA feature is not activated in remote eNodeB. SUPPRESSED
2025-09-18;13:43:53;AL  ;Cleared;EUtraNetwork=1,ExternalENodeBFunction=2221-650771;Inter Node Feature Incompatibility;Inter eNodeB CA feature is not activated in remote eNodeB. SUPPRESSED
2025-09-18;14:07:06;AL  ;Cleared;ENodeBFunction=1;External Link Failure;X2 link problem to one or several neighbouring eNodeBs. AI: PLMN ID-eNB ID 1 = 2221-601276
2025-09-18;14:29:53;AL  ;Minor ;EUtraNetwork=1,ExternalENodeBFunction=2221-650279;Inter Node Feature Incompatibility;Inter eNodeB CA feature is not activated in remote eNodeB. SUPPRESSED
2025-09-18;14:30:03;AL  ;Cleared;EUtraNetwork=1,ExternalENodeBFunction=2221-650279;Inter Node Feature Incompatibility;Inter eNodeB CA feature is not activated in remote eNodeB. SUPPRESSED
2025-09-18;14:40:33;AL  ;Minor ;EUtraNetwork=1,ExternalENodeBFunction=2221-650762;Inter Node Feature Incompatibility;Inter eNodeB CA feature is not activated in remote eNodeB. SUPPRESSED
2025-09-18;14:51:51;AL  ;Cleared;EUtraNetwork=1,ExternalENodeBFunction=2221-650762;Inter Node Feature Incompatibility;Inter eNodeB CA feature is not activated in remote eNodeB. SUPPRESSED
2025-09-18;15:02:43;AL  ;Minor ;EUtraNetwork=1,ExternalENodeBFunction=2221-650111;Inter Node Feature Incompatibility;Inter eNodeB CA feature is not activated in remote eNodeB. SUPPRESSED
2025-09-18;15:02:56;AL  ;Cleared;EUtraNetwork=1,ExternalENodeBFunction=2221-650111;Inter Node Feature Incompatibility;Inter eNodeB CA feature is not activated in remote eNodeB. SUPPRESSED
2025-09-18;20:11:02;AL  ;Minor ;ENodeBFunction=1;External Link Failure;X2 link problem to one or several neighbouring eNodeBs. AI: PLMN ID-eNB ID 1 = 2221-650824
2025-09-18;23:26:22;AL  ;Minor ;EUtraNetwork=1,ExternalENodeBFunction=2221-650111;Inter Node Feature Incompatibility;Inter eNodeB CA feature is not activated in remote eNodeB. SUPPRESSED
2025-09-18;23:26:26;AL  ;Cleared;EUtraNetwork=1,ExternalENodeBFunction=2221-650111;Inter Node Feature Incompatibility;Inter eNodeB CA feature is not activated in remote eNodeB. SUPPRESSED
2025-09-18;23:56:04;AL  ;Minor ;EUtraNetwork=1,ExternalENodeBFunction=2221-650733;Inter Node Feature Incompatibility;Inter eNodeB CA feature is not activated in remote eNodeB. SUPPRESSED
2025-09-18;23:56:22;AL  ;Cleared;EUtraNetwork=1,ExternalENodeBFunction=2221-650733;Inter Node Feature Incompatibility;Inter eNodeB CA feature is not activated in remote eNodeB. SUPPRESSED
2025-09-19;00:08:59;AL  ;Minor ;EUtraNetwork=1,ExternalENodeBFunction=2221-208078;Inter Node Feature Incompatibility;Inter eNodeB CA feature is not activated in remote eNodeB. SUPPRESSED
2025-09-19;01:07:10;AL  ;Minor ;ENodeBFunction=1;External Link Failure;X2 link problem to one or several neighbouring eNodeBs. AI: PLMN ID-eNB ID 1 = 2221-650824 PLMN ID-eNB ID 2 = 2221-601276
2025-09-19;01:55:30;AL  ;Minor ;ENodeBFunction=1;External Link Failure;X2 link problem to one or several neighbouring eNodeBs. AI: PLMN ID-eNB ID 1 = 2221-650824
2025-09-19;02:35:43;AL  ;Minor ;ENodeBFunction=1;External Link Failure;X2 link problem to one or several neighbouring eNodeBs. AI: PLMN ID-eNB ID 1 = 2221-650824 PLMN ID-eNB ID 2 = 2221-601276
2025-09-19;04:28:42;AL  ;Minor ;EUtraNetwork=1,ExternalENodeBFunction=2221-650138;Inter Node Feature Incompatibility;Inter eNodeB CA feature is not activated in remote eNodeB. SUPPRESSED
2025-09-19;04:31:49;AL  ;Cleared;EUtraNetwork=1,ExternalENodeBFunction=2221-650138;Inter Node Feature Incompatibility;Inter eNodeB CA feature is not activated in remote eNodeB. SUPPRESSED
2025-09-19;05:07:20;AL  ;Minor ;EUtraNetwork=1,ExternalENodeBFunction=2221-650247;Inter Node Feature Incompatibility;Inter eNodeB CA feature is not activated in remote eNodeB. SUPPRESSED
2025-09-19;05:07:55;AL  ;Cleared;EUtraNetwork=1,ExternalENodeBFunction=2221-650247;Inter Node Feature Incompatibility;Inter eNodeB CA feature is not activated in remote eNodeB. SUPPRESSED
2025-09-19;06:01:05;AL  ;Cleared;EUtraNetwork=1,ExternalENodeBFunction=2221-208078;Inter Node Feature Incompatibility;Inter eNodeB CA feature is not activated in remote eNodeB. SUPPRESSED
2025-09-19;15:48:54;AL  ;Minor ;ENodeBFunction=1;External Link Failure;X2 link problem to one or several neighbouring eNodeBs. AI: PLMN ID-eNB ID 1 = 2221-601276
2025-09-19;19:32:59;AL  ;Cleared;ENodeBFunction=1;External Link Failure;X2 link problem to one or several neighbouring eNodeBs. AI: PLMN ID-eNB ID 1 = 2221-601276
2025-09-20;20:47:22;AL  ;Minor ;ENodeBFunction=1;External Link Failure;X2 link problem to one or several neighbouring eNodeBs. AI: PLMN ID-eNB ID 1 = 2221-650502
2025-09-21;11:01:53;AL  ;Minor ;EUtraNetwork=1,ExternalENodeBFunction=2221-208709;Inter Node Carrier Aggregation Service Unavailable;Elastic RAN Carrier Aggregation is not available towards remote eNodeB.
2025-09-21;11:52:42;AL  ;Cleared;EUtraNetwork=1,ExternalENodeBFunction=2221-208709;Inter Node Carrier Aggregation Service Unavailable;Elastic RAN Carrier Aggregation is not available towards remote eNodeB.
2025-09-21;11:52:52;AL  ;Cleared;ENodeBFunction=1;External Link Failure;X2 link problem to one or several neighbouring eNodeBs. AI: PLMN ID-eNB ID 1 = 2221-650502
2025-09-21;11:53:44;AL  ;Minor ;EUtraNetwork=1,ExternalENodeBFunction=2221-208709;Inter Node Carrier Aggregation Service Unavailable;Elastic RAN Carrier Aggregation is not available towards remote eNodeB.
2025-09-21;12:41:25;AL  ;Cleared;EUtraNetwork=1,ExternalENodeBFunction=2221-208709;Inter Node Carrier Aggregation Service Unavailable;Elastic RAN Carrier Aggregation is not available towards remote eNodeB.
2025-09-22;01:20:39;AL  ;Minor ;ENodeBFunction=1;External Link Failure;X2 link problem to one or several neighbouring eNodeBs. AI: PLMN ID-eNB ID 1 = 2221-650279
2025-09-22;07:28:26;AL  ;Minor ;ENodeBFunction=1;External Link Failure;X2 link problem to one or several neighbouring eNodeBs. AI: PLMN ID-eNB ID 1 = 2221-650279 PLMN ID-eNB ID 2 = 2221-650824
2025-09-22;07:38:37;AL  ;Minor ;EUtraNetwork=1,ExternalENodeBFunction=2221-650138;Inter Node Feature Incompatibility;Inter eNodeB CA feature is not activated in remote eNodeB. SUPPRESSED
2025-09-22;07:42:51;AL  ;Cleared;EUtraNetwork=1,ExternalENodeBFunction=2221-650138;Inter Node Feature Incompatibility;Inter eNodeB CA feature is not activated in remote eNodeB. SUPPRESSED
2025-09-22;08:00:41;AL  ;Minor ;EUtraNetwork=1,ExternalENodeBFunction=2221-650111;Inter Node Feature Incompatibility;Inter eNodeB CA feature is not activated in remote eNodeB. SUPPRESSED
2025-09-22;08:01:50;AL  ;Cleared;EUtraNetwork=1,ExternalENodeBFunction=2221-650111;Inter Node Feature Incompatibility;Inter eNodeB CA feature is not activated in remote eNodeB. SUPPRESSED
2025-09-22;08:02:00;AL  ;Minor ;EUtraNetwork=1,ExternalENodeBFunction=2221-650318;Inter Node Feature Incompatibility;Inter eNodeB CA feature is not activated in remote eNodeB. SUPPRESSED
2025-09-22;08:02:04;AL  ;Cleared;EUtraNetwork=1,ExternalENodeBFunction=2221-650318;Inter Node Feature Incompatibility;Inter eNodeB CA feature is not activated in remote eNodeB. SUPPRESSED
2025-09-22;08:47:51;AL  ;Minor ;ENodeBFunction=1;External Link Failure;X2 link problem to one or several neighbouring eNodeBs. AI: PLMN ID-eNB ID 1 = 2221-650824
2025-09-22;14:05:08;AL  ;Minor ;EUtraNetwork=1,ExternalENodeBFunction=2221-208052;Inter Node Feature Incompatibility;Inter eNodeB CA feature is not activated in remote eNodeB. SUPPRESSED
2025-09-22;14:12:55;AL  ;Cleared;EUtraNetwork=1,ExternalENodeBFunction=2221-208052;Inter Node Feature Incompatibility;Inter eNodeB CA feature is not activated in remote eNodeB. SUPPRESSED
2025-09-22;14:27:05;AL  ;Minor ;EUtraNetwork=1,ExternalENodeBFunction=2221-208052;Inter Node Feature Incompatibility;Inter eNodeB CA feature is not activated in remote eNodeB. SUPPRESSED
2025-09-22;14:27:47;AL  ;Cleared;EUtraNetwork=1,ExternalENodeBFunction=2221-208052;Inter Node Feature Incompatibility;Inter eNodeB CA feature is not activated in remote eNodeB. SUPPRESSED
2025-09-22;14:29:33;AL  ;Minor ;EUtraNetwork=1,ExternalENodeBFunction=2221-208052;Inter Node Feature Incompatibility;Inter eNodeB CA feature is not activated in remote eNodeB. SUPPRESSED
2025-09-22;14:29:51;AL  ;Cleared;EUtraNetwork=1,ExternalENodeBFunction=2221-208052;Inter Node Feature Incompatibility;Inter eNodeB CA feature is not activated in remote eNodeB. SUPPRESSED
2025-09-22;14:30:00;AL  ;Minor ;EUtraNetwork=1,ExternalENodeBFunction=2221-208052;Inter Node Feature Incompatibility;Inter eNodeB CA feature is not activated in remote eNodeB. SUPPRESSED
2025-09-22;14:38:52;AL  ;Minor ;ENodeBFunction=1;External Link Failure;X2 link problem to one or several neighbouring eNodeBs. AI: PLMN ID-eNB ID 1 = 2221-650824 PLMN ID-eNB ID 2 = 2221-650632
2025-09-22;14:53:49;AL  ;Minor ;EUtraNetwork=1,ExternalENodeBFunction=2221-650256;Inter Node Feature Incompatibility;Inter eNodeB CA feature is not activated in remote eNodeB. SUPPRESSED
2025-09-22;14:54:12;AL  ;Cleared;EUtraNetwork=1,ExternalENodeBFunction=2221-650256;Inter Node Feature Incompatibility;Inter eNodeB CA feature is not activated in remote eNodeB. SUPPRESSED
2025-09-22;15:08:09;AL  ;Minor ;ENodeBFunction=1;External Link Failure;X2 link problem to one or several neighbouring eNodeBs. AI: PLMN ID-eNB ID 1 = 2221-650824 PLMN ID-eNB ID 2 = 2221-650632 PLMN ID-eNB ID 3 = 2221-207401 PLMN ID-eNB ID 4 = 2221-300897
2025-09-22;15:24:31;AL  ;Minor ;EUtraNetwork=1,ExternalENodeBFunction=2221-650138;Inter Node Feature Incompatibility;Inter eNodeB CA feature is not activated in remote eNodeB. SUPPRESSED
2025-09-22;15:26:31;AL  ;Cleared;EUtraNetwork=1,ExternalENodeBFunction=2221-650138;Inter Node Feature Incompatibility;Inter eNodeB CA feature is not activated in remote eNodeB. SUPPRESSED
2025-09-22;15:27:33;AL  ;Cleared;EUtraNetwork=1,ExternalENodeBFunction=2221-208052;Inter Node Feature Incompatibility;Inter eNodeB CA feature is not activated in remote eNodeB. SUPPRESSED
2025-09-22;15:27:33;AL  ;Minor ;EUtraNetwork=1,ExternalENodeBFunction=2221-650771;Inter Node Feature Incompatibility;Inter eNodeB CA feature is not activated in remote eNodeB. SUPPRESSED
2025-09-22;15:27:33;AL  ;Minor ;EUtraNetwork=1,ExternalENodeBFunction=2221-650404;Inter Node Feature Incompatibility;Inter eNodeB CA feature is not activated in remote eNodeB. SUPPRESSED
2025-09-22;15:27:41;AL  ;Cleared;EUtraNetwork=1,ExternalENodeBFunction=2221-650404;Inter Node Feature Incompatibility;Inter eNodeB CA feature is not activated in remote eNodeB. SUPPRESSED
2025-09-22;15:27:41;AL  ;Cleared;EUtraNetwork=1,ExternalENodeBFunction=2221-650771;Inter Node Feature Incompatibility;Inter eNodeB CA feature is not activated in remote eNodeB. SUPPRESSED
2025-09-22;15:27:41;AL  ;Minor ;EUtraNetwork=1,ExternalENodeBFunction=2221-208052;Inter Node Feature Incompatibility;Inter eNodeB CA feature is not activated in remote eNodeB. SUPPRESSED
2025-09-22;15:27:42;AL  ;Minor ;EUtraNetwork=1,ExternalENodeBFunction=2221-210752;Inter Node Feature Incompatibility;Inter eNodeB CA feature is not activated in remote eNodeB. SUPPRESSED
2025-09-22;15:27:42;AL  ;Minor ;EUtraNetwork=1,ExternalENodeBFunction=2221-650111;Inter Node Feature Incompatibility;Inter eNodeB CA feature is not activated in remote eNodeB. SUPPRESSED
2025-09-22;15:28:02;AL  ;Cleared;EUtraNetwork=1,ExternalENodeBFunction=2221-210752;Inter Node Feature Incompatibility;Inter eNodeB CA feature is not activated in remote eNodeB. SUPPRESSED
2025-09-22;15:28:02;AL  ;Cleared;EUtraNetwork=1,ExternalENodeBFunction=2221-650111;Inter Node Feature Incompatibility;Inter eNodeB CA feature is not activated in remote eNodeB. SUPPRESSED
2025-09-22;15:48:55;AL  ;Minor ;ENodeBFunction=1;External Link Failure;X2 link problem to one or several neighbouring eNodeBs. AI: PLMN ID-eNB ID 1 = 2221-650824 PLMN ID-eNB ID 2 = 2221-650632 PLMN ID-eNB ID 3 = 2221-207401 PLMN ID-eNB ID 4 = 2221-300897 PLMN ID-eNB ID 5 = 2221-203797 PLMN ID-eNB ID 6 = 2221-401368
2025-09-22;16:56:00;AL  ;Cleared;EUtraNetwork=1,ExternalENodeBFunction=2221-208052;Inter Node Feature Incompatibility;Inter eNodeB CA feature is not activated in remote eNodeB. SUPPRESSED
2025-09-22;16:56:00;AL  ;Minor ;EUtraNetwork=1,ExternalENodeBFunction=2221-650279;Inter Node Feature Incompatibility;Inter eNodeB CA feature is not activated in remote eNodeB. SUPPRESSED
2025-09-22;16:56:00;AL  ;Minor ;EUtraNetwork=1,ExternalENodeBFunction=2221-650733;Inter Node Feature Incompatibility;Inter eNodeB CA feature is not activated in remote eNodeB. SUPPRESSED
2025-09-22;16:56:14;AL  ;Cleared;EUtraNetwork=1,ExternalENodeBFunction=2221-650279;Inter Node Feature Incompatibility;Inter eNodeB CA feature is not activated in remote eNodeB. SUPPRESSED
2025-09-22;16:56:14;AL  ;Cleared;EUtraNetwork=1,ExternalENodeBFunction=2221-650733;Inter Node Feature Incompatibility;Inter eNodeB CA feature is not activated in remote eNodeB. SUPPRESSED
2025-09-22;16:56:14;AL  ;Minor ;EUtraNetwork=1,ExternalENodeBFunction=2221-208052;Inter Node Feature Incompatibility;Inter eNodeB CA feature is not activated in remote eNodeB. SUPPRESSED
2025-09-22;17:16:46;AL  ;Minor ;EUtraNetwork=1,ExternalENodeBFunction=2221-650733;Inter Node Feature Incompatibility;Inter eNodeB CA feature is not activated in remote eNodeB. SUPPRESSED
2025-09-22;17:19:22;AL  ;Cleared;EUtraNetwork=1,ExternalENodeBFunction=2221-650733;Inter Node Feature Incompatibility;Inter eNodeB CA feature is not activated in remote eNodeB. SUPPRESSED
2025-09-22;17:26:27;AL  ;Cleared;EUtraNetwork=1,ExternalENodeBFunction=2221-208052;Inter Node Feature Incompatibility;Inter eNodeB CA feature is not activated in remote eNodeB. SUPPRESSED
2025-09-22;17:39:38;AL  ;Minor ;ENodeBFunction=1;External Link Failure;X2 link problem to one or several neighbouring eNodeBs. AI: PLMN ID-eNB ID 1 = 2221-650824 PLMN ID-eNB ID 2 = 2221-207401 PLMN ID-eNB ID 3 = 2221-300897 PLMN ID-eNB ID 4 = 2221-203797 PLMN ID-eNB ID 5 = 2221-401368
2025-09-22;17:42:31;AL  ;Minor ;ENodeBFunction=1;External Link Failure;X2 link problem to one or several neighbouring eNodeBs. AI: PLMN ID-eNB ID 1 = 2221-650824 PLMN ID-eNB ID 2 = 2221-207401 PLMN ID-eNB ID 3 = 2221-300897 PLMN ID-eNB ID 4 = 2221-203797
2025-09-22;18:48:22;AL  ;Minor ;ENodeBFunction=1;External Link Failure;X2 link problem to one or several neighbouring eNodeBs. AI: PLMN ID-eNB ID 1 = 2221-650824 PLMN ID-eNB ID 2 = 2221-300897 PLMN ID-eNB ID 3 = 2221-203797
2025-09-22;22:31:59;AL  ;Minor ;EUtraNetwork=1,ExternalENodeBFunction=2221-208078;Inter Node Feature Incompatibility;Inter eNodeB CA feature is not activated in remote eNodeB. SUPPRESSED
2025-09-22;22:46:22;AL  ;Minor ;EUtraNetwork=1,ExternalENodeBFunction=2221-650256;Inter Node Feature Incompatibility;Inter eNodeB CA feature is not activated in remote eNodeB. SUPPRESSED
2025-09-22;22:46:49;AL  ;Cleared;EUtraNetwork=1,ExternalENodeBFunction=2221-650256;Inter Node Feature Incompatibility;Inter eNodeB CA feature is not activated in remote eNodeB. SUPPRESSED
2025-09-23;00:13:05;AL  ;Minor ;ENodeBFunction=1;External Link Failure;X2 link problem to one or several neighbouring eNodeBs. AI: PLMN ID-eNB ID 1 = 2221-650824 PLMN ID-eNB ID 2 = 2221-300897 PLMN ID-eNB ID 3 = 2221-203797 PLMN ID-eNB ID 4 = 2221-650632
2025-09-23;00:38:59;AL  ;Minor ;EUtraNetwork=1,ExternalENodeBFunction=2221-210091;Inter Node Feature Incompatibility;Inter eNodeB CA feature is not activated in remote eNodeB. SUPPRESSED
2025-09-23;00:44:42;AL  ;Minor ;EUtraNetwork=1,ExternalENodeBFunction=2221-650138;Inter Node Feature Incompatibility;Inter eNodeB CA feature is not activated in remote eNodeB. SUPPRESSED
2025-09-23;00:45:19;AL  ;Cleared;EUtraNetwork=1,ExternalENodeBFunction=2221-650138;Inter Node Feature Incompatibility;Inter eNodeB CA feature is not activated in remote eNodeB. SUPPRESSED
2025-09-23;00:59:59;AL  ;Cleared;EUtraNetwork=1,ExternalENodeBFunction=2221-210091;Inter Node Feature Incompatibility;Inter eNodeB CA feature is not activated in remote eNodeB. SUPPRESSED
2025-09-23;02:20:38;AL  ;Minor ;ENodeBFunction=1;External Link Failure;X2 link problem to one or several neighbouring eNodeBs. AI: PLMN ID-eNB ID 1 = 2221-650824 PLMN ID-eNB ID 2 = 2221-300897 PLMN ID-eNB ID 3 = 2221-203797 PLMN ID-eNB ID 4 = 2221-650632 PLMN ID-eNB ID 5 = 2221-207401
2025-09-23;05:35:11;AL  ;Minor ;EUtraNetwork=1,ExternalENodeBFunction=2221-650234;Inter Node Feature Incompatibility;Inter eNodeB CA feature is not activated in remote eNodeB. SUPPRESSED
2025-09-23;05:36:02;AL  ;Cleared;EUtraNetwork=1,ExternalENodeBFunction=2221-650234;Inter Node Feature Incompatibility;Inter eNodeB CA feature is not activated in remote eNodeB. SUPPRESSED
2025-09-23;06:01:03;AL  ;Cleared;EUtraNetwork=1,ExternalENodeBFunction=2221-208078;Inter Node Feature Incompatibility;Inter eNodeB CA feature is not activated in remote eNodeB. SUPPRESSED
2025-09-23;06:01:03;AL  ;Minor ;EUtraNetwork=1,ExternalENodeBFunction=2221-208052;Inter Node Feature Incompatibility;Inter eNodeB CA feature is not activated in remote eNodeB. SUPPRESSED
2025-09-23;06:01:24;AL  ;Cleared;EUtraNetwork=1,ExternalENodeBFunction=2221-208052;Inter Node Feature Incompatibility;Inter eNodeB CA feature is not activated in remote eNodeB. SUPPRESSED
2025-09-23;07:08:30;AL  ;Minor ;ENodeBFunction=1;External Link Failure;X2 link problem to one or several neighbouring eNodeBs. AI: PLMN ID-eNB ID 1 = 2221-300897 PLMN ID-eNB ID 2 = 2221-203797 PLMN ID-eNB ID 3 = 2221-650632 PLMN ID-eNB ID 4 = 2221-207401
2025-09-23;07:49:22;AL  ;Minor ;ENodeBFunction=1;External Link Failure;X2 link problem to one or several neighbouring eNodeBs. AI: PLMN ID-eNB ID 1 = 2221-203797 PLMN ID-eNB ID 2 = 2221-650632 PLMN ID-eNB ID 3 = 2221-207401
2025-09-23;09:50:14;AL  ;Minor ;ENodeBFunction=1;External Link Failure;X2 link problem to one or several neighbouring eNodeBs. AI: PLMN ID-eNB ID 1 = 2221-650632 PLMN ID-eNB ID 2 = 2221-207401 PLMN ID-eNB ID 3 = 2221-401328
2025-09-23;13:55:04;AL  ;Minor ;ENodeBFunction=1;External Link Failure;X2 link problem to one or several neighbouring eNodeBs. AI: PLMN ID-eNB ID 1 = 2221-650632 PLMN ID-eNB ID 2 = 2221-207401 PLMN ID-eNB ID 3 = 2221-401328 PLMN ID-eNB ID 4 = 2221-650292
2025-09-23;13:57:33;AL  ;Minor ;ENodeBFunction=1;External Link Failure;X2 link problem to one or several neighbouring eNodeBs. AI: PLMN ID-eNB ID 1 = 2221-650632 PLMN ID-eNB ID 2 = 2221-207401 PLMN ID-eNB ID 3 = 2221-650292
2025-09-23;15:57:47;AL  ;Minor ;ENodeBFunction=1;External Link Failure;X2 link problem to one or several neighbouring eNodeBs. AI: PLMN ID-eNB ID 1 = 2221-650632 PLMN ID-eNB ID 2 = 2221-207401
2025-09-24;05:52:45;AL  ;Minor ;ENodeBFunction=1;External Link Failure;X2 link problem to one or several neighbouring eNodeBs. AI: PLMN ID-eNB ID 1 = 2221-650632 PLMN ID-eNB ID 2 = 2221-207401 PLMN ID-eNB ID 3 = 2221-601248
2025-09-24;09:00:21;AL  ;Minor ;ENodeBFunction=1;External Link Failure;X2 link problem to one or several neighbouring eNodeBs. AI: PLMN ID-eNB ID 1 = 2221-650632 PLMN ID-eNB ID 2 = 2221-207401
2025-09-24;15:50:18;AL  ;Minor ;ENodeBFunction=1;External Link Failure;X2 link problem to one or several neighbouring eNodeBs. AI: PLMN ID-eNB ID 1 = 2221-650632 PLMN ID-eNB ID 2 = 2221-207401 PLMN ID-eNB ID 3 = 2221-203197
2025-09-24;21:29:18;AL  ;Minor ;ENodeBFunction=1;External Link Failure;X2 link problem to one or several neighbouring eNodeBs. AI: PLMN ID-eNB ID 1 = 2221-650632 PLMN ID-eNB ID 2 = 2221-207401 PLMN ID-eNB ID 3 = 2221-203197 PLMN ID-eNB ID 4 = 2221-650599
2025-09-24;21:36:52;AL  ;Minor ;ENodeBFunction=1;External Link Failure;X2 link problem to one or several neighbouring eNodeBs. AI: PLMN ID-eNB ID 1 = 2221-650632 PLMN ID-eNB ID 2 = 2221-207401 PLMN ID-eNB ID 3 = 2221-203197
2025-09-25;00:15:59;AL  ;Minor ;EUtraNetwork=1,ExternalENodeBFunction=2221-208078;Inter Node Feature Incompatibility;Inter eNodeB CA feature is not activated in remote eNodeB. SUPPRESSED
2025-09-25;00:21:02;AL  ;Cleared;EUtraNetwork=1,ExternalENodeBFunction=2221-208078;Inter Node Feature Incompatibility;Inter eNodeB CA feature is not activated in remote eNodeB. SUPPRESSED
2025-09-25;02:37:31;AL  ;Minor ;ENodeBFunction=1;External Link Failure;X2 link problem to one or several neighbouring eNodeBs. AI: PLMN ID-eNB ID 1 = 2221-650632 PLMN ID-eNB ID 2 = 2221-207401 PLMN ID-eNB ID 3 = 2221-203197 PLMN ID-eNB ID 4 = 2221-401057
2025-09-25;07:52:04;AL  ;Minor ;ENodeBFunction=1;External Link Failure;X2 link problem to one or several neighbouring eNodeBs. AI: PLMN ID-eNB ID 1 = 2221-650632 PLMN ID-eNB ID 2 = 2221-207401 PLMN ID-eNB ID 3 = 2221-203197
2025-09-25;11:07:21;AL  ;Minor ;ENodeBFunction=1;External Link Failure;X2 link problem to one or several neighbouring eNodeBs. AI: PLMN ID-eNB ID 1 = 2221-650632 PLMN ID-eNB ID 2 = 2221-207401
2025-09-26;07:56:18;AL  ;Major ;Synchronization=1,RadioEquipmentClock=1,RadioEquipmentClockReference=PTP;Sync PTP Time Reachability Fault;No PTP messages
2025-09-26;08:03:10;AL  ;Minor ;Synchronization=1,RadioEquipmentClock=1;Radio Clock Service in Time Holdover Mode;Time sync reference failure
2025-09-26;08:05:39;AL  ;Cleared;Synchronization=1,RadioEquipmentClock=1;Radio Clock Service in Time Holdover Mode;Time sync reference failure
2025-09-26;08:06:38;AL  ;Cleared;Synchronization=1,RadioEquipmentClock=1,RadioEquipmentClockReference=PTP;Sync PTP Time Reachability Fault;No PTP messages
2025-09-26;08:34:25;AL  ;Minor ;ENodeBFunction=1;External Link Failure;X2 link problem to one or several neighbouring eNodeBs. AI: PLMN ID-eNB ID 1 = 2221-650632 PLMN ID-eNB ID 2 = 2221-207401 PLMN ID-eNB ID 3 = 2221-203197
2025-09-26;12:54:47;AL  ;Minor ;ENodeBFunction=1;External Link Failure;X2 link problem to one or several neighbouring eNodeBs. AI: PLMN ID-eNB ID 1 = 2221-207401 PLMN ID-eNB ID 2 = 2221-203197
2025-09-26;13:33:31;AL  ;Minor ;ENodeBFunction=1;External Link Failure;X2 link problem to one or several neighbouring eNodeBs. AI: PLMN ID-eNB ID 1 = 2221-207401
2025-09-27;08:05:10;AL  ;Cleared;ENodeBFunction=1;External Link Failure;X2 link problem to one or several neighbouring eNodeBs. AI: PLMN ID-eNB ID 1 = 2221-207401
2025-09-27;11:06:09;AL  ;Minor ;ENodeBFunction=1;External Link Failure;X2 link problem to one or several neighbouring eNodeBs. AI: PLMN ID-eNB ID 1 = 2221-650300
2025-09-28;11:52:46;AL  ;Cleared;ENodeBFunction=1;External Link Failure;X2 link problem to one or several neighbouring eNodeBs. AI: PLMN ID-eNB ID 1 = 2221-650300
2025-09-29;09:15:08;AL  ;Minor ;ENodeBFunction=1;External Link Failure;X2 link problem to one or several neighbouring eNodeBs. AI: PLMN ID-eNB ID 1 = 2221-400549
2025-09-29;11:22:45;AL  ;Minor ;ENodeBFunction=1;External Link Failure;X2 link problem to one or several neighbouring eNodeBs. AI: PLMN ID-eNB ID 1 = 2221-400549 PLMN ID-eNB ID 2 = 2221-650814
2025-09-29;11:25:40;AL  ;Minor ;ENodeBFunction=1;External Link Failure;X2 link problem to one or several neighbouring eNodeBs. AI: PLMN ID-eNB ID 1 = 2221-400549 PLMN ID-eNB ID 2 = 2221-650814 PLMN ID-eNB ID 3 = 2221-650529
2025-09-29;11:28:05;AL  ;Minor ;ENodeBFunction=1;External Link Failure;X2 link problem to one or several neighbouring eNodeBs. AI: PLMN ID-eNB ID 1 = 2221-400549 PLMN ID-eNB ID 2 = 2221-650814 PLMN ID-eNB ID 3 = 2221-650529 PLMN ID-eNB ID 4 = 2221-650343
2025-09-29;11:30:13;AL  ;Minor ;EUtraNetwork=1,ExternalENodeBFunction=2221-208079;Inter Node Feature Incompatibility;Inter eNodeB CA feature is not activated in remote eNodeB. SUPPRESSED
2025-09-29;11:30:26;AL  ;Cleared;EUtraNetwork=1,ExternalENodeBFunction=2221-208079;Inter Node Feature Incompatibility;Inter eNodeB CA feature is not activated in remote eNodeB. SUPPRESSED
2025-09-29;12:34:57;AL  ;Minor ;EUtraNetwork=1,ExternalENodeBFunction=2221-650247;Inter Node Feature Incompatibility;Inter eNodeB CA feature is not activated in remote eNodeB. SUPPRESSED
2025-09-29;12:35:54;AL  ;Minor ;EUtraNetwork=1,ExternalENodeBFunction=2221-650234;Inter Node Feature Incompatibility;Inter eNodeB CA feature is not activated in remote eNodeB. SUPPRESSED
2025-09-29;12:37:39;AL  ;Cleared;EUtraNetwork=1,ExternalENodeBFunction=2221-650234;Inter Node Feature Incompatibility;Inter eNodeB CA feature is not activated in remote eNodeB. SUPPRESSED
2025-09-29;12:37:39;AL  ;Cleared;EUtraNetwork=1,ExternalENodeBFunction=2221-650247;Inter Node Feature Incompatibility;Inter eNodeB CA feature is not activated in remote eNodeB. SUPPRESSED
2025-09-29;13:05:27;AL  ;Minor ;ENodeBFunction=1;External Link Failure;X2 link problem to one or several neighbouring eNodeBs. AI: PLMN ID-eNB ID 1 = 2221-400549 PLMN ID-eNB ID 2 = 2221-650814 PLMN ID-eNB ID 3 = 2221-650529 PLMN ID-eNB ID 4 = 2221-650343 PLMN ID-eNB ID 5 = 2221-650774
2025-09-29;19:06:10;AL  ;Minor ;ENodeBFunction=1;External Link Failure;X2 link problem to one or several neighbouring eNodeBs. AI: PLMN ID-eNB ID 1 = 2221-400549 PLMN ID-eNB ID 2 = 2221-650529 PLMN ID-eNB ID 3 = 2221-650343 PLMN ID-eNB ID 4 = 2221-650774
2025-09-29;19:10:04;AL  ;Minor ;ENodeBFunction=1;External Link Failure;X2 link problem to one or several neighbouring eNodeBs. AI: PLMN ID-eNB ID 1 = 2221-400549 PLMN ID-eNB ID 2 = 2221-650343 PLMN ID-eNB ID 3 = 2221-650774
2025-09-29;19:11:05;AL  ;Minor ;ENodeBFunction=1;External Link Failure;X2 link problem to one or several neighbouring eNodeBs. AI: PLMN ID-eNB ID 1 = 2221-400549 PLMN ID-eNB ID 2 = 2221-650774
2025-09-29;19:15:26;AL  ;Minor ;ENodeBFunction=1;External Link Failure;X2 link problem to one or several neighbouring eNodeBs. AI: PLMN ID-eNB ID 1 = 2221-400549 PLMN ID-eNB ID 2 = 2221-650774 PLMN ID-eNB ID 3 = 2221-650814
2025-09-29;19:23:02;AL  ;Minor ;ENodeBFunction=1;External Link Failure;X2 link problem to one or several neighbouring eNodeBs. AI: PLMN ID-eNB ID 1 = 2221-400549 PLMN ID-eNB ID 2 = 2221-650774
2025-09-30;08:58:44;AL  ;Minor ;ENodeBFunction=1;External Link Failure;X2 link problem to one or several neighbouring eNodeBs. AI: PLMN ID-eNB ID 1 = 2221-400549 PLMN ID-eNB ID 2 = 2221-650774 PLMN ID-eNB ID 3 = 2221-650220
2025-09-30;09:19:03;AL  ;Minor ;GNBCUCPFunction=1;XnC Link to GNodeB Failure;XnC link problem to gNodeBs listed in Additional Information. AI: PLMN ID-gNB ID 1 = 222:01-1053854
2025-09-30;09:21:35;AL  ;Cleared;GNBCUCPFunction=1;XnC Link to GNodeB Failure;XnC link problem to gNodeBs listed in Additional Information. AI: PLMN ID-gNB ID 1 = 222:01-1053854
2025-09-30;13:01:05;AL  ;Minor ;ENodeBFunction=1;External Link Failure;X2 link problem to one or several neighbouring eNodeBs. AI: PLMN ID-eNB ID 1 = 2221-400549 PLMN ID-eNB ID 2 = 2221-650774
2025-10-01;09:22:49;AL  ;Minor ;ENodeBFunction=1;External Link Failure;X2 link problem to one or several neighbouring eNodeBs. AI: PLMN ID-eNB ID 1 = 2221-400549 PLMN ID-eNB ID 2 = 2221-650774 PLMN ID-eNB ID 3 = 2221-212847
2025-10-01;10:10:31;AL  ;Minor ;ENodeBFunction=1;External Link Failure;X2 link problem to one or several neighbouring eNodeBs. AI: PLMN ID-eNB ID 1 = 2221-400549 PLMN ID-eNB ID 2 = 2221-650774 PLMN ID-eNB ID 3 = 2221-212847 PLMN ID-eNB ID 4 = 2221-401041
2025-10-01;10:15:11;AL  ;Minor ;ENodeBFunction=1;External Link Failure;X2 link problem to one or several neighbouring eNodeBs. AI: PLMN ID-eNB ID 1 = 2221-400549 PLMN ID-eNB ID 2 = 2221-650774 PLMN ID-eNB ID 3 = 2221-212847
2025-10-02;01:10:55;AL  ;Minor ;ENodeBFunction=1;External Link Failure;X2 link problem to one or several neighbouring eNodeBs. AI: PLMN ID-eNB ID 1 = 2221-400549 PLMN ID-eNB ID 2 = 2221-650774 PLMN ID-eNB ID 3 = 2221-212847 PLMN ID-eNB ID 4 = 2221-650183
2025-10-02;02:08:58;AL  ;Minor ;EUtraNetwork=1,ExternalENodeBFunction=2221-208078;Inter Node Feature Incompatibility;Inter eNodeB CA feature is not activated in remote eNodeB. SUPPRESSED
2025-10-02;03:23:43;AL  ;Minor ;ENodeBFunction=1;External Link Failure;X2 link problem to one or several neighbouring eNodeBs. AI: PLMN ID-eNB ID 1 = 2221-400549 PLMN ID-eNB ID 2 = 2221-650774 PLMN ID-eNB ID 3 = 2221-212847 PLMN ID-eNB ID 4 = 2221-650183 PLMN ID-eNB ID 5 = 2221-650826
2025-10-02;03:42:59;AL  ;Minor ;ENodeBFunction=1;External Link Failure;X2 link problem to one or several neighbouring eNodeBs. AI: PLMN ID-eNB ID 1 = 2221-400549 PLMN ID-eNB ID 2 = 2221-650774 PLMN ID-eNB ID 3 = 2221-212847 PLMN ID-eNB ID 4 = 2221-650183
2025-10-02;03:54:09;AL  ;Cleared;EUtraNetwork=1,ExternalENodeBFunction=2221-208078;Inter Node Feature Incompatibility;Inter eNodeB CA feature is not activated in remote eNodeB. SUPPRESSED
2025-10-02;03:54:09;AL  ;Minor ;EUtraNetwork=1,ExternalENodeBFunction=2221-650733;Inter Node Feature Incompatibility;Inter eNodeB CA feature is not activated in remote eNodeB. SUPPRESSED
2025-10-02;03:57:49;AL  ;Cleared;EUtraNetwork=1,ExternalENodeBFunction=2221-650733;Inter Node Feature Incompatibility;Inter eNodeB CA feature is not activated in remote eNodeB. SUPPRESSED
2025-10-02;03:57:49;AL  ;Minor ;EUtraNetwork=1,ExternalENodeBFunction=2221-208078;Inter Node Feature Incompatibility;Inter eNodeB CA feature is not activated in remote eNodeB. SUPPRESSED
2025-10-02;04:00:02;AL  ;Minor ;ENodeBFunction=1;External Link Failure;X2 link problem to one or several neighbouring eNodeBs. AI: PLMN ID-eNB ID 1 = 2221-400549 PLMN ID-eNB ID 2 = 2221-650774 PLMN ID-eNB ID 3 = 2221-212847 PLMN ID-eNB ID 4 = 2221-650183 PLMN ID-eNB ID 5 = 2221-650279
2025-10-02;04:02:57;AL  ;Cleared;EUtraNetwork=1,ExternalENodeBFunction=2221-208078;Inter Node Feature Incompatibility;Inter eNodeB CA feature is not activated in remote eNodeB. SUPPRESSED
2025-10-02;04:02:57;AL  ;Minor ;EUtraNetwork=1,ExternalENodeBFunction=2221-650279;Inter Node Feature Incompatibility;Inter eNodeB CA feature is not activated in remote eNodeB. SUPPRESSED
2025-10-02;04:03:12;AL  ;Minor ;ENodeBFunction=1;External Link Failure;X2 link problem to one or several neighbouring eNodeBs. AI: PLMN ID-eNB ID 1 = 2221-400549 PLMN ID-eNB ID 2 = 2221-650774 PLMN ID-eNB ID 3 = 2221-212847 PLMN ID-eNB ID 4 = 2221-650183
2025-10-02;04:03:57;AL  ;Minor ;EUtraNetwork=1,ExternalENodeBFunction=2221-650279;Inter Node Feature Incompatibility;Inter eNodeB CA feature is not activated in remote eNodeB. SUPPRESSED
2025-10-02;04:03:54;AL  ;Minor ;EUtraNetwork=1,ExternalENodeBFunction=2221-208078;Inter Node Feature Incompatibility;Inter eNodeB CA feature is not activated in remote eNodeB. SUPPRESSED
2025-10-02;04:05:13;AL  ;Cleared;EUtraNetwork=1,ExternalENodeBFunction=2221-650279;Inter Node Feature Incompatibility;Inter eNodeB CA feature is not activated in remote eNodeB. SUPPRESSED
2025-10-02;04:12:28;AL  ;Cleared;EUtraNetwork=1,ExternalENodeBFunction=2221-208078;Inter Node Feature Incompatibility;Inter eNodeB CA feature is not activated in remote eNodeB. SUPPRESSED
2025-10-02;05:35:10;AL  ;Minor ;ENodeBFunction=1;External Link Failure;X2 link problem to one or several neighbouring eNodeBs. AI: PLMN ID-eNB ID 1 = 2221-400549 PLMN ID-eNB ID 2 = 2221-650774 PLMN ID-eNB ID 3 = 2221-212847 PLMN ID-eNB ID 4 = 2221-650183 PLMN ID-eNB ID 5 = 2221-601276
2025-10-02;06:26:23;AL  ;Minor ;ENodeBFunction=1;External Link Failure;X2 link problem to one or several neighbouring eNodeBs. AI: PLMN ID-eNB ID 1 = 2221-400549 PLMN ID-eNB ID 2 = 2221-650774 PLMN ID-eNB ID 3 = 2221-212847 PLMN ID-eNB ID 4 = 2221-650183 PLMN ID-eNB ID 5 = 2221-601276 PLMN ID-eNB ID 6 = 2221-600674
2025-10-02;08:44:30;AL  ;Minor ;ENodeBFunction=1;External Link Failure;X2 link problem to one or several neighbouring eNodeBs. AI: PLMN ID-eNB ID 1 = 2221-400549 PLMN ID-eNB ID 2 = 2221-650774 PLMN ID-eNB ID 3 = 2221-212847 PLMN ID-eNB ID 4 = 2221-601276 PLMN ID-eNB ID 5 = 2221-600674
2025-10-02;09:44:09;AL  ;Minor ;ENodeBFunction=1;External Link Failure;X2 link problem to one or several neighbouring eNodeBs. AI: PLMN ID-eNB ID 1 = 2221-400549 PLMN ID-eNB ID 2 = 2221-650774 PLMN ID-eNB ID 3 = 2221-212847 PLMN ID-eNB ID 4 = 2221-600674
2025-10-03;07:42:20;AL  ;Minor ;ENodeBFunction=1;External Link Failure;X2 link problem to one or several neighbouring eNodeBs. AI: PLMN ID-eNB ID 1 = 2221-400549 PLMN ID-eNB ID 2 = 2221-650774 PLMN ID-eNB ID 3 = 2221-212847
2025-10-03;09:47:41;AL  ;Minor ;ENodeBFunction=1;External Link Failure;X2 link problem to one or several neighbouring eNodeBs. AI: PLMN ID-eNB ID 1 = 2221-400549 PLMN ID-eNB ID 2 = 2221-650774 PLMN ID-eNB ID 3 = 2221-212847 PLMN ID-eNB ID 4 = 2221-650824
2025-10-03;10:41:49;AL  ;Minor ;ENodeBFunction=1;External Link Failure;X2 link problem to one or several neighbouring eNodeBs. AI: PLMN ID-eNB ID 1 = 2221-400549 PLMN ID-eNB ID 2 = 2221-212847 PLMN ID-eNB ID 3 = 2221-650824
2025-10-03;11:21:15;AL  ;Minor ;ENodeBFunction=1;External Link Failure;X2 link problem to one or several neighbouring eNodeBs. AI: PLMN ID-eNB ID 1 = 2221-400549 PLMN ID-eNB ID 2 = 2221-212847 PLMN ID-eNB ID 3 = 2221-650824 PLMN ID-eNB ID 4 = 2221-209918
2025-10-03;11:55:30;AL  ;Minor ;EUtraNetwork=1,ExternalENodeBFunction=2221-650762;Inter Node Feature Incompatibility;Inter eNodeB CA feature is not activated in remote eNodeB. SUPPRESSED
2025-10-03;11:55:48;AL  ;Cleared;EUtraNetwork=1,ExternalENodeBFunction=2221-650762;Inter Node Feature Incompatibility;Inter eNodeB CA feature is not activated in remote eNodeB. SUPPRESSED
2025-10-03;12:06:33;AL  ;Minor ;EUtraNetwork=1,ExternalENodeBFunction=2221-650746;Inter Node Feature Incompatibility;Inter eNodeB CA feature is not activated in remote eNodeB. SUPPRESSED
2025-10-03;12:07:36;AL  ;Cleared;EUtraNetwork=1,ExternalENodeBFunction=2221-650746;Inter Node Feature Incompatibility;Inter eNodeB CA feature is not activated in remote eNodeB. SUPPRESSED
2025-10-03;12:45:44;AL  ;Minor ;ENodeBFunction=1;External Link Failure;X2 link problem to one or several neighbouring eNodeBs. AI: PLMN ID-eNB ID 1 = 2221-400549 PLMN ID-eNB ID 2 = 2221-212847
2025-10-03;13:42:15;AL  ;Minor ;ENodeBFunction=1;External Link Failure;X2 link problem to one or several neighbouring eNodeBs. AI: PLMN ID-eNB ID 1 = 2221-400549 PLMN ID-eNB ID 2 = 2221-212847 PLMN ID-eNB ID 3 = 2221-203797 PLMN ID-eNB ID 4 = 2221-300897
2025-10-03;14:15:25;AL  ;Minor ;ENodeBFunction=1;External Link Failure;X2 link problem to one or several neighbouring eNodeBs. AI: PLMN ID-eNB ID 1 = 2221-400549 PLMN ID-eNB ID 2 = 2221-212847 PLMN ID-eNB ID 3 = 2221-203797
2025-10-05;11:34:24;AL  ;Cleared;ENodeBFunction=1;External Link Failure;X2 link problem to one or several neighbouring eNodeBs. AI: PLMN ID-eNB ID 1 = 2221-400549 PLMN ID-eNB ID 2 = 2221-212847
2025-10-05;11:47:43;AL  ;Minor ;ENodeBFunction=1;External Link Failure;X2 link problem to one or several neighbouring eNodeBs. AI: PLMN ID-eNB ID 1 = 2221-650599
2025-10-05;12:02:11;AL  ;Cleared;ENodeBFunction=1;External Link Failure;X2 link problem to one or several neighbouring eNodeBs. AI: PLMN ID-eNB ID 1 = 2221-650599
2025-10-05;12:24:05;AL  ;Minor ;ENodeBFunction=1;External Link Failure;X2 link problem to one or several neighbouring eNodeBs. AI: PLMN ID-eNB ID 1 = 2221-650599
2025-10-05;12:33:52;AL  ;Cleared;ENodeBFunction=1;External Link Failure;X2 link problem to one or several neighbouring eNodeBs. AI: PLMN ID-eNB ID 1 = 2221-650599
2025-10-05;14:59:07;AL  ;Minor ;ENodeBFunction=1;External Link Failure;X2 link problem to one or several neighbouring eNodeBs. AI: PLMN ID-eNB ID 1 = 2221-650599
2025-10-05;15:06:16;AL  ;Cleared;ENodeBFunction=1;External Link Failure;X2 link problem to one or several neighbouring eNodeBs. AI: PLMN ID-eNB ID 1 = 2221-650599
2025-10-05;16:06:20;AL  ;Minor ;ENodeBFunction=1;External Link Failure;X2 link problem to one or several neighbouring eNodeBs. AI: PLMN ID-eNB ID 1 = 2221-650397
2025-10-05;16:11:20;AL  ;Minor ;ENodeBFunction=1;External Link Failure;X2 link problem to one or several neighbouring eNodeBs. AI: PLMN ID-eNB ID 1 = 2221-650397 PLMN ID-eNB ID 2 = 2221-650599
2025-10-05;16:13:11;AL  ;Minor ;ENodeBFunction=1;External Link Failure;X2 link problem to one or several neighbouring eNodeBs. AI: PLMN ID-eNB ID 1 = 2221-650397
2025-10-05;16:18:32;AL  ;Cleared;ENodeBFunction=1;External Link Failure;X2 link problem to one or several neighbouring eNodeBs. AI: PLMN ID-eNB ID 1 = 2221-650397
2025-10-05;16:47:07;AL  ;Minor ;ENodeBFunction=1;External Link Failure;X2 link problem to one or several neighbouring eNodeBs. AI: PLMN ID-eNB ID 1 = 2221-650397
2025-10-05;16:47:41;AL  ;Cleared;ENodeBFunction=1;External Link Failure;X2 link problem to one or several neighbouring eNodeBs. AI: PLMN ID-eNB ID 1 = 2221-650397
2025-10-05;17:05:16;AL  ;Minor ;ENodeBFunction=1;External Link Failure;X2 link problem to one or several neighbouring eNodeBs. AI: PLMN ID-eNB ID 1 = 2221-650397
2025-10-05;17:08:28;AL  ;Cleared;ENodeBFunction=1;External Link Failure;X2 link problem to one or several neighbouring eNodeBs. AI: PLMN ID-eNB ID 1 = 2221-650397
2025-10-05;20:03:15;AL  ;Minor ;GNBCUCPFunction=1;XnC Link to GNodeB Failure;XnC link problem to gNodeBs listed in Additional Information. AI: PLMN ID-gNB ID 1 = 222:01-1056240
2025-10-05;20:04:00;AL  ;Cleared;GNBCUCPFunction=1;XnC Link to GNodeB Failure;XnC link problem to gNodeBs listed in Additional Information. AI: PLMN ID-gNB ID 1 = 222:01-1056240
2025-10-05;20:10:26;AL  ;Minor ;ENodeBFunction=1;External Link Failure;X2 link problem to one or several neighbouring eNodeBs. AI: PLMN ID-eNB ID 1 = 2221-650279
2025-10-05;20:17:00;AL  ;Cleared;ENodeBFunction=1;External Link Failure;X2 link problem to one or several neighbouring eNodeBs. AI: PLMN ID-eNB ID 1 = 2221-650279
2025-10-06;02:03:23;AL  ;Minor ;ENodeBFunction=1;External Link Failure;X2 link problem to one or several neighbouring eNodeBs. AI: PLMN ID-eNB ID 1 = 2221-650746
2025-10-06;07:46:58;AL  ;Minor ;GNBCUCPFunction=1;XnC Link to GNodeB Failure;XnC link problem to gNodeBs listed in Additional Information. AI: PLMN ID-gNB ID 1 = 222:01-1057402
2025-10-06;07:52:05;AL  ;Minor ;ENodeBFunction=1;External Link Failure;X2 link problem to one or several neighbouring eNodeBs. AI: PLMN ID-eNB ID 1 = 2221-650746 PLMN ID-eNB ID 2 = 2221-210091 PLMN ID-eNB ID 3 = 2221-213328
2025-10-06;08:02:04;AL  ;Cleared;GNBCUCPFunction=1;XnC Link to GNodeB Failure;XnC link problem to gNodeBs listed in Additional Information. AI: PLMN ID-gNB ID 1 = 222:01-1057402
2025-10-06;08:02:58;AL  ;Minor ;ENodeBFunction=1;External Link Failure;X2 link problem to one or several neighbouring eNodeBs. AI: PLMN ID-eNB ID 1 = 2221-650746 PLMN ID-eNB ID 2 = 2221-210091
2025-10-06;08:17:49;AL  ;Minor ;GNBCUCPFunction=1;XnC Link to GNodeB Failure;XnC link problem to gNodeBs listed in Additional Information. AI: PLMN ID-gNB ID 1 = 222:01-1057402
2025-10-06;08:23:45;AL  ;Minor ;ENodeBFunction=1;External Link Failure;X2 link problem to one or several neighbouring eNodeBs. AI: PLMN ID-eNB ID 1 = 2221-650746 PLMN ID-eNB ID 2 = 2221-210091 PLMN ID-eNB ID 3 = 2221-213328
2025-10-06;09:13:36;AL  ;Cleared;GNBCUCPFunction=1;XnC Link to GNodeB Failure;XnC link problem to gNodeBs listed in Additional Information. AI: PLMN ID-gNB ID 1 = 222:01-1057402
2025-10-06;09:14:33;AL  ;Minor ;ENodeBFunction=1;External Link Failure;X2 link problem to one or several neighbouring eNodeBs. AI: PLMN ID-eNB ID 1 = 2221-650746 PLMN ID-eNB ID 2 = 2221-210091
2025-10-06;09:31:32;AL  ;Cleared;ENodeBFunction=1;External Link Failure;X2 link problem to one or several neighbouring eNodeBs. AI: PLMN ID-eNB ID 1 = 2221-650746 PLMN ID-eNB ID 2 = 2221-210091
2025-10-06;20:54:41;AL  ;Minor ;EUtraNetwork=1,ExternalENodeBFunction=2221-650256;Inter Node Feature Incompatibility;Inter eNodeB CA feature is not activated in remote eNodeB. SUPPRESSED
2025-10-06;20:54:59;AL  ;Cleared;EUtraNetwork=1,ExternalENodeBFunction=2221-650256;Inter Node Feature Incompatibility;Inter eNodeB CA feature is not activated in remote eNodeB. SUPPRESSED
2025-10-06;22:51:04;AL  ;Minor ;ENodeBFunction=1;External Link Failure;X2 link problem to one or several neighbouring eNodeBs. AI: PLMN ID-eNB ID 1 = 2221-210691 PLMN ID-eNB ID 2 = 2221-203797
2025-10-06;22:57:38;AL  ;Minor ;ENodeBFunction=1;External Link Failure;X2 link problem to one or several neighbouring eNodeBs. AI: PLMN ID-eNB ID 1 = 2221-210691 PLMN ID-eNB ID 2 = 2221-203797
2025-10-06;22:59:20;AL  ;Cleared;ENodeBFunction=1;External Link Failure;X2 link problem to one or several neighbouring eNodeBs. AI: PLMN ID-eNB ID 1 = 2221-210691
2025-10-07;00:11:59;AL  ;Minor ;EUtraNetwork=1,ExternalENodeBFunction=2221-208078;Inter Node Feature Incompatibility;Inter eNodeB CA feature is not activated in remote eNodeB. SUPPRESSED
2025-10-07;05:52:43;AL  ;Minor ;EUtraNetwork=1,ExternalENodeBFunction=2221-650247;Inter Node Feature Incompatibility;Inter eNodeB CA feature is not activated in remote eNodeB. SUPPRESSED
2025-10-07;05:53:01;AL  ;Cleared;EUtraNetwork=1,ExternalENodeBFunction=2221-650247;Inter Node Feature Incompatibility;Inter eNodeB CA feature is not activated in remote eNodeB. SUPPRESSED
2025-10-07;06:01:03;AL  ;Cleared;EUtraNetwork=1,ExternalENodeBFunction=2221-208078;Inter Node Feature Incompatibility;Inter eNodeB CA feature is not activated in remote eNodeB. SUPPRESSED
2025-10-07;09:22:28;AL  ;Minor ;EUtraNetwork=1,ExternalENodeBFunction=2221-650234;Inter Node Feature Incompatibility;Inter eNodeB CA feature is not activated in remote eNodeB. SUPPRESSED
2025-10-07;09:32:55;AL  ;Cleared;EUtraNetwork=1,ExternalENodeBFunction=2221-650234;Inter Node Feature Incompatibility;Inter eNodeB CA feature is not activated in remote eNodeB. SUPPRESSED


VV17E> lgec -m 30d

251007-11:37:05+0200 19.31.16.138 25.0h MSRBS_NODE_MODEL_25.Q1_693.28324.131_62ac stopfile=/tmp/880677

Startdate=20250907.093705, Enddate=20251008.093705
Date;Time;Log;Severity;Object;Event;Cause;AdditionalText;AckState;Id;NotificationId;CorrelatedAlarms
Executing action Log.export()
..
Log=AlertLog                    actionId=24901
...
=================================================================================================================
MO                  actionId result      resultInfo
=================================================================================================================
LogM=1,Log=AlertLog 24901    1 (SUCCESS)           
cat  /ericsson/log/amos/moshell_logfiles/t20251007_37258710_53697/logs_moshell/tempfiles/scp-2-amos_20251007-113621_880574/rcslogs/AlertLog_20230721__065039_20250226__232211.log /ericsson/log/amos/moshell_logfiles/t20251007_37258710_53697/logs_moshell/tempfiles/scp-2-amos_20251007-113621_880574/rcslogs/AlertLog_20250226__232211.log > /ericsson/log/amos/moshell_logfiles/t20251007_37258710_53697/logs_moshell/tempfiles/scp-2-amos_20251007-113621_880574/eventLog880677.xml
2025-09-18;09:55:44;EV  ;Warning;NRCellDU=VV17G1;Cell Service Unavailable Auto Recovery Initiated Alert;
2025-09-18;09:55:44;EV  ;Warning;NRCellDU=VV17G2;Cell Service Unavailable Auto Recovery Initiated Alert;
2025-09-18;09:55:44;EV  ;Warning;NRCellDU=VV17G3;Cell Service Unavailable Auto Recovery Initiated Alert;
2025-09-18;09:55:44;EV  ;Warning;EUtranCellFDD=VV17E1;Cell Service Unavailable Auto Recovery Initiated Alert;
2025-09-18;09:55:44;EV  ;Warning;NbIotCell=VV17N1;Cell Service Unavailable Auto Recovery Initiated Alert;
2025-09-18;09:55:44;EV  ;Warning;EUtranCellFDD=VV17E2;Cell Service Unavailable Auto Recovery Initiated Alert;
2025-09-18;09:55:44;EV  ;Warning;NbIotCell=VV17N2;Cell Service Unavailable Auto Recovery Initiated Alert;
2025-09-18;09:55:44;EV  ;Warning;EUtranCellFDD=VV17E3;Cell Service Unavailable Auto Recovery Initiated Alert;
2025-09-18;09:55:44;EV  ;Warning;NbIotCell=VV17N3;Cell Service Unavailable Auto Recovery Initiated Alert;
2025-09-18;09:55:45;EV  ;Warning;EUtranCellFDD=VV17T2;Cell Service Unavailable Auto Recovery Initiated Alert;
2025-09-18;09:55:45;EV  ;Warning;EUtranCellFDD=VV17T3;Cell Service Unavailable Auto Recovery Initiated Alert;
2025-09-18;09:55:46;EV  ;Warning;EUtranCellFDD=VV17J1;Cell Service Unavailable Auto Recovery Initiated Alert;
2025-09-18;09:55:46;EV  ;Warning;EUtranCellFDD=VV17J2;Cell Service Unavailable Auto Recovery Initiated Alert;
2025-09-18;09:55:46;EV  ;Warning;EUtranCellFDD=VV17J3;Cell Service Unavailable Auto Recovery Initiated Alert;
2025-09-18;09:55:51;EV  ;Warning;RiLink=S100-1;Radio Interface Connectivity Disturbance Alert;Near end port:FieldReplaceableUnit=BB-1,RiPort=D (transportType=NOT_SET). SUPPRESSED
2025-09-18;09:55:51;EV  ;Warning;RiLink=S102-1;Radio Interface Connectivity Disturbance Alert;Near end port:FieldReplaceableUnit=BB-1,RiPort=E (transportType=NOT_SET). SUPPRESSED
2025-09-18;09:55:51;EV  ;Warning;RiLink=S222-1;Radio Interface Connectivity Disturbance Alert;Near end port:FieldReplaceableUnit=BB-1,RiPort=C (transportType=NOT_SET) (Mixed Mode with other ME). SUPPRESSED
2025-09-18;09:55:51;EV  ;Warning;RiLink=S221-1;Radio Interface Connectivity Disturbance Alert;Near end port:FieldReplaceableUnit=BB-1,RiPort=B (transportType=NOT_SET) (Mixed Mode with other ME). SUPPRESSED
2025-09-18;09:55:51;EV  ;Warning;RiLink=S220-1;Radio Interface Connectivity Disturbance Alert;Near end port:FieldReplaceableUnit=BB-1,RiPort=A (transportType=NOT_SET) (Mixed Mode with other ME). SUPPRESSED
2025-09-18;09:55:57;EV  ;Warning;EUtranCellFDD=VV17T3;Cell Service Available Auto Recovery Successful Alert;
2025-09-18;09:56:01;EV  ;Warning;EUtranCellFDD=VV17T2;Cell Service Available Auto Recovery Successful Alert;
2025-09-18;09:56:03;EV  ;Warning;EUtranCellFDD=VV17E2;Cell Service Available Auto Recovery Successful Alert;
2025-09-18;09:56:03;EV  ;Warning;EUtranCellFDD=VV17E1;Cell Service Available Auto Recovery Successful Alert;
2025-09-18;09:56:04;EV  ;Warning;NbIotCell=VV17N2;Cell Service Available Auto Recovery Successful Alert;
2025-09-18;09:56:04;EV  ;Warning;NbIotCell=VV17N1;Cell Service Available Auto Recovery Successful Alert;
2025-09-18;09:56:05;EV  ;Warning;EUtranCellFDD=VV17E3;Cell Service Available Auto Recovery Successful Alert;
2025-09-18;09:56:06;EV  ;Warning;NbIotCell=VV17N3;Cell Service Available Auto Recovery Successful Alert;
2025-09-18;09:56:07;EV  ;Warning;EUtranCellFDD=VV17J2;Cell Service Available Auto Recovery Successful Alert;
2025-09-18;09:56:07;EV  ;Warning;EUtranCellFDD=VV17J1;Cell Service Available Auto Recovery Successful Alert;
2025-09-18;09:56:09;EV  ;Warning;NRCellDU=VV17G2;Cell Service Available Auto Recovery Successful Alert;
2025-09-18;09:56:09;EV  ;Warning;NRCellDU=VV17G1;Cell Service Available Auto Recovery Successful Alert;
2025-09-18;09:56:09;EV  ;Warning;EUtranCellFDD=VV17J3;Cell Service Available Auto Recovery Successful Alert;
2025-09-18;09:56:09;EV  ;Warning;NRCellDU=VV17G3;Cell Service Available Auto Recovery Successful Alert;

Bye...
Output has been logged to file /mta_fs/UserFiles/37258710/amosbatch/2025-10-07_11-07-01_53697/VV17E.log
