Logging to file /mta_fs/UserFiles/37258710/amosbatch/2025-10-07_11-07-01_53697/ZA01E.log
                        __  __  ____   _____
                  /\   |  \/  |/ __ \ / ____|
                 /  \  | \  / | |  | | (___  
                / /\ \ | |\/| | |  | |\___ \ 
               / ____ \| |  | | |__| |____) |
              /_/    \_\_|  |_|\____/|_____/
              OSS Framework for MoShell-25.0h 
  Copyright (c) Ericsson AB 2001-2025 - All Rights Reserved
              
           
[1;31mWARNING: [0mthe AMOS version currently running is more than 22 weeks old and is unsupported.
Please upgrade as soon as possible to the latest released version, available from your local Ericsson support.

$amosrb_pid = 976174

Checking ip contact...OK

HELP MENU            : h
BASIC MO COMMANDS    : m
OTHER MO COMMANDS    : n
OTHER COMMANDS       : o
PM COMMANDS          : p
QUIT                 : q

ZA01E> lt all

251007-11:47:50+0200 19.31.16.167 25.0h  stopfile=/tmp/975785
Looking up temporary_amos account... OK.
Trying temporary_amos_t20251007_37258710_53697_313's password from amos lookupAccount ... OK

$ssh_pid = 977726

Connected to 19.31.16.167 (SubNetwork=BBMM_rckomc_R,MeContext=ZA01E,ManagedElement=ZA01E)

Checking MOM version...MSRBS_NODE_MODEL_25.Q1_693.28324.131_62ac
Parsing MOM (cached): /ericsson/log/amos/moshell_logfiles/t20251007_37258710_53697/logs_moshell/tempfiles/scp-2-amos_20251007-114743_975722/MSRBS_NODE_MODEL_25.Q1_693.28324.131_62ac.xml.cache.gz ..................................................................................................................................................................................................................................Done.
Using paramfile /opt/ericsson/amos/moshell/commonjars/pm/PARAM_MSRBS_25.Q1.txt
Parsing file /opt/ericsson/amos/moshell/commonjars/pm/PARAM_MSRBS_25.Q1.txt .......................................................................................Done.
Using imomdfile /opt/ericsson/amos/moshell/commonjars/pm/IMOMD_MSRBS_22.Q4.txt
Using imomfile /opt/ericsson/amos/moshell/commonjars/pm/IMOM_MSRBS_25.Q1.txt
Connected to 19.31.16.167 (SubNetwork=BBMM_rckomc_R,MeContext=ZA01E,ManagedElement=ZA01E)

Last MO: 17779. Loaded 17779 MOs. Total: 17780 MOs.

ZA01E> hget EUtranCellFDD ^cellid

251007-11:48:03+0200 19.31.16.167 25.0h MSRBS_NODE_MODEL_25.Q1_693.28324.131_62ac stopfile=/tmp/975785
.
=================================================================================================================
MO                   cellId
=================================================================================================================
EUtranCellFDD=ZA01E1 61    
EUtranCellFDD=ZA01E2 62    
EUtranCellFDD=ZA01M1 31    
EUtranCellFDD=ZA01M2 32    
EUtranCellFDD=ZA01T1 41    
EUtranCellFDD=ZA01T2 42    
=================================================================================================================
Total: 6 MOs

Added 6 MOs to group: hget_group

ZA01E> hget NbIotCell ^cellid

251007-11:48:04+0200 19.31.16.167 25.0h MSRBS_NODE_MODEL_25.Q1_693.28324.131_62ac stopfile=/tmp/975785
.
=================================================================================================================
MO               cellId
=================================================================================================================
NbIotCell=ZA01N1 161   
NbIotCell=ZA01N2 162   
=================================================================================================================
Total: 2 MOs

Added 2 MOs to group: hget_group

ZA01E> hget NRCellDU ^cellLocalId

251007-11:48:04+0200 19.31.16.167 25.0h MSRBS_NODE_MODEL_25.Q1_693.28324.131_62ac stopfile=/tmp/975785
Total: 0 MOs

ZA01E> lgdc -m 30d

251007-11:48:04+0200 19.31.16.167 25.0h MSRBS_NODE_MODEL_25.Q1_693.28324.131_62ac stopfile=/tmp/975785

Startdate=20250907.094804, Enddate=20251008.094805
INFO: Using amos lookupAccount credentials for the export login

Executing action LogM.exportAvailabilityLog()
...LogM=1,exportAvailabilityLog    actionId=16511
...
=================================================================================================================
MO     actionId result      resultInfo
=================================================================================================================
LogM=1 16511    1 (SUCCESS)           
cp /ericsson/log/amos/moshell_logfiles/t20251007_37258710_53697/logs_moshell/tempfiles/scp-2-amos_20251007-114743_975722/rcslogs/RBS_CS_AVAILABILITY_LOG_20251007094808.xml /ericsson/log/amos/moshell_logfiles/t20251007_37258710_53697/logs_moshell/tempfiles/scp-2-amos_20251007-114743_975722/availabilityLog975785.xml
Parsing availabilityLog........Done.
.....
Date;Time;RestartType;SwVersion;SwRelease;RCSDowntime;ApplicationDowntime;TNDowntime;RATsDowntime;ExtraInfo;ExtraInfo2
2025-09-08;02:48:03;PartialOutage(Manual);17% Lrat Cell 62; ();10s;;;;;
2025-09-08;02:48:16;PartialOutage(Manual);17% Lrat Cell 61; ();10s;;;;;
2025-09-08;02:48:29;PartialOutage(Manual);17% Lrat Cell 42; ();4s;;;;;
2025-09-08;02:48:33;PartialOutage(Manual);75% Lrat Cell 161; ();6s;;;;;
2025-09-08;02:48:42;PartialOutage(Manual);17% Lrat Cell 41; ();6s;;;;;
2025-09-08;02:48:57;PartialOutage(Manual);17% Lrat Cell 32; ();9s;;;;;
2025-09-08;02:49:09;PartialOutage(Manual);17% Lrat Cell 31; ();9s;;;;;
2025-09-12;16:53:35;SpontaneousCold(Other:PowerReset);CXP2010174/2_R27J08;CXP2010174/2_R27J08 (25.Q1);137s (2m17s);377s (6m17s);156s (2m36s);L=377s ;Requested: RankCold Other PowerReset Performed: RankCold Other PowerReset;Lrat LRAT Traffic Control active
2025-09-12;16:59:52;PartialOutage(System);100% Lrat Cell 31 32 41 42;CXP2010174/2_R27J08 (25.Q1);1s;;;;;
2025-09-12;16:59:54;PartialOutage(System);100% Lrat Cell 32 42;CXP2010174/2_R27J08 (25.Q1);1s;;;;;
2025-09-12;17:04:20;PartialOutage(System);100% Lrat Cell 61 62 31 32 41 42;CXP2010174/2_R27J08 (25.Q1);15s;;;;;
2025-09-12;17:04:35;PartialOutage(System);100% Lrat Cell 162;CXP2010174/2_R27J08 (25.Q1);1s;;;;;
2025-09-12;17:04:36;PartialOutage(System);100% Lrat Cell 32 42;CXP2010174/2_R27J08 (25.Q1);1s;;;;;
2025-09-12;17:04:37;PartialOutage(System);100% Lrat Cell 42;CXP2010174/2_R27J08 (25.Q1);1s;;;;;
2025-09-21;17:18:25;SpontaneousCold(Other:PowerReset);CXP2010174/2_R27J08;CXP2010174/2_R27J08 (25.Q1);95s (1m35s);333s (5m33s);113s (1m53s);L=333s ;Requested: RankCold Other PowerReset Performed: RankCold Other PowerReset;Lrat LRAT Traffic Control active
2025-09-21;17:23:58;PartialOutage(System);100% Lrat Cell 32 41 42;CXP2010174/2_R27J08 (25.Q1);1s;;;;;
2025-09-21;17:23:59;PartialOutage(System);100% Lrat Cell 42;CXP2010174/2_R27J08 (25.Q1);1s;;;;;
2025-09-21;17:33:47;PartialOutage(System);100% Lrat Cell 61 62 31 32 41 42;CXP2010174/2_R27J08 (25.Q1);15s;;;;;
2025-09-21;17:34:02;PartialOutage(System);100% Lrat Cell 31 32 41 42;CXP2010174/2_R27J08 (25.Q1);1s;;;;;
2025-09-21;17:34:03;PartialOutage(System);100% Lrat Cell 32 42;CXP2010174/2_R27J08 (25.Q1);1s;;;;;
2025-09-21;17:34:04;PartialOutage(System);100% Lrat Cell 42;CXP2010174/2_R27J08 (25.Q1);2s;;;;;
2025-09-21;17:41:34;PartialOutage(System);100% Lrat Cell 61 62 31 32 41 42;CXP2010174/2_R27J08 (25.Q1);14s;;;;;
2025-09-21;17:41:48;PartialOutage(System);100% Lrat Cell 62 31 32 41 42;CXP2010174/2_R27J08 (25.Q1);1s;;;;;
2025-09-24;23:41:18;PartialOutage(System);100% Lrat Cell 161 162;CXP2010174/2_R27J08 (25.Q1);95s (1m35s);;;;;
2025-09-24;23:42:53;PartialOutage(System);100% Lrat Cell 61 62;CXP2010174/2_R27J08 (25.Q1);1s;;;;;
2025-09-24;23:43:03;PartialOutage(System);100% Lrat Cell 161 162;CXP2010174/2_R27J08 (25.Q1);18s;;;;;
2025-09-24;23:43:21;PartialOutage(System);100% Lrat Cell 61 62;CXP2010174/2_R27J08 (25.Q1);1s;;;;;
2025-10-02;03:43:47;PartialOutage(System);100% Lrat Cell 161 162;CXP2010174/2_R27J08 (25.Q1);170s (2m50s);;;;;
2025-10-02;03:46:37;PartialOutage(System);100% Lrat Cell 61 62;CXP2010174/2_R27J08 (25.Q1);1s;;;;;
2025-10-02;03:51:46;PartialOutage(System);100% Lrat Cell 161 162;CXP2010174/2_R27J08 (25.Q1);59s;;;;;
2025-10-02;03:52:45;PartialOutage(System);100% Lrat Cell 62;CXP2010174/2_R27J08 (25.Q1);1s;;;;;
2025-10-02;23:31:08;PartialOutage(System);100% Lrat Cell 61 62 31 32 41 42;CXP2010174/2_R27J08 (25.Q1);8s;;;;;
2025-10-02;23:31:16;PartialOutage(System);100% Lrat Cell 61 31 32 41 42;CXP2010174/2_R27J08 (25.Q1);1s;;;;;
2025-10-02;23:31:17;PartialOutage(System);100% Lrat Cell 31 32 42;CXP2010174/2_R27J08 (25.Q1);1s;;;;;
2025-10-02;23:31:18;PartialOutage(System);100% Lrat Cell 32 42;CXP2010174/2_R27J08 (25.Q1);1s;;;;;
2025-10-02;23:31:19;PartialOutage(System);100% Lrat Cell 42;CXP2010174/2_R27J08 (25.Q1);1s;;;;;
2025-10-03;18:46:42;PartialOutage(System);100% Lrat Cell 61 62 31 32 41 42;CXP2010174/2_R27J08 (25.Q1);15s;;;;;
2025-10-03;18:46:57;PartialOutage(System);100% Lrat Cell 31 32 41 42;CXP2010174/2_R27J08 (25.Q1);1s;;;;;
2025-10-05;08:03:27;PartialOutage(System);100% Lrat Cell 61 62 31 32 41 42;CXP2010174/2_R27J08 (25.Q1);8s;;;;;
2025-10-05;08:03:35;PartialOutage(System);100% Lrat Cell 61 31 32 41 42;CXP2010174/2_R27J08 (25.Q1);1s;;;;;
2025-10-05;08:03:36;PartialOutage(System);100% Lrat Cell 32 41 42;CXP2010174/2_R27J08 (25.Q1);2s;;;;;
2025-10-05;08:03:38;PartialOutage(System);100% Lrat Cell 41 42;CXP2010174/2_R27J08 (25.Q1);1s;;;;;
2025-10-05;09:01:16;PartialOutage(System);100% Lrat Cell 61 62 31 32 41 42;CXP2010174/2_R27J08 (25.Q1);13s;;;;;
2025-10-05;09:01:29;PartialOutage(System);100% Lrat Cell 31 32 41 42;CXP2010174/2_R27J08 (25.Q1);1s;;;;;
2025-10-05;09:01:30;PartialOutage(System);100% Lrat Cell 32 41 42;CXP2010174/2_R27J08 (25.Q1);2s;;;;;
2025-10-05;09:01:32;PartialOutage(System);100% Lrat Cell 41 42;CXP2010174/2_R27J08 (25.Q1);1s;;;;;
2025-10-05;20:02:40;PartialOutage(System);100% Lrat Cell 161 162;CXP2010174/2_R27J08 (25.Q1);62s (1m2s);;;;;
2025-10-05;20:03:42;PartialOutage(System);100% Lrat Cell 161;CXP2010174/2_R27J08 (25.Q1);1s;;;;;
2025-10-05;20:58:35;PartialOutage(System);100% Lrat Cell 161 162;CXP2010174/2_R27J08 (25.Q1);23s;;;;;
2025-10-05;20:58:58;PartialOutage(System);100% Lrat Cell 61 62 31 42;CXP2010174/2_R27J08 (25.Q1);1s;;;;;
2025-10-05;21:00:29;PartialOutage(System);100% Lrat Cell 161 162;CXP2010174/2_R27J08 (25.Q1);23s;;;;;
2025-10-05;21:00:52;PartialOutage(System);100% Lrat Cell 61 62 41 42;CXP2010174/2_R27J08 (25.Q1);1s;;;;;
2025-10-05;21:01:18;PartialOutage(System);100% Lrat Cell 161 162;CXP2010174/2_R27J08 (25.Q1);14s;;;;;
2025-10-05;21:01:32;PartialOutage(System);100% Lrat Cell 61 62;CXP2010174/2_R27J08 (25.Q1);1s;;;;;

Node uptime since last restart: 1355056 seconds (15 days, 16 hours, 24 minutes, 16 seconds)
------------------------------------------------------------------------------------------------------
Period=30 days       NodeUpgrade      NodeManual       NodeSpontaneous  AllNodeRestarts  PartialOutages  
------------------------------------------------------------------------------------------------------
Number Of outages    0                0                2                2                52              
Total downtime       0s               0s               710s (11m50s)    710s (11m50s)    639s (10m39s)   
Downtime per day     0s               0s               24s              24s              21s             
Downtime per outage  0s               0s               355s (5m55s)     355s (5m55s)     12s             

ZA01E> lgac -m 30d

251007-11:48:14+0200 19.31.16.167 25.0h MSRBS_NODE_MODEL_25.Q1_693.28324.131_62ac stopfile=/tmp/975785

Startdate=20250907.094814, Enddate=20251008.094815
Date;Time;Log;Severity;Object;Event;Cause;AdditionalText;AckState;Id;NotificationId;CorrelatedAlarms
Executing action Log.export()
..
Log=AlarmLog                    actionId=16512
.............
=================================================================================================================
MO                  actionId result      resultInfo
=================================================================================================================
LogM=1,Log=AlarmLog 16512    1 (SUCCESS)           
cat  /ericsson/log/amos/moshell_logfiles/t20251007_37258710_53697/logs_moshell/tempfiles/scp-2-amos_20251007-114743_975722/rcslogs/saLogAlarm_20230420__095930_20240810__043705.log /ericsson/log/amos/moshell_logfiles/t20251007_37258710_53697/logs_moshell/tempfiles/scp-2-amos_20251007-114743_975722/rcslogs/saLogAlarm_20240810__043705_20250226__233539.log /ericsson/log/amos/moshell_logfiles/t20251007_37258710_53697/logs_moshell/tempfiles/scp-2-amos_20251007-114743_975722/rcslogs/saLogAlarm_20250226__233539.log > /ericsson/log/amos/moshell_logfiles/t20251007_37258710_53697/logs_moshell/tempfiles/scp-2-amos_20251007-114743_975722/alarmLog975785.xml
2025-09-08;05:25:17;AL  ;Minor ;ENodeBFunction=1;External Link Failure;X2 link problem to one or several neighbouring eNodeBs. AI: PLMN ID-eNB ID 1 = 2221-650406
2025-09-08;06:02:38;AL  ;Cleared;ENodeBFunction=1;External Link Failure;X2 link problem to one or several neighbouring eNodeBs. AI: PLMN ID-eNB ID 1 = 2221-650406
2025-09-08;07:53:46;AL  ;Minor ;ENodeBFunction=1;External Link Failure;X2 link problem to one or several neighbouring eNodeBs. AI: PLMN ID-eNB ID 1 = 2221-650336
2025-09-08;07:54:38;AL  ;Minor ;ENodeBFunction=1;External Link to GNodeB Failure;X2 link problem to one or several neighbouring gNodeBs. AI: PLMN ID-gNB ID 1 = 2221-1053854
2025-09-08;08:01:50;AL  ;Minor ;ENodeBFunction=1;External Link Failure;X2 link problem to one or several neighbouring eNodeBs. AI: PLMN ID-eNB ID 1 = 2221-650336 PLMN ID-eNB ID 2 = 2221-650529
2025-09-08;11:03:54;AL  ;Minor ;ENodeBFunction=1;External Link Failure;X2 link problem to one or several neighbouring eNodeBs. AI: PLMN ID-eNB ID 1 = 2221-650529 PLMN ID-eNB ID 2 = 2221-209403
2025-09-08;11:04:01;AL  ;Cleared;ENodeBFunction=1;External Link to GNodeB Failure;X2 link problem to one or several neighbouring gNodeBs. AI: PLMN ID-gNB ID 1 = 2221-1053854
2025-09-08;11:04:52;AL  ;Cleared;ENodeBFunction=1;External Link Failure;X2 link problem to one or several neighbouring eNodeBs. AI: PLMN ID-eNB ID 1 = 2221-650529 PLMN ID-eNB ID 2 = 2221-209403
2025-09-10;15:39:39;AL  ;Minor ;ENodeBFunction=1;External Link Failure;X2 link problem to one or several neighbouring eNodeBs. AI: PLMN ID-eNB ID 1 = 2221-650688
2025-09-10;15:40:02;AL  ;Minor ;ENodeBFunction=1;External Link to GNodeB Failure;X2 link problem to one or several neighbouring gNodeBs. AI: PLMN ID-gNB ID 1 = 2221-1053908
2025-09-11;14:20:51;AL  ;Cleared;ENodeBFunction=1;External Link Failure;X2 link problem to one or several neighbouring eNodeBs. AI: PLMN ID-eNB ID 1 = 2221-650688
2025-09-11;14:21:16;AL  ;Cleared;ENodeBFunction=1;External Link to GNodeB Failure;X2 link problem to one or several neighbouring gNodeBs. AI: PLMN ID-gNB ID 1 = 2221-1053908
2025-09-11;15:20:46;AL  ;Minor ;ENodeBFunction=1;External Link Failure;X2 link problem to one or several neighbouring eNodeBs. AI: PLMN ID-eNB ID 1 = 2221-650406
2025-09-11;15:48:25;AL  ;Cleared;ENodeBFunction=1;External Link Failure;X2 link problem to one or several neighbouring eNodeBs. AI: PLMN ID-eNB ID 1 = 2221-650406
2025-09-12;16:56:11;AL  ;Critical;FieldReplaceableUnit=BB-1,AlarmPort=4;External Alarm;ALLARME GRANDE CONDIZIONATORE
2025-09-12;16:56:11;AL  ;Major ;FieldReplaceableUnit=BB-1,AlarmPort=5;External Alarm;ALLARME PICCOLO CONDIZIONATORE
2025-09-12;16:56:11;AL  ;Minor ;EthernetPort=TN_IDL_A_1;Ethernet Link Failure;Connected to physical port TnPort=TN_IDL_A_1
2025-09-12;16:56:18;AL  ;Cleared;EthernetPort=TN_IDL_A_1;Ethernet Link Failure;Connected to physical port TnPort=TN_IDL_A_1
2025-09-12;16:59:52;AL  ;Minor ;ENodeBFunction=1;Sync Time and Phase Accuracy Too Low;Time and phase sync accuracy crossed the threshold for features interworking with NR.
2025-09-12;16:59:52;AL  ;Minor ;EUtranCellFDD=ZA01E2;Service Degraded;This is a secondary alarm, use alarm correlation information in Additional Information to find primary alarm.
2025-09-12;16:59:52;AL  ;Minor ;EUtranCellFDD=ZA01E1;Service Degraded;This is a secondary alarm, use alarm correlation information in Additional Information to find primary alarm.
2025-09-12;16:59:53;AL  ;Minor ;EUtranCellFDD=ZA01M1;Service Degraded;This is a secondary alarm, use alarm correlation information in Additional Information to find primary alarm.
2025-09-12;16:59:54;AL  ;Minor ;EUtranCellFDD=ZA01T1;Service Degraded;This is a secondary alarm, use alarm correlation information in Additional Information to find primary alarm.
2025-09-12;16:59:55;AL  ;Minor ;EUtranCellFDD=ZA01T2;Service Degraded;This is a secondary alarm, use alarm correlation information in Additional Information to find primary alarm.
2025-09-12;16:59:55;AL  ;Minor ;EUtranCellFDD=ZA01M2;Service Degraded;This is a secondary alarm, use alarm correlation information in Additional Information to find primary alarm.
2025-09-12;17:04:20;AL  ;Cleared;EUtranCellFDD=ZA01E1;Service Degraded;This is a secondary alarm, use alarm correlation information in Additional Information to find primary alarm.
2025-09-12;17:04:20;AL  ;Cleared;EUtranCellFDD=ZA01E2;Service Degraded;This is a secondary alarm, use alarm correlation information in Additional Information to find primary alarm.
2025-09-12;17:04:20;AL  ;Cleared;EUtranCellFDD=ZA01M1;Service Degraded;This is a secondary alarm, use alarm correlation information in Additional Information to find primary alarm.
2025-09-12;17:04:20;AL  ;Cleared;EUtranCellFDD=ZA01M2;Service Degraded;This is a secondary alarm, use alarm correlation information in Additional Information to find primary alarm.
2025-09-12;17:04:20;AL  ;Cleared;EUtranCellFDD=ZA01T1;Service Degraded;This is a secondary alarm, use alarm correlation information in Additional Information to find primary alarm.
2025-09-12;17:04:20;AL  ;Cleared;EUtranCellFDD=ZA01T2;Service Degraded;This is a secondary alarm, use alarm correlation information in Additional Information to find primary alarm.
2025-09-12;17:04:20;AL  ;Cleared;ENodeBFunction=1;Sync Time and Phase Accuracy Too Low;Time and phase sync accuracy crossed the threshold for features interworking with NR.
2025-09-16;09:53:45;AL  ;Warning;ENodeBFunction=1;PLMN Service Redundancy Lost;S1 connection failure for PLMN connected with link represented by MO listed in Additional Information. AI: PLMN = ["2221"],DN1=ManagedElement=1,ENodeBFunction=1,TermPointToMme=5,
2025-09-16;09:56:16;AL  ;Cleared;ENodeBFunction=1;PLMN Service Redundancy Lost;S1 connection failure for PLMN connected with link represented by MO listed in Additional Information. AI: PLMN = ["2221"],DN1=ManagedElement=1,ENodeBFunction=1,TermPointToMme=5,
2025-09-16;10:04:48;AL  ;Warning;ENodeBFunction=1;PLMN Service Redundancy Lost;S1 connection failure for PLMN connected with link represented by MO listed in Additional Information. AI: PLMN = ["2221"],DN1=ManagedElement=1,ENodeBFunction=1,TermPointToMme=5,
2025-09-16;10:05:48;AL  ;Cleared;ENodeBFunction=1;PLMN Service Redundancy Lost;S1 connection failure for PLMN connected with link represented by MO listed in Additional Information. AI: PLMN = ["2221"],DN1=ManagedElement=1,ENodeBFunction=1,TermPointToMme=5,
2025-09-19;15:35:54;AL  ;Minor ;ENodeBFunction=1;Sync Time and Phase Accuracy Too Low;Time and phase sync accuracy crossed the threshold for features interworking with NR.
2025-09-19;15:35:54;AL  ;Minor ;EUtranCellFDD=ZA01E1;Service Degraded;This is a secondary alarm, use alarm correlation information in Additional Information to find primary alarm.
2025-09-19;15:35:54;AL  ;Minor ;EUtranCellFDD=ZA01E2;Service Degraded;This is a secondary alarm, use alarm correlation information in Additional Information to find primary alarm.
2025-09-19;15:35:54;AL  ;Minor ;EUtranCellFDD=ZA01M1;Service Degraded;This is a secondary alarm, use alarm correlation information in Additional Information to find primary alarm.
2025-09-19;15:35:54;AL  ;Minor ;EUtranCellFDD=ZA01M2;Service Degraded;This is a secondary alarm, use alarm correlation information in Additional Information to find primary alarm.
2025-09-19;15:35:54;AL  ;Minor ;EUtranCellFDD=ZA01T1;Service Degraded;This is a secondary alarm, use alarm correlation information in Additional Information to find primary alarm.
2025-09-19;15:35:54;AL  ;Minor ;EUtranCellFDD=ZA01T2;Service Degraded;This is a secondary alarm, use alarm correlation information in Additional Information to find primary alarm.
2025-09-19;15:37:08;AL  ;Cleared;ENodeBFunction=1;Sync Time and Phase Accuracy Too Low;Time and phase sync accuracy crossed the threshold for features interworking with NR.
2025-09-19;15:37:08;AL  ;Cleared;EUtranCellFDD=ZA01E1;Service Degraded;This is a secondary alarm, use alarm correlation information in Additional Information to find primary alarm.
2025-09-19;15:37:08;AL  ;Cleared;EUtranCellFDD=ZA01E2;Service Degraded;This is a secondary alarm, use alarm correlation information in Additional Information to find primary alarm.
2025-09-19;15:37:08;AL  ;Cleared;EUtranCellFDD=ZA01M1;Service Degraded;This is a secondary alarm, use alarm correlation information in Additional Information to find primary alarm.
2025-09-19;15:37:08;AL  ;Cleared;EUtranCellFDD=ZA01M2;Service Degraded;This is a secondary alarm, use alarm correlation information in Additional Information to find primary alarm.
2025-09-19;15:37:08;AL  ;Cleared;EUtranCellFDD=ZA01T1;Service Degraded;This is a secondary alarm, use alarm correlation information in Additional Information to find primary alarm.
2025-09-19;15:37:08;AL  ;Cleared;EUtranCellFDD=ZA01T2;Service Degraded;This is a secondary alarm, use alarm correlation information in Additional Information to find primary alarm.
2025-09-21;17:20:17;AL  ;Critical;FieldReplaceableUnit=BB-1,AlarmPort=4;External Alarm;ALLARME GRANDE CONDIZIONATORE
2025-09-21;17:20:17;AL  ;Major ;FieldReplaceableUnit=BB-1,AlarmPort=5;External Alarm;ALLARME PICCOLO CONDIZIONATORE
2025-09-21;17:20:18;AL  ;Minor ;EthernetPort=TN_IDL_A_1;Ethernet Link Failure;Connected to physical port TnPort=TN_IDL_A_1
2025-09-21;17:20:25;AL  ;Cleared;EthernetPort=TN_IDL_A_1;Ethernet Link Failure;Connected to physical port TnPort=TN_IDL_A_1
2025-09-21;17:23:58;AL  ;Minor ;ENodeBFunction=1;Sync Time and Phase Accuracy Too Low;Time and phase sync accuracy crossed the threshold for features interworking with NR.
2025-09-21;17:23:58;AL  ;Minor ;EUtranCellFDD=ZA01E2;Service Degraded;This is a secondary alarm, use alarm correlation information in Additional Information to find primary alarm.
2025-09-21;17:23:58;AL  ;Minor ;EUtranCellFDD=ZA01M1;Service Degraded;This is a secondary alarm, use alarm correlation information in Additional Information to find primary alarm.
2025-09-21;17:23:58;AL  ;Minor ;EUtranCellFDD=ZA01E1;Service Degraded;This is a secondary alarm, use alarm correlation information in Additional Information to find primary alarm.
2025-09-21;17:23:59;AL  ;Minor ;EUtranCellFDD=ZA01M2;Service Degraded;This is a secondary alarm, use alarm correlation information in Additional Information to find primary alarm.
2025-09-21;17:23:59;AL  ;Minor ;EUtranCellFDD=ZA01T1;Service Degraded;This is a secondary alarm, use alarm correlation information in Additional Information to find primary alarm.
2025-09-21;17:24:00;AL  ;Minor ;EUtranCellFDD=ZA01T2;Service Degraded;This is a secondary alarm, use alarm correlation information in Additional Information to find primary alarm.
2025-09-21;17:33:47;AL  ;Cleared;EUtranCellFDD=ZA01E1;Service Degraded;This is a secondary alarm, use alarm correlation information in Additional Information to find primary alarm.
2025-09-21;17:33:47;AL  ;Cleared;EUtranCellFDD=ZA01E2;Service Degraded;This is a secondary alarm, use alarm correlation information in Additional Information to find primary alarm.
2025-09-21;17:33:47;AL  ;Cleared;EUtranCellFDD=ZA01M2;Service Degraded;This is a secondary alarm, use alarm correlation information in Additional Information to find primary alarm.
2025-09-21;17:33:47;AL  ;Cleared;EUtranCellFDD=ZA01T1;Service Degraded;This is a secondary alarm, use alarm correlation information in Additional Information to find primary alarm.
2025-09-21;17:33:47;AL  ;Cleared;EUtranCellFDD=ZA01T2;Service Degraded;This is a secondary alarm, use alarm correlation information in Additional Information to find primary alarm.
2025-09-21;17:33:47;AL  ;Cleared;EUtranCellFDD=ZA01M1;Service Degraded;This is a secondary alarm, use alarm correlation information in Additional Information to find primary alarm.
2025-09-21;17:33:47;AL  ;Cleared;ENodeBFunction=1;Sync Time and Phase Accuracy Too Low;Time and phase sync accuracy crossed the threshold for features interworking with NR.
2025-09-21;17:39:38;AL  ;Minor ;ENodeBFunction=1;Sync Time and Phase Accuracy Too Low;Time and phase sync accuracy crossed the threshold for features interworking with NR.
2025-09-21;17:39:38;AL  ;Minor ;EUtranCellFDD=ZA01E1;Service Degraded;This is a secondary alarm, use alarm correlation information in Additional Information to find primary alarm.
2025-09-21;17:39:38;AL  ;Minor ;EUtranCellFDD=ZA01E2;Service Degraded;This is a secondary alarm, use alarm correlation information in Additional Information to find primary alarm.
2025-09-21;17:39:38;AL  ;Minor ;EUtranCellFDD=ZA01M1;Service Degraded;This is a secondary alarm, use alarm correlation information in Additional Information to find primary alarm.
2025-09-21;17:39:38;AL  ;Minor ;EUtranCellFDD=ZA01M2;Service Degraded;This is a secondary alarm, use alarm correlation information in Additional Information to find primary alarm.
2025-09-21;17:39:38;AL  ;Minor ;EUtranCellFDD=ZA01T1;Service Degraded;This is a secondary alarm, use alarm correlation information in Additional Information to find primary alarm.
2025-09-21;17:39:38;AL  ;Minor ;EUtranCellFDD=ZA01T2;Service Degraded;This is a secondary alarm, use alarm correlation information in Additional Information to find primary alarm.
2025-09-21;17:41:34;AL  ;Cleared;EUtranCellFDD=ZA01E1;Service Degraded;This is a secondary alarm, use alarm correlation information in Additional Information to find primary alarm.
2025-09-21;17:41:34;AL  ;Cleared;EUtranCellFDD=ZA01E2;Service Degraded;This is a secondary alarm, use alarm correlation information in Additional Information to find primary alarm.
2025-09-21;17:41:34;AL  ;Cleared;EUtranCellFDD=ZA01M1;Service Degraded;This is a secondary alarm, use alarm correlation information in Additional Information to find primary alarm.
2025-09-21;17:41:34;AL  ;Cleared;EUtranCellFDD=ZA01M2;Service Degraded;This is a secondary alarm, use alarm correlation information in Additional Information to find primary alarm.
2025-09-21;17:41:34;AL  ;Cleared;EUtranCellFDD=ZA01T1;Service Degraded;This is a secondary alarm, use alarm correlation information in Additional Information to find primary alarm.
2025-09-21;17:41:34;AL  ;Cleared;EUtranCellFDD=ZA01T2;Service Degraded;This is a secondary alarm, use alarm correlation information in Additional Information to find primary alarm.
2025-09-21;17:41:34;AL  ;Cleared;ENodeBFunction=1;Sync Time and Phase Accuracy Too Low;Time and phase sync accuracy crossed the threshold for features interworking with NR.
2025-09-24;23:40:58;AL  ;Warning;ENodeBFunction=1;PLMN Service Redundancy Lost;S1 connection failure for PLMN connected with link represented by MO listed in Additional Information. AI: PLMN = ["2221"],DN1=ManagedElement=1,ENodeBFunction=1,TermPointToMme=3,
2025-09-24;23:41:18;AL  ;Cleared;ENodeBFunction=1;PLMN Service Redundancy Lost;S1 connection failure for PLMN connected with link represented by MO listed in Additional Information. AI: PLMN = ["2221"],DN1=ManagedElement=1,ENodeBFunction=1,TermPointToMme=5,DN2=ManagedElement=1,ENodeBFunction=1,TermPointToMme=4,DN3=ManagedElement=1,ENodeBFunction=1,TermPointToMme=3,DN4=ManagedElement=1,ENodeBFunction=1,TermPointToMme=2,
2025-09-24;23:41:18;AL  ;Minor ;ENodeBFunction=1;PLMN Service Unavailable;S1 Connection Failure for PLMNs listed in Additional Information. AI: PLMN = ["2221"],
2025-09-24;23:41:18;AL  ;Major ;EUtranCellFDD=ZA01T2;Service Unavailable;This is a secondary alarm, use alarm correlation information in Additional Information to find primary alarm.
2025-09-24;23:41:18;AL  ;Major ;EUtranCellFDD=ZA01T1;Service Unavailable;This is a secondary alarm, use alarm correlation information in Additional Information to find primary alarm.
2025-09-24;23:41:18;AL  ;Major ;EUtranCellFDD=ZA01M2;Service Unavailable;This is a secondary alarm, use alarm correlation information in Additional Information to find primary alarm.
2025-09-24;23:41:18;AL  ;Major ;EUtranCellFDD=ZA01E2;Service Unavailable;This is a secondary alarm, use alarm correlation information in Additional Information to find primary alarm.
2025-09-24;23:41:18;AL  ;Major ;EUtranCellFDD=ZA01M1;Service Unavailable;This is a secondary alarm, use alarm correlation information in Additional Information to find primary alarm.
2025-09-24;23:41:18;AL  ;Major ;EUtranCellFDD=ZA01E1;Service Unavailable;This is a secondary alarm, use alarm correlation information in Additional Information to find primary alarm.
2025-09-24;23:41:18;AL  ;Major ;NbIotCell=ZA01N2;Service Unavailable;This is a secondary alarm, use alarm correlation information in Additional Information to find primary alarm.
2025-09-24;23:41:18;AL  ;Major ;NbIotCell=ZA01N1;Service Unavailable;This is a secondary alarm, use alarm correlation information in Additional Information to find primary alarm.
2025-09-24;23:41:49;AL  ;Major ;Synchronization=1,RadioEquipmentClock=1,RadioEquipmentClockReference=PTP8275_2;Sync PTP Time Reachability Fault;No PTP messages, No granted service from PTP grandmaster
2025-09-24;23:42:50;AL  ;Warning;ENodeBFunction=1;PLMN Service Redundancy Lost;S1 connection failure for PLMN connected with link represented by MO listed in Additional Information. AI: PLMN = ["2221"],DN1=ManagedElement=1,ENodeBFunction=1,TermPointToMme=1,DN2=ManagedElement=1,ENodeBFunction=1,TermPointToMme=5,DN3=ManagedElement=1,ENodeBFunction=1,TermPointToMme=3,DN4=ManagedElement=1,ENodeBFunction=1,TermPointToMme=2,
2025-09-24;23:42:50;AL  ;Cleared;ENodeBFunction=1;PLMN Service Unavailable;S1 Connection Failure for PLMNs listed in Additional Information. AI: PLMN = ["2221"],
2025-09-24;23:42:50;AL  ;Cleared;EUtranCellFDD=ZA01T2;Service Unavailable;This is a secondary alarm, use alarm correlation information in Additional Information to find primary alarm.
2025-09-24;23:42:50;AL  ;Cleared;EUtranCellFDD=ZA01T1;Service Unavailable;This is a secondary alarm, use alarm correlation information in Additional Information to find primary alarm.
2025-09-24;23:42:50;AL  ;Cleared;EUtranCellFDD=ZA01M2;Service Unavailable;This is a secondary alarm, use alarm correlation information in Additional Information to find primary alarm.
2025-09-24;23:42:50;AL  ;Cleared;EUtranCellFDD=ZA01M1;Service Unavailable;This is a secondary alarm, use alarm correlation information in Additional Information to find primary alarm.
2025-09-24;23:42:50;AL  ;Cleared;EUtranCellFDD=ZA01E2;Service Unavailable;This is a secondary alarm, use alarm correlation information in Additional Information to find primary alarm.
2025-09-24;23:42:50;AL  ;Cleared;EUtranCellFDD=ZA01E1;Service Unavailable;This is a secondary alarm, use alarm correlation information in Additional Information to find primary alarm.
2025-09-24;23:42:50;AL  ;Cleared;NbIotCell=ZA01N2;Service Unavailable;This is a secondary alarm, use alarm correlation information in Additional Information to find primary alarm.
2025-09-24;23:42:50;AL  ;Cleared;NbIotCell=ZA01N1;Service Unavailable;This is a secondary alarm, use alarm correlation information in Additional Information to find primary alarm.
2025-09-24;23:43:03;AL  ;Cleared;ENodeBFunction=1;PLMN Service Redundancy Lost;S1 connection failure for PLMN connected with link represented by MO listed in Additional Information. AI: PLMN = ["2221"],DN1=ManagedElement=1,ENodeBFunction=1,TermPointToMme=1,DN2=ManagedElement=1,ENodeBFunction=1,TermPointToMme=5,DN3=ManagedElement=1,ENodeBFunction=1,TermPointToMme=3,DN4=ManagedElement=1,ENodeBFunction=1,TermPointToMme=2,
2025-09-24;23:43:03;AL  ;Minor ;ENodeBFunction=1;PLMN Service Unavailable;S1 Connection Failure for PLMNs listed in Additional Information. AI: PLMN = ["2221"],
2025-09-24;23:43:03;AL  ;Major ;EUtranCellFDD=ZA01T2;Service Unavailable;This is a secondary alarm, use alarm correlation information in Additional Information to find primary alarm.
2025-09-24;23:43:03;AL  ;Major ;EUtranCellFDD=ZA01T1;Service Unavailable;This is a secondary alarm, use alarm correlation information in Additional Information to find primary alarm.
2025-09-24;23:43:03;AL  ;Major ;EUtranCellFDD=ZA01M2;Service Unavailable;This is a secondary alarm, use alarm correlation information in Additional Information to find primary alarm.
2025-09-24;23:43:03;AL  ;Major ;EUtranCellFDD=ZA01M1;Service Unavailable;This is a secondary alarm, use alarm correlation information in Additional Information to find primary alarm.
2025-09-24;23:43:03;AL  ;Major ;EUtranCellFDD=ZA01E2;Service Unavailable;This is a secondary alarm, use alarm correlation information in Additional Information to find primary alarm.
2025-09-24;23:43:03;AL  ;Major ;EUtranCellFDD=ZA01E1;Service Unavailable;This is a secondary alarm, use alarm correlation information in Additional Information to find primary alarm.
2025-09-24;23:43:03;AL  ;Major ;NbIotCell=ZA01N2;Service Unavailable;This is a secondary alarm, use alarm correlation information in Additional Information to find primary alarm.
2025-09-24;23:43:03;AL  ;Major ;NbIotCell=ZA01N1;Service Unavailable;This is a secondary alarm, use alarm correlation information in Additional Information to find primary alarm.
2025-09-24;23:43:18;AL  ;Warning;ENodeBFunction=1;PLMN Service Redundancy Lost;S1 connection failure for PLMN connected with link represented by MO listed in Additional Information. AI: PLMN = ["2221"],DN1=ManagedElement=1,ENodeBFunction=1,TermPointToMme=1,DN2=ManagedElement=1,ENodeBFunction=1,TermPointToMme=5,DN3=ManagedElement=1,ENodeBFunction=1,TermPointToMme=4,DN4=ManagedElement=1,ENodeBFunction=1,TermPointToMme=2,
2025-09-24;23:43:18;AL  ;Cleared;ENodeBFunction=1;PLMN Service Unavailable;S1 Connection Failure for PLMNs listed in Additional Information. AI: PLMN = ["2221"],
2025-09-24;23:43:18;AL  ;Cleared;EUtranCellFDD=ZA01T2;Service Unavailable;This is a secondary alarm, use alarm correlation information in Additional Information to find primary alarm.
2025-09-24;23:43:18;AL  ;Cleared;EUtranCellFDD=ZA01T1;Service Unavailable;This is a secondary alarm, use alarm correlation information in Additional Information to find primary alarm.
2025-09-24;23:43:18;AL  ;Cleared;EUtranCellFDD=ZA01M2;Service Unavailable;This is a secondary alarm, use alarm correlation information in Additional Information to find primary alarm.
2025-09-24;23:43:18;AL  ;Cleared;EUtranCellFDD=ZA01M1;Service Unavailable;This is a secondary alarm, use alarm correlation information in Additional Information to find primary alarm.
2025-09-24;23:43:18;AL  ;Cleared;EUtranCellFDD=ZA01E2;Service Unavailable;This is a secondary alarm, use alarm correlation information in Additional Information to find primary alarm.
2025-09-24;23:43:18;AL  ;Cleared;EUtranCellFDD=ZA01E1;Service Unavailable;This is a secondary alarm, use alarm correlation information in Additional Information to find primary alarm.
2025-09-24;23:43:18;AL  ;Cleared;NbIotCell=ZA01N2;Service Unavailable;This is a secondary alarm, use alarm correlation information in Additional Information to find primary alarm.
2025-09-24;23:43:18;AL  ;Cleared;NbIotCell=ZA01N1;Service Unavailable;This is a secondary alarm, use alarm correlation information in Additional Information to find primary alarm.
2025-09-24;23:43:38;AL  ;Cleared;ENodeBFunction=1;PLMN Service Redundancy Lost;S1 connection failure for PLMN connected with link represented by MO listed in Additional Information. AI: PLMN = ["2221"],DN1=ManagedElement=1,ENodeBFunction=1,TermPointToMme=1,
2025-09-24;23:45:15;AL  ;Cleared;Synchronization=1,RadioEquipmentClock=1,RadioEquipmentClockReference=PTP8275_2;Sync PTP Time Reachability Fault;No granted service from PTP grandmaster
2025-09-27;14:19:47;AL  ;Minor ;ENodeBFunction=1;External Link Failure;X2 link problem to one or several neighbouring eNodeBs. AI: PLMN ID-eNB ID 1 = 2221-650819
2025-09-28;12:02:45;AL  ;Cleared;ENodeBFunction=1;External Link Failure;X2 link problem to one or several neighbouring eNodeBs. AI: PLMN ID-eNB ID 1 = 2221-650819
2025-09-29;11:23:18;AL  ;Minor ;ENodeBFunction=1;External Link Failure;X2 link problem to one or several neighbouring eNodeBs. AI: PLMN ID-eNB ID 1 = 2221-650814
2025-09-29;11:25:23;AL  ;Minor ;ENodeBFunction=1;External Link Failure;X2 link problem to one or several neighbouring eNodeBs. AI: PLMN ID-eNB ID 1 = 2221-650814 PLMN ID-eNB ID 2 = 2221-650529 PLMN ID-eNB ID 3 = 2221-209403
2025-09-29;19:06:07;AL  ;Minor ;ENodeBFunction=1;External Link Failure;X2 link problem to one or several neighbouring eNodeBs. AI: PLMN ID-eNB ID 1 = 2221-650529 PLMN ID-eNB ID 2 = 2221-209403
2025-09-29;19:09:33;AL  ;Minor ;ENodeBFunction=1;External Link Failure;X2 link problem to one or several neighbouring eNodeBs. AI: PLMN ID-eNB ID 1 = 2221-650529
2025-09-29;19:10:03;AL  ;Cleared;ENodeBFunction=1;External Link Failure;X2 link problem to one or several neighbouring eNodeBs. AI: PLMN ID-eNB ID 1 = 2221-650529
2025-09-29;19:16:12;AL  ;Minor ;ENodeBFunction=1;External Link Failure;X2 link problem to one or several neighbouring eNodeBs. AI: PLMN ID-eNB ID 1 = 2221-650814
2025-09-29;19:23:01;AL  ;Cleared;ENodeBFunction=1;External Link Failure;X2 link problem to one or several neighbouring eNodeBs. AI: PLMN ID-eNB ID 1 = 2221-650814
2025-10-02;03:43:37;AL  ;Warning;ENodeBFunction=1;PLMN Service Redundancy Lost;S1 connection failure for PLMN connected with link represented by MO listed in Additional Information. AI: PLMN = ["2221"],DN1=ManagedElement=1,ENodeBFunction=1,TermPointToMme=3,DN2=ManagedElement=1,ENodeBFunction=1,TermPointToMme=2,
2025-10-02;03:43:47;AL  ;Cleared;ENodeBFunction=1;PLMN Service Redundancy Lost;S1 connection failure for PLMN connected with link represented by MO listed in Additional Information. AI: PLMN = ["2221"],DN1=ManagedElement=1,ENodeBFunction=1,TermPointToMme=1,DN2=ManagedElement=1,ENodeBFunction=1,TermPointToMme=4,DN3=ManagedElement=1,ENodeBFunction=1,TermPointToMme=3,DN4=ManagedElement=1,ENodeBFunction=1,TermPointToMme=2,
2025-10-02;03:43:47;AL  ;Minor ;ENodeBFunction=1;PLMN Service Unavailable;S1 Connection Failure for PLMNs listed in Additional Information. AI: PLMN = ["2221"],
2025-10-02;03:43:47;AL  ;Major ;EUtranCellFDD=ZA01T2;Service Unavailable;This is a secondary alarm, use alarm correlation information in Additional Information to find primary alarm.
2025-10-02;03:43:47;AL  ;Major ;EUtranCellFDD=ZA01T1;Service Unavailable;This is a secondary alarm, use alarm correlation information in Additional Information to find primary alarm.
2025-10-02;03:43:47;AL  ;Major ;EUtranCellFDD=ZA01M2;Service Unavailable;This is a secondary alarm, use alarm correlation information in Additional Information to find primary alarm.
2025-10-02;03:43:47;AL  ;Major ;EUtranCellFDD=ZA01M1;Service Unavailable;This is a secondary alarm, use alarm correlation information in Additional Information to find primary alarm.
2025-10-02;03:43:47;AL  ;Major ;EUtranCellFDD=ZA01E2;Service Unavailable;This is a secondary alarm, use alarm correlation information in Additional Information to find primary alarm.
2025-10-02;03:43:47;AL  ;Major ;EUtranCellFDD=ZA01E1;Service Unavailable;This is a secondary alarm, use alarm correlation information in Additional Information to find primary alarm.
2025-10-02;03:43:47;AL  ;Major ;NbIotCell=ZA01N2;Service Unavailable;This is a secondary alarm, use alarm correlation information in Additional Information to find primary alarm.
2025-10-02;03:43:47;AL  ;Major ;NbIotCell=ZA01N1;Service Unavailable;This is a secondary alarm, use alarm correlation information in Additional Information to find primary alarm.
2025-10-02;03:44:32;AL  ;Major ;Synchronization=1,RadioEquipmentClock=1,RadioEquipmentClockReference=PTP8275_2;Sync PTP Time Reachability Fault;No PTP messages
2025-10-02;03:46:34;AL  ;Warning;ENodeBFunction=1;PLMN Service Redundancy Lost;S1 connection failure for PLMN connected with link represented by MO listed in Additional Information. AI: PLMN = ["2221"],DN1=ManagedElement=1,ENodeBFunction=1,TermPointToMme=1,DN2=ManagedElement=1,ENodeBFunction=1,TermPointToMme=5,DN3=ManagedElement=1,ENodeBFunction=1,TermPointToMme=4,DN4=ManagedElement=1,ENodeBFunction=1,TermPointToMme=2,
2025-10-02;03:46:34;AL  ;Cleared;ENodeBFunction=1;PLMN Service Unavailable;S1 Connection Failure for PLMNs listed in Additional Information. AI: PLMN = ["2221"],
2025-10-02;03:46:34;AL  ;Cleared;EUtranCellFDD=ZA01T2;Service Unavailable;This is a secondary alarm, use alarm correlation information in Additional Information to find primary alarm.
2025-10-02;03:46:34;AL  ;Cleared;EUtranCellFDD=ZA01T1;Service Unavailable;This is a secondary alarm, use alarm correlation information in Additional Information to find primary alarm.
2025-10-02;03:46:34;AL  ;Cleared;EUtranCellFDD=ZA01M2;Service Unavailable;This is a secondary alarm, use alarm correlation information in Additional Information to find primary alarm.
2025-10-02;03:46:34;AL  ;Cleared;EUtranCellFDD=ZA01M1;Service Unavailable;This is a secondary alarm, use alarm correlation information in Additional Information to find primary alarm.
2025-10-02;03:46:34;AL  ;Cleared;EUtranCellFDD=ZA01E2;Service Unavailable;This is a secondary alarm, use alarm correlation information in Additional Information to find primary alarm.
2025-10-02;03:46:34;AL  ;Cleared;EUtranCellFDD=ZA01E1;Service Unavailable;This is a secondary alarm, use alarm correlation information in Additional Information to find primary alarm.
2025-10-02;03:46:34;AL  ;Cleared;NbIotCell=ZA01N2;Service Unavailable;This is a secondary alarm, use alarm correlation information in Additional Information to find primary alarm.
2025-10-02;03:46:34;AL  ;Cleared;NbIotCell=ZA01N1;Service Unavailable;This is a secondary alarm, use alarm correlation information in Additional Information to find primary alarm.
2025-10-02;03:47:07;AL  ;Cleared;ENodeBFunction=1;PLMN Service Redundancy Lost;S1 connection failure for PLMN connected with link represented by MO listed in Additional Information. AI: PLMN = ["2221"],DN1=ManagedElement=1,ENodeBFunction=1,TermPointToMme=2,
2025-10-02;03:48:34;AL  ;Cleared;Synchronization=1,RadioEquipmentClock=1,RadioEquipmentClockReference=PTP8275_2;Sync PTP Time Reachability Fault;No PTP messages
2025-10-02;03:51:31;AL  ;Warning;ENodeBFunction=1;PLMN Service Redundancy Lost;S1 connection failure for PLMN connected with link represented by MO listed in Additional Information. AI: PLMN = ["2221"],DN1=ManagedElement=1,ENodeBFunction=1,TermPointToMme=2,
2025-10-02;03:51:46;AL  ;Cleared;ENodeBFunction=1;PLMN Service Redundancy Lost;S1 connection failure for PLMN connected with link represented by MO listed in Additional Information. AI: PLMN = ["2221"],DN1=ManagedElement=1,ENodeBFunction=1,TermPointToMme=5,DN2=ManagedElement=1,ENodeBFunction=1,TermPointToMme=4,DN3=ManagedElement=1,ENodeBFunction=1,TermPointToMme=3,DN4=ManagedElement=1,ENodeBFunction=1,TermPointToMme=2,
2025-10-02;03:51:46;AL  ;Minor ;ENodeBFunction=1;PLMN Service Unavailable;S1 Connection Failure for PLMNs listed in Additional Information. AI: PLMN = ["2221"],
2025-10-02;03:51:46;AL  ;Major ;EUtranCellFDD=ZA01T2;Service Unavailable;This is a secondary alarm, use alarm correlation information in Additional Information to find primary alarm.
2025-10-02;03:51:46;AL  ;Major ;EUtranCellFDD=ZA01T1;Service Unavailable;This is a secondary alarm, use alarm correlation information in Additional Information to find primary alarm.
2025-10-02;03:51:46;AL  ;Major ;EUtranCellFDD=ZA01M2;Service Unavailable;This is a secondary alarm, use alarm correlation information in Additional Information to find primary alarm.
2025-10-02;03:51:46;AL  ;Major ;EUtranCellFDD=ZA01M1;Service Unavailable;This is a secondary alarm, use alarm correlation information in Additional Information to find primary alarm.
2025-10-02;03:51:46;AL  ;Major ;EUtranCellFDD=ZA01E2;Service Unavailable;This is a secondary alarm, use alarm correlation information in Additional Information to find primary alarm.
2025-10-02;03:51:46;AL  ;Major ;EUtranCellFDD=ZA01E1;Service Unavailable;This is a secondary alarm, use alarm correlation information in Additional Information to find primary alarm.
2025-10-02;03:51:46;AL  ;Major ;NbIotCell=ZA01N2;Service Unavailable;This is a secondary alarm, use alarm correlation information in Additional Information to find primary alarm.
2025-10-02;03:51:46;AL  ;Major ;NbIotCell=ZA01N1;Service Unavailable;This is a secondary alarm, use alarm correlation information in Additional Information to find primary alarm.
2025-10-02;03:52:23;AL  ;Major ;Synchronization=1,RadioEquipmentClock=1,RadioEquipmentClockReference=PTP8275_2;Sync PTP Time Reachability Fault;No PTP messages, No granted service from PTP grandmaster
2025-10-02;03:52:42;AL  ;Warning;ENodeBFunction=1;PLMN Service Redundancy Lost;S1 connection failure for PLMN connected with link represented by MO listed in Additional Information. AI: PLMN = ["2221"],DN1=ManagedElement=1,ENodeBFunction=1,TermPointToMme=1,DN2=ManagedElement=1,ENodeBFunction=1,TermPointToMme=5,
2025-10-02;03:52:42;AL  ;Cleared;ENodeBFunction=1;PLMN Service Unavailable;S1 Connection Failure for PLMNs listed in Additional Information. AI: PLMN = ["2221"],
2025-10-02;03:52:42;AL  ;Cleared;EUtranCellFDD=ZA01T2;Service Unavailable;This is a secondary alarm, use alarm correlation information in Additional Information to find primary alarm.
2025-10-02;03:52:42;AL  ;Cleared;EUtranCellFDD=ZA01T1;Service Unavailable;This is a secondary alarm, use alarm correlation information in Additional Information to find primary alarm.
2025-10-02;03:52:42;AL  ;Cleared;EUtranCellFDD=ZA01M2;Service Unavailable;This is a secondary alarm, use alarm correlation information in Additional Information to find primary alarm.
2025-10-02;03:52:42;AL  ;Cleared;EUtranCellFDD=ZA01M1;Service Unavailable;This is a secondary alarm, use alarm correlation information in Additional Information to find primary alarm.
2025-10-02;03:52:42;AL  ;Cleared;EUtranCellFDD=ZA01E2;Service Unavailable;This is a secondary alarm, use alarm correlation information in Additional Information to find primary alarm.
2025-10-02;03:52:42;AL  ;Cleared;EUtranCellFDD=ZA01E1;Service Unavailable;This is a secondary alarm, use alarm correlation information in Additional Information to find primary alarm.
2025-10-02;03:52:42;AL  ;Cleared;NbIotCell=ZA01N2;Service Unavailable;This is a secondary alarm, use alarm correlation information in Additional Information to find primary alarm.
2025-10-02;03:52:42;AL  ;Cleared;NbIotCell=ZA01N1;Service Unavailable;This is a secondary alarm, use alarm correlation information in Additional Information to find primary alarm.
2025-10-02;03:52:53;AL  ;Cleared;ENodeBFunction=1;PLMN Service Redundancy Lost;S1 connection failure for PLMN connected with link represented by MO listed in Additional Information. AI: PLMN = ["2221"],DN1=ManagedElement=1,ENodeBFunction=1,TermPointToMme=1,
2025-10-02;03:54:43;AL  ;Cleared;Synchronization=1,RadioEquipmentClock=1,RadioEquipmentClockReference=PTP8275_2;Sync PTP Time Reachability Fault;No granted service from PTP grandmaster
2025-10-05;20:02:32;AL  ;Warning;ENodeBFunction=1;PLMN Service Redundancy Lost;S1 connection failure for PLMN connected with link represented by MO listed in Additional Information. AI: PLMN = ["2221"],DN1=ManagedElement=1,ENodeBFunction=1,TermPointToMme=1,DN2=ManagedElement=1,ENodeBFunction=1,TermPointToMme=5,DN3=ManagedElement=1,ENodeBFunction=1,TermPointToMme=3,
2025-10-05;20:02:40;AL  ;Cleared;ENodeBFunction=1;PLMN Service Redundancy Lost;S1 connection failure for PLMN connected with link represented by MO listed in Additional Information. AI: PLMN = ["2221"],DN1=ManagedElement=1,ENodeBFunction=1,TermPointToMme=1,DN2=ManagedElement=1,ENodeBFunction=1,TermPointToMme=5,DN3=ManagedElement=1,ENodeBFunction=1,TermPointToMme=3,DN4=ManagedElement=1,ENodeBFunction=1,TermPointToMme=2,
2025-10-05;20:02:40;AL  ;Minor ;ENodeBFunction=1;PLMN Service Unavailable;S1 Connection Failure for PLMNs listed in Additional Information. AI: PLMN = ["2221"],
2025-10-05;20:02:40;AL  ;Major ;EUtranCellFDD=ZA01T2;Service Unavailable;This is a secondary alarm, use alarm correlation information in Additional Information to find primary alarm.
2025-10-05;20:02:40;AL  ;Major ;EUtranCellFDD=ZA01T1;Service Unavailable;This is a secondary alarm, use alarm correlation information in Additional Information to find primary alarm.
2025-10-05;20:02:40;AL  ;Major ;EUtranCellFDD=ZA01M2;Service Unavailable;This is a secondary alarm, use alarm correlation information in Additional Information to find primary alarm.
2025-10-05;20:02:40;AL  ;Major ;EUtranCellFDD=ZA01M1;Service Unavailable;This is a secondary alarm, use alarm correlation information in Additional Information to find primary alarm.
2025-10-05;20:02:40;AL  ;Major ;EUtranCellFDD=ZA01E2;Service Unavailable;This is a secondary alarm, use alarm correlation information in Additional Information to find primary alarm.
2025-10-05;20:02:40;AL  ;Major ;EUtranCellFDD=ZA01E1;Service Unavailable;This is a secondary alarm, use alarm correlation information in Additional Information to find primary alarm.
2025-10-05;20:02:40;AL  ;Major ;NbIotCell=ZA01N2;Service Unavailable;This is a secondary alarm, use alarm correlation information in Additional Information to find primary alarm.
2025-10-05;20:02:40;AL  ;Major ;NbIotCell=ZA01N1;Service Unavailable;This is a secondary alarm, use alarm correlation information in Additional Information to find primary alarm.
2025-10-05;20:03:26;AL  ;Major ;Synchronization=1,RadioEquipmentClock=1,RadioEquipmentClockReference=PTP8275_2;Sync PTP Time Reachability Fault;No PTP messages
2025-10-05;20:03:39;AL  ;Warning;ENodeBFunction=1;PLMN Service Redundancy Lost;S1 connection failure for PLMN connected with link represented by MO listed in Additional Information. AI: PLMN = ["2221"],DN1=ManagedElement=1,ENodeBFunction=1,TermPointToMme=4,DN2=ManagedElement=1,ENodeBFunction=1,TermPointToMme=2,
2025-10-05;20:03:39;AL  ;Cleared;ENodeBFunction=1;PLMN Service Unavailable;S1 Connection Failure for PLMNs listed in Additional Information. AI: PLMN = ["2221"],
2025-10-05;20:03:39;AL  ;Cleared;EUtranCellFDD=ZA01T2;Service Unavailable;This is a secondary alarm, use alarm correlation information in Additional Information to find primary alarm.
2025-10-05;20:03:39;AL  ;Cleared;EUtranCellFDD=ZA01T1;Service Unavailable;This is a secondary alarm, use alarm correlation information in Additional Information to find primary alarm.
2025-10-05;20:03:39;AL  ;Cleared;EUtranCellFDD=ZA01M2;Service Unavailable;This is a secondary alarm, use alarm correlation information in Additional Information to find primary alarm.
2025-10-05;20:03:39;AL  ;Cleared;EUtranCellFDD=ZA01M1;Service Unavailable;This is a secondary alarm, use alarm correlation information in Additional Information to find primary alarm.
2025-10-05;20:03:39;AL  ;Cleared;EUtranCellFDD=ZA01E2;Service Unavailable;This is a secondary alarm, use alarm correlation information in Additional Information to find primary alarm.
2025-10-05;20:03:39;AL  ;Cleared;EUtranCellFDD=ZA01E1;Service Unavailable;This is a secondary alarm, use alarm correlation information in Additional Information to find primary alarm.
2025-10-05;20:03:39;AL  ;Cleared;NbIotCell=ZA01N2;Service Unavailable;This is a secondary alarm, use alarm correlation information in Additional Information to find primary alarm.
2025-10-05;20:03:39;AL  ;Cleared;NbIotCell=ZA01N1;Service Unavailable;This is a secondary alarm, use alarm correlation information in Additional Information to find primary alarm.
2025-10-05;20:03:47;AL  ;Cleared;ENodeBFunction=1;PLMN Service Redundancy Lost;S1 connection failure for PLMN connected with link represented by MO listed in Additional Information. AI: PLMN = ["2221"],DN1=ManagedElement=1,ENodeBFunction=1,TermPointToMme=4,
2025-10-05;20:05:30;AL  ;Cleared;Synchronization=1,RadioEquipmentClock=1,RadioEquipmentClockReference=PTP8275_2;Sync PTP Time Reachability Fault;No PTP messages
2025-10-05;20:58:25;AL  ;Warning;ENodeBFunction=1;PLMN Service Redundancy Lost;S1 connection failure for PLMN connected with link represented by MO listed in Additional Information. AI: PLMN = ["2221"],DN1=ManagedElement=1,ENodeBFunction=1,TermPointToMme=4,DN2=ManagedElement=1,ENodeBFunction=1,TermPointToMme=3,DN3=ManagedElement=1,ENodeBFunction=1,TermPointToMme=2,
2025-10-05;20:58:35;AL  ;Cleared;ENodeBFunction=1;PLMN Service Redundancy Lost;S1 connection failure for PLMN connected with link represented by MO listed in Additional Information. AI: PLMN = ["2221"],DN1=ManagedElement=1,ENodeBFunction=1,TermPointToMme=1,DN2=ManagedElement=1,ENodeBFunction=1,TermPointToMme=4,DN3=ManagedElement=1,ENodeBFunction=1,TermPointToMme=3,DN4=ManagedElement=1,ENodeBFunction=1,TermPointToMme=2,
2025-10-05;20:58:35;AL  ;Minor ;ENodeBFunction=1;PLMN Service Unavailable;S1 Connection Failure for PLMNs listed in Additional Information. AI: PLMN = ["2221"],
2025-10-05;20:58:35;AL  ;Major ;EUtranCellFDD=ZA01T2;Service Unavailable;This is a secondary alarm, use alarm correlation information in Additional Information to find primary alarm.
2025-10-05;20:58:35;AL  ;Major ;EUtranCellFDD=ZA01T1;Service Unavailable;This is a secondary alarm, use alarm correlation information in Additional Information to find primary alarm.
2025-10-05;20:58:35;AL  ;Major ;EUtranCellFDD=ZA01M2;Service Unavailable;This is a secondary alarm, use alarm correlation information in Additional Information to find primary alarm.
2025-10-05;20:58:35;AL  ;Major ;EUtranCellFDD=ZA01M1;Service Unavailable;This is a secondary alarm, use alarm correlation information in Additional Information to find primary alarm.
2025-10-05;20:58:35;AL  ;Major ;EUtranCellFDD=ZA01E2;Service Unavailable;This is a secondary alarm, use alarm correlation information in Additional Information to find primary alarm.
2025-10-05;20:58:35;AL  ;Major ;EUtranCellFDD=ZA01E1;Service Unavailable;This is a secondary alarm, use alarm correlation information in Additional Information to find primary alarm.
2025-10-05;20:58:35;AL  ;Major ;NbIotCell=ZA01N2;Service Unavailable;This is a secondary alarm, use alarm correlation information in Additional Information to find primary alarm.
2025-10-05;20:58:35;AL  ;Major ;NbIotCell=ZA01N1;Service Unavailable;This is a secondary alarm, use alarm correlation information in Additional Information to find primary alarm.
2025-10-05;20:58:55;AL  ;Warning;ENodeBFunction=1;PLMN Service Redundancy Lost;S1 connection failure for PLMN connected with link represented by MO listed in Additional Information. AI: PLMN = ["2221"],DN1=ManagedElement=1,ENodeBFunction=1,TermPointToMme=1,DN2=ManagedElement=1,ENodeBFunction=1,TermPointToMme=5,
2025-10-05;20:58:55;AL  ;Cleared;ENodeBFunction=1;PLMN Service Unavailable;S1 Connection Failure for PLMNs listed in Additional Information. AI: PLMN = ["2221"],
2025-10-05;20:58:55;AL  ;Cleared;EUtranCellFDD=ZA01T2;Service Unavailable;This is a secondary alarm, use alarm correlation information in Additional Information to find primary alarm.
2025-10-05;20:58:55;AL  ;Cleared;EUtranCellFDD=ZA01T1;Service Unavailable;This is a secondary alarm, use alarm correlation information in Additional Information to find primary alarm.
2025-10-05;20:58:56;AL  ;Cleared;EUtranCellFDD=ZA01M2;Service Unavailable;This is a secondary alarm, use alarm correlation information in Additional Information to find primary alarm.
2025-10-05;20:58:56;AL  ;Cleared;EUtranCellFDD=ZA01M1;Service Unavailable;This is a secondary alarm, use alarm correlation information in Additional Information to find primary alarm.
2025-10-05;20:58:56;AL  ;Cleared;EUtranCellFDD=ZA01E2;Service Unavailable;This is a secondary alarm, use alarm correlation information in Additional Information to find primary alarm.
2025-10-05;20:58:56;AL  ;Cleared;EUtranCellFDD=ZA01E1;Service Unavailable;This is a secondary alarm, use alarm correlation information in Additional Information to find primary alarm.
2025-10-05;20:58:56;AL  ;Cleared;NbIotCell=ZA01N2;Service Unavailable;This is a secondary alarm, use alarm correlation information in Additional Information to find primary alarm.
2025-10-05;20:58:56;AL  ;Cleared;NbIotCell=ZA01N1;Service Unavailable;This is a secondary alarm, use alarm correlation information in Additional Information to find primary alarm.
2025-10-05;20:59:06;AL  ;Cleared;ENodeBFunction=1;PLMN Service Redundancy Lost;S1 connection failure for PLMN connected with link represented by MO listed in Additional Information. AI: PLMN = ["2221"],DN1=ManagedElement=1,ENodeBFunction=1,TermPointToMme=5,
2025-10-05;21:00:18;AL  ;Warning;ENodeBFunction=1;PLMN Service Redundancy Lost;S1 connection failure for PLMN connected with link represented by MO listed in Additional Information. AI: PLMN = ["2221"],DN1=ManagedElement=1,ENodeBFunction=1,TermPointToMme=4,DN2=ManagedElement=1,ENodeBFunction=1,TermPointToMme=3,DN3=ManagedElement=1,ENodeBFunction=1,TermPointToMme=2,
2025-10-05;21:00:29;AL  ;Cleared;ENodeBFunction=1;PLMN Service Redundancy Lost;S1 connection failure for PLMN connected with link represented by MO listed in Additional Information. AI: PLMN = ["2221"],DN1=ManagedElement=1,ENodeBFunction=1,TermPointToMme=1,DN2=ManagedElement=1,ENodeBFunction=1,TermPointToMme=4,DN3=ManagedElement=1,ENodeBFunction=1,TermPointToMme=3,DN4=ManagedElement=1,ENodeBFunction=1,TermPointToMme=2,
2025-10-05;21:00:29;AL  ;Minor ;ENodeBFunction=1;PLMN Service Unavailable;S1 Connection Failure for PLMNs listed in Additional Information. AI: PLMN = ["2221"],
2025-10-05;21:00:29;AL  ;Major ;EUtranCellFDD=ZA01T2;Service Unavailable;This is a secondary alarm, use alarm correlation information in Additional Information to find primary alarm.
2025-10-05;21:00:29;AL  ;Major ;EUtranCellFDD=ZA01T1;Service Unavailable;This is a secondary alarm, use alarm correlation information in Additional Information to find primary alarm.
2025-10-05;21:00:29;AL  ;Major ;EUtranCellFDD=ZA01M2;Service Unavailable;This is a secondary alarm, use alarm correlation information in Additional Information to find primary alarm.
2025-10-05;21:00:29;AL  ;Major ;EUtranCellFDD=ZA01M1;Service Unavailable;This is a secondary alarm, use alarm correlation information in Additional Information to find primary alarm.
2025-10-05;21:00:29;AL  ;Major ;EUtranCellFDD=ZA01E2;Service Unavailable;This is a secondary alarm, use alarm correlation information in Additional Information to find primary alarm.
2025-10-05;21:00:29;AL  ;Major ;EUtranCellFDD=ZA01E1;Service Unavailable;This is a secondary alarm, use alarm correlation information in Additional Information to find primary alarm.
2025-10-05;21:00:29;AL  ;Major ;NbIotCell=ZA01N2;Service Unavailable;This is a secondary alarm, use alarm correlation information in Additional Information to find primary alarm.
2025-10-05;21:00:29;AL  ;Major ;NbIotCell=ZA01N1;Service Unavailable;This is a secondary alarm, use alarm correlation information in Additional Information to find primary alarm.
2025-10-05;21:00:50;AL  ;Warning;ENodeBFunction=1;PLMN Service Redundancy Lost;S1 connection failure for PLMN connected with link represented by MO listed in Additional Information. AI: PLMN = ["2221"],DN1=ManagedElement=1,ENodeBFunction=1,TermPointToMme=1,DN2=ManagedElement=1,ENodeBFunction=1,TermPointToMme=5,DN3=ManagedElement=1,ENodeBFunction=1,TermPointToMme=4,
2025-10-05;21:00:50;AL  ;Cleared;ENodeBFunction=1;PLMN Service Unavailable;S1 Connection Failure for PLMNs listed in Additional Information. AI: PLMN = ["2221"],
2025-10-05;21:00:50;AL  ;Cleared;EUtranCellFDD=ZA01T2;Service Unavailable;This is a secondary alarm, use alarm correlation information in Additional Information to find primary alarm.
2025-10-05;21:00:50;AL  ;Cleared;EUtranCellFDD=ZA01T1;Service Unavailable;This is a secondary alarm, use alarm correlation information in Additional Information to find primary alarm.
2025-10-05;21:00:50;AL  ;Cleared;EUtranCellFDD=ZA01M2;Service Unavailable;This is a secondary alarm, use alarm correlation information in Additional Information to find primary alarm.
2025-10-05;21:00:50;AL  ;Cleared;EUtranCellFDD=ZA01M1;Service Unavailable;This is a secondary alarm, use alarm correlation information in Additional Information to find primary alarm.
2025-10-05;21:00:50;AL  ;Cleared;EUtranCellFDD=ZA01E2;Service Unavailable;This is a secondary alarm, use alarm correlation information in Additional Information to find primary alarm.
2025-10-05;21:00:50;AL  ;Cleared;EUtranCellFDD=ZA01E1;Service Unavailable;This is a secondary alarm, use alarm correlation information in Additional Information to find primary alarm.
2025-10-05;21:00:50;AL  ;Cleared;NbIotCell=ZA01N2;Service Unavailable;This is a secondary alarm, use alarm correlation information in Additional Information to find primary alarm.
2025-10-05;21:00:50;AL  ;Cleared;NbIotCell=ZA01N1;Service Unavailable;This is a secondary alarm, use alarm correlation information in Additional Information to find primary alarm.
2025-10-05;21:01:18;AL  ;Cleared;ENodeBFunction=1;PLMN Service Redundancy Lost;S1 connection failure for PLMN connected with link represented by MO listed in Additional Information. AI: PLMN = ["2221"],DN1=ManagedElement=1,ENodeBFunction=1,TermPointToMme=5,DN2=ManagedElement=1,ENodeBFunction=1,TermPointToMme=4,DN3=ManagedElement=1,ENodeBFunction=1,TermPointToMme=3,DN4=ManagedElement=1,ENodeBFunction=1,TermPointToMme=2,
2025-10-05;21:01:18;AL  ;Minor ;ENodeBFunction=1;PLMN Service Unavailable;S1 Connection Failure for PLMNs listed in Additional Information. AI: PLMN = ["2221"],
2025-10-05;21:01:18;AL  ;Major ;EUtranCellFDD=ZA01T2;Service Unavailable;This is a secondary alarm, use alarm correlation information in Additional Information to find primary alarm.
2025-10-05;21:01:18;AL  ;Major ;EUtranCellFDD=ZA01T1;Service Unavailable;This is a secondary alarm, use alarm correlation information in Additional Information to find primary alarm.
2025-10-05;21:01:18;AL  ;Major ;EUtranCellFDD=ZA01M2;Service Unavailable;This is a secondary alarm, use alarm correlation information in Additional Information to find primary alarm.
2025-10-05;21:01:18;AL  ;Major ;EUtranCellFDD=ZA01M1;Service Unavailable;This is a secondary alarm, use alarm correlation information in Additional Information to find primary alarm.
2025-10-05;21:01:18;AL  ;Major ;EUtranCellFDD=ZA01E2;Service Unavailable;This is a secondary alarm, use alarm correlation information in Additional Information to find primary alarm.
2025-10-05;21:01:18;AL  ;Major ;EUtranCellFDD=ZA01E1;Service Unavailable;This is a secondary alarm, use alarm correlation information in Additional Information to find primary alarm.
2025-10-05;21:01:18;AL  ;Major ;NbIotCell=ZA01N2;Service Unavailable;This is a secondary alarm, use alarm correlation information in Additional Information to find primary alarm.
2025-10-05;21:01:18;AL  ;Major ;NbIotCell=ZA01N1;Service Unavailable;This is a secondary alarm, use alarm correlation information in Additional Information to find primary alarm.
2025-10-05;21:01:20;AL  ;Major ;Synchronization=1,RadioEquipmentClock=1,RadioEquipmentClockReference=PTP8275_2;Sync PTP Time Reachability Fault;No PTP messages
2025-10-05;21:01:29;AL  ;Cleared;ENodeBFunction=1;PLMN Service Unavailable;S1 Connection Failure for PLMNs listed in Additional Information. AI: PLMN = ["2221"],
2025-10-05;21:01:29;AL  ;Cleared;EUtranCellFDD=ZA01T2;Service Unavailable;This is a secondary alarm, use alarm correlation information in Additional Information to find primary alarm.
2025-10-05;21:01:29;AL  ;Cleared;EUtranCellFDD=ZA01T1;Service Unavailable;This is a secondary alarm, use alarm correlation information in Additional Information to find primary alarm.
2025-10-05;21:01:29;AL  ;Cleared;EUtranCellFDD=ZA01M2;Service Unavailable;This is a secondary alarm, use alarm correlation information in Additional Information to find primary alarm.
2025-10-05;21:01:29;AL  ;Cleared;EUtranCellFDD=ZA01M1;Service Unavailable;This is a secondary alarm, use alarm correlation information in Additional Information to find primary alarm.
2025-10-05;21:01:29;AL  ;Cleared;EUtranCellFDD=ZA01E2;Service Unavailable;This is a secondary alarm, use alarm correlation information in Additional Information to find primary alarm.
2025-10-05;21:01:29;AL  ;Cleared;EUtranCellFDD=ZA01E1;Service Unavailable;This is a secondary alarm, use alarm correlation information in Additional Information to find primary alarm.
2025-10-05;21:01:29;AL  ;Cleared;NbIotCell=ZA01N2;Service Unavailable;This is a secondary alarm, use alarm correlation information in Additional Information to find primary alarm.
2025-10-05;21:01:29;AL  ;Cleared;NbIotCell=ZA01N1;Service Unavailable;This is a secondary alarm, use alarm correlation information in Additional Information to find primary alarm.
2025-10-05;21:01:29;AL  ;Warning;ENodeBFunction=1;PLMN Service Redundancy Lost;S1 connection failure for PLMN connected with link represented by MO listed in Additional Information. AI: PLMN = ["2221"],DN1=ManagedElement=1,ENodeBFunction=1,TermPointToMme=1,DN2=ManagedElement=1,ENodeBFunction=1,TermPointToMme=5,DN3=ManagedElement=1,ENodeBFunction=1,TermPointToMme=3,DN4=ManagedElement=1,ENodeBFunction=1,TermPointToMme=2,
2025-10-05;21:02:12;AL  ;Cleared;ENodeBFunction=1;PLMN Service Redundancy Lost;S1 connection failure for PLMN connected with link represented by MO listed in Additional Information. AI: PLMN = ["2221"],DN1=ManagedElement=1,ENodeBFunction=1,TermPointToMme=2,
2025-10-05;21:03:21;AL  ;Cleared;Synchronization=1,RadioEquipmentClock=1,RadioEquipmentClockReference=PTP8275_2;Sync PTP Time Reachability Fault;No PTP messages
2025-10-06;06:37:52;AL  ;Minor ;ENodeBFunction=1;External Link Failure;X2 link problem to one or several neighbouring eNodeBs. AI: PLMN ID-eNB ID 1 = 2221-650819
2025-10-06;08:00:35;AL  ;Cleared;ENodeBFunction=1;External Link Failure;X2 link problem to one or several neighbouring eNodeBs. AI: PLMN ID-eNB ID 1 = 2221-650819


ZA01E> lgec -m 30d

251007-11:48:25+0200 19.31.16.167 25.0h MSRBS_NODE_MODEL_25.Q1_693.28324.131_62ac stopfile=/tmp/975785

Startdate=20250907.094825, Enddate=20251008.094825
Date;Time;Log;Severity;Object;Event;Cause;AdditionalText;AckState;Id;NotificationId;CorrelatedAlarms
Executing action Log.export()
..
Log=AlertLog                    actionId=16513
......
=================================================================================================================
MO                  actionId result      resultInfo
=================================================================================================================
LogM=1,Log=AlertLog 16513    1 (SUCCESS)           
cat  /ericsson/log/amos/moshell_logfiles/t20251007_37258710_53697/logs_moshell/tempfiles/scp-2-amos_20251007-114743_975722/rcslogs/AlertLog_20230420__095952_20250226__233610.log /ericsson/log/amos/moshell_logfiles/t20251007_37258710_53697/logs_moshell/tempfiles/scp-2-amos_20251007-114743_975722/rcslogs/AlertLog_20250226__233610.log > /ericsson/log/amos/moshell_logfiles/t20251007_37258710_53697/logs_moshell/tempfiles/scp-2-amos_20251007-114743_975722/eventLog975785.xml
2025-09-12;16:57:10;EV  ;Warning;ManagedElement=ZA01E;System Restart Alert;Requested Restart Category: Other, Requested Restart Type: Power, Performed Restart Category: Other, Performed Restart Type: Power. AI: SystemRestart=[{"RRC":"Other","RRT":"Power","PRC":"Other","PRT":"Power"}] UI=[{"PN":"Baseband 6631","PNR":"KDU1370071/11","PR":"R2A","SN":"E96A00YQS6","SR":"R27J08","SW":"CXP2010174_2"}]
2025-09-12;16:57:26;EV  ;Warning;FieldReplaceableUnit=Radio-S100-1;Radio Restart Alert;Restart details are listed in Additional Information AI: Restartdetails=[{"RC":"Other","RT":"Power On","ERI":"FALSE"}] UI=[{"PN":Radio 4499 44B1 44B3 C,"PNR":KRC 161 787/1,"PR":R2F,"SN":E23E516448,"SR":R101LX,"SW":CXP9013268/15}] :SUPPRESSED
2025-09-12;17:04:24;EV  ;Warning;EUtranCellFDD=ZA01E1;Cell Service Unavailable Auto Recovery Initiated Alert;
2025-09-12;17:04:24;EV  ;Warning;NbIotCell=ZA01N1;Cell Service Unavailable Auto Recovery Initiated Alert;
2025-09-12;17:04:24;EV  ;Warning;EUtranCellFDD=ZA01E2;Cell Service Unavailable Auto Recovery Initiated Alert;
2025-09-12;17:04:24;EV  ;Warning;NbIotCell=ZA01N2;Cell Service Unavailable Auto Recovery Initiated Alert;
2025-09-12;17:04:24;EV  ;Warning;EUtranCellFDD=ZA01T2;Cell Service Unavailable Auto Recovery Initiated Alert;
2025-09-12;17:04:29;EV  ;Warning;RiLink=S100-1;Radio Interface Connectivity Disturbance Alert;Near end port:FieldReplaceableUnit=BB-1,RiPort=D (transportType=NOT_SET). SUPPRESSED
2025-09-12;17:04:29;EV  ;Warning;RiLink=S1-1;Radio Interface Connectivity Disturbance Alert;Near end port:FieldReplaceableUnit=BB-1,RiPort=A (transportType=NOT_SET). SUPPRESSED
2025-09-12;17:04:29;EV  ;Warning;RiLink=S2-1;Radio Interface Connectivity Disturbance Alert;Near end port:FieldReplaceableUnit=BB-1,RiPort=B (transportType=NOT_SET). SUPPRESSED
2025-09-12;17:04:35;EV  ;Warning;EUtranCellFDD=ZA01E1;Cell Service Available Auto Recovery Successful Alert;
2025-09-12;17:04:35;EV  ;Warning;EUtranCellFDD=ZA01E2;Cell Service Available Auto Recovery Successful Alert;
2025-09-12;17:04:35;EV  ;Warning;NbIotCell=ZA01N1;Cell Service Available Auto Recovery Successful Alert;
2025-09-12;17:04:36;EV  ;Warning;NbIotCell=ZA01N2;Cell Service Available Auto Recovery Successful Alert;
2025-09-12;17:04:38;EV  ;Warning;EUtranCellFDD=ZA01T2;Cell Service Available Auto Recovery Successful Alert;
2025-09-21;17:21:17;EV  ;Warning;ManagedElement=ZA01E;System Restart Alert;Requested Restart Category: Other, Requested Restart Type: Power, Performed Restart Category: Other, Performed Restart Type: Power. AI: SystemRestart=[{"RRC":"Other","RRT":"Power","PRC":"Other","PRT":"Power"}] UI=[{"PN":"Baseband 6631","PNR":"KDU1370071/11","PR":"R2A","SN":"E96A00YQS6","SR":"R27J08","SW":"CXP2010174_2"}]
2025-09-21;17:21:33;EV  ;Warning;FieldReplaceableUnit=Radio-S100-1;Radio Restart Alert;Restart details are listed in Additional Information AI: Restartdetails=[{"RC":"Other","RT":"Power On","ERI":"FALSE"}] UI=[{"PN":Radio 4499 44B1 44B3 C,"PNR":KRC 161 787/1,"PR":R2F,"SN":E23E516448,"SR":R101LX,"SW":CXP9013268/15}] :SUPPRESSED
2025-09-21;17:33:51;EV  ;Warning;EUtranCellFDD=ZA01E1;Cell Service Unavailable Auto Recovery Initiated Alert;
2025-09-21;17:33:51;EV  ;Warning;NbIotCell=ZA01N1;Cell Service Unavailable Auto Recovery Initiated Alert;
2025-09-21;17:33:51;EV  ;Warning;EUtranCellFDD=ZA01E2;Cell Service Unavailable Auto Recovery Initiated Alert;
2025-09-21;17:33:51;EV  ;Warning;NbIotCell=ZA01N2;Cell Service Unavailable Auto Recovery Initiated Alert;
2025-09-21;17:33:51;EV  ;Warning;EUtranCellFDD=ZA01T1;Cell Service Unavailable Auto Recovery Initiated Alert;
2025-09-21;17:33:51;EV  ;Warning;EUtranCellFDD=ZA01T2;Cell Service Unavailable Auto Recovery Initiated Alert;
2025-09-21;17:33:57;EV  ;Warning;RiLink=S100-1;Radio Interface Connectivity Disturbance Alert;Near end port:FieldReplaceableUnit=BB-1,RiPort=D (transportType=NOT_SET). SUPPRESSED
2025-09-21;17:33:57;EV  ;Warning;RiLink=S2-1;Radio Interface Connectivity Disturbance Alert;Near end port:FieldReplaceableUnit=BB-1,RiPort=B (transportType=NOT_SET). SUPPRESSED
2025-09-21;17:33:57;EV  ;Warning;RiLink=S1-1;Radio Interface Connectivity Disturbance Alert;Near end port:FieldReplaceableUnit=BB-1,RiPort=A (transportType=NOT_SET). SUPPRESSED
2025-09-21;17:34:02;EV  ;Warning;EUtranCellFDD=ZA01E2;Cell Service Available Auto Recovery Successful Alert;
2025-09-21;17:34:02;EV  ;Warning;EUtranCellFDD=ZA01E1;Cell Service Available Auto Recovery Successful Alert;
2025-09-21;17:34:03;EV  ;Warning;NbIotCell=ZA01N2;Cell Service Available Auto Recovery Successful Alert;
2025-09-21;17:34:03;EV  ;Warning;NbIotCell=ZA01N1;Cell Service Available Auto Recovery Successful Alert;
2025-09-21;17:34:03;EV  ;Warning;EUtranCellFDD=ZA01T1;Cell Service Available Auto Recovery Successful Alert;
2025-09-21;17:34:06;EV  ;Warning;EUtranCellFDD=ZA01T2;Cell Service Available Auto Recovery Successful Alert;
2025-09-21;17:41:38;EV  ;Warning;EUtranCellFDD=ZA01E1;Cell Service Unavailable Auto Recovery Initiated Alert;
2025-09-21;17:41:38;EV  ;Warning;NbIotCell=ZA01N1;Cell Service Unavailable Auto Recovery Initiated Alert;
2025-09-21;17:41:38;EV  ;Warning;EUtranCellFDD=ZA01E2;Cell Service Unavailable Auto Recovery Initiated Alert;
2025-09-21;17:41:38;EV  ;Warning;NbIotCell=ZA01N2;Cell Service Unavailable Auto Recovery Initiated Alert;
2025-09-21;17:41:38;EV  ;Warning;EUtranCellFDD=ZA01T2;Cell Service Unavailable Auto Recovery Initiated Alert;
2025-09-21;17:41:43;EV  ;Warning;RiLink=S100-1;Radio Interface Connectivity Disturbance Alert;Near end port:FieldReplaceableUnit=BB-1,RiPort=D (transportType=NOT_SET). SUPPRESSED
2025-09-21;17:41:43;EV  ;Warning;RiLink=S2-1;Radio Interface Connectivity Disturbance Alert;Near end port:FieldReplaceableUnit=BB-1,RiPort=B (transportType=NOT_SET). SUPPRESSED
2025-09-21;17:41:43;EV  ;Warning;RiLink=S1-1;Radio Interface Connectivity Disturbance Alert;Near end port:FieldReplaceableUnit=BB-1,RiPort=A (transportType=NOT_SET). SUPPRESSED
2025-09-21;17:41:48;EV  ;Warning;EUtranCellFDD=ZA01E1;Cell Service Available Auto Recovery Successful Alert;
2025-09-21;17:41:49;EV  ;Warning;EUtranCellFDD=ZA01E2;Cell Service Available Auto Recovery Successful Alert;
2025-09-21;17:41:49;EV  ;Warning;NbIotCell=ZA01N1;Cell Service Available Auto Recovery Successful Alert;
2025-09-21;17:41:49;EV  ;Warning;NbIotCell=ZA01N2;Cell Service Available Auto Recovery Successful Alert;
2025-09-21;17:41:52;EV  ;Warning;EUtranCellFDD=ZA01T2;Cell Service Available Auto Recovery Successful Alert;
2025-10-02;23:31:11;EV  ;Warning;RiLink=S100-1;Radio Interface Connectivity Disturbance Alert;Near end port:FieldReplaceableUnit=BB-1,RiPort=D (transportType=NOT_SET). SUPPRESSED
2025-10-02;23:31:11;EV  ;Warning;RiLink=S2-1;Radio Interface Connectivity Disturbance Alert;Near end port:FieldReplaceableUnit=BB-1,RiPort=B (transportType=NOT_SET). SUPPRESSED
2025-10-02;23:31:11;EV  ;Warning;RiLink=S1-1;Radio Interface Connectivity Disturbance Alert;Near end port:FieldReplaceableUnit=BB-1,RiPort=A (transportType=NOT_SET). SUPPRESSED
2025-10-03;18:46:46;EV  ;Warning;EUtranCellFDD=ZA01E1;Cell Service Unavailable Auto Recovery Initiated Alert;
2025-10-03;18:46:46;EV  ;Warning;NbIotCell=ZA01N1;Cell Service Unavailable Auto Recovery Initiated Alert;
2025-10-03;18:46:46;EV  ;Warning;EUtranCellFDD=ZA01E2;Cell Service Unavailable Auto Recovery Initiated Alert;
2025-10-03;18:46:46;EV  ;Warning;NbIotCell=ZA01N2;Cell Service Unavailable Auto Recovery Initiated Alert;
2025-10-03;18:46:46;EV  ;Warning;EUtranCellFDD=ZA01T2;Cell Service Unavailable Auto Recovery Initiated Alert;
2025-10-03;18:46:52;EV  ;Warning;RiLink=S100-1;Radio Interface Connectivity Disturbance Alert;Near end port:FieldReplaceableUnit=BB-1,RiPort=D (transportType=NOT_SET). SUPPRESSED
2025-10-03;18:46:52;EV  ;Warning;RiLink=S2-1;Radio Interface Connectivity Disturbance Alert;Near end port:FieldReplaceableUnit=BB-1,RiPort=B (transportType=NOT_SET). SUPPRESSED
2025-10-03;18:46:52;EV  ;Warning;RiLink=S1-1;Radio Interface Connectivity Disturbance Alert;Near end port:FieldReplaceableUnit=BB-1,RiPort=A (transportType=NOT_SET). SUPPRESSED
2025-10-03;18:46:57;EV  ;Warning;EUtranCellFDD=ZA01E2;Cell Service Available Auto Recovery Successful Alert;
2025-10-03;18:46:57;EV  ;Warning;EUtranCellFDD=ZA01E1;Cell Service Available Auto Recovery Successful Alert;
2025-10-03;18:46:58;EV  ;Warning;NbIotCell=ZA01N2;Cell Service Available Auto Recovery Successful Alert;
2025-10-03;18:46:58;EV  ;Warning;NbIotCell=ZA01N1;Cell Service Available Auto Recovery Successful Alert;
2025-10-03;18:47:01;EV  ;Warning;EUtranCellFDD=ZA01T2;Cell Service Available Auto Recovery Successful Alert;
2025-10-05;08:03:30;EV  ;Warning;RiLink=S100-1;Radio Interface Connectivity Disturbance Alert;Near end port:FieldReplaceableUnit=BB-1,RiPort=D (transportType=NOT_SET). SUPPRESSED
2025-10-05;08:03:30;EV  ;Warning;RiLink=S2-1;Radio Interface Connectivity Disturbance Alert;Near end port:FieldReplaceableUnit=BB-1,RiPort=B (transportType=NOT_SET). SUPPRESSED
2025-10-05;08:03:30;EV  ;Warning;RiLink=S1-1;Radio Interface Connectivity Disturbance Alert;Near end port:FieldReplaceableUnit=BB-1,RiPort=A (transportType=NOT_SET). SUPPRESSED
2025-10-05;09:01:20;EV  ;Warning;EUtranCellFDD=ZA01E1;Cell Service Unavailable Auto Recovery Initiated Alert;
2025-10-05;09:01:20;EV  ;Warning;NbIotCell=ZA01N1;Cell Service Unavailable Auto Recovery Initiated Alert;
2025-10-05;09:01:20;EV  ;Warning;EUtranCellFDD=ZA01E2;Cell Service Unavailable Auto Recovery Initiated Alert;
2025-10-05;09:01:20;EV  ;Warning;NbIotCell=ZA01N2;Cell Service Unavailable Auto Recovery Initiated Alert;
2025-10-05;09:01:20;EV  ;Warning;EUtranCellFDD=ZA01T2;Cell Service Unavailable Auto Recovery Initiated Alert;
2025-10-05;09:01:23;EV  ;Warning;RiLink=S2-1;Radio Interface Connectivity Disturbance Alert;Near end port:FieldReplaceableUnit=BB-1,RiPort=B (transportType=NOT_SET). SUPPRESSED
2025-10-05;09:01:23;EV  ;Warning;RiLink=S1-1;Radio Interface Connectivity Disturbance Alert;Near end port:FieldReplaceableUnit=BB-1,RiPort=A (transportType=NOT_SET). SUPPRESSED
2025-10-05;09:01:23;EV  ;Warning;RiLink=S100-1;Radio Interface Connectivity Disturbance Alert;Near end port:FieldReplaceableUnit=BB-1,RiPort=D (transportType=NOT_SET). SUPPRESSED
2025-10-05;09:01:29;EV  ;Warning;EUtranCellFDD=ZA01E2;Cell Service Available Auto Recovery Successful Alert;
2025-10-05;09:01:29;EV  ;Warning;EUtranCellFDD=ZA01E1;Cell Service Available Auto Recovery Successful Alert;
2025-10-05;09:01:30;EV  ;Warning;NbIotCell=ZA01N2;Cell Service Available Auto Recovery Successful Alert;
2025-10-05;09:01:30;EV  ;Warning;NbIotCell=ZA01N1;Cell Service Available Auto Recovery Successful Alert;
2025-10-05;09:01:33;EV  ;Warning;EUtranCellFDD=ZA01T2;Cell Service Available Auto Recovery Successful Alert;

Bye...
Output has been logged to file /mta_fs/UserFiles/37258710/amosbatch/2025-10-07_11-07-01_53697/ZA01E.log
