Logging to file /mta_fs/UserFiles/37258710/amosbatch/2025-10-07_11-07-01_53697/ZA33E.log
                        __  __  ____   _____
                  /\   |  \/  |/ __ \ / ____|
                 /  \  | \  / | |  | | (___  
                / /\ \ | |\/| | |  | |\___ \ 
               / ____ \| |  | | |__| |____) |
              /_/    \_\_|  |_|\____/|_____/
              OSS Framework for MoShell-25.0h 
  Copyright (c) Ericsson AB 2001-2025 - All Rights Reserved
              
           
[1;31mWARNING: [0mthe AMOS version currently running is more than 22 weeks old and is unsupported.
Please upgrade as soon as possible to the latest released version, available from your local Ericsson support.

$amosrb_pid = 1169374

Checking ip contact...OK

HELP MENU            : h
BASIC MO COMMANDS    : m
OTHER MO COMMANDS    : n
OTHER COMMANDS       : o
PM COMMANDS          : p
QUIT                 : q

ZA33E> lt all

251007-12:11:40+0200 19.31.8.198 25.0h  stopfile=/tmp/1169270
Looking up temporary_amos account... OK.
Trying temporary_amos_t20251007_37258710_53697_313's password from amos lookupAccount ... OK

$ssh_pid = 1170633

Connected to 19.31.8.198 (SubNetwork=BBMM_rckomc_R,MeContext=ZA33E,ManagedElement=ZA33E)

Checking MOM version...MSRBS_NODE_MODEL_25.Q1_198665.224.73_bf81
Parsing MOM (cached): /ericsson/log/amos/moshell_logfiles/t20251007_37258710_53697/logs_moshell/tempfiles/scp-2-amos_20251007-121133_1169211/MSRBS_NODE_MODEL_25.Q1_198665.224.73_bf81.xml.cache.gz ......................................................................................................................................................................................................................Done.
Using paramfile /opt/ericsson/amos/moshell/commonjars/pm/PARAM_MSRBSG2_25.Q1.txt
Parsing file /opt/ericsson/amos/moshell/commonjars/pm/PARAM_MSRBSG2_25.Q1.txt ......................................................................................Done.
Using imomdfile /opt/ericsson/amos/moshell/commonjars/pm/IMOMD_MSRBS_22.Q4.txt
Using imomfile /opt/ericsson/amos/moshell/commonjars/pm/IMOM_MSRBS_25.Q1.txt
Connected to 19.31.8.198 (SubNetwork=BBMM_rckomc_R,MeContext=ZA33E,ManagedElement=ZA33E)

Last MO: 18480. Loaded 18480 MOs. Total: 18481 MOs.

ZA33E> hget EUtranCellFDD ^cellid

251007-12:11:59+0200 19.31.8.198 25.0h MSRBS_NODE_MODEL_25.Q1_198665.224.73_bf81 stopfile=/tmp/1169270
.
=================================================================================================================
MO                   cellId
=================================================================================================================
EUtranCellFDD=ZA33E1 61    
EUtranCellFDD=ZA33E2 62    
EUtranCellFDD=ZA33E3 63    
EUtranCellFDD=ZA33M1 31    
EUtranCellFDD=ZA33M2 32    
EUtranCellFDD=ZA33M3 33    
EUtranCellFDD=ZA33T1 41    
EUtranCellFDD=ZA33T2 42    
EUtranCellFDD=ZA33T3 43    
=================================================================================================================
Total: 9 MOs

Added 9 MOs to group: hget_group

ZA33E> hget NbIotCell ^cellid

251007-12:12:00+0200 19.31.8.198 25.0h MSRBS_NODE_MODEL_25.Q1_198665.224.73_bf81 stopfile=/tmp/1169270
.
=================================================================================================================
MO               cellId
=================================================================================================================
NbIotCell=ZA33N1 161   
NbIotCell=ZA33N2 162   
NbIotCell=ZA33N3 163   
=================================================================================================================
Total: 3 MOs

Added 3 MOs to group: hget_group

ZA33E> hget NRCellDU ^cellLocalId

251007-12:12:00+0200 19.31.8.198 25.0h MSRBS_NODE_MODEL_25.Q1_198665.224.73_bf81 stopfile=/tmp/1169270
Total: 0 MOs

ZA33E> lgdc -m 30d

251007-12:12:00+0200 19.31.8.198 25.0h MSRBS_NODE_MODEL_25.Q1_198665.224.73_bf81 stopfile=/tmp/1169270

Startdate=20250907.101200, Enddate=20251008.101200
INFO: Using amos lookupAccount credentials for the export login

Executing action LogM.exportAvailabilityLog()
...LogM=1,exportAvailabilityLog    actionId=6148
......
=================================================================================================================
MO     actionId result      resultInfo
=================================================================================================================
LogM=1 6148     1 (SUCCESS)           
cp /ericsson/log/amos/moshell_logfiles/t20251007_37258710_53697/logs_moshell/tempfiles/scp-2-amos_20251007-121133_1169211/rcslogs/RBS_CS_AVAILABILITY_LOG_20251007101204.xml /ericsson/log/amos/moshell_logfiles/t20251007_37258710_53697/logs_moshell/tempfiles/scp-2-amos_20251007-121133_1169211/availabilityLog1169270.xml
Parsing availabilityLog......Done.
...
Date;Time;RestartType;SwVersion;SwRelease;RCSDowntime;ApplicationDowntime;TNDowntime;RATsDowntime;ExtraInfo;ExtraInfo2
2025-09-08;03:20:46;PartialOutage(Manual);11% Lrat Cell 61; ();8s;;;;;
2025-09-08;03:21:01;PartialOutage(Manual);33% Lrat Cell 161 163; ();3s;;;;;
2025-09-08;03:21:04;PartialOutage(Manual);5% Lrat Cell 63; ();5s;;;;;
2025-09-08;03:21:14;PartialOutage(Manual);44% Lrat Cell 163; ();5s;;;;;
2025-09-08;03:21:19;PartialOutage(Manual);7% Lrat Cell 62; ();8s;;;;;
2025-09-08;03:21:30;PartialOutage(Manual);50% Lrat Cell 162; ();4s;;;;;
2025-09-08;03:21:34;PartialOutage(Manual);8% Lrat Cell 31; ();9s;;;;;
2025-09-08;03:21:48;PartialOutage(Manual);11% Lrat Cell 33; ();9s;;;;;
2025-09-08;03:22:05;PartialOutage(Manual);11% Lrat Cell 32; ();12s;;;;;
2025-09-08;03:22:23;PartialOutage(Manual);11% Lrat Cell 43; ();8s;;;;;
2025-09-08;03:22:36;PartialOutage(Manual);11% Lrat Cell 42; ();10s;;;;;
2025-09-08;03:22:53;PartialOutage(Manual);11% Lrat Cell 41; ();10s;;;;;
2025-09-26;15:28:06;PartialOutage(System);67% Lrat Cell 61 62 31 32 33 43; ();1s;;;;;
2025-09-26;15:28:07;PartialOutage(System);100% Lrat Cell 161 162 163; ();13s;;;;;
2025-09-26;15:28:20;PartialOutage(System);100% Lrat Cell 63 31 32 33 41 42 43; ();1s;;;;;
2025-09-26;15:28:21;PartialOutage(System);100% Lrat Cell 31 32 41 42 43; ();1s;;;;;
2025-09-26;15:28:24;PartialOutage(System);100% Lrat Cell 41 42; ();1s;;;;;

Node uptime since last restart: 931426 seconds (10 days, 18 hours, 43 minutes, 46 seconds)
------------------------------------------------------------------------------------------------------
Period=30 days       NodeUpgrade      NodeManual       NodeSpontaneous  AllNodeRestarts  PartialOutages  
------------------------------------------------------------------------------------------------------
Number Of outages    0                0                0                0                17              
Total downtime       0s               0s               0s               0s               108s (1m48s)    
Downtime per day     0s               0s               0s               0s               4s              
Downtime per outage  0s               0s               0s               0s               6s              

ZA33E> lgac -m 30d

251007-12:12:11+0200 19.31.8.198 25.0h MSRBS_NODE_MODEL_25.Q1_198665.224.73_bf81 stopfile=/tmp/1169270

Startdate=20250907.101211, Enddate=20251008.101212
Date;Time;Log;Severity;Object;Event;Cause;AdditionalText;AckState;Id;NotificationId;CorrelatedAlarms
Executing action Log.export()
..
Log=AlarmLog                    actionId=6149
......
=================================================================================================================
MO                  actionId result      resultInfo
=================================================================================================================
LogM=1,Log=AlarmLog 6149     1 (SUCCESS)           
cat  /ericsson/log/amos/moshell_logfiles/t20251007_37258710_53697/logs_moshell/tempfiles/scp-2-amos_20251007-121133_1169211/rcslogs/saLogAlarm_20220928__072211_20241019__205011.log /ericsson/log/amos/moshell_logfiles/t20251007_37258710_53697/logs_moshell/tempfiles/scp-2-amos_20251007-121133_1169211/rcslogs/saLogAlarm_20241019__205011.log > /ericsson/log/amos/moshell_logfiles/t20251007_37258710_53697/logs_moshell/tempfiles/scp-2-amos_20251007-121133_1169211/alarmLog1169270.xml
2025-09-07;20:11:14;AL  ;Minor ;EUtraNetwork=1,ExternalENodeBFunction=2221-650560;Inter Node Feature Incompatibility;Inter eNodeB CA feature is not activated in remote eNodeB. SUPPRESSED
2025-09-07;20:11:59;AL  ;Cleared;EUtraNetwork=1,ExternalENodeBFunction=2221-650560;Inter Node Feature Incompatibility;Inter eNodeB CA feature is not activated in remote eNodeB. SUPPRESSED
2025-09-07;21:31:25;AL  ;Minor ;EUtraNetwork=1,ExternalENodeBFunction=2221-650560;Inter Node Feature Incompatibility;Inter eNodeB CA feature is not activated in remote eNodeB. SUPPRESSED
2025-09-07;21:31:59;AL  ;Cleared;EUtraNetwork=1,ExternalENodeBFunction=2221-650560;Inter Node Feature Incompatibility;Inter eNodeB CA feature is not activated in remote eNodeB. SUPPRESSED
2025-09-07;21:32:29;AL  ;Minor ;EUtraNetwork=1,ExternalENodeBFunction=2221-650560;Inter Node Feature Incompatibility;Inter eNodeB CA feature is not activated in remote eNodeB. SUPPRESSED
2025-09-07;21:34:20;AL  ;Cleared;EUtraNetwork=1,ExternalENodeBFunction=2221-650560;Inter Node Feature Incompatibility;Inter eNodeB CA feature is not activated in remote eNodeB. SUPPRESSED
2025-09-07;22:42:59;AL  ;Minor ;EUtraNetwork=1,ExternalENodeBFunction=2221-650560;Inter Node Feature Incompatibility;Inter eNodeB CA feature is not activated in remote eNodeB. SUPPRESSED
2025-09-07;22:43:48;AL  ;Cleared;EUtraNetwork=1,ExternalENodeBFunction=2221-650560;Inter Node Feature Incompatibility;Inter eNodeB CA feature is not activated in remote eNodeB. SUPPRESSED
2025-09-07;23:46:35;AL  ;Minor ;EUtraNetwork=1,ExternalENodeBFunction=2221-211865;Inter Node Feature Incompatibility;Inter eNodeB CA feature is not activated in remote eNodeB. SUPPRESSED
2025-09-07;23:47:21;AL  ;Cleared;EUtraNetwork=1,ExternalENodeBFunction=2221-211865;Inter Node Feature Incompatibility;Inter eNodeB CA feature is not activated in remote eNodeB. SUPPRESSED
2025-09-08;03:21:19;AL  ;Minor ;EUtraNetwork=1,ExternalENodeBFunction=2221-650560;Inter Node Feature Incompatibility;Inter eNodeB CA feature is not activated in remote eNodeB. SUPPRESSED
2025-09-08;03:21:27;AL  ;Cleared;EUtraNetwork=1,ExternalENodeBFunction=2221-650560;Inter Node Feature Incompatibility;Inter eNodeB CA feature is not activated in remote eNodeB. SUPPRESSED
2025-09-08;03:21:34;AL  ;Minor ;EUtraNetwork=1,ExternalENodeBFunction=2221-650560;Inter Node Feature Incompatibility;Inter eNodeB CA feature is not activated in remote eNodeB. SUPPRESSED
2025-09-08;03:21:43;AL  ;Cleared;EUtraNetwork=1,ExternalENodeBFunction=2221-650560;Inter Node Feature Incompatibility;Inter eNodeB CA feature is not activated in remote eNodeB. SUPPRESSED
2025-09-08;03:21:48;AL  ;Minor ;EUtraNetwork=1,ExternalENodeBFunction=2221-650560;Inter Node Feature Incompatibility;Inter eNodeB CA feature is not activated in remote eNodeB The alarm is currently toggling. SUPPRESSED
2025-09-08;03:22:54;AL  ;Cleared;EUtraNetwork=1,ExternalENodeBFunction=2221-650560;Inter Node Feature Incompatibility;Inter eNodeB CA feature is not activated in remote eNodeB. SUPPRESSED
2025-09-08;03:33:05;AL  ;Minor ;EUtraNetwork=1,ExternalENodeBFunction=2221-650560;Inter Node Feature Incompatibility;Inter eNodeB CA feature is not activated in remote eNodeB. SUPPRESSED
2025-09-08;03:33:59;AL  ;Cleared;EUtraNetwork=1,ExternalENodeBFunction=2221-650560;Inter Node Feature Incompatibility;Inter eNodeB CA feature is not activated in remote eNodeB. SUPPRESSED
2025-09-08;03:34:46;AL  ;Minor ;EUtraNetwork=1,ExternalENodeBFunction=2221-650560;Inter Node Feature Incompatibility;Inter eNodeB CA feature is not activated in remote eNodeB. SUPPRESSED
2025-09-08;03:35:58;AL  ;Cleared;EUtraNetwork=1,ExternalENodeBFunction=2221-650560;Inter Node Feature Incompatibility;Inter eNodeB CA feature is not activated in remote eNodeB. SUPPRESSED
2025-09-08;04:50:37;AL  ;Minor ;EUtraNetwork=1,ExternalENodeBFunction=2221-211865;Inter Node Feature Incompatibility;Inter eNodeB CA feature is not activated in remote eNodeB. SUPPRESSED
2025-09-08;05:20:39;AL  ;Minor ;EUtraNetwork=1,ExternalENodeBFunction=2221-650560;Inter Node Feature Incompatibility;Inter eNodeB CA feature is not activated in remote eNodeB. SUPPRESSED
2025-09-08;05:21:34;AL  ;Cleared;EUtraNetwork=1,ExternalENodeBFunction=2221-650560;Inter Node Feature Incompatibility;Inter eNodeB CA feature is not activated in remote eNodeB. SUPPRESSED
2025-09-08;06:01:59;AL  ;Minor ;EUtraNetwork=1,ExternalENodeBFunction=2221-211865;Inter Node Feature Incompatibility;Inter eNodeB CA feature is not activated in remote eNodeB. SUPPRESSED
2025-09-08;21:39:59;AL  ;Cleared;EUtraNetwork=1,ExternalENodeBFunction=2221-211865;Inter Node Feature Incompatibility;Inter eNodeB CA feature is not activated in remote eNodeB. SUPPRESSED
2025-09-08;21:40:14;AL  ;Minor ;EUtraNetwork=1,ExternalENodeBFunction=2221-211865;Inter Node Feature Incompatibility;Inter eNodeB CA feature is not activated in remote eNodeB. SUPPRESSED
2025-09-08;23:05:24;AL  ;Cleared;EUtraNetwork=1,ExternalENodeBFunction=2221-211865;Inter Node Feature Incompatibility;Inter eNodeB CA feature is not activated in remote eNodeB. SUPPRESSED
2025-09-09;05:59:00;AL  ;Minor ;EUtraNetwork=1,ExternalENodeBFunction=2221-211865;Inter Node Feature Incompatibility;Inter eNodeB CA feature is not activated in remote eNodeB. SUPPRESSED
2025-09-09;13:51:19;AL  ;Major ;Synchronization=1,RadioEquipmentClock=1,RadioEquipmentClockReference=PTP;Sync PTP Time Reachability Fault;No PTP messages
2025-09-09;13:53:11;AL  ;Minor ;Synchronization=1,RadioEquipmentClock=1;Radio Clock Service in Time Holdover Mode;Time sync reference failure
2025-09-09;13:58:10;AL  ;Cleared;Synchronization=1,RadioEquipmentClock=1;Radio Clock Service in Time Holdover Mode;Time sync reference failure
2025-09-09;13:59:09;AL  ;Cleared;Synchronization=1,RadioEquipmentClock=1,RadioEquipmentClockReference=PTP;Sync PTP Time Reachability Fault;No PTP messages
2025-09-09;18:09:12;AL  ;Minor ;EUtraNetwork=1,ExternalENodeBFunction=2221-650560;Inter Node Feature Incompatibility;Inter eNodeB CA feature is not activated in remote eNodeB. SUPPRESSED
2025-09-09;18:09:28;AL  ;Cleared;EUtraNetwork=1,ExternalENodeBFunction=2221-650560;Inter Node Feature Incompatibility;Inter eNodeB CA feature is not activated in remote eNodeB. SUPPRESSED
2025-09-09;19:06:59;AL  ;Minor ;EUtraNetwork=1,ExternalENodeBFunction=2221-211865;Inter Node Feature Incompatibility;Inter eNodeB CA feature is not activated in remote eNodeB. SUPPRESSED
2025-09-09;19:15:27;AL  ;Cleared;EUtraNetwork=1,ExternalENodeBFunction=2221-211865;Inter Node Feature Incompatibility;Inter eNodeB CA feature is not activated in remote eNodeB. SUPPRESSED
2025-09-09;20:50:53;AL  ;Minor ;EUtraNetwork=1,ExternalENodeBFunction=2221-211865;Inter Node Feature Incompatibility;Inter eNodeB CA feature is not activated in remote eNodeB. SUPPRESSED
2025-09-09;20:52:03;AL  ;Cleared;EUtraNetwork=1,ExternalENodeBFunction=2221-211865;Inter Node Feature Incompatibility;Inter eNodeB CA feature is not activated in remote eNodeB. SUPPRESSED
2025-09-09;23:43:59;AL  ;Minor ;EUtraNetwork=1,ExternalENodeBFunction=2221-211865;Inter Node Feature Incompatibility;Inter eNodeB CA feature is not activated in remote eNodeB. SUPPRESSED
2025-09-10;09:03:35;AL  ;Minor ;EUtraNetwork=1,ExternalENodeBFunction=2221-650560;Inter Node Feature Incompatibility;Inter eNodeB CA feature is not activated in remote eNodeB. SUPPRESSED
2025-09-10;09:03:52;AL  ;Cleared;EUtraNetwork=1,ExternalENodeBFunction=2221-650560;Inter Node Feature Incompatibility;Inter eNodeB CA feature is not activated in remote eNodeB. SUPPRESSED
2025-09-10;15:45:41;AL  ;Minor ;EUtraNetwork=1,ExternalENodeBFunction=2221-650560;Inter Node Feature Incompatibility;Inter eNodeB CA feature is not activated in remote eNodeB. SUPPRESSED
2025-09-10;15:49:45;AL  ;Cleared;EUtraNetwork=1,ExternalENodeBFunction=2221-650560;Inter Node Feature Incompatibility;Inter eNodeB CA feature is not activated in remote eNodeB. SUPPRESSED
2025-09-10;17:39:12;AL  ;Cleared;EUtraNetwork=1,ExternalENodeBFunction=2221-211865;Inter Node Feature Incompatibility;Inter eNodeB CA feature is not activated in remote eNodeB. SUPPRESSED
2025-09-11;00:42:59;AL  ;Minor ;EUtraNetwork=1,ExternalENodeBFunction=2221-211865;Inter Node Feature Incompatibility;Inter eNodeB CA feature is not activated in remote eNodeB. SUPPRESSED
2025-09-11;06:01:37;AL  ;Cleared;EUtraNetwork=1,ExternalENodeBFunction=2221-211865;Inter Node Feature Incompatibility;Inter eNodeB CA feature is not activated in remote eNodeB. SUPPRESSED
2025-09-11;07:22:46;AL  ;Minor ;EUtraNetwork=1,ExternalENodeBFunction=2221-211865;Inter Node Feature Incompatibility;Inter eNodeB CA feature is not activated in remote eNodeB. SUPPRESSED
2025-09-11;07:23:49;AL  ;Cleared;EUtraNetwork=1,ExternalENodeBFunction=2221-211865;Inter Node Feature Incompatibility;Inter eNodeB CA feature is not activated in remote eNodeB. SUPPRESSED
2025-09-11;12:10:40;AL  ;Minor ;EUtraNetwork=1,ExternalENodeBFunction=2221-650560;Inter Node Feature Incompatibility;Inter eNodeB CA feature is not activated in remote eNodeB. SUPPRESSED
2025-09-11;12:11:37;AL  ;Cleared;EUtraNetwork=1,ExternalENodeBFunction=2221-650560;Inter Node Feature Incompatibility;Inter eNodeB CA feature is not activated in remote eNodeB. SUPPRESSED
2025-09-11;21:10:57;AL  ;Minor ;EUtraNetwork=1,ExternalENodeBFunction=2221-650560;Inter Node Feature Incompatibility;Inter eNodeB CA feature is not activated in remote eNodeB. SUPPRESSED
2025-09-11;21:11:05;AL  ;Cleared;EUtraNetwork=1,ExternalENodeBFunction=2221-650560;Inter Node Feature Incompatibility;Inter eNodeB CA feature is not activated in remote eNodeB. SUPPRESSED
2025-09-12;12:28:34;AL  ;Minor ;ENodeBFunction=1;External Link Failure;X2 link problem to one or several neighbouring eNodeBs. AI: PLMN ID-eNB ID 1 = 2221-650560
2025-09-12;12:29:11;AL  ;Minor ;ENodeBFunction=1;External Link to GNodeB Failure;X2 link problem to one or several neighbouring gNodeBs. AI: PLMN ID-gNB ID 1 = 2221-1053734
2025-09-12;16:58:52;AL  ;Cleared;ENodeBFunction=1;External Link to GNodeB Failure;X2 link problem to one or several neighbouring gNodeBs. AI: PLMN ID-gNB ID 1 = 2221-1053734
2025-09-12;17:00:26;AL  ;Cleared;ENodeBFunction=1;External Link Failure;X2 link problem to one or several neighbouring eNodeBs. AI: PLMN ID-eNB ID 1 = 2221-650560
2025-09-14;08:57:45;AL  ;Minor ;EUtraNetwork=1,ExternalENodeBFunction=2221-650560;Inter Node Carrier Aggregation Service Unavailable;Elastic RAN Carrier Aggregation is not available towards remote eNodeB.
2025-09-14;12:33:40;AL  ;Cleared;EUtraNetwork=1,ExternalENodeBFunction=2221-650560;Inter Node Carrier Aggregation Service Unavailable;Elastic RAN Carrier Aggregation is not available towards remote eNodeB.
2025-09-15;06:10:37;AL  ;Minor ;ENodeBFunction=1;External Link Failure;X2 link problem to one or several neighbouring eNodeBs. AI: PLMN ID-eNB ID 1 = 2221-650571
2025-09-15;10:03:38;AL  ;Minor ;EUtraNetwork=1,ExternalENodeBFunction=2221-650560;Inter Node Carrier Aggregation Service Unavailable;Elastic RAN Carrier Aggregation is not available towards remote eNodeB.
2025-09-15;10:05:00;AL  ;Cleared;EUtraNetwork=1,ExternalENodeBFunction=2221-650560;Inter Node Carrier Aggregation Service Unavailable;Elastic RAN Carrier Aggregation is not available towards remote eNodeB.
2025-09-15;10:10:17;AL  ;Minor ;EUtraNetwork=1,ExternalENodeBFunction=2221-650560;Inter Node Carrier Aggregation Service Unavailable;Elastic RAN Carrier Aggregation is not available towards remote eNodeB.
2025-09-15;10:10:57;AL  ;Cleared;EUtraNetwork=1,ExternalENodeBFunction=2221-650560;Inter Node Carrier Aggregation Service Unavailable;Elastic RAN Carrier Aggregation is not available towards remote eNodeB.
2025-09-15;10:42:09;AL  ;Cleared;ENodeBFunction=1;External Link Failure;X2 link problem to one or several neighbouring eNodeBs. AI: PLMN ID-eNB ID 1 = 2221-650571
2025-09-15;10:45:11;AL  ;Minor ;EUtraNetwork=1,ExternalENodeBFunction=2221-650560;Inter Node Carrier Aggregation Service Unavailable;Elastic RAN Carrier Aggregation is not available towards remote eNodeB.
2025-09-15;10:45:30;AL  ;Cleared;EUtraNetwork=1,ExternalENodeBFunction=2221-650560;Inter Node Carrier Aggregation Service Unavailable;Elastic RAN Carrier Aggregation is not available towards remote eNodeB.
2025-09-15;11:03:44;AL  ;Minor ;EUtraNetwork=1,ExternalENodeBFunction=2221-650560;Inter Node Carrier Aggregation Service Unavailable;Elastic RAN Carrier Aggregation is not available towards remote eNodeB.
2025-09-15;11:03:51;AL  ;Cleared;EUtraNetwork=1,ExternalENodeBFunction=2221-650560;Inter Node Carrier Aggregation Service Unavailable;Elastic RAN Carrier Aggregation is not available towards remote eNodeB.
2025-09-15;11:09:18;AL  ;Minor ;EUtraNetwork=1,ExternalENodeBFunction=2221-650560;Inter Node Carrier Aggregation Service Unavailable;Elastic RAN Carrier Aggregation is not available towards remote eNodeB.
2025-09-15;11:09:31;AL  ;Cleared;EUtraNetwork=1,ExternalENodeBFunction=2221-650560;Inter Node Carrier Aggregation Service Unavailable;Elastic RAN Carrier Aggregation is not available towards remote eNodeB.
2025-09-15;11:32:13;AL  ;Minor ;EUtraNetwork=1,ExternalENodeBFunction=2221-650560;Inter Node Carrier Aggregation Service Unavailable;Elastic RAN Carrier Aggregation is not available towards remote eNodeB.
2025-09-15;11:32:30;AL  ;Cleared;EUtraNetwork=1,ExternalENodeBFunction=2221-650560;Inter Node Carrier Aggregation Service Unavailable;Elastic RAN Carrier Aggregation is not available towards remote eNodeB.
2025-09-16;09:03:54;AL  ;Minor ;ENodeBFunction=1;External Link Failure;X2 link problem to one or several neighbouring eNodeBs. AI: PLMN ID-eNB ID 1 = 2221-650571
2025-09-16;09:21:16;AL  ;Cleared;ENodeBFunction=1;External Link Failure;X2 link problem to one or several neighbouring eNodeBs. AI: PLMN ID-eNB ID 1 = 2221-650571
2025-09-16;10:00:40;AL  ;Warning;ENodeBFunction=1;PLMN Service Redundancy Lost;S1 connection failure for PLMN connected with link represented by MO listed in Additional Information. AI: PLMN = ["2221"],DN1=ManagedElement=1,ENodeBFunction=1,TermPointToMme=5,
2025-09-16;10:01:10;AL  ;Cleared;ENodeBFunction=1;PLMN Service Redundancy Lost;S1 connection failure for PLMN connected with link represented by MO listed in Additional Information. AI: PLMN = ["2221"],DN1=ManagedElement=1,ENodeBFunction=1,TermPointToMme=5,
2025-09-16;13:19:49;AL  ;Minor ;ENodeBFunction=1;External Link Failure;X2 link problem to one or several neighbouring eNodeBs. AI: PLMN ID-eNB ID 1 = 2221-650520
2025-09-17;07:09:41;AL  ;Minor ;ENodeBFunction=1;External Link to GNodeB Failure;X2 link problem to one or several neighbouring gNodeBs. AI: PLMN ID-gNB ID 1 = 2221-1053581
2025-09-17;09:15:39;AL  ;Cleared;ENodeBFunction=1;External Link to GNodeB Failure;X2 link problem to one or several neighbouring gNodeBs. AI: PLMN ID-gNB ID 1 = 2221-1053581
2025-09-17;13:23:04;AL  ;Minor ;ENodeBFunction=1;External Link to GNodeB Failure;X2 link problem to one or several neighbouring gNodeBs. AI: PLMN ID-gNB ID 1 = 2221-1051259
2025-09-17;14:01:20;AL  ;Cleared;ENodeBFunction=1;External Link to GNodeB Failure;X2 link problem to one or several neighbouring gNodeBs. AI: PLMN ID-gNB ID 1 = 2221-1051259
2025-09-18;00:12:59;AL  ;Minor ;EUtraNetwork=1,ExternalENodeBFunction=2221-211865;Inter Node Feature Incompatibility;Inter eNodeB CA feature is not activated in remote eNodeB. SUPPRESSED
2025-09-18;06:01:17;AL  ;Minor ;EUtraNetwork=1,ExternalENodeBFunction=2221-211865;Inter Node Feature Incompatibility;Inter eNodeB CA feature is not activated in remote eNodeB. SUPPRESSED
2025-09-18;06:01:24;AL  ;Cleared;EUtraNetwork=1,ExternalENodeBFunction=2221-211865;Inter Node Feature Incompatibility;Inter eNodeB CA feature is not activated in remote eNodeB. SUPPRESSED
2025-09-18;08:18:09;AL  ;Minor ;ENodeBFunction=1;External Link Failure;X2 link problem to one or several neighbouring eNodeBs. AI: PLMN ID-eNB ID 1 = 2221-650520 PLMN ID-eNB ID 2 = 2221-209707
2025-09-18;13:03:35;AL  ;Minor ;ENodeBFunction=1;External Link Failure;X2 link problem to one or several neighbouring eNodeBs. AI: PLMN ID-eNB ID 1 = 2221-650520
2025-09-18;15:13:13;AL  ;Minor ;EUtraNetwork=1,ExternalENodeBFunction=2221-211865;Inter Node Feature Incompatibility;Inter eNodeB CA feature is not activated in remote eNodeB. SUPPRESSED
2025-09-18;15:13:22;AL  ;Cleared;EUtraNetwork=1,ExternalENodeBFunction=2221-211865;Inter Node Feature Incompatibility;Inter eNodeB CA feature is not activated in remote eNodeB. SUPPRESSED
2025-09-18;18:17:21;AL  ;Minor ;ENodeBFunction=1;External Link Failure;X2 link problem to one or several neighbouring eNodeBs. AI: PLMN ID-eNB ID 1 = 2221-650520 PLMN ID-eNB ID 2 = 2221-650560
2025-09-18;18:17:32;AL  ;Minor ;ENodeBFunction=1;External Link to GNodeB Failure;X2 link problem to one or several neighbouring gNodeBs. AI: PLMN ID-gNB ID 1 = 2221-1053734
2025-09-18;21:42:55;AL  ;Minor ;EUtraNetwork=1,ExternalENodeBFunction=2221-211865;Inter Node Feature Incompatibility;Inter eNodeB CA feature is not activated in remote eNodeB. SUPPRESSED
2025-09-18;21:43:25;AL  ;Cleared;EUtraNetwork=1,ExternalENodeBFunction=2221-211865;Inter Node Feature Incompatibility;Inter eNodeB CA feature is not activated in remote eNodeB. SUPPRESSED
2025-09-19;10:33:05;AL  ;Minor ;ENodeBFunction=1;External Link Failure;X2 link problem to one or several neighbouring eNodeBs. AI: PLMN ID-eNB ID 1 = 2221-650520 PLMN ID-eNB ID 2 = 2221-650560 PLMN ID-eNB ID 3 = 2221-650571
2025-09-19;10:39:50;AL  ;Minor ;ENodeBFunction=1;External Link Failure;X2 link problem to one or several neighbouring eNodeBs. AI: PLMN ID-eNB ID 1 = 2221-650520 PLMN ID-eNB ID 2 = 2221-650560
2025-09-19;15:12:03;AL  ;Minor ;ENodeBFunction=1;External Link Failure;X2 link problem to one or several neighbouring eNodeBs. AI: PLMN ID-eNB ID 1 = 2221-650520 PLMN ID-eNB ID 2 = 2221-650560 PLMN ID-eNB ID 3 = 2221-650571
2025-09-19;15:13:40;AL  ;Minor ;ENodeBFunction=1;External Link Failure;X2 link problem to one or several neighbouring eNodeBs. AI: PLMN ID-eNB ID 1 = 2221-650520 PLMN ID-eNB ID 2 = 2221-650560
2025-09-19;15:53:50;AL  ;Minor ;ENodeBFunction=1;External Link Failure;X2 link problem to one or several neighbouring eNodeBs. AI: PLMN ID-eNB ID 1 = 2221-650560
2025-09-20;05:42:01;AL  ;Minor ;ENodeBFunction=1;External Link Failure;X2 link problem to one or several neighbouring eNodeBs. AI: PLMN ID-eNB ID 1 = 2221-650560 PLMN ID-eNB ID 2 = 2221-650520
2025-09-20;18:54:10;AL  ;Minor ;ENodeBFunction=1;External Link Failure;X2 link problem to one or several neighbouring eNodeBs. AI: PLMN ID-eNB ID 1 = 2221-650560
2025-09-20;22:15:59;AL  ;Minor ;EUtraNetwork=1,ExternalENodeBFunction=2221-211865;Inter Node Feature Incompatibility;Inter eNodeB CA feature is not activated in remote eNodeB. SUPPRESSED
2025-09-20;22:22:04;AL  ;Cleared;EUtraNetwork=1,ExternalENodeBFunction=2221-211865;Inter Node Feature Incompatibility;Inter eNodeB CA feature is not activated in remote eNodeB. SUPPRESSED
2025-09-20;22:22:19;AL  ;Minor ;EUtraNetwork=1,ExternalENodeBFunction=2221-211865;Inter Node Feature Incompatibility;Inter eNodeB CA feature is not activated in remote eNodeB. SUPPRESSED
2025-09-20;22:27:59;AL  ;Minor ;EUtraNetwork=1,ExternalENodeBFunction=2221-211865;Inter Node Feature Incompatibility;Inter eNodeB CA feature is not activated in remote eNodeB. SUPPRESSED
2025-09-20;23:22:30;AL  ;Cleared;EUtraNetwork=1,ExternalENodeBFunction=2221-211865;Inter Node Feature Incompatibility;Inter eNodeB CA feature is not activated in remote eNodeB. SUPPRESSED
2025-09-20;23:22:59;AL  ;Minor ;EUtraNetwork=1,ExternalENodeBFunction=2221-211865;Inter Node Feature Incompatibility;Inter eNodeB CA feature is not activated in remote eNodeB. SUPPRESSED
2025-09-21;06:01:37;AL  ;Cleared;EUtraNetwork=1,ExternalENodeBFunction=2221-211865;Inter Node Feature Incompatibility;Inter eNodeB CA feature is not activated in remote eNodeB. SUPPRESSED
2025-09-21;09:38:38;AL  ;Minor ;EUtraNetwork=1,ExternalENodeBFunction=2221-211865;Inter Node Feature Incompatibility;Inter eNodeB CA feature is not activated in remote eNodeB. SUPPRESSED
2025-09-21;09:48:06;AL  ;Minor ;ENodeBFunction=1;External Link to GNodeB Failure;X2 link problem to one or several neighbouring gNodeBs. AI: PLMN ID-gNB ID 1 = 2221-1053734 PLMN ID-gNB ID 2 = 2221-1052884
2025-09-21;09:48:12;AL  ;Minor ;ENodeBFunction=1;External Link Failure;X2 link problem to one or several neighbouring eNodeBs. AI: PLMN ID-eNB ID 1 = 2221-650560 PLMN ID-eNB ID 2 = 2221-650005 PLMN ID-eNB ID 3 = 2221-208505
2025-09-21;12:12:10;AL  ;Cleared;ENodeBFunction=1;External Link Failure;X2 link problem to one or several neighbouring eNodeBs. AI: PLMN ID-eNB ID 1 = 2221-650560 PLMN ID-eNB ID 2 = 2221-650005 PLMN ID-eNB ID 3 = 2221-208505
2025-09-21;19:06:58;AL  ;Minor ;EUtraNetwork=1,ExternalENodeBFunction=2221-211865;Inter Node Feature Incompatibility;Inter eNodeB CA feature is not activated in remote eNodeB. SUPPRESSED
2025-09-21;22:33:08;AL  ;Minor ;EUtraNetwork=1,ExternalENodeBFunction=2221-211865;Inter Node Feature Incompatibility;Inter eNodeB CA feature is not activated in remote eNodeB. SUPPRESSED
2025-09-21;22:43:59;AL  ;Cleared;EUtraNetwork=1,ExternalENodeBFunction=2221-211865;Inter Node Feature Incompatibility;Inter eNodeB CA feature is not activated in remote eNodeB. SUPPRESSED
2025-09-21;22:45:09;AL  ;Minor ;EUtraNetwork=1,ExternalENodeBFunction=2221-211865;Inter Node Feature Incompatibility;Inter eNodeB CA feature is not activated in remote eNodeB. SUPPRESSED
2025-09-22;05:08:59;AL  ;Cleared;EUtraNetwork=1,ExternalENodeBFunction=2221-211865;Inter Node Feature Incompatibility;Inter eNodeB CA feature is not activated in remote eNodeB. SUPPRESSED
2025-09-22;08:04:40;AL  ;Major ;Synchronization=1,RadioEquipmentClock=1,RadioEquipmentClockReference=PTP;Sync PTP Time Reachability Fault;No PTP messages
2025-09-22;08:06:32;AL  ;Minor ;Synchronization=1,RadioEquipmentClock=1;Radio Clock Service in Time Holdover Mode;Time sync reference failure
2025-09-22;08:09:21;AL  ;Cleared;Synchronization=1,RadioEquipmentClock=1;Radio Clock Service in Time Holdover Mode;Time sync reference failure
2025-09-22;08:10:20;AL  ;Cleared;Synchronization=1,RadioEquipmentClock=1,RadioEquipmentClockReference=PTP;Sync PTP Time Reachability Fault;No PTP messages
2025-09-22;09:44:22;AL  ;Minor ;ENodeBFunction=1;External Link to GNodeB Failure;X2 link problem to one or several neighbouring gNodeBs. AI: PLMN ID-gNB ID 1 = 2221-1053734
2025-09-22;10:17:00;AL  ;Cleared;ENodeBFunction=1;External Link to GNodeB Failure;X2 link problem to one or several neighbouring gNodeBs. AI: PLMN ID-gNB ID 1 = 2221-1053734
2025-09-22;10:39:45;AL  ;Major ;Synchronization=1,RadioEquipmentClock=1,RadioEquipmentClockReference=PTP;Sync PTP Time Reachability Fault;No PTP messages
2025-09-22;10:41:37;AL  ;Minor ;Synchronization=1,RadioEquipmentClock=1;Radio Clock Service in Time Holdover Mode;Time sync reference failure
2025-09-22;10:51:07;AL  ;Cleared;Synchronization=1,RadioEquipmentClock=1;Radio Clock Service in Time Holdover Mode;Time sync reference failure
2025-09-22;10:52:06;AL  ;Cleared;Synchronization=1,RadioEquipmentClock=1,RadioEquipmentClockReference=PTP;Sync PTP Time Reachability Fault;No PTP messages
2025-09-22;10:52:20;AL  ;Major ;Synchronization=1,RadioEquipmentClock=1,RadioEquipmentClockReference=PTP;Sync PTP Time Reachability Fault;No PTP messages
2025-09-22;10:54:28;AL  ;Minor ;Synchronization=1,RadioEquipmentClock=1;Radio Clock Service in Time Holdover Mode;Time sync reference failure
2025-09-22;10:58:07;AL  ;Cleared;Synchronization=1,RadioEquipmentClock=1;Radio Clock Service in Time Holdover Mode;Time sync reference failure
2025-09-22;10:59:06;AL  ;Cleared;Synchronization=1,RadioEquipmentClock=1,RadioEquipmentClockReference=PTP;Sync PTP Time Reachability Fault;No PTP messages
2025-09-24;04:56:28;AL  ;Minor ;EUtraNetwork=1,ExternalENodeBFunction=2221-650560;Inter Node Feature Incompatibility;Inter eNodeB CA feature is not activated in remote eNodeB. SUPPRESSED
2025-09-24;05:31:00;AL  ;Cleared;EUtraNetwork=1,ExternalENodeBFunction=2221-650560;Inter Node Feature Incompatibility;Inter eNodeB CA feature is not activated in remote eNodeB. SUPPRESSED
2025-09-24;05:31:00;AL  ;Minor ;EUtraNetwork=1,ExternalENodeBFunction=2221-211865;Inter Node Feature Incompatibility;Inter eNodeB CA feature is not activated in remote eNodeB. SUPPRESSED
2025-09-24;11:49:48;AL  ;Minor ;EUtraNetwork=1,ExternalENodeBFunction=2221-650560;Inter Node Feature Incompatibility;Inter eNodeB CA feature is not activated in remote eNodeB. SUPPRESSED
2025-09-24;11:50:08;AL  ;Cleared;EUtraNetwork=1,ExternalENodeBFunction=2221-650560;Inter Node Feature Incompatibility;Inter eNodeB CA feature is not activated in remote eNodeB. SUPPRESSED
2025-09-24;13:51:49;AL  ;Minor ;EUtraNetwork=1,ExternalENodeBFunction=2221-650560;Inter Node Feature Incompatibility;Inter eNodeB CA feature is not activated in remote eNodeB. SUPPRESSED
2025-09-24;13:52:00;AL  ;Cleared;EUtraNetwork=1,ExternalENodeBFunction=2221-650560;Inter Node Feature Incompatibility;Inter eNodeB CA feature is not activated in remote eNodeB. SUPPRESSED
2025-09-24;14:35:26;AL  ;Minor ;ENodeBFunction=1;External Link Failure;X2 link problem to one or several neighbouring eNodeBs. AI: PLMN ID-eNB ID 1 = 2221-650520
2025-09-24;15:57:02;AL  ;Minor ;EUtraNetwork=1,ExternalENodeBFunction=2221-650560;Inter Node Feature Incompatibility;Inter eNodeB CA feature is not activated in remote eNodeB. SUPPRESSED
2025-09-24;16:00:56;AL  ;Cleared;EUtraNetwork=1,ExternalENodeBFunction=2221-650560;Inter Node Feature Incompatibility;Inter eNodeB CA feature is not activated in remote eNodeB. SUPPRESSED
2025-09-24;19:06:59;AL  ;Minor ;EUtraNetwork=1,ExternalENodeBFunction=2221-211865;Inter Node Feature Incompatibility;Inter eNodeB CA feature is not activated in remote eNodeB. SUPPRESSED
2025-09-24;19:07:59;AL  ;Minor ;EUtraNetwork=1,ExternalENodeBFunction=2221-211865;Inter Node Feature Incompatibility;Inter eNodeB CA feature is not activated in remote eNodeB. SUPPRESSED
2025-09-24;20:06:59;AL  ;Cleared;EUtraNetwork=1,ExternalENodeBFunction=2221-211865;Inter Node Feature Incompatibility;Inter eNodeB CA feature is not activated in remote eNodeB. SUPPRESSED
2025-09-24;20:07:08;AL  ;Minor ;EUtraNetwork=1,ExternalENodeBFunction=2221-211865;Inter Node Feature Incompatibility;Inter eNodeB CA feature is not activated in remote eNodeB. SUPPRESSED
2025-09-24;22:48:10;AL  ;Cleared;EUtraNetwork=1,ExternalENodeBFunction=2221-211865;Inter Node Feature Incompatibility;Inter eNodeB CA feature is not activated in remote eNodeB. SUPPRESSED
2025-09-25;11:30:21;AL  ;Major ;Synchronization=1,RadioEquipmentClock=1,RadioEquipmentClockReference=PTP;Sync PTP Time Reachability Fault;No PTP messages
2025-09-25;11:32:13;AL  ;Minor ;Synchronization=1,RadioEquipmentClock=1;Radio Clock Service in Time Holdover Mode;Time sync reference failure
2025-09-25;11:40:43;AL  ;Cleared;Synchronization=1,RadioEquipmentClock=1;Radio Clock Service in Time Holdover Mode;Time sync reference failure
2025-09-25;11:41:42;AL  ;Cleared;Synchronization=1,RadioEquipmentClock=1,RadioEquipmentClockReference=PTP;Sync PTP Time Reachability Fault;No PTP messages
2025-09-25;16:12:55;AL  ;Cleared;ENodeBFunction=1;External Link Failure;X2 link problem to one or several neighbouring eNodeBs. AI: PLMN ID-eNB ID 1 = 2221-650520
2025-09-26;05:40:33;AL  ;Minor ;ENodeBFunction=1;External Link Failure;X2 link problem to one or several neighbouring eNodeBs. AI: PLMN ID-eNB ID 1 = 2221-210816
2025-09-26;05:40:45;AL  ;Minor ;ENodeBFunction=1;External Link to GNodeB Failure;X2 link problem to one or several neighbouring gNodeBs. AI: PLMN ID-gNB ID 1 = 2221-1054693
2025-09-26;06:28:32;AL  ;Cleared;ENodeBFunction=1;External Link to GNodeB Failure;X2 link problem to one or several neighbouring gNodeBs. AI: PLMN ID-gNB ID 1 = 2221-1054693
2025-09-26;06:29:53;AL  ;Cleared;ENodeBFunction=1;External Link Failure;X2 link problem to one or several neighbouring eNodeBs. AI: PLMN ID-eNB ID 1 = 2221-210816
2025-09-26;13:36:49;AL  ;Major ;Synchronization=1,RadioEquipmentClock=1,RadioEquipmentClockReference=PTP;Sync PTP Time Reachability Fault;No PTP messages
2025-09-26;13:38:12;AL  ;Minor ;Synchronization=1,RadioEquipmentClock=1;Radio Clock Service in Time Holdover Mode;Time sync reference failure
2025-09-26;13:40:31;AL  ;Cleared;Synchronization=1,RadioEquipmentClock=1;Radio Clock Service in Time Holdover Mode;Time sync reference failure
2025-09-26;13:41:30;AL  ;Cleared;Synchronization=1,RadioEquipmentClock=1,RadioEquipmentClockReference=PTP;Sync PTP Time Reachability Fault;No PTP messages
2025-09-26;13:45:20;AL  ;Major ;Synchronization=1,RadioEquipmentClock=1,RadioEquipmentClockReference=PTP;Sync PTP Time Reachability Fault;No PTP messages
2025-09-26;13:47:12;AL  ;Minor ;Synchronization=1,RadioEquipmentClock=1;Radio Clock Service in Time Holdover Mode;Time sync reference failure
2025-09-26;13:55:37;AL  ;Minor ;Synchronization=1,RadioEquipmentClock=1;Radio Clock Service in Time Holdover Mode;Time sync reference administratively locked or not configured
2025-09-26;13:55:37;AL  ;Cleared;Synchronization=1,RadioEquipmentClock=1,RadioEquipmentClockReference=PTP;Sync PTP Time Reachability Fault;No PTP messages
2025-09-26;13:55:42;AL  ;Major ;Synchronization=1,RadioEquipmentClock=1,RadioEquipmentClockReference=PTP;Sync PTP Time Reachability Fault;No PTP messages
2025-09-26;14:00:42;AL  ;Cleared;Synchronization=1,RadioEquipmentClock=1;Radio Clock Service in Time Holdover Mode;Time sync reference failure
2025-09-26;14:01:41;AL  ;Cleared;Synchronization=1,RadioEquipmentClock=1,RadioEquipmentClockReference=PTP;Sync PTP Time Reachability Fault;No PTP messages
2025-09-26;14:02:25;AL  ;Major ;Synchronization=1,RadioEquipmentClock=1,RadioEquipmentClockReference=PTP;Sync PTP Time Reachability Fault;No PTP messages
2025-09-26;14:04:23;AL  ;Minor ;Synchronization=1,RadioEquipmentClock=1;Radio Clock Service in Time Holdover Mode;Time sync reference failure
2025-09-26;14:12:52;AL  ;Cleared;Synchronization=1,RadioEquipmentClock=1;Radio Clock Service in Time Holdover Mode;Time sync reference failure
2025-09-26;14:13:51;AL  ;Cleared;Synchronization=1,RadioEquipmentClock=1,RadioEquipmentClockReference=PTP;Sync PTP Time Reachability Fault;No PTP messages
2025-09-26;14:21:01;AL  ;Minor ;Synchronization=1,RadioEquipmentClock=1;Radio Clock Service in Time Holdover Mode;Time sync reference administratively locked or not configured
2025-09-26;14:28:22;AL  ;Minor ;Synchronization=1,RadioEquipmentClock=1;Radio Clock Service in Time Holdover Mode;Time sync reference failure
2025-09-26;14:28:22;AL  ;Major ;Synchronization=1,RadioEquipmentClock=1,RadioEquipmentClockReference=PTP;Sync PTP Time Reachability Fault;No PTP messages
2025-09-26;14:48:00;AL  ;Cleared;Synchronization=1,RadioEquipmentClock=1;Radio Clock Service in Time Holdover Mode;Time sync reference failure
2025-09-26;14:48:34;AL  ;Cleared;Synchronization=1,RadioEquipmentClock=1,RadioEquipmentClockReference=PTP;Sync PTP Time Reachability Fault;No PTP messages
2025-09-26;14:56:04;AL  ;Minor ;Synchronization=1,RadioEquipmentClock=1;Radio Clock Service in Time Holdover Mode;Time sync reference administratively locked or not configured
2025-09-26;15:22:37;AL  ;Minor ;EUtraNetwork=1,ExternalENodeBFunction=2221-211865;Inter Node Feature Incompatibility;Inter eNodeB CA feature is not activated in remote eNodeB. SUPPRESSED
2025-09-26;15:23:03;AL  ;Cleared;Synchronization=1,RadioEquipmentClock=1;Radio Clock Service in Time Holdover Mode;Time sync reference administratively locked or not configured
2025-09-26;15:24:42;AL  ;Cleared;EUtraNetwork=1,ExternalENodeBFunction=2221-211865;Inter Node Feature Incompatibility;Inter eNodeB CA feature is not activated in remote eNodeB. SUPPRESSED
2025-09-26;15:28:07;AL  ;Minor ;EUtraNetwork=1,ExternalENodeBFunction=2221-211865;Inter Node Feature Incompatibility;Inter eNodeB CA feature is not activated in remote eNodeB. SUPPRESSED
2025-09-26;19:17:08;AL  ;Cleared;EUtraNetwork=1,ExternalENodeBFunction=2221-211865;Inter Node Feature Incompatibility;Inter eNodeB CA feature is not activated in remote eNodeB. SUPPRESSED
2025-09-26;19:17:12;AL  ;Minor ;EUtraNetwork=1,ExternalENodeBFunction=2221-211865;Inter Node Feature Incompatibility;Inter eNodeB CA feature is not activated in remote eNodeB. SUPPRESSED
2025-09-26;20:28:19;AL  ;Minor ;EUtraNetwork=1,ExternalENodeBFunction=2221-211865;Inter Node Feature Incompatibility;Inter eNodeB CA feature is not activated in remote eNodeB. SUPPRESSED
2025-09-26;22:00:59;AL  ;Cleared;EUtraNetwork=1,ExternalENodeBFunction=2221-211865;Inter Node Feature Incompatibility;Inter eNodeB CA feature is not activated in remote eNodeB. SUPPRESSED
2025-09-26;22:01:58;AL  ;Minor ;EUtraNetwork=1,ExternalENodeBFunction=2221-211865;Inter Node Feature Incompatibility;Inter eNodeB CA feature is not activated in remote eNodeB. SUPPRESSED
2025-09-26;22:38:59;AL  ;Cleared;EUtraNetwork=1,ExternalENodeBFunction=2221-211865;Inter Node Feature Incompatibility;Inter eNodeB CA feature is not activated in remote eNodeB. SUPPRESSED
2025-09-26;22:39:52;AL  ;Minor ;EUtraNetwork=1,ExternalENodeBFunction=2221-211865;Inter Node Feature Incompatibility;Inter eNodeB CA feature is not activated in remote eNodeB. SUPPRESSED
2025-09-27;06:28:22;AL  ;Cleared;EUtraNetwork=1,ExternalENodeBFunction=2221-211865;Inter Node Feature Incompatibility;Inter eNodeB CA feature is not activated in remote eNodeB. SUPPRESSED
2025-09-27;06:29:23;AL  ;Minor ;EUtraNetwork=1,ExternalENodeBFunction=2221-211865;Inter Node Feature Incompatibility;Inter eNodeB CA feature is not activated in remote eNodeB. SUPPRESSED
2025-09-27;07:28:20;AL  ;Cleared;EUtraNetwork=1,ExternalENodeBFunction=2221-211865;Inter Node Feature Incompatibility;Inter eNodeB CA feature is not activated in remote eNodeB. SUPPRESSED
2025-09-27;07:28:58;AL  ;Minor ;EUtraNetwork=1,ExternalENodeBFunction=2221-211865;Inter Node Feature Incompatibility;Inter eNodeB CA feature is not activated in remote eNodeB. SUPPRESSED
2025-09-27;09:15:09;AL  ;Minor ;EUtraNetwork=1,ExternalENodeBFunction=2221-650560;Inter Node Feature Incompatibility;Inter eNodeB CA feature is not activated in remote eNodeB. SUPPRESSED
2025-09-27;09:15:39;AL  ;Cleared;EUtraNetwork=1,ExternalENodeBFunction=2221-650560;Inter Node Feature Incompatibility;Inter eNodeB CA feature is not activated in remote eNodeB. SUPPRESSED
2025-09-27;15:01:19;AL  ;Cleared;EUtraNetwork=1,ExternalENodeBFunction=2221-211865;Inter Node Feature Incompatibility;Inter eNodeB CA feature is not activated in remote eNodeB. SUPPRESSED
2025-09-27;15:05:49;AL  ;Minor ;EUtraNetwork=1,ExternalENodeBFunction=2221-211865;Inter Node Feature Incompatibility;Inter eNodeB CA feature is not activated in remote eNodeB. SUPPRESSED
2025-09-27;18:01:00;AL  ;Minor ;EUtraNetwork=1,ExternalENodeBFunction=2221-650560;Inter Node Feature Incompatibility;Inter eNodeB CA feature is not activated in remote eNodeB. SUPPRESSED
2025-09-27;18:07:12;AL  ;Cleared;EUtraNetwork=1,ExternalENodeBFunction=2221-650560;Inter Node Feature Incompatibility;Inter eNodeB CA feature is not activated in remote eNodeB. SUPPRESSED
2025-09-27;19:06:59;AL  ;Minor ;EUtraNetwork=1,ExternalENodeBFunction=2221-211865;Inter Node Feature Incompatibility;Inter eNodeB CA feature is not activated in remote eNodeB. SUPPRESSED
2025-09-27;23:00:27;AL  ;Cleared;EUtraNetwork=1,ExternalENodeBFunction=2221-211865;Inter Node Feature Incompatibility;Inter eNodeB CA feature is not activated in remote eNodeB. SUPPRESSED
2025-09-27;23:00:35;AL  ;Minor ;EUtraNetwork=1,ExternalENodeBFunction=2221-211865;Inter Node Feature Incompatibility;Inter eNodeB CA feature is not activated in remote eNodeB. SUPPRESSED
2025-09-27;23:03:05;AL  ;Cleared;EUtraNetwork=1,ExternalENodeBFunction=2221-211865;Inter Node Feature Incompatibility;Inter eNodeB CA feature is not activated in remote eNodeB. SUPPRESSED
2025-09-27;23:06:09;AL  ;Minor ;EUtraNetwork=1,ExternalENodeBFunction=2221-211865;Inter Node Feature Incompatibility;Inter eNodeB CA feature is not activated in remote eNodeB. SUPPRESSED
2025-09-28;01:11:19;AL  ;Minor ;EUtraNetwork=1,ExternalENodeBFunction=2221-650560;Inter Node Feature Incompatibility;Inter eNodeB CA feature is not activated in remote eNodeB. SUPPRESSED
2025-09-28;01:13:59;AL  ;Cleared;EUtraNetwork=1,ExternalENodeBFunction=2221-650560;Inter Node Feature Incompatibility;Inter eNodeB CA feature is not activated in remote eNodeB. SUPPRESSED
2025-09-28;07:40:50;AL  ;Minor ;EUtraNetwork=1,ExternalENodeBFunction=2221-650560;Inter Node Feature Incompatibility;Inter eNodeB CA feature is not activated in remote eNodeB. SUPPRESSED
2025-09-28;07:41:14;AL  ;Cleared;EUtraNetwork=1,ExternalENodeBFunction=2221-650560;Inter Node Feature Incompatibility;Inter eNodeB CA feature is not activated in remote eNodeB. SUPPRESSED
2025-09-28;15:34:05;AL  ;Minor ;EUtraNetwork=1,ExternalENodeBFunction=2221-650560;Inter Node Feature Incompatibility;Inter eNodeB CA feature is not activated in remote eNodeB. SUPPRESSED
2025-09-28;15:34:09;AL  ;Cleared;EUtraNetwork=1,ExternalENodeBFunction=2221-650560;Inter Node Feature Incompatibility;Inter eNodeB CA feature is not activated in remote eNodeB. SUPPRESSED
2025-09-28;19:06:59;AL  ;Minor ;EUtraNetwork=1,ExternalENodeBFunction=2221-211865;Inter Node Feature Incompatibility;Inter eNodeB CA feature is not activated in remote eNodeB. SUPPRESSED
2025-09-28;20:28:19;AL  ;Cleared;EUtraNetwork=1,ExternalENodeBFunction=2221-211865;Inter Node Feature Incompatibility;Inter eNodeB CA feature is not activated in remote eNodeB. SUPPRESSED
2025-09-28;20:29:09;AL  ;Minor ;EUtraNetwork=1,ExternalENodeBFunction=2221-211865;Inter Node Feature Incompatibility;Inter eNodeB CA feature is not activated in remote eNodeB. SUPPRESSED
2025-09-28;22:08:03;AL  ;Cleared;EUtraNetwork=1,ExternalENodeBFunction=2221-211865;Inter Node Feature Incompatibility;Inter eNodeB CA feature is not activated in remote eNodeB. SUPPRESSED
2025-09-28;22:08:58;AL  ;Minor ;EUtraNetwork=1,ExternalENodeBFunction=2221-211865;Inter Node Feature Incompatibility;Inter eNodeB CA feature is not activated in remote eNodeB. SUPPRESSED
2025-09-28;22:21:59;AL  ;Cleared;EUtraNetwork=1,ExternalENodeBFunction=2221-211865;Inter Node Feature Incompatibility;Inter eNodeB CA feature is not activated in remote eNodeB. SUPPRESSED
2025-09-28;22:21:59;AL  ;Minor ;EUtraNetwork=1,ExternalENodeBFunction=2221-650560;Inter Node Feature Incompatibility;Inter eNodeB CA feature is not activated in remote eNodeB. SUPPRESSED
2025-09-28;22:24:03;AL  ;Cleared;EUtraNetwork=1,ExternalENodeBFunction=2221-650560;Inter Node Feature Incompatibility;Inter eNodeB CA feature is not activated in remote eNodeB. SUPPRESSED
2025-09-28;22:24:03;AL  ;Minor ;EUtraNetwork=1,ExternalENodeBFunction=2221-211865;Inter Node Feature Incompatibility;Inter eNodeB CA feature is not activated in remote eNodeB. SUPPRESSED
2025-09-28;23:28:45;AL  ;Cleared;EUtraNetwork=1,ExternalENodeBFunction=2221-211865;Inter Node Feature Incompatibility;Inter eNodeB CA feature is not activated in remote eNodeB. SUPPRESSED
2025-09-28;23:29:59;AL  ;Minor ;EUtraNetwork=1,ExternalENodeBFunction=2221-211865;Inter Node Feature Incompatibility;Inter eNodeB CA feature is not activated in remote eNodeB. SUPPRESSED
2025-09-29;07:48:10;AL  ;Minor ;ENodeBFunction=1;External Link Failure;X2 link problem to one or several neighbouring eNodeBs. AI: PLMN ID-eNB ID 1 = 2221-650520
2025-09-29;13:36:23;AL  ;Cleared;ENodeBFunction=1;External Link Failure;X2 link problem to one or several neighbouring eNodeBs. AI: PLMN ID-eNB ID 1 = 2221-650520
2025-09-29;15:01:19;AL  ;Cleared;EUtraNetwork=1,ExternalENodeBFunction=2221-211865;Inter Node Feature Incompatibility;Inter eNodeB CA feature is not activated in remote eNodeB. SUPPRESSED
2025-09-29;15:02:19;AL  ;Minor ;EUtraNetwork=1,ExternalENodeBFunction=2221-211865;Inter Node Feature Incompatibility;Inter eNodeB CA feature is not activated in remote eNodeB. SUPPRESSED
2025-09-29;15:05:50;AL  ;Minor ;EUtraNetwork=1,ExternalENodeBFunction=2221-650560;Inter Node Feature Incompatibility;Inter eNodeB CA feature is not activated in remote eNodeB. SUPPRESSED
2025-09-29;15:05:58;AL  ;Cleared;EUtraNetwork=1,ExternalENodeBFunction=2221-650560;Inter Node Feature Incompatibility;Inter eNodeB CA feature is not activated in remote eNodeB. SUPPRESSED
2025-09-29;15:42:46;AL  ;Minor ;EUtraNetwork=1,ExternalENodeBFunction=2221-650560;Inter Node Feature Incompatibility;Inter eNodeB CA feature is not activated in remote eNodeB. SUPPRESSED
2025-09-29;15:44:14;AL  ;Cleared;EUtraNetwork=1,ExternalENodeBFunction=2221-650560;Inter Node Feature Incompatibility;Inter eNodeB CA feature is not activated in remote eNodeB. SUPPRESSED
2025-09-29;16:23:57;AL  ;Minor ;EUtraNetwork=1,ExternalENodeBFunction=2221-650560;Inter Node Feature Incompatibility;Inter eNodeB CA feature is not activated in remote eNodeB. SUPPRESSED
2025-09-29;16:24:45;AL  ;Cleared;EUtraNetwork=1,ExternalENodeBFunction=2221-650560;Inter Node Feature Incompatibility;Inter eNodeB CA feature is not activated in remote eNodeB. SUPPRESSED
2025-09-29;19:18:04;AL  ;Minor ;ENodeBFunction=1;External Link Failure;X2 link problem to one or several neighbouring eNodeBs. AI: PLMN ID-eNB ID 1 = 2221-650571
2025-09-29;19:18:19;AL  ;Cleared;ENodeBFunction=1;External Link Failure;X2 link problem to one or several neighbouring eNodeBs. AI: PLMN ID-eNB ID 1 = 2221-650571
2025-09-29;19:25:59;AL  ;Cleared;EUtraNetwork=1,ExternalENodeBFunction=2221-211865;Inter Node Feature Incompatibility;Inter eNodeB CA feature is not activated in remote eNodeB. SUPPRESSED
2025-09-29;19:26:05;AL  ;Minor ;EUtraNetwork=1,ExternalENodeBFunction=2221-211865;Inter Node Feature Incompatibility;Inter eNodeB CA feature is not activated in remote eNodeB. SUPPRESSED
2025-09-29;22:45:59;AL  ;Cleared;EUtraNetwork=1,ExternalENodeBFunction=2221-211865;Inter Node Feature Incompatibility;Inter eNodeB CA feature is not activated in remote eNodeB. SUPPRESSED
2025-09-29;22:46:58;AL  ;Minor ;EUtraNetwork=1,ExternalENodeBFunction=2221-211865;Inter Node Feature Incompatibility;Inter eNodeB CA feature is not activated in remote eNodeB. SUPPRESSED
2025-09-29;23:41:59;AL  ;Cleared;EUtraNetwork=1,ExternalENodeBFunction=2221-211865;Inter Node Feature Incompatibility;Inter eNodeB CA feature is not activated in remote eNodeB. SUPPRESSED
2025-09-29;23:44:58;AL  ;Minor ;EUtraNetwork=1,ExternalENodeBFunction=2221-211865;Inter Node Feature Incompatibility;Inter eNodeB CA feature is not activated in remote eNodeB. SUPPRESSED
2025-09-29;23:46:55;AL  ;Minor ;EUtraNetwork=1,ExternalENodeBFunction=2221-211865;Inter Node Feature Incompatibility;Inter eNodeB CA feature is not activated in remote eNodeB. SUPPRESSED
2025-09-30;05:50:11;AL  ;Minor ;EUtraNetwork=1,ExternalENodeBFunction=2221-650560;Inter Node Feature Incompatibility;Inter eNodeB CA feature is not activated in remote eNodeB. SUPPRESSED
2025-09-30;05:55:35;AL  ;Cleared;EUtraNetwork=1,ExternalENodeBFunction=2221-650560;Inter Node Feature Incompatibility;Inter eNodeB CA feature is not activated in remote eNodeB. SUPPRESSED
2025-09-30;06:01:23;AL  ;Minor ;EUtraNetwork=1,ExternalENodeBFunction=2221-211865;Inter Node Feature Incompatibility;Inter eNodeB CA feature is not activated in remote eNodeB. SUPPRESSED
2025-09-30;14:24:15;AL  ;Minor ;EUtraNetwork=1,ExternalENodeBFunction=2221-650560;Inter Node Feature Incompatibility;Inter eNodeB CA feature is not activated in remote eNodeB. SUPPRESSED
2025-09-30;14:27:49;AL  ;Cleared;EUtraNetwork=1,ExternalENodeBFunction=2221-650560;Inter Node Feature Incompatibility;Inter eNodeB CA feature is not activated in remote eNodeB. SUPPRESSED
2025-09-30;18:28:19;AL  ;Cleared;EUtraNetwork=1,ExternalENodeBFunction=2221-211865;Inter Node Feature Incompatibility;Inter eNodeB CA feature is not activated in remote eNodeB. SUPPRESSED
2025-09-30;18:29:48;AL  ;Minor ;EUtraNetwork=1,ExternalENodeBFunction=2221-211865;Inter Node Feature Incompatibility;Inter eNodeB CA feature is not activated in remote eNodeB. SUPPRESSED
2025-09-30;19:06:59;AL  ;Minor ;EUtraNetwork=1,ExternalENodeBFunction=2221-211865;Inter Node Feature Incompatibility;Inter eNodeB CA feature is not activated in remote eNodeB. SUPPRESSED
2025-09-30;19:13:59;AL  ;Cleared;EUtraNetwork=1,ExternalENodeBFunction=2221-211865;Inter Node Feature Incompatibility;Inter eNodeB CA feature is not activated in remote eNodeB. SUPPRESSED
2025-09-30;19:15:59;AL  ;Minor ;EUtraNetwork=1,ExternalENodeBFunction=2221-211865;Inter Node Feature Incompatibility;Inter eNodeB CA feature is not activated in remote eNodeB. SUPPRESSED
2025-09-30;19:28:22;AL  ;Cleared;EUtraNetwork=1,ExternalENodeBFunction=2221-211865;Inter Node Feature Incompatibility;Inter eNodeB CA feature is not activated in remote eNodeB. SUPPRESSED
2025-09-30;19:29:58;AL  ;Minor ;EUtraNetwork=1,ExternalENodeBFunction=2221-211865;Inter Node Feature Incompatibility;Inter eNodeB CA feature is not activated in remote eNodeB. SUPPRESSED
2025-09-30;22:27:59;AL  ;Cleared;EUtraNetwork=1,ExternalENodeBFunction=2221-211865;Inter Node Feature Incompatibility;Inter eNodeB CA feature is not activated in remote eNodeB. SUPPRESSED
2025-09-30;22:28:59;AL  ;Minor ;EUtraNetwork=1,ExternalENodeBFunction=2221-211865;Inter Node Feature Incompatibility;Inter eNodeB CA feature is not activated in remote eNodeB. SUPPRESSED
2025-09-30;22:44:59;AL  ;Cleared;EUtraNetwork=1,ExternalENodeBFunction=2221-211865;Inter Node Feature Incompatibility;Inter eNodeB CA feature is not activated in remote eNodeB. SUPPRESSED
2025-09-30;22:47:13;AL  ;Minor ;EUtraNetwork=1,ExternalENodeBFunction=2221-211865;Inter Node Feature Incompatibility;Inter eNodeB CA feature is not activated in remote eNodeB. SUPPRESSED
2025-09-30;23:46:55;AL  ;Minor ;EUtraNetwork=1,ExternalENodeBFunction=2221-650560;Inter Node Feature Incompatibility;Inter eNodeB CA feature is not activated in remote eNodeB. SUPPRESSED
2025-09-30;23:47:19;AL  ;Cleared;EUtraNetwork=1,ExternalENodeBFunction=2221-650560;Inter Node Feature Incompatibility;Inter eNodeB CA feature is not activated in remote eNodeB. SUPPRESSED
2025-10-01;06:01:21;AL  ;Minor ;EUtraNetwork=1,ExternalENodeBFunction=2221-211865;Inter Node Feature Incompatibility;Inter eNodeB CA feature is not activated in remote eNodeB. SUPPRESSED
2025-10-01;13:01:19;AL  ;Cleared;EUtraNetwork=1,ExternalENodeBFunction=2221-211865;Inter Node Feature Incompatibility;Inter eNodeB CA feature is not activated in remote eNodeB. SUPPRESSED
2025-10-01;13:02:28;AL  ;Minor ;EUtraNetwork=1,ExternalENodeBFunction=2221-211865;Inter Node Feature Incompatibility;Inter eNodeB CA feature is not activated in remote eNodeB. SUPPRESSED
2025-10-01;15:46:41;AL  ;Minor ;EUtraNetwork=1,ExternalENodeBFunction=2221-650560;Inter Node Feature Incompatibility;Inter eNodeB CA feature is not activated in remote eNodeB. SUPPRESSED
2025-10-01;15:48:06;AL  ;Cleared;EUtraNetwork=1,ExternalENodeBFunction=2221-650560;Inter Node Feature Incompatibility;Inter eNodeB CA feature is not activated in remote eNodeB. SUPPRESSED
2025-10-01;19:18:32;AL  ;Cleared;EUtraNetwork=1,ExternalENodeBFunction=2221-211865;Inter Node Feature Incompatibility;Inter eNodeB CA feature is not activated in remote eNodeB. SUPPRESSED
2025-10-01;19:19:02;AL  ;Minor ;EUtraNetwork=1,ExternalENodeBFunction=2221-211865;Inter Node Feature Incompatibility;Inter eNodeB CA feature is not activated in remote eNodeB. SUPPRESSED
2025-10-01;23:03:02;AL  ;Minor ;EUtraNetwork=1,ExternalENodeBFunction=2221-211865;Inter Node Feature Incompatibility;Inter eNodeB CA feature is not activated in remote eNodeB. SUPPRESSED
2025-10-01;23:08:14;AL  ;Cleared;EUtraNetwork=1,ExternalENodeBFunction=2221-211865;Inter Node Feature Incompatibility;Inter eNodeB CA feature is not activated in remote eNodeB. SUPPRESSED
2025-10-01;23:08:46;AL  ;Minor ;EUtraNetwork=1,ExternalENodeBFunction=2221-211865;Inter Node Feature Incompatibility;Inter eNodeB CA feature is not activated in remote eNodeB. SUPPRESSED
2025-10-02;08:01:22;AL  ;Cleared;EUtraNetwork=1,ExternalENodeBFunction=2221-211865;Inter Node Feature Incompatibility;Inter eNodeB CA feature is not activated in remote eNodeB. SUPPRESSED
2025-10-02;08:01:57;AL  ;Minor ;EUtraNetwork=1,ExternalENodeBFunction=2221-211865;Inter Node Feature Incompatibility;Inter eNodeB CA feature is not activated in remote eNodeB. SUPPRESSED
2025-10-02;19:07:59;AL  ;Minor ;EUtraNetwork=1,ExternalENodeBFunction=2221-211865;Inter Node Feature Incompatibility;Inter eNodeB CA feature is not activated in remote eNodeB. SUPPRESSED
2025-10-02;19:16:58;AL  ;Cleared;EUtraNetwork=1,ExternalENodeBFunction=2221-211865;Inter Node Feature Incompatibility;Inter eNodeB CA feature is not activated in remote eNodeB. SUPPRESSED
2025-10-02;19:17:03;AL  ;Minor ;EUtraNetwork=1,ExternalENodeBFunction=2221-211865;Inter Node Feature Incompatibility;Inter eNodeB CA feature is not activated in remote eNodeB. SUPPRESSED
2025-10-02;22:35:02;AL  ;Cleared;EUtraNetwork=1,ExternalENodeBFunction=2221-211865;Inter Node Feature Incompatibility;Inter eNodeB CA feature is not activated in remote eNodeB. SUPPRESSED
2025-10-02;22:35:46;AL  ;Minor ;EUtraNetwork=1,ExternalENodeBFunction=2221-211865;Inter Node Feature Incompatibility;Inter eNodeB CA feature is not activated in remote eNodeB. SUPPRESSED
2025-10-02;23:47:00;AL  ;Minor ;EUtraNetwork=1,ExternalENodeBFunction=2221-211865;Inter Node Feature Incompatibility;Inter eNodeB CA feature is not activated in remote eNodeB. SUPPRESSED
2025-10-02;23:58:57;AL  ;Cleared;EUtraNetwork=1,ExternalENodeBFunction=2221-211865;Inter Node Feature Incompatibility;Inter eNodeB CA feature is not activated in remote eNodeB. SUPPRESSED
2025-10-02;23:58:57;AL  ;Minor ;EUtraNetwork=1,ExternalENodeBFunction=2221-650560;Inter Node Feature Incompatibility;Inter eNodeB CA feature is not activated in remote eNodeB. SUPPRESSED
2025-10-02;23:59:11;AL  ;Cleared;EUtraNetwork=1,ExternalENodeBFunction=2221-650560;Inter Node Feature Incompatibility;Inter eNodeB CA feature is not activated in remote eNodeB. SUPPRESSED
2025-10-02;23:59:11;AL  ;Minor ;EUtraNetwork=1,ExternalENodeBFunction=2221-211865;Inter Node Feature Incompatibility;Inter eNodeB CA feature is not activated in remote eNodeB. SUPPRESSED
2025-10-03;08:22:49;AL  ;Minor ;EUtraNetwork=1,ExternalENodeBFunction=2221-650560;Inter Node Feature Incompatibility;Inter eNodeB CA feature is not activated in remote eNodeB. SUPPRESSED
2025-10-03;08:26:44;AL  ;Cleared;EUtraNetwork=1,ExternalENodeBFunction=2221-650560;Inter Node Feature Incompatibility;Inter eNodeB CA feature is not activated in remote eNodeB. SUPPRESSED
2025-10-03;08:28:20;AL  ;Cleared;EUtraNetwork=1,ExternalENodeBFunction=2221-211865;Inter Node Feature Incompatibility;Inter eNodeB CA feature is not activated in remote eNodeB. SUPPRESSED
2025-10-03;08:34:40;AL  ;Minor ;EUtraNetwork=1,ExternalENodeBFunction=2221-211865;Inter Node Feature Incompatibility;Inter eNodeB CA feature is not activated in remote eNodeB. SUPPRESSED
2025-10-03;14:28:19;AL  ;Cleared;EUtraNetwork=1,ExternalENodeBFunction=2221-211865;Inter Node Feature Incompatibility;Inter eNodeB CA feature is not activated in remote eNodeB. SUPPRESSED
2025-10-03;14:29:14;AL  ;Minor ;EUtraNetwork=1,ExternalENodeBFunction=2221-211865;Inter Node Feature Incompatibility;Inter eNodeB CA feature is not activated in remote eNodeB. SUPPRESSED
2025-10-03;19:06:59;AL  ;Minor ;EUtraNetwork=1,ExternalENodeBFunction=2221-211865;Inter Node Feature Incompatibility;Inter eNodeB CA feature is not activated in remote eNodeB. SUPPRESSED
2025-10-03;22:28:23;AL  ;Cleared;EUtraNetwork=1,ExternalENodeBFunction=2221-211865;Inter Node Feature Incompatibility;Inter eNodeB CA feature is not activated in remote eNodeB. SUPPRESSED
2025-10-03;22:28:59;AL  ;Minor ;EUtraNetwork=1,ExternalENodeBFunction=2221-211865;Inter Node Feature Incompatibility;Inter eNodeB CA feature is not activated in remote eNodeB. SUPPRESSED
2025-10-03;22:34:58;AL  ;Cleared;EUtraNetwork=1,ExternalENodeBFunction=2221-211865;Inter Node Feature Incompatibility;Inter eNodeB CA feature is not activated in remote eNodeB. SUPPRESSED
2025-10-03;22:35:59;AL  ;Minor ;EUtraNetwork=1,ExternalENodeBFunction=2221-650560;Inter Node Feature Incompatibility;Inter eNodeB CA feature is not activated in remote eNodeB. SUPPRESSED
2025-10-03;22:36:06;AL  ;Cleared;EUtraNetwork=1,ExternalENodeBFunction=2221-650560;Inter Node Feature Incompatibility;Inter eNodeB CA feature is not activated in remote eNodeB. SUPPRESSED
2025-10-03;22:36:06;AL  ;Minor ;EUtraNetwork=1,ExternalENodeBFunction=2221-211865;Inter Node Feature Incompatibility;Inter eNodeB CA feature is not activated in remote eNodeB. SUPPRESSED
2025-10-04;06:01:21;AL  ;Minor ;EUtraNetwork=1,ExternalENodeBFunction=2221-211865;Inter Node Feature Incompatibility;Inter eNodeB CA feature is not activated in remote eNodeB. SUPPRESSED
2025-10-04;07:36:45;AL  ;Minor ;ENodeBFunction=1;External Link Failure;X2 link problem to one or several neighbouring eNodeBs. AI: PLMN ID-eNB ID 1 = 2221-206865
2025-10-04;08:19:09;AL  ;Cleared;ENodeBFunction=1;External Link Failure;X2 link problem to one or several neighbouring eNodeBs. AI: PLMN ID-eNB ID 1 = 2221-206865
2025-10-04;19:06:59;AL  ;Minor ;EUtraNetwork=1,ExternalENodeBFunction=2221-211865;Inter Node Feature Incompatibility;Inter eNodeB CA feature is not activated in remote eNodeB. SUPPRESSED
2025-10-04;19:07:59;AL  ;Minor ;EUtraNetwork=1,ExternalENodeBFunction=2221-211865;Inter Node Feature Incompatibility;Inter eNodeB CA feature is not activated in remote eNodeB. SUPPRESSED
2025-10-04;19:14:58;AL  ;Cleared;EUtraNetwork=1,ExternalENodeBFunction=2221-211865;Inter Node Feature Incompatibility;Inter eNodeB CA feature is not activated in remote eNodeB. SUPPRESSED
2025-10-04;19:16:49;AL  ;Minor ;EUtraNetwork=1,ExternalENodeBFunction=2221-211865;Inter Node Feature Incompatibility;Inter eNodeB CA feature is not activated in remote eNodeB. SUPPRESSED
2025-10-04;23:24:59;AL  ;Minor ;EUtraNetwork=1,ExternalENodeBFunction=2221-211865;Inter Node Feature Incompatibility;Inter eNodeB CA feature is not activated in remote eNodeB. SUPPRESSED
2025-10-04;23:46:58;AL  ;Minor ;EUtraNetwork=1,ExternalENodeBFunction=2221-650560;Inter Node Feature Incompatibility;Inter eNodeB CA feature is not activated in remote eNodeB. SUPPRESSED
2025-10-04;23:47:22;AL  ;Cleared;EUtraNetwork=1,ExternalENodeBFunction=2221-650560;Inter Node Feature Incompatibility;Inter eNodeB CA feature is not activated in remote eNodeB. SUPPRESSED
2025-10-05;02:04:59;AL  ;Minor ;EUtraNetwork=1,ExternalENodeBFunction=2221-650560;Inter Node Feature Incompatibility;Inter eNodeB CA feature is not activated in remote eNodeB. SUPPRESSED
2025-10-05;02:17:59;AL  ;Cleared;EUtraNetwork=1,ExternalENodeBFunction=2221-650560;Inter Node Feature Incompatibility;Inter eNodeB CA feature is not activated in remote eNodeB. SUPPRESSED
2025-10-05;06:30:52;AL  ;Minor ;EUtraNetwork=1,ExternalENodeBFunction=2221-650560;Inter Node Feature Incompatibility;Inter eNodeB CA feature is not activated in remote eNodeB. SUPPRESSED
2025-10-05;06:31:00;AL  ;Cleared;EUtraNetwork=1,ExternalENodeBFunction=2221-650560;Inter Node Feature Incompatibility;Inter eNodeB CA feature is not activated in remote eNodeB. SUPPRESSED
2025-10-05;06:40:12;AL  ;Minor ;EUtraNetwork=1,ExternalENodeBFunction=2221-650560;Inter Node Feature Incompatibility;Inter eNodeB CA feature is not activated in remote eNodeB. SUPPRESSED
2025-10-05;06:53:36;AL  ;Cleared;EUtraNetwork=1,ExternalENodeBFunction=2221-650560;Inter Node Feature Incompatibility;Inter eNodeB CA feature is not activated in remote eNodeB. SUPPRESSED
2025-10-05;07:28:43;AL  ;Minor ;EUtraNetwork=1,ExternalENodeBFunction=2221-650560;Inter Node Feature Incompatibility;Inter eNodeB CA feature is not activated in remote eNodeB. SUPPRESSED
2025-10-05;07:36:12;AL  ;Cleared;EUtraNetwork=1,ExternalENodeBFunction=2221-650560;Inter Node Feature Incompatibility;Inter eNodeB CA feature is not activated in remote eNodeB. SUPPRESSED
2025-10-05;08:19:45;AL  ;Minor ;EUtraNetwork=1,ExternalENodeBFunction=2221-650560;Inter Node Carrier Aggregation Service Unavailable;Elastic RAN Carrier Aggregation is not available towards remote eNodeB.
2025-10-05;08:42:33;AL  ;Cleared;EUtraNetwork=1,ExternalENodeBFunction=2221-650560;Inter Node Carrier Aggregation Service Unavailable;Elastic RAN Carrier Aggregation is not available towards remote eNodeB.
2025-10-05;08:43:33;AL  ;Cleared;EUtraNetwork=1,ExternalENodeBFunction=2221-211865;Inter Node Feature Incompatibility;Inter eNodeB CA feature is not activated in remote eNodeB. SUPPRESSED
2025-10-05;08:43:33;AL  ;Minor ;EUtraNetwork=1,ExternalENodeBFunction=2221-650560;Inter Node Feature Incompatibility;Inter eNodeB CA feature is not activated in remote eNodeB. SUPPRESSED
2025-10-05;08:45:53;AL  ;Cleared;EUtraNetwork=1,ExternalENodeBFunction=2221-650560;Inter Node Feature Incompatibility;Inter eNodeB CA feature is not activated in remote eNodeB. SUPPRESSED
2025-10-05;08:45:53;AL  ;Minor ;EUtraNetwork=1,ExternalENodeBFunction=2221-211865;Inter Node Feature Incompatibility;Inter eNodeB CA feature is not activated in remote eNodeB. SUPPRESSED
2025-10-05;15:28:22;AL  ;Minor ;EUtraNetwork=1,ExternalENodeBFunction=2221-650560;Inter Node Feature Incompatibility;Inter eNodeB CA feature is not activated in remote eNodeB. SUPPRESSED
2025-10-05;15:29:27;AL  ;Cleared;EUtraNetwork=1,ExternalENodeBFunction=2221-650560;Inter Node Feature Incompatibility;Inter eNodeB CA feature is not activated in remote eNodeB. SUPPRESSED
2025-10-05;15:58:23;AL  ;Minor ;EUtraNetwork=1,ExternalENodeBFunction=2221-650560;Inter Node Feature Incompatibility;Inter eNodeB CA feature is not activated in remote eNodeB. SUPPRESSED
2025-10-05;15:59:42;AL  ;Cleared;EUtraNetwork=1,ExternalENodeBFunction=2221-650560;Inter Node Feature Incompatibility;Inter eNodeB CA feature is not activated in remote eNodeB. SUPPRESSED
2025-10-05;19:06:59;AL  ;Minor ;EUtraNetwork=1,ExternalENodeBFunction=2221-211865;Inter Node Feature Incompatibility;Inter eNodeB CA feature is not activated in remote eNodeB. SUPPRESSED
2025-10-05;21:09:13;AL  ;Cleared;EUtraNetwork=1,ExternalENodeBFunction=2221-211865;Inter Node Feature Incompatibility;Inter eNodeB CA feature is not activated in remote eNodeB. SUPPRESSED
2025-10-05;21:10:59;AL  ;Minor ;EUtraNetwork=1,ExternalENodeBFunction=2221-211865;Inter Node Feature Incompatibility;Inter eNodeB CA feature is not activated in remote eNodeB. SUPPRESSED
2025-10-05;21:58:07;AL  ;Cleared;EUtraNetwork=1,ExternalENodeBFunction=2221-211865;Inter Node Feature Incompatibility;Inter eNodeB CA feature is not activated in remote eNodeB. SUPPRESSED
2025-10-05;21:58:59;AL  ;Minor ;EUtraNetwork=1,ExternalENodeBFunction=2221-211865;Inter Node Feature Incompatibility;Inter eNodeB CA feature is not activated in remote eNodeB. SUPPRESSED
2025-10-05;22:50:17;AL  ;Cleared;EUtraNetwork=1,ExternalENodeBFunction=2221-211865;Inter Node Feature Incompatibility;Inter eNodeB CA feature is not activated in remote eNodeB. SUPPRESSED
2025-10-05;22:53:28;AL  ;Minor ;EUtraNetwork=1,ExternalENodeBFunction=2221-211865;Inter Node Feature Incompatibility;Inter eNodeB CA feature is not activated in remote eNodeB. SUPPRESSED
2025-10-06;08:19:19;AL  ;Minor ;EUtraNetwork=1,ExternalENodeBFunction=2221-650560;Inter Node Feature Incompatibility;Inter eNodeB CA feature is not activated in remote eNodeB. SUPPRESSED
2025-10-06;08:19:49;AL  ;Cleared;EUtraNetwork=1,ExternalENodeBFunction=2221-650560;Inter Node Feature Incompatibility;Inter eNodeB CA feature is not activated in remote eNodeB. SUPPRESSED
2025-10-06;10:28:20;AL  ;Cleared;EUtraNetwork=1,ExternalENodeBFunction=2221-211865;Inter Node Feature Incompatibility;Inter eNodeB CA feature is not activated in remote eNodeB. SUPPRESSED
2025-10-06;10:34:06;AL  ;Minor ;EUtraNetwork=1,ExternalENodeBFunction=2221-211865;Inter Node Feature Incompatibility;Inter eNodeB CA feature is not activated in remote eNodeB. SUPPRESSED
2025-10-06;18:01:19;AL  ;Cleared;EUtraNetwork=1,ExternalENodeBFunction=2221-211865;Inter Node Feature Incompatibility;Inter eNodeB CA feature is not activated in remote eNodeB. SUPPRESSED
2025-10-06;18:02:40;AL  ;Minor ;EUtraNetwork=1,ExternalENodeBFunction=2221-211865;Inter Node Feature Incompatibility;Inter eNodeB CA feature is not activated in remote eNodeB. SUPPRESSED
2025-10-06;19:07:58;AL  ;Minor ;EUtraNetwork=1,ExternalENodeBFunction=2221-211865;Inter Node Feature Incompatibility;Inter eNodeB CA feature is not activated in remote eNodeB. SUPPRESSED
2025-10-06;20:01:22;AL  ;Cleared;EUtraNetwork=1,ExternalENodeBFunction=2221-211865;Inter Node Feature Incompatibility;Inter eNodeB CA feature is not activated in remote eNodeB. SUPPRESSED
2025-10-06;20:03:31;AL  ;Minor ;EUtraNetwork=1,ExternalENodeBFunction=2221-211865;Inter Node Feature Incompatibility;Inter eNodeB CA feature is not activated in remote eNodeB. SUPPRESSED
2025-10-06;21:56:07;AL  ;Cleared;EUtraNetwork=1,ExternalENodeBFunction=2221-211865;Inter Node Feature Incompatibility;Inter eNodeB CA feature is not activated in remote eNodeB. SUPPRESSED
2025-10-06;21:57:13;AL  ;Minor ;EUtraNetwork=1,ExternalENodeBFunction=2221-211865;Inter Node Feature Incompatibility;Inter eNodeB CA feature is not activated in remote eNodeB. SUPPRESSED
2025-10-06;22:36:15;AL  ;Cleared;EUtraNetwork=1,ExternalENodeBFunction=2221-211865;Inter Node Feature Incompatibility;Inter eNodeB CA feature is not activated in remote eNodeB. SUPPRESSED
2025-10-06;22:36:59;AL  ;Minor ;EUtraNetwork=1,ExternalENodeBFunction=2221-211865;Inter Node Feature Incompatibility;Inter eNodeB CA feature is not activated in remote eNodeB. SUPPRESSED
2025-10-07;06:01:23;AL  ;Minor ;EUtraNetwork=1,ExternalENodeBFunction=2221-211865;Inter Node Feature Incompatibility;Inter eNodeB CA feature is not activated in remote eNodeB. SUPPRESSED
2025-10-07;09:44:49;AL  ;Minor ;EUtraNetwork=1,ExternalENodeBFunction=2221-650560;Inter Node Feature Incompatibility;Inter eNodeB CA feature is not activated in remote eNodeB. SUPPRESSED
2025-10-07;09:44:58;AL  ;Cleared;EUtraNetwork=1,ExternalENodeBFunction=2221-650560;Inter Node Feature Incompatibility;Inter eNodeB CA feature is not activated in remote eNodeB. SUPPRESSED


ZA33E> lgec -m 30d

251007-12:12:19+0200 19.31.8.198 25.0h MSRBS_NODE_MODEL_25.Q1_198665.224.73_bf81 stopfile=/tmp/1169270

Startdate=20250907.101219, Enddate=20251008.101219
Date;Time;Log;Severity;Object;Event;Cause;AdditionalText;AckState;Id;NotificationId;CorrelatedAlarms
Executing action Log.export()
..
Log=AlertLog                    actionId=6150
...
=================================================================================================================
MO                  actionId result      resultInfo
=================================================================================================================
LogM=1,Log=AlertLog 6150     1 (SUCCESS)           
cat  /ericsson/log/amos/moshell_logfiles/t20251007_37258710_53697/logs_moshell/tempfiles/scp-2-amos_20251007-121133_1169211/rcslogs/AlertLog_20220928__072255.log > /ericsson/log/amos/moshell_logfiles/t20251007_37258710_53697/logs_moshell/tempfiles/scp-2-amos_20251007-121133_1169211/eventLog1169270.xml
2025-09-26;15:28:10;EV  ;Warning;EUtranCellFDD=ZA33E2;Cell Service Unavailable Auto Recovery Initiated Alert;
2025-09-26;15:28:10;EV  ;Warning;EUtranCellFDD=ZA33E1;Cell Service Unavailable Auto Recovery Initiated Alert;
2025-09-26;15:28:10;EV  ;Warning;EUtranCellFDD=ZA33T3;Cell Service Unavailable Auto Recovery Initiated Alert;
2025-09-26;15:28:11;EV  ;Warning;EUtranCellFDD=ZA33T1;Cell Service Unavailable Auto Recovery Initiated Alert;
2025-09-26;15:28:11;EV  ;Warning;EUtranCellFDD=ZA33T2;Cell Service Unavailable Auto Recovery Initiated Alert;
2025-09-26;15:28:11;EV  ;Warning;EUtranCellFDD=ZA33E3;Cell Service Unavailable Auto Recovery Initiated Alert;
2025-09-26;15:28:16;EV  ;Warning;RiLink=S210-1;Radio Interface Connectivity Disturbance Alert;Near end port:FieldReplaceableUnit=BB-1,RiPort=A (transportType=NOT_SET) (Mixed Mode with other ME). SUPPRESSED
2025-09-26;15:28:16;EV  ;Warning;RiLink=S211-1;Radio Interface Connectivity Disturbance Alert;Near end port:FieldReplaceableUnit=BB-1,RiPort=B (transportType=NOT_SET) (Mixed Mode with other ME). SUPPRESSED
2025-09-26;15:28:16;EV  ;Warning;RiLink=S212-1;Radio Interface Connectivity Disturbance Alert;Near end port:FieldReplaceableUnit=BB-1,RiPort=C (transportType=NOT_SET) (Mixed Mode with other ME). SUPPRESSED
2025-09-26;15:28:16;EV  ;Warning;RiLink=S100-1;Radio Interface Connectivity Disturbance Alert;Near end port:FieldReplaceableUnit=BB-1,RiPort=D (transportType=NOT_SET). SUPPRESSED
2025-09-26;15:28:16;EV  ;Warning;RiLink=S102-1;Radio Interface Connectivity Disturbance Alert;Near end port:FieldReplaceableUnit=BB-1,RiPort=E (transportType=NOT_SET). SUPPRESSED
2025-09-26;15:28:20;EV  ;Warning;EUtranCellFDD=ZA33E1;Cell Service Available Auto Recovery Successful Alert;
2025-09-26;15:28:20;EV  ;Warning;EUtranCellFDD=ZA33E2;Cell Service Available Auto Recovery Successful Alert;
2025-09-26;15:28:21;EV  ;Warning;EUtranCellFDD=ZA33E3;Cell Service Available Auto Recovery Successful Alert;
2025-09-26;15:28:22;EV  ;Warning;EUtranCellFDD=ZA33T3;Cell Service Available Auto Recovery Successful Alert;
2025-09-26;15:28:25;EV  ;Warning;EUtranCellFDD=ZA33T2;Cell Service Available Auto Recovery Successful Alert;
2025-09-26;15:28:25;EV  ;Warning;EUtranCellFDD=ZA33T1;Cell Service Available Auto Recovery Successful Alert;

Bye...
Output has been logged to file /mta_fs/UserFiles/37258710/amosbatch/2025-10-07_11-07-01_53697/ZA33E.log
