Logging to file /mta_fs/UserFiles/37258710/amosbatch/2025-10-07_11-07-01_53697/ZA35T.log
                        __  __  ____   _____
                  /\   |  \/  |/ __ \ / ____|
                 /  \  | \  / | |  | | (___  
                / /\ \ | |\/| | |  | |\___ \ 
               / ____ \| |  | | |__| |____) |
              /_/    \_\_|  |_|\____/|_____/
              OSS Framework for MoShell-25.0h 
  Copyright (c) Ericsson AB 2001-2025 - All Rights Reserved
              
           
[1;31mWARNING: [0mthe AMOS version currently running is more than 22 weeks old and is unsupported.
Please upgrade as soon as possible to the latest released version, available from your local Ericsson support.

$amosrb_pid = 1148009

Checking ip contact...OK

HELP MENU            : h
BASIC MO COMMANDS    : m
OTHER MO COMMANDS    : n
OTHER COMMANDS       : o
PM COMMANDS          : p
QUIT                 : q

ZA35T> lt all

251007-12:08:46+0200 19.31.9.161 25.0h  stopfile=/tmp/1147577
Looking up temporary_amos account... OK.
Trying temporary_amos_t20251007_37258710_53697_313's password from amos lookupAccount ... OK

$ssh_pid = 1149063

Connected to 19.31.9.161 (SubNetwork=BBMM_rckomc_R,MeContext=ZA35T,ManagedElement=ZA35T)

Checking MOM version...MSRBS_NODE_MODEL_25.Q1_198665.224.73_bf81
Parsing MOM (cached): /ericsson/log/amos/moshell_logfiles/t20251007_37258710_53697/logs_moshell/tempfiles/scp-2-amos_20251007-120839_1147481/MSRBS_NODE_MODEL_25.Q1_198665.224.73_bf81.xml.cache.gz ......................................................................................................................................................................................................................Done.
Using paramfile /opt/ericsson/amos/moshell/commonjars/pm/PARAM_MSRBSG2_25.Q1.txt
Parsing file /opt/ericsson/amos/moshell/commonjars/pm/PARAM_MSRBSG2_25.Q1.txt ......................................................................................Done.
Using imomdfile /opt/ericsson/amos/moshell/commonjars/pm/IMOMD_MSRBS_22.Q4.txt
Using imomfile /opt/ericsson/amos/moshell/commonjars/pm/IMOM_MSRBS_25.Q1.txt
Connected to 19.31.9.161 (SubNetwork=BBMM_rckomc_R,MeContext=ZA35T,ManagedElement=ZA35T)

Last MO: 18309. Loaded 18309 MOs. Total: 18310 MOs.

ZA35T> hget EUtranCellFDD ^cellid

251007-12:09:06+0200 19.31.9.161 25.0h MSRBS_NODE_MODEL_25.Q1_198665.224.73_bf81 stopfile=/tmp/1147577
.
=================================================================================================================
MO                   cellId
=================================================================================================================
EUtranCellFDD=ZA35E1 61    
EUtranCellFDD=ZA35E2 62    
EUtranCellFDD=ZA35E3 63    
EUtranCellFDD=ZA35M1 31    
EUtranCellFDD=ZA35M2 32    
EUtranCellFDD=ZA35M3 33    
EUtranCellFDD=ZA35T1 41    
EUtranCellFDD=ZA35T2 42    
EUtranCellFDD=ZA35T3 43    
=================================================================================================================
Total: 9 MOs

Added 9 MOs to group: hget_group

ZA35T> hget NbIotCell ^cellid

251007-12:09:07+0200 19.31.9.161 25.0h MSRBS_NODE_MODEL_25.Q1_198665.224.73_bf81 stopfile=/tmp/1147577
.
=================================================================================================================
MO               cellId
=================================================================================================================
NbIotCell=ZA35N1 161   
NbIotCell=ZA35N2 162   
NbIotCell=ZA35N3 163   
=================================================================================================================
Total: 3 MOs

Added 3 MOs to group: hget_group

ZA35T> hget NRCellDU ^cellLocalId

251007-12:09:07+0200 19.31.9.161 25.0h MSRBS_NODE_MODEL_25.Q1_198665.224.73_bf81 stopfile=/tmp/1147577
Total: 0 MOs

ZA35T> lgdc -m 30d

251007-12:09:07+0200 19.31.9.161 25.0h MSRBS_NODE_MODEL_25.Q1_198665.224.73_bf81 stopfile=/tmp/1147577

Startdate=20250907.100907, Enddate=20251008.100907
INFO: Using amos lookupAccount credentials for the export login

Executing action LogM.exportAvailabilityLog()
...LogM=1,exportAvailabilityLog    actionId=6243
......
=================================================================================================================
MO     actionId result      resultInfo
=================================================================================================================
LogM=1 6243     1 (SUCCESS)           
cp /ericsson/log/amos/moshell_logfiles/t20251007_37258710_53697/logs_moshell/tempfiles/scp-2-amos_20251007-120839_1147481/rcslogs/RBS_CS_AVAILABILITY_LOG_20251007100912.xml /ericsson/log/amos/moshell_logfiles/t20251007_37258710_53697/logs_moshell/tempfiles/scp-2-amos_20251007-120839_1147481/availabilityLog1147577.xml
Parsing availabilityLog........Done.
.....
Date;Time;RestartType;SwVersion;SwRelease;RCSDowntime;ApplicationDowntime;TNDowntime;RATsDowntime;ExtraInfo;ExtraInfo2
2025-09-08;08:00:33;PartialOutage(Manual);11% Lrat Cell 32; ();15s;;;;;
2025-09-08;08:00:48;PartialOutage(Manual);11% Lrat Cell 32 33; ();1s;;;;;
2025-09-08;08:00:49;PartialOutage(Manual);11% Lrat Cell 33; ();9s;;;;;
2025-09-08;08:01:04;PartialOutage(Manual);11% Lrat Cell 31; ();10s;;;;;
2025-09-08;08:01:29;PartialOutage(Manual);11% Lrat Cell 43; ();12s;;;;;
2025-09-08;08:01:52;PartialOutage(Manual);11% Lrat Cell 41; ();10s;;;;;
2025-09-08;08:02:05;PartialOutage(Manual);11% Lrat Cell 42; ();15s;;;;;
2025-09-08;08:02:20;PartialOutage(Manual);33% Lrat Cell 162; ();1s;;;;;
2025-09-08;08:02:21;PartialOutage(Manual);11% Lrat Cell 62; ();8s;;;;;
2025-09-08;08:02:35;PartialOutage(Manual);5% Lrat Cell 63; ();8s;;;;;
2025-09-08;08:02:48;PartialOutage(Manual);7% Lrat Cell 61; ();6s;;;;;
2025-09-08;08:02:54;PartialOutage(Manual);58% Lrat Cell 161 163; ();4s;;;;;
2025-09-08;08:03:07;PartialOutage(Manual);60% Lrat Cell 161; ();15s;;;;;

Node uptime since last restart: 2513157 seconds (29 days, 2 hours, 5 minutes, 57 seconds)
------------------------------------------------------------------------------------------------------
Period=30 days       NodeUpgrade      NodeManual       NodeSpontaneous  AllNodeRestarts  PartialOutages  
------------------------------------------------------------------------------------------------------
Number Of outages    0                0                0                0                13              
Total downtime       0s               0s               0s               0s               114s (1m54s)    
Downtime per day     0s               0s               0s               0s               4s              
Downtime per outage  0s               0s               0s               0s               9s              

ZA35T> lgac -m 30d

251007-12:09:19+0200 19.31.9.161 25.0h MSRBS_NODE_MODEL_25.Q1_198665.224.73_bf81 stopfile=/tmp/1147577

Startdate=20250907.100920, Enddate=20251008.100920
Date;Time;Log;Severity;Object;Event;Cause;AdditionalText;AckState;Id;NotificationId;CorrelatedAlarms
Executing action Log.export()
..
Log=AlarmLog                    actionId=6244
..........
=================================================================================================================
MO                  actionId result      resultInfo
=================================================================================================================
LogM=1,Log=AlarmLog 6244     1 (SUCCESS)           
cat  /ericsson/log/amos/moshell_logfiles/t20251007_37258710_53697/logs_moshell/tempfiles/scp-2-amos_20251007-120839_1147481/rcslogs/saLogAlarm_20250305__122120_20250630__110336.log /ericsson/log/amos/moshell_logfiles/t20251007_37258710_53697/logs_moshell/tempfiles/scp-2-amos_20251007-120839_1147481/rcslogs/saLogAlarm_20250630__110336_20250830__105259.log /ericsson/log/amos/moshell_logfiles/t20251007_37258710_53697/logs_moshell/tempfiles/scp-2-amos_20251007-120839_1147481/rcslogs/saLogAlarm_20250830__105259.log > /ericsson/log/amos/moshell_logfiles/t20251007_37258710_53697/logs_moshell/tempfiles/scp-2-amos_20251007-120839_1147481/alarmLog1147577.xml
2025-09-07;12:25:19;AL  ;Cleared;EUtraNetwork=1,ExternalENodeBFunction=2221-650390;Inter Node Carrier Aggregation Service Unavailable;Elastic RAN Carrier Aggregation is not available towards remote eNodeB.
2025-09-07;12:25:26;AL  ;Minor ;EUtraNetwork=1,ExternalENodeBFunction=2221-650591;Inter Node Carrier Aggregation Service Unavailable;Elastic RAN Carrier Aggregation is not available towards remote eNodeB.
2025-09-07;12:25:27;AL  ;Cleared;EUtraNetwork=1,ExternalENodeBFunction=2221-650120;Inter Node Carrier Aggregation Service Unavailable;Elastic RAN Carrier Aggregation is not available towards remote eNodeB.
2025-09-07;12:25:31;AL  ;Cleared;EUtraNetwork=1,ExternalENodeBFunction=2221-211237;Inter Node Carrier Aggregation Service Unavailable;Elastic RAN Carrier Aggregation is not available towards remote eNodeB.
2025-09-07;12:25:36;AL  ;Cleared;EUtraNetwork=1,ExternalENodeBFunction=2221-650712;Inter Node Carrier Aggregation Service Unavailable;Elastic RAN Carrier Aggregation is not available towards remote eNodeB.
2025-09-07;12:25:42;AL  ;Cleared;EUtraNetwork=1,ExternalENodeBFunction=2221-209835;Inter Node Carrier Aggregation Service Unavailable;Elastic RAN Carrier Aggregation is not available towards remote eNodeB.
2025-09-07;12:25:46;AL  ;Cleared;EUtraNetwork=1,ExternalENodeBFunction=2221-650121;Inter Node Carrier Aggregation Service Unavailable;Elastic RAN Carrier Aggregation is not available towards remote eNodeB.
2025-09-07;12:25:52;AL  ;Cleared;EUtraNetwork=1,ExternalENodeBFunction=2221-213302;Inter Node Carrier Aggregation Service Unavailable;Elastic RAN Carrier Aggregation is not available towards remote eNodeB.
2025-09-07;12:25:56;AL  ;Minor ;EUtraNetwork=1,ExternalENodeBFunction=2221-650390;Inter Node Carrier Aggregation Service Unavailable;Elastic RAN Carrier Aggregation is not available towards remote eNodeB.
2025-09-07;12:25:56;AL  ;Cleared;EUtraNetwork=1,ExternalENodeBFunction=2221-650298;Inter Node Carrier Aggregation Service Unavailable;Elastic RAN Carrier Aggregation is not available towards remote eNodeB.
2025-09-07;12:26:05;AL  ;Cleared;EUtraNetwork=1,ExternalENodeBFunction=2221-650112;Inter Node Carrier Aggregation Service Unavailable;Elastic RAN Carrier Aggregation is not available towards remote eNodeB.
2025-09-07;16:01:10;AL  ;Minor ;EUtraNetwork=1,ExternalENodeBFunction=2221-650105;Inter Node Carrier Aggregation Service Unavailable;Elastic RAN Carrier Aggregation is not available towards remote eNodeB.
2025-09-08;04:39:12;AL  ;Minor ;EUtraNetwork=1,ExternalENodeBFunction=2221-650298;Inter Node Carrier Aggregation Service Unavailable;Elastic RAN Carrier Aggregation is not available towards remote eNodeB.
2025-09-08;06:49:37;AL  ;Minor ;ENodeBFunction=1;External Link to GNodeB Failure;X2 link problem to one or several neighbouring gNodeBs. AI: PLMN ID-gNB ID 1 = 2221-1055508
2025-09-08;08:00:32;AL  ;Cleared;EUtranCellFDD=ZA35M2;Service Degraded;This is a secondary alarm, use alarm correlation information in Additional Information to find primary alarm.
2025-09-08;08:00:49;AL  ;Minor ;EUtranCellFDD=ZA35M2;Service Degraded;This is a secondary alarm, use alarm correlation information in Additional Information to find primary alarm.
2025-09-08;08:00:58;AL  ;Minor ;EUtranCellFDD=ZA35M3;Unreliable Resource;DL frequency 2137500 and/or UL frequency 1947500 not supported by TMA
2025-09-08;08:01:15;AL  ;Minor ;EUtranCellFDD=ZA35M1;Unreliable Resource;DL frequency 2137500 and/or UL frequency 1947500 not supported by TMA
2025-09-08;08:02:05;AL  ;Cleared;EUtranCellFDD=ZA35T2;Service Degraded;This is a secondary alarm, use alarm correlation information in Additional Information to find primary alarm.
2025-09-08;08:02:20;AL  ;Minor ;EUtranCellFDD=ZA35T2;Service Degraded;This is a secondary alarm, use alarm correlation information in Additional Information to find primary alarm.
2025-09-08;08:22:59;AL  ;Cleared;EUtranCellFDD=ZA35M3;Unreliable Resource;DL frequency 2137500 and/or UL frequency 1947500 not supported by TMA
2025-09-08;13:18:42;AL  ;Cleared;ENodeBFunction=1;External Link to GNodeB Failure;X2 link problem to one or several neighbouring gNodeBs. AI: PLMN ID-gNB ID 1 = 2221-1055508
2025-09-08;21:46:59;AL  ;Cleared;EUtranCellFDD=ZA35M1;Unreliable Resource;DL frequency 2137500 and/or UL frequency 1947500 not supported by TMA
2025-09-09;05:27:20;AL  ;Cleared;EUtraNetwork=1,ExternalENodeBFunction=2221-650591;Inter Node Carrier Aggregation Service Unavailable;Elastic RAN Carrier Aggregation is not available towards remote eNodeB.
2025-09-09;05:34:06;AL  ;Minor ;EUtraNetwork=1,ExternalENodeBFunction=2221-650591;Inter Node Carrier Aggregation Service Unavailable;Elastic RAN Carrier Aggregation is not available towards remote eNodeB.
2025-09-09;07:48:49;AL  ;Cleared;EUtraNetwork=1,ExternalENodeBFunction=2221-650591;Inter Node Carrier Aggregation Service Unavailable;Elastic RAN Carrier Aggregation is not available towards remote eNodeB.
2025-09-09;07:56:43;AL  ;Minor ;EUtraNetwork=1,ExternalENodeBFunction=2221-650591;Inter Node Carrier Aggregation Service Unavailable;Elastic RAN Carrier Aggregation is not available towards remote eNodeB.
2025-09-10;05:01:42;AL  ;Minor ;EUtraNetwork=1,ExternalENodeBFunction=2221-650092;Inter Node Carrier Aggregation Service Unavailable;Elastic RAN Carrier Aggregation is not available towards remote eNodeB.
2025-09-10;09:10:58;AL  ;Cleared;EUtraNetwork=1,ExternalENodeBFunction=2221-650591;Inter Node Carrier Aggregation Service Unavailable;Elastic RAN Carrier Aggregation is not available towards remote eNodeB.
2025-09-10;09:11:11;AL  ;Minor ;EUtraNetwork=1,ExternalENodeBFunction=2221-650591;Inter Node Carrier Aggregation Service Unavailable;Elastic RAN Carrier Aggregation is not available towards remote eNodeB.
2025-09-10;16:02:45;AL  ;Minor ;EUtraNetwork=1,ExternalENodeBFunction=2221-209835;Inter Node Carrier Aggregation Service Unavailable;Elastic RAN Carrier Aggregation is not available towards remote eNodeB.
2025-09-13;19:34:18;AL  ;Minor ;ENodeBFunction=1;External Link Failure;X2 link problem to one or several neighbouring eNodeBs. AI: PLMN ID-eNB ID 1 = 2221-650086
2025-09-14;05:13:53;AL  ;Minor ;EUtraNetwork=1,ExternalENodeBFunction=2221-209707;Inter Node Carrier Aggregation Service Unavailable;Elastic RAN Carrier Aggregation is not available towards remote eNodeB.
2025-09-14;05:20:57;AL  ;Minor ;EUtraNetwork=1,ExternalENodeBFunction=2221-650123;Inter Node Carrier Aggregation Service Unavailable;Elastic RAN Carrier Aggregation is not available towards remote eNodeB.
2025-09-14;07:49:57;AL  ;Cleared;EUtraNetwork=1,ExternalENodeBFunction=2221-650390;Inter Node Carrier Aggregation Service Unavailable;Elastic RAN Carrier Aggregation is not available towards remote eNodeB.
2025-09-14;07:51:01;AL  ;Minor ;EUtraNetwork=1,ExternalENodeBFunction=2221-650390;Inter Node Carrier Aggregation Service Unavailable;Elastic RAN Carrier Aggregation is not available towards remote eNodeB.
2025-09-14;07:59:07;AL  ;Cleared;EUtraNetwork=1,ExternalENodeBFunction=2221-650123;Inter Node Carrier Aggregation Service Unavailable;Elastic RAN Carrier Aggregation is not available towards remote eNodeB.
2025-09-14;08:00:41;AL  ;Minor ;EUtraNetwork=1,ExternalENodeBFunction=2221-650123;Inter Node Carrier Aggregation Service Unavailable;Elastic RAN Carrier Aggregation is not available towards remote eNodeB.
2025-09-14;08:13:37;AL  ;Cleared;EUtraNetwork=1,ExternalENodeBFunction=2221-209707;Inter Node Carrier Aggregation Service Unavailable;Elastic RAN Carrier Aggregation is not available towards remote eNodeB.
2025-09-14;08:32:02;AL  ;Cleared;EUtraNetwork=1,ExternalENodeBFunction=2221-209835;Inter Node Carrier Aggregation Service Unavailable;Elastic RAN Carrier Aggregation is not available towards remote eNodeB.
2025-09-14;08:32:28;AL  ;Cleared;EUtraNetwork=1,ExternalENodeBFunction=2221-650298;Inter Node Carrier Aggregation Service Unavailable;Elastic RAN Carrier Aggregation is not available towards remote eNodeB.
2025-09-14;08:33:04;AL  ;Minor ;EUtraNetwork=1,ExternalENodeBFunction=2221-209835;Inter Node Carrier Aggregation Service Unavailable;Elastic RAN Carrier Aggregation is not available towards remote eNodeB.
2025-09-14;08:33:46;AL  ;Minor ;EUtraNetwork=1,ExternalENodeBFunction=2221-650298;Inter Node Carrier Aggregation Service Unavailable;Elastic RAN Carrier Aggregation is not available towards remote eNodeB.
2025-09-14;08:36:44;AL  ;Cleared;EUtraNetwork=1,ExternalENodeBFunction=2221-650105;Inter Node Carrier Aggregation Service Unavailable;Elastic RAN Carrier Aggregation is not available towards remote eNodeB.
2025-09-14;08:57:52;AL  ;Cleared;EUtraNetwork=1,ExternalENodeBFunction=2221-650591;Inter Node Carrier Aggregation Service Unavailable;Elastic RAN Carrier Aggregation is not available towards remote eNodeB.
2025-09-14;08:58:55;AL  ;Minor ;EUtraNetwork=1,ExternalENodeBFunction=2221-650591;Inter Node Carrier Aggregation Service Unavailable;Elastic RAN Carrier Aggregation is not available towards remote eNodeB.
2025-09-14;09:02:23;AL  ;Cleared;EUtraNetwork=1,ExternalENodeBFunction=2221-650092;Inter Node Carrier Aggregation Service Unavailable;Elastic RAN Carrier Aggregation is not available towards remote eNodeB.
2025-09-14;09:03:26;AL  ;Minor ;EUtraNetwork=1,ExternalENodeBFunction=2221-650092;Inter Node Carrier Aggregation Service Unavailable;Elastic RAN Carrier Aggregation is not available towards remote eNodeB.
2025-09-14;12:34:43;AL  ;Cleared;EUtraNetwork=1,ExternalENodeBFunction=2221-650390;Inter Node Carrier Aggregation Service Unavailable;Elastic RAN Carrier Aggregation is not available towards remote eNodeB.
2025-09-14;12:34:49;AL  ;Cleared;EUtraNetwork=1,ExternalENodeBFunction=2221-650092;Inter Node Carrier Aggregation Service Unavailable;Elastic RAN Carrier Aggregation is not available towards remote eNodeB.
2025-09-14;12:34:52;AL  ;Cleared;ENodeBFunction=1;External Link Failure;X2 link problem to one or several neighbouring eNodeBs. AI: PLMN ID-eNB ID 1 = 2221-650086
2025-09-14;12:34:54;AL  ;Cleared;EUtraNetwork=1,ExternalENodeBFunction=2221-209835;Inter Node Carrier Aggregation Service Unavailable;Elastic RAN Carrier Aggregation is not available towards remote eNodeB.
2025-09-14;12:34:58;AL  ;Cleared;EUtraNetwork=1,ExternalENodeBFunction=2221-650298;Inter Node Carrier Aggregation Service Unavailable;Elastic RAN Carrier Aggregation is not available towards remote eNodeB.
2025-09-14;12:35:10;AL  ;Cleared;EUtraNetwork=1,ExternalENodeBFunction=2221-650591;Inter Node Carrier Aggregation Service Unavailable;Elastic RAN Carrier Aggregation is not available towards remote eNodeB.
2025-09-14;12:35:15;AL  ;Cleared;EUtraNetwork=1,ExternalENodeBFunction=2221-650123;Inter Node Carrier Aggregation Service Unavailable;Elastic RAN Carrier Aggregation is not available towards remote eNodeB.
2025-09-16;09:57:08;AL  ;Warning;ENodeBFunction=1;PLMN Service Redundancy Lost;S1 connection failure for PLMN connected with link represented by MO listed in Additional Information. AI: PLMN = ["2221"],DN1=ManagedElement=1,ENodeBFunction=1,TermPointToMme=5,
2025-09-16;09:57:38;AL  ;Cleared;ENodeBFunction=1;PLMN Service Redundancy Lost;S1 connection failure for PLMN connected with link represented by MO listed in Additional Information. AI: PLMN = ["2221"],DN1=ManagedElement=1,ENodeBFunction=1,TermPointToMme=5,
2025-09-16;10:03:02;AL  ;Warning;ENodeBFunction=1;PLMN Service Redundancy Lost;S1 connection failure for PLMN connected with link represented by MO listed in Additional Information. AI: PLMN = ["2221"],DN1=ManagedElement=1,ENodeBFunction=1,TermPointToMme=5,
2025-09-16;10:03:32;AL  ;Cleared;ENodeBFunction=1;PLMN Service Redundancy Lost;S1 connection failure for PLMN connected with link represented by MO listed in Additional Information. AI: PLMN = ["2221"],DN1=ManagedElement=1,ENodeBFunction=1,TermPointToMme=5,
2025-09-16;11:11:11;AL  ;Minor ;EUtraNetwork=1,ExternalENodeBFunction=2221-650112;Inter Node Carrier Aggregation Service Unavailable;Elastic RAN Carrier Aggregation is not available towards remote eNodeB.
2025-09-16;12:01:41;AL  ;Minor ;EUtraNetwork=1,ExternalENodeBFunction=2221-650591;Inter Node Carrier Aggregation Service Unavailable;Elastic RAN Carrier Aggregation is not available towards remote eNodeB.
2025-09-16;13:10:14;AL  ;Cleared;EUtraNetwork=1,ExternalENodeBFunction=2221-650520;Inter Node Feature Incompatibility;Elastic RAN feature is not activated in remote eNodeB. SUPPRESSED
2025-09-16;13:19:48;AL  ;Minor ;ENodeBFunction=1;External Link Failure;X2 link problem to one or several neighbouring eNodeBs. AI: PLMN ID-eNB ID 1 = 2221-650520
2025-09-17;13:23:08;AL  ;Minor ;ENodeBFunction=1;External Link Failure;X2 link problem to one or several neighbouring eNodeBs. AI: PLMN ID-eNB ID 1 = 2221-650520 PLMN ID-eNB ID 2 = 2221-650290
2025-09-17;14:01:36;AL  ;Minor ;ENodeBFunction=1;External Link Failure;X2 link problem to one or several neighbouring eNodeBs. AI: PLMN ID-eNB ID 1 = 2221-650520
2025-09-17;16:56:14;AL  ;Minor ;EUtraNetwork=1,ExternalENodeBFunction=2221-650298;Inter Node Carrier Aggregation Service Unavailable;Elastic RAN Carrier Aggregation is not available towards remote eNodeB.
2025-09-18;08:17:19;AL  ;Minor ;ENodeBFunction=1;External Link to GNodeB Failure;X2 link problem to one or several neighbouring gNodeBs. AI: PLMN ID-gNB ID 1 = 2221-1053517
2025-09-18;08:17:47;AL  ;Minor ;ENodeBFunction=1;External Link Failure;X2 link problem to one or several neighbouring eNodeBs. AI: PLMN ID-eNB ID 1 = 2221-650520 PLMN ID-eNB ID 2 = 2221-209707 PLMN ID-eNB ID 3 = 2221-650121
2025-09-18;13:02:14;AL  ;Minor ;EUtraNetwork=1,ExternalENodeBFunction=2221-650121;Inter Node Carrier Aggregation Service Unavailable;Elastic RAN Carrier Aggregation is not available towards remote eNodeB.
2025-09-18;13:02:14;AL  ;Minor ;EUtraNetwork=1,ExternalENodeBFunction=2221-209707;Inter Node Carrier Aggregation Service Unavailable;Elastic RAN Carrier Aggregation is not available towards remote eNodeB.
2025-09-18;13:02:24;AL  ;Minor ;ENodeBFunction=1;External Link Failure;X2 link problem to one or several neighbouring eNodeBs. AI: PLMN ID-eNB ID 1 = 2221-650520
2025-09-18;13:02:51;AL  ;Cleared;ENodeBFunction=1;External Link to GNodeB Failure;X2 link problem to one or several neighbouring gNodeBs. AI: PLMN ID-gNB ID 1 = 2221-1053517
2025-09-19;10:33:03;AL  ;Minor ;ENodeBFunction=1;External Link Failure;X2 link problem to one or several neighbouring eNodeBs. AI: PLMN ID-eNB ID 1 = 2221-650520 PLMN ID-eNB ID 2 = 2221-650571
2025-09-19;10:37:33;AL  ;Cleared;EUtraNetwork=1,ExternalENodeBFunction=2221-650121;Inter Node Carrier Aggregation Service Unavailable;Elastic RAN Carrier Aggregation is not available towards remote eNodeB.
2025-09-19;10:37:37;AL  ;Cleared;EUtraNetwork=1,ExternalENodeBFunction=2221-209707;Inter Node Carrier Aggregation Service Unavailable;Elastic RAN Carrier Aggregation is not available towards remote eNodeB.
2025-09-19;10:38:41;AL  ;Minor ;ENodeBFunction=1;External Link Failure;X2 link problem to one or several neighbouring eNodeBs. AI: PLMN ID-eNB ID 1 = 2221-650520
2025-09-19;10:43:13;AL  ;Minor ;EUtraNetwork=1,ExternalENodeBFunction=2221-209707;Inter Node Carrier Aggregation Service Unavailable;Elastic RAN Carrier Aggregation is not available towards remote eNodeB.
2025-09-19;15:12:04;AL  ;Minor ;ENodeBFunction=1;External Link Failure;X2 link problem to one or several neighbouring eNodeBs. AI: PLMN ID-eNB ID 1 = 2221-650520 PLMN ID-eNB ID 2 = 2221-650571
2025-09-19;15:48:12;AL  ;Cleared;ENodeBFunction=1;External Link Failure;X2 link problem to one or several neighbouring eNodeBs. AI: PLMN ID-eNB ID 1 = 2221-650520
2025-09-20;17:02:46;AL  ;Minor ;EUtraNetwork=1,ExternalENodeBFunction=2221-209835;Inter Node Carrier Aggregation Service Unavailable;Elastic RAN Carrier Aggregation is not available towards remote eNodeB.
2025-09-21;07:48:23;AL  ;Cleared;EUtraNetwork=1,ExternalENodeBFunction=2221-650112;Inter Node Carrier Aggregation Service Unavailable;Elastic RAN Carrier Aggregation is not available towards remote eNodeB.
2025-09-21;07:48:26;AL  ;Minor ;EUtraNetwork=1,ExternalENodeBFunction=2221-650390;Inter Node Carrier Aggregation Service Unavailable;Elastic RAN Carrier Aggregation is not available towards remote eNodeB.
2025-09-21;07:49:25;AL  ;Minor ;EUtraNetwork=1,ExternalENodeBFunction=2221-650112;Inter Node Carrier Aggregation Service Unavailable;Elastic RAN Carrier Aggregation is not available towards remote eNodeB.
2025-09-21;08:07:46;AL  ;Cleared;EUtraNetwork=1,ExternalENodeBFunction=2221-209707;Inter Node Carrier Aggregation Service Unavailable;Elastic RAN Carrier Aggregation is not available towards remote eNodeB.
2025-09-21;08:25:05;AL  ;Cleared;EUtraNetwork=1,ExternalENodeBFunction=2221-209835;Inter Node Carrier Aggregation Service Unavailable;Elastic RAN Carrier Aggregation is not available towards remote eNodeB.
2025-09-21;08:25:32;AL  ;Cleared;EUtraNetwork=1,ExternalENodeBFunction=2221-650298;Inter Node Carrier Aggregation Service Unavailable;Elastic RAN Carrier Aggregation is not available towards remote eNodeB.
2025-09-21;08:26:07;AL  ;Minor ;EUtraNetwork=1,ExternalENodeBFunction=2221-209835;Inter Node Carrier Aggregation Service Unavailable;Elastic RAN Carrier Aggregation is not available towards remote eNodeB.
2025-09-21;08:26:09;AL  ;Minor ;EUtraNetwork=1,ExternalENodeBFunction=2221-650105;Inter Node Carrier Aggregation Service Unavailable;Elastic RAN Carrier Aggregation is not available towards remote eNodeB.
2025-09-21;08:26:35;AL  ;Minor ;EUtraNetwork=1,ExternalENodeBFunction=2221-650298;Inter Node Carrier Aggregation Service Unavailable;Elastic RAN Carrier Aggregation is not available towards remote eNodeB.
2025-09-21;08:28:44;AL  ;Cleared;EUtraNetwork=1,ExternalENodeBFunction=2221-650105;Inter Node Carrier Aggregation Service Unavailable;Elastic RAN Carrier Aggregation is not available towards remote eNodeB.
2025-09-21;08:29:47;AL  ;Minor ;EUtraNetwork=1,ExternalENodeBFunction=2221-650105;Inter Node Carrier Aggregation Service Unavailable;Elastic RAN Carrier Aggregation is not available towards remote eNodeB.
2025-09-21;08:29:47;AL  ;Minor ;EUtraNetwork=1,ExternalENodeBFunction=2221-650123;Inter Node Carrier Aggregation Service Unavailable;Elastic RAN Carrier Aggregation is not available towards remote eNodeB.
2025-09-21;08:49:06;AL  ;Cleared;EUtraNetwork=1,ExternalENodeBFunction=2221-650591;Inter Node Carrier Aggregation Service Unavailable;Elastic RAN Carrier Aggregation is not available towards remote eNodeB.
2025-09-21;08:50:08;AL  ;Minor ;EUtraNetwork=1,ExternalENodeBFunction=2221-650591;Inter Node Carrier Aggregation Service Unavailable;Elastic RAN Carrier Aggregation is not available towards remote eNodeB.
2025-09-21;12:12:32;AL  ;Cleared;EUtraNetwork=1,ExternalENodeBFunction=2221-650390;Inter Node Carrier Aggregation Service Unavailable;Elastic RAN Carrier Aggregation is not available towards remote eNodeB.
2025-09-21;12:12:37;AL  ;Cleared;EUtraNetwork=1,ExternalENodeBFunction=2221-209835;Inter Node Carrier Aggregation Service Unavailable;Elastic RAN Carrier Aggregation is not available towards remote eNodeB.
2025-09-21;12:12:42;AL  ;Cleared;EUtraNetwork=1,ExternalENodeBFunction=2221-650298;Inter Node Carrier Aggregation Service Unavailable;Elastic RAN Carrier Aggregation is not available towards remote eNodeB.
2025-09-21;12:12:50;AL  ;Cleared;EUtraNetwork=1,ExternalENodeBFunction=2221-650591;Inter Node Carrier Aggregation Service Unavailable;Elastic RAN Carrier Aggregation is not available towards remote eNodeB.
2025-09-21;12:12:54;AL  ;Cleared;EUtraNetwork=1,ExternalENodeBFunction=2221-650112;Inter Node Carrier Aggregation Service Unavailable;Elastic RAN Carrier Aggregation is not available towards remote eNodeB.
2025-09-21;12:12:56;AL  ;Minor ;EUtraNetwork=1,ExternalENodeBFunction=2221-650390;Inter Node Carrier Aggregation Service Unavailable;Elastic RAN Carrier Aggregation is not available towards remote eNodeB.
2025-09-21;12:12:59;AL  ;Cleared;EUtraNetwork=1,ExternalENodeBFunction=2221-650105;Inter Node Carrier Aggregation Service Unavailable;Elastic RAN Carrier Aggregation is not available towards remote eNodeB.
2025-09-21;12:13:06;AL  ;Cleared;EUtraNetwork=1,ExternalENodeBFunction=2221-650123;Inter Node Carrier Aggregation Service Unavailable;Elastic RAN Carrier Aggregation is not available towards remote eNodeB.
2025-09-21;12:25:14;AL  ;Minor ;EUtraNetwork=1,ExternalENodeBFunction=2221-209707;Inter Node Carrier Aggregation Service Unavailable;Elastic RAN Carrier Aggregation is not available towards remote eNodeB.
2025-09-21;19:56:54;AL  ;Minor ;EUtraNetwork=1,ExternalENodeBFunction=2221-650298;Inter Node Carrier Aggregation Service Unavailable;Elastic RAN Carrier Aggregation is not available towards remote eNodeB.
2025-09-21;21:30:03;AL  ;Minor ;EUtraNetwork=1,ExternalENodeBFunction=2221-650105;Inter Node Carrier Aggregation Service Unavailable;Elastic RAN Carrier Aggregation is not available towards remote eNodeB.
2025-09-22;08:24:15;AL  ;Minor ;ENodeBFunction=1;External Link to GNodeB Failure;X2 link problem to one or several neighbouring gNodeBs. AI: PLMN ID-gNB ID 1 = 2221-1057353
2025-09-22;08:25:32;AL  ;Cleared;ENodeBFunction=1;External Link to GNodeB Failure;X2 link problem to one or several neighbouring gNodeBs. AI: PLMN ID-gNB ID 1 = 2221-1057353
2025-09-22;09:50:04;AL  ;Minor ;ENodeBFunction=1;External Link to GNodeB Failure;X2 link problem to one or several neighbouring gNodeBs. AI: PLMN ID-gNB ID 1 = 2221-1057353
2025-09-22;09:53:28;AL  ;Cleared;ENodeBFunction=1;External Link to GNodeB Failure;X2 link problem to one or several neighbouring gNodeBs. AI: PLMN ID-gNB ID 1 = 2221-1057353
2025-09-22;10:09:14;AL  ;Minor ;ENodeBFunction=1;External Link Failure;X2 link problem to one or several neighbouring eNodeBs. AI: PLMN ID-eNB ID 1 = 2221-650178
2025-09-22;14:26:42;AL  ;Cleared;ENodeBFunction=1;External Link Failure;X2 link problem to one or several neighbouring eNodeBs. AI: PLMN ID-eNB ID 1 = 2221-650178
2025-09-24;14:35:24;AL  ;Minor ;ENodeBFunction=1;External Link Failure;X2 link problem to one or several neighbouring eNodeBs. AI: PLMN ID-eNB ID 1 = 2221-650520
2025-09-24;21:02:44;AL  ;Minor ;EUtraNetwork=1,ExternalENodeBFunction=2221-209835;Inter Node Carrier Aggregation Service Unavailable;Elastic RAN Carrier Aggregation is not available towards remote eNodeB.
2025-09-25;16:12:13;AL  ;Cleared;ENodeBFunction=1;External Link Failure;X2 link problem to one or several neighbouring eNodeBs. AI: PLMN ID-eNB ID 1 = 2221-650520
2025-09-26;04:02:45;AL  ;Minor ;EUtraNetwork=1,ExternalENodeBFunction=2221-650152;Inter Node Carrier Aggregation Service Unavailable;Elastic RAN Carrier Aggregation is not available towards remote eNodeB.
2025-09-26;05:26:45;AL  ;Minor ;EUtraNetwork=1,ExternalENodeBFunction=2221-650123;Inter Node Carrier Aggregation Service Unavailable;Elastic RAN Carrier Aggregation is not available towards remote eNodeB.
2025-09-26;05:40:44;AL  ;Minor ;ENodeBFunction=1;External Link to GNodeB Failure;X2 link problem to one or several neighbouring gNodeBs. AI: PLMN ID-gNB ID 1 = 2221-1054693
2025-09-26;06:28:31;AL  ;Cleared;ENodeBFunction=1;External Link to GNodeB Failure;X2 link problem to one or several neighbouring gNodeBs. AI: PLMN ID-gNB ID 1 = 2221-1054693
2025-09-26;12:10:45;AL  ;Minor ;EUtraNetwork=1,ExternalENodeBFunction=2221-650121;Inter Node Carrier Aggregation Service Unavailable;Elastic RAN Carrier Aggregation is not available towards remote eNodeB.
2025-09-27;10:31:53;AL  ;Cleared;EUtraNetwork=1,ExternalENodeBFunction=2221-650121;Inter Node Carrier Aggregation Service Unavailable;Elastic RAN Carrier Aggregation is not available towards remote eNodeB.
2025-09-27;10:31:54;AL  ;Cleared;EUtraNetwork=1,ExternalENodeBFunction=2221-209707;Inter Node Carrier Aggregation Service Unavailable;Elastic RAN Carrier Aggregation is not available towards remote eNodeB.
2025-09-27;10:31:56;AL  ;Minor ;EUtraNetwork=1,ExternalENodeBFunction=2221-650591;Inter Node Carrier Aggregation Service Unavailable;Elastic RAN Carrier Aggregation is not available towards remote eNodeB.
2025-09-27;10:37:07;AL  ;Minor ;EUtraNetwork=1,ExternalENodeBFunction=2221-650121;Inter Node Carrier Aggregation Service Unavailable;Elastic RAN Carrier Aggregation is not available towards remote eNodeB.
2025-09-28;07:46:42;AL  ;Cleared;EUtraNetwork=1,ExternalENodeBFunction=2221-650390;Inter Node Carrier Aggregation Service Unavailable;Elastic RAN Carrier Aggregation is not available towards remote eNodeB.
2025-09-28;07:49:32;AL  ;Minor ;EUtraNetwork=1,ExternalENodeBFunction=2221-209707;Inter Node Carrier Aggregation Service Unavailable;Elastic RAN Carrier Aggregation is not available towards remote eNodeB.
2025-09-28;07:55:58;AL  ;Cleared;EUtraNetwork=1,ExternalENodeBFunction=2221-650123;Inter Node Carrier Aggregation Service Unavailable;Elastic RAN Carrier Aggregation is not available towards remote eNodeB.
2025-09-28;07:57:00;AL  ;Minor ;EUtraNetwork=1,ExternalENodeBFunction=2221-650123;Inter Node Carrier Aggregation Service Unavailable;Elastic RAN Carrier Aggregation is not available towards remote eNodeB.
2025-09-28;08:08:27;AL  ;Cleared;EUtraNetwork=1,ExternalENodeBFunction=2221-650121;Inter Node Carrier Aggregation Service Unavailable;Elastic RAN Carrier Aggregation is not available towards remote eNodeB.
2025-09-28;08:08:51;AL  ;Cleared;EUtraNetwork=1,ExternalENodeBFunction=2221-209707;Inter Node Carrier Aggregation Service Unavailable;Elastic RAN Carrier Aggregation is not available towards remote eNodeB.
2025-09-28;08:09:55;AL  ;Minor ;EUtraNetwork=1,ExternalENodeBFunction=2221-209707;Inter Node Carrier Aggregation Service Unavailable;Elastic RAN Carrier Aggregation is not available towards remote eNodeB.
2025-09-28;08:18:29;AL  ;Minor ;EUtraNetwork=1,ExternalENodeBFunction=2221-650390;Inter Node Carrier Aggregation Service Unavailable;Elastic RAN Carrier Aggregation is not available towards remote eNodeB.
2025-09-28;08:26:17;AL  ;Cleared;EUtraNetwork=1,ExternalENodeBFunction=2221-209835;Inter Node Carrier Aggregation Service Unavailable;Elastic RAN Carrier Aggregation is not available towards remote eNodeB.
2025-09-28;08:26:47;AL  ;Cleared;EUtraNetwork=1,ExternalENodeBFunction=2221-650298;Inter Node Carrier Aggregation Service Unavailable;Elastic RAN Carrier Aggregation is not available towards remote eNodeB.
2025-09-28;08:27:19;AL  ;Minor ;EUtraNetwork=1,ExternalENodeBFunction=2221-209835;Inter Node Carrier Aggregation Service Unavailable;Elastic RAN Carrier Aggregation is not available towards remote eNodeB.
2025-09-28;08:27:49;AL  ;Minor ;EUtraNetwork=1,ExternalENodeBFunction=2221-650298;Inter Node Carrier Aggregation Service Unavailable;Elastic RAN Carrier Aggregation is not available towards remote eNodeB.
2025-09-28;08:30:07;AL  ;Cleared;EUtraNetwork=1,ExternalENodeBFunction=2221-650105;Inter Node Carrier Aggregation Service Unavailable;Elastic RAN Carrier Aggregation is not available towards remote eNodeB.
2025-09-28;08:49:59;AL  ;Cleared;EUtraNetwork=1,ExternalENodeBFunction=2221-650591;Inter Node Carrier Aggregation Service Unavailable;Elastic RAN Carrier Aggregation is not available towards remote eNodeB.
2025-09-28;08:51:02;AL  ;Minor ;EUtraNetwork=1,ExternalENodeBFunction=2221-650591;Inter Node Carrier Aggregation Service Unavailable;Elastic RAN Carrier Aggregation is not available towards remote eNodeB.
2025-09-28;12:11:00;AL  ;Cleared;EUtraNetwork=1,ExternalENodeBFunction=2221-650390;Inter Node Carrier Aggregation Service Unavailable;Elastic RAN Carrier Aggregation is not available towards remote eNodeB.
2025-09-28;12:11:06;AL  ;Cleared;EUtraNetwork=1,ExternalENodeBFunction=2221-209835;Inter Node Carrier Aggregation Service Unavailable;Elastic RAN Carrier Aggregation is not available towards remote eNodeB.
2025-09-28;12:11:10;AL  ;Cleared;EUtraNetwork=1,ExternalENodeBFunction=2221-650152;Inter Node Carrier Aggregation Service Unavailable;Elastic RAN Carrier Aggregation is not available towards remote eNodeB.
2025-09-28;12:11:15;AL  ;Cleared;EUtraNetwork=1,ExternalENodeBFunction=2221-650298;Inter Node Carrier Aggregation Service Unavailable;Elastic RAN Carrier Aggregation is not available towards remote eNodeB.
2025-09-28;12:11:23;AL  ;Cleared;EUtraNetwork=1,ExternalENodeBFunction=2221-650591;Inter Node Carrier Aggregation Service Unavailable;Elastic RAN Carrier Aggregation is not available towards remote eNodeB.
2025-09-28;12:11:28;AL  ;Cleared;EUtraNetwork=1,ExternalENodeBFunction=2221-650123;Inter Node Carrier Aggregation Service Unavailable;Elastic RAN Carrier Aggregation is not available towards remote eNodeB.
2025-09-28;12:11:33;AL  ;Cleared;EUtraNetwork=1,ExternalENodeBFunction=2221-209707;Inter Node Carrier Aggregation Service Unavailable;Elastic RAN Carrier Aggregation is not available towards remote eNodeB.
2025-09-28;17:22:06;AL  ;Minor ;EUtraNetwork=1,ExternalENodeBFunction=2221-650353;Inter Node Carrier Aggregation Service Unavailable;Elastic RAN Carrier Aggregation is not available towards remote eNodeB.
2025-09-28;20:02:45;AL  ;Minor ;EUtraNetwork=1,ExternalENodeBFunction=2221-650298;Inter Node Carrier Aggregation Service Unavailable;Elastic RAN Carrier Aggregation is not available towards remote eNodeB.
2025-09-29;07:48:12;AL  ;Minor ;ENodeBFunction=1;External Link Failure;X2 link problem to one or several neighbouring eNodeBs. AI: PLMN ID-eNB ID 1 = 2221-650520
2025-09-29;11:28:35;AL  ;Minor ;ENodeBFunction=1;External Link Failure;X2 link problem to one or several neighbouring eNodeBs. AI: PLMN ID-eNB ID 1 = 2221-650520 PLMN ID-eNB ID 2 = 2221-650343
2025-09-29;13:35:42;AL  ;Minor ;ENodeBFunction=1;External Link Failure;X2 link problem to one or several neighbouring eNodeBs. AI: PLMN ID-eNB ID 1 = 2221-650343
2025-09-29;19:10:44;AL  ;Cleared;ENodeBFunction=1;External Link Failure;X2 link problem to one or several neighbouring eNodeBs. AI: PLMN ID-eNB ID 1 = 2221-650343
2025-09-30;08:45:33;AL  ;Warning;ENodeBFunction=1;PLMN Service Redundancy Lost;S1 connection failure for PLMN connected with link represented by MO listed in Additional Information. AI: PLMN = ["2221"],DN1=ManagedElement=1,ENodeBFunction=1,TermPointToMme=5,
2025-09-30;08:46:03;AL  ;Cleared;ENodeBFunction=1;PLMN Service Redundancy Lost;S1 connection failure for PLMN connected with link represented by MO listed in Additional Information. AI: PLMN = ["2221"],DN1=ManagedElement=1,ENodeBFunction=1,TermPointToMme=5,
2025-09-30;11:17:24;AL  ;Cleared;EUtraNetwork=1,ExternalENodeBFunction=2221-213383;Inter Node Feature Incompatibility;Elastic RAN feature is not activated in remote eNodeB. SUPPRESSED
2025-09-30;11:26:58;AL  ;Minor ;ENodeBFunction=1;External Link Failure;X2 link problem to one or several neighbouring eNodeBs. AI: PLMN ID-eNB ID 1 = 2221-213383
2025-09-30;11:55:34;AL  ;Cleared;ENodeBFunction=1;External Link Failure;X2 link problem to one or several neighbouring eNodeBs. AI: PLMN ID-eNB ID 1 = 2221-213383
2025-09-30;12:06:28;AL  ;Minor ;ENodeBFunction=1;External Link to GNodeB Failure;X2 link problem to one or several neighbouring gNodeBs. AI: PLMN ID-gNB ID 1 = 2221-1053337
2025-09-30;12:06:32;AL  ;Minor ;ENodeBFunction=1;External Link Failure;X2 link problem to one or several neighbouring eNodeBs. AI: PLMN ID-eNB ID 1 = 2221-650390
2025-09-30;14:51:40;AL  ;Minor ;EUtraNetwork=1,ExternalENodeBFunction=2221-650390;Inter Node Carrier Aggregation Service Unavailable;Elastic RAN Carrier Aggregation is not available towards remote eNodeB.
2025-09-30;14:51:49;AL  ;Cleared;ENodeBFunction=1;External Link Failure;X2 link problem to one or several neighbouring eNodeBs. AI: PLMN ID-eNB ID 1 = 2221-650390
2025-09-30;14:52:36;AL  ;Cleared;ENodeBFunction=1;External Link to GNodeB Failure;X2 link problem to one or several neighbouring gNodeBs. AI: PLMN ID-gNB ID 1 = 2221-1053337
2025-09-30;23:18:59;AL  ;Minor ;EUtraNetwork=1,ExternalENodeBFunction=2221-213383;Inter Node Feature Incompatibility;Elastic RAN feature is not activated in remote eNodeB. SUPPRESSED
2025-10-01;08:16:12;AL  ;Minor ;EUtraNetwork=1,ExternalENodeBFunction=2221-650591;Inter Node Carrier Aggregation Service Unavailable;Elastic RAN Carrier Aggregation is not available towards remote eNodeB.
2025-10-01;14:02:44;AL  ;Minor ;EUtraNetwork=1,ExternalENodeBFunction=2221-209835;Inter Node Carrier Aggregation Service Unavailable;Elastic RAN Carrier Aggregation is not available towards remote eNodeB.
2025-10-01;23:48:30;AL  ;Cleared;EUtraNetwork=1,ExternalENodeBFunction=2221-650353;Inter Node Carrier Aggregation Service Unavailable;Elastic RAN Carrier Aggregation is not available towards remote eNodeB.
2025-10-01;23:49:08;AL  ;Minor ;EUtraNetwork=1,ExternalENodeBFunction=2221-650353;Inter Node Carrier Aggregation Service Unavailable;Elastic RAN Carrier Aggregation is not available towards remote eNodeB.
2025-10-02;15:02:30;AL  ;Minor ;EUtraNetwork=1,ExternalENodeBFunction=2221-650014;Inter Node Carrier Aggregation Service Unavailable;Elastic RAN Carrier Aggregation is not available towards remote eNodeB.
2025-10-03;00:23:19;AL  ;Minor ;AntennaUnitGroup=210,AntennaNearUnit=RET_1800_2100;No Connection;Antenna near unit controller occupied.
2025-10-03;00:23:23;AL  ;Cleared;AntennaUnitGroup=210,AntennaNearUnit=RET_1800_2100;No Connection;Antenna near unit controller occupied.
2025-10-03;06:02:19;AL  ;Minor ;AntennaUnitGroup=211,AntennaNearUnit=RET_1800_2100;No Connection;Antenna near unit controller occupied.
2025-10-03;06:02:24;AL  ;Cleared;AntennaUnitGroup=211,AntennaNearUnit=RET_1800_2100;No Connection;Antenna near unit controller occupied.
2025-10-03;11:41:17;AL  ;Minor ;AntennaUnitGroup=212,AntennaNearUnit=RET_1800_2100;No Connection;Antenna near unit controller occupied.
2025-10-03;11:41:22;AL  ;Cleared;AntennaUnitGroup=212,AntennaNearUnit=RET_1800_2100;No Connection;Antenna near unit controller occupied.
2025-10-04;07:16:25;AL  ;Cleared;EUtraNetwork=1,ExternalENodeBFunction=2221-650353;Inter Node Carrier Aggregation Service Unavailable;Elastic RAN Carrier Aggregation is not available towards remote eNodeB.
2025-10-04;07:36:45;AL  ;Minor ;ENodeBFunction=1;External Link Failure;X2 link problem to one or several neighbouring eNodeBs. AI: PLMN ID-eNB ID 1 = 2221-206865
2025-10-04;08:19:00;AL  ;Cleared;ENodeBFunction=1;External Link Failure;X2 link problem to one or several neighbouring eNodeBs. AI: PLMN ID-eNB ID 1 = 2221-206865
2025-10-04;08:35:20;AL  ;Minor ;EUtraNetwork=1,ExternalENodeBFunction=2221-650353;Inter Node Carrier Aggregation Service Unavailable;Elastic RAN Carrier Aggregation is not available towards remote eNodeB.
2025-10-04;09:25:32;AL  ;Cleared;EUtraNetwork=1,ExternalENodeBFunction=2221-650353;Inter Node Carrier Aggregation Service Unavailable;Elastic RAN Carrier Aggregation is not available towards remote eNodeB.
2025-10-04;23:27:38;AL  ;Cleared;EUtraNetwork=1,ExternalENodeBFunction=2221-650591;Inter Node Carrier Aggregation Service Unavailable;Elastic RAN Carrier Aggregation is not available towards remote eNodeB.
2025-10-05;05:32:25;AL  ;Minor ;ENodeBFunction=1;External Link Failure;X2 link problem to one or several neighbouring eNodeBs. AI: PLMN ID-eNB ID 1 = 2221-206488 PLMN ID-eNB ID 2 = 2221-650591
2025-10-05;05:34:26;AL  ;Cleared;ENodeBFunction=1;External Link Failure;X2 link problem to one or several neighbouring eNodeBs. AI: PLMN ID-eNB ID 1 = 2221-206488 PLMN ID-eNB ID 2 = 2221-650591
2025-10-05;07:42:10;AL  ;Cleared;EUtraNetwork=1,ExternalENodeBFunction=2221-650390;Inter Node Carrier Aggregation Service Unavailable;Elastic RAN Carrier Aggregation is not available towards remote eNodeB.
2025-10-05;07:44:10;AL  ;Minor ;EUtraNetwork=1,ExternalENodeBFunction=2221-650390;Inter Node Carrier Aggregation Service Unavailable;Elastic RAN Carrier Aggregation is not available towards remote eNodeB.
2025-10-05;08:19:18;AL  ;Cleared;EUtraNetwork=1,ExternalENodeBFunction=2221-209835;Inter Node Carrier Aggregation Service Unavailable;Elastic RAN Carrier Aggregation is not available towards remote eNodeB.
2025-10-05;08:19:37;AL  ;Cleared;EUtraNetwork=1,ExternalENodeBFunction=2221-650298;Inter Node Carrier Aggregation Service Unavailable;Elastic RAN Carrier Aggregation is not available towards remote eNodeB.
2025-10-05;08:20:20;AL  ;Minor ;EUtraNetwork=1,ExternalENodeBFunction=2221-209835;Inter Node Carrier Aggregation Service Unavailable;Elastic RAN Carrier Aggregation is not available towards remote eNodeB.
2025-10-05;08:20:39;AL  ;Minor ;EUtraNetwork=1,ExternalENodeBFunction=2221-650298;Inter Node Carrier Aggregation Service Unavailable;Elastic RAN Carrier Aggregation is not available towards remote eNodeB.
2025-10-05;08:22:57;AL  ;Minor ;EUtraNetwork=1,ExternalENodeBFunction=2221-650105;Inter Node Carrier Aggregation Service Unavailable;Elastic RAN Carrier Aggregation is not available towards remote eNodeB.
2025-10-05;08:42:29;AL  ;Minor ;EUtraNetwork=1,ExternalENodeBFunction=2221-650121;Inter Node Carrier Aggregation Service Unavailable;Elastic RAN Carrier Aggregation is not available towards remote eNodeB.
2025-10-05;11:47:45;AL  ;Cleared;EUtraNetwork=1,ExternalENodeBFunction=2221-650014;Inter Node Carrier Aggregation Service Unavailable;Elastic RAN Carrier Aggregation is not available towards remote eNodeB.
2025-10-05;11:48:47;AL  ;Minor ;EUtraNetwork=1,ExternalENodeBFunction=2221-650014;Inter Node Carrier Aggregation Service Unavailable;Elastic RAN Carrier Aggregation is not available towards remote eNodeB.
2025-10-05;11:52:49;AL  ;Cleared;EUtraNetwork=1,ExternalENodeBFunction=2221-650390;Inter Node Carrier Aggregation Service Unavailable;Elastic RAN Carrier Aggregation is not available towards remote eNodeB.
2025-10-05;11:52:54;AL  ;Cleared;EUtraNetwork=1,ExternalENodeBFunction=2221-209835;Inter Node Carrier Aggregation Service Unavailable;Elastic RAN Carrier Aggregation is not available towards remote eNodeB.
2025-10-05;11:52:58;AL  ;Cleared;EUtraNetwork=1,ExternalENodeBFunction=2221-650121;Inter Node Carrier Aggregation Service Unavailable;Elastic RAN Carrier Aggregation is not available towards remote eNodeB.
2025-10-05;11:53:03;AL  ;Cleared;EUtraNetwork=1,ExternalENodeBFunction=2221-650014;Inter Node Carrier Aggregation Service Unavailable;Elastic RAN Carrier Aggregation is not available towards remote eNodeB.
2025-10-05;11:53:07;AL  ;Cleared;EUtraNetwork=1,ExternalENodeBFunction=2221-650298;Inter Node Carrier Aggregation Service Unavailable;Elastic RAN Carrier Aggregation is not available towards remote eNodeB.
2025-10-05;11:53:19;AL  ;Cleared;EUtraNetwork=1,ExternalENodeBFunction=2221-650105;Inter Node Carrier Aggregation Service Unavailable;Elastic RAN Carrier Aggregation is not available towards remote eNodeB.
2025-10-05;11:54:21;AL  ;Minor ;EUtraNetwork=1,ExternalENodeBFunction=2221-650105;Inter Node Carrier Aggregation Service Unavailable;Elastic RAN Carrier Aggregation is not available towards remote eNodeB.
2025-10-05;21:02:45;AL  ;Minor ;EUtraNetwork=1,ExternalENodeBFunction=2221-650298;Inter Node Carrier Aggregation Service Unavailable;Elastic RAN Carrier Aggregation is not available towards remote eNodeB.
2025-10-06;11:43:48;AL  ;Minor ;ENodeBFunction=1;External Link Failure;X2 link problem to one or several neighbouring eNodeBs. AI: PLMN ID-eNB ID 1 = 2221-206488 PLMN ID-eNB ID 2 = 2221-650591
2025-10-06;11:47:35;AL  ;Cleared;ENodeBFunction=1;External Link Failure;X2 link problem to one or several neighbouring eNodeBs. AI: PLMN ID-eNB ID 1 = 2221-206488 PLMN ID-eNB ID 2 = 2221-650591
2025-10-06;18:57:32;AL  ;Cleared;EUtraNetwork=1,ExternalENodeBFunction=2221-650105;Inter Node Carrier Aggregation Service Unavailable;Elastic RAN Carrier Aggregation is not available towards remote eNodeB.
2025-10-06;19:04:07;AL  ;Minor ;EUtraNetwork=1,ExternalENodeBFunction=2221-650105;Inter Node Carrier Aggregation Service Unavailable;Elastic RAN Carrier Aggregation is not available towards remote eNodeB.


ZA35T> lgec -m 30d

251007-12:09:28+0200 19.31.9.161 25.0h MSRBS_NODE_MODEL_25.Q1_198665.224.73_bf81 stopfile=/tmp/1147577

Startdate=20250907.100929, Enddate=20251008.100929
Date;Time;Log;Severity;Object;Event;Cause;AdditionalText;AckState;Id;NotificationId;CorrelatedAlarms
Executing action Log.export()
..
Log=AlertLog                    actionId=6245
...
=================================================================================================================
MO                  actionId result      resultInfo
=================================================================================================================
LogM=1,Log=AlertLog 6245     1 (SUCCESS)           
cat  /ericsson/log/amos/moshell_logfiles/t20251007_37258710_53697/logs_moshell/tempfiles/scp-2-amos_20251007-120839_1147481/rcslogs/AlertLog_20221012__070537.log > /ericsson/log/amos/moshell_logfiles/t20251007_37258710_53697/logs_moshell/tempfiles/scp-2-amos_20251007-120839_1147481/eventLog1147577.xml

Bye...
Output has been logged to file /mta_fs/UserFiles/37258710/amosbatch/2025-10-07_11-07-01_53697/ZA35T.log
