Logging to file /mta_fs/UserFiles/37258710/amosbatch/2025-10-07_11-07-01_53697/ZA44L.log
                        __  __  ____   _____
                  /\   |  \/  |/ __ \ / ____|
                 /  \  | \  / | |  | | (___  
                / /\ \ | |\/| | |  | |\___ \ 
               / ____ \| |  | | |__| |____) |
              /_/    \_\_|  |_|\____/|_____/
              OSS Framework for MoShell-25.0h 
  Copyright (c) Ericsson AB 2001-2025 - All Rights Reserved
              
           
[1;31mWARNING: [0mthe AMOS version currently running is more than 22 weeks old and is unsupported.
Please upgrade as soon as possible to the latest released version, available from your local Ericsson support.

$amosrb_pid = 662124

Checking ip contact...OK

HELP MENU            : h
BASIC MO COMMANDS    : m
OTHER MO COMMANDS    : n
OTHER COMMANDS       : o
PM COMMANDS          : p
QUIT                 : q

ZA44L> lt all

251007-11:11:00+0200 19.31.16.105 25.0h  stopfile=/tmp/661737
Looking up temporary_amos account... OK.
Trying temporary_amos_t20251007_37258710_53697_313's password from amos lookupAccount ... OK

$ssh_pid = 664120

Connected to 19.31.16.105 (SubNetwork=BBMM_rckomc_R,MeContext=ZA44L,ManagedElement=ZA44L)

Checking MOM version...MSRBS_NODE_MODEL_25.Q1_693.28324.131_62ac
Parsing MOM (cached): /ericsson/log/amos/moshell_logfiles/t20251007_37258710_53697/logs_moshell/tempfiles/scp-2-amos_20251007-111053_661519/MSRBS_NODE_MODEL_25.Q1_693.28324.131_62ac.xml.cache.gz ..................................................................................................................................................................................................................................Done.
Using paramfile /opt/ericsson/amos/moshell/commonjars/pm/PARAM_MSRBS_25.Q1.txt
Parsing file /opt/ericsson/amos/moshell/commonjars/pm/PARAM_MSRBS_25.Q1.txt .......................................................................................Done.
Using imomdfile /opt/ericsson/amos/moshell/commonjars/pm/IMOMD_MSRBS_22.Q4.txt
Using imomfile /opt/ericsson/amos/moshell/commonjars/pm/IMOM_MSRBS_25.Q1.txt
Connected to 19.31.16.105 (SubNetwork=BBMM_rckomc_R,MeContext=ZA44L,ManagedElement=ZA44L)

Last MO: 17467. Loaded 17467 MOs. Total: 17468 MOs.

ZA44L> hget EUtranCellFDD ^cellid

251007-11:11:14+0200 19.31.16.105 25.0h MSRBS_NODE_MODEL_25.Q1_693.28324.131_62ac stopfile=/tmp/661737

=================================================================================================================
MO                   cellId
=================================================================================================================
EUtranCellFDD=ZA44L1 21    
EUtranCellFDD=ZA44L3 23    
EUtranCellFDD=ZA44L4 24    
=================================================================================================================
Total: 3 MOs

Added 3 MOs to group: hget_group

ZA44L> hget NbIotCell ^cellid

251007-11:11:14+0200 19.31.16.105 25.0h MSRBS_NODE_MODEL_25.Q1_693.28324.131_62ac stopfile=/tmp/661737
Total: 0 MOs

ZA44L> hget NRCellDU ^cellLocalId

251007-11:11:14+0200 19.31.16.105 25.0h MSRBS_NODE_MODEL_25.Q1_693.28324.131_62ac stopfile=/tmp/661737
Total: 0 MOs

ZA44L> lgdc -m 30d

251007-11:11:15+0200 19.31.16.105 25.0h MSRBS_NODE_MODEL_25.Q1_693.28324.131_62ac stopfile=/tmp/661737

Startdate=20250907.091115, Enddate=20251008.091115
INFO: Using amos lookupAccount credentials for the export login

Executing action LogM.exportAvailabilityLog()
...LogM=1,exportAvailabilityLog    actionId=44244
...
=================================================================================================================
MO     actionId result      resultInfo
=================================================================================================================
LogM=1 44244    1 (SUCCESS)           
cp /ericsson/log/amos/moshell_logfiles/t20251007_37258710_53697/logs_moshell/tempfiles/scp-2-amos_20251007-111053_661519/rcslogs/RBS_CS_AVAILABILITY_LOG_20251007091117.xml /ericsson/log/amos/moshell_logfiles/t20251007_37258710_53697/logs_moshell/tempfiles/scp-2-amos_20251007-111053_661519/availabilityLog661737.xml
Parsing availabilityLog.....Done.
..
Date;Time;RestartType;SwVersion;SwRelease;RCSDowntime;ApplicationDowntime;TNDowntime;RATsDowntime;ExtraInfo;ExtraInfo2
2025-09-08;00:14:15;PartialOutage(Manual);100% Lrat Cell 21 23 24; ();14s;;;;;
2025-09-08;00:14:29;PartialOutage(Manual);100% Lrat Cell 21 24; ();1s;;;;;
2025-09-10;00:23:00;PgmGrpRestart LRAT ProgramErrEscalated;; ();23s;;;;;
2025-09-10;00:23:23;PartialOutage(Manual);33% Lrat Cell 24; ();1s;;;;;
2025-09-26;14:14:56;ManualCold(1);CXP2010174/2_R27J08;CXP2010174/2_R27J08 (25.Q1);73s (1m13s);125s (2m5s);98s (1m38s);L=132s G=125s ;Requested: RankCold OperatorInitiated Cold Performed: RankCold OperatorInitiated Cold;Grat GRAT Traffic Control active, Lrat LRAT Traffic Control active
2025-09-26;14:17:08;PartialOutage(Manual);67% Lrat Cell 23 24;CXP2010174/2_R27J08 (25.Q1);1s;;;;;
2025-09-26;14:20:29;PartialOutage(System);100% Lrat Cell 21 23 24;CXP2010174/2_R27J08 (25.Q1);12s;;;;;
2025-09-26;14:20:41;PartialOutage(System);100% Lrat Cell 23 24;CXP2010174/2_R27J08 (25.Q1);2s;;;;;
2025-09-30;23:36:27;PartialOutage(Manual);100% Lrat Cell 21 23 24;CXP2010174/2_R27J08 (25.Q1);13s;;;;;
2025-09-30;23:36:40;PartialOutage(Manual);100% Lrat Cell 21 24;CXP2010174/2_R27J08 (25.Q1);1s;;;;;
2025-09-30;23:36:41;PartialOutage(Manual);100% Lrat Cell 24;CXP2010174/2_R27J08 (25.Q1);2s;;;;;
2025-10-02;23:31:33;PartialOutage(System);100% Lrat Cell 21 23 24;CXP2010174/2_R27J08 (25.Q1);10s;;;;;
2025-10-02;23:31:43;PartialOutage(System);100% Lrat Cell 23 24;CXP2010174/2_R27J08 (25.Q1);2s;;;;;
2025-10-03;18:24:25;PartialOutage(System);100% Lrat Cell 21 23 24;CXP2010174/2_R27J08 (25.Q1);12s;;;;;
2025-10-03;18:24:37;PartialOutage(System);100% Lrat Cell 23 24;CXP2010174/2_R27J08 (25.Q1);3s;;;;;
2025-10-05;08:03:44;PartialOutage(System);100% Lrat Cell 21 23 24;CXP2010174/2_R27J08 (25.Q1);12s;;;;;
2025-10-05;08:03:56;PartialOutage(System);100% Lrat Cell 23 24;CXP2010174/2_R27J08 (25.Q1);3s;;;;;
2025-10-05;09:01:28;PartialOutage(System);100% Lrat Cell 21 23 24;CXP2010174/2_R27J08 (25.Q1);12s;;;;;
2025-10-05;09:01:40;PartialOutage(System);100% Lrat Cell 23 24;CXP2010174/2_R27J08 (25.Q1);3s;;;;;
2025-10-06;23:33:10;PartialOutage(Manual);100% Lrat Cell 21 23 24;CXP2010174/2_R27J08 (25.Q1);13s;;;;;
2025-10-06;23:33:23;PartialOutage(Manual);100% Lrat Cell 23;CXP2010174/2_R27J08 (25.Q1);1s;;;;;

Node uptime since last restart: 932062 seconds (10 days, 18 hours, 54 minutes, 22 seconds)
------------------------------------------------------------------------------------------------------
Period=30 days       NodeUpgrade      NodeManual       NodeSpontaneous  AllNodeRestarts  PartialOutages  
------------------------------------------------------------------------------------------------------
Number Of outages    0                1                0                1                19              
Total downtime       0s               125s (2m5s)      0s               125s (2m5s)      118s (1m58s)    
Downtime per day     0s               4s               0s               4s               4s              
Downtime per outage  0s               125s (2m5s)      0s               125s (2m5s)      6s              

ZA44L> lgac -m 30d

251007-11:11:23+0200 19.31.16.105 25.0h MSRBS_NODE_MODEL_25.Q1_693.28324.131_62ac stopfile=/tmp/661737

Startdate=20250907.091123, Enddate=20251008.091124
Date;Time;Log;Severity;Object;Event;Cause;AdditionalText;AckState;Id;NotificationId;CorrelatedAlarms
Executing action Log.export()
..
Log=AlarmLog                    actionId=44245
......
=================================================================================================================
MO                  actionId result      resultInfo
=================================================================================================================
LogM=1,Log=AlarmLog 44245    1 (SUCCESS)           
cat  /ericsson/log/amos/moshell_logfiles/t20251007_37258710_53697/logs_moshell/tempfiles/scp-2-amos_20251007-111053_661519/rcslogs/saLogAlarm_20240314__085259_20250226__233520.log /ericsson/log/amos/moshell_logfiles/t20251007_37258710_53697/logs_moshell/tempfiles/scp-2-amos_20251007-111053_661519/rcslogs/saLogAlarm_20250226__233520.log > /ericsson/log/amos/moshell_logfiles/t20251007_37258710_53697/logs_moshell/tempfiles/scp-2-amos_20251007-111053_661519/alarmLog661737.xml
2025-09-07;11:59:33;AL  ;Cleared;EUtraNetwork=1,ExternalENodeBFunction=2221-650792;Inter Node Carrier Aggregation Service Unavailable;Elastic RAN Carrier Aggregation is not available towards remote eNodeB.
2025-09-07;12:00:03;AL  ;Minor ;EUtraNetwork=1,ExternalENodeBFunction=2221-650792;Inter Node Carrier Aggregation Service Unavailable;Elastic RAN Carrier Aggregation is not available towards remote eNodeB.
2025-09-07;12:01:36;AL  ;Cleared;EUtraNetwork=1,ExternalENodeBFunction=2221-650605;Inter Node Carrier Aggregation Service Unavailable;Elastic RAN Carrier Aggregation is not available towards remote eNodeB.
2025-09-07;12:26:41;AL  ;Cleared;EUtraNetwork=1,ExternalENodeBFunction=2221-211968;Inter Node Carrier Aggregation Service Unavailable;Elastic RAN Carrier Aggregation is not available towards remote eNodeB.
2025-09-07;12:27:00;AL  ;Cleared;EUtraNetwork=1,ExternalENodeBFunction=2221-650793;Inter Node Carrier Aggregation Service Unavailable;Elastic RAN Carrier Aggregation is not available towards remote eNodeB.
2025-09-07;12:27:44;AL  ;Minor ;EUtraNetwork=1,ExternalENodeBFunction=2221-211968;Inter Node Carrier Aggregation Service Unavailable;Elastic RAN Carrier Aggregation is not available towards remote eNodeB.
2025-09-07;12:27:58;AL  ;Cleared;EUtraNetwork=1,ExternalENodeBFunction=2221-211968;Inter Node Carrier Aggregation Service Unavailable;Elastic RAN Carrier Aggregation is not available towards remote eNodeB.
2025-09-07;12:28:03;AL  ;Cleared;EUtraNetwork=1,ExternalENodeBFunction=2221-650792;Inter Node Carrier Aggregation Service Unavailable;Elastic RAN Carrier Aggregation is not available towards remote eNodeB.
2025-09-07;12:28:07;AL  ;Cleared;EUtraNetwork=1,ExternalENodeBFunction=2221-650115;Inter Node Carrier Aggregation Service Unavailable;Elastic RAN Carrier Aggregation is not available towards remote eNodeB.
2025-09-07;18:46:56;AL  ;Minor ;EUtraNetwork=1,ExternalENodeBFunction=2221-650654;Inter Node Carrier Aggregation Service Unavailable;Elastic RAN Carrier Aggregation is not available towards remote eNodeB.
2025-09-08;08:12:29;AL  ;Minor ;EUtraNetwork=1,ExternalENodeBFunction=2221-211968;Inter Node Carrier Aggregation Service Unavailable;Elastic RAN Carrier Aggregation is not available towards remote eNodeB.
2025-09-09;06:01:31;AL  ;Minor ;EUtraNetwork=1,ExternalENodeBFunction=2221-650793;Inter Node Carrier Aggregation Service Unavailable;Elastic RAN Carrier Aggregation is not available towards remote eNodeB.
2025-09-09;09:49:48;AL  ;Minor ;ENodeBFunction=1;External Link Failure;X2 link problem to one or several neighbouring eNodeBs. AI: PLMN ID-eNB ID 1 = 2221-207661
2025-09-09;11:16:23;AL  ;Cleared;ENodeBFunction=1;External Link Failure;X2 link problem to one or several neighbouring eNodeBs. AI: PLMN ID-eNB ID 1 = 2221-207661
2025-09-10;00:23:00;AL  ;Cleared;EUtraNetwork=1,ExternalENodeBFunction=2221-650654;Inter Node Carrier Aggregation Service Unavailable;Elastic RAN Carrier Aggregation is not available towards remote eNodeB.
2025-09-10;00:23:00;AL  ;Cleared;EUtraNetwork=1,ExternalENodeBFunction=2221-650111;Inter Node Feature Incompatibility;Elastic RAN feature is not activated in remote eNodeB
2025-09-10;00:23:00;AL  ;Cleared;EUtraNetwork=1,ExternalENodeBFunction=2221-650793;Inter Node Carrier Aggregation Service Unavailable;Elastic RAN Carrier Aggregation is not available towards remote eNodeB.
2025-09-10;00:23:00;AL  ;Cleared;EUtraNetwork=1,ExternalENodeBFunction=2221-211968;Inter Node Carrier Aggregation Service Unavailable;Elastic RAN Carrier Aggregation is not available towards remote eNodeB.
2025-09-10;00:35:09;AL  ;Minor ;EUtraNetwork=1,ExternalENodeBFunction=2221-650111;Inter Node Feature Incompatibility;Elastic RAN feature is not activated in remote eNodeB
2025-09-10;22:58:01;AL  ;Minor ;ENodeBFunction=1;External Link Failure;X2 link problem to one or several neighbouring eNodeBs. AI: PLMN ID-eNB ID 1 = 2221-400839
2025-09-10;23:11:22;AL  ;Minor ;ENodeBFunction=1;External Link Failure;X2 link problem to one or several neighbouring eNodeBs. AI: PLMN ID-eNB ID 1 = 2221-400839 PLMN ID-eNB ID 2 = 2221-213264
2025-09-10;23:25:39;AL  ;Minor ;ENodeBFunction=1;External Link Failure;X2 link problem to one or several neighbouring eNodeBs. AI: PLMN ID-eNB ID 1 = 2221-400839
2025-09-10;23:29:43;AL  ;Cleared;ENodeBFunction=1;External Link Failure;X2 link problem to one or several neighbouring eNodeBs. AI: PLMN ID-eNB ID 1 = 2221-400839
2025-09-10;23:35:26;AL  ;Minor ;ENodeBFunction=1;External Link Failure;X2 link problem to one or several neighbouring eNodeBs. AI: PLMN ID-eNB ID 1 = 2221-213264
2025-09-10;23:37:10;AL  ;Cleared;ENodeBFunction=1;External Link Failure;X2 link problem to one or several neighbouring eNodeBs. AI: PLMN ID-eNB ID 1 = 2221-213264
2025-09-10;23:45:12;AL  ;Minor ;ENodeBFunction=1;External Link Failure;X2 link problem to one or several neighbouring eNodeBs. AI: PLMN ID-eNB ID 1 = 2221-650598
2025-09-10;23:55:24;AL  ;Minor ;ENodeBFunction=1;External Link Failure;X2 link problem to one or several neighbouring eNodeBs. AI: PLMN ID-eNB ID 1 = 2221-650598 PLMN ID-eNB ID 2 = 2221-400839
2025-09-10;23:57:09;AL  ;Minor ;ENodeBFunction=1;External Link Failure;X2 link problem to one or several neighbouring eNodeBs. AI: PLMN ID-eNB ID 1 = 2221-400839
2025-09-11;00:01:31;AL  ;Minor ;ENodeBFunction=1;External Link Failure;X2 link problem to one or several neighbouring eNodeBs. AI: PLMN ID-eNB ID 1 = 2221-400839 PLMN ID-eNB ID 2 = 2221-204949
2025-09-11;04:52:40;AL  ;Minor ;ENodeBFunction=1;External Link Failure;X2 link problem to one or several neighbouring eNodeBs. AI: PLMN ID-eNB ID 1 = 2221-400839 PLMN ID-eNB ID 2 = 2221-650598
2025-09-11;10:33:16;AL  ;Minor ;ENodeBFunction=1;External Link Failure;X2 link problem to one or several neighbouring eNodeBs. AI: PLMN ID-eNB ID 1 = 2221-400839 PLMN ID-eNB ID 2 = 2221-650474
2025-09-11;13:27:34;AL  ;Minor ;ENodeBFunction=1;External Link Failure;X2 link problem to one or several neighbouring eNodeBs. AI: PLMN ID-eNB ID 1 = 2221-400839 PLMN ID-eNB ID 2 = 2221-650474
2025-09-11;13:28:38;AL  ;Minor ;ENodeBFunction=1;External Link Failure;X2 link problem to one or several neighbouring eNodeBs. AI: PLMN ID-eNB ID 1 = 2221-400839
2025-09-11;17:35:32;AL  ;Cleared;ENodeBFunction=1;External Link Failure;X2 link problem to one or several neighbouring eNodeBs. AI: PLMN ID-eNB ID 1 = 2221-400839
2025-09-12;07:43:22;AL  ;Minor ;ENodeBFunction=1;External Link Failure;X2 link problem to one or several neighbouring eNodeBs. AI: PLMN ID-eNB ID 1 = 2221-400687
2025-09-12;09:46:06;AL  ;Minor ;ENodeBFunction=1;External Link Failure;X2 link problem to one or several neighbouring eNodeBs. AI: PLMN ID-eNB ID 1 = 2221-400687 PLMN ID-eNB ID 2 = 2221-210572 PLMN ID-eNB ID 3 = 2221-650639
2025-09-12;11:25:36;AL  ;Minor ;ENodeBFunction=1;External Link Failure;X2 link problem to one or several neighbouring eNodeBs. AI: PLMN ID-eNB ID 1 = 2221-210572 PLMN ID-eNB ID 2 = 2221-650639
2025-09-12;12:28:13;AL  ;Minor ;ENodeBFunction=1;External Link Failure;X2 link problem to one or several neighbouring eNodeBs. AI: PLMN ID-eNB ID 1 = 2221-650639
2025-09-12;12:28:29;AL  ;Cleared;ENodeBFunction=1;External Link Failure;X2 link problem to one or several neighbouring eNodeBs. AI: PLMN ID-eNB ID 1 = 2221-650639
2025-09-15;09:30:44;AL  ;Minor ;ENodeBFunction=1;External Link Failure;X2 link problem to one or several neighbouring eNodeBs. AI: PLMN ID-eNB ID 1 = 2221-212404
2025-09-15;13:39:42;AL  ;Cleared;ENodeBFunction=1;External Link Failure;X2 link problem to one or several neighbouring eNodeBs. AI: PLMN ID-eNB ID 1 = 2221-212404
2025-09-16;02:32:04;AL  ;Minor ;ENodeBFunction=1;External Link Failure;X2 link problem to one or several neighbouring eNodeBs. AI: PLMN ID-eNB ID 1 = 2221-209450
2025-09-16;02:40:04;AL  ;Cleared;ENodeBFunction=1;External Link Failure;X2 link problem to one or several neighbouring eNodeBs. AI: PLMN ID-eNB ID 1 = 2221-209450
2025-09-16;10:04:48;AL  ;Warning;ENodeBFunction=1;PLMN Service Redundancy Lost;S1 connection failure for PLMN connected with link represented by MO listed in Additional Information. AI: PLMN = ["2221"],DN1=ManagedElement=1,ENodeBFunction=1,TermPointToMme=5,
2025-09-16;10:05:18;AL  ;Cleared;ENodeBFunction=1;PLMN Service Redundancy Lost;S1 connection failure for PLMN connected with link represented by MO listed in Additional Information. AI: PLMN = ["2221"],DN1=ManagedElement=1,ENodeBFunction=1,TermPointToMme=5,
2025-09-17;07:09:47;AL  ;Minor ;ENodeBFunction=1;External Link Failure;X2 link problem to one or several neighbouring eNodeBs. AI: PLMN ID-eNB ID 1 = 2221-209768
2025-09-17;09:16:44;AL  ;Cleared;ENodeBFunction=1;External Link Failure;X2 link problem to one or several neighbouring eNodeBs. AI: PLMN ID-eNB ID 1 = 2221-209768
2025-09-19;08:09:40;AL  ;Minor ;ENodeBFunction=1;External Link Failure;X2 link problem to one or several neighbouring eNodeBs. AI: PLMN ID-eNB ID 1 = 2221-206063
2025-09-19;09:08:19;AL  ;Cleared;ENodeBFunction=1;External Link Failure;X2 link problem to one or several neighbouring eNodeBs. AI: PLMN ID-eNB ID 1 = 2221-206063
2025-09-26;11:12:22;AL  ;Cleared;EUtraNetwork=1,ExternalENodeBFunction=2221-650111;Inter Node Feature Incompatibility;Elastic RAN feature is not activated in remote eNodeB
2025-09-26;14:17:15;AL  ;Minor ;EUtraNetwork=1,ExternalENodeBFunction=2221-650654;Inter Node Carrier Aggregation Service Unavailable;Elastic RAN Carrier Aggregation is not available towards remote eNodeB.
2025-09-26;14:17:15;AL  ;Minor ;EUtraNetwork=1,ExternalENodeBFunction=2221-211472;Inter Node Carrier Aggregation Service Unavailable;Elastic RAN Carrier Aggregation is not available towards remote eNodeB.
2025-09-26;14:17:16;AL  ;Minor ;EUtraNetwork=1,ExternalENodeBFunction=2221-650793;Inter Node Carrier Aggregation Service Unavailable;Elastic RAN Carrier Aggregation is not available towards remote eNodeB.
2025-09-26;14:18:12;AL  ;Minor ;EUtraNetwork=1,ExternalENodeBFunction=2221-650605;Inter Node Carrier Aggregation Service Unavailable;Elastic RAN Carrier Aggregation is not available towards remote eNodeB.
2025-09-26;14:19:31;AL  ;Minor ;ENodeBFunction=1;Sync Time and Phase Accuracy Too Low;Time and phase sync accuracy crossed the threshold for features interworking with NR.
2025-09-26;14:19:31;AL  ;Minor ;EUtranCellFDD=ZA44L1;Service Degraded;This is a secondary alarm, use alarm correlation information in Additional Information to find primary alarm.
2025-09-26;14:19:31;AL  ;Minor ;EUtranCellFDD=ZA44L3;Service Degraded;This is a secondary alarm, use alarm correlation information in Additional Information to find primary alarm.
2025-09-26;14:19:31;AL  ;Minor ;EUtranCellFDD=ZA44L4;Service Degraded;This is a secondary alarm, use alarm correlation information in Additional Information to find primary alarm.
2025-09-26;14:20:29;AL  ;Cleared;EUtranCellFDD=ZA44L1;Service Degraded;This is a secondary alarm, use alarm correlation information in Additional Information to find primary alarm.
2025-09-26;14:20:29;AL  ;Cleared;EUtranCellFDD=ZA44L3;Service Degraded;This is a secondary alarm, use alarm correlation information in Additional Information to find primary alarm.
2025-09-26;14:20:29;AL  ;Minor ;EUtraNetwork=1,ExternalENodeBFunction=2221-650111;Inter Node Feature Incompatibility;Elastic RAN feature is not activated in remote eNodeB
2025-09-26;14:20:29;AL  ;Cleared;EUtranCellFDD=ZA44L4;Service Degraded;This is a secondary alarm, use alarm correlation information in Additional Information to find primary alarm.
2025-09-26;14:20:29;AL  ;Cleared;ENodeBFunction=1;Sync Time and Phase Accuracy Too Low;Time and phase sync accuracy crossed the threshold for features interworking with NR.
2025-09-27;15:04:23;AL  ;Minor ;ENodeBFunction=1;External Link Failure;X2 link problem to one or several neighbouring eNodeBs. AI: PLMN ID-eNB ID 1 = 2221-400469
2025-09-28;05:41:56;AL  ;Minor ;ENodeBFunction=1;External Link Failure;X2 link problem to one or several neighbouring eNodeBs. AI: PLMN ID-eNB ID 1 = 2221-400469 PLMN ID-eNB ID 2 = 2221-650674
2025-09-28;08:00:43;AL  ;Minor ;EUtraNetwork=1,ExternalENodeBFunction=2221-650115;Inter Node Carrier Aggregation Service Unavailable;Elastic RAN Carrier Aggregation is not available towards remote eNodeB.
2025-09-28;08:37:16;AL  ;Cleared;EUtraNetwork=1,ExternalENodeBFunction=2221-650654;Inter Node Carrier Aggregation Service Unavailable;Elastic RAN Carrier Aggregation is not available towards remote eNodeB.
2025-09-28;11:49:20;AL  ;Cleared;EUtraNetwork=1,ExternalENodeBFunction=2221-650605;Inter Node Carrier Aggregation Service Unavailable;Elastic RAN Carrier Aggregation is not available towards remote eNodeB.
2025-09-28;12:12:30;AL  ;Minor ;EUtraNetwork=1,ExternalENodeBFunction=2221-211968;Inter Node Carrier Aggregation Service Unavailable;Elastic RAN Carrier Aggregation is not available towards remote eNodeB.
2025-09-28;12:12:30;AL  ;Cleared;EUtraNetwork=1,ExternalENodeBFunction=2221-650793;Inter Node Carrier Aggregation Service Unavailable;Elastic RAN Carrier Aggregation is not available towards remote eNodeB.
2025-09-28;12:12:42;AL  ;Minor ;EUtraNetwork=1,ExternalENodeBFunction=2221-650793;Inter Node Carrier Aggregation Service Unavailable;Elastic RAN Carrier Aggregation is not available towards remote eNodeB.
2025-09-28;12:13:01;AL  ;Cleared;EUtraNetwork=1,ExternalENodeBFunction=2221-211472;Inter Node Carrier Aggregation Service Unavailable;Elastic RAN Carrier Aggregation is not available towards remote eNodeB.
2025-09-28;12:13:05;AL  ;Cleared;EUtraNetwork=1,ExternalENodeBFunction=2221-650115;Inter Node Carrier Aggregation Service Unavailable;Elastic RAN Carrier Aggregation is not available towards remote eNodeB.
2025-09-28;12:13:10;AL  ;Cleared;EUtraNetwork=1,ExternalENodeBFunction=2221-650793;Inter Node Carrier Aggregation Service Unavailable;Elastic RAN Carrier Aggregation is not available towards remote eNodeB.
2025-09-28;12:13:11;AL  ;Cleared;ENodeBFunction=1;External Link Failure;X2 link problem to one or several neighbouring eNodeBs. AI: PLMN ID-eNB ID 1 = 2221-400469
2025-09-28;12:14:07;AL  ;Minor ;EUtraNetwork=1,ExternalENodeBFunction=2221-650792;Inter Node Carrier Aggregation Service Unavailable;Elastic RAN Carrier Aggregation is not available towards remote eNodeB.
2025-09-28;15:45:51;AL  ;Minor ;ENodeBFunction=1;External Link Failure;X2 link problem to one or several neighbouring eNodeBs. AI: PLMN ID-eNB ID 1 = 2221-209768
2025-09-28;15:48:13;AL  ;Cleared;ENodeBFunction=1;External Link Failure;X2 link problem to one or several neighbouring eNodeBs. AI: PLMN ID-eNB ID 1 = 2221-209768
2025-09-29;10:45:44;AL  ;Cleared;EUtraNetwork=1,ExternalENodeBFunction=2221-650792;Inter Node Carrier Aggregation Service Unavailable;Elastic RAN Carrier Aggregation is not available towards remote eNodeB.
2025-09-29;10:47:20;AL  ;Minor ;EUtraNetwork=1,ExternalENodeBFunction=2221-650792;Inter Node Carrier Aggregation Service Unavailable;Elastic RAN Carrier Aggregation is not available towards remote eNodeB.
2025-09-29;13:05:41;AL  ;Minor ;ENodeBFunction=1;External Link Failure;X2 link problem to one or several neighbouring eNodeBs. AI: PLMN ID-eNB ID 1 = 2221-650774
2025-09-29;14:56:37;AL  ;Minor ;EUtraNetwork=1,ExternalENodeBFunction=2221-650654;Inter Node Carrier Aggregation Service Unavailable;Elastic RAN Carrier Aggregation is not available towards remote eNodeB.
2025-09-30;11:16:50;AL  ;Cleared;EUtraNetwork=1,ExternalENodeBFunction=2221-650792;Inter Node Carrier Aggregation Service Unavailable;Elastic RAN Carrier Aggregation is not available towards remote eNodeB.
2025-09-30;11:22:02;AL  ;Minor ;EUtraNetwork=1,ExternalENodeBFunction=2221-650792;Inter Node Carrier Aggregation Service Unavailable;Elastic RAN Carrier Aggregation is not available towards remote eNodeB.
2025-10-02;23:31:25;AL  ;Minor ;ENodeBFunction=1;Sync Time and Phase Accuracy Too Low;Time and phase sync accuracy crossed the threshold for features interworking with NR.
2025-10-02;23:31:25;AL  ;Minor ;EUtranCellFDD=ZA44L1;Service Degraded;This is a secondary alarm, use alarm correlation information in Additional Information to find primary alarm.
2025-10-02;23:31:28;AL  ;Minor ;EUtranCellFDD=ZA44L4;Service Degraded;This is a secondary alarm, use alarm correlation information in Additional Information to find primary alarm.
2025-10-02;23:31:33;AL  ;Cleared;EUtranCellFDD=ZA44L1;Service Degraded;This is a secondary alarm, use alarm correlation information in Additional Information to find primary alarm.
2025-10-02;23:31:33;AL  ;Cleared;EUtranCellFDD=ZA44L4;Service Degraded;This is a secondary alarm, use alarm correlation information in Additional Information to find primary alarm.
2025-10-02;23:31:33;AL  ;Cleared;ENodeBFunction=1;Sync Time and Phase Accuracy Too Low;Time and phase sync accuracy crossed the threshold for features interworking with NR.
2025-10-03;10:42:23;AL  ;Cleared;ENodeBFunction=1;External Link Failure;X2 link problem to one or several neighbouring eNodeBs. AI: PLMN ID-eNB ID 1 = 2221-650774
2025-10-03;18:24:13;AL  ;Minor ;ENodeBFunction=1;Sync Time and Phase Accuracy Too Low;Time and phase sync accuracy crossed the threshold for features interworking with NR.
2025-10-03;18:24:13;AL  ;Minor ;EUtranCellFDD=ZA44L1;Service Degraded;This is a secondary alarm, use alarm correlation information in Additional Information to find primary alarm.
2025-10-03;18:24:13;AL  ;Minor ;EUtranCellFDD=ZA44L3;Service Degraded;This is a secondary alarm, use alarm correlation information in Additional Information to find primary alarm.
2025-10-03;18:24:13;AL  ;Minor ;EUtranCellFDD=ZA44L4;Service Degraded;This is a secondary alarm, use alarm correlation information in Additional Information to find primary alarm.
2025-10-03;18:24:25;AL  ;Cleared;EUtranCellFDD=ZA44L1;Service Degraded;This is a secondary alarm, use alarm correlation information in Additional Information to find primary alarm.
2025-10-03;18:24:25;AL  ;Cleared;EUtranCellFDD=ZA44L3;Service Degraded;This is a secondary alarm, use alarm correlation information in Additional Information to find primary alarm.
2025-10-03;18:24:25;AL  ;Cleared;EUtranCellFDD=ZA44L4;Service Degraded;This is a secondary alarm, use alarm correlation information in Additional Information to find primary alarm.
2025-10-03;18:24:25;AL  ;Cleared;ENodeBFunction=1;Sync Time and Phase Accuracy Too Low;Time and phase sync accuracy crossed the threshold for features interworking with NR.
2025-10-04;06:01:42;AL  ;Minor ;EUtraNetwork=1,ExternalENodeBFunction=2221-650793;Inter Node Carrier Aggregation Service Unavailable;Elastic RAN Carrier Aggregation is not available towards remote eNodeB.
2025-10-05;08:03:32;AL  ;Minor ;ENodeBFunction=1;Sync Time and Phase Accuracy Too Low;Time and phase sync accuracy crossed the threshold for features interworking with NR.
2025-10-05;08:03:32;AL  ;Minor ;EUtranCellFDD=ZA44L1;Service Degraded;This is a secondary alarm, use alarm correlation information in Additional Information to find primary alarm.
2025-10-05;08:03:32;AL  ;Minor ;EUtranCellFDD=ZA44L3;Service Degraded;This is a secondary alarm, use alarm correlation information in Additional Information to find primary alarm.
2025-10-05;08:03:32;AL  ;Minor ;EUtranCellFDD=ZA44L4;Service Degraded;This is a secondary alarm, use alarm correlation information in Additional Information to find primary alarm.
2025-10-05;08:03:44;AL  ;Cleared;EUtranCellFDD=ZA44L1;Service Degraded;This is a secondary alarm, use alarm correlation information in Additional Information to find primary alarm.
2025-10-05;08:03:44;AL  ;Cleared;EUtranCellFDD=ZA44L3;Service Degraded;This is a secondary alarm, use alarm correlation information in Additional Information to find primary alarm.
2025-10-05;08:03:44;AL  ;Cleared;EUtranCellFDD=ZA44L4;Service Degraded;This is a secondary alarm, use alarm correlation information in Additional Information to find primary alarm.
2025-10-05;08:03:44;AL  ;Cleared;ENodeBFunction=1;Sync Time and Phase Accuracy Too Low;Time and phase sync accuracy crossed the threshold for features interworking with NR.
2025-10-05;08:30:27;AL  ;Cleared;EUtraNetwork=1,ExternalENodeBFunction=2221-650654;Inter Node Carrier Aggregation Service Unavailable;Elastic RAN Carrier Aggregation is not available towards remote eNodeB.
2025-10-05;09:01:16;AL  ;Minor ;ENodeBFunction=1;Sync Time and Phase Accuracy Too Low;Time and phase sync accuracy crossed the threshold for features interworking with NR.
2025-10-05;09:01:16;AL  ;Minor ;EUtranCellFDD=ZA44L1;Service Degraded;This is a secondary alarm, use alarm correlation information in Additional Information to find primary alarm.
2025-10-05;09:01:16;AL  ;Minor ;EUtranCellFDD=ZA44L3;Service Degraded;This is a secondary alarm, use alarm correlation information in Additional Information to find primary alarm.
2025-10-05;09:01:16;AL  ;Minor ;EUtranCellFDD=ZA44L4;Service Degraded;This is a secondary alarm, use alarm correlation information in Additional Information to find primary alarm.
2025-10-05;09:01:28;AL  ;Cleared;EUtranCellFDD=ZA44L1;Service Degraded;This is a secondary alarm, use alarm correlation information in Additional Information to find primary alarm.
2025-10-05;09:01:28;AL  ;Cleared;EUtranCellFDD=ZA44L3;Service Degraded;This is a secondary alarm, use alarm correlation information in Additional Information to find primary alarm.
2025-10-05;09:01:28;AL  ;Cleared;EUtranCellFDD=ZA44L4;Service Degraded;This is a secondary alarm, use alarm correlation information in Additional Information to find primary alarm.
2025-10-05;09:01:28;AL  ;Cleared;ENodeBFunction=1;Sync Time and Phase Accuracy Too Low;Time and phase sync accuracy crossed the threshold for features interworking with NR.
2025-10-05;11:30:19;AL  ;Cleared;EUtraNetwork=1,ExternalENodeBFunction=2221-650792;Inter Node Carrier Aggregation Service Unavailable;Elastic RAN Carrier Aggregation is not available towards remote eNodeB.
2025-10-05;11:30:47;AL  ;Minor ;EUtraNetwork=1,ExternalENodeBFunction=2221-650792;Inter Node Carrier Aggregation Service Unavailable;Elastic RAN Carrier Aggregation is not available towards remote eNodeB.
2025-10-05;11:54:27;AL  ;Cleared;EUtraNetwork=1,ExternalENodeBFunction=2221-211968;Inter Node Carrier Aggregation Service Unavailable;Elastic RAN Carrier Aggregation is not available towards remote eNodeB.
2025-10-05;11:55:03;AL  ;Minor ;EUtraNetwork=1,ExternalENodeBFunction=2221-211968;Inter Node Carrier Aggregation Service Unavailable;Elastic RAN Carrier Aggregation is not available towards remote eNodeB.
2025-10-05;11:55:07;AL  ;Cleared;EUtraNetwork=1,ExternalENodeBFunction=2221-650793;Inter Node Carrier Aggregation Service Unavailable;Elastic RAN Carrier Aggregation is not available towards remote eNodeB.
2025-10-05;11:55:12;AL  ;Cleared;EUtraNetwork=1,ExternalENodeBFunction=2221-211968;Inter Node Carrier Aggregation Service Unavailable;Elastic RAN Carrier Aggregation is not available towards remote eNodeB.
2025-10-05;11:55:18;AL  ;Cleared;EUtraNetwork=1,ExternalENodeBFunction=2221-650792;Inter Node Carrier Aggregation Service Unavailable;Elastic RAN Carrier Aggregation is not available towards remote eNodeB.
2025-10-05;22:24:42;AL  ;Minor ;EUtraNetwork=1,ExternalENodeBFunction=2221-650654;Inter Node Carrier Aggregation Service Unavailable;Elastic RAN Carrier Aggregation is not available towards remote eNodeB.
2025-10-06;02:03:10;AL  ;Minor ;ENodeBFunction=1;External Link Failure;X2 link problem to one or several neighbouring eNodeBs. AI: PLMN ID-eNB ID 1 = 2221-210091
2025-10-06;07:52:47;AL  ;Minor ;ENodeBFunction=1;External Link Failure;X2 link problem to one or several neighbouring eNodeBs. AI: PLMN ID-eNB ID 1 = 2221-210091 PLMN ID-eNB ID 2 = 2221-650496
2025-10-06;08:03:08;AL  ;Minor ;ENodeBFunction=1;External Link Failure;X2 link problem to one or several neighbouring eNodeBs. AI: PLMN ID-eNB ID 1 = 2221-210091
2025-10-06;08:24:00;AL  ;Minor ;ENodeBFunction=1;External Link Failure;X2 link problem to one or several neighbouring eNodeBs. AI: PLMN ID-eNB ID 1 = 2221-210091 PLMN ID-eNB ID 2 = 2221-650496
2025-10-06;09:14:42;AL  ;Minor ;ENodeBFunction=1;External Link Failure;X2 link problem to one or several neighbouring eNodeBs. AI: PLMN ID-eNB ID 1 = 2221-210091
2025-10-06;09:31:40;AL  ;Cleared;ENodeBFunction=1;External Link Failure;X2 link problem to one or several neighbouring eNodeBs. AI: PLMN ID-eNB ID 1 = 2221-210091


ZA44L> lgec -m 30d

251007-11:11:31+0200 19.31.16.105 25.0h MSRBS_NODE_MODEL_25.Q1_693.28324.131_62ac stopfile=/tmp/661737

Startdate=20250907.091131, Enddate=20251008.091131
Date;Time;Log;Severity;Object;Event;Cause;AdditionalText;AckState;Id;NotificationId;CorrelatedAlarms
Executing action Log.export()
..
Log=AlertLog                    actionId=44246
...
=================================================================================================================
MO                  actionId result      resultInfo
=================================================================================================================
LogM=1,Log=AlertLog 44246    1 (SUCCESS)           
cat  /ericsson/log/amos/moshell_logfiles/t20251007_37258710_53697/logs_moshell/tempfiles/scp-2-amos_20251007-111053_661519/rcslogs/AlertLog_20240314__085317_20250226__233550.log /ericsson/log/amos/moshell_logfiles/t20251007_37258710_53697/logs_moshell/tempfiles/scp-2-amos_20251007-111053_661519/rcslogs/AlertLog_20250226__233550.log > /ericsson/log/amos/moshell_logfiles/t20251007_37258710_53697/logs_moshell/tempfiles/scp-2-amos_20251007-111053_661519/eventLog661737.xml
2025-09-26;14:17:34;EV  ;Warning;ManagedElement=ZA44L;System Restart Alert;Requested Restart Category: Operator Initiated, Requested Restart Type: Cold, Performed Restart Category: Operator Initiated, Performed Restart Type: Cold. AI: SystemRestart=[{"RRC":"Operator Initiated","RRT":"Cold","PRC":"Operator Initiated","PRT":"Cold"}] UI=[{"PN":"Baseband 6631","PNR":"KDU1370071/11","PR":"R3E","SN":"E23F107976","SR":"R27J08","SW":"CXP2010174_2"}]
2025-09-26;14:20:33;EV  ;Warning;EUtranCellFDD=ZA44L1;Cell Service Unavailable Auto Recovery Initiated Alert;
2025-09-26;14:20:33;EV  ;Warning;EUtranCellFDD=ZA44L3;Cell Service Unavailable Auto Recovery Initiated Alert;
2025-09-26;14:20:33;EV  ;Warning;EUtranCellFDD=ZA44L4;Cell Service Unavailable Auto Recovery Initiated Alert;
2025-09-26;14:20:38;EV  ;Warning;RiLink=S180-1;Radio Interface Connectivity Disturbance Alert;Near end port:FieldReplaceableUnit=BB-1,RiPort=D (transportType=NOT_SET). SUPPRESSED
2025-09-26;14:20:38;EV  ;Warning;RiLink=S182-1;Radio Interface Connectivity Disturbance Alert;Near end port:FieldReplaceableUnit=BB-1,RiPort=E (transportType=NOT_SET) (Mixed Mode with other ME). SUPPRESSED
2025-09-26;14:20:38;EV  ;Warning;RiLink=S12-1;Radio Interface Connectivity Disturbance Alert;Near end port:FieldReplaceableUnit=BB-1,RiPort=C (transportType=NOT_SET). SUPPRESSED
2025-09-26;14:20:38;EV  ;Warning;RiLink=S11-1;Radio Interface Connectivity Disturbance Alert;Near end port:FieldReplaceableUnit=BB-1,RiPort=B (transportType=NOT_SET). SUPPRESSED
2025-09-26;14:20:38;EV  ;Warning;RiLink=S10-1;Radio Interface Connectivity Disturbance Alert;Near end port:FieldReplaceableUnit=BB-1,RiPort=A (transportType=NOT_SET). SUPPRESSED
2025-09-26;14:20:41;EV  ;Warning;EUtranCellFDD=ZA44L1;Cell Service Available Auto Recovery Successful Alert;
2025-09-26;14:20:43;EV  ;Warning;EUtranCellFDD=ZA44L3;Cell Service Available Auto Recovery Successful Alert;
2025-09-26;14:20:44;EV  ;Warning;EUtranCellFDD=ZA44L4;Cell Service Available Auto Recovery Successful Alert;
2025-10-02;23:31:37;EV  ;Warning;EUtranCellFDD=ZA44L1;Cell Service Unavailable Auto Recovery Initiated Alert;
2025-10-02;23:31:37;EV  ;Warning;EUtranCellFDD=ZA44L3;Cell Service Unavailable Auto Recovery Initiated Alert;
2025-10-02;23:31:37;EV  ;Warning;EUtranCellFDD=ZA44L4;Cell Service Unavailable Auto Recovery Initiated Alert;
2025-10-02;23:31:40;EV  ;Warning;RiLink=S180-1;Radio Interface Connectivity Disturbance Alert;Near end port:FieldReplaceableUnit=BB-1,RiPort=D (transportType=NOT_SET). SUPPRESSED
2025-10-02;23:31:40;EV  ;Warning;RiLink=S182-1;Radio Interface Connectivity Disturbance Alert;Near end port:FieldReplaceableUnit=BB-1,RiPort=E (transportType=NOT_SET) (Mixed Mode with other ME). SUPPRESSED
2025-10-02;23:31:40;EV  ;Warning;RiLink=S12-1;Radio Interface Connectivity Disturbance Alert;Near end port:FieldReplaceableUnit=BB-1,RiPort=C (transportType=NOT_SET). SUPPRESSED
2025-10-02;23:31:40;EV  ;Warning;RiLink=S11-1;Radio Interface Connectivity Disturbance Alert;Near end port:FieldReplaceableUnit=BB-1,RiPort=B (transportType=NOT_SET). SUPPRESSED
2025-10-02;23:31:40;EV  ;Warning;RiLink=S10-1;Radio Interface Connectivity Disturbance Alert;Near end port:FieldReplaceableUnit=BB-1,RiPort=A (transportType=NOT_SET). SUPPRESSED
2025-10-02;23:31:43;EV  ;Warning;EUtranCellFDD=ZA44L1;Cell Service Available Auto Recovery Successful Alert;
2025-10-02;23:31:45;EV  ;Warning;EUtranCellFDD=ZA44L3;Cell Service Available Auto Recovery Successful Alert;
2025-10-02;23:31:45;EV  ;Warning;EUtranCellFDD=ZA44L4;Cell Service Available Auto Recovery Successful Alert;
2025-10-03;18:24:29;EV  ;Warning;EUtranCellFDD=ZA44L4;Cell Service Unavailable Auto Recovery Initiated Alert;
2025-10-03;18:24:34;EV  ;Warning;RiLink=S180-1;Radio Interface Connectivity Disturbance Alert;Near end port:FieldReplaceableUnit=BB-1,RiPort=D (transportType=NOT_SET). SUPPRESSED
2025-10-03;18:24:34;EV  ;Warning;RiLink=S182-1;Radio Interface Connectivity Disturbance Alert;Near end port:FieldReplaceableUnit=BB-1,RiPort=E (transportType=NOT_SET) (Mixed Mode with other ME). SUPPRESSED
2025-10-03;18:24:34;EV  ;Warning;RiLink=S12-1;Radio Interface Connectivity Disturbance Alert;Near end port:FieldReplaceableUnit=BB-1,RiPort=C (transportType=NOT_SET). SUPPRESSED
2025-10-03;18:24:34;EV  ;Warning;RiLink=S11-1;Radio Interface Connectivity Disturbance Alert;Near end port:FieldReplaceableUnit=BB-1,RiPort=B (transportType=NOT_SET). SUPPRESSED
2025-10-03;18:24:34;EV  ;Warning;RiLink=S10-1;Radio Interface Connectivity Disturbance Alert;Near end port:FieldReplaceableUnit=BB-1,RiPort=A (transportType=NOT_SET). SUPPRESSED
2025-10-03;18:24:40;EV  ;Warning;EUtranCellFDD=ZA44L4;Cell Service Available Auto Recovery Successful Alert;
2025-10-05;08:03:48;EV  ;Warning;EUtranCellFDD=ZA44L1;Cell Service Unavailable Auto Recovery Initiated Alert;
2025-10-05;08:03:48;EV  ;Warning;EUtranCellFDD=ZA44L3;Cell Service Unavailable Auto Recovery Initiated Alert;
2025-10-05;08:03:48;EV  ;Warning;EUtranCellFDD=ZA44L4;Cell Service Unavailable Auto Recovery Initiated Alert;
2025-10-05;08:03:53;EV  ;Warning;RiLink=S180-1;Radio Interface Connectivity Disturbance Alert;Near end port:FieldReplaceableUnit=BB-1,RiPort=D (transportType=NOT_SET). SUPPRESSED
2025-10-05;08:03:53;EV  ;Warning;RiLink=S182-1;Radio Interface Connectivity Disturbance Alert;Near end port:FieldReplaceableUnit=BB-1,RiPort=E (transportType=NOT_SET) (Mixed Mode with other ME). SUPPRESSED
2025-10-05;08:03:53;EV  ;Warning;RiLink=S12-1;Radio Interface Connectivity Disturbance Alert;Near end port:FieldReplaceableUnit=BB-1,RiPort=C (transportType=NOT_SET). SUPPRESSED
2025-10-05;08:03:53;EV  ;Warning;RiLink=S11-1;Radio Interface Connectivity Disturbance Alert;Near end port:FieldReplaceableUnit=BB-1,RiPort=B (transportType=NOT_SET). SUPPRESSED
2025-10-05;08:03:53;EV  ;Warning;RiLink=S10-1;Radio Interface Connectivity Disturbance Alert;Near end port:FieldReplaceableUnit=BB-1,RiPort=A (transportType=NOT_SET). SUPPRESSED
2025-10-05;08:03:56;EV  ;Warning;EUtranCellFDD=ZA44L1;Cell Service Available Auto Recovery Successful Alert;
2025-10-05;08:03:59;EV  ;Warning;EUtranCellFDD=ZA44L3;Cell Service Available Auto Recovery Successful Alert;
2025-10-05;08:03:59;EV  ;Warning;EUtranCellFDD=ZA44L4;Cell Service Available Auto Recovery Successful Alert;
2025-10-05;09:01:32;EV  ;Warning;EUtranCellFDD=ZA44L1;Cell Service Unavailable Auto Recovery Initiated Alert;
2025-10-05;09:01:32;EV  ;Warning;EUtranCellFDD=ZA44L3;Cell Service Unavailable Auto Recovery Initiated Alert;
2025-10-05;09:01:32;EV  ;Warning;EUtranCellFDD=ZA44L4;Cell Service Unavailable Auto Recovery Initiated Alert;
2025-10-05;09:01:37;EV  ;Warning;RiLink=S180-1;Radio Interface Connectivity Disturbance Alert;Near end port:FieldReplaceableUnit=BB-1,RiPort=D (transportType=NOT_SET). SUPPRESSED
2025-10-05;09:01:37;EV  ;Warning;RiLink=S182-1;Radio Interface Connectivity Disturbance Alert;Near end port:FieldReplaceableUnit=BB-1,RiPort=E (transportType=NOT_SET) (Mixed Mode with other ME). SUPPRESSED
2025-10-05;09:01:37;EV  ;Warning;RiLink=S12-1;Radio Interface Connectivity Disturbance Alert;Near end port:FieldReplaceableUnit=BB-1,RiPort=C (transportType=NOT_SET). SUPPRESSED
2025-10-05;09:01:37;EV  ;Warning;RiLink=S11-1;Radio Interface Connectivity Disturbance Alert;Near end port:FieldReplaceableUnit=BB-1,RiPort=B (transportType=NOT_SET). SUPPRESSED
2025-10-05;09:01:37;EV  ;Warning;RiLink=S10-1;Radio Interface Connectivity Disturbance Alert;Near end port:FieldReplaceableUnit=BB-1,RiPort=A (transportType=NOT_SET). SUPPRESSED
2025-10-05;09:01:40;EV  ;Warning;EUtranCellFDD=ZA44L1;Cell Service Available Auto Recovery Successful Alert;
2025-10-05;09:01:43;EV  ;Warning;EUtranCellFDD=ZA44L3;Cell Service Available Auto Recovery Successful Alert;
2025-10-05;09:01:43;EV  ;Warning;EUtranCellFDD=ZA44L4;Cell Service Available Auto Recovery Successful Alert;

Bye...
Output has been logged to file /mta_fs/UserFiles/37258710/amosbatch/2025-10-07_11-07-01_53697/ZA44L.log
