Logging to file /mta_fs/UserFiles/37258710/amosbatch/2025-10-07_11-07-01_53697/ZA45T.log
                        __  __  ____   _____
                  /\   |  \/  |/ __ \ / ____|
                 /  \  | \  / | |  | | (___  
                / /\ \ | |\/| | |  | |\___ \ 
               / ____ \| |  | | |__| |____) |
              /_/    \_\_|  |_|\____/|_____/
              OSS Framework for MoShell-25.0h 
  Copyright (c) Ericsson AB 2001-2025 - All Rights Reserved
              
           
[1;31mWARNING: [0mthe AMOS version currently running is more than 22 weeks old and is unsupported.
Please upgrade as soon as possible to the latest released version, available from your local Ericsson support.

$amosrb_pid = 870571

Checking ip contact...OK

HELP MENU            : h
BASIC MO COMMANDS    : m
OTHER MO COMMANDS    : n
OTHER COMMANDS       : o
PM COMMANDS          : p
QUIT                 : q

ZA45T> lt all

251007-11:35:08+0200 19.31.16.136 25.0h  stopfile=/tmp/869951
Looking up temporary_amos account... OK.
Trying temporary_amos_t20251007_37258710_53697_313's password from amos lookupAccount ... OK

$ssh_pid = 871607

Connected to 19.31.16.136 (SubNetwork=BBMM_rckomc_R,MeContext=ZA45T,ManagedElement=ZA45T)

Checking MOM version...MSRBS_NODE_MODEL_25.Q1_693.28324.131_62ac
Parsing MOM (cached): /ericsson/log/amos/moshell_logfiles/t20251007_37258710_53697/logs_moshell/tempfiles/scp-2-amos_20251007-113501_869795/MSRBS_NODE_MODEL_25.Q1_693.28324.131_62ac.xml.cache.gz ..................................................................................................................................................................................................................................Done.
Using paramfile /opt/ericsson/amos/moshell/commonjars/pm/PARAM_MSRBS_25.Q1.txt
Parsing file /opt/ericsson/amos/moshell/commonjars/pm/PARAM_MSRBS_25.Q1.txt .......................................................................................Done.
Using imomdfile /opt/ericsson/amos/moshell/commonjars/pm/IMOMD_MSRBS_22.Q4.txt
Using imomfile /opt/ericsson/amos/moshell/commonjars/pm/IMOM_MSRBS_25.Q1.txt
Connected to 19.31.16.136 (SubNetwork=BBMM_rckomc_R,MeContext=ZA45T,ManagedElement=ZA45T)

Last MO: 18757. Loaded 18757 MOs. Total: 18758 MOs.

ZA45T> hget EUtranCellFDD ^cellid

251007-11:35:23+0200 19.31.16.136 25.0h MSRBS_NODE_MODEL_25.Q1_693.28324.131_62ac stopfile=/tmp/869951
.
=================================================================================================================
MO                   cellId
=================================================================================================================
EUtranCellFDD=ZA45E1 61    
EUtranCellFDD=ZA45E2 62    
EUtranCellFDD=ZA45E3 63    
EUtranCellFDD=ZA45M1 31    
EUtranCellFDD=ZA45M2 32    
EUtranCellFDD=ZA45M3 33    
EUtranCellFDD=ZA45T1 41    
EUtranCellFDD=ZA45T2 42    
EUtranCellFDD=ZA45T3 43    
=================================================================================================================
Total: 9 MOs

Added 9 MOs to group: hget_group

ZA45T> hget NbIotCell ^cellid

251007-11:35:23+0200 19.31.16.136 25.0h MSRBS_NODE_MODEL_25.Q1_693.28324.131_62ac stopfile=/tmp/869951
.
=================================================================================================================
MO               cellId
=================================================================================================================
NbIotCell=ZA45N1 161   
NbIotCell=ZA45N2 162   
NbIotCell=ZA45N3 163   
=================================================================================================================
Total: 3 MOs

Added 3 MOs to group: hget_group

ZA45T> hget NRCellDU ^cellLocalId

251007-11:35:24+0200 19.31.16.136 25.0h MSRBS_NODE_MODEL_25.Q1_693.28324.131_62ac stopfile=/tmp/869951
Total: 0 MOs

ZA45T> lgdc -m 30d

251007-11:35:24+0200 19.31.16.136 25.0h MSRBS_NODE_MODEL_25.Q1_693.28324.131_62ac stopfile=/tmp/869951

Startdate=20250907.093524, Enddate=20251008.093524
INFO: Using amos lookupAccount credentials for the export login

Executing action LogM.exportAvailabilityLog()
...LogM=1,exportAvailabilityLog    actionId=60273
...
=================================================================================================================
MO     actionId result      resultInfo
=================================================================================================================
LogM=1 60273    1 (SUCCESS)           
cp /ericsson/log/amos/moshell_logfiles/t20251007_37258710_53697/logs_moshell/tempfiles/scp-2-amos_20251007-113501_869795/rcslogs/RBS_CS_AVAILABILITY_LOG_20251007093527.xml /ericsson/log/amos/moshell_logfiles/t20251007_37258710_53697/logs_moshell/tempfiles/scp-2-amos_20251007-113501_869795/availabilityLog869951.xml
Parsing availabilityLog........Done.
.....
Date;Time;RestartType;SwVersion;SwRelease;RCSDowntime;ApplicationDowntime;TNDowntime;RATsDowntime;ExtraInfo;ExtraInfo2
2025-09-08;01:04:27;PartialOutage(Manual);11% Lrat Cell 41; ();8s;;;;;
2025-09-08;01:04:35;PartialOutage(Manual);11% Lrat Cell 41 43; ();3s;;;;;
2025-09-08;01:04:38;PartialOutage(Manual);11% Lrat Cell 43; ();7s;;;;;
2025-09-08;01:04:46;PartialOutage(Manual);11% Lrat Cell 42; ();11s;;;;;
2025-09-08;01:04:57;PartialOutage(Manual);11% Lrat Cell 32 42; ();3s;;;;;
2025-09-08;01:05:00;PartialOutage(Manual);11% Lrat Cell 32; ();16s;;;;;
2025-09-08;01:05:17;PartialOutage(Manual);11% Lrat Cell 31; ();14s;;;;;
2025-09-08;01:05:31;PartialOutage(Manual);11% Lrat Cell 31 33; ();2s;;;;;
2025-09-08;01:05:33;PartialOutage(Manual);11% Lrat Cell 33; ();8s;;;;;
2025-09-08;01:05:42;PartialOutage(Manual);11% Lrat Cell 62; ();8s;;;;;
2025-09-08;01:05:53;PartialOutage(Manual);11% Lrat Cell 61; ();9s;;;;;
2025-09-08;01:06:06;PartialOutage(Manual);50% Lrat Cell 161 163; ();1s;;;;;
2025-09-08;01:06:07;PartialOutage(Manual);11% Lrat Cell 63; ();9s;;;;;
2025-09-08;01:06:20;PartialOutage(Manual);55% Lrat Cell 163; ();15s;;;;;
2025-09-22;08:16:56;PartialOutage(System);100% Lrat Cell 61 62 63 31 32 33 41 42 43; ();14s;;;;;
2025-09-22;08:17:10;PartialOutage(System);100% Lrat Cell 61 62 31 32 33 41 42 43; ();1s;;;;;
2025-09-22;08:17:11;PartialOutage(System);100% Lrat Cell 161; ();1s;;;;;
2025-09-22;08:17:12;PartialOutage(System);100% Lrat Cell 31 32 33 41 42 43; ();1s;;;;;
2025-09-22;08:17:13;PartialOutage(System);100% Lrat Cell 31 32 41 42; ();4s;;;;;
2025-09-22;08:17:17;PartialOutage(System);100% Lrat Cell 31 32 42; ();1s;;;;;
2025-09-22;13:04:10;PartialOutage(System);100% Lrat Cell 61 62 63 31 32 33 41 42 43; ();14s;;;;;
2025-09-22;13:04:24;PartialOutage(System);100% Lrat Cell 62 63 31 32 33 41 42 43; ();1s;;;;;
2025-09-22;13:04:25;PartialOutage(System);100% Lrat Cell 162; ();1s;;;;;
2025-09-22;13:04:26;PartialOutage(System);100% Lrat Cell 31 32 33 41 42 43; ();1s;;;;;
2025-09-22;13:04:27;PartialOutage(System);100% Lrat Cell 31 32 41 42 43; ();1s;;;;;
2025-09-22;13:04:28;PartialOutage(System);100% Lrat Cell 31 32 41 42; ();3s;;;;;
2025-09-22;13:04:31;PartialOutage(System);100% Lrat Cell 31 32 41; ();1s;;;;;
2025-10-02;23:31:04;PartialOutage(System);100% Lrat Cell 61 62 63 31 32 33 41 42 43; ();14s;;;;;
2025-10-02;23:31:18;PartialOutage(System);100% Lrat Cell 61 31 32 33 41 42 43; ();1s;;;;;
2025-10-02;23:31:21;PartialOutage(System);100% Lrat Cell 31 32 41 42 43; ();1s;;;;;
2025-10-02;23:31:22;PartialOutage(System);100% Lrat Cell 31 32 41 42; ();3s;;;;;
2025-10-03;18:24:24;PartialOutage(System);11% Lrat Cell 61; ();1s;;;;;
2025-10-03;18:24:25;PartialOutage(System);100% Lrat Cell 61 62 63 31 32 33 41 42 43; ();22s;;;;;
2025-10-03;18:24:47;PartialOutage(System);100% Lrat Cell 61 31 32 33 41 42 43; ();1s;;;;;
2025-10-03;18:24:51;PartialOutage(System);100% Lrat Cell 31 32 41 42; ();2s;;;;;
2025-10-03;18:24:53;PartialOutage(System);100% Lrat Cell 32 41 42; ();1s;;;;;
2025-10-03;18:24:54;PartialOutage(System);100% Lrat Cell 41; ();1s;;;;;
2025-10-06;01:53:34;SpontaneousCold(Other:PowerReset);CXP2010174/2_R27J08;CXP2010174/2_R27J08 (25.Q1);27424s (7h37m);27648s (7h40m);27444s (7h37m);L=27648s ;Requested: RankCold Other PowerReset Performed: RankCold Other PowerReset;Lrat LRAT Traffic Control active
2025-10-06;09:34:22;PartialOutage(System);100% Lrat Cell 31 32 33 41 42 43;CXP2010174/2_R27J08 (25.Q1);1s;;;;;
2025-10-06;09:34:26;PartialOutage(System);100% Lrat Cell 31;CXP2010174/2_R27J08 (25.Q1);1s;;;;;
2025-10-06;09:36:58;PartialOutage(System);22% Lrat Cell 61 62;CXP2010174/2_R27J08 (25.Q1);1s;;;;;
2025-10-06;09:36:59;PartialOutage(System);100% Lrat Cell 61 62 63 31 32 33 41 42 43;CXP2010174/2_R27J08 (25.Q1);15s;;;;;
2025-10-06;09:37:14;PartialOutage(System);100% Lrat Cell 61 62 31 32 33 41 42 43;CXP2010174/2_R27J08 (25.Q1);1s;;;;;
2025-10-06;09:37:15;PartialOutage(System);100% Lrat Cell 61 31 32 42;CXP2010174/2_R27J08 (25.Q1);2s;;;;;
2025-10-06;09:37:17;PartialOutage(System);100% Lrat Cell 61 32 42;CXP2010174/2_R27J08 (25.Q1);3s;;;;;
2025-10-06;09:37:20;PartialOutage(System);100% Lrat Cell 61;CXP2010174/2_R27J08 (25.Q1);121s (2m1s);;;;;
2025-10-06;09:39:21;PartialOutage(Manual);20% Lrat Cell 61;CXP2010174/2_R27J08 (25.Q1);25s;;;;;

Node uptime since last restart: 86475 seconds (1 days, 0 hours, 1 minutes, 15 seconds)
------------------------------------------------------------------------------------------------------
Period=30 days       NodeUpgrade      NodeManual       NodeSpontaneous  AllNodeRestarts  PartialOutages  
------------------------------------------------------------------------------------------------------
Number Of outages    0                0                1                1                46              
Total downtime       0s               0s               27648s (7h40m)   27648s (7h40m)   375s (6m15s)    
Downtime per day     0s               0s               922s (15m22s)    922s (15m22s)    12s             
Downtime per outage  0s               0s               27648s (7h40m)   27648s (7h40m)   8s              

ZA45T> lgac -m 30d

251007-11:35:37+0200 19.31.16.136 25.0h MSRBS_NODE_MODEL_25.Q1_693.28324.131_62ac stopfile=/tmp/869951

Startdate=20250907.093538, Enddate=20251008.093538
Date;Time;Log;Severity;Object;Event;Cause;AdditionalText;AckState;Id;NotificationId;CorrelatedAlarms
Executing action Log.export()
..
Log=AlarmLog                    actionId=60274
.............
=================================================================================================================
MO                  actionId result      resultInfo
=================================================================================================================
LogM=1,Log=AlarmLog 60274    1 (SUCCESS)           
cat  /ericsson/log/amos/moshell_logfiles/t20251007_37258710_53697/logs_moshell/tempfiles/scp-2-amos_20251007-113501_869795/rcslogs/saLogAlarm_20240529__194126_20250226__233639.log /ericsson/log/amos/moshell_logfiles/t20251007_37258710_53697/logs_moshell/tempfiles/scp-2-amos_20251007-113501_869795/rcslogs/saLogAlarm_20250226__233639_20250824__121947.log /ericsson/log/amos/moshell_logfiles/t20251007_37258710_53697/logs_moshell/tempfiles/scp-2-amos_20251007-113501_869795/rcslogs/saLogAlarm_20250824__121947.log > /ericsson/log/amos/moshell_logfiles/t20251007_37258710_53697/logs_moshell/tempfiles/scp-2-amos_20251007-113501_869795/alarmLog869951.xml
2025-09-07;10:53:08;AL  ;Cleared;EUtraNetwork=1,ExternalENodeBFunction=2221-205105;Inter Node Carrier Aggregation Service Unavailable;Elastic RAN Carrier Aggregation is not available towards remote eNodeB.
2025-09-07;10:58:17;AL  ;Minor ;EUtraNetwork=1,ExternalENodeBFunction=2221-205105;Inter Node Carrier Aggregation Service Unavailable;Elastic RAN Carrier Aggregation is not available towards remote eNodeB.
2025-09-07;11:58:40;AL  ;Cleared;EUtraNetwork=1,ExternalENodeBFunction=2221-209646;Inter Node Carrier Aggregation Service Unavailable;Elastic RAN Carrier Aggregation is not available towards remote eNodeB.
2025-09-07;11:58:50;AL  ;Minor ;EUtraNetwork=1,ExternalENodeBFunction=2221-209646;Inter Node Carrier Aggregation Service Unavailable;Elastic RAN Carrier Aggregation is not available towards remote eNodeB.
2025-09-07;11:59:46;AL  ;Cleared;EUtraNetwork=1,ExternalENodeBFunction=2221-650792;Inter Node Carrier Aggregation Service Unavailable;Elastic RAN Carrier Aggregation is not available towards remote eNodeB.
2025-09-07;12:00:04;AL  ;Minor ;EUtraNetwork=1,ExternalENodeBFunction=2221-650792;Inter Node Carrier Aggregation Service Unavailable;Elastic RAN Carrier Aggregation is not available towards remote eNodeB.
2025-09-07;12:00:09;AL  ;Cleared;EUtraNetwork=1,ExternalENodeBFunction=2221-650771;Inter Node Carrier Aggregation Service Unavailable;Elastic RAN Carrier Aggregation is not available towards remote eNodeB.
2025-09-07;12:00:40;AL  ;Minor ;EUtraNetwork=1,ExternalENodeBFunction=2221-650771;Inter Node Carrier Aggregation Service Unavailable;Elastic RAN Carrier Aggregation is not available towards remote eNodeB.
2025-09-07;12:12:20;AL  ;Cleared;EUtraNetwork=1,ExternalENodeBFunction=2221-205105;Inter Node Carrier Aggregation Service Unavailable;Elastic RAN Carrier Aggregation is not available towards remote eNodeB.
2025-09-07;12:12:45;AL  ;Minor ;EUtraNetwork=1,ExternalENodeBFunction=2221-205105;Inter Node Carrier Aggregation Service Unavailable;Elastic RAN Carrier Aggregation is not available towards remote eNodeB.
2025-09-07;12:26:00;AL  ;Cleared;EUtraNetwork=1,ExternalENodeBFunction=2221-650318;Inter Node Carrier Aggregation Service Unavailable;Elastic RAN Carrier Aggregation is not available towards remote eNodeB.
2025-09-07;12:27:04;AL  ;Minor ;EUtraNetwork=1,ExternalENodeBFunction=2221-211968;Inter Node Carrier Aggregation Service Unavailable;Elastic RAN Carrier Aggregation is not available towards remote eNodeB.
2025-09-07;12:27:05;AL  ;Cleared;EUtraNetwork=1,ExternalENodeBFunction=2221-650793;Inter Node Carrier Aggregation Service Unavailable;Elastic RAN Carrier Aggregation is not available towards remote eNodeB.
2025-09-07;12:28:33;AL  ;Cleared;EUtraNetwork=1,ExternalENodeBFunction=2221-650638;Inter Node Carrier Aggregation Service Unavailable;Elastic RAN Carrier Aggregation is not available towards remote eNodeB.
2025-09-07;12:28:35;AL  ;Minor ;EUtraNetwork=1,ExternalENodeBFunction=2221-650115;Inter Node Carrier Aggregation Service Unavailable;Elastic RAN Carrier Aggregation is not available towards remote eNodeB.
2025-09-07;12:28:39;AL  ;Cleared;EUtraNetwork=1,ExternalENodeBFunction=2221-205105;Inter Node Carrier Aggregation Service Unavailable;Elastic RAN Carrier Aggregation is not available towards remote eNodeB.
2025-09-07;12:28:43;AL  ;Cleared;EUtraNetwork=1,ExternalENodeBFunction=2221-650771;Inter Node Carrier Aggregation Service Unavailable;Elastic RAN Carrier Aggregation is not available towards remote eNodeB.
2025-09-07;12:28:47;AL  ;Cleared;EUtraNetwork=1,ExternalENodeBFunction=2221-210879;Inter Node Carrier Aggregation Service Unavailable;Elastic RAN Carrier Aggregation is not available towards remote eNodeB.
2025-09-07;12:28:51;AL  ;Cleared;EUtraNetwork=1,ExternalENodeBFunction=2221-650792;Inter Node Carrier Aggregation Service Unavailable;Elastic RAN Carrier Aggregation is not available towards remote eNodeB.
2025-09-07;12:28:57;AL  ;Cleared;EUtraNetwork=1,ExternalENodeBFunction=2221-650670;Inter Node Carrier Aggregation Service Unavailable;Elastic RAN Carrier Aggregation is not available towards remote eNodeB.
2025-09-07;12:29:02;AL  ;Cleared;EUtraNetwork=1,ExternalENodeBFunction=2221-209002;Inter Node Carrier Aggregation Service Unavailable;Elastic RAN Carrier Aggregation is not available towards remote eNodeB.
2025-09-07;12:29:07;AL  ;Cleared;EUtraNetwork=1,ExternalENodeBFunction=2221-211968;Inter Node Carrier Aggregation Service Unavailable;Elastic RAN Carrier Aggregation is not available towards remote eNodeB.
2025-09-07;12:29:11;AL  ;Cleared;EUtraNetwork=1,ExternalENodeBFunction=2221-209646;Inter Node Carrier Aggregation Service Unavailable;Elastic RAN Carrier Aggregation is not available towards remote eNodeB.
2025-09-07;12:29:24;AL  ;Minor ;EUtraNetwork=1,ExternalENodeBFunction=2221-650638;Inter Node Carrier Aggregation Service Unavailable;Elastic RAN Carrier Aggregation is not available towards remote eNodeB.
2025-09-07;12:29:47;AL  ;Minor ;EUtraNetwork=1,ExternalENodeBFunction=2221-211968;Inter Node Carrier Aggregation Service Unavailable;Elastic RAN Carrier Aggregation is not available towards remote eNodeB.
2025-09-07;13:21:03;AL  ;Minor ;EUtraNetwork=1,ExternalENodeBFunction=2221-209335;Inter Node Carrier Aggregation Service Unavailable;Elastic RAN Carrier Aggregation is not available towards remote eNodeB.
2025-09-07;16:11:02;AL  ;Minor ;EUtraNetwork=1,ExternalENodeBFunction=2221-650792;Inter Node Carrier Aggregation Service Unavailable;Elastic RAN Carrier Aggregation is not available towards remote eNodeB.
2025-09-08;01:04:27;AL  ;Cleared;EUtranCellFDD=ZA45T1;Service Degraded;This is a secondary alarm, use alarm correlation information in Additional Information to find primary alarm.
2025-09-08;01:04:39;AL  ;Minor ;EUtranCellFDD=ZA45T1;Service Degraded;This is a secondary alarm, use alarm correlation information in Additional Information to find primary alarm.
2025-09-08;01:05:17;AL  ;Cleared;EUtranCellFDD=ZA45M1;Service Degraded;This is a secondary alarm, use alarm correlation information in Additional Information to find primary alarm.
2025-09-08;01:05:33;AL  ;Minor ;EUtranCellFDD=ZA45M1;Service Degraded;This is a secondary alarm, use alarm correlation information in Additional Information to find primary alarm.
2025-09-08;09:01:42;AL  ;Minor ;EUtraNetwork=1,ExternalENodeBFunction=2221-210879;Inter Node Carrier Aggregation Service Unavailable;Elastic RAN Carrier Aggregation is not available towards remote eNodeB.
2025-09-08;16:04:59;AL  ;Minor ;EUtraNetwork=1,ExternalENodeBFunction=2221-207401;Inter Node Carrier Aggregation Service Unavailable;Elastic RAN Carrier Aggregation is not available towards remote eNodeB.
2025-09-08;18:01:03;AL  ;Minor ;EUtraNetwork=1,ExternalENodeBFunction=2221-209002;Inter Node Carrier Aggregation Service Unavailable;Elastic RAN Carrier Aggregation is not available towards remote eNodeB.
2025-09-09;01:05:51;AL  ;Minor ;EUtraNetwork=1,ExternalENodeBFunction=2221-650670;Inter Node Carrier Aggregation Service Unavailable;Elastic RAN Carrier Aggregation is not available towards remote eNodeB.
2025-09-09;06:18:01;AL  ;Minor ;EUtraNetwork=1,ExternalENodeBFunction=2221-650771;Inter Node Carrier Aggregation Service Unavailable;Elastic RAN Carrier Aggregation is not available towards remote eNodeB.
2025-09-10;05:21:02;AL  ;Minor ;EUtraNetwork=1,ExternalENodeBFunction=2221-209646;Inter Node Carrier Aggregation Service Unavailable;Elastic RAN Carrier Aggregation is not available towards remote eNodeB.
2025-09-10;09:10:59;AL  ;Cleared;EUtraNetwork=1,ExternalENodeBFunction=2221-209335;Inter Node Carrier Aggregation Service Unavailable;Elastic RAN Carrier Aggregation is not available towards remote eNodeB.
2025-09-10;09:11:01;AL  ;Minor ;EUtraNetwork=1,ExternalENodeBFunction=2221-205105;Inter Node Carrier Aggregation Service Unavailable;Elastic RAN Carrier Aggregation is not available towards remote eNodeB.
2025-09-11;11:28:09;AL  ;Cleared;EUtraNetwork=1,ExternalENodeBFunction=2221-650638;Inter Node Carrier Aggregation Service Unavailable;Elastic RAN Carrier Aggregation is not available towards remote eNodeB.
2025-09-11;13:44:05;AL  ;Minor ;EUtraNetwork=1,ExternalENodeBFunction=2221-650638;Inter Node Carrier Aggregation Service Unavailable;Elastic RAN Carrier Aggregation is not available towards remote eNodeB.
2025-09-12;09:46:16;AL  ;Minor ;ENodeBFunction=1;External Link Failure;X2 link problem to one or several neighbouring eNodeBs. AI: PLMN ID-eNB ID 1 = 2221-650639
2025-09-12;11:04:13;AL  ;Cleared;EUtraNetwork=1,ExternalENodeBFunction=2221-650638;Inter Node Carrier Aggregation Service Unavailable;Elastic RAN Carrier Aggregation is not available towards remote eNodeB.
2025-09-12;11:09:32;AL  ;Minor ;EUtraNetwork=1,ExternalENodeBFunction=2221-650638;Inter Node Carrier Aggregation Service Unavailable;Elastic RAN Carrier Aggregation is not available towards remote eNodeB.
2025-09-12;12:27:36;AL  ;Cleared;ENodeBFunction=1;External Link Failure;X2 link problem to one or several neighbouring eNodeBs. AI: PLMN ID-eNB ID 1 = 2221-650639
2025-09-13;10:54:32;AL  ;Cleared;EUtraNetwork=1,ExternalENodeBFunction=2221-650638;Inter Node Carrier Aggregation Service Unavailable;Elastic RAN Carrier Aggregation is not available towards remote eNodeB.
2025-09-13;10:59:51;AL  ;Minor ;EUtraNetwork=1,ExternalENodeBFunction=2221-650638;Inter Node Carrier Aggregation Service Unavailable;Elastic RAN Carrier Aggregation is not available towards remote eNodeB.
2025-09-14;08:02:55;AL  ;Cleared;EUtraNetwork=1,ExternalENodeBFunction=2221-209002;Inter Node Carrier Aggregation Service Unavailable;Elastic RAN Carrier Aggregation is not available towards remote eNodeB.
2025-09-14;08:03:59;AL  ;Minor ;EUtraNetwork=1,ExternalENodeBFunction=2221-209002;Inter Node Carrier Aggregation Service Unavailable;Elastic RAN Carrier Aggregation is not available towards remote eNodeB.
2025-09-14;08:04:00;AL  ;Cleared;EUtraNetwork=1,ExternalENodeBFunction=2221-650115;Inter Node Carrier Aggregation Service Unavailable;Elastic RAN Carrier Aggregation is not available towards remote eNodeB.
2025-09-14;08:04:24;AL  ;Minor ;EUtraNetwork=1,ExternalENodeBFunction=2221-650115;Inter Node Carrier Aggregation Service Unavailable;Elastic RAN Carrier Aggregation is not available towards remote eNodeB.
2025-09-14;10:58:40;AL  ;Cleared;EUtraNetwork=1,ExternalENodeBFunction=2221-650638;Inter Node Carrier Aggregation Service Unavailable;Elastic RAN Carrier Aggregation is not available towards remote eNodeB.
2025-09-14;12:07:53;AL  ;Cleared;EUtraNetwork=1,ExternalENodeBFunction=2221-209646;Inter Node Carrier Aggregation Service Unavailable;Elastic RAN Carrier Aggregation is not available towards remote eNodeB.
2025-09-14;12:08:13;AL  ;Minor ;EUtraNetwork=1,ExternalENodeBFunction=2221-209646;Inter Node Carrier Aggregation Service Unavailable;Elastic RAN Carrier Aggregation is not available towards remote eNodeB.
2025-09-14;12:09:03;AL  ;Cleared;EUtraNetwork=1,ExternalENodeBFunction=2221-650792;Inter Node Carrier Aggregation Service Unavailable;Elastic RAN Carrier Aggregation is not available towards remote eNodeB.
2025-09-14;12:09:04;AL  ;Cleared;EUtraNetwork=1,ExternalENodeBFunction=2221-650771;Inter Node Carrier Aggregation Service Unavailable;Elastic RAN Carrier Aggregation is not available towards remote eNodeB.
2025-09-14;12:09:07;AL  ;Minor ;EUtraNetwork=1,ExternalENodeBFunction=2221-650638;Inter Node Carrier Aggregation Service Unavailable;Elastic RAN Carrier Aggregation is not available towards remote eNodeB.
2025-09-14;12:09:27;AL  ;Minor ;EUtraNetwork=1,ExternalENodeBFunction=2221-650792;Inter Node Carrier Aggregation Service Unavailable;Elastic RAN Carrier Aggregation is not available towards remote eNodeB.
2025-09-14;12:10:17;AL  ;Cleared;EUtraNetwork=1,ExternalENodeBFunction=2221-207401;Inter Node Carrier Aggregation Service Unavailable;Elastic RAN Carrier Aggregation is not available towards remote eNodeB.
2025-09-14;12:10:31;AL  ;Minor ;EUtraNetwork=1,ExternalENodeBFunction=2221-650318;Inter Node Carrier Aggregation Service Unavailable;Elastic RAN Carrier Aggregation is not available towards remote eNodeB.
2025-09-14;12:11:13;AL  ;Minor ;EUtraNetwork=1,ExternalENodeBFunction=2221-207401;Inter Node Carrier Aggregation Service Unavailable;Elastic RAN Carrier Aggregation is not available towards remote eNodeB.
2025-09-14;12:21:40;AL  ;Cleared;EUtraNetwork=1,ExternalENodeBFunction=2221-205105;Inter Node Carrier Aggregation Service Unavailable;Elastic RAN Carrier Aggregation is not available towards remote eNodeB.
2025-09-14;12:22:36;AL  ;Minor ;EUtraNetwork=1,ExternalENodeBFunction=2221-205105;Inter Node Carrier Aggregation Service Unavailable;Elastic RAN Carrier Aggregation is not available towards remote eNodeB.
2025-09-14;12:35:42;AL  ;Cleared;EUtraNetwork=1,ExternalENodeBFunction=2221-650318;Inter Node Carrier Aggregation Service Unavailable;Elastic RAN Carrier Aggregation is not available towards remote eNodeB.
2025-09-14;12:36:53;AL  ;Cleared;EUtraNetwork=1,ExternalENodeBFunction=2221-211968;Inter Node Carrier Aggregation Service Unavailable;Elastic RAN Carrier Aggregation is not available towards remote eNodeB.
2025-09-14;12:37:56;AL  ;Cleared;EUtraNetwork=1,ExternalENodeBFunction=2221-650638;Inter Node Carrier Aggregation Service Unavailable;Elastic RAN Carrier Aggregation is not available towards remote eNodeB.
2025-09-14;12:38:08;AL  ;Cleared;EUtraNetwork=1,ExternalENodeBFunction=2221-205105;Inter Node Carrier Aggregation Service Unavailable;Elastic RAN Carrier Aggregation is not available towards remote eNodeB.
2025-09-14;12:38:12;AL  ;Cleared;EUtraNetwork=1,ExternalENodeBFunction=2221-210879;Inter Node Carrier Aggregation Service Unavailable;Elastic RAN Carrier Aggregation is not available towards remote eNodeB.
2025-09-14;12:38:15;AL  ;Cleared;EUtraNetwork=1,ExternalENodeBFunction=2221-207401;Inter Node Carrier Aggregation Service Unavailable;Elastic RAN Carrier Aggregation is not available towards remote eNodeB.
2025-09-14;12:38:19;AL  ;Cleared;EUtraNetwork=1,ExternalENodeBFunction=2221-650792;Inter Node Carrier Aggregation Service Unavailable;Elastic RAN Carrier Aggregation is not available towards remote eNodeB.
2025-09-14;12:38:26;AL  ;Cleared;EUtraNetwork=1,ExternalENodeBFunction=2221-650670;Inter Node Carrier Aggregation Service Unavailable;Elastic RAN Carrier Aggregation is not available towards remote eNodeB.
2025-09-14;12:38:32;AL  ;Cleared;EUtraNetwork=1,ExternalENodeBFunction=2221-209002;Inter Node Carrier Aggregation Service Unavailable;Elastic RAN Carrier Aggregation is not available towards remote eNodeB.
2025-09-14;12:38:37;AL  ;Cleared;EUtraNetwork=1,ExternalENodeBFunction=2221-650115;Inter Node Carrier Aggregation Service Unavailable;Elastic RAN Carrier Aggregation is not available towards remote eNodeB.
2025-09-14;12:38:45;AL  ;Minor ;EUtraNetwork=1,ExternalENodeBFunction=2221-650638;Inter Node Carrier Aggregation Service Unavailable;Elastic RAN Carrier Aggregation is not available towards remote eNodeB.
2025-09-14;12:38:46;AL  ;Cleared;EUtraNetwork=1,ExternalENodeBFunction=2221-209646;Inter Node Carrier Aggregation Service Unavailable;Elastic RAN Carrier Aggregation is not available towards remote eNodeB.
2025-09-14;14:01:25;AL  ;Minor ;ENodeBFunction=1;External Link Failure;X2 link problem to one or several neighbouring eNodeBs. AI: PLMN ID-eNB ID 1 = 2221-650279
2025-09-14;16:05:08;AL  ;Cleared;ENodeBFunction=1;External Link Failure;X2 link problem to one or several neighbouring eNodeBs. AI: PLMN ID-eNB ID 1 = 2221-650279
2025-09-14;16:06:17;AL  ;Minor ;EUtraNetwork=1,ExternalENodeBFunction=2221-650792;Inter Node Carrier Aggregation Service Unavailable;Elastic RAN Carrier Aggregation is not available towards remote eNodeB.
2025-09-14;22:06:17;AL  ;Minor ;EUtraNetwork=1,ExternalENodeBFunction=2221-209646;Inter Node Carrier Aggregation Service Unavailable;Elastic RAN Carrier Aggregation is not available towards remote eNodeB.
2025-09-15;10:05:53;AL  ;Minor ;EUtraNetwork=1,ExternalENodeBFunction=2221-210879;Inter Node Carrier Aggregation Service Unavailable;Elastic RAN Carrier Aggregation is not available towards remote eNodeB.
2025-09-15;11:00:00;AL  ;Cleared;EUtraNetwork=1,ExternalENodeBFunction=2221-650638;Inter Node Carrier Aggregation Service Unavailable;Elastic RAN Carrier Aggregation is not available towards remote eNodeB.
2025-09-15;11:00:02;AL  ;Minor ;EUtraNetwork=1,ExternalENodeBFunction=2221-650115;Inter Node Carrier Aggregation Service Unavailable;Elastic RAN Carrier Aggregation is not available towards remote eNodeB.
2025-09-15;11:05:18;AL  ;Minor ;EUtraNetwork=1,ExternalENodeBFunction=2221-650638;Inter Node Carrier Aggregation Service Unavailable;Elastic RAN Carrier Aggregation is not available towards remote eNodeB.
2025-09-15;16:05:51;AL  ;Minor ;EUtraNetwork=1,ExternalENodeBFunction=2221-650670;Inter Node Carrier Aggregation Service Unavailable;Elastic RAN Carrier Aggregation is not available towards remote eNodeB.
2025-09-16;08:52:50;AL  ;Minor ;ENodeBFunction=1;External Link Failure;X2 link problem to one or several neighbouring eNodeBs. AI: PLMN ID-eNB ID 1 = 2221-650727
2025-09-16;08:53:36;AL  ;Minor ;ENodeBFunction=1;External Link to GNodeB Failure;X2 link problem to one or several neighbouring gNodeBs. AI: PLMN ID-gNB ID 1 = 2221-1053802
2025-09-16;09:53:45;AL  ;Warning;ENodeBFunction=1;PLMN Service Redundancy Lost;S1 connection failure for PLMN connected with link represented by MO listed in Additional Information. AI: PLMN = ["2221"],DN1=ManagedElement=1,ENodeBFunction=1,TermPointToMme=5,
2025-09-16;09:56:46;AL  ;Cleared;ENodeBFunction=1;PLMN Service Redundancy Lost;S1 connection failure for PLMN connected with link represented by MO listed in Additional Information. AI: PLMN = ["2221"],DN1=ManagedElement=1,ENodeBFunction=1,TermPointToMme=5,
2025-09-16;09:58:54;AL  ;Warning;ENodeBFunction=1;PLMN Service Redundancy Lost;S1 connection failure for PLMN connected with link represented by MO listed in Additional Information. AI: PLMN = ["2221"],DN1=ManagedElement=1,ENodeBFunction=1,TermPointToMme=5,
2025-09-16;09:59:54;AL  ;Cleared;ENodeBFunction=1;PLMN Service Redundancy Lost;S1 connection failure for PLMN connected with link represented by MO listed in Additional Information. AI: PLMN = ["2221"],DN1=ManagedElement=1,ENodeBFunction=1,TermPointToMme=5,
2025-09-16;10:05:51;AL  ;Minor ;EUtraNetwork=1,ExternalENodeBFunction=2221-209002;Inter Node Carrier Aggregation Service Unavailable;Elastic RAN Carrier Aggregation is not available towards remote eNodeB.
2025-09-16;11:04:44;AL  ;Cleared;EUtraNetwork=1,ExternalENodeBFunction=2221-650638;Inter Node Carrier Aggregation Service Unavailable;Elastic RAN Carrier Aggregation is not available towards remote eNodeB.
2025-09-16;11:10:01;AL  ;Minor ;EUtraNetwork=1,ExternalENodeBFunction=2221-650638;Inter Node Carrier Aggregation Service Unavailable;Elastic RAN Carrier Aggregation is not available towards remote eNodeB.
2025-09-16;14:58:49;AL  ;Cleared;ENodeBFunction=1;External Link Failure;X2 link problem to one or several neighbouring eNodeBs. AI: PLMN ID-eNB ID 1 = 2221-650727
2025-09-16;14:59:26;AL  ;Cleared;ENodeBFunction=1;External Link to GNodeB Failure;X2 link problem to one or several neighbouring gNodeBs. AI: PLMN ID-gNB ID 1 = 2221-1053802
2025-09-17;11:05:51;AL  ;Minor ;EUtraNetwork=1,ExternalENodeBFunction=2221-207401;Inter Node Carrier Aggregation Service Unavailable;Elastic RAN Carrier Aggregation is not available towards remote eNodeB.
2025-09-17;11:41:04;AL  ;Cleared;EUtraNetwork=1,ExternalENodeBFunction=2221-650638;Inter Node Carrier Aggregation Service Unavailable;Elastic RAN Carrier Aggregation is not available towards remote eNodeB.
2025-09-17;11:46:25;AL  ;Minor ;EUtraNetwork=1,ExternalENodeBFunction=2221-650638;Inter Node Carrier Aggregation Service Unavailable;Elastic RAN Carrier Aggregation is not available towards remote eNodeB.
2025-09-18;08:51:59;AL  ;Minor ;ENodeBFunction=1;External Link Failure;X2 link problem to one or several neighbouring eNodeBs. AI: PLMN ID-eNB ID 1 = 2221-650757
2025-09-18;11:04:39;AL  ;Cleared;EUtraNetwork=1,ExternalENodeBFunction=2221-650638;Inter Node Carrier Aggregation Service Unavailable;Elastic RAN Carrier Aggregation is not available towards remote eNodeB.
2025-09-18;11:09:59;AL  ;Minor ;EUtraNetwork=1,ExternalENodeBFunction=2221-650638;Inter Node Carrier Aggregation Service Unavailable;Elastic RAN Carrier Aggregation is not available towards remote eNodeB.
2025-09-18;12:56:21;AL  ;Cleared;ENodeBFunction=1;External Link Failure;X2 link problem to one or several neighbouring eNodeBs. AI: PLMN ID-eNB ID 1 = 2221-650757
2025-09-19;04:16:04;AL  ;Minor ;EUtraNetwork=1,ExternalENodeBFunction=2221-650771;Inter Node Carrier Aggregation Service Unavailable;Elastic RAN Carrier Aggregation is not available towards remote eNodeB.
2025-09-19;10:54:10;AL  ;Cleared;EUtraNetwork=1,ExternalENodeBFunction=2221-650638;Inter Node Carrier Aggregation Service Unavailable;Elastic RAN Carrier Aggregation is not available towards remote eNodeB.
2025-09-19;10:59:32;AL  ;Minor ;EUtraNetwork=1,ExternalENodeBFunction=2221-650638;Inter Node Carrier Aggregation Service Unavailable;Elastic RAN Carrier Aggregation is not available towards remote eNodeB.
2025-09-20;10:54:29;AL  ;Cleared;EUtraNetwork=1,ExternalENodeBFunction=2221-650638;Inter Node Carrier Aggregation Service Unavailable;Elastic RAN Carrier Aggregation is not available towards remote eNodeB.
2025-09-20;10:59:49;AL  ;Minor ;EUtraNetwork=1,ExternalENodeBFunction=2221-650638;Inter Node Carrier Aggregation Service Unavailable;Elastic RAN Carrier Aggregation is not available towards remote eNodeB.
2025-09-21;07:58:12;AL  ;Cleared;EUtraNetwork=1,ExternalENodeBFunction=2221-209002;Inter Node Carrier Aggregation Service Unavailable;Elastic RAN Carrier Aggregation is not available towards remote eNodeB.
2025-09-21;07:58:20;AL  ;Minor ;EUtraNetwork=1,ExternalENodeBFunction=2221-209002;Inter Node Carrier Aggregation Service Unavailable;Elastic RAN Carrier Aggregation is not available towards remote eNodeB.
2025-09-21;07:58:57;AL  ;Cleared;EUtraNetwork=1,ExternalENodeBFunction=2221-650115;Inter Node Carrier Aggregation Service Unavailable;Elastic RAN Carrier Aggregation is not available towards remote eNodeB.
2025-09-21;10:48:47;AL  ;Cleared;EUtraNetwork=1,ExternalENodeBFunction=2221-650638;Inter Node Carrier Aggregation Service Unavailable;Elastic RAN Carrier Aggregation is not available towards remote eNodeB.
2025-09-21;10:54:07;AL  ;Minor ;EUtraNetwork=1,ExternalENodeBFunction=2221-650638;Inter Node Carrier Aggregation Service Unavailable;Elastic RAN Carrier Aggregation is not available towards remote eNodeB.
2025-09-21;11:47:17;AL  ;Cleared;EUtraNetwork=1,ExternalENodeBFunction=2221-209646;Inter Node Carrier Aggregation Service Unavailable;Elastic RAN Carrier Aggregation is not available towards remote eNodeB.
2025-09-21;11:47:48;AL  ;Minor ;EUtraNetwork=1,ExternalENodeBFunction=2221-209646;Inter Node Carrier Aggregation Service Unavailable;Elastic RAN Carrier Aggregation is not available towards remote eNodeB.
2025-09-21;11:48:34;AL  ;Cleared;EUtraNetwork=1,ExternalENodeBFunction=2221-650771;Inter Node Carrier Aggregation Service Unavailable;Elastic RAN Carrier Aggregation is not available towards remote eNodeB.
2025-09-21;11:48:43;AL  ;Cleared;EUtraNetwork=1,ExternalENodeBFunction=2221-650792;Inter Node Carrier Aggregation Service Unavailable;Elastic RAN Carrier Aggregation is not available towards remote eNodeB.
2025-09-21;11:49:32;AL  ;Minor ;EUtraNetwork=1,ExternalENodeBFunction=2221-650792;Inter Node Carrier Aggregation Service Unavailable;Elastic RAN Carrier Aggregation is not available towards remote eNodeB.
2025-09-21;11:50:04;AL  ;Cleared;EUtraNetwork=1,ExternalENodeBFunction=2221-207401;Inter Node Carrier Aggregation Service Unavailable;Elastic RAN Carrier Aggregation is not available towards remote eNodeB.
2025-09-21;11:51:04;AL  ;Minor ;EUtraNetwork=1,ExternalENodeBFunction=2221-207401;Inter Node Carrier Aggregation Service Unavailable;Elastic RAN Carrier Aggregation is not available towards remote eNodeB.
2025-09-21;12:16:04;AL  ;Cleared;EUtraNetwork=1,ExternalENodeBFunction=2221-210879;Inter Node Carrier Aggregation Service Unavailable;Elastic RAN Carrier Aggregation is not available towards remote eNodeB.
2025-09-21;12:16:08;AL  ;Cleared;EUtraNetwork=1,ExternalENodeBFunction=2221-207401;Inter Node Carrier Aggregation Service Unavailable;Elastic RAN Carrier Aggregation is not available towards remote eNodeB.
2025-09-21;12:16:12;AL  ;Cleared;EUtraNetwork=1,ExternalENodeBFunction=2221-650792;Inter Node Carrier Aggregation Service Unavailable;Elastic RAN Carrier Aggregation is not available towards remote eNodeB.
2025-09-21;12:16:19;AL  ;Cleared;EUtraNetwork=1,ExternalENodeBFunction=2221-650638;Inter Node Carrier Aggregation Service Unavailable;Elastic RAN Carrier Aggregation is not available towards remote eNodeB.
2025-09-21;12:16:20;AL  ;Cleared;EUtraNetwork=1,ExternalENodeBFunction=2221-650670;Inter Node Carrier Aggregation Service Unavailable;Elastic RAN Carrier Aggregation is not available towards remote eNodeB.
2025-09-21;12:16:26;AL  ;Cleared;EUtraNetwork=1,ExternalENodeBFunction=2221-209002;Inter Node Carrier Aggregation Service Unavailable;Elastic RAN Carrier Aggregation is not available towards remote eNodeB.
2025-09-21;12:16:37;AL  ;Cleared;EUtraNetwork=1,ExternalENodeBFunction=2221-209646;Inter Node Carrier Aggregation Service Unavailable;Elastic RAN Carrier Aggregation is not available towards remote eNodeB.
2025-09-21;17:06:18;AL  ;Minor ;EUtraNetwork=1,ExternalENodeBFunction=2221-650792;Inter Node Carrier Aggregation Service Unavailable;Elastic RAN Carrier Aggregation is not available towards remote eNodeB.
2025-09-22;01:20:07;AL  ;Minor ;ENodeBFunction=1;External Link Failure;X2 link problem to one or several neighbouring eNodeBs. AI: PLMN ID-eNB ID 1 = 2221-650279
2025-09-22;04:12:54;AL  ;Minor ;EUtraNetwork=1,ExternalENodeBFunction=2221-211968;Inter Node Carrier Aggregation Service Unavailable;Elastic RAN Carrier Aggregation is not available towards remote eNodeB.
2025-09-22;08:16:56;AL  ;Minor ;EUtraNetwork=1,ExternalENodeBFunction=2221-650815;Inter Node Feature Incompatibility;Elastic RAN feature is not activated in remote eNodeB. SUPPRESSED
2025-09-22;08:16:56;AL  ;Cleared;EUtranCellFDD=ZA45M1;Service Degraded;This is a secondary alarm, use alarm correlation information in Additional Information to find primary alarm.
2025-09-22;08:16:56;AL  ;Cleared;EUtranCellFDD=ZA45T1;Service Degraded;This is a secondary alarm, use alarm correlation information in Additional Information to find primary alarm.
2025-09-22;08:16:56;AL  ;Major ;EUtranCellFDD=ZA45T1;Service Unavailable;This is a secondary alarm, use alarm correlation information in Additional Information to find primary alarm.
2025-09-22;08:17:05;AL  ;Cleared;EUtranCellFDD=ZA45T1;Service Unavailable;This is a secondary alarm, use alarm correlation information in Additional Information to find primary alarm.
2025-09-22;08:17:17;AL  ;Minor ;EUtranCellFDD=ZA45T1;Service Degraded;This is a secondary alarm, use alarm correlation information in Additional Information to find primary alarm.
2025-09-22;08:17:18;AL  ;Minor ;EUtranCellFDD=ZA45M1;Service Degraded;This is a secondary alarm, use alarm correlation information in Additional Information to find primary alarm.
2025-09-22;08:47:28;AL  ;Cleared;ENodeBFunction=1;External Link Failure;X2 link problem to one or several neighbouring eNodeBs. AI: PLMN ID-eNB ID 1 = 2221-650279
2025-09-22;13:04:10;AL  ;Cleared;EUtranCellFDD=ZA45T1;Service Degraded;This is a secondary alarm, use alarm correlation information in Additional Information to find primary alarm.
2025-09-22;13:04:10;AL  ;Major ;EUtranCellFDD=ZA45T1;Service Unavailable;This is a secondary alarm, use alarm correlation information in Additional Information to find primary alarm.
2025-09-22;13:04:10;AL  ;Cleared;EUtranCellFDD=ZA45M1;Service Degraded;This is a secondary alarm, use alarm correlation information in Additional Information to find primary alarm.
2025-09-22;13:04:19;AL  ;Cleared;EUtranCellFDD=ZA45T1;Service Unavailable;This is a secondary alarm, use alarm correlation information in Additional Information to find primary alarm.
2025-09-22;13:04:32;AL  ;Minor ;EUtranCellFDD=ZA45T1;Service Degraded;This is a secondary alarm, use alarm correlation information in Additional Information to find primary alarm.
2025-09-22;13:04:32;AL  ;Minor ;EUtranCellFDD=ZA45M1;Service Degraded;This is a secondary alarm, use alarm correlation information in Additional Information to find primary alarm.
2025-09-22;14:39:50;AL  ;Minor ;ENodeBFunction=1;External Link Failure;X2 link problem to one or several neighbouring eNodeBs. AI: PLMN ID-eNB ID 1 = 2221-650632
2025-09-22;16:59:13;AL  ;Minor ;EUtraNetwork=1,ExternalENodeBFunction=2221-650638;Inter Node Carrier Aggregation Service Unavailable;Elastic RAN Carrier Aggregation is not available towards remote eNodeB.
2025-09-22;17:04:25;AL  ;Minor ;EUtraNetwork=1,ExternalENodeBFunction=2221-209646;Inter Node Carrier Aggregation Service Unavailable;Elastic RAN Carrier Aggregation is not available towards remote eNodeB.
2025-09-22;17:39:23;AL  ;Cleared;ENodeBFunction=1;External Link Failure;X2 link problem to one or several neighbouring eNodeBs. AI: PLMN ID-eNB ID 1 = 2221-650632
2025-09-23;00:12:57;AL  ;Minor ;ENodeBFunction=1;External Link Failure;X2 link problem to one or several neighbouring eNodeBs. AI: PLMN ID-eNB ID 1 = 2221-650632
2025-09-23;10:48:49;AL  ;Cleared;EUtraNetwork=1,ExternalENodeBFunction=2221-650638;Inter Node Carrier Aggregation Service Unavailable;Elastic RAN Carrier Aggregation is not available towards remote eNodeB.
2025-09-23;10:54:04;AL  ;Minor ;EUtraNetwork=1,ExternalENodeBFunction=2221-650638;Inter Node Carrier Aggregation Service Unavailable;Elastic RAN Carrier Aggregation is not available towards remote eNodeB.
2025-09-23;18:04:27;AL  ;Minor ;EUtraNetwork=1,ExternalENodeBFunction=2221-209002;Inter Node Carrier Aggregation Service Unavailable;Elastic RAN Carrier Aggregation is not available towards remote eNodeB.
2025-09-24;03:04:28;AL  ;Minor ;EUtraNetwork=1,ExternalENodeBFunction=2221-650727;Inter Node Carrier Aggregation Service Unavailable;Elastic RAN Carrier Aggregation is not available towards remote eNodeB.
2025-09-24;03:04:28;AL  ;Minor ;EUtraNetwork=1,ExternalENodeBFunction=2221-650771;Inter Node Carrier Aggregation Service Unavailable;Elastic RAN Carrier Aggregation is not available towards remote eNodeB.
2025-09-24;11:12:27;AL  ;Cleared;EUtraNetwork=1,ExternalENodeBFunction=2221-650638;Inter Node Carrier Aggregation Service Unavailable;Elastic RAN Carrier Aggregation is not available towards remote eNodeB.
2025-09-24;11:17:42;AL  ;Minor ;EUtraNetwork=1,ExternalENodeBFunction=2221-650638;Inter Node Carrier Aggregation Service Unavailable;Elastic RAN Carrier Aggregation is not available towards remote eNodeB.
2025-09-25;10:58:47;AL  ;Cleared;EUtraNetwork=1,ExternalENodeBFunction=2221-650638;Inter Node Carrier Aggregation Service Unavailable;Elastic RAN Carrier Aggregation is not available towards remote eNodeB.
2025-09-25;11:04:01;AL  ;Minor ;EUtraNetwork=1,ExternalENodeBFunction=2221-650638;Inter Node Carrier Aggregation Service Unavailable;Elastic RAN Carrier Aggregation is not available towards remote eNodeB.
2025-09-26;06:52:45;AL  ;Minor ;EUtraNetwork=1,ExternalENodeBFunction=2221-650670;Inter Node Carrier Aggregation Service Unavailable;Elastic RAN Carrier Aggregation is not available towards remote eNodeB.
2025-09-26;11:01:19;AL  ;Cleared;EUtraNetwork=1,ExternalENodeBFunction=2221-650638;Inter Node Carrier Aggregation Service Unavailable;Elastic RAN Carrier Aggregation is not available towards remote eNodeB.
2025-09-26;11:06:35;AL  ;Minor ;EUtraNetwork=1,ExternalENodeBFunction=2221-650638;Inter Node Carrier Aggregation Service Unavailable;Elastic RAN Carrier Aggregation is not available towards remote eNodeB.
2025-09-26;11:12:22;AL  ;Cleared;EUtraNetwork=1,ExternalENodeBFunction=2221-650111;Inter Node Feature Incompatibility;Elastic RAN feature is not activated in remote eNodeB. SUPPRESSED
2025-09-26;12:53:55;AL  ;Cleared;ENodeBFunction=1;External Link Failure;X2 link problem to one or several neighbouring eNodeBs. AI: PLMN ID-eNB ID 1 = 2221-650632
2025-09-26;14:09:40;AL  ;Cleared;EUtraNetwork=1,ExternalENodeBFunction=2221-650638;Inter Node Carrier Aggregation Service Unavailable;Elastic RAN Carrier Aggregation is not available towards remote eNodeB.
2025-09-26;14:12:10;AL  ;Minor ;EUtraNetwork=1,ExternalENodeBFunction=2221-650638;Inter Node Carrier Aggregation Service Unavailable;Elastic RAN Carrier Aggregation is not available towards remote eNodeB.
2025-09-26;14:15:58;AL  ;Cleared;EUtraNetwork=1,ExternalENodeBFunction=2221-650638;Inter Node Carrier Aggregation Service Unavailable;Elastic RAN Carrier Aggregation is not available towards remote eNodeB.
2025-09-26;14:17:09;AL  ;Minor ;EUtraNetwork=1,ExternalENodeBFunction=2221-650638;Inter Node Carrier Aggregation Service Unavailable;Elastic RAN Carrier Aggregation is not available towards remote eNodeB.
2025-09-28;07:59:45;AL  ;Cleared;EUtraNetwork=1,ExternalENodeBFunction=2221-209002;Inter Node Carrier Aggregation Service Unavailable;Elastic RAN Carrier Aggregation is not available towards remote eNodeB.
2025-09-28;08:00:38;AL  ;Minor ;EUtraNetwork=1,ExternalENodeBFunction=2221-209002;Inter Node Carrier Aggregation Service Unavailable;Elastic RAN Carrier Aggregation is not available towards remote eNodeB.
2025-09-28;08:02:08;AL  ;Cleared;EUtraNetwork=1,ExternalENodeBFunction=2221-650815;Inter Node Feature Incompatibility;Elastic RAN feature is not activated in remote eNodeB. SUPPRESSED
2025-09-28;08:31:34;AL  ;Minor ;EUtraNetwork=1,ExternalENodeBFunction=2221-650241;Inter Node Carrier Aggregation Service Unavailable;Elastic RAN Carrier Aggregation is not available towards remote eNodeB.
2025-09-28;08:42:13;AL  ;Cleared;EUtraNetwork=1,ExternalENodeBFunction=2221-650241;Inter Node Carrier Aggregation Service Unavailable;Elastic RAN Carrier Aggregation is not available towards remote eNodeB.
2025-09-28;08:42:54;AL  ;Minor ;EUtraNetwork=1,ExternalENodeBFunction=2221-650241;Inter Node Carrier Aggregation Service Unavailable;Elastic RAN Carrier Aggregation is not available towards remote eNodeB.
2025-09-28;11:47:01;AL  ;Cleared;EUtraNetwork=1,ExternalENodeBFunction=2221-209646;Inter Node Carrier Aggregation Service Unavailable;Elastic RAN Carrier Aggregation is not available towards remote eNodeB.
2025-09-28;11:47:24;AL  ;Minor ;EUtraNetwork=1,ExternalENodeBFunction=2221-650654;Inter Node Carrier Aggregation Service Unavailable;Elastic RAN Carrier Aggregation is not available towards remote eNodeB.
2025-09-28;11:48:06;AL  ;Cleared;EUtraNetwork=1,ExternalENodeBFunction=2221-650792;Inter Node Carrier Aggregation Service Unavailable;Elastic RAN Carrier Aggregation is not available towards remote eNodeB.
2025-09-28;11:48:13;AL  ;Cleared;EUtraNetwork=1,ExternalENodeBFunction=2221-650771;Inter Node Carrier Aggregation Service Unavailable;Elastic RAN Carrier Aggregation is not available towards remote eNodeB.
2025-09-28;11:48:15;AL  ;Minor ;EUtraNetwork=1,ExternalENodeBFunction=2221-209646;Inter Node Carrier Aggregation Service Unavailable;Elastic RAN Carrier Aggregation is not available towards remote eNodeB.
2025-09-28;11:48:55;AL  ;Minor ;EUtraNetwork=1,ExternalENodeBFunction=2221-650792;Inter Node Carrier Aggregation Service Unavailable;Elastic RAN Carrier Aggregation is not available towards remote eNodeB.
2025-09-28;11:55:12;AL  ;Cleared;EUtraNetwork=1,ExternalENodeBFunction=2221-650727;Inter Node Carrier Aggregation Service Unavailable;Elastic RAN Carrier Aggregation is not available towards remote eNodeB.
2025-09-28;11:55:58;AL  ;Minor ;EUtraNetwork=1,ExternalENodeBFunction=2221-650727;Inter Node Carrier Aggregation Service Unavailable;Elastic RAN Carrier Aggregation is not available towards remote eNodeB.
2025-09-28;12:12:29;AL  ;Cleared;EUtraNetwork=1,ExternalENodeBFunction=2221-211968;Inter Node Carrier Aggregation Service Unavailable;Elastic RAN Carrier Aggregation is not available towards remote eNodeB.
2025-09-28;12:13:50;AL  ;Cleared;EUtraNetwork=1,ExternalENodeBFunction=2221-650654;Inter Node Carrier Aggregation Service Unavailable;Elastic RAN Carrier Aggregation is not available towards remote eNodeB.
2025-09-28;12:14:00;AL  ;Cleared;EUtraNetwork=1,ExternalENodeBFunction=2221-650241;Inter Node Carrier Aggregation Service Unavailable;Elastic RAN Carrier Aggregation is not available towards remote eNodeB.
2025-09-28;12:14:04;AL  ;Cleared;EUtraNetwork=1,ExternalENodeBFunction=2221-650792;Inter Node Carrier Aggregation Service Unavailable;Elastic RAN Carrier Aggregation is not available towards remote eNodeB.
2025-09-28;12:14:07;AL  ;Cleared;EUtraNetwork=1,ExternalENodeBFunction=2221-650638;Inter Node Carrier Aggregation Service Unavailable;Elastic RAN Carrier Aggregation is not available towards remote eNodeB.
2025-09-28;12:14:10;AL  ;Cleared;EUtraNetwork=1,ExternalENodeBFunction=2221-650670;Inter Node Carrier Aggregation Service Unavailable;Elastic RAN Carrier Aggregation is not available towards remote eNodeB.
2025-09-28;12:14:16;AL  ;Cleared;EUtraNetwork=1,ExternalENodeBFunction=2221-209002;Inter Node Carrier Aggregation Service Unavailable;Elastic RAN Carrier Aggregation is not available towards remote eNodeB.
2025-09-28;12:14:30;AL  ;Cleared;EUtraNetwork=1,ExternalENodeBFunction=2221-650727;Inter Node Carrier Aggregation Service Unavailable;Elastic RAN Carrier Aggregation is not available towards remote eNodeB.
2025-09-28;12:14:39;AL  ;Cleared;EUtraNetwork=1,ExternalENodeBFunction=2221-209646;Inter Node Carrier Aggregation Service Unavailable;Elastic RAN Carrier Aggregation is not available towards remote eNodeB.
2025-09-28;16:56:35;AL  ;Minor ;EUtraNetwork=1,ExternalENodeBFunction=2221-650654;Inter Node Carrier Aggregation Service Unavailable;Elastic RAN Carrier Aggregation is not available towards remote eNodeB.
2025-09-29;09:04:25;AL  ;Minor ;EUtraNetwork=1,ExternalENodeBFunction=2221-209646;Inter Node Carrier Aggregation Service Unavailable;Elastic RAN Carrier Aggregation is not available towards remote eNodeB.
2025-09-29;10:45:01;AL  ;Cleared;EUtraNetwork=1,ExternalENodeBFunction=2221-209646;Inter Node Carrier Aggregation Service Unavailable;Elastic RAN Carrier Aggregation is not available towards remote eNodeB.
2025-09-29;10:46:41;AL  ;Minor ;EUtraNetwork=1,ExternalENodeBFunction=2221-209646;Inter Node Carrier Aggregation Service Unavailable;Elastic RAN Carrier Aggregation is not available towards remote eNodeB.
2025-09-29;10:47:24;AL  ;Minor ;EUtraNetwork=1,ExternalENodeBFunction=2221-650792;Inter Node Carrier Aggregation Service Unavailable;Elastic RAN Carrier Aggregation is not available towards remote eNodeB.
2025-09-29;11:23:20;AL  ;Minor ;ENodeBFunction=1;External Link Failure;X2 link problem to one or several neighbouring eNodeBs. AI: PLMN ID-eNB ID 1 = 2221-650814
2025-09-29;11:28:15;AL  ;Minor ;ENodeBFunction=1;External Link Failure;X2 link problem to one or several neighbouring eNodeBs. AI: PLMN ID-eNB ID 1 = 2221-650814 PLMN ID-eNB ID 2 = 2221-650343
2025-09-29;14:04:28;AL  ;Minor ;EUtraNetwork=1,ExternalENodeBFunction=2221-650670;Inter Node Carrier Aggregation Service Unavailable;Elastic RAN Carrier Aggregation is not available towards remote eNodeB.
2025-09-29;19:05:50;AL  ;Minor ;ENodeBFunction=1;External Link Failure;X2 link problem to one or several neighbouring eNodeBs. AI: PLMN ID-eNB ID 1 = 2221-650343
2025-09-29;19:10:46;AL  ;Cleared;ENodeBFunction=1;External Link Failure;X2 link problem to one or several neighbouring eNodeBs. AI: PLMN ID-eNB ID 1 = 2221-650343
2025-09-29;19:16:15;AL  ;Minor ;ENodeBFunction=1;External Link Failure;X2 link problem to one or several neighbouring eNodeBs. AI: PLMN ID-eNB ID 1 = 2221-650814
2025-09-29;19:22:48;AL  ;Cleared;ENodeBFunction=1;External Link Failure;X2 link problem to one or several neighbouring eNodeBs. AI: PLMN ID-eNB ID 1 = 2221-650814
2025-09-30;01:04:26;AL  ;Minor ;EUtraNetwork=1,ExternalENodeBFunction=2221-650771;Inter Node Carrier Aggregation Service Unavailable;Elastic RAN Carrier Aggregation is not available towards remote eNodeB.
2025-09-30;08:45:33;AL  ;Warning;ENodeBFunction=1;PLMN Service Redundancy Lost;S1 connection failure for PLMN connected with link represented by MO listed in Additional Information. AI: PLMN = ["2221"],DN1=ManagedElement=1,ENodeBFunction=1,TermPointToMme=5,
2025-09-30;08:46:03;AL  ;Cleared;ENodeBFunction=1;PLMN Service Redundancy Lost;S1 connection failure for PLMN connected with link represented by MO listed in Additional Information. AI: PLMN = ["2221"],DN1=ManagedElement=1,ENodeBFunction=1,TermPointToMme=5,
2025-09-30;08:58:16;AL  ;Minor ;ENodeBFunction=1;External Link Failure;X2 link problem to one or several neighbouring eNodeBs. AI: PLMN ID-eNB ID 1 = 2221-650220
2025-09-30;11:16:31;AL  ;Cleared;EUtraNetwork=1,ExternalENodeBFunction=2221-209646;Inter Node Carrier Aggregation Service Unavailable;Elastic RAN Carrier Aggregation is not available towards remote eNodeB.
2025-09-30;11:16:50;AL  ;Cleared;EUtraNetwork=1,ExternalENodeBFunction=2221-650792;Inter Node Carrier Aggregation Service Unavailable;Elastic RAN Carrier Aggregation is not available towards remote eNodeB.
2025-09-30;11:21:41;AL  ;Minor ;EUtraNetwork=1,ExternalENodeBFunction=2221-209646;Inter Node Carrier Aggregation Service Unavailable;Elastic RAN Carrier Aggregation is not available towards remote eNodeB.
2025-09-30;11:22:05;AL  ;Minor ;EUtraNetwork=1,ExternalENodeBFunction=2221-650792;Inter Node Carrier Aggregation Service Unavailable;Elastic RAN Carrier Aggregation is not available towards remote eNodeB.
2025-09-30;13:00:34;AL  ;Cleared;ENodeBFunction=1;External Link Failure;X2 link problem to one or several neighbouring eNodeBs. AI: PLMN ID-eNB ID 1 = 2221-650220
2025-09-30;19:04:28;AL  ;Minor ;EUtraNetwork=1,ExternalENodeBFunction=2221-210879;Inter Node Carrier Aggregation Service Unavailable;Elastic RAN Carrier Aggregation is not available towards remote eNodeB.
2025-10-01;06:20:30;AL  ;Minor ;EUtraNetwork=1,ExternalENodeBFunction=2221-650638;Inter Node Carrier Aggregation Service Unavailable;Elastic RAN Carrier Aggregation is not available towards remote eNodeB.
2025-10-01;12:00:50;AL  ;Critical;FieldReplaceableUnit=BB-1,AlarmPort=7;External Alarm;ALLARME PORTA B154
2025-10-01;12:01:02;AL  ;Cleared;FieldReplaceableUnit=BB-1,AlarmPort=7;External Alarm;ALLARME PORTA B154
2025-10-01;12:01:14;AL  ;Critical;FieldReplaceableUnit=BB-1,AlarmPort=2;External Alarm;ALLARME PORTA
2025-10-01;12:02:06;AL  ;Cleared;FieldReplaceableUnit=BB-1,AlarmPort=2;External Alarm;ALLARME PORTA
2025-10-01;22:04:26;AL  ;Minor ;EUtraNetwork=1,ExternalENodeBFunction=2221-209002;Inter Node Carrier Aggregation Service Unavailable;Elastic RAN Carrier Aggregation is not available towards remote eNodeB.
2025-10-02;03:51:36;AL  ;Cleared;EUtraNetwork=1,ExternalENodeBFunction=2221-650733;Inter Node Feature Incompatibility;Elastic RAN feature is not activated in remote eNodeB. SUPPRESSED
2025-10-02;04:00:26;AL  ;Minor ;ENodeBFunction=1;External Link Failure;X2 link problem to one or several neighbouring eNodeBs. AI: PLMN ID-eNB ID 1 = 2221-650279
2025-10-02;04:02:50;AL  ;Cleared;ENodeBFunction=1;External Link Failure;X2 link problem to one or several neighbouring eNodeBs. AI: PLMN ID-eNB ID 1 = 2221-650279
2025-10-02;23:31:04;AL  ;Minor ;EUtraNetwork=1,ExternalENodeBFunction=2221-650733;Inter Node Feature Incompatibility;Elastic RAN feature is not activated in remote eNodeB. SUPPRESSED
2025-10-02;23:31:04;AL  ;Minor ;EUtraNetwork=1,ExternalENodeBFunction=2221-650111;Inter Node Feature Incompatibility;Elastic RAN feature is not activated in remote eNodeB. SUPPRESSED
2025-10-02;23:31:04;AL  ;Cleared;EUtranCellFDD=ZA45T1;Service Degraded;This is a secondary alarm, use alarm correlation information in Additional Information to find primary alarm.
2025-10-02;23:31:04;AL  ;Cleared;EUtranCellFDD=ZA45M1;Service Degraded;This is a secondary alarm, use alarm correlation information in Additional Information to find primary alarm.
2025-10-02;23:31:25;AL  ;Minor ;EUtranCellFDD=ZA45T1;Service Degraded;This is a secondary alarm, use alarm correlation information in Additional Information to find primary alarm.
2025-10-02;23:31:25;AL  ;Minor ;EUtranCellFDD=ZA45M1;Service Degraded;This is a secondary alarm, use alarm correlation information in Additional Information to find primary alarm.
2025-10-03;18:24:25;AL  ;Cleared;EUtranCellFDD=ZA45M1;Service Degraded;This is a secondary alarm, use alarm correlation information in Additional Information to find primary alarm.
2025-10-03;18:24:25;AL  ;Cleared;EUtranCellFDD=ZA45T1;Service Degraded;This is a secondary alarm, use alarm correlation information in Additional Information to find primary alarm.
2025-10-03;18:24:53;AL  ;Minor ;EUtranCellFDD=ZA45M1;Service Degraded;This is a secondary alarm, use alarm correlation information in Additional Information to find primary alarm.
2025-10-03;18:24:55;AL  ;Minor ;EUtranCellFDD=ZA45T1;Service Degraded;This is a secondary alarm, use alarm correlation information in Additional Information to find primary alarm.
2025-10-04;02:24:49;AL  ;Minor ;EUtraNetwork=1,ExternalENodeBFunction=2221-650727;Inter Node Carrier Aggregation Service Unavailable;Elastic RAN Carrier Aggregation is not available towards remote eNodeB.
2025-10-04;15:07:35;AL  ;Minor ;EUtraNetwork=1,ExternalENodeBFunction=2221-205105;Inter Node Carrier Aggregation Service Unavailable;Elastic RAN Carrier Aggregation is not available towards remote eNodeB.
2025-10-05;07:53:23;AL  ;Cleared;EUtraNetwork=1,ExternalENodeBFunction=2221-209002;Inter Node Carrier Aggregation Service Unavailable;Elastic RAN Carrier Aggregation is not available towards remote eNodeB.
2025-10-05;07:54:00;AL  ;Minor ;EUtraNetwork=1,ExternalENodeBFunction=2221-209002;Inter Node Carrier Aggregation Service Unavailable;Elastic RAN Carrier Aggregation is not available towards remote eNodeB.
2025-10-05;08:30:36;AL  ;Cleared;EUtraNetwork=1,ExternalENodeBFunction=2221-650654;Inter Node Carrier Aggregation Service Unavailable;Elastic RAN Carrier Aggregation is not available towards remote eNodeB.
2025-10-05;08:30:59;AL  ;Minor ;EUtraNetwork=1,ExternalENodeBFunction=2221-207401;Inter Node Carrier Aggregation Service Unavailable;Elastic RAN Carrier Aggregation is not available towards remote eNodeB.
2025-10-05;11:29:18;AL  ;Cleared;EUtraNetwork=1,ExternalENodeBFunction=2221-209646;Inter Node Carrier Aggregation Service Unavailable;Elastic RAN Carrier Aggregation is not available towards remote eNodeB.
2025-10-05;11:29:33;AL  ;Minor ;EUtraNetwork=1,ExternalENodeBFunction=2221-209646;Inter Node Carrier Aggregation Service Unavailable;Elastic RAN Carrier Aggregation is not available towards remote eNodeB.
2025-10-05;11:30:23;AL  ;Cleared;EUtraNetwork=1,ExternalENodeBFunction=2221-650792;Inter Node Carrier Aggregation Service Unavailable;Elastic RAN Carrier Aggregation is not available towards remote eNodeB.
2025-10-05;11:30:38;AL  ;Cleared;EUtraNetwork=1,ExternalENodeBFunction=2221-650771;Inter Node Carrier Aggregation Service Unavailable;Elastic RAN Carrier Aggregation is not available towards remote eNodeB.
2025-10-05;11:31:17;AL  ;Minor ;EUtraNetwork=1,ExternalENodeBFunction=2221-650792;Inter Node Carrier Aggregation Service Unavailable;Elastic RAN Carrier Aggregation is not available towards remote eNodeB.
2025-10-05;11:31:44;AL  ;Cleared;EUtraNetwork=1,ExternalENodeBFunction=2221-207401;Inter Node Carrier Aggregation Service Unavailable;Elastic RAN Carrier Aggregation is not available towards remote eNodeB.
2025-10-05;11:32:10;AL  ;Minor ;EUtraNetwork=1,ExternalENodeBFunction=2221-650318;Inter Node Carrier Aggregation Service Unavailable;Elastic RAN Carrier Aggregation is not available towards remote eNodeB.
2025-10-05;11:32:47;AL  ;Minor ;EUtraNetwork=1,ExternalENodeBFunction=2221-207401;Inter Node Carrier Aggregation Service Unavailable;Elastic RAN Carrier Aggregation is not available towards remote eNodeB.
2025-10-05;11:37:00;AL  ;Cleared;EUtraNetwork=1,ExternalENodeBFunction=2221-650727;Inter Node Carrier Aggregation Service Unavailable;Elastic RAN Carrier Aggregation is not available towards remote eNodeB.
2025-10-05;11:37:42;AL  ;Minor ;EUtraNetwork=1,ExternalENodeBFunction=2221-650727;Inter Node Carrier Aggregation Service Unavailable;Elastic RAN Carrier Aggregation is not available towards remote eNodeB.
2025-10-05;11:41:09;AL  ;Cleared;EUtraNetwork=1,ExternalENodeBFunction=2221-205105;Inter Node Carrier Aggregation Service Unavailable;Elastic RAN Carrier Aggregation is not available towards remote eNodeB.
2025-10-05;11:41:18;AL  ;Minor ;EUtraNetwork=1,ExternalENodeBFunction=2221-205105;Inter Node Carrier Aggregation Service Unavailable;Elastic RAN Carrier Aggregation is not available towards remote eNodeB.
2025-10-05;11:53:49;AL  ;Cleared;EUtraNetwork=1,ExternalENodeBFunction=2221-650318;Inter Node Carrier Aggregation Service Unavailable;Elastic RAN Carrier Aggregation is not available towards remote eNodeB.
2025-10-05;11:54:41;AL  ;Minor ;EUtraNetwork=1,ExternalENodeBFunction=2221-211968;Inter Node Carrier Aggregation Service Unavailable;Elastic RAN Carrier Aggregation is not available towards remote eNodeB.
2025-10-05;11:55:47;AL  ;Cleared;EUtraNetwork=1,ExternalENodeBFunction=2221-205105;Inter Node Carrier Aggregation Service Unavailable;Elastic RAN Carrier Aggregation is not available towards remote eNodeB.
2025-10-05;11:55:51;AL  ;Cleared;EUtraNetwork=1,ExternalENodeBFunction=2221-210879;Inter Node Carrier Aggregation Service Unavailable;Elastic RAN Carrier Aggregation is not available towards remote eNodeB.
2025-10-05;11:55:54;AL  ;Cleared;EUtraNetwork=1,ExternalENodeBFunction=2221-207401;Inter Node Carrier Aggregation Service Unavailable;Elastic RAN Carrier Aggregation is not available towards remote eNodeB.
2025-10-05;11:55:58;AL  ;Cleared;EUtraNetwork=1,ExternalENodeBFunction=2221-650792;Inter Node Carrier Aggregation Service Unavailable;Elastic RAN Carrier Aggregation is not available towards remote eNodeB.
2025-10-05;11:55:59;AL  ;Cleared;EUtraNetwork=1,ExternalENodeBFunction=2221-650638;Inter Node Carrier Aggregation Service Unavailable;Elastic RAN Carrier Aggregation is not available towards remote eNodeB.
2025-10-05;11:56:06;AL  ;Cleared;EUtraNetwork=1,ExternalENodeBFunction=2221-650670;Inter Node Carrier Aggregation Service Unavailable;Elastic RAN Carrier Aggregation is not available towards remote eNodeB.
2025-10-05;11:56:11;AL  ;Cleared;EUtraNetwork=1,ExternalENodeBFunction=2221-209002;Inter Node Carrier Aggregation Service Unavailable;Elastic RAN Carrier Aggregation is not available towards remote eNodeB.
2025-10-05;11:56:26;AL  ;Cleared;EUtraNetwork=1,ExternalENodeBFunction=2221-211968;Inter Node Carrier Aggregation Service Unavailable;Elastic RAN Carrier Aggregation is not available towards remote eNodeB.
2025-10-05;11:56:30;AL  ;Cleared;EUtraNetwork=1,ExternalENodeBFunction=2221-650727;Inter Node Carrier Aggregation Service Unavailable;Elastic RAN Carrier Aggregation is not available towards remote eNodeB.
2025-10-05;11:56:40;AL  ;Cleared;EUtraNetwork=1,ExternalENodeBFunction=2221-209646;Inter Node Carrier Aggregation Service Unavailable;Elastic RAN Carrier Aggregation is not available towards remote eNodeB.
2025-10-05;11:57:25;AL  ;Minor ;EUtraNetwork=1,ExternalENodeBFunction=2221-211968;Inter Node Carrier Aggregation Service Unavailable;Elastic RAN Carrier Aggregation is not available towards remote eNodeB.
2025-10-05;14:24:48;AL  ;Minor ;EUtraNetwork=1,ExternalENodeBFunction=2221-650792;Inter Node Carrier Aggregation Service Unavailable;Elastic RAN Carrier Aggregation is not available towards remote eNodeB.
2025-10-05;20:10:40;AL  ;Minor ;ENodeBFunction=1;External Link Failure;X2 link problem to one or several neighbouring eNodeBs. AI: PLMN ID-eNB ID 1 = 2221-650279
2025-10-05;20:16:38;AL  ;Cleared;ENodeBFunction=1;External Link Failure;X2 link problem to one or several neighbouring eNodeBs. AI: PLMN ID-eNB ID 1 = 2221-650279
2025-10-05;20:58:38;AL  ;Critical;FieldReplaceableUnit=BB-1,AlarmPort=4;External Alarm;ALLARME FASE E RETE
2025-10-06;01:17:28;AL  ;Minor ;FieldReplaceableUnit=Radio-S210-1;Input Power Failure;Input voltage outside unit operating range. AI: UI=[{"PN":"Radio 2279 22B8 22B20 C","SN":"TU8U0226FC","PNR":"KRC 161 864/1","PR":"R1F"}]
2025-10-06;01:17:28;AL  ;Minor ;FieldReplaceableUnit=Radio-S211-1;Input Power Failure;Input voltage outside unit operating range. AI: UI=[{"PN":"Radio 2279 22B8 22B20 C","SN":"TU8U0226F6","PNR":"KRC 161 864/1","PR":"R1F"}]
2025-10-06;01:17:28;AL  ;Minor ;FieldReplaceableUnit=Radio-S212-1;Input Power Failure;Input voltage outside unit operating range. AI: UI=[{"PN":"Radio 2279 22B8 22B20 C","SN":"TU8U02283F","PNR":"KRC 161 864/1","PR":"R1F"}]
2025-10-06;01:17:28;AL  ;Major ;EUtranCellFDD=ZA45E1;Service Unavailable;This is a secondary alarm, use alarm correlation information in Additional Information to find primary alarm.
2025-10-06;01:17:28;AL  ;Major ;NbIotCell=ZA45N1;Service Unavailable;This is a secondary alarm, use alarm correlation information in Additional Information to find primary alarm.
2025-10-06;01:17:28;AL  ;Major ;EUtranCellFDD=ZA45E2;Service Unavailable;This is a secondary alarm, use alarm correlation information in Additional Information to find primary alarm.
2025-10-06;01:17:28;AL  ;Major ;NbIotCell=ZA45N2;Service Unavailable;This is a secondary alarm, use alarm correlation information in Additional Information to find primary alarm.
2025-10-06;01:17:28;AL  ;Major ;EUtranCellFDD=ZA45E3;Service Unavailable;This is a secondary alarm, use alarm correlation information in Additional Information to find primary alarm.
2025-10-06;01:17:28;AL  ;Major ;NbIotCell=ZA45N3;Service Unavailable;This is a secondary alarm, use alarm correlation information in Additional Information to find primary alarm.
2025-10-06;01:20:26;AL  ;Warning;Synchronization=1,RadioEquipmentClock=1,NodeGroupSyncMember=1;Node Group Sync Loss of All SoCC;The CPRI link is down
2025-10-06;01:54:16;AL  ;Minor ;EthernetPort=TN_IDL_A_1;Ethernet Link Failure;Connected to physical port TnPort=TN_IDL_A_1
2025-10-06;01:54:16;AL  ;Minor ;EthernetPort=TN_IDL_A_2;Ethernet Link Failure;Connected to physical port TnPort=TN_IDL_A_2
2025-10-06;01:54:21;AL  ;Cleared;EthernetPort=TN_IDL_A_1;Ethernet Link Failure;Connected to physical port TnPort=TN_IDL_A_1
2025-10-06;01:54:21;AL  ;Cleared;EthernetPort=TN_IDL_A_2;Ethernet Link Failure;Connected to physical port TnPort=TN_IDL_A_2
2025-10-06;09:34:22;AL  ;Minor ;ENodeBFunction=1;Sync Time and Phase Accuracy Too Low;Time and phase sync accuracy crossed the threshold for features interworking with NR.
2025-10-06;09:34:22;AL  ;Minor ;EUtranCellFDD=ZA45E3;Service Degraded;This is a secondary alarm, use alarm correlation information in Additional Information to find primary alarm.
2025-10-06;09:34:22;AL  ;Minor ;EUtranCellFDD=ZA45E1;Service Degraded;This is a secondary alarm, use alarm correlation information in Additional Information to find primary alarm.
2025-10-06;09:34:22;AL  ;Minor ;EUtranCellFDD=ZA45E2;Service Degraded;This is a secondary alarm, use alarm correlation information in Additional Information to find primary alarm.
2025-10-06;09:34:26;AL  ;Minor ;EUtranCellFDD=ZA45T1;Service Degraded;This is a secondary alarm, use alarm correlation information in Additional Information to find primary alarm.
2025-10-06;09:34:26;AL  ;Minor ;EUtranCellFDD=ZA45M3;Service Degraded;This is a secondary alarm, use alarm correlation information in Additional Information to find primary alarm.
2025-10-06;09:34:26;AL  ;Minor ;EUtranCellFDD=ZA45T3;Service Degraded;This is a secondary alarm, use alarm correlation information in Additional Information to find primary alarm.
2025-10-06;09:34:26;AL  ;Minor ;EUtranCellFDD=ZA45T2;Service Degraded;This is a secondary alarm, use alarm correlation information in Additional Information to find primary alarm.
2025-10-06;09:34:26;AL  ;Minor ;EUtranCellFDD=ZA45M2;Service Degraded;This is a secondary alarm, use alarm correlation information in Additional Information to find primary alarm.
2025-10-06;09:34:27;AL  ;Minor ;EUtranCellFDD=ZA45M1;Service Degraded;This is a secondary alarm, use alarm correlation information in Additional Information to find primary alarm.
2025-10-06;09:34:29;AL  ;Minor ;EUtraNetwork=1,ExternalENodeBFunction=2221-209646;Inter Node Carrier Aggregation Service Unavailable;Elastic RAN Carrier Aggregation is not available towards remote eNodeB.
2025-10-06;09:34:38;AL  ;Critical;FieldReplaceableUnit=BB-1,AlarmPort=7;External Alarm;ALLARME PORTA B154
2025-10-06;09:34:44;AL  ;Cleared;FieldReplaceableUnit=BB-1,AlarmPort=7;External Alarm;ALLARME PORTA B154
2025-10-06;09:34:52;AL  ;Critical;FieldReplaceableUnit=BB-1,AlarmPort=2;External Alarm;ALLARME PORTA
2025-10-06;09:35:08;AL  ;Cleared;FieldReplaceableUnit=BB-1,AlarmPort=2;External Alarm;ALLARME PORTA
2025-10-06;09:35:33;AL  ;Minor ;FieldReplaceableUnit=Radio-S111-1,RfPort=D;VSWR Over Threshold;ReturnLoss 3.9 dB, VSWR 4.5, Sensitivity 1%, Fault on DL FrequencyRange 2110000 - 2170000 kHz
2025-10-06;09:36:58;AL  ;Cleared;EUtranCellFDD=ZA45E1;Service Degraded;This is a secondary alarm, use alarm correlation information in Additional Information to find primary alarm.
2025-10-06;09:36:59;AL  ;Cleared;EUtranCellFDD=ZA45E2;Service Degraded;This is a secondary alarm, use alarm correlation information in Additional Information to find primary alarm.
2025-10-06;09:36:59;AL  ;Minor ;EUtraNetwork=1,ExternalENodeBFunction=2221-650733;Inter Node Feature Incompatibility;Elastic RAN feature is not activated in remote eNodeB. SUPPRESSED
2025-10-06;09:36:59;AL  ;Cleared;EUtranCellFDD=ZA45E3;Service Degraded;This is a secondary alarm, use alarm correlation information in Additional Information to find primary alarm.
2025-10-06;09:36:59;AL  ;Minor ;EUtraNetwork=1,ExternalENodeBFunction=2221-650132;Inter Node Feature Incompatibility;Elastic RAN feature is not activated in remote eNodeB. SUPPRESSED
2025-10-06;09:36:59;AL  ;Cleared;EUtranCellFDD=ZA45M2;Service Degraded;This is a secondary alarm, use alarm correlation information in Additional Information to find primary alarm.
2025-10-06;09:36:59;AL  ;Minor ;EUtraNetwork=1,ExternalENodeBFunction=2221-650111;Inter Node Feature Incompatibility;Elastic RAN feature is not activated in remote eNodeB. SUPPRESSED
2025-10-06;09:36:59;AL  ;Cleared;EUtranCellFDD=ZA45M3;Service Degraded;This is a secondary alarm, use alarm correlation information in Additional Information to find primary alarm.
2025-10-06;09:36:59;AL  ;Cleared;EUtranCellFDD=ZA45T1;Service Degraded;This is a secondary alarm, use alarm correlation information in Additional Information to find primary alarm.
2025-10-06;09:36:59;AL  ;Cleared;EUtranCellFDD=ZA45T2;Service Degraded;This is a secondary alarm, use alarm correlation information in Additional Information to find primary alarm.
2025-10-06;09:36:59;AL  ;Cleared;EUtranCellFDD=ZA45T3;Service Degraded;This is a secondary alarm, use alarm correlation information in Additional Information to find primary alarm.
2025-10-06;09:36:59;AL  ;Cleared;EUtranCellFDD=ZA45M1;Service Degraded;This is a secondary alarm, use alarm correlation information in Additional Information to find primary alarm.
2025-10-06;09:36:59;AL  ;Cleared;ENodeBFunction=1;Sync Time and Phase Accuracy Too Low;Time and phase sync accuracy crossed the threshold for features interworking with NR.
2025-10-06;09:36:59;AL  ;Major ;EUtranCellFDD=ZA45T2;Service Unavailable;This is a secondary alarm, use alarm correlation information in Additional Information to find primary alarm.
2025-10-06;09:37:08;AL  ;Cleared;EUtranCellFDD=ZA45T2;Service Unavailable;This is a secondary alarm, use alarm correlation information in Additional Information to find primary alarm.
2025-10-06;09:37:11;AL  ;Minor ;SectorCarrier=ZA45E1;SW Error;Contact next level of support and provide log files required by Data Collection Guideline.
2025-10-06;09:37:11;AL  ;Major ;EUtranCellFDD=ZA45E1;Service Unavailable;This is a secondary alarm, use alarm correlation information in Additional Information to find primary alarm.
2025-10-06;09:37:11;AL  ;Major ;NbIotCell=ZA45N1;Service Unavailable;This is a secondary alarm, use alarm correlation information in Additional Information to find primary alarm.
2025-10-06;09:37:20;AL  ;Minor ;EUtranCellFDD=ZA45T2;Service Degraded;This is a secondary alarm, use alarm correlation information in Additional Information to find primary alarm.
2025-10-06;09:37:20;AL  ;Minor ;EUtranCellFDD=ZA45M2;Service Degraded;This is a secondary alarm, use alarm correlation information in Additional Information to find primary alarm.
2025-10-06;09:39:21;AL  ;Cleared;NbIotCell=ZA45N1;Service Unavailable;This is a secondary alarm, use alarm correlation information in Additional Information to find primary alarm.
2025-10-06;09:39:21;AL  ;Cleared;SectorCarrier=ZA45E1;SW Error;Contact next level of support and provide log files required by Data Collection Guideline.
2025-10-06;09:39:21;AL  ;Cleared;EUtranCellFDD=ZA45E1;Service Unavailable;This is a secondary alarm, use alarm correlation information in Additional Information to find primary alarm.
2025-10-06;09:44:29;AL  ;Minor ;FieldReplaceableUnit=Radio-S110-1,RfPort=D;VSWR Over Threshold;ReturnLoss 4.4 dB, VSWR 4.0, Sensitivity 1%, Fault on DL FrequencyRange 1805000 - 1880000 kHz, ReturnLoss 4.3 dB, VSWR 4.1, Sensitivity 1%, Fault on DL FrequencyRange 2110000 - 2170000 kHz
2025-10-06;09:44:29;AL  ;Cleared;EUtranCellFDD=ZA45M2;Service Degraded;This is a secondary alarm, use alarm correlation information in Additional Information to find primary alarm.
2025-10-06;09:44:29;AL  ;Cleared;EUtranCellFDD=ZA45T2;Service Degraded;This is a secondary alarm, use alarm correlation information in Additional Information to find primary alarm.
2025-10-06;12:24:36;AL  ;Minor ;EUtraNetwork=1,ExternalENodeBFunction=2221-650654;Inter Node Carrier Aggregation Service Unavailable;Elastic RAN Carrier Aggregation is not available towards remote eNodeB.
2025-10-06;21:39:47;AL  ;Minor ;EUtraNetwork=1,ExternalENodeBFunction=2221-209002;Inter Node Carrier Aggregation Service Unavailable;Elastic RAN Carrier Aggregation is not available towards remote eNodeB.
2025-10-07;05:24:39;AL  ;Minor ;EUtraNetwork=1,ExternalENodeBFunction=2221-650771;Inter Node Carrier Aggregation Service Unavailable;Elastic RAN Carrier Aggregation is not available towards remote eNodeB.


ZA45T> lgec -m 30d

251007-11:35:48+0200 19.31.16.136 25.0h MSRBS_NODE_MODEL_25.Q1_693.28324.131_62ac stopfile=/tmp/869951

Startdate=20250907.093548, Enddate=20251008.093548
Date;Time;Log;Severity;Object;Event;Cause;AdditionalText;AckState;Id;NotificationId;CorrelatedAlarms
Executing action Log.export()
..
Log=AlertLog                    actionId=60275
...
=================================================================================================================
MO                  actionId result      resultInfo
=================================================================================================================
LogM=1,Log=AlertLog 60275    1 (SUCCESS)           
cat  /ericsson/log/amos/moshell_logfiles/t20251007_37258710_53697/logs_moshell/tempfiles/scp-2-amos_20251007-113501_869795/rcslogs/AlertLog_20230727__072826_20250226__233710.log /ericsson/log/amos/moshell_logfiles/t20251007_37258710_53697/logs_moshell/tempfiles/scp-2-amos_20251007-113501_869795/rcslogs/AlertLog_20250226__233710.log > /ericsson/log/amos/moshell_logfiles/t20251007_37258710_53697/logs_moshell/tempfiles/scp-2-amos_20251007-113501_869795/eventLog869951.xml
2025-09-22;08:17:00;EV  ;Warning;EUtranCellFDD=ZA45E1;Cell Service Unavailable Auto Recovery Initiated Alert;
2025-09-22;08:17:00;EV  ;Warning;NbIotCell=ZA45N1;Cell Service Unavailable Auto Recovery Initiated Alert;
2025-09-22;08:17:00;EV  ;Warning;EUtranCellFDD=ZA45E2;Cell Service Unavailable Auto Recovery Initiated Alert;
2025-09-22;08:17:00;EV  ;Warning;NbIotCell=ZA45N2;Cell Service Unavailable Auto Recovery Initiated Alert;
2025-09-22;08:17:00;EV  ;Warning;EUtranCellFDD=ZA45E3;Cell Service Unavailable Auto Recovery Initiated Alert;
2025-09-22;08:17:00;EV  ;Warning;NbIotCell=ZA45N3;Cell Service Unavailable Auto Recovery Initiated Alert;
2025-09-22;08:17:00;EV  ;Warning;EUtranCellFDD=ZA45M3;Cell Service Unavailable Auto Recovery Initiated Alert;
2025-09-22;08:17:00;EV  ;Warning;EUtranCellFDD=ZA45T2;Cell Service Unavailable Auto Recovery Initiated Alert;
2025-09-22;08:17:00;EV  ;Warning;EUtranCellFDD=ZA45T3;Cell Service Unavailable Auto Recovery Initiated Alert;
2025-09-22;08:17:06;EV  ;Warning;RiLink=S112-1;Radio Interface Connectivity Disturbance Alert;Near end port:FieldReplaceableUnit=BB-1,RiPort=F (transportType=NOT_SET). SUPPRESSED
2025-09-22;08:17:06;EV  ;Warning;RiLink=S110-1;Radio Interface Connectivity Disturbance Alert;Near end port:FieldReplaceableUnit=BB-1,RiPort=D (transportType=NOT_SET). SUPPRESSED
2025-09-22;08:17:06;EV  ;Warning;RiLink=S111-1;Radio Interface Connectivity Disturbance Alert;Near end port:FieldReplaceableUnit=BB-1,RiPort=E (transportType=NOT_SET). SUPPRESSED
2025-09-22;08:17:06;EV  ;Warning;RiLink=S212-1;Radio Interface Connectivity Disturbance Alert;Near end port:FieldReplaceableUnit=BB-1,RiPort=C (transportType=NOT_SET) (Mixed Mode with other ME). SUPPRESSED
2025-09-22;08:17:06;EV  ;Warning;RiLink=S211-1;Radio Interface Connectivity Disturbance Alert;Near end port:FieldReplaceableUnit=BB-1,RiPort=B (transportType=NOT_SET) (Mixed Mode with other ME). SUPPRESSED
2025-09-22;08:17:06;EV  ;Warning;RiLink=S210-1;Radio Interface Connectivity Disturbance Alert;Near end port:FieldReplaceableUnit=BB-1,RiPort=A (transportType=NOT_SET) (Mixed Mode with other ME). SUPPRESSED
2025-09-22;08:17:10;EV  ;Warning;EUtranCellFDD=ZA45E3;Cell Service Available Auto Recovery Successful Alert;
2025-09-22;08:17:11;EV  ;Warning;EUtranCellFDD=ZA45E2;Cell Service Available Auto Recovery Successful Alert;
2025-09-22;08:17:11;EV  ;Warning;NbIotCell=ZA45N3;Cell Service Available Auto Recovery Successful Alert;
2025-09-22;08:17:11;EV  ;Warning;NbIotCell=ZA45N2;Cell Service Available Auto Recovery Successful Alert;
2025-09-22;08:17:13;EV  ;Warning;EUtranCellFDD=ZA45M3;Cell Service Available Auto Recovery Successful Alert;
2025-09-22;08:17:13;EV  ;Warning;EUtranCellFDD=ZA45T3;Cell Service Available Auto Recovery Successful Alert;
2025-09-22;08:17:18;EV  ;Warning;EUtranCellFDD=ZA45T2;Cell Service Available Auto Recovery Successful Alert;
2025-09-22;13:04:14;EV  ;Warning;EUtranCellFDD=ZA45E1;Cell Service Unavailable Auto Recovery Initiated Alert;
2025-09-22;13:04:14;EV  ;Warning;NbIotCell=ZA45N1;Cell Service Unavailable Auto Recovery Initiated Alert;
2025-09-22;13:04:14;EV  ;Warning;EUtranCellFDD=ZA45E2;Cell Service Unavailable Auto Recovery Initiated Alert;
2025-09-22;13:04:14;EV  ;Warning;NbIotCell=ZA45N2;Cell Service Unavailable Auto Recovery Initiated Alert;
2025-09-22;13:04:14;EV  ;Warning;EUtranCellFDD=ZA45E3;Cell Service Unavailable Auto Recovery Initiated Alert;
2025-09-22;13:04:14;EV  ;Warning;NbIotCell=ZA45N3;Cell Service Unavailable Auto Recovery Initiated Alert;
2025-09-22;13:04:14;EV  ;Warning;EUtranCellFDD=ZA45T2;Cell Service Unavailable Auto Recovery Initiated Alert;
2025-09-22;13:04:14;EV  ;Warning;EUtranCellFDD=ZA45T3;Cell Service Unavailable Auto Recovery Initiated Alert;
2025-09-22;13:04:20;EV  ;Warning;RiLink=S112-1;Radio Interface Connectivity Disturbance Alert;Near end port:FieldReplaceableUnit=BB-1,RiPort=F (transportType=NOT_SET). SUPPRESSED
2025-09-22;13:04:20;EV  ;Warning;RiLink=S110-1;Radio Interface Connectivity Disturbance Alert;Near end port:FieldReplaceableUnit=BB-1,RiPort=D (transportType=NOT_SET). SUPPRESSED
2025-09-22;13:04:20;EV  ;Warning;RiLink=S111-1;Radio Interface Connectivity Disturbance Alert;Near end port:FieldReplaceableUnit=BB-1,RiPort=E (transportType=NOT_SET). SUPPRESSED
2025-09-22;13:04:20;EV  ;Warning;RiLink=S212-1;Radio Interface Connectivity Disturbance Alert;Near end port:FieldReplaceableUnit=BB-1,RiPort=C (transportType=NOT_SET) (Mixed Mode with other ME). SUPPRESSED
2025-09-22;13:04:20;EV  ;Warning;RiLink=S211-1;Radio Interface Connectivity Disturbance Alert;Near end port:FieldReplaceableUnit=BB-1,RiPort=B (transportType=NOT_SET) (Mixed Mode with other ME). SUPPRESSED
2025-09-22;13:04:20;EV  ;Warning;RiLink=S210-1;Radio Interface Connectivity Disturbance Alert;Near end port:FieldReplaceableUnit=BB-1,RiPort=A (transportType=NOT_SET) (Mixed Mode with other ME). SUPPRESSED
2025-09-22;13:04:24;EV  ;Warning;EUtranCellFDD=ZA45E1;Cell Service Available Auto Recovery Successful Alert;
2025-09-22;13:04:25;EV  ;Warning;EUtranCellFDD=ZA45E3;Cell Service Available Auto Recovery Successful Alert;
2025-09-22;13:04:25;EV  ;Warning;NbIotCell=ZA45N1;Cell Service Available Auto Recovery Successful Alert;
2025-09-22;13:04:25;EV  ;Warning;NbIotCell=ZA45N3;Cell Service Available Auto Recovery Successful Alert;
2025-09-22;13:04:28;EV  ;Warning;EUtranCellFDD=ZA45T3;Cell Service Available Auto Recovery Successful Alert;
2025-09-22;13:04:31;EV  ;Warning;EUtranCellFDD=ZA45T2;Cell Service Available Auto Recovery Successful Alert;
2025-10-02;23:31:08;EV  ;Warning;EUtranCellFDD=ZA45E1;Cell Service Unavailable Auto Recovery Initiated Alert;
2025-10-02;23:31:08;EV  ;Warning;NbIotCell=ZA45N1;Cell Service Unavailable Auto Recovery Initiated Alert;
2025-10-02;23:31:08;EV  ;Warning;EUtranCellFDD=ZA45E2;Cell Service Unavailable Auto Recovery Initiated Alert;
2025-10-02;23:31:08;EV  ;Warning;NbIotCell=ZA45N2;Cell Service Unavailable Auto Recovery Initiated Alert;
2025-10-02;23:31:08;EV  ;Warning;EUtranCellFDD=ZA45E3;Cell Service Unavailable Auto Recovery Initiated Alert;
2025-10-02;23:31:08;EV  ;Warning;NbIotCell=ZA45N3;Cell Service Unavailable Auto Recovery Initiated Alert;
2025-10-02;23:31:08;EV  ;Warning;EUtranCellFDD=ZA45T3;Cell Service Unavailable Auto Recovery Initiated Alert;
2025-10-02;23:31:14;EV  ;Warning;RiLink=S112-1;Radio Interface Connectivity Disturbance Alert;Near end port:FieldReplaceableUnit=BB-1,RiPort=F (transportType=NOT_SET). SUPPRESSED
2025-10-02;23:31:14;EV  ;Warning;RiLink=S110-1;Radio Interface Connectivity Disturbance Alert;Near end port:FieldReplaceableUnit=BB-1,RiPort=D (transportType=NOT_SET). SUPPRESSED
2025-10-02;23:31:14;EV  ;Warning;RiLink=S111-1;Radio Interface Connectivity Disturbance Alert;Near end port:FieldReplaceableUnit=BB-1,RiPort=E (transportType=NOT_SET). SUPPRESSED
2025-10-02;23:31:14;EV  ;Warning;RiLink=S212-1;Radio Interface Connectivity Disturbance Alert;Near end port:FieldReplaceableUnit=BB-1,RiPort=C (transportType=NOT_SET) (Mixed Mode with other ME). SUPPRESSED
2025-10-02;23:31:14;EV  ;Warning;RiLink=S211-1;Radio Interface Connectivity Disturbance Alert;Near end port:FieldReplaceableUnit=BB-1,RiPort=B (transportType=NOT_SET) (Mixed Mode with other ME). SUPPRESSED
2025-10-02;23:31:14;EV  ;Warning;RiLink=S210-1;Radio Interface Connectivity Disturbance Alert;Near end port:FieldReplaceableUnit=BB-1,RiPort=A (transportType=NOT_SET) (Mixed Mode with other ME). SUPPRESSED
2025-10-02;23:31:18;EV  ;Warning;EUtranCellFDD=ZA45E2;Cell Service Available Auto Recovery Successful Alert;
2025-10-02;23:31:18;EV  ;Warning;EUtranCellFDD=ZA45E3;Cell Service Available Auto Recovery Successful Alert;
2025-10-02;23:31:19;EV  ;Warning;EUtranCellFDD=ZA45E1;Cell Service Available Auto Recovery Successful Alert;
2025-10-02;23:31:19;EV  ;Warning;NbIotCell=ZA45N2;Cell Service Available Auto Recovery Successful Alert;
2025-10-02;23:31:19;EV  ;Warning;NbIotCell=ZA45N3;Cell Service Available Auto Recovery Successful Alert;
2025-10-02;23:31:19;EV  ;Warning;NbIotCell=ZA45N1;Cell Service Available Auto Recovery Successful Alert;
2025-10-02;23:31:22;EV  ;Warning;EUtranCellFDD=ZA45T3;Cell Service Available Auto Recovery Successful Alert;
2025-10-03;18:24:28;EV  ;Warning;EUtranCellFDD=ZA45E1;Cell Service Unavailable Auto Recovery Initiated Alert;
2025-10-03;18:24:28;EV  ;Warning;NbIotCell=ZA45N1;Cell Service Unavailable Auto Recovery Initiated Alert;
2025-10-03;18:24:29;EV  ;Warning;EUtranCellFDD=ZA45E2;Cell Service Unavailable Auto Recovery Initiated Alert;
2025-10-03;18:24:29;EV  ;Warning;NbIotCell=ZA45N2;Cell Service Unavailable Auto Recovery Initiated Alert;
2025-10-03;18:24:29;EV  ;Warning;EUtranCellFDD=ZA45E3;Cell Service Unavailable Auto Recovery Initiated Alert;
2025-10-03;18:24:29;EV  ;Warning;NbIotCell=ZA45N3;Cell Service Unavailable Auto Recovery Initiated Alert;
2025-10-03;18:24:29;EV  ;Warning;EUtranCellFDD=ZA45T3;Cell Service Unavailable Auto Recovery Initiated Alert;
2025-10-03;18:24:42;EV  ;Warning;RiLink=S112-1;Radio Interface Connectivity Disturbance Alert;Near end port:FieldReplaceableUnit=BB-1,RiPort=F (transportType=NOT_SET). SUPPRESSED
2025-10-03;18:24:42;EV  ;Warning;RiLink=S110-1;Radio Interface Connectivity Disturbance Alert;Near end port:FieldReplaceableUnit=BB-1,RiPort=D (transportType=NOT_SET). SUPPRESSED
2025-10-03;18:24:42;EV  ;Warning;RiLink=S111-1;Radio Interface Connectivity Disturbance Alert;Near end port:FieldReplaceableUnit=BB-1,RiPort=E (transportType=NOT_SET). SUPPRESSED
2025-10-03;18:24:42;EV  ;Warning;RiLink=S212-1;Radio Interface Connectivity Disturbance Alert;Near end port:FieldReplaceableUnit=BB-1,RiPort=C (transportType=NOT_SET) (Mixed Mode with other ME). SUPPRESSED
2025-10-03;18:24:42;EV  ;Warning;RiLink=S211-1;Radio Interface Connectivity Disturbance Alert;Near end port:FieldReplaceableUnit=BB-1,RiPort=B (transportType=NOT_SET) (Mixed Mode with other ME). SUPPRESSED
2025-10-03;18:24:42;EV  ;Warning;RiLink=S210-1;Radio Interface Connectivity Disturbance Alert;Near end port:FieldReplaceableUnit=BB-1,RiPort=A (transportType=NOT_SET) (Mixed Mode with other ME). SUPPRESSED
2025-10-03;18:24:47;EV  ;Warning;EUtranCellFDD=ZA45E2;Cell Service Available Auto Recovery Successful Alert;
2025-10-03;18:24:47;EV  ;Warning;EUtranCellFDD=ZA45E3;Cell Service Available Auto Recovery Successful Alert;
2025-10-03;18:24:48;EV  ;Warning;EUtranCellFDD=ZA45E1;Cell Service Available Auto Recovery Successful Alert;
2025-10-03;18:24:48;EV  ;Warning;NbIotCell=ZA45N2;Cell Service Available Auto Recovery Successful Alert;
2025-10-03;18:24:48;EV  ;Warning;NbIotCell=ZA45N3;Cell Service Available Auto Recovery Successful Alert;
2025-10-03;18:24:48;EV  ;Warning;NbIotCell=ZA45N1;Cell Service Available Auto Recovery Successful Alert;
2025-10-03;18:24:51;EV  ;Warning;EUtranCellFDD=ZA45T3;Cell Service Available Auto Recovery Successful Alert;
2025-10-06;09:31:58;EV  ;Warning;ManagedElement=ZA45T;System Restart Alert;Requested Restart Category: Other, Requested Restart Type: Power, Performed Restart Category: Other, Performed Restart Type: Power. AI: SystemRestart=[{"RRC":"Other","RRT":"Power","PRC":"Other","PRT":"Power"}] UI=[{"PN":"Baseband 6631","PNR":"KDU1370071/11","PR":"R3C","SN":"E96A010EQF","SR":"R27J08","SW":"CXP2010174_2"}]
2025-10-06;09:32:10;EV  ;Warning;FieldReplaceableUnit=Radio-S111-1;Radio Restart Alert;Restart details are listed in Additional Information AI: Restartdetails=[{"RC":"Other","RT":"Power On","ERI":"FALSE"}] UI=[{"PN":Radio 4499 44B1 44B3 C,"PNR":KRC 161 787/1,"PR":R2G,"SN":E55J535676,"SR":R101LX,"SW":CXP9013268/15}] :SUPPRESSED
2025-10-06;09:32:13;EV  ;Warning;FieldReplaceableUnit=Radio-S211-1;Radio Restart Alert;Restart details are listed in Additional Information (Mixed Mode with other ME). AI: Restartdetails=[{"RC":"Other","RT":"Power On","ERI":"FALSE"}] UI=[{"PN":Radio 2279 22B8 22B20 C,"PNR":KRC 161 864/1,"PR":R1F,"SN":TU8U0226F6,"SR":R101LX,"SW":CXP9013268/15}] :SUPPRESSED
2025-10-06;09:32:14;EV  ;Warning;FieldReplaceableUnit=Radio-S212-1;Radio Restart Alert;Restart details are listed in Additional Information (Mixed Mode with other ME). AI: Restartdetails=[{"RC":"Other","RT":"Power On","ERI":"FALSE"}] UI=[{"PN":Radio 2279 22B8 22B20 C,"PNR":KRC 161 864/1,"PR":R1F,"SN":TU8U02283F,"SR":R101LX,"SW":CXP9013268/15}] :SUPPRESSED
2025-10-06;09:32:17;EV  ;Warning;FieldReplaceableUnit=Radio-S210-1;Radio Restart Alert;Restart details are listed in Additional Information (Mixed Mode with other ME). AI: Restartdetails=[{"RC":"Other","RT":"Power On","ERI":"FALSE"}] UI=[{"PN":Radio 2279 22B8 22B20 C,"PNR":KRC 161 864/1,"PR":R1F,"SN":TU8U0226FC,"SR":R101LX,"SW":CXP9013268/15}] :SUPPRESSED
2025-10-06;09:32:17;EV  ;Warning;FieldReplaceableUnit=Radio-S112-1;Radio Restart Alert;Restart details are listed in Additional Information AI: Restartdetails=[{"RC":"Other","RT":"Power On","ERI":"FALSE"}] UI=[{"PN":Radio 4499 44B1 44B3 C,"PNR":KRC 161 787/1,"PR":R2F,"SN":E23E645099,"SR":R101LX,"SW":CXP9013268/15}] :SUPPRESSED
2025-10-06;09:32:18;EV  ;Warning;FieldReplaceableUnit=Radio-S110-1;Radio Restart Alert;Restart details are listed in Additional Information AI: Restartdetails=[{"RC":"Other","RT":"Power On","ERI":"FALSE"}] UI=[{"PN":Radio 4499 44B1 44B3 C,"PNR":KRC 161 787/1,"PR":R2F,"SN":E23E645126,"SR":R101LX,"SW":CXP9013268/15}] :SUPPRESSED
2025-10-06;09:34:05;EV  ;Warning;RiLink=S212-1;Radio Interface Connectivity Disturbance Alert;Near end port:FieldReplaceableUnit=BB-1,RiPort=C (transportType=NOT_SET) (Mixed Mode with other ME). SUPPRESSED
2025-10-06;09:37:02;EV  ;Warning;EUtranCellFDD=ZA45E1;Cell Service Unavailable Auto Recovery Initiated Alert;
2025-10-06;09:37:02;EV  ;Warning;NbIotCell=ZA45N1;Cell Service Unavailable Auto Recovery Initiated Alert;
2025-10-06;09:37:03;EV  ;Warning;EUtranCellFDD=ZA45E2;Cell Service Unavailable Auto Recovery Initiated Alert;
2025-10-06;09:37:03;EV  ;Warning;NbIotCell=ZA45N2;Cell Service Unavailable Auto Recovery Initiated Alert;
2025-10-06;09:37:03;EV  ;Warning;EUtranCellFDD=ZA45E3;Cell Service Unavailable Auto Recovery Initiated Alert;
2025-10-06;09:37:03;EV  ;Warning;NbIotCell=ZA45N3;Cell Service Unavailable Auto Recovery Initiated Alert;
2025-10-06;09:37:03;EV  ;Warning;EUtranCellFDD=ZA45T3;Cell Service Unavailable Auto Recovery Initiated Alert;
2025-10-06;09:37:08;EV  ;Warning;RiLink=S112-1;Radio Interface Connectivity Disturbance Alert;Near end port:FieldReplaceableUnit=BB-1,RiPort=F (transportType=NOT_SET). SUPPRESSED
2025-10-06;09:37:08;EV  ;Warning;RiLink=S110-1;Radio Interface Connectivity Disturbance Alert;Near end port:FieldReplaceableUnit=BB-1,RiPort=D (transportType=NOT_SET). SUPPRESSED
2025-10-06;09:37:08;EV  ;Warning;RiLink=S111-1;Radio Interface Connectivity Disturbance Alert;Near end port:FieldReplaceableUnit=BB-1,RiPort=E (transportType=NOT_SET). SUPPRESSED
2025-10-06;09:37:08;EV  ;Warning;RiLink=S212-1;Radio Interface Connectivity Disturbance Alert;Near end port:FieldReplaceableUnit=BB-1,RiPort=C (transportType=NOT_SET) (Mixed Mode with other ME). SUPPRESSED
2025-10-06;09:37:08;EV  ;Warning;RiLink=S211-1;Radio Interface Connectivity Disturbance Alert;Near end port:FieldReplaceableUnit=BB-1,RiPort=B (transportType=NOT_SET) (Mixed Mode with other ME). SUPPRESSED
2025-10-06;09:37:08;EV  ;Warning;RiLink=S210-1;Radio Interface Connectivity Disturbance Alert;Near end port:FieldReplaceableUnit=BB-1,RiPort=A (transportType=NOT_SET) (Mixed Mode with other ME). SUPPRESSED
2025-10-06;09:37:15;EV  ;Warning;EUtranCellFDD=ZA45T3;Cell Service Available Auto Recovery Successful Alert;

Bye...
Output has been logged to file /mta_fs/UserFiles/37258710/amosbatch/2025-10-07_11-07-01_53697/ZA45T.log
