Logging to file /mta_fs/UserFiles/37258710/amosbatch/2025-10-07_11-07-01_53697/ZA61L.log
                        __  __  ____   _____
                  /\   |  \/  |/ __ \ / ____|
                 /  \  | \  / | |  | | (___  
                / /\ \ | |\/| | |  | |\___ \ 
               / ____ \| |  | | |__| |____) |
              /_/    \_\_|  |_|\____/|_____/
              OSS Framework for MoShell-25.0h 
  Copyright (c) Ericsson AB 2001-2025 - All Rights Reserved
              
           
[1;31mWARNING: [0mthe AMOS version currently running is more than 22 weeks old and is unsupported.
Please upgrade as soon as possible to the latest released version, available from your local Ericsson support.

$amosrb_pid = 1106474

Checking ip contact...OK

HELP MENU            : h
BASIC MO COMMANDS    : m
OTHER MO COMMANDS    : n
OTHER COMMANDS       : o
PM COMMANDS          : p
QUIT                 : q

ZA61L> lt all

251007-12:03:25+0200 19.31.8.180 25.0h  stopfile=/tmp/1106347
Looking up temporary_amos account... OK.
Trying temporary_amos_t20251007_37258710_53697_313's password from amos lookupAccount ... OK

$ssh_pid = 1107650

Connected to 19.31.8.180 (SubNetwork=BBMM_rckomc_R,MeContext=ZA61L,ManagedElement=ZA61L)

Checking MOM version...MSRBS_NODE_MODEL_25.Q1_198665.224.73_bf81
Parsing MOM (cached): /ericsson/log/amos/moshell_logfiles/t20251007_37258710_53697/logs_moshell/tempfiles/scp-2-amos_20251007-120319_1106289/MSRBS_NODE_MODEL_25.Q1_198665.224.73_bf81.xml.cache.gz ......................................................................................................................................................................................................................Done.
Using paramfile /opt/ericsson/amos/moshell/commonjars/pm/PARAM_MSRBSG2_25.Q1.txt
Parsing file /opt/ericsson/amos/moshell/commonjars/pm/PARAM_MSRBSG2_25.Q1.txt ......................................................................................Done.
Using imomdfile /opt/ericsson/amos/moshell/commonjars/pm/IMOMD_MSRBS_22.Q4.txt
Using imomfile /opt/ericsson/amos/moshell/commonjars/pm/IMOM_MSRBS_25.Q1.txt
Connected to 19.31.8.180 (SubNetwork=BBMM_rckomc_R,MeContext=ZA61L,ManagedElement=ZA61L)

Last MO: 16980. Loaded 16980 MOs. Total: 16981 MOs.

ZA61L> hget EUtranCellFDD ^cellid

251007-12:03:44+0200 19.31.8.180 25.0h MSRBS_NODE_MODEL_25.Q1_198665.224.73_bf81 stopfile=/tmp/1106347

=================================================================================================================
MO                   cellId
=================================================================================================================
EUtranCellFDD=ZA61L1 21    
EUtranCellFDD=ZA61L2 22    
EUtranCellFDD=ZA61L3 23    
=================================================================================================================
Total: 3 MOs

Added 3 MOs to group: hget_group

ZA61L> hget NbIotCell ^cellid

251007-12:03:45+0200 19.31.8.180 25.0h MSRBS_NODE_MODEL_25.Q1_198665.224.73_bf81 stopfile=/tmp/1106347
Total: 0 MOs

ZA61L> hget NRCellDU ^cellLocalId

251007-12:03:46+0200 19.31.8.180 25.0h MSRBS_NODE_MODEL_25.Q1_198665.224.73_bf81 stopfile=/tmp/1106347
Total: 0 MOs

ZA61L> lgdc -m 30d

251007-12:03:46+0200 19.31.8.180 25.0h MSRBS_NODE_MODEL_25.Q1_198665.224.73_bf81 stopfile=/tmp/1106347

Startdate=20250907.100346, Enddate=20251008.100346
INFO: Using amos lookupAccount credentials for the export login

Executing action LogM.exportAvailabilityLog()
...LogM=1,exportAvailabilityLog    actionId=6265
...
=================================================================================================================
MO     actionId result      resultInfo
=================================================================================================================
LogM=1 6265     1 (SUCCESS)           
cp /ericsson/log/amos/moshell_logfiles/t20251007_37258710_53697/logs_moshell/tempfiles/scp-2-amos_20251007-120319_1106289/rcslogs/RBS_CS_AVAILABILITY_LOG_20251007100350.xml /ericsson/log/amos/moshell_logfiles/t20251007_37258710_53697/logs_moshell/tempfiles/scp-2-amos_20251007-120319_1106289/availabilityLog1106347.xml
Parsing availabilityLog.....Done.
..
Date;Time;RestartType;SwVersion;SwRelease;RCSDowntime;ApplicationDowntime;TNDowntime;RATsDowntime;ExtraInfo;ExtraInfo2
2025-09-08;06:48:19;PartialOutage(Manual);33% Lrat Cell 23; ();123s (2m3s);;;;;
2025-09-08;06:50:26;PartialOutage(Manual);33% Lrat Cell 22; ();11s;;;;;
2025-09-08;06:50:44;PartialOutage(Manual);33% Lrat Cell 21; ();9s;;;;;

Node uptime since last restart: 2517183 seconds (29 days, 3 hours, 13 minutes, 3 seconds)
------------------------------------------------------------------------------------------------------
Period=30 days       NodeUpgrade      NodeManual       NodeSpontaneous  AllNodeRestarts  PartialOutages  
------------------------------------------------------------------------------------------------------
Number Of outages    0                0                0                0                3               
Total downtime       0s               0s               0s               0s               143s (2m23s)    
Downtime per day     0s               0s               0s               0s               5s              
Downtime per outage  0s               0s               0s               0s               48s             

ZA61L> lgac -m 30d

251007-12:03:56+0200 19.31.8.180 25.0h MSRBS_NODE_MODEL_25.Q1_198665.224.73_bf81 stopfile=/tmp/1106347

Startdate=20250907.100356, Enddate=20251008.100356
Date;Time;Log;Severity;Object;Event;Cause;AdditionalText;AckState;Id;NotificationId;CorrelatedAlarms
Executing action Log.export()
..
Log=AlarmLog                    actionId=6266
...
=================================================================================================================
MO                  actionId result      resultInfo
=================================================================================================================
LogM=1,Log=AlarmLog 6266     1 (SUCCESS)           
cat  /ericsson/log/amos/moshell_logfiles/t20251007_37258710_53697/logs_moshell/tempfiles/scp-2-amos_20251007-120319_1106289/rcslogs/saLogAlarm_20221117__103051_20250702__123607.log /ericsson/log/amos/moshell_logfiles/t20251007_37258710_53697/logs_moshell/tempfiles/scp-2-amos_20251007-120319_1106289/rcslogs/saLogAlarm_20250702__123607.log > /ericsson/log/amos/moshell_logfiles/t20251007_37258710_53697/logs_moshell/tempfiles/scp-2-amos_20251007-120319_1106289/alarmLog1106347.xml
2025-09-08;06:01:30;AL  ;Cleared;EUtraNetwork=1,ExternalENodeBFunction=2221-650697;Inter Node Feature Incompatibility;Inter eNodeB CA feature is not activated in remote eNodeB. SUPPRESSED
2025-09-08;06:49:38;AL  ;Minor ;ENodeBFunction=1;External Link to GNodeB Failure;X2 link problem to one or several neighbouring gNodeBs. AI: PLMN ID-gNB ID 1 = 2221-1055508
2025-09-08;06:50:37;AL  ;Minor ;EUtraNetwork=1,ExternalENodeBFunction=2221-650697;Inter Node Feature Incompatibility;Inter eNodeB CA feature is not activated in remote eNodeB. SUPPRESSED
2025-09-08;06:50:44;AL  ;Cleared;EUtraNetwork=1,ExternalENodeBFunction=2221-650697;Inter Node Feature Incompatibility;Inter eNodeB CA feature is not activated in remote eNodeB. SUPPRESSED
2025-09-08;06:50:53;AL  ;Minor ;EUtraNetwork=1,ExternalENodeBFunction=2221-650697;Inter Node Feature Incompatibility;Inter eNodeB CA feature is not activated in remote eNodeB. SUPPRESSED
2025-09-08;06:55:10;AL  ;Cleared;EUtraNetwork=1,ExternalENodeBFunction=2221-650697;Inter Node Feature Incompatibility;Inter eNodeB CA feature is not activated in remote eNodeB. SUPPRESSED
2025-09-08;07:30:59;AL  ;Minor ;EUtraNetwork=1,ExternalENodeBFunction=2221-650697;Inter Node Feature Incompatibility;Inter eNodeB CA feature is not activated in remote eNodeB. SUPPRESSED
2025-09-08;07:39:52;AL  ;Cleared;EUtraNetwork=1,ExternalENodeBFunction=2221-650697;Inter Node Feature Incompatibility;Inter eNodeB CA feature is not activated in remote eNodeB. SUPPRESSED
2025-09-08;08:58:18;AL  ;Minor ;EUtraNetwork=1,ExternalENodeBFunction=2221-650697;Inter Node Feature Incompatibility;Inter eNodeB CA feature is not activated in remote eNodeB. SUPPRESSED
2025-09-08;11:03:09;AL  ;Cleared;EUtraNetwork=1,ExternalENodeBFunction=2221-650697;Inter Node Feature Incompatibility;Inter eNodeB CA feature is not activated in remote eNodeB. SUPPRESSED
2025-09-08;13:18:44;AL  ;Cleared;ENodeBFunction=1;External Link to GNodeB Failure;X2 link problem to one or several neighbouring gNodeBs. AI: PLMN ID-gNB ID 1 = 2221-1055508
2025-09-08;13:47:36;AL  ;Minor ;EUtraNetwork=1,ExternalENodeBFunction=2221-650697;Inter Node Feature Incompatibility;Inter eNodeB CA feature is not activated in remote eNodeB. SUPPRESSED
2025-09-08;13:51:58;AL  ;Cleared;EUtraNetwork=1,ExternalENodeBFunction=2221-650697;Inter Node Feature Incompatibility;Inter eNodeB CA feature is not activated in remote eNodeB. SUPPRESSED
2025-09-09;06:01:22;AL  ;Minor ;EUtraNetwork=1,ExternalENodeBFunction=2221-650697;Inter Node Feature Incompatibility;Inter eNodeB CA feature is not activated in remote eNodeB. SUPPRESSED
2025-09-09;17:04:06;AL  ;Cleared;EUtraNetwork=1,ExternalENodeBFunction=2221-650697;Inter Node Feature Incompatibility;Inter eNodeB CA feature is not activated in remote eNodeB. SUPPRESSED
2025-09-09;19:06:59;AL  ;Minor ;EUtraNetwork=1,ExternalENodeBFunction=2221-650560;Inter Node Feature Incompatibility;Inter eNodeB CA feature is not activated in remote eNodeB. SUPPRESSED
2025-09-10;06:01:22;AL  ;Minor ;EUtraNetwork=1,ExternalENodeBFunction=2221-650697;Inter Node Feature Incompatibility;Inter eNodeB CA feature is not activated in remote eNodeB. SUPPRESSED
2025-09-10;06:51:08;AL  ;Cleared;EUtraNetwork=1,ExternalENodeBFunction=2221-650697;Inter Node Feature Incompatibility;Inter eNodeB CA feature is not activated in remote eNodeB. SUPPRESSED
2025-09-10;09:12:01;AL  ;Cleared;EUtraNetwork=1,ExternalENodeBFunction=2221-650560;Inter Node Feature Incompatibility;Inter eNodeB CA feature is not activated in remote eNodeB. SUPPRESSED
2025-09-10;09:12:01;AL  ;Minor ;EUtraNetwork=1,ExternalENodeBFunction=2221-650697;Inter Node Feature Incompatibility;Inter eNodeB CA feature is not activated in remote eNodeB. SUPPRESSED
2025-09-10;09:12:13;AL  ;Cleared;EUtraNetwork=1,ExternalENodeBFunction=2221-650697;Inter Node Feature Incompatibility;Inter eNodeB CA feature is not activated in remote eNodeB. SUPPRESSED
2025-09-10;09:12:13;AL  ;Minor ;EUtraNetwork=1,ExternalENodeBFunction=2221-650560;Inter Node Feature Incompatibility;Inter eNodeB CA feature is not activated in remote eNodeB. SUPPRESSED
2025-09-10;12:07:34;AL  ;Minor ;EUtraNetwork=1,ExternalENodeBFunction=2221-650594;Inter Node Carrier Aggregation Service Unavailable;Elastic RAN Carrier Aggregation is not available towards remote eNodeB.
2025-09-10;19:07:02;AL  ;Minor ;EUtraNetwork=1,ExternalENodeBFunction=2221-650697;Inter Node Feature Incompatibility;Inter eNodeB CA feature is not activated in remote eNodeB. SUPPRESSED
2025-09-11;01:20:23;AL  ;Cleared;EUtraNetwork=1,ExternalENodeBFunction=2221-650697;Inter Node Feature Incompatibility;Inter eNodeB CA feature is not activated in remote eNodeB. SUPPRESSED
2025-09-11;06:01:22;AL  ;Minor ;EUtraNetwork=1,ExternalENodeBFunction=2221-650697;Inter Node Feature Incompatibility;Inter eNodeB CA feature is not activated in remote eNodeB. SUPPRESSED
2025-09-11;13:05:38;AL  ;Cleared;EUtraNetwork=1,ExternalENodeBFunction=2221-650697;Inter Node Feature Incompatibility;Inter eNodeB CA feature is not activated in remote eNodeB. SUPPRESSED
2025-09-11;13:11:03;AL  ;Minor ;EUtraNetwork=1,ExternalENodeBFunction=2221-650697;Inter Node Feature Incompatibility;Inter eNodeB CA feature is not activated in remote eNodeB. SUPPRESSED
2025-09-12;08:03:02;AL  ;Minor ;ENodeBFunction=1;External Link Failure;X2 link problem to one or several neighbouring eNodeBs. AI: PLMN ID-eNB ID 1 = 2221-209708
2025-09-12;08:04:07;AL  ;Minor ;ENodeBFunction=1;External Link Failure;X2 link problem to one or several neighbouring eNodeBs. AI: PLMN ID-eNB ID 1 = 2221-209708 PLMN ID-eNB ID 2 = 2221-209709
2025-09-12;08:06:18;AL  ;Minor ;ENodeBFunction=1;External Link Failure;X2 link problem to one or several neighbouring eNodeBs. AI: PLMN ID-eNB ID 1 = 2221-209708 PLMN ID-eNB ID 2 = 2221-209709 PLMN ID-eNB ID 3 = 2221-650007
2025-09-12;10:29:19;AL  ;Minor ;ENodeBFunction=1;External Link Failure;X2 link problem to one or several neighbouring eNodeBs. AI: PLMN ID-eNB ID 1 = 2221-209708 PLMN ID-eNB ID 2 = 2221-209709
2025-09-12;10:33:05;AL  ;Minor ;ENodeBFunction=1;External Link Failure;X2 link problem to one or several neighbouring eNodeBs. AI: PLMN ID-eNB ID 1 = 2221-209708
2025-09-12;10:33:26;AL  ;Cleared;EUtraNetwork=1,ExternalENodeBFunction=2221-650697;Inter Node Feature Incompatibility;Inter eNodeB CA feature is not activated in remote eNodeB. SUPPRESSED
2025-09-12;10:33:41;AL  ;Cleared;ENodeBFunction=1;External Link Failure;X2 link problem to one or several neighbouring eNodeBs. AI: PLMN ID-eNB ID 1 = 2221-209708
2025-09-12;12:19:44;AL  ;Cleared;EUtraNetwork=1,ExternalENodeBFunction=2221-650560;Inter Node Feature Incompatibility;Inter eNodeB CA feature is not activated in remote eNodeB. SUPPRESSED
2025-09-12;12:19:44;AL  ;Minor ;EUtraNetwork=1,ExternalENodeBFunction=2221-650697;Inter Node Feature Incompatibility;Inter eNodeB CA feature is not activated in remote eNodeB. SUPPRESSED
2025-09-12;12:29:17;AL  ;Minor ;ENodeBFunction=1;External Link Failure;X2 link problem to one or several neighbouring eNodeBs. AI: PLMN ID-eNB ID 1 = 2221-210001 PLMN ID-eNB ID 2 = 2221-650560
2025-09-12;16:58:45;AL  ;Minor ;ENodeBFunction=1;External Link Failure;X2 link problem to one or several neighbouring eNodeBs. AI: PLMN ID-eNB ID 1 = 2221-650560
2025-09-12;17:00:10;AL  ;Cleared;EUtraNetwork=1,ExternalENodeBFunction=2221-650697;Inter Node Feature Incompatibility;Inter eNodeB CA feature is not activated in remote eNodeB. SUPPRESSED
2025-09-12;17:00:25;AL  ;Cleared;ENodeBFunction=1;External Link Failure;X2 link problem to one or several neighbouring eNodeBs. AI: PLMN ID-eNB ID 1 = 2221-650560
2025-09-12;17:00:40;AL  ;Minor ;EUtraNetwork=1,ExternalENodeBFunction=2221-650560;Inter Node Feature Incompatibility;Inter eNodeB CA feature is not activated in remote eNodeB. SUPPRESSED
2025-09-12;19:06:58;AL  ;Minor ;EUtraNetwork=1,ExternalENodeBFunction=2221-650697;Inter Node Feature Incompatibility;Inter eNodeB CA feature is not activated in remote eNodeB. SUPPRESSED
2025-09-13;06:01:38;AL  ;Cleared;EUtraNetwork=1,ExternalENodeBFunction=2221-650697;Inter Node Feature Incompatibility;Inter eNodeB CA feature is not activated in remote eNodeB. SUPPRESSED
2025-09-13;19:34:18;AL  ;Minor ;ENodeBFunction=1;External Link Failure;X2 link problem to one or several neighbouring eNodeBs. AI: PLMN ID-eNB ID 1 = 2221-212833
2025-09-14;06:01:22;AL  ;Minor ;EUtraNetwork=1,ExternalENodeBFunction=2221-650697;Inter Node Feature Incompatibility;Inter eNodeB CA feature is not activated in remote eNodeB. SUPPRESSED
2025-09-14;08:53:57;AL  ;Cleared;EUtraNetwork=1,ExternalENodeBFunction=2221-650594;Inter Node Carrier Aggregation Service Unavailable;Elastic RAN Carrier Aggregation is not available towards remote eNodeB.
2025-09-14;12:41:42;AL  ;Cleared;ENodeBFunction=1;External Link Failure;X2 link problem to one or several neighbouring eNodeBs. AI: PLMN ID-eNB ID 1 = 2221-212833
2025-09-15;08:56:22;AL  ;Cleared;EUtraNetwork=1,ExternalENodeBFunction=2221-650560;Inter Node Feature Incompatibility;Inter eNodeB CA feature is not activated in remote eNodeB. SUPPRESSED
2025-09-15;09:00:55;AL  ;Minor ;EUtraNetwork=1,ExternalENodeBFunction=2221-650560;Inter Node Feature Incompatibility;Inter eNodeB CA feature is not activated in remote eNodeB. SUPPRESSED
2025-09-15;09:07:02;AL  ;Cleared;EUtraNetwork=1,ExternalENodeBFunction=2221-650560;Inter Node Feature Incompatibility;Inter eNodeB CA feature is not activated in remote eNodeB. SUPPRESSED
2025-09-15;09:11:32;AL  ;Minor ;EUtraNetwork=1,ExternalENodeBFunction=2221-650560;Inter Node Feature Incompatibility;Inter eNodeB CA feature is not activated in remote eNodeB. SUPPRESSED
2025-09-15;09:15:56;AL  ;Cleared;EUtraNetwork=1,ExternalENodeBFunction=2221-650560;Inter Node Feature Incompatibility;Inter eNodeB CA feature is not activated in remote eNodeB. SUPPRESSED
2025-09-15;09:21:12;AL  ;Minor ;EUtraNetwork=1,ExternalENodeBFunction=2221-650560;Inter Node Feature Incompatibility;Inter eNodeB CA feature is not activated in remote eNodeB. SUPPRESSED
2025-09-15;09:26:27;AL  ;Cleared;EUtraNetwork=1,ExternalENodeBFunction=2221-650560;Inter Node Feature Incompatibility;Inter eNodeB CA feature is not activated in remote eNodeB. SUPPRESSED
2025-09-15;09:31:39;AL  ;Minor ;EUtraNetwork=1,ExternalENodeBFunction=2221-650560;Inter Node Feature Incompatibility;Inter eNodeB CA feature is not activated in remote eNodeB. SUPPRESSED
2025-09-15;09:33:54;AL  ;Cleared;EUtraNetwork=1,ExternalENodeBFunction=2221-650560;Inter Node Feature Incompatibility;Inter eNodeB CA feature is not activated in remote eNodeB. SUPPRESSED
2025-09-15;09:38:25;AL  ;Minor ;EUtraNetwork=1,ExternalENodeBFunction=2221-650560;Inter Node Feature Incompatibility;Inter eNodeB CA feature is not activated in remote eNodeB. SUPPRESSED
2025-09-15;09:40:49;AL  ;Cleared;EUtraNetwork=1,ExternalENodeBFunction=2221-650560;Inter Node Feature Incompatibility;Inter eNodeB CA feature is not activated in remote eNodeB. SUPPRESSED
2025-09-15;09:45:19;AL  ;Minor ;EUtraNetwork=1,ExternalENodeBFunction=2221-650560;Inter Node Feature Incompatibility;Inter eNodeB CA feature is not activated in remote eNodeB. SUPPRESSED
2025-09-15;09:47:06;AL  ;Cleared;EUtraNetwork=1,ExternalENodeBFunction=2221-650560;Inter Node Feature Incompatibility;Inter eNodeB CA feature is not activated in remote eNodeB. SUPPRESSED
2025-09-15;09:51:39;AL  ;Minor ;EUtraNetwork=1,ExternalENodeBFunction=2221-650560;Inter Node Feature Incompatibility;Inter eNodeB CA feature is not activated in remote eNodeB. SUPPRESSED
2025-09-15;09:53:07;AL  ;Cleared;EUtraNetwork=1,ExternalENodeBFunction=2221-650560;Inter Node Feature Incompatibility;Inter eNodeB CA feature is not activated in remote eNodeB. SUPPRESSED
2025-09-15;09:57:38;AL  ;Minor ;EUtraNetwork=1,ExternalENodeBFunction=2221-650560;Inter Node Feature Incompatibility;Inter eNodeB CA feature is not activated in remote eNodeB. SUPPRESSED
2025-09-15;09:58:58;AL  ;Cleared;EUtraNetwork=1,ExternalENodeBFunction=2221-650560;Inter Node Feature Incompatibility;Inter eNodeB CA feature is not activated in remote eNodeB. SUPPRESSED
2025-09-15;10:03:29;AL  ;Minor ;EUtraNetwork=1,ExternalENodeBFunction=2221-650560;Inter Node Feature Incompatibility;Inter eNodeB CA feature is not activated in remote eNodeB. SUPPRESSED
2025-09-15;10:05:37;AL  ;Cleared;EUtraNetwork=1,ExternalENodeBFunction=2221-650560;Inter Node Feature Incompatibility;Inter eNodeB CA feature is not activated in remote eNodeB. SUPPRESSED
2025-09-15;10:10:09;AL  ;Minor ;EUtraNetwork=1,ExternalENodeBFunction=2221-650560;Inter Node Feature Incompatibility;Inter eNodeB CA feature is not activated in remote eNodeB. SUPPRESSED
2025-09-15;10:11:38;AL  ;Cleared;EUtraNetwork=1,ExternalENodeBFunction=2221-650560;Inter Node Feature Incompatibility;Inter eNodeB CA feature is not activated in remote eNodeB. SUPPRESSED
2025-09-15;10:16:10;AL  ;Minor ;EUtraNetwork=1,ExternalENodeBFunction=2221-650560;Inter Node Feature Incompatibility;Inter eNodeB CA feature is not activated in remote eNodeB. SUPPRESSED
2025-09-15;10:17:33;AL  ;Cleared;EUtraNetwork=1,ExternalENodeBFunction=2221-650560;Inter Node Feature Incompatibility;Inter eNodeB CA feature is not activated in remote eNodeB. SUPPRESSED
2025-09-15;10:22:04;AL  ;Minor ;EUtraNetwork=1,ExternalENodeBFunction=2221-650560;Inter Node Feature Incompatibility;Inter eNodeB CA feature is not activated in remote eNodeB. SUPPRESSED
2025-09-15;10:23:18;AL  ;Cleared;EUtraNetwork=1,ExternalENodeBFunction=2221-650560;Inter Node Feature Incompatibility;Inter eNodeB CA feature is not activated in remote eNodeB. SUPPRESSED
2025-09-15;10:27:54;AL  ;Minor ;EUtraNetwork=1,ExternalENodeBFunction=2221-650560;Inter Node Feature Incompatibility;Inter eNodeB CA feature is not activated in remote eNodeB. SUPPRESSED
2025-09-15;10:29:04;AL  ;Cleared;EUtraNetwork=1,ExternalENodeBFunction=2221-650560;Inter Node Feature Incompatibility;Inter eNodeB CA feature is not activated in remote eNodeB. SUPPRESSED
2025-09-15;10:33:36;AL  ;Minor ;EUtraNetwork=1,ExternalENodeBFunction=2221-650560;Inter Node Feature Incompatibility;Inter eNodeB CA feature is not activated in remote eNodeB. SUPPRESSED
2025-09-15;10:34:46;AL  ;Cleared;EUtraNetwork=1,ExternalENodeBFunction=2221-650560;Inter Node Feature Incompatibility;Inter eNodeB CA feature is not activated in remote eNodeB. SUPPRESSED
2025-09-15;10:39:18;AL  ;Minor ;EUtraNetwork=1,ExternalENodeBFunction=2221-650560;Inter Node Feature Incompatibility;Inter eNodeB CA feature is not activated in remote eNodeB. SUPPRESSED
2025-09-15;10:40:32;AL  ;Cleared;EUtraNetwork=1,ExternalENodeBFunction=2221-650560;Inter Node Feature Incompatibility;Inter eNodeB CA feature is not activated in remote eNodeB. SUPPRESSED
2025-09-15;10:45:03;AL  ;Minor ;EUtraNetwork=1,ExternalENodeBFunction=2221-650560;Inter Node Feature Incompatibility;Inter eNodeB CA feature is not activated in remote eNodeB. SUPPRESSED
2025-09-15;10:45:55;AL  ;Cleared;EUtraNetwork=1,ExternalENodeBFunction=2221-650560;Inter Node Feature Incompatibility;Inter eNodeB CA feature is not activated in remote eNodeB. SUPPRESSED
2025-09-15;10:52:14;AL  ;Minor ;EUtraNetwork=1,ExternalENodeBFunction=2221-650560;Inter Node Feature Incompatibility;Inter eNodeB CA feature is not activated in remote eNodeB. SUPPRESSED
2025-09-15;10:53:20;AL  ;Cleared;EUtraNetwork=1,ExternalENodeBFunction=2221-650560;Inter Node Feature Incompatibility;Inter eNodeB CA feature is not activated in remote eNodeB. SUPPRESSED
2025-09-15;10:57:51;AL  ;Minor ;EUtraNetwork=1,ExternalENodeBFunction=2221-650560;Inter Node Feature Incompatibility;Inter eNodeB CA feature is not activated in remote eNodeB. SUPPRESSED
2025-09-15;10:59:02;AL  ;Cleared;EUtraNetwork=1,ExternalENodeBFunction=2221-650560;Inter Node Feature Incompatibility;Inter eNodeB CA feature is not activated in remote eNodeB. SUPPRESSED
2025-09-15;11:03:34;AL  ;Minor ;EUtraNetwork=1,ExternalENodeBFunction=2221-650560;Inter Node Feature Incompatibility;Inter eNodeB CA feature is not activated in remote eNodeB. SUPPRESSED
2025-09-15;11:04:42;AL  ;Cleared;EUtraNetwork=1,ExternalENodeBFunction=2221-650560;Inter Node Feature Incompatibility;Inter eNodeB CA feature is not activated in remote eNodeB. SUPPRESSED
2025-09-15;11:09:12;AL  ;Minor ;EUtraNetwork=1,ExternalENodeBFunction=2221-650560;Inter Node Feature Incompatibility;Inter eNodeB CA feature is not activated in remote eNodeB. SUPPRESSED
2025-09-15;11:10:05;AL  ;Cleared;EUtraNetwork=1,ExternalENodeBFunction=2221-650560;Inter Node Feature Incompatibility;Inter eNodeB CA feature is not activated in remote eNodeB. SUPPRESSED
2025-09-15;11:14:51;AL  ;Minor ;EUtraNetwork=1,ExternalENodeBFunction=2221-650560;Inter Node Feature Incompatibility;Inter eNodeB CA feature is not activated in remote eNodeB. SUPPRESSED
2025-09-15;11:16:00;AL  ;Cleared;EUtraNetwork=1,ExternalENodeBFunction=2221-650560;Inter Node Feature Incompatibility;Inter eNodeB CA feature is not activated in remote eNodeB. SUPPRESSED
2025-09-15;11:20:32;AL  ;Minor ;EUtraNetwork=1,ExternalENodeBFunction=2221-650560;Inter Node Feature Incompatibility;Inter eNodeB CA feature is not activated in remote eNodeB. SUPPRESSED
2025-09-15;11:21:05;AL  ;Cleared;EUtraNetwork=1,ExternalENodeBFunction=2221-650560;Inter Node Feature Incompatibility;Inter eNodeB CA feature is not activated in remote eNodeB. SUPPRESSED
2025-09-15;11:26:21;AL  ;Minor ;EUtraNetwork=1,ExternalENodeBFunction=2221-650560;Inter Node Feature Incompatibility;Inter eNodeB CA feature is not activated in remote eNodeB. SUPPRESSED
2025-09-15;11:27:02;AL  ;Cleared;EUtraNetwork=1,ExternalENodeBFunction=2221-650560;Inter Node Feature Incompatibility;Inter eNodeB CA feature is not activated in remote eNodeB. SUPPRESSED
2025-09-15;11:32:06;AL  ;Minor ;EUtraNetwork=1,ExternalENodeBFunction=2221-650560;Inter Node Feature Incompatibility;Inter eNodeB CA feature is not activated in remote eNodeB. SUPPRESSED
2025-09-15;11:33:11;AL  ;Cleared;EUtraNetwork=1,ExternalENodeBFunction=2221-650560;Inter Node Feature Incompatibility;Inter eNodeB CA feature is not activated in remote eNodeB. SUPPRESSED
2025-09-15;11:37:50;AL  ;Minor ;EUtraNetwork=1,ExternalENodeBFunction=2221-650560;Inter Node Feature Incompatibility;Inter eNodeB CA feature is not activated in remote eNodeB. SUPPRESSED
2025-09-15;11:38:52;AL  ;Cleared;EUtraNetwork=1,ExternalENodeBFunction=2221-650560;Inter Node Feature Incompatibility;Inter eNodeB CA feature is not activated in remote eNodeB. SUPPRESSED
2025-09-15;11:43:35;AL  ;Minor ;EUtraNetwork=1,ExternalENodeBFunction=2221-650560;Inter Node Feature Incompatibility;Inter eNodeB CA feature is not activated in remote eNodeB. SUPPRESSED
2025-09-15;11:44:17;AL  ;Cleared;EUtraNetwork=1,ExternalENodeBFunction=2221-650560;Inter Node Feature Incompatibility;Inter eNodeB CA feature is not activated in remote eNodeB. SUPPRESSED
2025-09-15;11:49:22;AL  ;Minor ;EUtraNetwork=1,ExternalENodeBFunction=2221-650560;Inter Node Feature Incompatibility;Inter eNodeB CA feature is not activated in remote eNodeB. SUPPRESSED
2025-09-15;11:50:30;AL  ;Cleared;EUtraNetwork=1,ExternalENodeBFunction=2221-650560;Inter Node Feature Incompatibility;Inter eNodeB CA feature is not activated in remote eNodeB. SUPPRESSED
2025-09-15;11:55:22;AL  ;Minor ;EUtraNetwork=1,ExternalENodeBFunction=2221-650560;Inter Node Feature Incompatibility;Inter eNodeB CA feature is not activated in remote eNodeB. SUPPRESSED
2025-09-16;06:01:39;AL  ;Minor ;EUtraNetwork=1,ExternalENodeBFunction=2221-650594;Inter Node Carrier Aggregation Service Unavailable;Elastic RAN Carrier Aggregation is not available towards remote eNodeB.
2025-09-16;10:00:05;AL  ;Warning;ENodeBFunction=1;PLMN Service Redundancy Lost;S1 connection failure for PLMN connected with link represented by MO listed in Additional Information. AI: PLMN = ["2221"],DN1=ManagedElement=1,ENodeBFunction=1,TermPointToMme=5,
2025-09-16;10:00:35;AL  ;Cleared;ENodeBFunction=1;PLMN Service Redundancy Lost;S1 connection failure for PLMN connected with link represented by MO listed in Additional Information. AI: PLMN = ["2221"],DN1=ManagedElement=1,ENodeBFunction=1,TermPointToMme=5,
2025-09-16;19:07:00;AL  ;Cleared;EUtraNetwork=1,ExternalENodeBFunction=2221-650697;Inter Node Feature Incompatibility;Inter eNodeB CA feature is not activated in remote eNodeB. SUPPRESSED
2025-09-16;19:07:59;AL  ;Minor ;EUtraNetwork=1,ExternalENodeBFunction=2221-650560;Inter Node Feature Incompatibility;Inter eNodeB CA feature is not activated in remote eNodeB. SUPPRESSED
2025-09-16;19:26:59;AL  ;Minor ;EUtraNetwork=1,ExternalENodeBFunction=2221-650697;Inter Node Feature Incompatibility;Inter eNodeB CA feature is not activated in remote eNodeB. SUPPRESSED
2025-09-17;06:01:38;AL  ;Cleared;EUtraNetwork=1,ExternalENodeBFunction=2221-650697;Inter Node Feature Incompatibility;Inter eNodeB CA feature is not activated in remote eNodeB. SUPPRESSED
2025-09-17;07:09:33;AL  ;Minor ;ENodeBFunction=1;External Link Failure;X2 link problem to one or several neighbouring eNodeBs. AI: PLMN ID-eNB ID 1 = 2221-209768
2025-09-17;07:09:41;AL  ;Minor ;ENodeBFunction=1;External Link to GNodeB Failure;X2 link problem to one or several neighbouring gNodeBs. AI: PLMN ID-gNB ID 1 = 2221-1053581
2025-09-17;09:15:40;AL  ;Cleared;ENodeBFunction=1;External Link to GNodeB Failure;X2 link problem to one or several neighbouring gNodeBs. AI: PLMN ID-gNB ID 1 = 2221-1053581
2025-09-17;09:16:23;AL  ;Cleared;ENodeBFunction=1;External Link Failure;X2 link problem to one or several neighbouring eNodeBs. AI: PLMN ID-eNB ID 1 = 2221-209768
2025-09-17;14:46:53;AL  ;Minor ;EUtraNetwork=1,ExternalENodeBFunction=2221-650697;Inter Node Feature Incompatibility;Inter eNodeB CA feature is not activated in remote eNodeB. SUPPRESSED
2025-09-17;14:51:43;AL  ;Cleared;EUtraNetwork=1,ExternalENodeBFunction=2221-650697;Inter Node Feature Incompatibility;Inter eNodeB CA feature is not activated in remote eNodeB. SUPPRESSED
2025-09-17;15:23:30;AL  ;Minor ;EUtraNetwork=1,ExternalENodeBFunction=2221-650697;Inter Node Feature Incompatibility;Inter eNodeB CA feature is not activated in remote eNodeB. SUPPRESSED
2025-09-17;15:27:56;AL  ;Cleared;EUtraNetwork=1,ExternalENodeBFunction=2221-650697;Inter Node Feature Incompatibility;Inter eNodeB CA feature is not activated in remote eNodeB. SUPPRESSED
2025-09-17;19:11:59;AL  ;Cleared;EUtraNetwork=1,ExternalENodeBFunction=2221-650560;Inter Node Feature Incompatibility;Inter eNodeB CA feature is not activated in remote eNodeB. SUPPRESSED
2025-09-17;19:11:59;AL  ;Minor ;EUtraNetwork=1,ExternalENodeBFunction=2221-650697;Inter Node Feature Incompatibility;Inter eNodeB CA feature is not activated in remote eNodeB. SUPPRESSED
2025-09-17;19:12:59;AL  ;Cleared;EUtraNetwork=1,ExternalENodeBFunction=2221-650697;Inter Node Feature Incompatibility;Inter eNodeB CA feature is not activated in remote eNodeB. SUPPRESSED
2025-09-17;19:12:59;AL  ;Minor ;EUtraNetwork=1,ExternalENodeBFunction=2221-650560;Inter Node Feature Incompatibility;Inter eNodeB CA feature is not activated in remote eNodeB. SUPPRESSED
2025-09-17;19:53:05;AL  ;Minor ;EUtraNetwork=1,ExternalENodeBFunction=2221-650697;Inter Node Feature Incompatibility;Inter eNodeB CA feature is not activated in remote eNodeB. SUPPRESSED
2025-09-18;06:01:38;AL  ;Cleared;EUtraNetwork=1,ExternalENodeBFunction=2221-650697;Inter Node Feature Incompatibility;Inter eNodeB CA feature is not activated in remote eNodeB. SUPPRESSED
2025-09-18;06:07:35;AL  ;Minor ;EUtraNetwork=1,ExternalENodeBFunction=2221-650697;Inter Node Feature Incompatibility;Inter eNodeB CA feature is not activated in remote eNodeB. SUPPRESSED
2025-09-18;06:13:56;AL  ;Cleared;EUtraNetwork=1,ExternalENodeBFunction=2221-650697;Inter Node Feature Incompatibility;Inter eNodeB CA feature is not activated in remote eNodeB. SUPPRESSED
2025-09-18;08:18:08;AL  ;Minor ;ENodeBFunction=1;External Link Failure;X2 link problem to one or several neighbouring eNodeBs. AI: PLMN ID-eNB ID 1 = 2221-650121
2025-09-18;08:52:17;AL  ;Minor ;EUtraNetwork=1,ExternalENodeBFunction=2221-650697;Inter Node Feature Incompatibility;Inter eNodeB CA feature is not activated in remote eNodeB. SUPPRESSED
2025-09-18;08:56:43;AL  ;Cleared;EUtraNetwork=1,ExternalENodeBFunction=2221-650697;Inter Node Feature Incompatibility;Inter eNodeB CA feature is not activated in remote eNodeB. SUPPRESSED
2025-09-18;13:03:34;AL  ;Cleared;ENodeBFunction=1;External Link Failure;X2 link problem to one or several neighbouring eNodeBs. AI: PLMN ID-eNB ID 1 = 2221-650121
2025-09-18;13:41:37;AL  ;Minor ;EUtraNetwork=1,ExternalENodeBFunction=2221-650697;Inter Node Feature Incompatibility;Inter eNodeB CA feature is not activated in remote eNodeB. SUPPRESSED
2025-09-18;13:46:04;AL  ;Cleared;EUtraNetwork=1,ExternalENodeBFunction=2221-650697;Inter Node Feature Incompatibility;Inter eNodeB CA feature is not activated in remote eNodeB. SUPPRESSED
2025-09-18;18:07:43;AL  ;Cleared;EUtraNetwork=1,ExternalENodeBFunction=2221-650560;Inter Node Feature Incompatibility;Inter eNodeB CA feature is not activated in remote eNodeB. SUPPRESSED
2025-09-18;18:07:43;AL  ;Minor ;EUtraNetwork=1,ExternalENodeBFunction=2221-650697;Inter Node Feature Incompatibility;Inter eNodeB CA feature is not activated in remote eNodeB. SUPPRESSED
2025-09-18;18:17:39;AL  ;Minor ;ENodeBFunction=1;External Link Failure;X2 link problem to one or several neighbouring eNodeBs. AI: PLMN ID-eNB ID 1 = 2221-210001
2025-09-21;08:45:11;AL  ;Cleared;EUtraNetwork=1,ExternalENodeBFunction=2221-650594;Inter Node Carrier Aggregation Service Unavailable;Elastic RAN Carrier Aggregation is not available towards remote eNodeB.
2025-09-21;12:19:21;AL  ;Cleared;ENodeBFunction=1;External Link Failure;X2 link problem to one or several neighbouring eNodeBs. AI: PLMN ID-eNB ID 1 = 2221-210001 PLMN ID-eNB ID 2 = 2221-650560
2025-09-22;06:01:39;AL  ;Minor ;EUtraNetwork=1,ExternalENodeBFunction=2221-650594;Inter Node Carrier Aggregation Service Unavailable;Elastic RAN Carrier Aggregation is not available towards remote eNodeB.
2025-09-22;11:15:03;AL  ;Minor ;ENodeBFunction=1;External Link Failure;X2 link problem to one or several neighbouring eNodeBs. AI: PLMN ID-eNB ID 1 = 2221-209708
2025-09-22;11:16:32;AL  ;Minor ;ENodeBFunction=1;External Link Failure;X2 link problem to one or several neighbouring eNodeBs. AI: PLMN ID-eNB ID 1 = 2221-209708 PLMN ID-eNB ID 2 = 2221-209709
2025-09-22;11:19:48;AL  ;Minor ;ENodeBFunction=1;External Link Failure;X2 link problem to one or several neighbouring eNodeBs. AI: PLMN ID-eNB ID 1 = 2221-209708 PLMN ID-eNB ID 2 = 2221-209709 PLMN ID-eNB ID 3 = 2221-650007
2025-09-22;13:42:06;AL  ;Minor ;ENodeBFunction=1;External Link Failure;X2 link problem to one or several neighbouring eNodeBs. AI: PLMN ID-eNB ID 1 = 2221-209708 PLMN ID-eNB ID 2 = 2221-209709
2025-09-22;13:45:37;AL  ;Cleared;ENodeBFunction=1;External Link Failure;X2 link problem to one or several neighbouring eNodeBs. AI: PLMN ID-eNB ID 1 = 2221-209708 PLMN ID-eNB ID 2 = 2221-209709
2025-09-24;09:25:30;AL  ;Minor ;ENodeBFunction=1;External Link Failure;X2 link problem to one or several neighbouring eNodeBs. AI: PLMN ID-eNB ID 1 = 2221-209709 PLMN ID-eNB ID 2 = 2221-209708
2025-09-24;14:11:13;AL  ;Cleared;ENodeBFunction=1;External Link Failure;X2 link problem to one or several neighbouring eNodeBs. AI: PLMN ID-eNB ID 1 = 2221-209709 PLMN ID-eNB ID 2 = 2221-209708
2025-09-28;08:46:52;AL  ;Cleared;EUtraNetwork=1,ExternalENodeBFunction=2221-650594;Inter Node Carrier Aggregation Service Unavailable;Elastic RAN Carrier Aggregation is not available towards remote eNodeB.
2025-09-28;15:46:48;AL  ;Minor ;ENodeBFunction=1;External Link Failure;X2 link problem to one or several neighbouring eNodeBs. AI: PLMN ID-eNB ID 1 = 2221-209768
2025-09-28;15:47:03;AL  ;Cleared;ENodeBFunction=1;External Link Failure;X2 link problem to one or several neighbouring eNodeBs. AI: PLMN ID-eNB ID 1 = 2221-209768
2025-09-29;06:01:39;AL  ;Minor ;EUtraNetwork=1,ExternalENodeBFunction=2221-650594;Inter Node Carrier Aggregation Service Unavailable;Elastic RAN Carrier Aggregation is not available towards remote eNodeB.
2025-09-30;08:45:33;AL  ;Warning;ENodeBFunction=1;PLMN Service Redundancy Lost;S1 connection failure for PLMN connected with link represented by MO listed in Additional Information. AI: PLMN = ["2221"],DN1=ManagedElement=1,ENodeBFunction=1,TermPointToMme=5,
2025-09-30;08:46:03;AL  ;Cleared;ENodeBFunction=1;PLMN Service Redundancy Lost;S1 connection failure for PLMN connected with link represented by MO listed in Additional Information. AI: PLMN = ["2221"],DN1=ManagedElement=1,ENodeBFunction=1,TermPointToMme=5,
2025-10-05;08:39:34;AL  ;Cleared;EUtraNetwork=1,ExternalENodeBFunction=2221-650594;Inter Node Carrier Aggregation Service Unavailable;Elastic RAN Carrier Aggregation is not available towards remote eNodeB.
2025-10-06;07:01:21;AL  ;Minor ;EUtraNetwork=1,ExternalENodeBFunction=2221-650594;Inter Node Carrier Aggregation Service Unavailable;Elastic RAN Carrier Aggregation is not available towards remote eNodeB.


ZA61L> lgec -m 30d

251007-12:04:02+0200 19.31.8.180 25.0h MSRBS_NODE_MODEL_25.Q1_198665.224.73_bf81 stopfile=/tmp/1106347

Startdate=20250907.100402, Enddate=20251008.100402
Date;Time;Log;Severity;Object;Event;Cause;AdditionalText;AckState;Id;NotificationId;CorrelatedAlarms
Executing action Log.export()
..
Log=AlertLog                    actionId=6267
...
=================================================================================================================
MO                  actionId result      resultInfo
=================================================================================================================
LogM=1,Log=AlertLog 6267     1 (SUCCESS)           
cat  /ericsson/log/amos/moshell_logfiles/t20251007_37258710_53697/logs_moshell/tempfiles/scp-2-amos_20251007-120319_1106289/rcslogs/AlertLog_20221117__103136.log > /ericsson/log/amos/moshell_logfiles/t20251007_37258710_53697/logs_moshell/tempfiles/scp-2-amos_20251007-120319_1106289/eventLog1106347.xml

Bye...
Output has been logged to file /mta_fs/UserFiles/37258710/amosbatch/2025-10-07_11-07-01_53697/ZA61L.log
