Logging to file /mta_fs/UserFiles/37258710/amosbatch/2025-10-07_11-07-01_53697/ZC18T.log
                        __  __  ____   _____
                  /\   |  \/  |/ __ \ / ____|
                 /  \  | \  / | |  | | (___  
                / /\ \ | |\/| | |  | |\___ \ 
               / ____ \| |  | | |__| |____) |
              /_/    \_\_|  |_|\____/|_____/
              OSS Framework for MoShell-25.0h 
  Copyright (c) Ericsson AB 2001-2025 - All Rights Reserved
              
           
[1;31mWARNING: [0mthe AMOS version currently running is more than 22 weeks old and is unsupported.
Please upgrade as soon as possible to the latest released version, available from your local Ericsson support.

$amosrb_pid = 1215613

Checking ip contact...OK

HELP MENU            : h
BASIC MO COMMANDS    : m
OTHER MO COMMANDS    : n
OTHER COMMANDS       : o
PM COMMANDS          : p
QUIT                 : q

ZC18T> lt all

251007-12:17:39+0200 19.31.11.141 25.0h  stopfile=/tmp/1215384
Looking up temporary_amos account... OK.
Trying temporary_amos_t20251007_37258710_53697_313's password from amos lookupAccount ... OK

$ssh_pid = 1216995

Connected to 19.31.11.141 (SubNetwork=BBMM_rckomc_R,MeContext=ZC18T,ManagedElement=ZC18T)

Checking MOM version...MSRBS_NODE_MODEL_25.Q1_693.28324.131_62ac
Parsing MOM (cached): /ericsson/log/amos/moshell_logfiles/t20251007_37258710_53697/logs_moshell/tempfiles/scp-2-amos_20251007-121732_1215326/MSRBS_NODE_MODEL_25.Q1_693.28324.131_62ac.xml.cache.gz ..................................................................................................................................................................................................................................Done.
Using paramfile /opt/ericsson/amos/moshell/commonjars/pm/PARAM_MSRBS_25.Q1.txt
Parsing file /opt/ericsson/amos/moshell/commonjars/pm/PARAM_MSRBS_25.Q1.txt .......................................................................................Done.
Using imomdfile /opt/ericsson/amos/moshell/commonjars/pm/IMOMD_MSRBS_22.Q4.txt
Using imomfile /opt/ericsson/amos/moshell/commonjars/pm/IMOM_MSRBS_25.Q1.txt
Connected to 19.31.11.141 (SubNetwork=BBMM_rckomc_R,MeContext=ZC18T,ManagedElement=ZC18T)

Last MO: 20379. Loaded 20379 MOs. Total: 20380 MOs.

ZC18T> hget EUtranCellFDD ^cellid

251007-12:17:54+0200 19.31.11.141 25.0h MSRBS_NODE_MODEL_25.Q1_693.28324.131_62ac stopfile=/tmp/1215384
.
=================================================================================================================
MO                   cellId
=================================================================================================================
EUtranCellFDD=ZC18E1 61    
EUtranCellFDD=ZC18E2 62    
EUtranCellFDD=ZC18M1 31    
EUtranCellFDD=ZC18M2 32    
EUtranCellFDD=ZC18T1 41    
EUtranCellFDD=ZC18T2 42    
=================================================================================================================
Total: 6 MOs

Added 6 MOs to group: hget_group

ZC18T> hget NbIotCell ^cellid

251007-12:17:55+0200 19.31.11.141 25.0h MSRBS_NODE_MODEL_25.Q1_693.28324.131_62ac stopfile=/tmp/1215384
.
=================================================================================================================
MO               cellId
=================================================================================================================
NbIotCell=ZC18N1 161   
NbIotCell=ZC18N2 162   
=================================================================================================================
Total: 2 MOs

Added 2 MOs to group: hget_group

ZC18T> hget NRCellDU ^cellLocalId

251007-12:17:55+0200 19.31.11.141 25.0h MSRBS_NODE_MODEL_25.Q1_693.28324.131_62ac stopfile=/tmp/1215384
.
=================================================================================================================
MO              cellLocalId
=================================================================================================================
NRCellDU=ZC18V1 571        
NRCellDU=ZC18V2 572        
=================================================================================================================
Total: 2 MOs

Added 2 MOs to group: hget_group

ZC18T> lgdc -m 30d

251007-12:17:56+0200 19.31.11.141 25.0h MSRBS_NODE_MODEL_25.Q1_693.28324.131_62ac stopfile=/tmp/1215384

Startdate=20250907.101756, Enddate=20251008.101756
INFO: Using amos lookupAccount credentials for the export login

Executing action LogM.exportAvailabilityLog()
...LogM=1,exportAvailabilityLog    actionId=62201
...
=================================================================================================================
MO     actionId result      resultInfo
=================================================================================================================
LogM=1 62201    1 (SUCCESS)           
cp /ericsson/log/amos/moshell_logfiles/t20251007_37258710_53697/logs_moshell/tempfiles/scp-2-amos_20251007-121732_1215326/rcslogs/RBS_CS_AVAILABILITY_LOG_20251007101759.xml /ericsson/log/amos/moshell_logfiles/t20251007_37258710_53697/logs_moshell/tempfiles/scp-2-amos_20251007-121732_1215326/availabilityLog1215384.xml
Parsing availabilityLog........Done.
.....
Date;Time;RestartType;SwVersion;SwRelease;RCSDowntime;ApplicationDowntime;TNDowntime;RATsDowntime;ExtraInfo;ExtraInfo2
2025-09-08;02:27:07;PartialOutage(Manual);17% Lrat Cell 41; ();7s;;;;;
2025-09-08;02:27:19;PartialOutage(Manual);17% Lrat Cell 42; ();11s;;;;;
2025-09-08;02:27:35;PartialOutage(Manual);17% Lrat Cell 31; ();7s;;;;;
2025-09-08;02:27:47;PartialOutage(Manual);17% Lrat Cell 32; ();6s;;;;;
2025-09-08;02:27:57;PartialOutage(Manual);50% Lrat Cell 161; ();4s;;;;;
2025-09-08;02:28:01;PartialOutage(Manual);17% Lrat Cell 61; ();4s;;;;;
2025-09-08;02:28:08;PartialOutage(Manual);17% Lrat Cell 62; ();7s;;;;;
2025-09-08;02:28:22;PartialOutage(Manual);100% Lrat Cell 162; ();9s;;;;;
2025-10-01;03:26:01;PartialOutage(Manual);50% GNBDU Cell 571; ();14s;;;;;
2025-10-01;03:26:15;PartialOutage(Manual);100% GNBDU Cell 571 572; ();10s;;;;;
2025-10-01;03:26:25;PartialOutage(Manual);50% GNBDU Cell 572; ();10s;;;;;

Node uptime since last restart: 543091 seconds (6 days, 6 hours, 51 minutes, 31 seconds)
------------------------------------------------------------------------------------------------------
Period=30 days       NodeUpgrade      NodeManual       NodeSpontaneous  AllNodeRestarts  PartialOutages  
------------------------------------------------------------------------------------------------------
Number Of outages    0                0                0                0                11              
Total downtime       0s               0s               0s               0s               89s (1m29s)     
Downtime per day     0s               0s               0s               0s               3s              
Downtime per outage  0s               0s               0s               0s               8s              

ZC18T> lgac -m 30d

251007-12:18:06+0200 19.31.11.141 25.0h MSRBS_NODE_MODEL_25.Q1_693.28324.131_62ac stopfile=/tmp/1215384

Startdate=20250907.101806, Enddate=20251008.101806
Date;Time;Log;Severity;Object;Event;Cause;AdditionalText;AckState;Id;NotificationId;CorrelatedAlarms
Executing action Log.export()
..
Log=AlarmLog                    actionId=62202
.................
=================================================================================================================
MO                  actionId result      resultInfo
=================================================================================================================
LogM=1,Log=AlarmLog 62202    1 (SUCCESS)           
cat  /ericsson/log/amos/moshell_logfiles/t20251007_37258710_53697/logs_moshell/tempfiles/scp-2-amos_20251007-121732_1215326/rcslogs/saLogAlarm_20250624__223638_20250712__065751.log /ericsson/log/amos/moshell_logfiles/t20251007_37258710_53697/logs_moshell/tempfiles/scp-2-amos_20251007-121732_1215326/rcslogs/saLogAlarm_20250712__065751_20250730__103450.log /ericsson/log/amos/moshell_logfiles/t20251007_37258710_53697/logs_moshell/tempfiles/scp-2-amos_20251007-121732_1215326/rcslogs/saLogAlarm_20250730__103450.log > /ericsson/log/amos/moshell_logfiles/t20251007_37258710_53697/logs_moshell/tempfiles/scp-2-amos_20251007-121732_1215326/alarmLog1215384.xml
2025-09-10;09:10:19;AL  ;Cleared;EUtraNetwork=1,ExternalENodeBFunction=2221-650306;Inter Node Feature Incompatibility;Inter eNodeB CA feature is not activated in remote eNodeB
2025-09-10;09:10:36;AL  ;Cleared;EUtraNetwork=1,ExternalENodeBFunction=2221-650697;Inter Node Feature Incompatibility;Inter eNodeB CA feature is not activated in remote eNodeB
2025-09-10;09:11:35;AL  ;Minor ;EUtraNetwork=1,ExternalENodeBFunction=2221-650697;Inter Node Feature Incompatibility;Inter eNodeB CA feature is not activated in remote eNodeB
2025-09-10;09:11:56;AL  ;Minor ;EUtraNetwork=1,ExternalENodeBFunction=2221-650306;Inter Node Feature Incompatibility;Inter eNodeB CA feature is not activated in remote eNodeB
2025-09-10;11:42:08;AL  ;Minor ;ENodeBFunction=1;External Link Failure;X2 link problem to one or several neighbouring eNodeBs. AI: PLMN ID-eNB ID 1 = 2221-650655
2025-09-10;11:42:23;AL  ;Cleared;ENodeBFunction=1;External Link Failure;X2 link problem to one or several neighbouring eNodeBs. AI: PLMN ID-eNB ID 1 = 2221-650655
2025-09-10;13:13:35;AL  ;Minor ;ENodeBFunction=1;External Link Failure;X2 link problem to one or several neighbouring eNodeBs. AI: PLMN ID-eNB ID 1 = 2221-650655
2025-09-10;13:13:52;AL  ;Cleared;ENodeBFunction=1;External Link Failure;X2 link problem to one or several neighbouring eNodeBs. AI: PLMN ID-eNB ID 1 = 2221-650655
2025-09-10;14:49:07;AL  ;Minor ;ENodeBFunction=1;External Link Failure;X2 link problem to one or several neighbouring eNodeBs. AI: PLMN ID-eNB ID 1 = 2221-650541
2025-09-10;16:58:57;AL  ;Cleared;ENodeBFunction=1;External Link Failure;X2 link problem to one or several neighbouring eNodeBs. AI: PLMN ID-eNB ID 1 = 2221-650541
2025-09-11;01:19:39;AL  ;Cleared;EUtraNetwork=1,ExternalENodeBFunction=2221-650697;Inter Node Feature Incompatibility;Inter eNodeB CA feature is not activated in remote eNodeB
2025-09-11;01:27:32;AL  ;Minor ;EUtraNetwork=1,ExternalENodeBFunction=2221-650697;Inter Node Feature Incompatibility;Inter eNodeB CA feature is not activated in remote eNodeB
2025-09-11;11:06:24;AL  ;Minor ;ENodeBFunction=1;External Link Failure;X2 link problem to one or several neighbouring eNodeBs. AI: PLMN ID-eNB ID 1 = 2221-650693
2025-09-11;11:21:21;AL  ;Cleared;ENodeBFunction=1;External Link Failure;X2 link problem to one or several neighbouring eNodeBs. AI: PLMN ID-eNB ID 1 = 2221-650693
2025-09-11;11:55:29;AL  ;Minor ;ENodeBFunction=1;External Link Failure;X2 link problem to one or several neighbouring eNodeBs. AI: PLMN ID-eNB ID 1 = 2221-650693
2025-09-11;12:47:45;AL  ;Cleared;ENodeBFunction=1;External Link Failure;X2 link problem to one or several neighbouring eNodeBs. AI: PLMN ID-eNB ID 1 = 2221-650693
2025-09-11;12:59:11;AL  ;Minor ;ENodeBFunction=1;External Link Failure;X2 link problem to one or several neighbouring eNodeBs. AI: PLMN ID-eNB ID 1 = 2221-650693
2025-09-11;13:04:54;AL  ;Cleared;EUtraNetwork=1,ExternalENodeBFunction=2221-650697;Inter Node Feature Incompatibility;Inter eNodeB CA feature is not activated in remote eNodeB
2025-09-11;13:11:51;AL  ;Minor ;EUtraNetwork=1,ExternalENodeBFunction=2221-650697;Inter Node Feature Incompatibility;Inter eNodeB CA feature is not activated in remote eNodeB
2025-09-11;14:14:45;AL  ;Cleared;ENodeBFunction=1;External Link Failure;X2 link problem to one or several neighbouring eNodeBs. AI: PLMN ID-eNB ID 1 = 2221-650693
2025-09-12;12:18:54;AL  ;Cleared;EUtraNetwork=1,ExternalENodeBFunction=2221-650560;Inter Node Feature Incompatibility;Inter eNodeB CA feature is not activated in remote eNodeB
2025-09-12;12:27:52;AL  ;Minor ;ENodeBFunction=1;External Link Failure;X2 link problem to one or several neighbouring eNodeBs. AI: PLMN ID-eNB ID 1 = 2221-650560
2025-09-12;12:28:23;AL  ;Minor ;ENodeBFunction=1;External Link to GNodeB Failure;X2 link problem to one or several neighbouring gNodeBs. AI: PLMN ID-gNB ID 1 = 2221-1053734
2025-09-12;16:58:25;AL  ;Minor ;ENodeBFunction=1;External Link Failure;X2 link problem to one or several neighbouring eNodeBs. AI: PLMN ID-eNB ID 1 = 2221-650560
2025-09-12;16:59:07;AL  ;Cleared;ENodeBFunction=1;External Link to GNodeB Failure;X2 link problem to one or several neighbouring gNodeBs. AI: PLMN ID-gNB ID 1 = 2221-1053734
2025-09-12;16:59:35;AL  ;Cleared;ENodeBFunction=1;External Link Failure;X2 link problem to one or several neighbouring eNodeBs. AI: PLMN ID-eNB ID 1 = 2221-650560
2025-09-12;16:59:50;AL  ;Minor ;EUtraNetwork=1,ExternalENodeBFunction=2221-650560;Inter Node Feature Incompatibility;Inter eNodeB CA feature is not activated in remote eNodeB
2025-09-14;08:24:37;AL  ;Minor ;EUtraNetwork=1,ExternalENodeBFunction=2221-650308;Inter Node Carrier Aggregation Service Unavailable;Elastic RAN Carrier Aggregation is not available towards remote eNodeB.
2025-09-14;08:26:55;AL  ;Cleared;EUtraNetwork=1,ExternalENodeBFunction=2221-650308;Inter Node Carrier Aggregation Service Unavailable;Elastic RAN Carrier Aggregation is not available towards remote eNodeB.
2025-09-14;14:01:36;AL  ;Minor ;ENodeBFunction=1;External Link Failure;X2 link problem to one or several neighbouring eNodeBs. AI: PLMN ID-eNB ID 1 = 2221-650279
2025-09-14;16:05:43;AL  ;Cleared;ENodeBFunction=1;External Link Failure;X2 link problem to one or several neighbouring eNodeBs. AI: PLMN ID-eNB ID 1 = 2221-650279
2025-09-15;08:55:35;AL  ;Cleared;EUtraNetwork=1,ExternalENodeBFunction=2221-650560;Inter Node Feature Incompatibility;Inter eNodeB CA feature is not activated in remote eNodeB
2025-09-15;09:00:55;AL  ;Minor ;EUtraNetwork=1,ExternalENodeBFunction=2221-650560;Inter Node Feature Incompatibility;Inter eNodeB CA feature is not activated in remote eNodeB
2025-09-15;09:06:15;AL  ;Cleared;EUtraNetwork=1,ExternalENodeBFunction=2221-650560;Inter Node Feature Incompatibility;Inter eNodeB CA feature is not activated in remote eNodeB
2025-09-15;09:11:32;AL  ;Minor ;EUtraNetwork=1,ExternalENodeBFunction=2221-650560;Inter Node Feature Incompatibility;Inter eNodeB CA feature is not activated in remote eNodeB
2025-09-15;09:15:53;AL  ;Cleared;EUtraNetwork=1,ExternalENodeBFunction=2221-650560;Inter Node Feature Incompatibility;Inter eNodeB CA feature is not activated in remote eNodeB
2025-09-15;09:21:12;AL  ;Minor ;EUtraNetwork=1,ExternalENodeBFunction=2221-650560;Inter Node Feature Incompatibility;Inter eNodeB CA feature is not activated in remote eNodeB
2025-09-15;09:26:20;AL  ;Cleared;EUtraNetwork=1,ExternalENodeBFunction=2221-650560;Inter Node Feature Incompatibility;Inter eNodeB CA feature is not activated in remote eNodeB
2025-09-15;09:31:37;AL  ;Minor ;EUtraNetwork=1,ExternalENodeBFunction=2221-650560;Inter Node Feature Incompatibility;Inter eNodeB CA feature is not activated in remote eNodeB
2025-09-15;09:33:07;AL  ;Cleared;EUtraNetwork=1,ExternalENodeBFunction=2221-650560;Inter Node Feature Incompatibility;Inter eNodeB CA feature is not activated in remote eNodeB
2025-09-15;09:38:25;AL  ;Minor ;EUtraNetwork=1,ExternalENodeBFunction=2221-650560;Inter Node Feature Incompatibility;Inter eNodeB CA feature is not activated in remote eNodeB
2025-09-15;09:40:02;AL  ;Cleared;EUtraNetwork=1,ExternalENodeBFunction=2221-650560;Inter Node Feature Incompatibility;Inter eNodeB CA feature is not activated in remote eNodeB
2025-09-15;09:45:19;AL  ;Minor ;EUtraNetwork=1,ExternalENodeBFunction=2221-650560;Inter Node Feature Incompatibility;Inter eNodeB CA feature is not activated in remote eNodeB
2025-09-15;09:46:21;AL  ;Cleared;EUtraNetwork=1,ExternalENodeBFunction=2221-650560;Inter Node Feature Incompatibility;Inter eNodeB CA feature is not activated in remote eNodeB
2025-09-15;09:51:39;AL  ;Minor ;EUtraNetwork=1,ExternalENodeBFunction=2221-650560;Inter Node Feature Incompatibility;Inter eNodeB CA feature is not activated in remote eNodeB
2025-09-15;09:52:19;AL  ;Cleared;EUtraNetwork=1,ExternalENodeBFunction=2221-650560;Inter Node Feature Incompatibility;Inter eNodeB CA feature is not activated in remote eNodeB
2025-09-15;09:57:38;AL  ;Minor ;EUtraNetwork=1,ExternalENodeBFunction=2221-650560;Inter Node Feature Incompatibility;Inter eNodeB CA feature is not activated in remote eNodeB
2025-09-15;09:58:11;AL  ;Cleared;EUtraNetwork=1,ExternalENodeBFunction=2221-650560;Inter Node Feature Incompatibility;Inter eNodeB CA feature is not activated in remote eNodeB
2025-09-15;10:03:29;AL  ;Minor ;EUtraNetwork=1,ExternalENodeBFunction=2221-650560;Inter Node Feature Incompatibility;Inter eNodeB CA feature is not activated in remote eNodeB
2025-09-15;10:04:49;AL  ;Cleared;EUtraNetwork=1,ExternalENodeBFunction=2221-650560;Inter Node Feature Incompatibility;Inter eNodeB CA feature is not activated in remote eNodeB
2025-09-15;10:10:10;AL  ;Minor ;EUtraNetwork=1,ExternalENodeBFunction=2221-650560;Inter Node Feature Incompatibility;Inter eNodeB CA feature is not activated in remote eNodeB
2025-09-15;10:10:51;AL  ;Cleared;EUtraNetwork=1,ExternalENodeBFunction=2221-650560;Inter Node Feature Incompatibility;Inter eNodeB CA feature is not activated in remote eNodeB
2025-09-15;10:16:10;AL  ;Minor ;EUtraNetwork=1,ExternalENodeBFunction=2221-650560;Inter Node Feature Incompatibility;Inter eNodeB CA feature is not activated in remote eNodeB
2025-09-15;10:16:45;AL  ;Cleared;EUtraNetwork=1,ExternalENodeBFunction=2221-650560;Inter Node Feature Incompatibility;Inter eNodeB CA feature is not activated in remote eNodeB
2025-09-15;10:22:04;AL  ;Minor ;EUtraNetwork=1,ExternalENodeBFunction=2221-650560;Inter Node Feature Incompatibility;Inter eNodeB CA feature is not activated in remote eNodeB
2025-09-15;10:22:36;AL  ;Cleared;EUtraNetwork=1,ExternalENodeBFunction=2221-650560;Inter Node Feature Incompatibility;Inter eNodeB CA feature is not activated in remote eNodeB
2025-09-15;10:27:54;AL  ;Minor ;EUtraNetwork=1,ExternalENodeBFunction=2221-650560;Inter Node Feature Incompatibility;Inter eNodeB CA feature is not activated in remote eNodeB
2025-09-15;10:28:07;AL  ;Minor ;EUtraNetwork=1,ExternalENodeBFunction=2221-650560;Inter Node Carrier Aggregation Service Unavailable;Elastic RAN Carrier Aggregation is not available towards remote eNodeB.
2025-09-15;10:28:15;AL  ;Cleared;EUtraNetwork=1,ExternalENodeBFunction=2221-650560;Inter Node Carrier Aggregation Service Unavailable;Elastic RAN Carrier Aggregation is not available towards remote eNodeB.
2025-09-15;10:28:15;AL  ;Cleared;EUtraNetwork=1,ExternalENodeBFunction=2221-650560;Inter Node Feature Incompatibility;Inter eNodeB CA feature is not activated in remote eNodeB
2025-09-15;10:33:36;AL  ;Minor ;EUtraNetwork=1,ExternalENodeBFunction=2221-650560;Inter Node Feature Incompatibility;Inter eNodeB CA feature is not activated in remote eNodeB
2025-09-15;10:33:58;AL  ;Cleared;EUtraNetwork=1,ExternalENodeBFunction=2221-650560;Inter Node Feature Incompatibility;Inter eNodeB CA feature is not activated in remote eNodeB
2025-09-15;10:39:18;AL  ;Minor ;EUtraNetwork=1,ExternalENodeBFunction=2221-650560;Inter Node Feature Incompatibility;Inter eNodeB CA feature is not activated in remote eNodeB
2025-09-15;10:39:44;AL  ;Cleared;EUtraNetwork=1,ExternalENodeBFunction=2221-650560;Inter Node Feature Incompatibility;Inter eNodeB CA feature is not activated in remote eNodeB
2025-09-15;10:45:03;AL  ;Minor ;EUtraNetwork=1,ExternalENodeBFunction=2221-650560;Inter Node Feature Incompatibility;Inter eNodeB CA feature is not activated in remote eNodeB
2025-09-15;10:45:24;AL  ;Cleared;EUtraNetwork=1,ExternalENodeBFunction=2221-650560;Inter Node Feature Incompatibility;Inter eNodeB CA feature is not activated in remote eNodeB
2025-09-15;10:52:13;AL  ;Minor ;EUtraNetwork=1,ExternalENodeBFunction=2221-650560;Inter Node Feature Incompatibility;Inter eNodeB CA feature is not activated in remote eNodeB
2025-09-15;10:52:24;AL  ;Minor ;EUtraNetwork=1,ExternalENodeBFunction=2221-650560;Inter Node Carrier Aggregation Service Unavailable;Elastic RAN Carrier Aggregation is not available towards remote eNodeB.
2025-09-15;10:52:32;AL  ;Cleared;EUtraNetwork=1,ExternalENodeBFunction=2221-650560;Inter Node Carrier Aggregation Service Unavailable;Elastic RAN Carrier Aggregation is not available towards remote eNodeB.
2025-09-15;10:52:32;AL  ;Cleared;EUtraNetwork=1,ExternalENodeBFunction=2221-650560;Inter Node Feature Incompatibility;Inter eNodeB CA feature is not activated in remote eNodeB
2025-09-15;10:57:50;AL  ;Minor ;EUtraNetwork=1,ExternalENodeBFunction=2221-650560;Inter Node Feature Incompatibility;Inter eNodeB CA feature is not activated in remote eNodeB
2025-09-15;10:58:14;AL  ;Cleared;EUtraNetwork=1,ExternalENodeBFunction=2221-650560;Inter Node Feature Incompatibility;Inter eNodeB CA feature is not activated in remote eNodeB
2025-09-15;11:03:34;AL  ;Minor ;EUtraNetwork=1,ExternalENodeBFunction=2221-650560;Inter Node Feature Incompatibility;Inter eNodeB CA feature is not activated in remote eNodeB
2025-09-15;11:03:54;AL  ;Cleared;EUtraNetwork=1,ExternalENodeBFunction=2221-650560;Inter Node Feature Incompatibility;Inter eNodeB CA feature is not activated in remote eNodeB
2025-09-15;11:09:12;AL  ;Minor ;EUtraNetwork=1,ExternalENodeBFunction=2221-650560;Inter Node Feature Incompatibility;Inter eNodeB CA feature is not activated in remote eNodeB
2025-09-15;11:09:30;AL  ;Cleared;EUtraNetwork=1,ExternalENodeBFunction=2221-650560;Inter Node Feature Incompatibility;Inter eNodeB CA feature is not activated in remote eNodeB
2025-09-15;11:14:50;AL  ;Minor ;EUtraNetwork=1,ExternalENodeBFunction=2221-650560;Inter Node Feature Incompatibility;Inter eNodeB CA feature is not activated in remote eNodeB
2025-09-15;11:15:09;AL  ;Cleared;EUtraNetwork=1,ExternalENodeBFunction=2221-650560;Inter Node Feature Incompatibility;Inter eNodeB CA feature is not activated in remote eNodeB
2025-09-15;11:20:32;AL  ;Minor ;EUtraNetwork=1,ExternalENodeBFunction=2221-650560;Inter Node Feature Incompatibility;Inter eNodeB CA feature is not activated in remote eNodeB
2025-09-15;11:20:57;AL  ;Cleared;EUtraNetwork=1,ExternalENodeBFunction=2221-650560;Inter Node Feature Incompatibility;Inter eNodeB CA feature is not activated in remote eNodeB
2025-09-15;11:26:20;AL  ;Minor ;EUtraNetwork=1,ExternalENodeBFunction=2221-650560;Inter Node Feature Incompatibility;Inter eNodeB CA feature is not activated in remote eNodeB
2025-09-15;11:26:40;AL  ;Cleared;EUtraNetwork=1,ExternalENodeBFunction=2221-650560;Inter Node Feature Incompatibility;Inter eNodeB CA feature is not activated in remote eNodeB
2025-09-15;11:32:05;AL  ;Minor ;EUtraNetwork=1,ExternalENodeBFunction=2221-650560;Inter Node Feature Incompatibility;Inter eNodeB CA feature is not activated in remote eNodeB
2025-09-15;11:32:23;AL  ;Cleared;EUtraNetwork=1,ExternalENodeBFunction=2221-650560;Inter Node Feature Incompatibility;Inter eNodeB CA feature is not activated in remote eNodeB
2025-09-15;11:37:50;AL  ;Minor ;EUtraNetwork=1,ExternalENodeBFunction=2221-650560;Inter Node Feature Incompatibility;Inter eNodeB CA feature is not activated in remote eNodeB
2025-09-15;11:38:04;AL  ;Cleared;EUtraNetwork=1,ExternalENodeBFunction=2221-650560;Inter Node Feature Incompatibility;Inter eNodeB CA feature is not activated in remote eNodeB
2025-09-15;11:43:35;AL  ;Minor ;EUtraNetwork=1,ExternalENodeBFunction=2221-650560;Inter Node Feature Incompatibility;Inter eNodeB CA feature is not activated in remote eNodeB
2025-09-15;11:43:48;AL  ;Cleared;EUtraNetwork=1,ExternalENodeBFunction=2221-650560;Inter Node Feature Incompatibility;Inter eNodeB CA feature is not activated in remote eNodeB
2025-09-15;11:49:22;AL  ;Minor ;EUtraNetwork=1,ExternalENodeBFunction=2221-650560;Inter Node Feature Incompatibility;Inter eNodeB CA feature is not activated in remote eNodeB
2025-09-15;11:49:32;AL  ;Minor ;EUtraNetwork=1,ExternalENodeBFunction=2221-650560;Inter Node Carrier Aggregation Service Unavailable;Elastic RAN Carrier Aggregation is not available towards remote eNodeB.
2025-09-15;11:49:39;AL  ;Cleared;EUtraNetwork=1,ExternalENodeBFunction=2221-650560;Inter Node Carrier Aggregation Service Unavailable;Elastic RAN Carrier Aggregation is not available towards remote eNodeB.
2025-09-15;11:49:39;AL  ;Cleared;EUtraNetwork=1,ExternalENodeBFunction=2221-650560;Inter Node Feature Incompatibility;Inter eNodeB CA feature is not activated in remote eNodeB
2025-09-15;11:55:22;AL  ;Minor ;EUtraNetwork=1,ExternalENodeBFunction=2221-650560;Inter Node Feature Incompatibility;Inter eNodeB CA feature is not activated in remote eNodeB
2025-09-16;08:50:55;AL  ;Minor ;ENodeBFunction=1;External Link Failure;X2 link problem to one or several neighbouring eNodeBs. AI: PLMN ID-eNB ID 1 = 2221-650727
2025-09-16;09:58:54;AL  ;Warning;ENodeBFunction=1;PLMN Service Redundancy Lost;S1 connection failure for PLMN connected with link represented by MO listed in Additional Information. AI: PLMN = ["2221"],DN1=ManagedElement=1,ENodeBFunction=1,TermPointToMme=5,
2025-09-16;09:59:24;AL  ;Cleared;ENodeBFunction=1;PLMN Service Redundancy Lost;S1 connection failure for PLMN connected with link represented by MO listed in Additional Information. AI: PLMN = ["2221"],DN1=ManagedElement=1,ENodeBFunction=1,TermPointToMme=5,
2025-09-16;10:37:55;AL  ;Cleared;EUtraNetwork=1,ExternalENodeBFunction=2221-650560;Inter Node Feature Incompatibility;Inter eNodeB CA feature is not activated in remote eNodeB
2025-09-16;10:43:43;AL  ;Minor ;EUtraNetwork=1,ExternalENodeBFunction=2221-650560;Inter Node Feature Incompatibility;Inter eNodeB CA feature is not activated in remote eNodeB
2025-09-16;14:59:47;AL  ;Cleared;ENodeBFunction=1;External Link Failure;X2 link problem to one or several neighbouring eNodeBs. AI: PLMN ID-eNB ID 1 = 2221-650727
2025-09-16;22:07:02;AL  ;Minor ;EUtraNetwork=1,ExternalENodeBFunction=2221-650012;Inter Node Carrier Aggregation Service Unavailable;Elastic RAN Carrier Aggregation is not available towards remote eNodeB.
2025-09-17;07:08:12;AL  ;Minor ;ENodeBFunction=1;External Link Failure;X2 link problem to one or several neighbouring eNodeBs. AI: PLMN ID-eNB ID 1 = 2221-650700
2025-09-17;09:15:45;AL  ;Cleared;ENodeBFunction=1;External Link Failure;X2 link problem to one or several neighbouring eNodeBs. AI: PLMN ID-eNB ID 1 = 2221-650700 PLMN ID-eNB ID 2 = 2221-209768
2025-09-18;08:17:24;AL  ;Minor ;ENodeBFunction=1;External Link Failure;X2 link problem to one or several neighbouring eNodeBs. AI: PLMN ID-eNB ID 1 = 2221-650121 PLMN ID-eNB ID 2 = 2221-209707
2025-09-18;08:51:14;AL  ;Minor ;ENodeBFunction=1;External Link Failure;X2 link problem to one or several neighbouring eNodeBs. AI: PLMN ID-eNB ID 1 = 2221-650121 PLMN ID-eNB ID 2 = 2221-209707 PLMN ID-eNB ID 3 = 2221-650757
2025-09-18;09:31:09;AL  ;Minor ;EUtraNetwork=1,ExternalENodeBFunction=2221-650700;Inter Node Carrier Aggregation Service Unavailable;Elastic RAN Carrier Aggregation is not available towards remote eNodeB.
2025-09-18;10:37:34;AL  ;Cleared;EUtraNetwork=1,ExternalENodeBFunction=2221-650700;Inter Node Carrier Aggregation Service Unavailable;Elastic RAN Carrier Aggregation is not available towards remote eNodeB.
2025-09-18;12:56:41;AL  ;Minor ;ENodeBFunction=1;External Link Failure;X2 link problem to one or several neighbouring eNodeBs. AI: PLMN ID-eNB ID 1 = 2221-650121 PLMN ID-eNB ID 2 = 2221-209707
2025-09-18;13:01:04;AL  ;Minor ;EUtraNetwork=1,ExternalENodeBFunction=2221-206988;Inter Node Carrier Aggregation Service Unavailable;Elastic RAN Carrier Aggregation is not available towards remote eNodeB.
2025-09-18;13:02:56;AL  ;Cleared;ENodeBFunction=1;External Link Failure;X2 link problem to one or several neighbouring eNodeBs. AI: PLMN ID-eNB ID 1 = 2221-650121 PLMN ID-eNB ID 2 = 2221-209707
2025-09-18;18:07:19;AL  ;Cleared;EUtraNetwork=1,ExternalENodeBFunction=2221-650560;Inter Node Feature Incompatibility;Inter eNodeB CA feature is not activated in remote eNodeB
2025-09-18;18:16:09;AL  ;Minor ;ENodeBFunction=1;External Link Failure;X2 link problem to one or several neighbouring eNodeBs. AI: PLMN ID-eNB ID 1 = 2221-650560
2025-09-18;18:16:46;AL  ;Minor ;ENodeBFunction=1;External Link to GNodeB Failure;X2 link problem to one or several neighbouring gNodeBs. AI: PLMN ID-gNB ID 1 = 2221-1053734
2025-09-18;18:17:38;AL  ;Minor ;ENodeBFunction=1;External Link Failure;X2 link problem to one or several neighbouring eNodeBs. AI: PLMN ID-eNB ID 1 = 2221-650560 PLMN ID-eNB ID 2 = 2221-210001
2025-09-20;02:44:31;AL  ;Minor ;ENodeBFunction=1;External Link Failure;X2 link problem to one or several neighbouring eNodeBs. AI: PLMN ID-eNB ID 1 = 2221-650560 PLMN ID-eNB ID 2 = 2221-210001 PLMN ID-eNB ID 3 = 2221-650525
2025-09-20;04:58:42;AL  ;Minor ;ENodeBFunction=1;External Link Failure;X2 link problem to one or several neighbouring eNodeBs. AI: PLMN ID-eNB ID 1 = 2221-650560 PLMN ID-eNB ID 2 = 2221-210001
2025-09-20;18:15:44;AL  ;Critical;FieldReplaceableUnit=BB-1,AlarmPort=1;External Alarm;ALLARME ANOMALIA E GUASTO
2025-09-21;12:05:54;AL  ;Cleared;EUtraNetwork=1,ExternalENodeBFunction=2221-650012;Inter Node Carrier Aggregation Service Unavailable;Elastic RAN Carrier Aggregation is not available towards remote eNodeB.
2025-09-21;12:20:08;AL  ;Cleared;EUtraNetwork=1,ExternalENodeBFunction=2221-206988;Inter Node Carrier Aggregation Service Unavailable;Elastic RAN Carrier Aggregation is not available towards remote eNodeB.
2025-09-21;12:33:18;AL  ;Cleared;ENodeBFunction=1;External Link Failure;X2 link problem to one or several neighbouring eNodeBs. AI: PLMN ID-eNB ID 1 = 2221-650560 PLMN ID-eNB ID 2 = 2221-210001
2025-09-21;13:35:13;AL  ;Minor ;ENodeBFunction=1;External Link Failure;X2 link problem to one or several neighbouring eNodeBs. AI: PLMN ID-eNB ID 1 = 2221-205083
2025-09-22;01:20:19;AL  ;Minor ;ENodeBFunction=1;External Link Failure;X2 link problem to one or several neighbouring eNodeBs. AI: PLMN ID-eNB ID 1 = 2221-205083 PLMN ID-eNB ID 2 = 2221-650279
2025-09-22;08:48:03;AL  ;Minor ;ENodeBFunction=1;External Link Failure;X2 link problem to one or several neighbouring eNodeBs. AI: PLMN ID-eNB ID 1 = 2221-205083
2025-09-22;09:58:48;AL  ;Cleared;ENodeBFunction=1;External Link Failure;X2 link problem to one or several neighbouring eNodeBs. AI: PLMN ID-eNB ID 1 = 2221-205083
2025-09-22;10:08:43;AL  ;Minor ;ENodeBFunction=1;External Link Failure;X2 link problem to one or several neighbouring eNodeBs. AI: PLMN ID-eNB ID 1 = 2221-650178
2025-09-22;10:17:12;AL  ;Cleared;ENodeBFunction=1;External Link to GNodeB Failure;X2 link problem to one or several neighbouring gNodeBs. AI: PLMN ID-gNB ID 1 = 2221-1053734
2025-09-22;11:19:40;AL  ;Minor ;ENodeBFunction=1;External Link Failure;X2 link problem to one or several neighbouring eNodeBs. AI: PLMN ID-eNB ID 1 = 2221-650178 PLMN ID-eNB ID 2 = 2221-650007
2025-09-22;13:25:58;AL  ;Minor ;ENodeBFunction=1;External Link Failure;X2 link problem to one or several neighbouring eNodeBs. AI: PLMN ID-eNB ID 1 = 2221-650178 PLMN ID-eNB ID 2 = 2221-650007 PLMN ID-eNB ID 3 = 2221-205266 PLMN ID-eNB ID 4 = 2221-205265
2025-09-22;13:41:54;AL  ;Minor ;ENodeBFunction=1;External Link Failure;X2 link problem to one or several neighbouring eNodeBs. AI: PLMN ID-eNB ID 1 = 2221-650178 PLMN ID-eNB ID 2 = 2221-205266 PLMN ID-eNB ID 3 = 2221-205265 PLMN ID-eNB ID 4 = 2221-205083
2025-09-22;14:06:10;AL  ;Minor ;ENodeBFunction=1;External Link Failure;X2 link problem to one or several neighbouring eNodeBs. AI: PLMN ID-eNB ID 1 = 2221-650178 PLMN ID-eNB ID 2 = 2221-205266 PLMN ID-eNB ID 3 = 2221-205265
2025-09-22;14:27:46;AL  ;Minor ;ENodeBFunction=1;External Link Failure;X2 link problem to one or several neighbouring eNodeBs. AI: PLMN ID-eNB ID 1 = 2221-205266 PLMN ID-eNB ID 2 = 2221-205265
2025-09-23;08:40:06;AL  ;Cleared;ENodeBFunction=1;External Link Failure;X2 link problem to one or several neighbouring eNodeBs. AI: PLMN ID-eNB ID 1 = 2221-205266 PLMN ID-eNB ID 2 = 2221-205265
2025-09-23;15:28:14;AL  ;Minor ;EUtraNetwork=1,ExternalENodeBFunction=2221-650560;Inter Node Feature Incompatibility;Inter eNodeB CA feature is not activated in remote eNodeB
2025-09-24;05:16:16;AL  ;Minor ;EUtraNetwork=1,ExternalENodeBFunction=2221-650560;Inter Node Carrier Aggregation Service Unavailable;Elastic RAN Carrier Aggregation is not available towards remote eNodeB.
2025-09-24;15:50:27;AL  ;Minor ;ENodeBFunction=1;External Link Failure;X2 link problem to one or several neighbouring eNodeBs. AI: PLMN ID-eNB ID 1 = 2221-203197
2025-09-25;09:06:12;AL  ;Minor ;ENodeBFunction=1;External Link Failure;X2 link problem to one or several neighbouring eNodeBs. AI: PLMN ID-eNB ID 1 = 2221-203197 PLMN ID-eNB ID 2 = 2221-650308
2025-09-25;11:07:28;AL  ;Minor ;ENodeBFunction=1;External Link Failure;X2 link problem to one or several neighbouring eNodeBs. AI: PLMN ID-eNB ID 1 = 2221-650308
2025-09-25;12:54:47;AL  ;Cleared;ENodeBFunction=1;External Link Failure;X2 link problem to one or several neighbouring eNodeBs. AI: PLMN ID-eNB ID 1 = 2221-650308
2025-09-26;08:34:25;AL  ;Minor ;ENodeBFunction=1;External Link Failure;X2 link problem to one or several neighbouring eNodeBs. AI: PLMN ID-eNB ID 1 = 2221-203197
2025-09-26;13:33:38;AL  ;Cleared;ENodeBFunction=1;External Link Failure;X2 link problem to one or several neighbouring eNodeBs. AI: PLMN ID-eNB ID 1 = 2221-203197
2025-09-27;11:06:06;AL  ;Minor ;ENodeBFunction=1;External Link Failure;X2 link problem to one or several neighbouring eNodeBs. AI: PLMN ID-eNB ID 1 = 2221-650300
2025-09-27;11:22:07;AL  ;Minor ;ENodeBFunction=1;External Link Failure;X2 link problem to one or several neighbouring eNodeBs. AI: PLMN ID-eNB ID 1 = 2221-650300 PLMN ID-eNB ID 2 = 2221-650655
2025-09-28;08:49:09;AL  ;Cleared;EUtraNetwork=1,ExternalENodeBFunction=2221-650560;Inter Node Carrier Aggregation Service Unavailable;Elastic RAN Carrier Aggregation is not available towards remote eNodeB.
2025-09-28;08:49:09;AL  ;Cleared;EUtraNetwork=1,ExternalENodeBFunction=2221-650560;Inter Node Feature Incompatibility;Inter eNodeB CA feature is not activated in remote eNodeB
2025-09-28;08:49:35;AL  ;Minor ;EUtraNetwork=1,ExternalENodeBFunction=2221-650560;Inter Node Feature Incompatibility;Inter eNodeB CA feature is not activated in remote eNodeB
2025-09-28;12:30:51;AL  ;Cleared;ENodeBFunction=1;External Link Failure;X2 link problem to one or several neighbouring eNodeBs. AI: PLMN ID-eNB ID 1 = 2221-650300 PLMN ID-eNB ID 2 = 2221-650655
2025-09-28;15:46:00;AL  ;Minor ;ENodeBFunction=1;External Link Failure;X2 link problem to one or several neighbouring eNodeBs. AI: PLMN ID-eNB ID 1 = 2221-650700 PLMN ID-eNB ID 2 = 2221-209768
2025-09-28;15:47:14;AL  ;Cleared;ENodeBFunction=1;External Link Failure;X2 link problem to one or several neighbouring eNodeBs. AI: PLMN ID-eNB ID 1 = 2221-650700 PLMN ID-eNB ID 2 = 2221-209768
2025-09-28;15:49:45;AL  ;Minor ;EUtraNetwork=1,ExternalENodeBFunction=2221-650700;Inter Node Carrier Aggregation Service Unavailable;Elastic RAN Carrier Aggregation is not available towards remote eNodeB.
2025-09-29;10:37:22;AL  ;Cleared;EUtraNetwork=1,ExternalENodeBFunction=2221-650700;Inter Node Carrier Aggregation Service Unavailable;Elastic RAN Carrier Aggregation is not available towards remote eNodeB.
2025-09-29;10:42:38;AL  ;Minor ;EUtraNetwork=1,ExternalENodeBFunction=2221-650700;Inter Node Carrier Aggregation Service Unavailable;Elastic RAN Carrier Aggregation is not available towards remote eNodeB.
2025-09-30;12:05:54;AL  ;Minor ;ENodeBFunction=1;External Link Failure;X2 link problem to one or several neighbouring eNodeBs. AI: PLMN ID-eNB ID 1 = 2221-650390
2025-09-30;14:52:19;AL  ;Cleared;ENodeBFunction=1;External Link Failure;X2 link problem to one or several neighbouring eNodeBs. AI: PLMN ID-eNB ID 1 = 2221-650390
2025-10-01;08:42:34;AL  ;Cleared;EUtraNetwork=1,ExternalENodeBFunction=2221-650408;Inter Node Feature Incompatibility;Inter eNodeB CA feature is not activated in remote eNodeB
2025-10-01;08:51:33;AL  ;Minor ;ENodeBFunction=1;External Link Failure;X2 link problem to one or several neighbouring eNodeBs. AI: PLMN ID-eNB ID 1 = 2221-650408
2025-10-01;08:51:34;AL  ;Minor ;EUtraNetwork=1,ExternalENodeBFunction=2221-650408;Inter Node Feature Incompatibility;Inter eNodeB CA feature is not activated in remote eNodeB
2025-10-01;08:51:36;AL  ;Minor ;EUtraNetwork=1,ExternalENodeBFunction=2221-650408;Inter Node Carrier Aggregation Service Unavailable;Elastic RAN Carrier Aggregation is not available towards remote eNodeB.
2025-10-01;08:51:49;AL  ;Cleared;ENodeBFunction=1;External Link Failure;X2 link problem to one or several neighbouring eNodeBs. AI: PLMN ID-eNB ID 1 = 2221-650408
2025-10-02;03:24:15;AL  ;Minor ;ENodeBFunction=1;External Link Failure;X2 link problem to one or several neighbouring eNodeBs. AI: PLMN ID-eNB ID 1 = 2221-650726
2025-10-02;03:44:34;AL  ;Cleared;ENodeBFunction=1;External Link Failure;X2 link problem to one or several neighbouring eNodeBs. AI: PLMN ID-eNB ID 1 = 2221-650726
2025-10-02;20:29:02;AL  ;Critical;FieldReplaceableUnit=BB-1,AlarmPort=1;External Alarm;ALLARME ANOMALIA E GUASTO
2025-10-03;04:59:25;AL  ;Minor ;ENodeBFunction=1;External Link Failure;X2 link problem to one or several neighbouring eNodeBs. AI: PLMN ID-eNB ID 1 = 2221-650655
2025-10-03;17:57:05;AL  ;Cleared;ENodeBFunction=1;External Link Failure;X2 link problem to one or several neighbouring eNodeBs. AI: PLMN ID-eNB ID 1 = 2221-650655
2025-10-05;03:02:17;AL  ;Cleared;EUtraNetwork=1,ExternalENodeBFunction=2221-650700;Inter Node Carrier Aggregation Service Unavailable;Elastic RAN Carrier Aggregation is not available towards remote eNodeB.
2025-10-05;08:42:37;AL  ;Minor ;EUtraNetwork=1,ExternalENodeBFunction=2221-650560;Inter Node Carrier Aggregation Service Unavailable;Elastic RAN Carrier Aggregation is not available towards remote eNodeB.
2025-10-05;12:11:36;AL  ;Cleared;EUtraNetwork=1,ExternalENodeBFunction=2221-650560;Inter Node Carrier Aggregation Service Unavailable;Elastic RAN Carrier Aggregation is not available towards remote eNodeB.
2025-10-05;12:11:36;AL  ;Cleared;EUtraNetwork=1,ExternalENodeBFunction=2221-650560;Inter Node Feature Incompatibility;Inter eNodeB CA feature is not activated in remote eNodeB
2025-10-05;12:11:43;AL  ;Cleared;EUtraNetwork=1,ExternalENodeBFunction=2221-650408;Inter Node Carrier Aggregation Service Unavailable;Elastic RAN Carrier Aggregation is not available towards remote eNodeB.
2025-10-05;12:11:43;AL  ;Cleared;EUtraNetwork=1,ExternalENodeBFunction=2221-650408;Inter Node Feature Incompatibility;Inter eNodeB CA feature is not activated in remote eNodeB
2025-10-05;12:12:26;AL  ;Minor ;EUtraNetwork=1,ExternalENodeBFunction=2221-650408;Inter Node Carrier Aggregation Service Unavailable;Elastic RAN Carrier Aggregation is not available towards remote eNodeB.
2025-10-05;12:25:54;AL  ;Cleared;EUtraNetwork=1,ExternalENodeBFunction=2221-650408;Inter Node Carrier Aggregation Service Unavailable;Elastic RAN Carrier Aggregation is not available towards remote eNodeB.
2025-10-05;20:16:36;AL  ;Minor ;ENodeBFunction=1;External Link Failure;X2 link problem to one or several neighbouring eNodeBs. AI: PLMN ID-eNB ID 1 = 2221-650726
2025-10-05;20:19:20;AL  ;Cleared;ENodeBFunction=1;External Link Failure;X2 link problem to one or several neighbouring eNodeBs. AI: PLMN ID-eNB ID 1 = 2221-650726


ZC18T> lgec -m 30d

251007-12:18:18+0200 19.31.11.141 25.0h MSRBS_NODE_MODEL_25.Q1_693.28324.131_62ac stopfile=/tmp/1215384

Startdate=20250907.101818, Enddate=20251008.101818
Date;Time;Log;Severity;Object;Event;Cause;AdditionalText;AckState;Id;NotificationId;CorrelatedAlarms
Executing action Log.export()
..
Log=AlertLog                    actionId=62203
...
=================================================================================================================
MO                  actionId result      resultInfo
=================================================================================================================
LogM=1,Log=AlertLog 62203    1 (SUCCESS)           
cat  /ericsson/log/amos/moshell_logfiles/t20251007_37258710_53697/logs_moshell/tempfiles/scp-2-amos_20251007-121732_1215326/rcslogs/AlertLog_20220811__131148_20250226__232103.log /ericsson/log/amos/moshell_logfiles/t20251007_37258710_53697/logs_moshell/tempfiles/scp-2-amos_20251007-121732_1215326/rcslogs/AlertLog_20250226__232103.log > /ericsson/log/amos/moshell_logfiles/t20251007_37258710_53697/logs_moshell/tempfiles/scp-2-amos_20251007-121732_1215326/eventLog1215384.xml
2025-10-01;03:26:16;EV  ;Warning;NRCellDU=ZC18V1;Cell Service Unavailable Auto Recovery Initiated Alert;
2025-10-01;03:26:26;EV  ;Warning;NRCellDU=ZC18V2;Cell Service Unavailable Auto Recovery Initiated Alert;

Bye...
Output has been logged to file /mta_fs/UserFiles/37258710/amosbatch/2025-10-07_11-07-01_53697/ZC18T.log
