Logging to file /mta_fs/UserFiles/37258710/amosbatch/2025-10-07_11-07-01_53697/ZC1BE.log
                        __  __  ____   _____
                  /\   |  \/  |/ __ \ / ____|
                 /  \  | \  / | |  | | (___  
                / /\ \ | |\/| | |  | |\___ \ 
               / ____ \| |  | | |__| |____) |
              /_/    \_\_|  |_|\____/|_____/
              OSS Framework for MoShell-25.0h 
  Copyright (c) Ericsson AB 2001-2025 - All Rights Reserved
              
           
[1;31mWARNING: [0mthe AMOS version currently running is more than 22 weeks old and is unsupported.
Please upgrade as soon as possible to the latest released version, available from your local Ericsson support.

$amosrb_pid = 1128921

Checking ip contact...OK

HELP MENU            : h
BASIC MO COMMANDS    : m
OTHER MO COMMANDS    : n
OTHER COMMANDS       : o
PM COMMANDS          : p
QUIT                 : q

ZC1BE> lt all

251007-12:06:16+0200 19.31.10.200 25.0h  stopfile=/tmp/1128658
Looking up temporary_amos account... OK.
Trying temporary_amos_t20251007_37258710_53697_313's password from amos lookupAccount ... OK

$ssh_pid = 1129836

Connected to 19.31.10.200 (SubNetwork=BBMM_rckomc_R,MeContext=ZC1BE,ManagedElement=ZC1BE)

Checking MOM version...MSRBS_NODE_MODEL_25.Q1_198665.224.73_bf81
Parsing MOM (cached): /ericsson/log/amos/moshell_logfiles/t20251007_37258710_53697/logs_moshell/tempfiles/scp-2-amos_20251007-120609_1128589/MSRBS_NODE_MODEL_25.Q1_198665.224.73_bf81.xml.cache.gz ......................................................................................................................................................................................................................Done.
Using paramfile /opt/ericsson/amos/moshell/commonjars/pm/PARAM_MSRBSG2_25.Q1.txt
Parsing file /opt/ericsson/amos/moshell/commonjars/pm/PARAM_MSRBSG2_25.Q1.txt ......................................................................................Done.
Using imomdfile /opt/ericsson/amos/moshell/commonjars/pm/IMOMD_MSRBS_22.Q4.txt
Using imomfile /opt/ericsson/amos/moshell/commonjars/pm/IMOM_MSRBS_25.Q1.txt
Connected to 19.31.10.200 (SubNetwork=BBMM_rckomc_R,MeContext=ZC1BE,ManagedElement=ZC1BE)

Last MO: 16973. Loaded 16973 MOs. Total: 16974 MOs.

ZC1BE> hget EUtranCellFDD ^cellid

251007-12:06:35+0200 19.31.10.200 25.0h MSRBS_NODE_MODEL_25.Q1_198665.224.73_bf81 stopfile=/tmp/1128658

=================================================================================================================
MO                   cellId
=================================================================================================================
EUtranCellFDD=ZC1BE1 61    
EUtranCellFDD=ZC1BE2 62    
EUtranCellFDD=ZC1BL1 21    
EUtranCellFDD=ZC1BL2 22    
=================================================================================================================
Total: 4 MOs

Added 4 MOs to group: hget_group

ZC1BE> hget NbIotCell ^cellid

251007-12:06:36+0200 19.31.10.200 25.0h MSRBS_NODE_MODEL_25.Q1_198665.224.73_bf81 stopfile=/tmp/1128658
.
=================================================================================================================
MO               cellId
=================================================================================================================
NbIotCell=ZC1BN1 161   
NbIotCell=ZC1BN2 162   
=================================================================================================================
Total: 2 MOs

Added 2 MOs to group: hget_group

ZC1BE> hget NRCellDU ^cellLocalId

251007-12:06:36+0200 19.31.10.200 25.0h MSRBS_NODE_MODEL_25.Q1_198665.224.73_bf81 stopfile=/tmp/1128658
Total: 0 MOs

ZC1BE> lgdc -m 30d

251007-12:06:36+0200 19.31.10.200 25.0h MSRBS_NODE_MODEL_25.Q1_198665.224.73_bf81 stopfile=/tmp/1128658

Startdate=20250907.100636, Enddate=20251008.100637
INFO: Using amos lookupAccount credentials for the export login

Executing action LogM.exportAvailabilityLog()
...LogM=1,exportAvailabilityLog    actionId=6185
......
=================================================================================================================
MO     actionId result      resultInfo
=================================================================================================================
LogM=1 6185     1 (SUCCESS)           
cp /ericsson/log/amos/moshell_logfiles/t20251007_37258710_53697/logs_moshell/tempfiles/scp-2-amos_20251007-120609_1128589/rcslogs/RBS_CS_AVAILABILITY_LOG_20251007100641.xml /ericsson/log/amos/moshell_logfiles/t20251007_37258710_53697/logs_moshell/tempfiles/scp-2-amos_20251007-120609_1128589/availabilityLog1128658.xml
Parsing availabilityLog........Done.
.....
Date;Time;RestartType;SwVersion;SwRelease;RCSDowntime;ApplicationDowntime;TNDowntime;RATsDowntime;ExtraInfo;ExtraInfo2
2025-09-08;08:31:19;PartialOutage(Manual);25% Lrat Cell 62; ();11s;;;;;
2025-09-08;08:31:37;PartialOutage(Manual);16% Lrat Cell 61; ();22s;;;;;
2025-09-08;08:32:18;PartialOutage(Manual);15% Lrat Cell 22; ();5s;;;;;
2025-09-08;08:32:23;PartialOutage(Manual);86% Lrat Cell 161; ();7s;;;;;
2025-09-08;08:32:35;PartialOutage(Manual);16% Lrat Cell 21; ();1s;;;;;

Node uptime since last restart: 2511246 seconds (29 days, 1 hours, 34 minutes, 6 seconds)
------------------------------------------------------------------------------------------------------
Period=30 days       NodeUpgrade      NodeManual       NodeSpontaneous  AllNodeRestarts  PartialOutages  
------------------------------------------------------------------------------------------------------
Number Of outages    0                0                0                0                5               
Total downtime       0s               0s               0s               0s               46s             
Downtime per day     0s               0s               0s               0s               2s              
Downtime per outage  0s               0s               0s               0s               9s              

ZC1BE> lgac -m 30d

251007-12:06:49+0200 19.31.10.200 25.0h MSRBS_NODE_MODEL_25.Q1_198665.224.73_bf81 stopfile=/tmp/1128658

Startdate=20250907.100649, Enddate=20251008.100649
Date;Time;Log;Severity;Object;Event;Cause;AdditionalText;AckState;Id;NotificationId;CorrelatedAlarms
Executing action Log.export()
..
Log=AlarmLog                    actionId=6186
..........
=================================================================================================================
MO                  actionId result      resultInfo
=================================================================================================================
LogM=1,Log=AlarmLog 6186     1 (SUCCESS)           
cat  /ericsson/log/amos/moshell_logfiles/t20251007_37258710_53697/logs_moshell/tempfiles/scp-2-amos_20251007-120609_1128589/rcslogs/saLogAlarm_20230729__035027_20241209__092818.log /ericsson/log/amos/moshell_logfiles/t20251007_37258710_53697/logs_moshell/tempfiles/scp-2-amos_20251007-120609_1128589/rcslogs/saLogAlarm_20241209__092818_20250311__043533.log /ericsson/log/amos/moshell_logfiles/t20251007_37258710_53697/logs_moshell/tempfiles/scp-2-amos_20251007-120609_1128589/rcslogs/saLogAlarm_20250311__043533.log > /ericsson/log/amos/moshell_logfiles/t20251007_37258710_53697/logs_moshell/tempfiles/scp-2-amos_20251007-120609_1128589/alarmLog1128658.xml
2025-09-07;12:45:55;AL  ;Cleared;EUtraNetwork=1,ExternalENodeBFunction=2221-211440;Inter Node Carrier Aggregation Service Unavailable;Elastic RAN Carrier Aggregation is not available towards remote eNodeB.
2025-09-07;12:45:55;AL  ;Cleared;EUtraNetwork=1,ExternalENodeBFunction=2221-211440;Inter Node Feature Incompatibility;Inter eNodeB CA feature is not activated in remote eNodeB. SUPPRESSED
2025-09-07;12:45:55;AL  ;Minor ;EUtraNetwork=1,ExternalENodeBFunction=2221-211441;Inter Node Feature Incompatibility;Inter eNodeB CA feature is not activated in remote eNodeB. SUPPRESSED
2025-09-07;12:46:58;AL  ;Minor ;EUtraNetwork=1,ExternalENodeBFunction=2221-211440;Inter Node Carrier Aggregation Service Unavailable;Elastic RAN Carrier Aggregation is not available towards remote eNodeB.
2025-09-08;06:01:29;AL  ;Cleared;EUtraNetwork=1,ExternalENodeBFunction=2221-211441;Inter Node Feature Incompatibility;Inter eNodeB CA feature is not activated in remote eNodeB. SUPPRESSED
2025-09-08;06:39:21;AL  ;Cleared;EUtraNetwork=1,ExternalENodeBFunction=2221-211440;Inter Node Carrier Aggregation Service Unavailable;Elastic RAN Carrier Aggregation is not available towards remote eNodeB.
2025-09-08;06:48:49;AL  ;Minor ;ENodeBFunction=1;External Link to GNodeB Failure;X2 link problem to one or several neighbouring gNodeBs. AI: PLMN ID-gNB ID 1 = 2221-1055508
2025-09-08;06:48:54;AL  ;Minor ;ENodeBFunction=1;External Link Failure;X2 link problem to one or several neighbouring eNodeBs. AI: PLMN ID-eNB ID 1 = 2221-211440 PLMN ID-eNB ID 2 = 2221-211441
2025-09-08;13:17:54;AL  ;Cleared;ENodeBFunction=1;External Link to GNodeB Failure;X2 link problem to one or several neighbouring gNodeBs. AI: PLMN ID-gNB ID 1 = 2221-1055508
2025-09-08;13:18:11;AL  ;Minor ;ENodeBFunction=1;External Link Failure;X2 link problem to one or several neighbouring eNodeBs. AI: PLMN ID-eNB ID 1 = 2221-211440
2025-09-08;13:19:01;AL  ;Cleared;ENodeBFunction=1;External Link Failure;X2 link problem to one or several neighbouring eNodeBs. AI: PLMN ID-eNB ID 1 = 2221-211440
2025-09-08;13:21:03;AL  ;Minor ;EUtraNetwork=1,ExternalENodeBFunction=2221-211440;Inter Node Carrier Aggregation Service Unavailable;Elastic RAN Carrier Aggregation is not available towards remote eNodeB.
2025-09-08;13:21:10;AL  ;Minor ;EUtraNetwork=1,ExternalENodeBFunction=2221-211441;Inter Node Carrier Aggregation Service Unavailable;Elastic RAN Carrier Aggregation is not available towards remote eNodeB.
2025-09-08;16:31:55;AL  ;Cleared;EUtraNetwork=1,ExternalENodeBFunction=2221-205867;Inter Node Feature Incompatibility;Inter eNodeB CA feature is not activated in remote eNodeB. SUPPRESSED
2025-09-08;16:31:55;AL  ;Minor ;EUtraNetwork=1,ExternalENodeBFunction=2221-211440;Inter Node Feature Incompatibility;Inter eNodeB CA feature is not activated in remote eNodeB. SUPPRESSED
2025-09-08;16:34:01;AL  ;Cleared;EUtraNetwork=1,ExternalENodeBFunction=2221-211440;Inter Node Feature Incompatibility;Inter eNodeB CA feature is not activated in remote eNodeB. SUPPRESSED
2025-09-08;16:34:01;AL  ;Minor ;EUtraNetwork=1,ExternalENodeBFunction=2221-205867;Inter Node Feature Incompatibility;Inter eNodeB CA feature is not activated in remote eNodeB. SUPPRESSED
2025-09-08;17:32:28;AL  ;Cleared;EUtraNetwork=1,ExternalENodeBFunction=2221-205867;Inter Node Feature Incompatibility;Inter eNodeB CA feature is not activated in remote eNodeB. SUPPRESSED
2025-09-08;17:32:28;AL  ;Minor ;EUtraNetwork=1,ExternalENodeBFunction=2221-211440;Inter Node Feature Incompatibility;Inter eNodeB CA feature is not activated in remote eNodeB. SUPPRESSED
2025-09-08;17:41:26;AL  ;Cleared;EUtraNetwork=1,ExternalENodeBFunction=2221-211440;Inter Node Feature Incompatibility;Inter eNodeB CA feature is not activated in remote eNodeB. SUPPRESSED
2025-09-08;17:41:26;AL  ;Minor ;EUtraNetwork=1,ExternalENodeBFunction=2221-205867;Inter Node Feature Incompatibility;Inter eNodeB CA feature is not activated in remote eNodeB. SUPPRESSED
2025-09-08;17:49:00;AL  ;Minor ;EUtraNetwork=1,ExternalENodeBFunction=2221-211440;Inter Node Feature Incompatibility;Inter eNodeB CA feature is not activated in remote eNodeB. SUPPRESSED
2025-09-08;17:53:57;AL  ;Cleared;EUtraNetwork=1,ExternalENodeBFunction=2221-211440;Inter Node Feature Incompatibility;Inter eNodeB CA feature is not activated in remote eNodeB. SUPPRESSED
2025-09-08;17:59:08;AL  ;Minor ;EUtraNetwork=1,ExternalENodeBFunction=2221-211440;Inter Node Feature Incompatibility;Inter eNodeB CA feature is not activated in remote eNodeB. SUPPRESSED
2025-09-08;18:04:51;AL  ;Cleared;EUtraNetwork=1,ExternalENodeBFunction=2221-211440;Inter Node Feature Incompatibility;Inter eNodeB CA feature is not activated in remote eNodeB. SUPPRESSED
2025-09-08;18:09:03;AL  ;Minor ;EUtraNetwork=1,ExternalENodeBFunction=2221-211440;Inter Node Feature Incompatibility;Inter eNodeB CA feature is not activated in remote eNodeB. SUPPRESSED
2025-09-08;18:16:21;AL  ;Cleared;EUtraNetwork=1,ExternalENodeBFunction=2221-211440;Inter Node Feature Incompatibility;Inter eNodeB CA feature is not activated in remote eNodeB. SUPPRESSED
2025-09-08;18:39:52;AL  ;Minor ;EUtraNetwork=1,ExternalENodeBFunction=2221-211440;Inter Node Feature Incompatibility;Inter eNodeB CA feature is not activated in remote eNodeB. SUPPRESSED
2025-09-08;18:44:16;AL  ;Cleared;EUtraNetwork=1,ExternalENodeBFunction=2221-211440;Inter Node Feature Incompatibility;Inter eNodeB CA feature is not activated in remote eNodeB. SUPPRESSED
2025-09-08;19:03:04;AL  ;Minor ;EUtraNetwork=1,ExternalENodeBFunction=2221-211440;Inter Node Feature Incompatibility;Inter eNodeB CA feature is not activated in remote eNodeB. SUPPRESSED
2025-09-08;19:06:59;AL  ;Cleared;EUtraNetwork=1,ExternalENodeBFunction=2221-211440;Inter Node Feature Incompatibility;Inter eNodeB CA feature is not activated in remote eNodeB. SUPPRESSED
2025-09-08;19:07:59;AL  ;Minor ;EUtraNetwork=1,ExternalENodeBFunction=2221-211440;Inter Node Feature Incompatibility;Inter eNodeB CA feature is not activated in remote eNodeB. SUPPRESSED
2025-09-08;19:49:29;AL  ;Minor ;AntennaUnitGroup=1,AntennaNearUnit=RET_800;No Connection;Antenna near unit controller occupied.
2025-09-08;19:49:36;AL  ;Cleared;AntennaUnitGroup=1,AntennaNearUnit=RET_800;No Connection;Antenna near unit controller occupied.
2025-09-08;20:14:46;AL  ;Minor ;EUtraNetwork=1,ExternalENodeBFunction=2221-211441;Inter Node Feature Incompatibility;Inter eNodeB CA feature is not activated in remote eNodeB. SUPPRESSED
2025-09-08;20:14:59;AL  ;Cleared;EUtraNetwork=1,ExternalENodeBFunction=2221-211441;Inter Node Feature Incompatibility;Inter eNodeB CA feature is not activated in remote eNodeB. SUPPRESSED
2025-09-09;06:02:01;AL  ;Cleared;EUtraNetwork=1,ExternalENodeBFunction=2221-211440;Inter Node Feature Incompatibility;Inter eNodeB CA feature is not activated in remote eNodeB. SUPPRESSED
2025-09-09;08:01:42;AL  ;Minor ;EUtraNetwork=1,ExternalENodeBFunction=2221-205867;Inter Node Feature Incompatibility;Inter eNodeB CA feature is not activated in remote eNodeB. SUPPRESSED
2025-09-09;10:01:42;AL  ;Cleared;EUtraNetwork=1,ExternalENodeBFunction=2221-205867;Inter Node Feature Incompatibility;Inter eNodeB CA feature is not activated in remote eNodeB. SUPPRESSED
2025-09-09;10:01:42;AL  ;Minor ;EUtraNetwork=1,ExternalENodeBFunction=2221-211440;Inter Node Feature Incompatibility;Inter eNodeB CA feature is not activated in remote eNodeB. SUPPRESSED
2025-09-09;10:04:41;AL  ;Cleared;EUtraNetwork=1,ExternalENodeBFunction=2221-211440;Inter Node Feature Incompatibility;Inter eNodeB CA feature is not activated in remote eNodeB. SUPPRESSED
2025-09-09;10:04:41;AL  ;Minor ;EUtraNetwork=1,ExternalENodeBFunction=2221-205867;Inter Node Feature Incompatibility;Inter eNodeB CA feature is not activated in remote eNodeB. SUPPRESSED
2025-09-09;10:42:55;AL  ;Cleared;EUtraNetwork=1,ExternalENodeBFunction=2221-211441;Inter Node Carrier Aggregation Service Unavailable;Elastic RAN Carrier Aggregation is not available towards remote eNodeB.
2025-09-09;10:43:00;AL  ;Cleared;EUtraNetwork=1,ExternalENodeBFunction=2221-211440;Inter Node Carrier Aggregation Service Unavailable;Elastic RAN Carrier Aggregation is not available towards remote eNodeB.
2025-09-09;10:48:02;AL  ;Cleared;EUtraNetwork=1,ExternalENodeBFunction=2221-205867;Inter Node Feature Incompatibility;Inter eNodeB CA feature is not activated in remote eNodeB. SUPPRESSED
2025-09-09;10:48:22;AL  ;Minor ;EUtraNetwork=1,ExternalENodeBFunction=2221-211440;Inter Node Carrier Aggregation Service Unavailable;Elastic RAN Carrier Aggregation is not available towards remote eNodeB.
2025-09-09;10:48:32;AL  ;Minor ;EUtraNetwork=1,ExternalENodeBFunction=2221-211441;Inter Node Feature Incompatibility;Inter eNodeB CA feature is not activated in remote eNodeB. SUPPRESSED
2025-09-09;10:48:34;AL  ;Minor ;EUtraNetwork=1,ExternalENodeBFunction=2221-211441;Inter Node Carrier Aggregation Service Unavailable;Elastic RAN Carrier Aggregation is not available towards remote eNodeB.
2025-09-09;11:03:58;AL  ;Cleared;EUtraNetwork=1,ExternalENodeBFunction=2221-211441;Inter Node Feature Incompatibility;Inter eNodeB CA feature is not activated in remote eNodeB. SUPPRESSED
2025-09-09;11:03:58;AL  ;Minor ;EUtraNetwork=1,ExternalENodeBFunction=2221-205867;Inter Node Feature Incompatibility;Inter eNodeB CA feature is not activated in remote eNodeB. SUPPRESSED
2025-09-09;11:32:53;AL  ;Minor ;EUtraNetwork=1,ExternalENodeBFunction=2221-211440;Inter Node Feature Incompatibility;Inter eNodeB CA feature is not activated in remote eNodeB. SUPPRESSED
2025-09-09;11:37:57;AL  ;Cleared;EUtraNetwork=1,ExternalENodeBFunction=2221-211440;Inter Node Feature Incompatibility;Inter eNodeB CA feature is not activated in remote eNodeB. SUPPRESSED
2025-09-09;13:31:55;AL  ;Cleared;EUtraNetwork=1,ExternalENodeBFunction=2221-205867;Inter Node Feature Incompatibility;Inter eNodeB CA feature is not activated in remote eNodeB. SUPPRESSED
2025-09-09;13:31:55;AL  ;Minor ;EUtraNetwork=1,ExternalENodeBFunction=2221-211440;Inter Node Feature Incompatibility;Inter eNodeB CA feature is not activated in remote eNodeB. SUPPRESSED
2025-09-09;13:39:12;AL  ;Cleared;EUtraNetwork=1,ExternalENodeBFunction=2221-211440;Inter Node Feature Incompatibility;Inter eNodeB CA feature is not activated in remote eNodeB. SUPPRESSED
2025-09-09;13:39:12;AL  ;Minor ;EUtraNetwork=1,ExternalENodeBFunction=2221-205867;Inter Node Feature Incompatibility;Inter eNodeB CA feature is not activated in remote eNodeB. SUPPRESSED
2025-09-09;19:08:05;AL  ;Minor ;EUtraNetwork=1,ExternalENodeBFunction=2221-211440;Inter Node Feature Incompatibility;Inter eNodeB CA feature is not activated in remote eNodeB. SUPPRESSED
2025-09-09;20:07:59;AL  ;Minor ;EUtraNetwork=1,ExternalENodeBFunction=2221-211441;Inter Node Feature Incompatibility;Inter eNodeB CA feature is not activated in remote eNodeB. SUPPRESSED
2025-09-09;20:07:59;AL  ;Cleared;EUtraNetwork=1,ExternalENodeBFunction=2221-211440;Inter Node Feature Incompatibility;Inter eNodeB CA feature is not activated in remote eNodeB. SUPPRESSED
2025-09-09;20:09:59;AL  ;Cleared;EUtraNetwork=1,ExternalENodeBFunction=2221-211441;Inter Node Feature Incompatibility;Inter eNodeB CA feature is not activated in remote eNodeB. SUPPRESSED
2025-09-09;20:09:59;AL  ;Minor ;EUtraNetwork=1,ExternalENodeBFunction=2221-211440;Inter Node Feature Incompatibility;Inter eNodeB CA feature is not activated in remote eNodeB. SUPPRESSED
2025-09-10;06:01:06;AL  ;Minor ;EUtraNetwork=1,ExternalENodeBFunction=2221-211441;Inter Node Feature Incompatibility;Inter eNodeB CA feature is not activated in remote eNodeB. SUPPRESSED
2025-09-10;06:01:10;AL  ;Cleared;EUtraNetwork=1,ExternalENodeBFunction=2221-211441;Inter Node Feature Incompatibility;Inter eNodeB CA feature is not activated in remote eNodeB. SUPPRESSED
2025-09-10;06:01:43;AL  ;Minor ;EUtraNetwork=1,ExternalENodeBFunction=2221-211440;Inter Node Feature Incompatibility;Inter eNodeB CA feature is not activated in remote eNodeB. SUPPRESSED
2025-09-10;06:02:01;AL  ;Cleared;EUtraNetwork=1,ExternalENodeBFunction=2221-211440;Inter Node Feature Incompatibility;Inter eNodeB CA feature is not activated in remote eNodeB. SUPPRESSED
2025-09-10;06:37:54;AL  ;Minor ;EUtraNetwork=1,ExternalENodeBFunction=2221-211440;Inter Node Feature Incompatibility;Inter eNodeB CA feature is not activated in remote eNodeB. SUPPRESSED
2025-09-10;06:42:54;AL  ;Cleared;EUtraNetwork=1,ExternalENodeBFunction=2221-211440;Inter Node Feature Incompatibility;Inter eNodeB CA feature is not activated in remote eNodeB. SUPPRESSED
2025-09-10;09:31:55;AL  ;Cleared;EUtraNetwork=1,ExternalENodeBFunction=2221-205867;Inter Node Feature Incompatibility;Inter eNodeB CA feature is not activated in remote eNodeB. SUPPRESSED
2025-09-10;09:31:55;AL  ;Minor ;EUtraNetwork=1,ExternalENodeBFunction=2221-211440;Inter Node Feature Incompatibility;Inter eNodeB CA feature is not activated in remote eNodeB. SUPPRESSED
2025-09-10;09:58:39;AL  ;Cleared;EUtraNetwork=1,ExternalENodeBFunction=2221-211440;Inter Node Feature Incompatibility;Inter eNodeB CA feature is not activated in remote eNodeB. SUPPRESSED
2025-09-10;09:58:39;AL  ;Minor ;EUtraNetwork=1,ExternalENodeBFunction=2221-205867;Inter Node Feature Incompatibility;Inter eNodeB CA feature is not activated in remote eNodeB. SUPPRESSED
2025-09-10;19:07:58;AL  ;Minor ;EUtraNetwork=1,ExternalENodeBFunction=2221-211440;Inter Node Feature Incompatibility;Inter eNodeB CA feature is not activated in remote eNodeB. SUPPRESSED
2025-09-11;06:01:06;AL  ;Minor ;EUtraNetwork=1,ExternalENodeBFunction=2221-211441;Inter Node Feature Incompatibility;Inter eNodeB CA feature is not activated in remote eNodeB. SUPPRESSED
2025-09-11;06:01:10;AL  ;Cleared;EUtraNetwork=1,ExternalENodeBFunction=2221-211441;Inter Node Feature Incompatibility;Inter eNodeB CA feature is not activated in remote eNodeB. SUPPRESSED
2025-09-11;06:02:01;AL  ;Cleared;EUtraNetwork=1,ExternalENodeBFunction=2221-211440;Inter Node Feature Incompatibility;Inter eNodeB CA feature is not activated in remote eNodeB. SUPPRESSED
2025-09-11;15:37:53;AL  ;Minor ;EUtraNetwork=1,ExternalENodeBFunction=2221-211440;Inter Node Feature Incompatibility;Inter eNodeB CA feature is not activated in remote eNodeB. SUPPRESSED
2025-09-11;15:39:46;AL  ;Cleared;EUtraNetwork=1,ExternalENodeBFunction=2221-211440;Inter Node Feature Incompatibility;Inter eNodeB CA feature is not activated in remote eNodeB. SUPPRESSED
2025-09-11;19:01:55;AL  ;Minor ;EUtraNetwork=1,ExternalENodeBFunction=2221-211440;Inter Node Feature Incompatibility;Inter eNodeB CA feature is not activated in remote eNodeB. SUPPRESSED
2025-09-11;19:02:13;AL  ;Cleared;EUtraNetwork=1,ExternalENodeBFunction=2221-211440;Inter Node Feature Incompatibility;Inter eNodeB CA feature is not activated in remote eNodeB. SUPPRESSED
2025-09-11;19:07:58;AL  ;Minor ;EUtraNetwork=1,ExternalENodeBFunction=2221-211440;Inter Node Feature Incompatibility;Inter eNodeB CA feature is not activated in remote eNodeB. SUPPRESSED
2025-09-11;20:39:59;AL  ;Cleared;EUtraNetwork=1,ExternalENodeBFunction=2221-211440;Inter Node Feature Incompatibility;Inter eNodeB CA feature is not activated in remote eNodeB. SUPPRESSED
2025-09-11;20:39:59;AL  ;Minor ;EUtraNetwork=1,ExternalENodeBFunction=2221-211441;Inter Node Feature Incompatibility;Inter eNodeB CA feature is not activated in remote eNodeB. SUPPRESSED
2025-09-11;20:40:50;AL  ;Cleared;EUtraNetwork=1,ExternalENodeBFunction=2221-211441;Inter Node Feature Incompatibility;Inter eNodeB CA feature is not activated in remote eNodeB. SUPPRESSED
2025-09-11;20:40:50;AL  ;Minor ;EUtraNetwork=1,ExternalENodeBFunction=2221-211440;Inter Node Feature Incompatibility;Inter eNodeB CA feature is not activated in remote eNodeB. SUPPRESSED
2025-09-12;06:01:06;AL  ;Minor ;EUtraNetwork=1,ExternalENodeBFunction=2221-211441;Inter Node Feature Incompatibility;Inter eNodeB CA feature is not activated in remote eNodeB. SUPPRESSED
2025-09-12;06:01:32;AL  ;Cleared;EUtraNetwork=1,ExternalENodeBFunction=2221-211441;Inter Node Feature Incompatibility;Inter eNodeB CA feature is not activated in remote eNodeB. SUPPRESSED
2025-09-12;06:02:01;AL  ;Cleared;EUtraNetwork=1,ExternalENodeBFunction=2221-211440;Inter Node Feature Incompatibility;Inter eNodeB CA feature is not activated in remote eNodeB. SUPPRESSED
2025-09-12;06:33:59;AL  ;Minor ;EUtraNetwork=1,ExternalENodeBFunction=2221-211440;Inter Node Feature Incompatibility;Inter eNodeB CA feature is not activated in remote eNodeB. SUPPRESSED
2025-09-12;06:41:13;AL  ;Cleared;EUtraNetwork=1,ExternalENodeBFunction=2221-211440;Inter Node Feature Incompatibility;Inter eNodeB CA feature is not activated in remote eNodeB. SUPPRESSED
2025-09-12;07:31:55;AL  ;Cleared;EUtraNetwork=1,ExternalENodeBFunction=2221-205867;Inter Node Feature Incompatibility;Inter eNodeB CA feature is not activated in remote eNodeB. SUPPRESSED
2025-09-12;07:31:55;AL  ;Minor ;EUtraNetwork=1,ExternalENodeBFunction=2221-211440;Inter Node Feature Incompatibility;Inter eNodeB CA feature is not activated in remote eNodeB. SUPPRESSED
2025-09-12;07:36:24;AL  ;Cleared;EUtraNetwork=1,ExternalENodeBFunction=2221-211440;Inter Node Feature Incompatibility;Inter eNodeB CA feature is not activated in remote eNodeB. SUPPRESSED
2025-09-12;07:36:24;AL  ;Minor ;EUtraNetwork=1,ExternalENodeBFunction=2221-205867;Inter Node Feature Incompatibility;Inter eNodeB CA feature is not activated in remote eNodeB. SUPPRESSED
2025-09-12;09:01:43;AL  ;Minor ;EUtraNetwork=1,ExternalENodeBFunction=2221-211440;Inter Node Feature Incompatibility;Inter eNodeB CA feature is not activated in remote eNodeB. SUPPRESSED
2025-09-12;09:02:25;AL  ;Cleared;EUtraNetwork=1,ExternalENodeBFunction=2221-211440;Inter Node Feature Incompatibility;Inter eNodeB CA feature is not activated in remote eNodeB. SUPPRESSED
2025-09-12;11:14:25;AL  ;Minor ;EUtraNetwork=1,ExternalENodeBFunction=2221-211440;Inter Node Feature Incompatibility;Inter eNodeB CA feature is not activated in remote eNodeB. SUPPRESSED
2025-09-12;11:16:31;AL  ;Cleared;EUtraNetwork=1,ExternalENodeBFunction=2221-211440;Inter Node Feature Incompatibility;Inter eNodeB CA feature is not activated in remote eNodeB. SUPPRESSED
2025-09-12;12:31:56;AL  ;Minor ;EUtraNetwork=1,ExternalENodeBFunction=2221-211440;Inter Node Feature Incompatibility;Inter eNodeB CA feature is not activated in remote eNodeB. SUPPRESSED
2025-09-12;12:32:49;AL  ;Cleared;EUtraNetwork=1,ExternalENodeBFunction=2221-211440;Inter Node Feature Incompatibility;Inter eNodeB CA feature is not activated in remote eNodeB. SUPPRESSED
2025-09-12;18:01:42;AL  ;Cleared;EUtraNetwork=1,ExternalENodeBFunction=2221-205867;Inter Node Feature Incompatibility;Inter eNodeB CA feature is not activated in remote eNodeB. SUPPRESSED
2025-09-12;18:01:42;AL  ;Minor ;EUtraNetwork=1,ExternalENodeBFunction=2221-211440;Inter Node Feature Incompatibility;Inter eNodeB CA feature is not activated in remote eNodeB. SUPPRESSED
2025-09-12;18:11:14;AL  ;Cleared;EUtraNetwork=1,ExternalENodeBFunction=2221-211440;Inter Node Feature Incompatibility;Inter eNodeB CA feature is not activated in remote eNodeB. SUPPRESSED
2025-09-12;18:11:14;AL  ;Minor ;EUtraNetwork=1,ExternalENodeBFunction=2221-205867;Inter Node Feature Incompatibility;Inter eNodeB CA feature is not activated in remote eNodeB. SUPPRESSED
2025-09-12;19:07:58;AL  ;Minor ;EUtraNetwork=1,ExternalENodeBFunction=2221-211440;Inter Node Feature Incompatibility;Inter eNodeB CA feature is not activated in remote eNodeB. SUPPRESSED
2025-09-12;19:11:59;AL  ;Cleared;EUtraNetwork=1,ExternalENodeBFunction=2221-211440;Inter Node Feature Incompatibility;Inter eNodeB CA feature is not activated in remote eNodeB. SUPPRESSED
2025-09-12;19:11:59;AL  ;Minor ;EUtraNetwork=1,ExternalENodeBFunction=2221-211441;Inter Node Feature Incompatibility;Inter eNodeB CA feature is not activated in remote eNodeB. SUPPRESSED
2025-09-12;19:12:58;AL  ;Cleared;EUtraNetwork=1,ExternalENodeBFunction=2221-211441;Inter Node Feature Incompatibility;Inter eNodeB CA feature is not activated in remote eNodeB. SUPPRESSED
2025-09-12;19:12:58;AL  ;Minor ;EUtraNetwork=1,ExternalENodeBFunction=2221-211440;Inter Node Feature Incompatibility;Inter eNodeB CA feature is not activated in remote eNodeB. SUPPRESSED
2025-09-13;06:01:06;AL  ;Minor ;EUtraNetwork=1,ExternalENodeBFunction=2221-211441;Inter Node Feature Incompatibility;Inter eNodeB CA feature is not activated in remote eNodeB. SUPPRESSED
2025-09-13;06:01:32;AL  ;Cleared;EUtraNetwork=1,ExternalENodeBFunction=2221-211441;Inter Node Feature Incompatibility;Inter eNodeB CA feature is not activated in remote eNodeB. SUPPRESSED
2025-09-13;06:02:01;AL  ;Cleared;EUtraNetwork=1,ExternalENodeBFunction=2221-211440;Inter Node Feature Incompatibility;Inter eNodeB CA feature is not activated in remote eNodeB. SUPPRESSED
2025-09-13;06:42:09;AL  ;Minor ;EUtraNetwork=1,ExternalENodeBFunction=2221-211440;Inter Node Feature Incompatibility;Inter eNodeB CA feature is not activated in remote eNodeB. SUPPRESSED
2025-09-13;06:43:05;AL  ;Cleared;EUtraNetwork=1,ExternalENodeBFunction=2221-211440;Inter Node Feature Incompatibility;Inter eNodeB CA feature is not activated in remote eNodeB. SUPPRESSED
2025-09-13;07:05:54;AL  ;Minor ;EUtraNetwork=1,ExternalENodeBFunction=2221-211440;Inter Node Feature Incompatibility;Inter eNodeB CA feature is not activated in remote eNodeB. SUPPRESSED
2025-09-13;07:06:13;AL  ;Cleared;EUtraNetwork=1,ExternalENodeBFunction=2221-211440;Inter Node Feature Incompatibility;Inter eNodeB CA feature is not activated in remote eNodeB. SUPPRESSED
2025-09-13;09:31:55;AL  ;Cleared;EUtraNetwork=1,ExternalENodeBFunction=2221-205867;Inter Node Feature Incompatibility;Inter eNodeB CA feature is not activated in remote eNodeB. SUPPRESSED
2025-09-13;09:31:55;AL  ;Minor ;EUtraNetwork=1,ExternalENodeBFunction=2221-211440;Inter Node Feature Incompatibility;Inter eNodeB CA feature is not activated in remote eNodeB. SUPPRESSED
2025-09-13;09:34:11;AL  ;Cleared;EUtraNetwork=1,ExternalENodeBFunction=2221-211440;Inter Node Feature Incompatibility;Inter eNodeB CA feature is not activated in remote eNodeB. SUPPRESSED
2025-09-13;09:34:11;AL  ;Minor ;EUtraNetwork=1,ExternalENodeBFunction=2221-205867;Inter Node Feature Incompatibility;Inter eNodeB CA feature is not activated in remote eNodeB. SUPPRESSED
2025-09-13;19:07:59;AL  ;Minor ;EUtraNetwork=1,ExternalENodeBFunction=2221-211440;Inter Node Feature Incompatibility;Inter eNodeB CA feature is not activated in remote eNodeB. SUPPRESSED
2025-09-14;06:01:06;AL  ;Minor ;EUtraNetwork=1,ExternalENodeBFunction=2221-211441;Inter Node Feature Incompatibility;Inter eNodeB CA feature is not activated in remote eNodeB. SUPPRESSED
2025-09-14;06:01:10;AL  ;Cleared;EUtraNetwork=1,ExternalENodeBFunction=2221-211441;Inter Node Feature Incompatibility;Inter eNodeB CA feature is not activated in remote eNodeB. SUPPRESSED
2025-09-14;06:02:01;AL  ;Cleared;EUtraNetwork=1,ExternalENodeBFunction=2221-211440;Inter Node Feature Incompatibility;Inter eNodeB CA feature is not activated in remote eNodeB. SUPPRESSED
2025-09-14;07:01:42;AL  ;Cleared;EUtraNetwork=1,ExternalENodeBFunction=2221-205867;Inter Node Feature Incompatibility;Inter eNodeB CA feature is not activated in remote eNodeB. SUPPRESSED
2025-09-14;07:01:42;AL  ;Minor ;EUtraNetwork=1,ExternalENodeBFunction=2221-211440;Inter Node Feature Incompatibility;Inter eNodeB CA feature is not activated in remote eNodeB. SUPPRESSED
2025-09-14;07:08:56;AL  ;Cleared;EUtraNetwork=1,ExternalENodeBFunction=2221-211440;Inter Node Feature Incompatibility;Inter eNodeB CA feature is not activated in remote eNodeB. SUPPRESSED
2025-09-14;07:08:56;AL  ;Minor ;EUtraNetwork=1,ExternalENodeBFunction=2221-205867;Inter Node Feature Incompatibility;Inter eNodeB CA feature is not activated in remote eNodeB. SUPPRESSED
2025-09-14;08:26:04;AL  ;Cleared;EUtraNetwork=1,ExternalENodeBFunction=2221-211441;Inter Node Carrier Aggregation Service Unavailable;Elastic RAN Carrier Aggregation is not available towards remote eNodeB.
2025-09-14;08:26:28;AL  ;Cleared;EUtraNetwork=1,ExternalENodeBFunction=2221-211440;Inter Node Carrier Aggregation Service Unavailable;Elastic RAN Carrier Aggregation is not available towards remote eNodeB.
2025-09-14;08:27:04;AL  ;Cleared;EUtraNetwork=1,ExternalENodeBFunction=2221-205867;Inter Node Feature Incompatibility;Inter eNodeB CA feature is not activated in remote eNodeB. SUPPRESSED
2025-09-14;08:27:04;AL  ;Minor ;EUtraNetwork=1,ExternalENodeBFunction=2221-211441;Inter Node Feature Incompatibility;Inter eNodeB CA feature is not activated in remote eNodeB. SUPPRESSED
2025-09-14;08:27:29;AL  ;Cleared;EUtraNetwork=1,ExternalENodeBFunction=2221-211441;Inter Node Feature Incompatibility;Inter eNodeB CA feature is not activated in remote eNodeB. SUPPRESSED
2025-09-14;08:27:29;AL  ;Minor ;EUtraNetwork=1,ExternalENodeBFunction=2221-211440;Inter Node Feature Incompatibility;Inter eNodeB CA feature is not activated in remote eNodeB. SUPPRESSED
2025-09-14;08:27:45;AL  ;Cleared;EUtraNetwork=1,ExternalENodeBFunction=2221-211440;Inter Node Feature Incompatibility;Inter eNodeB CA feature is not activated in remote eNodeB. SUPPRESSED
2025-09-14;08:27:45;AL  ;Minor ;EUtraNetwork=1,ExternalENodeBFunction=2221-205867;Inter Node Feature Incompatibility;Inter eNodeB CA feature is not activated in remote eNodeB. SUPPRESSED
2025-09-14;13:16:27;AL  ;Minor ;EUtraNetwork=1,ExternalENodeBFunction=2221-211440;Inter Node Feature Incompatibility;Inter eNodeB CA feature is not activated in remote eNodeB. SUPPRESSED
2025-09-14;13:16:47;AL  ;Cleared;EUtraNetwork=1,ExternalENodeBFunction=2221-211440;Inter Node Feature Incompatibility;Inter eNodeB CA feature is not activated in remote eNodeB. SUPPRESSED
2025-09-14;18:25:01;AL  ;Minor ;EUtraNetwork=1,ExternalENodeBFunction=2221-211440;Inter Node Feature Incompatibility;Inter eNodeB CA feature is not activated in remote eNodeB. SUPPRESSED
2025-09-14;18:28:16;AL  ;Cleared;EUtraNetwork=1,ExternalENodeBFunction=2221-211440;Inter Node Feature Incompatibility;Inter eNodeB CA feature is not activated in remote eNodeB. SUPPRESSED
2025-09-14;19:07:58;AL  ;Minor ;EUtraNetwork=1,ExternalENodeBFunction=2221-211440;Inter Node Feature Incompatibility;Inter eNodeB CA feature is not activated in remote eNodeB. SUPPRESSED
2025-09-14;19:27:59;AL  ;Cleared;EUtraNetwork=1,ExternalENodeBFunction=2221-211440;Inter Node Feature Incompatibility;Inter eNodeB CA feature is not activated in remote eNodeB. SUPPRESSED
2025-09-14;19:27:59;AL  ;Minor ;EUtraNetwork=1,ExternalENodeBFunction=2221-211441;Inter Node Feature Incompatibility;Inter eNodeB CA feature is not activated in remote eNodeB. SUPPRESSED
2025-09-14;19:28:05;AL  ;Cleared;EUtraNetwork=1,ExternalENodeBFunction=2221-211441;Inter Node Feature Incompatibility;Inter eNodeB CA feature is not activated in remote eNodeB. SUPPRESSED
2025-09-14;19:28:05;AL  ;Minor ;EUtraNetwork=1,ExternalENodeBFunction=2221-211440;Inter Node Feature Incompatibility;Inter eNodeB CA feature is not activated in remote eNodeB. SUPPRESSED
2025-09-15;06:01:06;AL  ;Minor ;EUtraNetwork=1,ExternalENodeBFunction=2221-211441;Inter Node Feature Incompatibility;Inter eNodeB CA feature is not activated in remote eNodeB. SUPPRESSED
2025-09-15;06:01:10;AL  ;Cleared;EUtraNetwork=1,ExternalENodeBFunction=2221-211441;Inter Node Feature Incompatibility;Inter eNodeB CA feature is not activated in remote eNodeB. SUPPRESSED
2025-09-15;06:01:44;AL  ;Minor ;EUtraNetwork=1,ExternalENodeBFunction=2221-211440;Inter Node Feature Incompatibility;Inter eNodeB CA feature is not activated in remote eNodeB. SUPPRESSED
2025-09-15;06:02:01;AL  ;Cleared;EUtraNetwork=1,ExternalENodeBFunction=2221-211440;Inter Node Feature Incompatibility;Inter eNodeB CA feature is not activated in remote eNodeB. SUPPRESSED
2025-09-15;09:37:09;AL  ;Minor ;EUtraNetwork=1,ExternalENodeBFunction=2221-211440;Inter Node Feature Incompatibility;Inter eNodeB CA feature is not activated in remote eNodeB. SUPPRESSED
2025-09-15;09:38:19;AL  ;Cleared;EUtraNetwork=1,ExternalENodeBFunction=2221-211440;Inter Node Feature Incompatibility;Inter eNodeB CA feature is not activated in remote eNodeB. SUPPRESSED
2025-09-15;10:14:13;AL  ;Minor ;EUtraNetwork=1,ExternalENodeBFunction=2221-211440;Inter Node Feature Incompatibility;Inter eNodeB CA feature is not activated in remote eNodeB. SUPPRESSED
2025-09-15;10:15:13;AL  ;Cleared;EUtraNetwork=1,ExternalENodeBFunction=2221-211440;Inter Node Feature Incompatibility;Inter eNodeB CA feature is not activated in remote eNodeB. SUPPRESSED
2025-09-15;10:26:37;AL  ;Minor ;EUtraNetwork=1,ExternalENodeBFunction=2221-211440;Inter Node Feature Incompatibility;Inter eNodeB CA feature is not activated in remote eNodeB. SUPPRESSED
2025-09-15;10:27:48;AL  ;Cleared;EUtraNetwork=1,ExternalENodeBFunction=2221-211440;Inter Node Feature Incompatibility;Inter eNodeB CA feature is not activated in remote eNodeB. SUPPRESSED
2025-09-15;10:38:00;AL  ;Minor ;EUtraNetwork=1,ExternalENodeBFunction=2221-211440;Inter Node Feature Incompatibility;Inter eNodeB CA feature is not activated in remote eNodeB. SUPPRESSED
2025-09-15;10:38:23;AL  ;Cleared;EUtraNetwork=1,ExternalENodeBFunction=2221-211440;Inter Node Feature Incompatibility;Inter eNodeB CA feature is not activated in remote eNodeB. SUPPRESSED
2025-09-15;11:30:46;AL  ;Minor ;EUtraNetwork=1,ExternalENodeBFunction=2221-211440;Inter Node Feature Incompatibility;Inter eNodeB CA feature is not activated in remote eNodeB. SUPPRESSED
2025-09-15;11:32:00;AL  ;Cleared;EUtraNetwork=1,ExternalENodeBFunction=2221-211440;Inter Node Feature Incompatibility;Inter eNodeB CA feature is not activated in remote eNodeB. SUPPRESSED
2025-09-15;15:31:55;AL  ;Cleared;EUtraNetwork=1,ExternalENodeBFunction=2221-205867;Inter Node Feature Incompatibility;Inter eNodeB CA feature is not activated in remote eNodeB. SUPPRESSED
2025-09-15;15:31:55;AL  ;Minor ;EUtraNetwork=1,ExternalENodeBFunction=2221-211440;Inter Node Feature Incompatibility;Inter eNodeB CA feature is not activated in remote eNodeB. SUPPRESSED
2025-09-15;15:32:17;AL  ;Cleared;EUtraNetwork=1,ExternalENodeBFunction=2221-211440;Inter Node Feature Incompatibility;Inter eNodeB CA feature is not activated in remote eNodeB. SUPPRESSED
2025-09-15;15:32:17;AL  ;Minor ;EUtraNetwork=1,ExternalENodeBFunction=2221-205867;Inter Node Feature Incompatibility;Inter eNodeB CA feature is not activated in remote eNodeB. SUPPRESSED
2025-09-15;15:45:37;AL  ;Minor ;EUtraNetwork=1,ExternalENodeBFunction=2221-211440;Inter Node Feature Incompatibility;Inter eNodeB CA feature is not activated in remote eNodeB. SUPPRESSED
2025-09-15;15:46:19;AL  ;Cleared;EUtraNetwork=1,ExternalENodeBFunction=2221-211440;Inter Node Feature Incompatibility;Inter eNodeB CA feature is not activated in remote eNodeB. SUPPRESSED
2025-09-15;19:07:59;AL  ;Minor ;EUtraNetwork=1,ExternalENodeBFunction=2221-211440;Inter Node Feature Incompatibility;Inter eNodeB CA feature is not activated in remote eNodeB. SUPPRESSED
2025-09-16;06:02:01;AL  ;Cleared;EUtraNetwork=1,ExternalENodeBFunction=2221-211440;Inter Node Feature Incompatibility;Inter eNodeB CA feature is not activated in remote eNodeB. SUPPRESSED
2025-09-16;06:15:15;AL  ;Minor ;EUtraNetwork=1,ExternalENodeBFunction=2221-211440;Inter Node Feature Incompatibility;Inter eNodeB CA feature is not activated in remote eNodeB. SUPPRESSED
2025-09-16;06:17:49;AL  ;Cleared;EUtraNetwork=1,ExternalENodeBFunction=2221-211440;Inter Node Feature Incompatibility;Inter eNodeB CA feature is not activated in remote eNodeB. SUPPRESSED
2025-09-16;06:31:25;AL  ;Cleared;EUtraNetwork=1,ExternalENodeBFunction=2221-205867;Inter Node Feature Incompatibility;Inter eNodeB CA feature is not activated in remote eNodeB. SUPPRESSED
2025-09-16;06:31:25;AL  ;Minor ;EUtraNetwork=1,ExternalENodeBFunction=2221-211440;Inter Node Feature Incompatibility;Inter eNodeB CA feature is not activated in remote eNodeB. SUPPRESSED
2025-09-16;06:32:28;AL  ;Cleared;EUtraNetwork=1,ExternalENodeBFunction=2221-211440;Inter Node Feature Incompatibility;Inter eNodeB CA feature is not activated in remote eNodeB. SUPPRESSED
2025-09-16;06:32:28;AL  ;Minor ;EUtraNetwork=1,ExternalENodeBFunction=2221-205867;Inter Node Feature Incompatibility;Inter eNodeB CA feature is not activated in remote eNodeB. SUPPRESSED
2025-09-16;10:04:48;AL  ;Warning;ENodeBFunction=1;PLMN Service Redundancy Lost;S1 connection failure for PLMN connected with link represented by MO listed in Additional Information. AI: PLMN = ["2221"],DN1=ManagedElement=1,ENodeBFunction=1,TermPointToMme=5,
2025-09-16;10:05:18;AL  ;Cleared;ENodeBFunction=1;PLMN Service Redundancy Lost;S1 connection failure for PLMN connected with link represented by MO listed in Additional Information. AI: PLMN = ["2221"],DN1=ManagedElement=1,ENodeBFunction=1,TermPointToMme=5,
2025-09-16;10:44:19;AL  ;Minor ;EUtraNetwork=1,ExternalENodeBFunction=2221-211440;Inter Node Feature Incompatibility;Inter eNodeB CA feature is not activated in remote eNodeB. SUPPRESSED
2025-09-16;10:48:18;AL  ;Cleared;EUtraNetwork=1,ExternalENodeBFunction=2221-211440;Inter Node Feature Incompatibility;Inter eNodeB CA feature is not activated in remote eNodeB. SUPPRESSED
2025-09-16;12:03:01;AL  ;Minor ;EUtraNetwork=1,ExternalENodeBFunction=2221-211440;Inter Node Feature Incompatibility;Inter eNodeB CA feature is not activated in remote eNodeB. SUPPRESSED
2025-09-16;12:03:59;AL  ;Cleared;EUtraNetwork=1,ExternalENodeBFunction=2221-211440;Inter Node Feature Incompatibility;Inter eNodeB CA feature is not activated in remote eNodeB. SUPPRESSED
2025-09-16;12:48:01;AL  ;Minor ;EUtraNetwork=1,ExternalENodeBFunction=2221-211440;Inter Node Feature Incompatibility;Inter eNodeB CA feature is not activated in remote eNodeB. SUPPRESSED
2025-09-16;12:51:50;AL  ;Cleared;EUtraNetwork=1,ExternalENodeBFunction=2221-211440;Inter Node Feature Incompatibility;Inter eNodeB CA feature is not activated in remote eNodeB. SUPPRESSED
2025-09-16;17:31:55;AL  ;Cleared;EUtraNetwork=1,ExternalENodeBFunction=2221-205867;Inter Node Feature Incompatibility;Inter eNodeB CA feature is not activated in remote eNodeB. SUPPRESSED
2025-09-16;17:31:55;AL  ;Minor ;EUtraNetwork=1,ExternalENodeBFunction=2221-211440;Inter Node Feature Incompatibility;Inter eNodeB CA feature is not activated in remote eNodeB. SUPPRESSED
2025-09-16;17:32:51;AL  ;Cleared;EUtraNetwork=1,ExternalENodeBFunction=2221-211440;Inter Node Feature Incompatibility;Inter eNodeB CA feature is not activated in remote eNodeB. SUPPRESSED
2025-09-16;17:32:51;AL  ;Minor ;EUtraNetwork=1,ExternalENodeBFunction=2221-205867;Inter Node Feature Incompatibility;Inter eNodeB CA feature is not activated in remote eNodeB. SUPPRESSED
2025-09-16;19:07:58;AL  ;Minor ;EUtraNetwork=1,ExternalENodeBFunction=2221-211440;Inter Node Feature Incompatibility;Inter eNodeB CA feature is not activated in remote eNodeB. SUPPRESSED
2025-09-16;19:12:36;AL  ;Cleared;EUtraNetwork=1,ExternalENodeBFunction=2221-211440;Inter Node Feature Incompatibility;Inter eNodeB CA feature is not activated in remote eNodeB. SUPPRESSED
2025-09-16;19:12:36;AL  ;Minor ;EUtraNetwork=1,ExternalENodeBFunction=2221-211441;Inter Node Feature Incompatibility;Inter eNodeB CA feature is not activated in remote eNodeB. SUPPRESSED
2025-09-16;19:14:21;AL  ;Cleared;EUtraNetwork=1,ExternalENodeBFunction=2221-211441;Inter Node Feature Incompatibility;Inter eNodeB CA feature is not activated in remote eNodeB. SUPPRESSED
2025-09-16;19:14:21;AL  ;Minor ;EUtraNetwork=1,ExternalENodeBFunction=2221-211440;Inter Node Feature Incompatibility;Inter eNodeB CA feature is not activated in remote eNodeB. SUPPRESSED
2025-09-17;06:01:06;AL  ;Minor ;EUtraNetwork=1,ExternalENodeBFunction=2221-211441;Inter Node Feature Incompatibility;Inter eNodeB CA feature is not activated in remote eNodeB. SUPPRESSED
2025-09-17;06:01:10;AL  ;Cleared;EUtraNetwork=1,ExternalENodeBFunction=2221-211441;Inter Node Feature Incompatibility;Inter eNodeB CA feature is not activated in remote eNodeB. SUPPRESSED
2025-09-17;06:02:01;AL  ;Cleared;EUtraNetwork=1,ExternalENodeBFunction=2221-211440;Inter Node Feature Incompatibility;Inter eNodeB CA feature is not activated in remote eNodeB. SUPPRESSED
2025-09-17;08:28:01;AL  ;Minor ;EUtraNetwork=1,ExternalENodeBFunction=2221-211440;Inter Node Feature Incompatibility;Inter eNodeB CA feature is not activated in remote eNodeB. SUPPRESSED
2025-09-17;08:28:36;AL  ;Cleared;EUtraNetwork=1,ExternalENodeBFunction=2221-211440;Inter Node Feature Incompatibility;Inter eNodeB CA feature is not activated in remote eNodeB. SUPPRESSED
2025-09-17;10:58:01;AL  ;Minor ;EUtraNetwork=1,ExternalENodeBFunction=2221-211440;Inter Node Feature Incompatibility;Inter eNodeB CA feature is not activated in remote eNodeB. SUPPRESSED
2025-09-17;10:58:41;AL  ;Cleared;EUtraNetwork=1,ExternalENodeBFunction=2221-211440;Inter Node Feature Incompatibility;Inter eNodeB CA feature is not activated in remote eNodeB. SUPPRESSED
2025-09-17;11:16:43;AL  ;Minor ;EUtraNetwork=1,ExternalENodeBFunction=2221-211440;Inter Node Feature Incompatibility;Inter eNodeB CA feature is not activated in remote eNodeB. SUPPRESSED
2025-09-17;11:20:39;AL  ;Cleared;EUtraNetwork=1,ExternalENodeBFunction=2221-211440;Inter Node Feature Incompatibility;Inter eNodeB CA feature is not activated in remote eNodeB. SUPPRESSED
2025-09-17;11:46:43;AL  ;Minor ;EUtraNetwork=1,ExternalENodeBFunction=2221-211440;Inter Node Feature Incompatibility;Inter eNodeB CA feature is not activated in remote eNodeB. SUPPRESSED
2025-09-17;11:59:21;AL  ;Cleared;EUtraNetwork=1,ExternalENodeBFunction=2221-211440;Inter Node Feature Incompatibility;Inter eNodeB CA feature is not activated in remote eNodeB. SUPPRESSED
2025-09-17;12:31:55;AL  ;Cleared;EUtraNetwork=1,ExternalENodeBFunction=2221-205867;Inter Node Feature Incompatibility;Inter eNodeB CA feature is not activated in remote eNodeB. SUPPRESSED
2025-09-17;12:31:55;AL  ;Minor ;EUtraNetwork=1,ExternalENodeBFunction=2221-211440;Inter Node Feature Incompatibility;Inter eNodeB CA feature is not activated in remote eNodeB. SUPPRESSED
2025-09-17;12:32:52;AL  ;Cleared;EUtraNetwork=1,ExternalENodeBFunction=2221-211440;Inter Node Feature Incompatibility;Inter eNodeB CA feature is not activated in remote eNodeB. SUPPRESSED
2025-09-17;12:32:52;AL  ;Minor ;EUtraNetwork=1,ExternalENodeBFunction=2221-205867;Inter Node Feature Incompatibility;Inter eNodeB CA feature is not activated in remote eNodeB. SUPPRESSED
2025-09-17;13:23:02;AL  ;Minor ;ENodeBFunction=1;External Link to GNodeB Failure;X2 link problem to one or several neighbouring gNodeBs. AI: PLMN ID-gNB ID 1 = 2221-1051259
2025-09-17;14:01:18;AL  ;Cleared;ENodeBFunction=1;External Link to GNodeB Failure;X2 link problem to one or several neighbouring gNodeBs. AI: PLMN ID-gNB ID 1 = 2221-1051259
2025-09-17;18:37:58;AL  ;Minor ;EUtraNetwork=1,ExternalENodeBFunction=2221-211440;Inter Node Feature Incompatibility;Inter eNodeB CA feature is not activated in remote eNodeB. SUPPRESSED
2025-09-17;18:38:26;AL  ;Cleared;EUtraNetwork=1,ExternalENodeBFunction=2221-211440;Inter Node Feature Incompatibility;Inter eNodeB CA feature is not activated in remote eNodeB. SUPPRESSED
2025-09-17;19:07:58;AL  ;Minor ;EUtraNetwork=1,ExternalENodeBFunction=2221-211440;Inter Node Feature Incompatibility;Inter eNodeB CA feature is not activated in remote eNodeB. SUPPRESSED
2025-09-17;20:11:51;AL  ;Cleared;EUtraNetwork=1,ExternalENodeBFunction=2221-211440;Inter Node Feature Incompatibility;Inter eNodeB CA feature is not activated in remote eNodeB. SUPPRESSED
2025-09-17;20:11:51;AL  ;Minor ;EUtraNetwork=1,ExternalENodeBFunction=2221-211441;Inter Node Feature Incompatibility;Inter eNodeB CA feature is not activated in remote eNodeB. SUPPRESSED
2025-09-17;20:12:29;AL  ;Cleared;EUtraNetwork=1,ExternalENodeBFunction=2221-211441;Inter Node Feature Incompatibility;Inter eNodeB CA feature is not activated in remote eNodeB. SUPPRESSED
2025-09-17;20:12:29;AL  ;Minor ;EUtraNetwork=1,ExternalENodeBFunction=2221-211440;Inter Node Feature Incompatibility;Inter eNodeB CA feature is not activated in remote eNodeB. SUPPRESSED
2025-09-18;06:01:06;AL  ;Minor ;EUtraNetwork=1,ExternalENodeBFunction=2221-211441;Inter Node Feature Incompatibility;Inter eNodeB CA feature is not activated in remote eNodeB. SUPPRESSED
2025-09-18;06:01:10;AL  ;Cleared;EUtraNetwork=1,ExternalENodeBFunction=2221-211441;Inter Node Feature Incompatibility;Inter eNodeB CA feature is not activated in remote eNodeB. SUPPRESSED
2025-09-18;06:02:01;AL  ;Cleared;EUtraNetwork=1,ExternalENodeBFunction=2221-211440;Inter Node Feature Incompatibility;Inter eNodeB CA feature is not activated in remote eNodeB. SUPPRESSED
2025-09-18;06:32:18;AL  ;Minor ;EUtraNetwork=1,ExternalENodeBFunction=2221-211440;Inter Node Feature Incompatibility;Inter eNodeB CA feature is not activated in remote eNodeB. SUPPRESSED
2025-09-18;06:32:49;AL  ;Cleared;EUtraNetwork=1,ExternalENodeBFunction=2221-211440;Inter Node Feature Incompatibility;Inter eNodeB CA feature is not activated in remote eNodeB. SUPPRESSED
2025-09-18;11:31:55;AL  ;Cleared;EUtraNetwork=1,ExternalENodeBFunction=2221-205867;Inter Node Feature Incompatibility;Inter eNodeB CA feature is not activated in remote eNodeB. SUPPRESSED
2025-09-18;11:31:55;AL  ;Minor ;EUtraNetwork=1,ExternalENodeBFunction=2221-211440;Inter Node Feature Incompatibility;Inter eNodeB CA feature is not activated in remote eNodeB. SUPPRESSED
2025-09-18;11:41:54;AL  ;Cleared;EUtraNetwork=1,ExternalENodeBFunction=2221-211440;Inter Node Feature Incompatibility;Inter eNodeB CA feature is not activated in remote eNodeB. SUPPRESSED
2025-09-18;11:41:54;AL  ;Minor ;EUtraNetwork=1,ExternalENodeBFunction=2221-205867;Inter Node Feature Incompatibility;Inter eNodeB CA feature is not activated in remote eNodeB. SUPPRESSED
2025-09-18;19:07:58;AL  ;Minor ;EUtraNetwork=1,ExternalENodeBFunction=2221-211440;Inter Node Feature Incompatibility;Inter eNodeB CA feature is not activated in remote eNodeB. SUPPRESSED
2025-09-18;20:27:24;AL  ;Minor ;EUtraNetwork=1,ExternalENodeBFunction=2221-211441;Inter Node Feature Incompatibility;Inter eNodeB CA feature is not activated in remote eNodeB. SUPPRESSED
2025-09-18;20:28:17;AL  ;Cleared;EUtraNetwork=1,ExternalENodeBFunction=2221-211441;Inter Node Feature Incompatibility;Inter eNodeB CA feature is not activated in remote eNodeB. SUPPRESSED
2025-09-18;21:05:59;AL  ;Minor ;EUtraNetwork=1,ExternalENodeBFunction=2221-211441;Inter Node Feature Incompatibility;Inter eNodeB CA feature is not activated in remote eNodeB. SUPPRESSED
2025-09-18;21:05:59;AL  ;Cleared;EUtraNetwork=1,ExternalENodeBFunction=2221-211440;Inter Node Feature Incompatibility;Inter eNodeB CA feature is not activated in remote eNodeB. SUPPRESSED
2025-09-18;21:08:56;AL  ;Cleared;EUtraNetwork=1,ExternalENodeBFunction=2221-211441;Inter Node Feature Incompatibility;Inter eNodeB CA feature is not activated in remote eNodeB. SUPPRESSED
2025-09-18;21:08:56;AL  ;Minor ;EUtraNetwork=1,ExternalENodeBFunction=2221-211440;Inter Node Feature Incompatibility;Inter eNodeB CA feature is not activated in remote eNodeB. SUPPRESSED
2025-09-19;06:01:06;AL  ;Minor ;EUtraNetwork=1,ExternalENodeBFunction=2221-211441;Inter Node Feature Incompatibility;Inter eNodeB CA feature is not activated in remote eNodeB. SUPPRESSED
2025-09-19;06:01:10;AL  ;Cleared;EUtraNetwork=1,ExternalENodeBFunction=2221-211441;Inter Node Feature Incompatibility;Inter eNodeB CA feature is not activated in remote eNodeB. SUPPRESSED
2025-09-19;06:02:01;AL  ;Cleared;EUtraNetwork=1,ExternalENodeBFunction=2221-211440;Inter Node Feature Incompatibility;Inter eNodeB CA feature is not activated in remote eNodeB. SUPPRESSED
2025-09-19;06:07:16;AL  ;Minor ;EUtraNetwork=1,ExternalENodeBFunction=2221-211440;Inter Node Feature Incompatibility;Inter eNodeB CA feature is not activated in remote eNodeB. SUPPRESSED
2025-09-19;06:09:14;AL  ;Cleared;EUtraNetwork=1,ExternalENodeBFunction=2221-211440;Inter Node Feature Incompatibility;Inter eNodeB CA feature is not activated in remote eNodeB. SUPPRESSED
2025-09-19;16:56:59;AL  ;Cleared;EUtraNetwork=1,ExternalENodeBFunction=2221-205867;Inter Node Feature Incompatibility;Inter eNodeB CA feature is not activated in remote eNodeB. SUPPRESSED
2025-09-19;16:56:59;AL  ;Minor ;EUtraNetwork=1,ExternalENodeBFunction=2221-211440;Inter Node Feature Incompatibility;Inter eNodeB CA feature is not activated in remote eNodeB. SUPPRESSED
2025-09-19;16:57:06;AL  ;Cleared;EUtraNetwork=1,ExternalENodeBFunction=2221-211440;Inter Node Feature Incompatibility;Inter eNodeB CA feature is not activated in remote eNodeB. SUPPRESSED
2025-09-19;16:57:06;AL  ;Minor ;EUtraNetwork=1,ExternalENodeBFunction=2221-205867;Inter Node Feature Incompatibility;Inter eNodeB CA feature is not activated in remote eNodeB. SUPPRESSED
2025-09-19;17:12:09;AL  ;Minor ;EUtraNetwork=1,ExternalENodeBFunction=2221-211440;Inter Node Feature Incompatibility;Inter eNodeB CA feature is not activated in remote eNodeB. SUPPRESSED
2025-09-19;17:13:46;AL  ;Cleared;EUtraNetwork=1,ExternalENodeBFunction=2221-211440;Inter Node Feature Incompatibility;Inter eNodeB CA feature is not activated in remote eNodeB. SUPPRESSED
2025-09-19;19:17:59;AL  ;Minor ;EUtraNetwork=1,ExternalENodeBFunction=2221-211440;Inter Node Feature Incompatibility;Inter eNodeB CA feature is not activated in remote eNodeB. SUPPRESSED
2025-09-19;19:20:59;AL  ;Minor ;EUtraNetwork=1,ExternalENodeBFunction=2221-211441;Inter Node Feature Incompatibility;Inter eNodeB CA feature is not activated in remote eNodeB. SUPPRESSED
2025-09-19;19:22:56;AL  ;Cleared;EUtraNetwork=1,ExternalENodeBFunction=2221-211441;Inter Node Feature Incompatibility;Inter eNodeB CA feature is not activated in remote eNodeB. SUPPRESSED
2025-09-19;22:55:59;AL  ;Minor ;EUtraNetwork=1,ExternalENodeBFunction=2221-211440;Inter Node Feature Incompatibility;Inter eNodeB CA feature is not activated in remote eNodeB. SUPPRESSED
2025-09-19;22:55:59;AL  ;Minor ;EUtraNetwork=1,ExternalENodeBFunction=2221-211441;Inter Node Feature Incompatibility;Inter eNodeB CA feature is not activated in remote eNodeB. SUPPRESSED
2025-09-20;06:01:10;AL  ;Cleared;EUtraNetwork=1,ExternalENodeBFunction=2221-211441;Inter Node Feature Incompatibility;Inter eNodeB CA feature is not activated in remote eNodeB. SUPPRESSED
2025-09-20;06:02:01;AL  ;Cleared;EUtraNetwork=1,ExternalENodeBFunction=2221-211440;Inter Node Feature Incompatibility;Inter eNodeB CA feature is not activated in remote eNodeB. SUPPRESSED
2025-09-20;06:04:03;AL  ;Minor ;EUtraNetwork=1,ExternalENodeBFunction=2221-211440;Inter Node Feature Incompatibility;Inter eNodeB CA feature is not activated in remote eNodeB. SUPPRESSED
2025-09-20;06:05:22;AL  ;Cleared;EUtraNetwork=1,ExternalENodeBFunction=2221-211440;Inter Node Feature Incompatibility;Inter eNodeB CA feature is not activated in remote eNodeB. SUPPRESSED
2025-09-20;08:01:42;AL  ;Cleared;EUtraNetwork=1,ExternalENodeBFunction=2221-205867;Inter Node Feature Incompatibility;Inter eNodeB CA feature is not activated in remote eNodeB. SUPPRESSED
2025-09-20;08:01:42;AL  ;Minor ;EUtraNetwork=1,ExternalENodeBFunction=2221-211440;Inter Node Feature Incompatibility;Inter eNodeB CA feature is not activated in remote eNodeB. SUPPRESSED
2025-09-20;08:15:14;AL  ;Cleared;EUtraNetwork=1,ExternalENodeBFunction=2221-211440;Inter Node Feature Incompatibility;Inter eNodeB CA feature is not activated in remote eNodeB. SUPPRESSED
2025-09-20;08:15:14;AL  ;Minor ;EUtraNetwork=1,ExternalENodeBFunction=2221-205867;Inter Node Feature Incompatibility;Inter eNodeB CA feature is not activated in remote eNodeB. SUPPRESSED
2025-09-20;18:17:01;AL  ;Minor ;EUtraNetwork=1,ExternalENodeBFunction=2221-211440;Inter Node Feature Incompatibility;Inter eNodeB CA feature is not activated in remote eNodeB. SUPPRESSED
2025-09-20;18:30:43;AL  ;Cleared;EUtraNetwork=1,ExternalENodeBFunction=2221-211440;Inter Node Feature Incompatibility;Inter eNodeB CA feature is not activated in remote eNodeB. SUPPRESSED
2025-09-20;19:07:59;AL  ;Minor ;EUtraNetwork=1,ExternalENodeBFunction=2221-211440;Inter Node Feature Incompatibility;Inter eNodeB CA feature is not activated in remote eNodeB. SUPPRESSED
2025-09-21;06:01:06;AL  ;Minor ;EUtraNetwork=1,ExternalENodeBFunction=2221-211441;Inter Node Feature Incompatibility;Inter eNodeB CA feature is not activated in remote eNodeB. SUPPRESSED
2025-09-21;06:01:10;AL  ;Cleared;EUtraNetwork=1,ExternalENodeBFunction=2221-211441;Inter Node Feature Incompatibility;Inter eNodeB CA feature is not activated in remote eNodeB. SUPPRESSED
2025-09-21;06:02:01;AL  ;Cleared;EUtraNetwork=1,ExternalENodeBFunction=2221-211440;Inter Node Feature Incompatibility;Inter eNodeB CA feature is not activated in remote eNodeB. SUPPRESSED
2025-09-21;08:19:21;AL  ;Minor ;EUtraNetwork=1,ExternalENodeBFunction=2221-211440;Inter Node Carrier Aggregation Service Unavailable;Elastic RAN Carrier Aggregation is not available towards remote eNodeB.
2025-09-21;09:48:54;AL  ;Minor ;ENodeBFunction=1;External Link to GNodeB Failure;X2 link problem to one or several neighbouring gNodeBs. AI: PLMN ID-gNB ID 1 = 2221-1052884
2025-09-21;10:32:30;AL  ;Minor ;EUtraNetwork=1,ExternalENodeBFunction=2221-211440;Inter Node Feature Incompatibility;Inter eNodeB CA feature is not activated in remote eNodeB. SUPPRESSED
2025-09-21;10:33:06;AL  ;Cleared;EUtraNetwork=1,ExternalENodeBFunction=2221-211440;Inter Node Feature Incompatibility;Inter eNodeB CA feature is not activated in remote eNodeB. SUPPRESSED
2025-09-21;12:33:49;AL  ;Cleared;EUtraNetwork=1,ExternalENodeBFunction=2221-211440;Inter Node Carrier Aggregation Service Unavailable;Elastic RAN Carrier Aggregation is not available towards remote eNodeB.
2025-09-21;12:53:12;AL  ;Minor ;EUtraNetwork=1,ExternalENodeBFunction=2221-211440;Inter Node Carrier Aggregation Service Unavailable;Elastic RAN Carrier Aggregation is not available towards remote eNodeB.
2025-09-21;19:07:59;AL  ;Minor ;EUtraNetwork=1,ExternalENodeBFunction=2221-211441;Inter Node Feature Incompatibility;Inter eNodeB CA feature is not activated in remote eNodeB. SUPPRESSED
2025-09-22;06:02:01;AL  ;Cleared;EUtraNetwork=1,ExternalENodeBFunction=2221-211441;Inter Node Feature Incompatibility;Inter eNodeB CA feature is not activated in remote eNodeB. SUPPRESSED
2025-09-22;06:03:34;AL  ;Minor ;EUtraNetwork=1,ExternalENodeBFunction=2221-211441;Inter Node Feature Incompatibility;Inter eNodeB CA feature is not activated in remote eNodeB. SUPPRESSED
2025-09-22;06:05:20;AL  ;Cleared;EUtraNetwork=1,ExternalENodeBFunction=2221-211441;Inter Node Feature Incompatibility;Inter eNodeB CA feature is not activated in remote eNodeB. SUPPRESSED
2025-09-22;08:04:43;AL  ;Minor ;EUtraNetwork=1,ExternalENodeBFunction=2221-211441;Inter Node Feature Incompatibility;Inter eNodeB CA feature is not activated in remote eNodeB. SUPPRESSED
2025-09-22;08:05:53;AL  ;Cleared;EUtraNetwork=1,ExternalENodeBFunction=2221-211441;Inter Node Feature Incompatibility;Inter eNodeB CA feature is not activated in remote eNodeB. SUPPRESSED
2025-09-22;09:44:07;AL  ;Cleared;ENodeBFunction=1;External Link to GNodeB Failure;X2 link problem to one or several neighbouring gNodeBs. AI: PLMN ID-gNB ID 1 = 2221-1052884
2025-09-22;19:08:07;AL  ;Minor ;EUtraNetwork=1,ExternalENodeBFunction=2221-211441;Inter Node Feature Incompatibility;Inter eNodeB CA feature is not activated in remote eNodeB. SUPPRESSED
2025-09-23;06:02:01;AL  ;Cleared;EUtraNetwork=1,ExternalENodeBFunction=2221-211441;Inter Node Feature Incompatibility;Inter eNodeB CA feature is not activated in remote eNodeB. SUPPRESSED
2025-09-23;08:01:42;AL  ;Cleared;EUtraNetwork=1,ExternalENodeBFunction=2221-205867;Inter Node Feature Incompatibility;Inter eNodeB CA feature is not activated in remote eNodeB. SUPPRESSED
2025-09-23;08:01:42;AL  ;Minor ;EUtraNetwork=1,ExternalENodeBFunction=2221-211441;Inter Node Feature Incompatibility;Inter eNodeB CA feature is not activated in remote eNodeB. SUPPRESSED
2025-09-23;08:09:10;AL  ;Cleared;EUtraNetwork=1,ExternalENodeBFunction=2221-211441;Inter Node Feature Incompatibility;Inter eNodeB CA feature is not activated in remote eNodeB. SUPPRESSED
2025-09-23;08:09:10;AL  ;Minor ;EUtraNetwork=1,ExternalENodeBFunction=2221-205867;Inter Node Feature Incompatibility;Inter eNodeB CA feature is not activated in remote eNodeB. SUPPRESSED
2025-09-23;19:08:00;AL  ;Minor ;EUtraNetwork=1,ExternalENodeBFunction=2221-211441;Inter Node Feature Incompatibility;Inter eNodeB CA feature is not activated in remote eNodeB. SUPPRESSED
2025-09-24;06:02:01;AL  ;Cleared;EUtraNetwork=1,ExternalENodeBFunction=2221-211441;Inter Node Feature Incompatibility;Inter eNodeB CA feature is not activated in remote eNodeB. SUPPRESSED
2025-09-24;16:31:55;AL  ;Cleared;EUtraNetwork=1,ExternalENodeBFunction=2221-205867;Inter Node Feature Incompatibility;Inter eNodeB CA feature is not activated in remote eNodeB. SUPPRESSED
2025-09-24;16:31:55;AL  ;Minor ;EUtraNetwork=1,ExternalENodeBFunction=2221-211441;Inter Node Feature Incompatibility;Inter eNodeB CA feature is not activated in remote eNodeB. SUPPRESSED
2025-09-24;16:32:22;AL  ;Cleared;EUtraNetwork=1,ExternalENodeBFunction=2221-211441;Inter Node Feature Incompatibility;Inter eNodeB CA feature is not activated in remote eNodeB. SUPPRESSED
2025-09-24;16:32:22;AL  ;Minor ;EUtraNetwork=1,ExternalENodeBFunction=2221-205867;Inter Node Feature Incompatibility;Inter eNodeB CA feature is not activated in remote eNodeB. SUPPRESSED
2025-09-24;18:31:43;AL  ;Minor ;EUtraNetwork=1,ExternalENodeBFunction=2221-211440;Inter Node Feature Incompatibility;Inter eNodeB CA feature is not activated in remote eNodeB. SUPPRESSED
2025-09-24;18:32:16;AL  ;Cleared;EUtraNetwork=1,ExternalENodeBFunction=2221-211440;Inter Node Feature Incompatibility;Inter eNodeB CA feature is not activated in remote eNodeB. SUPPRESSED
2025-09-24;19:07:59;AL  ;Minor ;EUtraNetwork=1,ExternalENodeBFunction=2221-211440;Inter Node Feature Incompatibility;Inter eNodeB CA feature is not activated in remote eNodeB. SUPPRESSED
2025-09-24;19:22:59;AL  ;Cleared;EUtraNetwork=1,ExternalENodeBFunction=2221-211440;Inter Node Feature Incompatibility;Inter eNodeB CA feature is not activated in remote eNodeB. SUPPRESSED
2025-09-24;19:22:59;AL  ;Minor ;EUtraNetwork=1,ExternalENodeBFunction=2221-211441;Inter Node Feature Incompatibility;Inter eNodeB CA feature is not activated in remote eNodeB. SUPPRESSED
2025-09-24;19:26:19;AL  ;Cleared;EUtraNetwork=1,ExternalENodeBFunction=2221-211441;Inter Node Feature Incompatibility;Inter eNodeB CA feature is not activated in remote eNodeB. SUPPRESSED
2025-09-24;19:26:19;AL  ;Minor ;EUtraNetwork=1,ExternalENodeBFunction=2221-211440;Inter Node Feature Incompatibility;Inter eNodeB CA feature is not activated in remote eNodeB. SUPPRESSED
2025-09-24;21:31:26;AL  ;Cleared;EUtraNetwork=1,ExternalENodeBFunction=2221-211440;Inter Node Feature Incompatibility;Inter eNodeB CA feature is not activated in remote eNodeB. SUPPRESSED
2025-09-24;21:31:26;AL  ;Minor ;EUtraNetwork=1,ExternalENodeBFunction=2221-211441;Inter Node Feature Incompatibility;Inter eNodeB CA feature is not activated in remote eNodeB. SUPPRESSED
2025-09-24;21:35:27;AL  ;Cleared;EUtraNetwork=1,ExternalENodeBFunction=2221-211441;Inter Node Feature Incompatibility;Inter eNodeB CA feature is not activated in remote eNodeB. SUPPRESSED
2025-09-24;21:35:27;AL  ;Minor ;EUtraNetwork=1,ExternalENodeBFunction=2221-211440;Inter Node Feature Incompatibility;Inter eNodeB CA feature is not activated in remote eNodeB. SUPPRESSED
2025-09-25;06:01:06;AL  ;Minor ;EUtraNetwork=1,ExternalENodeBFunction=2221-211441;Inter Node Feature Incompatibility;Inter eNodeB CA feature is not activated in remote eNodeB. SUPPRESSED
2025-09-25;06:01:11;AL  ;Cleared;EUtraNetwork=1,ExternalENodeBFunction=2221-211441;Inter Node Feature Incompatibility;Inter eNodeB CA feature is not activated in remote eNodeB. SUPPRESSED
2025-09-25;06:01:44;AL  ;Minor ;EUtraNetwork=1,ExternalENodeBFunction=2221-211440;Inter Node Feature Incompatibility;Inter eNodeB CA feature is not activated in remote eNodeB. SUPPRESSED
2025-09-25;06:02:01;AL  ;Cleared;EUtraNetwork=1,ExternalENodeBFunction=2221-211440;Inter Node Feature Incompatibility;Inter eNodeB CA feature is not activated in remote eNodeB. SUPPRESSED
2025-09-25;07:23:11;AL  ;Minor ;EUtraNetwork=1,ExternalENodeBFunction=2221-211440;Inter Node Feature Incompatibility;Inter eNodeB CA feature is not activated in remote eNodeB. SUPPRESSED
2025-09-25;07:25:39;AL  ;Cleared;EUtraNetwork=1,ExternalENodeBFunction=2221-211440;Inter Node Feature Incompatibility;Inter eNodeB CA feature is not activated in remote eNodeB. SUPPRESSED
2025-09-25;12:31:55;AL  ;Cleared;EUtraNetwork=1,ExternalENodeBFunction=2221-205867;Inter Node Feature Incompatibility;Inter eNodeB CA feature is not activated in remote eNodeB. SUPPRESSED
2025-09-25;12:31:55;AL  ;Minor ;EUtraNetwork=1,ExternalENodeBFunction=2221-211441;Inter Node Feature Incompatibility;Inter eNodeB CA feature is not activated in remote eNodeB. SUPPRESSED
2025-09-25;12:32:59;AL  ;Cleared;EUtraNetwork=1,ExternalENodeBFunction=2221-211441;Inter Node Feature Incompatibility;Inter eNodeB CA feature is not activated in remote eNodeB. SUPPRESSED
2025-09-25;12:32:59;AL  ;Minor ;EUtraNetwork=1,ExternalENodeBFunction=2221-205867;Inter Node Feature Incompatibility;Inter eNodeB CA feature is not activated in remote eNodeB. SUPPRESSED
2025-09-25;15:09:58;AL  ;Cleared;EUtraNetwork=1,ExternalENodeBFunction=2221-205867;Inter Node Feature Incompatibility;Inter eNodeB CA feature is not activated in remote eNodeB. SUPPRESSED
2025-09-25;15:09:58;AL  ;Minor ;EUtraNetwork=1,ExternalENodeBFunction=2221-211441;Inter Node Feature Incompatibility;Inter eNodeB CA feature is not activated in remote eNodeB. SUPPRESSED
2025-09-25;15:13:49;AL  ;Cleared;EUtraNetwork=1,ExternalENodeBFunction=2221-211441;Inter Node Feature Incompatibility;Inter eNodeB CA feature is not activated in remote eNodeB. SUPPRESSED
2025-09-25;15:13:49;AL  ;Minor ;EUtraNetwork=1,ExternalENodeBFunction=2221-205867;Inter Node Feature Incompatibility;Inter eNodeB CA feature is not activated in remote eNodeB. SUPPRESSED
2025-09-25;19:08:06;AL  ;Minor ;EUtraNetwork=1,ExternalENodeBFunction=2221-211440;Inter Node Feature Incompatibility;Inter eNodeB CA feature is not activated in remote eNodeB. SUPPRESSED
2025-09-25;20:31:55;AL  ;Cleared;EUtraNetwork=1,ExternalENodeBFunction=2221-211440;Inter Node Feature Incompatibility;Inter eNodeB CA feature is not activated in remote eNodeB. SUPPRESSED
2025-09-25;20:31:55;AL  ;Minor ;EUtraNetwork=1,ExternalENodeBFunction=2221-211441;Inter Node Feature Incompatibility;Inter eNodeB CA feature is not activated in remote eNodeB. SUPPRESSED
2025-09-25;20:32:30;AL  ;Cleared;EUtraNetwork=1,ExternalENodeBFunction=2221-211441;Inter Node Feature Incompatibility;Inter eNodeB CA feature is not activated in remote eNodeB. SUPPRESSED
2025-09-25;20:32:30;AL  ;Minor ;EUtraNetwork=1,ExternalENodeBFunction=2221-211440;Inter Node Feature Incompatibility;Inter eNodeB CA feature is not activated in remote eNodeB. SUPPRESSED
2025-09-25;21:21:38;AL  ;Cleared;EUtraNetwork=1,ExternalENodeBFunction=2221-211440;Inter Node Feature Incompatibility;Inter eNodeB CA feature is not activated in remote eNodeB. SUPPRESSED
2025-09-25;21:21:38;AL  ;Minor ;EUtraNetwork=1,ExternalENodeBFunction=2221-211441;Inter Node Feature Incompatibility;Inter eNodeB CA feature is not activated in remote eNodeB. SUPPRESSED
2025-09-25;21:26:59;AL  ;Cleared;EUtraNetwork=1,ExternalENodeBFunction=2221-211441;Inter Node Feature Incompatibility;Inter eNodeB CA feature is not activated in remote eNodeB. SUPPRESSED
2025-09-25;21:26:59;AL  ;Minor ;EUtraNetwork=1,ExternalENodeBFunction=2221-211440;Inter Node Feature Incompatibility;Inter eNodeB CA feature is not activated in remote eNodeB. SUPPRESSED
2025-09-25;21:46:59;AL  ;Minor ;EUtraNetwork=1,ExternalENodeBFunction=2221-211441;Inter Node Feature Incompatibility;Inter eNodeB CA feature is not activated in remote eNodeB. SUPPRESSED
2025-09-26;06:01:32;AL  ;Cleared;EUtraNetwork=1,ExternalENodeBFunction=2221-211441;Inter Node Feature Incompatibility;Inter eNodeB CA feature is not activated in remote eNodeB. SUPPRESSED
2025-09-26;06:01:43;AL  ;Minor ;EUtraNetwork=1,ExternalENodeBFunction=2221-211440;Inter Node Feature Incompatibility;Inter eNodeB CA feature is not activated in remote eNodeB. SUPPRESSED
2025-09-26;06:02:01;AL  ;Cleared;EUtraNetwork=1,ExternalENodeBFunction=2221-211440;Inter Node Feature Incompatibility;Inter eNodeB CA feature is not activated in remote eNodeB. SUPPRESSED
2025-09-26;13:46:43;AL  ;Minor ;EUtraNetwork=1,ExternalENodeBFunction=2221-211440;Inter Node Feature Incompatibility;Inter eNodeB CA feature is not activated in remote eNodeB. SUPPRESSED
2025-09-26;13:46:58;AL  ;Cleared;EUtraNetwork=1,ExternalENodeBFunction=2221-211440;Inter Node Feature Incompatibility;Inter eNodeB CA feature is not activated in remote eNodeB. SUPPRESSED
2025-09-26;16:31:56;AL  ;Minor ;EUtraNetwork=1,ExternalENodeBFunction=2221-211440;Inter Node Feature Incompatibility;Inter eNodeB CA feature is not activated in remote eNodeB. SUPPRESSED
2025-09-26;16:36:59;AL  ;Cleared;EUtraNetwork=1,ExternalENodeBFunction=2221-211440;Inter Node Feature Incompatibility;Inter eNodeB CA feature is not activated in remote eNodeB. SUPPRESSED
2025-09-26;20:31:54;AL  ;Cleared;EUtraNetwork=1,ExternalENodeBFunction=2221-205867;Inter Node Feature Incompatibility;Inter eNodeB CA feature is not activated in remote eNodeB. SUPPRESSED
2025-09-26;20:31:54;AL  ;Minor ;EUtraNetwork=1,ExternalENodeBFunction=2221-211441;Inter Node Feature Incompatibility;Inter eNodeB CA feature is not activated in remote eNodeB. SUPPRESSED
2025-09-26;20:38:59;AL  ;Cleared;EUtraNetwork=1,ExternalENodeBFunction=2221-211441;Inter Node Feature Incompatibility;Inter eNodeB CA feature is not activated in remote eNodeB. SUPPRESSED
2025-09-26;20:38:59;AL  ;Minor ;EUtraNetwork=1,ExternalENodeBFunction=2221-205867;Inter Node Feature Incompatibility;Inter eNodeB CA feature is not activated in remote eNodeB. SUPPRESSED
2025-09-26;20:38:59;AL  ;Minor ;EUtraNetwork=1,ExternalENodeBFunction=2221-211440;Inter Node Feature Incompatibility;Inter eNodeB CA feature is not activated in remote eNodeB. SUPPRESSED
2025-09-27;06:01:06;AL  ;Minor ;EUtraNetwork=1,ExternalENodeBFunction=2221-211441;Inter Node Feature Incompatibility;Inter eNodeB CA feature is not activated in remote eNodeB. SUPPRESSED
2025-09-27;06:01:55;AL  ;Cleared;EUtraNetwork=1,ExternalENodeBFunction=2221-211441;Inter Node Feature Incompatibility;Inter eNodeB CA feature is not activated in remote eNodeB. SUPPRESSED
2025-09-27;06:02:01;AL  ;Cleared;EUtraNetwork=1,ExternalENodeBFunction=2221-211440;Inter Node Feature Incompatibility;Inter eNodeB CA feature is not activated in remote eNodeB. SUPPRESSED
2025-09-27;07:25:43;AL  ;Minor ;EUtraNetwork=1,ExternalENodeBFunction=2221-211440;Inter Node Feature Incompatibility;Inter eNodeB CA feature is not activated in remote eNodeB. SUPPRESSED
2025-09-27;07:26:38;AL  ;Cleared;EUtraNetwork=1,ExternalENodeBFunction=2221-211440;Inter Node Feature Incompatibility;Inter eNodeB CA feature is not activated in remote eNodeB. SUPPRESSED
2025-09-27;07:28:46;AL  ;Minor ;EUtraNetwork=1,ExternalENodeBFunction=2221-211440;Inter Node Feature Incompatibility;Inter eNodeB CA feature is not activated in remote eNodeB. SUPPRESSED
2025-09-27;07:28:59;AL  ;Cleared;EUtraNetwork=1,ExternalENodeBFunction=2221-211440;Inter Node Feature Incompatibility;Inter eNodeB CA feature is not activated in remote eNodeB. SUPPRESSED
2025-09-27;07:57:45;AL  ;Minor ;EUtraNetwork=1,ExternalENodeBFunction=2221-211440;Inter Node Feature Incompatibility;Inter eNodeB CA feature is not activated in remote eNodeB. SUPPRESSED
2025-09-27;07:59:12;AL  ;Cleared;EUtraNetwork=1,ExternalENodeBFunction=2221-211440;Inter Node Feature Incompatibility;Inter eNodeB CA feature is not activated in remote eNodeB. SUPPRESSED
2025-09-27;12:01:42;AL  ;Cleared;EUtraNetwork=1,ExternalENodeBFunction=2221-205867;Inter Node Feature Incompatibility;Inter eNodeB CA feature is not activated in remote eNodeB. SUPPRESSED
2025-09-27;12:01:42;AL  ;Minor ;EUtraNetwork=1,ExternalENodeBFunction=2221-211441;Inter Node Feature Incompatibility;Inter eNodeB CA feature is not activated in remote eNodeB. SUPPRESSED
2025-09-27;12:09:39;AL  ;Cleared;EUtraNetwork=1,ExternalENodeBFunction=2221-211441;Inter Node Feature Incompatibility;Inter eNodeB CA feature is not activated in remote eNodeB. SUPPRESSED
2025-09-27;12:09:39;AL  ;Minor ;EUtraNetwork=1,ExternalENodeBFunction=2221-205867;Inter Node Feature Incompatibility;Inter eNodeB CA feature is not activated in remote eNodeB. SUPPRESSED
2025-09-27;15:31:56;AL  ;Cleared;EUtraNetwork=1,ExternalENodeBFunction=2221-205867;Inter Node Feature Incompatibility;Inter eNodeB CA feature is not activated in remote eNodeB. SUPPRESSED
2025-09-27;15:31:56;AL  ;Minor ;EUtraNetwork=1,ExternalENodeBFunction=2221-211441;Inter Node Feature Incompatibility;Inter eNodeB CA feature is not activated in remote eNodeB. SUPPRESSED
2025-09-27;15:35:07;AL  ;Cleared;EUtraNetwork=1,ExternalENodeBFunction=2221-211441;Inter Node Feature Incompatibility;Inter eNodeB CA feature is not activated in remote eNodeB. SUPPRESSED
2025-09-27;15:35:07;AL  ;Minor ;EUtraNetwork=1,ExternalENodeBFunction=2221-205867;Inter Node Feature Incompatibility;Inter eNodeB CA feature is not activated in remote eNodeB. SUPPRESSED
2025-09-27;19:30:00;AL  ;Minor ;EUtraNetwork=1,ExternalENodeBFunction=2221-211440;Inter Node Feature Incompatibility;Inter eNodeB CA feature is not activated in remote eNodeB. SUPPRESSED
2025-09-27;19:45:59;AL  ;Cleared;EUtraNetwork=1,ExternalENodeBFunction=2221-211440;Inter Node Feature Incompatibility;Inter eNodeB CA feature is not activated in remote eNodeB. SUPPRESSED
2025-09-27;19:45:59;AL  ;Minor ;EUtraNetwork=1,ExternalENodeBFunction=2221-211441;Inter Node Feature Incompatibility;Inter eNodeB CA feature is not activated in remote eNodeB. SUPPRESSED
2025-09-27;19:46:40;AL  ;Cleared;EUtraNetwork=1,ExternalENodeBFunction=2221-211441;Inter Node Feature Incompatibility;Inter eNodeB CA feature is not activated in remote eNodeB. SUPPRESSED
2025-09-27;19:46:40;AL  ;Minor ;EUtraNetwork=1,ExternalENodeBFunction=2221-211440;Inter Node Feature Incompatibility;Inter eNodeB CA feature is not activated in remote eNodeB. SUPPRESSED
2025-09-28;06:01:43;AL  ;Minor ;EUtraNetwork=1,ExternalENodeBFunction=2221-211440;Inter Node Feature Incompatibility;Inter eNodeB CA feature is not activated in remote eNodeB. SUPPRESSED
2025-09-28;06:02:01;AL  ;Cleared;EUtraNetwork=1,ExternalENodeBFunction=2221-211440;Inter Node Feature Incompatibility;Inter eNodeB CA feature is not activated in remote eNodeB. SUPPRESSED
2025-09-28;06:24:00;AL  ;Minor ;EUtraNetwork=1,ExternalENodeBFunction=2221-211440;Inter Node Feature Incompatibility;Inter eNodeB CA feature is not activated in remote eNodeB. SUPPRESSED
2025-09-28;06:24:42;AL  ;Cleared;EUtraNetwork=1,ExternalENodeBFunction=2221-211440;Inter Node Feature Incompatibility;Inter eNodeB CA feature is not activated in remote eNodeB. SUPPRESSED
2025-09-28;07:02:42;AL  ;Minor ;EUtraNetwork=1,ExternalENodeBFunction=2221-211440;Inter Node Feature Incompatibility;Inter eNodeB CA feature is not activated in remote eNodeB. SUPPRESSED
2025-09-28;07:07:21;AL  ;Cleared;EUtraNetwork=1,ExternalENodeBFunction=2221-211440;Inter Node Feature Incompatibility;Inter eNodeB CA feature is not activated in remote eNodeB. SUPPRESSED
2025-09-28;08:20:11;AL  ;Minor ;EUtraNetwork=1,ExternalENodeBFunction=2221-205866;Inter Node Carrier Aggregation Service Unavailable;Elastic RAN Carrier Aggregation is not available towards remote eNodeB.
2025-09-28;08:20:29;AL  ;Cleared;EUtraNetwork=1,ExternalENodeBFunction=2221-211440;Inter Node Carrier Aggregation Service Unavailable;Elastic RAN Carrier Aggregation is not available towards remote eNodeB.
2025-09-28;08:20:35;AL  ;Cleared;EUtraNetwork=1,ExternalENodeBFunction=2221-205867;Inter Node Feature Incompatibility;Inter eNodeB CA feature is not activated in remote eNodeB. SUPPRESSED
2025-09-28;08:21:05;AL  ;Minor ;EUtraNetwork=1,ExternalENodeBFunction=2221-211440;Inter Node Feature Incompatibility;Inter eNodeB CA feature is not activated in remote eNodeB. SUPPRESSED
2025-09-28;08:21:16;AL  ;Cleared;EUtraNetwork=1,ExternalENodeBFunction=2221-211440;Inter Node Feature Incompatibility;Inter eNodeB CA feature is not activated in remote eNodeB. SUPPRESSED
2025-09-28;08:21:16;AL  ;Minor ;EUtraNetwork=1,ExternalENodeBFunction=2221-205867;Inter Node Feature Incompatibility;Inter eNodeB CA feature is not activated in remote eNodeB. SUPPRESSED
2025-09-28;09:16:43;AL  ;Minor ;EUtraNetwork=1,ExternalENodeBFunction=2221-211440;Inter Node Feature Incompatibility;Inter eNodeB CA feature is not activated in remote eNodeB. SUPPRESSED
2025-09-28;09:21:14;AL  ;Cleared;EUtraNetwork=1,ExternalENodeBFunction=2221-211440;Inter Node Feature Incompatibility;Inter eNodeB CA feature is not activated in remote eNodeB. SUPPRESSED
2025-09-28;12:31:26;AL  ;Minor ;EUtraNetwork=1,ExternalENodeBFunction=2221-205867;Inter Node Feature Incompatibility;Inter eNodeB CA feature is not activated in remote eNodeB. SUPPRESSED
2025-09-28;12:31:24;AL  ;Cleared;EUtraNetwork=1,ExternalENodeBFunction=2221-205866;Inter Node Carrier Aggregation Service Unavailable;Elastic RAN Carrier Aggregation is not available towards remote eNodeB.
2025-09-28;12:32:26;AL  ;Minor ;EUtraNetwork=1,ExternalENodeBFunction=2221-205866;Inter Node Carrier Aggregation Service Unavailable;Elastic RAN Carrier Aggregation is not available towards remote eNodeB.
2025-09-28;12:49:57;AL  ;Cleared;EUtraNetwork=1,ExternalENodeBFunction=2221-205866;Inter Node Carrier Aggregation Service Unavailable;Elastic RAN Carrier Aggregation is not available towards remote eNodeB.
2025-09-28;17:06:15;AL  ;Minor ;EUtraNetwork=1,ExternalENodeBFunction=2221-211440;Inter Node Feature Incompatibility;Inter eNodeB CA feature is not activated in remote eNodeB. SUPPRESSED
2025-09-28;17:11:23;AL  ;Cleared;EUtraNetwork=1,ExternalENodeBFunction=2221-211440;Inter Node Feature Incompatibility;Inter eNodeB CA feature is not activated in remote eNodeB. SUPPRESSED
2025-09-28;18:08:58;AL  ;Cleared;EUtraNetwork=1,ExternalENodeBFunction=2221-205867;Inter Node Feature Incompatibility;Inter eNodeB CA feature is not activated in remote eNodeB. SUPPRESSED
2025-09-28;18:08:58;AL  ;Minor ;EUtraNetwork=1,ExternalENodeBFunction=2221-211440;Inter Node Feature Incompatibility;Inter eNodeB CA feature is not activated in remote eNodeB. SUPPRESSED
2025-09-28;18:14:52;AL  ;Cleared;EUtraNetwork=1,ExternalENodeBFunction=2221-211440;Inter Node Feature Incompatibility;Inter eNodeB CA feature is not activated in remote eNodeB. SUPPRESSED
2025-09-28;18:14:52;AL  ;Minor ;EUtraNetwork=1,ExternalENodeBFunction=2221-205867;Inter Node Feature Incompatibility;Inter eNodeB CA feature is not activated in remote eNodeB. SUPPRESSED
2025-09-28;19:08:10;AL  ;Minor ;EUtraNetwork=1,ExternalENodeBFunction=2221-211440;Inter Node Feature Incompatibility;Inter eNodeB CA feature is not activated in remote eNodeB. SUPPRESSED
2025-09-28;19:26:58;AL  ;Minor ;EUtraNetwork=1,ExternalENodeBFunction=2221-211441;Inter Node Feature Incompatibility;Inter eNodeB CA feature is not activated in remote eNodeB. SUPPRESSED
2025-09-28;19:26:58;AL  ;Cleared;EUtraNetwork=1,ExternalENodeBFunction=2221-211440;Inter Node Feature Incompatibility;Inter eNodeB CA feature is not activated in remote eNodeB. SUPPRESSED
2025-09-28;19:28:47;AL  ;Cleared;EUtraNetwork=1,ExternalENodeBFunction=2221-211441;Inter Node Feature Incompatibility;Inter eNodeB CA feature is not activated in remote eNodeB. SUPPRESSED
2025-09-28;19:28:47;AL  ;Minor ;EUtraNetwork=1,ExternalENodeBFunction=2221-211440;Inter Node Feature Incompatibility;Inter eNodeB CA feature is not activated in remote eNodeB. SUPPRESSED
2025-09-29;06:01:06;AL  ;Minor ;EUtraNetwork=1,ExternalENodeBFunction=2221-211441;Inter Node Feature Incompatibility;Inter eNodeB CA feature is not activated in remote eNodeB. SUPPRESSED
2025-09-29;06:02:01;AL  ;Cleared;EUtraNetwork=1,ExternalENodeBFunction=2221-211441;Inter Node Feature Incompatibility;Inter eNodeB CA feature is not activated in remote eNodeB. SUPPRESSED
2025-09-29;08:31:56;AL  ;Cleared;EUtraNetwork=1,ExternalENodeBFunction=2221-205867;Inter Node Feature Incompatibility;Inter eNodeB CA feature is not activated in remote eNodeB. SUPPRESSED
2025-09-29;08:31:56;AL  ;Minor ;EUtraNetwork=1,ExternalENodeBFunction=2221-211441;Inter Node Feature Incompatibility;Inter eNodeB CA feature is not activated in remote eNodeB. SUPPRESSED
2025-09-29;08:33:46;AL  ;Cleared;EUtraNetwork=1,ExternalENodeBFunction=2221-211441;Inter Node Feature Incompatibility;Inter eNodeB CA feature is not activated in remote eNodeB. SUPPRESSED
2025-09-29;08:33:46;AL  ;Minor ;EUtraNetwork=1,ExternalENodeBFunction=2221-205867;Inter Node Feature Incompatibility;Inter eNodeB CA feature is not activated in remote eNodeB. SUPPRESSED
2025-09-29;19:07:59;AL  ;Minor ;EUtraNetwork=1,ExternalENodeBFunction=2221-211441;Inter Node Feature Incompatibility;Inter eNodeB CA feature is not activated in remote eNodeB. SUPPRESSED
2025-09-30;06:02:01;AL  ;Cleared;EUtraNetwork=1,ExternalENodeBFunction=2221-211441;Inter Node Feature Incompatibility;Inter eNodeB CA feature is not activated in remote eNodeB. SUPPRESSED
2025-09-30;14:12:15;AL  ;Major ;Synchronization=1,RadioEquipmentClock=1,RadioEquipmentClockReference=PTP;Sync PTP Time Reliability Fault;Master time not traceable, Master timescale not PTP
2025-09-30;14:14:54;AL  ;Cleared;Synchronization=1,RadioEquipmentClock=1,RadioEquipmentClockReference=PTP;Sync PTP Time Reliability Fault;Master timescale not PTP
2025-09-30;18:31:26;AL  ;Cleared;EUtraNetwork=1,ExternalENodeBFunction=2221-205867;Inter Node Feature Incompatibility;Inter eNodeB CA feature is not activated in remote eNodeB. SUPPRESSED
2025-09-30;18:31:26;AL  ;Minor ;EUtraNetwork=1,ExternalENodeBFunction=2221-211441;Inter Node Feature Incompatibility;Inter eNodeB CA feature is not activated in remote eNodeB. SUPPRESSED
2025-09-30;18:34:00;AL  ;Cleared;EUtraNetwork=1,ExternalENodeBFunction=2221-211441;Inter Node Feature Incompatibility;Inter eNodeB CA feature is not activated in remote eNodeB. SUPPRESSED
2025-09-30;18:34:00;AL  ;Minor ;EUtraNetwork=1,ExternalENodeBFunction=2221-205867;Inter Node Feature Incompatibility;Inter eNodeB CA feature is not activated in remote eNodeB. SUPPRESSED
2025-09-30;19:08:04;AL  ;Minor ;EUtraNetwork=1,ExternalENodeBFunction=2221-211441;Inter Node Feature Incompatibility;Inter eNodeB CA feature is not activated in remote eNodeB. SUPPRESSED
2025-10-01;06:02:01;AL  ;Cleared;EUtraNetwork=1,ExternalENodeBFunction=2221-211441;Inter Node Feature Incompatibility;Inter eNodeB CA feature is not activated in remote eNodeB. SUPPRESSED
2025-10-01;11:31:56;AL  ;Cleared;EUtraNetwork=1,ExternalENodeBFunction=2221-205867;Inter Node Feature Incompatibility;Inter eNodeB CA feature is not activated in remote eNodeB. SUPPRESSED
2025-10-01;11:31:56;AL  ;Minor ;EUtraNetwork=1,ExternalENodeBFunction=2221-211441;Inter Node Feature Incompatibility;Inter eNodeB CA feature is not activated in remote eNodeB. SUPPRESSED
2025-10-01;11:36:10;AL  ;Cleared;EUtraNetwork=1,ExternalENodeBFunction=2221-211441;Inter Node Feature Incompatibility;Inter eNodeB CA feature is not activated in remote eNodeB. SUPPRESSED
2025-10-01;11:36:10;AL  ;Minor ;EUtraNetwork=1,ExternalENodeBFunction=2221-205867;Inter Node Feature Incompatibility;Inter eNodeB CA feature is not activated in remote eNodeB. SUPPRESSED
2025-10-01;18:31:26;AL  ;Cleared;EUtraNetwork=1,ExternalENodeBFunction=2221-205867;Inter Node Feature Incompatibility;Inter eNodeB CA feature is not activated in remote eNodeB. SUPPRESSED
2025-10-01;18:31:26;AL  ;Minor ;EUtraNetwork=1,ExternalENodeBFunction=2221-211441;Inter Node Feature Incompatibility;Inter eNodeB CA feature is not activated in remote eNodeB. SUPPRESSED
2025-10-01;18:34:58;AL  ;Cleared;EUtraNetwork=1,ExternalENodeBFunction=2221-211441;Inter Node Feature Incompatibility;Inter eNodeB CA feature is not activated in remote eNodeB. SUPPRESSED
2025-10-01;18:34:58;AL  ;Minor ;EUtraNetwork=1,ExternalENodeBFunction=2221-205867;Inter Node Feature Incompatibility;Inter eNodeB CA feature is not activated in remote eNodeB. SUPPRESSED
2025-10-01;19:07:59;AL  ;Minor ;EUtraNetwork=1,ExternalENodeBFunction=2221-211441;Inter Node Feature Incompatibility;Inter eNodeB CA feature is not activated in remote eNodeB. SUPPRESSED
2025-10-02;06:02:01;AL  ;Cleared;EUtraNetwork=1,ExternalENodeBFunction=2221-211441;Inter Node Feature Incompatibility;Inter eNodeB CA feature is not activated in remote eNodeB. SUPPRESSED
2025-10-02;19:07:59;AL  ;Minor ;EUtraNetwork=1,ExternalENodeBFunction=2221-211441;Inter Node Feature Incompatibility;Inter eNodeB CA feature is not activated in remote eNodeB. SUPPRESSED
2025-10-03;06:02:01;AL  ;Cleared;EUtraNetwork=1,ExternalENodeBFunction=2221-211441;Inter Node Feature Incompatibility;Inter eNodeB CA feature is not activated in remote eNodeB. SUPPRESSED
2025-10-03;12:31:56;AL  ;Cleared;EUtraNetwork=1,ExternalENodeBFunction=2221-205867;Inter Node Feature Incompatibility;Inter eNodeB CA feature is not activated in remote eNodeB. SUPPRESSED
2025-10-03;12:31:56;AL  ;Minor ;EUtraNetwork=1,ExternalENodeBFunction=2221-211441;Inter Node Feature Incompatibility;Inter eNodeB CA feature is not activated in remote eNodeB. SUPPRESSED
2025-10-03;12:33:06;AL  ;Cleared;EUtraNetwork=1,ExternalENodeBFunction=2221-211441;Inter Node Feature Incompatibility;Inter eNodeB CA feature is not activated in remote eNodeB. SUPPRESSED
2025-10-03;12:33:06;AL  ;Minor ;EUtraNetwork=1,ExternalENodeBFunction=2221-205867;Inter Node Feature Incompatibility;Inter eNodeB CA feature is not activated in remote eNodeB. SUPPRESSED
2025-10-03;19:07:58;AL  ;Minor ;EUtraNetwork=1,ExternalENodeBFunction=2221-211441;Inter Node Feature Incompatibility;Inter eNodeB CA feature is not activated in remote eNodeB. SUPPRESSED
2025-10-04;06:02:01;AL  ;Cleared;EUtraNetwork=1,ExternalENodeBFunction=2221-211441;Inter Node Feature Incompatibility;Inter eNodeB CA feature is not activated in remote eNodeB. SUPPRESSED
2025-10-04;11:59:12;AL  ;Minor ;EUtraNetwork=1,ExternalENodeBFunction=2221-211441;Inter Node Feature Incompatibility;Inter eNodeB CA feature is not activated in remote eNodeB. SUPPRESSED
2025-10-04;11:59:20;AL  ;Cleared;EUtraNetwork=1,ExternalENodeBFunction=2221-211441;Inter Node Feature Incompatibility;Inter eNodeB CA feature is not activated in remote eNodeB. SUPPRESSED
2025-10-04;12:01:42;AL  ;Cleared;EUtraNetwork=1,ExternalENodeBFunction=2221-205867;Inter Node Feature Incompatibility;Inter eNodeB CA feature is not activated in remote eNodeB. SUPPRESSED
2025-10-04;12:01:42;AL  ;Minor ;EUtraNetwork=1,ExternalENodeBFunction=2221-211441;Inter Node Feature Incompatibility;Inter eNodeB CA feature is not activated in remote eNodeB. SUPPRESSED
2025-10-04;12:06:02;AL  ;Cleared;EUtraNetwork=1,ExternalENodeBFunction=2221-211441;Inter Node Feature Incompatibility;Inter eNodeB CA feature is not activated in remote eNodeB. SUPPRESSED
2025-10-04;12:06:02;AL  ;Minor ;EUtraNetwork=1,ExternalENodeBFunction=2221-205867;Inter Node Feature Incompatibility;Inter eNodeB CA feature is not activated in remote eNodeB. SUPPRESSED
2025-10-04;15:31:56;AL  ;Cleared;EUtraNetwork=1,ExternalENodeBFunction=2221-205867;Inter Node Feature Incompatibility;Inter eNodeB CA feature is not activated in remote eNodeB. SUPPRESSED
2025-10-04;15:31:56;AL  ;Minor ;EUtraNetwork=1,ExternalENodeBFunction=2221-211441;Inter Node Feature Incompatibility;Inter eNodeB CA feature is not activated in remote eNodeB. SUPPRESSED
2025-10-04;15:34:03;AL  ;Cleared;EUtraNetwork=1,ExternalENodeBFunction=2221-211440;Inter Node Feature Incompatibility;Inter eNodeB CA feature is not activated in remote eNodeB. SUPPRESSED
2025-10-04;15:34:03;AL  ;Cleared;EUtraNetwork=1,ExternalENodeBFunction=2221-211441;Inter Node Feature Incompatibility;Inter eNodeB CA feature is not activated in remote eNodeB. SUPPRESSED
2025-10-04;15:34:03;AL  ;Minor ;EUtraNetwork=1,ExternalENodeBFunction=2221-205867;Inter Node Feature Incompatibility;Inter eNodeB CA feature is not activated in remote eNodeB. SUPPRESSED
2025-10-04;19:07:58;AL  ;Minor ;EUtraNetwork=1,ExternalENodeBFunction=2221-211440;Inter Node Feature Incompatibility;Inter eNodeB CA feature is not activated in remote eNodeB. SUPPRESSED
2025-10-04;19:45:58;AL  ;Minor ;EUtraNetwork=1,ExternalENodeBFunction=2221-211441;Inter Node Feature Incompatibility;Inter eNodeB CA feature is not activated in remote eNodeB. SUPPRESSED
2025-10-04;19:45:59;AL  ;Cleared;EUtraNetwork=1,ExternalENodeBFunction=2221-211440;Inter Node Feature Incompatibility;Inter eNodeB CA feature is not activated in remote eNodeB. SUPPRESSED
2025-10-04;19:46:59;AL  ;Cleared;EUtraNetwork=1,ExternalENodeBFunction=2221-211441;Inter Node Feature Incompatibility;Inter eNodeB CA feature is not activated in remote eNodeB. SUPPRESSED
2025-10-04;19:46:59;AL  ;Minor ;EUtraNetwork=1,ExternalENodeBFunction=2221-211440;Inter Node Feature Incompatibility;Inter eNodeB CA feature is not activated in remote eNodeB. SUPPRESSED
2025-10-05;06:02:01;AL  ;Cleared;EUtraNetwork=1,ExternalENodeBFunction=2221-211440;Inter Node Feature Incompatibility;Inter eNodeB CA feature is not activated in remote eNodeB. SUPPRESSED
2025-10-05;08:13:00;AL  ;Minor ;EUtraNetwork=1,ExternalENodeBFunction=2221-211440;Inter Node Carrier Aggregation Service Unavailable;Elastic RAN Carrier Aggregation is not available towards remote eNodeB.
2025-10-05;08:31:59;AL  ;Minor ;EUtraNetwork=1,ExternalENodeBFunction=2221-211440;Inter Node Feature Incompatibility;Inter eNodeB CA feature is not activated in remote eNodeB. SUPPRESSED
2025-10-05;08:33:50;AL  ;Cleared;EUtraNetwork=1,ExternalENodeBFunction=2221-211440;Inter Node Feature Incompatibility;Inter eNodeB CA feature is not activated in remote eNodeB. SUPPRESSED
2025-10-05;09:01:43;AL  ;Minor ;EUtraNetwork=1,ExternalENodeBFunction=2221-211440;Inter Node Feature Incompatibility;Inter eNodeB CA feature is not activated in remote eNodeB. SUPPRESSED
2025-10-05;09:03:09;AL  ;Cleared;EUtraNetwork=1,ExternalENodeBFunction=2221-211440;Inter Node Feature Incompatibility;Inter eNodeB CA feature is not activated in remote eNodeB. SUPPRESSED
2025-10-05;12:12:24;AL  ;Cleared;EUtraNetwork=1,ExternalENodeBFunction=2221-211440;Inter Node Carrier Aggregation Service Unavailable;Elastic RAN Carrier Aggregation is not available towards remote eNodeB.
2025-10-05;12:12:33;AL  ;Minor ;EUtraNetwork=1,ExternalENodeBFunction=2221-211440;Inter Node Carrier Aggregation Service Unavailable;Elastic RAN Carrier Aggregation is not available towards remote eNodeB.
2025-10-05;19:07:40;AL  ;Minor ;EUtraNetwork=1,ExternalENodeBFunction=2221-211441;Inter Node Feature Incompatibility;Inter eNodeB CA feature is not activated in remote eNodeB. SUPPRESSED
2025-10-06;06:02:01;AL  ;Cleared;EUtraNetwork=1,ExternalENodeBFunction=2221-211441;Inter Node Feature Incompatibility;Inter eNodeB CA feature is not activated in remote eNodeB. SUPPRESSED
2025-10-06;08:13:43;AL  ;Minor ;EUtraNetwork=1,ExternalENodeBFunction=2221-205866;Inter Node Carrier Aggregation Service Unavailable;Elastic RAN Carrier Aggregation is not available towards remote eNodeB.
2025-10-06;10:22:07;AL  ;Minor ;EUtraNetwork=1,ExternalENodeBFunction=2221-211441;Inter Node Feature Incompatibility;Inter eNodeB CA feature is not activated in remote eNodeB. SUPPRESSED
2025-10-06;10:23:41;AL  ;Cleared;EUtraNetwork=1,ExternalENodeBFunction=2221-211441;Inter Node Feature Incompatibility;Inter eNodeB CA feature is not activated in remote eNodeB. SUPPRESSED
2025-10-06;19:07:58;AL  ;Minor ;EUtraNetwork=1,ExternalENodeBFunction=2221-211441;Inter Node Feature Incompatibility;Inter eNodeB CA feature is not activated in remote eNodeB. SUPPRESSED
2025-10-06;20:21:30;AL  ;Minor ;AntennaUnitGroup=1,AntennaNearUnit=RET_800;No Connection;Antenna near unit controller occupied.
2025-10-06;20:21:37;AL  ;Cleared;AntennaUnitGroup=1,AntennaNearUnit=RET_800;No Connection;Antenna near unit controller occupied.
2025-10-07;06:02:01;AL  ;Cleared;EUtraNetwork=1,ExternalENodeBFunction=2221-211441;Inter Node Feature Incompatibility;Inter eNodeB CA feature is not activated in remote eNodeB. SUPPRESSED


ZC1BE> lgec -m 30d

251007-12:06:58+0200 19.31.10.200 25.0h MSRBS_NODE_MODEL_25.Q1_198665.224.73_bf81 stopfile=/tmp/1128658

Startdate=20250907.100659, Enddate=20251008.100659
Date;Time;Log;Severity;Object;Event;Cause;AdditionalText;AckState;Id;NotificationId;CorrelatedAlarms
Executing action Log.export()
..
Log=AlertLog                    actionId=6187
...
=================================================================================================================
MO                  actionId result      resultInfo
=================================================================================================================
LogM=1,Log=AlertLog 6187     1 (SUCCESS)           
cat  /ericsson/log/amos/moshell_logfiles/t20251007_37258710_53697/logs_moshell/tempfiles/scp-2-amos_20251007-120609_1128589/rcslogs/AlertLog_20221025__095318.log > /ericsson/log/amos/moshell_logfiles/t20251007_37258710_53697/logs_moshell/tempfiles/scp-2-amos_20251007-120609_1128589/eventLog1128658.xml

Bye...
Output has been logged to file /mta_fs/UserFiles/37258710/amosbatch/2025-10-07_11-07-01_53697/ZC1BE.log
