Logging to file /mta_fs/UserFiles/37258710/amosbatch/2025-10-07_11-07-01_53697/ZC95E.log
                        __  __  ____   _____
                  /\   |  \/  |/ __ \ / ____|
                 /  \  | \  / | |  | | (___  
                / /\ \ | |\/| | |  | |\___ \ 
               / ____ \| |  | | |__| |____) |
              /_/    \_\_|  |_|\____/|_____/
              OSS Framework for MoShell-25.0h 
  Copyright (c) Ericsson AB 2001-2025 - All Rights Reserved
              
           
[1;31mWARNING: [0mthe AMOS version currently running is more than 22 weeks old and is unsupported.
Please upgrade as soon as possible to the latest released version, available from your local Ericsson support.

$amosrb_pid = 771831

Checking ip contact...OK

HELP MENU            : h
BASIC MO COMMANDS    : m
OTHER MO COMMANDS    : n
OTHER COMMANDS       : o
PM COMMANDS          : p
QUIT                 : q

ZC95E> lt all

251007-11:23:53+0200 19.31.11.184 25.0h  stopfile=/tmp/771564
Looking up temporary_amos account... OK.
Trying temporary_amos_t20251007_37258710_53697_313's password from amos lookupAccount ... OK

$ssh_pid = 772940

Connected to 19.31.11.184 (SubNetwork=BBMM_rckomc_R,MeContext=ZC95E,ManagedElement=ZC95E)

Checking MOM version...MSRBS_NODE_MODEL_25.Q1_693.28324.131_62ac
Parsing MOM (cached): /ericsson/log/amos/moshell_logfiles/t20251007_37258710_53697/logs_moshell/tempfiles/scp-2-amos_20251007-112346_771499/MSRBS_NODE_MODEL_25.Q1_693.28324.131_62ac.xml.cache.gz ..................................................................................................................................................................................................................................Done.
Using paramfile /opt/ericsson/amos/moshell/commonjars/pm/PARAM_MSRBS_25.Q1.txt
Parsing file /opt/ericsson/amos/moshell/commonjars/pm/PARAM_MSRBS_25.Q1.txt .......................................................................................Done.
Using imomdfile /opt/ericsson/amos/moshell/commonjars/pm/IMOMD_MSRBS_22.Q4.txt
Using imomfile /opt/ericsson/amos/moshell/commonjars/pm/IMOM_MSRBS_25.Q1.txt
Connected to 19.31.11.184 (SubNetwork=BBMM_rckomc_R,MeContext=ZC95E,ManagedElement=ZC95E)

Last MO: 19219. Loaded 19219 MOs. Total: 19220 MOs.

ZC95E> hget EUtranCellFDD ^cellid

251007-11:24:07+0200 19.31.11.184 25.0h MSRBS_NODE_MODEL_25.Q1_693.28324.131_62ac stopfile=/tmp/771564
.
=================================================================================================================
MO                   cellId
=================================================================================================================
EUtranCellFDD=ZC95E1 61    
EUtranCellFDD=ZC95E2 62    
EUtranCellFDD=ZC95E3 63    
EUtranCellFDD=ZC95M1 31    
EUtranCellFDD=ZC95M2 32    
EUtranCellFDD=ZC95M3 33    
EUtranCellFDD=ZC95T1 41    
EUtranCellFDD=ZC95T2 42    
EUtranCellFDD=ZC95T3 43    
=================================================================================================================
Total: 9 MOs

Added 9 MOs to group: hget_group

ZC95E> hget NbIotCell ^cellid

251007-11:24:08+0200 19.31.11.184 25.0h MSRBS_NODE_MODEL_25.Q1_693.28324.131_62ac stopfile=/tmp/771564
.
=================================================================================================================
MO               cellId
=================================================================================================================
NbIotCell=ZC95N1 161   
NbIotCell=ZC95N2 162   
NbIotCell=ZC95N3 163   
=================================================================================================================
Total: 3 MOs

Added 3 MOs to group: hget_group

ZC95E> hget NRCellDU ^cellLocalId

251007-11:24:08+0200 19.31.11.184 25.0h MSRBS_NODE_MODEL_25.Q1_693.28324.131_62ac stopfile=/tmp/771564
Total: 0 MOs

ZC95E> lgdc -m 30d

251007-11:24:09+0200 19.31.11.184 25.0h MSRBS_NODE_MODEL_25.Q1_693.28324.131_62ac stopfile=/tmp/771564

Startdate=20250907.092409, Enddate=20251008.092409
INFO: Using amos lookupAccount credentials for the export login

Executing action LogM.exportAvailabilityLog()
...LogM=1,exportAvailabilityLog    actionId=6914
...
=================================================================================================================
MO     actionId result      resultInfo
=================================================================================================================
LogM=1 6914     1 (SUCCESS)           
cp /ericsson/log/amos/moshell_logfiles/t20251007_37258710_53697/logs_moshell/tempfiles/scp-2-amos_20251007-112346_771499/rcslogs/RBS_CS_AVAILABILITY_LOG_20251007092411.xml /ericsson/log/amos/moshell_logfiles/t20251007_37258710_53697/logs_moshell/tempfiles/scp-2-amos_20251007-112346_771499/availabilityLog771564.xml
Parsing availabilityLog......Done.
...
Date;Time;RestartType;SwVersion;SwRelease;RCSDowntime;ApplicationDowntime;TNDowntime;RATsDowntime;ExtraInfo;ExtraInfo2
2025-09-08;02:52:48;PartialOutage(Manual);11% Lrat Cell 43; ();6s;;;;;
2025-09-08;02:52:59;PartialOutage(Manual);11% Lrat Cell 42; ();5s;;;;;
2025-09-08;02:53:09;PartialOutage(Manual);11% Lrat Cell 41; ();6s;;;;;
2025-09-08;02:53:16;PartialOutage(Manual);33% Lrat Cell 163; ();1s;;;;;
2025-09-08;02:53:17;PartialOutage(Manual);11% Lrat Cell 63; ();6s;;;;;
2025-09-08;02:53:26;PartialOutage(Manual);33% Lrat Cell 162 163; ();2s;;;;;
2025-09-08;02:53:28;PartialOutage(Manual);11% Lrat Cell 62; ();5s;;;;;
2025-09-08;02:53:37;PartialOutage(Manual);50% Lrat Cell 162; ();2s;;;;;
2025-09-08;02:53:39;PartialOutage(Manual);50% Lrat Cell 161 162; ();8s;;;;;
2025-09-08;02:53:47;PartialOutage(Manual);7% Lrat Cell 61; ();2s;;;;;
2025-09-08;02:53:53;PartialOutage(Manual);55% Lrat Cell 161; ();3s;;;;;
2025-09-08;02:53:56;PartialOutage(Manual);7% Lrat Cell 33; ();8s;;;;;
2025-09-08;02:54:09;PartialOutage(Manual);11% Lrat Cell 32; ();9s;;;;;
2025-09-08;02:54:22;PartialOutage(Manual);11% Lrat Cell 31; ();9s;;;;;

Node uptime since last restart: 2528987 seconds (29 days, 6 hours, 29 minutes, 47 seconds)
------------------------------------------------------------------------------------------------------
Period=30 days       NodeUpgrade      NodeManual       NodeSpontaneous  AllNodeRestarts  PartialOutages  
------------------------------------------------------------------------------------------------------
Number Of outages    0                0                0                0                14              
Total downtime       0s               0s               0s               0s               72s (1m12s)     
Downtime per day     0s               0s               0s               0s               2s              
Downtime per outage  0s               0s               0s               0s               5s              

ZC95E> lgac -m 30d

251007-11:24:18+0200 19.31.11.184 25.0h MSRBS_NODE_MODEL_25.Q1_693.28324.131_62ac stopfile=/tmp/771564

Startdate=20250907.092418, Enddate=20251008.092418
Date;Time;Log;Severity;Object;Event;Cause;AdditionalText;AckState;Id;NotificationId;CorrelatedAlarms
Executing action Log.export()
..
Log=AlarmLog                    actionId=6915
..........
=================================================================================================================
MO                  actionId result      resultInfo
=================================================================================================================
LogM=1,Log=AlarmLog 6915     1 (SUCCESS)           
cat  /ericsson/log/amos/moshell_logfiles/t20251007_37258710_53697/logs_moshell/tempfiles/scp-2-amos_20251007-112346_771499/rcslogs/saLogAlarm_20231122__081619_20250226__232121.log /ericsson/log/amos/moshell_logfiles/t20251007_37258710_53697/logs_moshell/tempfiles/scp-2-amos_20251007-112346_771499/rcslogs/saLogAlarm_20250226__232121.log > /ericsson/log/amos/moshell_logfiles/t20251007_37258710_53697/logs_moshell/tempfiles/scp-2-amos_20251007-112346_771499/alarmLog771564.xml
2025-09-07;12:57:12;AL  ;Minor ;EUtraNetwork=1,ExternalENodeBFunction=2221-650781;Inter Node Carrier Aggregation Service Unavailable;Elastic RAN Carrier Aggregation is not available towards remote eNodeB.
2025-09-07;13:01:56;AL  ;Cleared;EUtraNetwork=1,ExternalENodeBFunction=2221-650781;Inter Node Carrier Aggregation Service Unavailable;Elastic RAN Carrier Aggregation is not available towards remote eNodeB.
2025-09-07;13:02:00;AL  ;Cleared;EUtraNetwork=1,ExternalENodeBFunction=2221-650092;Inter Node Carrier Aggregation Service Unavailable;Elastic RAN Carrier Aggregation is not available towards remote eNodeB.
2025-09-07;13:02:05;AL  ;Cleared;EUtraNetwork=1,ExternalENodeBFunction=2221-204716;Inter Node Carrier Aggregation Service Unavailable;Elastic RAN Carrier Aggregation is not available towards remote eNodeB.
2025-09-07;13:02:09;AL  ;Minor ;EUtraNetwork=1,ExternalENodeBFunction=2221-650781;Inter Node Carrier Aggregation Service Unavailable;Elastic RAN Carrier Aggregation is not available towards remote eNodeB.
2025-09-07;13:02:11;AL  ;Cleared;EUtraNetwork=1,ExternalENodeBFunction=2221-650353;Inter Node Carrier Aggregation Service Unavailable;Elastic RAN Carrier Aggregation is not available towards remote eNodeB.
2025-09-07;13:02:21;AL  ;Cleared;EUtraNetwork=1,ExternalENodeBFunction=2221-650328;Inter Node Carrier Aggregation Service Unavailable;Elastic RAN Carrier Aggregation is not available towards remote eNodeB.
2025-09-07;13:02:26;AL  ;Cleared;EUtraNetwork=1,ExternalENodeBFunction=2221-210881;Inter Node Carrier Aggregation Service Unavailable;Elastic RAN Carrier Aggregation is not available towards remote eNodeB.
2025-09-07;13:02:37;AL  ;Cleared;EUtraNetwork=1,ExternalENodeBFunction=2221-210882;Inter Node Carrier Aggregation Service Unavailable;Elastic RAN Carrier Aggregation is not available towards remote eNodeB.
2025-09-07;13:02:42;AL  ;Cleared;EUtraNetwork=1,ExternalENodeBFunction=2221-208340;Inter Node Carrier Aggregation Service Unavailable;Elastic RAN Carrier Aggregation is not available towards remote eNodeB.
2025-09-07;13:02:48;AL  ;Cleared;EUtraNetwork=1,ExternalENodeBFunction=2221-204717;Inter Node Carrier Aggregation Service Unavailable;Elastic RAN Carrier Aggregation is not available towards remote eNodeB.
2025-09-07;15:01:17;AL  ;Minor ;EUtraNetwork=1,ExternalENodeBFunction=2221-650257;Inter Node Carrier Aggregation Service Unavailable;Elastic RAN Carrier Aggregation is not available towards remote eNodeB.
2025-09-07;23:26:16;AL  ;Cleared;EUtraNetwork=1,ExternalENodeBFunction=2221-450237;Inter Node Feature Incompatibility;Elastic RAN feature is not activated in remote eNodeB. SUPPRESSED
2025-09-08;02:53:39;AL  ;Minor ;EUtraNetwork=1,ExternalENodeBFunction=2221-650752;Inter Node Feature Incompatibility;Elastic RAN feature is not activated in remote eNodeB. SUPPRESSED
2025-09-08;09:53:34;AL  ;Minor ;EUtraNetwork=1,ExternalENodeBFunction=2221-650328;Inter Node Carrier Aggregation Service Unavailable;Elastic RAN Carrier Aggregation is not available towards remote eNodeB.
2025-09-08;21:53:34;AL  ;Minor ;EUtraNetwork=1,ExternalENodeBFunction=2221-210881;Inter Node Carrier Aggregation Service Unavailable;Elastic RAN Carrier Aggregation is not available towards remote eNodeB.
2025-09-08;22:52:47;AL  ;Cleared;EUtraNetwork=1,ExternalENodeBFunction=2221-210881;Inter Node Carrier Aggregation Service Unavailable;Elastic RAN Carrier Aggregation is not available towards remote eNodeB.
2025-09-08;22:53:36;AL  ;Minor ;EUtraNetwork=1,ExternalENodeBFunction=2221-650353;Inter Node Carrier Aggregation Service Unavailable;Elastic RAN Carrier Aggregation is not available towards remote eNodeB.
2025-09-08;22:59:35;AL  ;Minor ;EUtraNetwork=1,ExternalENodeBFunction=2221-210881;Inter Node Carrier Aggregation Service Unavailable;Elastic RAN Carrier Aggregation is not available towards remote eNodeB.
2025-09-08;23:50:59;AL  ;Minor ;ENodeBFunction=1;External Link Failure;X2 link problem to one or several neighbouring eNodeBs. AI: PLMN ID-eNB ID 1 = 2221-450431
2025-09-09;00:46:42;AL  ;Minor ;ENodeBFunction=1;External Link Failure;X2 link problem to one or several neighbouring eNodeBs. AI: PLMN ID-eNB ID 1 = 2221-450431 PLMN ID-eNB ID 2 = 2221-450205 PLMN ID-eNB ID 3 = 2221-450509
2025-09-09;00:51:43;AL  ;Minor ;ENodeBFunction=1;External Link Failure;X2 link problem to one or several neighbouring eNodeBs. AI: PLMN ID-eNB ID 1 = 2221-450431 PLMN ID-eNB ID 2 = 2221-450205
2025-09-09;01:04:31;AL  ;Minor ;ENodeBFunction=1;External Link Failure;X2 link problem to one or several neighbouring eNodeBs. AI: PLMN ID-eNB ID 1 = 2221-450431
2025-09-09;15:01:51;AL  ;Cleared;ENodeBFunction=1;External Link Failure;X2 link problem to one or several neighbouring eNodeBs. AI: PLMN ID-eNB ID 1 = 2221-450431
2025-09-09;18:53:50;AL  ;Minor ;EUtraNetwork=1,ExternalENodeBFunction=2221-204716;Inter Node Carrier Aggregation Service Unavailable;Elastic RAN Carrier Aggregation is not available towards remote eNodeB.
2025-09-10;10:33:52;AL  ;Minor ;ENodeBFunction=1;External Link Failure;X2 link problem to one or several neighbouring eNodeBs. AI: PLMN ID-eNB ID 1 = 2221-650090
2025-09-10;14:09:40;AL  ;Cleared;ENodeBFunction=1;External Link Failure;X2 link problem to one or several neighbouring eNodeBs. AI: PLMN ID-eNB ID 1 = 2221-650090
2025-09-10;14:27:35;AL  ;Minor ;ENodeBFunction=1;External Link Failure;X2 link problem to one or several neighbouring eNodeBs. AI: PLMN ID-eNB ID 1 = 2221-650090
2025-09-10;17:57:57;AL  ;Minor ;ENodeBFunction=1;External Link Failure;X2 link problem to one or several neighbouring eNodeBs. AI: PLMN ID-eNB ID 1 = 2221-650090 PLMN ID-eNB ID 2 = 2221-450431
2025-09-10;20:35:33;AL  ;Minor ;ENodeBFunction=1;External Link Failure;X2 link problem to one or several neighbouring eNodeBs. AI: PLMN ID-eNB ID 1 = 2221-450431
2025-09-10;21:18:58;AL  ;Minor ;ENodeBFunction=1;External Link Failure;X2 link problem to one or several neighbouring eNodeBs. AI: PLMN ID-eNB ID 1 = 2221-450431 PLMN ID-eNB ID 2 = 2221-650090
2025-09-10;21:24:00;AL  ;Minor ;ENodeBFunction=1;External Link Failure;X2 link problem to one or several neighbouring eNodeBs. AI: PLMN ID-eNB ID 1 = 2221-450431
2025-09-11;02:37:25;AL  ;Minor ;EUtraNetwork=1,ExternalENodeBFunction=2221-204717;Inter Node Carrier Aggregation Service Unavailable;Elastic RAN Carrier Aggregation is not available towards remote eNodeB.
2025-09-11;06:27:56;AL  ;Minor ;ENodeBFunction=1;External Link Failure;X2 link problem to one or several neighbouring eNodeBs. AI: PLMN ID-eNB ID 1 = 2221-450431 PLMN ID-eNB ID 2 = 2221-650734
2025-09-11;06:57:11;AL  ;Minor ;ENodeBFunction=1;External Link Failure;X2 link problem to one or several neighbouring eNodeBs. AI: PLMN ID-eNB ID 1 = 2221-450431
2025-09-11;08:47:37;AL  ;Cleared;ENodeBFunction=1;External Link Failure;X2 link problem to one or several neighbouring eNodeBs. AI: PLMN ID-eNB ID 1 = 2221-450431
2025-09-11;12:20:04;AL  ;Minor ;ENodeBFunction=1;External Link Failure;X2 link problem to one or several neighbouring eNodeBs. AI: PLMN ID-eNB ID 1 = 2221-450957
2025-09-11;12:21:37;AL  ;Cleared;ENodeBFunction=1;External Link Failure;X2 link problem to one or several neighbouring eNodeBs. AI: PLMN ID-eNB ID 1 = 2221-450957
2025-09-12;09:28:01;AL  ;Cleared;EUtraNetwork=1,ExternalENodeBFunction=2221-210881;Inter Node Carrier Aggregation Service Unavailable;Elastic RAN Carrier Aggregation is not available towards remote eNodeB.
2025-09-12;09:31:09;AL  ;Minor ;EUtraNetwork=1,ExternalENodeBFunction=2221-210881;Inter Node Carrier Aggregation Service Unavailable;Elastic RAN Carrier Aggregation is not available towards remote eNodeB.
2025-09-12;10:31:56;AL  ;Minor ;EUtraNetwork=1,ExternalENodeBFunction=2221-650092;Inter Node Carrier Aggregation Service Unavailable;Elastic RAN Carrier Aggregation is not available towards remote eNodeB.
2025-09-12;11:40:43;AL  ;Minor ;ENodeBFunction=1;External Link Failure;X2 link problem to one or several neighbouring eNodeBs. AI: PLMN ID-eNB ID 1 = 2221-450698
2025-09-12;11:42:42;AL  ;Cleared;ENodeBFunction=1;External Link Failure;X2 link problem to one or several neighbouring eNodeBs. AI: PLMN ID-eNB ID 1 = 2221-450698
2025-09-12;12:48:39;AL  ;Minor ;ENodeBFunction=1;External Link Failure;X2 link problem to one or several neighbouring eNodeBs. AI: PLMN ID-eNB ID 1 = 2221-208122
2025-09-12;14:00:49;AL  ;Minor ;ENodeBFunction=1;External Link Failure;X2 link problem to one or several neighbouring eNodeBs. AI: PLMN ID-eNB ID 1 = 2221-208122 PLMN ID-eNB ID 2 = 2221-650369
2025-09-13;14:23:27;AL  ;Minor ;ENodeBFunction=1;External Link Failure;X2 link problem to one or several neighbouring eNodeBs. AI: PLMN ID-eNB ID 1 = 2221-208122
2025-09-13;16:12:58;AL  ;Cleared;ENodeBFunction=1;External Link Failure;X2 link problem to one or several neighbouring eNodeBs. AI: PLMN ID-eNB ID 1 = 2221-208122
2025-09-13;19:33:27;AL  ;Minor ;ENodeBFunction=1;External Link to GNodeB Failure;X2 link problem to one or several neighbouring gNodeBs. AI: PLMN ID-gNB ID 1 = 2221-1056709
2025-09-13;19:33:48;AL  ;Minor ;ENodeBFunction=1;External Link Failure;X2 link problem to one or several neighbouring eNodeBs. AI: PLMN ID-eNB ID 1 = 2221-650086
2025-09-14;09:02:14;AL  ;Cleared;EUtraNetwork=1,ExternalENodeBFunction=2221-650092;Inter Node Carrier Aggregation Service Unavailable;Elastic RAN Carrier Aggregation is not available towards remote eNodeB.
2025-09-14;09:02:27;AL  ;Cleared;EUtraNetwork=1,ExternalENodeBFunction=2221-650328;Inter Node Carrier Aggregation Service Unavailable;Elastic RAN Carrier Aggregation is not available towards remote eNodeB.
2025-09-14;09:03:03;AL  ;Minor ;EUtraNetwork=1,ExternalENodeBFunction=2221-650092;Inter Node Carrier Aggregation Service Unavailable;Elastic RAN Carrier Aggregation is not available towards remote eNodeB.
2025-09-14;09:03:11;AL  ;Minor ;EUtraNetwork=1,ExternalENodeBFunction=2221-650328;Inter Node Carrier Aggregation Service Unavailable;Elastic RAN Carrier Aggregation is not available towards remote eNodeB.
2025-09-14;09:05:43;AL  ;Cleared;EUtraNetwork=1,ExternalENodeBFunction=2221-650257;Inter Node Carrier Aggregation Service Unavailable;Elastic RAN Carrier Aggregation is not available towards remote eNodeB.
2025-09-14;09:06:13;AL  ;Minor ;EUtraNetwork=1,ExternalENodeBFunction=2221-650257;Inter Node Carrier Aggregation Service Unavailable;Elastic RAN Carrier Aggregation is not available towards remote eNodeB.
2025-09-14;09:07:08;AL  ;Minor ;EUtraNetwork=1,ExternalENodeBFunction=2221-650272;Inter Node Carrier Aggregation Service Unavailable;Elastic RAN Carrier Aggregation is not available towards remote eNodeB.
2025-09-14;09:07:24;AL  ;Cleared;EUtraNetwork=1,ExternalENodeBFunction=2221-650353;Inter Node Carrier Aggregation Service Unavailable;Elastic RAN Carrier Aggregation is not available towards remote eNodeB.
2025-09-14;09:11:00;AL  ;Cleared;EUtraNetwork=1,ExternalENodeBFunction=2221-210881;Inter Node Carrier Aggregation Service Unavailable;Elastic RAN Carrier Aggregation is not available towards remote eNodeB.
2025-09-14;09:11:02;AL  ;Minor ;EUtraNetwork=1,ExternalENodeBFunction=2221-650353;Inter Node Carrier Aggregation Service Unavailable;Elastic RAN Carrier Aggregation is not available towards remote eNodeB.
2025-09-14;09:11:28;AL  ;Minor ;EUtraNetwork=1,ExternalENodeBFunction=2221-210881;Inter Node Carrier Aggregation Service Unavailable;Elastic RAN Carrier Aggregation is not available towards remote eNodeB.
2025-09-14;09:11:50;AL  ;Cleared;EUtraNetwork=1,ExternalENodeBFunction=2221-204717;Inter Node Carrier Aggregation Service Unavailable;Elastic RAN Carrier Aggregation is not available towards remote eNodeB.
2025-09-14;09:11:54;AL  ;Cleared;EUtraNetwork=1,ExternalENodeBFunction=2221-204716;Inter Node Carrier Aggregation Service Unavailable;Elastic RAN Carrier Aggregation is not available towards remote eNodeB.
2025-09-14;09:12:47;AL  ;Minor ;EUtraNetwork=1,ExternalENodeBFunction=2221-204717;Inter Node Carrier Aggregation Service Unavailable;Elastic RAN Carrier Aggregation is not available towards remote eNodeB.
2025-09-14;09:12:58;AL  ;Minor ;EUtraNetwork=1,ExternalENodeBFunction=2221-204716;Inter Node Carrier Aggregation Service Unavailable;Elastic RAN Carrier Aggregation is not available towards remote eNodeB.
2025-09-14;13:06:57;AL  ;Cleared;EUtraNetwork=1,ExternalENodeBFunction=2221-650781;Inter Node Carrier Aggregation Service Unavailable;Elastic RAN Carrier Aggregation is not available towards remote eNodeB.
2025-09-14;13:11:54;AL  ;Cleared;EUtraNetwork=1,ExternalENodeBFunction=2221-650092;Inter Node Carrier Aggregation Service Unavailable;Elastic RAN Carrier Aggregation is not available towards remote eNodeB.
2025-09-14;13:11:59;AL  ;Cleared;EUtraNetwork=1,ExternalENodeBFunction=2221-204716;Inter Node Carrier Aggregation Service Unavailable;Elastic RAN Carrier Aggregation is not available towards remote eNodeB.
2025-09-14;13:12:02;AL  ;Cleared;ENodeBFunction=1;External Link Failure;X2 link problem to one or several neighbouring eNodeBs. AI: PLMN ID-eNB ID 1 = 2221-650086
2025-09-14;13:12:05;AL  ;Cleared;EUtraNetwork=1,ExternalENodeBFunction=2221-650353;Inter Node Carrier Aggregation Service Unavailable;Elastic RAN Carrier Aggregation is not available towards remote eNodeB.
2025-09-14;13:12:15;AL  ;Cleared;EUtraNetwork=1,ExternalENodeBFunction=2221-650328;Inter Node Carrier Aggregation Service Unavailable;Elastic RAN Carrier Aggregation is not available towards remote eNodeB.
2025-09-14;13:12:22;AL  ;Cleared;EUtraNetwork=1,ExternalENodeBFunction=2221-650257;Inter Node Carrier Aggregation Service Unavailable;Elastic RAN Carrier Aggregation is not available towards remote eNodeB.
2025-09-14;13:12:28;AL  ;Cleared;EUtraNetwork=1,ExternalENodeBFunction=2221-210881;Inter Node Carrier Aggregation Service Unavailable;Elastic RAN Carrier Aggregation is not available towards remote eNodeB.
2025-09-14;13:12:39;AL  ;Cleared;EUtraNetwork=1,ExternalENodeBFunction=2221-650272;Inter Node Carrier Aggregation Service Unavailable;Elastic RAN Carrier Aggregation is not available towards remote eNodeB.
2025-09-14;13:12:43;AL  ;Cleared;EUtraNetwork=1,ExternalENodeBFunction=2221-204717;Inter Node Carrier Aggregation Service Unavailable;Elastic RAN Carrier Aggregation is not available towards remote eNodeB.
2025-09-14;13:13:09;AL  ;Minor ;EUtraNetwork=1,ExternalENodeBFunction=2221-650272;Inter Node Carrier Aggregation Service Unavailable;Elastic RAN Carrier Aggregation is not available towards remote eNodeB.
2025-09-14;15:53:50;AL  ;Minor ;EUtraNetwork=1,ExternalENodeBFunction=2221-210882;Inter Node Carrier Aggregation Service Unavailable;Elastic RAN Carrier Aggregation is not available towards remote eNodeB.
2025-09-15;06:53:50;AL  ;Minor ;EUtraNetwork=1,ExternalENodeBFunction=2221-204716;Inter Node Carrier Aggregation Service Unavailable;Elastic RAN Carrier Aggregation is not available towards remote eNodeB.
2025-09-15;07:53:24;AL  ;Minor ;EUtraNetwork=1,ExternalENodeBFunction=2221-207425;Inter Node Carrier Aggregation Service Unavailable;Elastic RAN Carrier Aggregation is not available towards remote eNodeB.
2025-09-15;09:44:34;AL  ;Cleared;ENodeBFunction=1;External Link to GNodeB Failure;X2 link problem to one or several neighbouring gNodeBs. AI: PLMN ID-gNB ID 1 = 2221-1056709
2025-09-15;15:53:24;AL  ;Minor ;EUtraNetwork=1,ExternalENodeBFunction=2221-210881;Inter Node Carrier Aggregation Service Unavailable;Elastic RAN Carrier Aggregation is not available towards remote eNodeB.
2025-09-15;16:53:04;AL  ;Minor ;EUtraNetwork=1,ExternalENodeBFunction=2221-209454;Inter Node Carrier Aggregation Service Unavailable;Elastic RAN Carrier Aggregation is not available towards remote eNodeB.
2025-09-15;19:07:30;AL  ;Minor ;ENodeBFunction=1;External Link Failure;X2 link problem to one or several neighbouring eNodeBs. AI: PLMN ID-eNB ID 1 = 2221-208122
2025-09-15;19:30:01;AL  ;Minor ;EUtraNetwork=1,ExternalENodeBFunction=2221-650092;Inter Node Carrier Aggregation Service Unavailable;Elastic RAN Carrier Aggregation is not available towards remote eNodeB.
2025-09-15;20:53:34;AL  ;Minor ;EUtraNetwork=1,ExternalENodeBFunction=2221-211967;Inter Node Carrier Aggregation Service Unavailable;Elastic RAN Carrier Aggregation is not available towards remote eNodeB.
2025-09-16;01:29:50;AL  ;Cleared;ENodeBFunction=1;External Link Failure;X2 link problem to one or several neighbouring eNodeBs. AI: PLMN ID-eNB ID 1 = 2221-208122
2025-09-16;03:58:44;AL  ;Minor ;ENodeBFunction=1;External Link Failure;X2 link problem to one or several neighbouring eNodeBs. AI: PLMN ID-eNB ID 1 = 2221-450431
2025-09-16;08:21:55;AL  ;Cleared;ENodeBFunction=1;External Link Failure;X2 link problem to one or several neighbouring eNodeBs. AI: PLMN ID-eNB ID 1 = 2221-450431
2025-09-16;08:53:50;AL  ;Minor ;EUtraNetwork=1,ExternalENodeBFunction=2221-204717;Inter Node Carrier Aggregation Service Unavailable;Elastic RAN Carrier Aggregation is not available towards remote eNodeB.
2025-09-16;09:57:08;AL  ;Warning;ENodeBFunction=1;PLMN Service Redundancy Lost;S1 connection failure for PLMN connected with link represented by MO listed in Additional Information. AI: PLMN = ["2221"],DN1=ManagedElement=1,ENodeBFunction=1,TermPointToMme=5,
2025-09-16;09:57:38;AL  ;Cleared;ENodeBFunction=1;PLMN Service Redundancy Lost;S1 connection failure for PLMN connected with link represented by MO listed in Additional Information. AI: PLMN = ["2221"],DN1=ManagedElement=1,ENodeBFunction=1,TermPointToMme=5,
2025-09-16;09:59:29;AL  ;Warning;ENodeBFunction=1;PLMN Service Redundancy Lost;S1 connection failure for PLMN connected with link represented by MO listed in Additional Information. AI: PLMN = ["2221"],DN1=ManagedElement=1,ENodeBFunction=1,TermPointToMme=5,
2025-09-16;09:59:59;AL  ;Cleared;ENodeBFunction=1;PLMN Service Redundancy Lost;S1 connection failure for PLMN connected with link represented by MO listed in Additional Information. AI: PLMN = ["2221"],DN1=ManagedElement=1,ENodeBFunction=1,TermPointToMme=5,
2025-09-18;01:53:34;AL  ;Minor ;EUtraNetwork=1,ExternalENodeBFunction=2221-650328;Inter Node Carrier Aggregation Service Unavailable;Elastic RAN Carrier Aggregation is not available towards remote eNodeB.
2025-09-18;06:22:45;AL  ;Minor ;ENodeBFunction=1;External Link Failure;X2 link problem to one or several neighbouring eNodeBs. AI: PLMN ID-eNB ID 1 = 2221-450431
2025-09-18;09:34:32;AL  ;Cleared;ENodeBFunction=1;External Link Failure;X2 link problem to one or several neighbouring eNodeBs. AI: PLMN ID-eNB ID 1 = 2221-450431
2025-09-18;09:47:07;AL  ;Minor ;ENodeBFunction=1;External Link Failure;X2 link problem to one or several neighbouring eNodeBs. AI: PLMN ID-eNB ID 1 = 2221-208139
2025-09-18;11:53:51;AL  ;Minor ;EUtraNetwork=1,ExternalENodeBFunction=2221-208340;Inter Node Carrier Aggregation Service Unavailable;Elastic RAN Carrier Aggregation is not available towards remote eNodeB.
2025-09-18;14:00:56;AL  ;Cleared;ENodeBFunction=1;External Link Failure;X2 link problem to one or several neighbouring eNodeBs. AI: PLMN ID-eNB ID 1 = 2221-208139
2025-09-19;06:21:41;AL  ;Minor ;ENodeBFunction=1;External Link Failure;X2 link problem to one or several neighbouring eNodeBs. AI: PLMN ID-eNB ID 1 = 2221-450395
2025-09-19;08:50:09;AL  ;Minor ;ENodeBFunction=1;External Link Failure;X2 link problem to one or several neighbouring eNodeBs. AI: PLMN ID-eNB ID 1 = 2221-450395 PLMN ID-eNB ID 2 = 2221-650352
2025-09-19;08:59:01;AL  ;Minor ;ENodeBFunction=1;External Link Failure;X2 link problem to one or several neighbouring eNodeBs. AI: PLMN ID-eNB ID 1 = 2221-450395
2025-09-19;10:10:20;AL  ;Cleared;ENodeBFunction=1;External Link Failure;X2 link problem to one or several neighbouring eNodeBs. AI: PLMN ID-eNB ID 1 = 2221-450395
2025-09-20;06:56:09;AL  ;Minor ;ENodeBFunction=1;External Link Failure;X2 link problem to one or several neighbouring eNodeBs. AI: PLMN ID-eNB ID 1 = 2221-450431
2025-09-20;14:22:58;AL  ;Cleared;ENodeBFunction=1;External Link Failure;X2 link problem to one or several neighbouring eNodeBs. AI: PLMN ID-eNB ID 1 = 2221-450431
2025-09-20;17:34:49;AL  ;Minor ;ENodeBFunction=1;External Link Failure;X2 link problem to one or several neighbouring eNodeBs. AI: PLMN ID-eNB ID 1 = 2221-450541
2025-09-21;08:51:49;AL  ;Cleared;EUtraNetwork=1,ExternalENodeBFunction=2221-650092;Inter Node Carrier Aggregation Service Unavailable;Elastic RAN Carrier Aggregation is not available towards remote eNodeB.
2025-09-21;08:52:20;AL  ;Minor ;EUtraNetwork=1,ExternalENodeBFunction=2221-650092;Inter Node Carrier Aggregation Service Unavailable;Elastic RAN Carrier Aggregation is not available towards remote eNodeB.
2025-09-21;08:52:41;AL  ;Cleared;EUtraNetwork=1,ExternalENodeBFunction=2221-650328;Inter Node Carrier Aggregation Service Unavailable;Elastic RAN Carrier Aggregation is not available towards remote eNodeB.
2025-09-21;08:53:28;AL  ;Minor ;EUtraNetwork=1,ExternalENodeBFunction=2221-650328;Inter Node Carrier Aggregation Service Unavailable;Elastic RAN Carrier Aggregation is not available towards remote eNodeB.
2025-09-21;08:55:26;AL  ;Cleared;EUtraNetwork=1,ExternalENodeBFunction=2221-207425;Inter Node Carrier Aggregation Service Unavailable;Elastic RAN Carrier Aggregation is not available towards remote eNodeB.
2025-09-21;08:55:46;AL  ;Cleared;EUtraNetwork=1,ExternalENodeBFunction=2221-211967;Inter Node Carrier Aggregation Service Unavailable;Elastic RAN Carrier Aggregation is not available towards remote eNodeB.
2025-09-21;08:56:11;AL  ;Minor ;EUtraNetwork=1,ExternalENodeBFunction=2221-207425;Inter Node Carrier Aggregation Service Unavailable;Elastic RAN Carrier Aggregation is not available towards remote eNodeB.
2025-09-21;08:56:45;AL  ;Cleared;EUtraNetwork=1,ExternalENodeBFunction=2221-650272;Inter Node Carrier Aggregation Service Unavailable;Elastic RAN Carrier Aggregation is not available towards remote eNodeB.
2025-09-21;08:56:47;AL  ;Minor ;EUtraNetwork=1,ExternalENodeBFunction=2221-650353;Inter Node Carrier Aggregation Service Unavailable;Elastic RAN Carrier Aggregation is not available towards remote eNodeB.
2025-09-21;08:56:48;AL  ;Minor ;EUtraNetwork=1,ExternalENodeBFunction=2221-211967;Inter Node Carrier Aggregation Service Unavailable;Elastic RAN Carrier Aggregation is not available towards remote eNodeB.
2025-09-21;08:59:40;AL  ;Cleared;EUtraNetwork=1,ExternalENodeBFunction=2221-210882;Inter Node Carrier Aggregation Service Unavailable;Elastic RAN Carrier Aggregation is not available towards remote eNodeB.
2025-09-21;08:59:45;AL  ;Minor ;EUtraNetwork=1,ExternalENodeBFunction=2221-210882;Inter Node Carrier Aggregation Service Unavailable;Elastic RAN Carrier Aggregation is not available towards remote eNodeB.
2025-09-21;08:59:57;AL  ;Cleared;EUtraNetwork=1,ExternalENodeBFunction=2221-210881;Inter Node Carrier Aggregation Service Unavailable;Elastic RAN Carrier Aggregation is not available towards remote eNodeB.
2025-09-21;09:00:36;AL  ;Cleared;EUtraNetwork=1,ExternalENodeBFunction=2221-204716;Inter Node Carrier Aggregation Service Unavailable;Elastic RAN Carrier Aggregation is not available towards remote eNodeB.
2025-09-21;09:00:44;AL  ;Minor ;EUtraNetwork=1,ExternalENodeBFunction=2221-210881;Inter Node Carrier Aggregation Service Unavailable;Elastic RAN Carrier Aggregation is not available towards remote eNodeB.
2025-09-21;09:00:52;AL  ;Cleared;EUtraNetwork=1,ExternalENodeBFunction=2221-204717;Inter Node Carrier Aggregation Service Unavailable;Elastic RAN Carrier Aggregation is not available towards remote eNodeB.
2025-09-21;09:01:16;AL  ;Cleared;EUtraNetwork=1,ExternalENodeBFunction=2221-208340;Inter Node Carrier Aggregation Service Unavailable;Elastic RAN Carrier Aggregation is not available towards remote eNodeB.
2025-09-21;09:01:21;AL  ;Minor ;EUtraNetwork=1,ExternalENodeBFunction=2221-204716;Inter Node Carrier Aggregation Service Unavailable;Elastic RAN Carrier Aggregation is not available towards remote eNodeB.
2025-09-21;09:01:25;AL  ;Minor ;EUtraNetwork=1,ExternalENodeBFunction=2221-204717;Inter Node Carrier Aggregation Service Unavailable;Elastic RAN Carrier Aggregation is not available towards remote eNodeB.
2025-09-21;09:01:37;AL  ;Minor ;EUtraNetwork=1,ExternalENodeBFunction=2221-208340;Inter Node Carrier Aggregation Service Unavailable;Elastic RAN Carrier Aggregation is not available towards remote eNodeB.
2025-09-21;09:17:36;AL  ;Cleared;ENodeBFunction=1;External Link Failure;X2 link problem to one or several neighbouring eNodeBs. AI: PLMN ID-eNB ID 1 = 2221-450541
2025-09-21;12:13:40;AL  ;Cleared;EUtraNetwork=1,ExternalENodeBFunction=2221-209454;Inter Node Carrier Aggregation Service Unavailable;Elastic RAN Carrier Aggregation is not available towards remote eNodeB.
2025-09-21;12:35:11;AL  ;Minor ;EUtraNetwork=1,ExternalENodeBFunction=2221-650781;Inter Node Carrier Aggregation Service Unavailable;Elastic RAN Carrier Aggregation is not available towards remote eNodeB.
2025-09-21;12:44:11;AL  ;Cleared;EUtraNetwork=1,ExternalENodeBFunction=2221-650781;Inter Node Carrier Aggregation Service Unavailable;Elastic RAN Carrier Aggregation is not available towards remote eNodeB.
2025-09-21;12:48:54;AL  ;Cleared;EUtraNetwork=1,ExternalENodeBFunction=2221-650092;Inter Node Carrier Aggregation Service Unavailable;Elastic RAN Carrier Aggregation is not available towards remote eNodeB.
2025-09-21;12:49:00;AL  ;Cleared;EUtraNetwork=1,ExternalENodeBFunction=2221-204716;Inter Node Carrier Aggregation Service Unavailable;Elastic RAN Carrier Aggregation is not available towards remote eNodeB.
2025-09-21;12:49:06;AL  ;Cleared;EUtraNetwork=1,ExternalENodeBFunction=2221-650353;Inter Node Carrier Aggregation Service Unavailable;Elastic RAN Carrier Aggregation is not available towards remote eNodeB.
2025-09-21;12:49:16;AL  ;Cleared;EUtraNetwork=1,ExternalENodeBFunction=2221-650328;Inter Node Carrier Aggregation Service Unavailable;Elastic RAN Carrier Aggregation is not available towards remote eNodeB.
2025-09-21;12:49:21;AL  ;Cleared;EUtraNetwork=1,ExternalENodeBFunction=2221-211967;Inter Node Carrier Aggregation Service Unavailable;Elastic RAN Carrier Aggregation is not available towards remote eNodeB.
2025-09-21;12:49:25;AL  ;Cleared;EUtraNetwork=1,ExternalENodeBFunction=2221-210881;Inter Node Carrier Aggregation Service Unavailable;Elastic RAN Carrier Aggregation is not available towards remote eNodeB.
2025-09-21;12:49:36;AL  ;Cleared;EUtraNetwork=1,ExternalENodeBFunction=2221-207425;Inter Node Carrier Aggregation Service Unavailable;Elastic RAN Carrier Aggregation is not available towards remote eNodeB.
2025-09-21;12:49:41;AL  ;Cleared;EUtraNetwork=1,ExternalENodeBFunction=2221-210882;Inter Node Carrier Aggregation Service Unavailable;Elastic RAN Carrier Aggregation is not available towards remote eNodeB.
2025-09-21;12:49:46;AL  ;Cleared;EUtraNetwork=1,ExternalENodeBFunction=2221-208340;Inter Node Carrier Aggregation Service Unavailable;Elastic RAN Carrier Aggregation is not available towards remote eNodeB.
2025-09-21;12:49:51;AL  ;Cleared;EUtraNetwork=1,ExternalENodeBFunction=2221-204717;Inter Node Carrier Aggregation Service Unavailable;Elastic RAN Carrier Aggregation is not available towards remote eNodeB.
2025-09-22;06:01:08;AL  ;Minor ;EUtraNetwork=1,ExternalENodeBFunction=2221-210881;Inter Node Carrier Aggregation Service Unavailable;Elastic RAN Carrier Aggregation is not available towards remote eNodeB.
2025-09-22;09:16:51;AL  ;Minor ;ENodeBFunction=1;External Link Failure;X2 link problem to one or several neighbouring eNodeBs. AI: PLMN ID-eNB ID 1 = 2221-650262
2025-09-22;09:29:47;AL  ;Cleared;ENodeBFunction=1;External Link Failure;X2 link problem to one or several neighbouring eNodeBs. AI: PLMN ID-eNB ID 1 = 2221-650262
2025-09-22;10:31:01;AL  ;Minor ;ENodeBFunction=1;External Link Failure;X2 link problem to one or several neighbouring eNodeBs. AI: PLMN ID-eNB ID 1 = 2221-650262
2025-09-22;11:11:33;AL  ;Cleared;ENodeBFunction=1;External Link Failure;X2 link problem to one or several neighbouring eNodeBs. AI: PLMN ID-eNB ID 1 = 2221-650262
2025-09-22;11:23:15;AL  ;Minor ;ENodeBFunction=1;External Link Failure;X2 link problem to one or several neighbouring eNodeBs. AI: PLMN ID-eNB ID 1 = 2221-650262
2025-09-22;11:53:01;AL  ;Cleared;ENodeBFunction=1;External Link Failure;X2 link problem to one or several neighbouring eNodeBs. AI: PLMN ID-eNB ID 1 = 2221-650262
2025-09-22;12:09:47;AL  ;Minor ;ENodeBFunction=1;External Link Failure;X2 link problem to one or several neighbouring eNodeBs. AI: PLMN ID-eNB ID 1 = 2221-650262
2025-09-22;12:26:00;AL  ;Cleared;ENodeBFunction=1;External Link Failure;X2 link problem to one or several neighbouring eNodeBs. AI: PLMN ID-eNB ID 1 = 2221-650262
2025-09-23;11:53:51;AL  ;Minor ;EUtraNetwork=1,ExternalENodeBFunction=2221-210882;Inter Node Carrier Aggregation Service Unavailable;Elastic RAN Carrier Aggregation is not available towards remote eNodeB.
2025-09-23;13:49:31;AL  ;Minor ;EUtraNetwork=1,ExternalENodeBFunction=2221-650092;Inter Node Carrier Aggregation Service Unavailable;Elastic RAN Carrier Aggregation is not available towards remote eNodeB.
2025-09-23;18:18:34;AL  ;Minor ;ENodeBFunction=1;External Link Failure;X2 link problem to one or several neighbouring eNodeBs. AI: PLMN ID-eNB ID 1 = 2221-650176
2025-09-23;18:21:31;AL  ;Cleared;ENodeBFunction=1;External Link Failure;X2 link problem to one or several neighbouring eNodeBs. AI: PLMN ID-eNB ID 1 = 2221-650176
2025-09-23;19:55:35;AL  ;Minor ;ENodeBFunction=1;External Link Failure;X2 link problem to one or several neighbouring eNodeBs. AI: PLMN ID-eNB ID 1 = 2221-650176
2025-09-24;03:56:02;AL  ;Minor ;EUtraNetwork=1,ExternalENodeBFunction=2221-204716;Inter Node Carrier Aggregation Service Unavailable;Elastic RAN Carrier Aggregation is not available towards remote eNodeB.
2025-09-24;09:15:25;AL  ;Cleared;ENodeBFunction=1;External Link Failure;X2 link problem to one or several neighbouring eNodeBs. AI: PLMN ID-eNB ID 1 = 2221-650176
2025-09-24;09:37:27;AL  ;Minor ;ENodeBFunction=1;External Link Failure;X2 link problem to one or several neighbouring eNodeBs. AI: PLMN ID-eNB ID 1 = 2221-450439
2025-09-24;11:15:40;AL  ;Cleared;ENodeBFunction=1;External Link Failure;X2 link problem to one or several neighbouring eNodeBs. AI: PLMN ID-eNB ID 1 = 2221-450439
2025-09-24;13:38:04;AL  ;Minor ;ENodeBFunction=1;External Link Failure;X2 link problem to one or several neighbouring eNodeBs. AI: PLMN ID-eNB ID 1 = 2221-450439
2025-09-24;13:42:58;AL  ;Cleared;ENodeBFunction=1;External Link Failure;X2 link problem to one or several neighbouring eNodeBs. AI: PLMN ID-eNB ID 1 = 2221-450439
2025-09-24;19:23:32;AL  ;Minor ;ENodeBFunction=1;External Link Failure;X2 link problem to one or several neighbouring eNodeBs. AI: PLMN ID-eNB ID 1 = 2221-450431
2025-09-25;06:31:23;AL  ;Minor ;ENodeBFunction=1;External Link Failure;X2 link problem to one or several neighbouring eNodeBs. AI: PLMN ID-eNB ID 1 = 2221-450431 PLMN ID-eNB ID 2 = 2221-450541
2025-09-25;06:38:10;AL  ;Minor ;ENodeBFunction=1;External Link Failure;X2 link problem to one or several neighbouring eNodeBs. AI: PLMN ID-eNB ID 1 = 2221-450431
2025-09-25;07:40:16;AL  ;Cleared;ENodeBFunction=1;External Link Failure;X2 link problem to one or several neighbouring eNodeBs. AI: PLMN ID-eNB ID 1 = 2221-450431
2025-09-26;01:23:57;AL  ;Minor ;ENodeBFunction=1;External Link Failure;X2 link problem to one or several neighbouring eNodeBs. AI: PLMN ID-eNB ID 1 = 2221-451139
2025-09-26;01:25:37;AL  ;Cleared;ENodeBFunction=1;External Link Failure;X2 link problem to one or several neighbouring eNodeBs. AI: PLMN ID-eNB ID 1 = 2221-451139
2025-09-26;08:51:23;AL  ;Minor ;ENodeBFunction=1;External Link Failure;X2 link problem to one or several neighbouring eNodeBs. AI: PLMN ID-eNB ID 1 = 2221-650262
2025-09-26;08:59:47;AL  ;Cleared;ENodeBFunction=1;External Link Failure;X2 link problem to one or several neighbouring eNodeBs. AI: PLMN ID-eNB ID 1 = 2221-650262
2025-09-26;09:33:14;AL  ;Minor ;ENodeBFunction=1;External Link Failure;X2 link problem to one or several neighbouring eNodeBs. AI: PLMN ID-eNB ID 1 = 2221-650262
2025-09-26;09:50:59;AL  ;Cleared;ENodeBFunction=1;External Link Failure;X2 link problem to one or several neighbouring eNodeBs. AI: PLMN ID-eNB ID 1 = 2221-650262
2025-09-26;14:32:48;AL  ;Minor ;ENodeBFunction=1;Sync Time and Phase Accuracy Too Low;Time and phase sync accuracy crossed the threshold for features interworking with NR.
2025-09-26;14:32:48;AL  ;Minor ;EUtranCellFDD=ZC95E1;Service Degraded;This is a secondary alarm, use alarm correlation information in Additional Information to find primary alarm.
2025-09-26;14:32:48;AL  ;Minor ;EUtranCellFDD=ZC95E2;Service Degraded;This is a secondary alarm, use alarm correlation information in Additional Information to find primary alarm.
2025-09-26;14:32:48;AL  ;Minor ;EUtranCellFDD=ZC95E3;Service Degraded;This is a secondary alarm, use alarm correlation information in Additional Information to find primary alarm.
2025-09-26;14:32:48;AL  ;Minor ;EUtranCellFDD=ZC95M1;Service Degraded;This is a secondary alarm, use alarm correlation information in Additional Information to find primary alarm.
2025-09-26;14:32:48;AL  ;Minor ;EUtranCellFDD=ZC95M2;Service Degraded;This is a secondary alarm, use alarm correlation information in Additional Information to find primary alarm.
2025-09-26;14:32:48;AL  ;Minor ;EUtranCellFDD=ZC95M3;Service Degraded;This is a secondary alarm, use alarm correlation information in Additional Information to find primary alarm.
2025-09-26;14:32:48;AL  ;Minor ;EUtranCellFDD=ZC95T1;Service Degraded;This is a secondary alarm, use alarm correlation information in Additional Information to find primary alarm.
2025-09-26;14:32:48;AL  ;Minor ;EUtranCellFDD=ZC95T2;Service Degraded;This is a secondary alarm, use alarm correlation information in Additional Information to find primary alarm.
2025-09-26;14:32:48;AL  ;Minor ;EUtranCellFDD=ZC95T3;Service Degraded;This is a secondary alarm, use alarm correlation information in Additional Information to find primary alarm.
2025-09-26;15:22:32;AL  ;Cleared;ENodeBFunction=1;Sync Time and Phase Accuracy Too Low;Time and phase sync accuracy crossed the threshold for features interworking with NR.
2025-09-26;15:22:32;AL  ;Cleared;EUtranCellFDD=ZC95E1;Service Degraded;This is a secondary alarm, use alarm correlation information in Additional Information to find primary alarm.
2025-09-26;15:22:32;AL  ;Cleared;EUtranCellFDD=ZC95E2;Service Degraded;This is a secondary alarm, use alarm correlation information in Additional Information to find primary alarm.
2025-09-26;15:22:32;AL  ;Cleared;EUtranCellFDD=ZC95E3;Service Degraded;This is a secondary alarm, use alarm correlation information in Additional Information to find primary alarm.
2025-09-26;15:22:32;AL  ;Cleared;EUtranCellFDD=ZC95M1;Service Degraded;This is a secondary alarm, use alarm correlation information in Additional Information to find primary alarm.
2025-09-26;15:22:32;AL  ;Cleared;EUtranCellFDD=ZC95M2;Service Degraded;This is a secondary alarm, use alarm correlation information in Additional Information to find primary alarm.
2025-09-26;15:22:32;AL  ;Cleared;EUtranCellFDD=ZC95M3;Service Degraded;This is a secondary alarm, use alarm correlation information in Additional Information to find primary alarm.
2025-09-26;15:22:32;AL  ;Cleared;EUtranCellFDD=ZC95T1;Service Degraded;This is a secondary alarm, use alarm correlation information in Additional Information to find primary alarm.
2025-09-26;15:22:32;AL  ;Cleared;EUtranCellFDD=ZC95T2;Service Degraded;This is a secondary alarm, use alarm correlation information in Additional Information to find primary alarm.
2025-09-26;15:22:32;AL  ;Cleared;EUtranCellFDD=ZC95T3;Service Degraded;This is a secondary alarm, use alarm correlation information in Additional Information to find primary alarm.
2025-09-27;10:01:55;AL  ;Minor ;EUtraNetwork=1,ExternalENodeBFunction=2221-211967;Inter Node Carrier Aggregation Service Unavailable;Elastic RAN Carrier Aggregation is not available towards remote eNodeB.
2025-09-28;06:48:11;AL  ;Cleared;EUtraNetwork=1,ExternalENodeBFunction=2221-210881;Inter Node Carrier Aggregation Service Unavailable;Elastic RAN Carrier Aggregation is not available towards remote eNodeB.
2025-09-28;06:48:11;AL  ;Cleared;EUtraNetwork=1,ExternalENodeBFunction=2221-210882;Inter Node Carrier Aggregation Service Unavailable;Elastic RAN Carrier Aggregation is not available towards remote eNodeB.
2025-09-28;06:56:57;AL  ;Minor ;ENodeBFunction=1;External Link Failure;X2 link problem to one or several neighbouring eNodeBs. AI: PLMN ID-eNB ID 1 = 2221-210882 PLMN ID-eNB ID 2 = 2221-210881
2025-09-28;06:58:27;AL  ;Minor ;ENodeBFunction=1;External Link to GNodeB Failure;X2 link problem to one or several neighbouring gNodeBs. AI: PLMN ID-gNB ID 1 = 2221-1054918
2025-09-28;07:27:41;AL  ;Minor ;ENodeBFunction=1;External Link Failure;X2 link problem to one or several neighbouring eNodeBs. AI: PLMN ID-eNB ID 1 = 2221-210881
2025-09-28;07:27:57;AL  ;Cleared;ENodeBFunction=1;External Link Failure;X2 link problem to one or several neighbouring eNodeBs. AI: PLMN ID-eNB ID 1 = 2221-210881
2025-09-28;07:28:16;AL  ;Cleared;ENodeBFunction=1;External Link to GNodeB Failure;X2 link problem to one or several neighbouring gNodeBs. AI: PLMN ID-gNB ID 1 = 2221-1054918
2025-09-28;07:30:38;AL  ;Minor ;EUtraNetwork=1,ExternalENodeBFunction=2221-210881;Inter Node Carrier Aggregation Service Unavailable;Elastic RAN Carrier Aggregation is not available towards remote eNodeB.
2025-09-28;07:30:47;AL  ;Minor ;EUtraNetwork=1,ExternalENodeBFunction=2221-210882;Inter Node Carrier Aggregation Service Unavailable;Elastic RAN Carrier Aggregation is not available towards remote eNodeB.
2025-09-28;08:53:33;AL  ;Cleared;EUtraNetwork=1,ExternalENodeBFunction=2221-650092;Inter Node Carrier Aggregation Service Unavailable;Elastic RAN Carrier Aggregation is not available towards remote eNodeB.
2025-09-28;08:53:51;AL  ;Minor ;EUtraNetwork=1,ExternalENodeBFunction=2221-650092;Inter Node Carrier Aggregation Service Unavailable;Elastic RAN Carrier Aggregation is not available towards remote eNodeB.
2025-09-28;08:56:48;AL  ;Cleared;EUtraNetwork=1,ExternalENodeBFunction=2221-211967;Inter Node Carrier Aggregation Service Unavailable;Elastic RAN Carrier Aggregation is not available towards remote eNodeB.
2025-09-28;08:58:09;AL  ;Minor ;EUtraNetwork=1,ExternalENodeBFunction=2221-650272;Inter Node Carrier Aggregation Service Unavailable;Elastic RAN Carrier Aggregation is not available towards remote eNodeB.
2025-09-28;08:58:30;AL  ;Minor ;EUtraNetwork=1,ExternalENodeBFunction=2221-650353;Inter Node Carrier Aggregation Service Unavailable;Elastic RAN Carrier Aggregation is not available towards remote eNodeB.
2025-09-28;09:01:08;AL  ;Cleared;EUtraNetwork=1,ExternalENodeBFunction=2221-210882;Inter Node Carrier Aggregation Service Unavailable;Elastic RAN Carrier Aggregation is not available towards remote eNodeB.
2025-09-28;09:01:27;AL  ;Minor ;EUtraNetwork=1,ExternalENodeBFunction=2221-210882;Inter Node Carrier Aggregation Service Unavailable;Elastic RAN Carrier Aggregation is not available towards remote eNodeB.
2025-09-28;09:01:40;AL  ;Cleared;EUtraNetwork=1,ExternalENodeBFunction=2221-210881;Inter Node Carrier Aggregation Service Unavailable;Elastic RAN Carrier Aggregation is not available towards remote eNodeB.
2025-09-28;09:01:55;AL  ;Minor ;EUtraNetwork=1,ExternalENodeBFunction=2221-210881;Inter Node Carrier Aggregation Service Unavailable;Elastic RAN Carrier Aggregation is not available towards remote eNodeB.
2025-09-28;09:02:23;AL  ;Cleared;EUtraNetwork=1,ExternalENodeBFunction=2221-204716;Inter Node Carrier Aggregation Service Unavailable;Elastic RAN Carrier Aggregation is not available towards remote eNodeB.
2025-09-28;09:03:10;AL  ;Minor ;EUtraNetwork=1,ExternalENodeBFunction=2221-204716;Inter Node Carrier Aggregation Service Unavailable;Elastic RAN Carrier Aggregation is not available towards remote eNodeB.
2025-09-28;12:33:14;AL  ;Minor ;EUtraNetwork=1,ExternalENodeBFunction=2221-650781;Inter Node Carrier Aggregation Service Unavailable;Elastic RAN Carrier Aggregation is not available towards remote eNodeB.
2025-09-28;12:41:57;AL  ;Cleared;EUtraNetwork=1,ExternalENodeBFunction=2221-650781;Inter Node Carrier Aggregation Service Unavailable;Elastic RAN Carrier Aggregation is not available towards remote eNodeB.
2025-09-28;12:46:28;AL  ;Cleared;EUtraNetwork=1,ExternalENodeBFunction=2221-650092;Inter Node Carrier Aggregation Service Unavailable;Elastic RAN Carrier Aggregation is not available towards remote eNodeB.
2025-09-28;12:46:33;AL  ;Cleared;EUtraNetwork=1,ExternalENodeBFunction=2221-204716;Inter Node Carrier Aggregation Service Unavailable;Elastic RAN Carrier Aggregation is not available towards remote eNodeB.
2025-09-28;12:46:39;AL  ;Cleared;EUtraNetwork=1,ExternalENodeBFunction=2221-650353;Inter Node Carrier Aggregation Service Unavailable;Elastic RAN Carrier Aggregation is not available towards remote eNodeB.
2025-09-28;12:46:50;AL  ;Cleared;EUtraNetwork=1,ExternalENodeBFunction=2221-210881;Inter Node Carrier Aggregation Service Unavailable;Elastic RAN Carrier Aggregation is not available towards remote eNodeB.
2025-09-28;12:47:01;AL  ;Cleared;EUtraNetwork=1,ExternalENodeBFunction=2221-650272;Inter Node Carrier Aggregation Service Unavailable;Elastic RAN Carrier Aggregation is not available towards remote eNodeB.
2025-09-28;12:47:05;AL  ;Cleared;EUtraNetwork=1,ExternalENodeBFunction=2221-210882;Inter Node Carrier Aggregation Service Unavailable;Elastic RAN Carrier Aggregation is not available towards remote eNodeB.
2025-09-28;12:47:12;AL  ;Minor ;EUtraNetwork=1,ExternalENodeBFunction=2221-650272;Inter Node Carrier Aggregation Service Unavailable;Elastic RAN Carrier Aggregation is not available towards remote eNodeB.
2025-09-28;12:47:46;AL  ;Minor ;EUtraNetwork=1,ExternalENodeBFunction=2221-650353;Inter Node Carrier Aggregation Service Unavailable;Elastic RAN Carrier Aggregation is not available towards remote eNodeB.
2025-09-28;17:15:50;AL  ;Cleared;EUtraNetwork=1,ExternalENodeBFunction=2221-650353;Inter Node Carrier Aggregation Service Unavailable;Elastic RAN Carrier Aggregation is not available towards remote eNodeB.
2025-09-28;17:22:12;AL  ;Minor ;EUtraNetwork=1,ExternalENodeBFunction=2221-650353;Inter Node Carrier Aggregation Service Unavailable;Elastic RAN Carrier Aggregation is not available towards remote eNodeB.
2025-09-29;04:53:24;AL  ;Minor ;EUtraNetwork=1,ExternalENodeBFunction=2221-650257;Inter Node Carrier Aggregation Service Unavailable;Elastic RAN Carrier Aggregation is not available towards remote eNodeB.
2025-09-29;15:53:51;AL  ;Minor ;EUtraNetwork=1,ExternalENodeBFunction=2221-210881;Inter Node Carrier Aggregation Service Unavailable;Elastic RAN Carrier Aggregation is not available towards remote eNodeB.
2025-09-29;21:53:51;AL  ;Minor ;EUtraNetwork=1,ExternalENodeBFunction=2221-650092;Inter Node Carrier Aggregation Service Unavailable;Elastic RAN Carrier Aggregation is not available towards remote eNodeB.
2025-09-30;06:08:00;AL  ;Minor ;ENodeBFunction=1;External Link Failure;X2 link problem to one or several neighbouring eNodeBs. AI: PLMN ID-eNB ID 1 = 2221-450698
2025-09-30;10:31:04;AL  ;Minor ;ENodeBFunction=1;External Link Failure;X2 link problem to one or several neighbouring eNodeBs. AI: PLMN ID-eNB ID 1 = 2221-450698 PLMN ID-eNB ID 2 = 2221-450778
2025-09-30;13:34:35;AL  ;Minor ;ENodeBFunction=1;External Link Failure;X2 link problem to one or several neighbouring eNodeBs. AI: PLMN ID-eNB ID 1 = 2221-450698
2025-09-30;16:53:51;AL  ;Minor ;EUtraNetwork=1,ExternalENodeBFunction=2221-210882;Inter Node Carrier Aggregation Service Unavailable;Elastic RAN Carrier Aggregation is not available towards remote eNodeB.
2025-10-01;07:46:37;AL  ;Minor ;ENodeBFunction=1;External Link Failure;X2 link problem to one or several neighbouring eNodeBs. AI: PLMN ID-eNB ID 1 = 2221-450698 PLMN ID-eNB ID 2 = 2221-650352
2025-10-01;07:55:01;AL  ;Minor ;ENodeBFunction=1;External Link Failure;X2 link problem to one or several neighbouring eNodeBs. AI: PLMN ID-eNB ID 1 = 2221-450698
2025-10-02;13:36:58;AL  ;Minor ;ENodeBFunction=1;External Link Failure;X2 link problem to one or several neighbouring eNodeBs. AI: PLMN ID-eNB ID 1 = 2221-450698 PLMN ID-eNB ID 2 = 2221-450897
2025-10-02;13:39:38;AL  ;Minor ;ENodeBFunction=1;External Link Failure;X2 link problem to one or several neighbouring eNodeBs. AI: PLMN ID-eNB ID 1 = 2221-450698
2025-10-03;03:53:35;AL  ;Minor ;EUtraNetwork=1,ExternalENodeBFunction=2221-650328;Inter Node Carrier Aggregation Service Unavailable;Elastic RAN Carrier Aggregation is not available towards remote eNodeB.
2025-10-04;07:15:37;AL  ;Cleared;EUtraNetwork=1,ExternalENodeBFunction=2221-650353;Inter Node Carrier Aggregation Service Unavailable;Elastic RAN Carrier Aggregation is not available towards remote eNodeB.
2025-10-04;07:15:38;AL  ;Cleared;EUtraNetwork=1,ExternalENodeBFunction=2221-650752;Inter Node Feature Incompatibility;Elastic RAN feature is not activated in remote eNodeB. SUPPRESSED
2025-10-04;07:24:55;AL  ;Minor ;ENodeBFunction=1;External Link Failure;X2 link problem to one or several neighbouring eNodeBs. AI: PLMN ID-eNB ID 1 = 2221-450698 PLMN ID-eNB ID 2 = 2221-650752 PLMN ID-eNB ID 3 = 2221-211323 PLMN ID-eNB ID 4 = 2221-650353
2025-10-04;07:25:06;AL  ;Minor ;ENodeBFunction=1;External Link to GNodeB Failure;X2 link problem to one or several neighbouring gNodeBs. AI: PLMN ID-gNB ID 1 = 2221-1055419
2025-10-04;07:26:50;AL  ;Minor ;ENodeBFunction=1;External Link Failure;X2 link problem to one or several neighbouring eNodeBs. AI: PLMN ID-eNB ID 1 = 2221-450698 PLMN ID-eNB ID 2 = 2221-211323 PLMN ID-eNB ID 3 = 2221-650353
2025-10-04;07:28:22;AL  ;Minor ;ENodeBFunction=1;External Link Failure;X2 link problem to one or several neighbouring eNodeBs. AI: PLMN ID-eNB ID 1 = 2221-450698 PLMN ID-eNB ID 2 = 2221-211323
2025-10-04;07:28:19;AL  ;Minor ;EUtraNetwork=1,ExternalENodeBFunction=2221-650353;Inter Node Carrier Aggregation Service Unavailable;Elastic RAN Carrier Aggregation is not available towards remote eNodeB.
2025-10-04;07:28:30;AL  ;Cleared;ENodeBFunction=1;External Link to GNodeB Failure;X2 link problem to one or several neighbouring gNodeBs. AI: PLMN ID-gNB ID 1 = 2221-1055419
2025-10-04;08:28:22;AL  ;Cleared;EUtraNetwork=1,ExternalENodeBFunction=2221-650353;Inter Node Carrier Aggregation Service Unavailable;Elastic RAN Carrier Aggregation is not available towards remote eNodeB.
2025-10-04;09:33:34;AL  ;Minor ;EUtraNetwork=1,ExternalENodeBFunction=2221-650353;Inter Node Carrier Aggregation Service Unavailable;Elastic RAN Carrier Aggregation is not available towards remote eNodeB.
2025-10-04;09:53:04;AL  ;Minor ;EUtraNetwork=1,ExternalENodeBFunction=2221-209454;Inter Node Carrier Aggregation Service Unavailable;Elastic RAN Carrier Aggregation is not available towards remote eNodeB.
2025-10-04;14:44:08;AL  ;Cleared;EUtraNetwork=1,ExternalENodeBFunction=2221-650353;Inter Node Carrier Aggregation Service Unavailable;Elastic RAN Carrier Aggregation is not available towards remote eNodeB.
2025-10-04;14:51:05;AL  ;Minor ;EUtraNetwork=1,ExternalENodeBFunction=2221-650353;Inter Node Carrier Aggregation Service Unavailable;Elastic RAN Carrier Aggregation is not available towards remote eNodeB.
2025-10-04;15:17:09;AL  ;Cleared;EUtraNetwork=1,ExternalENodeBFunction=2221-650353;Inter Node Carrier Aggregation Service Unavailable;Elastic RAN Carrier Aggregation is not available towards remote eNodeB.
2025-10-04;15:24:10;AL  ;Minor ;EUtraNetwork=1,ExternalENodeBFunction=2221-650353;Inter Node Carrier Aggregation Service Unavailable;Elastic RAN Carrier Aggregation is not available towards remote eNodeB.
2025-10-04;16:53:09;AL  ;Cleared;EUtraNetwork=1,ExternalENodeBFunction=2221-650353;Inter Node Carrier Aggregation Service Unavailable;Elastic RAN Carrier Aggregation is not available towards remote eNodeB.
2025-10-04;17:00:09;AL  ;Minor ;EUtraNetwork=1,ExternalENodeBFunction=2221-650353;Inter Node Carrier Aggregation Service Unavailable;Elastic RAN Carrier Aggregation is not available towards remote eNodeB.
2025-10-04;17:43:12;AL  ;Cleared;EUtraNetwork=1,ExternalENodeBFunction=2221-650353;Inter Node Carrier Aggregation Service Unavailable;Elastic RAN Carrier Aggregation is not available towards remote eNodeB.
2025-10-05;08:46:25;AL  ;Cleared;EUtraNetwork=1,ExternalENodeBFunction=2221-650092;Inter Node Carrier Aggregation Service Unavailable;Elastic RAN Carrier Aggregation is not available towards remote eNodeB.
2025-10-05;08:46:43;AL  ;Minor ;EUtraNetwork=1,ExternalENodeBFunction=2221-650092;Inter Node Carrier Aggregation Service Unavailable;Elastic RAN Carrier Aggregation is not available towards remote eNodeB.
2025-10-05;08:47:03;AL  ;Minor ;EUtraNetwork=1,ExternalENodeBFunction=2221-650353;Inter Node Carrier Aggregation Service Unavailable;Elastic RAN Carrier Aggregation is not available towards remote eNodeB.
2025-10-05;08:47:04;AL  ;Cleared;EUtraNetwork=1,ExternalENodeBFunction=2221-650328;Inter Node Carrier Aggregation Service Unavailable;Elastic RAN Carrier Aggregation is not available towards remote eNodeB.
2025-10-05;08:47:19;AL  ;Minor ;EUtraNetwork=1,ExternalENodeBFunction=2221-650328;Inter Node Carrier Aggregation Service Unavailable;Elastic RAN Carrier Aggregation is not available towards remote eNodeB.
2025-10-05;08:49:44;AL  ;Cleared;EUtraNetwork=1,ExternalENodeBFunction=2221-650257;Inter Node Carrier Aggregation Service Unavailable;Elastic RAN Carrier Aggregation is not available towards remote eNodeB.
2025-10-05;08:49:54;AL  ;Minor ;EUtraNetwork=1,ExternalENodeBFunction=2221-650731;Inter Node Carrier Aggregation Service Unavailable;Elastic RAN Carrier Aggregation is not available towards remote eNodeB.
2025-10-05;08:50:26;AL  ;Cleared;EUtraNetwork=1,ExternalENodeBFunction=2221-650272;Inter Node Carrier Aggregation Service Unavailable;Elastic RAN Carrier Aggregation is not available towards remote eNodeB.
2025-10-05;08:50:47;AL  ;Minor ;EUtraNetwork=1,ExternalENodeBFunction=2221-650257;Inter Node Carrier Aggregation Service Unavailable;Elastic RAN Carrier Aggregation is not available towards remote eNodeB.
2025-10-05;08:51:00;AL  ;Cleared;EUtraNetwork=1,ExternalENodeBFunction=2221-650353;Inter Node Carrier Aggregation Service Unavailable;Elastic RAN Carrier Aggregation is not available towards remote eNodeB.
2025-10-05;08:53:01;AL  ;Cleared;EUtraNetwork=1,ExternalENodeBFunction=2221-210882;Inter Node Carrier Aggregation Service Unavailable;Elastic RAN Carrier Aggregation is not available towards remote eNodeB.
2025-10-05;08:53:03;AL  ;Minor ;EUtraNetwork=1,ExternalENodeBFunction=2221-650353;Inter Node Carrier Aggregation Service Unavailable;Elastic RAN Carrier Aggregation is not available towards remote eNodeB.
2025-10-05;08:53:31;AL  ;Cleared;EUtraNetwork=1,ExternalENodeBFunction=2221-210881;Inter Node Carrier Aggregation Service Unavailable;Elastic RAN Carrier Aggregation is not available towards remote eNodeB.
2025-10-05;08:53:57;AL  ;Minor ;EUtraNetwork=1,ExternalENodeBFunction=2221-210881;Inter Node Carrier Aggregation Service Unavailable;Elastic RAN Carrier Aggregation is not available towards remote eNodeB.
2025-10-05;08:54:04;AL  ;Minor ;EUtraNetwork=1,ExternalENodeBFunction=2221-210882;Inter Node Carrier Aggregation Service Unavailable;Elastic RAN Carrier Aggregation is not available towards remote eNodeB.
2025-10-05;11:31:49;AL  ;Minor ;EUtraNetwork=1,ExternalENodeBFunction=2221-450473;Inter Node Carrier Aggregation Service Unavailable;Elastic RAN Carrier Aggregation is not available towards remote eNodeB.
2025-10-05;11:53:49;AL  ;Cleared;EUtraNetwork=1,ExternalENodeBFunction=2221-209454;Inter Node Carrier Aggregation Service Unavailable;Elastic RAN Carrier Aggregation is not available towards remote eNodeB.
2025-10-05;11:54:30;AL  ;Minor ;EUtraNetwork=1,ExternalENodeBFunction=2221-209454;Inter Node Carrier Aggregation Service Unavailable;Elastic RAN Carrier Aggregation is not available towards remote eNodeB.
2025-10-05;12:21:45;AL  ;Minor ;EUtraNetwork=1,ExternalENodeBFunction=2221-650781;Inter Node Carrier Aggregation Service Unavailable;Elastic RAN Carrier Aggregation is not available towards remote eNodeB.
2025-10-05;12:26:47;AL  ;Cleared;EUtraNetwork=1,ExternalENodeBFunction=2221-650781;Inter Node Carrier Aggregation Service Unavailable;Elastic RAN Carrier Aggregation is not available towards remote eNodeB.
2025-10-05;12:26:51;AL  ;Cleared;EUtraNetwork=1,ExternalENodeBFunction=2221-650092;Inter Node Carrier Aggregation Service Unavailable;Elastic RAN Carrier Aggregation is not available towards remote eNodeB.
2025-10-05;12:26:56;AL  ;Cleared;EUtraNetwork=1,ExternalENodeBFunction=2221-650353;Inter Node Carrier Aggregation Service Unavailable;Elastic RAN Carrier Aggregation is not available towards remote eNodeB.
2025-10-05;12:26:57;AL  ;Cleared;ENodeBFunction=1;External Link Failure;X2 link problem to one or several neighbouring eNodeBs. AI: PLMN ID-eNB ID 1 = 2221-450698
2025-10-05;12:27:05;AL  ;Cleared;EUtraNetwork=1,ExternalENodeBFunction=2221-650328;Inter Node Carrier Aggregation Service Unavailable;Elastic RAN Carrier Aggregation is not available towards remote eNodeB.
2025-10-05;12:27:10;AL  ;Cleared;EUtraNetwork=1,ExternalENodeBFunction=2221-650257;Inter Node Carrier Aggregation Service Unavailable;Elastic RAN Carrier Aggregation is not available towards remote eNodeB.
2025-10-05;12:27:12;AL  ;Minor ;EUtraNetwork=1,ExternalENodeBFunction=2221-650781;Inter Node Carrier Aggregation Service Unavailable;Elastic RAN Carrier Aggregation is not available towards remote eNodeB.
2025-10-05;12:27:16;AL  ;Cleared;EUtraNetwork=1,ExternalENodeBFunction=2221-210881;Inter Node Carrier Aggregation Service Unavailable;Elastic RAN Carrier Aggregation is not available towards remote eNodeB.
2025-10-05;12:27:27;AL  ;Cleared;EUtraNetwork=1,ExternalENodeBFunction=2221-450473;Inter Node Carrier Aggregation Service Unavailable;Elastic RAN Carrier Aggregation is not available towards remote eNodeB.
2025-10-05;12:27:31;AL  ;Cleared;EUtraNetwork=1,ExternalENodeBFunction=2221-650731;Inter Node Carrier Aggregation Service Unavailable;Elastic RAN Carrier Aggregation is not available towards remote eNodeB.
2025-10-05;12:27:36;AL  ;Cleared;EUtraNetwork=1,ExternalENodeBFunction=2221-210882;Inter Node Carrier Aggregation Service Unavailable;Elastic RAN Carrier Aggregation is not available towards remote eNodeB.
2025-10-05;12:27:41;AL  ;Cleared;EUtraNetwork=1,ExternalENodeBFunction=2221-209454;Inter Node Carrier Aggregation Service Unavailable;Elastic RAN Carrier Aggregation is not available towards remote eNodeB.
2025-10-05;12:27:56;AL  ;Minor ;EUtraNetwork=1,ExternalENodeBFunction=2221-650731;Inter Node Carrier Aggregation Service Unavailable;Elastic RAN Carrier Aggregation is not available towards remote eNodeB.
2025-10-05;12:28:06;AL  ;Minor ;EUtraNetwork=1,ExternalENodeBFunction=2221-450473;Inter Node Carrier Aggregation Service Unavailable;Elastic RAN Carrier Aggregation is not available towards remote eNodeB.
2025-10-05;16:05:22;AL  ;Minor ;ENodeBFunction=1;External Link Failure;X2 link problem to one or several neighbouring eNodeBs. AI: PLMN ID-eNB ID 1 = 2221-650734
2025-10-05;16:17:54;AL  ;Cleared;ENodeBFunction=1;External Link Failure;X2 link problem to one or several neighbouring eNodeBs. AI: PLMN ID-eNB ID 1 = 2221-650734
2025-10-05;17:05:08;AL  ;Minor ;ENodeBFunction=1;External Link Failure;X2 link problem to one or several neighbouring eNodeBs. AI: PLMN ID-eNB ID 1 = 2221-650734
2025-10-05;17:05:23;AL  ;Cleared;ENodeBFunction=1;External Link Failure;X2 link problem to one or several neighbouring eNodeBs. AI: PLMN ID-eNB ID 1 = 2221-650734
2025-10-05;17:28:53;AL  ;Minor ;ENodeBFunction=1;External Link Failure;X2 link problem to one or several neighbouring eNodeBs. AI: PLMN ID-eNB ID 1 = 2221-208122
2025-10-05;17:40:10;AL  ;Cleared;ENodeBFunction=1;External Link Failure;X2 link problem to one or several neighbouring eNodeBs. AI: PLMN ID-eNB ID 1 = 2221-208122
2025-10-05;19:53:51;AL  ;Minor ;EUtraNetwork=1,ExternalENodeBFunction=2221-204716;Inter Node Carrier Aggregation Service Unavailable;Elastic RAN Carrier Aggregation is not available towards remote eNodeB.
2025-10-06;03:24:15;AL  ;Minor ;ENodeBFunction=1;External Link Failure;X2 link problem to one or several neighbouring eNodeBs. AI: PLMN ID-eNB ID 1 = 2221-450957
2025-10-06;03:36:28;AL  ;Cleared;ENodeBFunction=1;External Link Failure;X2 link problem to one or several neighbouring eNodeBs. AI: PLMN ID-eNB ID 1 = 2221-450957
2025-10-06;03:45:13;AL  ;Minor ;ENodeBFunction=1;External Link Failure;X2 link problem to one or several neighbouring eNodeBs. AI: PLMN ID-eNB ID 1 = 2221-450957
2025-10-06;03:45:38;AL  ;Cleared;ENodeBFunction=1;External Link Failure;X2 link problem to one or several neighbouring eNodeBs. AI: PLMN ID-eNB ID 1 = 2221-450957
2025-10-06;03:53:24;AL  ;Minor ;EUtraNetwork=1,ExternalENodeBFunction=2221-204540;Inter Node Carrier Aggregation Service Unavailable;Elastic RAN Carrier Aggregation is not available towards remote eNodeB.
2025-10-06;03:58:16;AL  ;Minor ;ENodeBFunction=1;External Link Failure;X2 link problem to one or several neighbouring eNodeBs. AI: PLMN ID-eNB ID 1 = 2221-450957
2025-10-06;05:53:51;AL  ;Minor ;EUtraNetwork=1,ExternalENodeBFunction=2221-210881;Inter Node Carrier Aggregation Service Unavailable;Elastic RAN Carrier Aggregation is not available towards remote eNodeB.
2025-10-06;12:31:12;AL  ;Cleared;ENodeBFunction=1;External Link Failure;X2 link problem to one or several neighbouring eNodeBs. AI: PLMN ID-eNB ID 1 = 2221-450957


ZC95E> lgec -m 30d

251007-11:24:27+0200 19.31.11.184 25.0h MSRBS_NODE_MODEL_25.Q1_693.28324.131_62ac stopfile=/tmp/771564

Startdate=20250907.092427, Enddate=20251008.092427
Date;Time;Log;Severity;Object;Event;Cause;AdditionalText;AckState;Id;NotificationId;CorrelatedAlarms
Executing action Log.export()
..
Log=AlertLog                    actionId=6916
...
=================================================================================================================
MO                  actionId result      resultInfo
=================================================================================================================
LogM=1,Log=AlertLog 6916     1 (SUCCESS)           
cat  /ericsson/log/amos/moshell_logfiles/t20251007_37258710_53697/logs_moshell/tempfiles/scp-2-amos_20251007-112346_771499/rcslogs/AlertLog_20231122__081637_20250226__232151.log /ericsson/log/amos/moshell_logfiles/t20251007_37258710_53697/logs_moshell/tempfiles/scp-2-amos_20251007-112346_771499/rcslogs/AlertLog_20250226__232151.log > /ericsson/log/amos/moshell_logfiles/t20251007_37258710_53697/logs_moshell/tempfiles/scp-2-amos_20251007-112346_771499/eventLog771564.xml

Bye...
Output has been logged to file /mta_fs/UserFiles/37258710/amosbatch/2025-10-07_11-07-01_53697/ZC95E.log
