Logging to file /mta_fs/UserFiles/37258710/amosbatch/2025-10-07_11-07-01_53697/ZC98L.log
                        __  __  ____   _____
                  /\   |  \/  |/ __ \ / ____|
                 /  \  | \  / | |  | | (___  
                / /\ \ | |\/| | |  | |\___ \ 
               / ____ \| |  | | |__| |____) |
              /_/    \_\_|  |_|\____/|_____/
              OSS Framework for MoShell-25.0h 
  Copyright (c) Ericsson AB 2001-2025 - All Rights Reserved
              
           
[1;31mWARNING: [0mthe AMOS version currently running is more than 22 weeks old and is unsupported.
Please upgrade as soon as possible to the latest released version, available from your local Ericsson support.

$amosrb_pid = 1301773

Checking ip contact...OK

HELP MENU            : h
BASIC MO COMMANDS    : m
OTHER MO COMMANDS    : n
OTHER COMMANDS       : o
PM COMMANDS          : p
QUIT                 : q

ZC98L> lt all

251007-12:29:10+0200 19.31.16.237 25.0h  stopfile=/tmp/1301375
Looking up temporary_amos account... OK.
Trying temporary_amos_t20251007_37258710_53697_313's password from amos lookupAccount ... OK

$ssh_pid = 1303670

Connected to 19.31.16.237 (SubNetwork=BBMM_rckomc_R,MeContext=ZC98L,ManagedElement=ZC98L)

Checking MOM version...MSRBS_NODE_MODEL_25.Q1_198665.224.73_bf81
Parsing MOM (cached): /ericsson/log/amos/moshell_logfiles/t20251007_37258710_53697/logs_moshell/tempfiles/scp-2-amos_20251007-122903_1301311/MSRBS_NODE_MODEL_25.Q1_198665.224.73_bf81.xml.cache.gz ......................................................................................................................................................................................................................Done.
Using paramfile /opt/ericsson/amos/moshell/commonjars/pm/PARAM_MSRBSG2_25.Q1.txt
Parsing file /opt/ericsson/amos/moshell/commonjars/pm/PARAM_MSRBSG2_25.Q1.txt ......................................................................................Done.
Using imomdfile /opt/ericsson/amos/moshell/commonjars/pm/IMOMD_MSRBS_22.Q4.txt
Using imomfile /opt/ericsson/amos/moshell/commonjars/pm/IMOM_MSRBS_25.Q1.txt
Connected to 19.31.16.237 (SubNetwork=BBMM_rckomc_R,MeContext=ZC98L,ManagedElement=ZC98L)

Last MO: 16996. Loaded 16996 MOs. Total: 16997 MOs.

ZC98L> hget EUtranCellFDD ^cellid

251007-12:29:30+0200 19.31.16.237 25.0h MSRBS_NODE_MODEL_25.Q1_198665.224.73_bf81 stopfile=/tmp/1301375

=================================================================================================================
MO                   cellId
=================================================================================================================
EUtranCellFDD=ZC98L1 21    
EUtranCellFDD=ZC98L2 22    
=================================================================================================================
Total: 2 MOs

Added 2 MOs to group: hget_group

ZC98L> hget NbIotCell ^cellid

251007-12:29:30+0200 19.31.16.237 25.0h MSRBS_NODE_MODEL_25.Q1_198665.224.73_bf81 stopfile=/tmp/1301375
Total: 0 MOs

ZC98L> hget NRCellDU ^cellLocalId

251007-12:29:30+0200 19.31.16.237 25.0h MSRBS_NODE_MODEL_25.Q1_198665.224.73_bf81 stopfile=/tmp/1301375
Total: 0 MOs

ZC98L> lgdc -m 30d

251007-12:29:31+0200 19.31.16.237 25.0h MSRBS_NODE_MODEL_25.Q1_198665.224.73_bf81 stopfile=/tmp/1301375

Startdate=20250907.102931, Enddate=20251008.102931
INFO: Using amos lookupAccount credentials for the export login

Executing action LogM.exportAvailabilityLog()
...LogM=1,exportAvailabilityLog    actionId=20451
......
=================================================================================================================
MO     actionId result      resultInfo
=================================================================================================================
LogM=1 20451    1 (SUCCESS)           
cp /ericsson/log/amos/moshell_logfiles/t20251007_37258710_53697/logs_moshell/tempfiles/scp-2-amos_20251007-122903_1301311/rcslogs/RBS_CS_AVAILABILITY_LOG_20251007102935.xml /ericsson/log/amos/moshell_logfiles/t20251007_37258710_53697/logs_moshell/tempfiles/scp-2-amos_20251007-122903_1301311/availabilityLog1301375.xml
Parsing availabilityLog........Done.
.....
Date;Time;RestartType;SwVersion;SwRelease;RCSDowntime;ApplicationDowntime;TNDowntime;RATsDowntime;ExtraInfo;ExtraInfo2
2025-09-08;07:16:35;PartialOutage(Manual);50% Lrat Cell 22; ();9s;;;;;
2025-09-08;07:16:49;PartialOutage(Manual);50% Lrat Cell 21; ();10s;;;;;
2025-09-12;09:52:30;PgmGrpRestart GRAT ProgramErrEscalated;; ();11s;;;;;
2025-09-18;21:42:54;SpontaneousCold(Other:PowerReset);CXP9024418/16_R8D21;CXP9024418/16_R8D21 (RCG123.3-3);6s;484s (8m4s);16s;L=484s G=486s ;Requested: RankCold Other PowerReset Performed: RankCold Other PowerReset;Lrat LRAT Traffic Control active, Grat GRAT Traffic Control active
2025-09-19;07:59:34;SpontaneousCold(Other:PowerReset);CXP9024418/16_R8D21;CXP9024418/16_R8D21 (RCG123.3-3);4057s (1h7m);4312s (1h11m);4067s (1h7m);L=4312s G=4314s ;Requested: RankCold Other PowerReset Performed: RankCold Other PowerReset;Lrat LRAT Traffic Control active, Grat GRAT Traffic Control active, Grat GRAT Traffic Control active
2025-09-23;04:49:03;PgmGrpRestart GRAT ProgramErrEscalated;;CXP9024418/16_R8D21 (RCG123.3-3);11s;;;;;
2025-09-29;13:11:26;SpontaneousCold(Other:PowerReset);CXP9024418/16_R8D21;CXP9024418/16_R8D21 (RCG123.3-3);17s;330s (5m30s);27s;L=330s G=334s ;Requested: RankCold Other PowerReset Performed: RankCold Other PowerReset;Lrat LRAT Traffic Control active, Grat GRAT Traffic Control active, Grat GRAT Traffic Control active
2025-10-06;13:09:47;PgmGrpRestart GRAT ProgramErrEscalated;;CXP9024418/16_R8D21 (RCG123.3-3);12s;;;;;

Node uptime since last restart: 681166 seconds (7 days, 21 hours, 12 minutes, 46 seconds)
------------------------------------------------------------------------------------------------------
Period=30 days       NodeUpgrade      NodeManual       NodeSpontaneous  AllNodeRestarts  PartialOutages  
------------------------------------------------------------------------------------------------------
Number Of outages    0                0                3                3                2               
Total downtime       0s               0s               5126s (1h25m)    5126s (1h25m)    19s             
Downtime per day     0s               0s               171s (2m51s)     171s (2m51s)     1s              
Downtime per outage  0s               0s               1709s (28m29s)   1709s (28m29s)   10s             

ZC98L> lgac -m 30d

251007-12:29:42+0200 19.31.16.237 25.0h MSRBS_NODE_MODEL_25.Q1_198665.224.73_bf81 stopfile=/tmp/1301375

Startdate=20250907.102942, Enddate=20251008.102942
Date;Time;Log;Severity;Object;Event;Cause;AdditionalText;AckState;Id;NotificationId;CorrelatedAlarms
Executing action Log.export()
..
Log=AlarmLog                    actionId=20452
..........
=================================================================================================================
MO                  actionId result      resultInfo
=================================================================================================================
LogM=1,Log=AlarmLog 20452    1 (SUCCESS)           
cat  /ericsson/log/amos/moshell_logfiles/t20251007_37258710_53697/logs_moshell/tempfiles/scp-2-amos_20251007-122903_1301311/rcslogs/saLogAlarm_20231228__085846_20240909__190800.log /ericsson/log/amos/moshell_logfiles/t20251007_37258710_53697/logs_moshell/tempfiles/scp-2-amos_20251007-122903_1301311/rcslogs/saLogAlarm_20240909__190800_20250821__200800.log /ericsson/log/amos/moshell_logfiles/t20251007_37258710_53697/logs_moshell/tempfiles/scp-2-amos_20251007-122903_1301311/rcslogs/saLogAlarm_20250821__200800.log > /ericsson/log/amos/moshell_logfiles/t20251007_37258710_53697/logs_moshell/tempfiles/scp-2-amos_20251007-122903_1301311/alarmLog1301375.xml
2025-09-07;10:44:27;AL  ;Cleared;EUtraNetwork=1,ExternalENodeBFunction=2221-600233;Inconsistent Configuration;Elastic RAN cannot be activated towards remote eNodeB. VLAN IDs do not match. Expected Vlan Id: 3908, Please check the eRAN Vlan Id at the remote eNodeB
2025-09-07;10:49:43;AL  ;Minor ;EUtraNetwork=1,ExternalENodeBFunction=2221-650635;Inter Node Feature Incompatibility;Inter eNodeB CA feature is not activated in remote eNodeB. SUPPRESSED
2025-09-07;10:49:47;AL  ;Minor ;EUtraNetwork=1,ExternalENodeBFunction=2221-600233;Inconsistent Configuration;Elastic RAN cannot be activated towards remote eNodeB. VLAN IDs do not match. Expected Vlan Id: 3908, Please check the eRAN Vlan Id at the remote eNodeB
2025-09-07;10:52:02;AL  ;Cleared;EUtraNetwork=1,ExternalENodeBFunction=2221-650635;Inter Node Feature Incompatibility;Inter eNodeB CA feature is not activated in remote eNodeB. SUPPRESSED
2025-09-07;10:54:37;AL  ;Minor ;EUtraNetwork=1,ExternalENodeBFunction=2221-650635;Inter Node Feature Incompatibility;Inter eNodeB CA feature is not activated in remote eNodeB. SUPPRESSED
2025-09-07;11:00:58;AL  ;Cleared;EUtraNetwork=1,ExternalENodeBFunction=2221-650635;Inter Node Feature Incompatibility;Inter eNodeB CA feature is not activated in remote eNodeB. SUPPRESSED
2025-09-07;12:02:29;AL  ;Cleared;EUtraNetwork=1,ExternalENodeBFunction=2221-650605;Inter Node Carrier Aggregation Service Unavailable;Elastic RAN Carrier Aggregation is not available towards remote eNodeB.
2025-09-07;12:07:56;AL  ;Cleared;EUtraNetwork=1,ExternalENodeBFunction=2221-650635;Inter Node Carrier Aggregation Service Unavailable;Elastic RAN Carrier Aggregation is not available towards remote eNodeB.
2025-09-07;12:08:56;AL  ;Cleared;EUtraNetwork=1,ExternalENodeBFunction=2221-209218;Inter Node Feature Incompatibility;Inter eNodeB CA feature is not activated in remote eNodeB. SUPPRESSED
2025-09-07;12:08:56;AL  ;Minor ;EUtraNetwork=1,ExternalENodeBFunction=2221-650635;Inter Node Feature Incompatibility;Inter eNodeB CA feature is not activated in remote eNodeB. SUPPRESSED
2025-09-07;12:09:17;AL  ;Cleared;EUtraNetwork=1,ExternalENodeBFunction=2221-650635;Inter Node Feature Incompatibility;Inter eNodeB CA feature is not activated in remote eNodeB. SUPPRESSED
2025-09-07;12:09:18;AL  ;Minor ;EUtraNetwork=1,ExternalENodeBFunction=2221-209218;Inter Node Feature Incompatibility;Inter eNodeB CA feature is not activated in remote eNodeB. SUPPRESSED
2025-09-07;12:11:19;AL  ;Minor ;EUtraNetwork=1,ExternalENodeBFunction=2221-650638;Inter Node Carrier Aggregation Service Unavailable;Elastic RAN Carrier Aggregation is not available towards remote eNodeB.
2025-09-07;12:25:19;AL  ;Cleared;EUtraNetwork=1,ExternalENodeBFunction=2221-650637;Inter Node Carrier Aggregation Service Unavailable;Elastic RAN Carrier Aggregation is not available towards remote eNodeB.
2025-09-07;12:28:45;AL  ;Cleared;EUtraNetwork=1,ExternalENodeBFunction=2221-650638;Inter Node Carrier Aggregation Service Unavailable;Elastic RAN Carrier Aggregation is not available towards remote eNodeB.
2025-09-07;12:44:30;AL  ;Cleared;EUtraNetwork=1,ExternalENodeBFunction=2221-209218;Inter Node Carrier Aggregation Service Unavailable;Elastic RAN Carrier Aggregation is not available towards remote eNodeB.
2025-09-07;12:44:30;AL  ;Cleared;EUtraNetwork=1,ExternalENodeBFunction=2221-209218;Inter Node Feature Incompatibility;Inter eNodeB CA feature is not activated in remote eNodeB. SUPPRESSED
2025-09-07;12:44:30;AL  ;Minor ;EUtraNetwork=1,ExternalENodeBFunction=2221-650635;Inter Node Feature Incompatibility;Inter eNodeB CA feature is not activated in remote eNodeB. SUPPRESSED
2025-09-07;12:45:30;AL  ;Cleared;EUtraNetwork=1,ExternalENodeBFunction=2221-650635;Inter Node Feature Incompatibility;Inter eNodeB CA feature is not activated in remote eNodeB. SUPPRESSED
2025-09-07;12:45:30;AL  ;Minor ;EUtraNetwork=1,ExternalENodeBFunction=2221-209218;Inter Node Feature Incompatibility;Inter eNodeB CA feature is not activated in remote eNodeB. SUPPRESSED
2025-09-07;13:02:56;AL  ;Cleared;EUtraNetwork=1,ExternalENodeBFunction=2221-209045;Inter Node Carrier Aggregation Service Unavailable;Elastic RAN Carrier Aggregation is not available towards remote eNodeB.
2025-09-07;19:06:59;AL  ;Minor ;EUtraNetwork=1,ExternalENodeBFunction=2221-209218;Inter Node Feature Incompatibility;Inter eNodeB CA feature is not activated in remote eNodeB. SUPPRESSED
2025-09-07;19:12:51;AL  ;Minor ;EUtraNetwork=1,ExternalENodeBFunction=2221-650115;Inter Node Carrier Aggregation Service Unavailable;Elastic RAN Carrier Aggregation is not available towards remote eNodeB.
2025-09-07;22:48:51;AL  ;Minor ;EUtraNetwork=1,ExternalENodeBFunction=2221-650635;Inter Node Feature Incompatibility;Inter eNodeB CA feature is not activated in remote eNodeB. SUPPRESSED
2025-09-08;01:38:14;AL  ;Cleared;EUtraNetwork=1,ExternalENodeBFunction=2221-650635;Inter Node Feature Incompatibility;Inter eNodeB CA feature is not activated in remote eNodeB. SUPPRESSED
2025-09-08;01:40:00;AL  ;Minor ;EUtraNetwork=1,ExternalENodeBFunction=2221-650637;Inter Node Carrier Aggregation Service Unavailable;Elastic RAN Carrier Aggregation is not available towards remote eNodeB.
2025-09-08;01:49:59;AL  ;Minor ;EUtraNetwork=1,ExternalENodeBFunction=2221-650635;Inter Node Feature Incompatibility;Inter eNodeB CA feature is not activated in remote eNodeB. SUPPRESSED
2025-09-08;04:29:30;AL  ;Minor ;EUtraNetwork=1,ExternalENodeBFunction=2221-650474;Inter Node Carrier Aggregation Service Unavailable;Elastic RAN Carrier Aggregation is not available towards remote eNodeB.
2025-09-08;04:55:42;AL  ;Cleared;EUtraNetwork=1,ExternalENodeBFunction=2221-600233;Inconsistent Configuration;Elastic RAN cannot be activated towards remote eNodeB. VLAN IDs do not match. Expected Vlan Id: 3908, Please check the eRAN Vlan Id at the remote eNodeB
2025-09-08;07:17:01;AL  ;Minor ;EUtraNetwork=1,ExternalENodeBFunction=2221-650605;Inter Node Carrier Aggregation Service Unavailable;Elastic RAN Carrier Aggregation is not available towards remote eNodeB.
2025-09-08;07:17:02;AL  ;Minor ;EUtraNetwork=1,ExternalENodeBFunction=2221-650635;Inter Node Carrier Aggregation Service Unavailable;Elastic RAN Carrier Aggregation is not available towards remote eNodeB.
2025-09-08;10:48:46;AL  ;Minor ;EUtraNetwork=1,ExternalENodeBFunction=2221-600233;Inconsistent Configuration;Elastic RAN cannot be activated towards remote eNodeB. VLAN IDs do not match. Expected Vlan Id: 3908, Please check the eRAN Vlan Id at the remote eNodeB
2025-09-08;21:56:48;AL  ;Cleared;EUtraNetwork=1,ExternalENodeBFunction=2221-209218;Inter Node Feature Incompatibility;Inter eNodeB CA feature is not activated in remote eNodeB. SUPPRESSED
2025-09-08;21:57:29;AL  ;Minor ;EUtraNetwork=1,ExternalENodeBFunction=2221-209218;Inter Node Feature Incompatibility;Inter eNodeB CA feature is not activated in remote eNodeB. SUPPRESSED
2025-09-09;09:51:33;AL  ;Minor ;ENodeBFunction=1;External Link Failure;X2 link problem to one or several neighbouring eNodeBs. AI: PLMN ID-eNB ID 1 = 2221-650722
2025-09-09;10:50:13;AL  ;Cleared;EUtraNetwork=1,ExternalENodeBFunction=2221-600233;Inconsistent Configuration;Elastic RAN cannot be activated towards remote eNodeB. VLAN IDs do not match. Expected Vlan Id: 3908, Please check the eRAN Vlan Id at the remote eNodeB
2025-09-09;10:55:35;AL  ;Minor ;EUtraNetwork=1,ExternalENodeBFunction=2221-600233;Inconsistent Configuration;Elastic RAN cannot be activated towards remote eNodeB. VLAN IDs do not match. Expected Vlan Id: 3908, Please check the eRAN Vlan Id at the remote eNodeB
2025-09-09;11:16:38;AL  ;Cleared;ENodeBFunction=1;External Link Failure;X2 link problem to one or several neighbouring eNodeBs. AI: PLMN ID-eNB ID 1 = 2221-650722
2025-09-10;02:17:58;AL  ;Minor ;ENodeBFunction=1;External Link Failure;X2 link problem to one or several neighbouring eNodeBs. AI: PLMN ID-eNB ID 1 = 2221-650677
2025-09-10;23:44:51;AL  ;Minor ;ENodeBFunction=1;External Link Failure;X2 link problem to one or several neighbouring eNodeBs. AI: PLMN ID-eNB ID 1 = 2221-650677 PLMN ID-eNB ID 2 = 2221-650499
2025-09-11;06:10:01;AL  ;Minor ;ENodeBFunction=1;External Link Failure;X2 link problem to one or several neighbouring eNodeBs. AI: PLMN ID-eNB ID 1 = 2221-650677 PLMN ID-eNB ID 2 = 2221-650499 PLMN ID-eNB ID 3 = 2221-205087
2025-09-11;06:11:01;AL  ;Minor ;ENodeBFunction=1;External Link Failure;X2 link problem to one or several neighbouring eNodeBs. AI: PLMN ID-eNB ID 1 = 2221-650677 PLMN ID-eNB ID 2 = 2221-650499 PLMN ID-eNB ID 3 = 2221-205087 PLMN ID-eNB ID 4 = 2221-650509
2025-09-11;06:13:40;AL  ;Minor ;ENodeBFunction=1;External Link Failure;X2 link problem to one or several neighbouring eNodeBs. AI: PLMN ID-eNB ID 1 = 2221-650677 PLMN ID-eNB ID 2 = 2221-650499 PLMN ID-eNB ID 3 = 2221-205087 PLMN ID-eNB ID 4 = 2221-650463
2025-09-11;06:18:25;AL  ;Minor ;ENodeBFunction=1;External Link Failure;X2 link problem to one or several neighbouring eNodeBs. AI: PLMN ID-eNB ID 1 = 2221-650677 PLMN ID-eNB ID 2 = 2221-650499 PLMN ID-eNB ID 3 = 2221-650463
2025-09-11;06:28:25;AL  ;Minor ;ENodeBFunction=1;External Link Failure;X2 link problem to one or several neighbouring eNodeBs. AI: PLMN ID-eNB ID 1 = 2221-650677 PLMN ID-eNB ID 2 = 2221-650499 PLMN ID-eNB ID 3 = 2221-650463 PLMN ID-eNB ID 4 = 2221-210350
2025-09-11;06:57:02;AL  ;Minor ;ENodeBFunction=1;External Link Failure;X2 link problem to one or several neighbouring eNodeBs. AI: PLMN ID-eNB ID 1 = 2221-650677 PLMN ID-eNB ID 2 = 2221-650499 PLMN ID-eNB ID 3 = 2221-650463
2025-09-11;07:16:12;AL  ;Minor ;ENodeBFunction=1;External Link Failure;X2 link problem to one or several neighbouring eNodeBs. AI: PLMN ID-eNB ID 1 = 2221-650677 PLMN ID-eNB ID 2 = 2221-650499
2025-09-11;09:47:43;AL  ;Minor ;ENodeBFunction=1;External Link Failure;X2 link problem to one or several neighbouring eNodeBs. AI: PLMN ID-eNB ID 1 = 2221-650677 PLMN ID-eNB ID 2 = 2221-650499 PLMN ID-eNB ID 3 = 2221-601509
2025-09-11;09:55:16;AL  ;Minor ;ENodeBFunction=1;External Link Failure;X2 link problem to one or several neighbouring eNodeBs. AI: PLMN ID-eNB ID 1 = 2221-650677 PLMN ID-eNB ID 2 = 2221-601509
2025-09-11;10:05:15;AL  ;Minor ;ENodeBFunction=1;External Link Failure;X2 link problem to one or several neighbouring eNodeBs. AI: PLMN ID-eNB ID 1 = 2221-650677
2025-09-11;10:24:10;AL  ;Cleared;EUtraNetwork=1,ExternalENodeBFunction=2221-650474;Inter Node Carrier Aggregation Service Unavailable;Elastic RAN Carrier Aggregation is not available towards remote eNodeB.
2025-09-11;10:24:56;AL  ;Minor ;EUtraNetwork=1,ExternalENodeBFunction=2221-209045;Inter Node Carrier Aggregation Service Unavailable;Elastic RAN Carrier Aggregation is not available towards remote eNodeB.
2025-09-11;10:33:43;AL  ;Minor ;ENodeBFunction=1;External Link Failure;X2 link problem to one or several neighbouring eNodeBs. AI: PLMN ID-eNB ID 1 = 2221-650677 PLMN ID-eNB ID 2 = 2221-207194 PLMN ID-eNB ID 3 = 2221-650474
2025-09-11;11:10:08;AL  ;Minor ;ENodeBFunction=1;External Link Failure;X2 link problem to one or several neighbouring eNodeBs. AI: PLMN ID-eNB ID 1 = 2221-650677 PLMN ID-eNB ID 2 = 2221-207194 PLMN ID-eNB ID 3 = 2221-650474 PLMN ID-eNB ID 4 = 2221-650693
2025-09-11;11:22:16;AL  ;Minor ;ENodeBFunction=1;External Link Failure;X2 link problem to one or several neighbouring eNodeBs. AI: PLMN ID-eNB ID 1 = 2221-650677 PLMN ID-eNB ID 2 = 2221-207194 PLMN ID-eNB ID 3 = 2221-650474
2025-09-11;11:48:31;AL  ;Minor ;ENodeBFunction=1;External Link Failure;X2 link problem to one or several neighbouring eNodeBs. AI: PLMN ID-eNB ID 1 = 2221-650677 PLMN ID-eNB ID 2 = 2221-207194 PLMN ID-eNB ID 3 = 2221-650474 PLMN ID-eNB ID 4 = 2221-650693
2025-09-11;12:48:39;AL  ;Minor ;ENodeBFunction=1;External Link Failure;X2 link problem to one or several neighbouring eNodeBs. AI: PLMN ID-eNB ID 1 = 2221-650677 PLMN ID-eNB ID 2 = 2221-207194 PLMN ID-eNB ID 3 = 2221-650474
2025-09-11;12:59:15;AL  ;Minor ;ENodeBFunction=1;External Link Failure;X2 link problem to one or several neighbouring eNodeBs. AI: PLMN ID-eNB ID 1 = 2221-650677 PLMN ID-eNB ID 2 = 2221-207194 PLMN ID-eNB ID 3 = 2221-650474 PLMN ID-eNB ID 4 = 2221-650693
2025-09-11;13:27:46;AL  ;Minor ;ENodeBFunction=1;External Link Failure;X2 link problem to one or several neighbouring eNodeBs. AI: PLMN ID-eNB ID 1 = 2221-650677 PLMN ID-eNB ID 2 = 2221-650474 PLMN ID-eNB ID 3 = 2221-650693
2025-09-11;13:28:52;AL  ;Minor ;ENodeBFunction=1;External Link Failure;X2 link problem to one or several neighbouring eNodeBs. AI: PLMN ID-eNB ID 1 = 2221-650677 PLMN ID-eNB ID 2 = 2221-650693
2025-09-11;14:15:40;AL  ;Minor ;ENodeBFunction=1;External Link Failure;X2 link problem to one or several neighbouring eNodeBs. AI: PLMN ID-eNB ID 1 = 2221-650677
2025-09-12;09:47:04;AL  ;Minor ;ENodeBFunction=1;External Link Failure;X2 link problem to one or several neighbouring eNodeBs. AI: PLMN ID-eNB ID 1 = 2221-650677 PLMN ID-eNB ID 2 = 2221-210572
2025-09-12;09:52:17;AL  ;Major ;GsmSector=ZC98D1,Trx=0;Resource Allocation Failure;Unable to allocate baseband HW resources for this MO.
2025-09-12;09:52:17;AL  ;Major ;GsmSector=ZC98D1,Trx=1;Resource Allocation Failure;Unable to allocate baseband HW resources for this MO.
2025-09-12;09:52:17;AL  ;Major ;GsmSector=ZC98D2,Trx=0;Resource Allocation Failure;Unable to allocate baseband HW resources for this MO.
2025-09-12;09:52:17;AL  ;Major ;GsmSector=ZC98D2,Trx=1;Resource Allocation Failure;Unable to allocate baseband HW resources for this MO.
2025-09-12;09:52:30;AL  ;Cleared;GsmSector=ZC98D1,Trx=1;Resource Allocation Failure;Unable to allocate baseband HW resources for this MO.
2025-09-12;09:52:30;AL  ;Cleared;GsmSector=ZC98D1,Trx=0;Resource Allocation Failure;Unable to allocate baseband HW resources for this MO.
2025-09-12;09:52:30;AL  ;Cleared;GsmSector=ZC98D2,Trx=0;Resource Allocation Failure;Unable to allocate baseband HW resources for this MO.
2025-09-12;09:52:30;AL  ;Cleared;GsmSector=ZC98D2,Trx=1;Resource Allocation Failure;Unable to allocate baseband HW resources for this MO.
2025-09-12;12:28:25;AL  ;Minor ;ENodeBFunction=1;External Link Failure;X2 link problem to one or several neighbouring eNodeBs. AI: PLMN ID-eNB ID 1 = 2221-650677
2025-09-12;20:56:31;AL  ;Minor ;ENodeBFunction=1;External Link Failure;X2 link problem to one or several neighbouring eNodeBs. AI: PLMN ID-eNB ID 1 = 2221-650677 PLMN ID-eNB ID 2 = 2221-650562
2025-09-13;05:05:26;AL  ;Cleared;EUtraNetwork=1,ExternalENodeBFunction=2221-650115;Inter Node Carrier Aggregation Service Unavailable;Elastic RAN Carrier Aggregation is not available towards remote eNodeB.
2025-09-13;05:05:47;AL  ;Minor ;EUtraNetwork=1,ExternalENodeBFunction=2221-650474;Inter Node Carrier Aggregation Service Unavailable;Elastic RAN Carrier Aggregation is not available towards remote eNodeB.
2025-09-13;09:21:28;AL  ;Minor ;ENodeBFunction=1;External Link Failure;X2 link problem to one or several neighbouring eNodeBs. AI: PLMN ID-eNB ID 1 = 2221-650677
2025-09-14;08:15:41;AL  ;Cleared;EUtraNetwork=1,ExternalENodeBFunction=2221-650474;Inter Node Carrier Aggregation Service Unavailable;Elastic RAN Carrier Aggregation is not available towards remote eNodeB.
2025-09-14;08:15:43;AL  ;Minor ;EUtraNetwork=1,ExternalENodeBFunction=2221-650115;Inter Node Carrier Aggregation Service Unavailable;Elastic RAN Carrier Aggregation is not available towards remote eNodeB.
2025-09-14;08:24:29;AL  ;Cleared;EUtraNetwork=1,ExternalENodeBFunction=2221-209045;Inter Node Carrier Aggregation Service Unavailable;Elastic RAN Carrier Aggregation is not available towards remote eNodeB.
2025-09-14;08:24:49;AL  ;Minor ;EUtraNetwork=1,ExternalENodeBFunction=2221-650646;Inter Node Carrier Aggregation Service Unavailable;Elastic RAN Carrier Aggregation is not available towards remote eNodeB.
2025-09-14;12:11:13;AL  ;Cleared;EUtraNetwork=1,ExternalENodeBFunction=2221-650605;Inter Node Carrier Aggregation Service Unavailable;Elastic RAN Carrier Aggregation is not available towards remote eNodeB.
2025-09-14;12:11:17;AL  ;Minor ;EUtraNetwork=1,ExternalENodeBFunction=2221-650638;Inter Node Carrier Aggregation Service Unavailable;Elastic RAN Carrier Aggregation is not available towards remote eNodeB.
2025-09-14;12:17:04;AL  ;Cleared;EUtraNetwork=1,ExternalENodeBFunction=2221-650635;Inter Node Carrier Aggregation Service Unavailable;Elastic RAN Carrier Aggregation is not available towards remote eNodeB.
2025-09-14;12:17:04;AL  ;Cleared;EUtraNetwork=1,ExternalENodeBFunction=2221-650635;Inter Node Feature Incompatibility;Inter eNodeB CA feature is not activated in remote eNodeB. SUPPRESSED
2025-09-14;12:18:04;AL  ;Minor ;EUtraNetwork=1,ExternalENodeBFunction=2221-650635;Inter Node Feature Incompatibility;Inter eNodeB CA feature is not activated in remote eNodeB. SUPPRESSED
2025-09-14;12:34:48;AL  ;Cleared;EUtraNetwork=1,ExternalENodeBFunction=2221-650637;Inter Node Carrier Aggregation Service Unavailable;Elastic RAN Carrier Aggregation is not available towards remote eNodeB.
2025-09-14;12:38:08;AL  ;Cleared;EUtraNetwork=1,ExternalENodeBFunction=2221-650638;Inter Node Carrier Aggregation Service Unavailable;Elastic RAN Carrier Aggregation is not available towards remote eNodeB.
2025-09-14;12:54:13;AL  ;Minor ;EUtraNetwork=1,ExternalENodeBFunction=2221-209218;Inter Node Carrier Aggregation Service Unavailable;Elastic RAN Carrier Aggregation is not available towards remote eNodeB.
2025-09-14;13:13:07;AL  ;Cleared;EUtraNetwork=1,ExternalENodeBFunction=2221-209218;Inter Node Carrier Aggregation Service Unavailable;Elastic RAN Carrier Aggregation is not available towards remote eNodeB.
2025-09-14;13:13:07;AL  ;Cleared;EUtraNetwork=1,ExternalENodeBFunction=2221-209218;Inter Node Feature Incompatibility;Inter eNodeB CA feature is not activated in remote eNodeB. SUPPRESSED
2025-09-14;13:13:14;AL  ;Cleared;EUtraNetwork=1,ExternalENodeBFunction=2221-650646;Inter Node Carrier Aggregation Service Unavailable;Elastic RAN Carrier Aggregation is not available towards remote eNodeB.
2025-09-14;13:13:17;AL  ;Cleared;ENodeBFunction=1;External Link Failure;X2 link problem to one or several neighbouring eNodeBs. AI: PLMN ID-eNB ID 1 = 2221-650677
2025-09-14;13:13:18;AL  ;Cleared;EUtraNetwork=1,ExternalENodeBFunction=2221-650115;Inter Node Carrier Aggregation Service Unavailable;Elastic RAN Carrier Aggregation is not available towards remote eNodeB.
2025-09-14;13:13:40;AL  ;Minor ;EUtraNetwork=1,ExternalENodeBFunction=2221-650646;Inter Node Carrier Aggregation Service Unavailable;Elastic RAN Carrier Aggregation is not available towards remote eNodeB.
2025-09-14;13:14:09;AL  ;Minor ;EUtraNetwork=1,ExternalENodeBFunction=2221-209218;Inter Node Carrier Aggregation Service Unavailable;Elastic RAN Carrier Aggregation is not available towards remote eNodeB.
2025-09-15;06:01:47;AL  ;Minor ;EUtraNetwork=1,ExternalENodeBFunction=2221-650637;Inter Node Carrier Aggregation Service Unavailable;Elastic RAN Carrier Aggregation is not available towards remote eNodeB.
2025-09-15;06:28:57;AL  ;Minor ;EUtraNetwork=1,ExternalENodeBFunction=2221-650605;Inter Node Carrier Aggregation Service Unavailable;Elastic RAN Carrier Aggregation is not available towards remote eNodeB.
2025-09-15;08:13:00;AL  ;Minor ;ENodeBFunction=1;External Link Failure;X2 link problem to one or several neighbouring eNodeBs. AI: PLMN ID-eNB ID 1 = 2221-650181
2025-09-15;08:13:16;AL  ;Cleared;ENodeBFunction=1;External Link Failure;X2 link problem to one or several neighbouring eNodeBs. AI: PLMN ID-eNB ID 1 = 2221-650181
2025-09-16;10:05:59;AL  ;Warning;ENodeBFunction=1;PLMN Service Redundancy Lost;S1 connection failure for PLMN connected with link represented by MO listed in Additional Information. AI: PLMN = ["2221"],DN1=ManagedElement=1,ENodeBFunction=1,TermPointToMme=5,
2025-09-16;10:06:29;AL  ;Cleared;ENodeBFunction=1;PLMN Service Redundancy Lost;S1 connection failure for PLMN connected with link represented by MO listed in Additional Information. AI: PLMN = ["2221"],DN1=ManagedElement=1,ENodeBFunction=1,TermPointToMme=5,
2025-09-16;10:11:38;AL  ;Minor ;EUtraNetwork=1,ExternalENodeBFunction=2221-650635;Inter Node Carrier Aggregation Service Unavailable;Elastic RAN Carrier Aggregation is not available towards remote eNodeB.
2025-09-18;17:16:01;AL  ;Cleared;EUtraNetwork=1,ExternalENodeBFunction=2221-209218;Inter Node Carrier Aggregation Service Unavailable;Elastic RAN Carrier Aggregation is not available towards remote eNodeB.
2025-09-18;21:48:09;AL  ;Major ;Synchronization=1,RadioEquipmentClock=1,RadioEquipmentClockReference=PTP;Sync PTP Time Reliability Fault;Master clock class problem, Master clock accuracy problem, Master time not traceable, Master timescale not PTP
2025-09-18;21:50:58;AL  ;Minor ;EUtraNetwork=1,ExternalENodeBFunction=2221-650635;Inter Node Feature Incompatibility;Inter eNodeB CA feature is not activated in remote eNodeB. SUPPRESSED
2025-09-18;21:51:01;AL  ;Minor ;EUtraNetwork=1,ExternalENodeBFunction=2221-650605;Inter Node Carrier Aggregation Service Unavailable;Elastic RAN Carrier Aggregation is not available towards remote eNodeB.
2025-09-18;21:51:02;AL  ;Minor ;EUtraNetwork=1,ExternalENodeBFunction=2221-650635;Inter Node Carrier Aggregation Service Unavailable;Elastic RAN Carrier Aggregation is not available towards remote eNodeB.
2025-09-18;21:51:03;AL  ;Minor ;EUtraNetwork=1,ExternalENodeBFunction=2221-650637;Inter Node Carrier Aggregation Service Unavailable;Elastic RAN Carrier Aggregation is not available towards remote eNodeB.
2025-09-18;21:52:39;AL  ;Minor ;EUtraNetwork=1,ExternalENodeBFunction=2221-650646;Inter Node Carrier Aggregation Service Unavailable;Elastic RAN Carrier Aggregation is not available towards remote eNodeB.
2025-09-18;21:52:48;AL  ;Cleared;Synchronization=1,RadioEquipmentClock=1,RadioEquipmentClockReference=PTP;Sync PTP Time Reliability Fault;Master time not traceable
2025-09-19;09:08:35;AL  ;Major ;Synchronization=1,RadioEquipmentClock=1,RadioEquipmentClockReference=PTP;Sync PTP Time Reliability Fault;Master clock class problem, Master clock accuracy problem, Master time not traceable, Master timescale not PTP
2025-09-19;09:11:26;AL  ;Minor ;EUtraNetwork=1,ExternalENodeBFunction=2221-650635;Inter Node Feature Incompatibility;Inter eNodeB CA feature is not activated in remote eNodeB. SUPPRESSED
2025-09-19;09:11:29;AL  ;Minor ;EUtraNetwork=1,ExternalENodeBFunction=2221-650635;Inter Node Carrier Aggregation Service Unavailable;Elastic RAN Carrier Aggregation is not available towards remote eNodeB.
2025-09-19;09:11:30;AL  ;Minor ;EUtraNetwork=1,ExternalENodeBFunction=2221-650605;Inter Node Carrier Aggregation Service Unavailable;Elastic RAN Carrier Aggregation is not available towards remote eNodeB.
2025-09-19;09:11:31;AL  ;Minor ;EUtraNetwork=1,ExternalENodeBFunction=2221-650637;Inter Node Carrier Aggregation Service Unavailable;Elastic RAN Carrier Aggregation is not available towards remote eNodeB.
2025-09-19;09:13:16;AL  ;Cleared;Synchronization=1,RadioEquipmentClock=1,RadioEquipmentClockReference=PTP;Sync PTP Time Reliability Fault;Master time not traceable
2025-09-19;12:38:44;AL  ;Minor ;ENodeBFunction=1;External Link Failure;X2 link problem to one or several neighbouring eNodeBs. AI: PLMN ID-eNB ID 1 = 2221-600719
2025-09-19;12:55:20;AL  ;Cleared;ENodeBFunction=1;External Link Failure;X2 link problem to one or several neighbouring eNodeBs. AI: PLMN ID-eNB ID 1 = 2221-600719
2025-09-21;07:44:46;AL  ;Minor ;EUtraNetwork=1,ExternalENodeBFunction=2221-209218;Inter Node Carrier Aggregation Service Unavailable;Elastic RAN Carrier Aggregation is not available towards remote eNodeB.
2025-09-21;07:58:49;AL  ;Minor ;EUtraNetwork=1,ExternalENodeBFunction=2221-650115;Inter Node Carrier Aggregation Service Unavailable;Elastic RAN Carrier Aggregation is not available towards remote eNodeB.
2025-09-21;11:50:40;AL  ;Cleared;EUtraNetwork=1,ExternalENodeBFunction=2221-650605;Inter Node Carrier Aggregation Service Unavailable;Elastic RAN Carrier Aggregation is not available towards remote eNodeB.
2025-09-21;11:56:17;AL  ;Cleared;EUtraNetwork=1,ExternalENodeBFunction=2221-650635;Inter Node Carrier Aggregation Service Unavailable;Elastic RAN Carrier Aggregation is not available towards remote eNodeB.
2025-09-21;11:56:17;AL  ;Cleared;EUtraNetwork=1,ExternalENodeBFunction=2221-650635;Inter Node Feature Incompatibility;Inter eNodeB CA feature is not activated in remote eNodeB. SUPPRESSED
2025-09-21;11:57:17;AL  ;Minor ;EUtraNetwork=1,ExternalENodeBFunction=2221-650635;Inter Node Feature Incompatibility;Inter eNodeB CA feature is not activated in remote eNodeB. SUPPRESSED
2025-09-21;12:12:25;AL  ;Cleared;EUtraNetwork=1,ExternalENodeBFunction=2221-650637;Inter Node Carrier Aggregation Service Unavailable;Elastic RAN Carrier Aggregation is not available towards remote eNodeB.
2025-09-21;12:31:54;AL  ;Cleared;EUtraNetwork=1,ExternalENodeBFunction=2221-209218;Inter Node Carrier Aggregation Service Unavailable;Elastic RAN Carrier Aggregation is not available towards remote eNodeB.
2025-09-21;12:32:55;AL  ;Minor ;EUtraNetwork=1,ExternalENodeBFunction=2221-209218;Inter Node Feature Incompatibility;Inter eNodeB CA feature is not activated in remote eNodeB. SUPPRESSED
2025-09-21;12:50:09;AL  ;Cleared;EUtraNetwork=1,ExternalENodeBFunction=2221-650115;Inter Node Carrier Aggregation Service Unavailable;Elastic RAN Carrier Aggregation is not available towards remote eNodeB.
2025-09-21;13:27:50;AL  ;Minor ;EUtraNetwork=1,ExternalENodeBFunction=2221-650115;Inter Node Carrier Aggregation Service Unavailable;Elastic RAN Carrier Aggregation is not available towards remote eNodeB.
2025-09-21;13:35:35;AL  ;Minor ;ENodeBFunction=1;External Link Failure;X2 link problem to one or several neighbouring eNodeBs. AI: PLMN ID-eNB ID 1 = 2221-205084
2025-09-22;06:01:28;AL  ;Minor ;EUtraNetwork=1,ExternalENodeBFunction=2221-650637;Inter Node Carrier Aggregation Service Unavailable;Elastic RAN Carrier Aggregation is not available towards remote eNodeB.
2025-09-22;08:11:38;AL  ;Minor ;EUtraNetwork=1,ExternalENodeBFunction=2221-650635;Inter Node Carrier Aggregation Service Unavailable;Elastic RAN Carrier Aggregation is not available towards remote eNodeB.
2025-09-22;09:59:14;AL  ;Cleared;ENodeBFunction=1;External Link Failure;X2 link problem to one or several neighbouring eNodeBs. AI: PLMN ID-eNB ID 1 = 2221-205084
2025-09-22;13:26:52;AL  ;Minor ;ENodeBFunction=1;External Link Failure;X2 link problem to one or several neighbouring eNodeBs. AI: PLMN ID-eNB ID 1 = 2221-205084
2025-09-22;14:06:35;AL  ;Cleared;ENodeBFunction=1;External Link Failure;X2 link problem to one or several neighbouring eNodeBs. AI: PLMN ID-eNB ID 1 = 2221-205084
2025-09-23;04:48:50;AL  ;Major ;GsmSector=ZC98D1,Trx=0;Resource Allocation Failure;Unable to allocate baseband HW resources for this MO.
2025-09-23;04:48:50;AL  ;Major ;GsmSector=ZC98D1,Trx=1;Resource Allocation Failure;Unable to allocate baseband HW resources for this MO.
2025-09-23;04:48:50;AL  ;Major ;GsmSector=ZC98D2,Trx=0;Resource Allocation Failure;Unable to allocate baseband HW resources for this MO.
2025-09-23;04:48:50;AL  ;Major ;GsmSector=ZC98D2,Trx=1;Resource Allocation Failure;Unable to allocate baseband HW resources for this MO.
2025-09-23;04:49:03;AL  ;Cleared;GsmSector=ZC98D1,Trx=1;Resource Allocation Failure;Unable to allocate baseband HW resources for this MO.
2025-09-23;04:49:03;AL  ;Cleared;GsmSector=ZC98D1,Trx=0;Resource Allocation Failure;Unable to allocate baseband HW resources for this MO.
2025-09-23;04:49:03;AL  ;Cleared;GsmSector=ZC98D2,Trx=0;Resource Allocation Failure;Unable to allocate baseband HW resources for this MO.
2025-09-23;04:49:03;AL  ;Cleared;GsmSector=ZC98D2,Trx=1;Resource Allocation Failure;Unable to allocate baseband HW resources for this MO.
2025-09-24;10:48:54;AL  ;Minor ;EUtraNetwork=1,ExternalENodeBFunction=2221-600233;Inconsistent Configuration;Elastic RAN cannot be activated towards remote eNodeB. VLAN IDs do not match. Expected Vlan Id: 3908, Please check the eRAN Vlan Id at the remote eNodeB
2025-09-25;16:05:35;AL  ;Minor ;EUtraNetwork=1,ExternalENodeBFunction=2221-650605;Inter Node Carrier Aggregation Service Unavailable;Elastic RAN Carrier Aggregation is not available towards remote eNodeB.
2025-09-26;10:07:30;AL  ;Cleared;EUtraNetwork=1,ExternalENodeBFunction=2221-600233;Inconsistent Configuration;Elastic RAN cannot be activated towards remote eNodeB. VLAN IDs do not match. Expected Vlan Id: 3908, Please check the eRAN Vlan Id at the remote eNodeB
2025-09-27;09:02:50;AL  ;Minor ;EUtraNetwork=1,ExternalENodeBFunction=2221-600233;Inconsistent Configuration;Elastic RAN cannot be activated towards remote eNodeB. VLAN IDs do not match. Expected Vlan Id: 3908, Please check the eRAN Vlan Id at the remote eNodeB
2025-09-27;22:32:47;AL  ;Cleared;EUtraNetwork=1,ExternalENodeBFunction=2221-209218;Inter Node Feature Incompatibility;Inter eNodeB CA feature is not activated in remote eNodeB. SUPPRESSED
2025-09-28;06:01:26;AL  ;Minor ;EUtraNetwork=1,ExternalENodeBFunction=2221-209218;Inter Node Feature Incompatibility;Inter eNodeB CA feature is not activated in remote eNodeB. SUPPRESSED
2025-09-28;08:00:26;AL  ;Cleared;EUtraNetwork=1,ExternalENodeBFunction=2221-650115;Inter Node Carrier Aggregation Service Unavailable;Elastic RAN Carrier Aggregation is not available towards remote eNodeB.
2025-09-28;08:07:28;AL  ;Minor ;EUtraNetwork=1,ExternalENodeBFunction=2221-209218;Inter Node Carrier Aggregation Service Unavailable;Elastic RAN Carrier Aggregation is not available towards remote eNodeB.
2025-09-28;11:50:01;AL  ;Cleared;EUtraNetwork=1,ExternalENodeBFunction=2221-650605;Inter Node Carrier Aggregation Service Unavailable;Elastic RAN Carrier Aggregation is not available towards remote eNodeB.
2025-09-28;11:55:43;AL  ;Cleared;EUtraNetwork=1,ExternalENodeBFunction=2221-650635;Inter Node Carrier Aggregation Service Unavailable;Elastic RAN Carrier Aggregation is not available towards remote eNodeB.
2025-09-28;11:55:43;AL  ;Cleared;EUtraNetwork=1,ExternalENodeBFunction=2221-650635;Inter Node Feature Incompatibility;Inter eNodeB CA feature is not activated in remote eNodeB. SUPPRESSED
2025-09-28;11:56:43;AL  ;Minor ;EUtraNetwork=1,ExternalENodeBFunction=2221-650635;Inter Node Feature Incompatibility;Inter eNodeB CA feature is not activated in remote eNodeB. SUPPRESSED
2025-09-28;12:11:06;AL  ;Cleared;EUtraNetwork=1,ExternalENodeBFunction=2221-650637;Inter Node Carrier Aggregation Service Unavailable;Elastic RAN Carrier Aggregation is not available towards remote eNodeB.
2025-09-28;12:30:13;AL  ;Cleared;EUtraNetwork=1,ExternalENodeBFunction=2221-209218;Inter Node Carrier Aggregation Service Unavailable;Elastic RAN Carrier Aggregation is not available towards remote eNodeB.
2025-09-28;12:30:13;AL  ;Cleared;EUtraNetwork=1,ExternalENodeBFunction=2221-209218;Inter Node Feature Incompatibility;Inter eNodeB CA feature is not activated in remote eNodeB. SUPPRESSED
2025-09-28;12:31:13;AL  ;Minor ;EUtraNetwork=1,ExternalENodeBFunction=2221-209218;Inter Node Feature Incompatibility;Inter eNodeB CA feature is not activated in remote eNodeB. SUPPRESSED
2025-09-29;10:04:34;AL  ;Minor ;EUtraNetwork=1,ExternalENodeBFunction=2221-650637;Inter Node Carrier Aggregation Service Unavailable;Elastic RAN Carrier Aggregation is not available towards remote eNodeB.
2025-09-29;11:06:04;AL  ;Minor ;EUtraNetwork=1,ExternalENodeBFunction=2221-650635;Inter Node Carrier Aggregation Service Unavailable;Elastic RAN Carrier Aggregation is not available towards remote eNodeB.
2025-09-29;13:14:06;AL  ;Major ;Synchronization=1,RadioEquipmentClock=1,RadioEquipmentClockReference=PTP;Sync PTP Time Reliability Fault;Master clock class problem, Master clock accuracy problem, Master time not traceable, Master timescale not PTP
2025-09-29;13:16:56;AL  ;Minor ;EUtraNetwork=1,ExternalENodeBFunction=2221-650635;Inter Node Feature Incompatibility;Inter eNodeB CA feature is not activated in remote eNodeB. SUPPRESSED
2025-09-29;13:16:56;AL  ;Minor ;EUtraNetwork=1,ExternalENodeBFunction=2221-209218;Inter Node Feature Incompatibility;Inter eNodeB CA feature is not activated in remote eNodeB. SUPPRESSED
2025-09-29;13:16:59;AL  ;Minor ;EUtraNetwork=1,ExternalENodeBFunction=2221-650635;Inter Node Carrier Aggregation Service Unavailable;Elastic RAN Carrier Aggregation is not available towards remote eNodeB.
2025-09-29;13:18:45;AL  ;Cleared;Synchronization=1,RadioEquipmentClock=1,RadioEquipmentClockReference=PTP;Sync PTP Time Reliability Fault;Master time not traceable
2025-09-29;13:29:51;AL  ;Minor ;EUtraNetwork=1,ExternalENodeBFunction=2221-650637;Inter Node Carrier Aggregation Service Unavailable;Elastic RAN Carrier Aggregation is not available towards remote eNodeB.
2025-09-30;07:20:27;AL  ;Minor ;ENodeBFunction=1;External Link Failure;X2 link problem to one or several neighbouring eNodeBs. AI: PLMN ID-eNB ID 1 = 2221-210743
2025-09-30;07:45:00;AL  ;Cleared;ENodeBFunction=1;External Link Failure;X2 link problem to one or several neighbouring eNodeBs. AI: PLMN ID-eNB ID 1 = 2221-210743
2025-09-30;20:05:36;AL  ;Minor ;EUtraNetwork=1,ExternalENodeBFunction=2221-650605;Inter Node Carrier Aggregation Service Unavailable;Elastic RAN Carrier Aggregation is not available towards remote eNodeB.
2025-10-01;23:46:01;AL  ;Minor ;ENodeBFunction=1;External Link Failure;X2 link problem to one or several neighbouring eNodeBs. AI: PLMN ID-eNB ID 1 = 2221-601509
2025-10-01;23:48:08;AL  ;Cleared;ENodeBFunction=1;External Link Failure;X2 link problem to one or several neighbouring eNodeBs. AI: PLMN ID-eNB ID 1 = 2221-601509
2025-10-03;14:01:02;AL  ;Minor ;EUtraNetwork=1,ExternalENodeBFunction=2221-650772;Inter Node Carrier Aggregation Service Unavailable;Elastic RAN Carrier Aggregation is not available towards remote eNodeB.
2025-10-04;13:40:35;AL  ;Cleared;EUtraNetwork=1,ExternalENodeBFunction=2221-209218;Inter Node Feature Incompatibility;Inter eNodeB CA feature is not activated in remote eNodeB. SUPPRESSED
2025-10-04;13:42:00;AL  ;Minor ;EUtraNetwork=1,ExternalENodeBFunction=2221-209218;Inter Node Feature Incompatibility;Inter eNodeB CA feature is not activated in remote eNodeB. SUPPRESSED
2025-10-05;11:32:00;AL  ;Cleared;EUtraNetwork=1,ExternalENodeBFunction=2221-650605;Inter Node Carrier Aggregation Service Unavailable;Elastic RAN Carrier Aggregation is not available towards remote eNodeB.
2025-10-05;11:32:09;AL  ;Minor ;EUtraNetwork=1,ExternalENodeBFunction=2221-209218;Inter Node Carrier Aggregation Service Unavailable;Elastic RAN Carrier Aggregation is not available towards remote eNodeB.
2025-10-05;11:37:31;AL  ;Cleared;EUtraNetwork=1,ExternalENodeBFunction=2221-650635;Inter Node Carrier Aggregation Service Unavailable;Elastic RAN Carrier Aggregation is not available towards remote eNodeB.
2025-10-05;11:37:31;AL  ;Cleared;EUtraNetwork=1,ExternalENodeBFunction=2221-650635;Inter Node Feature Incompatibility;Inter eNodeB CA feature is not activated in remote eNodeB. SUPPRESSED
2025-10-05;11:38:32;AL  ;Minor ;EUtraNetwork=1,ExternalENodeBFunction=2221-650635;Inter Node Feature Incompatibility;Inter eNodeB CA feature is not activated in remote eNodeB. SUPPRESSED
2025-10-05;11:39:37;AL  ;Cleared;EUtraNetwork=1,ExternalENodeBFunction=2221-650772;Inter Node Carrier Aggregation Service Unavailable;Elastic RAN Carrier Aggregation is not available towards remote eNodeB.
2025-10-05;11:53:01;AL  ;Cleared;EUtraNetwork=1,ExternalENodeBFunction=2221-650637;Inter Node Carrier Aggregation Service Unavailable;Elastic RAN Carrier Aggregation is not available towards remote eNodeB.
2025-10-05;12:11:19;AL  ;Cleared;EUtraNetwork=1,ExternalENodeBFunction=2221-209218;Inter Node Carrier Aggregation Service Unavailable;Elastic RAN Carrier Aggregation is not available towards remote eNodeB.
2025-10-05;12:11:19;AL  ;Cleared;EUtraNetwork=1,ExternalENodeBFunction=2221-209218;Inter Node Feature Incompatibility;Inter eNodeB CA feature is not activated in remote eNodeB. SUPPRESSED
2025-10-05;12:12:19;AL  ;Minor ;EUtraNetwork=1,ExternalENodeBFunction=2221-209218;Inter Node Feature Incompatibility;Inter eNodeB CA feature is not activated in remote eNodeB. SUPPRESSED
2025-10-05;19:50:34;AL  ;Cleared;EUtraNetwork=1,ExternalENodeBFunction=2221-650635;Inter Node Feature Incompatibility;Inter eNodeB CA feature is not activated in remote eNodeB. SUPPRESSED
2025-10-05;20:00:08;AL  ;Minor ;ENodeBFunction=1;External Link Failure;X2 link problem to one or several neighbouring eNodeBs. AI: PLMN ID-eNB ID 1 = 2221-650635 PLMN ID-eNB ID 2 = 2221-650605
2025-10-05;20:00:24;AL  ;Cleared;ENodeBFunction=1;External Link Failure;X2 link problem to one or several neighbouring eNodeBs. AI: PLMN ID-eNB ID 1 = 2221-650635 PLMN ID-eNB ID 2 = 2221-650605
2025-10-06;06:01:55;AL  ;Minor ;EUtraNetwork=1,ExternalENodeBFunction=2221-650635;Inter Node Feature Incompatibility;Inter eNodeB CA feature is not activated in remote eNodeB. SUPPRESSED
2025-10-06;07:52:30;AL  ;Minor ;ENodeBFunction=1;External Link Failure;X2 link problem to one or several neighbouring eNodeBs. AI: PLMN ID-eNB ID 1 = 2221-208417
2025-10-06;08:43:11;AL  ;Cleared;ENodeBFunction=1;External Link Failure;X2 link problem to one or several neighbouring eNodeBs. AI: PLMN ID-eNB ID 1 = 2221-208417
2025-10-06;09:46:33;AL  ;Cleared;EUtraNetwork=1,ExternalENodeBFunction=2221-209218;Inter Node Feature Incompatibility;Inter eNodeB CA feature is not activated in remote eNodeB. SUPPRESSED
2025-10-06;09:46:52;AL  ;Minor ;EUtraNetwork=1,ExternalENodeBFunction=2221-650637;Inter Node Carrier Aggregation Service Unavailable;Elastic RAN Carrier Aggregation is not available towards remote eNodeB.
2025-10-06;09:47:23;AL  ;Minor ;EUtraNetwork=1,ExternalENodeBFunction=2221-209218;Inter Node Feature Incompatibility;Inter eNodeB CA feature is not activated in remote eNodeB. SUPPRESSED
2025-10-06;13:09:34;AL  ;Major ;GsmSector=ZC98D1,Trx=0;Resource Allocation Failure;Unable to allocate baseband HW resources for this MO.
2025-10-06;13:09:34;AL  ;Major ;GsmSector=ZC98D1,Trx=1;Resource Allocation Failure;Unable to allocate baseband HW resources for this MO.
2025-10-06;13:09:34;AL  ;Major ;GsmSector=ZC98D2,Trx=0;Resource Allocation Failure;Unable to allocate baseband HW resources for this MO.
2025-10-06;13:09:34;AL  ;Major ;GsmSector=ZC98D2,Trx=1;Resource Allocation Failure;Unable to allocate baseband HW resources for this MO.
2025-10-06;13:09:47;AL  ;Cleared;GsmSector=ZC98D1,Trx=1;Resource Allocation Failure;Unable to allocate baseband HW resources for this MO.
2025-10-06;13:09:47;AL  ;Cleared;GsmSector=ZC98D1,Trx=0;Resource Allocation Failure;Unable to allocate baseband HW resources for this MO.
2025-10-06;13:09:47;AL  ;Cleared;GsmSector=ZC98D2,Trx=0;Resource Allocation Failure;Unable to allocate baseband HW resources for this MO.
2025-10-06;13:09:47;AL  ;Cleared;GsmSector=ZC98D2,Trx=1;Resource Allocation Failure;Unable to allocate baseband HW resources for this MO.
2025-10-06;13:59:32;AL  ;Minor ;EUtraNetwork=1,ExternalENodeBFunction=2221-650635;Inter Node Carrier Aggregation Service Unavailable;Elastic RAN Carrier Aggregation is not available towards remote eNodeB.
2025-10-07;08:59:34;AL  ;Minor ;EUtraNetwork=1,ExternalENodeBFunction=2221-650605;Inter Node Carrier Aggregation Service Unavailable;Elastic RAN Carrier Aggregation is not available towards remote eNodeB.


ZC98L> lgec -m 30d

251007-12:29:51+0200 19.31.16.237 25.0h MSRBS_NODE_MODEL_25.Q1_198665.224.73_bf81 stopfile=/tmp/1301375

Startdate=20250907.102951, Enddate=20251008.102952
Date;Time;Log;Severity;Object;Event;Cause;AdditionalText;AckState;Id;NotificationId;CorrelatedAlarms
Executing action Log.export()
..
Log=AlertLog                    actionId=20453
...
=================================================================================================================
MO                  actionId result      resultInfo
=================================================================================================================
LogM=1,Log=AlertLog 20453    1 (SUCCESS)           
cat  /ericsson/log/amos/moshell_logfiles/t20251007_37258710_53697/logs_moshell/tempfiles/scp-2-amos_20251007-122903_1301311/rcslogs/AlertLog_20220506__073437.log > /ericsson/log/amos/moshell_logfiles/t20251007_37258710_53697/logs_moshell/tempfiles/scp-2-amos_20251007-122903_1301311/eventLog1301375.xml
2025-09-18;21:47:37;EV  ;Warning;FieldReplaceableUnit=Radio-S180-1;Radio Restart Alert;Restart details are listed in Additional Information AI: Restartdetails=[{"RC":"Other","RT":"Power On","ERI":"FALSE"}] :SUPPRESSED
2025-09-18;21:47:56;EV  ;Warning;ManagedElement=ZC98L;System Restart Alert;Requested Restart Category: Other, Requested Restart Type: Power, Performed Restart Category: Other, Performed Restart Type: Power. AI: SystemRestart=[{"RRC":"Other","RRT":"Power","PRC":"Other","PRT":"Power"}]
2025-09-18;21:48:13;EV  ;Warning;FieldReplaceableUnit=Radio-S210-1;Radio Restart Alert;Restart details are listed in Additional Information (Mixed Mode with other ME). AI: Restartdetails=[{"RC":"Other","RT":"Power On","ERI":"FALSE"}] :SUPPRESSED
2025-09-18;21:48:13;EV  ;Warning;FieldReplaceableUnit=Radio-S211-1;Radio Restart Alert;Restart details are listed in Additional Information (Mixed Mode with other ME). AI: Restartdetails=[{"RC":"Other","RT":"Power On","ERI":"FALSE"}] :SUPPRESSED
2025-09-18;21:49:14;EV  ;Warning;RiLink=S210-1;Radio Interface Connectivity Disturbance Alert;Near end port:FieldReplaceableUnit=BB-1,RiPort=A (transportType=NOT_SET) (Mixed Mode with other ME). SUPPRESSED
2025-09-18;21:50:28;EV  ;Warning;RiLink=S211-1;Radio Interface Connectivity Disturbance Alert;Near end port:FieldReplaceableUnit=BB-1,RiPort=B (transportType=NOT_SET) (Mixed Mode with other ME). SUPPRESSED
2025-09-18;21:50:43;EV  ;Warning;RiLink=S210-1;Radio Interface Connectivity Disturbance Alert;Near end port:FieldReplaceableUnit=BB-1,RiPort=A (transportType=NOT_SET) (Mixed Mode with other ME). SUPPRESSED
2025-09-18;21:50:43;EV  ;Warning;RiLink=S180-1;Radio Interface Connectivity Disturbance Alert;Near end port:FieldReplaceableUnit=BB-1,RiPort=D (transportType=NOT_SET). SUPPRESSED
2025-09-19;09:08:02;EV  ;Warning;FieldReplaceableUnit=Radio-S180-1;Radio Restart Alert;Restart details are listed in Additional Information AI: Restartdetails=[{"RC":"Other","RT":"Power On","ERI":"FALSE"}] :SUPPRESSED
2025-09-19;09:08:22;EV  ;Warning;ManagedElement=ZC98L;System Restart Alert;Requested Restart Category: Other, Requested Restart Type: Power, Performed Restart Category: Other, Performed Restart Type: Power. AI: SystemRestart=[{"RRC":"Other","RRT":"Power","PRC":"Other","PRT":"Power"}]
2025-09-19;09:08:39;EV  ;Warning;FieldReplaceableUnit=Radio-S210-1;Radio Restart Alert;Restart details are listed in Additional Information (Mixed Mode with other ME). AI: Restartdetails=[{"RC":"Other","RT":"Power On","ERI":"FALSE"}] :SUPPRESSED
2025-09-19;09:08:40;EV  ;Warning;FieldReplaceableUnit=Radio-S211-1;Radio Restart Alert;Restart details are listed in Additional Information (Mixed Mode with other ME). AI: Restartdetails=[{"RC":"Other","RT":"Power On","ERI":"FALSE"}] :SUPPRESSED
2025-09-19;09:10:28;EV  ;Warning;RiLink=S211-1;Radio Interface Connectivity Disturbance Alert;Near end port:FieldReplaceableUnit=BB-1,RiPort=B (transportType=NOT_SET) (Mixed Mode with other ME). SUPPRESSED
2025-09-19;09:11:07;EV  ;Warning;RiLink=S210-1;Radio Interface Connectivity Disturbance Alert;Near end port:FieldReplaceableUnit=BB-1,RiPort=A (transportType=NOT_SET) (Mixed Mode with other ME). SUPPRESSED
2025-09-19;09:11:11;EV  ;Warning;RiLink=S211-1;Radio Interface Connectivity Disturbance Alert;Near end port:FieldReplaceableUnit=BB-1,RiPort=B (transportType=NOT_SET) (Mixed Mode with other ME). SUPPRESSED
2025-09-19;09:11:11;EV  ;Warning;RiLink=S180-1;Radio Interface Connectivity Disturbance Alert;Near end port:FieldReplaceableUnit=BB-1,RiPort=D (transportType=NOT_SET). SUPPRESSED
2025-09-29;13:13:33;EV  ;Warning;FieldReplaceableUnit=Radio-S180-1;Radio Restart Alert;Restart details are listed in Additional Information AI: Restartdetails=[{"RC":"Other","RT":"Power On","ERI":"FALSE"}] :SUPPRESSED
2025-09-29;13:13:53;EV  ;Warning;ManagedElement=ZC98L;System Restart Alert;Requested Restart Category: Other, Requested Restart Type: Power, Performed Restart Category: Other, Performed Restart Type: Power. AI: SystemRestart=[{"RRC":"Other","RRT":"Power","PRC":"Other","PRT":"Power"}]
2025-09-29;13:14:09;EV  ;Warning;FieldReplaceableUnit=Radio-S210-1;Radio Restart Alert;Restart details are listed in Additional Information (Mixed Mode with other ME). AI: Restartdetails=[{"RC":"Other","RT":"Power On","ERI":"FALSE"}] :SUPPRESSED
2025-09-29;13:14:09;EV  ;Warning;FieldReplaceableUnit=Radio-S211-1;Radio Restart Alert;Restart details are listed in Additional Information (Mixed Mode with other ME). AI: Restartdetails=[{"RC":"Other","RT":"Power On","ERI":"FALSE"}] :SUPPRESSED
2025-09-29;13:15:58;EV  ;Warning;RiLink=S210-1;Radio Interface Connectivity Disturbance Alert;Near end port:FieldReplaceableUnit=BB-1,RiPort=A (transportType=NOT_SET) (Mixed Mode with other ME). SUPPRESSED
2025-09-29;13:16:02;EV  ;Warning;RiLink=S211-1;Radio Interface Connectivity Disturbance Alert;Near end port:FieldReplaceableUnit=BB-1,RiPort=B (transportType=NOT_SET) (Mixed Mode with other ME). SUPPRESSED
2025-09-29;13:16:41;EV  ;Warning;RiLink=S210-1;Radio Interface Connectivity Disturbance Alert;Near end port:FieldReplaceableUnit=BB-1,RiPort=A (transportType=NOT_SET) (Mixed Mode with other ME). SUPPRESSED
2025-09-29;13:16:41;EV  ;Warning;RiLink=S211-1;Radio Interface Connectivity Disturbance Alert;Near end port:FieldReplaceableUnit=BB-1,RiPort=B (transportType=NOT_SET) (Mixed Mode with other ME). SUPPRESSED
2025-09-29;13:16:41;EV  ;Warning;RiLink=S180-1;Radio Interface Connectivity Disturbance Alert;Near end port:FieldReplaceableUnit=BB-1,RiPort=D (transportType=NOT_SET). SUPPRESSED

Bye...
Output has been logged to file /mta_fs/UserFiles/37258710/amosbatch/2025-10-07_11-07-01_53697/ZC98L.log
